[2026-01-11T03:07:36.832+0000] {local_task_job_runner.py:120} INFO - ::group::Pre task execution logs
[2026-01-11T03:07:36.865+0000] {taskinstance.py:2076} INFO - Dependencies all met for dep_context=non-requeueable deps ti=<TaskInstance: thongtin_cty_bctc.ingest_bctc manual__2026-01-11T03:04:17.829778+00:00 map_index=50 [queued]>
[2026-01-11T03:07:36.888+0000] {taskinstance.py:2076} INFO - Dependencies all met for dep_context=requeueable deps ti=<TaskInstance: thongtin_cty_bctc.ingest_bctc manual__2026-01-11T03:04:17.829778+00:00 map_index=50 [queued]>
[2026-01-11T03:07:36.889+0000] {taskinstance.py:2306} INFO - Starting attempt 1 of 2
[2026-01-11T03:07:36.910+0000] {taskinstance.py:2330} INFO - Executing <Mapped(DfToCsvOperator): ingest_bctc> on 2026-01-11 03:04:17.829778+00:00
[2026-01-11T03:07:36.924+0000] {warnings.py:112} WARNING - This process (pid=1775) is multi-threaded, use of fork() may lead to deadlocks in the child.

[2026-01-11T03:07:36.927+0000] {standard_task_runner.py:64} INFO - Started process 1860 to run task
[2026-01-11T03:07:36.929+0000] {standard_task_runner.py:90} INFO - Running: ['***', 'tasks', 'run', 'thongtin_cty_bctc', 'ingest_bctc', 'manual__2026-01-11T03:04:17.829778+00:00', '--job-id', '9782', '--raw', '--subdir', 'DAGS_FOLDER/tt_cty_bctc.py', '--cfg-path', '/tmp/tmp2vtfvywe', '--map-index', '50']
[2026-01-11T03:07:36.932+0000] {standard_task_runner.py:91} INFO - Job 9782: Subtask ingest_bctc
[2026-01-11T03:07:37.007+0000] {task_command.py:426} INFO - Running <TaskInstance: thongtin_cty_bctc.ingest_bctc manual__2026-01-11T03:04:17.829778+00:00 map_index=50 [running]> on host 3f2af93df813
[2026-01-11T03:07:37.143+0000] {taskinstance.py:2648} INFO - Exporting env vars: AIRFLOW_CTX_DAG_OWNER='***' AIRFLOW_CTX_DAG_ID='thongtin_cty_bctc' AIRFLOW_CTX_TASK_ID='ingest_bctc' AIRFLOW_CTX_EXECUTION_DATE='2026-01-11T03:04:17.829778+00:00' AIRFLOW_CTX_TRY_NUMBER='1' AIRFLOW_CTX_DAG_RUN_ID='manual__2026-01-11T03:04:17.829778+00:00'
[2026-01-11T03:07:37.145+0000] {taskinstance.py:430} INFO - ::endgroup::
[2026-01-11T03:07:37.156+0000] {logging_mixin.py:188} INFO - Bắt đầu xử lý batch 20 mã: ['ITS', 'ITQ', 'ITD', 'ITC', 'ITA', 'IST', 'ISH', 'ISG', 'IRC', 'IPH', 'IPA', 'INN', 'ING', 'INC', 'IN4', 'IMP', 'IME', 'ILS', 'ILC', 'ILB']
[2026-01-11T03:07:37.156+0000] {logging_mixin.py:188} INFO -  >> Đang lấy dữ liệu: ITS
[2026-01-11T03:07:37.331+0000] {logging_mixin.py:188} INFO -  Lỗi xử lý mã ITS: Failed to fetch data: 429 - Too Many Requests
[2026-01-11T03:07:37.334+0000] {logging_mixin.py:188} INFO -  >> Đang lấy dữ liệu: ITQ
[2026-01-11T03:07:37.495+0000] {logging_mixin.py:188} INFO -  Lỗi xử lý mã ITQ: Failed to fetch data: 429 - Too Many Requests
[2026-01-11T03:07:37.496+0000] {logging_mixin.py:188} INFO -  >> Đang lấy dữ liệu: ITD
[2026-01-11T03:07:38.543+0000] {logging_mixin.py:188} INFO -  Lỗi xử lý mã ITD: Failed to fetch data: 429 - Too Many Requests
[2026-01-11T03:07:38.545+0000] {logging_mixin.py:188} INFO -  >> Đang lấy dữ liệu: ITC
[2026-01-11T03:07:39.045+0000] {logging_mixin.py:188} INFO -  Lỗi xử lý mã ITC: Failed to fetch data: 429 - Too Many Requests
[2026-01-11T03:07:39.046+0000] {logging_mixin.py:188} INFO -  >> Đang lấy dữ liệu: ITA
[2026-01-11T03:07:39.469+0000] {logging_mixin.py:188} INFO -  Lỗi xử lý mã ITA: Failed to fetch data: 429 - Too Many Requests
[2026-01-11T03:07:39.470+0000] {logging_mixin.py:188} INFO -  >> Đang lấy dữ liệu: IST
[2026-01-11T03:07:39.674+0000] {logging_mixin.py:188} INFO -  Lỗi xử lý mã IST: Failed to fetch data: 429 - Too Many Requests
[2026-01-11T03:07:39.675+0000] {logging_mixin.py:188} INFO -  >> Đang lấy dữ liệu: ISH
[2026-01-11T03:07:40.182+0000] {logging_mixin.py:188} INFO -  Lỗi xử lý mã ISH: Failed to fetch data: 429 - Too Many Requests
[2026-01-11T03:07:40.184+0000] {logging_mixin.py:188} INFO -  >> Đang lấy dữ liệu: ISG
[2026-01-11T03:07:40.686+0000] {logging_mixin.py:188} INFO -  Lỗi xử lý mã ISG: Failed to fetch data: 429 - Too Many Requests
[2026-01-11T03:07:40.688+0000] {logging_mixin.py:188} INFO -  >> Đang lấy dữ liệu: IRC
[2026-01-11T03:07:40.811+0000] {logging_mixin.py:188} INFO -  Lỗi xử lý mã IRC: Failed to fetch data: 429 - Too Many Requests
[2026-01-11T03:07:40.812+0000] {logging_mixin.py:188} INFO -  >> Đang lấy dữ liệu: IPH
[2026-01-11T03:07:41.390+0000] {logging_mixin.py:188} INFO -  Lỗi xử lý mã IPH: Failed to fetch data: 429 - Too Many Requests
[2026-01-11T03:07:41.391+0000] {logging_mixin.py:188} INFO -  >> Đang lấy dữ liệu: IPA
[2026-01-11T03:07:43.251+0000] {logging_mixin.py:188} INFO -  Lỗi xử lý mã IPA: Failed to fetch data: 429 - Too Many Requests
[2026-01-11T03:07:43.253+0000] {logging_mixin.py:188} INFO -  >> Đang lấy dữ liệu: INN
[2026-01-11T03:07:43.369+0000] {logging_mixin.py:188} INFO -  Lỗi xử lý mã INN: Failed to fetch data: 429 - Too Many Requests
[2026-01-11T03:07:43.370+0000] {logging_mixin.py:188} INFO -  >> Đang lấy dữ liệu: ING
[2026-01-11T03:07:43.555+0000] {logging_mixin.py:188} INFO -  Lỗi xử lý mã ING: Failed to fetch data: 429 - Too Many Requests
[2026-01-11T03:07:43.556+0000] {logging_mixin.py:188} INFO -  >> Đang lấy dữ liệu: INC
[2026-01-11T03:07:44.400+0000] {logging_mixin.py:188} INFO -  Lỗi xử lý mã INC: Failed to fetch data: 429 - Too Many Requests
[2026-01-11T03:07:44.401+0000] {logging_mixin.py:188} INFO -  >> Đang lấy dữ liệu: IN4
[2026-01-11T03:07:45.187+0000] {logging_mixin.py:188} INFO -  Lỗi xử lý mã IN4: Failed to fetch data: 429 - Too Many Requests
[2026-01-11T03:07:45.188+0000] {logging_mixin.py:188} INFO -  >> Đang lấy dữ liệu: IMP
[2026-01-11T03:07:45.760+0000] {logging_mixin.py:188} INFO -  Lỗi xử lý mã IMP: Failed to fetch data: 429 - Too Many Requests
[2026-01-11T03:07:45.761+0000] {logging_mixin.py:188} INFO -  >> Đang lấy dữ liệu: IME
[2026-01-11T03:07:45.871+0000] {logging_mixin.py:188} INFO -  Lỗi xử lý mã IME: Failed to fetch data: 429 - Too Many Requests
[2026-01-11T03:07:45.872+0000] {logging_mixin.py:188} INFO -  >> Đang lấy dữ liệu: ILS
[2026-01-11T03:07:47.177+0000] {logging_mixin.py:188} INFO -  Lỗi xử lý mã ILS: Failed to fetch data: 429 - Too Many Requests
[2026-01-11T03:07:47.179+0000] {logging_mixin.py:188} INFO -  >> Đang lấy dữ liệu: ILC
[2026-01-11T03:07:47.329+0000] {logging_mixin.py:188} INFO -  Lỗi xử lý mã ILC: Failed to fetch data: 429 - Too Many Requests
[2026-01-11T03:07:47.331+0000] {logging_mixin.py:188} INFO -  >> Đang lấy dữ liệu: ILB
[2026-01-11T03:07:47.644+0000] {logging_mixin.py:188} INFO -  Lỗi xử lý mã ILB: Failed to fetch data: 429 - Too Many Requests
[2026-01-11T03:07:47.645+0000] {logging_mixin.py:188} INFO -  ⚠ Batch này không thu được dữ liệu nào.
[2026-01-11T03:07:47.649+0000] {datalake_df2csv.py:40} INFO - DataFrame rỗng, bỏ qua upload CSV.
[2026-01-11T03:07:47.650+0000] {taskinstance.py:441} INFO - ::group::Post task execution logs
[2026-01-11T03:07:47.667+0000] {taskinstance.py:1206} INFO - Marking task as SUCCESS. dag_id=thongtin_cty_bctc, task_id=ingest_bctc, run_id=manual__2026-01-11T03:04:17.829778+00:00, map_index=50, execution_date=20260111T030417, start_date=20260111T030736, end_date=20260111T030747
[2026-01-11T03:07:48.187+0000] {local_task_job_runner.py:243} INFO - Task exited with return code 0
[2026-01-11T03:07:48.208+0000] {taskinstance.py:3503} INFO - 0 downstream tasks scheduled from follow-on schedule check
[2026-01-11T03:07:48.211+0000] {local_task_job_runner.py:222} INFO - ::endgroup::
