[2025-12-20T02:03:39.522+0000] {processor.py:161} INFO - Started process (PID=62) to work on /home/airflow/.local/lib/python3.12/site-packages/airflow/example_dags/example_sensors.py
[2025-12-20T02:03:39.524+0000] {processor.py:830} INFO - Processing file /home/airflow/.local/lib/python3.12/site-packages/airflow/example_dags/example_sensors.py for tasks to queue
[2025-12-20T02:03:39.526+0000] {logging_mixin.py:188} INFO - [2025-12-20T02:03:39.526+0000] {dagbag.py:545} INFO - Filling up the DagBag from /home/airflow/.local/lib/python3.12/site-packages/airflow/example_dags/example_sensors.py
[2025-12-20T02:03:39.536+0000] {processor.py:840} INFO - DAG(s) 'example_sensors' retrieved from /home/airflow/.local/lib/python3.12/site-packages/airflow/example_dags/example_sensors.py
[2025-12-20T02:03:39.564+0000] {logging_mixin.py:188} INFO - [2025-12-20T02:03:39.564+0000] {dag.py:3089} INFO - Sync 1 DAGs
[2025-12-20T02:03:39.580+0000] {logging_mixin.py:188} INFO - [2025-12-20T02:03:39.579+0000] {dag.py:3947} INFO - Setting next_dagrun for example_sensors to None, run_after=None
[2025-12-20T02:03:39.604+0000] {processor.py:183} INFO - Processing /home/airflow/.local/lib/python3.12/site-packages/airflow/example_dags/example_sensors.py took 0.089 seconds
[2025-12-20T02:04:09.711+0000] {processor.py:161} INFO - Started process (PID=120) to work on /home/airflow/.local/lib/python3.12/site-packages/airflow/example_dags/example_sensors.py
[2025-12-20T02:04:09.712+0000] {processor.py:830} INFO - Processing file /home/airflow/.local/lib/python3.12/site-packages/airflow/example_dags/example_sensors.py for tasks to queue
[2025-12-20T02:04:09.714+0000] {logging_mixin.py:188} INFO - [2025-12-20T02:04:09.714+0000] {dagbag.py:545} INFO - Filling up the DagBag from /home/airflow/.local/lib/python3.12/site-packages/airflow/example_dags/example_sensors.py
[2025-12-20T02:04:09.722+0000] {processor.py:840} INFO - DAG(s) 'example_sensors' retrieved from /home/airflow/.local/lib/python3.12/site-packages/airflow/example_dags/example_sensors.py
[2025-12-20T02:04:09.746+0000] {logging_mixin.py:188} INFO - [2025-12-20T02:04:09.745+0000] {dag.py:3089} INFO - Sync 1 DAGs
[2025-12-20T02:04:09.759+0000] {logging_mixin.py:188} INFO - [2025-12-20T02:04:09.759+0000] {dag.py:3947} INFO - Setting next_dagrun for example_sensors to None, run_after=None
[2025-12-20T02:04:09.777+0000] {processor.py:183} INFO - Processing /home/airflow/.local/lib/python3.12/site-packages/airflow/example_dags/example_sensors.py took 0.071 seconds
[2025-12-20T02:04:40.089+0000] {processor.py:161} INFO - Started process (PID=178) to work on /home/airflow/.local/lib/python3.12/site-packages/airflow/example_dags/example_sensors.py
[2025-12-20T02:04:40.090+0000] {processor.py:830} INFO - Processing file /home/airflow/.local/lib/python3.12/site-packages/airflow/example_dags/example_sensors.py for tasks to queue
[2025-12-20T02:04:40.092+0000] {logging_mixin.py:188} INFO - [2025-12-20T02:04:40.092+0000] {dagbag.py:545} INFO - Filling up the DagBag from /home/airflow/.local/lib/python3.12/site-packages/airflow/example_dags/example_sensors.py
[2025-12-20T02:04:40.102+0000] {processor.py:840} INFO - DAG(s) 'example_sensors' retrieved from /home/airflow/.local/lib/python3.12/site-packages/airflow/example_dags/example_sensors.py
[2025-12-20T02:04:40.128+0000] {logging_mixin.py:188} INFO - [2025-12-20T02:04:40.128+0000] {dag.py:3089} INFO - Sync 1 DAGs
[2025-12-20T02:04:40.140+0000] {logging_mixin.py:188} INFO - [2025-12-20T02:04:40.139+0000] {dag.py:3947} INFO - Setting next_dagrun for example_sensors to None, run_after=None
[2025-12-20T02:04:40.157+0000] {processor.py:183} INFO - Processing /home/airflow/.local/lib/python3.12/site-packages/airflow/example_dags/example_sensors.py took 0.074 seconds
[2025-12-20T02:05:10.686+0000] {processor.py:161} INFO - Started process (PID=236) to work on /home/airflow/.local/lib/python3.12/site-packages/airflow/example_dags/example_sensors.py
[2025-12-20T02:05:10.687+0000] {processor.py:830} INFO - Processing file /home/airflow/.local/lib/python3.12/site-packages/airflow/example_dags/example_sensors.py for tasks to queue
[2025-12-20T02:05:10.690+0000] {logging_mixin.py:188} INFO - [2025-12-20T02:05:10.689+0000] {dagbag.py:545} INFO - Filling up the DagBag from /home/airflow/.local/lib/python3.12/site-packages/airflow/example_dags/example_sensors.py
[2025-12-20T02:05:10.701+0000] {processor.py:840} INFO - DAG(s) 'example_sensors' retrieved from /home/airflow/.local/lib/python3.12/site-packages/airflow/example_dags/example_sensors.py
[2025-12-20T02:05:10.737+0000] {logging_mixin.py:188} INFO - [2025-12-20T02:05:10.737+0000] {dag.py:3089} INFO - Sync 1 DAGs
[2025-12-20T02:05:10.754+0000] {logging_mixin.py:188} INFO - [2025-12-20T02:05:10.754+0000] {dag.py:3947} INFO - Setting next_dagrun for example_sensors to None, run_after=None
[2025-12-20T02:05:10.783+0000] {processor.py:183} INFO - Processing /home/airflow/.local/lib/python3.12/site-packages/airflow/example_dags/example_sensors.py took 0.107 seconds
[2025-12-20T02:05:40.870+0000] {processor.py:161} INFO - Started process (PID=301) to work on /home/airflow/.local/lib/python3.12/site-packages/airflow/example_dags/example_sensors.py
[2025-12-20T02:05:40.871+0000] {processor.py:830} INFO - Processing file /home/airflow/.local/lib/python3.12/site-packages/airflow/example_dags/example_sensors.py for tasks to queue
[2025-12-20T02:05:40.873+0000] {logging_mixin.py:188} INFO - [2025-12-20T02:05:40.873+0000] {dagbag.py:545} INFO - Filling up the DagBag from /home/airflow/.local/lib/python3.12/site-packages/airflow/example_dags/example_sensors.py
[2025-12-20T02:05:40.882+0000] {processor.py:840} INFO - DAG(s) 'example_sensors' retrieved from /home/airflow/.local/lib/python3.12/site-packages/airflow/example_dags/example_sensors.py
[2025-12-20T02:05:40.911+0000] {logging_mixin.py:188} INFO - [2025-12-20T02:05:40.911+0000] {dag.py:3089} INFO - Sync 1 DAGs
[2025-12-20T02:05:40.927+0000] {logging_mixin.py:188} INFO - [2025-12-20T02:05:40.927+0000] {dag.py:3947} INFO - Setting next_dagrun for example_sensors to None, run_after=None
[2025-12-20T02:05:40.947+0000] {processor.py:183} INFO - Processing /home/airflow/.local/lib/python3.12/site-packages/airflow/example_dags/example_sensors.py took 0.084 seconds
[2025-12-20T02:06:11.576+0000] {processor.py:161} INFO - Started process (PID=359) to work on /home/airflow/.local/lib/python3.12/site-packages/airflow/example_dags/example_sensors.py
[2025-12-20T02:06:11.577+0000] {processor.py:830} INFO - Processing file /home/airflow/.local/lib/python3.12/site-packages/airflow/example_dags/example_sensors.py for tasks to queue
[2025-12-20T02:06:11.578+0000] {logging_mixin.py:188} INFO - [2025-12-20T02:06:11.578+0000] {dagbag.py:545} INFO - Filling up the DagBag from /home/airflow/.local/lib/python3.12/site-packages/airflow/example_dags/example_sensors.py
[2025-12-20T02:06:11.585+0000] {processor.py:840} INFO - DAG(s) 'example_sensors' retrieved from /home/airflow/.local/lib/python3.12/site-packages/airflow/example_dags/example_sensors.py
[2025-12-20T02:06:11.608+0000] {logging_mixin.py:188} INFO - [2025-12-20T02:06:11.608+0000] {dag.py:3089} INFO - Sync 1 DAGs
[2025-12-20T02:06:11.619+0000] {logging_mixin.py:188} INFO - [2025-12-20T02:06:11.619+0000] {dag.py:3947} INFO - Setting next_dagrun for example_sensors to None, run_after=None
[2025-12-20T02:06:11.636+0000] {processor.py:183} INFO - Processing /home/airflow/.local/lib/python3.12/site-packages/airflow/example_dags/example_sensors.py took 0.065 seconds
[2025-12-20T02:06:42.332+0000] {processor.py:161} INFO - Started process (PID=417) to work on /home/airflow/.local/lib/python3.12/site-packages/airflow/example_dags/example_sensors.py
[2025-12-20T02:06:42.333+0000] {processor.py:830} INFO - Processing file /home/airflow/.local/lib/python3.12/site-packages/airflow/example_dags/example_sensors.py for tasks to queue
[2025-12-20T02:06:42.335+0000] {logging_mixin.py:188} INFO - [2025-12-20T02:06:42.335+0000] {dagbag.py:545} INFO - Filling up the DagBag from /home/airflow/.local/lib/python3.12/site-packages/airflow/example_dags/example_sensors.py
[2025-12-20T02:06:42.344+0000] {processor.py:840} INFO - DAG(s) 'example_sensors' retrieved from /home/airflow/.local/lib/python3.12/site-packages/airflow/example_dags/example_sensors.py
[2025-12-20T02:06:42.367+0000] {logging_mixin.py:188} INFO - [2025-12-20T02:06:42.367+0000] {dag.py:3089} INFO - Sync 1 DAGs
[2025-12-20T02:06:42.378+0000] {logging_mixin.py:188} INFO - [2025-12-20T02:06:42.378+0000] {dag.py:3947} INFO - Setting next_dagrun for example_sensors to None, run_after=None
[2025-12-20T02:06:42.396+0000] {processor.py:183} INFO - Processing /home/airflow/.local/lib/python3.12/site-packages/airflow/example_dags/example_sensors.py took 0.069 seconds
[2025-12-20T02:07:13.007+0000] {processor.py:161} INFO - Started process (PID=475) to work on /home/airflow/.local/lib/python3.12/site-packages/airflow/example_dags/example_sensors.py
[2025-12-20T02:07:13.008+0000] {processor.py:830} INFO - Processing file /home/airflow/.local/lib/python3.12/site-packages/airflow/example_dags/example_sensors.py for tasks to queue
[2025-12-20T02:07:13.010+0000] {logging_mixin.py:188} INFO - [2025-12-20T02:07:13.009+0000] {dagbag.py:545} INFO - Filling up the DagBag from /home/airflow/.local/lib/python3.12/site-packages/airflow/example_dags/example_sensors.py
[2025-12-20T02:07:13.018+0000] {processor.py:840} INFO - DAG(s) 'example_sensors' retrieved from /home/airflow/.local/lib/python3.12/site-packages/airflow/example_dags/example_sensors.py
[2025-12-20T02:07:13.042+0000] {logging_mixin.py:188} INFO - [2025-12-20T02:07:13.041+0000] {dag.py:3089} INFO - Sync 1 DAGs
[2025-12-20T02:07:13.054+0000] {logging_mixin.py:188} INFO - [2025-12-20T02:07:13.053+0000] {dag.py:3947} INFO - Setting next_dagrun for example_sensors to None, run_after=None
[2025-12-20T02:07:13.072+0000] {processor.py:183} INFO - Processing /home/airflow/.local/lib/python3.12/site-packages/airflow/example_dags/example_sensors.py took 0.070 seconds
[2025-12-20T02:07:43.664+0000] {processor.py:161} INFO - Started process (PID=533) to work on /home/airflow/.local/lib/python3.12/site-packages/airflow/example_dags/example_sensors.py
[2025-12-20T02:07:43.665+0000] {processor.py:830} INFO - Processing file /home/airflow/.local/lib/python3.12/site-packages/airflow/example_dags/example_sensors.py for tasks to queue
[2025-12-20T02:07:43.667+0000] {logging_mixin.py:188} INFO - [2025-12-20T02:07:43.666+0000] {dagbag.py:545} INFO - Filling up the DagBag from /home/airflow/.local/lib/python3.12/site-packages/airflow/example_dags/example_sensors.py
[2025-12-20T02:07:43.674+0000] {processor.py:840} INFO - DAG(s) 'example_sensors' retrieved from /home/airflow/.local/lib/python3.12/site-packages/airflow/example_dags/example_sensors.py
[2025-12-20T02:07:43.696+0000] {logging_mixin.py:188} INFO - [2025-12-20T02:07:43.696+0000] {dag.py:3089} INFO - Sync 1 DAGs
[2025-12-20T02:07:43.707+0000] {logging_mixin.py:188} INFO - [2025-12-20T02:07:43.707+0000] {dag.py:3947} INFO - Setting next_dagrun for example_sensors to None, run_after=None
[2025-12-20T02:07:43.724+0000] {processor.py:183} INFO - Processing /home/airflow/.local/lib/python3.12/site-packages/airflow/example_dags/example_sensors.py took 0.064 seconds
[2025-12-20T02:08:14.445+0000] {processor.py:161} INFO - Started process (PID=591) to work on /home/airflow/.local/lib/python3.12/site-packages/airflow/example_dags/example_sensors.py
[2025-12-20T02:08:14.447+0000] {processor.py:830} INFO - Processing file /home/airflow/.local/lib/python3.12/site-packages/airflow/example_dags/example_sensors.py for tasks to queue
[2025-12-20T02:08:14.450+0000] {logging_mixin.py:188} INFO - [2025-12-20T02:08:14.450+0000] {dagbag.py:545} INFO - Filling up the DagBag from /home/airflow/.local/lib/python3.12/site-packages/airflow/example_dags/example_sensors.py
[2025-12-20T02:08:14.464+0000] {processor.py:840} INFO - DAG(s) 'example_sensors' retrieved from /home/airflow/.local/lib/python3.12/site-packages/airflow/example_dags/example_sensors.py
[2025-12-20T02:08:14.498+0000] {logging_mixin.py:188} INFO - [2025-12-20T02:08:14.498+0000] {dag.py:3089} INFO - Sync 1 DAGs
[2025-12-20T02:08:14.515+0000] {logging_mixin.py:188} INFO - [2025-12-20T02:08:14.515+0000] {dag.py:3947} INFO - Setting next_dagrun for example_sensors to None, run_after=None
[2025-12-20T02:08:14.550+0000] {processor.py:183} INFO - Processing /home/airflow/.local/lib/python3.12/site-packages/airflow/example_dags/example_sensors.py took 0.113 seconds
[2025-12-20T02:08:44.643+0000] {processor.py:161} INFO - Started process (PID=649) to work on /home/airflow/.local/lib/python3.12/site-packages/airflow/example_dags/example_sensors.py
[2025-12-20T02:08:44.644+0000] {processor.py:830} INFO - Processing file /home/airflow/.local/lib/python3.12/site-packages/airflow/example_dags/example_sensors.py for tasks to queue
[2025-12-20T02:08:44.646+0000] {logging_mixin.py:188} INFO - [2025-12-20T02:08:44.646+0000] {dagbag.py:545} INFO - Filling up the DagBag from /home/airflow/.local/lib/python3.12/site-packages/airflow/example_dags/example_sensors.py
[2025-12-20T02:08:44.654+0000] {processor.py:840} INFO - DAG(s) 'example_sensors' retrieved from /home/airflow/.local/lib/python3.12/site-packages/airflow/example_dags/example_sensors.py
[2025-12-20T02:08:44.678+0000] {logging_mixin.py:188} INFO - [2025-12-20T02:08:44.677+0000] {dag.py:3089} INFO - Sync 1 DAGs
[2025-12-20T02:08:44.691+0000] {logging_mixin.py:188} INFO - [2025-12-20T02:08:44.691+0000] {dag.py:3947} INFO - Setting next_dagrun for example_sensors to None, run_after=None
[2025-12-20T02:08:44.710+0000] {processor.py:183} INFO - Processing /home/airflow/.local/lib/python3.12/site-packages/airflow/example_dags/example_sensors.py took 0.072 seconds
[2025-12-20T02:09:15.029+0000] {processor.py:161} INFO - Started process (PID=707) to work on /home/airflow/.local/lib/python3.12/site-packages/airflow/example_dags/example_sensors.py
[2025-12-20T02:09:15.031+0000] {processor.py:830} INFO - Processing file /home/airflow/.local/lib/python3.12/site-packages/airflow/example_dags/example_sensors.py for tasks to queue
[2025-12-20T02:09:15.033+0000] {logging_mixin.py:188} INFO - [2025-12-20T02:09:15.033+0000] {dagbag.py:545} INFO - Filling up the DagBag from /home/airflow/.local/lib/python3.12/site-packages/airflow/example_dags/example_sensors.py
[2025-12-20T02:09:15.045+0000] {processor.py:840} INFO - DAG(s) 'example_sensors' retrieved from /home/airflow/.local/lib/python3.12/site-packages/airflow/example_dags/example_sensors.py
[2025-12-20T02:09:15.073+0000] {logging_mixin.py:188} INFO - [2025-12-20T02:09:15.072+0000] {dag.py:3089} INFO - Sync 1 DAGs
[2025-12-20T02:09:15.087+0000] {logging_mixin.py:188} INFO - [2025-12-20T02:09:15.086+0000] {dag.py:3947} INFO - Setting next_dagrun for example_sensors to None, run_after=None
[2025-12-20T02:09:15.109+0000] {processor.py:183} INFO - Processing /home/airflow/.local/lib/python3.12/site-packages/airflow/example_dags/example_sensors.py took 0.086 seconds
[2025-12-20T02:09:45.440+0000] {processor.py:161} INFO - Started process (PID=765) to work on /home/airflow/.local/lib/python3.12/site-packages/airflow/example_dags/example_sensors.py
[2025-12-20T02:09:45.441+0000] {processor.py:830} INFO - Processing file /home/airflow/.local/lib/python3.12/site-packages/airflow/example_dags/example_sensors.py for tasks to queue
[2025-12-20T02:09:45.444+0000] {logging_mixin.py:188} INFO - [2025-12-20T02:09:45.444+0000] {dagbag.py:545} INFO - Filling up the DagBag from /home/airflow/.local/lib/python3.12/site-packages/airflow/example_dags/example_sensors.py
[2025-12-20T02:09:45.453+0000] {processor.py:840} INFO - DAG(s) 'example_sensors' retrieved from /home/airflow/.local/lib/python3.12/site-packages/airflow/example_dags/example_sensors.py
[2025-12-20T02:09:45.482+0000] {logging_mixin.py:188} INFO - [2025-12-20T02:09:45.481+0000] {dag.py:3089} INFO - Sync 1 DAGs
[2025-12-20T02:09:45.495+0000] {logging_mixin.py:188} INFO - [2025-12-20T02:09:45.495+0000] {dag.py:3947} INFO - Setting next_dagrun for example_sensors to None, run_after=None
[2025-12-20T02:09:45.516+0000] {processor.py:183} INFO - Processing /home/airflow/.local/lib/python3.12/site-packages/airflow/example_dags/example_sensors.py took 0.082 seconds
[2025-12-20T02:10:16.390+0000] {processor.py:161} INFO - Started process (PID=823) to work on /home/airflow/.local/lib/python3.12/site-packages/airflow/example_dags/example_sensors.py
[2025-12-20T02:10:16.391+0000] {processor.py:830} INFO - Processing file /home/airflow/.local/lib/python3.12/site-packages/airflow/example_dags/example_sensors.py for tasks to queue
[2025-12-20T02:10:16.393+0000] {logging_mixin.py:188} INFO - [2025-12-20T02:10:16.392+0000] {dagbag.py:545} INFO - Filling up the DagBag from /home/airflow/.local/lib/python3.12/site-packages/airflow/example_dags/example_sensors.py
[2025-12-20T02:10:16.402+0000] {processor.py:840} INFO - DAG(s) 'example_sensors' retrieved from /home/airflow/.local/lib/python3.12/site-packages/airflow/example_dags/example_sensors.py
[2025-12-20T02:10:16.428+0000] {logging_mixin.py:188} INFO - [2025-12-20T02:10:16.428+0000] {dag.py:3089} INFO - Sync 1 DAGs
[2025-12-20T02:10:16.441+0000] {logging_mixin.py:188} INFO - [2025-12-20T02:10:16.441+0000] {dag.py:3947} INFO - Setting next_dagrun for example_sensors to None, run_after=None
[2025-12-20T02:10:16.461+0000] {processor.py:183} INFO - Processing /home/airflow/.local/lib/python3.12/site-packages/airflow/example_dags/example_sensors.py took 0.077 seconds
[2025-12-20T02:10:47.361+0000] {processor.py:161} INFO - Started process (PID=881) to work on /home/airflow/.local/lib/python3.12/site-packages/airflow/example_dags/example_sensors.py
[2025-12-20T02:10:47.362+0000] {processor.py:830} INFO - Processing file /home/airflow/.local/lib/python3.12/site-packages/airflow/example_dags/example_sensors.py for tasks to queue
[2025-12-20T02:10:47.363+0000] {logging_mixin.py:188} INFO - [2025-12-20T02:10:47.363+0000] {dagbag.py:545} INFO - Filling up the DagBag from /home/airflow/.local/lib/python3.12/site-packages/airflow/example_dags/example_sensors.py
[2025-12-20T02:10:47.372+0000] {processor.py:840} INFO - DAG(s) 'example_sensors' retrieved from /home/airflow/.local/lib/python3.12/site-packages/airflow/example_dags/example_sensors.py
[2025-12-20T02:10:47.398+0000] {logging_mixin.py:188} INFO - [2025-12-20T02:10:47.398+0000] {dag.py:3089} INFO - Sync 1 DAGs
[2025-12-20T02:10:47.412+0000] {logging_mixin.py:188} INFO - [2025-12-20T02:10:47.412+0000] {dag.py:3947} INFO - Setting next_dagrun for example_sensors to None, run_after=None
[2025-12-20T02:10:47.432+0000] {processor.py:183} INFO - Processing /home/airflow/.local/lib/python3.12/site-packages/airflow/example_dags/example_sensors.py took 0.077 seconds
[2025-12-20T02:11:18.072+0000] {processor.py:161} INFO - Started process (PID=939) to work on /home/airflow/.local/lib/python3.12/site-packages/airflow/example_dags/example_sensors.py
[2025-12-20T02:11:18.073+0000] {processor.py:830} INFO - Processing file /home/airflow/.local/lib/python3.12/site-packages/airflow/example_dags/example_sensors.py for tasks to queue
[2025-12-20T02:11:18.075+0000] {logging_mixin.py:188} INFO - [2025-12-20T02:11:18.075+0000] {dagbag.py:545} INFO - Filling up the DagBag from /home/airflow/.local/lib/python3.12/site-packages/airflow/example_dags/example_sensors.py
[2025-12-20T02:11:18.083+0000] {processor.py:840} INFO - DAG(s) 'example_sensors' retrieved from /home/airflow/.local/lib/python3.12/site-packages/airflow/example_dags/example_sensors.py
[2025-12-20T02:11:18.106+0000] {logging_mixin.py:188} INFO - [2025-12-20T02:11:18.106+0000] {dag.py:3089} INFO - Sync 1 DAGs
[2025-12-20T02:11:18.120+0000] {logging_mixin.py:188} INFO - [2025-12-20T02:11:18.120+0000] {dag.py:3947} INFO - Setting next_dagrun for example_sensors to None, run_after=None
[2025-12-20T02:11:18.138+0000] {processor.py:183} INFO - Processing /home/airflow/.local/lib/python3.12/site-packages/airflow/example_dags/example_sensors.py took 0.071 seconds
[2025-12-20T02:11:48.815+0000] {processor.py:161} INFO - Started process (PID=997) to work on /home/airflow/.local/lib/python3.12/site-packages/airflow/example_dags/example_sensors.py
[2025-12-20T02:11:48.816+0000] {processor.py:830} INFO - Processing file /home/airflow/.local/lib/python3.12/site-packages/airflow/example_dags/example_sensors.py for tasks to queue
[2025-12-20T02:11:48.817+0000] {logging_mixin.py:188} INFO - [2025-12-20T02:11:48.817+0000] {dagbag.py:545} INFO - Filling up the DagBag from /home/airflow/.local/lib/python3.12/site-packages/airflow/example_dags/example_sensors.py
[2025-12-20T02:11:48.824+0000] {processor.py:840} INFO - DAG(s) 'example_sensors' retrieved from /home/airflow/.local/lib/python3.12/site-packages/airflow/example_dags/example_sensors.py
[2025-12-20T02:11:48.845+0000] {logging_mixin.py:188} INFO - [2025-12-20T02:11:48.845+0000] {dag.py:3089} INFO - Sync 1 DAGs
[2025-12-20T02:11:48.856+0000] {logging_mixin.py:188} INFO - [2025-12-20T02:11:48.855+0000] {dag.py:3947} INFO - Setting next_dagrun for example_sensors to None, run_after=None
[2025-12-20T02:11:48.873+0000] {processor.py:183} INFO - Processing /home/airflow/.local/lib/python3.12/site-packages/airflow/example_dags/example_sensors.py took 0.063 seconds
[2025-12-20T02:12:19.611+0000] {processor.py:161} INFO - Started process (PID=1055) to work on /home/airflow/.local/lib/python3.12/site-packages/airflow/example_dags/example_sensors.py
[2025-12-20T02:12:19.612+0000] {processor.py:830} INFO - Processing file /home/airflow/.local/lib/python3.12/site-packages/airflow/example_dags/example_sensors.py for tasks to queue
[2025-12-20T02:12:19.614+0000] {logging_mixin.py:188} INFO - [2025-12-20T02:12:19.613+0000] {dagbag.py:545} INFO - Filling up the DagBag from /home/airflow/.local/lib/python3.12/site-packages/airflow/example_dags/example_sensors.py
[2025-12-20T02:12:19.623+0000] {processor.py:840} INFO - DAG(s) 'example_sensors' retrieved from /home/airflow/.local/lib/python3.12/site-packages/airflow/example_dags/example_sensors.py
[2025-12-20T02:12:19.646+0000] {logging_mixin.py:188} INFO - [2025-12-20T02:12:19.645+0000] {dag.py:3089} INFO - Sync 1 DAGs
[2025-12-20T02:12:19.657+0000] {logging_mixin.py:188} INFO - [2025-12-20T02:12:19.657+0000] {dag.py:3947} INFO - Setting next_dagrun for example_sensors to None, run_after=None
[2025-12-20T02:12:19.676+0000] {processor.py:183} INFO - Processing /home/airflow/.local/lib/python3.12/site-packages/airflow/example_dags/example_sensors.py took 0.071 seconds
[2025-12-20T02:12:50.452+0000] {processor.py:161} INFO - Started process (PID=1113) to work on /home/airflow/.local/lib/python3.12/site-packages/airflow/example_dags/example_sensors.py
[2025-12-20T02:12:50.454+0000] {processor.py:830} INFO - Processing file /home/airflow/.local/lib/python3.12/site-packages/airflow/example_dags/example_sensors.py for tasks to queue
[2025-12-20T02:12:50.457+0000] {logging_mixin.py:188} INFO - [2025-12-20T02:12:50.456+0000] {dagbag.py:545} INFO - Filling up the DagBag from /home/airflow/.local/lib/python3.12/site-packages/airflow/example_dags/example_sensors.py
[2025-12-20T02:12:50.472+0000] {processor.py:840} INFO - DAG(s) 'example_sensors' retrieved from /home/airflow/.local/lib/python3.12/site-packages/airflow/example_dags/example_sensors.py
[2025-12-20T02:12:50.513+0000] {logging_mixin.py:188} INFO - [2025-12-20T02:12:50.512+0000] {dag.py:3089} INFO - Sync 1 DAGs
[2025-12-20T02:12:50.532+0000] {logging_mixin.py:188} INFO - [2025-12-20T02:12:50.532+0000] {dag.py:3947} INFO - Setting next_dagrun for example_sensors to None, run_after=None
[2025-12-20T02:12:50.561+0000] {processor.py:183} INFO - Processing /home/airflow/.local/lib/python3.12/site-packages/airflow/example_dags/example_sensors.py took 0.120 seconds
[2025-12-20T02:13:21.510+0000] {processor.py:161} INFO - Started process (PID=1171) to work on /home/airflow/.local/lib/python3.12/site-packages/airflow/example_dags/example_sensors.py
[2025-12-20T02:13:21.511+0000] {processor.py:830} INFO - Processing file /home/airflow/.local/lib/python3.12/site-packages/airflow/example_dags/example_sensors.py for tasks to queue
[2025-12-20T02:13:21.513+0000] {logging_mixin.py:188} INFO - [2025-12-20T02:13:21.512+0000] {dagbag.py:545} INFO - Filling up the DagBag from /home/airflow/.local/lib/python3.12/site-packages/airflow/example_dags/example_sensors.py
[2025-12-20T02:13:21.520+0000] {processor.py:840} INFO - DAG(s) 'example_sensors' retrieved from /home/airflow/.local/lib/python3.12/site-packages/airflow/example_dags/example_sensors.py
[2025-12-20T02:13:21.543+0000] {logging_mixin.py:188} INFO - [2025-12-20T02:13:21.543+0000] {dag.py:3089} INFO - Sync 1 DAGs
[2025-12-20T02:13:21.554+0000] {logging_mixin.py:188} INFO - [2025-12-20T02:13:21.554+0000] {dag.py:3947} INFO - Setting next_dagrun for example_sensors to None, run_after=None
[2025-12-20T02:13:21.572+0000] {processor.py:183} INFO - Processing /home/airflow/.local/lib/python3.12/site-packages/airflow/example_dags/example_sensors.py took 0.067 seconds
[2025-12-20T02:13:52.270+0000] {processor.py:161} INFO - Started process (PID=1229) to work on /home/airflow/.local/lib/python3.12/site-packages/airflow/example_dags/example_sensors.py
[2025-12-20T02:13:52.271+0000] {processor.py:830} INFO - Processing file /home/airflow/.local/lib/python3.12/site-packages/airflow/example_dags/example_sensors.py for tasks to queue
[2025-12-20T02:13:52.273+0000] {logging_mixin.py:188} INFO - [2025-12-20T02:13:52.272+0000] {dagbag.py:545} INFO - Filling up the DagBag from /home/airflow/.local/lib/python3.12/site-packages/airflow/example_dags/example_sensors.py
[2025-12-20T02:13:52.280+0000] {processor.py:840} INFO - DAG(s) 'example_sensors' retrieved from /home/airflow/.local/lib/python3.12/site-packages/airflow/example_dags/example_sensors.py
[2025-12-20T02:13:52.302+0000] {logging_mixin.py:188} INFO - [2025-12-20T02:13:52.302+0000] {dag.py:3089} INFO - Sync 1 DAGs
[2025-12-20T02:13:52.313+0000] {logging_mixin.py:188} INFO - [2025-12-20T02:13:52.312+0000] {dag.py:3947} INFO - Setting next_dagrun for example_sensors to None, run_after=None
[2025-12-20T02:13:52.329+0000] {processor.py:183} INFO - Processing /home/airflow/.local/lib/python3.12/site-packages/airflow/example_dags/example_sensors.py took 0.064 seconds
[2025-12-20T02:14:22.975+0000] {processor.py:161} INFO - Started process (PID=1287) to work on /home/airflow/.local/lib/python3.12/site-packages/airflow/example_dags/example_sensors.py
[2025-12-20T02:14:22.976+0000] {processor.py:830} INFO - Processing file /home/airflow/.local/lib/python3.12/site-packages/airflow/example_dags/example_sensors.py for tasks to queue
[2025-12-20T02:14:22.978+0000] {logging_mixin.py:188} INFO - [2025-12-20T02:14:22.978+0000] {dagbag.py:545} INFO - Filling up the DagBag from /home/airflow/.local/lib/python3.12/site-packages/airflow/example_dags/example_sensors.py
[2025-12-20T02:14:22.985+0000] {processor.py:840} INFO - DAG(s) 'example_sensors' retrieved from /home/airflow/.local/lib/python3.12/site-packages/airflow/example_dags/example_sensors.py
[2025-12-20T02:14:23.007+0000] {logging_mixin.py:188} INFO - [2025-12-20T02:14:23.007+0000] {dag.py:3089} INFO - Sync 1 DAGs
[2025-12-20T02:14:23.018+0000] {logging_mixin.py:188} INFO - [2025-12-20T02:14:23.018+0000] {dag.py:3947} INFO - Setting next_dagrun for example_sensors to None, run_after=None
[2025-12-20T02:14:23.035+0000] {processor.py:183} INFO - Processing /home/airflow/.local/lib/python3.12/site-packages/airflow/example_dags/example_sensors.py took 0.065 seconds
[2025-12-20T02:14:53.672+0000] {processor.py:161} INFO - Started process (PID=1345) to work on /home/airflow/.local/lib/python3.12/site-packages/airflow/example_dags/example_sensors.py
[2025-12-20T02:14:53.673+0000] {processor.py:830} INFO - Processing file /home/airflow/.local/lib/python3.12/site-packages/airflow/example_dags/example_sensors.py for tasks to queue
[2025-12-20T02:14:53.674+0000] {logging_mixin.py:188} INFO - [2025-12-20T02:14:53.674+0000] {dagbag.py:545} INFO - Filling up the DagBag from /home/airflow/.local/lib/python3.12/site-packages/airflow/example_dags/example_sensors.py
[2025-12-20T02:14:53.681+0000] {processor.py:840} INFO - DAG(s) 'example_sensors' retrieved from /home/airflow/.local/lib/python3.12/site-packages/airflow/example_dags/example_sensors.py
[2025-12-20T02:14:53.703+0000] {logging_mixin.py:188} INFO - [2025-12-20T02:14:53.703+0000] {dag.py:3089} INFO - Sync 1 DAGs
[2025-12-20T02:14:53.714+0000] {logging_mixin.py:188} INFO - [2025-12-20T02:14:53.713+0000] {dag.py:3947} INFO - Setting next_dagrun for example_sensors to None, run_after=None
[2025-12-20T02:14:53.730+0000] {processor.py:183} INFO - Processing /home/airflow/.local/lib/python3.12/site-packages/airflow/example_dags/example_sensors.py took 0.063 seconds
[2025-12-20T02:15:24.363+0000] {processor.py:161} INFO - Started process (PID=1403) to work on /home/airflow/.local/lib/python3.12/site-packages/airflow/example_dags/example_sensors.py
[2025-12-20T02:15:24.364+0000] {processor.py:830} INFO - Processing file /home/airflow/.local/lib/python3.12/site-packages/airflow/example_dags/example_sensors.py for tasks to queue
[2025-12-20T02:15:24.365+0000] {logging_mixin.py:188} INFO - [2025-12-20T02:15:24.365+0000] {dagbag.py:545} INFO - Filling up the DagBag from /home/airflow/.local/lib/python3.12/site-packages/airflow/example_dags/example_sensors.py
[2025-12-20T02:15:24.373+0000] {processor.py:840} INFO - DAG(s) 'example_sensors' retrieved from /home/airflow/.local/lib/python3.12/site-packages/airflow/example_dags/example_sensors.py
[2025-12-20T02:15:24.396+0000] {logging_mixin.py:188} INFO - [2025-12-20T02:15:24.395+0000] {dag.py:3089} INFO - Sync 1 DAGs
[2025-12-20T02:15:24.406+0000] {logging_mixin.py:188} INFO - [2025-12-20T02:15:24.406+0000] {dag.py:3947} INFO - Setting next_dagrun for example_sensors to None, run_after=None
[2025-12-20T02:15:24.422+0000] {processor.py:183} INFO - Processing /home/airflow/.local/lib/python3.12/site-packages/airflow/example_dags/example_sensors.py took 0.064 seconds
[2025-12-20T02:15:55.033+0000] {processor.py:161} INFO - Started process (PID=1461) to work on /home/airflow/.local/lib/python3.12/site-packages/airflow/example_dags/example_sensors.py
[2025-12-20T02:15:55.034+0000] {processor.py:830} INFO - Processing file /home/airflow/.local/lib/python3.12/site-packages/airflow/example_dags/example_sensors.py for tasks to queue
[2025-12-20T02:15:55.036+0000] {logging_mixin.py:188} INFO - [2025-12-20T02:15:55.035+0000] {dagbag.py:545} INFO - Filling up the DagBag from /home/airflow/.local/lib/python3.12/site-packages/airflow/example_dags/example_sensors.py
[2025-12-20T02:15:55.043+0000] {processor.py:840} INFO - DAG(s) 'example_sensors' retrieved from /home/airflow/.local/lib/python3.12/site-packages/airflow/example_dags/example_sensors.py
[2025-12-20T02:15:55.066+0000] {logging_mixin.py:188} INFO - [2025-12-20T02:15:55.065+0000] {dag.py:3089} INFO - Sync 1 DAGs
[2025-12-20T02:15:55.076+0000] {logging_mixin.py:188} INFO - [2025-12-20T02:15:55.076+0000] {dag.py:3947} INFO - Setting next_dagrun for example_sensors to None, run_after=None
[2025-12-20T02:15:55.094+0000] {processor.py:183} INFO - Processing /home/airflow/.local/lib/python3.12/site-packages/airflow/example_dags/example_sensors.py took 0.066 seconds
[2025-12-20T02:16:25.701+0000] {processor.py:161} INFO - Started process (PID=1519) to work on /home/airflow/.local/lib/python3.12/site-packages/airflow/example_dags/example_sensors.py
[2025-12-20T02:16:25.702+0000] {processor.py:830} INFO - Processing file /home/airflow/.local/lib/python3.12/site-packages/airflow/example_dags/example_sensors.py for tasks to queue
[2025-12-20T02:16:25.703+0000] {logging_mixin.py:188} INFO - [2025-12-20T02:16:25.703+0000] {dagbag.py:545} INFO - Filling up the DagBag from /home/airflow/.local/lib/python3.12/site-packages/airflow/example_dags/example_sensors.py
[2025-12-20T02:16:25.710+0000] {processor.py:840} INFO - DAG(s) 'example_sensors' retrieved from /home/airflow/.local/lib/python3.12/site-packages/airflow/example_dags/example_sensors.py
[2025-12-20T02:16:25.732+0000] {logging_mixin.py:188} INFO - [2025-12-20T02:16:25.732+0000] {dag.py:3089} INFO - Sync 1 DAGs
[2025-12-20T02:16:25.743+0000] {logging_mixin.py:188} INFO - [2025-12-20T02:16:25.743+0000] {dag.py:3947} INFO - Setting next_dagrun for example_sensors to None, run_after=None
[2025-12-20T02:16:25.759+0000] {processor.py:183} INFO - Processing /home/airflow/.local/lib/python3.12/site-packages/airflow/example_dags/example_sensors.py took 0.064 seconds
[2025-12-20T02:16:56.467+0000] {processor.py:161} INFO - Started process (PID=1577) to work on /home/airflow/.local/lib/python3.12/site-packages/airflow/example_dags/example_sensors.py
[2025-12-20T02:16:56.468+0000] {processor.py:830} INFO - Processing file /home/airflow/.local/lib/python3.12/site-packages/airflow/example_dags/example_sensors.py for tasks to queue
[2025-12-20T02:16:56.470+0000] {logging_mixin.py:188} INFO - [2025-12-20T02:16:56.470+0000] {dagbag.py:545} INFO - Filling up the DagBag from /home/airflow/.local/lib/python3.12/site-packages/airflow/example_dags/example_sensors.py
[2025-12-20T02:16:56.477+0000] {processor.py:840} INFO - DAG(s) 'example_sensors' retrieved from /home/airflow/.local/lib/python3.12/site-packages/airflow/example_dags/example_sensors.py
[2025-12-20T02:16:56.499+0000] {logging_mixin.py:188} INFO - [2025-12-20T02:16:56.499+0000] {dag.py:3089} INFO - Sync 1 DAGs
[2025-12-20T02:16:56.509+0000] {logging_mixin.py:188} INFO - [2025-12-20T02:16:56.509+0000] {dag.py:3947} INFO - Setting next_dagrun for example_sensors to None, run_after=None
[2025-12-20T02:16:56.525+0000] {processor.py:183} INFO - Processing /home/airflow/.local/lib/python3.12/site-packages/airflow/example_dags/example_sensors.py took 0.063 seconds
[2025-12-20T02:17:27.189+0000] {processor.py:161} INFO - Started process (PID=1635) to work on /home/airflow/.local/lib/python3.12/site-packages/airflow/example_dags/example_sensors.py
[2025-12-20T02:17:27.190+0000] {processor.py:830} INFO - Processing file /home/airflow/.local/lib/python3.12/site-packages/airflow/example_dags/example_sensors.py for tasks to queue
[2025-12-20T02:17:27.191+0000] {logging_mixin.py:188} INFO - [2025-12-20T02:17:27.191+0000] {dagbag.py:545} INFO - Filling up the DagBag from /home/airflow/.local/lib/python3.12/site-packages/airflow/example_dags/example_sensors.py
[2025-12-20T02:17:27.199+0000] {processor.py:840} INFO - DAG(s) 'example_sensors' retrieved from /home/airflow/.local/lib/python3.12/site-packages/airflow/example_dags/example_sensors.py
[2025-12-20T02:17:27.222+0000] {logging_mixin.py:188} INFO - [2025-12-20T02:17:27.222+0000] {dag.py:3089} INFO - Sync 1 DAGs
[2025-12-20T02:17:27.234+0000] {logging_mixin.py:188} INFO - [2025-12-20T02:17:27.234+0000] {dag.py:3947} INFO - Setting next_dagrun for example_sensors to None, run_after=None
[2025-12-20T02:17:27.253+0000] {processor.py:183} INFO - Processing /home/airflow/.local/lib/python3.12/site-packages/airflow/example_dags/example_sensors.py took 0.069 seconds
