[2025-12-20T02:03:42.081+0000] {processor.py:161} INFO - Started process (PID=95) to work on /home/airflow/.local/lib/python3.12/site-packages/airflow/example_dags/example_task_group.py
[2025-12-20T02:03:42.083+0000] {processor.py:830} INFO - Processing file /home/airflow/.local/lib/python3.12/site-packages/airflow/example_dags/example_task_group.py for tasks to queue
[2025-12-20T02:03:42.086+0000] {logging_mixin.py:188} INFO - [2025-12-20T02:03:42.086+0000] {dagbag.py:545} INFO - Filling up the DagBag from /home/airflow/.local/lib/python3.12/site-packages/airflow/example_dags/example_task_group.py
[2025-12-20T02:03:42.098+0000] {processor.py:840} INFO - DAG(s) 'example_task_group' retrieved from /home/airflow/.local/lib/python3.12/site-packages/airflow/example_dags/example_task_group.py
[2025-12-20T02:03:42.132+0000] {logging_mixin.py:188} INFO - [2025-12-20T02:03:42.131+0000] {dag.py:3089} INFO - Sync 1 DAGs
[2025-12-20T02:03:42.160+0000] {logging_mixin.py:188} INFO - [2025-12-20T02:03:42.160+0000] {dag.py:3947} INFO - Setting next_dagrun for example_task_group to 2025-12-19 00:00:00+00:00, run_after=2025-12-20 00:00:00+00:00
[2025-12-20T02:03:42.182+0000] {processor.py:183} INFO - Processing /home/airflow/.local/lib/python3.12/site-packages/airflow/example_dags/example_task_group.py took 0.108 seconds
[2025-12-20T02:04:13.169+0000] {processor.py:161} INFO - Started process (PID=153) to work on /home/airflow/.local/lib/python3.12/site-packages/airflow/example_dags/example_task_group.py
[2025-12-20T02:04:13.170+0000] {processor.py:830} INFO - Processing file /home/airflow/.local/lib/python3.12/site-packages/airflow/example_dags/example_task_group.py for tasks to queue
[2025-12-20T02:04:13.172+0000] {logging_mixin.py:188} INFO - [2025-12-20T02:04:13.172+0000] {dagbag.py:545} INFO - Filling up the DagBag from /home/airflow/.local/lib/python3.12/site-packages/airflow/example_dags/example_task_group.py
[2025-12-20T02:04:13.178+0000] {processor.py:840} INFO - DAG(s) 'example_task_group' retrieved from /home/airflow/.local/lib/python3.12/site-packages/airflow/example_dags/example_task_group.py
[2025-12-20T02:04:13.199+0000] {logging_mixin.py:188} INFO - [2025-12-20T02:04:13.198+0000] {dag.py:3089} INFO - Sync 1 DAGs
[2025-12-20T02:04:13.220+0000] {logging_mixin.py:188} INFO - [2025-12-20T02:04:13.219+0000] {dag.py:3947} INFO - Setting next_dagrun for example_task_group to 2025-12-19 00:00:00+00:00, run_after=2025-12-20 00:00:00+00:00
[2025-12-20T02:04:13.239+0000] {processor.py:183} INFO - Processing /home/airflow/.local/lib/python3.12/site-packages/airflow/example_dags/example_task_group.py took 0.075 seconds
[2025-12-20T02:04:43.952+0000] {processor.py:161} INFO - Started process (PID=211) to work on /home/airflow/.local/lib/python3.12/site-packages/airflow/example_dags/example_task_group.py
[2025-12-20T02:04:43.953+0000] {processor.py:830} INFO - Processing file /home/airflow/.local/lib/python3.12/site-packages/airflow/example_dags/example_task_group.py for tasks to queue
[2025-12-20T02:04:43.955+0000] {logging_mixin.py:188} INFO - [2025-12-20T02:04:43.955+0000] {dagbag.py:545} INFO - Filling up the DagBag from /home/airflow/.local/lib/python3.12/site-packages/airflow/example_dags/example_task_group.py
[2025-12-20T02:04:43.962+0000] {processor.py:840} INFO - DAG(s) 'example_task_group' retrieved from /home/airflow/.local/lib/python3.12/site-packages/airflow/example_dags/example_task_group.py
[2025-12-20T02:04:43.986+0000] {logging_mixin.py:188} INFO - [2025-12-20T02:04:43.985+0000] {dag.py:3089} INFO - Sync 1 DAGs
[2025-12-20T02:04:44.023+0000] {logging_mixin.py:188} INFO - [2025-12-20T02:04:44.023+0000] {dag.py:3947} INFO - Setting next_dagrun for example_task_group to 2025-12-19 00:00:00+00:00, run_after=2025-12-20 00:00:00+00:00
[2025-12-20T02:04:44.053+0000] {processor.py:183} INFO - Processing /home/airflow/.local/lib/python3.12/site-packages/airflow/example_dags/example_task_group.py took 0.108 seconds
[2025-12-20T02:05:14.185+0000] {processor.py:161} INFO - Started process (PID=270) to work on /home/airflow/.local/lib/python3.12/site-packages/airflow/example_dags/example_task_group.py
[2025-12-20T02:05:14.186+0000] {processor.py:830} INFO - Processing file /home/airflow/.local/lib/python3.12/site-packages/airflow/example_dags/example_task_group.py for tasks to queue
[2025-12-20T02:05:14.188+0000] {logging_mixin.py:188} INFO - [2025-12-20T02:05:14.188+0000] {dagbag.py:545} INFO - Filling up the DagBag from /home/airflow/.local/lib/python3.12/site-packages/airflow/example_dags/example_task_group.py
[2025-12-20T02:05:14.196+0000] {processor.py:840} INFO - DAG(s) 'example_task_group' retrieved from /home/airflow/.local/lib/python3.12/site-packages/airflow/example_dags/example_task_group.py
[2025-12-20T02:05:14.216+0000] {logging_mixin.py:188} INFO - [2025-12-20T02:05:14.216+0000] {dag.py:3089} INFO - Sync 1 DAGs
[2025-12-20T02:05:14.235+0000] {logging_mixin.py:188} INFO - [2025-12-20T02:05:14.235+0000] {dag.py:3947} INFO - Setting next_dagrun for example_task_group to 2025-12-19 00:00:00+00:00, run_after=2025-12-20 00:00:00+00:00
[2025-12-20T02:05:14.252+0000] {processor.py:183} INFO - Processing /home/airflow/.local/lib/python3.12/site-packages/airflow/example_dags/example_task_group.py took 0.074 seconds
[2025-12-20T02:05:44.303+0000] {processor.py:161} INFO - Started process (PID=328) to work on /home/airflow/.local/lib/python3.12/site-packages/airflow/example_dags/example_task_group.py
[2025-12-20T02:05:44.304+0000] {processor.py:830} INFO - Processing file /home/airflow/.local/lib/python3.12/site-packages/airflow/example_dags/example_task_group.py for tasks to queue
[2025-12-20T02:05:44.305+0000] {logging_mixin.py:188} INFO - [2025-12-20T02:05:44.305+0000] {dagbag.py:545} INFO - Filling up the DagBag from /home/airflow/.local/lib/python3.12/site-packages/airflow/example_dags/example_task_group.py
[2025-12-20T02:05:44.311+0000] {processor.py:840} INFO - DAG(s) 'example_task_group' retrieved from /home/airflow/.local/lib/python3.12/site-packages/airflow/example_dags/example_task_group.py
[2025-12-20T02:05:44.330+0000] {logging_mixin.py:188} INFO - [2025-12-20T02:05:44.329+0000] {dag.py:3089} INFO - Sync 1 DAGs
[2025-12-20T02:05:44.348+0000] {logging_mixin.py:188} INFO - [2025-12-20T02:05:44.348+0000] {dag.py:3947} INFO - Setting next_dagrun for example_task_group to 2025-12-19 00:00:00+00:00, run_after=2025-12-20 00:00:00+00:00
[2025-12-20T02:05:44.364+0000] {processor.py:183} INFO - Processing /home/airflow/.local/lib/python3.12/site-packages/airflow/example_dags/example_task_group.py took 0.066 seconds
[2025-12-20T02:06:15.038+0000] {processor.py:161} INFO - Started process (PID=386) to work on /home/airflow/.local/lib/python3.12/site-packages/airflow/example_dags/example_task_group.py
[2025-12-20T02:06:15.039+0000] {processor.py:830} INFO - Processing file /home/airflow/.local/lib/python3.12/site-packages/airflow/example_dags/example_task_group.py for tasks to queue
[2025-12-20T02:06:15.041+0000] {logging_mixin.py:188} INFO - [2025-12-20T02:06:15.041+0000] {dagbag.py:545} INFO - Filling up the DagBag from /home/airflow/.local/lib/python3.12/site-packages/airflow/example_dags/example_task_group.py
[2025-12-20T02:06:15.047+0000] {processor.py:840} INFO - DAG(s) 'example_task_group' retrieved from /home/airflow/.local/lib/python3.12/site-packages/airflow/example_dags/example_task_group.py
[2025-12-20T02:06:15.065+0000] {logging_mixin.py:188} INFO - [2025-12-20T02:06:15.065+0000] {dag.py:3089} INFO - Sync 1 DAGs
[2025-12-20T02:06:15.085+0000] {logging_mixin.py:188} INFO - [2025-12-20T02:06:15.085+0000] {dag.py:3947} INFO - Setting next_dagrun for example_task_group to 2025-12-19 00:00:00+00:00, run_after=2025-12-20 00:00:00+00:00
[2025-12-20T02:06:15.103+0000] {processor.py:183} INFO - Processing /home/airflow/.local/lib/python3.12/site-packages/airflow/example_dags/example_task_group.py took 0.070 seconds
[2025-12-20T02:06:45.687+0000] {processor.py:161} INFO - Started process (PID=444) to work on /home/airflow/.local/lib/python3.12/site-packages/airflow/example_dags/example_task_group.py
[2025-12-20T02:06:45.688+0000] {processor.py:830} INFO - Processing file /home/airflow/.local/lib/python3.12/site-packages/airflow/example_dags/example_task_group.py for tasks to queue
[2025-12-20T02:06:45.690+0000] {logging_mixin.py:188} INFO - [2025-12-20T02:06:45.690+0000] {dagbag.py:545} INFO - Filling up the DagBag from /home/airflow/.local/lib/python3.12/site-packages/airflow/example_dags/example_task_group.py
[2025-12-20T02:06:45.696+0000] {processor.py:840} INFO - DAG(s) 'example_task_group' retrieved from /home/airflow/.local/lib/python3.12/site-packages/airflow/example_dags/example_task_group.py
[2025-12-20T02:06:45.715+0000] {logging_mixin.py:188} INFO - [2025-12-20T02:06:45.715+0000] {dag.py:3089} INFO - Sync 1 DAGs
[2025-12-20T02:06:45.734+0000] {logging_mixin.py:188} INFO - [2025-12-20T02:06:45.734+0000] {dag.py:3947} INFO - Setting next_dagrun for example_task_group to 2025-12-19 00:00:00+00:00, run_after=2025-12-20 00:00:00+00:00
[2025-12-20T02:06:45.751+0000] {processor.py:183} INFO - Processing /home/airflow/.local/lib/python3.12/site-packages/airflow/example_dags/example_task_group.py took 0.068 seconds
[2025-12-20T02:07:16.446+0000] {processor.py:161} INFO - Started process (PID=502) to work on /home/airflow/.local/lib/python3.12/site-packages/airflow/example_dags/example_task_group.py
[2025-12-20T02:07:16.447+0000] {processor.py:830} INFO - Processing file /home/airflow/.local/lib/python3.12/site-packages/airflow/example_dags/example_task_group.py for tasks to queue
[2025-12-20T02:07:16.449+0000] {logging_mixin.py:188} INFO - [2025-12-20T02:07:16.448+0000] {dagbag.py:545} INFO - Filling up the DagBag from /home/airflow/.local/lib/python3.12/site-packages/airflow/example_dags/example_task_group.py
[2025-12-20T02:07:16.455+0000] {processor.py:840} INFO - DAG(s) 'example_task_group' retrieved from /home/airflow/.local/lib/python3.12/site-packages/airflow/example_dags/example_task_group.py
[2025-12-20T02:07:16.475+0000] {logging_mixin.py:188} INFO - [2025-12-20T02:07:16.475+0000] {dag.py:3089} INFO - Sync 1 DAGs
[2025-12-20T02:07:16.494+0000] {logging_mixin.py:188} INFO - [2025-12-20T02:07:16.494+0000] {dag.py:3947} INFO - Setting next_dagrun for example_task_group to 2025-12-19 00:00:00+00:00, run_after=2025-12-20 00:00:00+00:00
[2025-12-20T02:07:16.511+0000] {processor.py:183} INFO - Processing /home/airflow/.local/lib/python3.12/site-packages/airflow/example_dags/example_task_group.py took 0.070 seconds
[2025-12-20T02:07:46.990+0000] {processor.py:161} INFO - Started process (PID=560) to work on /home/airflow/.local/lib/python3.12/site-packages/airflow/example_dags/example_task_group.py
[2025-12-20T02:07:46.991+0000] {processor.py:830} INFO - Processing file /home/airflow/.local/lib/python3.12/site-packages/airflow/example_dags/example_task_group.py for tasks to queue
[2025-12-20T02:07:46.993+0000] {logging_mixin.py:188} INFO - [2025-12-20T02:07:46.993+0000] {dagbag.py:545} INFO - Filling up the DagBag from /home/airflow/.local/lib/python3.12/site-packages/airflow/example_dags/example_task_group.py
[2025-12-20T02:07:46.999+0000] {processor.py:840} INFO - DAG(s) 'example_task_group' retrieved from /home/airflow/.local/lib/python3.12/site-packages/airflow/example_dags/example_task_group.py
[2025-12-20T02:07:47.017+0000] {logging_mixin.py:188} INFO - [2025-12-20T02:07:47.017+0000] {dag.py:3089} INFO - Sync 1 DAGs
[2025-12-20T02:07:47.035+0000] {logging_mixin.py:188} INFO - [2025-12-20T02:07:47.035+0000] {dag.py:3947} INFO - Setting next_dagrun for example_task_group to 2025-12-19 00:00:00+00:00, run_after=2025-12-20 00:00:00+00:00
[2025-12-20T02:07:47.051+0000] {processor.py:183} INFO - Processing /home/airflow/.local/lib/python3.12/site-packages/airflow/example_dags/example_task_group.py took 0.066 seconds
[2025-12-20T02:08:17.117+0000] {processor.py:161} INFO - Started process (PID=618) to work on /home/airflow/.local/lib/python3.12/site-packages/airflow/example_dags/example_task_group.py
[2025-12-20T02:08:17.118+0000] {processor.py:830} INFO - Processing file /home/airflow/.local/lib/python3.12/site-packages/airflow/example_dags/example_task_group.py for tasks to queue
[2025-12-20T02:08:17.120+0000] {logging_mixin.py:188} INFO - [2025-12-20T02:08:17.119+0000] {dagbag.py:545} INFO - Filling up the DagBag from /home/airflow/.local/lib/python3.12/site-packages/airflow/example_dags/example_task_group.py
[2025-12-20T02:08:17.129+0000] {processor.py:840} INFO - DAG(s) 'example_task_group' retrieved from /home/airflow/.local/lib/python3.12/site-packages/airflow/example_dags/example_task_group.py
[2025-12-20T02:08:17.150+0000] {logging_mixin.py:188} INFO - [2025-12-20T02:08:17.149+0000] {dag.py:3089} INFO - Sync 1 DAGs
[2025-12-20T02:08:17.171+0000] {logging_mixin.py:188} INFO - [2025-12-20T02:08:17.171+0000] {dag.py:3947} INFO - Setting next_dagrun for example_task_group to 2025-12-19 00:00:00+00:00, run_after=2025-12-20 00:00:00+00:00
[2025-12-20T02:08:17.193+0000] {processor.py:183} INFO - Processing /home/airflow/.local/lib/python3.12/site-packages/airflow/example_dags/example_task_group.py took 0.082 seconds
[2025-12-20T02:08:47.247+0000] {processor.py:161} INFO - Started process (PID=676) to work on /home/airflow/.local/lib/python3.12/site-packages/airflow/example_dags/example_task_group.py
[2025-12-20T02:08:47.248+0000] {processor.py:830} INFO - Processing file /home/airflow/.local/lib/python3.12/site-packages/airflow/example_dags/example_task_group.py for tasks to queue
[2025-12-20T02:08:47.250+0000] {logging_mixin.py:188} INFO - [2025-12-20T02:08:47.250+0000] {dagbag.py:545} INFO - Filling up the DagBag from /home/airflow/.local/lib/python3.12/site-packages/airflow/example_dags/example_task_group.py
[2025-12-20T02:08:47.257+0000] {processor.py:840} INFO - DAG(s) 'example_task_group' retrieved from /home/airflow/.local/lib/python3.12/site-packages/airflow/example_dags/example_task_group.py
[2025-12-20T02:08:47.277+0000] {logging_mixin.py:188} INFO - [2025-12-20T02:08:47.276+0000] {dag.py:3089} INFO - Sync 1 DAGs
[2025-12-20T02:08:47.298+0000] {logging_mixin.py:188} INFO - [2025-12-20T02:08:47.298+0000] {dag.py:3947} INFO - Setting next_dagrun for example_task_group to 2025-12-19 00:00:00+00:00, run_after=2025-12-20 00:00:00+00:00
[2025-12-20T02:08:47.319+0000] {processor.py:183} INFO - Processing /home/airflow/.local/lib/python3.12/site-packages/airflow/example_dags/example_task_group.py took 0.078 seconds
[2025-12-20T02:09:17.623+0000] {processor.py:161} INFO - Started process (PID=734) to work on /home/airflow/.local/lib/python3.12/site-packages/airflow/example_dags/example_task_group.py
[2025-12-20T02:09:17.624+0000] {processor.py:830} INFO - Processing file /home/airflow/.local/lib/python3.12/site-packages/airflow/example_dags/example_task_group.py for tasks to queue
[2025-12-20T02:09:17.626+0000] {logging_mixin.py:188} INFO - [2025-12-20T02:09:17.625+0000] {dagbag.py:545} INFO - Filling up the DagBag from /home/airflow/.local/lib/python3.12/site-packages/airflow/example_dags/example_task_group.py
[2025-12-20T02:09:17.633+0000] {processor.py:840} INFO - DAG(s) 'example_task_group' retrieved from /home/airflow/.local/lib/python3.12/site-packages/airflow/example_dags/example_task_group.py
[2025-12-20T02:09:17.653+0000] {logging_mixin.py:188} INFO - [2025-12-20T02:09:17.653+0000] {dag.py:3089} INFO - Sync 1 DAGs
[2025-12-20T02:09:17.677+0000] {logging_mixin.py:188} INFO - [2025-12-20T02:09:17.677+0000] {dag.py:3947} INFO - Setting next_dagrun for example_task_group to 2025-12-19 00:00:00+00:00, run_after=2025-12-20 00:00:00+00:00
[2025-12-20T02:09:17.699+0000] {processor.py:183} INFO - Processing /home/airflow/.local/lib/python3.12/site-packages/airflow/example_dags/example_task_group.py took 0.082 seconds
[2025-12-20T02:09:47.997+0000] {processor.py:161} INFO - Started process (PID=792) to work on /home/airflow/.local/lib/python3.12/site-packages/airflow/example_dags/example_task_group.py
[2025-12-20T02:09:47.998+0000] {processor.py:830} INFO - Processing file /home/airflow/.local/lib/python3.12/site-packages/airflow/example_dags/example_task_group.py for tasks to queue
[2025-12-20T02:09:48.000+0000] {logging_mixin.py:188} INFO - [2025-12-20T02:09:48.000+0000] {dagbag.py:545} INFO - Filling up the DagBag from /home/airflow/.local/lib/python3.12/site-packages/airflow/example_dags/example_task_group.py
[2025-12-20T02:09:48.007+0000] {processor.py:840} INFO - DAG(s) 'example_task_group' retrieved from /home/airflow/.local/lib/python3.12/site-packages/airflow/example_dags/example_task_group.py
[2025-12-20T02:09:48.028+0000] {logging_mixin.py:188} INFO - [2025-12-20T02:09:48.027+0000] {dag.py:3089} INFO - Sync 1 DAGs
[2025-12-20T02:09:48.052+0000] {logging_mixin.py:188} INFO - [2025-12-20T02:09:48.052+0000] {dag.py:3947} INFO - Setting next_dagrun for example_task_group to 2025-12-19 00:00:00+00:00, run_after=2025-12-20 00:00:00+00:00
[2025-12-20T02:09:48.072+0000] {processor.py:183} INFO - Processing /home/airflow/.local/lib/python3.12/site-packages/airflow/example_dags/example_task_group.py took 0.081 seconds
[2025-12-20T02:10:18.876+0000] {processor.py:161} INFO - Started process (PID=850) to work on /home/airflow/.local/lib/python3.12/site-packages/airflow/example_dags/example_task_group.py
[2025-12-20T02:10:18.878+0000] {processor.py:830} INFO - Processing file /home/airflow/.local/lib/python3.12/site-packages/airflow/example_dags/example_task_group.py for tasks to queue
[2025-12-20T02:10:18.880+0000] {logging_mixin.py:188} INFO - [2025-12-20T02:10:18.879+0000] {dagbag.py:545} INFO - Filling up the DagBag from /home/airflow/.local/lib/python3.12/site-packages/airflow/example_dags/example_task_group.py
[2025-12-20T02:10:18.888+0000] {processor.py:840} INFO - DAG(s) 'example_task_group' retrieved from /home/airflow/.local/lib/python3.12/site-packages/airflow/example_dags/example_task_group.py
[2025-12-20T02:10:18.914+0000] {logging_mixin.py:188} INFO - [2025-12-20T02:10:18.914+0000] {dag.py:3089} INFO - Sync 1 DAGs
[2025-12-20T02:10:18.952+0000] {logging_mixin.py:188} INFO - [2025-12-20T02:10:18.952+0000] {dag.py:3947} INFO - Setting next_dagrun for example_task_group to 2025-12-19 00:00:00+00:00, run_after=2025-12-20 00:00:00+00:00
[2025-12-20T02:10:18.973+0000] {processor.py:183} INFO - Processing /home/airflow/.local/lib/python3.12/site-packages/airflow/example_dags/example_task_group.py took 0.103 seconds
[2025-12-20T02:10:49.713+0000] {processor.py:161} INFO - Started process (PID=908) to work on /home/airflow/.local/lib/python3.12/site-packages/airflow/example_dags/example_task_group.py
[2025-12-20T02:10:49.714+0000] {processor.py:830} INFO - Processing file /home/airflow/.local/lib/python3.12/site-packages/airflow/example_dags/example_task_group.py for tasks to queue
[2025-12-20T02:10:49.715+0000] {logging_mixin.py:188} INFO - [2025-12-20T02:10:49.715+0000] {dagbag.py:545} INFO - Filling up the DagBag from /home/airflow/.local/lib/python3.12/site-packages/airflow/example_dags/example_task_group.py
[2025-12-20T02:10:49.722+0000] {processor.py:840} INFO - DAG(s) 'example_task_group' retrieved from /home/airflow/.local/lib/python3.12/site-packages/airflow/example_dags/example_task_group.py
[2025-12-20T02:10:49.741+0000] {logging_mixin.py:188} INFO - [2025-12-20T02:10:49.741+0000] {dag.py:3089} INFO - Sync 1 DAGs
[2025-12-20T02:10:49.761+0000] {logging_mixin.py:188} INFO - [2025-12-20T02:10:49.761+0000] {dag.py:3947} INFO - Setting next_dagrun for example_task_group to 2025-12-19 00:00:00+00:00, run_after=2025-12-20 00:00:00+00:00
[2025-12-20T02:10:49.778+0000] {processor.py:183} INFO - Processing /home/airflow/.local/lib/python3.12/site-packages/airflow/example_dags/example_task_group.py took 0.070 seconds
[2025-12-20T02:11:20.503+0000] {processor.py:161} INFO - Started process (PID=966) to work on /home/airflow/.local/lib/python3.12/site-packages/airflow/example_dags/example_task_group.py
[2025-12-20T02:11:20.504+0000] {processor.py:830} INFO - Processing file /home/airflow/.local/lib/python3.12/site-packages/airflow/example_dags/example_task_group.py for tasks to queue
[2025-12-20T02:11:20.506+0000] {logging_mixin.py:188} INFO - [2025-12-20T02:11:20.505+0000] {dagbag.py:545} INFO - Filling up the DagBag from /home/airflow/.local/lib/python3.12/site-packages/airflow/example_dags/example_task_group.py
[2025-12-20T02:11:20.512+0000] {processor.py:840} INFO - DAG(s) 'example_task_group' retrieved from /home/airflow/.local/lib/python3.12/site-packages/airflow/example_dags/example_task_group.py
[2025-12-20T02:11:20.531+0000] {logging_mixin.py:188} INFO - [2025-12-20T02:11:20.531+0000] {dag.py:3089} INFO - Sync 1 DAGs
[2025-12-20T02:11:20.553+0000] {logging_mixin.py:188} INFO - [2025-12-20T02:11:20.553+0000] {dag.py:3947} INFO - Setting next_dagrun for example_task_group to 2025-12-19 00:00:00+00:00, run_after=2025-12-20 00:00:00+00:00
[2025-12-20T02:11:20.579+0000] {processor.py:183} INFO - Processing /home/airflow/.local/lib/python3.12/site-packages/airflow/example_dags/example_task_group.py took 0.082 seconds
[2025-12-20T02:11:51.219+0000] {processor.py:161} INFO - Started process (PID=1024) to work on /home/airflow/.local/lib/python3.12/site-packages/airflow/example_dags/example_task_group.py
[2025-12-20T02:11:51.220+0000] {processor.py:830} INFO - Processing file /home/airflow/.local/lib/python3.12/site-packages/airflow/example_dags/example_task_group.py for tasks to queue
[2025-12-20T02:11:51.222+0000] {logging_mixin.py:188} INFO - [2025-12-20T02:11:51.221+0000] {dagbag.py:545} INFO - Filling up the DagBag from /home/airflow/.local/lib/python3.12/site-packages/airflow/example_dags/example_task_group.py
[2025-12-20T02:11:51.228+0000] {processor.py:840} INFO - DAG(s) 'example_task_group' retrieved from /home/airflow/.local/lib/python3.12/site-packages/airflow/example_dags/example_task_group.py
[2025-12-20T02:11:51.248+0000] {logging_mixin.py:188} INFO - [2025-12-20T02:11:51.248+0000] {dag.py:3089} INFO - Sync 1 DAGs
[2025-12-20T02:11:51.267+0000] {logging_mixin.py:188} INFO - [2025-12-20T02:11:51.267+0000] {dag.py:3947} INFO - Setting next_dagrun for example_task_group to 2025-12-19 00:00:00+00:00, run_after=2025-12-20 00:00:00+00:00
[2025-12-20T02:11:51.286+0000] {processor.py:183} INFO - Processing /home/airflow/.local/lib/python3.12/site-packages/airflow/example_dags/example_task_group.py took 0.072 seconds
[2025-12-20T02:12:21.917+0000] {processor.py:161} INFO - Started process (PID=1082) to work on /home/airflow/.local/lib/python3.12/site-packages/airflow/example_dags/example_task_group.py
[2025-12-20T02:12:21.918+0000] {processor.py:830} INFO - Processing file /home/airflow/.local/lib/python3.12/site-packages/airflow/example_dags/example_task_group.py for tasks to queue
[2025-12-20T02:12:21.919+0000] {logging_mixin.py:188} INFO - [2025-12-20T02:12:21.919+0000] {dagbag.py:545} INFO - Filling up the DagBag from /home/airflow/.local/lib/python3.12/site-packages/airflow/example_dags/example_task_group.py
[2025-12-20T02:12:21.927+0000] {processor.py:840} INFO - DAG(s) 'example_task_group' retrieved from /home/airflow/.local/lib/python3.12/site-packages/airflow/example_dags/example_task_group.py
[2025-12-20T02:12:21.948+0000] {logging_mixin.py:188} INFO - [2025-12-20T02:12:21.948+0000] {dag.py:3089} INFO - Sync 1 DAGs
[2025-12-20T02:12:21.971+0000] {logging_mixin.py:188} INFO - [2025-12-20T02:12:21.971+0000] {dag.py:3947} INFO - Setting next_dagrun for example_task_group to 2025-12-19 00:00:00+00:00, run_after=2025-12-20 00:00:00+00:00
[2025-12-20T02:12:21.995+0000] {processor.py:183} INFO - Processing /home/airflow/.local/lib/python3.12/site-packages/airflow/example_dags/example_task_group.py took 0.083 seconds
[2025-12-20T02:12:53.051+0000] {processor.py:161} INFO - Started process (PID=1140) to work on /home/airflow/.local/lib/python3.12/site-packages/airflow/example_dags/example_task_group.py
[2025-12-20T02:12:53.052+0000] {processor.py:830} INFO - Processing file /home/airflow/.local/lib/python3.12/site-packages/airflow/example_dags/example_task_group.py for tasks to queue
[2025-12-20T02:12:53.054+0000] {logging_mixin.py:188} INFO - [2025-12-20T02:12:53.054+0000] {dagbag.py:545} INFO - Filling up the DagBag from /home/airflow/.local/lib/python3.12/site-packages/airflow/example_dags/example_task_group.py
[2025-12-20T02:12:53.060+0000] {processor.py:840} INFO - DAG(s) 'example_task_group' retrieved from /home/airflow/.local/lib/python3.12/site-packages/airflow/example_dags/example_task_group.py
[2025-12-20T02:12:53.079+0000] {logging_mixin.py:188} INFO - [2025-12-20T02:12:53.079+0000] {dag.py:3089} INFO - Sync 1 DAGs
[2025-12-20T02:12:53.103+0000] {logging_mixin.py:188} INFO - [2025-12-20T02:12:53.103+0000] {dag.py:3947} INFO - Setting next_dagrun for example_task_group to 2025-12-19 00:00:00+00:00, run_after=2025-12-20 00:00:00+00:00
[2025-12-20T02:12:53.119+0000] {processor.py:183} INFO - Processing /home/airflow/.local/lib/python3.12/site-packages/airflow/example_dags/example_task_group.py took 0.073 seconds
[2025-12-20T02:13:23.807+0000] {processor.py:161} INFO - Started process (PID=1198) to work on /home/airflow/.local/lib/python3.12/site-packages/airflow/example_dags/example_task_group.py
[2025-12-20T02:13:23.808+0000] {processor.py:830} INFO - Processing file /home/airflow/.local/lib/python3.12/site-packages/airflow/example_dags/example_task_group.py for tasks to queue
[2025-12-20T02:13:23.810+0000] {logging_mixin.py:188} INFO - [2025-12-20T02:13:23.810+0000] {dagbag.py:545} INFO - Filling up the DagBag from /home/airflow/.local/lib/python3.12/site-packages/airflow/example_dags/example_task_group.py
[2025-12-20T02:13:23.817+0000] {processor.py:840} INFO - DAG(s) 'example_task_group' retrieved from /home/airflow/.local/lib/python3.12/site-packages/airflow/example_dags/example_task_group.py
[2025-12-20T02:13:23.836+0000] {logging_mixin.py:188} INFO - [2025-12-20T02:13:23.836+0000] {dag.py:3089} INFO - Sync 1 DAGs
[2025-12-20T02:13:23.856+0000] {logging_mixin.py:188} INFO - [2025-12-20T02:13:23.856+0000] {dag.py:3947} INFO - Setting next_dagrun for example_task_group to 2025-12-19 00:00:00+00:00, run_after=2025-12-20 00:00:00+00:00
[2025-12-20T02:13:23.876+0000] {processor.py:183} INFO - Processing /home/airflow/.local/lib/python3.12/site-packages/airflow/example_dags/example_task_group.py took 0.075 seconds
[2025-12-20T02:13:54.518+0000] {processor.py:161} INFO - Started process (PID=1256) to work on /home/airflow/.local/lib/python3.12/site-packages/airflow/example_dags/example_task_group.py
[2025-12-20T02:13:54.519+0000] {processor.py:830} INFO - Processing file /home/airflow/.local/lib/python3.12/site-packages/airflow/example_dags/example_task_group.py for tasks to queue
[2025-12-20T02:13:54.520+0000] {logging_mixin.py:188} INFO - [2025-12-20T02:13:54.520+0000] {dagbag.py:545} INFO - Filling up the DagBag from /home/airflow/.local/lib/python3.12/site-packages/airflow/example_dags/example_task_group.py
[2025-12-20T02:13:54.526+0000] {processor.py:840} INFO - DAG(s) 'example_task_group' retrieved from /home/airflow/.local/lib/python3.12/site-packages/airflow/example_dags/example_task_group.py
[2025-12-20T02:13:54.544+0000] {logging_mixin.py:188} INFO - [2025-12-20T02:13:54.544+0000] {dag.py:3089} INFO - Sync 1 DAGs
[2025-12-20T02:13:54.562+0000] {logging_mixin.py:188} INFO - [2025-12-20T02:13:54.561+0000] {dag.py:3947} INFO - Setting next_dagrun for example_task_group to 2025-12-19 00:00:00+00:00, run_after=2025-12-20 00:00:00+00:00
[2025-12-20T02:13:54.577+0000] {processor.py:183} INFO - Processing /home/airflow/.local/lib/python3.12/site-packages/airflow/example_dags/example_task_group.py took 0.064 seconds
[2025-12-20T02:14:25.236+0000] {processor.py:161} INFO - Started process (PID=1314) to work on /home/airflow/.local/lib/python3.12/site-packages/airflow/example_dags/example_task_group.py
[2025-12-20T02:14:25.237+0000] {processor.py:830} INFO - Processing file /home/airflow/.local/lib/python3.12/site-packages/airflow/example_dags/example_task_group.py for tasks to queue
[2025-12-20T02:14:25.238+0000] {logging_mixin.py:188} INFO - [2025-12-20T02:14:25.238+0000] {dagbag.py:545} INFO - Filling up the DagBag from /home/airflow/.local/lib/python3.12/site-packages/airflow/example_dags/example_task_group.py
[2025-12-20T02:14:25.244+0000] {processor.py:840} INFO - DAG(s) 'example_task_group' retrieved from /home/airflow/.local/lib/python3.12/site-packages/airflow/example_dags/example_task_group.py
[2025-12-20T02:14:25.261+0000] {logging_mixin.py:188} INFO - [2025-12-20T02:14:25.261+0000] {dag.py:3089} INFO - Sync 1 DAGs
[2025-12-20T02:14:25.278+0000] {logging_mixin.py:188} INFO - [2025-12-20T02:14:25.278+0000] {dag.py:3947} INFO - Setting next_dagrun for example_task_group to 2025-12-19 00:00:00+00:00, run_after=2025-12-20 00:00:00+00:00
[2025-12-20T02:14:25.295+0000] {processor.py:183} INFO - Processing /home/airflow/.local/lib/python3.12/site-packages/airflow/example_dags/example_task_group.py took 0.065 seconds
[2025-12-20T02:14:55.930+0000] {processor.py:161} INFO - Started process (PID=1372) to work on /home/airflow/.local/lib/python3.12/site-packages/airflow/example_dags/example_task_group.py
[2025-12-20T02:14:55.931+0000] {processor.py:830} INFO - Processing file /home/airflow/.local/lib/python3.12/site-packages/airflow/example_dags/example_task_group.py for tasks to queue
[2025-12-20T02:14:55.933+0000] {logging_mixin.py:188} INFO - [2025-12-20T02:14:55.932+0000] {dagbag.py:545} INFO - Filling up the DagBag from /home/airflow/.local/lib/python3.12/site-packages/airflow/example_dags/example_task_group.py
[2025-12-20T02:14:55.939+0000] {processor.py:840} INFO - DAG(s) 'example_task_group' retrieved from /home/airflow/.local/lib/python3.12/site-packages/airflow/example_dags/example_task_group.py
[2025-12-20T02:14:55.957+0000] {logging_mixin.py:188} INFO - [2025-12-20T02:14:55.956+0000] {dag.py:3089} INFO - Sync 1 DAGs
[2025-12-20T02:14:55.974+0000] {logging_mixin.py:188} INFO - [2025-12-20T02:14:55.974+0000] {dag.py:3947} INFO - Setting next_dagrun for example_task_group to 2025-12-19 00:00:00+00:00, run_after=2025-12-20 00:00:00+00:00
[2025-12-20T02:14:55.991+0000] {processor.py:183} INFO - Processing /home/airflow/.local/lib/python3.12/site-packages/airflow/example_dags/example_task_group.py took 0.066 seconds
[2025-12-20T02:15:26.588+0000] {processor.py:161} INFO - Started process (PID=1430) to work on /home/airflow/.local/lib/python3.12/site-packages/airflow/example_dags/example_task_group.py
[2025-12-20T02:15:26.589+0000] {processor.py:830} INFO - Processing file /home/airflow/.local/lib/python3.12/site-packages/airflow/example_dags/example_task_group.py for tasks to queue
[2025-12-20T02:15:26.591+0000] {logging_mixin.py:188} INFO - [2025-12-20T02:15:26.591+0000] {dagbag.py:545} INFO - Filling up the DagBag from /home/airflow/.local/lib/python3.12/site-packages/airflow/example_dags/example_task_group.py
[2025-12-20T02:15:26.597+0000] {processor.py:840} INFO - DAG(s) 'example_task_group' retrieved from /home/airflow/.local/lib/python3.12/site-packages/airflow/example_dags/example_task_group.py
[2025-12-20T02:15:26.614+0000] {logging_mixin.py:188} INFO - [2025-12-20T02:15:26.614+0000] {dag.py:3089} INFO - Sync 1 DAGs
[2025-12-20T02:15:26.632+0000] {logging_mixin.py:188} INFO - [2025-12-20T02:15:26.632+0000] {dag.py:3947} INFO - Setting next_dagrun for example_task_group to 2025-12-19 00:00:00+00:00, run_after=2025-12-20 00:00:00+00:00
[2025-12-20T02:15:26.646+0000] {processor.py:183} INFO - Processing /home/airflow/.local/lib/python3.12/site-packages/airflow/example_dags/example_task_group.py took 0.063 seconds
[2025-12-20T02:15:57.281+0000] {processor.py:161} INFO - Started process (PID=1488) to work on /home/airflow/.local/lib/python3.12/site-packages/airflow/example_dags/example_task_group.py
[2025-12-20T02:15:57.282+0000] {processor.py:830} INFO - Processing file /home/airflow/.local/lib/python3.12/site-packages/airflow/example_dags/example_task_group.py for tasks to queue
[2025-12-20T02:15:57.283+0000] {logging_mixin.py:188} INFO - [2025-12-20T02:15:57.283+0000] {dagbag.py:545} INFO - Filling up the DagBag from /home/airflow/.local/lib/python3.12/site-packages/airflow/example_dags/example_task_group.py
[2025-12-20T02:15:57.289+0000] {processor.py:840} INFO - DAG(s) 'example_task_group' retrieved from /home/airflow/.local/lib/python3.12/site-packages/airflow/example_dags/example_task_group.py
[2025-12-20T02:15:57.308+0000] {logging_mixin.py:188} INFO - [2025-12-20T02:15:57.308+0000] {dag.py:3089} INFO - Sync 1 DAGs
[2025-12-20T02:15:57.326+0000] {logging_mixin.py:188} INFO - [2025-12-20T02:15:57.325+0000] {dag.py:3947} INFO - Setting next_dagrun for example_task_group to 2025-12-19 00:00:00+00:00, run_after=2025-12-20 00:00:00+00:00
[2025-12-20T02:15:57.343+0000] {processor.py:183} INFO - Processing /home/airflow/.local/lib/python3.12/site-packages/airflow/example_dags/example_task_group.py took 0.067 seconds
[2025-12-20T02:16:28.049+0000] {processor.py:161} INFO - Started process (PID=1546) to work on /home/airflow/.local/lib/python3.12/site-packages/airflow/example_dags/example_task_group.py
[2025-12-20T02:16:28.050+0000] {processor.py:830} INFO - Processing file /home/airflow/.local/lib/python3.12/site-packages/airflow/example_dags/example_task_group.py for tasks to queue
[2025-12-20T02:16:28.052+0000] {logging_mixin.py:188} INFO - [2025-12-20T02:16:28.052+0000] {dagbag.py:545} INFO - Filling up the DagBag from /home/airflow/.local/lib/python3.12/site-packages/airflow/example_dags/example_task_group.py
[2025-12-20T02:16:28.058+0000] {processor.py:840} INFO - DAG(s) 'example_task_group' retrieved from /home/airflow/.local/lib/python3.12/site-packages/airflow/example_dags/example_task_group.py
[2025-12-20T02:16:28.077+0000] {logging_mixin.py:188} INFO - [2025-12-20T02:16:28.077+0000] {dag.py:3089} INFO - Sync 1 DAGs
[2025-12-20T02:16:28.094+0000] {logging_mixin.py:188} INFO - [2025-12-20T02:16:28.094+0000] {dag.py:3947} INFO - Setting next_dagrun for example_task_group to 2025-12-19 00:00:00+00:00, run_after=2025-12-20 00:00:00+00:00
[2025-12-20T02:16:28.111+0000] {processor.py:183} INFO - Processing /home/airflow/.local/lib/python3.12/site-packages/airflow/example_dags/example_task_group.py took 0.067 seconds
[2025-12-20T02:16:58.810+0000] {processor.py:161} INFO - Started process (PID=1604) to work on /home/airflow/.local/lib/python3.12/site-packages/airflow/example_dags/example_task_group.py
[2025-12-20T02:16:58.811+0000] {processor.py:830} INFO - Processing file /home/airflow/.local/lib/python3.12/site-packages/airflow/example_dags/example_task_group.py for tasks to queue
[2025-12-20T02:16:58.813+0000] {logging_mixin.py:188} INFO - [2025-12-20T02:16:58.812+0000] {dagbag.py:545} INFO - Filling up the DagBag from /home/airflow/.local/lib/python3.12/site-packages/airflow/example_dags/example_task_group.py
[2025-12-20T02:16:58.819+0000] {processor.py:840} INFO - DAG(s) 'example_task_group' retrieved from /home/airflow/.local/lib/python3.12/site-packages/airflow/example_dags/example_task_group.py
[2025-12-20T02:16:58.837+0000] {logging_mixin.py:188} INFO - [2025-12-20T02:16:58.836+0000] {dag.py:3089} INFO - Sync 1 DAGs
[2025-12-20T02:16:58.854+0000] {logging_mixin.py:188} INFO - [2025-12-20T02:16:58.854+0000] {dag.py:3947} INFO - Setting next_dagrun for example_task_group to 2025-12-19 00:00:00+00:00, run_after=2025-12-20 00:00:00+00:00
[2025-12-20T02:16:58.870+0000] {processor.py:183} INFO - Processing /home/airflow/.local/lib/python3.12/site-packages/airflow/example_dags/example_task_group.py took 0.065 seconds
