[2025-12-20T02:03:41.779+0000] {processor.py:161} INFO - Started process (PID=92) to work on /home/airflow/.local/lib/python3.12/site-packages/airflow/example_dags/example_latest_only.py
[2025-12-20T02:03:41.780+0000] {processor.py:830} INFO - Processing file /home/airflow/.local/lib/python3.12/site-packages/airflow/example_dags/example_latest_only.py for tasks to queue
[2025-12-20T02:03:41.782+0000] {logging_mixin.py:188} INFO - [2025-12-20T02:03:41.782+0000] {dagbag.py:545} INFO - Filling up the DagBag from /home/airflow/.local/lib/python3.12/site-packages/airflow/example_dags/example_latest_only.py
[2025-12-20T02:03:41.787+0000] {processor.py:840} INFO - DAG(s) 'latest_only' retrieved from /home/airflow/.local/lib/python3.12/site-packages/airflow/example_dags/example_latest_only.py
[2025-12-20T02:03:41.805+0000] {logging_mixin.py:188} INFO - [2025-12-20T02:03:41.805+0000] {dag.py:3089} INFO - Sync 1 DAGs
[2025-12-20T02:03:41.825+0000] {logging_mixin.py:188} INFO - [2025-12-20T02:03:41.825+0000] {dag.py:3947} INFO - Setting next_dagrun for latest_only to 2025-12-19 20:00:00+00:00, run_after=2025-12-20 00:00:00+00:00
[2025-12-20T02:03:41.843+0000] {processor.py:183} INFO - Processing /home/airflow/.local/lib/python3.12/site-packages/airflow/example_dags/example_latest_only.py took 0.070 seconds
[2025-12-20T02:04:11.960+0000] {processor.py:161} INFO - Started process (PID=150) to work on /home/airflow/.local/lib/python3.12/site-packages/airflow/example_dags/example_latest_only.py
[2025-12-20T02:04:11.962+0000] {processor.py:830} INFO - Processing file /home/airflow/.local/lib/python3.12/site-packages/airflow/example_dags/example_latest_only.py for tasks to queue
[2025-12-20T02:04:11.964+0000] {logging_mixin.py:188} INFO - [2025-12-20T02:04:11.963+0000] {dagbag.py:545} INFO - Filling up the DagBag from /home/airflow/.local/lib/python3.12/site-packages/airflow/example_dags/example_latest_only.py
[2025-12-20T02:04:11.969+0000] {processor.py:840} INFO - DAG(s) 'latest_only' retrieved from /home/airflow/.local/lib/python3.12/site-packages/airflow/example_dags/example_latest_only.py
[2025-12-20T02:04:11.990+0000] {logging_mixin.py:188} INFO - [2025-12-20T02:04:11.989+0000] {dag.py:3089} INFO - Sync 1 DAGs
[2025-12-20T02:04:12.015+0000] {logging_mixin.py:188} INFO - [2025-12-20T02:04:12.015+0000] {dag.py:3947} INFO - Setting next_dagrun for latest_only to 2025-12-19 20:00:00+00:00, run_after=2025-12-20 00:00:00+00:00
[2025-12-20T02:04:12.040+0000] {processor.py:183} INFO - Processing /home/airflow/.local/lib/python3.12/site-packages/airflow/example_dags/example_latest_only.py took 0.086 seconds
[2025-12-20T02:04:42.727+0000] {processor.py:161} INFO - Started process (PID=208) to work on /home/airflow/.local/lib/python3.12/site-packages/airflow/example_dags/example_latest_only.py
[2025-12-20T02:04:42.728+0000] {processor.py:830} INFO - Processing file /home/airflow/.local/lib/python3.12/site-packages/airflow/example_dags/example_latest_only.py for tasks to queue
[2025-12-20T02:04:42.731+0000] {logging_mixin.py:188} INFO - [2025-12-20T02:04:42.731+0000] {dagbag.py:545} INFO - Filling up the DagBag from /home/airflow/.local/lib/python3.12/site-packages/airflow/example_dags/example_latest_only.py
[2025-12-20T02:04:42.737+0000] {processor.py:840} INFO - DAG(s) 'latest_only' retrieved from /home/airflow/.local/lib/python3.12/site-packages/airflow/example_dags/example_latest_only.py
[2025-12-20T02:04:42.761+0000] {logging_mixin.py:188} INFO - [2025-12-20T02:04:42.761+0000] {dag.py:3089} INFO - Sync 1 DAGs
[2025-12-20T02:04:42.788+0000] {logging_mixin.py:188} INFO - [2025-12-20T02:04:42.788+0000] {dag.py:3947} INFO - Setting next_dagrun for latest_only to 2025-12-19 20:00:00+00:00, run_after=2025-12-20 00:00:00+00:00
[2025-12-20T02:04:42.812+0000] {processor.py:183} INFO - Processing /home/airflow/.local/lib/python3.12/site-packages/airflow/example_dags/example_latest_only.py took 0.093 seconds
[2025-12-20T02:05:12.998+0000] {processor.py:161} INFO - Started process (PID=267) to work on /home/airflow/.local/lib/python3.12/site-packages/airflow/example_dags/example_latest_only.py
[2025-12-20T02:05:12.999+0000] {processor.py:830} INFO - Processing file /home/airflow/.local/lib/python3.12/site-packages/airflow/example_dags/example_latest_only.py for tasks to queue
[2025-12-20T02:05:13.001+0000] {logging_mixin.py:188} INFO - [2025-12-20T02:05:13.001+0000] {dagbag.py:545} INFO - Filling up the DagBag from /home/airflow/.local/lib/python3.12/site-packages/airflow/example_dags/example_latest_only.py
[2025-12-20T02:05:13.006+0000] {processor.py:840} INFO - DAG(s) 'latest_only' retrieved from /home/airflow/.local/lib/python3.12/site-packages/airflow/example_dags/example_latest_only.py
[2025-12-20T02:05:13.027+0000] {logging_mixin.py:188} INFO - [2025-12-20T02:05:13.026+0000] {dag.py:3089} INFO - Sync 1 DAGs
[2025-12-20T02:05:13.048+0000] {logging_mixin.py:188} INFO - [2025-12-20T02:05:13.048+0000] {dag.py:3947} INFO - Setting next_dagrun for latest_only to 2025-12-19 20:00:00+00:00, run_after=2025-12-20 00:00:00+00:00
[2025-12-20T02:05:13.068+0000] {processor.py:183} INFO - Processing /home/airflow/.local/lib/python3.12/site-packages/airflow/example_dags/example_latest_only.py took 0.075 seconds
[2025-12-20T02:05:43.100+0000] {processor.py:161} INFO - Started process (PID=325) to work on /home/airflow/.local/lib/python3.12/site-packages/airflow/example_dags/example_latest_only.py
[2025-12-20T02:05:43.101+0000] {processor.py:830} INFO - Processing file /home/airflow/.local/lib/python3.12/site-packages/airflow/example_dags/example_latest_only.py for tasks to queue
[2025-12-20T02:05:43.102+0000] {logging_mixin.py:188} INFO - [2025-12-20T02:05:43.102+0000] {dagbag.py:545} INFO - Filling up the DagBag from /home/airflow/.local/lib/python3.12/site-packages/airflow/example_dags/example_latest_only.py
[2025-12-20T02:05:43.106+0000] {processor.py:840} INFO - DAG(s) 'latest_only' retrieved from /home/airflow/.local/lib/python3.12/site-packages/airflow/example_dags/example_latest_only.py
[2025-12-20T02:05:43.124+0000] {logging_mixin.py:188} INFO - [2025-12-20T02:05:43.124+0000] {dag.py:3089} INFO - Sync 1 DAGs
[2025-12-20T02:05:43.144+0000] {logging_mixin.py:188} INFO - [2025-12-20T02:05:43.144+0000] {dag.py:3947} INFO - Setting next_dagrun for latest_only to 2025-12-19 20:00:00+00:00, run_after=2025-12-20 00:00:00+00:00
[2025-12-20T02:05:43.160+0000] {processor.py:183} INFO - Processing /home/airflow/.local/lib/python3.12/site-packages/airflow/example_dags/example_latest_only.py took 0.066 seconds
[2025-12-20T02:06:13.838+0000] {processor.py:161} INFO - Started process (PID=383) to work on /home/airflow/.local/lib/python3.12/site-packages/airflow/example_dags/example_latest_only.py
[2025-12-20T02:06:13.839+0000] {processor.py:830} INFO - Processing file /home/airflow/.local/lib/python3.12/site-packages/airflow/example_dags/example_latest_only.py for tasks to queue
[2025-12-20T02:06:13.842+0000] {logging_mixin.py:188} INFO - [2025-12-20T02:06:13.841+0000] {dagbag.py:545} INFO - Filling up the DagBag from /home/airflow/.local/lib/python3.12/site-packages/airflow/example_dags/example_latest_only.py
[2025-12-20T02:06:13.847+0000] {processor.py:840} INFO - DAG(s) 'latest_only' retrieved from /home/airflow/.local/lib/python3.12/site-packages/airflow/example_dags/example_latest_only.py
[2025-12-20T02:06:13.868+0000] {logging_mixin.py:188} INFO - [2025-12-20T02:06:13.867+0000] {dag.py:3089} INFO - Sync 1 DAGs
[2025-12-20T02:06:13.894+0000] {logging_mixin.py:188} INFO - [2025-12-20T02:06:13.894+0000] {dag.py:3947} INFO - Setting next_dagrun for latest_only to 2025-12-19 20:00:00+00:00, run_after=2025-12-20 00:00:00+00:00
[2025-12-20T02:06:13.920+0000] {processor.py:183} INFO - Processing /home/airflow/.local/lib/python3.12/site-packages/airflow/example_dags/example_latest_only.py took 0.089 seconds
[2025-12-20T02:06:44.566+0000] {processor.py:161} INFO - Started process (PID=441) to work on /home/airflow/.local/lib/python3.12/site-packages/airflow/example_dags/example_latest_only.py
[2025-12-20T02:06:44.567+0000] {processor.py:830} INFO - Processing file /home/airflow/.local/lib/python3.12/site-packages/airflow/example_dags/example_latest_only.py for tasks to queue
[2025-12-20T02:06:44.568+0000] {logging_mixin.py:188} INFO - [2025-12-20T02:06:44.568+0000] {dagbag.py:545} INFO - Filling up the DagBag from /home/airflow/.local/lib/python3.12/site-packages/airflow/example_dags/example_latest_only.py
[2025-12-20T02:06:44.573+0000] {processor.py:840} INFO - DAG(s) 'latest_only' retrieved from /home/airflow/.local/lib/python3.12/site-packages/airflow/example_dags/example_latest_only.py
[2025-12-20T02:06:44.590+0000] {logging_mixin.py:188} INFO - [2025-12-20T02:06:44.590+0000] {dag.py:3089} INFO - Sync 1 DAGs
[2025-12-20T02:06:44.610+0000] {logging_mixin.py:188} INFO - [2025-12-20T02:06:44.610+0000] {dag.py:3947} INFO - Setting next_dagrun for latest_only to 2025-12-19 20:00:00+00:00, run_after=2025-12-20 00:00:00+00:00
[2025-12-20T02:06:44.627+0000] {processor.py:183} INFO - Processing /home/airflow/.local/lib/python3.12/site-packages/airflow/example_dags/example_latest_only.py took 0.066 seconds
[2025-12-20T02:07:15.262+0000] {processor.py:161} INFO - Started process (PID=499) to work on /home/airflow/.local/lib/python3.12/site-packages/airflow/example_dags/example_latest_only.py
[2025-12-20T02:07:15.263+0000] {processor.py:830} INFO - Processing file /home/airflow/.local/lib/python3.12/site-packages/airflow/example_dags/example_latest_only.py for tasks to queue
[2025-12-20T02:07:15.265+0000] {logging_mixin.py:188} INFO - [2025-12-20T02:07:15.264+0000] {dagbag.py:545} INFO - Filling up the DagBag from /home/airflow/.local/lib/python3.12/site-packages/airflow/example_dags/example_latest_only.py
[2025-12-20T02:07:15.269+0000] {processor.py:840} INFO - DAG(s) 'latest_only' retrieved from /home/airflow/.local/lib/python3.12/site-packages/airflow/example_dags/example_latest_only.py
[2025-12-20T02:07:15.287+0000] {logging_mixin.py:188} INFO - [2025-12-20T02:07:15.286+0000] {dag.py:3089} INFO - Sync 1 DAGs
[2025-12-20T02:07:15.306+0000] {logging_mixin.py:188} INFO - [2025-12-20T02:07:15.306+0000] {dag.py:3947} INFO - Setting next_dagrun for latest_only to 2025-12-19 20:00:00+00:00, run_after=2025-12-20 00:00:00+00:00
[2025-12-20T02:07:15.326+0000] {processor.py:183} INFO - Processing /home/airflow/.local/lib/python3.12/site-packages/airflow/example_dags/example_latest_only.py took 0.069 seconds
[2025-12-20T02:07:45.799+0000] {processor.py:161} INFO - Started process (PID=557) to work on /home/airflow/.local/lib/python3.12/site-packages/airflow/example_dags/example_latest_only.py
[2025-12-20T02:07:45.801+0000] {processor.py:830} INFO - Processing file /home/airflow/.local/lib/python3.12/site-packages/airflow/example_dags/example_latest_only.py for tasks to queue
[2025-12-20T02:07:45.803+0000] {logging_mixin.py:188} INFO - [2025-12-20T02:07:45.803+0000] {dagbag.py:545} INFO - Filling up the DagBag from /home/airflow/.local/lib/python3.12/site-packages/airflow/example_dags/example_latest_only.py
[2025-12-20T02:07:45.810+0000] {processor.py:840} INFO - DAG(s) 'latest_only' retrieved from /home/airflow/.local/lib/python3.12/site-packages/airflow/example_dags/example_latest_only.py
[2025-12-20T02:07:45.831+0000] {logging_mixin.py:188} INFO - [2025-12-20T02:07:45.831+0000] {dag.py:3089} INFO - Sync 1 DAGs
[2025-12-20T02:07:45.854+0000] {logging_mixin.py:188} INFO - [2025-12-20T02:07:45.853+0000] {dag.py:3947} INFO - Setting next_dagrun for latest_only to 2025-12-19 20:00:00+00:00, run_after=2025-12-20 00:00:00+00:00
[2025-12-20T02:07:45.872+0000] {processor.py:183} INFO - Processing /home/airflow/.local/lib/python3.12/site-packages/airflow/example_dags/example_latest_only.py took 0.080 seconds
[2025-12-20T02:08:16.861+0000] {processor.py:161} INFO - Started process (PID=615) to work on /home/airflow/.local/lib/python3.12/site-packages/airflow/example_dags/example_latest_only.py
[2025-12-20T02:08:16.862+0000] {processor.py:830} INFO - Processing file /home/airflow/.local/lib/python3.12/site-packages/airflow/example_dags/example_latest_only.py for tasks to queue
[2025-12-20T02:08:16.864+0000] {logging_mixin.py:188} INFO - [2025-12-20T02:08:16.863+0000] {dagbag.py:545} INFO - Filling up the DagBag from /home/airflow/.local/lib/python3.12/site-packages/airflow/example_dags/example_latest_only.py
[2025-12-20T02:08:16.872+0000] {processor.py:840} INFO - DAG(s) 'latest_only' retrieved from /home/airflow/.local/lib/python3.12/site-packages/airflow/example_dags/example_latest_only.py
[2025-12-20T02:08:16.901+0000] {logging_mixin.py:188} INFO - [2025-12-20T02:08:16.901+0000] {dag.py:3089} INFO - Sync 1 DAGs
[2025-12-20T02:08:16.937+0000] {logging_mixin.py:188} INFO - [2025-12-20T02:08:16.936+0000] {dag.py:3947} INFO - Setting next_dagrun for latest_only to 2025-12-19 20:00:00+00:00, run_after=2025-12-20 00:00:00+00:00
[2025-12-20T02:08:16.962+0000] {processor.py:183} INFO - Processing /home/airflow/.local/lib/python3.12/site-packages/airflow/example_dags/example_latest_only.py took 0.109 seconds
[2025-12-20T02:08:47.044+0000] {processor.py:161} INFO - Started process (PID=673) to work on /home/airflow/.local/lib/python3.12/site-packages/airflow/example_dags/example_latest_only.py
[2025-12-20T02:08:47.045+0000] {processor.py:830} INFO - Processing file /home/airflow/.local/lib/python3.12/site-packages/airflow/example_dags/example_latest_only.py for tasks to queue
[2025-12-20T02:08:47.047+0000] {logging_mixin.py:188} INFO - [2025-12-20T02:08:47.046+0000] {dagbag.py:545} INFO - Filling up the DagBag from /home/airflow/.local/lib/python3.12/site-packages/airflow/example_dags/example_latest_only.py
[2025-12-20T02:08:47.052+0000] {processor.py:840} INFO - DAG(s) 'latest_only' retrieved from /home/airflow/.local/lib/python3.12/site-packages/airflow/example_dags/example_latest_only.py
[2025-12-20T02:08:47.069+0000] {logging_mixin.py:188} INFO - [2025-12-20T02:08:47.069+0000] {dag.py:3089} INFO - Sync 1 DAGs
[2025-12-20T02:08:47.090+0000] {logging_mixin.py:188} INFO - [2025-12-20T02:08:47.090+0000] {dag.py:3947} INFO - Setting next_dagrun for latest_only to 2025-12-19 20:00:00+00:00, run_after=2025-12-20 00:00:00+00:00
[2025-12-20T02:08:47.110+0000] {processor.py:183} INFO - Processing /home/airflow/.local/lib/python3.12/site-packages/airflow/example_dags/example_latest_only.py took 0.072 seconds
[2025-12-20T02:09:17.445+0000] {processor.py:161} INFO - Started process (PID=731) to work on /home/airflow/.local/lib/python3.12/site-packages/airflow/example_dags/example_latest_only.py
[2025-12-20T02:09:17.447+0000] {processor.py:830} INFO - Processing file /home/airflow/.local/lib/python3.12/site-packages/airflow/example_dags/example_latest_only.py for tasks to queue
[2025-12-20T02:09:17.449+0000] {logging_mixin.py:188} INFO - [2025-12-20T02:09:17.449+0000] {dagbag.py:545} INFO - Filling up the DagBag from /home/airflow/.local/lib/python3.12/site-packages/airflow/example_dags/example_latest_only.py
[2025-12-20T02:09:17.456+0000] {processor.py:840} INFO - DAG(s) 'latest_only' retrieved from /home/airflow/.local/lib/python3.12/site-packages/airflow/example_dags/example_latest_only.py
[2025-12-20T02:09:17.485+0000] {logging_mixin.py:188} INFO - [2025-12-20T02:09:17.485+0000] {dag.py:3089} INFO - Sync 1 DAGs
[2025-12-20T02:09:17.516+0000] {logging_mixin.py:188} INFO - [2025-12-20T02:09:17.516+0000] {dag.py:3947} INFO - Setting next_dagrun for latest_only to 2025-12-19 20:00:00+00:00, run_after=2025-12-20 00:00:00+00:00
[2025-12-20T02:09:17.541+0000] {processor.py:183} INFO - Processing /home/airflow/.local/lib/python3.12/site-packages/airflow/example_dags/example_latest_only.py took 0.104 seconds
[2025-12-20T02:09:47.858+0000] {processor.py:161} INFO - Started process (PID=789) to work on /home/airflow/.local/lib/python3.12/site-packages/airflow/example_dags/example_latest_only.py
[2025-12-20T02:09:47.859+0000] {processor.py:830} INFO - Processing file /home/airflow/.local/lib/python3.12/site-packages/airflow/example_dags/example_latest_only.py for tasks to queue
[2025-12-20T02:09:47.861+0000] {logging_mixin.py:188} INFO - [2025-12-20T02:09:47.861+0000] {dagbag.py:545} INFO - Filling up the DagBag from /home/airflow/.local/lib/python3.12/site-packages/airflow/example_dags/example_latest_only.py
[2025-12-20T02:09:47.866+0000] {processor.py:840} INFO - DAG(s) 'latest_only' retrieved from /home/airflow/.local/lib/python3.12/site-packages/airflow/example_dags/example_latest_only.py
[2025-12-20T02:09:47.885+0000] {logging_mixin.py:188} INFO - [2025-12-20T02:09:47.885+0000] {dag.py:3089} INFO - Sync 1 DAGs
[2025-12-20T02:09:47.906+0000] {logging_mixin.py:188} INFO - [2025-12-20T02:09:47.906+0000] {dag.py:3947} INFO - Setting next_dagrun for latest_only to 2025-12-19 20:00:00+00:00, run_after=2025-12-20 00:00:00+00:00
[2025-12-20T02:09:47.925+0000] {processor.py:183} INFO - Processing /home/airflow/.local/lib/python3.12/site-packages/airflow/example_dags/example_latest_only.py took 0.073 seconds
[2025-12-20T02:10:18.695+0000] {processor.py:161} INFO - Started process (PID=847) to work on /home/airflow/.local/lib/python3.12/site-packages/airflow/example_dags/example_latest_only.py
[2025-12-20T02:10:18.696+0000] {processor.py:830} INFO - Processing file /home/airflow/.local/lib/python3.12/site-packages/airflow/example_dags/example_latest_only.py for tasks to queue
[2025-12-20T02:10:18.697+0000] {logging_mixin.py:188} INFO - [2025-12-20T02:10:18.697+0000] {dagbag.py:545} INFO - Filling up the DagBag from /home/airflow/.local/lib/python3.12/site-packages/airflow/example_dags/example_latest_only.py
[2025-12-20T02:10:18.702+0000] {processor.py:840} INFO - DAG(s) 'latest_only' retrieved from /home/airflow/.local/lib/python3.12/site-packages/airflow/example_dags/example_latest_only.py
[2025-12-20T02:10:18.722+0000] {logging_mixin.py:188} INFO - [2025-12-20T02:10:18.722+0000] {dag.py:3089} INFO - Sync 1 DAGs
[2025-12-20T02:10:18.744+0000] {logging_mixin.py:188} INFO - [2025-12-20T02:10:18.744+0000] {dag.py:3947} INFO - Setting next_dagrun for latest_only to 2025-12-19 20:00:00+00:00, run_after=2025-12-20 00:00:00+00:00
[2025-12-20T02:10:18.766+0000] {processor.py:183} INFO - Processing /home/airflow/.local/lib/python3.12/site-packages/airflow/example_dags/example_latest_only.py took 0.077 seconds
[2025-12-20T02:10:49.521+0000] {processor.py:161} INFO - Started process (PID=905) to work on /home/airflow/.local/lib/python3.12/site-packages/airflow/example_dags/example_latest_only.py
[2025-12-20T02:10:49.522+0000] {processor.py:830} INFO - Processing file /home/airflow/.local/lib/python3.12/site-packages/airflow/example_dags/example_latest_only.py for tasks to queue
[2025-12-20T02:10:49.524+0000] {logging_mixin.py:188} INFO - [2025-12-20T02:10:49.524+0000] {dagbag.py:545} INFO - Filling up the DagBag from /home/airflow/.local/lib/python3.12/site-packages/airflow/example_dags/example_latest_only.py
[2025-12-20T02:10:49.529+0000] {processor.py:840} INFO - DAG(s) 'latest_only' retrieved from /home/airflow/.local/lib/python3.12/site-packages/airflow/example_dags/example_latest_only.py
[2025-12-20T02:10:49.549+0000] {logging_mixin.py:188} INFO - [2025-12-20T02:10:49.549+0000] {dag.py:3089} INFO - Sync 1 DAGs
[2025-12-20T02:10:49.569+0000] {logging_mixin.py:188} INFO - [2025-12-20T02:10:49.568+0000] {dag.py:3947} INFO - Setting next_dagrun for latest_only to 2025-12-19 20:00:00+00:00, run_after=2025-12-20 00:00:00+00:00
[2025-12-20T02:10:49.588+0000] {processor.py:183} INFO - Processing /home/airflow/.local/lib/python3.12/site-packages/airflow/example_dags/example_latest_only.py took 0.073 seconds
[2025-12-20T02:11:20.331+0000] {processor.py:161} INFO - Started process (PID=963) to work on /home/airflow/.local/lib/python3.12/site-packages/airflow/example_dags/example_latest_only.py
[2025-12-20T02:11:20.333+0000] {processor.py:830} INFO - Processing file /home/airflow/.local/lib/python3.12/site-packages/airflow/example_dags/example_latest_only.py for tasks to queue
[2025-12-20T02:11:20.334+0000] {logging_mixin.py:188} INFO - [2025-12-20T02:11:20.334+0000] {dagbag.py:545} INFO - Filling up the DagBag from /home/airflow/.local/lib/python3.12/site-packages/airflow/example_dags/example_latest_only.py
[2025-12-20T02:11:20.339+0000] {processor.py:840} INFO - DAG(s) 'latest_only' retrieved from /home/airflow/.local/lib/python3.12/site-packages/airflow/example_dags/example_latest_only.py
[2025-12-20T02:11:20.357+0000] {logging_mixin.py:188} INFO - [2025-12-20T02:11:20.357+0000] {dag.py:3089} INFO - Sync 1 DAGs
[2025-12-20T02:11:20.377+0000] {logging_mixin.py:188} INFO - [2025-12-20T02:11:20.377+0000] {dag.py:3947} INFO - Setting next_dagrun for latest_only to 2025-12-19 20:00:00+00:00, run_after=2025-12-20 00:00:00+00:00
[2025-12-20T02:11:20.399+0000] {processor.py:183} INFO - Processing /home/airflow/.local/lib/python3.12/site-packages/airflow/example_dags/example_latest_only.py took 0.074 seconds
[2025-12-20T02:11:51.022+0000] {processor.py:161} INFO - Started process (PID=1021) to work on /home/airflow/.local/lib/python3.12/site-packages/airflow/example_dags/example_latest_only.py
[2025-12-20T02:11:51.023+0000] {processor.py:830} INFO - Processing file /home/airflow/.local/lib/python3.12/site-packages/airflow/example_dags/example_latest_only.py for tasks to queue
[2025-12-20T02:11:51.025+0000] {logging_mixin.py:188} INFO - [2025-12-20T02:11:51.024+0000] {dagbag.py:545} INFO - Filling up the DagBag from /home/airflow/.local/lib/python3.12/site-packages/airflow/example_dags/example_latest_only.py
[2025-12-20T02:11:51.029+0000] {processor.py:840} INFO - DAG(s) 'latest_only' retrieved from /home/airflow/.local/lib/python3.12/site-packages/airflow/example_dags/example_latest_only.py
[2025-12-20T02:11:51.046+0000] {logging_mixin.py:188} INFO - [2025-12-20T02:11:51.046+0000] {dag.py:3089} INFO - Sync 1 DAGs
[2025-12-20T02:11:51.065+0000] {logging_mixin.py:188} INFO - [2025-12-20T02:11:51.065+0000] {dag.py:3947} INFO - Setting next_dagrun for latest_only to 2025-12-19 20:00:00+00:00, run_after=2025-12-20 00:00:00+00:00
[2025-12-20T02:11:51.084+0000] {processor.py:183} INFO - Processing /home/airflow/.local/lib/python3.12/site-packages/airflow/example_dags/example_latest_only.py took 0.067 seconds
[2025-12-20T02:12:21.782+0000] {processor.py:161} INFO - Started process (PID=1079) to work on /home/airflow/.local/lib/python3.12/site-packages/airflow/example_dags/example_latest_only.py
[2025-12-20T02:12:21.783+0000] {processor.py:830} INFO - Processing file /home/airflow/.local/lib/python3.12/site-packages/airflow/example_dags/example_latest_only.py for tasks to queue
[2025-12-20T02:12:21.785+0000] {logging_mixin.py:188} INFO - [2025-12-20T02:12:21.785+0000] {dagbag.py:545} INFO - Filling up the DagBag from /home/airflow/.local/lib/python3.12/site-packages/airflow/example_dags/example_latest_only.py
[2025-12-20T02:12:21.790+0000] {processor.py:840} INFO - DAG(s) 'latest_only' retrieved from /home/airflow/.local/lib/python3.12/site-packages/airflow/example_dags/example_latest_only.py
[2025-12-20T02:12:21.808+0000] {logging_mixin.py:188} INFO - [2025-12-20T02:12:21.808+0000] {dag.py:3089} INFO - Sync 1 DAGs
[2025-12-20T02:12:21.828+0000] {logging_mixin.py:188} INFO - [2025-12-20T02:12:21.828+0000] {dag.py:3947} INFO - Setting next_dagrun for latest_only to 2025-12-19 20:00:00+00:00, run_after=2025-12-20 00:00:00+00:00
[2025-12-20T02:12:21.845+0000] {processor.py:183} INFO - Processing /home/airflow/.local/lib/python3.12/site-packages/airflow/example_dags/example_latest_only.py took 0.068 seconds
[2025-12-20T02:12:52.910+0000] {processor.py:161} INFO - Started process (PID=1137) to work on /home/airflow/.local/lib/python3.12/site-packages/airflow/example_dags/example_latest_only.py
[2025-12-20T02:12:52.911+0000] {processor.py:830} INFO - Processing file /home/airflow/.local/lib/python3.12/site-packages/airflow/example_dags/example_latest_only.py for tasks to queue
[2025-12-20T02:12:52.912+0000] {logging_mixin.py:188} INFO - [2025-12-20T02:12:52.912+0000] {dagbag.py:545} INFO - Filling up the DagBag from /home/airflow/.local/lib/python3.12/site-packages/airflow/example_dags/example_latest_only.py
[2025-12-20T02:12:52.917+0000] {processor.py:840} INFO - DAG(s) 'latest_only' retrieved from /home/airflow/.local/lib/python3.12/site-packages/airflow/example_dags/example_latest_only.py
[2025-12-20T02:12:52.935+0000] {logging_mixin.py:188} INFO - [2025-12-20T02:12:52.935+0000] {dag.py:3089} INFO - Sync 1 DAGs
[2025-12-20T02:12:52.956+0000] {logging_mixin.py:188} INFO - [2025-12-20T02:12:52.955+0000] {dag.py:3947} INFO - Setting next_dagrun for latest_only to 2025-12-19 20:00:00+00:00, run_after=2025-12-20 00:00:00+00:00
[2025-12-20T02:12:52.973+0000] {processor.py:183} INFO - Processing /home/airflow/.local/lib/python3.12/site-packages/airflow/example_dags/example_latest_only.py took 0.069 seconds
[2025-12-20T02:13:23.622+0000] {processor.py:161} INFO - Started process (PID=1195) to work on /home/airflow/.local/lib/python3.12/site-packages/airflow/example_dags/example_latest_only.py
[2025-12-20T02:13:23.623+0000] {processor.py:830} INFO - Processing file /home/airflow/.local/lib/python3.12/site-packages/airflow/example_dags/example_latest_only.py for tasks to queue
[2025-12-20T02:13:23.625+0000] {logging_mixin.py:188} INFO - [2025-12-20T02:13:23.624+0000] {dagbag.py:545} INFO - Filling up the DagBag from /home/airflow/.local/lib/python3.12/site-packages/airflow/example_dags/example_latest_only.py
[2025-12-20T02:13:23.629+0000] {processor.py:840} INFO - DAG(s) 'latest_only' retrieved from /home/airflow/.local/lib/python3.12/site-packages/airflow/example_dags/example_latest_only.py
[2025-12-20T02:13:23.645+0000] {logging_mixin.py:188} INFO - [2025-12-20T02:13:23.645+0000] {dag.py:3089} INFO - Sync 1 DAGs
[2025-12-20T02:13:23.667+0000] {logging_mixin.py:188} INFO - [2025-12-20T02:13:23.667+0000] {dag.py:3947} INFO - Setting next_dagrun for latest_only to 2025-12-19 20:00:00+00:00, run_after=2025-12-20 00:00:00+00:00
[2025-12-20T02:13:23.688+0000] {processor.py:183} INFO - Processing /home/airflow/.local/lib/python3.12/site-packages/airflow/example_dags/example_latest_only.py took 0.071 seconds
[2025-12-20T02:13:54.344+0000] {processor.py:161} INFO - Started process (PID=1253) to work on /home/airflow/.local/lib/python3.12/site-packages/airflow/example_dags/example_latest_only.py
[2025-12-20T02:13:54.345+0000] {processor.py:830} INFO - Processing file /home/airflow/.local/lib/python3.12/site-packages/airflow/example_dags/example_latest_only.py for tasks to queue
[2025-12-20T02:13:54.346+0000] {logging_mixin.py:188} INFO - [2025-12-20T02:13:54.346+0000] {dagbag.py:545} INFO - Filling up the DagBag from /home/airflow/.local/lib/python3.12/site-packages/airflow/example_dags/example_latest_only.py
[2025-12-20T02:13:54.350+0000] {processor.py:840} INFO - DAG(s) 'latest_only' retrieved from /home/airflow/.local/lib/python3.12/site-packages/airflow/example_dags/example_latest_only.py
[2025-12-20T02:13:54.366+0000] {logging_mixin.py:188} INFO - [2025-12-20T02:13:54.365+0000] {dag.py:3089} INFO - Sync 1 DAGs
[2025-12-20T02:13:54.384+0000] {logging_mixin.py:188} INFO - [2025-12-20T02:13:54.384+0000] {dag.py:3947} INFO - Setting next_dagrun for latest_only to 2025-12-19 20:00:00+00:00, run_after=2025-12-20 00:00:00+00:00
[2025-12-20T02:13:54.401+0000] {processor.py:183} INFO - Processing /home/airflow/.local/lib/python3.12/site-packages/airflow/example_dags/example_latest_only.py took 0.062 seconds
[2025-12-20T02:14:25.126+0000] {processor.py:161} INFO - Started process (PID=1311) to work on /home/airflow/.local/lib/python3.12/site-packages/airflow/example_dags/example_latest_only.py
[2025-12-20T02:14:25.127+0000] {processor.py:830} INFO - Processing file /home/airflow/.local/lib/python3.12/site-packages/airflow/example_dags/example_latest_only.py for tasks to queue
[2025-12-20T02:14:25.129+0000] {logging_mixin.py:188} INFO - [2025-12-20T02:14:25.129+0000] {dagbag.py:545} INFO - Filling up the DagBag from /home/airflow/.local/lib/python3.12/site-packages/airflow/example_dags/example_latest_only.py
[2025-12-20T02:14:25.133+0000] {processor.py:840} INFO - DAG(s) 'latest_only' retrieved from /home/airflow/.local/lib/python3.12/site-packages/airflow/example_dags/example_latest_only.py
[2025-12-20T02:14:25.149+0000] {logging_mixin.py:188} INFO - [2025-12-20T02:14:25.149+0000] {dag.py:3089} INFO - Sync 1 DAGs
[2025-12-20T02:14:25.167+0000] {logging_mixin.py:188} INFO - [2025-12-20T02:14:25.167+0000] {dag.py:3947} INFO - Setting next_dagrun for latest_only to 2025-12-19 20:00:00+00:00, run_after=2025-12-20 00:00:00+00:00
[2025-12-20T02:14:25.184+0000] {processor.py:183} INFO - Processing /home/airflow/.local/lib/python3.12/site-packages/airflow/example_dags/example_latest_only.py took 0.063 seconds
[2025-12-20T02:14:55.817+0000] {processor.py:161} INFO - Started process (PID=1369) to work on /home/airflow/.local/lib/python3.12/site-packages/airflow/example_dags/example_latest_only.py
[2025-12-20T02:14:55.818+0000] {processor.py:830} INFO - Processing file /home/airflow/.local/lib/python3.12/site-packages/airflow/example_dags/example_latest_only.py for tasks to queue
[2025-12-20T02:14:55.820+0000] {logging_mixin.py:188} INFO - [2025-12-20T02:14:55.819+0000] {dagbag.py:545} INFO - Filling up the DagBag from /home/airflow/.local/lib/python3.12/site-packages/airflow/example_dags/example_latest_only.py
[2025-12-20T02:14:55.824+0000] {processor.py:840} INFO - DAG(s) 'latest_only' retrieved from /home/airflow/.local/lib/python3.12/site-packages/airflow/example_dags/example_latest_only.py
[2025-12-20T02:14:55.840+0000] {logging_mixin.py:188} INFO - [2025-12-20T02:14:55.840+0000] {dag.py:3089} INFO - Sync 1 DAGs
[2025-12-20T02:14:55.858+0000] {logging_mixin.py:188} INFO - [2025-12-20T02:14:55.858+0000] {dag.py:3947} INFO - Setting next_dagrun for latest_only to 2025-12-19 20:00:00+00:00, run_after=2025-12-20 00:00:00+00:00
[2025-12-20T02:14:55.875+0000] {processor.py:183} INFO - Processing /home/airflow/.local/lib/python3.12/site-packages/airflow/example_dags/example_latest_only.py took 0.063 seconds
[2025-12-20T02:15:26.422+0000] {processor.py:161} INFO - Started process (PID=1427) to work on /home/airflow/.local/lib/python3.12/site-packages/airflow/example_dags/example_latest_only.py
[2025-12-20T02:15:26.423+0000] {processor.py:830} INFO - Processing file /home/airflow/.local/lib/python3.12/site-packages/airflow/example_dags/example_latest_only.py for tasks to queue
[2025-12-20T02:15:26.424+0000] {logging_mixin.py:188} INFO - [2025-12-20T02:15:26.424+0000] {dagbag.py:545} INFO - Filling up the DagBag from /home/airflow/.local/lib/python3.12/site-packages/airflow/example_dags/example_latest_only.py
[2025-12-20T02:15:26.428+0000] {processor.py:840} INFO - DAG(s) 'latest_only' retrieved from /home/airflow/.local/lib/python3.12/site-packages/airflow/example_dags/example_latest_only.py
[2025-12-20T02:15:26.443+0000] {logging_mixin.py:188} INFO - [2025-12-20T02:15:26.443+0000] {dag.py:3089} INFO - Sync 1 DAGs
[2025-12-20T02:15:26.462+0000] {logging_mixin.py:188} INFO - [2025-12-20T02:15:26.461+0000] {dag.py:3947} INFO - Setting next_dagrun for latest_only to 2025-12-19 20:00:00+00:00, run_after=2025-12-20 00:00:00+00:00
[2025-12-20T02:15:26.480+0000] {processor.py:183} INFO - Processing /home/airflow/.local/lib/python3.12/site-packages/airflow/example_dags/example_latest_only.py took 0.063 seconds
[2025-12-20T02:15:57.117+0000] {processor.py:161} INFO - Started process (PID=1485) to work on /home/airflow/.local/lib/python3.12/site-packages/airflow/example_dags/example_latest_only.py
[2025-12-20T02:15:57.117+0000] {processor.py:830} INFO - Processing file /home/airflow/.local/lib/python3.12/site-packages/airflow/example_dags/example_latest_only.py for tasks to queue
[2025-12-20T02:15:57.119+0000] {logging_mixin.py:188} INFO - [2025-12-20T02:15:57.119+0000] {dagbag.py:545} INFO - Filling up the DagBag from /home/airflow/.local/lib/python3.12/site-packages/airflow/example_dags/example_latest_only.py
[2025-12-20T02:15:57.123+0000] {processor.py:840} INFO - DAG(s) 'latest_only' retrieved from /home/airflow/.local/lib/python3.12/site-packages/airflow/example_dags/example_latest_only.py
[2025-12-20T02:15:57.139+0000] {logging_mixin.py:188} INFO - [2025-12-20T02:15:57.138+0000] {dag.py:3089} INFO - Sync 1 DAGs
[2025-12-20T02:15:57.156+0000] {logging_mixin.py:188} INFO - [2025-12-20T02:15:57.155+0000] {dag.py:3947} INFO - Setting next_dagrun for latest_only to 2025-12-19 20:00:00+00:00, run_after=2025-12-20 00:00:00+00:00
[2025-12-20T02:15:57.174+0000] {processor.py:183} INFO - Processing /home/airflow/.local/lib/python3.12/site-packages/airflow/example_dags/example_latest_only.py took 0.062 seconds
[2025-12-20T02:16:27.857+0000] {processor.py:161} INFO - Started process (PID=1543) to work on /home/airflow/.local/lib/python3.12/site-packages/airflow/example_dags/example_latest_only.py
[2025-12-20T02:16:27.858+0000] {processor.py:830} INFO - Processing file /home/airflow/.local/lib/python3.12/site-packages/airflow/example_dags/example_latest_only.py for tasks to queue
[2025-12-20T02:16:27.860+0000] {logging_mixin.py:188} INFO - [2025-12-20T02:16:27.859+0000] {dagbag.py:545} INFO - Filling up the DagBag from /home/airflow/.local/lib/python3.12/site-packages/airflow/example_dags/example_latest_only.py
[2025-12-20T02:16:27.863+0000] {processor.py:840} INFO - DAG(s) 'latest_only' retrieved from /home/airflow/.local/lib/python3.12/site-packages/airflow/example_dags/example_latest_only.py
[2025-12-20T02:16:27.881+0000] {logging_mixin.py:188} INFO - [2025-12-20T02:16:27.881+0000] {dag.py:3089} INFO - Sync 1 DAGs
[2025-12-20T02:16:27.899+0000] {logging_mixin.py:188} INFO - [2025-12-20T02:16:27.898+0000] {dag.py:3947} INFO - Setting next_dagrun for latest_only to 2025-12-19 20:00:00+00:00, run_after=2025-12-20 00:00:00+00:00
[2025-12-20T02:16:27.917+0000] {processor.py:183} INFO - Processing /home/airflow/.local/lib/python3.12/site-packages/airflow/example_dags/example_latest_only.py took 0.064 seconds
[2025-12-20T02:16:58.642+0000] {processor.py:161} INFO - Started process (PID=1601) to work on /home/airflow/.local/lib/python3.12/site-packages/airflow/example_dags/example_latest_only.py
[2025-12-20T02:16:58.643+0000] {processor.py:830} INFO - Processing file /home/airflow/.local/lib/python3.12/site-packages/airflow/example_dags/example_latest_only.py for tasks to queue
[2025-12-20T02:16:58.645+0000] {logging_mixin.py:188} INFO - [2025-12-20T02:16:58.644+0000] {dagbag.py:545} INFO - Filling up the DagBag from /home/airflow/.local/lib/python3.12/site-packages/airflow/example_dags/example_latest_only.py
[2025-12-20T02:16:58.649+0000] {processor.py:840} INFO - DAG(s) 'latest_only' retrieved from /home/airflow/.local/lib/python3.12/site-packages/airflow/example_dags/example_latest_only.py
[2025-12-20T02:16:58.665+0000] {logging_mixin.py:188} INFO - [2025-12-20T02:16:58.664+0000] {dag.py:3089} INFO - Sync 1 DAGs
[2025-12-20T02:16:58.682+0000] {logging_mixin.py:188} INFO - [2025-12-20T02:16:58.681+0000] {dag.py:3947} INFO - Setting next_dagrun for latest_only to 2025-12-19 20:00:00+00:00, run_after=2025-12-20 00:00:00+00:00
[2025-12-20T02:16:58.698+0000] {processor.py:183} INFO - Processing /home/airflow/.local/lib/python3.12/site-packages/airflow/example_dags/example_latest_only.py took 0.061 seconds
