[2025-12-20T02:03:39.242+0000] {processor.py:161} INFO - Started process (PID=58) to work on /home/airflow/.local/lib/python3.12/site-packages/airflow/example_dags/example_external_task_marker_dag.py
[2025-12-20T02:03:39.243+0000] {processor.py:830} INFO - Processing file /home/airflow/.local/lib/python3.12/site-packages/airflow/example_dags/example_external_task_marker_dag.py for tasks to queue
[2025-12-20T02:03:39.245+0000] {logging_mixin.py:188} INFO - [2025-12-20T02:03:39.245+0000] {dagbag.py:545} INFO - Filling up the DagBag from /home/airflow/.local/lib/python3.12/site-packages/airflow/example_dags/example_external_task_marker_dag.py
[2025-12-20T02:03:39.253+0000] {processor.py:840} INFO - DAG(s) 'example_external_task_marker_child', 'example_external_task_marker_parent' retrieved from /home/airflow/.local/lib/python3.12/site-packages/airflow/example_dags/example_external_task_marker_dag.py
[2025-12-20T02:03:39.274+0000] {logging_mixin.py:188} INFO - [2025-12-20T02:03:39.274+0000] {dag.py:3089} INFO - Sync 2 DAGs
[2025-12-20T02:03:39.289+0000] {logging_mixin.py:188} INFO - [2025-12-20T02:03:39.288+0000] {dag.py:3947} INFO - Setting next_dagrun for example_external_task_marker_child to None, run_after=None
[2025-12-20T02:03:39.293+0000] {logging_mixin.py:188} INFO - [2025-12-20T02:03:39.292+0000] {dag.py:3947} INFO - Setting next_dagrun for example_external_task_marker_parent to None, run_after=None
[2025-12-20T02:03:39.310+0000] {processor.py:183} INFO - Processing /home/airflow/.local/lib/python3.12/site-packages/airflow/example_dags/example_external_task_marker_dag.py took 0.073 seconds
[2025-12-20T02:04:09.447+0000] {processor.py:161} INFO - Started process (PID=116) to work on /home/airflow/.local/lib/python3.12/site-packages/airflow/example_dags/example_external_task_marker_dag.py
[2025-12-20T02:04:09.448+0000] {processor.py:830} INFO - Processing file /home/airflow/.local/lib/python3.12/site-packages/airflow/example_dags/example_external_task_marker_dag.py for tasks to queue
[2025-12-20T02:04:09.450+0000] {logging_mixin.py:188} INFO - [2025-12-20T02:04:09.449+0000] {dagbag.py:545} INFO - Filling up the DagBag from /home/airflow/.local/lib/python3.12/site-packages/airflow/example_dags/example_external_task_marker_dag.py
[2025-12-20T02:04:09.456+0000] {processor.py:840} INFO - DAG(s) 'example_external_task_marker_child', 'example_external_task_marker_parent' retrieved from /home/airflow/.local/lib/python3.12/site-packages/airflow/example_dags/example_external_task_marker_dag.py
[2025-12-20T02:04:09.480+0000] {logging_mixin.py:188} INFO - [2025-12-20T02:04:09.480+0000] {dag.py:3089} INFO - Sync 2 DAGs
[2025-12-20T02:04:09.493+0000] {logging_mixin.py:188} INFO - [2025-12-20T02:04:09.493+0000] {dag.py:3947} INFO - Setting next_dagrun for example_external_task_marker_child to None, run_after=None
[2025-12-20T02:04:09.498+0000] {logging_mixin.py:188} INFO - [2025-12-20T02:04:09.498+0000] {dag.py:3947} INFO - Setting next_dagrun for example_external_task_marker_parent to None, run_after=None
[2025-12-20T02:04:09.518+0000] {processor.py:183} INFO - Processing /home/airflow/.local/lib/python3.12/site-packages/airflow/example_dags/example_external_task_marker_dag.py took 0.078 seconds
[2025-12-20T02:04:39.771+0000] {processor.py:161} INFO - Started process (PID=174) to work on /home/airflow/.local/lib/python3.12/site-packages/airflow/example_dags/example_external_task_marker_dag.py
[2025-12-20T02:04:39.773+0000] {processor.py:830} INFO - Processing file /home/airflow/.local/lib/python3.12/site-packages/airflow/example_dags/example_external_task_marker_dag.py for tasks to queue
[2025-12-20T02:04:39.776+0000] {logging_mixin.py:188} INFO - [2025-12-20T02:04:39.776+0000] {dagbag.py:545} INFO - Filling up the DagBag from /home/airflow/.local/lib/python3.12/site-packages/airflow/example_dags/example_external_task_marker_dag.py
[2025-12-20T02:04:39.785+0000] {processor.py:840} INFO - DAG(s) 'example_external_task_marker_child', 'example_external_task_marker_parent' retrieved from /home/airflow/.local/lib/python3.12/site-packages/airflow/example_dags/example_external_task_marker_dag.py
[2025-12-20T02:04:39.813+0000] {logging_mixin.py:188} INFO - [2025-12-20T02:04:39.813+0000] {dag.py:3089} INFO - Sync 2 DAGs
[2025-12-20T02:04:39.831+0000] {logging_mixin.py:188} INFO - [2025-12-20T02:04:39.831+0000] {dag.py:3947} INFO - Setting next_dagrun for example_external_task_marker_child to None, run_after=None
[2025-12-20T02:04:39.838+0000] {logging_mixin.py:188} INFO - [2025-12-20T02:04:39.837+0000] {dag.py:3947} INFO - Setting next_dagrun for example_external_task_marker_parent to None, run_after=None
[2025-12-20T02:04:39.862+0000] {processor.py:183} INFO - Processing /home/airflow/.local/lib/python3.12/site-packages/airflow/example_dags/example_external_task_marker_dag.py took 0.097 seconds
[2025-12-20T02:05:10.243+0000] {processor.py:161} INFO - Started process (PID=232) to work on /home/airflow/.local/lib/python3.12/site-packages/airflow/example_dags/example_external_task_marker_dag.py
[2025-12-20T02:05:10.244+0000] {processor.py:830} INFO - Processing file /home/airflow/.local/lib/python3.12/site-packages/airflow/example_dags/example_external_task_marker_dag.py for tasks to queue
[2025-12-20T02:05:10.246+0000] {logging_mixin.py:188} INFO - [2025-12-20T02:05:10.246+0000] {dagbag.py:545} INFO - Filling up the DagBag from /home/airflow/.local/lib/python3.12/site-packages/airflow/example_dags/example_external_task_marker_dag.py
[2025-12-20T02:05:10.252+0000] {processor.py:840} INFO - DAG(s) 'example_external_task_marker_parent', 'example_external_task_marker_child' retrieved from /home/airflow/.local/lib/python3.12/site-packages/airflow/example_dags/example_external_task_marker_dag.py
[2025-12-20T02:05:10.280+0000] {logging_mixin.py:188} INFO - [2025-12-20T02:05:10.279+0000] {dag.py:3089} INFO - Sync 2 DAGs
[2025-12-20T02:05:10.302+0000] {logging_mixin.py:188} INFO - [2025-12-20T02:05:10.301+0000] {dag.py:3947} INFO - Setting next_dagrun for example_external_task_marker_child to None, run_after=None
[2025-12-20T02:05:10.312+0000] {logging_mixin.py:188} INFO - [2025-12-20T02:05:10.312+0000] {dag.py:3947} INFO - Setting next_dagrun for example_external_task_marker_parent to None, run_after=None
[2025-12-20T02:05:10.344+0000] {processor.py:183} INFO - Processing /home/airflow/.local/lib/python3.12/site-packages/airflow/example_dags/example_external_task_marker_dag.py took 0.105 seconds
[2025-12-20T02:05:40.535+0000] {processor.py:161} INFO - Started process (PID=291) to work on /home/airflow/.local/lib/python3.12/site-packages/airflow/example_dags/example_external_task_marker_dag.py
[2025-12-20T02:05:40.536+0000] {processor.py:830} INFO - Processing file /home/airflow/.local/lib/python3.12/site-packages/airflow/example_dags/example_external_task_marker_dag.py for tasks to queue
[2025-12-20T02:05:40.538+0000] {logging_mixin.py:188} INFO - [2025-12-20T02:05:40.538+0000] {dagbag.py:545} INFO - Filling up the DagBag from /home/airflow/.local/lib/python3.12/site-packages/airflow/example_dags/example_external_task_marker_dag.py
[2025-12-20T02:05:40.543+0000] {processor.py:840} INFO - DAG(s) 'example_external_task_marker_parent', 'example_external_task_marker_child' retrieved from /home/airflow/.local/lib/python3.12/site-packages/airflow/example_dags/example_external_task_marker_dag.py
[2025-12-20T02:05:40.563+0000] {logging_mixin.py:188} INFO - [2025-12-20T02:05:40.563+0000] {dag.py:3089} INFO - Sync 2 DAGs
[2025-12-20T02:05:40.574+0000] {logging_mixin.py:188} INFO - [2025-12-20T02:05:40.574+0000] {dag.py:3947} INFO - Setting next_dagrun for example_external_task_marker_child to None, run_after=None
[2025-12-20T02:05:40.578+0000] {logging_mixin.py:188} INFO - [2025-12-20T02:05:40.578+0000] {dag.py:3947} INFO - Setting next_dagrun for example_external_task_marker_parent to None, run_after=None
[2025-12-20T02:05:40.592+0000] {processor.py:183} INFO - Processing /home/airflow/.local/lib/python3.12/site-packages/airflow/example_dags/example_external_task_marker_dag.py took 0.062 seconds
[2025-12-20T02:06:11.381+0000] {processor.py:161} INFO - Started process (PID=355) to work on /home/airflow/.local/lib/python3.12/site-packages/airflow/example_dags/example_external_task_marker_dag.py
[2025-12-20T02:06:11.382+0000] {processor.py:830} INFO - Processing file /home/airflow/.local/lib/python3.12/site-packages/airflow/example_dags/example_external_task_marker_dag.py for tasks to queue
[2025-12-20T02:06:11.383+0000] {logging_mixin.py:188} INFO - [2025-12-20T02:06:11.383+0000] {dagbag.py:545} INFO - Filling up the DagBag from /home/airflow/.local/lib/python3.12/site-packages/airflow/example_dags/example_external_task_marker_dag.py
[2025-12-20T02:06:11.389+0000] {processor.py:840} INFO - DAG(s) 'example_external_task_marker_parent', 'example_external_task_marker_child' retrieved from /home/airflow/.local/lib/python3.12/site-packages/airflow/example_dags/example_external_task_marker_dag.py
[2025-12-20T02:06:11.409+0000] {logging_mixin.py:188} INFO - [2025-12-20T02:06:11.408+0000] {dag.py:3089} INFO - Sync 2 DAGs
[2025-12-20T02:06:11.419+0000] {logging_mixin.py:188} INFO - [2025-12-20T02:06:11.419+0000] {dag.py:3947} INFO - Setting next_dagrun for example_external_task_marker_child to None, run_after=None
[2025-12-20T02:06:11.423+0000] {logging_mixin.py:188} INFO - [2025-12-20T02:06:11.423+0000] {dag.py:3947} INFO - Setting next_dagrun for example_external_task_marker_parent to None, run_after=None
[2025-12-20T02:06:11.437+0000] {processor.py:183} INFO - Processing /home/airflow/.local/lib/python3.12/site-packages/airflow/example_dags/example_external_task_marker_dag.py took 0.061 seconds
[2025-12-20T02:06:42.108+0000] {processor.py:161} INFO - Started process (PID=413) to work on /home/airflow/.local/lib/python3.12/site-packages/airflow/example_dags/example_external_task_marker_dag.py
[2025-12-20T02:06:42.109+0000] {processor.py:830} INFO - Processing file /home/airflow/.local/lib/python3.12/site-packages/airflow/example_dags/example_external_task_marker_dag.py for tasks to queue
[2025-12-20T02:06:42.110+0000] {logging_mixin.py:188} INFO - [2025-12-20T02:06:42.110+0000] {dagbag.py:545} INFO - Filling up the DagBag from /home/airflow/.local/lib/python3.12/site-packages/airflow/example_dags/example_external_task_marker_dag.py
[2025-12-20T02:06:42.116+0000] {processor.py:840} INFO - DAG(s) 'example_external_task_marker_child', 'example_external_task_marker_parent' retrieved from /home/airflow/.local/lib/python3.12/site-packages/airflow/example_dags/example_external_task_marker_dag.py
[2025-12-20T02:06:42.140+0000] {logging_mixin.py:188} INFO - [2025-12-20T02:06:42.140+0000] {dag.py:3089} INFO - Sync 2 DAGs
[2025-12-20T02:06:42.155+0000] {logging_mixin.py:188} INFO - [2025-12-20T02:06:42.155+0000] {dag.py:3947} INFO - Setting next_dagrun for example_external_task_marker_child to None, run_after=None
[2025-12-20T02:06:42.159+0000] {logging_mixin.py:188} INFO - [2025-12-20T02:06:42.159+0000] {dag.py:3947} INFO - Setting next_dagrun for example_external_task_marker_parent to None, run_after=None
[2025-12-20T02:06:42.181+0000] {processor.py:183} INFO - Processing /home/airflow/.local/lib/python3.12/site-packages/airflow/example_dags/example_external_task_marker_dag.py took 0.078 seconds
[2025-12-20T02:07:12.758+0000] {processor.py:161} INFO - Started process (PID=471) to work on /home/airflow/.local/lib/python3.12/site-packages/airflow/example_dags/example_external_task_marker_dag.py
[2025-12-20T02:07:12.759+0000] {processor.py:830} INFO - Processing file /home/airflow/.local/lib/python3.12/site-packages/airflow/example_dags/example_external_task_marker_dag.py for tasks to queue
[2025-12-20T02:07:12.760+0000] {logging_mixin.py:188} INFO - [2025-12-20T02:07:12.760+0000] {dagbag.py:545} INFO - Filling up the DagBag from /home/airflow/.local/lib/python3.12/site-packages/airflow/example_dags/example_external_task_marker_dag.py
[2025-12-20T02:07:12.767+0000] {processor.py:840} INFO - DAG(s) 'example_external_task_marker_child', 'example_external_task_marker_parent' retrieved from /home/airflow/.local/lib/python3.12/site-packages/airflow/example_dags/example_external_task_marker_dag.py
[2025-12-20T02:07:12.788+0000] {logging_mixin.py:188} INFO - [2025-12-20T02:07:12.788+0000] {dag.py:3089} INFO - Sync 2 DAGs
[2025-12-20T02:07:12.801+0000] {logging_mixin.py:188} INFO - [2025-12-20T02:07:12.800+0000] {dag.py:3947} INFO - Setting next_dagrun for example_external_task_marker_child to None, run_after=None
[2025-12-20T02:07:12.805+0000] {logging_mixin.py:188} INFO - [2025-12-20T02:07:12.804+0000] {dag.py:3947} INFO - Setting next_dagrun for example_external_task_marker_parent to None, run_after=None
[2025-12-20T02:07:12.824+0000] {processor.py:183} INFO - Processing /home/airflow/.local/lib/python3.12/site-packages/airflow/example_dags/example_external_task_marker_dag.py took 0.071 seconds
[2025-12-20T02:07:43.438+0000] {processor.py:161} INFO - Started process (PID=529) to work on /home/airflow/.local/lib/python3.12/site-packages/airflow/example_dags/example_external_task_marker_dag.py
[2025-12-20T02:07:43.439+0000] {processor.py:830} INFO - Processing file /home/airflow/.local/lib/python3.12/site-packages/airflow/example_dags/example_external_task_marker_dag.py for tasks to queue
[2025-12-20T02:07:43.440+0000] {logging_mixin.py:188} INFO - [2025-12-20T02:07:43.440+0000] {dagbag.py:545} INFO - Filling up the DagBag from /home/airflow/.local/lib/python3.12/site-packages/airflow/example_dags/example_external_task_marker_dag.py
[2025-12-20T02:07:43.445+0000] {processor.py:840} INFO - DAG(s) 'example_external_task_marker_parent', 'example_external_task_marker_child' retrieved from /home/airflow/.local/lib/python3.12/site-packages/airflow/example_dags/example_external_task_marker_dag.py
[2025-12-20T02:07:43.466+0000] {logging_mixin.py:188} INFO - [2025-12-20T02:07:43.466+0000] {dag.py:3089} INFO - Sync 2 DAGs
[2025-12-20T02:07:43.480+0000] {logging_mixin.py:188} INFO - [2025-12-20T02:07:43.480+0000] {dag.py:3947} INFO - Setting next_dagrun for example_external_task_marker_child to None, run_after=None
[2025-12-20T02:07:43.484+0000] {logging_mixin.py:188} INFO - [2025-12-20T02:07:43.484+0000] {dag.py:3947} INFO - Setting next_dagrun for example_external_task_marker_parent to None, run_after=None
[2025-12-20T02:07:43.500+0000] {processor.py:183} INFO - Processing /home/airflow/.local/lib/python3.12/site-packages/airflow/example_dags/example_external_task_marker_dag.py took 0.067 seconds
[2025-12-20T02:08:14.126+0000] {processor.py:161} INFO - Started process (PID=587) to work on /home/airflow/.local/lib/python3.12/site-packages/airflow/example_dags/example_external_task_marker_dag.py
[2025-12-20T02:08:14.127+0000] {processor.py:830} INFO - Processing file /home/airflow/.local/lib/python3.12/site-packages/airflow/example_dags/example_external_task_marker_dag.py for tasks to queue
[2025-12-20T02:08:14.129+0000] {logging_mixin.py:188} INFO - [2025-12-20T02:08:14.128+0000] {dagbag.py:545} INFO - Filling up the DagBag from /home/airflow/.local/lib/python3.12/site-packages/airflow/example_dags/example_external_task_marker_dag.py
[2025-12-20T02:08:14.134+0000] {processor.py:840} INFO - DAG(s) 'example_external_task_marker_child', 'example_external_task_marker_parent' retrieved from /home/airflow/.local/lib/python3.12/site-packages/airflow/example_dags/example_external_task_marker_dag.py
[2025-12-20T02:08:14.158+0000] {logging_mixin.py:188} INFO - [2025-12-20T02:08:14.158+0000] {dag.py:3089} INFO - Sync 2 DAGs
[2025-12-20T02:08:14.170+0000] {logging_mixin.py:188} INFO - [2025-12-20T02:08:14.169+0000] {dag.py:3947} INFO - Setting next_dagrun for example_external_task_marker_child to None, run_after=None
[2025-12-20T02:08:14.174+0000] {logging_mixin.py:188} INFO - [2025-12-20T02:08:14.174+0000] {dag.py:3947} INFO - Setting next_dagrun for example_external_task_marker_parent to None, run_after=None
[2025-12-20T02:08:14.193+0000] {processor.py:183} INFO - Processing /home/airflow/.local/lib/python3.12/site-packages/airflow/example_dags/example_external_task_marker_dag.py took 0.072 seconds
[2025-12-20T02:08:44.384+0000] {processor.py:161} INFO - Started process (PID=645) to work on /home/airflow/.local/lib/python3.12/site-packages/airflow/example_dags/example_external_task_marker_dag.py
[2025-12-20T02:08:44.385+0000] {processor.py:830} INFO - Processing file /home/airflow/.local/lib/python3.12/site-packages/airflow/example_dags/example_external_task_marker_dag.py for tasks to queue
[2025-12-20T02:08:44.387+0000] {logging_mixin.py:188} INFO - [2025-12-20T02:08:44.387+0000] {dagbag.py:545} INFO - Filling up the DagBag from /home/airflow/.local/lib/python3.12/site-packages/airflow/example_dags/example_external_task_marker_dag.py
[2025-12-20T02:08:44.394+0000] {processor.py:840} INFO - DAG(s) 'example_external_task_marker_child', 'example_external_task_marker_parent' retrieved from /home/airflow/.local/lib/python3.12/site-packages/airflow/example_dags/example_external_task_marker_dag.py
[2025-12-20T02:08:44.416+0000] {logging_mixin.py:188} INFO - [2025-12-20T02:08:44.416+0000] {dag.py:3089} INFO - Sync 2 DAGs
[2025-12-20T02:08:44.428+0000] {logging_mixin.py:188} INFO - [2025-12-20T02:08:44.427+0000] {dag.py:3947} INFO - Setting next_dagrun for example_external_task_marker_child to None, run_after=None
[2025-12-20T02:08:44.432+0000] {logging_mixin.py:188} INFO - [2025-12-20T02:08:44.432+0000] {dag.py:3947} INFO - Setting next_dagrun for example_external_task_marker_parent to None, run_after=None
[2025-12-20T02:08:44.447+0000] {processor.py:183} INFO - Processing /home/airflow/.local/lib/python3.12/site-packages/airflow/example_dags/example_external_task_marker_dag.py took 0.070 seconds
[2025-12-20T02:09:14.721+0000] {processor.py:161} INFO - Started process (PID=703) to work on /home/airflow/.local/lib/python3.12/site-packages/airflow/example_dags/example_external_task_marker_dag.py
[2025-12-20T02:09:14.723+0000] {processor.py:830} INFO - Processing file /home/airflow/.local/lib/python3.12/site-packages/airflow/example_dags/example_external_task_marker_dag.py for tasks to queue
[2025-12-20T02:09:14.725+0000] {logging_mixin.py:188} INFO - [2025-12-20T02:09:14.725+0000] {dagbag.py:545} INFO - Filling up the DagBag from /home/airflow/.local/lib/python3.12/site-packages/airflow/example_dags/example_external_task_marker_dag.py
[2025-12-20T02:09:14.731+0000] {processor.py:840} INFO - DAG(s) 'example_external_task_marker_child', 'example_external_task_marker_parent' retrieved from /home/airflow/.local/lib/python3.12/site-packages/airflow/example_dags/example_external_task_marker_dag.py
[2025-12-20T02:09:14.755+0000] {logging_mixin.py:188} INFO - [2025-12-20T02:09:14.755+0000] {dag.py:3089} INFO - Sync 2 DAGs
[2025-12-20T02:09:14.771+0000] {logging_mixin.py:188} INFO - [2025-12-20T02:09:14.771+0000] {dag.py:3947} INFO - Setting next_dagrun for example_external_task_marker_child to None, run_after=None
[2025-12-20T02:09:14.777+0000] {logging_mixin.py:188} INFO - [2025-12-20T02:09:14.776+0000] {dag.py:3947} INFO - Setting next_dagrun for example_external_task_marker_parent to None, run_after=None
[2025-12-20T02:09:14.798+0000] {processor.py:183} INFO - Processing /home/airflow/.local/lib/python3.12/site-packages/airflow/example_dags/example_external_task_marker_dag.py took 0.083 seconds
[2025-12-20T02:09:45.136+0000] {processor.py:161} INFO - Started process (PID=761) to work on /home/airflow/.local/lib/python3.12/site-packages/airflow/example_dags/example_external_task_marker_dag.py
[2025-12-20T02:09:45.138+0000] {processor.py:830} INFO - Processing file /home/airflow/.local/lib/python3.12/site-packages/airflow/example_dags/example_external_task_marker_dag.py for tasks to queue
[2025-12-20T02:09:45.142+0000] {logging_mixin.py:188} INFO - [2025-12-20T02:09:45.141+0000] {dagbag.py:545} INFO - Filling up the DagBag from /home/airflow/.local/lib/python3.12/site-packages/airflow/example_dags/example_external_task_marker_dag.py
[2025-12-20T02:09:45.157+0000] {processor.py:840} INFO - DAG(s) 'example_external_task_marker_child', 'example_external_task_marker_parent' retrieved from /home/airflow/.local/lib/python3.12/site-packages/airflow/example_dags/example_external_task_marker_dag.py
[2025-12-20T02:09:45.204+0000] {logging_mixin.py:188} INFO - [2025-12-20T02:09:45.204+0000] {dag.py:3089} INFO - Sync 2 DAGs
[2025-12-20T02:09:45.226+0000] {logging_mixin.py:188} INFO - [2025-12-20T02:09:45.226+0000] {dag.py:3947} INFO - Setting next_dagrun for example_external_task_marker_child to None, run_after=None
[2025-12-20T02:09:45.232+0000] {logging_mixin.py:188} INFO - [2025-12-20T02:09:45.231+0000] {dag.py:3947} INFO - Setting next_dagrun for example_external_task_marker_parent to None, run_after=None
[2025-12-20T02:09:45.254+0000] {processor.py:183} INFO - Processing /home/airflow/.local/lib/python3.12/site-packages/airflow/example_dags/example_external_task_marker_dag.py took 0.127 seconds
[2025-12-20T02:10:16.163+0000] {processor.py:161} INFO - Started process (PID=819) to work on /home/airflow/.local/lib/python3.12/site-packages/airflow/example_dags/example_external_task_marker_dag.py
[2025-12-20T02:10:16.167+0000] {processor.py:830} INFO - Processing file /home/airflow/.local/lib/python3.12/site-packages/airflow/example_dags/example_external_task_marker_dag.py for tasks to queue
[2025-12-20T02:10:16.169+0000] {logging_mixin.py:188} INFO - [2025-12-20T02:10:16.168+0000] {dagbag.py:545} INFO - Filling up the DagBag from /home/airflow/.local/lib/python3.12/site-packages/airflow/example_dags/example_external_task_marker_dag.py
[2025-12-20T02:10:16.173+0000] {processor.py:840} INFO - DAG(s) 'example_external_task_marker_child', 'example_external_task_marker_parent' retrieved from /home/airflow/.local/lib/python3.12/site-packages/airflow/example_dags/example_external_task_marker_dag.py
[2025-12-20T02:10:16.194+0000] {logging_mixin.py:188} INFO - [2025-12-20T02:10:16.194+0000] {dag.py:3089} INFO - Sync 2 DAGs
[2025-12-20T02:10:16.207+0000] {logging_mixin.py:188} INFO - [2025-12-20T02:10:16.206+0000] {dag.py:3947} INFO - Setting next_dagrun for example_external_task_marker_child to None, run_after=None
[2025-12-20T02:10:16.211+0000] {logging_mixin.py:188} INFO - [2025-12-20T02:10:16.210+0000] {dag.py:3947} INFO - Setting next_dagrun for example_external_task_marker_parent to None, run_after=None
[2025-12-20T02:10:16.227+0000] {processor.py:183} INFO - Processing /home/airflow/.local/lib/python3.12/site-packages/airflow/example_dags/example_external_task_marker_dag.py took 0.069 seconds
[2025-12-20T02:10:47.143+0000] {processor.py:161} INFO - Started process (PID=877) to work on /home/airflow/.local/lib/python3.12/site-packages/airflow/example_dags/example_external_task_marker_dag.py
[2025-12-20T02:10:47.144+0000] {processor.py:830} INFO - Processing file /home/airflow/.local/lib/python3.12/site-packages/airflow/example_dags/example_external_task_marker_dag.py for tasks to queue
[2025-12-20T02:10:47.147+0000] {logging_mixin.py:188} INFO - [2025-12-20T02:10:47.146+0000] {dagbag.py:545} INFO - Filling up the DagBag from /home/airflow/.local/lib/python3.12/site-packages/airflow/example_dags/example_external_task_marker_dag.py
[2025-12-20T02:10:47.151+0000] {processor.py:840} INFO - DAG(s) 'example_external_task_marker_parent', 'example_external_task_marker_child' retrieved from /home/airflow/.local/lib/python3.12/site-packages/airflow/example_dags/example_external_task_marker_dag.py
[2025-12-20T02:10:47.174+0000] {logging_mixin.py:188} INFO - [2025-12-20T02:10:47.173+0000] {dag.py:3089} INFO - Sync 2 DAGs
[2025-12-20T02:10:47.185+0000] {logging_mixin.py:188} INFO - [2025-12-20T02:10:47.185+0000] {dag.py:3947} INFO - Setting next_dagrun for example_external_task_marker_child to None, run_after=None
[2025-12-20T02:10:47.190+0000] {logging_mixin.py:188} INFO - [2025-12-20T02:10:47.190+0000] {dag.py:3947} INFO - Setting next_dagrun for example_external_task_marker_parent to None, run_after=None
[2025-12-20T02:10:47.212+0000] {processor.py:183} INFO - Processing /home/airflow/.local/lib/python3.12/site-packages/airflow/example_dags/example_external_task_marker_dag.py took 0.074 seconds
[2025-12-20T02:11:17.868+0000] {processor.py:161} INFO - Started process (PID=935) to work on /home/airflow/.local/lib/python3.12/site-packages/airflow/example_dags/example_external_task_marker_dag.py
[2025-12-20T02:11:17.869+0000] {processor.py:830} INFO - Processing file /home/airflow/.local/lib/python3.12/site-packages/airflow/example_dags/example_external_task_marker_dag.py for tasks to queue
[2025-12-20T02:11:17.870+0000] {logging_mixin.py:188} INFO - [2025-12-20T02:11:17.870+0000] {dagbag.py:545} INFO - Filling up the DagBag from /home/airflow/.local/lib/python3.12/site-packages/airflow/example_dags/example_external_task_marker_dag.py
[2025-12-20T02:11:17.875+0000] {processor.py:840} INFO - DAG(s) 'example_external_task_marker_child', 'example_external_task_marker_parent' retrieved from /home/airflow/.local/lib/python3.12/site-packages/airflow/example_dags/example_external_task_marker_dag.py
[2025-12-20T02:11:17.895+0000] {logging_mixin.py:188} INFO - [2025-12-20T02:11:17.895+0000] {dag.py:3089} INFO - Sync 2 DAGs
[2025-12-20T02:11:17.905+0000] {logging_mixin.py:188} INFO - [2025-12-20T02:11:17.905+0000] {dag.py:3947} INFO - Setting next_dagrun for example_external_task_marker_child to None, run_after=None
[2025-12-20T02:11:17.909+0000] {logging_mixin.py:188} INFO - [2025-12-20T02:11:17.909+0000] {dag.py:3947} INFO - Setting next_dagrun for example_external_task_marker_parent to None, run_after=None
[2025-12-20T02:11:17.929+0000] {processor.py:183} INFO - Processing /home/airflow/.local/lib/python3.12/site-packages/airflow/example_dags/example_external_task_marker_dag.py took 0.067 seconds
[2025-12-20T02:11:48.582+0000] {processor.py:161} INFO - Started process (PID=993) to work on /home/airflow/.local/lib/python3.12/site-packages/airflow/example_dags/example_external_task_marker_dag.py
[2025-12-20T02:11:48.583+0000] {processor.py:830} INFO - Processing file /home/airflow/.local/lib/python3.12/site-packages/airflow/example_dags/example_external_task_marker_dag.py for tasks to queue
[2025-12-20T02:11:48.585+0000] {logging_mixin.py:188} INFO - [2025-12-20T02:11:48.584+0000] {dagbag.py:545} INFO - Filling up the DagBag from /home/airflow/.local/lib/python3.12/site-packages/airflow/example_dags/example_external_task_marker_dag.py
[2025-12-20T02:11:48.590+0000] {processor.py:840} INFO - DAG(s) 'example_external_task_marker_child', 'example_external_task_marker_parent' retrieved from /home/airflow/.local/lib/python3.12/site-packages/airflow/example_dags/example_external_task_marker_dag.py
[2025-12-20T02:11:48.610+0000] {logging_mixin.py:188} INFO - [2025-12-20T02:11:48.610+0000] {dag.py:3089} INFO - Sync 2 DAGs
[2025-12-20T02:11:48.622+0000] {logging_mixin.py:188} INFO - [2025-12-20T02:11:48.622+0000] {dag.py:3947} INFO - Setting next_dagrun for example_external_task_marker_child to None, run_after=None
[2025-12-20T02:11:48.625+0000] {logging_mixin.py:188} INFO - [2025-12-20T02:11:48.625+0000] {dag.py:3947} INFO - Setting next_dagrun for example_external_task_marker_parent to None, run_after=None
[2025-12-20T02:11:48.641+0000] {processor.py:183} INFO - Processing /home/airflow/.local/lib/python3.12/site-packages/airflow/example_dags/example_external_task_marker_dag.py took 0.064 seconds
[2025-12-20T02:12:19.395+0000] {processor.py:161} INFO - Started process (PID=1051) to work on /home/airflow/.local/lib/python3.12/site-packages/airflow/example_dags/example_external_task_marker_dag.py
[2025-12-20T02:12:19.396+0000] {processor.py:830} INFO - Processing file /home/airflow/.local/lib/python3.12/site-packages/airflow/example_dags/example_external_task_marker_dag.py for tasks to queue
[2025-12-20T02:12:19.398+0000] {logging_mixin.py:188} INFO - [2025-12-20T02:12:19.398+0000] {dagbag.py:545} INFO - Filling up the DagBag from /home/airflow/.local/lib/python3.12/site-packages/airflow/example_dags/example_external_task_marker_dag.py
[2025-12-20T02:12:19.405+0000] {processor.py:840} INFO - DAG(s) 'example_external_task_marker_child', 'example_external_task_marker_parent' retrieved from /home/airflow/.local/lib/python3.12/site-packages/airflow/example_dags/example_external_task_marker_dag.py
[2025-12-20T02:12:19.428+0000] {logging_mixin.py:188} INFO - [2025-12-20T02:12:19.428+0000] {dag.py:3089} INFO - Sync 2 DAGs
[2025-12-20T02:12:19.441+0000] {logging_mixin.py:188} INFO - [2025-12-20T02:12:19.441+0000] {dag.py:3947} INFO - Setting next_dagrun for example_external_task_marker_child to None, run_after=None
[2025-12-20T02:12:19.446+0000] {logging_mixin.py:188} INFO - [2025-12-20T02:12:19.445+0000] {dag.py:3947} INFO - Setting next_dagrun for example_external_task_marker_parent to None, run_after=None
[2025-12-20T02:12:19.467+0000] {processor.py:183} INFO - Processing /home/airflow/.local/lib/python3.12/site-packages/airflow/example_dags/example_external_task_marker_dag.py took 0.078 seconds
[2025-12-20T02:12:50.127+0000] {processor.py:161} INFO - Started process (PID=1109) to work on /home/airflow/.local/lib/python3.12/site-packages/airflow/example_dags/example_external_task_marker_dag.py
[2025-12-20T02:12:50.128+0000] {processor.py:830} INFO - Processing file /home/airflow/.local/lib/python3.12/site-packages/airflow/example_dags/example_external_task_marker_dag.py for tasks to queue
[2025-12-20T02:12:50.130+0000] {logging_mixin.py:188} INFO - [2025-12-20T02:12:50.130+0000] {dagbag.py:545} INFO - Filling up the DagBag from /home/airflow/.local/lib/python3.12/site-packages/airflow/example_dags/example_external_task_marker_dag.py
[2025-12-20T02:12:50.136+0000] {processor.py:840} INFO - DAG(s) 'example_external_task_marker_parent', 'example_external_task_marker_child' retrieved from /home/airflow/.local/lib/python3.12/site-packages/airflow/example_dags/example_external_task_marker_dag.py
[2025-12-20T02:12:50.159+0000] {logging_mixin.py:188} INFO - [2025-12-20T02:12:50.158+0000] {dag.py:3089} INFO - Sync 2 DAGs
[2025-12-20T02:12:50.171+0000] {logging_mixin.py:188} INFO - [2025-12-20T02:12:50.171+0000] {dag.py:3947} INFO - Setting next_dagrun for example_external_task_marker_child to None, run_after=None
[2025-12-20T02:12:50.175+0000] {logging_mixin.py:188} INFO - [2025-12-20T02:12:50.175+0000] {dag.py:3947} INFO - Setting next_dagrun for example_external_task_marker_parent to None, run_after=None
[2025-12-20T02:12:50.197+0000] {processor.py:183} INFO - Processing /home/airflow/.local/lib/python3.12/site-packages/airflow/example_dags/example_external_task_marker_dag.py took 0.078 seconds
[2025-12-20T02:13:20.309+0000] {processor.py:161} INFO - Started process (PID=1167) to work on /home/airflow/.local/lib/python3.12/site-packages/airflow/example_dags/example_external_task_marker_dag.py
[2025-12-20T02:13:20.310+0000] {processor.py:830} INFO - Processing file /home/airflow/.local/lib/python3.12/site-packages/airflow/example_dags/example_external_task_marker_dag.py for tasks to queue
[2025-12-20T02:13:20.312+0000] {logging_mixin.py:188} INFO - [2025-12-20T02:13:20.312+0000] {dagbag.py:545} INFO - Filling up the DagBag from /home/airflow/.local/lib/python3.12/site-packages/airflow/example_dags/example_external_task_marker_dag.py
[2025-12-20T02:13:20.317+0000] {processor.py:840} INFO - DAG(s) 'example_external_task_marker_child', 'example_external_task_marker_parent' retrieved from /home/airflow/.local/lib/python3.12/site-packages/airflow/example_dags/example_external_task_marker_dag.py
[2025-12-20T02:13:20.336+0000] {logging_mixin.py:188} INFO - [2025-12-20T02:13:20.336+0000] {dag.py:3089} INFO - Sync 2 DAGs
[2025-12-20T02:13:20.346+0000] {logging_mixin.py:188} INFO - [2025-12-20T02:13:20.346+0000] {dag.py:3947} INFO - Setting next_dagrun for example_external_task_marker_child to None, run_after=None
[2025-12-20T02:13:20.350+0000] {logging_mixin.py:188} INFO - [2025-12-20T02:13:20.350+0000] {dag.py:3947} INFO - Setting next_dagrun for example_external_task_marker_parent to None, run_after=None
[2025-12-20T02:13:20.365+0000] {processor.py:183} INFO - Processing /home/airflow/.local/lib/python3.12/site-packages/airflow/example_dags/example_external_task_marker_dag.py took 0.060 seconds
[2025-12-20T02:13:51.141+0000] {processor.py:161} INFO - Started process (PID=1225) to work on /home/airflow/.local/lib/python3.12/site-packages/airflow/example_dags/example_external_task_marker_dag.py
[2025-12-20T02:13:51.142+0000] {processor.py:830} INFO - Processing file /home/airflow/.local/lib/python3.12/site-packages/airflow/example_dags/example_external_task_marker_dag.py for tasks to queue
[2025-12-20T02:13:51.144+0000] {logging_mixin.py:188} INFO - [2025-12-20T02:13:51.143+0000] {dagbag.py:545} INFO - Filling up the DagBag from /home/airflow/.local/lib/python3.12/site-packages/airflow/example_dags/example_external_task_marker_dag.py
[2025-12-20T02:13:51.149+0000] {processor.py:840} INFO - DAG(s) 'example_external_task_marker_child', 'example_external_task_marker_parent' retrieved from /home/airflow/.local/lib/python3.12/site-packages/airflow/example_dags/example_external_task_marker_dag.py
[2025-12-20T02:13:51.168+0000] {logging_mixin.py:188} INFO - [2025-12-20T02:13:51.168+0000] {dag.py:3089} INFO - Sync 2 DAGs
[2025-12-20T02:13:51.179+0000] {logging_mixin.py:188} INFO - [2025-12-20T02:13:51.179+0000] {dag.py:3947} INFO - Setting next_dagrun for example_external_task_marker_child to None, run_after=None
[2025-12-20T02:13:51.183+0000] {logging_mixin.py:188} INFO - [2025-12-20T02:13:51.183+0000] {dag.py:3947} INFO - Setting next_dagrun for example_external_task_marker_parent to None, run_after=None
[2025-12-20T02:13:51.204+0000] {processor.py:183} INFO - Processing /home/airflow/.local/lib/python3.12/site-packages/airflow/example_dags/example_external_task_marker_dag.py took 0.068 seconds
[2025-12-20T02:14:21.762+0000] {processor.py:161} INFO - Started process (PID=1283) to work on /home/airflow/.local/lib/python3.12/site-packages/airflow/example_dags/example_external_task_marker_dag.py
[2025-12-20T02:14:21.763+0000] {processor.py:830} INFO - Processing file /home/airflow/.local/lib/python3.12/site-packages/airflow/example_dags/example_external_task_marker_dag.py for tasks to queue
[2025-12-20T02:14:21.766+0000] {logging_mixin.py:188} INFO - [2025-12-20T02:14:21.766+0000] {dagbag.py:545} INFO - Filling up the DagBag from /home/airflow/.local/lib/python3.12/site-packages/airflow/example_dags/example_external_task_marker_dag.py
[2025-12-20T02:14:21.772+0000] {processor.py:840} INFO - DAG(s) 'example_external_task_marker_child', 'example_external_task_marker_parent' retrieved from /home/airflow/.local/lib/python3.12/site-packages/airflow/example_dags/example_external_task_marker_dag.py
[2025-12-20T02:14:21.793+0000] {logging_mixin.py:188} INFO - [2025-12-20T02:14:21.792+0000] {dag.py:3089} INFO - Sync 2 DAGs
[2025-12-20T02:14:21.805+0000] {logging_mixin.py:188} INFO - [2025-12-20T02:14:21.805+0000] {dag.py:3947} INFO - Setting next_dagrun for example_external_task_marker_child to None, run_after=None
[2025-12-20T02:14:21.809+0000] {logging_mixin.py:188} INFO - [2025-12-20T02:14:21.809+0000] {dag.py:3947} INFO - Setting next_dagrun for example_external_task_marker_parent to None, run_after=None
[2025-12-20T02:14:21.827+0000] {processor.py:183} INFO - Processing /home/airflow/.local/lib/python3.12/site-packages/airflow/example_dags/example_external_task_marker_dag.py took 0.071 seconds
[2025-12-20T02:14:52.536+0000] {processor.py:161} INFO - Started process (PID=1341) to work on /home/airflow/.local/lib/python3.12/site-packages/airflow/example_dags/example_external_task_marker_dag.py
[2025-12-20T02:14:52.537+0000] {processor.py:830} INFO - Processing file /home/airflow/.local/lib/python3.12/site-packages/airflow/example_dags/example_external_task_marker_dag.py for tasks to queue
[2025-12-20T02:14:52.539+0000] {logging_mixin.py:188} INFO - [2025-12-20T02:14:52.538+0000] {dagbag.py:545} INFO - Filling up the DagBag from /home/airflow/.local/lib/python3.12/site-packages/airflow/example_dags/example_external_task_marker_dag.py
[2025-12-20T02:14:52.543+0000] {processor.py:840} INFO - DAG(s) 'example_external_task_marker_parent', 'example_external_task_marker_child' retrieved from /home/airflow/.local/lib/python3.12/site-packages/airflow/example_dags/example_external_task_marker_dag.py
[2025-12-20T02:14:52.564+0000] {logging_mixin.py:188} INFO - [2025-12-20T02:14:52.564+0000] {dag.py:3089} INFO - Sync 2 DAGs
[2025-12-20T02:14:52.576+0000] {logging_mixin.py:188} INFO - [2025-12-20T02:14:52.576+0000] {dag.py:3947} INFO - Setting next_dagrun for example_external_task_marker_child to None, run_after=None
[2025-12-20T02:14:52.580+0000] {logging_mixin.py:188} INFO - [2025-12-20T02:14:52.580+0000] {dag.py:3947} INFO - Setting next_dagrun for example_external_task_marker_parent to None, run_after=None
[2025-12-20T02:14:52.601+0000] {processor.py:183} INFO - Processing /home/airflow/.local/lib/python3.12/site-packages/airflow/example_dags/example_external_task_marker_dag.py took 0.070 seconds
[2025-12-20T02:15:23.161+0000] {processor.py:161} INFO - Started process (PID=1399) to work on /home/airflow/.local/lib/python3.12/site-packages/airflow/example_dags/example_external_task_marker_dag.py
[2025-12-20T02:15:23.162+0000] {processor.py:830} INFO - Processing file /home/airflow/.local/lib/python3.12/site-packages/airflow/example_dags/example_external_task_marker_dag.py for tasks to queue
[2025-12-20T02:15:23.164+0000] {logging_mixin.py:188} INFO - [2025-12-20T02:15:23.164+0000] {dagbag.py:545} INFO - Filling up the DagBag from /home/airflow/.local/lib/python3.12/site-packages/airflow/example_dags/example_external_task_marker_dag.py
[2025-12-20T02:15:23.169+0000] {processor.py:840} INFO - DAG(s) 'example_external_task_marker_child', 'example_external_task_marker_parent' retrieved from /home/airflow/.local/lib/python3.12/site-packages/airflow/example_dags/example_external_task_marker_dag.py
[2025-12-20T02:15:23.189+0000] {logging_mixin.py:188} INFO - [2025-12-20T02:15:23.189+0000] {dag.py:3089} INFO - Sync 2 DAGs
[2025-12-20T02:15:23.199+0000] {logging_mixin.py:188} INFO - [2025-12-20T02:15:23.199+0000] {dag.py:3947} INFO - Setting next_dagrun for example_external_task_marker_child to None, run_after=None
[2025-12-20T02:15:23.203+0000] {logging_mixin.py:188} INFO - [2025-12-20T02:15:23.203+0000] {dag.py:3947} INFO - Setting next_dagrun for example_external_task_marker_parent to None, run_after=None
[2025-12-20T02:15:23.221+0000] {processor.py:183} INFO - Processing /home/airflow/.local/lib/python3.12/site-packages/airflow/example_dags/example_external_task_marker_dag.py took 0.064 seconds
[2025-12-20T02:15:53.894+0000] {processor.py:161} INFO - Started process (PID=1457) to work on /home/airflow/.local/lib/python3.12/site-packages/airflow/example_dags/example_external_task_marker_dag.py
[2025-12-20T02:15:53.895+0000] {processor.py:830} INFO - Processing file /home/airflow/.local/lib/python3.12/site-packages/airflow/example_dags/example_external_task_marker_dag.py for tasks to queue
[2025-12-20T02:15:53.897+0000] {logging_mixin.py:188} INFO - [2025-12-20T02:15:53.896+0000] {dagbag.py:545} INFO - Filling up the DagBag from /home/airflow/.local/lib/python3.12/site-packages/airflow/example_dags/example_external_task_marker_dag.py
[2025-12-20T02:15:53.901+0000] {processor.py:840} INFO - DAG(s) 'example_external_task_marker_child', 'example_external_task_marker_parent' retrieved from /home/airflow/.local/lib/python3.12/site-packages/airflow/example_dags/example_external_task_marker_dag.py
[2025-12-20T02:15:53.921+0000] {logging_mixin.py:188} INFO - [2025-12-20T02:15:53.921+0000] {dag.py:3089} INFO - Sync 2 DAGs
[2025-12-20T02:15:53.931+0000] {logging_mixin.py:188} INFO - [2025-12-20T02:15:53.931+0000] {dag.py:3947} INFO - Setting next_dagrun for example_external_task_marker_child to None, run_after=None
[2025-12-20T02:15:53.935+0000] {logging_mixin.py:188} INFO - [2025-12-20T02:15:53.934+0000] {dag.py:3947} INFO - Setting next_dagrun for example_external_task_marker_parent to None, run_after=None
[2025-12-20T02:15:53.955+0000] {processor.py:183} INFO - Processing /home/airflow/.local/lib/python3.12/site-packages/airflow/example_dags/example_external_task_marker_dag.py took 0.066 seconds
[2025-12-20T02:16:24.508+0000] {processor.py:161} INFO - Started process (PID=1515) to work on /home/airflow/.local/lib/python3.12/site-packages/airflow/example_dags/example_external_task_marker_dag.py
[2025-12-20T02:16:24.509+0000] {processor.py:830} INFO - Processing file /home/airflow/.local/lib/python3.12/site-packages/airflow/example_dags/example_external_task_marker_dag.py for tasks to queue
[2025-12-20T02:16:24.511+0000] {logging_mixin.py:188} INFO - [2025-12-20T02:16:24.511+0000] {dagbag.py:545} INFO - Filling up the DagBag from /home/airflow/.local/lib/python3.12/site-packages/airflow/example_dags/example_external_task_marker_dag.py
[2025-12-20T02:16:24.515+0000] {processor.py:840} INFO - DAG(s) 'example_external_task_marker_child', 'example_external_task_marker_parent' retrieved from /home/airflow/.local/lib/python3.12/site-packages/airflow/example_dags/example_external_task_marker_dag.py
[2025-12-20T02:16:24.536+0000] {logging_mixin.py:188} INFO - [2025-12-20T02:16:24.535+0000] {dag.py:3089} INFO - Sync 2 DAGs
[2025-12-20T02:16:24.547+0000] {logging_mixin.py:188} INFO - [2025-12-20T02:16:24.547+0000] {dag.py:3947} INFO - Setting next_dagrun for example_external_task_marker_child to None, run_after=None
[2025-12-20T02:16:24.551+0000] {logging_mixin.py:188} INFO - [2025-12-20T02:16:24.550+0000] {dag.py:3947} INFO - Setting next_dagrun for example_external_task_marker_parent to None, run_after=None
[2025-12-20T02:16:24.569+0000] {processor.py:183} INFO - Processing /home/airflow/.local/lib/python3.12/site-packages/airflow/example_dags/example_external_task_marker_dag.py took 0.065 seconds
[2025-12-20T02:16:55.324+0000] {processor.py:161} INFO - Started process (PID=1573) to work on /home/airflow/.local/lib/python3.12/site-packages/airflow/example_dags/example_external_task_marker_dag.py
[2025-12-20T02:16:55.325+0000] {processor.py:830} INFO - Processing file /home/airflow/.local/lib/python3.12/site-packages/airflow/example_dags/example_external_task_marker_dag.py for tasks to queue
[2025-12-20T02:16:55.327+0000] {logging_mixin.py:188} INFO - [2025-12-20T02:16:55.326+0000] {dagbag.py:545} INFO - Filling up the DagBag from /home/airflow/.local/lib/python3.12/site-packages/airflow/example_dags/example_external_task_marker_dag.py
[2025-12-20T02:16:55.331+0000] {processor.py:840} INFO - DAG(s) 'example_external_task_marker_child', 'example_external_task_marker_parent' retrieved from /home/airflow/.local/lib/python3.12/site-packages/airflow/example_dags/example_external_task_marker_dag.py
[2025-12-20T02:16:55.351+0000] {logging_mixin.py:188} INFO - [2025-12-20T02:16:55.351+0000] {dag.py:3089} INFO - Sync 2 DAGs
[2025-12-20T02:16:55.362+0000] {logging_mixin.py:188} INFO - [2025-12-20T02:16:55.362+0000] {dag.py:3947} INFO - Setting next_dagrun for example_external_task_marker_child to None, run_after=None
[2025-12-20T02:16:55.365+0000] {logging_mixin.py:188} INFO - [2025-12-20T02:16:55.365+0000] {dag.py:3947} INFO - Setting next_dagrun for example_external_task_marker_parent to None, run_after=None
[2025-12-20T02:16:55.381+0000] {processor.py:183} INFO - Processing /home/airflow/.local/lib/python3.12/site-packages/airflow/example_dags/example_external_task_marker_dag.py took 0.062 seconds
[2025-12-20T02:17:26.000+0000] {processor.py:161} INFO - Started process (PID=1631) to work on /home/airflow/.local/lib/python3.12/site-packages/airflow/example_dags/example_external_task_marker_dag.py
[2025-12-20T02:17:26.001+0000] {processor.py:830} INFO - Processing file /home/airflow/.local/lib/python3.12/site-packages/airflow/example_dags/example_external_task_marker_dag.py for tasks to queue
[2025-12-20T02:17:26.004+0000] {logging_mixin.py:188} INFO - [2025-12-20T02:17:26.003+0000] {dagbag.py:545} INFO - Filling up the DagBag from /home/airflow/.local/lib/python3.12/site-packages/airflow/example_dags/example_external_task_marker_dag.py
[2025-12-20T02:17:26.008+0000] {processor.py:840} INFO - DAG(s) 'example_external_task_marker_child', 'example_external_task_marker_parent' retrieved from /home/airflow/.local/lib/python3.12/site-packages/airflow/example_dags/example_external_task_marker_dag.py
[2025-12-20T02:17:26.028+0000] {logging_mixin.py:188} INFO - [2025-12-20T02:17:26.028+0000] {dag.py:3089} INFO - Sync 2 DAGs
[2025-12-20T02:17:26.039+0000] {logging_mixin.py:188} INFO - [2025-12-20T02:17:26.039+0000] {dag.py:3947} INFO - Setting next_dagrun for example_external_task_marker_child to None, run_after=None
[2025-12-20T02:17:26.043+0000] {logging_mixin.py:188} INFO - [2025-12-20T02:17:26.042+0000] {dag.py:3947} INFO - Setting next_dagrun for example_external_task_marker_parent to None, run_after=None
[2025-12-20T02:17:26.062+0000] {processor.py:183} INFO - Processing /home/airflow/.local/lib/python3.12/site-packages/airflow/example_dags/example_external_task_marker_dag.py took 0.067 seconds
