[2026-01-11T03:07:35.055+0000] {local_task_job_runner.py:120} INFO - ::group::Pre task execution logs
[2026-01-11T03:07:35.092+0000] {taskinstance.py:2076} INFO - Dependencies all met for dep_context=non-requeueable deps ti=<TaskInstance: thongtin_cty_bctc.ingest_bctc manual__2026-01-11T03:04:17.829778+00:00 map_index=46 [queued]>
[2026-01-11T03:07:35.109+0000] {taskinstance.py:2076} INFO - Dependencies all met for dep_context=requeueable deps ti=<TaskInstance: thongtin_cty_bctc.ingest_bctc manual__2026-01-11T03:04:17.829778+00:00 map_index=46 [queued]>
[2026-01-11T03:07:35.110+0000] {taskinstance.py:2306} INFO - Starting attempt 1 of 2
[2026-01-11T03:07:35.134+0000] {taskinstance.py:2330} INFO - Executing <Mapped(DfToCsvOperator): ingest_bctc> on 2026-01-11 03:04:17.829778+00:00
[2026-01-11T03:07:35.161+0000] {warnings.py:112} WARNING - This process (pid=1732) is multi-threaded, use of fork() may lead to deadlocks in the child.

[2026-01-11T03:07:35.164+0000] {standard_task_runner.py:64} INFO - Started process 1830 to run task
[2026-01-11T03:07:35.178+0000] {standard_task_runner.py:90} INFO - Running: ['***', 'tasks', 'run', 'thongtin_cty_bctc', 'ingest_bctc', 'manual__2026-01-11T03:04:17.829778+00:00', '--job-id', '9778', '--raw', '--subdir', 'DAGS_FOLDER/tt_cty_bctc.py', '--cfg-path', '/tmp/tmpkbi1f1fs', '--map-index', '46']
[2026-01-11T03:07:35.199+0000] {standard_task_runner.py:91} INFO - Job 9778: Subtask ingest_bctc
[2026-01-11T03:07:35.280+0000] {task_command.py:426} INFO - Running <TaskInstance: thongtin_cty_bctc.ingest_bctc manual__2026-01-11T03:04:17.829778+00:00 map_index=46 [running]> on host 3f2af93df813
[2026-01-11T03:07:35.413+0000] {taskinstance.py:2648} INFO - Exporting env vars: AIRFLOW_CTX_DAG_OWNER='***' AIRFLOW_CTX_DAG_ID='thongtin_cty_bctc' AIRFLOW_CTX_TASK_ID='ingest_bctc' AIRFLOW_CTX_EXECUTION_DATE='2026-01-11T03:04:17.829778+00:00' AIRFLOW_CTX_TRY_NUMBER='1' AIRFLOW_CTX_DAG_RUN_ID='manual__2026-01-11T03:04:17.829778+00:00'
[2026-01-11T03:07:35.414+0000] {taskinstance.py:430} INFO - ::endgroup::
[2026-01-11T03:07:35.425+0000] {logging_mixin.py:188} INFO - Bắt đầu xử lý batch 20 mã: ['LIG', 'LIC', 'LHG', 'LHC', 'LGM', 'LGL', 'LGC', 'LG9', 'LEC', 'LDW', 'LDP', 'LDG', 'LCW', 'LCS', 'LCM', 'LCG', 'LCD', 'LCC', 'LBM', 'LBE']
[2026-01-11T03:07:35.425+0000] {logging_mixin.py:188} INFO -  >> Đang lấy dữ liệu: LIG
[2026-01-11T03:07:35.560+0000] {logging_mixin.py:188} INFO -  Lỗi xử lý mã LIG: Failed to fetch data: 429 - Too Many Requests
[2026-01-11T03:07:35.562+0000] {logging_mixin.py:188} INFO -  >> Đang lấy dữ liệu: LIC
[2026-01-11T03:07:35.952+0000] {logging_mixin.py:188} INFO -  Lỗi xử lý mã LIC: Failed to fetch data: 429 - Too Many Requests
[2026-01-11T03:07:35.953+0000] {logging_mixin.py:188} INFO -  >> Đang lấy dữ liệu: LHG
[2026-01-11T03:07:36.925+0000] {logging_mixin.py:188} INFO -  Lỗi xử lý mã LHG: Failed to fetch data: 429 - Too Many Requests
[2026-01-11T03:07:36.927+0000] {logging_mixin.py:188} INFO -  >> Đang lấy dữ liệu: LHC
[2026-01-11T03:07:37.079+0000] {logging_mixin.py:188} INFO -  Lỗi xử lý mã LHC: Failed to fetch data: 429 - Too Many Requests
[2026-01-11T03:07:37.080+0000] {logging_mixin.py:188} INFO -  >> Đang lấy dữ liệu: LGM
[2026-01-11T03:07:42.316+0000] {logging_mixin.py:188} INFO -  Lỗi xử lý mã LGM: Failed to fetch data: 429 - Too Many Requests
[2026-01-11T03:07:42.317+0000] {logging_mixin.py:188} INFO -  >> Đang lấy dữ liệu: LGL
[2026-01-11T03:07:42.498+0000] {logging_mixin.py:188} INFO -  Lỗi xử lý mã LGL: Failed to fetch data: 429 - Too Many Requests
[2026-01-11T03:07:42.499+0000] {logging_mixin.py:188} INFO -  >> Đang lấy dữ liệu: LGC
[2026-01-11T03:07:44.588+0000] {logging_mixin.py:188} INFO -  Lỗi xử lý mã LGC: Failed to fetch data: 429 - Too Many Requests
[2026-01-11T03:07:44.589+0000] {logging_mixin.py:188} INFO -  >> Đang lấy dữ liệu: LG9
[2026-01-11T03:07:45.020+0000] {logging_mixin.py:188} INFO -  Lỗi xử lý mã LG9: Failed to fetch data: 429 - Too Many Requests
[2026-01-11T03:07:45.021+0000] {logging_mixin.py:188} INFO -  >> Đang lấy dữ liệu: LEC
[2026-01-11T03:07:45.188+0000] {logging_mixin.py:188} INFO -  Lỗi xử lý mã LEC: Failed to fetch data: 429 - Too Many Requests
[2026-01-11T03:07:45.189+0000] {logging_mixin.py:188} INFO -  >> Đang lấy dữ liệu: LDW
[2026-01-11T03:07:45.356+0000] {logging_mixin.py:188} INFO -  Lỗi xử lý mã LDW: Failed to fetch data: 429 - Too Many Requests
[2026-01-11T03:07:45.357+0000] {logging_mixin.py:188} INFO -  >> Đang lấy dữ liệu: LDP
[2026-01-11T03:07:45.777+0000] {logging_mixin.py:188} INFO -  Lỗi xử lý mã LDP: Failed to fetch data: 429 - Too Many Requests
[2026-01-11T03:07:45.778+0000] {logging_mixin.py:188} INFO -  >> Đang lấy dữ liệu: LDG
[2026-01-11T03:07:46.334+0000] {logging_mixin.py:188} INFO -  Lỗi xử lý mã LDG: Failed to fetch data: 429 - Too Many Requests
[2026-01-11T03:07:46.336+0000] {logging_mixin.py:188} INFO -  >> Đang lấy dữ liệu: LCW
[2026-01-11T03:07:46.576+0000] {logging_mixin.py:188} INFO -  Lỗi xử lý mã LCW: Failed to fetch data: 429 - Too Many Requests
[2026-01-11T03:07:46.577+0000] {logging_mixin.py:188} INFO -  >> Đang lấy dữ liệu: LCS
[2026-01-11T03:07:47.297+0000] {logging_mixin.py:188} INFO -  Lỗi xử lý mã LCS: Failed to fetch data: 429 - Too Many Requests
[2026-01-11T03:07:47.298+0000] {logging_mixin.py:188} INFO -  >> Đang lấy dữ liệu: LCM
[2026-01-11T03:07:47.677+0000] {logging_mixin.py:188} INFO -  Lỗi xử lý mã LCM: Failed to fetch data: 429 - Too Many Requests
[2026-01-11T03:07:47.678+0000] {logging_mixin.py:188} INFO -  >> Đang lấy dữ liệu: LCG
[2026-01-11T03:07:47.995+0000] {logging_mixin.py:188} INFO -  Lỗi xử lý mã LCG: Failed to fetch data: 429 - Too Many Requests
[2026-01-11T03:07:47.996+0000] {logging_mixin.py:188} INFO -  >> Đang lấy dữ liệu: LCD
[2026-01-11T03:07:48.597+0000] {logging_mixin.py:188} INFO -  Lỗi xử lý mã LCD: Failed to fetch data: 429 - Too Many Requests
[2026-01-11T03:07:48.599+0000] {logging_mixin.py:188} INFO -  >> Đang lấy dữ liệu: LCC
[2026-01-11T03:07:48.885+0000] {logging_mixin.py:188} INFO -  Lỗi xử lý mã LCC: Failed to fetch data: 429 - Too Many Requests
[2026-01-11T03:07:48.887+0000] {logging_mixin.py:188} INFO -  >> Đang lấy dữ liệu: LBM
[2026-01-11T03:07:49.362+0000] {logging_mixin.py:188} INFO -  Lỗi xử lý mã LBM: Failed to fetch data: 429 - Too Many Requests
[2026-01-11T03:07:49.363+0000] {logging_mixin.py:188} INFO -  >> Đang lấy dữ liệu: LBE
[2026-01-11T03:07:49.493+0000] {logging_mixin.py:188} INFO -  Lỗi xử lý mã LBE: Failed to fetch data: 429 - Too Many Requests
[2026-01-11T03:07:49.494+0000] {logging_mixin.py:188} INFO -  ⚠ Batch này không thu được dữ liệu nào.
[2026-01-11T03:07:49.499+0000] {datalake_df2csv.py:40} INFO - DataFrame rỗng, bỏ qua upload CSV.
[2026-01-11T03:07:49.499+0000] {taskinstance.py:441} INFO - ::group::Post task execution logs
[2026-01-11T03:07:49.515+0000] {taskinstance.py:1206} INFO - Marking task as SUCCESS. dag_id=thongtin_cty_bctc, task_id=ingest_bctc, run_id=manual__2026-01-11T03:04:17.829778+00:00, map_index=46, execution_date=20260111T030417, start_date=20260111T030735, end_date=20260111T030749
[2026-01-11T03:07:49.891+0000] {local_task_job_runner.py:243} INFO - Task exited with return code 0
[2026-01-11T03:07:49.908+0000] {taskinstance.py:3503} INFO - 0 downstream tasks scheduled from follow-on schedule check
[2026-01-11T03:07:49.911+0000] {local_task_job_runner.py:222} INFO - ::endgroup::
