[2026-01-01T09:06:13.691+0000] {local_task_job_runner.py:120} INFO - ::group::Pre task execution logs
[2026-01-01T09:06:13.721+0000] {taskinstance.py:2076} INFO - Dependencies all met for dep_context=non-requeueable deps ti=<TaskInstance: thongtin_cty_bctc.ingest_bctc scheduled__2025-12-30T00:00:00+00:00 map_index=54 [queued]>
[2026-01-01T09:06:13.740+0000] {taskinstance.py:2076} INFO - Dependencies all met for dep_context=requeueable deps ti=<TaskInstance: thongtin_cty_bctc.ingest_bctc scheduled__2025-12-30T00:00:00+00:00 map_index=54 [queued]>
[2026-01-01T09:06:13.741+0000] {taskinstance.py:2306} INFO - Starting attempt 5 of 6
[2026-01-01T09:06:13.756+0000] {taskinstance.py:2330} INFO - Executing <Mapped(DfToCsvOperator): ingest_bctc> on 2025-12-30 00:00:00+00:00
[2026-01-01T09:06:13.767+0000] {warnings.py:112} WARNING - This process (pid=10414) is multi-threaded, use of fork() may lead to deadlocks in the child.

[2026-01-01T09:06:13.769+0000] {standard_task_runner.py:64} INFO - Started process 10441 to run task
[2026-01-01T09:06:13.771+0000] {standard_task_runner.py:90} INFO - Running: ['***', 'tasks', 'run', 'thongtin_cty_bctc', 'ingest_bctc', 'scheduled__2025-12-30T00:00:00+00:00', '--job-id', '4590', '--raw', '--subdir', 'DAGS_FOLDER/tt_cty_bctc.py', '--cfg-path', '/tmp/tmppkatgxo4', '--map-index', '54']
[2026-01-01T09:06:13.772+0000] {standard_task_runner.py:91} INFO - Job 4590: Subtask ingest_bctc
[2026-01-01T09:06:13.818+0000] {task_command.py:426} INFO - Running <TaskInstance: thongtin_cty_bctc.ingest_bctc scheduled__2025-12-30T00:00:00+00:00 map_index=54 [running]> on host b455963a0603
[2026-01-01T09:06:13.911+0000] {taskinstance.py:2648} INFO - Exporting env vars: AIRFLOW_CTX_DAG_OWNER='***' AIRFLOW_CTX_DAG_ID='thongtin_cty_bctc' AIRFLOW_CTX_TASK_ID='ingest_bctc' AIRFLOW_CTX_EXECUTION_DATE='2025-12-30T00:00:00+00:00' AIRFLOW_CTX_TRY_NUMBER='5' AIRFLOW_CTX_DAG_RUN_ID='scheduled__2025-12-30T00:00:00+00:00'
[2026-01-01T09:06:13.913+0000] {taskinstance.py:430} INFO - ::endgroup::
[2026-01-01T09:06:13.920+0000] {logging_mixin.py:188} INFO - Bắt đầu xử lý batch 3 mã: ['VDT', 'VDS', 'VDP']
[2026-01-01T09:06:13.921+0000] {logging_mixin.py:188} INFO -  >> Đang lấy dữ liệu: VDT
[2026-01-01T09:06:18.908+0000] {logging_mixin.py:188} INFO - ❌ Lỗi income_statement: RetryError[<Future at 0x7f266efafb60 state=finished raised KeyError>]
[2026-01-01T09:06:23.487+0000] {logging_mixin.py:188} INFO - ❌ Lỗi balance_sheet: RetryError[<Future at 0x7f266ef42ff0 state=finished raised KeyError>]
[2026-01-01T09:06:27.995+0000] {logging_mixin.py:188} INFO - ❌ Lỗi cash_flow: RetryError[<Future at 0x7f266ee17ad0 state=finished raised KeyError>]
[2026-01-01T09:06:28.997+0000] {logging_mixin.py:188} INFO -  >> Đang lấy dữ liệu: VDS
[2026-01-01T09:06:32.571+0000] {logging_mixin.py:188} INFO -  >> Đang lấy dữ liệu: VDP
[2026-01-01T09:06:37.282+0000] {logging_mixin.py:188} INFO -  ✓ Hoàn thành batch. Tổng số dòng: 7779
[2026-01-01T09:06:37.328+0000] {base.py:84} INFO - Using connection ID 'minio_finance' for task execution.
[2026-01-01T09:06:37.329+0000] {connection_wrapper.py:384} INFO - AWS Connection (conn_id='minio_finance', conn_type='aws') credentials retrieved from login and password.
[2026-01-01T09:06:37.785+0000] {datalake_df2csv.py:53} INFO - ✅ Đã upload 7779 dòng -> s3://thongtin-congty-va-bctc/bctc/2025-12-30/batch_54.csv
[2026-01-01T09:06:37.786+0000] {taskinstance.py:441} INFO - ::group::Post task execution logs
[2026-01-01T09:06:37.797+0000] {taskinstance.py:1206} INFO - Marking task as SUCCESS. dag_id=thongtin_cty_bctc, task_id=ingest_bctc, run_id=scheduled__2025-12-30T00:00:00+00:00, map_index=54, execution_date=20251230T000000, start_date=20260101T090613, end_date=20260101T090637
[2026-01-01T09:06:37.855+0000] {local_task_job_runner.py:243} INFO - Task exited with return code 0
[2026-01-01T09:06:37.864+0000] {local_task_job_runner.py:222} INFO - ::endgroup::
