[2026-01-11T03:06:14.985+0000] {local_task_job_runner.py:120} INFO - ::group::Pre task execution logs
[2026-01-11T03:06:15.021+0000] {taskinstance.py:2076} INFO - Dependencies all met for dep_context=non-requeueable deps ti=<TaskInstance: thongtin_cty_bctc.ingest_bctc scheduled__2026-01-04T00:00:00+00:00 map_index=51 [queued]>
[2026-01-11T03:06:15.043+0000] {taskinstance.py:2076} INFO - Dependencies all met for dep_context=requeueable deps ti=<TaskInstance: thongtin_cty_bctc.ingest_bctc scheduled__2026-01-04T00:00:00+00:00 map_index=51 [queued]>
[2026-01-11T03:06:15.044+0000] {taskinstance.py:2306} INFO - Starting attempt 1 of 2
[2026-01-11T03:06:15.080+0000] {taskinstance.py:2330} INFO - Executing <Mapped(DfToCsvOperator): ingest_bctc> on 2026-01-04 00:00:00+00:00
[2026-01-11T03:06:15.096+0000] {warnings.py:112} WARNING - This process (pid=832) is multi-threaded, use of fork() may lead to deadlocks in the child.

[2026-01-11T03:06:15.099+0000] {standard_task_runner.py:64} INFO - Started process 886 to run task
[2026-01-11T03:06:15.102+0000] {standard_task_runner.py:90} INFO - Running: ['***', 'tasks', 'run', 'thongtin_cty_bctc', 'ingest_bctc', 'scheduled__2026-01-04T00:00:00+00:00', '--job-id', '9694', '--raw', '--subdir', 'DAGS_FOLDER/tt_cty_bctc.py', '--cfg-path', '/tmp/tmpfidaxn7c', '--map-index', '51']
[2026-01-11T03:06:15.105+0000] {standard_task_runner.py:91} INFO - Job 9694: Subtask ingest_bctc
[2026-01-11T03:06:15.201+0000] {task_command.py:426} INFO - Running <TaskInstance: thongtin_cty_bctc.ingest_bctc scheduled__2026-01-04T00:00:00+00:00 map_index=51 [running]> on host 3f2af93df813
[2026-01-11T03:06:15.358+0000] {taskinstance.py:2648} INFO - Exporting env vars: AIRFLOW_CTX_DAG_OWNER='***' AIRFLOW_CTX_DAG_ID='thongtin_cty_bctc' AIRFLOW_CTX_TASK_ID='ingest_bctc' AIRFLOW_CTX_EXECUTION_DATE='2026-01-04T00:00:00+00:00' AIRFLOW_CTX_TRY_NUMBER='1' AIRFLOW_CTX_DAG_RUN_ID='scheduled__2026-01-04T00:00:00+00:00'
[2026-01-11T03:06:15.360+0000] {taskinstance.py:430} INFO - ::endgroup::
[2026-01-11T03:06:15.369+0000] {logging_mixin.py:188} INFO - Bắt đầu xử lý batch 20 mã: ['ILA', 'IJC', 'IHK', 'IFS', 'IDV', 'IDP', 'IDJ', 'IDI', 'IDC', 'ICT', 'ICN', 'ICI', 'ICG', 'ICF', 'ICC', 'IBN', 'IBD', 'IBC', 'HWS', 'HVX']
[2026-01-11T03:06:15.370+0000] {logging_mixin.py:188} INFO -  >> Đang lấy dữ liệu: ILA
[2026-01-11T03:06:15.475+0000] {logging_mixin.py:188} INFO -  Lỗi xử lý mã ILA: Failed to fetch data: 429 - Too Many Requests
[2026-01-11T03:06:15.476+0000] {logging_mixin.py:188} INFO -  >> Đang lấy dữ liệu: IJC
[2026-01-11T03:06:15.612+0000] {logging_mixin.py:188} INFO -  Lỗi xử lý mã IJC: Failed to fetch data: 429 - Too Many Requests
[2026-01-11T03:06:15.613+0000] {logging_mixin.py:188} INFO -  >> Đang lấy dữ liệu: IHK
[2026-01-11T03:06:22.027+0000] {logging_mixin.py:188} INFO -  Lỗi xử lý mã IHK: Failed to fetch data: 429 - Too Many Requests
[2026-01-11T03:06:22.028+0000] {logging_mixin.py:188} INFO -  >> Đang lấy dữ liệu: IFS
[2026-01-11T03:06:22.436+0000] {logging_mixin.py:188} INFO -  Lỗi xử lý mã IFS: Failed to fetch data: 429 - Too Many Requests
[2026-01-11T03:06:22.436+0000] {logging_mixin.py:188} INFO -  >> Đang lấy dữ liệu: IDV
[2026-01-11T03:06:23.230+0000] {logging_mixin.py:188} INFO -  Lỗi xử lý mã IDV: Failed to fetch data: 429 - Too Many Requests
[2026-01-11T03:06:23.231+0000] {logging_mixin.py:188} INFO -  >> Đang lấy dữ liệu: IDP
[2026-01-11T03:06:23.407+0000] {logging_mixin.py:188} INFO -  Lỗi xử lý mã IDP: Failed to fetch data: 429 - Too Many Requests
[2026-01-11T03:06:23.408+0000] {logging_mixin.py:188} INFO -  >> Đang lấy dữ liệu: IDJ
[2026-01-11T03:06:23.560+0000] {logging_mixin.py:188} INFO -  Lỗi xử lý mã IDJ: Failed to fetch data: 429 - Too Many Requests
[2026-01-11T03:06:23.561+0000] {logging_mixin.py:188} INFO -  >> Đang lấy dữ liệu: IDI
[2026-01-11T03:06:23.843+0000] {logging_mixin.py:188} INFO -  Lỗi xử lý mã IDI: Failed to fetch data: 429 - Too Many Requests
[2026-01-11T03:06:23.844+0000] {logging_mixin.py:188} INFO -  >> Đang lấy dữ liệu: IDC
[2026-01-11T03:06:24.336+0000] {logging_mixin.py:188} INFO -  Lỗi xử lý mã IDC: Failed to fetch data: 429 - Too Many Requests
[2026-01-11T03:06:24.337+0000] {logging_mixin.py:188} INFO -  >> Đang lấy dữ liệu: ICT
[2026-01-11T03:06:24.481+0000] {logging_mixin.py:188} INFO -  Lỗi xử lý mã ICT: Failed to fetch data: 429 - Too Many Requests
[2026-01-11T03:06:24.482+0000] {logging_mixin.py:188} INFO -  >> Đang lấy dữ liệu: ICN
[2026-01-11T03:06:24.663+0000] {logging_mixin.py:188} INFO -  Lỗi xử lý mã ICN: Failed to fetch data: 429 - Too Many Requests
[2026-01-11T03:06:24.664+0000] {logging_mixin.py:188} INFO -  >> Đang lấy dữ liệu: ICI
[2026-01-11T03:06:25.049+0000] {logging_mixin.py:188} INFO -  Lỗi xử lý mã ICI: Failed to fetch data: 429 - Too Many Requests
[2026-01-11T03:06:25.051+0000] {logging_mixin.py:188} INFO -  >> Đang lấy dữ liệu: ICG
[2026-01-11T03:06:25.215+0000] {logging_mixin.py:188} INFO -  Lỗi xử lý mã ICG: Failed to fetch data: 429 - Too Many Requests
[2026-01-11T03:06:25.216+0000] {logging_mixin.py:188} INFO -  >> Đang lấy dữ liệu: ICF
[2026-01-11T03:06:25.507+0000] {logging_mixin.py:188} INFO -  Lỗi xử lý mã ICF: Failed to fetch data: 429 - Too Many Requests
[2026-01-11T03:06:25.509+0000] {logging_mixin.py:188} INFO -  >> Đang lấy dữ liệu: ICC
[2026-01-11T03:06:25.725+0000] {logging_mixin.py:188} INFO -  Lỗi xử lý mã ICC: Failed to fetch data: 429 - Too Many Requests
[2026-01-11T03:06:25.728+0000] {logging_mixin.py:188} INFO -  >> Đang lấy dữ liệu: IBN
[2026-01-11T03:06:26.253+0000] {logging_mixin.py:188} INFO -  Lỗi xử lý mã IBN: Failed to fetch data: 429 - Too Many Requests
[2026-01-11T03:06:26.255+0000] {logging_mixin.py:188} INFO -  >> Đang lấy dữ liệu: IBD
[2026-01-11T03:06:26.495+0000] {logging_mixin.py:188} INFO -  Lỗi xử lý mã IBD: Failed to fetch data: 429 - Too Many Requests
[2026-01-11T03:06:26.496+0000] {logging_mixin.py:188} INFO -  >> Đang lấy dữ liệu: IBC
[2026-01-11T03:06:28.522+0000] {logging_mixin.py:188} INFO -  Lỗi xử lý mã IBC: Failed to fetch data: 429 - Too Many Requests
[2026-01-11T03:06:28.524+0000] {logging_mixin.py:188} INFO -  >> Đang lấy dữ liệu: HWS
[2026-01-11T03:06:28.810+0000] {logging_mixin.py:188} INFO -  Lỗi xử lý mã HWS: Failed to fetch data: 429 - Too Many Requests
[2026-01-11T03:06:28.811+0000] {logging_mixin.py:188} INFO -  >> Đang lấy dữ liệu: HVX
[2026-01-11T03:06:29.055+0000] {logging_mixin.py:188} INFO -  Lỗi xử lý mã HVX: Failed to fetch data: 429 - Too Many Requests
[2026-01-11T03:06:29.057+0000] {logging_mixin.py:188} INFO -  ⚠ Batch này không thu được dữ liệu nào.
[2026-01-11T03:06:29.065+0000] {datalake_df2csv.py:40} INFO - DataFrame rỗng, bỏ qua upload CSV.
[2026-01-11T03:06:29.066+0000] {taskinstance.py:441} INFO - ::group::Post task execution logs
[2026-01-11T03:06:29.088+0000] {taskinstance.py:1206} INFO - Marking task as SUCCESS. dag_id=thongtin_cty_bctc, task_id=ingest_bctc, run_id=scheduled__2026-01-04T00:00:00+00:00, map_index=51, execution_date=20260104T000000, start_date=20260111T030615, end_date=20260111T030629
[2026-01-11T03:06:29.499+0000] {local_task_job_runner.py:243} INFO - Task exited with return code 0
[2026-01-11T03:06:29.512+0000] {local_task_job_runner.py:222} INFO - ::endgroup::
