[2026-01-01T02:36:13.636+0000] {local_task_job_runner.py:120} INFO - ::group::Pre task execution logs
[2026-01-01T02:36:13.660+0000] {taskinstance.py:2076} INFO - Dependencies all met for dep_context=non-requeueable deps ti=<TaskInstance: thongtin_cty_bctc.ingest_overview scheduled__2025-12-30T00:00:00+00:00 map_index=39 [queued]>
[2026-01-01T02:36:13.673+0000] {taskinstance.py:2076} INFO - Dependencies all met for dep_context=requeueable deps ti=<TaskInstance: thongtin_cty_bctc.ingest_overview scheduled__2025-12-30T00:00:00+00:00 map_index=39 [queued]>
[2026-01-01T02:36:13.674+0000] {taskinstance.py:2306} INFO - Starting attempt 2 of 3
[2026-01-01T02:36:13.686+0000] {taskinstance.py:2330} INFO - Executing <Mapped(DfToCsvOperator): ingest_overview> on 2025-12-30 00:00:00+00:00
[2026-01-01T02:36:13.695+0000] {warnings.py:112} WARNING - This process (pid=16292) is multi-threaded, use of fork() may lead to deadlocks in the child.

[2026-01-01T02:36:13.696+0000] {standard_task_runner.py:64} INFO - Started process 16311 to run task
[2026-01-01T02:36:13.698+0000] {standard_task_runner.py:90} INFO - Running: ['***', 'tasks', 'run', 'thongtin_cty_bctc', 'ingest_overview', 'scheduled__2025-12-30T00:00:00+00:00', '--job-id', '2012', '--raw', '--subdir', 'DAGS_FOLDER/tt_cty_bctc.py', '--cfg-path', '/tmp/tmpplugn6t1', '--map-index', '39']
[2026-01-01T02:36:13.699+0000] {standard_task_runner.py:91} INFO - Job 2012: Subtask ingest_overview
[2026-01-01T02:36:13.754+0000] {task_command.py:426} INFO - Running <TaskInstance: thongtin_cty_bctc.ingest_overview scheduled__2025-12-30T00:00:00+00:00 map_index=39 [running]> on host 43b0a0f7606b
[2026-01-01T02:36:13.851+0000] {taskinstance.py:2648} INFO - Exporting env vars: AIRFLOW_CTX_DAG_OWNER='***' AIRFLOW_CTX_DAG_ID='thongtin_cty_bctc' AIRFLOW_CTX_TASK_ID='ingest_overview' AIRFLOW_CTX_EXECUTION_DATE='2025-12-30T00:00:00+00:00' AIRFLOW_CTX_TRY_NUMBER='2' AIRFLOW_CTX_DAG_RUN_ID='scheduled__2025-12-30T00:00:00+00:00'
[2026-01-01T02:36:13.853+0000] {taskinstance.py:430} INFO - ::endgroup::
[2026-01-01T02:36:35.045+0000] {logging_mixin.py:188} INFO - Err overview NNT: Failed to fetch data: 429 - Too Many Requests
[2026-01-01T02:36:35.196+0000] {logging_mixin.py:188} INFO - Err overview NNQ: Failed to fetch data: 429 - Too Many Requests
[2026-01-01T02:36:35.340+0000] {logging_mixin.py:188} INFO - Err overview NNG: Failed to fetch data: 429 - Too Many Requests
[2026-01-01T02:36:35.483+0000] {logging_mixin.py:188} INFO - Err overview NNC: Failed to fetch data: 429 - Too Many Requests
[2026-01-01T02:36:35.638+0000] {logging_mixin.py:188} INFO - Err overview NLS: Failed to fetch data: 429 - Too Many Requests
[2026-01-01T02:36:35.796+0000] {logging_mixin.py:188} INFO - Err overview NLG: Failed to fetch data: 429 - Too Many Requests
[2026-01-01T02:36:35.965+0000] {logging_mixin.py:188} INFO - Err overview NKG: Failed to fetch data: 429 - Too Many Requests
[2026-01-01T02:36:36.275+0000] {logging_mixin.py:188} INFO - Err overview NJC: Failed to fetch data: 429 - Too Many Requests
[2026-01-01T02:36:36.438+0000] {logging_mixin.py:188} INFO - Err overview NHV: Failed to fetch data: 429 - Too Many Requests
[2026-01-01T02:36:36.600+0000] {logging_mixin.py:188} INFO - Err overview NHT: Failed to fetch data: 429 - Too Many Requests
[2026-01-01T02:36:36.765+0000] {logging_mixin.py:188} INFO - Err overview NHP: Failed to fetch data: 429 - Too Many Requests
[2026-01-01T02:36:36.921+0000] {logging_mixin.py:188} INFO - Err overview NHH: Failed to fetch data: 429 - Too Many Requests
[2026-01-01T02:36:37.087+0000] {logging_mixin.py:188} INFO - Err overview NHC: Failed to fetch data: 429 - Too Many Requests
[2026-01-01T02:36:37.252+0000] {logging_mixin.py:188} INFO - Err overview NHA: Failed to fetch data: 429 - Too Many Requests
[2026-01-01T02:36:37.402+0000] {logging_mixin.py:188} INFO - Err overview NGC: Failed to fetch data: 429 - Too Many Requests
[2026-01-01T02:36:37.575+0000] {logging_mixin.py:188} INFO - Err overview NFC: Failed to fetch data: 429 - Too Many Requests
[2026-01-01T02:36:37.720+0000] {logging_mixin.py:188} INFO - Err overview NET: Failed to fetch data: 429 - Too Many Requests
[2026-01-01T02:36:37.855+0000] {logging_mixin.py:188} INFO - Err overview NEM: Failed to fetch data: 429 - Too Many Requests
[2026-01-01T02:36:37.987+0000] {logging_mixin.py:188} INFO - Err overview NED: Failed to fetch data: 429 - Too Many Requests
[2026-01-01T02:36:38.129+0000] {logging_mixin.py:188} INFO - Err overview NDX: Failed to fetch data: 429 - Too Many Requests
[2026-01-01T02:36:38.137+0000] {datalake_df2csv.py:40} INFO - DataFrame rỗng, bỏ qua upload CSV.
[2026-01-01T02:36:38.138+0000] {taskinstance.py:441} INFO - ::group::Post task execution logs
[2026-01-01T02:36:38.160+0000] {taskinstance.py:1206} INFO - Marking task as SUCCESS. dag_id=thongtin_cty_bctc, task_id=ingest_overview, run_id=scheduled__2025-12-30T00:00:00+00:00, map_index=39, execution_date=20251230T000000, start_date=20260101T023613, end_date=20260101T023638
[2026-01-01T02:36:38.256+0000] {local_task_job_runner.py:243} INFO - Task exited with return code 0
[2026-01-01T02:36:38.289+0000] {local_task_job_runner.py:222} INFO - ::endgroup::
