[2026-01-01T02:16:14.475+0000] {local_task_job_runner.py:120} INFO - ::group::Pre task execution logs
[2026-01-01T02:16:14.576+0000] {taskinstance.py:2076} INFO - Dependencies all met for dep_context=non-requeueable deps ti=<TaskInstance: thongtin_cty_bctc.ingest_bctc scheduled__2025-12-31T00:00:00+00:00 map_index=208 [queued]>
[2026-01-01T02:16:14.914+0000] {taskinstance.py:2076} INFO - Dependencies all met for dep_context=requeueable deps ti=<TaskInstance: thongtin_cty_bctc.ingest_bctc scheduled__2025-12-31T00:00:00+00:00 map_index=208 [queued]>
[2026-01-01T02:16:14.917+0000] {taskinstance.py:2306} INFO - Starting attempt 1 of 2
[2026-01-01T02:16:14.947+0000] {taskinstance.py:2330} INFO - Executing <Mapped(DfToCsvOperator): ingest_bctc> on 2025-12-31 00:00:00+00:00
[2026-01-01T02:16:14.964+0000] {warnings.py:112} WARNING - This process (pid=7693) is multi-threaded, use of fork() may lead to deadlocks in the child.

[2026-01-01T02:16:14.966+0000] {standard_task_runner.py:64} INFO - Started process 7769 to run task
[2026-01-01T02:16:14.985+0000] {standard_task_runner.py:90} INFO - Running: ['***', 'tasks', 'run', 'thongtin_cty_bctc', 'ingest_bctc', 'scheduled__2025-12-31T00:00:00+00:00', '--job-id', '1255', '--raw', '--subdir', 'DAGS_FOLDER/tt_cty_bctc.py', '--cfg-path', '/tmp/tmpfhcdwqjt', '--map-index', '208']
[2026-01-01T02:16:14.987+0000] {standard_task_runner.py:91} INFO - Job 1255: Subtask ingest_bctc
[2026-01-01T02:16:15.144+0000] {task_command.py:426} INFO - Running <TaskInstance: thongtin_cty_bctc.ingest_bctc scheduled__2025-12-31T00:00:00+00:00 map_index=208 [running]> on host 43b0a0f7606b
[2026-01-01T02:16:15.434+0000] {taskinstance.py:2648} INFO - Exporting env vars: AIRFLOW_CTX_DAG_OWNER='***' AIRFLOW_CTX_DAG_ID='thongtin_cty_bctc' AIRFLOW_CTX_TASK_ID='ingest_bctc' AIRFLOW_CTX_EXECUTION_DATE='2025-12-31T00:00:00+00:00' AIRFLOW_CTX_TRY_NUMBER='1' AIRFLOW_CTX_DAG_RUN_ID='scheduled__2025-12-31T00:00:00+00:00'
[2026-01-01T02:16:15.437+0000] {taskinstance.py:430} INFO - ::endgroup::
[2026-01-01T02:16:15.451+0000] {logging_mixin.py:188} INFO - Bắt đầu xử lý batch 5 mã: ['HVT', 'HVN', 'HVH', 'HVG', 'HVA']
[2026-01-01T02:16:15.451+0000] {logging_mixin.py:188} INFO -  >> Đang lấy dữ liệu: HVT
[2026-01-01T02:16:15.590+0000] {logging_mixin.py:188} INFO -  Lỗi xử lý mã HVT: Failed to fetch data: 429 - Too Many Requests
[2026-01-01T02:16:15.592+0000] {logging_mixin.py:188} INFO -  >> Đang lấy dữ liệu: HVN
[2026-01-01T02:16:15.720+0000] {logging_mixin.py:188} INFO -  Lỗi xử lý mã HVN: Failed to fetch data: 429 - Too Many Requests
[2026-01-01T02:16:15.722+0000] {logging_mixin.py:188} INFO -  >> Đang lấy dữ liệu: HVH
[2026-01-01T02:16:15.842+0000] {logging_mixin.py:188} INFO -  Lỗi xử lý mã HVH: Failed to fetch data: 429 - Too Many Requests
[2026-01-01T02:16:15.843+0000] {logging_mixin.py:188} INFO -  >> Đang lấy dữ liệu: HVG
[2026-01-01T02:16:15.970+0000] {logging_mixin.py:188} INFO -  Lỗi xử lý mã HVG: Failed to fetch data: 429 - Too Many Requests
[2026-01-01T02:16:15.971+0000] {logging_mixin.py:188} INFO -  >> Đang lấy dữ liệu: HVA
[2026-01-01T02:16:16.078+0000] {logging_mixin.py:188} INFO -  Lỗi xử lý mã HVA: Failed to fetch data: 429 - Too Many Requests
[2026-01-01T02:16:16.080+0000] {logging_mixin.py:188} INFO -  ⚠ Batch này không thu được dữ liệu nào.
[2026-01-01T02:16:16.093+0000] {datalake_df2csv.py:40} INFO - DataFrame rỗng, bỏ qua upload CSV.
[2026-01-01T02:16:16.093+0000] {taskinstance.py:441} INFO - ::group::Post task execution logs
[2026-01-01T02:16:16.112+0000] {taskinstance.py:1206} INFO - Marking task as SUCCESS. dag_id=thongtin_cty_bctc, task_id=ingest_bctc, run_id=scheduled__2025-12-31T00:00:00+00:00, map_index=208, execution_date=20251231T000000, start_date=20260101T021614, end_date=20260101T021616
[2026-01-01T02:16:16.160+0000] {local_task_job_runner.py:243} INFO - Task exited with return code 0
[2026-01-01T02:16:16.176+0000] {local_task_job_runner.py:222} INFO - ::endgroup::
