[2026-01-11T03:24:13.750+0000] {local_task_job_runner.py:120} INFO - ::group::Pre task execution logs
[2026-01-11T03:24:13.776+0000] {taskinstance.py:2076} INFO - Dependencies all met for dep_context=non-requeueable deps ti=<TaskInstance: bctc.ingest_bctc manual__2026-01-11T03:22:36.146797+00:00 map_index=7 [queued]>
[2026-01-11T03:24:13.789+0000] {taskinstance.py:2076} INFO - Dependencies all met for dep_context=requeueable deps ti=<TaskInstance: bctc.ingest_bctc manual__2026-01-11T03:22:36.146797+00:00 map_index=7 [queued]>
[2026-01-11T03:24:13.790+0000] {taskinstance.py:2306} INFO - Starting attempt 1 of 2
[2026-01-11T03:24:13.807+0000] {taskinstance.py:2330} INFO - Executing <Mapped(DfToCsvOperator): ingest_bctc> on 2026-01-11 03:22:36.146797+00:00
[2026-01-11T03:24:13.818+0000] {warnings.py:112} WARNING - This process (pid=3455) is multi-threaded, use of fork() may lead to deadlocks in the child.

[2026-01-11T03:24:13.820+0000] {standard_task_runner.py:64} INFO - Started process 3521 to run task
[2026-01-11T03:24:13.823+0000] {standard_task_runner.py:90} INFO - Running: ['***', 'tasks', 'run', 'bctc', 'ingest_bctc', 'manual__2026-01-11T03:22:36.146797+00:00', '--job-id', '9914', '--raw', '--subdir', 'DAGS_FOLDER/tt_cty_bctc.py', '--cfg-path', '/tmp/tmpie930555', '--map-index', '7']
[2026-01-11T03:24:13.825+0000] {standard_task_runner.py:91} INFO - Job 9914: Subtask ingest_bctc
[2026-01-11T03:24:13.883+0000] {task_command.py:426} INFO - Running <TaskInstance: bctc.ingest_bctc manual__2026-01-11T03:22:36.146797+00:00 map_index=7 [running]> on host 3f2af93df813
[2026-01-11T03:24:14.010+0000] {taskinstance.py:2648} INFO - Exporting env vars: AIRFLOW_CTX_DAG_OWNER='***' AIRFLOW_CTX_DAG_ID='bctc' AIRFLOW_CTX_TASK_ID='ingest_bctc' AIRFLOW_CTX_EXECUTION_DATE='2026-01-11T03:22:36.146797+00:00' AIRFLOW_CTX_TRY_NUMBER='1' AIRFLOW_CTX_DAG_RUN_ID='manual__2026-01-11T03:22:36.146797+00:00'
[2026-01-11T03:24:14.012+0000] {taskinstance.py:430} INFO - ::endgroup::
[2026-01-11T03:24:14.024+0000] {logging_mixin.py:188} INFO - Bắt đầu xử lý batch 20 mã: ['VGS', 'VGR', 'VGP', 'VGL', 'VGI', 'VGG', 'VGC', 'VFS', 'VFR', 'VFG', 'VFC', 'VET', 'VES', 'VEF', 'VEC', 'VEA', 'VE9', 'VE8', 'VE4', 'VE3']
[2026-01-11T03:24:14.024+0000] {logging_mixin.py:188} INFO -  >> Đang lấy dữ liệu: VGS
[2026-01-11T03:24:14.144+0000] {logging_mixin.py:188} INFO -  Lỗi xử lý mã VGS: Failed to fetch data: 429 - Too Many Requests
[2026-01-11T03:24:14.145+0000] {logging_mixin.py:188} INFO -  >> Đang lấy dữ liệu: VGR
[2026-01-11T03:24:14.314+0000] {logging_mixin.py:188} INFO -  Lỗi xử lý mã VGR: Failed to fetch data: 429 - Too Many Requests
[2026-01-11T03:24:14.315+0000] {logging_mixin.py:188} INFO -  >> Đang lấy dữ liệu: VGP
[2026-01-11T03:24:14.426+0000] {logging_mixin.py:188} INFO -  Lỗi xử lý mã VGP: Failed to fetch data: 429 - Too Many Requests
[2026-01-11T03:24:14.427+0000] {logging_mixin.py:188} INFO -  >> Đang lấy dữ liệu: VGL
[2026-01-11T03:24:15.592+0000] {logging_mixin.py:188} INFO -  Lỗi xử lý mã VGL: Failed to fetch data: 429 - Too Many Requests
[2026-01-11T03:24:15.594+0000] {logging_mixin.py:188} INFO -  >> Đang lấy dữ liệu: VGI
[2026-01-11T03:24:17.657+0000] {logging_mixin.py:188} INFO -  Lỗi xử lý mã VGI: Failed to fetch data: 429 - Too Many Requests
[2026-01-11T03:24:17.658+0000] {logging_mixin.py:188} INFO -  >> Đang lấy dữ liệu: VGG
[2026-01-11T03:24:17.759+0000] {logging_mixin.py:188} INFO -  Lỗi xử lý mã VGG: Failed to fetch data: 429 - Too Many Requests
[2026-01-11T03:24:17.760+0000] {logging_mixin.py:188} INFO -  >> Đang lấy dữ liệu: VGC
[2026-01-11T03:24:17.866+0000] {logging_mixin.py:188} INFO -  Lỗi xử lý mã VGC: Failed to fetch data: 429 - Too Many Requests
[2026-01-11T03:24:17.866+0000] {logging_mixin.py:188} INFO -  >> Đang lấy dữ liệu: VFS
[2026-01-11T03:24:18.308+0000] {logging_mixin.py:188} INFO -  Lỗi xử lý mã VFS: Failed to fetch data: 429 - Too Many Requests
[2026-01-11T03:24:18.309+0000] {logging_mixin.py:188} INFO -  >> Đang lấy dữ liệu: VFR
[2026-01-11T03:24:18.411+0000] {logging_mixin.py:188} INFO -  Lỗi xử lý mã VFR: Failed to fetch data: 429 - Too Many Requests
[2026-01-11T03:24:18.412+0000] {logging_mixin.py:188} INFO -  >> Đang lấy dữ liệu: VFG
[2026-01-11T03:24:18.515+0000] {logging_mixin.py:188} INFO -  Lỗi xử lý mã VFG: Failed to fetch data: 429 - Too Many Requests
[2026-01-11T03:24:18.516+0000] {logging_mixin.py:188} INFO -  >> Đang lấy dữ liệu: VFC
[2026-01-11T03:24:19.586+0000] {logging_mixin.py:188} INFO -  Lỗi xử lý mã VFC: Failed to fetch data: 429 - Too Many Requests
[2026-01-11T03:24:19.588+0000] {logging_mixin.py:188} INFO -  >> Đang lấy dữ liệu: VET
[2026-01-11T03:24:19.746+0000] {logging_mixin.py:188} INFO -  Lỗi xử lý mã VET: Failed to fetch data: 429 - Too Many Requests
[2026-01-11T03:24:19.748+0000] {logging_mixin.py:188} INFO -  >> Đang lấy dữ liệu: VES
[2026-01-11T03:24:20.016+0000] {logging_mixin.py:188} INFO -  Lỗi xử lý mã VES: Failed to fetch data: 429 - Too Many Requests
[2026-01-11T03:24:20.017+0000] {logging_mixin.py:188} INFO -  >> Đang lấy dữ liệu: VEF
[2026-01-11T03:24:20.421+0000] {logging_mixin.py:188} INFO -  Lỗi xử lý mã VEF: Failed to fetch data: 429 - Too Many Requests
[2026-01-11T03:24:20.426+0000] {logging_mixin.py:188} INFO -  >> Đang lấy dữ liệu: VEC
[2026-01-11T03:24:20.972+0000] {logging_mixin.py:188} INFO -  Lỗi xử lý mã VEC: Failed to fetch data: 429 - Too Many Requests
[2026-01-11T03:24:20.975+0000] {logging_mixin.py:188} INFO -  >> Đang lấy dữ liệu: VEA
[2026-01-11T03:24:21.085+0000] {logging_mixin.py:188} INFO -  Lỗi xử lý mã VEA: Failed to fetch data: 429 - Too Many Requests
[2026-01-11T03:24:21.087+0000] {logging_mixin.py:188} INFO -  >> Đang lấy dữ liệu: VE9
[2026-01-11T03:24:21.273+0000] {logging_mixin.py:188} INFO -  Lỗi xử lý mã VE9: Failed to fetch data: 429 - Too Many Requests
[2026-01-11T03:24:21.274+0000] {logging_mixin.py:188} INFO -  >> Đang lấy dữ liệu: VE8
[2026-01-11T03:24:21.383+0000] {logging_mixin.py:188} INFO -  Lỗi xử lý mã VE8: Failed to fetch data: 429 - Too Many Requests
[2026-01-11T03:24:21.385+0000] {logging_mixin.py:188} INFO -  >> Đang lấy dữ liệu: VE4
[2026-01-11T03:24:22.470+0000] {logging_mixin.py:188} INFO -  Lỗi xử lý mã VE4: Failed to fetch data: 429 - Too Many Requests
[2026-01-11T03:24:22.471+0000] {logging_mixin.py:188} INFO -  >> Đang lấy dữ liệu: VE3
[2026-01-11T03:24:22.571+0000] {logging_mixin.py:188} INFO -  Lỗi xử lý mã VE3: Failed to fetch data: 429 - Too Many Requests
[2026-01-11T03:24:22.572+0000] {logging_mixin.py:188} INFO -  ⚠ Batch này không thu được dữ liệu nào.
[2026-01-11T03:24:22.580+0000] {datalake_df2csv.py:40} INFO - DataFrame rỗng, bỏ qua upload CSV.
[2026-01-11T03:24:22.581+0000] {taskinstance.py:441} INFO - ::group::Post task execution logs
[2026-01-11T03:24:22.610+0000] {taskinstance.py:1206} INFO - Marking task as SUCCESS. dag_id=bctc, task_id=ingest_bctc, run_id=manual__2026-01-11T03:22:36.146797+00:00, map_index=7, execution_date=20260111T032236, start_date=20260111T032413, end_date=20260111T032422
[2026-01-11T03:24:22.685+0000] {local_task_job_runner.py:243} INFO - Task exited with return code 0
[2026-01-11T03:24:22.727+0000] {taskinstance.py:3503} INFO - 0 downstream tasks scheduled from follow-on schedule check
[2026-01-11T03:24:22.730+0000] {local_task_job_runner.py:222} INFO - ::endgroup::
