[2026-01-11T13:01:37.509+0000] {local_task_job_runner.py:120} INFO - ::group::Pre task execution logs
[2026-01-11T13:01:37.528+0000] {taskinstance.py:2076} INFO - Dependencies all met for dep_context=non-requeueable deps ti=<TaskInstance: company_people_to_minio.ingest_people scheduled__2026-01-04T00:00:00+00:00 map_index=34 [queued]>
[2026-01-11T13:01:37.537+0000] {taskinstance.py:2076} INFO - Dependencies all met for dep_context=requeueable deps ti=<TaskInstance: company_people_to_minio.ingest_people scheduled__2026-01-04T00:00:00+00:00 map_index=34 [queued]>
[2026-01-11T13:01:37.538+0000] {taskinstance.py:2306} INFO - Starting attempt 1 of 2
[2026-01-11T13:01:37.550+0000] {taskinstance.py:2330} INFO - Executing <Mapped(DfToCsvOperator): ingest_people> on 2026-01-04 00:00:00+00:00
[2026-01-11T13:01:37.560+0000] {warnings.py:112} WARNING - This process (pid=1680) is multi-threaded, use of fork() may lead to deadlocks in the child.

[2026-01-11T13:01:37.561+0000] {standard_task_runner.py:64} INFO - Started process 1690 to run task
[2026-01-11T13:01:37.563+0000] {standard_task_runner.py:90} INFO - Running: ['***', 'tasks', 'run', 'company_people_to_minio', 'ingest_people', 'scheduled__2026-01-04T00:00:00+00:00', '--job-id', '10472', '--raw', '--subdir', 'DAGS_FOLDER/company_people_to_minio.py', '--cfg-path', '/tmp/tmpkfax1uzp', '--map-index', '34']
[2026-01-11T13:01:37.564+0000] {standard_task_runner.py:91} INFO - Job 10472: Subtask ingest_people
[2026-01-11T13:01:37.608+0000] {task_command.py:426} INFO - Running <TaskInstance: company_people_to_minio.ingest_people scheduled__2026-01-04T00:00:00+00:00 map_index=34 [running]> on host 09a10a568fe6
[2026-01-11T13:01:37.687+0000] {taskinstance.py:2648} INFO - Exporting env vars: AIRFLOW_CTX_DAG_OWNER='***' AIRFLOW_CTX_DAG_ID='company_people_to_minio' AIRFLOW_CTX_TASK_ID='ingest_people' AIRFLOW_CTX_EXECUTION_DATE='2026-01-04T00:00:00+00:00' AIRFLOW_CTX_TRY_NUMBER='1' AIRFLOW_CTX_DAG_RUN_ID='scheduled__2026-01-04T00:00:00+00:00'
[2026-01-11T13:01:37.689+0000] {taskinstance.py:430} INFO - ::endgroup::
[2026-01-11T13:02:08.278+0000] {base.py:84} INFO - Using connection ID 'minio_finance' for task execution.
[2026-01-11T13:02:08.279+0000] {connection_wrapper.py:384} INFO - AWS Connection (conn_id='minio_finance', conn_type='aws') credentials retrieved from login and password.
[2026-01-11T13:02:08.684+0000] {datalake_df2csv.py:52} INFO - ✅ Đã upload 622 dòng -> s3://thongtin-congty-va-bctc/people/date=2026-01-04/batch_34.csv
[2026-01-11T13:02:08.685+0000] {taskinstance.py:441} INFO - ::group::Post task execution logs
[2026-01-11T13:02:08.693+0000] {taskinstance.py:1206} INFO - Marking task as SUCCESS. dag_id=company_people_to_minio, task_id=ingest_people, run_id=scheduled__2026-01-04T00:00:00+00:00, map_index=34, execution_date=20260104T000000, start_date=20260111T130137, end_date=20260111T130208
[2026-01-11T13:02:08.746+0000] {local_task_job_runner.py:243} INFO - Task exited with return code 0
[2026-01-11T13:02:08.772+0000] {taskinstance.py:3503} INFO - 0 downstream tasks scheduled from follow-on schedule check
[2026-01-11T13:02:08.775+0000] {local_task_job_runner.py:222} INFO - ::endgroup::
