[2026-01-01T03:13:13.285+0000] {local_task_job_runner.py:120} INFO - ::group::Pre task execution logs
[2026-01-01T03:13:13.328+0000] {taskinstance.py:2076} INFO - Dependencies all met for dep_context=non-requeueable deps ti=<TaskInstance: thongtin_cty_bctc.ingest_bctc scheduled__2025-12-30T00:00:00+00:00 map_index=10 [queued]>
[2026-01-01T03:13:13.347+0000] {taskinstance.py:2076} INFO - Dependencies all met for dep_context=requeueable deps ti=<TaskInstance: thongtin_cty_bctc.ingest_bctc scheduled__2025-12-30T00:00:00+00:00 map_index=10 [queued]>
[2026-01-01T03:13:13.348+0000] {taskinstance.py:2306} INFO - Starting attempt 4 of 5
[2026-01-01T03:13:13.367+0000] {taskinstance.py:2330} INFO - Executing <Mapped(DfToCsvOperator): ingest_bctc> on 2025-12-30 00:00:00+00:00
[2026-01-01T03:13:13.381+0000] {warnings.py:112} WARNING - This process (pid=33059) is multi-threaded, use of fork() may lead to deadlocks in the child.

[2026-01-01T03:13:13.383+0000] {standard_task_runner.py:64} INFO - Started process 33112 to run task
[2026-01-01T03:13:13.386+0000] {standard_task_runner.py:90} INFO - Running: ['***', 'tasks', 'run', 'thongtin_cty_bctc', 'ingest_bctc', 'scheduled__2025-12-30T00:00:00+00:00', '--job-id', '3493', '--raw', '--subdir', 'DAGS_FOLDER/tt_cty_bctc.py', '--cfg-path', '/tmp/tmpf4sa2k_g', '--map-index', '10']
[2026-01-01T03:13:13.389+0000] {standard_task_runner.py:91} INFO - Job 3493: Subtask ingest_bctc
[2026-01-01T03:13:13.476+0000] {task_command.py:426} INFO - Running <TaskInstance: thongtin_cty_bctc.ingest_bctc scheduled__2025-12-30T00:00:00+00:00 map_index=10 [running]> on host 43b0a0f7606b
[2026-01-01T03:13:13.632+0000] {taskinstance.py:2648} INFO - Exporting env vars: AIRFLOW_CTX_DAG_OWNER='***' AIRFLOW_CTX_DAG_ID='thongtin_cty_bctc' AIRFLOW_CTX_TASK_ID='ingest_bctc' AIRFLOW_CTX_EXECUTION_DATE='2025-12-30T00:00:00+00:00' AIRFLOW_CTX_TRY_NUMBER='4' AIRFLOW_CTX_DAG_RUN_ID='scheduled__2025-12-30T00:00:00+00:00'
[2026-01-01T03:13:13.634+0000] {taskinstance.py:430} INFO - ::endgroup::
[2026-01-01T03:13:13.661+0000] {logging_mixin.py:188} INFO - Bắt đầu xử lý batch 3 mã: ['VTS', 'VTR', 'VTQ']
[2026-01-01T03:13:13.662+0000] {logging_mixin.py:188} INFO -  >> Đang lấy dữ liệu: VTS
[2026-01-01T03:13:17.096+0000] {logging_mixin.py:188} INFO -  >> Đang lấy dữ liệu: VTR
[2026-01-01T03:13:20.883+0000] {logging_mixin.py:188} INFO -  >> Đang lấy dữ liệu: VTQ
[2026-01-01T03:13:23.995+0000] {logging_mixin.py:188} INFO -  ✓ Hoàn thành batch. Tổng số dòng: 8703
[2026-01-01T03:13:24.068+0000] {base.py:84} INFO - Using connection ID 'minio_finance' for task execution.
[2026-01-01T03:13:24.069+0000] {connection_wrapper.py:384} INFO - AWS Connection (conn_id='minio_finance', conn_type='aws') credentials retrieved from login and password.
[2026-01-01T03:13:24.710+0000] {datalake_df2csv.py:53} INFO - ✅ Đã upload 8703 dòng -> s3://thongtin-congty-va-bctc/bctc/2025-12-30/batch_10.csv
[2026-01-01T03:13:24.712+0000] {taskinstance.py:441} INFO - ::group::Post task execution logs
[2026-01-01T03:13:24.728+0000] {taskinstance.py:1206} INFO - Marking task as SUCCESS. dag_id=thongtin_cty_bctc, task_id=ingest_bctc, run_id=scheduled__2025-12-30T00:00:00+00:00, map_index=10, execution_date=20251230T000000, start_date=20260101T031313, end_date=20260101T031324
[2026-01-01T03:13:26.305+0000] {local_task_job_runner.py:243} INFO - Task exited with return code 0
[2026-01-01T03:13:26.319+0000] {local_task_job_runner.py:222} INFO - ::endgroup::
