[2025-12-31T14:37:21.344+0000] {local_task_job_runner.py:120} INFO - ::group::Pre task execution logs
[2025-12-31T14:37:21.414+0000] {taskinstance.py:2076} INFO - Dependencies all met for dep_context=non-requeueable deps ti=<TaskInstance: thongtin_cty_bctc.ingest_overview scheduled__2025-12-30T00:00:00+00:00 map_index=53 [queued]>
[2025-12-31T14:37:21.473+0000] {taskinstance.py:2076} INFO - Dependencies all met for dep_context=requeueable deps ti=<TaskInstance: thongtin_cty_bctc.ingest_overview scheduled__2025-12-30T00:00:00+00:00 map_index=53 [queued]>
[2025-12-31T14:37:21.478+0000] {taskinstance.py:2306} INFO - Starting attempt 1 of 2
[2025-12-31T14:37:21.510+0000] {taskinstance.py:2330} INFO - Executing <Mapped(DfToCsvOperator): ingest_overview> on 2025-12-30 00:00:00+00:00
[2025-12-31T14:37:21.528+0000] {warnings.py:112} WARNING - This process (pid=2405) is multi-threaded, use of fork() may lead to deadlocks in the child.

[2025-12-31T14:37:21.536+0000] {standard_task_runner.py:64} INFO - Started process 2462 to run task
[2025-12-31T14:37:21.537+0000] {standard_task_runner.py:90} INFO - Running: ['***', 'tasks', 'run', 'thongtin_cty_bctc', 'ingest_overview', 'scheduled__2025-12-30T00:00:00+00:00', '--job-id', '168', '--raw', '--subdir', 'DAGS_FOLDER/tt_cty_bctc.py', '--cfg-path', '/tmp/tmps3gk3jy4', '--map-index', '53']
[2025-12-31T14:37:21.539+0000] {standard_task_runner.py:91} INFO - Job 168: Subtask ingest_overview
[2025-12-31T14:37:21.624+0000] {task_command.py:426} INFO - Running <TaskInstance: thongtin_cty_bctc.ingest_overview scheduled__2025-12-30T00:00:00+00:00 map_index=53 [running]> on host 8bc7f11ea9a4
[2025-12-31T14:37:21.793+0000] {taskinstance.py:2648} INFO - Exporting env vars: AIRFLOW_CTX_DAG_OWNER='***' AIRFLOW_CTX_DAG_ID='thongtin_cty_bctc' AIRFLOW_CTX_TASK_ID='ingest_overview' AIRFLOW_CTX_EXECUTION_DATE='2025-12-30T00:00:00+00:00' AIRFLOW_CTX_TRY_NUMBER='1' AIRFLOW_CTX_DAG_RUN_ID='scheduled__2025-12-30T00:00:00+00:00'
[2025-12-31T14:37:21.795+0000] {taskinstance.py:430} INFO - ::endgroup::
[2025-12-31T14:37:22.319+0000] {logging_mixin.py:188} INFO - Err overview HTL: Failed to fetch data: 429 - Too Many Requests
[2025-12-31T14:37:22.716+0000] {logging_mixin.py:188} INFO - Err overview HTK: Failed to fetch data: 429 - Too Many Requests
[2025-12-31T14:37:22.897+0000] {logging_mixin.py:188} INFO - Err overview HTI: Failed to fetch data: 429 - Too Many Requests
[2025-12-31T14:37:23.115+0000] {logging_mixin.py:188} INFO - Err overview HTH: Failed to fetch data: 429 - Too Many Requests
[2025-12-31T14:37:23.347+0000] {logging_mixin.py:188} INFO - Err overview HTG: Failed to fetch data: 429 - Too Many Requests
[2025-12-31T14:37:23.511+0000] {logging_mixin.py:188} INFO - Err overview HTE: Failed to fetch data: 429 - Too Many Requests
[2025-12-31T14:37:23.677+0000] {logging_mixin.py:188} INFO - Err overview HTC: Failed to fetch data: 429 - Too Many Requests
[2025-12-31T14:37:44.735+0000] {log.py:232} WARNING - 2025-12-31 14:37:44 - vnstock.core.utils.client - ERROR - API request failed: HTTPSConnectionPool(host='trading.vietcap.com.vn', port=443): Max retries exceeded with url: /data-mt/graphql (Caused by NewConnectionError('<urllib3.connection.HTTPSConnection object at 0x7f68aca633b0>: Failed to establish a new connection: [Errno 111] Connection refused'))
[2025-12-31T14:37:44.735+0000] {client.py:414} ERROR - API request failed: HTTPSConnectionPool(host='trading.vietcap.com.vn', port=443): Max retries exceeded with url: /data-mt/graphql (Caused by NewConnectionError('<urllib3.connection.HTTPSConnection object at 0x7f68aca633b0>: Failed to establish a new connection: [Errno 111] Connection refused'))
[2025-12-31T14:37:44.736+0000] {logging_mixin.py:188} INFO - Err overview HT1: API request failed: HTTPSConnectionPool(host='trading.vietcap.com.vn', port=443): Max retries exceeded with url: /data-mt/graphql (Caused by NewConnectionError('<urllib3.connection.HTTPSConnection object at 0x7f68aca633b0>: Failed to establish a new connection: [Errno 111] Connection refused'))
[2025-12-31T14:37:44.891+0000] {logging_mixin.py:188} INFO - Err overview HSV: Failed to fetch data: 429 - Too Many Requests
[2025-12-31T14:37:45.096+0000] {logging_mixin.py:188} INFO - Err overview HSP: Failed to fetch data: 429 - Too Many Requests
[2025-12-31T14:37:45.314+0000] {logging_mixin.py:188} INFO - Err overview HSM: Failed to fetch data: 429 - Too Many Requests
[2025-12-31T14:37:45.551+0000] {logging_mixin.py:188} INFO - Err overview HSL: Failed to fetch data: 429 - Too Many Requests
[2025-12-31T14:37:45.773+0000] {logging_mixin.py:188} INFO - Err overview HSI: Failed to fetch data: 429 - Too Many Requests
[2025-12-31T14:37:46.185+0000] {logging_mixin.py:188} INFO - Err overview HSG: Failed to fetch data: 429 - Too Many Requests
[2025-12-31T14:37:46.351+0000] {logging_mixin.py:188} INFO - Err overview HSA: Failed to fetch data: 429 - Too Many Requests
[2025-12-31T14:37:46.529+0000] {logging_mixin.py:188} INFO - Err overview HRT: Failed to fetch data: 429 - Too Many Requests
[2025-12-31T14:37:46.703+0000] {logging_mixin.py:188} INFO - Err overview HRC: Failed to fetch data: 429 - Too Many Requests
[2025-12-31T14:37:46.870+0000] {logging_mixin.py:188} INFO - Err overview HRB: Failed to fetch data: 429 - Too Many Requests
[2025-12-31T14:37:47.017+0000] {logging_mixin.py:188} INFO - Err overview HQC: Failed to fetch data: 429 - Too Many Requests
[2025-12-31T14:37:47.168+0000] {logging_mixin.py:188} INFO - Err overview HPX: Failed to fetch data: 429 - Too Many Requests
[2025-12-31T14:37:47.171+0000] {datalake_df2csv.py:40} INFO - DataFrame rỗng, bỏ qua upload CSV.
[2025-12-31T14:37:47.172+0000] {taskinstance.py:441} INFO - ::group::Post task execution logs
[2025-12-31T14:37:47.181+0000] {taskinstance.py:1206} INFO - Marking task as SUCCESS. dag_id=thongtin_cty_bctc, task_id=ingest_overview, run_id=scheduled__2025-12-30T00:00:00+00:00, map_index=53, execution_date=20251230T000000, start_date=20251231T143721, end_date=20251231T143747
[2025-12-31T14:37:47.258+0000] {local_task_job_runner.py:243} INFO - Task exited with return code 0
[2025-12-31T14:37:47.273+0000] {taskinstance.py:3503} INFO - 0 downstream tasks scheduled from follow-on schedule check
[2025-12-31T14:37:47.275+0000] {local_task_job_runner.py:222} INFO - ::endgroup::
