[2026-01-01T08:58:36.342+0000] {local_task_job_runner.py:120} INFO - ::group::Pre task execution logs
[2026-01-01T08:58:36.399+0000] {taskinstance.py:2076} INFO - Dependencies all met for dep_context=non-requeueable deps ti=<TaskInstance: thongtin_cty_bctc.ingest_bctc manual__2026-01-01T00:00:00+00:00 map_index=118 [queued]>
[2026-01-01T08:58:36.445+0000] {taskinstance.py:2076} INFO - Dependencies all met for dep_context=requeueable deps ti=<TaskInstance: thongtin_cty_bctc.ingest_bctc manual__2026-01-01T00:00:00+00:00 map_index=118 [queued]>
[2026-01-01T08:58:36.447+0000] {taskinstance.py:2306} INFO - Starting attempt 1 of 2
[2026-01-01T08:58:36.478+0000] {taskinstance.py:2330} INFO - Executing <Mapped(DfToCsvOperator): ingest_bctc> on 2026-01-01 00:00:00+00:00
[2026-01-01T08:58:36.497+0000] {warnings.py:112} WARNING - This process (pid=5256) is multi-threaded, use of fork() may lead to deadlocks in the child.

[2026-01-01T08:58:36.499+0000] {standard_task_runner.py:64} INFO - Started process 5332 to run task
[2026-01-01T08:58:36.506+0000] {standard_task_runner.py:90} INFO - Running: ['***', 'tasks', 'run', 'thongtin_cty_bctc', 'ingest_bctc', 'manual__2026-01-01T00:00:00+00:00', '--job-id', '4199', '--raw', '--subdir', 'DAGS_FOLDER/tt_cty_bctc.py', '--cfg-path', '/tmp/tmpr0b09s71', '--map-index', '118']
[2026-01-01T08:58:36.512+0000] {standard_task_runner.py:91} INFO - Job 4199: Subtask ingest_bctc
[2026-01-01T08:58:36.623+0000] {task_command.py:426} INFO - Running <TaskInstance: thongtin_cty_bctc.ingest_bctc manual__2026-01-01T00:00:00+00:00 map_index=118 [running]> on host b455963a0603
[2026-01-01T08:58:37.074+0000] {taskinstance.py:2648} INFO - Exporting env vars: AIRFLOW_CTX_DAG_OWNER='***' AIRFLOW_CTX_DAG_ID='thongtin_cty_bctc' AIRFLOW_CTX_TASK_ID='ingest_bctc' AIRFLOW_CTX_EXECUTION_DATE='2026-01-01T00:00:00+00:00' AIRFLOW_CTX_TRY_NUMBER='1' AIRFLOW_CTX_DAG_RUN_ID='manual__2026-01-01T00:00:00+00:00'
[2026-01-01T08:58:37.075+0000] {taskinstance.py:430} INFO - ::endgroup::
[2026-01-01T08:58:37.086+0000] {logging_mixin.py:188} INFO - Bắt đầu xử lý batch 3 mã: ['TCX', 'TCW', 'TCT']
[2026-01-01T08:58:37.086+0000] {logging_mixin.py:188} INFO -  >> Đang lấy dữ liệu: TCX
[2026-01-01T08:58:39.955+0000] {logging_mixin.py:188} INFO -  >> Đang lấy dữ liệu: TCW
[2026-01-01T08:58:42.407+0000] {logging_mixin.py:188} INFO -  >> Đang lấy dữ liệu: TCT
[2026-01-01T08:58:42.573+0000] {logging_mixin.py:188} INFO -  Lỗi xử lý mã TCT: Failed to fetch data: 502 - Bad Gateway
[2026-01-01T08:58:42.580+0000] {logging_mixin.py:188} INFO -  ✓ Hoàn thành batch. Tổng số dòng: 7391
[2026-01-01T08:58:42.692+0000] {base.py:84} INFO - Using connection ID 'minio_finance' for task execution.
[2026-01-01T08:58:42.693+0000] {connection_wrapper.py:384} INFO - AWS Connection (conn_id='minio_finance', conn_type='aws') credentials retrieved from login and password.
[2026-01-01T08:58:43.278+0000] {datalake_df2csv.py:53} INFO - ✅ Đã upload 7391 dòng -> s3://thongtin-congty-va-bctc/bctc/2026-01-01/batch_118.csv
[2026-01-01T08:58:43.278+0000] {taskinstance.py:441} INFO - ::group::Post task execution logs
[2026-01-01T08:58:43.292+0000] {taskinstance.py:1206} INFO - Marking task as SUCCESS. dag_id=thongtin_cty_bctc, task_id=ingest_bctc, run_id=manual__2026-01-01T00:00:00+00:00, map_index=118, execution_date=20260101T000000, start_date=20260101T085836, end_date=20260101T085843
[2026-01-01T08:58:45.632+0000] {local_task_job_runner.py:243} INFO - Task exited with return code 0
[2026-01-01T08:58:45.922+0000] {taskinstance.py:3503} INFO - 0 downstream tasks scheduled from follow-on schedule check
[2026-01-01T08:58:45.927+0000] {local_task_job_runner.py:222} INFO - ::endgroup::
