[2025-12-31T14:39:03.656+0000] {local_task_job_runner.py:120} INFO - ::group::Pre task execution logs
[2025-12-31T14:39:03.698+0000] {taskinstance.py:2076} INFO - Dependencies all met for dep_context=non-requeueable deps ti=<TaskInstance: thongtin_cty_bctc.ingest_overview manual__2025-12-31T14:34:21.190447+00:00 map_index=3 [queued]>
[2025-12-31T14:39:03.720+0000] {taskinstance.py:2076} INFO - Dependencies all met for dep_context=requeueable deps ti=<TaskInstance: thongtin_cty_bctc.ingest_overview manual__2025-12-31T14:34:21.190447+00:00 map_index=3 [queued]>
[2025-12-31T14:39:03.721+0000] {taskinstance.py:2306} INFO - Starting attempt 1 of 2
[2025-12-31T14:39:03.773+0000] {taskinstance.py:2330} INFO - Executing <Mapped(DfToCsvOperator): ingest_overview> on 2025-12-31 14:34:21.190447+00:00
[2025-12-31T14:39:03.798+0000] {warnings.py:112} WARNING - This process (pid=3636) is multi-threaded, use of fork() may lead to deadlocks in the child.

[2025-12-31T14:39:03.800+0000] {standard_task_runner.py:64} INFO - Started process 3727 to run task
[2025-12-31T14:39:03.800+0000] {standard_task_runner.py:90} INFO - Running: ['***', 'tasks', 'run', 'thongtin_cty_bctc', 'ingest_overview', 'manual__2025-12-31T14:34:21.190447+00:00', '--job-id', '276', '--raw', '--subdir', 'DAGS_FOLDER/tt_cty_bctc.py', '--cfg-path', '/tmp/tmp4fck_5yv', '--map-index', '3']
[2025-12-31T14:39:03.803+0000] {standard_task_runner.py:91} INFO - Job 276: Subtask ingest_overview
[2025-12-31T14:39:03.891+0000] {task_command.py:426} INFO - Running <TaskInstance: thongtin_cty_bctc.ingest_overview manual__2025-12-31T14:34:21.190447+00:00 map_index=3 [running]> on host 8bc7f11ea9a4
[2025-12-31T14:39:04.113+0000] {taskinstance.py:2648} INFO - Exporting env vars: AIRFLOW_CTX_DAG_OWNER='***' AIRFLOW_CTX_DAG_ID='thongtin_cty_bctc' AIRFLOW_CTX_TASK_ID='ingest_overview' AIRFLOW_CTX_EXECUTION_DATE='2025-12-31T14:34:21.190447+00:00' AIRFLOW_CTX_TRY_NUMBER='1' AIRFLOW_CTX_DAG_RUN_ID='manual__2025-12-31T14:34:21.190447+00:00'
[2025-12-31T14:39:04.128+0000] {taskinstance.py:430} INFO - ::endgroup::
[2025-12-31T14:39:04.357+0000] {logging_mixin.py:188} INFO - Err overview VRC: Failed to fetch data: 429 - Too Many Requests
[2025-12-31T14:39:04.494+0000] {logging_mixin.py:188} INFO - Err overview VQC: Failed to fetch data: 429 - Too Many Requests
[2025-12-31T14:39:04.610+0000] {logging_mixin.py:188} INFO - Err overview VPX: Failed to fetch data: 429 - Too Many Requests
[2025-12-31T14:39:04.736+0000] {logging_mixin.py:188} INFO - Err overview VPW: Failed to fetch data: 429 - Too Many Requests
[2025-12-31T14:39:04.849+0000] {logging_mixin.py:188} INFO - Err overview VPS: Failed to fetch data: 429 - Too Many Requests
[2025-12-31T14:39:05.019+0000] {logging_mixin.py:188} INFO - Err overview VPR: Failed to fetch data: 429 - Too Many Requests
[2025-12-31T14:39:05.170+0000] {logging_mixin.py:188} INFO - Err overview VPL: Failed to fetch data: 429 - Too Many Requests
[2025-12-31T14:39:05.438+0000] {logging_mixin.py:188} INFO - Err overview VPI: Failed to fetch data: 429 - Too Many Requests
[2025-12-31T14:39:05.637+0000] {logging_mixin.py:188} INFO - Err overview VPH: Failed to fetch data: 429 - Too Many Requests
[2025-12-31T14:39:05.811+0000] {logging_mixin.py:188} INFO - Err overview VPG: Failed to fetch data: 429 - Too Many Requests
[2025-12-31T14:39:05.986+0000] {logging_mixin.py:188} INFO - Err overview VPD: Failed to fetch data: 429 - Too Many Requests
[2025-12-31T14:39:06.135+0000] {logging_mixin.py:188} INFO - Err overview VPC: Failed to fetch data: 429 - Too Many Requests
[2025-12-31T14:39:27.284+0000] {logging_mixin.py:188} INFO - Err overview VPB: Failed to fetch data: 429 - Too Many Requests
[2025-12-31T14:39:27.410+0000] {logging_mixin.py:188} INFO - Err overview VPA: Failed to fetch data: 429 - Too Many Requests
[2025-12-31T14:39:27.531+0000] {logging_mixin.py:188} INFO - Err overview VOS: Failed to fetch data: 429 - Too Many Requests
[2025-12-31T14:39:27.633+0000] {logging_mixin.py:188} INFO - Err overview VOC: Failed to fetch data: 429 - Too Many Requests
[2025-12-31T14:39:27.757+0000] {logging_mixin.py:188} INFO - Err overview VNZ: Failed to fetch data: 429 - Too Many Requests
[2025-12-31T14:39:27.911+0000] {logging_mixin.py:188} INFO - Err overview VNY: Failed to fetch data: 429 - Too Many Requests
[2025-12-31T14:39:28.157+0000] {logging_mixin.py:188} INFO - Err overview VNX: Failed to fetch data: 429 - Too Many Requests
[2025-12-31T14:39:28.267+0000] {logging_mixin.py:188} INFO - Err overview VNT: Failed to fetch data: 429 - Too Many Requests
[2025-12-31T14:39:28.271+0000] {datalake_df2csv.py:40} INFO - DataFrame rỗng, bỏ qua upload CSV.
[2025-12-31T14:39:28.271+0000] {taskinstance.py:441} INFO - ::group::Post task execution logs
[2025-12-31T14:39:28.280+0000] {taskinstance.py:1206} INFO - Marking task as SUCCESS. dag_id=thongtin_cty_bctc, task_id=ingest_overview, run_id=manual__2025-12-31T14:34:21.190447+00:00, map_index=3, execution_date=20251231T143421, start_date=20251231T143903, end_date=20251231T143928
[2025-12-31T14:39:28.324+0000] {local_task_job_runner.py:243} INFO - Task exited with return code 0
[2025-12-31T14:39:28.338+0000] {taskinstance.py:3503} INFO - 0 downstream tasks scheduled from follow-on schedule check
[2025-12-31T14:39:28.341+0000] {local_task_job_runner.py:222} INFO - ::endgroup::
