[2026-01-10T15:07:22.730+0000] {local_task_job_runner.py:120} INFO - ::group::Pre task execution logs
[2026-01-10T15:07:22.804+0000] {taskinstance.py:2076} INFO - Dependencies all met for dep_context=non-requeueable deps ti=<TaskInstance: thongtin_cty_bctc.ingest_bctc scheduled__2025-12-30T00:00:00+00:00 map_index=263 [queued]>
[2026-01-10T15:07:23.063+0000] {taskinstance.py:2076} INFO - Dependencies all met for dep_context=requeueable deps ti=<TaskInstance: thongtin_cty_bctc.ingest_bctc scheduled__2025-12-30T00:00:00+00:00 map_index=263 [queued]>
[2026-01-10T15:07:23.064+0000] {taskinstance.py:2306} INFO - Starting attempt 1 of 2
[2026-01-10T15:07:23.079+0000] {taskinstance.py:2330} INFO - Executing <Mapped(DfToCsvOperator): ingest_bctc> on 2025-12-30 00:00:00+00:00
[2026-01-10T15:07:23.091+0000] {warnings.py:112} WARNING - This process (pid=2686) is multi-threaded, use of fork() may lead to deadlocks in the child.

[2026-01-10T15:07:23.093+0000] {standard_task_runner.py:64} INFO - Started process 2751 to run task
[2026-01-10T15:07:23.100+0000] {standard_task_runner.py:90} INFO - Running: ['***', 'tasks', 'run', 'thongtin_cty_bctc', 'ingest_bctc', 'scheduled__2025-12-30T00:00:00+00:00', '--job-id', '8891', '--raw', '--subdir', 'DAGS_FOLDER/tt_cty_bctc.py', '--cfg-path', '/tmp/tmpy7vbzy7j', '--map-index', '263']
[2026-01-10T15:07:23.102+0000] {standard_task_runner.py:91} INFO - Job 8891: Subtask ingest_bctc
[2026-01-10T15:07:23.165+0000] {task_command.py:426} INFO - Running <TaskInstance: thongtin_cty_bctc.ingest_bctc scheduled__2025-12-30T00:00:00+00:00 map_index=263 [running]> on host c44bcb92a951
[2026-01-10T15:07:23.314+0000] {taskinstance.py:2648} INFO - Exporting env vars: AIRFLOW_CTX_DAG_OWNER='***' AIRFLOW_CTX_DAG_ID='thongtin_cty_bctc' AIRFLOW_CTX_TASK_ID='ingest_bctc' AIRFLOW_CTX_EXECUTION_DATE='2025-12-30T00:00:00+00:00' AIRFLOW_CTX_TRY_NUMBER='1' AIRFLOW_CTX_DAG_RUN_ID='scheduled__2025-12-30T00:00:00+00:00'
[2026-01-10T15:07:23.316+0000] {taskinstance.py:430} INFO - ::endgroup::
[2026-01-10T15:07:23.324+0000] {logging_mixin.py:188} INFO - Bắt đầu xử lý batch 3 mã: ['NHT', 'NHP', 'NHH']
[2026-01-10T15:07:23.325+0000] {logging_mixin.py:188} INFO -  >> Đang lấy dữ liệu: NHT
[2026-01-10T15:07:26.164+0000] {logging_mixin.py:188} INFO -  >> Đang lấy dữ liệu: NHP
[2026-01-10T15:07:28.849+0000] {logging_mixin.py:188} INFO -  >> Đang lấy dữ liệu: NHH
[2026-01-10T15:07:31.580+0000] {logging_mixin.py:188} INFO -  ✓ Hoàn thành batch. Tổng số dòng: 6367
[2026-01-10T15:07:31.611+0000] {base.py:84} INFO - Using connection ID 'minio_finance' for task execution.
[2026-01-10T15:07:31.612+0000] {connection_wrapper.py:384} INFO - AWS Connection (conn_id='minio_finance', conn_type='aws') credentials retrieved from login and password.
[2026-01-10T15:07:32.021+0000] {datalake_df2csv.py:52} INFO - ✅ Đã upload 6367 dòng -> s3://thongtin-congty-va-bctc/bctc/2025-12-30/batch_263.csv
[2026-01-10T15:07:32.023+0000] {taskinstance.py:441} INFO - ::group::Post task execution logs
[2026-01-10T15:07:32.033+0000] {taskinstance.py:1206} INFO - Marking task as SUCCESS. dag_id=thongtin_cty_bctc, task_id=ingest_bctc, run_id=scheduled__2025-12-30T00:00:00+00:00, map_index=263, execution_date=20251230T000000, start_date=20260110T150722, end_date=20260110T150732
[2026-01-10T15:07:32.785+0000] {local_task_job_runner.py:243} INFO - Task exited with return code 0
[2026-01-10T15:07:32.858+0000] {taskinstance.py:3503} INFO - 0 downstream tasks scheduled from follow-on schedule check
[2026-01-10T15:07:32.861+0000] {local_task_job_runner.py:222} INFO - ::endgroup::
