[2026-01-01T08:59:49.004+0000] {local_task_job_runner.py:120} INFO - ::group::Pre task execution logs
[2026-01-01T08:59:49.062+0000] {taskinstance.py:2076} INFO - Dependencies all met for dep_context=non-requeueable deps ti=<TaskInstance: thongtin_cty_bctc.ingest_overview manual__2026-01-01T00:00:00+00:00 map_index=142 [queued]>
[2026-01-01T08:59:49.105+0000] {taskinstance.py:2076} INFO - Dependencies all met for dep_context=requeueable deps ti=<TaskInstance: thongtin_cty_bctc.ingest_overview manual__2026-01-01T00:00:00+00:00 map_index=142 [queued]>
[2026-01-01T08:59:49.106+0000] {taskinstance.py:2306} INFO - Starting attempt 1 of 2
[2026-01-01T08:59:49.125+0000] {taskinstance.py:2330} INFO - Executing <Mapped(DfToCsvOperator): ingest_overview> on 2026-01-01 00:00:00+00:00
[2026-01-01T08:59:49.137+0000] {warnings.py:112} WARNING - This process (pid=6190) is multi-threaded, use of fork() may lead to deadlocks in the child.

[2026-01-01T08:59:49.141+0000] {standard_task_runner.py:64} INFO - Started process 6268 to run task
[2026-01-01T08:59:49.142+0000] {standard_task_runner.py:90} INFO - Running: ['***', 'tasks', 'run', 'thongtin_cty_bctc', 'ingest_overview', 'manual__2026-01-01T00:00:00+00:00', '--job-id', '4267', '--raw', '--subdir', 'DAGS_FOLDER/tt_cty_bctc.py', '--cfg-path', '/tmp/tmpxep196yp', '--map-index', '142']
[2026-01-01T08:59:49.144+0000] {standard_task_runner.py:91} INFO - Job 4267: Subtask ingest_overview
[2026-01-01T08:59:49.227+0000] {task_command.py:426} INFO - Running <TaskInstance: thongtin_cty_bctc.ingest_overview manual__2026-01-01T00:00:00+00:00 map_index=142 [running]> on host b455963a0603
[2026-01-01T08:59:49.776+0000] {taskinstance.py:2648} INFO - Exporting env vars: AIRFLOW_CTX_DAG_OWNER='***' AIRFLOW_CTX_DAG_ID='thongtin_cty_bctc' AIRFLOW_CTX_TASK_ID='ingest_overview' AIRFLOW_CTX_EXECUTION_DATE='2026-01-01T00:00:00+00:00' AIRFLOW_CTX_TRY_NUMBER='1' AIRFLOW_CTX_DAG_RUN_ID='manual__2026-01-01T00:00:00+00:00'
[2026-01-01T08:59:49.777+0000] {taskinstance.py:430} INFO - ::endgroup::
[2026-01-01T08:59:49.921+0000] {warnings.py:112} WARNING - DataFrame.applymap has been deprecated. Use DataFrame.map instead.

[2026-01-01T08:59:51.071+0000] {warnings.py:112} WARNING - DataFrame.applymap has been deprecated. Use DataFrame.map instead.

[2026-01-01T08:59:52.341+0000] {warnings.py:112} WARNING - DataFrame.applymap has been deprecated. Use DataFrame.map instead.

[2026-01-01T08:59:53.375+0000] {base.py:84} INFO - Using connection ID 'minio_finance' for task execution.
[2026-01-01T08:59:53.377+0000] {connection_wrapper.py:384} INFO - AWS Connection (conn_id='minio_finance', conn_type='aws') credentials retrieved from login and password.
[2026-01-01T08:59:53.986+0000] {datalake_df2csv.py:53} INFO - ✅ Đã upload 3 dòng -> s3://thongtin-congty-va-bctc/overview/2026-01-01/batch_142.csv
[2026-01-01T08:59:53.988+0000] {taskinstance.py:441} INFO - ::group::Post task execution logs
[2026-01-01T08:59:54.019+0000] {taskinstance.py:1206} INFO - Marking task as SUCCESS. dag_id=thongtin_cty_bctc, task_id=ingest_overview, run_id=manual__2026-01-01T00:00:00+00:00, map_index=142, execution_date=20260101T000000, start_date=20260101T085949, end_date=20260101T085954
[2026-01-01T08:59:56.354+0000] {local_task_job_runner.py:243} INFO - Task exited with return code 0
[2026-01-01T08:59:56.435+0000] {local_task_job_runner.py:222} INFO - ::endgroup::
