[2025-12-31T14:38:19.845+0000] {local_task_job_runner.py:120} INFO - ::group::Pre task execution logs
[2025-12-31T14:38:19.880+0000] {taskinstance.py:2076} INFO - Dependencies all met for dep_context=non-requeueable deps ti=<TaskInstance: thongtin_cty_bctc.ingest_bctc scheduled__2025-12-30T00:00:00+00:00 map_index=72 [queued]>
[2025-12-31T14:38:19.903+0000] {taskinstance.py:2076} INFO - Dependencies all met for dep_context=requeueable deps ti=<TaskInstance: thongtin_cty_bctc.ingest_bctc scheduled__2025-12-30T00:00:00+00:00 map_index=72 [queued]>
[2025-12-31T14:38:19.904+0000] {taskinstance.py:2306} INFO - Starting attempt 1 of 2
[2025-12-31T14:38:19.923+0000] {taskinstance.py:2330} INFO - Executing <Mapped(DfToCsvOperator): ingest_bctc> on 2025-12-30 00:00:00+00:00
[2025-12-31T14:38:19.935+0000] {warnings.py:112} WARNING - This process (pid=3053) is multi-threaded, use of fork() may lead to deadlocks in the child.

[2025-12-31T14:38:19.938+0000] {standard_task_runner.py:64} INFO - Started process 3099 to run task
[2025-12-31T14:38:19.940+0000] {standard_task_runner.py:90} INFO - Running: ['***', 'tasks', 'run', 'thongtin_cty_bctc', 'ingest_bctc', 'scheduled__2025-12-30T00:00:00+00:00', '--job-id', '225', '--raw', '--subdir', 'DAGS_FOLDER/tt_cty_bctc.py', '--cfg-path', '/tmp/tmpgpkweu0l', '--map-index', '72']
[2025-12-31T14:38:19.942+0000] {standard_task_runner.py:91} INFO - Job 225: Subtask ingest_bctc
[2025-12-31T14:38:20.009+0000] {task_command.py:426} INFO - Running <TaskInstance: thongtin_cty_bctc.ingest_bctc scheduled__2025-12-30T00:00:00+00:00 map_index=72 [running]> on host 8bc7f11ea9a4
[2025-12-31T14:38:20.166+0000] {taskinstance.py:2648} INFO - Exporting env vars: AIRFLOW_CTX_DAG_OWNER='***' AIRFLOW_CTX_DAG_ID='thongtin_cty_bctc' AIRFLOW_CTX_TASK_ID='ingest_bctc' AIRFLOW_CTX_EXECUTION_DATE='2025-12-30T00:00:00+00:00' AIRFLOW_CTX_TRY_NUMBER='1' AIRFLOW_CTX_DAG_RUN_ID='scheduled__2025-12-30T00:00:00+00:00'
[2025-12-31T14:38:20.168+0000] {taskinstance.py:430} INFO - ::endgroup::
[2025-12-31T14:38:20.177+0000] {logging_mixin.py:188} INFO - Bắt đầu xử lý batch 20 mã: ['CTD', 'CTC', 'CTB', 'CTA', 'CT6', 'CT5', 'CT3', 'CSV', 'CST', 'CSM', 'CSI', 'CSC', 'CRV', 'CRE', 'CRC', 'CQT', 'CQN', 'CPI', 'CPH', 'CPC']
[2025-12-31T14:38:20.177+0000] {logging_mixin.py:188} INFO -  >> Đang lấy dữ liệu: CTD
[2025-12-31T14:38:20.554+0000] {logging_mixin.py:188} INFO -  Lỗi xử lý mã CTD: Failed to fetch data: 429 - Too Many Requests
[2025-12-31T14:38:20.555+0000] {logging_mixin.py:188} INFO -  >> Đang lấy dữ liệu: CTC
[2025-12-31T14:38:20.786+0000] {logging_mixin.py:188} INFO -  Lỗi xử lý mã CTC: Failed to fetch data: 429 - Too Many Requests
[2025-12-31T14:38:20.787+0000] {logging_mixin.py:188} INFO -  >> Đang lấy dữ liệu: CTB
[2025-12-31T14:38:20.971+0000] {logging_mixin.py:188} INFO -  Lỗi xử lý mã CTB: Failed to fetch data: 429 - Too Many Requests
[2025-12-31T14:38:20.972+0000] {logging_mixin.py:188} INFO -  >> Đang lấy dữ liệu: CTA
[2025-12-31T14:38:21.110+0000] {logging_mixin.py:188} INFO -  Lỗi xử lý mã CTA: Failed to fetch data: 429 - Too Many Requests
[2025-12-31T14:38:21.112+0000] {logging_mixin.py:188} INFO -  >> Đang lấy dữ liệu: CT6
[2025-12-31T14:38:21.256+0000] {logging_mixin.py:188} INFO -  Lỗi xử lý mã CT6: Failed to fetch data: 429 - Too Many Requests
[2025-12-31T14:38:21.257+0000] {logging_mixin.py:188} INFO -  >> Đang lấy dữ liệu: CT5
[2025-12-31T14:38:21.421+0000] {logging_mixin.py:188} INFO -  Lỗi xử lý mã CT5: Failed to fetch data: 429 - Too Many Requests
[2025-12-31T14:38:21.423+0000] {logging_mixin.py:188} INFO -  >> Đang lấy dữ liệu: CT3
[2025-12-31T14:38:21.586+0000] {logging_mixin.py:188} INFO -  Lỗi xử lý mã CT3: Failed to fetch data: 429 - Too Many Requests
[2025-12-31T14:38:21.587+0000] {logging_mixin.py:188} INFO -  >> Đang lấy dữ liệu: CSV
[2025-12-31T14:38:21.730+0000] {logging_mixin.py:188} INFO -  Lỗi xử lý mã CSV: Failed to fetch data: 429 - Too Many Requests
[2025-12-31T14:38:21.731+0000] {logging_mixin.py:188} INFO -  >> Đang lấy dữ liệu: CST
[2025-12-31T14:38:21.875+0000] {logging_mixin.py:188} INFO -  Lỗi xử lý mã CST: Failed to fetch data: 429 - Too Many Requests
[2025-12-31T14:38:21.877+0000] {logging_mixin.py:188} INFO -  >> Đang lấy dữ liệu: CSM
[2025-12-31T14:38:22.012+0000] {logging_mixin.py:188} INFO -  Lỗi xử lý mã CSM: Failed to fetch data: 429 - Too Many Requests
[2025-12-31T14:38:22.015+0000] {logging_mixin.py:188} INFO -  >> Đang lấy dữ liệu: CSI
[2025-12-31T14:38:22.180+0000] {logging_mixin.py:188} INFO -  Lỗi xử lý mã CSI: Failed to fetch data: 429 - Too Many Requests
[2025-12-31T14:38:22.181+0000] {logging_mixin.py:188} INFO -  >> Đang lấy dữ liệu: CSC
[2025-12-31T14:38:22.321+0000] {logging_mixin.py:188} INFO -  Lỗi xử lý mã CSC: Failed to fetch data: 429 - Too Many Requests
[2025-12-31T14:38:22.322+0000] {logging_mixin.py:188} INFO -  >> Đang lấy dữ liệu: CRV
[2025-12-31T14:38:22.487+0000] {logging_mixin.py:188} INFO -  Lỗi xử lý mã CRV: Failed to fetch data: 429 - Too Many Requests
[2025-12-31T14:38:22.488+0000] {logging_mixin.py:188} INFO -  >> Đang lấy dữ liệu: CRE
[2025-12-31T14:38:22.652+0000] {logging_mixin.py:188} INFO -  Lỗi xử lý mã CRE: Failed to fetch data: 429 - Too Many Requests
[2025-12-31T14:38:22.653+0000] {logging_mixin.py:188} INFO -  >> Đang lấy dữ liệu: CRC
[2025-12-31T14:38:22.797+0000] {logging_mixin.py:188} INFO -  Lỗi xử lý mã CRC: Failed to fetch data: 429 - Too Many Requests
[2025-12-31T14:38:22.798+0000] {logging_mixin.py:188} INFO -  >> Đang lấy dữ liệu: CQT
[2025-12-31T14:38:22.926+0000] {logging_mixin.py:188} INFO -  Lỗi xử lý mã CQT: Failed to fetch data: 429 - Too Many Requests
[2025-12-31T14:38:22.927+0000] {logging_mixin.py:188} INFO -  >> Đang lấy dữ liệu: CQN
[2025-12-31T14:38:23.108+0000] {logging_mixin.py:188} INFO -  Lỗi xử lý mã CQN: Failed to fetch data: 429 - Too Many Requests
[2025-12-31T14:38:23.109+0000] {logging_mixin.py:188} INFO -  >> Đang lấy dữ liệu: CPI
[2025-12-31T14:38:23.242+0000] {logging_mixin.py:188} INFO -  Lỗi xử lý mã CPI: Failed to fetch data: 429 - Too Many Requests
[2025-12-31T14:38:23.242+0000] {logging_mixin.py:188} INFO -  >> Đang lấy dữ liệu: CPH
[2025-12-31T14:38:23.367+0000] {logging_mixin.py:188} INFO -  Lỗi xử lý mã CPH: Failed to fetch data: 429 - Too Many Requests
[2025-12-31T14:38:23.368+0000] {logging_mixin.py:188} INFO -  >> Đang lấy dữ liệu: CPC
[2025-12-31T14:38:23.501+0000] {logging_mixin.py:188} INFO -  Lỗi xử lý mã CPC: Failed to fetch data: 429 - Too Many Requests
[2025-12-31T14:38:23.502+0000] {logging_mixin.py:188} INFO -  ⚠ Batch này không thu được dữ liệu nào.
[2025-12-31T14:38:23.505+0000] {datalake_df2csv.py:40} INFO - DataFrame rỗng, bỏ qua upload CSV.
[2025-12-31T14:38:23.506+0000] {taskinstance.py:441} INFO - ::group::Post task execution logs
[2025-12-31T14:38:23.516+0000] {taskinstance.py:1206} INFO - Marking task as SUCCESS. dag_id=thongtin_cty_bctc, task_id=ingest_bctc, run_id=scheduled__2025-12-30T00:00:00+00:00, map_index=72, execution_date=20251230T000000, start_date=20251231T143819, end_date=20251231T143823
[2025-12-31T14:38:23.564+0000] {local_task_job_runner.py:243} INFO - Task exited with return code 0
[2025-12-31T14:38:23.574+0000] {local_task_job_runner.py:222} INFO - ::endgroup::
