[2026-01-11T03:07:23.948+0000] {local_task_job_runner.py:120} INFO - ::group::Pre task execution logs
[2026-01-11T03:07:23.993+0000] {taskinstance.py:2076} INFO - Dependencies all met for dep_context=non-requeueable deps ti=<TaskInstance: thongtin_cty_bctc.ingest_bctc manual__2026-01-11T03:04:17.829778+00:00 map_index=40 [queued]>
[2026-01-11T03:07:24.016+0000] {taskinstance.py:2076} INFO - Dependencies all met for dep_context=requeueable deps ti=<TaskInstance: thongtin_cty_bctc.ingest_bctc manual__2026-01-11T03:04:17.829778+00:00 map_index=40 [queued]>
[2026-01-11T03:07:24.017+0000] {taskinstance.py:2306} INFO - Starting attempt 1 of 2
[2026-01-11T03:07:24.051+0000] {taskinstance.py:2330} INFO - Executing <Mapped(DfToCsvOperator): ingest_bctc> on 2026-01-11 03:04:17.829778+00:00
[2026-01-11T03:07:24.075+0000] {warnings.py:112} WARNING - This process (pid=1663) is multi-threaded, use of fork() may lead to deadlocks in the child.

[2026-01-11T03:07:24.080+0000] {standard_task_runner.py:90} INFO - Running: ['***', 'tasks', 'run', 'thongtin_cty_bctc', 'ingest_bctc', 'manual__2026-01-11T03:04:17.829778+00:00', '--job-id', '9768', '--raw', '--subdir', 'DAGS_FOLDER/tt_cty_bctc.py', '--cfg-path', '/tmp/tmpu6j830uj', '--map-index', '40']
[2026-01-11T03:07:24.096+0000] {standard_task_runner.py:64} INFO - Started process 1712 to run task
[2026-01-11T03:07:24.103+0000] {standard_task_runner.py:91} INFO - Job 9768: Subtask ingest_bctc
[2026-01-11T03:07:24.189+0000] {task_command.py:426} INFO - Running <TaskInstance: thongtin_cty_bctc.ingest_bctc manual__2026-01-11T03:04:17.829778+00:00 map_index=40 [running]> on host 3f2af93df813
[2026-01-11T03:07:24.331+0000] {taskinstance.py:2648} INFO - Exporting env vars: AIRFLOW_CTX_DAG_OWNER='***' AIRFLOW_CTX_DAG_ID='thongtin_cty_bctc' AIRFLOW_CTX_TASK_ID='ingest_bctc' AIRFLOW_CTX_EXECUTION_DATE='2026-01-11T03:04:17.829778+00:00' AIRFLOW_CTX_TRY_NUMBER='1' AIRFLOW_CTX_DAG_RUN_ID='manual__2026-01-11T03:04:17.829778+00:00'
[2026-01-11T03:07:24.334+0000] {taskinstance.py:430} INFO - ::endgroup::
[2026-01-11T03:07:24.344+0000] {logging_mixin.py:188} INFO - Bắt đầu xử lý batch 20 mã: ['NDW', 'NDT', 'NDP', 'NDN', 'NDF', 'NDC', 'ND2', 'NCT', 'NCS', 'NCG', 'NBW', 'NBT', 'NBP', 'NBE', 'NBC', 'NBB', 'NAW', 'NAV', 'NAU', 'NAS']
[2026-01-11T03:07:24.345+0000] {logging_mixin.py:188} INFO -  >> Đang lấy dữ liệu: NDW
[2026-01-11T03:07:24.496+0000] {logging_mixin.py:188} INFO -  Lỗi xử lý mã NDW: Failed to fetch data: 429 - Too Many Requests
[2026-01-11T03:07:24.497+0000] {logging_mixin.py:188} INFO -  >> Đang lấy dữ liệu: NDT
[2026-01-11T03:07:24.839+0000] {logging_mixin.py:188} INFO -  Lỗi xử lý mã NDT: Failed to fetch data: 429 - Too Many Requests
[2026-01-11T03:07:24.840+0000] {logging_mixin.py:188} INFO -  >> Đang lấy dữ liệu: NDP
[2026-01-11T03:07:24.944+0000] {logging_mixin.py:188} INFO -  Lỗi xử lý mã NDP: Failed to fetch data: 429 - Too Many Requests
[2026-01-11T03:07:24.945+0000] {logging_mixin.py:188} INFO -  >> Đang lấy dữ liệu: NDN
[2026-01-11T03:07:25.317+0000] {logging_mixin.py:188} INFO -  Lỗi xử lý mã NDN: Failed to fetch data: 429 - Too Many Requests
[2026-01-11T03:07:25.318+0000] {logging_mixin.py:188} INFO -  >> Đang lấy dữ liệu: NDF
[2026-01-11T03:07:25.449+0000] {logging_mixin.py:188} INFO -  Lỗi xử lý mã NDF: Failed to fetch data: 429 - Too Many Requests
[2026-01-11T03:07:25.450+0000] {logging_mixin.py:188} INFO -  >> Đang lấy dữ liệu: NDC
[2026-01-11T03:07:25.591+0000] {logging_mixin.py:188} INFO -  Lỗi xử lý mã NDC: Failed to fetch data: 429 - Too Many Requests
[2026-01-11T03:07:25.592+0000] {logging_mixin.py:188} INFO -  >> Đang lấy dữ liệu: ND2
[2026-01-11T03:07:26.644+0000] {logging_mixin.py:188} INFO -  Lỗi xử lý mã ND2: Failed to fetch data: 429 - Too Many Requests
[2026-01-11T03:07:26.645+0000] {logging_mixin.py:188} INFO -  >> Đang lấy dữ liệu: NCT
[2026-01-11T03:07:27.801+0000] {logging_mixin.py:188} INFO -  Lỗi xử lý mã NCT: Failed to fetch data: 429 - Too Many Requests
[2026-01-11T03:07:27.803+0000] {logging_mixin.py:188} INFO -  >> Đang lấy dữ liệu: NCS
[2026-01-11T03:07:27.911+0000] {logging_mixin.py:188} INFO -  Lỗi xử lý mã NCS: Failed to fetch data: 429 - Too Many Requests
[2026-01-11T03:07:27.912+0000] {logging_mixin.py:188} INFO -  >> Đang lấy dữ liệu: NCG
[2026-01-11T03:07:28.035+0000] {logging_mixin.py:188} INFO -  Lỗi xử lý mã NCG: Failed to fetch data: 429 - Too Many Requests
[2026-01-11T03:07:28.037+0000] {logging_mixin.py:188} INFO -  >> Đang lấy dữ liệu: NBW
[2026-01-11T03:07:28.181+0000] {logging_mixin.py:188} INFO -  Lỗi xử lý mã NBW: Failed to fetch data: 429 - Too Many Requests
[2026-01-11T03:07:28.182+0000] {logging_mixin.py:188} INFO -  >> Đang lấy dữ liệu: NBT
[2026-01-11T03:07:28.471+0000] {logging_mixin.py:188} INFO -  Lỗi xử lý mã NBT: Failed to fetch data: 429 - Too Many Requests
[2026-01-11T03:07:28.472+0000] {logging_mixin.py:188} INFO -  >> Đang lấy dữ liệu: NBP
[2026-01-11T03:07:28.897+0000] {logging_mixin.py:188} INFO -  Lỗi xử lý mã NBP: Failed to fetch data: 429 - Too Many Requests
[2026-01-11T03:07:28.898+0000] {logging_mixin.py:188} INFO -  >> Đang lấy dữ liệu: NBE
[2026-01-11T03:07:29.057+0000] {logging_mixin.py:188} INFO -  Lỗi xử lý mã NBE: Failed to fetch data: 429 - Too Many Requests
[2026-01-11T03:07:29.058+0000] {logging_mixin.py:188} INFO -  >> Đang lấy dữ liệu: NBC
[2026-01-11T03:07:29.196+0000] {logging_mixin.py:188} INFO -  Lỗi xử lý mã NBC: Failed to fetch data: 429 - Too Many Requests
[2026-01-11T03:07:29.197+0000] {logging_mixin.py:188} INFO -  >> Đang lấy dữ liệu: NBB
[2026-01-11T03:07:29.308+0000] {logging_mixin.py:188} INFO -  Lỗi xử lý mã NBB: Failed to fetch data: 429 - Too Many Requests
[2026-01-11T03:07:29.310+0000] {logging_mixin.py:188} INFO -  >> Đang lấy dữ liệu: NAW
[2026-01-11T03:07:29.465+0000] {logging_mixin.py:188} INFO -  Lỗi xử lý mã NAW: Failed to fetch data: 429 - Too Many Requests
[2026-01-11T03:07:29.466+0000] {logging_mixin.py:188} INFO -  >> Đang lấy dữ liệu: NAV
[2026-01-11T03:07:30.373+0000] {logging_mixin.py:188} INFO -  Lỗi xử lý mã NAV: Failed to fetch data: 429 - Too Many Requests
[2026-01-11T03:07:30.374+0000] {logging_mixin.py:188} INFO -  >> Đang lấy dữ liệu: NAU
[2026-01-11T03:07:30.537+0000] {logging_mixin.py:188} INFO -  Lỗi xử lý mã NAU: Failed to fetch data: 429 - Too Many Requests
[2026-01-11T03:07:30.539+0000] {logging_mixin.py:188} INFO -  >> Đang lấy dữ liệu: NAS
[2026-01-11T03:07:30.857+0000] {logging_mixin.py:188} INFO -  Lỗi xử lý mã NAS: Failed to fetch data: 429 - Too Many Requests
[2026-01-11T03:07:30.859+0000] {logging_mixin.py:188} INFO -  ⚠ Batch này không thu được dữ liệu nào.
[2026-01-11T03:07:30.868+0000] {datalake_df2csv.py:40} INFO - DataFrame rỗng, bỏ qua upload CSV.
[2026-01-11T03:07:30.870+0000] {taskinstance.py:441} INFO - ::group::Post task execution logs
[2026-01-11T03:07:30.890+0000] {taskinstance.py:1206} INFO - Marking task as SUCCESS. dag_id=thongtin_cty_bctc, task_id=ingest_bctc, run_id=manual__2026-01-11T03:04:17.829778+00:00, map_index=40, execution_date=20260111T030417, start_date=20260111T030723, end_date=20260111T030730
[2026-01-11T03:07:31.142+0000] {local_task_job_runner.py:243} INFO - Task exited with return code 0
[2026-01-11T03:07:31.159+0000] {taskinstance.py:3503} INFO - 0 downstream tasks scheduled from follow-on schedule check
[2026-01-11T03:07:31.162+0000] {local_task_job_runner.py:222} INFO - ::endgroup::
