[2026-01-01T09:15:48.099+0000] {local_task_job_runner.py:120} INFO - ::group::Pre task execution logs
[2026-01-01T09:15:48.295+0000] {taskinstance.py:2076} INFO - Dependencies all met for dep_context=non-requeueable deps ti=<TaskInstance: thongtin_cty_bctc.ingest_bctc scheduled__2025-12-30T00:00:00+00:00 map_index=217 [queued]>
[2026-01-01T09:15:48.771+0000] {taskinstance.py:2076} INFO - Dependencies all met for dep_context=requeueable deps ti=<TaskInstance: thongtin_cty_bctc.ingest_bctc scheduled__2025-12-30T00:00:00+00:00 map_index=217 [queued]>
[2026-01-01T09:15:48.772+0000] {taskinstance.py:2306} INFO - Starting attempt 1 of 2
[2026-01-01T09:15:48.799+0000] {taskinstance.py:2330} INFO - Executing <Mapped(DfToCsvOperator): ingest_bctc> on 2025-12-30 00:00:00+00:00
[2026-01-01T09:15:48.814+0000] {warnings.py:112} WARNING - This process (pid=16874) is multi-threaded, use of fork() may lead to deadlocks in the child.

[2026-01-01T09:15:48.816+0000] {standard_task_runner.py:64} INFO - Started process 16942 to run task
[2026-01-01T09:15:48.819+0000] {standard_task_runner.py:90} INFO - Running: ['***', 'tasks', 'run', 'thongtin_cty_bctc', 'ingest_bctc', 'scheduled__2025-12-30T00:00:00+00:00', '--job-id', '5079', '--raw', '--subdir', 'DAGS_FOLDER/tt_cty_bctc.py', '--cfg-path', '/tmp/tmp2nbfoufu', '--map-index', '217']
[2026-01-01T09:15:48.821+0000] {standard_task_runner.py:91} INFO - Job 5079: Subtask ingest_bctc
[2026-01-01T09:15:48.916+0000] {task_command.py:426} INFO - Running <TaskInstance: thongtin_cty_bctc.ingest_bctc scheduled__2025-12-30T00:00:00+00:00 map_index=217 [running]> on host b455963a0603
[2026-01-01T09:15:49.124+0000] {taskinstance.py:2648} INFO - Exporting env vars: AIRFLOW_CTX_DAG_OWNER='***' AIRFLOW_CTX_DAG_ID='thongtin_cty_bctc' AIRFLOW_CTX_TASK_ID='ingest_bctc' AIRFLOW_CTX_EXECUTION_DATE='2025-12-30T00:00:00+00:00' AIRFLOW_CTX_TRY_NUMBER='1' AIRFLOW_CTX_DAG_RUN_ID='scheduled__2025-12-30T00:00:00+00:00'
[2026-01-01T09:15:49.130+0000] {taskinstance.py:430} INFO - ::endgroup::
[2026-01-01T09:15:49.151+0000] {logging_mixin.py:188} INFO - Bắt đầu xử lý batch 3 mã: ['PRE', 'PRC', 'PQN']
[2026-01-01T09:15:49.152+0000] {logging_mixin.py:188} INFO -  >> Đang lấy dữ liệu: PRE
[2026-01-01T09:15:52.592+0000] {logging_mixin.py:188} INFO -  >> Đang lấy dữ liệu: PRC
[2026-01-01T09:15:55.991+0000] {logging_mixin.py:188} INFO -  >> Đang lấy dữ liệu: PQN
[2026-01-01T09:15:58.901+0000] {logging_mixin.py:188} INFO -  ✓ Hoàn thành batch. Tổng số dòng: 7084
[2026-01-01T09:15:58.939+0000] {base.py:84} INFO - Using connection ID 'minio_finance' for task execution.
[2026-01-01T09:15:58.940+0000] {connection_wrapper.py:384} INFO - AWS Connection (conn_id='minio_finance', conn_type='aws') credentials retrieved from login and password.
[2026-01-01T09:15:59.346+0000] {datalake_df2csv.py:53} INFO - ✅ Đã upload 7084 dòng -> s3://thongtin-congty-va-bctc/bctc/2025-12-30/batch_217.csv
[2026-01-01T09:15:59.348+0000] {taskinstance.py:441} INFO - ::group::Post task execution logs
[2026-01-01T09:15:59.359+0000] {taskinstance.py:1206} INFO - Marking task as SUCCESS. dag_id=thongtin_cty_bctc, task_id=ingest_bctc, run_id=scheduled__2025-12-30T00:00:00+00:00, map_index=217, execution_date=20251230T000000, start_date=20260101T091548, end_date=20260101T091559
[2026-01-01T09:15:59.424+0000] {local_task_job_runner.py:243} INFO - Task exited with return code 0
[2026-01-01T09:15:59.500+0000] {taskinstance.py:3503} INFO - 0 downstream tasks scheduled from follow-on schedule check
[2026-01-01T09:15:59.504+0000] {local_task_job_runner.py:222} INFO - ::endgroup::
