[2026-01-01T02:09:40.974+0000] {local_task_job_runner.py:120} INFO - ::group::Pre task execution logs
[2026-01-01T02:09:41.008+0000] {taskinstance.py:2076} INFO - Dependencies all met for dep_context=non-requeueable deps ti=<TaskInstance: thongtin_cty_bctc.ingest_people scheduled__2025-12-31T00:00:00+00:00 map_index=8 [queued]>
[2026-01-01T02:09:41.026+0000] {taskinstance.py:2076} INFO - Dependencies all met for dep_context=requeueable deps ti=<TaskInstance: thongtin_cty_bctc.ingest_people scheduled__2025-12-31T00:00:00+00:00 map_index=8 [queued]>
[2026-01-01T02:09:41.027+0000] {taskinstance.py:2306} INFO - Starting attempt 1 of 2
[2026-01-01T02:09:41.053+0000] {taskinstance.py:2330} INFO - Executing <Mapped(DfToCsvOperator): ingest_people> on 2025-12-31 00:00:00+00:00
[2026-01-01T02:09:41.066+0000] {warnings.py:112} WARNING - This process (pid=364) is multi-threaded, use of fork() may lead to deadlocks in the child.

[2026-01-01T02:09:41.068+0000] {standard_task_runner.py:64} INFO - Started process 424 to run task
[2026-01-01T02:09:41.071+0000] {standard_task_runner.py:90} INFO - Running: ['***', 'tasks', 'run', 'thongtin_cty_bctc', 'ingest_people', 'scheduled__2025-12-31T00:00:00+00:00', '--job-id', '594', '--raw', '--subdir', 'DAGS_FOLDER/tt_cty_bctc.py', '--cfg-path', '/tmp/tmp5zq95x2w', '--map-index', '8']
[2026-01-01T02:09:41.073+0000] {standard_task_runner.py:91} INFO - Job 594: Subtask ingest_people
[2026-01-01T02:09:41.151+0000] {task_command.py:426} INFO - Running <TaskInstance: thongtin_cty_bctc.ingest_people scheduled__2025-12-31T00:00:00+00:00 map_index=8 [running]> on host 43b0a0f7606b
[2026-01-01T02:09:41.348+0000] {taskinstance.py:2648} INFO - Exporting env vars: AIRFLOW_CTX_DAG_OWNER='***' AIRFLOW_CTX_DAG_ID='thongtin_cty_bctc' AIRFLOW_CTX_TASK_ID='ingest_people' AIRFLOW_CTX_EXECUTION_DATE='2025-12-31T00:00:00+00:00' AIRFLOW_CTX_TRY_NUMBER='1' AIRFLOW_CTX_DAG_RUN_ID='scheduled__2025-12-31T00:00:00+00:00'
[2026-01-01T02:09:41.349+0000] {taskinstance.py:430} INFO - ::endgroup::
[2026-01-01T02:09:42.613+0000] {taskinstance.py:441} INFO - ::group::Post task execution logs
[2026-01-01T02:09:42.615+0000] {taskinstance.py:2905} ERROR - Task failed with exception
Traceback (most recent call last):
  File "/home/airflow/.local/lib/python3.12/site-packages/airflow/models/taskinstance.py", line 465, in _execute_task
    result = _execute_callable(context=context, **execute_callable_kwargs)
             ^^^^^^^^^^^^^^^^^^^^^^^^^^^^^^^^^^^^^^^^^^^^^^^^^^^^^^^^^^^^^
  File "/home/airflow/.local/lib/python3.12/site-packages/airflow/models/taskinstance.py", line 432, in _execute_callable
    return execute_callable(context=context, **execute_callable_kwargs)
           ^^^^^^^^^^^^^^^^^^^^^^^^^^^^^^^^^^^^^^^^^^^^^^^^^^^^^^^^^^^^
  File "/home/airflow/.local/lib/python3.12/site-packages/airflow/models/baseoperator.py", line 401, in wrapper
    return func(self, *args, **kwargs)
           ^^^^^^^^^^^^^^^^^^^^^^^^^^^
  File "/opt/airflow/plugins/function/datalake_df2csv.py", line 48, in execute
    hook.load_bytes(data=data, key=self.object_path, bucket_name=self.bucket_name, replace=True)
  File "/home/airflow/.local/lib/python3.12/site-packages/airflow/providers/amazon/aws/hooks/s3.py", line 120, in wrapper
    bound_args = function_signature.bind(*args, **kwargs)
                 ^^^^^^^^^^^^^^^^^^^^^^^^^^^^^^^^^^^^^^^^
  File "/usr/local/lib/python3.12/inspect.py", line 3267, in bind
    return self._bind(args, kwargs)
           ^^^^^^^^^^^^^^^^^^^^^^^^
  File "/usr/local/lib/python3.12/inspect.py", line 3180, in _bind
    raise TypeError(msg) from None
TypeError: missing a required argument: 'bytes_data'
[2026-01-01T02:09:42.644+0000] {taskinstance.py:1206} INFO - Marking task as UP_FOR_RETRY. dag_id=thongtin_cty_bctc, task_id=ingest_people, run_id=scheduled__2025-12-31T00:00:00+00:00, map_index=8, execution_date=20251231T000000, start_date=20260101T020941, end_date=20260101T020942
[2026-01-01T02:09:42.679+0000] {standard_task_runner.py:110} ERROR - Failed to execute job 594 for task ingest_people (missing a required argument: 'bytes_data'; 424)
[2026-01-01T02:09:42.729+0000] {local_task_job_runner.py:243} INFO - Task exited with return code 1
[2026-01-01T02:09:42.761+0000] {taskinstance.py:3503} INFO - 0 downstream tasks scheduled from follow-on schedule check
[2026-01-01T02:09:42.771+0000] {local_task_job_runner.py:222} INFO - ::endgroup::
