[2026-01-12T15:26:46.364+0000] {local_task_job_runner.py:120} INFO - ::group::Pre task execution logs
[2026-01-12T15:26:46.489+0000] {taskinstance.py:2076} INFO - Dependencies all met for dep_context=non-requeueable deps ti=<TaskInstance: financial_ratios_etl.ingest_financial_ratios manual__2026-01-12T15:14:43+00:00 map_index=769 [queued]>
[2026-01-12T15:26:46.590+0000] {taskinstance.py:2076} INFO - Dependencies all met for dep_context=requeueable deps ti=<TaskInstance: financial_ratios_etl.ingest_financial_ratios manual__2026-01-12T15:14:43+00:00 map_index=769 [queued]>
[2026-01-12T15:26:46.591+0000] {taskinstance.py:2306} INFO - Starting attempt 1 of 2
[2026-01-12T15:26:46.669+0000] {taskinstance.py:2330} INFO - Executing <Mapped(DfToCsvOperator): ingest_financial_ratios> on 2026-01-12 15:14:43+00:00
[2026-01-12T15:26:46.697+0000] {warnings.py:112} WARNING - This process (pid=10124) is multi-threaded, use of fork() may lead to deadlocks in the child.

[2026-01-12T15:26:46.700+0000] {standard_task_runner.py:64} INFO - Started process 10206 to run task
[2026-01-12T15:26:46.718+0000] {standard_task_runner.py:90} INFO - Running: ['***', 'tasks', 'run', 'financial_ratios_etl', 'ingest_financial_ratios', 'manual__2026-01-12T15:14:43+00:00', '--job-id', '14474', '--raw', '--subdir', 'DAGS_FOLDER/financial_ratios_etl.py', '--cfg-path', '/tmp/tmp8d2xlwvx', '--map-index', '769']
[2026-01-12T15:26:46.723+0000] {standard_task_runner.py:91} INFO - Job 14474: Subtask ingest_financial_ratios
[2026-01-12T15:26:46.815+0000] {task_command.py:426} INFO - Running <TaskInstance: financial_ratios_etl.ingest_financial_ratios manual__2026-01-12T15:14:43+00:00 map_index=769 [running]> on host 5a20a797a43c
[2026-01-12T15:26:46.999+0000] {taskinstance.py:2648} INFO - Exporting env vars: AIRFLOW_CTX_DAG_OWNER='***' AIRFLOW_CTX_DAG_ID='financial_ratios_etl' AIRFLOW_CTX_TASK_ID='ingest_financial_ratios' AIRFLOW_CTX_EXECUTION_DATE='2026-01-12T15:14:43+00:00' AIRFLOW_CTX_TRY_NUMBER='1' AIRFLOW_CTX_DAG_RUN_ID='manual__2026-01-12T15:14:43+00:00'
[2026-01-12T15:26:47.002+0000] {taskinstance.py:430} INFO - ::endgroup::
[2026-01-12T15:26:47.012+0000] {logging_mixin.py:188} INFO - [RATIO] Bắt đầu xử lý batch 2 mã: ['CAN', 'CAG']
[2026-01-12T15:26:47.013+0000] {logging_mixin.py:188} INFO - [RATIO] Kỳ dữ liệu: quarter
[2026-01-12T15:26:47.014+0000] {logging_mixin.py:188} INFO -  >> [RATIO] Đang lấy dữ liệu: CAN
[2026-01-12T15:26:47.877+0000] {logging_mixin.py:188} INFO -  ✓ [RATIO] CAN: 52 rows
[2026-01-12T15:26:49.878+0000] {logging_mixin.py:188} INFO -  >> [RATIO] Đang lấy dữ liệu: CAG
[2026-01-12T15:26:50.724+0000] {logging_mixin.py:188} INFO -  ✓ [RATIO] CAG: 40 rows
[2026-01-12T15:26:52.730+0000] {logging_mixin.py:188} INFO -  ✅ [RATIO] Hoàn thành batch. Tổng số dòng: 92
[2026-01-12T15:26:52.759+0000] {base.py:84} INFO - Using connection ID 'minio_finance' for task execution.
[2026-01-12T15:26:52.761+0000] {connection_wrapper.py:384} INFO - AWS Connection (conn_id='minio_finance', conn_type='aws') credentials retrieved from login and password.
[2026-01-12T15:26:53.318+0000] {datalake_df2csv.py:52} INFO - ✅ Đã upload 92 dòng -> s3://thongtin-congty-va-bctc/financial_ratios/2026-01-12/batch_769.csv
[2026-01-12T15:26:53.320+0000] {taskinstance.py:441} INFO - ::group::Post task execution logs
[2026-01-12T15:26:53.333+0000] {taskinstance.py:1206} INFO - Marking task as SUCCESS. dag_id=financial_ratios_etl, task_id=ingest_financial_ratios, run_id=manual__2026-01-12T15:14:43+00:00, map_index=769, execution_date=20260112T151443, start_date=20260112T152646, end_date=20260112T152653
[2026-01-12T15:26:53.394+0000] {local_task_job_runner.py:243} INFO - Task exited with return code 0
[2026-01-12T15:26:53.410+0000] {taskinstance.py:3503} INFO - 0 downstream tasks scheduled from follow-on schedule check
[2026-01-12T15:26:53.412+0000] {local_task_job_runner.py:222} INFO - ::endgroup::
