[2026-01-12T14:12:26.023+0000] {local_task_job_runner.py:120} INFO - ::group::Pre task execution logs
[2026-01-12T14:12:26.097+0000] {taskinstance.py:2076} INFO - Dependencies all met for dep_context=non-requeueable deps ti=<TaskInstance: daily_price_minio.ingest_daily_price manual__2026-01-12T14:07:40.988868+00:00 map_index=293 [queued]>
[2026-01-12T14:12:26.161+0000] {taskinstance.py:2076} INFO - Dependencies all met for dep_context=requeueable deps ti=<TaskInstance: daily_price_minio.ingest_daily_price manual__2026-01-12T14:07:40.988868+00:00 map_index=293 [queued]>
[2026-01-12T14:12:26.164+0000] {taskinstance.py:2306} INFO - Starting attempt 1 of 2
[2026-01-12T14:12:26.194+0000] {taskinstance.py:2330} INFO - Executing <Mapped(DfToCsvOperator): ingest_daily_price> on 2026-01-12 14:07:40.988868+00:00
[2026-01-12T14:12:26.215+0000] {warnings.py:112} WARNING - This process (pid=4187) is multi-threaded, use of fork() may lead to deadlocks in the child.

[2026-01-12T14:12:26.217+0000] {standard_task_runner.py:64} INFO - Started process 4314 to run task
[2026-01-12T14:12:26.223+0000] {standard_task_runner.py:90} INFO - Running: ['***', 'tasks', 'run', 'daily_price_minio', 'ingest_daily_price', 'manual__2026-01-12T14:07:40.988868+00:00', '--job-id', '12627', '--raw', '--subdir', 'DAGS_FOLDER/daily_price_minio.py', '--cfg-path', '/tmp/tmp5k017c7t', '--map-index', '293']
[2026-01-12T14:12:26.228+0000] {standard_task_runner.py:91} INFO - Job 12627: Subtask ingest_daily_price
[2026-01-12T14:12:26.326+0000] {task_command.py:426} INFO - Running <TaskInstance: daily_price_minio.ingest_daily_price manual__2026-01-12T14:07:40.988868+00:00 map_index=293 [running]> on host 5a20a797a43c
[2026-01-12T14:12:26.561+0000] {taskinstance.py:2648} INFO - Exporting env vars: AIRFLOW_CTX_DAG_OWNER='***' AIRFLOW_CTX_DAG_ID='daily_price_minio' AIRFLOW_CTX_TASK_ID='ingest_daily_price' AIRFLOW_CTX_EXECUTION_DATE='2026-01-12T14:07:40.988868+00:00' AIRFLOW_CTX_TRY_NUMBER='1' AIRFLOW_CTX_DAG_RUN_ID='manual__2026-01-12T14:07:40.988868+00:00'
[2026-01-12T14:12:26.566+0000] {taskinstance.py:430} INFO - ::endgroup::
[2026-01-12T14:12:30.208+0000] {base.py:84} INFO - Using connection ID 'minio_finance' for task execution.
[2026-01-12T14:12:30.210+0000] {connection_wrapper.py:384} INFO - AWS Connection (conn_id='minio_finance', conn_type='aws') credentials retrieved from login and password.
[2026-01-12T14:12:31.147+0000] {datalake_df2csv.py:52} INFO - ✅ Đã upload 20 dòng -> s3://thongtin-congty-va-bctc/daily_price/2026-01-12/batch_293.csv
[2026-01-12T14:12:31.148+0000] {taskinstance.py:441} INFO - ::group::Post task execution logs
[2026-01-12T14:12:31.163+0000] {taskinstance.py:1206} INFO - Marking task as SUCCESS. dag_id=daily_price_minio, task_id=ingest_daily_price, run_id=manual__2026-01-12T14:07:40.988868+00:00, map_index=293, execution_date=20260112T140740, start_date=20260112T141226, end_date=20260112T141231
[2026-01-12T14:12:31.221+0000] {local_task_job_runner.py:243} INFO - Task exited with return code 0
[2026-01-12T14:12:31.246+0000] {taskinstance.py:3503} INFO - 0 downstream tasks scheduled from follow-on schedule check
[2026-01-12T14:12:31.248+0000] {local_task_job_runner.py:222} INFO - ::endgroup::
