[2026-01-12T13:34:33.680+0000] {local_task_job_runner.py:120} INFO - ::group::Pre task execution logs
[2026-01-12T13:34:33.706+0000] {taskinstance.py:2076} INFO - Dependencies all met for dep_context=non-requeueable deps ti=<TaskInstance: company_overview_to_minio.ingest_overview manual__2026-01-12T13:28:56.907705+00:00 map_index=77 [queued]>
[2026-01-12T13:34:33.722+0000] {taskinstance.py:2076} INFO - Dependencies all met for dep_context=requeueable deps ti=<TaskInstance: company_overview_to_minio.ingest_overview manual__2026-01-12T13:28:56.907705+00:00 map_index=77 [queued]>
[2026-01-12T13:34:33.722+0000] {taskinstance.py:2306} INFO - Starting attempt 1 of 2
[2026-01-12T13:34:33.738+0000] {taskinstance.py:2330} INFO - Executing <Mapped(DfToCsvOperator): ingest_overview> on 2026-01-12 13:28:56.907705+00:00
[2026-01-12T13:34:33.751+0000] {warnings.py:112} WARNING - This process (pid=2285) is multi-threaded, use of fork() may lead to deadlocks in the child.

[2026-01-12T13:34:33.757+0000] {standard_task_runner.py:64} INFO - Started process 2324 to run task
[2026-01-12T13:34:33.755+0000] {standard_task_runner.py:90} INFO - Running: ['***', 'tasks', 'run', 'company_overview_to_minio', 'ingest_overview', 'manual__2026-01-12T13:28:56.907705+00:00', '--job-id', '10870', '--raw', '--subdir', 'DAGS_FOLDER/company_overview_to_minio.py', '--cfg-path', '/tmp/tmpfdx8nm8s', '--map-index', '77']
[2026-01-12T13:34:33.759+0000] {standard_task_runner.py:91} INFO - Job 10870: Subtask ingest_overview
[2026-01-12T13:34:33.818+0000] {task_command.py:426} INFO - Running <TaskInstance: company_overview_to_minio.ingest_overview manual__2026-01-12T13:28:56.907705+00:00 map_index=77 [running]> on host 5a20a797a43c
[2026-01-12T13:34:33.944+0000] {taskinstance.py:2648} INFO - Exporting env vars: AIRFLOW_CTX_DAG_OWNER='***' AIRFLOW_CTX_DAG_ID='company_overview_to_minio' AIRFLOW_CTX_TASK_ID='ingest_overview' AIRFLOW_CTX_EXECUTION_DATE='2026-01-12T13:28:56.907705+00:00' AIRFLOW_CTX_TRY_NUMBER='1' AIRFLOW_CTX_DAG_RUN_ID='manual__2026-01-12T13:28:56.907705+00:00'
[2026-01-12T13:34:33.945+0000] {taskinstance.py:430} INFO - ::endgroup::
[2026-01-12T13:34:35.273+0000] {warnings.py:112} WARNING - DataFrame.applymap has been deprecated. Use DataFrame.map instead.

[2026-01-12T13:34:36.580+0000] {warnings.py:112} WARNING - DataFrame.applymap has been deprecated. Use DataFrame.map instead.

[2026-01-12T13:34:38.186+0000] {warnings.py:112} WARNING - DataFrame.applymap has been deprecated. Use DataFrame.map instead.

[2026-01-12T13:34:39.431+0000] {warnings.py:112} WARNING - DataFrame.applymap has been deprecated. Use DataFrame.map instead.

[2026-01-12T13:34:40.718+0000] {warnings.py:112} WARNING - DataFrame.applymap has been deprecated. Use DataFrame.map instead.

[2026-01-12T13:34:41.991+0000] {warnings.py:112} WARNING - DataFrame.applymap has been deprecated. Use DataFrame.map instead.

[2026-01-12T13:34:43.583+0000] {warnings.py:112} WARNING - DataFrame.applymap has been deprecated. Use DataFrame.map instead.

[2026-01-12T13:34:44.875+0000] {warnings.py:112} WARNING - DataFrame.applymap has been deprecated. Use DataFrame.map instead.

[2026-01-12T13:34:46.149+0000] {warnings.py:112} WARNING - DataFrame.applymap has been deprecated. Use DataFrame.map instead.

[2026-01-12T13:34:51.392+0000] {logging_mixin.py:188} INFO - Err overview C12: RetryError[<Future at 0x7fef37f258e0 state=finished raised AttributeError>]
[2026-01-12T13:34:56.913+0000] {logging_mixin.py:188} INFO - Err overview BXT: RetryError[<Future at 0x7fef37f24230 state=finished raised AttributeError>]
[2026-01-12T13:34:58.277+0000] {warnings.py:112} WARNING - DataFrame.applymap has been deprecated. Use DataFrame.map instead.

[2026-01-12T13:34:59.835+0000] {warnings.py:112} WARNING - DataFrame.applymap has been deprecated. Use DataFrame.map instead.

[2026-01-12T13:35:01.202+0000] {warnings.py:112} WARNING - DataFrame.applymap has been deprecated. Use DataFrame.map instead.

[2026-01-12T13:35:02.453+0000] {warnings.py:112} WARNING - DataFrame.applymap has been deprecated. Use DataFrame.map instead.

[2026-01-12T13:35:03.700+0000] {warnings.py:112} WARNING - DataFrame.applymap has been deprecated. Use DataFrame.map instead.

[2026-01-12T13:35:05.004+0000] {warnings.py:112} WARNING - DataFrame.applymap has been deprecated. Use DataFrame.map instead.

[2026-01-12T13:35:06.448+0000] {warnings.py:112} WARNING - DataFrame.applymap has been deprecated. Use DataFrame.map instead.

[2026-01-12T13:35:07.732+0000] {warnings.py:112} WARNING - DataFrame.applymap has been deprecated. Use DataFrame.map instead.

[2026-01-12T13:35:09.016+0000] {warnings.py:112} WARNING - DataFrame.applymap has been deprecated. Use DataFrame.map instead.

[2026-01-12T13:35:10.093+0000] {base.py:84} INFO - Using connection ID 'minio_finance' for task execution.
[2026-01-12T13:35:10.099+0000] {connection_wrapper.py:384} INFO - AWS Connection (conn_id='minio_finance', conn_type='aws') credentials retrieved from login and password.
[2026-01-12T13:35:10.604+0000] {datalake_df2csv.py:52} INFO - ✅ Đã upload 18 dòng -> s3://thongtin-congty-va-bctc/overview/date=2026-01-12/batch_77.csv
[2026-01-12T13:35:10.605+0000] {taskinstance.py:441} INFO - ::group::Post task execution logs
[2026-01-12T13:35:10.615+0000] {taskinstance.py:1206} INFO - Marking task as SUCCESS. dag_id=company_overview_to_minio, task_id=ingest_overview, run_id=manual__2026-01-12T13:28:56.907705+00:00, map_index=77, execution_date=20260112T132856, start_date=20260112T133433, end_date=20260112T133510
[2026-01-12T13:35:10.661+0000] {local_task_job_runner.py:243} INFO - Task exited with return code 0
[2026-01-12T13:35:10.703+0000] {taskinstance.py:3503} INFO - 0 downstream tasks scheduled from follow-on schedule check
[2026-01-12T13:35:10.705+0000] {local_task_job_runner.py:222} INFO - ::endgroup::
