[2026-01-01T08:53:02.162+0000] {local_task_job_runner.py:120} INFO - ::group::Pre task execution logs
[2026-01-01T08:53:02.201+0000] {taskinstance.py:2076} INFO - Dependencies all met for dep_context=non-requeueable deps ti=<TaskInstance: thongtin_cty_bctc.ingest_bctc manual__2026-01-01T00:00:00+00:00 map_index=25 [queued]>
[2026-01-01T08:53:02.224+0000] {taskinstance.py:2076} INFO - Dependencies all met for dep_context=requeueable deps ti=<TaskInstance: thongtin_cty_bctc.ingest_bctc manual__2026-01-01T00:00:00+00:00 map_index=25 [queued]>
[2026-01-01T08:53:02.225+0000] {taskinstance.py:2306} INFO - Starting attempt 1 of 2
[2026-01-01T08:53:02.245+0000] {taskinstance.py:2330} INFO - Executing <Mapped(DfToCsvOperator): ingest_bctc> on 2026-01-01 00:00:00+00:00
[2026-01-01T08:53:02.260+0000] {warnings.py:112} WARNING - This process (pid=1512) is multi-threaded, use of fork() may lead to deadlocks in the child.

[2026-01-01T08:53:02.262+0000] {standard_task_runner.py:64} INFO - Started process 1581 to run task
[2026-01-01T08:53:02.267+0000] {standard_task_runner.py:90} INFO - Running: ['***', 'tasks', 'run', 'thongtin_cty_bctc', 'ingest_bctc', 'manual__2026-01-01T00:00:00+00:00', '--job-id', '3915', '--raw', '--subdir', 'DAGS_FOLDER/tt_cty_bctc.py', '--cfg-path', '/tmp/tmp8a7kajb5', '--map-index', '25']
[2026-01-01T08:53:02.269+0000] {standard_task_runner.py:91} INFO - Job 3915: Subtask ingest_bctc
[2026-01-01T08:53:02.335+0000] {task_command.py:426} INFO - Running <TaskInstance: thongtin_cty_bctc.ingest_bctc manual__2026-01-01T00:00:00+00:00 map_index=25 [running]> on host b455963a0603
[2026-01-01T08:53:02.476+0000] {taskinstance.py:2648} INFO - Exporting env vars: AIRFLOW_CTX_DAG_OWNER='***' AIRFLOW_CTX_DAG_ID='thongtin_cty_bctc' AIRFLOW_CTX_TASK_ID='ingest_bctc' AIRFLOW_CTX_EXECUTION_DATE='2026-01-01T00:00:00+00:00' AIRFLOW_CTX_TRY_NUMBER='1' AIRFLOW_CTX_DAG_RUN_ID='manual__2026-01-01T00:00:00+00:00'
[2026-01-01T08:53:02.477+0000] {taskinstance.py:430} INFO - ::endgroup::
[2026-01-01T08:53:02.486+0000] {logging_mixin.py:188} INFO - Bắt đầu xử lý batch 3 mã: ['VOC', 'VNZ', 'VNY']
[2026-01-01T08:53:02.487+0000] {logging_mixin.py:188} INFO -  >> Đang lấy dữ liệu: VOC
[2026-01-01T08:53:05.660+0000] {logging_mixin.py:188} INFO -  >> Đang lấy dữ liệu: VNZ
[2026-01-01T08:53:09.330+0000] {logging_mixin.py:188} INFO -  >> Đang lấy dữ liệu: VNY
[2026-01-01T08:53:12.527+0000] {logging_mixin.py:188} INFO -  ✓ Hoàn thành batch. Tổng số dòng: 7685
[2026-01-01T08:53:12.569+0000] {base.py:84} INFO - Using connection ID 'minio_finance' for task execution.
[2026-01-01T08:53:12.570+0000] {connection_wrapper.py:384} INFO - AWS Connection (conn_id='minio_finance', conn_type='aws') credentials retrieved from login and password.
[2026-01-01T08:53:13.049+0000] {datalake_df2csv.py:53} INFO - ✅ Đã upload 7685 dòng -> s3://thongtin-congty-va-bctc/bctc/2026-01-01/batch_25.csv
[2026-01-01T08:53:13.051+0000] {taskinstance.py:441} INFO - ::group::Post task execution logs
[2026-01-01T08:53:13.066+0000] {taskinstance.py:1206} INFO - Marking task as SUCCESS. dag_id=thongtin_cty_bctc, task_id=ingest_bctc, run_id=manual__2026-01-01T00:00:00+00:00, map_index=25, execution_date=20260101T000000, start_date=20260101T085302, end_date=20260101T085313
[2026-01-01T08:53:13.830+0000] {local_task_job_runner.py:243} INFO - Task exited with return code 0
[2026-01-01T08:53:13.839+0000] {local_task_job_runner.py:222} INFO - ::endgroup::
