[2026-01-01T02:34:59.673+0000] {local_task_job_runner.py:120} INFO - ::group::Pre task execution logs
[2026-01-01T02:34:59.774+0000] {taskinstance.py:2076} INFO - Dependencies all met for dep_context=non-requeueable deps ti=<TaskInstance: thongtin_cty_bctc.ingest_bctc scheduled__2025-12-30T00:00:00+00:00 map_index=40 [queued]>
[2026-01-01T02:34:59.820+0000] {taskinstance.py:2076} INFO - Dependencies all met for dep_context=requeueable deps ti=<TaskInstance: thongtin_cty_bctc.ingest_bctc scheduled__2025-12-30T00:00:00+00:00 map_index=40 [queued]>
[2026-01-01T02:34:59.823+0000] {taskinstance.py:2306} INFO - Starting attempt 2 of 3
[2026-01-01T02:34:59.858+0000] {taskinstance.py:2330} INFO - Executing <Mapped(DfToCsvOperator): ingest_bctc> on 2025-12-30 00:00:00+00:00
[2026-01-01T02:34:59.874+0000] {warnings.py:112} WARNING - This process (pid=15278) is multi-threaded, use of fork() may lead to deadlocks in the child.

[2026-01-01T02:34:59.879+0000] {standard_task_runner.py:90} INFO - Running: ['***', 'tasks', 'run', 'thongtin_cty_bctc', 'ingest_bctc', 'scheduled__2025-12-30T00:00:00+00:00', '--job-id', '1923', '--raw', '--subdir', 'DAGS_FOLDER/tt_cty_bctc.py', '--cfg-path', '/tmp/tmp8_j89mjl', '--map-index', '40']
[2026-01-01T02:34:59.881+0000] {standard_task_runner.py:64} INFO - Started process 15399 to run task
[2026-01-01T02:34:59.882+0000] {standard_task_runner.py:91} INFO - Job 1923: Subtask ingest_bctc
[2026-01-01T02:34:59.988+0000] {task_command.py:426} INFO - Running <TaskInstance: thongtin_cty_bctc.ingest_bctc scheduled__2025-12-30T00:00:00+00:00 map_index=40 [running]> on host 43b0a0f7606b
[2026-01-01T02:35:00.177+0000] {taskinstance.py:2648} INFO - Exporting env vars: AIRFLOW_CTX_DAG_OWNER='***' AIRFLOW_CTX_DAG_ID='thongtin_cty_bctc' AIRFLOW_CTX_TASK_ID='ingest_bctc' AIRFLOW_CTX_EXECUTION_DATE='2025-12-30T00:00:00+00:00' AIRFLOW_CTX_TRY_NUMBER='2' AIRFLOW_CTX_DAG_RUN_ID='scheduled__2025-12-30T00:00:00+00:00'
[2026-01-01T02:35:00.183+0000] {taskinstance.py:430} INFO - ::endgroup::
[2026-01-01T02:35:00.204+0000] {logging_mixin.py:188} INFO - Bắt đầu xử lý batch 20 mã: ['NDW', 'NDT', 'NDP', 'NDN', 'NDF', 'NDC', 'ND2', 'NCT', 'NCS', 'NCG', 'NBW', 'NBT', 'NBP', 'NBE', 'NBC', 'NBB', 'NAW', 'NAV', 'NAU', 'NAS']
[2026-01-01T02:35:00.205+0000] {logging_mixin.py:188} INFO -  >> Đang lấy dữ liệu: NDW
[2026-01-01T02:35:00.385+0000] {logging_mixin.py:188} INFO -  Lỗi xử lý mã NDW: Failed to fetch data: 429 - Too Many Requests
[2026-01-01T02:35:00.386+0000] {logging_mixin.py:188} INFO -  >> Đang lấy dữ liệu: NDT
[2026-01-01T02:35:00.554+0000] {logging_mixin.py:188} INFO -  Lỗi xử lý mã NDT: Failed to fetch data: 429 - Too Many Requests
[2026-01-01T02:35:00.556+0000] {logging_mixin.py:188} INFO -  >> Đang lấy dữ liệu: NDP
[2026-01-01T02:35:00.736+0000] {logging_mixin.py:188} INFO -  Lỗi xử lý mã NDP: Failed to fetch data: 429 - Too Many Requests
[2026-01-01T02:35:00.737+0000] {logging_mixin.py:188} INFO -  >> Đang lấy dữ liệu: NDN
[2026-01-01T02:35:00.899+0000] {logging_mixin.py:188} INFO -  Lỗi xử lý mã NDN: Failed to fetch data: 429 - Too Many Requests
[2026-01-01T02:35:00.900+0000] {logging_mixin.py:188} INFO -  >> Đang lấy dữ liệu: NDF
[2026-01-01T02:35:01.042+0000] {logging_mixin.py:188} INFO -  Lỗi xử lý mã NDF: Failed to fetch data: 429 - Too Many Requests
[2026-01-01T02:35:01.043+0000] {logging_mixin.py:188} INFO -  >> Đang lấy dữ liệu: NDC
[2026-01-01T02:35:01.179+0000] {logging_mixin.py:188} INFO -  Lỗi xử lý mã NDC: Failed to fetch data: 429 - Too Many Requests
[2026-01-01T02:35:01.180+0000] {logging_mixin.py:188} INFO -  >> Đang lấy dữ liệu: ND2
[2026-01-01T02:35:01.318+0000] {logging_mixin.py:188} INFO -  Lỗi xử lý mã ND2: Failed to fetch data: 429 - Too Many Requests
[2026-01-01T02:35:01.319+0000] {logging_mixin.py:188} INFO -  >> Đang lấy dữ liệu: NCT
[2026-01-01T02:35:01.453+0000] {logging_mixin.py:188} INFO -  Lỗi xử lý mã NCT: Failed to fetch data: 429 - Too Many Requests
[2026-01-01T02:35:01.454+0000] {logging_mixin.py:188} INFO -  >> Đang lấy dữ liệu: NCS
[2026-01-01T02:35:01.617+0000] {logging_mixin.py:188} INFO -  Lỗi xử lý mã NCS: Failed to fetch data: 429 - Too Many Requests
[2026-01-01T02:35:01.619+0000] {logging_mixin.py:188} INFO -  >> Đang lấy dữ liệu: NCG
[2026-01-01T02:35:01.760+0000] {logging_mixin.py:188} INFO -  Lỗi xử lý mã NCG: Failed to fetch data: 429 - Too Many Requests
[2026-01-01T02:35:01.761+0000] {logging_mixin.py:188} INFO -  >> Đang lấy dữ liệu: NBW
[2026-01-01T02:35:01.930+0000] {logging_mixin.py:188} INFO -  Lỗi xử lý mã NBW: Failed to fetch data: 429 - Too Many Requests
[2026-01-01T02:35:01.931+0000] {logging_mixin.py:188} INFO -  >> Đang lấy dữ liệu: NBT
[2026-01-01T02:35:02.084+0000] {logging_mixin.py:188} INFO -  Lỗi xử lý mã NBT: Failed to fetch data: 429 - Too Many Requests
[2026-01-01T02:35:02.086+0000] {logging_mixin.py:188} INFO -  >> Đang lấy dữ liệu: NBP
[2026-01-01T02:35:02.231+0000] {logging_mixin.py:188} INFO -  Lỗi xử lý mã NBP: Failed to fetch data: 429 - Too Many Requests
[2026-01-01T02:35:02.232+0000] {logging_mixin.py:188} INFO -  >> Đang lấy dữ liệu: NBE
[2026-01-01T02:35:02.385+0000] {logging_mixin.py:188} INFO -  Lỗi xử lý mã NBE: Failed to fetch data: 429 - Too Many Requests
[2026-01-01T02:35:02.386+0000] {logging_mixin.py:188} INFO -  >> Đang lấy dữ liệu: NBC
[2026-01-01T02:35:02.541+0000] {logging_mixin.py:188} INFO -  Lỗi xử lý mã NBC: Failed to fetch data: 429 - Too Many Requests
[2026-01-01T02:35:02.542+0000] {logging_mixin.py:188} INFO -  >> Đang lấy dữ liệu: NBB
[2026-01-01T02:35:02.669+0000] {logging_mixin.py:188} INFO -  Lỗi xử lý mã NBB: Failed to fetch data: 429 - Too Many Requests
[2026-01-01T02:35:02.670+0000] {logging_mixin.py:188} INFO -  >> Đang lấy dữ liệu: NAW
[2026-01-01T02:35:02.818+0000] {logging_mixin.py:188} INFO -  Lỗi xử lý mã NAW: Failed to fetch data: 429 - Too Many Requests
[2026-01-01T02:35:02.819+0000] {logging_mixin.py:188} INFO -  >> Đang lấy dữ liệu: NAV
[2026-01-01T02:35:02.958+0000] {logging_mixin.py:188} INFO -  Lỗi xử lý mã NAV: Failed to fetch data: 429 - Too Many Requests
[2026-01-01T02:35:02.959+0000] {logging_mixin.py:188} INFO -  >> Đang lấy dữ liệu: NAU
[2026-01-01T02:35:03.099+0000] {logging_mixin.py:188} INFO -  Lỗi xử lý mã NAU: Failed to fetch data: 429 - Too Many Requests
[2026-01-01T02:35:03.100+0000] {logging_mixin.py:188} INFO -  >> Đang lấy dữ liệu: NAS
[2026-01-01T02:35:03.234+0000] {logging_mixin.py:188} INFO -  Lỗi xử lý mã NAS: Failed to fetch data: 429 - Too Many Requests
[2026-01-01T02:35:03.235+0000] {logging_mixin.py:188} INFO -  ⚠ Batch này không thu được dữ liệu nào.
[2026-01-01T02:35:03.240+0000] {datalake_df2csv.py:40} INFO - DataFrame rỗng, bỏ qua upload CSV.
[2026-01-01T02:35:03.241+0000] {taskinstance.py:441} INFO - ::group::Post task execution logs
[2026-01-01T02:35:03.252+0000] {taskinstance.py:1206} INFO - Marking task as SUCCESS. dag_id=thongtin_cty_bctc, task_id=ingest_bctc, run_id=scheduled__2025-12-30T00:00:00+00:00, map_index=40, execution_date=20251230T000000, start_date=20260101T023459, end_date=20260101T023503
[2026-01-01T02:35:03.448+0000] {local_task_job_runner.py:243} INFO - Task exited with return code 0
[2026-01-01T02:35:03.460+0000] {local_task_job_runner.py:222} INFO - ::endgroup::
