[2026-01-01T08:54:56.707+0000] {local_task_job_runner.py:120} INFO - ::group::Pre task execution logs
[2026-01-01T08:54:56.754+0000] {taskinstance.py:2076} INFO - Dependencies all met for dep_context=non-requeueable deps ti=<TaskInstance: thongtin_cty_bctc.ingest_bctc manual__2026-01-01T00:00:00+00:00 map_index=52 [queued]>
[2026-01-01T08:54:56.791+0000] {taskinstance.py:2076} INFO - Dependencies all met for dep_context=requeueable deps ti=<TaskInstance: thongtin_cty_bctc.ingest_bctc manual__2026-01-01T00:00:00+00:00 map_index=52 [queued]>
[2026-01-01T08:54:56.792+0000] {taskinstance.py:2306} INFO - Starting attempt 1 of 2
[2026-01-01T08:54:56.818+0000] {taskinstance.py:2330} INFO - Executing <Mapped(DfToCsvOperator): ingest_bctc> on 2026-01-01 00:00:00+00:00
[2026-01-01T08:54:56.835+0000] {warnings.py:112} WARNING - This process (pid=2607) is multi-threaded, use of fork() may lead to deadlocks in the child.

[2026-01-01T08:54:56.838+0000] {standard_task_runner.py:64} INFO - Started process 2662 to run task
[2026-01-01T08:54:56.841+0000] {standard_task_runner.py:90} INFO - Running: ['***', 'tasks', 'run', 'thongtin_cty_bctc', 'ingest_bctc', 'manual__2026-01-01T00:00:00+00:00', '--job-id', '3995', '--raw', '--subdir', 'DAGS_FOLDER/tt_cty_bctc.py', '--cfg-path', '/tmp/tmppbi_n4g9', '--map-index', '52']
[2026-01-01T08:54:56.844+0000] {standard_task_runner.py:91} INFO - Job 3995: Subtask ingest_bctc
[2026-01-01T08:54:56.959+0000] {task_command.py:426} INFO - Running <TaskInstance: thongtin_cty_bctc.ingest_bctc manual__2026-01-01T00:00:00+00:00 map_index=52 [running]> on host b455963a0603
[2026-01-01T08:54:57.218+0000] {taskinstance.py:2648} INFO - Exporting env vars: AIRFLOW_CTX_DAG_OWNER='***' AIRFLOW_CTX_DAG_ID='thongtin_cty_bctc' AIRFLOW_CTX_TASK_ID='ingest_bctc' AIRFLOW_CTX_EXECUTION_DATE='2026-01-01T00:00:00+00:00' AIRFLOW_CTX_TRY_NUMBER='1' AIRFLOW_CTX_DAG_RUN_ID='manual__2026-01-01T00:00:00+00:00'
[2026-01-01T08:54:57.220+0000] {taskinstance.py:430} INFO - ::endgroup::
[2026-01-01T08:54:57.234+0000] {logging_mixin.py:188} INFO - Bắt đầu xử lý batch 3 mã: ['VE9', 'VE8', 'VE4']
[2026-01-01T08:54:57.235+0000] {logging_mixin.py:188} INFO -  >> Đang lấy dữ liệu: VE9
[2026-01-01T08:55:01.572+0000] {logging_mixin.py:188} INFO -  >> Đang lấy dữ liệu: VE8
[2026-01-01T08:55:05.299+0000] {logging_mixin.py:188} INFO -  >> Đang lấy dữ liệu: VE4
[2026-01-01T08:55:09.475+0000] {logging_mixin.py:188} INFO -  ✓ Hoàn thành batch. Tổng số dòng: 11496
[2026-01-01T08:55:09.547+0000] {base.py:84} INFO - Using connection ID 'minio_finance' for task execution.
[2026-01-01T08:55:09.549+0000] {connection_wrapper.py:384} INFO - AWS Connection (conn_id='minio_finance', conn_type='aws') credentials retrieved from login and password.
[2026-01-01T08:55:09.986+0000] {datalake_df2csv.py:53} INFO - ✅ Đã upload 11496 dòng -> s3://thongtin-congty-va-bctc/bctc/2026-01-01/batch_52.csv
[2026-01-01T08:55:09.989+0000] {taskinstance.py:441} INFO - ::group::Post task execution logs
[2026-01-01T08:55:10.004+0000] {taskinstance.py:1206} INFO - Marking task as SUCCESS. dag_id=thongtin_cty_bctc, task_id=ingest_bctc, run_id=manual__2026-01-01T00:00:00+00:00, map_index=52, execution_date=20260101T000000, start_date=20260101T085456, end_date=20260101T085510
[2026-01-01T08:55:12.160+0000] {local_task_job_runner.py:243} INFO - Task exited with return code 0
[2026-01-01T08:55:12.170+0000] {local_task_job_runner.py:222} INFO - ::endgroup::
