[2025-12-31T14:42:15.253+0000] {local_task_job_runner.py:120} INFO - ::group::Pre task execution logs
[2025-12-31T14:42:15.285+0000] {taskinstance.py:2076} INFO - Dependencies all met for dep_context=non-requeueable deps ti=<TaskInstance: thongtin_cty_bctc.ingest_overview manual__2025-12-31T14:34:21.190447+00:00 map_index=58 [queued]>
[2025-12-31T14:42:15.308+0000] {taskinstance.py:2076} INFO - Dependencies all met for dep_context=requeueable deps ti=<TaskInstance: thongtin_cty_bctc.ingest_overview manual__2025-12-31T14:34:21.190447+00:00 map_index=58 [queued]>
[2025-12-31T14:42:15.309+0000] {taskinstance.py:2306} INFO - Starting attempt 1 of 2
[2025-12-31T14:42:15.324+0000] {taskinstance.py:2330} INFO - Executing <Mapped(DfToCsvOperator): ingest_overview> on 2025-12-31 14:34:21.190447+00:00
[2025-12-31T14:42:15.334+0000] {warnings.py:112} WARNING - This process (pid=5854) is multi-threaded, use of fork() may lead to deadlocks in the child.

[2025-12-31T14:42:15.335+0000] {standard_task_runner.py:64} INFO - Started process 5893 to run task
[2025-12-31T14:42:15.337+0000] {standard_task_runner.py:90} INFO - Running: ['***', 'tasks', 'run', 'thongtin_cty_bctc', 'ingest_overview', 'manual__2025-12-31T14:34:21.190447+00:00', '--job-id', '477', '--raw', '--subdir', 'DAGS_FOLDER/tt_cty_bctc.py', '--cfg-path', '/tmp/tmphbptiwz4', '--map-index', '58']
[2025-12-31T14:42:15.338+0000] {standard_task_runner.py:91} INFO - Job 477: Subtask ingest_overview
[2025-12-31T14:42:15.380+0000] {task_command.py:426} INFO - Running <TaskInstance: thongtin_cty_bctc.ingest_overview manual__2025-12-31T14:34:21.190447+00:00 map_index=58 [running]> on host 8bc7f11ea9a4
[2025-12-31T14:42:15.486+0000] {taskinstance.py:2648} INFO - Exporting env vars: AIRFLOW_CTX_DAG_OWNER='***' AIRFLOW_CTX_DAG_ID='thongtin_cty_bctc' AIRFLOW_CTX_TASK_ID='ingest_overview' AIRFLOW_CTX_EXECUTION_DATE='2025-12-31T14:34:21.190447+00:00' AIRFLOW_CTX_TRY_NUMBER='1' AIRFLOW_CTX_DAG_RUN_ID='manual__2025-12-31T14:34:21.190447+00:00'
[2025-12-31T14:42:15.487+0000] {taskinstance.py:430} INFO - ::endgroup::
[2025-12-31T14:42:15.645+0000] {logging_mixin.py:188} INFO - Err overview HDA: Failed to fetch data: 429 - Too Many Requests
[2025-12-31T14:42:15.798+0000] {logging_mixin.py:188} INFO - Err overview HD8: Failed to fetch data: 429 - Too Many Requests
[2025-12-31T14:42:15.940+0000] {logging_mixin.py:188} INFO - Err overview HD6: Failed to fetch data: 429 - Too Many Requests
[2025-12-31T14:42:16.082+0000] {logging_mixin.py:188} INFO - Err overview HD2: Failed to fetch data: 429 - Too Many Requests
[2025-12-31T14:42:16.220+0000] {logging_mixin.py:188} INFO - Err overview HCT: Failed to fetch data: 429 - Too Many Requests
[2025-12-31T14:42:16.366+0000] {logging_mixin.py:188} INFO - Err overview HCM: Failed to fetch data: 429 - Too Many Requests
[2025-12-31T14:42:16.537+0000] {logging_mixin.py:188} INFO - Err overview HCI: Failed to fetch data: 429 - Too Many Requests
[2025-12-31T14:42:16.674+0000] {logging_mixin.py:188} INFO - Err overview HCD: Failed to fetch data: 429 - Too Many Requests
[2025-12-31T14:42:37.873+0000] {logging_mixin.py:188} INFO - Err overview HCC: Failed to fetch data: 429 - Too Many Requests
[2025-12-31T14:42:38.017+0000] {logging_mixin.py:188} INFO - Err overview HCB: Failed to fetch data: 429 - Too Many Requests
[2025-12-31T14:42:38.173+0000] {logging_mixin.py:188} INFO - Err overview HC3: Failed to fetch data: 429 - Too Many Requests
[2025-12-31T14:42:38.527+0000] {logging_mixin.py:188} INFO - Err overview HC1: Failed to fetch data: 429 - Too Many Requests
[2025-12-31T14:42:38.716+0000] {logging_mixin.py:188} INFO - Err overview HBS: Failed to fetch data: 429 - Too Many Requests
[2025-12-31T14:42:38.913+0000] {logging_mixin.py:188} INFO - Err overview HBH: Failed to fetch data: 429 - Too Many Requests
[2025-12-31T14:42:39.219+0000] {logging_mixin.py:188} INFO - Err overview HBD: Failed to fetch data: 429 - Too Many Requests
[2025-12-31T14:42:39.347+0000] {logging_mixin.py:188} INFO - Err overview HBC: Failed to fetch data: 429 - Too Many Requests
[2025-12-31T14:42:39.465+0000] {logging_mixin.py:188} INFO - Err overview HAX: Failed to fetch data: 429 - Too Many Requests
[2025-12-31T14:42:39.593+0000] {logging_mixin.py:188} INFO - Err overview HAW: Failed to fetch data: 429 - Too Many Requests
[2025-12-31T14:42:39.722+0000] {logging_mixin.py:188} INFO - Err overview HAV: Failed to fetch data: 429 - Too Many Requests
[2025-12-31T14:42:39.855+0000] {logging_mixin.py:188} INFO - Err overview HAT: Failed to fetch data: 429 - Too Many Requests
[2025-12-31T14:42:39.865+0000] {datalake_df2csv.py:40} INFO - DataFrame rỗng, bỏ qua upload CSV.
[2025-12-31T14:42:39.866+0000] {taskinstance.py:441} INFO - ::group::Post task execution logs
[2025-12-31T14:42:39.882+0000] {taskinstance.py:1206} INFO - Marking task as SUCCESS. dag_id=thongtin_cty_bctc, task_id=ingest_overview, run_id=manual__2025-12-31T14:34:21.190447+00:00, map_index=58, execution_date=20251231T143421, start_date=20251231T144215, end_date=20251231T144239
[2025-12-31T14:42:39.921+0000] {local_task_job_runner.py:243} INFO - Task exited with return code 0
[2025-12-31T14:42:39.946+0000] {taskinstance.py:3503} INFO - 0 downstream tasks scheduled from follow-on schedule check
[2025-12-31T14:42:39.948+0000] {local_task_job_runner.py:222} INFO - ::endgroup::
