[2026-01-12T13:31:09.732+0000] {local_task_job_runner.py:120} INFO - ::group::Pre task execution logs
[2026-01-12T13:31:09.752+0000] {taskinstance.py:2076} INFO - Dependencies all met for dep_context=non-requeueable deps ti=<TaskInstance: company_overview_to_minio.ingest_overview manual__2026-01-12T13:28:56.907705+00:00 map_index=31 [queued]>
[2026-01-12T13:31:09.762+0000] {taskinstance.py:2076} INFO - Dependencies all met for dep_context=requeueable deps ti=<TaskInstance: company_overview_to_minio.ingest_overview manual__2026-01-12T13:28:56.907705+00:00 map_index=31 [queued]>
[2026-01-12T13:31:09.762+0000] {taskinstance.py:2306} INFO - Starting attempt 1 of 2
[2026-01-12T13:31:09.775+0000] {taskinstance.py:2330} INFO - Executing <Mapped(DfToCsvOperator): ingest_overview> on 2026-01-12 13:28:56.907705+00:00
[2026-01-12T13:31:09.785+0000] {warnings.py:112} WARNING - This process (pid=943) is multi-threaded, use of fork() may lead to deadlocks in the child.

[2026-01-12T13:31:09.787+0000] {standard_task_runner.py:64} INFO - Started process 957 to run task
[2026-01-12T13:31:09.789+0000] {standard_task_runner.py:90} INFO - Running: ['***', 'tasks', 'run', 'company_overview_to_minio', 'ingest_overview', 'manual__2026-01-12T13:28:56.907705+00:00', '--job-id', '10783', '--raw', '--subdir', 'DAGS_FOLDER/company_overview_to_minio.py', '--cfg-path', '/tmp/tmp4q66waje', '--map-index', '31']
[2026-01-12T13:31:09.792+0000] {standard_task_runner.py:91} INFO - Job 10783: Subtask ingest_overview
[2026-01-12T13:31:09.833+0000] {task_command.py:426} INFO - Running <TaskInstance: company_overview_to_minio.ingest_overview manual__2026-01-12T13:28:56.907705+00:00 map_index=31 [running]> on host 5a20a797a43c
[2026-01-12T13:31:09.985+0000] {taskinstance.py:2648} INFO - Exporting env vars: AIRFLOW_CTX_DAG_OWNER='***' AIRFLOW_CTX_DAG_ID='company_overview_to_minio' AIRFLOW_CTX_TASK_ID='ingest_overview' AIRFLOW_CTX_EXECUTION_DATE='2026-01-12T13:28:56.907705+00:00' AIRFLOW_CTX_TRY_NUMBER='1' AIRFLOW_CTX_DAG_RUN_ID='manual__2026-01-12T13:28:56.907705+00:00'
[2026-01-12T13:31:09.986+0000] {taskinstance.py:430} INFO - ::endgroup::
[2026-01-12T13:31:11.418+0000] {warnings.py:112} WARNING - DataFrame.applymap has been deprecated. Use DataFrame.map instead.

[2026-01-12T13:31:12.752+0000] {warnings.py:112} WARNING - DataFrame.applymap has been deprecated. Use DataFrame.map instead.

[2026-01-12T13:31:14.013+0000] {warnings.py:112} WARNING - DataFrame.applymap has been deprecated. Use DataFrame.map instead.

[2026-01-12T13:31:15.208+0000] {warnings.py:112} WARNING - DataFrame.applymap has been deprecated. Use DataFrame.map instead.

[2026-01-12T13:31:16.390+0000] {warnings.py:112} WARNING - DataFrame.applymap has been deprecated. Use DataFrame.map instead.

[2026-01-12T13:31:17.815+0000] {warnings.py:112} WARNING - DataFrame.applymap has been deprecated. Use DataFrame.map instead.

[2026-01-12T13:31:19.241+0000] {warnings.py:112} WARNING - DataFrame.applymap has been deprecated. Use DataFrame.map instead.

[2026-01-12T13:31:20.438+0000] {warnings.py:112} WARNING - DataFrame.applymap has been deprecated. Use DataFrame.map instead.

[2026-01-12T13:31:25.980+0000] {logging_mixin.py:188} INFO - Err overview PTN: RetryError[<Future at 0x7fef4c4b6510 state=finished raised AttributeError>]
[2026-01-12T13:31:27.333+0000] {warnings.py:112} WARNING - DataFrame.applymap has been deprecated. Use DataFrame.map instead.

[2026-01-12T13:31:28.689+0000] {warnings.py:112} WARNING - DataFrame.applymap has been deprecated. Use DataFrame.map instead.

[2026-01-12T13:31:30.025+0000] {warnings.py:112} WARNING - DataFrame.applymap has been deprecated. Use DataFrame.map instead.

[2026-01-12T13:31:31.255+0000] {warnings.py:112} WARNING - DataFrame.applymap has been deprecated. Use DataFrame.map instead.

[2026-01-12T13:31:32.413+0000] {warnings.py:112} WARNING - DataFrame.applymap has been deprecated. Use DataFrame.map instead.

[2026-01-12T13:31:33.588+0000] {warnings.py:112} WARNING - DataFrame.applymap has been deprecated. Use DataFrame.map instead.

[2026-01-12T13:31:34.771+0000] {warnings.py:112} WARNING - DataFrame.applymap has been deprecated. Use DataFrame.map instead.

[2026-01-12T13:31:36.131+0000] {warnings.py:112} WARNING - DataFrame.applymap has been deprecated. Use DataFrame.map instead.

[2026-01-12T13:31:38.466+0000] {warnings.py:112} WARNING - DataFrame.applymap has been deprecated. Use DataFrame.map instead.

[2026-01-12T13:31:39.660+0000] {warnings.py:112} WARNING - DataFrame.applymap has been deprecated. Use DataFrame.map instead.

[2026-01-12T13:31:40.877+0000] {warnings.py:112} WARNING - DataFrame.applymap has been deprecated. Use DataFrame.map instead.

[2026-01-12T13:31:41.908+0000] {base.py:84} INFO - Using connection ID 'minio_finance' for task execution.
[2026-01-12T13:31:41.908+0000] {connection_wrapper.py:384} INFO - AWS Connection (conn_id='minio_finance', conn_type='aws') credentials retrieved from login and password.
[2026-01-12T13:31:42.283+0000] {datalake_df2csv.py:52} INFO - ✅ Đã upload 19 dòng -> s3://thongtin-congty-va-bctc/overview/date=2026-01-12/batch_31.csv
[2026-01-12T13:31:42.284+0000] {taskinstance.py:441} INFO - ::group::Post task execution logs
[2026-01-12T13:31:42.292+0000] {taskinstance.py:1206} INFO - Marking task as SUCCESS. dag_id=company_overview_to_minio, task_id=ingest_overview, run_id=manual__2026-01-12T13:28:56.907705+00:00, map_index=31, execution_date=20260112T132856, start_date=20260112T133109, end_date=20260112T133142
[2026-01-12T13:31:42.336+0000] {local_task_job_runner.py:243} INFO - Task exited with return code 0
[2026-01-12T13:31:42.360+0000] {taskinstance.py:3503} INFO - 0 downstream tasks scheduled from follow-on schedule check
[2026-01-12T13:31:42.362+0000] {local_task_job_runner.py:222} INFO - ::endgroup::
