[2026-01-01T02:16:05.500+0000] {local_task_job_runner.py:120} INFO - ::group::Pre task execution logs
[2026-01-01T02:16:05.671+0000] {taskinstance.py:2076} INFO - Dependencies all met for dep_context=non-requeueable deps ti=<TaskInstance: thongtin_cty_bctc.ingest_bctc scheduled__2025-12-31T00:00:00+00:00 map_index=203 [queued]>
[2026-01-01T02:16:06.149+0000] {taskinstance.py:2076} INFO - Dependencies all met for dep_context=requeueable deps ti=<TaskInstance: thongtin_cty_bctc.ingest_bctc scheduled__2025-12-31T00:00:00+00:00 map_index=203 [queued]>
[2026-01-01T02:16:06.151+0000] {taskinstance.py:2306} INFO - Starting attempt 1 of 2
[2026-01-01T02:16:06.206+0000] {taskinstance.py:2330} INFO - Executing <Mapped(DfToCsvOperator): ingest_bctc> on 2025-12-31 00:00:00+00:00
[2026-01-01T02:16:06.230+0000] {warnings.py:112} WARNING - This process (pid=7486) is multi-threaded, use of fork() may lead to deadlocks in the child.

[2026-01-01T02:16:06.232+0000] {standard_task_runner.py:64} INFO - Started process 7609 to run task
[2026-01-01T02:16:06.246+0000] {standard_task_runner.py:90} INFO - Running: ['***', 'tasks', 'run', 'thongtin_cty_bctc', 'ingest_bctc', 'scheduled__2025-12-31T00:00:00+00:00', '--job-id', '1241', '--raw', '--subdir', 'DAGS_FOLDER/tt_cty_bctc.py', '--cfg-path', '/tmp/tmp81omdtu4', '--map-index', '203']
[2026-01-01T02:16:06.248+0000] {standard_task_runner.py:91} INFO - Job 1241: Subtask ingest_bctc
[2026-01-01T02:16:06.488+0000] {task_command.py:426} INFO - Running <TaskInstance: thongtin_cty_bctc.ingest_bctc scheduled__2025-12-31T00:00:00+00:00 map_index=203 [running]> on host 43b0a0f7606b
[2026-01-01T02:16:06.777+0000] {taskinstance.py:2648} INFO - Exporting env vars: AIRFLOW_CTX_DAG_OWNER='***' AIRFLOW_CTX_DAG_ID='thongtin_cty_bctc' AIRFLOW_CTX_TASK_ID='ingest_bctc' AIRFLOW_CTX_EXECUTION_DATE='2025-12-31T00:00:00+00:00' AIRFLOW_CTX_TRY_NUMBER='1' AIRFLOW_CTX_DAG_RUN_ID='scheduled__2025-12-31T00:00:00+00:00'
[2026-01-01T02:16:06.780+0000] {taskinstance.py:430} INFO - ::endgroup::
[2026-01-01T02:16:06.811+0000] {logging_mixin.py:188} INFO - Bắt đầu xử lý batch 5 mã: ['IMP', 'IME', 'ILS', 'ILC', 'ILB']
[2026-01-01T02:16:06.812+0000] {logging_mixin.py:188} INFO -  >> Đang lấy dữ liệu: IMP
[2026-01-01T02:16:06.983+0000] {logging_mixin.py:188} INFO -  Lỗi xử lý mã IMP: Failed to fetch data: 429 - Too Many Requests
[2026-01-01T02:16:06.986+0000] {logging_mixin.py:188} INFO -  >> Đang lấy dữ liệu: IME
[2026-01-01T02:16:07.147+0000] {logging_mixin.py:188} INFO -  Lỗi xử lý mã IME: Failed to fetch data: 429 - Too Many Requests
[2026-01-01T02:16:07.149+0000] {logging_mixin.py:188} INFO -  >> Đang lấy dữ liệu: ILS
[2026-01-01T02:16:07.339+0000] {logging_mixin.py:188} INFO -  Lỗi xử lý mã ILS: Failed to fetch data: 429 - Too Many Requests
[2026-01-01T02:16:07.348+0000] {logging_mixin.py:188} INFO -  >> Đang lấy dữ liệu: ILC
[2026-01-01T02:16:07.567+0000] {logging_mixin.py:188} INFO -  Lỗi xử lý mã ILC: Failed to fetch data: 429 - Too Many Requests
[2026-01-01T02:16:07.572+0000] {logging_mixin.py:188} INFO -  >> Đang lấy dữ liệu: ILB
[2026-01-01T02:16:07.698+0000] {logging_mixin.py:188} INFO -  Lỗi xử lý mã ILB: Failed to fetch data: 429 - Too Many Requests
[2026-01-01T02:16:07.699+0000] {logging_mixin.py:188} INFO -  ⚠ Batch này không thu được dữ liệu nào.
[2026-01-01T02:16:07.710+0000] {datalake_df2csv.py:40} INFO - DataFrame rỗng, bỏ qua upload CSV.
[2026-01-01T02:16:07.713+0000] {taskinstance.py:441} INFO - ::group::Post task execution logs
[2026-01-01T02:16:07.747+0000] {taskinstance.py:1206} INFO - Marking task as SUCCESS. dag_id=thongtin_cty_bctc, task_id=ingest_bctc, run_id=scheduled__2025-12-31T00:00:00+00:00, map_index=203, execution_date=20251231T000000, start_date=20260101T021605, end_date=20260101T021607
[2026-01-01T02:16:07.984+0000] {local_task_job_runner.py:243} INFO - Task exited with return code 0
[2026-01-01T02:16:08.023+0000] {taskinstance.py:3503} INFO - 0 downstream tasks scheduled from follow-on schedule check
[2026-01-01T02:16:08.029+0000] {local_task_job_runner.py:222} INFO - ::endgroup::
