[2026-01-01T02:37:02.257+0000] {local_task_job_runner.py:120} INFO - ::group::Pre task execution logs
[2026-01-01T02:37:02.290+0000] {taskinstance.py:2076} INFO - Dependencies all met for dep_context=non-requeueable deps ti=<TaskInstance: thongtin_cty_bctc.ingest_overview scheduled__2025-12-30T00:00:00+00:00 map_index=56 [queued]>
[2026-01-01T02:37:02.315+0000] {taskinstance.py:2076} INFO - Dependencies all met for dep_context=requeueable deps ti=<TaskInstance: thongtin_cty_bctc.ingest_overview scheduled__2025-12-30T00:00:00+00:00 map_index=56 [queued]>
[2026-01-01T02:37:02.315+0000] {taskinstance.py:2306} INFO - Starting attempt 2 of 3
[2026-01-01T02:37:02.334+0000] {taskinstance.py:2330} INFO - Executing <Mapped(DfToCsvOperator): ingest_overview> on 2025-12-30 00:00:00+00:00
[2026-01-01T02:37:02.346+0000] {warnings.py:112} WARNING - This process (pid=16779) is multi-threaded, use of fork() may lead to deadlocks in the child.

[2026-01-01T02:37:02.348+0000] {standard_task_runner.py:64} INFO - Started process 16805 to run task
[2026-01-01T02:37:02.350+0000] {standard_task_runner.py:90} INFO - Running: ['***', 'tasks', 'run', 'thongtin_cty_bctc', 'ingest_overview', 'scheduled__2025-12-30T00:00:00+00:00', '--job-id', '2057', '--raw', '--subdir', 'DAGS_FOLDER/tt_cty_bctc.py', '--cfg-path', '/tmp/tmpvw_rclw3', '--map-index', '56']
[2026-01-01T02:37:02.352+0000] {standard_task_runner.py:91} INFO - Job 2057: Subtask ingest_overview
[2026-01-01T02:37:02.405+0000] {task_command.py:426} INFO - Running <TaskInstance: thongtin_cty_bctc.ingest_overview scheduled__2025-12-30T00:00:00+00:00 map_index=56 [running]> on host 43b0a0f7606b
[2026-01-01T02:37:02.512+0000] {taskinstance.py:2648} INFO - Exporting env vars: AIRFLOW_CTX_DAG_OWNER='***' AIRFLOW_CTX_DAG_ID='thongtin_cty_bctc' AIRFLOW_CTX_TASK_ID='ingest_overview' AIRFLOW_CTX_EXECUTION_DATE='2025-12-30T00:00:00+00:00' AIRFLOW_CTX_TRY_NUMBER='2' AIRFLOW_CTX_DAG_RUN_ID='scheduled__2025-12-30T00:00:00+00:00'
[2026-01-01T02:37:02.513+0000] {taskinstance.py:430} INFO - ::endgroup::
[2026-01-01T02:37:02.660+0000] {logging_mixin.py:188} INFO - Err overview HKT: Failed to fetch data: 429 - Too Many Requests
[2026-01-01T02:37:02.779+0000] {logging_mixin.py:188} INFO - Err overview HKP: Failed to fetch data: 429 - Too Many Requests
[2026-01-01T02:37:02.894+0000] {logging_mixin.py:188} INFO - Err overview HKB: Failed to fetch data: 429 - Too Many Requests
[2026-01-01T02:37:03.031+0000] {logging_mixin.py:188} INFO - Err overview HJS: Failed to fetch data: 429 - Too Many Requests
[2026-01-01T02:37:03.190+0000] {logging_mixin.py:188} INFO - Err overview HJC: Failed to fetch data: 429 - Too Many Requests
[2026-01-01T02:37:03.305+0000] {logging_mixin.py:188} INFO - Err overview HIO: Failed to fetch data: 429 - Too Many Requests
[2026-01-01T02:37:03.436+0000] {logging_mixin.py:188} INFO - Err overview HII: Failed to fetch data: 429 - Too Many Requests
[2026-01-01T02:37:03.562+0000] {logging_mixin.py:188} INFO - Err overview HIG: Failed to fetch data: 429 - Too Many Requests
[2026-01-01T02:37:03.675+0000] {logging_mixin.py:188} INFO - Err overview HID: Failed to fetch data: 429 - Too Many Requests
[2026-01-01T02:37:03.798+0000] {logging_mixin.py:188} INFO - Err overview HHV: Failed to fetch data: 429 - Too Many Requests
[2026-01-01T02:37:03.936+0000] {logging_mixin.py:188} INFO - Err overview HHS: Failed to fetch data: 429 - Too Many Requests
[2026-01-01T02:37:25.149+0000] {logging_mixin.py:188} INFO - Err overview HHR: Failed to fetch data: 429 - Too Many Requests
[2026-01-01T02:37:25.374+0000] {logging_mixin.py:188} INFO - Err overview HHP: Failed to fetch data: 429 - Too Many Requests
[2026-01-01T02:37:25.509+0000] {logging_mixin.py:188} INFO - Err overview HHN: Failed to fetch data: 429 - Too Many Requests
[2026-01-01T02:37:25.647+0000] {logging_mixin.py:188} INFO - Err overview HHG: Failed to fetch data: 429 - Too Many Requests
[2026-01-01T02:37:25.817+0000] {logging_mixin.py:188} INFO - Err overview HHC: Failed to fetch data: 429 - Too Many Requests
[2026-01-01T02:37:25.972+0000] {logging_mixin.py:188} INFO - Err overview HHB: Failed to fetch data: 429 - Too Many Requests
[2026-01-01T02:37:26.168+0000] {logging_mixin.py:188} INFO - Err overview HGW: Failed to fetch data: 429 - Too Many Requests
[2026-01-01T02:37:26.280+0000] {logging_mixin.py:188} INFO - Err overview HGT: Failed to fetch data: 429 - Too Many Requests
[2026-01-01T02:37:26.388+0000] {logging_mixin.py:188} INFO - Err overview HGR: Failed to fetch data: 429 - Too Many Requests
[2026-01-01T02:37:26.393+0000] {datalake_df2csv.py:40} INFO - DataFrame rỗng, bỏ qua upload CSV.
[2026-01-01T02:37:26.394+0000] {taskinstance.py:441} INFO - ::group::Post task execution logs
[2026-01-01T02:37:26.409+0000] {taskinstance.py:1206} INFO - Marking task as SUCCESS. dag_id=thongtin_cty_bctc, task_id=ingest_overview, run_id=scheduled__2025-12-30T00:00:00+00:00, map_index=56, execution_date=20251230T000000, start_date=20260101T023702, end_date=20260101T023726
[2026-01-01T02:37:26.470+0000] {local_task_job_runner.py:243} INFO - Task exited with return code 0
[2026-01-01T02:37:26.493+0000] {taskinstance.py:3503} INFO - 0 downstream tasks scheduled from follow-on schedule check
[2026-01-01T02:37:26.496+0000] {local_task_job_runner.py:222} INFO - ::endgroup::
