[2025-12-31T14:37:26.297+0000] {local_task_job_runner.py:120} INFO - ::group::Pre task execution logs
[2025-12-31T14:37:26.334+0000] {taskinstance.py:2076} INFO - Dependencies all met for dep_context=non-requeueable deps ti=<TaskInstance: thongtin_cty_bctc.ingest_overview scheduled__2025-12-30T00:00:00+00:00 map_index=56 [queued]>
[2025-12-31T14:37:26.355+0000] {taskinstance.py:2076} INFO - Dependencies all met for dep_context=requeueable deps ti=<TaskInstance: thongtin_cty_bctc.ingest_overview scheduled__2025-12-30T00:00:00+00:00 map_index=56 [queued]>
[2025-12-31T14:37:26.356+0000] {taskinstance.py:2306} INFO - Starting attempt 1 of 2
[2025-12-31T14:37:26.376+0000] {taskinstance.py:2330} INFO - Executing <Mapped(DfToCsvOperator): ingest_overview> on 2025-12-30 00:00:00+00:00
[2025-12-31T14:37:26.389+0000] {warnings.py:112} WARNING - This process (pid=2471) is multi-threaded, use of fork() may lead to deadlocks in the child.

[2025-12-31T14:37:26.391+0000] {standard_task_runner.py:64} INFO - Started process 2541 to run task
[2025-12-31T14:37:26.393+0000] {standard_task_runner.py:90} INFO - Running: ['***', 'tasks', 'run', 'thongtin_cty_bctc', 'ingest_overview', 'scheduled__2025-12-30T00:00:00+00:00', '--job-id', '177', '--raw', '--subdir', 'DAGS_FOLDER/tt_cty_bctc.py', '--cfg-path', '/tmp/tmp6xh2wnjj', '--map-index', '56']
[2025-12-31T14:37:26.395+0000] {standard_task_runner.py:91} INFO - Job 177: Subtask ingest_overview
[2025-12-31T14:37:26.447+0000] {task_command.py:426} INFO - Running <TaskInstance: thongtin_cty_bctc.ingest_overview scheduled__2025-12-30T00:00:00+00:00 map_index=56 [running]> on host 8bc7f11ea9a4
[2025-12-31T14:37:26.569+0000] {taskinstance.py:2648} INFO - Exporting env vars: AIRFLOW_CTX_DAG_OWNER='***' AIRFLOW_CTX_DAG_ID='thongtin_cty_bctc' AIRFLOW_CTX_TASK_ID='ingest_overview' AIRFLOW_CTX_EXECUTION_DATE='2025-12-30T00:00:00+00:00' AIRFLOW_CTX_TRY_NUMBER='1' AIRFLOW_CTX_DAG_RUN_ID='scheduled__2025-12-30T00:00:00+00:00'
[2025-12-31T14:37:26.572+0000] {taskinstance.py:430} INFO - ::endgroup::
[2025-12-31T14:37:26.816+0000] {logging_mixin.py:188} INFO - Err overview HKT: Failed to fetch data: 429 - Too Many Requests
[2025-12-31T14:37:27.051+0000] {logging_mixin.py:188} INFO - Err overview HKP: Failed to fetch data: 429 - Too Many Requests
[2025-12-31T14:37:27.186+0000] {logging_mixin.py:188} INFO - Err overview HKB: Failed to fetch data: 429 - Too Many Requests
[2025-12-31T14:37:27.363+0000] {logging_mixin.py:188} INFO - Err overview HJS: Failed to fetch data: 429 - Too Many Requests
[2025-12-31T14:37:48.416+0000] {log.py:232} WARNING - 2025-12-31 14:37:48 - vnstock.core.utils.client - ERROR - API request failed: HTTPSConnectionPool(host='trading.vietcap.com.vn', port=443): Max retries exceeded with url: /data-mt/graphql (Caused by NewConnectionError('<urllib3.connection.HTTPSConnection object at 0x7f68aca1be60>: Failed to establish a new connection: [Errno 111] Connection refused'))
[2025-12-31T14:37:48.416+0000] {client.py:414} ERROR - API request failed: HTTPSConnectionPool(host='trading.vietcap.com.vn', port=443): Max retries exceeded with url: /data-mt/graphql (Caused by NewConnectionError('<urllib3.connection.HTTPSConnection object at 0x7f68aca1be60>: Failed to establish a new connection: [Errno 111] Connection refused'))
[2025-12-31T14:37:48.417+0000] {logging_mixin.py:188} INFO - Err overview HJC: API request failed: HTTPSConnectionPool(host='trading.vietcap.com.vn', port=443): Max retries exceeded with url: /data-mt/graphql (Caused by NewConnectionError('<urllib3.connection.HTTPSConnection object at 0x7f68aca1be60>: Failed to establish a new connection: [Errno 111] Connection refused'))
[2025-12-31T14:37:48.588+0000] {logging_mixin.py:188} INFO - Err overview HIO: Failed to fetch data: 429 - Too Many Requests
[2025-12-31T14:37:48.729+0000] {logging_mixin.py:188} INFO - Err overview HII: Failed to fetch data: 429 - Too Many Requests
[2025-12-31T14:37:48.920+0000] {logging_mixin.py:188} INFO - Err overview HIG: Failed to fetch data: 429 - Too Many Requests
[2025-12-31T14:37:49.045+0000] {logging_mixin.py:188} INFO - Err overview HID: Failed to fetch data: 429 - Too Many Requests
[2025-12-31T14:37:49.177+0000] {logging_mixin.py:188} INFO - Err overview HHV: Failed to fetch data: 429 - Too Many Requests
[2025-12-31T14:37:49.347+0000] {logging_mixin.py:188} INFO - Err overview HHS: Failed to fetch data: 429 - Too Many Requests
[2025-12-31T14:37:49.501+0000] {logging_mixin.py:188} INFO - Err overview HHR: Failed to fetch data: 429 - Too Many Requests
[2025-12-31T14:37:49.665+0000] {logging_mixin.py:188} INFO - Err overview HHP: Failed to fetch data: 429 - Too Many Requests
[2025-12-31T14:37:49.822+0000] {logging_mixin.py:188} INFO - Err overview HHN: Failed to fetch data: 429 - Too Many Requests
[2025-12-31T14:37:49.969+0000] {logging_mixin.py:188} INFO - Err overview HHG: Failed to fetch data: 429 - Too Many Requests
[2025-12-31T14:37:50.118+0000] {logging_mixin.py:188} INFO - Err overview HHC: Failed to fetch data: 429 - Too Many Requests
[2025-12-31T14:37:50.306+0000] {logging_mixin.py:188} INFO - Err overview HHB: Failed to fetch data: 429 - Too Many Requests
[2025-12-31T14:37:50.586+0000] {logging_mixin.py:188} INFO - Err overview HGW: Failed to fetch data: 429 - Too Many Requests
[2025-12-31T14:37:50.749+0000] {logging_mixin.py:188} INFO - Err overview HGT: Failed to fetch data: 429 - Too Many Requests
[2025-12-31T14:37:50.938+0000] {logging_mixin.py:188} INFO - Err overview HGR: Failed to fetch data: 429 - Too Many Requests
[2025-12-31T14:37:50.942+0000] {datalake_df2csv.py:40} INFO - DataFrame rỗng, bỏ qua upload CSV.
[2025-12-31T14:37:50.943+0000] {taskinstance.py:441} INFO - ::group::Post task execution logs
[2025-12-31T14:37:50.956+0000] {taskinstance.py:1206} INFO - Marking task as SUCCESS. dag_id=thongtin_cty_bctc, task_id=ingest_overview, run_id=scheduled__2025-12-30T00:00:00+00:00, map_index=56, execution_date=20251230T000000, start_date=20251231T143726, end_date=20251231T143750
[2025-12-31T14:37:51.018+0000] {local_task_job_runner.py:243} INFO - Task exited with return code 0
[2025-12-31T14:37:51.036+0000] {taskinstance.py:3503} INFO - 0 downstream tasks scheduled from follow-on schedule check
[2025-12-31T14:37:51.039+0000] {local_task_job_runner.py:222} INFO - ::endgroup::
