[2026-01-01T02:10:20.299+0000] {local_task_job_runner.py:120} INFO - ::group::Pre task execution logs
[2026-01-01T02:10:20.340+0000] {taskinstance.py:2076} INFO - Dependencies all met for dep_context=non-requeueable deps ti=<TaskInstance: thongtin_cty_bctc.ingest_overview scheduled__2025-12-31T00:00:00+00:00 map_index=24 [queued]>
[2026-01-01T02:10:20.374+0000] {taskinstance.py:2076} INFO - Dependencies all met for dep_context=requeueable deps ti=<TaskInstance: thongtin_cty_bctc.ingest_overview scheduled__2025-12-31T00:00:00+00:00 map_index=24 [queued]>
[2026-01-01T02:10:20.375+0000] {taskinstance.py:2306} INFO - Starting attempt 1 of 2
[2026-01-01T02:10:20.407+0000] {taskinstance.py:2330} INFO - Executing <Mapped(DfToCsvOperator): ingest_overview> on 2025-12-31 00:00:00+00:00
[2026-01-01T02:10:20.427+0000] {warnings.py:112} WARNING - This process (pid=871) is multi-threaded, use of fork() may lead to deadlocks in the child.

[2026-01-01T02:10:20.434+0000] {standard_task_runner.py:64} INFO - Started process 952 to run task
[2026-01-01T02:10:20.443+0000] {standard_task_runner.py:90} INFO - Running: ['***', 'tasks', 'run', 'thongtin_cty_bctc', 'ingest_overview', 'scheduled__2025-12-31T00:00:00+00:00', '--job-id', '642', '--raw', '--subdir', 'DAGS_FOLDER/tt_cty_bctc.py', '--cfg-path', '/tmp/tmpkbl9qjjw', '--map-index', '24']
[2026-01-01T02:10:20.445+0000] {standard_task_runner.py:91} INFO - Job 642: Subtask ingest_overview
[2026-01-01T02:10:20.550+0000] {task_command.py:426} INFO - Running <TaskInstance: thongtin_cty_bctc.ingest_overview scheduled__2025-12-31T00:00:00+00:00 map_index=24 [running]> on host 43b0a0f7606b
[2026-01-01T02:10:20.810+0000] {taskinstance.py:2648} INFO - Exporting env vars: AIRFLOW_CTX_DAG_OWNER='***' AIRFLOW_CTX_DAG_ID='thongtin_cty_bctc' AIRFLOW_CTX_TASK_ID='ingest_overview' AIRFLOW_CTX_EXECUTION_DATE='2025-12-31T00:00:00+00:00' AIRFLOW_CTX_TRY_NUMBER='1' AIRFLOW_CTX_DAG_RUN_ID='scheduled__2025-12-31T00:00:00+00:00'
[2026-01-01T02:10:20.812+0000] {taskinstance.py:430} INFO - ::endgroup::
[2026-01-01T02:10:20.941+0000] {logging_mixin.py:188} INFO - Err overview VIN: Failed to fetch data: 429 - Too Many Requests
[2026-01-01T02:10:21.068+0000] {logging_mixin.py:188} INFO - Err overview VIM: Failed to fetch data: 429 - Too Many Requests
[2026-01-01T02:10:21.175+0000] {logging_mixin.py:188} INFO - Err overview VIH: Failed to fetch data: 429 - Too Many Requests
[2026-01-01T02:10:21.324+0000] {logging_mixin.py:188} INFO - Err overview VIG: Failed to fetch data: 429 - Too Many Requests
[2026-01-01T02:10:21.474+0000] {logging_mixin.py:188} INFO - Err overview VIF: Failed to fetch data: 429 - Too Many Requests
[2026-01-01T02:10:21.482+0000] {datalake_df2csv.py:40} INFO - DataFrame rỗng, bỏ qua upload CSV.
[2026-01-01T02:10:21.483+0000] {taskinstance.py:441} INFO - ::group::Post task execution logs
[2026-01-01T02:10:21.526+0000] {taskinstance.py:1206} INFO - Marking task as SUCCESS. dag_id=thongtin_cty_bctc, task_id=ingest_overview, run_id=scheduled__2025-12-31T00:00:00+00:00, map_index=24, execution_date=20251231T000000, start_date=20260101T021020, end_date=20260101T021021
[2026-01-01T02:10:21.597+0000] {local_task_job_runner.py:243} INFO - Task exited with return code 0
[2026-01-01T02:10:21.630+0000] {local_task_job_runner.py:222} INFO - ::endgroup::
