[2026-01-11T03:44:52.436+0000] {local_task_job_runner.py:120} INFO - ::group::Pre task execution logs
[2026-01-11T03:44:52.469+0000] {taskinstance.py:2076} INFO - Dependencies all met for dep_context=non-requeueable deps ti=<TaskInstance: bctc.ingest_bctc manual__2026-01-11T03:43:48.138068+00:00 map_index=46 [queued]>
[2026-01-11T03:44:52.487+0000] {taskinstance.py:2076} INFO - Dependencies all met for dep_context=requeueable deps ti=<TaskInstance: bctc.ingest_bctc manual__2026-01-11T03:43:48.138068+00:00 map_index=46 [queued]>
[2026-01-11T03:44:52.488+0000] {taskinstance.py:2306} INFO - Starting attempt 1 of 2
[2026-01-11T03:44:52.503+0000] {taskinstance.py:2330} INFO - Executing <Mapped(DfToCsvOperator): ingest_bctc> on 2026-01-11 03:43:48.138068+00:00
[2026-01-11T03:44:52.514+0000] {warnings.py:112} WARNING - This process (pid=5199) is multi-threaded, use of fork() may lead to deadlocks in the child.

[2026-01-11T03:44:52.515+0000] {standard_task_runner.py:64} INFO - Started process 5251 to run task
[2026-01-11T03:44:52.518+0000] {standard_task_runner.py:90} INFO - Running: ['***', 'tasks', 'run', 'bctc', 'ingest_bctc', 'manual__2026-01-11T03:43:48.138068+00:00', '--job-id', '10048', '--raw', '--subdir', 'DAGS_FOLDER/tt_cty_bctc.py', '--cfg-path', '/tmp/tmp8amm19uo', '--map-index', '46']
[2026-01-11T03:44:52.520+0000] {standard_task_runner.py:91} INFO - Job 10048: Subtask ingest_bctc
[2026-01-11T03:44:52.574+0000] {task_command.py:426} INFO - Running <TaskInstance: bctc.ingest_bctc manual__2026-01-11T03:43:48.138068+00:00 map_index=46 [running]> on host 3f2af93df813
[2026-01-11T03:44:52.710+0000] {taskinstance.py:2648} INFO - Exporting env vars: AIRFLOW_CTX_DAG_OWNER='***' AIRFLOW_CTX_DAG_ID='bctc' AIRFLOW_CTX_TASK_ID='ingest_bctc' AIRFLOW_CTX_EXECUTION_DATE='2026-01-11T03:43:48.138068+00:00' AIRFLOW_CTX_TRY_NUMBER='1' AIRFLOW_CTX_DAG_RUN_ID='manual__2026-01-11T03:43:48.138068+00:00'
[2026-01-11T03:44:52.712+0000] {taskinstance.py:430} INFO - ::endgroup::
[2026-01-11T03:44:52.718+0000] {logging_mixin.py:188} INFO - Bắt đầu xử lý batch 20 mã: ['LIG', 'LIC', 'LHG', 'LHC', 'LGM', 'LGL', 'LGC', 'LG9', 'LEC', 'LDW', 'LDP', 'LDG', 'LCW', 'LCS', 'LCM', 'LCG', 'LCD', 'LCC', 'LBM', 'LBE']
[2026-01-11T03:44:52.718+0000] {logging_mixin.py:188} INFO -  >> Đang lấy dữ liệu: LIG
[2026-01-11T03:44:52.944+0000] {logging_mixin.py:188} INFO -  Lỗi xử lý mã LIG: Failed to fetch data: 429 - Too Many Requests
[2026-01-11T03:44:52.945+0000] {logging_mixin.py:188} INFO -  >> Đang lấy dữ liệu: LIC
[2026-01-11T03:44:53.165+0000] {logging_mixin.py:188} INFO -  Lỗi xử lý mã LIC: Failed to fetch data: 429 - Too Many Requests
[2026-01-11T03:44:53.166+0000] {logging_mixin.py:188} INFO -  >> Đang lấy dữ liệu: LHG
[2026-01-11T03:44:53.353+0000] {logging_mixin.py:188} INFO -  Lỗi xử lý mã LHG: Failed to fetch data: 429 - Too Many Requests
[2026-01-11T03:44:53.354+0000] {logging_mixin.py:188} INFO -  >> Đang lấy dữ liệu: LHC
[2026-01-11T03:44:53.576+0000] {logging_mixin.py:188} INFO -  Lỗi xử lý mã LHC: Failed to fetch data: 429 - Too Many Requests
[2026-01-11T03:44:53.577+0000] {logging_mixin.py:188} INFO -  >> Đang lấy dữ liệu: LGM
[2026-01-11T03:44:54.110+0000] {logging_mixin.py:188} INFO -  Lỗi xử lý mã LGM: Failed to fetch data: 429 - Too Many Requests
[2026-01-11T03:44:54.111+0000] {logging_mixin.py:188} INFO -  >> Đang lấy dữ liệu: LGL
[2026-01-11T03:44:54.336+0000] {logging_mixin.py:188} INFO -  Lỗi xử lý mã LGL: Failed to fetch data: 429 - Too Many Requests
[2026-01-11T03:44:54.337+0000] {logging_mixin.py:188} INFO -  >> Đang lấy dữ liệu: LGC
[2026-01-11T03:44:54.521+0000] {logging_mixin.py:188} INFO -  Lỗi xử lý mã LGC: Failed to fetch data: 429 - Too Many Requests
[2026-01-11T03:44:54.522+0000] {logging_mixin.py:188} INFO -  >> Đang lấy dữ liệu: LG9
[2026-01-11T03:44:56.778+0000] {logging_mixin.py:188} INFO -  Lỗi xử lý mã LG9: Failed to fetch data: 429 - Too Many Requests
[2026-01-11T03:44:56.779+0000] {logging_mixin.py:188} INFO -  >> Đang lấy dữ liệu: LEC
[2026-01-11T03:44:56.987+0000] {logging_mixin.py:188} INFO -  Lỗi xử lý mã LEC: Failed to fetch data: 429 - Too Many Requests
[2026-01-11T03:44:56.988+0000] {logging_mixin.py:188} INFO -  >> Đang lấy dữ liệu: LDW
[2026-01-11T03:44:59.548+0000] {logging_mixin.py:188} INFO -  Lỗi xử lý mã LDW: Failed to fetch data: 429 - Too Many Requests
[2026-01-11T03:44:59.549+0000] {logging_mixin.py:188} INFO -  >> Đang lấy dữ liệu: LDP
[2026-01-11T03:45:00.225+0000] {logging_mixin.py:188} INFO -  Lỗi xử lý mã LDP: Failed to fetch data: 429 - Too Many Requests
[2026-01-11T03:45:00.227+0000] {logging_mixin.py:188} INFO -  >> Đang lấy dữ liệu: LDG
[2026-01-11T03:45:00.469+0000] {logging_mixin.py:188} INFO -  Lỗi xử lý mã LDG: Failed to fetch data: 429 - Too Many Requests
[2026-01-11T03:45:00.470+0000] {logging_mixin.py:188} INFO -  >> Đang lấy dữ liệu: LCW
[2026-01-11T03:45:00.673+0000] {logging_mixin.py:188} INFO -  Lỗi xử lý mã LCW: Failed to fetch data: 429 - Too Many Requests
[2026-01-11T03:45:00.674+0000] {logging_mixin.py:188} INFO -  >> Đang lấy dữ liệu: LCS
[2026-01-11T03:45:00.876+0000] {logging_mixin.py:188} INFO -  Lỗi xử lý mã LCS: Failed to fetch data: 429 - Too Many Requests
[2026-01-11T03:45:00.877+0000] {logging_mixin.py:188} INFO -  >> Đang lấy dữ liệu: LCM
[2026-01-11T03:45:01.074+0000] {logging_mixin.py:188} INFO -  Lỗi xử lý mã LCM: Failed to fetch data: 429 - Too Many Requests
[2026-01-11T03:45:01.075+0000] {logging_mixin.py:188} INFO -  >> Đang lấy dữ liệu: LCG
[2026-01-11T03:45:01.645+0000] {logging_mixin.py:188} INFO -  Lỗi xử lý mã LCG: Failed to fetch data: 429 - Too Many Requests
[2026-01-11T03:45:01.646+0000] {logging_mixin.py:188} INFO -  >> Đang lấy dữ liệu: LCD
[2026-01-11T03:45:01.958+0000] {logging_mixin.py:188} INFO -  Lỗi xử lý mã LCD: Failed to fetch data: 429 - Too Many Requests
[2026-01-11T03:45:01.958+0000] {logging_mixin.py:188} INFO -  >> Đang lấy dữ liệu: LCC
[2026-01-11T03:45:02.700+0000] {logging_mixin.py:188} INFO -  Lỗi xử lý mã LCC: Failed to fetch data: 429 - Too Many Requests
[2026-01-11T03:45:02.701+0000] {logging_mixin.py:188} INFO -  >> Đang lấy dữ liệu: LBM
[2026-01-11T03:45:02.931+0000] {logging_mixin.py:188} INFO -  Lỗi xử lý mã LBM: Failed to fetch data: 429 - Too Many Requests
[2026-01-11T03:45:02.932+0000] {logging_mixin.py:188} INFO -  >> Đang lấy dữ liệu: LBE
[2026-01-11T03:45:03.163+0000] {logging_mixin.py:188} INFO -  Lỗi xử lý mã LBE: Failed to fetch data: 429 - Too Many Requests
[2026-01-11T03:45:03.164+0000] {logging_mixin.py:188} INFO -  ⚠ Batch này không thu được dữ liệu nào.
[2026-01-11T03:45:03.169+0000] {datalake_df2csv.py:40} INFO - DataFrame rỗng, bỏ qua upload CSV.
[2026-01-11T03:45:03.170+0000] {taskinstance.py:441} INFO - ::group::Post task execution logs
[2026-01-11T03:45:03.487+0000] {taskinstance.py:1206} INFO - Marking task as SUCCESS. dag_id=bctc, task_id=ingest_bctc, run_id=manual__2026-01-11T03:43:48.138068+00:00, map_index=46, execution_date=20260111T034348, start_date=20260111T034452, end_date=20260111T034503
[2026-01-11T03:45:03.536+0000] {local_task_job_runner.py:243} INFO - Task exited with return code 0
[2026-01-11T03:45:03.574+0000] {taskinstance.py:3503} INFO - 0 downstream tasks scheduled from follow-on schedule check
[2026-01-11T03:45:03.577+0000] {local_task_job_runner.py:222} INFO - ::endgroup::
