[2025-12-31T14:40:53.478+0000] {local_task_job_runner.py:120} INFO - ::group::Pre task execution logs
[2025-12-31T14:40:53.511+0000] {taskinstance.py:2076} INFO - Dependencies all met for dep_context=non-requeueable deps ti=<TaskInstance: thongtin_cty_bctc.ingest_overview manual__2025-12-31T14:34:21.190447+00:00 map_index=29 [queued]>
[2025-12-31T14:40:53.533+0000] {taskinstance.py:2076} INFO - Dependencies all met for dep_context=requeueable deps ti=<TaskInstance: thongtin_cty_bctc.ingest_overview manual__2025-12-31T14:34:21.190447+00:00 map_index=29 [queued]>
[2025-12-31T14:40:53.534+0000] {taskinstance.py:2306} INFO - Starting attempt 1 of 2
[2025-12-31T14:40:53.556+0000] {taskinstance.py:2330} INFO - Executing <Mapped(DfToCsvOperator): ingest_overview> on 2025-12-31 14:34:21.190447+00:00
[2025-12-31T14:40:53.574+0000] {warnings.py:112} WARNING - This process (pid=4908) is multi-threaded, use of fork() may lead to deadlocks in the child.

[2025-12-31T14:40:53.575+0000] {standard_task_runner.py:64} INFO - Started process 4969 to run task
[2025-12-31T14:40:53.578+0000] {standard_task_runner.py:90} INFO - Running: ['***', 'tasks', 'run', 'thongtin_cty_bctc', 'ingest_overview', 'manual__2025-12-31T14:34:21.190447+00:00', '--job-id', '393', '--raw', '--subdir', 'DAGS_FOLDER/tt_cty_bctc.py', '--cfg-path', '/tmp/tmp3aeda1et', '--map-index', '29']
[2025-12-31T14:40:53.579+0000] {standard_task_runner.py:91} INFO - Job 393: Subtask ingest_overview
[2025-12-31T14:40:53.640+0000] {task_command.py:426} INFO - Running <TaskInstance: thongtin_cty_bctc.ingest_overview manual__2025-12-31T14:34:21.190447+00:00 map_index=29 [running]> on host 8bc7f11ea9a4
[2025-12-31T14:40:53.769+0000] {taskinstance.py:2648} INFO - Exporting env vars: AIRFLOW_CTX_DAG_OWNER='***' AIRFLOW_CTX_DAG_ID='thongtin_cty_bctc' AIRFLOW_CTX_TASK_ID='ingest_overview' AIRFLOW_CTX_EXECUTION_DATE='2025-12-31T14:34:21.190447+00:00' AIRFLOW_CTX_TRY_NUMBER='1' AIRFLOW_CTX_DAG_RUN_ID='manual__2025-12-31T14:34:21.190447+00:00'
[2025-12-31T14:40:53.771+0000] {taskinstance.py:430} INFO - ::endgroup::
[2025-12-31T14:40:53.936+0000] {logging_mixin.py:188} INFO - Err overview QNU: Failed to fetch data: 429 - Too Many Requests
[2025-12-31T14:40:54.110+0000] {logging_mixin.py:188} INFO - Err overview QNT: Failed to fetch data: 429 - Too Many Requests
[2025-12-31T14:40:54.371+0000] {logging_mixin.py:188} INFO - Err overview QNS: Failed to fetch data: 429 - Too Many Requests
[2025-12-31T14:40:54.528+0000] {logging_mixin.py:188} INFO - Err overview QNP: Failed to fetch data: 429 - Too Many Requests
[2025-12-31T14:40:54.664+0000] {logging_mixin.py:188} INFO - Err overview QNC: Failed to fetch data: 429 - Too Many Requests
[2025-12-31T14:40:54.820+0000] {logging_mixin.py:188} INFO - Err overview QLT: Failed to fetch data: 429 - Too Many Requests
[2025-12-31T14:40:54.998+0000] {logging_mixin.py:188} INFO - Err overview QLD: Failed to fetch data: 429 - Too Many Requests
[2025-12-31T14:40:55.252+0000] {logging_mixin.py:188} INFO - Err overview QHW: Failed to fetch data: 429 - Too Many Requests
[2025-12-31T14:40:55.390+0000] {logging_mixin.py:188} INFO - Err overview QHD: Failed to fetch data: 429 - Too Many Requests
[2025-12-31T14:40:55.524+0000] {logging_mixin.py:188} INFO - Err overview QCG: Failed to fetch data: 429 - Too Many Requests
[2025-12-31T14:40:55.706+0000] {logging_mixin.py:188} INFO - Err overview QCC: Failed to fetch data: 429 - Too Many Requests
[2025-12-31T14:40:55.903+0000] {logging_mixin.py:188} INFO - Err overview QBS: Failed to fetch data: 429 - Too Many Requests
[2025-12-31T14:40:56.050+0000] {logging_mixin.py:188} INFO - Err overview PYU: Failed to fetch data: 429 - Too Many Requests
[2025-12-31T14:40:56.234+0000] {logging_mixin.py:188} INFO - Err overview PXT: Failed to fetch data: 429 - Too Many Requests
[2025-12-31T14:40:56.416+0000] {logging_mixin.py:188} INFO - Err overview PXS: Failed to fetch data: 429 - Too Many Requests
[2025-12-31T14:40:56.591+0000] {logging_mixin.py:188} INFO - Err overview PXM: Failed to fetch data: 429 - Too Many Requests
[2025-12-31T14:40:56.751+0000] {logging_mixin.py:188} INFO - Err overview PXL: Failed to fetch data: 429 - Too Many Requests
[2025-12-31T14:40:56.894+0000] {logging_mixin.py:188} INFO - Err overview PXI: Failed to fetch data: 429 - Too Many Requests
[2025-12-31T14:40:57.014+0000] {logging_mixin.py:188} INFO - Err overview PXC: Failed to fetch data: 429 - Too Many Requests
[2025-12-31T14:40:57.186+0000] {logging_mixin.py:188} INFO - Err overview PXA: Failed to fetch data: 429 - Too Many Requests
[2025-12-31T14:40:57.190+0000] {datalake_df2csv.py:40} INFO - DataFrame rỗng, bỏ qua upload CSV.
[2025-12-31T14:40:57.191+0000] {taskinstance.py:441} INFO - ::group::Post task execution logs
[2025-12-31T14:40:57.202+0000] {taskinstance.py:1206} INFO - Marking task as SUCCESS. dag_id=thongtin_cty_bctc, task_id=ingest_overview, run_id=manual__2025-12-31T14:34:21.190447+00:00, map_index=29, execution_date=20251231T143421, start_date=20251231T144053, end_date=20251231T144057
[2025-12-31T14:40:57.241+0000] {local_task_job_runner.py:243} INFO - Task exited with return code 0
[2025-12-31T14:40:57.260+0000] {taskinstance.py:3503} INFO - 0 downstream tasks scheduled from follow-on schedule check
[2025-12-31T14:40:57.262+0000] {local_task_job_runner.py:222} INFO - ::endgroup::
