[2026-01-12T15:18:56.319+0000] {local_task_job_runner.py:120} INFO - ::group::Pre task execution logs
[2026-01-12T15:18:56.394+0000] {taskinstance.py:2076} INFO - Dependencies all met for dep_context=non-requeueable deps ti=<TaskInstance: financial_ratios_etl.ingest_financial_ratios manual__2026-01-12T15:14:43+00:00 map_index=246 [queued]>
[2026-01-12T15:18:56.447+0000] {taskinstance.py:2076} INFO - Dependencies all met for dep_context=requeueable deps ti=<TaskInstance: financial_ratios_etl.ingest_financial_ratios manual__2026-01-12T15:14:43+00:00 map_index=246 [queued]>
[2026-01-12T15:18:56.448+0000] {taskinstance.py:2306} INFO - Starting attempt 1 of 2
[2026-01-12T15:18:56.477+0000] {taskinstance.py:2330} INFO - Executing <Mapped(DfToCsvOperator): ingest_financial_ratios> on 2026-01-12 15:14:43+00:00
[2026-01-12T15:18:56.493+0000] {warnings.py:112} WARNING - This process (pid=3266) is multi-threaded, use of fork() may lead to deadlocks in the child.

[2026-01-12T15:18:56.495+0000] {standard_task_runner.py:64} INFO - Started process 3333 to run task
[2026-01-12T15:18:56.498+0000] {standard_task_runner.py:90} INFO - Running: ['***', 'tasks', 'run', 'financial_ratios_etl', 'ingest_financial_ratios', 'manual__2026-01-12T15:14:43+00:00', '--job-id', '13950', '--raw', '--subdir', 'DAGS_FOLDER/financial_ratios_etl.py', '--cfg-path', '/tmp/tmp0pnvm123', '--map-index', '246']
[2026-01-12T15:18:56.503+0000] {standard_task_runner.py:91} INFO - Job 13950: Subtask ingest_financial_ratios
[2026-01-12T15:18:56.599+0000] {task_command.py:426} INFO - Running <TaskInstance: financial_ratios_etl.ingest_financial_ratios manual__2026-01-12T15:14:43+00:00 map_index=246 [running]> on host 5a20a797a43c
[2026-01-12T15:18:56.804+0000] {taskinstance.py:2648} INFO - Exporting env vars: AIRFLOW_CTX_DAG_OWNER='***' AIRFLOW_CTX_DAG_ID='financial_ratios_etl' AIRFLOW_CTX_TASK_ID='ingest_financial_ratios' AIRFLOW_CTX_EXECUTION_DATE='2026-01-12T15:14:43+00:00' AIRFLOW_CTX_TRY_NUMBER='1' AIRFLOW_CTX_DAG_RUN_ID='manual__2026-01-12T15:14:43+00:00'
[2026-01-12T15:18:56.806+0000] {taskinstance.py:430} INFO - ::endgroup::
[2026-01-12T15:18:56.833+0000] {logging_mixin.py:188} INFO - [RATIO] Bắt đầu xử lý batch 2 mã: ['SED', 'SEB']
[2026-01-12T15:18:56.835+0000] {logging_mixin.py:188} INFO - [RATIO] Kỳ dữ liệu: quarter
[2026-01-12T15:18:56.836+0000] {logging_mixin.py:188} INFO -  >> [RATIO] Đang lấy dữ liệu: SED
[2026-01-12T15:18:57.742+0000] {logging_mixin.py:188} INFO -  ✓ [RATIO] SED: 51 rows
[2026-01-12T15:18:59.743+0000] {logging_mixin.py:188} INFO -  >> [RATIO] Đang lấy dữ liệu: SEB
[2026-01-12T15:19:00.528+0000] {logging_mixin.py:188} INFO -  ✓ [RATIO] SEB: 51 rows
[2026-01-12T15:19:02.532+0000] {logging_mixin.py:188} INFO -  ✅ [RATIO] Hoàn thành batch. Tổng số dòng: 102
[2026-01-12T15:19:02.572+0000] {base.py:84} INFO - Using connection ID 'minio_finance' for task execution.
[2026-01-12T15:19:02.574+0000] {connection_wrapper.py:384} INFO - AWS Connection (conn_id='minio_finance', conn_type='aws') credentials retrieved from login and password.
[2026-01-12T15:19:03.566+0000] {datalake_df2csv.py:52} INFO - ✅ Đã upload 102 dòng -> s3://thongtin-congty-va-bctc/financial_ratios/2026-01-12/batch_246.csv
[2026-01-12T15:19:03.571+0000] {taskinstance.py:441} INFO - ::group::Post task execution logs
[2026-01-12T15:19:03.600+0000] {taskinstance.py:1206} INFO - Marking task as SUCCESS. dag_id=financial_ratios_etl, task_id=ingest_financial_ratios, run_id=manual__2026-01-12T15:14:43+00:00, map_index=246, execution_date=20260112T151443, start_date=20260112T151856, end_date=20260112T151903
[2026-01-12T15:19:03.690+0000] {local_task_job_runner.py:243} INFO - Task exited with return code 0
[2026-01-12T15:19:03.712+0000] {taskinstance.py:3503} INFO - 0 downstream tasks scheduled from follow-on schedule check
[2026-01-12T15:19:03.714+0000] {local_task_job_runner.py:222} INFO - ::endgroup::
