[2026-01-12T15:19:19.032+0000] {local_task_job_runner.py:120} INFO - ::group::Pre task execution logs
[2026-01-12T15:19:19.090+0000] {taskinstance.py:2076} INFO - Dependencies all met for dep_context=non-requeueable deps ti=<TaskInstance: financial_ratios_etl.ingest_financial_ratios manual__2026-01-12T15:14:43+00:00 map_index=270 [queued]>
[2026-01-12T15:19:19.124+0000] {taskinstance.py:2076} INFO - Dependencies all met for dep_context=requeueable deps ti=<TaskInstance: financial_ratios_etl.ingest_financial_ratios manual__2026-01-12T15:14:43+00:00 map_index=270 [queued]>
[2026-01-12T15:19:19.125+0000] {taskinstance.py:2306} INFO - Starting attempt 1 of 2
[2026-01-12T15:19:19.146+0000] {taskinstance.py:2330} INFO - Executing <Mapped(DfToCsvOperator): ingest_financial_ratios> on 2026-01-12 15:14:43+00:00
[2026-01-12T15:19:19.163+0000] {warnings.py:112} WARNING - This process (pid=3595) is multi-threaded, use of fork() may lead to deadlocks in the child.

[2026-01-12T15:19:19.166+0000] {standard_task_runner.py:64} INFO - Started process 3695 to run task
[2026-01-12T15:19:19.168+0000] {standard_task_runner.py:90} INFO - Running: ['***', 'tasks', 'run', 'financial_ratios_etl', 'ingest_financial_ratios', 'manual__2026-01-12T15:14:43+00:00', '--job-id', '13975', '--raw', '--subdir', 'DAGS_FOLDER/financial_ratios_etl.py', '--cfg-path', '/tmp/tmpja_gyrlz', '--map-index', '270']
[2026-01-12T15:19:19.175+0000] {standard_task_runner.py:91} INFO - Job 13975: Subtask ingest_financial_ratios
[2026-01-12T15:19:19.256+0000] {task_command.py:426} INFO - Running <TaskInstance: financial_ratios_etl.ingest_financial_ratios manual__2026-01-12T15:14:43+00:00 map_index=270 [running]> on host 5a20a797a43c
[2026-01-12T15:19:19.414+0000] {taskinstance.py:2648} INFO - Exporting env vars: AIRFLOW_CTX_DAG_OWNER='***' AIRFLOW_CTX_DAG_ID='financial_ratios_etl' AIRFLOW_CTX_TASK_ID='ingest_financial_ratios' AIRFLOW_CTX_EXECUTION_DATE='2026-01-12T15:14:43+00:00' AIRFLOW_CTX_TRY_NUMBER='1' AIRFLOW_CTX_DAG_RUN_ID='manual__2026-01-12T15:14:43+00:00'
[2026-01-12T15:19:19.416+0000] {taskinstance.py:430} INFO - ::endgroup::
[2026-01-12T15:19:19.425+0000] {logging_mixin.py:188} INFO - [RATIO] Bắt đầu xử lý batch 2 mã: ['SBD', 'SBB']
[2026-01-12T15:19:19.426+0000] {logging_mixin.py:188} INFO - [RATIO] Kỳ dữ liệu: quarter
[2026-01-12T15:19:19.426+0000] {logging_mixin.py:188} INFO -  >> [RATIO] Đang lấy dữ liệu: SBD
[2026-01-12T15:19:20.478+0000] {logging_mixin.py:188} INFO -  ✓ [RATIO] SBD: 13 rows
[2026-01-12T15:19:22.479+0000] {logging_mixin.py:188} INFO -  >> [RATIO] Đang lấy dữ liệu: SBB
[2026-01-12T15:19:23.401+0000] {logging_mixin.py:188} INFO -  ✓ [RATIO] SBB: 8 rows
[2026-01-12T15:19:25.403+0000] {logging_mixin.py:188} INFO -  ✅ [RATIO] Hoàn thành batch. Tổng số dòng: 21
[2026-01-12T15:19:25.426+0000] {base.py:84} INFO - Using connection ID 'minio_finance' for task execution.
[2026-01-12T15:19:25.427+0000] {connection_wrapper.py:384} INFO - AWS Connection (conn_id='minio_finance', conn_type='aws') credentials retrieved from login and password.
[2026-01-12T15:19:26.141+0000] {datalake_df2csv.py:52} INFO - ✅ Đã upload 21 dòng -> s3://thongtin-congty-va-bctc/financial_ratios/2026-01-12/batch_270.csv
[2026-01-12T15:19:26.142+0000] {taskinstance.py:441} INFO - ::group::Post task execution logs
[2026-01-12T15:19:26.182+0000] {taskinstance.py:1206} INFO - Marking task as SUCCESS. dag_id=financial_ratios_etl, task_id=ingest_financial_ratios, run_id=manual__2026-01-12T15:14:43+00:00, map_index=270, execution_date=20260112T151443, start_date=20260112T151919, end_date=20260112T151926
[2026-01-12T15:19:26.244+0000] {local_task_job_runner.py:243} INFO - Task exited with return code 0
[2026-01-12T15:19:26.259+0000] {taskinstance.py:3503} INFO - 0 downstream tasks scheduled from follow-on schedule check
[2026-01-12T15:19:26.261+0000] {local_task_job_runner.py:222} INFO - ::endgroup::
