[2026-01-11T03:53:09.005+0000] {local_task_job_runner.py:120} INFO - ::group::Pre task execution logs
[2026-01-11T03:53:09.048+0000] {taskinstance.py:2076} INFO - Dependencies all met for dep_context=non-requeueable deps ti=<TaskInstance: bctc.ingest_bctc manual__2026-01-11T03:52:02+00:00 map_index=46 [queued]>
[2026-01-11T03:53:09.079+0000] {taskinstance.py:2076} INFO - Dependencies all met for dep_context=requeueable deps ti=<TaskInstance: bctc.ingest_bctc manual__2026-01-11T03:52:02+00:00 map_index=46 [queued]>
[2026-01-11T03:53:09.080+0000] {taskinstance.py:2306} INFO - Starting attempt 1 of 2
[2026-01-11T03:53:09.110+0000] {taskinstance.py:2330} INFO - Executing <Mapped(DfToCsvOperator): ingest_bctc> on 2026-01-11 03:52:02+00:00
[2026-01-11T03:53:09.125+0000] {warnings.py:112} WARNING - This process (pid=597) is multi-threaded, use of fork() may lead to deadlocks in the child.

[2026-01-11T03:53:09.128+0000] {standard_task_runner.py:64} INFO - Started process 663 to run task
[2026-01-11T03:53:09.130+0000] {standard_task_runner.py:90} INFO - Running: ['***', 'tasks', 'run', 'bctc', 'ingest_bctc', 'manual__2026-01-11T03:52:02+00:00', '--job-id', '10141', '--raw', '--subdir', 'DAGS_FOLDER/tt_cty_bctc.py', '--cfg-path', '/tmp/tmpxeetg8qz', '--map-index', '46']
[2026-01-11T03:53:09.132+0000] {standard_task_runner.py:91} INFO - Job 10141: Subtask ingest_bctc
[2026-01-11T03:53:09.212+0000] {task_command.py:426} INFO - Running <TaskInstance: bctc.ingest_bctc manual__2026-01-11T03:52:02+00:00 map_index=46 [running]> on host 3f2af93df813
[2026-01-11T03:53:09.476+0000] {taskinstance.py:2648} INFO - Exporting env vars: AIRFLOW_CTX_DAG_OWNER='***' AIRFLOW_CTX_DAG_ID='bctc' AIRFLOW_CTX_TASK_ID='ingest_bctc' AIRFLOW_CTX_EXECUTION_DATE='2026-01-11T03:52:02+00:00' AIRFLOW_CTX_TRY_NUMBER='1' AIRFLOW_CTX_DAG_RUN_ID='manual__2026-01-11T03:52:02+00:00'
[2026-01-11T03:53:09.477+0000] {taskinstance.py:430} INFO - ::endgroup::
[2026-01-11T03:53:09.487+0000] {logging_mixin.py:188} INFO - Bắt đầu xử lý batch 20 mã: ['LIG', 'LIC', 'LHG', 'LHC', 'LGM', 'LGL', 'LGC', 'LG9', 'LEC', 'LDW', 'LDP', 'LDG', 'LCW', 'LCS', 'LCM', 'LCG', 'LCD', 'LCC', 'LBM', 'LBE']
[2026-01-11T03:53:09.488+0000] {logging_mixin.py:188} INFO -  >> Đang lấy dữ liệu: LIG
[2026-01-11T03:53:10.523+0000] {logging_mixin.py:188} INFO -  Lỗi xử lý mã LIG: Failed to fetch data: 429 - Too Many Requests
[2026-01-11T03:53:10.524+0000] {logging_mixin.py:188} INFO -  >> Đang lấy dữ liệu: LIC
[2026-01-11T03:53:10.670+0000] {logging_mixin.py:188} INFO -  Lỗi xử lý mã LIC: Failed to fetch data: 429 - Too Many Requests
[2026-01-11T03:53:10.671+0000] {logging_mixin.py:188} INFO -  >> Đang lấy dữ liệu: LHG
[2026-01-11T03:53:10.813+0000] {logging_mixin.py:188} INFO -  Lỗi xử lý mã LHG: Failed to fetch data: 429 - Too Many Requests
[2026-01-11T03:53:10.814+0000] {logging_mixin.py:188} INFO -  >> Đang lấy dữ liệu: LHC
[2026-01-11T03:53:10.982+0000] {logging_mixin.py:188} INFO -  Lỗi xử lý mã LHC: Failed to fetch data: 429 - Too Many Requests
[2026-01-11T03:53:10.983+0000] {logging_mixin.py:188} INFO -  >> Đang lấy dữ liệu: LGM
[2026-01-11T03:53:11.586+0000] {logging_mixin.py:188} INFO -  Lỗi xử lý mã LGM: Failed to fetch data: 429 - Too Many Requests
[2026-01-11T03:53:11.588+0000] {logging_mixin.py:188} INFO -  >> Đang lấy dữ liệu: LGL
[2026-01-11T03:53:11.731+0000] {logging_mixin.py:188} INFO -  Lỗi xử lý mã LGL: Failed to fetch data: 429 - Too Many Requests
[2026-01-11T03:53:11.732+0000] {logging_mixin.py:188} INFO -  >> Đang lấy dữ liệu: LGC
[2026-01-11T03:53:11.989+0000] {logging_mixin.py:188} INFO -  Lỗi xử lý mã LGC: Failed to fetch data: 429 - Too Many Requests
[2026-01-11T03:53:11.992+0000] {logging_mixin.py:188} INFO -  >> Đang lấy dữ liệu: LG9
[2026-01-11T03:53:12.204+0000] {logging_mixin.py:188} INFO -  Lỗi xử lý mã LG9: Failed to fetch data: 429 - Too Many Requests
[2026-01-11T03:53:12.205+0000] {logging_mixin.py:188} INFO -  >> Đang lấy dữ liệu: LEC
[2026-01-11T03:53:12.453+0000] {logging_mixin.py:188} INFO -  Lỗi xử lý mã LEC: Failed to fetch data: 429 - Too Many Requests
[2026-01-11T03:53:12.454+0000] {logging_mixin.py:188} INFO -  >> Đang lấy dữ liệu: LDW
[2026-01-11T03:53:12.651+0000] {logging_mixin.py:188} INFO -  Lỗi xử lý mã LDW: Failed to fetch data: 429 - Too Many Requests
[2026-01-11T03:53:12.652+0000] {logging_mixin.py:188} INFO -  >> Đang lấy dữ liệu: LDP
[2026-01-11T03:53:12.794+0000] {logging_mixin.py:188} INFO -  Lỗi xử lý mã LDP: Failed to fetch data: 429 - Too Many Requests
[2026-01-11T03:53:12.795+0000] {logging_mixin.py:188} INFO -  >> Đang lấy dữ liệu: LDG
[2026-01-11T03:53:12.950+0000] {logging_mixin.py:188} INFO -  Lỗi xử lý mã LDG: Failed to fetch data: 429 - Too Many Requests
[2026-01-11T03:53:12.951+0000] {logging_mixin.py:188} INFO -  >> Đang lấy dữ liệu: LCW
[2026-01-11T03:53:13.447+0000] {logging_mixin.py:188} INFO -  Lỗi xử lý mã LCW: Failed to fetch data: 429 - Too Many Requests
[2026-01-11T03:53:13.450+0000] {logging_mixin.py:188} INFO -  >> Đang lấy dữ liệu: LCS
[2026-01-11T03:53:13.618+0000] {logging_mixin.py:188} INFO -  Lỗi xử lý mã LCS: Failed to fetch data: 429 - Too Many Requests
[2026-01-11T03:53:13.619+0000] {logging_mixin.py:188} INFO -  >> Đang lấy dữ liệu: LCM
[2026-01-11T03:53:13.760+0000] {logging_mixin.py:188} INFO -  Lỗi xử lý mã LCM: Failed to fetch data: 429 - Too Many Requests
[2026-01-11T03:53:13.761+0000] {logging_mixin.py:188} INFO -  >> Đang lấy dữ liệu: LCG
[2026-01-11T03:53:13.888+0000] {logging_mixin.py:188} INFO -  Lỗi xử lý mã LCG: Failed to fetch data: 429 - Too Many Requests
[2026-01-11T03:53:13.890+0000] {logging_mixin.py:188} INFO -  >> Đang lấy dữ liệu: LCD
[2026-01-11T03:53:14.337+0000] {logging_mixin.py:188} INFO -  Lỗi xử lý mã LCD: Failed to fetch data: 429 - Too Many Requests
[2026-01-11T03:53:14.338+0000] {logging_mixin.py:188} INFO -  >> Đang lấy dữ liệu: LCC
[2026-01-11T03:53:14.797+0000] {logging_mixin.py:188} INFO -  Lỗi xử lý mã LCC: Failed to fetch data: 429 - Too Many Requests
[2026-01-11T03:53:14.798+0000] {logging_mixin.py:188} INFO -  >> Đang lấy dữ liệu: LBM
[2026-01-11T03:53:14.936+0000] {logging_mixin.py:188} INFO -  Lỗi xử lý mã LBM: Failed to fetch data: 429 - Too Many Requests
[2026-01-11T03:53:14.937+0000] {logging_mixin.py:188} INFO -  >> Đang lấy dữ liệu: LBE
[2026-01-11T03:53:15.069+0000] {logging_mixin.py:188} INFO -  Lỗi xử lý mã LBE: Failed to fetch data: 429 - Too Many Requests
[2026-01-11T03:53:15.070+0000] {logging_mixin.py:188} INFO -  ⚠ Batch này không thu được dữ liệu nào.
[2026-01-11T03:53:15.076+0000] {datalake_df2csv.py:40} INFO - DataFrame rỗng, bỏ qua upload CSV.
[2026-01-11T03:53:15.077+0000] {taskinstance.py:441} INFO - ::group::Post task execution logs
[2026-01-11T03:53:15.441+0000] {taskinstance.py:1206} INFO - Marking task as SUCCESS. dag_id=bctc, task_id=ingest_bctc, run_id=manual__2026-01-11T03:52:02+00:00, map_index=46, execution_date=20260111T035202, start_date=20260111T035309, end_date=20260111T035315
[2026-01-11T03:53:15.523+0000] {local_task_job_runner.py:243} INFO - Task exited with return code 0
[2026-01-11T03:53:15.578+0000] {taskinstance.py:3503} INFO - 0 downstream tasks scheduled from follow-on schedule check
[2026-01-11T03:53:15.583+0000] {local_task_job_runner.py:222} INFO - ::endgroup::
