[2026-01-01T02:15:53.518+0000] {local_task_job_runner.py:120} INFO - ::group::Pre task execution logs
[2026-01-01T02:15:53.720+0000] {taskinstance.py:2076} INFO - Dependencies all met for dep_context=non-requeueable deps ti=<TaskInstance: thongtin_cty_bctc.ingest_bctc scheduled__2025-12-31T00:00:00+00:00 map_index=194 [queued]>
[2026-01-01T02:15:54.471+0000] {taskinstance.py:2076} INFO - Dependencies all met for dep_context=requeueable deps ti=<TaskInstance: thongtin_cty_bctc.ingest_bctc scheduled__2025-12-31T00:00:00+00:00 map_index=194 [queued]>
[2026-01-01T02:15:54.480+0000] {taskinstance.py:2306} INFO - Starting attempt 1 of 2
[2026-01-01T02:15:54.614+0000] {taskinstance.py:2330} INFO - Executing <Mapped(DfToCsvOperator): ingest_bctc> on 2025-12-31 00:00:00+00:00
[2026-01-01T02:15:54.667+0000] {warnings.py:112} WARNING - This process (pid=7228) is multi-threaded, use of fork() may lead to deadlocks in the child.

[2026-01-01T02:15:54.671+0000] {standard_task_runner.py:64} INFO - Started process 7359 to run task
[2026-01-01T02:15:54.707+0000] {standard_task_runner.py:90} INFO - Running: ['***', 'tasks', 'run', 'thongtin_cty_bctc', 'ingest_bctc', 'scheduled__2025-12-31T00:00:00+00:00', '--job-id', '1215', '--raw', '--subdir', 'DAGS_FOLDER/tt_cty_bctc.py', '--cfg-path', '/tmp/tmp9mxbx74y', '--map-index', '194']
[2026-01-01T02:15:54.714+0000] {standard_task_runner.py:91} INFO - Job 1215: Subtask ingest_bctc
[2026-01-01T02:15:54.865+0000] {task_command.py:426} INFO - Running <TaskInstance: thongtin_cty_bctc.ingest_bctc scheduled__2025-12-31T00:00:00+00:00 map_index=194 [running]> on host 43b0a0f7606b
[2026-01-01T02:15:55.050+0000] {taskinstance.py:2648} INFO - Exporting env vars: AIRFLOW_CTX_DAG_OWNER='***' AIRFLOW_CTX_DAG_ID='thongtin_cty_bctc' AIRFLOW_CTX_TASK_ID='ingest_bctc' AIRFLOW_CTX_EXECUTION_DATE='2025-12-31T00:00:00+00:00' AIRFLOW_CTX_TRY_NUMBER='1' AIRFLOW_CTX_DAG_RUN_ID='scheduled__2025-12-31T00:00:00+00:00'
[2026-01-01T02:15:55.052+0000] {taskinstance.py:430} INFO - ::endgroup::
[2026-01-01T02:15:55.068+0000] {logging_mixin.py:188} INFO - Bắt đầu xử lý batch 5 mã: ['KSD', 'KSB', 'KPF', 'KOS', 'KMT']
[2026-01-01T02:15:55.069+0000] {logging_mixin.py:188} INFO -  >> Đang lấy dữ liệu: KSD
[2026-01-01T02:15:55.223+0000] {logging_mixin.py:188} INFO -  Lỗi xử lý mã KSD: Failed to fetch data: 429 - Too Many Requests
[2026-01-01T02:15:55.224+0000] {logging_mixin.py:188} INFO -  >> Đang lấy dữ liệu: KSB
[2026-01-01T02:15:55.372+0000] {logging_mixin.py:188} INFO -  Lỗi xử lý mã KSB: Failed to fetch data: 429 - Too Many Requests
[2026-01-01T02:15:55.373+0000] {logging_mixin.py:188} INFO -  >> Đang lấy dữ liệu: KPF
[2026-01-01T02:15:55.526+0000] {logging_mixin.py:188} INFO -  Lỗi xử lý mã KPF: Failed to fetch data: 429 - Too Many Requests
[2026-01-01T02:15:55.527+0000] {logging_mixin.py:188} INFO -  >> Đang lấy dữ liệu: KOS
[2026-01-01T02:15:55.671+0000] {logging_mixin.py:188} INFO -  Lỗi xử lý mã KOS: Failed to fetch data: 429 - Too Many Requests
[2026-01-01T02:15:55.672+0000] {logging_mixin.py:188} INFO -  >> Đang lấy dữ liệu: KMT
[2026-01-01T02:15:55.843+0000] {logging_mixin.py:188} INFO -  Lỗi xử lý mã KMT: Failed to fetch data: 429 - Too Many Requests
[2026-01-01T02:15:55.846+0000] {logging_mixin.py:188} INFO -  ⚠ Batch này không thu được dữ liệu nào.
[2026-01-01T02:15:55.852+0000] {datalake_df2csv.py:40} INFO - DataFrame rỗng, bỏ qua upload CSV.
[2026-01-01T02:15:55.853+0000] {taskinstance.py:441} INFO - ::group::Post task execution logs
[2026-01-01T02:15:55.872+0000] {taskinstance.py:1206} INFO - Marking task as SUCCESS. dag_id=thongtin_cty_bctc, task_id=ingest_bctc, run_id=scheduled__2025-12-31T00:00:00+00:00, map_index=194, execution_date=20251231T000000, start_date=20260101T021553, end_date=20260101T021555
[2026-01-01T02:15:56.061+0000] {local_task_job_runner.py:243} INFO - Task exited with return code 0
[2026-01-01T02:15:56.086+0000] {local_task_job_runner.py:222} INFO - ::endgroup::
