[2026-01-11T03:24:24.802+0000] {local_task_job_runner.py:120} INFO - ::group::Pre task execution logs
[2026-01-11T03:24:24.839+0000] {taskinstance.py:2076} INFO - Dependencies all met for dep_context=non-requeueable deps ti=<TaskInstance: bctc.ingest_bctc manual__2026-01-11T03:22:36.146797+00:00 map_index=17 [queued]>
[2026-01-11T03:24:24.858+0000] {taskinstance.py:2076} INFO - Dependencies all met for dep_context=requeueable deps ti=<TaskInstance: bctc.ingest_bctc manual__2026-01-11T03:22:36.146797+00:00 map_index=17 [queued]>
[2026-01-11T03:24:24.859+0000] {taskinstance.py:2306} INFO - Starting attempt 1 of 2
[2026-01-11T03:24:24.883+0000] {taskinstance.py:2330} INFO - Executing <Mapped(DfToCsvOperator): ingest_bctc> on 2026-01-11 03:22:36.146797+00:00
[2026-01-11T03:24:24.894+0000] {warnings.py:112} WARNING - This process (pid=3571) is multi-threaded, use of fork() may lead to deadlocks in the child.

[2026-01-11T03:24:24.896+0000] {standard_task_runner.py:64} INFO - Started process 3654 to run task
[2026-01-11T03:24:24.899+0000] {standard_task_runner.py:90} INFO - Running: ['***', 'tasks', 'run', 'bctc', 'ingest_bctc', 'manual__2026-01-11T03:22:36.146797+00:00', '--job-id', '9926', '--raw', '--subdir', 'DAGS_FOLDER/tt_cty_bctc.py', '--cfg-path', '/tmp/tmpal3avw7r', '--map-index', '17']
[2026-01-11T03:24:24.901+0000] {standard_task_runner.py:91} INFO - Job 9926: Subtask ingest_bctc
[2026-01-11T03:24:24.966+0000] {task_command.py:426} INFO - Running <TaskInstance: bctc.ingest_bctc manual__2026-01-11T03:22:36.146797+00:00 map_index=17 [running]> on host 3f2af93df813
[2026-01-11T03:24:25.120+0000] {taskinstance.py:2648} INFO - Exporting env vars: AIRFLOW_CTX_DAG_OWNER='***' AIRFLOW_CTX_DAG_ID='bctc' AIRFLOW_CTX_TASK_ID='ingest_bctc' AIRFLOW_CTX_EXECUTION_DATE='2026-01-11T03:22:36.146797+00:00' AIRFLOW_CTX_TRY_NUMBER='1' AIRFLOW_CTX_DAG_RUN_ID='manual__2026-01-11T03:22:36.146797+00:00'
[2026-01-11T03:24:25.122+0000] {taskinstance.py:430} INFO - ::endgroup::
[2026-01-11T03:24:25.172+0000] {logging_mixin.py:188} INFO - Bắt đầu xử lý batch 20 mã: ['TEC', 'TDW', 'TDT', 'TDS', 'TDP', 'TDN', 'TDM', 'TDI', 'TDH', 'TDG', 'TDF', 'TDC', 'TDB', 'TD6', 'TCX', 'TCW', 'TCT', 'TCR', 'TCO', 'TCM']
[2026-01-11T03:24:25.173+0000] {logging_mixin.py:188} INFO -  >> Đang lấy dữ liệu: TEC
[2026-01-11T03:24:25.335+0000] {logging_mixin.py:188} INFO -  Lỗi xử lý mã TEC: Failed to fetch data: 429 - Too Many Requests
[2026-01-11T03:24:25.337+0000] {logging_mixin.py:188} INFO -  >> Đang lấy dữ liệu: TDW
[2026-01-11T03:24:25.440+0000] {logging_mixin.py:188} INFO -  Lỗi xử lý mã TDW: Failed to fetch data: 429 - Too Many Requests
[2026-01-11T03:24:25.442+0000] {logging_mixin.py:188} INFO -  >> Đang lấy dữ liệu: TDT
[2026-01-11T03:24:26.113+0000] {logging_mixin.py:188} INFO -  Lỗi xử lý mã TDT: Failed to fetch data: 429 - Too Many Requests
[2026-01-11T03:24:26.115+0000] {logging_mixin.py:188} INFO -  >> Đang lấy dữ liệu: TDS
[2026-01-11T03:24:26.254+0000] {logging_mixin.py:188} INFO -  Lỗi xử lý mã TDS: Failed to fetch data: 429 - Too Many Requests
[2026-01-11T03:24:26.256+0000] {logging_mixin.py:188} INFO -  >> Đang lấy dữ liệu: TDP
[2026-01-11T03:24:26.414+0000] {logging_mixin.py:188} INFO -  Lỗi xử lý mã TDP: Failed to fetch data: 429 - Too Many Requests
[2026-01-11T03:24:26.415+0000] {logging_mixin.py:188} INFO -  >> Đang lấy dữ liệu: TDN
[2026-01-11T03:24:26.705+0000] {logging_mixin.py:188} INFO -  Lỗi xử lý mã TDN: Failed to fetch data: 429 - Too Many Requests
[2026-01-11T03:24:26.707+0000] {logging_mixin.py:188} INFO -  >> Đang lấy dữ liệu: TDM
[2026-01-11T03:24:27.020+0000] {logging_mixin.py:188} INFO -  Lỗi xử lý mã TDM: Failed to fetch data: 429 - Too Many Requests
[2026-01-11T03:24:27.021+0000] {logging_mixin.py:188} INFO -  >> Đang lấy dữ liệu: TDI
[2026-01-11T03:24:27.302+0000] {logging_mixin.py:188} INFO -  Lỗi xử lý mã TDI: Failed to fetch data: 429 - Too Many Requests
[2026-01-11T03:24:27.304+0000] {logging_mixin.py:188} INFO -  >> Đang lấy dữ liệu: TDH
[2026-01-11T03:24:27.889+0000] {logging_mixin.py:188} INFO -  Lỗi xử lý mã TDH: Failed to fetch data: 429 - Too Many Requests
[2026-01-11T03:24:27.891+0000] {logging_mixin.py:188} INFO -  >> Đang lấy dữ liệu: TDG
[2026-01-11T03:24:28.102+0000] {logging_mixin.py:188} INFO -  Lỗi xử lý mã TDG: Failed to fetch data: 429 - Too Many Requests
[2026-01-11T03:24:28.104+0000] {logging_mixin.py:188} INFO -  >> Đang lấy dữ liệu: TDF
[2026-01-11T03:24:28.593+0000] {logging_mixin.py:188} INFO -  Lỗi xử lý mã TDF: Failed to fetch data: 429 - Too Many Requests
[2026-01-11T03:24:28.594+0000] {logging_mixin.py:188} INFO -  >> Đang lấy dữ liệu: TDC
[2026-01-11T03:24:29.798+0000] {logging_mixin.py:188} INFO -  Lỗi xử lý mã TDC: Failed to fetch data: 429 - Too Many Requests
[2026-01-11T03:24:29.800+0000] {logging_mixin.py:188} INFO -  >> Đang lấy dữ liệu: TDB
[2026-01-11T03:24:29.915+0000] {logging_mixin.py:188} INFO -  Lỗi xử lý mã TDB: Failed to fetch data: 429 - Too Many Requests
[2026-01-11T03:24:29.916+0000] {logging_mixin.py:188} INFO -  >> Đang lấy dữ liệu: TD6
[2026-01-11T03:24:30.098+0000] {logging_mixin.py:188} INFO -  Lỗi xử lý mã TD6: Failed to fetch data: 429 - Too Many Requests
[2026-01-11T03:24:30.103+0000] {logging_mixin.py:188} INFO -  >> Đang lấy dữ liệu: TCX
[2026-01-11T03:24:31.029+0000] {logging_mixin.py:188} INFO -  Lỗi xử lý mã TCX: Failed to fetch data: 429 - Too Many Requests
[2026-01-11T03:24:31.030+0000] {logging_mixin.py:188} INFO -  >> Đang lấy dữ liệu: TCW
[2026-01-11T03:24:31.173+0000] {logging_mixin.py:188} INFO -  Lỗi xử lý mã TCW: Failed to fetch data: 429 - Too Many Requests
[2026-01-11T03:24:31.174+0000] {logging_mixin.py:188} INFO -  >> Đang lấy dữ liệu: TCT
[2026-01-11T03:24:31.806+0000] {logging_mixin.py:188} INFO -  Lỗi xử lý mã TCT: Failed to fetch data: 429 - Too Many Requests
[2026-01-11T03:24:31.807+0000] {logging_mixin.py:188} INFO -  >> Đang lấy dữ liệu: TCR
[2026-01-11T03:24:31.910+0000] {logging_mixin.py:188} INFO -  Lỗi xử lý mã TCR: Failed to fetch data: 429 - Too Many Requests
[2026-01-11T03:24:31.911+0000] {logging_mixin.py:188} INFO -  >> Đang lấy dữ liệu: TCO
[2026-01-11T03:24:32.224+0000] {logging_mixin.py:188} INFO -  Lỗi xử lý mã TCO: Failed to fetch data: 429 - Too Many Requests
[2026-01-11T03:24:32.226+0000] {logging_mixin.py:188} INFO -  >> Đang lấy dữ liệu: TCM
[2026-01-11T03:24:32.371+0000] {logging_mixin.py:188} INFO -  Lỗi xử lý mã TCM: Failed to fetch data: 429 - Too Many Requests
[2026-01-11T03:24:32.372+0000] {logging_mixin.py:188} INFO -  ⚠ Batch này không thu được dữ liệu nào.
[2026-01-11T03:24:32.379+0000] {datalake_df2csv.py:40} INFO - DataFrame rỗng, bỏ qua upload CSV.
[2026-01-11T03:24:32.380+0000] {taskinstance.py:441} INFO - ::group::Post task execution logs
[2026-01-11T03:24:32.400+0000] {taskinstance.py:1206} INFO - Marking task as SUCCESS. dag_id=bctc, task_id=ingest_bctc, run_id=manual__2026-01-11T03:22:36.146797+00:00, map_index=17, execution_date=20260111T032236, start_date=20260111T032424, end_date=20260111T032432
[2026-01-11T03:24:32.709+0000] {local_task_job_runner.py:243} INFO - Task exited with return code 0
[2026-01-11T03:24:32.740+0000] {taskinstance.py:3503} INFO - 0 downstream tasks scheduled from follow-on schedule check
[2026-01-11T03:24:32.743+0000] {local_task_job_runner.py:222} INFO - ::endgroup::
