[2026-01-12T16:00:30.247+0000] {local_task_job_runner.py:120} INFO - ::group::Pre task execution logs
[2026-01-12T16:00:30.306+0000] {taskinstance.py:2076} INFO - Dependencies all met for dep_context=non-requeueable deps ti=<TaskInstance: daily_price_minio.ingest_daily_price scheduled__2026-01-09T16:00:00+00:00 map_index=26 [queued]>
[2026-01-12T16:00:30.330+0000] {taskinstance.py:2076} INFO - Dependencies all met for dep_context=requeueable deps ti=<TaskInstance: daily_price_minio.ingest_daily_price scheduled__2026-01-09T16:00:00+00:00 map_index=26 [queued]>
[2026-01-12T16:00:30.331+0000] {taskinstance.py:2306} INFO - Starting attempt 1 of 2
[2026-01-12T16:00:30.355+0000] {taskinstance.py:2330} INFO - Executing <Mapped(DfToCsvOperator): ingest_daily_price> on 2026-01-09 16:00:00+00:00
[2026-01-12T16:00:30.373+0000] {warnings.py:112} WARNING - This process (pid=12282) is multi-threaded, use of fork() may lead to deadlocks in the child.

[2026-01-12T16:00:30.377+0000] {standard_task_runner.py:64} INFO - Started process 12402 to run task
[2026-01-12T16:00:30.382+0000] {standard_task_runner.py:90} INFO - Running: ['***', 'tasks', 'run', 'daily_price_minio', 'ingest_daily_price', 'scheduled__2026-01-09T16:00:00+00:00', '--job-id', '14603', '--raw', '--subdir', 'DAGS_FOLDER/daily_price_minio.py', '--cfg-path', '/tmp/tmplqsdsjsy', '--map-index', '26']
[2026-01-12T16:00:30.395+0000] {standard_task_runner.py:91} INFO - Job 14603: Subtask ingest_daily_price
[2026-01-12T16:00:30.486+0000] {task_command.py:426} INFO - Running <TaskInstance: daily_price_minio.ingest_daily_price scheduled__2026-01-09T16:00:00+00:00 map_index=26 [running]> on host 5a20a797a43c
[2026-01-12T16:00:30.637+0000] {taskinstance.py:2648} INFO - Exporting env vars: AIRFLOW_CTX_DAG_OWNER='***' AIRFLOW_CTX_DAG_ID='daily_price_minio' AIRFLOW_CTX_TASK_ID='ingest_daily_price' AIRFLOW_CTX_EXECUTION_DATE='2026-01-09T16:00:00+00:00' AIRFLOW_CTX_TRY_NUMBER='1' AIRFLOW_CTX_DAG_RUN_ID='scheduled__2026-01-09T16:00:00+00:00'
[2026-01-12T16:00:30.639+0000] {taskinstance.py:430} INFO - ::endgroup::
[2026-01-12T16:00:35.925+0000] {logging_mixin.py:188} INFO - VHI: RetryError[<Future at 0x7f68d6041520 state=finished raised ValueError>]
[2026-01-12T16:00:38.799+0000] {base.py:84} INFO - Using connection ID 'minio_finance' for task execution.
[2026-01-12T16:00:38.806+0000] {connection_wrapper.py:384} INFO - AWS Connection (conn_id='minio_finance', conn_type='aws') credentials retrieved from login and password.
[2026-01-12T16:00:39.942+0000] {datalake_df2csv.py:52} INFO - ✅ Đã upload 8 dòng -> s3://thongtin-congty-va-bctc/daily_price/2026-01-09/batch_26.csv
[2026-01-12T16:00:39.944+0000] {taskinstance.py:441} INFO - ::group::Post task execution logs
[2026-01-12T16:00:39.965+0000] {taskinstance.py:1206} INFO - Marking task as SUCCESS. dag_id=daily_price_minio, task_id=ingest_daily_price, run_id=scheduled__2026-01-09T16:00:00+00:00, map_index=26, execution_date=20260109T160000, start_date=20260112T160030, end_date=20260112T160039
[2026-01-12T16:00:40.063+0000] {local_task_job_runner.py:243} INFO - Task exited with return code 0
[2026-01-12T16:00:40.127+0000] {taskinstance.py:3503} INFO - 0 downstream tasks scheduled from follow-on schedule check
[2026-01-12T16:00:40.137+0000] {local_task_job_runner.py:222} INFO - ::endgroup::
