[2025-12-20T02:03:42.516+0000] {processor.py:161} INFO - Started process (PID=102) to work on /home/airflow/.local/lib/python3.12/site-packages/airflow/example_dags/example_xcom.py
[2025-12-20T02:03:42.517+0000] {processor.py:830} INFO - Processing file /home/airflow/.local/lib/python3.12/site-packages/airflow/example_dags/example_xcom.py for tasks to queue
[2025-12-20T02:03:42.518+0000] {logging_mixin.py:188} INFO - [2025-12-20T02:03:42.518+0000] {dagbag.py:545} INFO - Filling up the DagBag from /home/airflow/.local/lib/python3.12/site-packages/airflow/example_dags/example_xcom.py
[2025-12-20T02:03:42.525+0000] {processor.py:840} INFO - DAG(s) 'example_xcom' retrieved from /home/airflow/.local/lib/python3.12/site-packages/airflow/example_dags/example_xcom.py
[2025-12-20T02:03:42.545+0000] {logging_mixin.py:188} INFO - [2025-12-20T02:03:42.545+0000] {dag.py:3089} INFO - Sync 1 DAGs
[2025-12-20T02:03:42.571+0000] {logging_mixin.py:188} INFO - [2025-12-20T02:03:42.571+0000] {dag.py:3947} INFO - Setting next_dagrun for example_xcom to 2021-01-01 00:00:00+00:00, run_after=2021-01-01 00:00:00+00:00
[2025-12-20T02:03:42.597+0000] {processor.py:183} INFO - Processing /home/airflow/.local/lib/python3.12/site-packages/airflow/example_dags/example_xcom.py took 0.087 seconds
[2025-12-20T02:04:13.580+0000] {processor.py:161} INFO - Started process (PID=160) to work on /home/airflow/.local/lib/python3.12/site-packages/airflow/example_dags/example_xcom.py
[2025-12-20T02:04:13.581+0000] {processor.py:830} INFO - Processing file /home/airflow/.local/lib/python3.12/site-packages/airflow/example_dags/example_xcom.py for tasks to queue
[2025-12-20T02:04:13.583+0000] {logging_mixin.py:188} INFO - [2025-12-20T02:04:13.583+0000] {dagbag.py:545} INFO - Filling up the DagBag from /home/airflow/.local/lib/python3.12/site-packages/airflow/example_dags/example_xcom.py
[2025-12-20T02:04:13.590+0000] {processor.py:840} INFO - DAG(s) 'example_xcom' retrieved from /home/airflow/.local/lib/python3.12/site-packages/airflow/example_dags/example_xcom.py
[2025-12-20T02:04:13.613+0000] {logging_mixin.py:188} INFO - [2025-12-20T02:04:13.613+0000] {dag.py:3089} INFO - Sync 1 DAGs
[2025-12-20T02:04:13.638+0000] {logging_mixin.py:188} INFO - [2025-12-20T02:04:13.638+0000] {dag.py:3947} INFO - Setting next_dagrun for example_xcom to 2021-01-01 00:00:00+00:00, run_after=2021-01-01 00:00:00+00:00
[2025-12-20T02:04:13.659+0000] {processor.py:183} INFO - Processing /home/airflow/.local/lib/python3.12/site-packages/airflow/example_dags/example_xcom.py took 0.084 seconds
[2025-12-20T02:04:44.396+0000] {processor.py:161} INFO - Started process (PID=218) to work on /home/airflow/.local/lib/python3.12/site-packages/airflow/example_dags/example_xcom.py
[2025-12-20T02:04:44.398+0000] {processor.py:830} INFO - Processing file /home/airflow/.local/lib/python3.12/site-packages/airflow/example_dags/example_xcom.py for tasks to queue
[2025-12-20T02:04:44.400+0000] {logging_mixin.py:188} INFO - [2025-12-20T02:04:44.399+0000] {dagbag.py:545} INFO - Filling up the DagBag from /home/airflow/.local/lib/python3.12/site-packages/airflow/example_dags/example_xcom.py
[2025-12-20T02:04:44.407+0000] {processor.py:840} INFO - DAG(s) 'example_xcom' retrieved from /home/airflow/.local/lib/python3.12/site-packages/airflow/example_dags/example_xcom.py
[2025-12-20T02:04:44.431+0000] {logging_mixin.py:188} INFO - [2025-12-20T02:04:44.431+0000] {dag.py:3089} INFO - Sync 1 DAGs
[2025-12-20T02:04:44.452+0000] {logging_mixin.py:188} INFO - [2025-12-20T02:04:44.452+0000] {dag.py:3947} INFO - Setting next_dagrun for example_xcom to 2021-01-01 00:00:00+00:00, run_after=2021-01-01 00:00:00+00:00
[2025-12-20T02:04:44.473+0000] {processor.py:183} INFO - Processing /home/airflow/.local/lib/python3.12/site-packages/airflow/example_dags/example_xcom.py took 0.082 seconds
[2025-12-20T02:05:14.618+0000] {processor.py:161} INFO - Started process (PID=277) to work on /home/airflow/.local/lib/python3.12/site-packages/airflow/example_dags/example_xcom.py
[2025-12-20T02:05:14.619+0000] {processor.py:830} INFO - Processing file /home/airflow/.local/lib/python3.12/site-packages/airflow/example_dags/example_xcom.py for tasks to queue
[2025-12-20T02:05:14.620+0000] {logging_mixin.py:188} INFO - [2025-12-20T02:05:14.620+0000] {dagbag.py:545} INFO - Filling up the DagBag from /home/airflow/.local/lib/python3.12/site-packages/airflow/example_dags/example_xcom.py
[2025-12-20T02:05:14.627+0000] {processor.py:840} INFO - DAG(s) 'example_xcom' retrieved from /home/airflow/.local/lib/python3.12/site-packages/airflow/example_dags/example_xcom.py
[2025-12-20T02:05:14.647+0000] {logging_mixin.py:188} INFO - [2025-12-20T02:05:14.646+0000] {dag.py:3089} INFO - Sync 1 DAGs
[2025-12-20T02:05:14.671+0000] {logging_mixin.py:188} INFO - [2025-12-20T02:05:14.670+0000] {dag.py:3947} INFO - Setting next_dagrun for example_xcom to 2021-01-01 00:00:00+00:00, run_after=2021-01-01 00:00:00+00:00
[2025-12-20T02:05:14.691+0000] {processor.py:183} INFO - Processing /home/airflow/.local/lib/python3.12/site-packages/airflow/example_dags/example_xcom.py took 0.079 seconds
[2025-12-20T02:05:45.563+0000] {processor.py:161} INFO - Started process (PID=335) to work on /home/airflow/.local/lib/python3.12/site-packages/airflow/example_dags/example_xcom.py
[2025-12-20T02:05:45.564+0000] {processor.py:830} INFO - Processing file /home/airflow/.local/lib/python3.12/site-packages/airflow/example_dags/example_xcom.py for tasks to queue
[2025-12-20T02:05:45.565+0000] {logging_mixin.py:188} INFO - [2025-12-20T02:05:45.565+0000] {dagbag.py:545} INFO - Filling up the DagBag from /home/airflow/.local/lib/python3.12/site-packages/airflow/example_dags/example_xcom.py
[2025-12-20T02:05:45.571+0000] {processor.py:840} INFO - DAG(s) 'example_xcom' retrieved from /home/airflow/.local/lib/python3.12/site-packages/airflow/example_dags/example_xcom.py
[2025-12-20T02:05:45.588+0000] {logging_mixin.py:188} INFO - [2025-12-20T02:05:45.588+0000] {dag.py:3089} INFO - Sync 1 DAGs
[2025-12-20T02:05:45.606+0000] {logging_mixin.py:188} INFO - [2025-12-20T02:05:45.606+0000] {dag.py:3947} INFO - Setting next_dagrun for example_xcom to 2021-01-01 00:00:00+00:00, run_after=2021-01-01 00:00:00+00:00
[2025-12-20T02:05:45.633+0000] {processor.py:183} INFO - Processing /home/airflow/.local/lib/python3.12/site-packages/airflow/example_dags/example_xcom.py took 0.075 seconds
[2025-12-20T02:06:16.319+0000] {processor.py:161} INFO - Started process (PID=393) to work on /home/airflow/.local/lib/python3.12/site-packages/airflow/example_dags/example_xcom.py
[2025-12-20T02:06:16.320+0000] {processor.py:830} INFO - Processing file /home/airflow/.local/lib/python3.12/site-packages/airflow/example_dags/example_xcom.py for tasks to queue
[2025-12-20T02:06:16.321+0000] {logging_mixin.py:188} INFO - [2025-12-20T02:06:16.321+0000] {dagbag.py:545} INFO - Filling up the DagBag from /home/airflow/.local/lib/python3.12/site-packages/airflow/example_dags/example_xcom.py
[2025-12-20T02:06:16.328+0000] {processor.py:840} INFO - DAG(s) 'example_xcom' retrieved from /home/airflow/.local/lib/python3.12/site-packages/airflow/example_dags/example_xcom.py
[2025-12-20T02:06:16.345+0000] {logging_mixin.py:188} INFO - [2025-12-20T02:06:16.345+0000] {dag.py:3089} INFO - Sync 1 DAGs
[2025-12-20T02:06:16.363+0000] {logging_mixin.py:188} INFO - [2025-12-20T02:06:16.362+0000] {dag.py:3947} INFO - Setting next_dagrun for example_xcom to 2021-01-01 00:00:00+00:00, run_after=2021-01-01 00:00:00+00:00
[2025-12-20T02:06:16.379+0000] {processor.py:183} INFO - Processing /home/airflow/.local/lib/python3.12/site-packages/airflow/example_dags/example_xcom.py took 0.065 seconds
[2025-12-20T02:06:46.980+0000] {processor.py:161} INFO - Started process (PID=451) to work on /home/airflow/.local/lib/python3.12/site-packages/airflow/example_dags/example_xcom.py
[2025-12-20T02:06:46.981+0000] {processor.py:830} INFO - Processing file /home/airflow/.local/lib/python3.12/site-packages/airflow/example_dags/example_xcom.py for tasks to queue
[2025-12-20T02:06:46.982+0000] {logging_mixin.py:188} INFO - [2025-12-20T02:06:46.982+0000] {dagbag.py:545} INFO - Filling up the DagBag from /home/airflow/.local/lib/python3.12/site-packages/airflow/example_dags/example_xcom.py
[2025-12-20T02:06:46.989+0000] {processor.py:840} INFO - DAG(s) 'example_xcom' retrieved from /home/airflow/.local/lib/python3.12/site-packages/airflow/example_dags/example_xcom.py
[2025-12-20T02:06:47.006+0000] {logging_mixin.py:188} INFO - [2025-12-20T02:06:47.006+0000] {dag.py:3089} INFO - Sync 1 DAGs
[2025-12-20T02:06:47.026+0000] {logging_mixin.py:188} INFO - [2025-12-20T02:06:47.025+0000] {dag.py:3947} INFO - Setting next_dagrun for example_xcom to 2021-01-01 00:00:00+00:00, run_after=2021-01-01 00:00:00+00:00
[2025-12-20T02:06:47.044+0000] {processor.py:183} INFO - Processing /home/airflow/.local/lib/python3.12/site-packages/airflow/example_dags/example_xcom.py took 0.070 seconds
[2025-12-20T02:07:17.719+0000] {processor.py:161} INFO - Started process (PID=509) to work on /home/airflow/.local/lib/python3.12/site-packages/airflow/example_dags/example_xcom.py
[2025-12-20T02:07:17.720+0000] {processor.py:830} INFO - Processing file /home/airflow/.local/lib/python3.12/site-packages/airflow/example_dags/example_xcom.py for tasks to queue
[2025-12-20T02:07:17.722+0000] {logging_mixin.py:188} INFO - [2025-12-20T02:07:17.722+0000] {dagbag.py:545} INFO - Filling up the DagBag from /home/airflow/.local/lib/python3.12/site-packages/airflow/example_dags/example_xcom.py
[2025-12-20T02:07:17.729+0000] {processor.py:840} INFO - DAG(s) 'example_xcom' retrieved from /home/airflow/.local/lib/python3.12/site-packages/airflow/example_dags/example_xcom.py
[2025-12-20T02:07:17.748+0000] {logging_mixin.py:188} INFO - [2025-12-20T02:07:17.748+0000] {dag.py:3089} INFO - Sync 1 DAGs
[2025-12-20T02:07:17.768+0000] {logging_mixin.py:188} INFO - [2025-12-20T02:07:17.768+0000] {dag.py:3947} INFO - Setting next_dagrun for example_xcom to 2021-01-01 00:00:00+00:00, run_after=2021-01-01 00:00:00+00:00
[2025-12-20T02:07:17.785+0000] {processor.py:183} INFO - Processing /home/airflow/.local/lib/python3.12/site-packages/airflow/example_dags/example_xcom.py took 0.071 seconds
[2025-12-20T02:07:48.255+0000] {processor.py:161} INFO - Started process (PID=567) to work on /home/airflow/.local/lib/python3.12/site-packages/airflow/example_dags/example_xcom.py
[2025-12-20T02:07:48.256+0000] {processor.py:830} INFO - Processing file /home/airflow/.local/lib/python3.12/site-packages/airflow/example_dags/example_xcom.py for tasks to queue
[2025-12-20T02:07:48.258+0000] {logging_mixin.py:188} INFO - [2025-12-20T02:07:48.258+0000] {dagbag.py:545} INFO - Filling up the DagBag from /home/airflow/.local/lib/python3.12/site-packages/airflow/example_dags/example_xcom.py
[2025-12-20T02:07:48.264+0000] {processor.py:840} INFO - DAG(s) 'example_xcom' retrieved from /home/airflow/.local/lib/python3.12/site-packages/airflow/example_dags/example_xcom.py
[2025-12-20T02:07:48.282+0000] {logging_mixin.py:188} INFO - [2025-12-20T02:07:48.282+0000] {dag.py:3089} INFO - Sync 1 DAGs
[2025-12-20T02:07:48.300+0000] {logging_mixin.py:188} INFO - [2025-12-20T02:07:48.300+0000] {dag.py:3947} INFO - Setting next_dagrun for example_xcom to 2021-01-01 00:00:00+00:00, run_after=2021-01-01 00:00:00+00:00
[2025-12-20T02:07:48.318+0000] {processor.py:183} INFO - Processing /home/airflow/.local/lib/python3.12/site-packages/airflow/example_dags/example_xcom.py took 0.067 seconds
[2025-12-20T02:08:18.511+0000] {processor.py:161} INFO - Started process (PID=625) to work on /home/airflow/.local/lib/python3.12/site-packages/airflow/example_dags/example_xcom.py
[2025-12-20T02:08:18.512+0000] {processor.py:830} INFO - Processing file /home/airflow/.local/lib/python3.12/site-packages/airflow/example_dags/example_xcom.py for tasks to queue
[2025-12-20T02:08:18.514+0000] {logging_mixin.py:188} INFO - [2025-12-20T02:08:18.514+0000] {dagbag.py:545} INFO - Filling up the DagBag from /home/airflow/.local/lib/python3.12/site-packages/airflow/example_dags/example_xcom.py
[2025-12-20T02:08:18.522+0000] {processor.py:840} INFO - DAG(s) 'example_xcom' retrieved from /home/airflow/.local/lib/python3.12/site-packages/airflow/example_dags/example_xcom.py
[2025-12-20T02:08:18.540+0000] {logging_mixin.py:188} INFO - [2025-12-20T02:08:18.540+0000] {dag.py:3089} INFO - Sync 1 DAGs
[2025-12-20T02:08:18.560+0000] {logging_mixin.py:188} INFO - [2025-12-20T02:08:18.559+0000] {dag.py:3947} INFO - Setting next_dagrun for example_xcom to 2021-01-01 00:00:00+00:00, run_after=2021-01-01 00:00:00+00:00
[2025-12-20T02:08:18.580+0000] {processor.py:183} INFO - Processing /home/airflow/.local/lib/python3.12/site-packages/airflow/example_dags/example_xcom.py took 0.074 seconds
[2025-12-20T02:08:48.646+0000] {processor.py:161} INFO - Started process (PID=683) to work on /home/airflow/.local/lib/python3.12/site-packages/airflow/example_dags/example_xcom.py
[2025-12-20T02:08:48.647+0000] {processor.py:830} INFO - Processing file /home/airflow/.local/lib/python3.12/site-packages/airflow/example_dags/example_xcom.py for tasks to queue
[2025-12-20T02:08:48.649+0000] {logging_mixin.py:188} INFO - [2025-12-20T02:08:48.648+0000] {dagbag.py:545} INFO - Filling up the DagBag from /home/airflow/.local/lib/python3.12/site-packages/airflow/example_dags/example_xcom.py
[2025-12-20T02:08:48.656+0000] {processor.py:840} INFO - DAG(s) 'example_xcom' retrieved from /home/airflow/.local/lib/python3.12/site-packages/airflow/example_dags/example_xcom.py
[2025-12-20T02:08:48.675+0000] {logging_mixin.py:188} INFO - [2025-12-20T02:08:48.675+0000] {dag.py:3089} INFO - Sync 1 DAGs
[2025-12-20T02:08:48.695+0000] {logging_mixin.py:188} INFO - [2025-12-20T02:08:48.694+0000] {dag.py:3947} INFO - Setting next_dagrun for example_xcom to 2021-01-01 00:00:00+00:00, run_after=2021-01-01 00:00:00+00:00
[2025-12-20T02:08:48.715+0000] {processor.py:183} INFO - Processing /home/airflow/.local/lib/python3.12/site-packages/airflow/example_dags/example_xcom.py took 0.074 seconds
[2025-12-20T02:09:19.079+0000] {processor.py:161} INFO - Started process (PID=741) to work on /home/airflow/.local/lib/python3.12/site-packages/airflow/example_dags/example_xcom.py
[2025-12-20T02:09:19.080+0000] {processor.py:830} INFO - Processing file /home/airflow/.local/lib/python3.12/site-packages/airflow/example_dags/example_xcom.py for tasks to queue
[2025-12-20T02:09:19.082+0000] {logging_mixin.py:188} INFO - [2025-12-20T02:09:19.082+0000] {dagbag.py:545} INFO - Filling up the DagBag from /home/airflow/.local/lib/python3.12/site-packages/airflow/example_dags/example_xcom.py
[2025-12-20T02:09:19.090+0000] {processor.py:840} INFO - DAG(s) 'example_xcom' retrieved from /home/airflow/.local/lib/python3.12/site-packages/airflow/example_dags/example_xcom.py
[2025-12-20T02:09:19.111+0000] {logging_mixin.py:188} INFO - [2025-12-20T02:09:19.110+0000] {dag.py:3089} INFO - Sync 1 DAGs
[2025-12-20T02:09:19.134+0000] {logging_mixin.py:188} INFO - [2025-12-20T02:09:19.134+0000] {dag.py:3947} INFO - Setting next_dagrun for example_xcom to 2021-01-01 00:00:00+00:00, run_after=2021-01-01 00:00:00+00:00
[2025-12-20T02:09:19.161+0000] {processor.py:183} INFO - Processing /home/airflow/.local/lib/python3.12/site-packages/airflow/example_dags/example_xcom.py took 0.088 seconds
[2025-12-20T02:09:49.361+0000] {processor.py:161} INFO - Started process (PID=799) to work on /home/airflow/.local/lib/python3.12/site-packages/airflow/example_dags/example_xcom.py
[2025-12-20T02:09:49.361+0000] {processor.py:830} INFO - Processing file /home/airflow/.local/lib/python3.12/site-packages/airflow/example_dags/example_xcom.py for tasks to queue
[2025-12-20T02:09:49.363+0000] {logging_mixin.py:188} INFO - [2025-12-20T02:09:49.363+0000] {dagbag.py:545} INFO - Filling up the DagBag from /home/airflow/.local/lib/python3.12/site-packages/airflow/example_dags/example_xcom.py
[2025-12-20T02:09:49.370+0000] {processor.py:840} INFO - DAG(s) 'example_xcom' retrieved from /home/airflow/.local/lib/python3.12/site-packages/airflow/example_dags/example_xcom.py
[2025-12-20T02:09:49.388+0000] {logging_mixin.py:188} INFO - [2025-12-20T02:09:49.388+0000] {dag.py:3089} INFO - Sync 1 DAGs
[2025-12-20T02:09:49.407+0000] {logging_mixin.py:188} INFO - [2025-12-20T02:09:49.406+0000] {dag.py:3947} INFO - Setting next_dagrun for example_xcom to 2021-01-01 00:00:00+00:00, run_after=2021-01-01 00:00:00+00:00
[2025-12-20T02:09:49.423+0000] {processor.py:183} INFO - Processing /home/airflow/.local/lib/python3.12/site-packages/airflow/example_dags/example_xcom.py took 0.068 seconds
[2025-12-20T02:10:20.208+0000] {processor.py:161} INFO - Started process (PID=857) to work on /home/airflow/.local/lib/python3.12/site-packages/airflow/example_dags/example_xcom.py
[2025-12-20T02:10:20.209+0000] {processor.py:830} INFO - Processing file /home/airflow/.local/lib/python3.12/site-packages/airflow/example_dags/example_xcom.py for tasks to queue
[2025-12-20T02:10:20.211+0000] {logging_mixin.py:188} INFO - [2025-12-20T02:10:20.211+0000] {dagbag.py:545} INFO - Filling up the DagBag from /home/airflow/.local/lib/python3.12/site-packages/airflow/example_dags/example_xcom.py
[2025-12-20T02:10:20.218+0000] {processor.py:840} INFO - DAG(s) 'example_xcom' retrieved from /home/airflow/.local/lib/python3.12/site-packages/airflow/example_dags/example_xcom.py
[2025-12-20T02:10:20.240+0000] {logging_mixin.py:188} INFO - [2025-12-20T02:10:20.239+0000] {dag.py:3089} INFO - Sync 1 DAGs
[2025-12-20T02:10:20.263+0000] {logging_mixin.py:188} INFO - [2025-12-20T02:10:20.263+0000] {dag.py:3947} INFO - Setting next_dagrun for example_xcom to 2021-01-01 00:00:00+00:00, run_after=2021-01-01 00:00:00+00:00
[2025-12-20T02:10:20.284+0000] {processor.py:183} INFO - Processing /home/airflow/.local/lib/python3.12/site-packages/airflow/example_dags/example_xcom.py took 0.082 seconds
[2025-12-20T02:10:50.995+0000] {processor.py:161} INFO - Started process (PID=915) to work on /home/airflow/.local/lib/python3.12/site-packages/airflow/example_dags/example_xcom.py
[2025-12-20T02:10:50.996+0000] {processor.py:830} INFO - Processing file /home/airflow/.local/lib/python3.12/site-packages/airflow/example_dags/example_xcom.py for tasks to queue
[2025-12-20T02:10:50.998+0000] {logging_mixin.py:188} INFO - [2025-12-20T02:10:50.998+0000] {dagbag.py:545} INFO - Filling up the DagBag from /home/airflow/.local/lib/python3.12/site-packages/airflow/example_dags/example_xcom.py
[2025-12-20T02:10:51.004+0000] {processor.py:840} INFO - DAG(s) 'example_xcom' retrieved from /home/airflow/.local/lib/python3.12/site-packages/airflow/example_dags/example_xcom.py
[2025-12-20T02:10:51.023+0000] {logging_mixin.py:188} INFO - [2025-12-20T02:10:51.023+0000] {dag.py:3089} INFO - Sync 1 DAGs
[2025-12-20T02:10:51.044+0000] {logging_mixin.py:188} INFO - [2025-12-20T02:10:51.044+0000] {dag.py:3947} INFO - Setting next_dagrun for example_xcom to 2021-01-01 00:00:00+00:00, run_after=2021-01-01 00:00:00+00:00
[2025-12-20T02:10:51.067+0000] {processor.py:183} INFO - Processing /home/airflow/.local/lib/python3.12/site-packages/airflow/example_dags/example_xcom.py took 0.077 seconds
[2025-12-20T02:11:21.849+0000] {processor.py:161} INFO - Started process (PID=973) to work on /home/airflow/.local/lib/python3.12/site-packages/airflow/example_dags/example_xcom.py
[2025-12-20T02:11:21.850+0000] {processor.py:830} INFO - Processing file /home/airflow/.local/lib/python3.12/site-packages/airflow/example_dags/example_xcom.py for tasks to queue
[2025-12-20T02:11:21.852+0000] {logging_mixin.py:188} INFO - [2025-12-20T02:11:21.852+0000] {dagbag.py:545} INFO - Filling up the DagBag from /home/airflow/.local/lib/python3.12/site-packages/airflow/example_dags/example_xcom.py
[2025-12-20T02:11:21.859+0000] {processor.py:840} INFO - DAG(s) 'example_xcom' retrieved from /home/airflow/.local/lib/python3.12/site-packages/airflow/example_dags/example_xcom.py
[2025-12-20T02:11:21.878+0000] {logging_mixin.py:188} INFO - [2025-12-20T02:11:21.878+0000] {dag.py:3089} INFO - Sync 1 DAGs
[2025-12-20T02:11:21.898+0000] {logging_mixin.py:188} INFO - [2025-12-20T02:11:21.897+0000] {dag.py:3947} INFO - Setting next_dagrun for example_xcom to 2021-01-01 00:00:00+00:00, run_after=2021-01-01 00:00:00+00:00
[2025-12-20T02:11:21.916+0000] {processor.py:183} INFO - Processing /home/airflow/.local/lib/python3.12/site-packages/airflow/example_dags/example_xcom.py took 0.073 seconds
[2025-12-20T02:11:52.487+0000] {processor.py:161} INFO - Started process (PID=1031) to work on /home/airflow/.local/lib/python3.12/site-packages/airflow/example_dags/example_xcom.py
[2025-12-20T02:11:52.488+0000] {processor.py:830} INFO - Processing file /home/airflow/.local/lib/python3.12/site-packages/airflow/example_dags/example_xcom.py for tasks to queue
[2025-12-20T02:11:52.489+0000] {logging_mixin.py:188} INFO - [2025-12-20T02:11:52.489+0000] {dagbag.py:545} INFO - Filling up the DagBag from /home/airflow/.local/lib/python3.12/site-packages/airflow/example_dags/example_xcom.py
[2025-12-20T02:11:52.496+0000] {processor.py:840} INFO - DAG(s) 'example_xcom' retrieved from /home/airflow/.local/lib/python3.12/site-packages/airflow/example_dags/example_xcom.py
[2025-12-20T02:11:52.513+0000] {logging_mixin.py:188} INFO - [2025-12-20T02:11:52.513+0000] {dag.py:3089} INFO - Sync 1 DAGs
[2025-12-20T02:11:52.533+0000] {logging_mixin.py:188} INFO - [2025-12-20T02:11:52.533+0000] {dag.py:3947} INFO - Setting next_dagrun for example_xcom to 2021-01-01 00:00:00+00:00, run_after=2021-01-01 00:00:00+00:00
[2025-12-20T02:11:52.550+0000] {processor.py:183} INFO - Processing /home/airflow/.local/lib/python3.12/site-packages/airflow/example_dags/example_xcom.py took 0.068 seconds
[2025-12-20T02:12:23.259+0000] {processor.py:161} INFO - Started process (PID=1089) to work on /home/airflow/.local/lib/python3.12/site-packages/airflow/example_dags/example_xcom.py
[2025-12-20T02:12:23.260+0000] {processor.py:830} INFO - Processing file /home/airflow/.local/lib/python3.12/site-packages/airflow/example_dags/example_xcom.py for tasks to queue
[2025-12-20T02:12:23.261+0000] {logging_mixin.py:188} INFO - [2025-12-20T02:12:23.261+0000] {dagbag.py:545} INFO - Filling up the DagBag from /home/airflow/.local/lib/python3.12/site-packages/airflow/example_dags/example_xcom.py
[2025-12-20T02:12:23.268+0000] {processor.py:840} INFO - DAG(s) 'example_xcom' retrieved from /home/airflow/.local/lib/python3.12/site-packages/airflow/example_dags/example_xcom.py
[2025-12-20T02:12:23.285+0000] {logging_mixin.py:188} INFO - [2025-12-20T02:12:23.285+0000] {dag.py:3089} INFO - Sync 1 DAGs
[2025-12-20T02:12:23.301+0000] {logging_mixin.py:188} INFO - [2025-12-20T02:12:23.301+0000] {dag.py:3947} INFO - Setting next_dagrun for example_xcom to 2021-01-01 00:00:00+00:00, run_after=2021-01-01 00:00:00+00:00
[2025-12-20T02:12:23.318+0000] {processor.py:183} INFO - Processing /home/airflow/.local/lib/python3.12/site-packages/airflow/example_dags/example_xcom.py took 0.064 seconds
[2025-12-20T02:12:53.376+0000] {processor.py:161} INFO - Started process (PID=1147) to work on /home/airflow/.local/lib/python3.12/site-packages/airflow/example_dags/example_xcom.py
[2025-12-20T02:12:53.377+0000] {processor.py:830} INFO - Processing file /home/airflow/.local/lib/python3.12/site-packages/airflow/example_dags/example_xcom.py for tasks to queue
[2025-12-20T02:12:53.379+0000] {logging_mixin.py:188} INFO - [2025-12-20T02:12:53.379+0000] {dagbag.py:545} INFO - Filling up the DagBag from /home/airflow/.local/lib/python3.12/site-packages/airflow/example_dags/example_xcom.py
[2025-12-20T02:12:53.385+0000] {processor.py:840} INFO - DAG(s) 'example_xcom' retrieved from /home/airflow/.local/lib/python3.12/site-packages/airflow/example_dags/example_xcom.py
[2025-12-20T02:12:53.403+0000] {logging_mixin.py:188} INFO - [2025-12-20T02:12:53.403+0000] {dag.py:3089} INFO - Sync 1 DAGs
[2025-12-20T02:12:53.421+0000] {logging_mixin.py:188} INFO - [2025-12-20T02:12:53.421+0000] {dag.py:3947} INFO - Setting next_dagrun for example_xcom to 2021-01-01 00:00:00+00:00, run_after=2021-01-01 00:00:00+00:00
[2025-12-20T02:12:53.439+0000] {processor.py:183} INFO - Processing /home/airflow/.local/lib/python3.12/site-packages/airflow/example_dags/example_xcom.py took 0.068 seconds
[2025-12-20T02:13:24.193+0000] {processor.py:161} INFO - Started process (PID=1205) to work on /home/airflow/.local/lib/python3.12/site-packages/airflow/example_dags/example_xcom.py
[2025-12-20T02:13:24.194+0000] {processor.py:830} INFO - Processing file /home/airflow/.local/lib/python3.12/site-packages/airflow/example_dags/example_xcom.py for tasks to queue
[2025-12-20T02:13:24.196+0000] {logging_mixin.py:188} INFO - [2025-12-20T02:13:24.196+0000] {dagbag.py:545} INFO - Filling up the DagBag from /home/airflow/.local/lib/python3.12/site-packages/airflow/example_dags/example_xcom.py
[2025-12-20T02:13:24.203+0000] {processor.py:840} INFO - DAG(s) 'example_xcom' retrieved from /home/airflow/.local/lib/python3.12/site-packages/airflow/example_dags/example_xcom.py
[2025-12-20T02:13:24.220+0000] {logging_mixin.py:188} INFO - [2025-12-20T02:13:24.220+0000] {dag.py:3089} INFO - Sync 1 DAGs
[2025-12-20T02:13:24.238+0000] {logging_mixin.py:188} INFO - [2025-12-20T02:13:24.238+0000] {dag.py:3947} INFO - Setting next_dagrun for example_xcom to 2021-01-01 00:00:00+00:00, run_after=2021-01-01 00:00:00+00:00
[2025-12-20T02:13:24.257+0000] {processor.py:183} INFO - Processing /home/airflow/.local/lib/python3.12/site-packages/airflow/example_dags/example_xcom.py took 0.069 seconds
[2025-12-20T02:13:54.857+0000] {processor.py:161} INFO - Started process (PID=1263) to work on /home/airflow/.local/lib/python3.12/site-packages/airflow/example_dags/example_xcom.py
[2025-12-20T02:13:54.858+0000] {processor.py:830} INFO - Processing file /home/airflow/.local/lib/python3.12/site-packages/airflow/example_dags/example_xcom.py for tasks to queue
[2025-12-20T02:13:54.860+0000] {logging_mixin.py:188} INFO - [2025-12-20T02:13:54.860+0000] {dagbag.py:545} INFO - Filling up the DagBag from /home/airflow/.local/lib/python3.12/site-packages/airflow/example_dags/example_xcom.py
[2025-12-20T02:13:54.866+0000] {processor.py:840} INFO - DAG(s) 'example_xcom' retrieved from /home/airflow/.local/lib/python3.12/site-packages/airflow/example_dags/example_xcom.py
[2025-12-20T02:13:54.883+0000] {logging_mixin.py:188} INFO - [2025-12-20T02:13:54.883+0000] {dag.py:3089} INFO - Sync 1 DAGs
[2025-12-20T02:13:54.900+0000] {logging_mixin.py:188} INFO - [2025-12-20T02:13:54.900+0000] {dag.py:3947} INFO - Setting next_dagrun for example_xcom to 2021-01-01 00:00:00+00:00, run_after=2021-01-01 00:00:00+00:00
[2025-12-20T02:13:54.916+0000] {processor.py:183} INFO - Processing /home/airflow/.local/lib/python3.12/site-packages/airflow/example_dags/example_xcom.py took 0.064 seconds
[2025-12-20T02:14:25.543+0000] {processor.py:161} INFO - Started process (PID=1321) to work on /home/airflow/.local/lib/python3.12/site-packages/airflow/example_dags/example_xcom.py
[2025-12-20T02:14:25.544+0000] {processor.py:830} INFO - Processing file /home/airflow/.local/lib/python3.12/site-packages/airflow/example_dags/example_xcom.py for tasks to queue
[2025-12-20T02:14:25.546+0000] {logging_mixin.py:188} INFO - [2025-12-20T02:14:25.545+0000] {dagbag.py:545} INFO - Filling up the DagBag from /home/airflow/.local/lib/python3.12/site-packages/airflow/example_dags/example_xcom.py
[2025-12-20T02:14:25.552+0000] {processor.py:840} INFO - DAG(s) 'example_xcom' retrieved from /home/airflow/.local/lib/python3.12/site-packages/airflow/example_dags/example_xcom.py
[2025-12-20T02:14:25.571+0000] {logging_mixin.py:188} INFO - [2025-12-20T02:14:25.571+0000] {dag.py:3089} INFO - Sync 1 DAGs
[2025-12-20T02:14:25.589+0000] {logging_mixin.py:188} INFO - [2025-12-20T02:14:25.589+0000] {dag.py:3947} INFO - Setting next_dagrun for example_xcom to 2021-01-01 00:00:00+00:00, run_after=2021-01-01 00:00:00+00:00
[2025-12-20T02:14:25.606+0000] {processor.py:183} INFO - Processing /home/airflow/.local/lib/python3.12/site-packages/airflow/example_dags/example_xcom.py took 0.068 seconds
[2025-12-20T02:14:56.244+0000] {processor.py:161} INFO - Started process (PID=1379) to work on /home/airflow/.local/lib/python3.12/site-packages/airflow/example_dags/example_xcom.py
[2025-12-20T02:14:56.244+0000] {processor.py:830} INFO - Processing file /home/airflow/.local/lib/python3.12/site-packages/airflow/example_dags/example_xcom.py for tasks to queue
[2025-12-20T02:14:56.246+0000] {logging_mixin.py:188} INFO - [2025-12-20T02:14:56.246+0000] {dagbag.py:545} INFO - Filling up the DagBag from /home/airflow/.local/lib/python3.12/site-packages/airflow/example_dags/example_xcom.py
[2025-12-20T02:14:56.253+0000] {processor.py:840} INFO - DAG(s) 'example_xcom' retrieved from /home/airflow/.local/lib/python3.12/site-packages/airflow/example_dags/example_xcom.py
[2025-12-20T02:14:56.270+0000] {logging_mixin.py:188} INFO - [2025-12-20T02:14:56.270+0000] {dag.py:3089} INFO - Sync 1 DAGs
[2025-12-20T02:14:56.287+0000] {logging_mixin.py:188} INFO - [2025-12-20T02:14:56.287+0000] {dag.py:3947} INFO - Setting next_dagrun for example_xcom to 2021-01-01 00:00:00+00:00, run_after=2021-01-01 00:00:00+00:00
[2025-12-20T02:14:56.302+0000] {processor.py:183} INFO - Processing /home/airflow/.local/lib/python3.12/site-packages/airflow/example_dags/example_xcom.py took 0.064 seconds
[2025-12-20T02:15:26.919+0000] {processor.py:161} INFO - Started process (PID=1437) to work on /home/airflow/.local/lib/python3.12/site-packages/airflow/example_dags/example_xcom.py
[2025-12-20T02:15:26.920+0000] {processor.py:830} INFO - Processing file /home/airflow/.local/lib/python3.12/site-packages/airflow/example_dags/example_xcom.py for tasks to queue
[2025-12-20T02:15:26.921+0000] {logging_mixin.py:188} INFO - [2025-12-20T02:15:26.921+0000] {dagbag.py:545} INFO - Filling up the DagBag from /home/airflow/.local/lib/python3.12/site-packages/airflow/example_dags/example_xcom.py
[2025-12-20T02:15:26.927+0000] {processor.py:840} INFO - DAG(s) 'example_xcom' retrieved from /home/airflow/.local/lib/python3.12/site-packages/airflow/example_dags/example_xcom.py
[2025-12-20T02:15:26.943+0000] {logging_mixin.py:188} INFO - [2025-12-20T02:15:26.943+0000] {dag.py:3089} INFO - Sync 1 DAGs
[2025-12-20T02:15:26.960+0000] {logging_mixin.py:188} INFO - [2025-12-20T02:15:26.960+0000] {dag.py:3947} INFO - Setting next_dagrun for example_xcom to 2021-01-01 00:00:00+00:00, run_after=2021-01-01 00:00:00+00:00
[2025-12-20T02:15:26.976+0000] {processor.py:183} INFO - Processing /home/airflow/.local/lib/python3.12/site-packages/airflow/example_dags/example_xcom.py took 0.062 seconds
[2025-12-20T02:15:57.623+0000] {processor.py:161} INFO - Started process (PID=1495) to work on /home/airflow/.local/lib/python3.12/site-packages/airflow/example_dags/example_xcom.py
[2025-12-20T02:15:57.624+0000] {processor.py:830} INFO - Processing file /home/airflow/.local/lib/python3.12/site-packages/airflow/example_dags/example_xcom.py for tasks to queue
[2025-12-20T02:15:57.625+0000] {logging_mixin.py:188} INFO - [2025-12-20T02:15:57.625+0000] {dagbag.py:545} INFO - Filling up the DagBag from /home/airflow/.local/lib/python3.12/site-packages/airflow/example_dags/example_xcom.py
[2025-12-20T02:15:57.631+0000] {processor.py:840} INFO - DAG(s) 'example_xcom' retrieved from /home/airflow/.local/lib/python3.12/site-packages/airflow/example_dags/example_xcom.py
[2025-12-20T02:15:57.648+0000] {logging_mixin.py:188} INFO - [2025-12-20T02:15:57.648+0000] {dag.py:3089} INFO - Sync 1 DAGs
[2025-12-20T02:15:57.664+0000] {logging_mixin.py:188} INFO - [2025-12-20T02:15:57.664+0000] {dag.py:3947} INFO - Setting next_dagrun for example_xcom to 2021-01-01 00:00:00+00:00, run_after=2021-01-01 00:00:00+00:00
[2025-12-20T02:15:57.681+0000] {processor.py:183} INFO - Processing /home/airflow/.local/lib/python3.12/site-packages/airflow/example_dags/example_xcom.py took 0.063 seconds
[2025-12-20T02:16:28.368+0000] {processor.py:161} INFO - Started process (PID=1553) to work on /home/airflow/.local/lib/python3.12/site-packages/airflow/example_dags/example_xcom.py
[2025-12-20T02:16:28.369+0000] {processor.py:830} INFO - Processing file /home/airflow/.local/lib/python3.12/site-packages/airflow/example_dags/example_xcom.py for tasks to queue
[2025-12-20T02:16:28.370+0000] {logging_mixin.py:188} INFO - [2025-12-20T02:16:28.370+0000] {dagbag.py:545} INFO - Filling up the DagBag from /home/airflow/.local/lib/python3.12/site-packages/airflow/example_dags/example_xcom.py
[2025-12-20T02:16:28.377+0000] {processor.py:840} INFO - DAG(s) 'example_xcom' retrieved from /home/airflow/.local/lib/python3.12/site-packages/airflow/example_dags/example_xcom.py
[2025-12-20T02:16:28.394+0000] {logging_mixin.py:188} INFO - [2025-12-20T02:16:28.394+0000] {dag.py:3089} INFO - Sync 1 DAGs
[2025-12-20T02:16:28.411+0000] {logging_mixin.py:188} INFO - [2025-12-20T02:16:28.411+0000] {dag.py:3947} INFO - Setting next_dagrun for example_xcom to 2021-01-01 00:00:00+00:00, run_after=2021-01-01 00:00:00+00:00
[2025-12-20T02:16:28.428+0000] {processor.py:183} INFO - Processing /home/airflow/.local/lib/python3.12/site-packages/airflow/example_dags/example_xcom.py took 0.065 seconds
[2025-12-20T02:16:59.153+0000] {processor.py:161} INFO - Started process (PID=1611) to work on /home/airflow/.local/lib/python3.12/site-packages/airflow/example_dags/example_xcom.py
[2025-12-20T02:16:59.154+0000] {processor.py:830} INFO - Processing file /home/airflow/.local/lib/python3.12/site-packages/airflow/example_dags/example_xcom.py for tasks to queue
[2025-12-20T02:16:59.155+0000] {logging_mixin.py:188} INFO - [2025-12-20T02:16:59.155+0000] {dagbag.py:545} INFO - Filling up the DagBag from /home/airflow/.local/lib/python3.12/site-packages/airflow/example_dags/example_xcom.py
[2025-12-20T02:16:59.161+0000] {processor.py:840} INFO - DAG(s) 'example_xcom' retrieved from /home/airflow/.local/lib/python3.12/site-packages/airflow/example_dags/example_xcom.py
[2025-12-20T02:16:59.177+0000] {logging_mixin.py:188} INFO - [2025-12-20T02:16:59.177+0000] {dag.py:3089} INFO - Sync 1 DAGs
[2025-12-20T02:16:59.193+0000] {logging_mixin.py:188} INFO - [2025-12-20T02:16:59.193+0000] {dag.py:3947} INFO - Setting next_dagrun for example_xcom to 2021-01-01 00:00:00+00:00, run_after=2021-01-01 00:00:00+00:00
[2025-12-20T02:16:59.212+0000] {processor.py:183} INFO - Processing /home/airflow/.local/lib/python3.12/site-packages/airflow/example_dags/example_xcom.py took 0.064 seconds
