[2025-12-20T02:03:42.315+0000] {processor.py:161} INFO - Started process (PID=98) to work on /home/airflow/.local/lib/python3.12/site-packages/airflow/example_dags/example_time_delta_sensor_async.py
[2025-12-20T02:03:42.316+0000] {processor.py:830} INFO - Processing file /home/airflow/.local/lib/python3.12/site-packages/airflow/example_dags/example_time_delta_sensor_async.py for tasks to queue
[2025-12-20T02:03:42.318+0000] {logging_mixin.py:188} INFO - [2025-12-20T02:03:42.318+0000] {dagbag.py:545} INFO - Filling up the DagBag from /home/airflow/.local/lib/python3.12/site-packages/airflow/example_dags/example_time_delta_sensor_async.py
[2025-12-20T02:03:42.323+0000] {processor.py:840} INFO - DAG(s) 'example_time_delta_sensor_async' retrieved from /home/airflow/.local/lib/python3.12/site-packages/airflow/example_dags/example_time_delta_sensor_async.py
[2025-12-20T02:03:42.341+0000] {logging_mixin.py:188} INFO - [2025-12-20T02:03:42.341+0000] {dag.py:3089} INFO - Sync 1 DAGs
[2025-12-20T02:03:42.352+0000] {logging_mixin.py:188} INFO - [2025-12-20T02:03:42.352+0000] {dag.py:3947} INFO - Setting next_dagrun for example_time_delta_sensor_async to None, run_after=None
[2025-12-20T02:03:42.369+0000] {processor.py:183} INFO - Processing /home/airflow/.local/lib/python3.12/site-packages/airflow/example_dags/example_time_delta_sensor_async.py took 0.059 seconds
[2025-12-20T02:04:13.380+0000] {processor.py:161} INFO - Started process (PID=156) to work on /home/airflow/.local/lib/python3.12/site-packages/airflow/example_dags/example_time_delta_sensor_async.py
[2025-12-20T02:04:13.381+0000] {processor.py:830} INFO - Processing file /home/airflow/.local/lib/python3.12/site-packages/airflow/example_dags/example_time_delta_sensor_async.py for tasks to queue
[2025-12-20T02:04:13.382+0000] {logging_mixin.py:188} INFO - [2025-12-20T02:04:13.382+0000] {dagbag.py:545} INFO - Filling up the DagBag from /home/airflow/.local/lib/python3.12/site-packages/airflow/example_dags/example_time_delta_sensor_async.py
[2025-12-20T02:04:13.387+0000] {processor.py:840} INFO - DAG(s) 'example_time_delta_sensor_async' retrieved from /home/airflow/.local/lib/python3.12/site-packages/airflow/example_dags/example_time_delta_sensor_async.py
[2025-12-20T02:04:13.406+0000] {logging_mixin.py:188} INFO - [2025-12-20T02:04:13.405+0000] {dag.py:3089} INFO - Sync 1 DAGs
[2025-12-20T02:04:13.418+0000] {logging_mixin.py:188} INFO - [2025-12-20T02:04:13.418+0000] {dag.py:3947} INFO - Setting next_dagrun for example_time_delta_sensor_async to None, run_after=None
[2025-12-20T02:04:13.438+0000] {processor.py:183} INFO - Processing /home/airflow/.local/lib/python3.12/site-packages/airflow/example_dags/example_time_delta_sensor_async.py took 0.063 seconds
[2025-12-20T02:04:44.191+0000] {processor.py:161} INFO - Started process (PID=214) to work on /home/airflow/.local/lib/python3.12/site-packages/airflow/example_dags/example_time_delta_sensor_async.py
[2025-12-20T02:04:44.193+0000] {processor.py:830} INFO - Processing file /home/airflow/.local/lib/python3.12/site-packages/airflow/example_dags/example_time_delta_sensor_async.py for tasks to queue
[2025-12-20T02:04:44.196+0000] {logging_mixin.py:188} INFO - [2025-12-20T02:04:44.195+0000] {dagbag.py:545} INFO - Filling up the DagBag from /home/airflow/.local/lib/python3.12/site-packages/airflow/example_dags/example_time_delta_sensor_async.py
[2025-12-20T02:04:44.201+0000] {processor.py:840} INFO - DAG(s) 'example_time_delta_sensor_async' retrieved from /home/airflow/.local/lib/python3.12/site-packages/airflow/example_dags/example_time_delta_sensor_async.py
[2025-12-20T02:04:44.224+0000] {logging_mixin.py:188} INFO - [2025-12-20T02:04:44.224+0000] {dag.py:3089} INFO - Sync 1 DAGs
[2025-12-20T02:04:44.238+0000] {logging_mixin.py:188} INFO - [2025-12-20T02:04:44.237+0000] {dag.py:3947} INFO - Setting next_dagrun for example_time_delta_sensor_async to None, run_after=None
[2025-12-20T02:04:44.263+0000] {processor.py:183} INFO - Processing /home/airflow/.local/lib/python3.12/site-packages/airflow/example_dags/example_time_delta_sensor_async.py took 0.079 seconds
[2025-12-20T02:05:14.378+0000] {processor.py:161} INFO - Started process (PID=273) to work on /home/airflow/.local/lib/python3.12/site-packages/airflow/example_dags/example_time_delta_sensor_async.py
[2025-12-20T02:05:14.379+0000] {processor.py:830} INFO - Processing file /home/airflow/.local/lib/python3.12/site-packages/airflow/example_dags/example_time_delta_sensor_async.py for tasks to queue
[2025-12-20T02:05:14.381+0000] {logging_mixin.py:188} INFO - [2025-12-20T02:05:14.380+0000] {dagbag.py:545} INFO - Filling up the DagBag from /home/airflow/.local/lib/python3.12/site-packages/airflow/example_dags/example_time_delta_sensor_async.py
[2025-12-20T02:05:14.385+0000] {processor.py:840} INFO - DAG(s) 'example_time_delta_sensor_async' retrieved from /home/airflow/.local/lib/python3.12/site-packages/airflow/example_dags/example_time_delta_sensor_async.py
[2025-12-20T02:05:14.401+0000] {logging_mixin.py:188} INFO - [2025-12-20T02:05:14.401+0000] {dag.py:3089} INFO - Sync 1 DAGs
[2025-12-20T02:05:14.413+0000] {logging_mixin.py:188} INFO - [2025-12-20T02:05:14.413+0000] {dag.py:3947} INFO - Setting next_dagrun for example_time_delta_sensor_async to None, run_after=None
[2025-12-20T02:05:14.491+0000] {processor.py:183} INFO - Processing /home/airflow/.local/lib/python3.12/site-packages/airflow/example_dags/example_time_delta_sensor_async.py took 0.118 seconds
[2025-12-20T02:05:45.407+0000] {processor.py:161} INFO - Started process (PID=331) to work on /home/airflow/.local/lib/python3.12/site-packages/airflow/example_dags/example_time_delta_sensor_async.py
[2025-12-20T02:05:45.408+0000] {processor.py:830} INFO - Processing file /home/airflow/.local/lib/python3.12/site-packages/airflow/example_dags/example_time_delta_sensor_async.py for tasks to queue
[2025-12-20T02:05:45.410+0000] {logging_mixin.py:188} INFO - [2025-12-20T02:05:45.410+0000] {dagbag.py:545} INFO - Filling up the DagBag from /home/airflow/.local/lib/python3.12/site-packages/airflow/example_dags/example_time_delta_sensor_async.py
[2025-12-20T02:05:45.414+0000] {processor.py:840} INFO - DAG(s) 'example_time_delta_sensor_async' retrieved from /home/airflow/.local/lib/python3.12/site-packages/airflow/example_dags/example_time_delta_sensor_async.py
[2025-12-20T02:05:45.430+0000] {logging_mixin.py:188} INFO - [2025-12-20T02:05:45.430+0000] {dag.py:3089} INFO - Sync 1 DAGs
[2025-12-20T02:05:45.442+0000] {logging_mixin.py:188} INFO - [2025-12-20T02:05:45.442+0000] {dag.py:3947} INFO - Setting next_dagrun for example_time_delta_sensor_async to None, run_after=None
[2025-12-20T02:05:45.458+0000] {processor.py:183} INFO - Processing /home/airflow/.local/lib/python3.12/site-packages/airflow/example_dags/example_time_delta_sensor_async.py took 0.056 seconds
[2025-12-20T02:06:16.144+0000] {processor.py:161} INFO - Started process (PID=389) to work on /home/airflow/.local/lib/python3.12/site-packages/airflow/example_dags/example_time_delta_sensor_async.py
[2025-12-20T02:06:16.145+0000] {processor.py:830} INFO - Processing file /home/airflow/.local/lib/python3.12/site-packages/airflow/example_dags/example_time_delta_sensor_async.py for tasks to queue
[2025-12-20T02:06:16.147+0000] {logging_mixin.py:188} INFO - [2025-12-20T02:06:16.147+0000] {dagbag.py:545} INFO - Filling up the DagBag from /home/airflow/.local/lib/python3.12/site-packages/airflow/example_dags/example_time_delta_sensor_async.py
[2025-12-20T02:06:16.151+0000] {processor.py:840} INFO - DAG(s) 'example_time_delta_sensor_async' retrieved from /home/airflow/.local/lib/python3.12/site-packages/airflow/example_dags/example_time_delta_sensor_async.py
[2025-12-20T02:06:16.170+0000] {logging_mixin.py:188} INFO - [2025-12-20T02:06:16.169+0000] {dag.py:3089} INFO - Sync 1 DAGs
[2025-12-20T02:06:16.181+0000] {logging_mixin.py:188} INFO - [2025-12-20T02:06:16.181+0000] {dag.py:3947} INFO - Setting next_dagrun for example_time_delta_sensor_async to None, run_after=None
[2025-12-20T02:06:16.199+0000] {processor.py:183} INFO - Processing /home/airflow/.local/lib/python3.12/site-packages/airflow/example_dags/example_time_delta_sensor_async.py took 0.060 seconds
[2025-12-20T02:06:46.798+0000] {processor.py:161} INFO - Started process (PID=447) to work on /home/airflow/.local/lib/python3.12/site-packages/airflow/example_dags/example_time_delta_sensor_async.py
[2025-12-20T02:06:46.799+0000] {processor.py:830} INFO - Processing file /home/airflow/.local/lib/python3.12/site-packages/airflow/example_dags/example_time_delta_sensor_async.py for tasks to queue
[2025-12-20T02:06:46.801+0000] {logging_mixin.py:188} INFO - [2025-12-20T02:06:46.801+0000] {dagbag.py:545} INFO - Filling up the DagBag from /home/airflow/.local/lib/python3.12/site-packages/airflow/example_dags/example_time_delta_sensor_async.py
[2025-12-20T02:06:46.806+0000] {processor.py:840} INFO - DAG(s) 'example_time_delta_sensor_async' retrieved from /home/airflow/.local/lib/python3.12/site-packages/airflow/example_dags/example_time_delta_sensor_async.py
[2025-12-20T02:06:46.827+0000] {logging_mixin.py:188} INFO - [2025-12-20T02:06:46.827+0000] {dag.py:3089} INFO - Sync 1 DAGs
[2025-12-20T02:06:46.841+0000] {logging_mixin.py:188} INFO - [2025-12-20T02:06:46.840+0000] {dag.py:3947} INFO - Setting next_dagrun for example_time_delta_sensor_async to None, run_after=None
[2025-12-20T02:06:46.865+0000] {processor.py:183} INFO - Processing /home/airflow/.local/lib/python3.12/site-packages/airflow/example_dags/example_time_delta_sensor_async.py took 0.073 seconds
[2025-12-20T02:07:17.552+0000] {processor.py:161} INFO - Started process (PID=505) to work on /home/airflow/.local/lib/python3.12/site-packages/airflow/example_dags/example_time_delta_sensor_async.py
[2025-12-20T02:07:17.553+0000] {processor.py:830} INFO - Processing file /home/airflow/.local/lib/python3.12/site-packages/airflow/example_dags/example_time_delta_sensor_async.py for tasks to queue
[2025-12-20T02:07:17.555+0000] {logging_mixin.py:188} INFO - [2025-12-20T02:07:17.555+0000] {dagbag.py:545} INFO - Filling up the DagBag from /home/airflow/.local/lib/python3.12/site-packages/airflow/example_dags/example_time_delta_sensor_async.py
[2025-12-20T02:07:17.559+0000] {processor.py:840} INFO - DAG(s) 'example_time_delta_sensor_async' retrieved from /home/airflow/.local/lib/python3.12/site-packages/airflow/example_dags/example_time_delta_sensor_async.py
[2025-12-20T02:07:17.575+0000] {logging_mixin.py:188} INFO - [2025-12-20T02:07:17.575+0000] {dag.py:3089} INFO - Sync 1 DAGs
[2025-12-20T02:07:17.587+0000] {logging_mixin.py:188} INFO - [2025-12-20T02:07:17.587+0000] {dag.py:3947} INFO - Setting next_dagrun for example_time_delta_sensor_async to None, run_after=None
[2025-12-20T02:07:17.607+0000] {processor.py:183} INFO - Processing /home/airflow/.local/lib/python3.12/site-packages/airflow/example_dags/example_time_delta_sensor_async.py took 0.059 seconds
[2025-12-20T02:07:48.092+0000] {processor.py:161} INFO - Started process (PID=563) to work on /home/airflow/.local/lib/python3.12/site-packages/airflow/example_dags/example_time_delta_sensor_async.py
[2025-12-20T02:07:48.092+0000] {processor.py:830} INFO - Processing file /home/airflow/.local/lib/python3.12/site-packages/airflow/example_dags/example_time_delta_sensor_async.py for tasks to queue
[2025-12-20T02:07:48.094+0000] {logging_mixin.py:188} INFO - [2025-12-20T02:07:48.094+0000] {dagbag.py:545} INFO - Filling up the DagBag from /home/airflow/.local/lib/python3.12/site-packages/airflow/example_dags/example_time_delta_sensor_async.py
[2025-12-20T02:07:48.098+0000] {processor.py:840} INFO - DAG(s) 'example_time_delta_sensor_async' retrieved from /home/airflow/.local/lib/python3.12/site-packages/airflow/example_dags/example_time_delta_sensor_async.py
[2025-12-20T02:07:48.114+0000] {logging_mixin.py:188} INFO - [2025-12-20T02:07:48.114+0000] {dag.py:3089} INFO - Sync 1 DAGs
[2025-12-20T02:07:48.126+0000] {logging_mixin.py:188} INFO - [2025-12-20T02:07:48.125+0000] {dag.py:3947} INFO - Setting next_dagrun for example_time_delta_sensor_async to None, run_after=None
[2025-12-20T02:07:48.146+0000] {processor.py:183} INFO - Processing /home/airflow/.local/lib/python3.12/site-packages/airflow/example_dags/example_time_delta_sensor_async.py took 0.059 seconds
[2025-12-20T02:08:18.243+0000] {processor.py:161} INFO - Started process (PID=621) to work on /home/airflow/.local/lib/python3.12/site-packages/airflow/example_dags/example_time_delta_sensor_async.py
[2025-12-20T02:08:18.244+0000] {processor.py:830} INFO - Processing file /home/airflow/.local/lib/python3.12/site-packages/airflow/example_dags/example_time_delta_sensor_async.py for tasks to queue
[2025-12-20T02:08:18.246+0000] {logging_mixin.py:188} INFO - [2025-12-20T02:08:18.245+0000] {dagbag.py:545} INFO - Filling up the DagBag from /home/airflow/.local/lib/python3.12/site-packages/airflow/example_dags/example_time_delta_sensor_async.py
[2025-12-20T02:08:18.250+0000] {processor.py:840} INFO - DAG(s) 'example_time_delta_sensor_async' retrieved from /home/airflow/.local/lib/python3.12/site-packages/airflow/example_dags/example_time_delta_sensor_async.py
[2025-12-20T02:08:18.268+0000] {logging_mixin.py:188} INFO - [2025-12-20T02:08:18.268+0000] {dag.py:3089} INFO - Sync 1 DAGs
[2025-12-20T02:08:18.280+0000] {logging_mixin.py:188} INFO - [2025-12-20T02:08:18.280+0000] {dag.py:3947} INFO - Setting next_dagrun for example_time_delta_sensor_async to None, run_after=None
[2025-12-20T02:08:18.300+0000] {processor.py:183} INFO - Processing /home/airflow/.local/lib/python3.12/site-packages/airflow/example_dags/example_time_delta_sensor_async.py took 0.063 seconds
[2025-12-20T02:08:48.469+0000] {processor.py:161} INFO - Started process (PID=679) to work on /home/airflow/.local/lib/python3.12/site-packages/airflow/example_dags/example_time_delta_sensor_async.py
[2025-12-20T02:08:48.470+0000] {processor.py:830} INFO - Processing file /home/airflow/.local/lib/python3.12/site-packages/airflow/example_dags/example_time_delta_sensor_async.py for tasks to queue
[2025-12-20T02:08:48.472+0000] {logging_mixin.py:188} INFO - [2025-12-20T02:08:48.472+0000] {dagbag.py:545} INFO - Filling up the DagBag from /home/airflow/.local/lib/python3.12/site-packages/airflow/example_dags/example_time_delta_sensor_async.py
[2025-12-20T02:08:48.477+0000] {processor.py:840} INFO - DAG(s) 'example_time_delta_sensor_async' retrieved from /home/airflow/.local/lib/python3.12/site-packages/airflow/example_dags/example_time_delta_sensor_async.py
[2025-12-20T02:08:48.496+0000] {logging_mixin.py:188} INFO - [2025-12-20T02:08:48.495+0000] {dag.py:3089} INFO - Sync 1 DAGs
[2025-12-20T02:08:48.508+0000] {logging_mixin.py:188} INFO - [2025-12-20T02:08:48.507+0000] {dag.py:3947} INFO - Setting next_dagrun for example_time_delta_sensor_async to None, run_after=None
[2025-12-20T02:08:48.527+0000] {processor.py:183} INFO - Processing /home/airflow/.local/lib/python3.12/site-packages/airflow/example_dags/example_time_delta_sensor_async.py took 0.064 seconds
[2025-12-20T02:09:18.863+0000] {processor.py:161} INFO - Started process (PID=737) to work on /home/airflow/.local/lib/python3.12/site-packages/airflow/example_dags/example_time_delta_sensor_async.py
[2025-12-20T02:09:18.864+0000] {processor.py:830} INFO - Processing file /home/airflow/.local/lib/python3.12/site-packages/airflow/example_dags/example_time_delta_sensor_async.py for tasks to queue
[2025-12-20T02:09:18.866+0000] {logging_mixin.py:188} INFO - [2025-12-20T02:09:18.866+0000] {dagbag.py:545} INFO - Filling up the DagBag from /home/airflow/.local/lib/python3.12/site-packages/airflow/example_dags/example_time_delta_sensor_async.py
[2025-12-20T02:09:18.871+0000] {processor.py:840} INFO - DAG(s) 'example_time_delta_sensor_async' retrieved from /home/airflow/.local/lib/python3.12/site-packages/airflow/example_dags/example_time_delta_sensor_async.py
[2025-12-20T02:09:18.892+0000] {logging_mixin.py:188} INFO - [2025-12-20T02:09:18.892+0000] {dag.py:3089} INFO - Sync 1 DAGs
[2025-12-20T02:09:18.908+0000] {logging_mixin.py:188} INFO - [2025-12-20T02:09:18.908+0000] {dag.py:3947} INFO - Setting next_dagrun for example_time_delta_sensor_async to None, run_after=None
[2025-12-20T02:09:18.930+0000] {processor.py:183} INFO - Processing /home/airflow/.local/lib/python3.12/site-packages/airflow/example_dags/example_time_delta_sensor_async.py took 0.073 seconds
[2025-12-20T02:09:49.192+0000] {processor.py:161} INFO - Started process (PID=795) to work on /home/airflow/.local/lib/python3.12/site-packages/airflow/example_dags/example_time_delta_sensor_async.py
[2025-12-20T02:09:49.193+0000] {processor.py:830} INFO - Processing file /home/airflow/.local/lib/python3.12/site-packages/airflow/example_dags/example_time_delta_sensor_async.py for tasks to queue
[2025-12-20T02:09:49.195+0000] {logging_mixin.py:188} INFO - [2025-12-20T02:09:49.195+0000] {dagbag.py:545} INFO - Filling up the DagBag from /home/airflow/.local/lib/python3.12/site-packages/airflow/example_dags/example_time_delta_sensor_async.py
[2025-12-20T02:09:49.199+0000] {processor.py:840} INFO - DAG(s) 'example_time_delta_sensor_async' retrieved from /home/airflow/.local/lib/python3.12/site-packages/airflow/example_dags/example_time_delta_sensor_async.py
[2025-12-20T02:09:49.217+0000] {logging_mixin.py:188} INFO - [2025-12-20T02:09:49.216+0000] {dag.py:3089} INFO - Sync 1 DAGs
[2025-12-20T02:09:49.227+0000] {logging_mixin.py:188} INFO - [2025-12-20T02:09:49.227+0000] {dag.py:3947} INFO - Setting next_dagrun for example_time_delta_sensor_async to None, run_after=None
[2025-12-20T02:09:49.248+0000] {processor.py:183} INFO - Processing /home/airflow/.local/lib/python3.12/site-packages/airflow/example_dags/example_time_delta_sensor_async.py took 0.061 seconds
[2025-12-20T02:10:20.040+0000] {processor.py:161} INFO - Started process (PID=853) to work on /home/airflow/.local/lib/python3.12/site-packages/airflow/example_dags/example_time_delta_sensor_async.py
[2025-12-20T02:10:20.041+0000] {processor.py:830} INFO - Processing file /home/airflow/.local/lib/python3.12/site-packages/airflow/example_dags/example_time_delta_sensor_async.py for tasks to queue
[2025-12-20T02:10:20.043+0000] {logging_mixin.py:188} INFO - [2025-12-20T02:10:20.043+0000] {dagbag.py:545} INFO - Filling up the DagBag from /home/airflow/.local/lib/python3.12/site-packages/airflow/example_dags/example_time_delta_sensor_async.py
[2025-12-20T02:10:20.047+0000] {processor.py:840} INFO - DAG(s) 'example_time_delta_sensor_async' retrieved from /home/airflow/.local/lib/python3.12/site-packages/airflow/example_dags/example_time_delta_sensor_async.py
[2025-12-20T02:10:20.065+0000] {logging_mixin.py:188} INFO - [2025-12-20T02:10:20.064+0000] {dag.py:3089} INFO - Sync 1 DAGs
[2025-12-20T02:10:20.076+0000] {logging_mixin.py:188} INFO - [2025-12-20T02:10:20.076+0000] {dag.py:3947} INFO - Setting next_dagrun for example_time_delta_sensor_async to None, run_after=None
[2025-12-20T02:10:20.094+0000] {processor.py:183} INFO - Processing /home/airflow/.local/lib/python3.12/site-packages/airflow/example_dags/example_time_delta_sensor_async.py took 0.059 seconds
[2025-12-20T02:10:50.831+0000] {processor.py:161} INFO - Started process (PID=911) to work on /home/airflow/.local/lib/python3.12/site-packages/airflow/example_dags/example_time_delta_sensor_async.py
[2025-12-20T02:10:50.832+0000] {processor.py:830} INFO - Processing file /home/airflow/.local/lib/python3.12/site-packages/airflow/example_dags/example_time_delta_sensor_async.py for tasks to queue
[2025-12-20T02:10:50.834+0000] {logging_mixin.py:188} INFO - [2025-12-20T02:10:50.834+0000] {dagbag.py:545} INFO - Filling up the DagBag from /home/airflow/.local/lib/python3.12/site-packages/airflow/example_dags/example_time_delta_sensor_async.py
[2025-12-20T02:10:50.838+0000] {processor.py:840} INFO - DAG(s) 'example_time_delta_sensor_async' retrieved from /home/airflow/.local/lib/python3.12/site-packages/airflow/example_dags/example_time_delta_sensor_async.py
[2025-12-20T02:10:50.857+0000] {logging_mixin.py:188} INFO - [2025-12-20T02:10:50.857+0000] {dag.py:3089} INFO - Sync 1 DAGs
[2025-12-20T02:10:50.868+0000] {logging_mixin.py:188} INFO - [2025-12-20T02:10:50.868+0000] {dag.py:3947} INFO - Setting next_dagrun for example_time_delta_sensor_async to None, run_after=None
[2025-12-20T02:10:50.886+0000] {processor.py:183} INFO - Processing /home/airflow/.local/lib/python3.12/site-packages/airflow/example_dags/example_time_delta_sensor_async.py took 0.060 seconds
[2025-12-20T02:11:21.672+0000] {processor.py:161} INFO - Started process (PID=969) to work on /home/airflow/.local/lib/python3.12/site-packages/airflow/example_dags/example_time_delta_sensor_async.py
[2025-12-20T02:11:21.673+0000] {processor.py:830} INFO - Processing file /home/airflow/.local/lib/python3.12/site-packages/airflow/example_dags/example_time_delta_sensor_async.py for tasks to queue
[2025-12-20T02:11:21.674+0000] {logging_mixin.py:188} INFO - [2025-12-20T02:11:21.674+0000] {dagbag.py:545} INFO - Filling up the DagBag from /home/airflow/.local/lib/python3.12/site-packages/airflow/example_dags/example_time_delta_sensor_async.py
[2025-12-20T02:11:21.678+0000] {processor.py:840} INFO - DAG(s) 'example_time_delta_sensor_async' retrieved from /home/airflow/.local/lib/python3.12/site-packages/airflow/example_dags/example_time_delta_sensor_async.py
[2025-12-20T02:11:21.696+0000] {logging_mixin.py:188} INFO - [2025-12-20T02:11:21.695+0000] {dag.py:3089} INFO - Sync 1 DAGs
[2025-12-20T02:11:21.707+0000] {logging_mixin.py:188} INFO - [2025-12-20T02:11:21.707+0000] {dag.py:3947} INFO - Setting next_dagrun for example_time_delta_sensor_async to None, run_after=None
[2025-12-20T02:11:21.725+0000] {processor.py:183} INFO - Processing /home/airflow/.local/lib/python3.12/site-packages/airflow/example_dags/example_time_delta_sensor_async.py took 0.058 seconds
[2025-12-20T02:11:52.329+0000] {processor.py:161} INFO - Started process (PID=1027) to work on /home/airflow/.local/lib/python3.12/site-packages/airflow/example_dags/example_time_delta_sensor_async.py
[2025-12-20T02:11:52.330+0000] {processor.py:830} INFO - Processing file /home/airflow/.local/lib/python3.12/site-packages/airflow/example_dags/example_time_delta_sensor_async.py for tasks to queue
[2025-12-20T02:11:52.331+0000] {logging_mixin.py:188} INFO - [2025-12-20T02:11:52.331+0000] {dagbag.py:545} INFO - Filling up the DagBag from /home/airflow/.local/lib/python3.12/site-packages/airflow/example_dags/example_time_delta_sensor_async.py
[2025-12-20T02:11:52.335+0000] {processor.py:840} INFO - DAG(s) 'example_time_delta_sensor_async' retrieved from /home/airflow/.local/lib/python3.12/site-packages/airflow/example_dags/example_time_delta_sensor_async.py
[2025-12-20T02:11:52.352+0000] {logging_mixin.py:188} INFO - [2025-12-20T02:11:52.352+0000] {dag.py:3089} INFO - Sync 1 DAGs
[2025-12-20T02:11:52.363+0000] {logging_mixin.py:188} INFO - [2025-12-20T02:11:52.363+0000] {dag.py:3947} INFO - Setting next_dagrun for example_time_delta_sensor_async to None, run_after=None
[2025-12-20T02:11:52.381+0000] {processor.py:183} INFO - Processing /home/airflow/.local/lib/python3.12/site-packages/airflow/example_dags/example_time_delta_sensor_async.py took 0.057 seconds
[2025-12-20T02:12:23.098+0000] {processor.py:161} INFO - Started process (PID=1085) to work on /home/airflow/.local/lib/python3.12/site-packages/airflow/example_dags/example_time_delta_sensor_async.py
[2025-12-20T02:12:23.099+0000] {processor.py:830} INFO - Processing file /home/airflow/.local/lib/python3.12/site-packages/airflow/example_dags/example_time_delta_sensor_async.py for tasks to queue
[2025-12-20T02:12:23.101+0000] {logging_mixin.py:188} INFO - [2025-12-20T02:12:23.101+0000] {dagbag.py:545} INFO - Filling up the DagBag from /home/airflow/.local/lib/python3.12/site-packages/airflow/example_dags/example_time_delta_sensor_async.py
[2025-12-20T02:12:23.105+0000] {processor.py:840} INFO - DAG(s) 'example_time_delta_sensor_async' retrieved from /home/airflow/.local/lib/python3.12/site-packages/airflow/example_dags/example_time_delta_sensor_async.py
[2025-12-20T02:12:23.121+0000] {logging_mixin.py:188} INFO - [2025-12-20T02:12:23.121+0000] {dag.py:3089} INFO - Sync 1 DAGs
[2025-12-20T02:12:23.132+0000] {logging_mixin.py:188} INFO - [2025-12-20T02:12:23.131+0000] {dag.py:3947} INFO - Setting next_dagrun for example_time_delta_sensor_async to None, run_after=None
[2025-12-20T02:12:23.152+0000] {processor.py:183} INFO - Processing /home/airflow/.local/lib/python3.12/site-packages/airflow/example_dags/example_time_delta_sensor_async.py took 0.058 seconds
[2025-12-20T02:12:53.205+0000] {processor.py:161} INFO - Started process (PID=1143) to work on /home/airflow/.local/lib/python3.12/site-packages/airflow/example_dags/example_time_delta_sensor_async.py
[2025-12-20T02:12:53.206+0000] {processor.py:830} INFO - Processing file /home/airflow/.local/lib/python3.12/site-packages/airflow/example_dags/example_time_delta_sensor_async.py for tasks to queue
[2025-12-20T02:12:53.207+0000] {logging_mixin.py:188} INFO - [2025-12-20T02:12:53.207+0000] {dagbag.py:545} INFO - Filling up the DagBag from /home/airflow/.local/lib/python3.12/site-packages/airflow/example_dags/example_time_delta_sensor_async.py
[2025-12-20T02:12:53.211+0000] {processor.py:840} INFO - DAG(s) 'example_time_delta_sensor_async' retrieved from /home/airflow/.local/lib/python3.12/site-packages/airflow/example_dags/example_time_delta_sensor_async.py
[2025-12-20T02:12:53.231+0000] {logging_mixin.py:188} INFO - [2025-12-20T02:12:53.231+0000] {dag.py:3089} INFO - Sync 1 DAGs
[2025-12-20T02:12:53.243+0000] {logging_mixin.py:188} INFO - [2025-12-20T02:12:53.243+0000] {dag.py:3947} INFO - Setting next_dagrun for example_time_delta_sensor_async to None, run_after=None
[2025-12-20T02:12:53.261+0000] {processor.py:183} INFO - Processing /home/airflow/.local/lib/python3.12/site-packages/airflow/example_dags/example_time_delta_sensor_async.py took 0.062 seconds
[2025-12-20T02:13:23.924+0000] {processor.py:161} INFO - Started process (PID=1201) to work on /home/airflow/.local/lib/python3.12/site-packages/airflow/example_dags/example_time_delta_sensor_async.py
[2025-12-20T02:13:23.924+0000] {processor.py:830} INFO - Processing file /home/airflow/.local/lib/python3.12/site-packages/airflow/example_dags/example_time_delta_sensor_async.py for tasks to queue
[2025-12-20T02:13:23.926+0000] {logging_mixin.py:188} INFO - [2025-12-20T02:13:23.926+0000] {dagbag.py:545} INFO - Filling up the DagBag from /home/airflow/.local/lib/python3.12/site-packages/airflow/example_dags/example_time_delta_sensor_async.py
[2025-12-20T02:13:23.930+0000] {processor.py:840} INFO - DAG(s) 'example_time_delta_sensor_async' retrieved from /home/airflow/.local/lib/python3.12/site-packages/airflow/example_dags/example_time_delta_sensor_async.py
[2025-12-20T02:13:23.948+0000] {logging_mixin.py:188} INFO - [2025-12-20T02:13:23.948+0000] {dag.py:3089} INFO - Sync 1 DAGs
[2025-12-20T02:13:23.961+0000] {logging_mixin.py:188} INFO - [2025-12-20T02:13:23.960+0000] {dag.py:3947} INFO - Setting next_dagrun for example_time_delta_sensor_async to None, run_after=None
[2025-12-20T02:13:23.980+0000] {processor.py:183} INFO - Processing /home/airflow/.local/lib/python3.12/site-packages/airflow/example_dags/example_time_delta_sensor_async.py took 0.062 seconds
[2025-12-20T02:13:54.617+0000] {processor.py:161} INFO - Started process (PID=1259) to work on /home/airflow/.local/lib/python3.12/site-packages/airflow/example_dags/example_time_delta_sensor_async.py
[2025-12-20T02:13:54.618+0000] {processor.py:830} INFO - Processing file /home/airflow/.local/lib/python3.12/site-packages/airflow/example_dags/example_time_delta_sensor_async.py for tasks to queue
[2025-12-20T02:13:54.619+0000] {logging_mixin.py:188} INFO - [2025-12-20T02:13:54.619+0000] {dagbag.py:545} INFO - Filling up the DagBag from /home/airflow/.local/lib/python3.12/site-packages/airflow/example_dags/example_time_delta_sensor_async.py
[2025-12-20T02:13:54.623+0000] {processor.py:840} INFO - DAG(s) 'example_time_delta_sensor_async' retrieved from /home/airflow/.local/lib/python3.12/site-packages/airflow/example_dags/example_time_delta_sensor_async.py
[2025-12-20T02:13:54.638+0000] {logging_mixin.py:188} INFO - [2025-12-20T02:13:54.638+0000] {dag.py:3089} INFO - Sync 1 DAGs
[2025-12-20T02:13:54.648+0000] {logging_mixin.py:188} INFO - [2025-12-20T02:13:54.648+0000] {dag.py:3947} INFO - Setting next_dagrun for example_time_delta_sensor_async to None, run_after=None
[2025-12-20T02:13:54.664+0000] {processor.py:183} INFO - Processing /home/airflow/.local/lib/python3.12/site-packages/airflow/example_dags/example_time_delta_sensor_async.py took 0.052 seconds
[2025-12-20T02:14:25.395+0000] {processor.py:161} INFO - Started process (PID=1317) to work on /home/airflow/.local/lib/python3.12/site-packages/airflow/example_dags/example_time_delta_sensor_async.py
[2025-12-20T02:14:25.395+0000] {processor.py:830} INFO - Processing file /home/airflow/.local/lib/python3.12/site-packages/airflow/example_dags/example_time_delta_sensor_async.py for tasks to queue
[2025-12-20T02:14:25.397+0000] {logging_mixin.py:188} INFO - [2025-12-20T02:14:25.397+0000] {dagbag.py:545} INFO - Filling up the DagBag from /home/airflow/.local/lib/python3.12/site-packages/airflow/example_dags/example_time_delta_sensor_async.py
[2025-12-20T02:14:25.400+0000] {processor.py:840} INFO - DAG(s) 'example_time_delta_sensor_async' retrieved from /home/airflow/.local/lib/python3.12/site-packages/airflow/example_dags/example_time_delta_sensor_async.py
[2025-12-20T02:14:25.416+0000] {logging_mixin.py:188} INFO - [2025-12-20T02:14:25.416+0000] {dag.py:3089} INFO - Sync 1 DAGs
[2025-12-20T02:14:25.427+0000] {logging_mixin.py:188} INFO - [2025-12-20T02:14:25.427+0000] {dag.py:3947} INFO - Setting next_dagrun for example_time_delta_sensor_async to None, run_after=None
[2025-12-20T02:14:25.444+0000] {processor.py:183} INFO - Processing /home/airflow/.local/lib/python3.12/site-packages/airflow/example_dags/example_time_delta_sensor_async.py took 0.054 seconds
[2025-12-20T02:14:56.083+0000] {processor.py:161} INFO - Started process (PID=1375) to work on /home/airflow/.local/lib/python3.12/site-packages/airflow/example_dags/example_time_delta_sensor_async.py
[2025-12-20T02:14:56.084+0000] {processor.py:830} INFO - Processing file /home/airflow/.local/lib/python3.12/site-packages/airflow/example_dags/example_time_delta_sensor_async.py for tasks to queue
[2025-12-20T02:14:56.086+0000] {logging_mixin.py:188} INFO - [2025-12-20T02:14:56.085+0000] {dagbag.py:545} INFO - Filling up the DagBag from /home/airflow/.local/lib/python3.12/site-packages/airflow/example_dags/example_time_delta_sensor_async.py
[2025-12-20T02:14:56.090+0000] {processor.py:840} INFO - DAG(s) 'example_time_delta_sensor_async' retrieved from /home/airflow/.local/lib/python3.12/site-packages/airflow/example_dags/example_time_delta_sensor_async.py
[2025-12-20T02:14:56.112+0000] {logging_mixin.py:188} INFO - [2025-12-20T02:14:56.112+0000] {dag.py:3089} INFO - Sync 1 DAGs
[2025-12-20T02:14:56.124+0000] {logging_mixin.py:188} INFO - [2025-12-20T02:14:56.124+0000] {dag.py:3947} INFO - Setting next_dagrun for example_time_delta_sensor_async to None, run_after=None
[2025-12-20T02:14:56.143+0000] {processor.py:183} INFO - Processing /home/airflow/.local/lib/python3.12/site-packages/airflow/example_dags/example_time_delta_sensor_async.py took 0.065 seconds
[2025-12-20T02:15:26.696+0000] {processor.py:161} INFO - Started process (PID=1433) to work on /home/airflow/.local/lib/python3.12/site-packages/airflow/example_dags/example_time_delta_sensor_async.py
[2025-12-20T02:15:26.696+0000] {processor.py:830} INFO - Processing file /home/airflow/.local/lib/python3.12/site-packages/airflow/example_dags/example_time_delta_sensor_async.py for tasks to queue
[2025-12-20T02:15:26.698+0000] {logging_mixin.py:188} INFO - [2025-12-20T02:15:26.698+0000] {dagbag.py:545} INFO - Filling up the DagBag from /home/airflow/.local/lib/python3.12/site-packages/airflow/example_dags/example_time_delta_sensor_async.py
[2025-12-20T02:15:26.702+0000] {processor.py:840} INFO - DAG(s) 'example_time_delta_sensor_async' retrieved from /home/airflow/.local/lib/python3.12/site-packages/airflow/example_dags/example_time_delta_sensor_async.py
[2025-12-20T02:15:26.719+0000] {logging_mixin.py:188} INFO - [2025-12-20T02:15:26.718+0000] {dag.py:3089} INFO - Sync 1 DAGs
[2025-12-20T02:15:26.729+0000] {logging_mixin.py:188} INFO - [2025-12-20T02:15:26.729+0000] {dag.py:3947} INFO - Setting next_dagrun for example_time_delta_sensor_async to None, run_after=None
[2025-12-20T02:15:26.746+0000] {processor.py:183} INFO - Processing /home/airflow/.local/lib/python3.12/site-packages/airflow/example_dags/example_time_delta_sensor_async.py took 0.056 seconds
[2025-12-20T02:15:57.383+0000] {processor.py:161} INFO - Started process (PID=1491) to work on /home/airflow/.local/lib/python3.12/site-packages/airflow/example_dags/example_time_delta_sensor_async.py
[2025-12-20T02:15:57.384+0000] {processor.py:830} INFO - Processing file /home/airflow/.local/lib/python3.12/site-packages/airflow/example_dags/example_time_delta_sensor_async.py for tasks to queue
[2025-12-20T02:15:57.385+0000] {logging_mixin.py:188} INFO - [2025-12-20T02:15:57.385+0000] {dagbag.py:545} INFO - Filling up the DagBag from /home/airflow/.local/lib/python3.12/site-packages/airflow/example_dags/example_time_delta_sensor_async.py
[2025-12-20T02:15:57.389+0000] {processor.py:840} INFO - DAG(s) 'example_time_delta_sensor_async' retrieved from /home/airflow/.local/lib/python3.12/site-packages/airflow/example_dags/example_time_delta_sensor_async.py
[2025-12-20T02:15:57.406+0000] {logging_mixin.py:188} INFO - [2025-12-20T02:15:57.406+0000] {dag.py:3089} INFO - Sync 1 DAGs
[2025-12-20T02:15:57.416+0000] {logging_mixin.py:188} INFO - [2025-12-20T02:15:57.416+0000] {dag.py:3947} INFO - Setting next_dagrun for example_time_delta_sensor_async to None, run_after=None
[2025-12-20T02:15:57.432+0000] {processor.py:183} INFO - Processing /home/airflow/.local/lib/python3.12/site-packages/airflow/example_dags/example_time_delta_sensor_async.py took 0.055 seconds
[2025-12-20T02:16:28.222+0000] {processor.py:161} INFO - Started process (PID=1549) to work on /home/airflow/.local/lib/python3.12/site-packages/airflow/example_dags/example_time_delta_sensor_async.py
[2025-12-20T02:16:28.223+0000] {processor.py:830} INFO - Processing file /home/airflow/.local/lib/python3.12/site-packages/airflow/example_dags/example_time_delta_sensor_async.py for tasks to queue
[2025-12-20T02:16:28.225+0000] {logging_mixin.py:188} INFO - [2025-12-20T02:16:28.225+0000] {dagbag.py:545} INFO - Filling up the DagBag from /home/airflow/.local/lib/python3.12/site-packages/airflow/example_dags/example_time_delta_sensor_async.py
[2025-12-20T02:16:28.229+0000] {processor.py:840} INFO - DAG(s) 'example_time_delta_sensor_async' retrieved from /home/airflow/.local/lib/python3.12/site-packages/airflow/example_dags/example_time_delta_sensor_async.py
[2025-12-20T02:16:28.245+0000] {logging_mixin.py:188} INFO - [2025-12-20T02:16:28.245+0000] {dag.py:3089} INFO - Sync 1 DAGs
[2025-12-20T02:16:28.255+0000] {logging_mixin.py:188} INFO - [2025-12-20T02:16:28.255+0000] {dag.py:3947} INFO - Setting next_dagrun for example_time_delta_sensor_async to None, run_after=None
[2025-12-20T02:16:28.271+0000] {processor.py:183} INFO - Processing /home/airflow/.local/lib/python3.12/site-packages/airflow/example_dags/example_time_delta_sensor_async.py took 0.054 seconds
[2025-12-20T02:16:58.910+0000] {processor.py:161} INFO - Started process (PID=1607) to work on /home/airflow/.local/lib/python3.12/site-packages/airflow/example_dags/example_time_delta_sensor_async.py
[2025-12-20T02:16:58.911+0000] {processor.py:830} INFO - Processing file /home/airflow/.local/lib/python3.12/site-packages/airflow/example_dags/example_time_delta_sensor_async.py for tasks to queue
[2025-12-20T02:16:58.913+0000] {logging_mixin.py:188} INFO - [2025-12-20T02:16:58.912+0000] {dagbag.py:545} INFO - Filling up the DagBag from /home/airflow/.local/lib/python3.12/site-packages/airflow/example_dags/example_time_delta_sensor_async.py
[2025-12-20T02:16:58.916+0000] {processor.py:840} INFO - DAG(s) 'example_time_delta_sensor_async' retrieved from /home/airflow/.local/lib/python3.12/site-packages/airflow/example_dags/example_time_delta_sensor_async.py
[2025-12-20T02:16:58.933+0000] {logging_mixin.py:188} INFO - [2025-12-20T02:16:58.933+0000] {dag.py:3089} INFO - Sync 1 DAGs
[2025-12-20T02:16:58.944+0000] {logging_mixin.py:188} INFO - [2025-12-20T02:16:58.944+0000] {dag.py:3947} INFO - Setting next_dagrun for example_time_delta_sensor_async to None, run_after=None
[2025-12-20T02:16:58.961+0000] {processor.py:183} INFO - Processing /home/airflow/.local/lib/python3.12/site-packages/airflow/example_dags/example_time_delta_sensor_async.py took 0.057 seconds
