[2026-01-01T03:02:46.747+0000] {local_task_job_runner.py:120} INFO - ::group::Pre task execution logs
[2026-01-01T03:02:46.802+0000] {taskinstance.py:2076} INFO - Dependencies all met for dep_context=non-requeueable deps ti=<TaskInstance: thongtin_cty_bctc.ingest_bctc manual__2026-01-01T02:33:43.210877+00:00 map_index=23 [queued]>
[2026-01-01T03:02:46.829+0000] {taskinstance.py:2076} INFO - Dependencies all met for dep_context=requeueable deps ti=<TaskInstance: thongtin_cty_bctc.ingest_bctc manual__2026-01-01T02:33:43.210877+00:00 map_index=23 [queued]>
[2026-01-01T03:02:46.830+0000] {taskinstance.py:2306} INFO - Starting attempt 1 of 2
[2026-01-01T03:02:46.880+0000] {taskinstance.py:2330} INFO - Executing <Mapped(DfToCsvOperator): ingest_bctc> on 2026-01-01 02:33:43.210877+00:00
[2026-01-01T03:02:46.950+0000] {warnings.py:112} WARNING - This process (pid=25995) is multi-threaded, use of fork() may lead to deadlocks in the child.

[2026-01-01T03:02:46.956+0000] {standard_task_runner.py:64} INFO - Started process 26092 to run task
[2026-01-01T03:02:46.960+0000] {standard_task_runner.py:90} INFO - Running: ['***', 'tasks', 'run', 'thongtin_cty_bctc', 'ingest_bctc', 'manual__2026-01-01T02:33:43.210877+00:00', '--job-id', '2871', '--raw', '--subdir', 'DAGS_FOLDER/tt_cty_bctc.py', '--cfg-path', '/tmp/tmps3tju6au', '--map-index', '23']
[2026-01-01T03:02:46.972+0000] {standard_task_runner.py:91} INFO - Job 2871: Subtask ingest_bctc
[2026-01-01T03:02:47.124+0000] {task_command.py:426} INFO - Running <TaskInstance: thongtin_cty_bctc.ingest_bctc manual__2026-01-01T02:33:43.210877+00:00 map_index=23 [running]> on host 43b0a0f7606b
[2026-01-01T03:02:47.425+0000] {taskinstance.py:2648} INFO - Exporting env vars: AIRFLOW_CTX_DAG_OWNER='***' AIRFLOW_CTX_DAG_ID='thongtin_cty_bctc' AIRFLOW_CTX_TASK_ID='ingest_bctc' AIRFLOW_CTX_EXECUTION_DATE='2026-01-01T02:33:43.210877+00:00' AIRFLOW_CTX_TRY_NUMBER='1' AIRFLOW_CTX_DAG_RUN_ID='manual__2026-01-01T02:33:43.210877+00:00'
[2026-01-01T03:02:47.427+0000] {taskinstance.py:430} INFO - ::endgroup::
[2026-01-01T03:02:47.444+0000] {logging_mixin.py:188} INFO - Bắt đầu xử lý batch 3 mã: ['CSV', 'DPM', 'DGC']
[2026-01-01T03:02:47.444+0000] {logging_mixin.py:188} INFO -  >> Đang lấy dữ liệu: CSV
[2026-01-01T03:02:47.600+0000] {logging_mixin.py:188} INFO -  Lỗi xử lý mã CSV: Failed to fetch data: 429 - Too Many Requests
[2026-01-01T03:02:47.602+0000] {logging_mixin.py:188} INFO -  >> Đang lấy dữ liệu: DPM
[2026-01-01T03:02:47.730+0000] {logging_mixin.py:188} INFO -  Lỗi xử lý mã DPM: Failed to fetch data: 429 - Too Many Requests
[2026-01-01T03:02:47.738+0000] {logging_mixin.py:188} INFO -  >> Đang lấy dữ liệu: DGC
[2026-01-01T03:02:47.927+0000] {logging_mixin.py:188} INFO -  Lỗi xử lý mã DGC: Failed to fetch data: 429 - Too Many Requests
[2026-01-01T03:02:47.930+0000] {logging_mixin.py:188} INFO -  ⚠ Batch này không thu được dữ liệu nào.
[2026-01-01T03:02:47.936+0000] {datalake_df2csv.py:40} INFO - DataFrame rỗng, bỏ qua upload CSV.
[2026-01-01T03:02:47.951+0000] {taskinstance.py:441} INFO - ::group::Post task execution logs
[2026-01-01T03:02:47.975+0000] {taskinstance.py:1206} INFO - Marking task as SUCCESS. dag_id=thongtin_cty_bctc, task_id=ingest_bctc, run_id=manual__2026-01-01T02:33:43.210877+00:00, map_index=23, execution_date=20260101T023343, start_date=20260101T030246, end_date=20260101T030247
[2026-01-01T03:02:48.064+0000] {local_task_job_runner.py:243} INFO - Task exited with return code 0
[2026-01-01T03:02:48.099+0000] {taskinstance.py:3503} INFO - 0 downstream tasks scheduled from follow-on schedule check
[2026-01-01T03:02:48.113+0000] {local_task_job_runner.py:222} INFO - ::endgroup::
