[2026-01-01T03:16:38.703+0000] {local_task_job_runner.py:120} INFO - ::group::Pre task execution logs
[2026-01-01T03:16:38.799+0000] {taskinstance.py:2076} INFO - Dependencies all met for dep_context=non-requeueable deps ti=<TaskInstance: thongtin_cty_bctc.ingest_bctc scheduled__2025-12-30T00:00:00+00:00 map_index=64 [queued]>
[2026-01-01T03:16:38.839+0000] {taskinstance.py:2076} INFO - Dependencies all met for dep_context=requeueable deps ti=<TaskInstance: thongtin_cty_bctc.ingest_bctc scheduled__2025-12-30T00:00:00+00:00 map_index=64 [queued]>
[2026-01-01T03:16:38.841+0000] {taskinstance.py:2306} INFO - Starting attempt 3 of 4
[2026-01-01T03:16:38.867+0000] {taskinstance.py:2330} INFO - Executing <Mapped(DfToCsvOperator): ingest_bctc> on 2025-12-30 00:00:00+00:00
[2026-01-01T03:16:38.891+0000] {warnings.py:112} WARNING - This process (pid=35193) is multi-threaded, use of fork() may lead to deadlocks in the child.

[2026-01-01T03:16:38.893+0000] {standard_task_runner.py:64} INFO - Started process 35256 to run task
[2026-01-01T03:16:38.893+0000] {standard_task_runner.py:90} INFO - Running: ['***', 'tasks', 'run', 'thongtin_cty_bctc', 'ingest_bctc', 'scheduled__2025-12-30T00:00:00+00:00', '--job-id', '3655', '--raw', '--subdir', 'DAGS_FOLDER/tt_cty_bctc.py', '--cfg-path', '/tmp/tmpgg5n8phc', '--map-index', '64']
[2026-01-01T03:16:38.895+0000] {standard_task_runner.py:91} INFO - Job 3655: Subtask ingest_bctc
[2026-01-01T03:16:39.000+0000] {task_command.py:426} INFO - Running <TaskInstance: thongtin_cty_bctc.ingest_bctc scheduled__2025-12-30T00:00:00+00:00 map_index=64 [running]> on host 43b0a0f7606b
[2026-01-01T03:16:39.213+0000] {taskinstance.py:2648} INFO - Exporting env vars: AIRFLOW_CTX_DAG_OWNER='***' AIRFLOW_CTX_DAG_ID='thongtin_cty_bctc' AIRFLOW_CTX_TASK_ID='ingest_bctc' AIRFLOW_CTX_EXECUTION_DATE='2025-12-30T00:00:00+00:00' AIRFLOW_CTX_TRY_NUMBER='3' AIRFLOW_CTX_DAG_RUN_ID='scheduled__2025-12-30T00:00:00+00:00'
[2026-01-01T03:16:39.215+0000] {taskinstance.py:430} INFO - ::endgroup::
[2026-01-01T03:16:39.225+0000] {logging_mixin.py:188} INFO - Bắt đầu xử lý batch 3 mã: ['VBH', 'VBG', 'VBC']
[2026-01-01T03:16:39.226+0000] {logging_mixin.py:188} INFO -  >> Đang lấy dữ liệu: VBH
[2026-01-01T03:16:42.964+0000] {logging_mixin.py:188} INFO -  >> Đang lấy dữ liệu: VBG
[2026-01-01T03:16:45.640+0000] {logging_mixin.py:188} INFO -  >> Đang lấy dữ liệu: VBC
[2026-01-01T03:16:49.527+0000] {logging_mixin.py:188} INFO -  ✓ Hoàn thành batch. Tổng số dòng: 4895
[2026-01-01T03:16:49.578+0000] {base.py:84} INFO - Using connection ID 'minio_finance' for task execution.
[2026-01-01T03:16:49.579+0000] {connection_wrapper.py:384} INFO - AWS Connection (conn_id='minio_finance', conn_type='aws') credentials retrieved from login and password.
[2026-01-01T03:16:50.003+0000] {datalake_df2csv.py:53} INFO - ✅ Đã upload 4895 dòng -> s3://thongtin-congty-va-bctc/bctc/2025-12-30/batch_64.csv
[2026-01-01T03:16:50.005+0000] {taskinstance.py:441} INFO - ::group::Post task execution logs
[2026-01-01T03:16:50.014+0000] {taskinstance.py:1206} INFO - Marking task as SUCCESS. dag_id=thongtin_cty_bctc, task_id=ingest_bctc, run_id=scheduled__2025-12-30T00:00:00+00:00, map_index=64, execution_date=20251230T000000, start_date=20260101T031638, end_date=20260101T031650
[2026-01-01T03:16:50.085+0000] {local_task_job_runner.py:243} INFO - Task exited with return code 0
[2026-01-01T03:16:50.100+0000] {taskinstance.py:3503} INFO - 0 downstream tasks scheduled from follow-on schedule check
[2026-01-01T03:16:50.102+0000] {local_task_job_runner.py:222} INFO - ::endgroup::
