[2026-01-11T03:25:25.952+0000] {local_task_job_runner.py:120} INFO - ::group::Pre task execution logs
[2026-01-11T03:25:25.987+0000] {taskinstance.py:2076} INFO - Dependencies all met for dep_context=non-requeueable deps ti=<TaskInstance: bctc.ingest_bctc manual__2026-01-11T03:22:36.146797+00:00 map_index=78 [queued]>
[2026-01-11T03:25:26.009+0000] {taskinstance.py:2076} INFO - Dependencies all met for dep_context=requeueable deps ti=<TaskInstance: bctc.ingest_bctc manual__2026-01-11T03:22:36.146797+00:00 map_index=78 [queued]>
[2026-01-11T03:25:26.010+0000] {taskinstance.py:2306} INFO - Starting attempt 1 of 2
[2026-01-11T03:25:26.026+0000] {taskinstance.py:2330} INFO - Executing <Mapped(DfToCsvOperator): ingest_bctc> on 2026-01-11 03:22:36.146797+00:00
[2026-01-11T03:25:26.040+0000] {warnings.py:112} WARNING - This process (pid=4286) is multi-threaded, use of fork() may lead to deadlocks in the child.

[2026-01-11T03:25:26.041+0000] {standard_task_runner.py:64} INFO - Started process 4363 to run task
[2026-01-11T03:25:26.043+0000] {standard_task_runner.py:90} INFO - Running: ['***', 'tasks', 'run', 'bctc', 'ingest_bctc', 'manual__2026-01-11T03:22:36.146797+00:00', '--job-id', '9989', '--raw', '--subdir', 'DAGS_FOLDER/tt_cty_bctc.py', '--cfg-path', '/tmp/tmpxe0u0xcl', '--map-index', '78']
[2026-01-11T03:25:26.044+0000] {standard_task_runner.py:91} INFO - Job 9989: Subtask ingest_bctc
[2026-01-11T03:25:26.103+0000] {task_command.py:426} INFO - Running <TaskInstance: bctc.ingest_bctc manual__2026-01-11T03:22:36.146797+00:00 map_index=78 [running]> on host 3f2af93df813
[2026-01-11T03:25:26.220+0000] {taskinstance.py:2648} INFO - Exporting env vars: AIRFLOW_CTX_DAG_OWNER='***' AIRFLOW_CTX_DAG_ID='bctc' AIRFLOW_CTX_TASK_ID='ingest_bctc' AIRFLOW_CTX_EXECUTION_DATE='2026-01-11T03:22:36.146797+00:00' AIRFLOW_CTX_TRY_NUMBER='1' AIRFLOW_CTX_DAG_RUN_ID='manual__2026-01-11T03:22:36.146797+00:00'
[2026-01-11T03:25:26.221+0000] {taskinstance.py:430} INFO - ::endgroup::
[2026-01-11T03:25:26.229+0000] {logging_mixin.py:188} INFO - Bắt đầu xử lý batch 20 mã: ['BVB', 'BUD', 'BTW', 'BTV', 'BTU', 'BTT', 'BTS', 'BTP', 'BTN', 'BTH', 'BTG', 'BTD', 'BTB', 'BT6', 'BT1', 'BST', 'BSR', 'BSQ', 'BSP', 'BSL']
[2026-01-11T03:25:26.230+0000] {logging_mixin.py:188} INFO -  >> Đang lấy dữ liệu: BVB
[2026-01-11T03:25:26.371+0000] {logging_mixin.py:188} INFO -  Lỗi xử lý mã BVB: Failed to fetch data: 429 - Too Many Requests
[2026-01-11T03:25:26.372+0000] {logging_mixin.py:188} INFO -  >> Đang lấy dữ liệu: BUD
[2026-01-11T03:25:26.489+0000] {logging_mixin.py:188} INFO -  Lỗi xử lý mã BUD: Failed to fetch data: 429 - Too Many Requests
[2026-01-11T03:25:26.490+0000] {logging_mixin.py:188} INFO -  >> Đang lấy dữ liệu: BTW
[2026-01-11T03:25:27.110+0000] {logging_mixin.py:188} INFO -  Lỗi xử lý mã BTW: Failed to fetch data: 429 - Too Many Requests
[2026-01-11T03:25:27.111+0000] {logging_mixin.py:188} INFO -  >> Đang lấy dữ liệu: BTV
[2026-01-11T03:25:27.245+0000] {logging_mixin.py:188} INFO -  Lỗi xử lý mã BTV: Failed to fetch data: 429 - Too Many Requests
[2026-01-11T03:25:27.246+0000] {logging_mixin.py:188} INFO -  >> Đang lấy dữ liệu: BTU
[2026-01-11T03:25:27.611+0000] {logging_mixin.py:188} INFO -  Lỗi xử lý mã BTU: Failed to fetch data: 429 - Too Many Requests
[2026-01-11T03:25:27.612+0000] {logging_mixin.py:188} INFO -  >> Đang lấy dữ liệu: BTT
[2026-01-11T03:25:27.753+0000] {logging_mixin.py:188} INFO -  Lỗi xử lý mã BTT: Failed to fetch data: 429 - Too Many Requests
[2026-01-11T03:25:27.754+0000] {logging_mixin.py:188} INFO -  >> Đang lấy dữ liệu: BTS
[2026-01-11T03:25:27.894+0000] {logging_mixin.py:188} INFO -  Lỗi xử lý mã BTS: Failed to fetch data: 429 - Too Many Requests
[2026-01-11T03:25:27.895+0000] {logging_mixin.py:188} INFO -  >> Đang lấy dữ liệu: BTP
[2026-01-11T03:25:28.022+0000] {logging_mixin.py:188} INFO -  Lỗi xử lý mã BTP: Failed to fetch data: 429 - Too Many Requests
[2026-01-11T03:25:28.023+0000] {logging_mixin.py:188} INFO -  >> Đang lấy dữ liệu: BTN
[2026-01-11T03:25:28.235+0000] {logging_mixin.py:188} INFO -  Lỗi xử lý mã BTN: Failed to fetch data: 429 - Too Many Requests
[2026-01-11T03:25:28.236+0000] {logging_mixin.py:188} INFO -  >> Đang lấy dữ liệu: BTH
[2026-01-11T03:25:28.358+0000] {logging_mixin.py:188} INFO -  Lỗi xử lý mã BTH: Failed to fetch data: 429 - Too Many Requests
[2026-01-11T03:25:28.359+0000] {logging_mixin.py:188} INFO -  >> Đang lấy dữ liệu: BTG
[2026-01-11T03:25:29.246+0000] {logging_mixin.py:188} INFO -  Lỗi xử lý mã BTG: Failed to fetch data: 429 - Too Many Requests
[2026-01-11T03:25:29.247+0000] {logging_mixin.py:188} INFO -  >> Đang lấy dữ liệu: BTD
[2026-01-11T03:25:30.098+0000] {logging_mixin.py:188} INFO -  Lỗi xử lý mã BTD: Failed to fetch data: 429 - Too Many Requests
[2026-01-11T03:25:30.099+0000] {logging_mixin.py:188} INFO -  >> Đang lấy dữ liệu: BTB
[2026-01-11T03:25:30.239+0000] {logging_mixin.py:188} INFO -  Lỗi xử lý mã BTB: Failed to fetch data: 429 - Too Many Requests
[2026-01-11T03:25:30.240+0000] {logging_mixin.py:188} INFO -  >> Đang lấy dữ liệu: BT6
[2026-01-11T03:25:30.445+0000] {logging_mixin.py:188} INFO -  Lỗi xử lý mã BT6: Failed to fetch data: 429 - Too Many Requests
[2026-01-11T03:25:30.447+0000] {logging_mixin.py:188} INFO -  >> Đang lấy dữ liệu: BT1
[2026-01-11T03:25:30.678+0000] {logging_mixin.py:188} INFO -  Lỗi xử lý mã BT1: Failed to fetch data: 429 - Too Many Requests
[2026-01-11T03:25:30.679+0000] {logging_mixin.py:188} INFO -  >> Đang lấy dữ liệu: BST
[2026-01-11T03:25:31.728+0000] {logging_mixin.py:188} INFO -  Lỗi xử lý mã BST: Failed to fetch data: 429 - Too Many Requests
[2026-01-11T03:25:31.729+0000] {logging_mixin.py:188} INFO -  >> Đang lấy dữ liệu: BSR
[2026-01-11T03:25:32.127+0000] {logging_mixin.py:188} INFO -  Lỗi xử lý mã BSR: Failed to fetch data: 429 - Too Many Requests
[2026-01-11T03:25:32.128+0000] {logging_mixin.py:188} INFO -  >> Đang lấy dữ liệu: BSQ
[2026-01-11T03:25:32.281+0000] {logging_mixin.py:188} INFO -  Lỗi xử lý mã BSQ: Failed to fetch data: 429 - Too Many Requests
[2026-01-11T03:25:32.283+0000] {logging_mixin.py:188} INFO -  >> Đang lấy dữ liệu: BSP
[2026-01-11T03:25:32.412+0000] {logging_mixin.py:188} INFO -  Lỗi xử lý mã BSP: Failed to fetch data: 429 - Too Many Requests
[2026-01-11T03:25:32.413+0000] {logging_mixin.py:188} INFO -  >> Đang lấy dữ liệu: BSL
[2026-01-11T03:25:32.552+0000] {logging_mixin.py:188} INFO -  Lỗi xử lý mã BSL: Failed to fetch data: 429 - Too Many Requests
[2026-01-11T03:25:32.553+0000] {logging_mixin.py:188} INFO -  ⚠ Batch này không thu được dữ liệu nào.
[2026-01-11T03:25:32.556+0000] {datalake_df2csv.py:40} INFO - DataFrame rỗng, bỏ qua upload CSV.
[2026-01-11T03:25:32.556+0000] {taskinstance.py:441} INFO - ::group::Post task execution logs
[2026-01-11T03:25:32.795+0000] {taskinstance.py:1206} INFO - Marking task as SUCCESS. dag_id=bctc, task_id=ingest_bctc, run_id=manual__2026-01-11T03:22:36.146797+00:00, map_index=78, execution_date=20260111T032236, start_date=20260111T032525, end_date=20260111T032532
[2026-01-11T03:25:32.833+0000] {local_task_job_runner.py:243} INFO - Task exited with return code 0
[2026-01-11T03:25:32.866+0000] {taskinstance.py:3503} INFO - 0 downstream tasks scheduled from follow-on schedule check
[2026-01-11T03:25:32.869+0000] {local_task_job_runner.py:222} INFO - ::endgroup::
