[2025-12-31T14:42:14.713+0000] {local_task_job_runner.py:120} INFO - ::group::Pre task execution logs
[2025-12-31T14:42:14.754+0000] {taskinstance.py:2076} INFO - Dependencies all met for dep_context=non-requeueable deps ti=<TaskInstance: thongtin_cty_bctc.ingest_bctc manual__2025-12-31T14:34:21.190447+00:00 map_index=57 [queued]>
[2025-12-31T14:42:14.778+0000] {taskinstance.py:2076} INFO - Dependencies all met for dep_context=requeueable deps ti=<TaskInstance: thongtin_cty_bctc.ingest_bctc manual__2025-12-31T14:34:21.190447+00:00 map_index=57 [queued]>
[2025-12-31T14:42:14.779+0000] {taskinstance.py:2306} INFO - Starting attempt 1 of 2
[2025-12-31T14:42:14.796+0000] {taskinstance.py:2330} INFO - Executing <Mapped(DfToCsvOperator): ingest_bctc> on 2025-12-31 14:34:21.190447+00:00
[2025-12-31T14:42:14.814+0000] {warnings.py:112} WARNING - This process (pid=5846) is multi-threaded, use of fork() may lead to deadlocks in the child.

[2025-12-31T14:42:14.816+0000] {standard_task_runner.py:64} INFO - Started process 5890 to run task
[2025-12-31T14:42:14.818+0000] {standard_task_runner.py:90} INFO - Running: ['***', 'tasks', 'run', 'thongtin_cty_bctc', 'ingest_bctc', 'manual__2025-12-31T14:34:21.190447+00:00', '--job-id', '474', '--raw', '--subdir', 'DAGS_FOLDER/tt_cty_bctc.py', '--cfg-path', '/tmp/tmp598jkrwh', '--map-index', '57']
[2025-12-31T14:42:14.820+0000] {standard_task_runner.py:91} INFO - Job 474: Subtask ingest_bctc
[2025-12-31T14:42:14.880+0000] {task_command.py:426} INFO - Running <TaskInstance: thongtin_cty_bctc.ingest_bctc manual__2025-12-31T14:34:21.190447+00:00 map_index=57 [running]> on host 8bc7f11ea9a4
[2025-12-31T14:42:14.993+0000] {taskinstance.py:2648} INFO - Exporting env vars: AIRFLOW_CTX_DAG_OWNER='***' AIRFLOW_CTX_DAG_ID='thongtin_cty_bctc' AIRFLOW_CTX_TASK_ID='ingest_bctc' AIRFLOW_CTX_EXECUTION_DATE='2025-12-31T14:34:21.190447+00:00' AIRFLOW_CTX_TRY_NUMBER='1' AIRFLOW_CTX_DAG_RUN_ID='manual__2025-12-31T14:34:21.190447+00:00'
[2025-12-31T14:42:14.994+0000] {taskinstance.py:430} INFO - ::endgroup::
[2025-12-31T14:42:15.005+0000] {logging_mixin.py:188} INFO - Bắt đầu xử lý batch 20 mã: ['HGM', 'HGC', 'HGA', 'HFX', 'HFC', 'HFB', 'HEV', 'HES', 'HEP', 'HEM', 'HEJ', 'HEC', 'HDW', 'HDS', 'HDP', 'HDO', 'HDM', 'HDG', 'HDC', 'HDB']
[2025-12-31T14:42:15.006+0000] {logging_mixin.py:188} INFO -  >> Đang lấy dữ liệu: HGM
[2025-12-31T14:42:36.187+0000] {logging_mixin.py:188} INFO -  Lỗi xử lý mã HGM: Failed to fetch data: 429 - Too Many Requests
[2025-12-31T14:42:36.188+0000] {logging_mixin.py:188} INFO -  >> Đang lấy dữ liệu: HGC
[2025-12-31T14:42:36.313+0000] {logging_mixin.py:188} INFO -  Lỗi xử lý mã HGC: Failed to fetch data: 429 - Too Many Requests
[2025-12-31T14:42:36.314+0000] {logging_mixin.py:188} INFO -  >> Đang lấy dữ liệu: HGA
[2025-12-31T14:42:36.433+0000] {logging_mixin.py:188} INFO -  Lỗi xử lý mã HGA: Failed to fetch data: 429 - Too Many Requests
[2025-12-31T14:42:36.434+0000] {logging_mixin.py:188} INFO -  >> Đang lấy dữ liệu: HFX
[2025-12-31T14:42:36.740+0000] {logging_mixin.py:188} INFO -  Lỗi xử lý mã HFX: Failed to fetch data: 429 - Too Many Requests
[2025-12-31T14:42:36.741+0000] {logging_mixin.py:188} INFO -  >> Đang lấy dữ liệu: HFC
[2025-12-31T14:42:36.864+0000] {logging_mixin.py:188} INFO -  Lỗi xử lý mã HFC: Failed to fetch data: 429 - Too Many Requests
[2025-12-31T14:42:36.865+0000] {logging_mixin.py:188} INFO -  >> Đang lấy dữ liệu: HFB
[2025-12-31T14:42:37.068+0000] {logging_mixin.py:188} INFO -  Lỗi xử lý mã HFB: Failed to fetch data: 429 - Too Many Requests
[2025-12-31T14:42:37.069+0000] {logging_mixin.py:188} INFO -  >> Đang lấy dữ liệu: HEV
[2025-12-31T14:42:37.285+0000] {logging_mixin.py:188} INFO -  Lỗi xử lý mã HEV: Failed to fetch data: 429 - Too Many Requests
[2025-12-31T14:42:37.288+0000] {logging_mixin.py:188} INFO -  >> Đang lấy dữ liệu: HES
[2025-12-31T14:42:37.547+0000] {logging_mixin.py:188} INFO -  Lỗi xử lý mã HES: Failed to fetch data: 429 - Too Many Requests
[2025-12-31T14:42:37.548+0000] {logging_mixin.py:188} INFO -  >> Đang lấy dữ liệu: HEP
[2025-12-31T14:42:37.746+0000] {logging_mixin.py:188} INFO -  Lỗi xử lý mã HEP: Failed to fetch data: 429 - Too Many Requests
[2025-12-31T14:42:37.747+0000] {logging_mixin.py:188} INFO -  >> Đang lấy dữ liệu: HEM
[2025-12-31T14:42:37.864+0000] {logging_mixin.py:188} INFO -  Lỗi xử lý mã HEM: Failed to fetch data: 429 - Too Many Requests
[2025-12-31T14:42:37.866+0000] {logging_mixin.py:188} INFO -  >> Đang lấy dữ liệu: HEJ
[2025-12-31T14:42:38.036+0000] {logging_mixin.py:188} INFO -  Lỗi xử lý mã HEJ: Failed to fetch data: 429 - Too Many Requests
[2025-12-31T14:42:38.041+0000] {logging_mixin.py:188} INFO -  >> Đang lấy dữ liệu: HEC
[2025-12-31T14:42:38.203+0000] {logging_mixin.py:188} INFO -  Lỗi xử lý mã HEC: Failed to fetch data: 429 - Too Many Requests
[2025-12-31T14:42:38.205+0000] {logging_mixin.py:188} INFO -  >> Đang lấy dữ liệu: HDW
[2025-12-31T14:42:38.581+0000] {logging_mixin.py:188} INFO -  Lỗi xử lý mã HDW: Failed to fetch data: 429 - Too Many Requests
[2025-12-31T14:42:38.582+0000] {logging_mixin.py:188} INFO -  >> Đang lấy dữ liệu: HDS
[2025-12-31T14:42:38.782+0000] {logging_mixin.py:188} INFO -  Lỗi xử lý mã HDS: Failed to fetch data: 429 - Too Many Requests
[2025-12-31T14:42:38.783+0000] {logging_mixin.py:188} INFO -  >> Đang lấy dữ liệu: HDP
[2025-12-31T14:42:39.119+0000] {logging_mixin.py:188} INFO -  Lỗi xử lý mã HDP: Failed to fetch data: 429 - Too Many Requests
[2025-12-31T14:42:39.126+0000] {logging_mixin.py:188} INFO -  >> Đang lấy dữ liệu: HDO
[2025-12-31T14:42:39.266+0000] {logging_mixin.py:188} INFO -  Lỗi xử lý mã HDO: Failed to fetch data: 429 - Too Many Requests
[2025-12-31T14:42:39.269+0000] {logging_mixin.py:188} INFO -  >> Đang lấy dữ liệu: HDM
[2025-12-31T14:42:39.404+0000] {logging_mixin.py:188} INFO -  Lỗi xử lý mã HDM: Failed to fetch data: 429 - Too Many Requests
[2025-12-31T14:42:39.408+0000] {logging_mixin.py:188} INFO -  >> Đang lấy dữ liệu: HDG
[2025-12-31T14:42:39.546+0000] {logging_mixin.py:188} INFO -  Lỗi xử lý mã HDG: Failed to fetch data: 429 - Too Many Requests
[2025-12-31T14:42:39.548+0000] {logging_mixin.py:188} INFO -  >> Đang lấy dữ liệu: HDC
[2025-12-31T14:42:39.666+0000] {logging_mixin.py:188} INFO -  Lỗi xử lý mã HDC: Failed to fetch data: 429 - Too Many Requests
[2025-12-31T14:42:39.667+0000] {logging_mixin.py:188} INFO -  >> Đang lấy dữ liệu: HDB
[2025-12-31T14:42:39.798+0000] {logging_mixin.py:188} INFO -  Lỗi xử lý mã HDB: Failed to fetch data: 429 - Too Many Requests
[2025-12-31T14:42:39.800+0000] {logging_mixin.py:188} INFO -  ⚠ Batch này không thu được dữ liệu nào.
[2025-12-31T14:42:39.805+0000] {datalake_df2csv.py:40} INFO - DataFrame rỗng, bỏ qua upload CSV.
[2025-12-31T14:42:39.806+0000] {taskinstance.py:441} INFO - ::group::Post task execution logs
[2025-12-31T14:42:39.824+0000] {taskinstance.py:1206} INFO - Marking task as SUCCESS. dag_id=thongtin_cty_bctc, task_id=ingest_bctc, run_id=manual__2025-12-31T14:34:21.190447+00:00, map_index=57, execution_date=20251231T143421, start_date=20251231T144214, end_date=20251231T144239
[2025-12-31T14:42:39.886+0000] {local_task_job_runner.py:243} INFO - Task exited with return code 0
[2025-12-31T14:42:39.915+0000] {taskinstance.py:3503} INFO - 0 downstream tasks scheduled from follow-on schedule check
[2025-12-31T14:42:39.922+0000] {local_task_job_runner.py:222} INFO - ::endgroup::
