[2026-01-05T14:23:37.898+0000] {local_task_job_runner.py:120} INFO - ::group::Pre task execution logs
[2026-01-05T14:23:37.936+0000] {taskinstance.py:2076} INFO - Dependencies all met for dep_context=non-requeueable deps ti=<TaskInstance: daily_price_collection.fetch_daily_price manual__2026-01-05T13:10:09.326583+00:00 [queued]>
[2026-01-05T14:23:37.962+0000] {taskinstance.py:2076} INFO - Dependencies all met for dep_context=requeueable deps ti=<TaskInstance: daily_price_collection.fetch_daily_price manual__2026-01-05T13:10:09.326583+00:00 [queued]>
[2026-01-05T14:23:37.964+0000] {taskinstance.py:2306} INFO - Starting attempt 2 of 2
[2026-01-05T14:23:38.010+0000] {taskinstance.py:2330} INFO - Executing <Task(DfToCsvOperator): fetch_daily_price> on 2026-01-05 13:10:09.326583+00:00
[2026-01-05T14:23:38.029+0000] {warnings.py:112} WARNING - This process (pid=188) is multi-threaded, use of fork() may lead to deadlocks in the child.

[2026-01-05T14:23:38.035+0000] {standard_task_runner.py:64} INFO - Started process 198 to run task
[2026-01-05T14:23:38.041+0000] {standard_task_runner.py:90} INFO - Running: ['***', 'tasks', 'run', 'daily_price_collection', 'fetch_daily_price', 'manual__2026-01-05T13:10:09.326583+00:00', '--job-id', '5169', '--raw', '--subdir', 'DAGS_FOLDER/daily_price_collection.py', '--cfg-path', '/tmp/tmpflmw59bx']
[2026-01-05T14:23:38.048+0000] {standard_task_runner.py:91} INFO - Job 5169: Subtask fetch_daily_price
[2026-01-05T14:23:38.160+0000] {task_command.py:426} INFO - Running <TaskInstance: daily_price_collection.fetch_daily_price manual__2026-01-05T13:10:09.326583+00:00 [running]> on host 352be4efd2d1
[2026-01-05T14:23:38.338+0000] {taskinstance.py:2648} INFO - Exporting env vars: AIRFLOW_CTX_DAG_OWNER='***' AIRFLOW_CTX_DAG_ID='daily_price_collection' AIRFLOW_CTX_TASK_ID='fetch_daily_price' AIRFLOW_CTX_EXECUTION_DATE='2026-01-05T13:10:09.326583+00:00' AIRFLOW_CTX_TRY_NUMBER='2' AIRFLOW_CTX_DAG_RUN_ID='manual__2026-01-05T13:10:09.326583+00:00'
[2026-01-05T14:23:38.340+0000] {taskinstance.py:430} INFO - ::endgroup::
[2026-01-05T14:23:38.857+0000] {logging_mixin.py:188} INFO - [daily_price] Collecting 1731 tickers for 2026-01-05 (batch_size=1)
[2026-01-05T14:23:40.605+0000] {logging_mixin.py:188} INFO - [daily_price] Progress 1/1731 | collected=0 | missing_streak=1
[2026-01-05T14:24:19.719+0000] {logging_mixin.py:188} INFO - [daily_price] Progress 20/1731 | collected=8 | missing_streak=0
[2026-01-05T14:24:58.779+0000] {logging_mixin.py:188} INFO - [daily_price] Progress 40/1731 | collected=18 | missing_streak=1
[2026-01-05T14:25:40.848+0000] {logging_mixin.py:188} INFO - [daily_price] Progress 60/1731 | collected=33 | missing_streak=0
[2026-01-05T14:26:23.847+0000] {logging_mixin.py:188} INFO - [daily_price] Progress 80/1731 | collected=46 | missing_streak=3
[2026-01-05T14:27:05.645+0000] {logging_mixin.py:188} INFO - [daily_price] Progress 100/1731 | collected=60 | missing_streak=1
[2026-01-05T14:27:45.176+0000] {logging_mixin.py:188} INFO - VIS: RetryError[<Future at 0x7f15f77d2540 state=finished raised ValueError>] | retry 1/3 in 1.5s
[2026-01-05T14:27:52.475+0000] {logging_mixin.py:188} INFO - VIS: RetryError[<Future at 0x7f160c2d56a0 state=finished raised ValueError>] | retry 2/3 in 3.0s
[2026-01-05T14:28:00.708+0000] {logging_mixin.py:188} INFO - VIS: RetryError[<Future at 0x7f160c32bc20 state=finished raised ValueError>] | retry 3/3 in 4.5s
[2026-01-05T14:28:12.579+0000] {logging_mixin.py:188} INFO - [daily_price] Progress 120/1731 | collected=71 | missing_streak=0
[2026-01-05T14:28:39.335+0000] {logging_mixin.py:188} INFO - VHI: RetryError[<Future at 0x7f160c2d69f0 state=finished raised ValueError>] | retry 1/3 in 1.5s
[2026-01-05T14:28:45.483+0000] {logging_mixin.py:188} INFO - VHI: RetryError[<Future at 0x7f160c2d6c60 state=finished raised ValueError>] | retry 2/3 in 3.0s
[2026-01-05T14:28:53.973+0000] {logging_mixin.py:188} INFO - VHI: RetryError[<Future at 0x7f160c2d5f10 state=finished raised ValueError>] | retry 3/3 in 4.5s
[2026-01-05T14:29:14.541+0000] {logging_mixin.py:188} INFO - [daily_price] Progress 140/1731 | collected=85 | missing_streak=0
[2026-01-05T14:29:52.847+0000] {logging_mixin.py:188} INFO - [daily_price] Progress 160/1731 | collected=99 | missing_streak=3
[2026-01-05T14:30:12.033+0000] {logging_mixin.py:188} INFO - VDM: RetryError[<Future at 0x7f160c34d430 state=finished raised ValueError>] | retry 1/3 in 1.5s
[2026-01-05T14:30:18.132+0000] {logging_mixin.py:188} INFO - VDM: RetryError[<Future at 0x7f160c2a7a40 state=finished raised ValueError>] | retry 2/3 in 3.0s
[2026-01-05T14:30:26.061+0000] {logging_mixin.py:188} INFO - VDM: RetryError[<Future at 0x7f160c2d58b0 state=finished raised ValueError>] | retry 3/3 in 4.5s
