[2026-01-01T08:57:54.859+0000] {local_task_job_runner.py:120} INFO - ::group::Pre task execution logs
[2026-01-01T08:57:54.904+0000] {taskinstance.py:2076} INFO - Dependencies all met for dep_context=non-requeueable deps ti=<TaskInstance: thongtin_cty_bctc.ingest_overview manual__2026-01-01T00:00:00+00:00 map_index=105 [queued]>
[2026-01-01T08:57:54.934+0000] {taskinstance.py:2076} INFO - Dependencies all met for dep_context=requeueable deps ti=<TaskInstance: thongtin_cty_bctc.ingest_overview manual__2026-01-01T00:00:00+00:00 map_index=105 [queued]>
[2026-01-01T08:57:54.935+0000] {taskinstance.py:2306} INFO - Starting attempt 1 of 2
[2026-01-01T08:57:54.952+0000] {taskinstance.py:2330} INFO - Executing <Mapped(DfToCsvOperator): ingest_overview> on 2026-01-01 00:00:00+00:00
[2026-01-01T08:57:54.964+0000] {warnings.py:112} WARNING - This process (pid=4746) is multi-threaded, use of fork() may lead to deadlocks in the child.

[2026-01-01T08:57:54.965+0000] {standard_task_runner.py:64} INFO - Started process 4782 to run task
[2026-01-01T08:57:54.967+0000] {standard_task_runner.py:90} INFO - Running: ['***', 'tasks', 'run', 'thongtin_cty_bctc', 'ingest_overview', 'manual__2026-01-01T00:00:00+00:00', '--job-id', '4156', '--raw', '--subdir', 'DAGS_FOLDER/tt_cty_bctc.py', '--cfg-path', '/tmp/tmphddy9xo5', '--map-index', '105']
[2026-01-01T08:57:54.969+0000] {standard_task_runner.py:91} INFO - Job 4156: Subtask ingest_overview
[2026-01-01T08:57:55.022+0000] {task_command.py:426} INFO - Running <TaskInstance: thongtin_cty_bctc.ingest_overview manual__2026-01-01T00:00:00+00:00 map_index=105 [running]> on host b455963a0603
[2026-01-01T08:57:55.413+0000] {taskinstance.py:2648} INFO - Exporting env vars: AIRFLOW_CTX_DAG_OWNER='***' AIRFLOW_CTX_DAG_ID='thongtin_cty_bctc' AIRFLOW_CTX_TASK_ID='ingest_overview' AIRFLOW_CTX_EXECUTION_DATE='2026-01-01T00:00:00+00:00' AIRFLOW_CTX_TRY_NUMBER='1' AIRFLOW_CTX_DAG_RUN_ID='manual__2026-01-01T00:00:00+00:00'
[2026-01-01T08:57:55.415+0000] {taskinstance.py:430} INFO - ::endgroup::
[2026-01-01T08:57:55.636+0000] {warnings.py:112} WARNING - DataFrame.applymap has been deprecated. Use DataFrame.map instead.

[2026-01-01T08:57:56.796+0000] {warnings.py:112} WARNING - DataFrame.applymap has been deprecated. Use DataFrame.map instead.

[2026-01-01T08:57:58.054+0000] {warnings.py:112} WARNING - DataFrame.applymap has been deprecated. Use DataFrame.map instead.

[2026-01-01T08:57:59.086+0000] {base.py:84} INFO - Using connection ID 'minio_finance' for task execution.
[2026-01-01T08:57:59.088+0000] {connection_wrapper.py:384} INFO - AWS Connection (conn_id='minio_finance', conn_type='aws') credentials retrieved from login and password.
[2026-01-01T08:57:59.673+0000] {datalake_df2csv.py:53} INFO - ✅ Đã upload 3 dòng -> s3://thongtin-congty-va-bctc/overview/2026-01-01/batch_105.csv
[2026-01-01T08:57:59.674+0000] {taskinstance.py:441} INFO - ::group::Post task execution logs
[2026-01-01T08:57:59.693+0000] {taskinstance.py:1206} INFO - Marking task as SUCCESS. dag_id=thongtin_cty_bctc, task_id=ingest_overview, run_id=manual__2026-01-01T00:00:00+00:00, map_index=105, execution_date=20260101T000000, start_date=20260101T085754, end_date=20260101T085759
[2026-01-01T08:57:59.798+0000] {local_task_job_runner.py:243} INFO - Task exited with return code 0
[2026-01-01T08:57:59.814+0000] {local_task_job_runner.py:222} INFO - ::endgroup::
