[2026-01-12T15:26:09.125+0000] {local_task_job_runner.py:120} INFO - ::group::Pre task execution logs
[2026-01-12T15:26:09.242+0000] {taskinstance.py:2076} INFO - Dependencies all met for dep_context=non-requeueable deps ti=<TaskInstance: financial_ratios_etl.ingest_financial_ratios manual__2026-01-12T15:14:43+00:00 map_index=726 [queued]>
[2026-01-12T15:26:09.325+0000] {taskinstance.py:2076} INFO - Dependencies all met for dep_context=requeueable deps ti=<TaskInstance: financial_ratios_etl.ingest_financial_ratios manual__2026-01-12T15:14:43+00:00 map_index=726 [queued]>
[2026-01-12T15:26:09.325+0000] {taskinstance.py:2306} INFO - Starting attempt 1 of 2
[2026-01-12T15:26:09.347+0000] {taskinstance.py:2330} INFO - Executing <Mapped(DfToCsvOperator): ingest_financial_ratios> on 2026-01-12 15:14:43+00:00
[2026-01-12T15:26:09.364+0000] {warnings.py:112} WARNING - This process (pid=9575) is multi-threaded, use of fork() may lead to deadlocks in the child.

[2026-01-12T15:26:09.366+0000] {standard_task_runner.py:64} INFO - Started process 9649 to run task
[2026-01-12T15:26:09.371+0000] {standard_task_runner.py:90} INFO - Running: ['***', 'tasks', 'run', 'financial_ratios_etl', 'ingest_financial_ratios', 'manual__2026-01-12T15:14:43+00:00', '--job-id', '14431', '--raw', '--subdir', 'DAGS_FOLDER/financial_ratios_etl.py', '--cfg-path', '/tmp/tmpvmvnncnv', '--map-index', '726']
[2026-01-12T15:26:09.376+0000] {standard_task_runner.py:91} INFO - Job 14431: Subtask ingest_financial_ratios
[2026-01-12T15:26:09.452+0000] {task_command.py:426} INFO - Running <TaskInstance: financial_ratios_etl.ingest_financial_ratios manual__2026-01-12T15:14:43+00:00 map_index=726 [running]> on host 5a20a797a43c
[2026-01-12T15:26:09.666+0000] {taskinstance.py:2648} INFO - Exporting env vars: AIRFLOW_CTX_DAG_OWNER='***' AIRFLOW_CTX_DAG_ID='financial_ratios_etl' AIRFLOW_CTX_TASK_ID='ingest_financial_ratios' AIRFLOW_CTX_EXECUTION_DATE='2026-01-12T15:14:43+00:00' AIRFLOW_CTX_TRY_NUMBER='1' AIRFLOW_CTX_DAG_RUN_ID='manual__2026-01-12T15:14:43+00:00'
[2026-01-12T15:26:09.668+0000] {taskinstance.py:430} INFO - ::endgroup::
[2026-01-12T15:26:09.679+0000] {logging_mixin.py:188} INFO - [RATIO] Bắt đầu xử lý batch 2 mã: ['CRV', 'CRE']
[2026-01-12T15:26:09.680+0000] {logging_mixin.py:188} INFO - [RATIO] Kỳ dữ liệu: quarter
[2026-01-12T15:26:09.681+0000] {logging_mixin.py:188} INFO -  >> [RATIO] Đang lấy dữ liệu: CRV
[2026-01-12T15:26:10.413+0000] {logging_mixin.py:188} INFO -  ✓ [RATIO] CRV: 17 rows
[2026-01-12T15:26:12.414+0000] {logging_mixin.py:188} INFO -  >> [RATIO] Đang lấy dữ liệu: CRE
[2026-01-12T15:26:14.207+0000] {logging_mixin.py:188} INFO -  ✓ [RATIO] CRE: 31 rows
[2026-01-12T15:26:16.209+0000] {logging_mixin.py:188} INFO -  ✅ [RATIO] Hoàn thành batch. Tổng số dòng: 48
[2026-01-12T15:26:16.227+0000] {base.py:84} INFO - Using connection ID 'minio_finance' for task execution.
[2026-01-12T15:26:16.228+0000] {connection_wrapper.py:384} INFO - AWS Connection (conn_id='minio_finance', conn_type='aws') credentials retrieved from login and password.
[2026-01-12T15:26:16.893+0000] {datalake_df2csv.py:52} INFO - ✅ Đã upload 48 dòng -> s3://thongtin-congty-va-bctc/financial_ratios/2026-01-12/batch_726.csv
[2026-01-12T15:26:16.894+0000] {taskinstance.py:441} INFO - ::group::Post task execution logs
[2026-01-12T15:26:16.906+0000] {taskinstance.py:1206} INFO - Marking task as SUCCESS. dag_id=financial_ratios_etl, task_id=ingest_financial_ratios, run_id=manual__2026-01-12T15:14:43+00:00, map_index=726, execution_date=20260112T151443, start_date=20260112T152609, end_date=20260112T152616
[2026-01-12T15:26:16.959+0000] {local_task_job_runner.py:243} INFO - Task exited with return code 0
[2026-01-12T15:26:16.982+0000] {taskinstance.py:3503} INFO - 0 downstream tasks scheduled from follow-on schedule check
[2026-01-12T15:26:16.984+0000] {local_task_job_runner.py:222} INFO - ::endgroup::
