[2026-01-13T13:23:21.362+0000] {local_task_job_runner.py:120} INFO - ::group::Pre task execution logs
[2026-01-13T13:23:21.422+0000] {taskinstance.py:2076} INFO - Dependencies all met for dep_context=non-requeueable deps ti=<TaskInstance: bctc.ingest_bctc manual__2026-01-13T13:17:52+00:00 map_index=30 [queued]>
[2026-01-13T13:23:21.465+0000] {taskinstance.py:2076} INFO - Dependencies all met for dep_context=requeueable deps ti=<TaskInstance: bctc.ingest_bctc manual__2026-01-13T13:17:52+00:00 map_index=30 [queued]>
[2026-01-13T13:23:21.466+0000] {taskinstance.py:2306} INFO - Starting attempt 1 of 2
[2026-01-13T13:23:21.489+0000] {taskinstance.py:2330} INFO - Executing <Mapped(DfToCsvOperator): ingest_bctc> on 2026-01-13 13:17:52+00:00
[2026-01-13T13:23:21.507+0000] {warnings.py:112} WARNING - This process (pid=1525) is multi-threaded, use of fork() may lead to deadlocks in the child.

[2026-01-13T13:23:21.509+0000] {standard_task_runner.py:64} INFO - Started process 1550 to run task
[2026-01-13T13:23:21.512+0000] {standard_task_runner.py:90} INFO - Running: ['***', 'tasks', 'run', 'bctc', 'ingest_bctc', 'manual__2026-01-13T13:17:52+00:00', '--job-id', '14991', '--raw', '--subdir', 'DAGS_FOLDER/tt_cty_bctc.py', '--cfg-path', '/tmp/tmptnk4xjz3', '--map-index', '30']
[2026-01-13T13:23:21.517+0000] {standard_task_runner.py:91} INFO - Job 14991: Subtask ingest_bctc
[2026-01-13T13:23:21.599+0000] {task_command.py:426} INFO - Running <TaskInstance: bctc.ingest_bctc manual__2026-01-13T13:17:52+00:00 map_index=30 [running]> on host 03cf7cc79cc9
[2026-01-13T13:23:21.735+0000] {taskinstance.py:2648} INFO - Exporting env vars: AIRFLOW_CTX_DAG_OWNER='***' AIRFLOW_CTX_DAG_ID='bctc' AIRFLOW_CTX_TASK_ID='ingest_bctc' AIRFLOW_CTX_EXECUTION_DATE='2026-01-13T13:17:52+00:00' AIRFLOW_CTX_TRY_NUMBER='1' AIRFLOW_CTX_DAG_RUN_ID='manual__2026-01-13T13:17:52+00:00'
[2026-01-13T13:23:21.737+0000] {taskinstance.py:430} INFO - ::endgroup::
[2026-01-13T13:23:21.746+0000] {logging_mixin.py:188} INFO - Bắt đầu xử lý batch 20 mã: ['PX1', 'PWS', 'PWA', 'PVY', 'PVX', 'PVV', 'PVT', 'PVS', 'PVR', 'PVP', 'PVO', 'PVM', 'PVL', 'PVI', 'PVH', 'PVG', 'PVE', 'PVD', 'PVC', 'PVB']
[2026-01-13T13:23:21.747+0000] {logging_mixin.py:188} INFO -  >> Đang lấy dữ liệu: PX1
[2026-01-13T13:23:21.764+0000] {log.py:232} WARNING - 2026-01-13 13:23:21 - vnstock.core.utils.client - ERROR - API request failed: HTTPSConnectionPool(host='trading.vietcap.com.vn', port=443): Max retries exceeded with url: /data-mt/graphql (Caused by NameResolutionError("<urllib3.connection.HTTPSConnection object at 0x7fb998d46600>: Failed to resolve 'trading.vietcap.com.vn' ([Errno -2] Name or service not known)"))
[2026-01-13T13:23:21.763+0000] {client.py:414} ERROR - API request failed: HTTPSConnectionPool(host='trading.vietcap.com.vn', port=443): Max retries exceeded with url: /data-mt/graphql (Caused by NameResolutionError("<urllib3.connection.HTTPSConnection object at 0x7fb998d46600>: Failed to resolve 'trading.vietcap.com.vn' ([Errno -2] Name or service not known)"))
[2026-01-13T13:23:21.766+0000] {logging_mixin.py:188} INFO -  Lỗi xử lý mã PX1: API request failed: HTTPSConnectionPool(host='trading.vietcap.com.vn', port=443): Max retries exceeded with url: /data-mt/graphql (Caused by NameResolutionError("<urllib3.connection.HTTPSConnection object at 0x7fb998d46600>: Failed to resolve 'trading.vietcap.com.vn' ([Errno -2] Name or service not known)"))
[2026-01-13T13:23:21.766+0000] {logging_mixin.py:188} INFO -  >> Đang lấy dữ liệu: PWS
[2026-01-13T13:23:21.773+0000] {log.py:232} WARNING - 2026-01-13 13:23:21 - vnstock.core.utils.client - ERROR - API request failed: HTTPSConnectionPool(host='trading.vietcap.com.vn', port=443): Max retries exceeded with url: /data-mt/graphql (Caused by NameResolutionError("<urllib3.connection.HTTPSConnection object at 0x7fb998d74050>: Failed to resolve 'trading.vietcap.com.vn' ([Errno -2] Name or service not known)"))
[2026-01-13T13:23:21.773+0000] {client.py:414} ERROR - API request failed: HTTPSConnectionPool(host='trading.vietcap.com.vn', port=443): Max retries exceeded with url: /data-mt/graphql (Caused by NameResolutionError("<urllib3.connection.HTTPSConnection object at 0x7fb998d74050>: Failed to resolve 'trading.vietcap.com.vn' ([Errno -2] Name or service not known)"))
[2026-01-13T13:23:21.775+0000] {logging_mixin.py:188} INFO -  Lỗi xử lý mã PWS: API request failed: HTTPSConnectionPool(host='trading.vietcap.com.vn', port=443): Max retries exceeded with url: /data-mt/graphql (Caused by NameResolutionError("<urllib3.connection.HTTPSConnection object at 0x7fb998d74050>: Failed to resolve 'trading.vietcap.com.vn' ([Errno -2] Name or service not known)"))
[2026-01-13T13:23:21.775+0000] {logging_mixin.py:188} INFO -  >> Đang lấy dữ liệu: PWA
[2026-01-13T13:23:21.784+0000] {log.py:232} WARNING - 2026-01-13 13:23:21 - vnstock.core.utils.client - ERROR - API request failed: HTTPSConnectionPool(host='trading.vietcap.com.vn', port=443): Max retries exceeded with url: /data-mt/graphql (Caused by NameResolutionError("<urllib3.connection.HTTPSConnection object at 0x7fb998d75490>: Failed to resolve 'trading.vietcap.com.vn' ([Errno -2] Name or service not known)"))
[2026-01-13T13:23:21.784+0000] {client.py:414} ERROR - API request failed: HTTPSConnectionPool(host='trading.vietcap.com.vn', port=443): Max retries exceeded with url: /data-mt/graphql (Caused by NameResolutionError("<urllib3.connection.HTTPSConnection object at 0x7fb998d75490>: Failed to resolve 'trading.vietcap.com.vn' ([Errno -2] Name or service not known)"))
[2026-01-13T13:23:21.793+0000] {logging_mixin.py:188} INFO -  Lỗi xử lý mã PWA: API request failed: HTTPSConnectionPool(host='trading.vietcap.com.vn', port=443): Max retries exceeded with url: /data-mt/graphql (Caused by NameResolutionError("<urllib3.connection.HTTPSConnection object at 0x7fb998d75490>: Failed to resolve 'trading.vietcap.com.vn' ([Errno -2] Name or service not known)"))
[2026-01-13T13:23:21.794+0000] {logging_mixin.py:188} INFO -  >> Đang lấy dữ liệu: PVY
[2026-01-13T13:23:21.803+0000] {log.py:232} WARNING - 2026-01-13 13:23:21 - vnstock.core.utils.client - ERROR - API request failed: HTTPSConnectionPool(host='trading.vietcap.com.vn', port=443): Max retries exceeded with url: /data-mt/graphql (Caused by NameResolutionError("<urllib3.connection.HTTPSConnection object at 0x7fb998ef6f60>: Failed to resolve 'trading.vietcap.com.vn' ([Errno -2] Name or service not known)"))
[2026-01-13T13:23:21.803+0000] {client.py:414} ERROR - API request failed: HTTPSConnectionPool(host='trading.vietcap.com.vn', port=443): Max retries exceeded with url: /data-mt/graphql (Caused by NameResolutionError("<urllib3.connection.HTTPSConnection object at 0x7fb998ef6f60>: Failed to resolve 'trading.vietcap.com.vn' ([Errno -2] Name or service not known)"))
[2026-01-13T13:23:21.805+0000] {logging_mixin.py:188} INFO -  Lỗi xử lý mã PVY: API request failed: HTTPSConnectionPool(host='trading.vietcap.com.vn', port=443): Max retries exceeded with url: /data-mt/graphql (Caused by NameResolutionError("<urllib3.connection.HTTPSConnection object at 0x7fb998ef6f60>: Failed to resolve 'trading.vietcap.com.vn' ([Errno -2] Name or service not known)"))
[2026-01-13T13:23:21.806+0000] {logging_mixin.py:188} INFO -  >> Đang lấy dữ liệu: PVX
[2026-01-13T13:23:21.815+0000] {log.py:232} WARNING - 2026-01-13 13:23:21 - vnstock.core.utils.client - ERROR - API request failed: HTTPSConnectionPool(host='trading.vietcap.com.vn', port=443): Max retries exceeded with url: /data-mt/graphql (Caused by NameResolutionError("<urllib3.connection.HTTPSConnection object at 0x7fb998d75790>: Failed to resolve 'trading.vietcap.com.vn' ([Errno -2] Name or service not known)"))
[2026-01-13T13:23:21.815+0000] {client.py:414} ERROR - API request failed: HTTPSConnectionPool(host='trading.vietcap.com.vn', port=443): Max retries exceeded with url: /data-mt/graphql (Caused by NameResolutionError("<urllib3.connection.HTTPSConnection object at 0x7fb998d75790>: Failed to resolve 'trading.vietcap.com.vn' ([Errno -2] Name or service not known)"))
[2026-01-13T13:23:21.817+0000] {logging_mixin.py:188} INFO -  Lỗi xử lý mã PVX: API request failed: HTTPSConnectionPool(host='trading.vietcap.com.vn', port=443): Max retries exceeded with url: /data-mt/graphql (Caused by NameResolutionError("<urllib3.connection.HTTPSConnection object at 0x7fb998d75790>: Failed to resolve 'trading.vietcap.com.vn' ([Errno -2] Name or service not known)"))
[2026-01-13T13:23:21.817+0000] {logging_mixin.py:188} INFO -  >> Đang lấy dữ liệu: PVV
[2026-01-13T13:23:21.823+0000] {log.py:232} WARNING - 2026-01-13 13:23:21 - vnstock.core.utils.client - ERROR - API request failed: HTTPSConnectionPool(host='trading.vietcap.com.vn', port=443): Max retries exceeded with url: /data-mt/graphql (Caused by NameResolutionError("<urllib3.connection.HTTPSConnection object at 0x7fb998d76900>: Failed to resolve 'trading.vietcap.com.vn' ([Errno -2] Name or service not known)"))
[2026-01-13T13:23:21.823+0000] {client.py:414} ERROR - API request failed: HTTPSConnectionPool(host='trading.vietcap.com.vn', port=443): Max retries exceeded with url: /data-mt/graphql (Caused by NameResolutionError("<urllib3.connection.HTTPSConnection object at 0x7fb998d76900>: Failed to resolve 'trading.vietcap.com.vn' ([Errno -2] Name or service not known)"))
[2026-01-13T13:23:21.825+0000] {logging_mixin.py:188} INFO -  Lỗi xử lý mã PVV: API request failed: HTTPSConnectionPool(host='trading.vietcap.com.vn', port=443): Max retries exceeded with url: /data-mt/graphql (Caused by NameResolutionError("<urllib3.connection.HTTPSConnection object at 0x7fb998d76900>: Failed to resolve 'trading.vietcap.com.vn' ([Errno -2] Name or service not known)"))
[2026-01-13T13:23:21.826+0000] {logging_mixin.py:188} INFO -  >> Đang lấy dữ liệu: PVT
[2026-01-13T13:23:21.840+0000] {log.py:232} WARNING - 2026-01-13 13:23:21 - vnstock.core.utils.client - ERROR - API request failed: HTTPSConnectionPool(host='trading.vietcap.com.vn', port=443): Max retries exceeded with url: /data-mt/graphql (Caused by NameResolutionError("<urllib3.connection.HTTPSConnection object at 0x7fb998d77470>: Failed to resolve 'trading.vietcap.com.vn' ([Errno -2] Name or service not known)"))
[2026-01-13T13:23:21.840+0000] {client.py:414} ERROR - API request failed: HTTPSConnectionPool(host='trading.vietcap.com.vn', port=443): Max retries exceeded with url: /data-mt/graphql (Caused by NameResolutionError("<urllib3.connection.HTTPSConnection object at 0x7fb998d77470>: Failed to resolve 'trading.vietcap.com.vn' ([Errno -2] Name or service not known)"))
[2026-01-13T13:23:21.852+0000] {logging_mixin.py:188} INFO -  Lỗi xử lý mã PVT: API request failed: HTTPSConnectionPool(host='trading.vietcap.com.vn', port=443): Max retries exceeded with url: /data-mt/graphql (Caused by NameResolutionError("<urllib3.connection.HTTPSConnection object at 0x7fb998d77470>: Failed to resolve 'trading.vietcap.com.vn' ([Errno -2] Name or service not known)"))
[2026-01-13T13:23:21.853+0000] {logging_mixin.py:188} INFO -  >> Đang lấy dữ liệu: PVS
[2026-01-13T13:23:21.860+0000] {log.py:232} WARNING - 2026-01-13 13:23:21 - vnstock.core.utils.client - ERROR - API request failed: HTTPSConnectionPool(host='trading.vietcap.com.vn', port=443): Max retries exceeded with url: /data-mt/graphql (Caused by NameResolutionError("<urllib3.connection.HTTPSConnection object at 0x7fb998dd02c0>: Failed to resolve 'trading.vietcap.com.vn' ([Errno -2] Name or service not known)"))
[2026-01-13T13:23:21.860+0000] {client.py:414} ERROR - API request failed: HTTPSConnectionPool(host='trading.vietcap.com.vn', port=443): Max retries exceeded with url: /data-mt/graphql (Caused by NameResolutionError("<urllib3.connection.HTTPSConnection object at 0x7fb998dd02c0>: Failed to resolve 'trading.vietcap.com.vn' ([Errno -2] Name or service not known)"))
[2026-01-13T13:23:21.862+0000] {logging_mixin.py:188} INFO -  Lỗi xử lý mã PVS: API request failed: HTTPSConnectionPool(host='trading.vietcap.com.vn', port=443): Max retries exceeded with url: /data-mt/graphql (Caused by NameResolutionError("<urllib3.connection.HTTPSConnection object at 0x7fb998dd02c0>: Failed to resolve 'trading.vietcap.com.vn' ([Errno -2] Name or service not known)"))
[2026-01-13T13:23:21.863+0000] {logging_mixin.py:188} INFO -  >> Đang lấy dữ liệu: PVR
[2026-01-13T13:23:21.871+0000] {log.py:232} WARNING - 2026-01-13 13:23:21 - vnstock.core.utils.client - ERROR - API request failed: HTTPSConnectionPool(host='trading.vietcap.com.vn', port=443): Max retries exceeded with url: /data-mt/graphql (Caused by NameResolutionError("<urllib3.connection.HTTPSConnection object at 0x7fb998d77b00>: Failed to resolve 'trading.vietcap.com.vn' ([Errno -2] Name or service not known)"))
[2026-01-13T13:23:21.871+0000] {client.py:414} ERROR - API request failed: HTTPSConnectionPool(host='trading.vietcap.com.vn', port=443): Max retries exceeded with url: /data-mt/graphql (Caused by NameResolutionError("<urllib3.connection.HTTPSConnection object at 0x7fb998d77b00>: Failed to resolve 'trading.vietcap.com.vn' ([Errno -2] Name or service not known)"))
[2026-01-13T13:23:21.873+0000] {logging_mixin.py:188} INFO -  Lỗi xử lý mã PVR: API request failed: HTTPSConnectionPool(host='trading.vietcap.com.vn', port=443): Max retries exceeded with url: /data-mt/graphql (Caused by NameResolutionError("<urllib3.connection.HTTPSConnection object at 0x7fb998d77b00>: Failed to resolve 'trading.vietcap.com.vn' ([Errno -2] Name or service not known)"))
[2026-01-13T13:23:21.874+0000] {logging_mixin.py:188} INFO -  >> Đang lấy dữ liệu: PVP
[2026-01-13T13:23:21.880+0000] {log.py:232} WARNING - 2026-01-13 13:23:21 - vnstock.core.utils.client - ERROR - API request failed: HTTPSConnectionPool(host='trading.vietcap.com.vn', port=443): Max retries exceeded with url: /data-mt/graphql (Caused by NameResolutionError("<urllib3.connection.HTTPSConnection object at 0x7fb998d751c0>: Failed to resolve 'trading.vietcap.com.vn' ([Errno -2] Name or service not known)"))
[2026-01-13T13:23:21.880+0000] {client.py:414} ERROR - API request failed: HTTPSConnectionPool(host='trading.vietcap.com.vn', port=443): Max retries exceeded with url: /data-mt/graphql (Caused by NameResolutionError("<urllib3.connection.HTTPSConnection object at 0x7fb998d751c0>: Failed to resolve 'trading.vietcap.com.vn' ([Errno -2] Name or service not known)"))
[2026-01-13T13:23:21.882+0000] {logging_mixin.py:188} INFO -  Lỗi xử lý mã PVP: API request failed: HTTPSConnectionPool(host='trading.vietcap.com.vn', port=443): Max retries exceeded with url: /data-mt/graphql (Caused by NameResolutionError("<urllib3.connection.HTTPSConnection object at 0x7fb998d751c0>: Failed to resolve 'trading.vietcap.com.vn' ([Errno -2] Name or service not known)"))
[2026-01-13T13:23:21.883+0000] {logging_mixin.py:188} INFO -  >> Đang lấy dữ liệu: PVO
[2026-01-13T13:23:21.890+0000] {log.py:232} WARNING - 2026-01-13 13:23:21 - vnstock.core.utils.client - ERROR - API request failed: HTTPSConnectionPool(host='trading.vietcap.com.vn', port=443): Max retries exceeded with url: /data-mt/graphql (Caused by NameResolutionError("<urllib3.connection.HTTPSConnection object at 0x7fb998d47cb0>: Failed to resolve 'trading.vietcap.com.vn' ([Errno -2] Name or service not known)"))
[2026-01-13T13:23:21.890+0000] {client.py:414} ERROR - API request failed: HTTPSConnectionPool(host='trading.vietcap.com.vn', port=443): Max retries exceeded with url: /data-mt/graphql (Caused by NameResolutionError("<urllib3.connection.HTTPSConnection object at 0x7fb998d47cb0>: Failed to resolve 'trading.vietcap.com.vn' ([Errno -2] Name or service not known)"))
[2026-01-13T13:23:21.892+0000] {logging_mixin.py:188} INFO -  Lỗi xử lý mã PVO: API request failed: HTTPSConnectionPool(host='trading.vietcap.com.vn', port=443): Max retries exceeded with url: /data-mt/graphql (Caused by NameResolutionError("<urllib3.connection.HTTPSConnection object at 0x7fb998d47cb0>: Failed to resolve 'trading.vietcap.com.vn' ([Errno -2] Name or service not known)"))
[2026-01-13T13:23:21.893+0000] {logging_mixin.py:188} INFO -  >> Đang lấy dữ liệu: PVM
[2026-01-13T13:23:21.900+0000] {log.py:232} WARNING - 2026-01-13 13:23:21 - vnstock.core.utils.client - ERROR - API request failed: HTTPSConnectionPool(host='trading.vietcap.com.vn', port=443): Max retries exceeded with url: /data-mt/graphql (Caused by NameResolutionError("<urllib3.connection.HTTPSConnection object at 0x7fb998d47020>: Failed to resolve 'trading.vietcap.com.vn' ([Errno -2] Name or service not known)"))
[2026-01-13T13:23:21.900+0000] {client.py:414} ERROR - API request failed: HTTPSConnectionPool(host='trading.vietcap.com.vn', port=443): Max retries exceeded with url: /data-mt/graphql (Caused by NameResolutionError("<urllib3.connection.HTTPSConnection object at 0x7fb998d47020>: Failed to resolve 'trading.vietcap.com.vn' ([Errno -2] Name or service not known)"))
[2026-01-13T13:23:21.902+0000] {logging_mixin.py:188} INFO -  Lỗi xử lý mã PVM: API request failed: HTTPSConnectionPool(host='trading.vietcap.com.vn', port=443): Max retries exceeded with url: /data-mt/graphql (Caused by NameResolutionError("<urllib3.connection.HTTPSConnection object at 0x7fb998d47020>: Failed to resolve 'trading.vietcap.com.vn' ([Errno -2] Name or service not known)"))
[2026-01-13T13:23:21.903+0000] {logging_mixin.py:188} INFO -  >> Đang lấy dữ liệu: PVL
[2026-01-13T13:23:21.909+0000] {log.py:232} WARNING - 2026-01-13 13:23:21 - vnstock.core.utils.client - ERROR - API request failed: HTTPSConnectionPool(host='trading.vietcap.com.vn', port=443): Max retries exceeded with url: /data-mt/graphql (Caused by NameResolutionError("<urllib3.connection.HTTPSConnection object at 0x7fb998dd1460>: Failed to resolve 'trading.vietcap.com.vn' ([Errno -2] Name or service not known)"))
[2026-01-13T13:23:21.909+0000] {client.py:414} ERROR - API request failed: HTTPSConnectionPool(host='trading.vietcap.com.vn', port=443): Max retries exceeded with url: /data-mt/graphql (Caused by NameResolutionError("<urllib3.connection.HTTPSConnection object at 0x7fb998dd1460>: Failed to resolve 'trading.vietcap.com.vn' ([Errno -2] Name or service not known)"))
[2026-01-13T13:23:21.910+0000] {logging_mixin.py:188} INFO -  Lỗi xử lý mã PVL: API request failed: HTTPSConnectionPool(host='trading.vietcap.com.vn', port=443): Max retries exceeded with url: /data-mt/graphql (Caused by NameResolutionError("<urllib3.connection.HTTPSConnection object at 0x7fb998dd1460>: Failed to resolve 'trading.vietcap.com.vn' ([Errno -2] Name or service not known)"))
[2026-01-13T13:23:21.911+0000] {logging_mixin.py:188} INFO -  >> Đang lấy dữ liệu: PVI
[2026-01-13T13:23:21.918+0000] {log.py:232} WARNING - 2026-01-13 13:23:21 - vnstock.core.utils.client - ERROR - API request failed: HTTPSConnectionPool(host='trading.vietcap.com.vn', port=443): Max retries exceeded with url: /data-mt/graphql (Caused by NameResolutionError("<urllib3.connection.HTTPSConnection object at 0x7fb998dd2660>: Failed to resolve 'trading.vietcap.com.vn' ([Errno -2] Name or service not known)"))
[2026-01-13T13:23:21.918+0000] {client.py:414} ERROR - API request failed: HTTPSConnectionPool(host='trading.vietcap.com.vn', port=443): Max retries exceeded with url: /data-mt/graphql (Caused by NameResolutionError("<urllib3.connection.HTTPSConnection object at 0x7fb998dd2660>: Failed to resolve 'trading.vietcap.com.vn' ([Errno -2] Name or service not known)"))
[2026-01-13T13:23:21.920+0000] {logging_mixin.py:188} INFO -  Lỗi xử lý mã PVI: API request failed: HTTPSConnectionPool(host='trading.vietcap.com.vn', port=443): Max retries exceeded with url: /data-mt/graphql (Caused by NameResolutionError("<urllib3.connection.HTTPSConnection object at 0x7fb998dd2660>: Failed to resolve 'trading.vietcap.com.vn' ([Errno -2] Name or service not known)"))
[2026-01-13T13:23:21.920+0000] {logging_mixin.py:188} INFO -  >> Đang lấy dữ liệu: PVH
[2026-01-13T13:23:21.927+0000] {log.py:232} WARNING - 2026-01-13 13:23:21 - vnstock.core.utils.client - ERROR - API request failed: HTTPSConnectionPool(host='trading.vietcap.com.vn', port=443): Max retries exceeded with url: /data-mt/graphql (Caused by NameResolutionError("<urllib3.connection.HTTPSConnection object at 0x7fb998d46570>: Failed to resolve 'trading.vietcap.com.vn' ([Errno -2] Name or service not known)"))
[2026-01-13T13:23:21.927+0000] {client.py:414} ERROR - API request failed: HTTPSConnectionPool(host='trading.vietcap.com.vn', port=443): Max retries exceeded with url: /data-mt/graphql (Caused by NameResolutionError("<urllib3.connection.HTTPSConnection object at 0x7fb998d46570>: Failed to resolve 'trading.vietcap.com.vn' ([Errno -2] Name or service not known)"))
[2026-01-13T13:23:21.929+0000] {logging_mixin.py:188} INFO -  Lỗi xử lý mã PVH: API request failed: HTTPSConnectionPool(host='trading.vietcap.com.vn', port=443): Max retries exceeded with url: /data-mt/graphql (Caused by NameResolutionError("<urllib3.connection.HTTPSConnection object at 0x7fb998d46570>: Failed to resolve 'trading.vietcap.com.vn' ([Errno -2] Name or service not known)"))
[2026-01-13T13:23:21.929+0000] {logging_mixin.py:188} INFO -  >> Đang lấy dữ liệu: PVG
[2026-01-13T13:23:21.935+0000] {log.py:232} WARNING - 2026-01-13 13:23:21 - vnstock.core.utils.client - ERROR - API request failed: HTTPSConnectionPool(host='trading.vietcap.com.vn', port=443): Max retries exceeded with url: /data-mt/graphql (Caused by NameResolutionError("<urllib3.connection.HTTPSConnection object at 0x7fb998d75e20>: Failed to resolve 'trading.vietcap.com.vn' ([Errno -2] Name or service not known)"))
[2026-01-13T13:23:21.935+0000] {client.py:414} ERROR - API request failed: HTTPSConnectionPool(host='trading.vietcap.com.vn', port=443): Max retries exceeded with url: /data-mt/graphql (Caused by NameResolutionError("<urllib3.connection.HTTPSConnection object at 0x7fb998d75e20>: Failed to resolve 'trading.vietcap.com.vn' ([Errno -2] Name or service not known)"))
[2026-01-13T13:23:21.937+0000] {logging_mixin.py:188} INFO -  Lỗi xử lý mã PVG: API request failed: HTTPSConnectionPool(host='trading.vietcap.com.vn', port=443): Max retries exceeded with url: /data-mt/graphql (Caused by NameResolutionError("<urllib3.connection.HTTPSConnection object at 0x7fb998d75e20>: Failed to resolve 'trading.vietcap.com.vn' ([Errno -2] Name or service not known)"))
[2026-01-13T13:23:21.938+0000] {logging_mixin.py:188} INFO -  >> Đang lấy dữ liệu: PVE
[2026-01-13T13:23:21.944+0000] {log.py:232} WARNING - 2026-01-13 13:23:21 - vnstock.core.utils.client - ERROR - API request failed: HTTPSConnectionPool(host='trading.vietcap.com.vn', port=443): Max retries exceeded with url: /data-mt/graphql (Caused by NameResolutionError("<urllib3.connection.HTTPSConnection object at 0x7fb998d76630>: Failed to resolve 'trading.vietcap.com.vn' ([Errno -2] Name or service not known)"))
[2026-01-13T13:23:21.943+0000] {client.py:414} ERROR - API request failed: HTTPSConnectionPool(host='trading.vietcap.com.vn', port=443): Max retries exceeded with url: /data-mt/graphql (Caused by NameResolutionError("<urllib3.connection.HTTPSConnection object at 0x7fb998d76630>: Failed to resolve 'trading.vietcap.com.vn' ([Errno -2] Name or service not known)"))
[2026-01-13T13:23:21.945+0000] {logging_mixin.py:188} INFO -  Lỗi xử lý mã PVE: API request failed: HTTPSConnectionPool(host='trading.vietcap.com.vn', port=443): Max retries exceeded with url: /data-mt/graphql (Caused by NameResolutionError("<urllib3.connection.HTTPSConnection object at 0x7fb998d76630>: Failed to resolve 'trading.vietcap.com.vn' ([Errno -2] Name or service not known)"))
[2026-01-13T13:23:21.946+0000] {logging_mixin.py:188} INFO -  >> Đang lấy dữ liệu: PVD
[2026-01-13T13:23:21.951+0000] {log.py:232} WARNING - 2026-01-13 13:23:21 - vnstock.core.utils.client - ERROR - API request failed: HTTPSConnectionPool(host='trading.vietcap.com.vn', port=443): Max retries exceeded with url: /data-mt/graphql (Caused by NameResolutionError("<urllib3.connection.HTTPSConnection object at 0x7fb998dd13d0>: Failed to resolve 'trading.vietcap.com.vn' ([Errno -2] Name or service not known)"))
[2026-01-13T13:23:21.951+0000] {client.py:414} ERROR - API request failed: HTTPSConnectionPool(host='trading.vietcap.com.vn', port=443): Max retries exceeded with url: /data-mt/graphql (Caused by NameResolutionError("<urllib3.connection.HTTPSConnection object at 0x7fb998dd13d0>: Failed to resolve 'trading.vietcap.com.vn' ([Errno -2] Name or service not known)"))
[2026-01-13T13:23:21.952+0000] {logging_mixin.py:188} INFO -  Lỗi xử lý mã PVD: API request failed: HTTPSConnectionPool(host='trading.vietcap.com.vn', port=443): Max retries exceeded with url: /data-mt/graphql (Caused by NameResolutionError("<urllib3.connection.HTTPSConnection object at 0x7fb998dd13d0>: Failed to resolve 'trading.vietcap.com.vn' ([Errno -2] Name or service not known)"))
[2026-01-13T13:23:21.953+0000] {logging_mixin.py:188} INFO -  >> Đang lấy dữ liệu: PVC
[2026-01-13T13:23:21.959+0000] {log.py:232} WARNING - 2026-01-13 13:23:21 - vnstock.core.utils.client - ERROR - API request failed: HTTPSConnectionPool(host='trading.vietcap.com.vn', port=443): Max retries exceeded with url: /data-mt/graphql (Caused by NameResolutionError("<urllib3.connection.HTTPSConnection object at 0x7fb998dd26f0>: Failed to resolve 'trading.vietcap.com.vn' ([Errno -2] Name or service not known)"))
[2026-01-13T13:23:21.959+0000] {client.py:414} ERROR - API request failed: HTTPSConnectionPool(host='trading.vietcap.com.vn', port=443): Max retries exceeded with url: /data-mt/graphql (Caused by NameResolutionError("<urllib3.connection.HTTPSConnection object at 0x7fb998dd26f0>: Failed to resolve 'trading.vietcap.com.vn' ([Errno -2] Name or service not known)"))
[2026-01-13T13:23:21.960+0000] {logging_mixin.py:188} INFO -  Lỗi xử lý mã PVC: API request failed: HTTPSConnectionPool(host='trading.vietcap.com.vn', port=443): Max retries exceeded with url: /data-mt/graphql (Caused by NameResolutionError("<urllib3.connection.HTTPSConnection object at 0x7fb998dd26f0>: Failed to resolve 'trading.vietcap.com.vn' ([Errno -2] Name or service not known)"))
[2026-01-13T13:23:21.961+0000] {logging_mixin.py:188} INFO -  >> Đang lấy dữ liệu: PVB
[2026-01-13T13:23:21.967+0000] {log.py:232} WARNING - 2026-01-13 13:23:21 - vnstock.core.utils.client - ERROR - API request failed: HTTPSConnectionPool(host='trading.vietcap.com.vn', port=443): Max retries exceeded with url: /data-mt/graphql (Caused by NameResolutionError("<urllib3.connection.HTTPSConnection object at 0x7fb998d779b0>: Failed to resolve 'trading.vietcap.com.vn' ([Errno -2] Name or service not known)"))
[2026-01-13T13:23:21.967+0000] {client.py:414} ERROR - API request failed: HTTPSConnectionPool(host='trading.vietcap.com.vn', port=443): Max retries exceeded with url: /data-mt/graphql (Caused by NameResolutionError("<urllib3.connection.HTTPSConnection object at 0x7fb998d779b0>: Failed to resolve 'trading.vietcap.com.vn' ([Errno -2] Name or service not known)"))
[2026-01-13T13:23:21.968+0000] {logging_mixin.py:188} INFO -  Lỗi xử lý mã PVB: API request failed: HTTPSConnectionPool(host='trading.vietcap.com.vn', port=443): Max retries exceeded with url: /data-mt/graphql (Caused by NameResolutionError("<urllib3.connection.HTTPSConnection object at 0x7fb998d779b0>: Failed to resolve 'trading.vietcap.com.vn' ([Errno -2] Name or service not known)"))
[2026-01-13T13:23:21.969+0000] {logging_mixin.py:188} INFO -  ⚠ Batch này không thu được dữ liệu nào.
[2026-01-13T13:23:21.973+0000] {datalake_df2csv.py:40} INFO - DataFrame rỗng, bỏ qua upload CSV.
[2026-01-13T13:23:21.974+0000] {taskinstance.py:441} INFO - ::group::Post task execution logs
[2026-01-13T13:23:21.987+0000] {taskinstance.py:1206} INFO - Marking task as SUCCESS. dag_id=bctc, task_id=ingest_bctc, run_id=manual__2026-01-13T13:17:52+00:00, map_index=30, execution_date=20260113T131752, start_date=20260113T132321, end_date=20260113T132321
[2026-01-13T13:23:22.052+0000] {local_task_job_runner.py:243} INFO - Task exited with return code 0
[2026-01-13T13:23:22.066+0000] {local_task_job_runner.py:222} INFO - ::endgroup::
