[2025-12-31T14:39:12.525+0000] {local_task_job_runner.py:120} INFO - ::group::Pre task execution logs
[2025-12-31T14:39:12.555+0000] {taskinstance.py:2076} INFO - Dependencies all met for dep_context=non-requeueable deps ti=<TaskInstance: thongtin_cty_bctc.ingest_overview manual__2025-12-31T14:34:21.190447+00:00 map_index=9 [queued]>
[2025-12-31T14:39:12.573+0000] {taskinstance.py:2076} INFO - Dependencies all met for dep_context=requeueable deps ti=<TaskInstance: thongtin_cty_bctc.ingest_overview manual__2025-12-31T14:34:21.190447+00:00 map_index=9 [queued]>
[2025-12-31T14:39:12.574+0000] {taskinstance.py:2306} INFO - Starting attempt 1 of 2
[2025-12-31T14:39:12.597+0000] {taskinstance.py:2330} INFO - Executing <Mapped(DfToCsvOperator): ingest_overview> on 2025-12-31 14:34:21.190447+00:00
[2025-12-31T14:39:12.609+0000] {warnings.py:112} WARNING - This process (pid=3815) is multi-threaded, use of fork() may lead to deadlocks in the child.

[2025-12-31T14:39:12.611+0000] {standard_task_runner.py:64} INFO - Started process 3878 to run task
[2025-12-31T14:39:12.614+0000] {standard_task_runner.py:90} INFO - Running: ['***', 'tasks', 'run', 'thongtin_cty_bctc', 'ingest_overview', 'manual__2025-12-31T14:34:21.190447+00:00', '--job-id', '295', '--raw', '--subdir', 'DAGS_FOLDER/tt_cty_bctc.py', '--cfg-path', '/tmp/tmpylucqbqy', '--map-index', '9']
[2025-12-31T14:39:12.616+0000] {standard_task_runner.py:91} INFO - Job 295: Subtask ingest_overview
[2025-12-31T14:39:12.686+0000] {task_command.py:426} INFO - Running <TaskInstance: thongtin_cty_bctc.ingest_overview manual__2025-12-31T14:34:21.190447+00:00 map_index=9 [running]> on host 8bc7f11ea9a4
[2025-12-31T14:39:12.838+0000] {taskinstance.py:2648} INFO - Exporting env vars: AIRFLOW_CTX_DAG_OWNER='***' AIRFLOW_CTX_DAG_ID='thongtin_cty_bctc' AIRFLOW_CTX_TASK_ID='ingest_overview' AIRFLOW_CTX_EXECUTION_DATE='2025-12-31T14:34:21.190447+00:00' AIRFLOW_CTX_TRY_NUMBER='1' AIRFLOW_CTX_DAG_RUN_ID='manual__2025-12-31T14:34:21.190447+00:00'
[2025-12-31T14:39:12.840+0000] {taskinstance.py:430} INFO - ::endgroup::
[2025-12-31T14:39:13.137+0000] {logging_mixin.py:188} INFO - Err overview VCF: Failed to fetch data: 429 - Too Many Requests
[2025-12-31T14:39:13.283+0000] {logging_mixin.py:188} INFO - Err overview VCE: Failed to fetch data: 429 - Too Many Requests
[2025-12-31T14:39:13.399+0000] {logging_mixin.py:188} INFO - Err overview VCC: Failed to fetch data: 429 - Too Many Requests
[2025-12-31T14:39:13.531+0000] {logging_mixin.py:188} INFO - Err overview VCB: Failed to fetch data: 429 - Too Many Requests
[2025-12-31T14:39:13.675+0000] {logging_mixin.py:188} INFO - Err overview VCA: Failed to fetch data: 429 - Too Many Requests
[2025-12-31T14:39:13.797+0000] {logging_mixin.py:188} INFO - Err overview VC9: Failed to fetch data: 429 - Too Many Requests
[2025-12-31T14:39:13.919+0000] {logging_mixin.py:188} INFO - Err overview VC7: Failed to fetch data: 429 - Too Many Requests
[2025-12-31T14:39:14.037+0000] {logging_mixin.py:188} INFO - Err overview VC6: Failed to fetch data: 429 - Too Many Requests
[2025-12-31T14:39:14.170+0000] {logging_mixin.py:188} INFO - Err overview VC5: Failed to fetch data: 429 - Too Many Requests
[2025-12-31T14:39:14.341+0000] {logging_mixin.py:188} INFO - Err overview VC3: Failed to fetch data: 429 - Too Many Requests
[2025-12-31T14:39:14.540+0000] {logging_mixin.py:188} INFO - Err overview VC2: Failed to fetch data: 429 - Too Many Requests
[2025-12-31T14:39:14.770+0000] {logging_mixin.py:188} INFO - Err overview VC1: Failed to fetch data: 429 - Too Many Requests
[2025-12-31T14:39:14.892+0000] {logging_mixin.py:188} INFO - Err overview VBH: Failed to fetch data: 429 - Too Many Requests
[2025-12-31T14:39:15.099+0000] {logging_mixin.py:188} INFO - Err overview VBG: Failed to fetch data: 429 - Too Many Requests
[2025-12-31T14:39:15.328+0000] {logging_mixin.py:188} INFO - Err overview VBC: Failed to fetch data: 429 - Too Many Requests
[2025-12-31T14:39:15.568+0000] {logging_mixin.py:188} INFO - Err overview VBB: Failed to fetch data: 429 - Too Many Requests
[2025-12-31T14:39:15.800+0000] {logging_mixin.py:188} INFO - Err overview VAV: Failed to fetch data: 429 - Too Many Requests
[2025-12-31T14:39:16.020+0000] {logging_mixin.py:188} INFO - Err overview VAT: Failed to fetch data: 429 - Too Many Requests
[2025-12-31T14:39:16.222+0000] {logging_mixin.py:188} INFO - Err overview VAF: Failed to fetch data: 429 - Too Many Requests
[2025-12-31T14:39:16.397+0000] {logging_mixin.py:188} INFO - Err overview VAB: Failed to fetch data: 429 - Too Many Requests
[2025-12-31T14:39:16.401+0000] {datalake_df2csv.py:40} INFO - DataFrame rỗng, bỏ qua upload CSV.
[2025-12-31T14:39:16.401+0000] {taskinstance.py:441} INFO - ::group::Post task execution logs
[2025-12-31T14:39:16.409+0000] {taskinstance.py:1206} INFO - Marking task as SUCCESS. dag_id=thongtin_cty_bctc, task_id=ingest_overview, run_id=manual__2025-12-31T14:34:21.190447+00:00, map_index=9, execution_date=20251231T143421, start_date=20251231T143912, end_date=20251231T143916
[2025-12-31T14:39:16.441+0000] {local_task_job_runner.py:243} INFO - Task exited with return code 0
[2025-12-31T14:39:16.466+0000] {taskinstance.py:3503} INFO - 0 downstream tasks scheduled from follow-on schedule check
[2025-12-31T14:39:16.469+0000] {local_task_job_runner.py:222} INFO - ::endgroup::
