[2026-01-10T15:15:30.078+0000] {local_task_job_runner.py:120} INFO - ::group::Pre task execution logs
[2026-01-10T15:15:30.433+0000] {taskinstance.py:2076} INFO - Dependencies all met for dep_context=non-requeueable deps ti=<TaskInstance: thongtin_cty_bctc.ingest_bctc scheduled__2025-12-30T00:00:00+00:00 map_index=415 [queued]>
[2026-01-10T15:15:30.610+0000] {taskinstance.py:2076} INFO - Dependencies all met for dep_context=requeueable deps ti=<TaskInstance: thongtin_cty_bctc.ingest_bctc scheduled__2025-12-30T00:00:00+00:00 map_index=415 [queued]>
[2026-01-10T15:15:30.611+0000] {taskinstance.py:2306} INFO - Starting attempt 1 of 2
[2026-01-10T15:15:30.649+0000] {taskinstance.py:2330} INFO - Executing <Mapped(DfToCsvOperator): ingest_bctc> on 2025-12-30 00:00:00+00:00
[2026-01-10T15:15:30.667+0000] {warnings.py:112} WARNING - This process (pid=8734) is multi-threaded, use of fork() may lead to deadlocks in the child.

[2026-01-10T15:15:30.669+0000] {standard_task_runner.py:64} INFO - Started process 8798 to run task
[2026-01-10T15:15:30.686+0000] {standard_task_runner.py:90} INFO - Running: ['***', 'tasks', 'run', 'thongtin_cty_bctc', 'ingest_bctc', 'scheduled__2025-12-30T00:00:00+00:00', '--job-id', '9346', '--raw', '--subdir', 'DAGS_FOLDER/tt_cty_bctc.py', '--cfg-path', '/tmp/tmpx3i56_i_', '--map-index', '415']
[2026-01-10T15:15:30.689+0000] {standard_task_runner.py:91} INFO - Job 9346: Subtask ingest_bctc
[2026-01-10T15:15:30.812+0000] {task_command.py:426} INFO - Running <TaskInstance: thongtin_cty_bctc.ingest_bctc scheduled__2025-12-30T00:00:00+00:00 map_index=415 [running]> on host c44bcb92a951
[2026-01-10T15:15:30.978+0000] {taskinstance.py:2648} INFO - Exporting env vars: AIRFLOW_CTX_DAG_OWNER='***' AIRFLOW_CTX_DAG_ID='thongtin_cty_bctc' AIRFLOW_CTX_TASK_ID='ingest_bctc' AIRFLOW_CTX_EXECUTION_DATE='2025-12-30T00:00:00+00:00' AIRFLOW_CTX_TRY_NUMBER='1' AIRFLOW_CTX_DAG_RUN_ID='scheduled__2025-12-30T00:00:00+00:00'
[2026-01-10T15:15:30.981+0000] {taskinstance.py:430} INFO - ::endgroup::
[2026-01-10T15:15:31.001+0000] {logging_mixin.py:188} INFO - Bắt đầu xử lý batch 3 mã: ['FMC', 'FLC', 'FIT']
[2026-01-10T15:15:31.001+0000] {logging_mixin.py:188} INFO -  >> Đang lấy dữ liệu: FMC
[2026-01-10T15:15:33.771+0000] {logging_mixin.py:188} INFO -  >> Đang lấy dữ liệu: FLC
[2026-01-10T15:15:36.633+0000] {logging_mixin.py:188} INFO -  >> Đang lấy dữ liệu: FIT
[2026-01-10T15:15:39.376+0000] {logging_mixin.py:188} INFO -  ✓ Hoàn thành batch. Tổng số dòng: 13398
[2026-01-10T15:15:39.476+0000] {base.py:84} INFO - Using connection ID 'minio_finance' for task execution.
[2026-01-10T15:15:39.477+0000] {connection_wrapper.py:384} INFO - AWS Connection (conn_id='minio_finance', conn_type='aws') credentials retrieved from login and password.
[2026-01-10T15:15:40.069+0000] {datalake_df2csv.py:52} INFO - ✅ Đã upload 13398 dòng -> s3://thongtin-congty-va-bctc/bctc/2025-12-30/batch_415.csv
[2026-01-10T15:15:40.072+0000] {taskinstance.py:441} INFO - ::group::Post task execution logs
[2026-01-10T15:15:40.084+0000] {taskinstance.py:1206} INFO - Marking task as SUCCESS. dag_id=thongtin_cty_bctc, task_id=ingest_bctc, run_id=scheduled__2025-12-30T00:00:00+00:00, map_index=415, execution_date=20251230T000000, start_date=20260110T151530, end_date=20260110T151540
[2026-01-10T15:15:41.040+0000] {local_task_job_runner.py:243} INFO - Task exited with return code 0
[2026-01-10T15:15:41.050+0000] {local_task_job_runner.py:222} INFO - ::endgroup::
