[2026-01-01T08:53:13.431+0000] {local_task_job_runner.py:120} INFO - ::group::Pre task execution logs
[2026-01-01T08:53:13.462+0000] {taskinstance.py:2076} INFO - Dependencies all met for dep_context=non-requeueable deps ti=<TaskInstance: thongtin_cty_bctc.ingest_bctc manual__2026-01-01T00:00:00+00:00 map_index=28 [queued]>
[2026-01-01T08:53:13.479+0000] {taskinstance.py:2076} INFO - Dependencies all met for dep_context=requeueable deps ti=<TaskInstance: thongtin_cty_bctc.ingest_bctc manual__2026-01-01T00:00:00+00:00 map_index=28 [queued]>
[2026-01-01T08:53:13.480+0000] {taskinstance.py:2306} INFO - Starting attempt 1 of 2
[2026-01-01T08:53:13.495+0000] {taskinstance.py:2330} INFO - Executing <Mapped(DfToCsvOperator): ingest_bctc> on 2026-01-01 00:00:00+00:00
[2026-01-01T08:53:13.507+0000] {warnings.py:112} WARNING - This process (pid=1663) is multi-threaded, use of fork() may lead to deadlocks in the child.

[2026-01-01T08:53:13.509+0000] {standard_task_runner.py:64} INFO - Started process 1729 to run task
[2026-01-01T08:53:13.512+0000] {standard_task_runner.py:90} INFO - Running: ['***', 'tasks', 'run', 'thongtin_cty_bctc', 'ingest_bctc', 'manual__2026-01-01T00:00:00+00:00', '--job-id', '3927', '--raw', '--subdir', 'DAGS_FOLDER/tt_cty_bctc.py', '--cfg-path', '/tmp/tmpefjnaejh', '--map-index', '28']
[2026-01-01T08:53:13.514+0000] {standard_task_runner.py:91} INFO - Job 3927: Subtask ingest_bctc
[2026-01-01T08:53:13.570+0000] {task_command.py:426} INFO - Running <TaskInstance: thongtin_cty_bctc.ingest_bctc manual__2026-01-01T00:00:00+00:00 map_index=28 [running]> on host b455963a0603
[2026-01-01T08:53:13.666+0000] {taskinstance.py:2648} INFO - Exporting env vars: AIRFLOW_CTX_DAG_OWNER='***' AIRFLOW_CTX_DAG_ID='thongtin_cty_bctc' AIRFLOW_CTX_TASK_ID='ingest_bctc' AIRFLOW_CTX_EXECUTION_DATE='2026-01-01T00:00:00+00:00' AIRFLOW_CTX_TRY_NUMBER='1' AIRFLOW_CTX_DAG_RUN_ID='manual__2026-01-01T00:00:00+00:00'
[2026-01-01T08:53:13.667+0000] {taskinstance.py:430} INFO - ::endgroup::
[2026-01-01T08:53:13.673+0000] {logging_mixin.py:188} INFO - Bắt đầu xử lý batch 3 mã: ['VNL', 'VNI', 'VNH']
[2026-01-01T08:53:13.674+0000] {logging_mixin.py:188} INFO -  >> Đang lấy dữ liệu: VNL
[2026-01-01T08:53:16.842+0000] {logging_mixin.py:188} INFO -  >> Đang lấy dữ liệu: VNI
[2026-01-01T08:53:19.969+0000] {logging_mixin.py:188} INFO -  >> Đang lấy dữ liệu: VNH
[2026-01-01T08:53:44.013+0000] {logging_mixin.py:188} INFO -  ✓ Hoàn thành batch. Tổng số dòng: 5809
[2026-01-01T08:53:44.057+0000] {base.py:84} INFO - Using connection ID 'minio_finance' for task execution.
[2026-01-01T08:53:44.058+0000] {connection_wrapper.py:384} INFO - AWS Connection (conn_id='minio_finance', conn_type='aws') credentials retrieved from login and password.
[2026-01-01T08:53:44.444+0000] {datalake_df2csv.py:53} INFO - ✅ Đã upload 5809 dòng -> s3://thongtin-congty-va-bctc/bctc/2026-01-01/batch_28.csv
[2026-01-01T08:53:44.446+0000] {taskinstance.py:441} INFO - ::group::Post task execution logs
[2026-01-01T08:53:44.456+0000] {taskinstance.py:1206} INFO - Marking task as SUCCESS. dag_id=thongtin_cty_bctc, task_id=ingest_bctc, run_id=manual__2026-01-01T00:00:00+00:00, map_index=28, execution_date=20260101T000000, start_date=20260101T085313, end_date=20260101T085344
[2026-01-01T08:53:44.501+0000] {local_task_job_runner.py:243} INFO - Task exited with return code 0
[2026-01-01T08:53:44.509+0000] {local_task_job_runner.py:222} INFO - ::endgroup::
