[2025-12-31T14:37:23.534+0000] {local_task_job_runner.py:120} INFO - ::group::Pre task execution logs
[2025-12-31T14:37:23.583+0000] {taskinstance.py:2076} INFO - Dependencies all met for dep_context=non-requeueable deps ti=<TaskInstance: thongtin_cty_bctc.ingest_people scheduled__2025-12-30T00:00:00+00:00 map_index=53 [queued]>
[2025-12-31T14:37:23.604+0000] {taskinstance.py:2076} INFO - Dependencies all met for dep_context=requeueable deps ti=<TaskInstance: thongtin_cty_bctc.ingest_people scheduled__2025-12-30T00:00:00+00:00 map_index=53 [queued]>
[2025-12-31T14:37:23.605+0000] {taskinstance.py:2306} INFO - Starting attempt 1 of 2
[2025-12-31T14:37:23.625+0000] {taskinstance.py:2330} INFO - Executing <Mapped(DfToCsvOperator): ingest_people> on 2025-12-30 00:00:00+00:00
[2025-12-31T14:37:23.639+0000] {warnings.py:112} WARNING - This process (pid=2432) is multi-threaded, use of fork() may lead to deadlocks in the child.

[2025-12-31T14:37:23.641+0000] {standard_task_runner.py:64} INFO - Started process 2498 to run task
[2025-12-31T14:37:23.643+0000] {standard_task_runner.py:90} INFO - Running: ['***', 'tasks', 'run', 'thongtin_cty_bctc', 'ingest_people', 'scheduled__2025-12-30T00:00:00+00:00', '--job-id', '170', '--raw', '--subdir', 'DAGS_FOLDER/tt_cty_bctc.py', '--cfg-path', '/tmp/tmp2mgbc43i', '--map-index', '53']
[2025-12-31T14:37:23.646+0000] {standard_task_runner.py:91} INFO - Job 170: Subtask ingest_people
[2025-12-31T14:37:23.710+0000] {task_command.py:426} INFO - Running <TaskInstance: thongtin_cty_bctc.ingest_people scheduled__2025-12-30T00:00:00+00:00 map_index=53 [running]> on host 8bc7f11ea9a4
[2025-12-31T14:37:23.830+0000] {taskinstance.py:2648} INFO - Exporting env vars: AIRFLOW_CTX_DAG_OWNER='***' AIRFLOW_CTX_DAG_ID='thongtin_cty_bctc' AIRFLOW_CTX_TASK_ID='ingest_people' AIRFLOW_CTX_EXECUTION_DATE='2025-12-30T00:00:00+00:00' AIRFLOW_CTX_TRY_NUMBER='1' AIRFLOW_CTX_DAG_RUN_ID='scheduled__2025-12-30T00:00:00+00:00'
[2025-12-31T14:37:23.831+0000] {taskinstance.py:430} INFO - ::endgroup::
[2025-12-31T14:37:47.845+0000] {log.py:232} WARNING - 2025-12-31 14:37:47 - vnstock.core.utils.client - ERROR - API request failed: HTTPSConnectionPool(host='trading.vietcap.com.vn', port=443): Max retries exceeded with url: /data-mt/graphql (Caused by NewConnectionError('<urllib3.connection.HTTPSConnection object at 0x7f68aca84200>: Failed to establish a new connection: [Errno 111] Connection refused'))
[2025-12-31T14:37:47.844+0000] {client.py:414} ERROR - API request failed: HTTPSConnectionPool(host='trading.vietcap.com.vn', port=443): Max retries exceeded with url: /data-mt/graphql (Caused by NewConnectionError('<urllib3.connection.HTTPSConnection object at 0x7f68aca84200>: Failed to establish a new connection: [Errno 111] Connection refused'))
[2025-12-31T14:37:48.460+0000] {datalake_df2csv.py:40} INFO - DataFrame rỗng, bỏ qua upload CSV.
[2025-12-31T14:37:48.460+0000] {taskinstance.py:441} INFO - ::group::Post task execution logs
[2025-12-31T14:37:48.469+0000] {taskinstance.py:1206} INFO - Marking task as SUCCESS. dag_id=thongtin_cty_bctc, task_id=ingest_people, run_id=scheduled__2025-12-30T00:00:00+00:00, map_index=53, execution_date=20251230T000000, start_date=20251231T143723, end_date=20251231T143748
[2025-12-31T14:37:48.513+0000] {local_task_job_runner.py:243} INFO - Task exited with return code 0
[2025-12-31T14:37:48.528+0000] {taskinstance.py:3503} INFO - 0 downstream tasks scheduled from follow-on schedule check
[2025-12-31T14:37:48.530+0000] {local_task_job_runner.py:222} INFO - ::endgroup::
