[2026-01-11T03:06:36.256+0000] {local_task_job_runner.py:120} INFO - ::group::Pre task execution logs
[2026-01-11T03:06:36.309+0000] {taskinstance.py:2076} INFO - Dependencies all met for dep_context=non-requeueable deps ti=<TaskInstance: thongtin_cty_bctc.ingest_bctc scheduled__2026-01-04T00:00:00+00:00 map_index=67 [queued]>
[2026-01-11T03:06:36.346+0000] {taskinstance.py:2076} INFO - Dependencies all met for dep_context=requeueable deps ti=<TaskInstance: thongtin_cty_bctc.ingest_bctc scheduled__2026-01-04T00:00:00+00:00 map_index=67 [queued]>
[2026-01-11T03:06:36.347+0000] {taskinstance.py:2306} INFO - Starting attempt 1 of 2
[2026-01-11T03:06:36.383+0000] {taskinstance.py:2330} INFO - Executing <Mapped(DfToCsvOperator): ingest_bctc> on 2026-01-04 00:00:00+00:00
[2026-01-11T03:06:36.401+0000] {warnings.py:112} WARNING - This process (pid=997) is multi-threaded, use of fork() may lead to deadlocks in the child.

[2026-01-11T03:06:36.405+0000] {standard_task_runner.py:64} INFO - Started process 1142 to run task
[2026-01-11T03:06:36.406+0000] {standard_task_runner.py:90} INFO - Running: ['***', 'tasks', 'run', 'thongtin_cty_bctc', 'ingest_bctc', 'scheduled__2026-01-04T00:00:00+00:00', '--job-id', '9720', '--raw', '--subdir', 'DAGS_FOLDER/tt_cty_bctc.py', '--cfg-path', '/tmp/tmpbu5pxngp', '--map-index', '67']
[2026-01-11T03:06:36.410+0000] {standard_task_runner.py:91} INFO - Job 9720: Subtask ingest_bctc
[2026-01-11T03:06:36.487+0000] {task_command.py:426} INFO - Running <TaskInstance: thongtin_cty_bctc.ingest_bctc scheduled__2026-01-04T00:00:00+00:00 map_index=67 [running]> on host 3f2af93df813
[2026-01-11T03:06:36.641+0000] {taskinstance.py:2648} INFO - Exporting env vars: AIRFLOW_CTX_DAG_OWNER='***' AIRFLOW_CTX_DAG_ID='thongtin_cty_bctc' AIRFLOW_CTX_TASK_ID='ingest_bctc' AIRFLOW_CTX_EXECUTION_DATE='2026-01-04T00:00:00+00:00' AIRFLOW_CTX_TRY_NUMBER='1' AIRFLOW_CTX_DAG_RUN_ID='scheduled__2026-01-04T00:00:00+00:00'
[2026-01-11T03:06:36.643+0000] {taskinstance.py:430} INFO - ::endgroup::
[2026-01-11T03:06:36.653+0000] {logging_mixin.py:188} INFO - Bắt đầu xử lý batch 20 mã: ['DPC', 'DP3', 'DP2', 'DP1', 'DOP', 'DOC', 'DNW', 'DNT', 'DNP', 'DNN', 'DNM', 'DNL', 'DNH', 'DNE', 'DND', 'DNC', 'DNB', 'DNA', 'DMS', 'DMN']
[2026-01-11T03:06:36.654+0000] {logging_mixin.py:188} INFO -  >> Đang lấy dữ liệu: DPC
[2026-01-11T03:06:37.590+0000] {logging_mixin.py:188} INFO -  Lỗi xử lý mã DPC: Failed to fetch data: 429 - Too Many Requests
[2026-01-11T03:06:37.591+0000] {logging_mixin.py:188} INFO -  >> Đang lấy dữ liệu: DP3
[2026-01-11T03:06:38.370+0000] {logging_mixin.py:188} INFO -  Lỗi xử lý mã DP3: Failed to fetch data: 429 - Too Many Requests
[2026-01-11T03:06:38.371+0000] {logging_mixin.py:188} INFO -  >> Đang lấy dữ liệu: DP2
[2026-01-11T03:06:38.759+0000] {logging_mixin.py:188} INFO -  Lỗi xử lý mã DP2: Failed to fetch data: 429 - Too Many Requests
[2026-01-11T03:06:38.760+0000] {logging_mixin.py:188} INFO -  >> Đang lấy dữ liệu: DP1
[2026-01-11T03:06:39.019+0000] {logging_mixin.py:188} INFO -  Lỗi xử lý mã DP1: Failed to fetch data: 429 - Too Many Requests
[2026-01-11T03:06:39.020+0000] {logging_mixin.py:188} INFO -  >> Đang lấy dữ liệu: DOP
[2026-01-11T03:06:39.211+0000] {logging_mixin.py:188} INFO -  Lỗi xử lý mã DOP: Failed to fetch data: 429 - Too Many Requests
[2026-01-11T03:06:39.212+0000] {logging_mixin.py:188} INFO -  >> Đang lấy dữ liệu: DOC
[2026-01-11T03:06:39.341+0000] {logging_mixin.py:188} INFO -  Lỗi xử lý mã DOC: Failed to fetch data: 429 - Too Many Requests
[2026-01-11T03:06:39.342+0000] {logging_mixin.py:188} INFO -  >> Đang lấy dữ liệu: DNW
[2026-01-11T03:06:39.483+0000] {logging_mixin.py:188} INFO -  Lỗi xử lý mã DNW: Failed to fetch data: 429 - Too Many Requests
[2026-01-11T03:06:39.484+0000] {logging_mixin.py:188} INFO -  >> Đang lấy dữ liệu: DNT
[2026-01-11T03:06:39.626+0000] {logging_mixin.py:188} INFO -  Lỗi xử lý mã DNT: Failed to fetch data: 429 - Too Many Requests
[2026-01-11T03:06:39.627+0000] {logging_mixin.py:188} INFO -  >> Đang lấy dữ liệu: DNP
[2026-01-11T03:06:41.306+0000] {logging_mixin.py:188} INFO -  Lỗi xử lý mã DNP: Failed to fetch data: 429 - Too Many Requests
[2026-01-11T03:06:41.307+0000] {logging_mixin.py:188} INFO -  >> Đang lấy dữ liệu: DNN
[2026-01-11T03:06:41.564+0000] {logging_mixin.py:188} INFO -  Lỗi xử lý mã DNN: Failed to fetch data: 429 - Too Many Requests
[2026-01-11T03:06:41.565+0000] {logging_mixin.py:188} INFO -  >> Đang lấy dữ liệu: DNM
[2026-01-11T03:06:42.084+0000] {logging_mixin.py:188} INFO -  Lỗi xử lý mã DNM: Failed to fetch data: 429 - Too Many Requests
[2026-01-11T03:06:42.085+0000] {logging_mixin.py:188} INFO -  >> Đang lấy dữ liệu: DNL
[2026-01-11T03:06:42.217+0000] {logging_mixin.py:188} INFO -  Lỗi xử lý mã DNL: Failed to fetch data: 429 - Too Many Requests
[2026-01-11T03:06:42.218+0000] {logging_mixin.py:188} INFO -  >> Đang lấy dữ liệu: DNH
[2026-01-11T03:06:42.366+0000] {logging_mixin.py:188} INFO -  Lỗi xử lý mã DNH: Failed to fetch data: 429 - Too Many Requests
[2026-01-11T03:06:42.367+0000] {logging_mixin.py:188} INFO -  >> Đang lấy dữ liệu: DNE
[2026-01-11T03:06:42.736+0000] {logging_mixin.py:188} INFO -  Lỗi xử lý mã DNE: Failed to fetch data: 429 - Too Many Requests
[2026-01-11T03:06:42.737+0000] {logging_mixin.py:188} INFO -  >> Đang lấy dữ liệu: DND
[2026-01-11T03:06:43.377+0000] {logging_mixin.py:188} INFO -  Lỗi xử lý mã DND: Failed to fetch data: 429 - Too Many Requests
[2026-01-11T03:06:43.378+0000] {logging_mixin.py:188} INFO -  >> Đang lấy dữ liệu: DNC
[2026-01-11T03:06:44.167+0000] {logging_mixin.py:188} INFO -  Lỗi xử lý mã DNC: Failed to fetch data: 429 - Too Many Requests
[2026-01-11T03:06:44.168+0000] {logging_mixin.py:188} INFO -  >> Đang lấy dữ liệu: DNB
[2026-01-11T03:06:44.357+0000] {logging_mixin.py:188} INFO -  Lỗi xử lý mã DNB: Failed to fetch data: 429 - Too Many Requests
[2026-01-11T03:06:44.358+0000] {logging_mixin.py:188} INFO -  >> Đang lấy dữ liệu: DNA
[2026-01-11T03:06:44.731+0000] {logging_mixin.py:188} INFO -  Lỗi xử lý mã DNA: Failed to fetch data: 429 - Too Many Requests
[2026-01-11T03:06:44.733+0000] {logging_mixin.py:188} INFO -  >> Đang lấy dữ liệu: DMS
[2026-01-11T03:06:44.862+0000] {logging_mixin.py:188} INFO -  Lỗi xử lý mã DMS: Failed to fetch data: 429 - Too Many Requests
[2026-01-11T03:06:44.863+0000] {logging_mixin.py:188} INFO -  >> Đang lấy dữ liệu: DMN
[2026-01-11T03:06:45.350+0000] {logging_mixin.py:188} INFO -  Lỗi xử lý mã DMN: Failed to fetch data: 429 - Too Many Requests
[2026-01-11T03:06:45.352+0000] {logging_mixin.py:188} INFO -  ⚠ Batch này không thu được dữ liệu nào.
[2026-01-11T03:06:45.357+0000] {datalake_df2csv.py:40} INFO - DataFrame rỗng, bỏ qua upload CSV.
[2026-01-11T03:06:45.357+0000] {taskinstance.py:441} INFO - ::group::Post task execution logs
[2026-01-11T03:06:45.657+0000] {taskinstance.py:1206} INFO - Marking task as SUCCESS. dag_id=thongtin_cty_bctc, task_id=ingest_bctc, run_id=scheduled__2026-01-04T00:00:00+00:00, map_index=67, execution_date=20260104T000000, start_date=20260111T030636, end_date=20260111T030645
[2026-01-11T03:06:45.700+0000] {local_task_job_runner.py:243} INFO - Task exited with return code 0
[2026-01-11T03:06:45.720+0000] {taskinstance.py:3503} INFO - 0 downstream tasks scheduled from follow-on schedule check
[2026-01-11T03:06:45.723+0000] {local_task_job_runner.py:222} INFO - ::endgroup::
