[2026-01-10T08:49:00.375+0000] {local_task_job_runner.py:120} INFO - ::group::Pre task execution logs
[2026-01-10T08:49:00.477+0000] {taskinstance.py:2076} INFO - Dependencies all met for dep_context=non-requeueable deps ti=<TaskInstance: daily_price_collection.persist_daily_price_batch manual__2026-01-10T08:48:14+00:00 map_index=44 [queued]>
[2026-01-10T08:49:00.553+0000] {taskinstance.py:2076} INFO - Dependencies all met for dep_context=requeueable deps ti=<TaskInstance: daily_price_collection.persist_daily_price_batch manual__2026-01-10T08:48:14+00:00 map_index=44 [queued]>
[2026-01-10T08:49:00.570+0000] {taskinstance.py:2306} INFO - Starting attempt 1 of 2
[2026-01-10T08:49:00.623+0000] {taskinstance.py:2330} INFO - Executing <Mapped(_PythonDecoratedOperator): persist_daily_price_batch> on 2026-01-10 08:48:14+00:00
[2026-01-10T08:49:00.668+0000] {warnings.py:112} WARNING - This process (pid=7074) is multi-threaded, use of fork() may lead to deadlocks in the child.

[2026-01-10T08:49:00.710+0000] {standard_task_runner.py:64} INFO - Started process 7236 to run task
[2026-01-10T08:49:00.708+0000] {standard_task_runner.py:90} INFO - Running: ['***', 'tasks', 'run', 'daily_price_collection', 'persist_daily_price_batch', 'manual__2026-01-10T08:48:14+00:00', '--job-id', '8553', '--raw', '--subdir', 'DAGS_FOLDER/daily_price_collection.py', '--cfg-path', '/tmp/tmpf4wlgype', '--map-index', '44']
[2026-01-10T08:49:00.717+0000] {standard_task_runner.py:91} INFO - Job 8553: Subtask persist_daily_price_batch
[2026-01-10T08:49:00.877+0000] {task_command.py:426} INFO - Running <TaskInstance: daily_price_collection.persist_daily_price_batch manual__2026-01-10T08:48:14+00:00 map_index=44 [running]> on host dcd8e920d7f4
[2026-01-10T08:49:02.088+0000] {taskinstance.py:2905} ERROR - Task failed with exception
Traceback (most recent call last):
  File "/home/airflow/.local/lib/python3.12/site-packages/airflow/models/taskinstance.py", line 2479, in _run_raw_task
    self._execute_task_with_callbacks(context, test_mode, session=session)
  File "/home/airflow/.local/lib/python3.12/site-packages/airflow/models/taskinstance.py", line 2633, in _execute_task_with_callbacks
    task_orig = self.render_templates(context=context, jinja_env=jinja_env)
                ^^^^^^^^^^^^^^^^^^^^^^^^^^^^^^^^^^^^^^^^^^^^^^^^^^^^^^^^^^^
  File "/home/airflow/.local/lib/python3.12/site-packages/airflow/models/taskinstance.py", line 3094, in render_templates
    original_task.render_template_fields(context, jinja_env)
  File "/home/airflow/.local/lib/python3.12/site-packages/airflow/models/mappedoperator.py", line 830, in render_template_fields
    unmapped_task = self.unmap(mapped_kwargs)
                    ^^^^^^^^^^^^^^^^^^^^^^^^^
  File "/home/airflow/.local/lib/python3.12/site-packages/airflow/models/mappedoperator.py", line 747, in unmap
    op = self.operator_class(**kwargs, _airflow_from_mapped=True)
         ^^^^^^^^^^^^^^^^^^^^^^^^^^^^^^^^^^^^^^^^^^^^^^^^^^^^^^^^
  File "/home/airflow/.local/lib/python3.12/site-packages/airflow/models/baseoperator.py", line 485, in apply_defaults
    result = func(self, **kwargs, default_args=default_args)
             ^^^^^^^^^^^^^^^^^^^^^^^^^^^^^^^^^^^^^^^^^^^^^^^
  File "/home/airflow/.local/lib/python3.12/site-packages/airflow/decorators/python.py", line 52, in __init__
    super().__init__(
  File "/home/airflow/.local/lib/python3.12/site-packages/airflow/models/baseoperator.py", line 485, in apply_defaults
    result = func(self, **kwargs, default_args=default_args)
             ^^^^^^^^^^^^^^^^^^^^^^^^^^^^^^^^^^^^^^^^^^^^^^^
  File "/home/airflow/.local/lib/python3.12/site-packages/airflow/decorators/base.py", line 253, in __init__
    signature.bind(*op_args, **op_kwargs)
  File "/usr/local/lib/python3.12/inspect.py", line 3267, in bind
    return self._bind(args, kwargs)
           ^^^^^^^^^^^^^^^^^^^^^^^^
  File "/usr/local/lib/python3.12/inspect.py", line 3180, in _bind
    raise TypeError(msg) from None
TypeError: missing a required argument: 'symbols'
[2026-01-10T08:49:02.156+0000] {taskinstance.py:2953} ERROR - Unable to unmap task to determine if we need to send an alert email
[2026-01-10T08:49:02.157+0000] {taskinstance.py:1206} INFO - Marking task as UP_FOR_RETRY. dag_id=daily_price_collection, task_id=persist_daily_price_batch, run_id=manual__2026-01-10T08:48:14+00:00, map_index=44, execution_date=20260110T084814, start_date=20260110T084900, end_date=20260110T084902
[2026-01-10T08:49:02.197+0000] {standard_task_runner.py:110} ERROR - Failed to execute job 8553 for task persist_daily_price_batch (missing a required argument: 'symbols'; 7236)
[2026-01-10T08:49:02.378+0000] {local_task_job_runner.py:243} INFO - Task exited with return code 1
[2026-01-10T08:49:02.432+0000] {local_task_job_runner.py:222} INFO - ::endgroup::
