[2026-01-11T03:06:18.088+0000] {local_task_job_runner.py:120} INFO - ::group::Pre task execution logs
[2026-01-11T03:06:18.142+0000] {taskinstance.py:2076} INFO - Dependencies all met for dep_context=non-requeueable deps ti=<TaskInstance: thongtin_cty_bctc.ingest_bctc scheduled__2026-01-04T00:00:00+00:00 map_index=57 [queued]>
[2026-01-11T03:06:18.172+0000] {taskinstance.py:2076} INFO - Dependencies all met for dep_context=requeueable deps ti=<TaskInstance: thongtin_cty_bctc.ingest_bctc scheduled__2026-01-04T00:00:00+00:00 map_index=57 [queued]>
[2026-01-11T03:06:18.173+0000] {taskinstance.py:2306} INFO - Starting attempt 1 of 2
[2026-01-11T03:06:18.198+0000] {taskinstance.py:2330} INFO - Executing <Mapped(DfToCsvOperator): ingest_bctc> on 2026-01-04 00:00:00+00:00
[2026-01-11T03:06:18.210+0000] {warnings.py:112} WARNING - This process (pid=855) is multi-threaded, use of fork() may lead to deadlocks in the child.

[2026-01-11T03:06:18.212+0000] {standard_task_runner.py:64} INFO - Started process 946 to run task
[2026-01-11T03:06:18.218+0000] {standard_task_runner.py:90} INFO - Running: ['***', 'tasks', 'run', 'thongtin_cty_bctc', 'ingest_bctc', 'scheduled__2026-01-04T00:00:00+00:00', '--job-id', '9700', '--raw', '--subdir', 'DAGS_FOLDER/tt_cty_bctc.py', '--cfg-path', '/tmp/tmp07ob0ce7', '--map-index', '57']
[2026-01-11T03:06:18.221+0000] {standard_task_runner.py:91} INFO - Job 9700: Subtask ingest_bctc
[2026-01-11T03:06:18.295+0000] {task_command.py:426} INFO - Running <TaskInstance: thongtin_cty_bctc.ingest_bctc scheduled__2026-01-04T00:00:00+00:00 map_index=57 [running]> on host 3f2af93df813
[2026-01-11T03:06:18.441+0000] {taskinstance.py:2648} INFO - Exporting env vars: AIRFLOW_CTX_DAG_OWNER='***' AIRFLOW_CTX_DAG_ID='thongtin_cty_bctc' AIRFLOW_CTX_TASK_ID='ingest_bctc' AIRFLOW_CTX_EXECUTION_DATE='2026-01-04T00:00:00+00:00' AIRFLOW_CTX_TRY_NUMBER='1' AIRFLOW_CTX_DAG_RUN_ID='scheduled__2026-01-04T00:00:00+00:00'
[2026-01-11T03:06:18.443+0000] {taskinstance.py:430} INFO - ::endgroup::
[2026-01-11T03:06:18.452+0000] {logging_mixin.py:188} INFO - Bắt đầu xử lý batch 20 mã: ['HGM', 'HGC', 'HGA', 'HFX', 'HFC', 'HFB', 'HEV', 'HES', 'HEP', 'HEM', 'HEJ', 'HEC', 'HDW', 'HDS', 'HDP', 'HDO', 'HDM', 'HDG', 'HDC', 'HDB']
[2026-01-11T03:06:18.452+0000] {logging_mixin.py:188} INFO -  >> Đang lấy dữ liệu: HGM
[2026-01-11T03:06:18.654+0000] {logging_mixin.py:188} INFO -  Lỗi xử lý mã HGM: Failed to fetch data: 429 - Too Many Requests
[2026-01-11T03:06:18.655+0000] {logging_mixin.py:188} INFO -  >> Đang lấy dữ liệu: HGC
[2026-01-11T03:06:18.779+0000] {logging_mixin.py:188} INFO -  Lỗi xử lý mã HGC: Failed to fetch data: 429 - Too Many Requests
[2026-01-11T03:06:18.780+0000] {logging_mixin.py:188} INFO -  >> Đang lấy dữ liệu: HGA
[2026-01-11T03:06:19.646+0000] {logging_mixin.py:188} INFO -  Lỗi xử lý mã HGA: Failed to fetch data: 429 - Too Many Requests
[2026-01-11T03:06:19.647+0000] {logging_mixin.py:188} INFO -  >> Đang lấy dữ liệu: HFX
[2026-01-11T03:06:21.564+0000] {logging_mixin.py:188} INFO -  Lỗi xử lý mã HFX: Failed to fetch data: 429 - Too Many Requests
[2026-01-11T03:06:21.566+0000] {logging_mixin.py:188} INFO -  >> Đang lấy dữ liệu: HFC
[2026-01-11T03:06:22.007+0000] {logging_mixin.py:188} INFO -  Lỗi xử lý mã HFC: Failed to fetch data: 429 - Too Many Requests
[2026-01-11T03:06:22.009+0000] {logging_mixin.py:188} INFO -  >> Đang lấy dữ liệu: HFB
[2026-01-11T03:06:25.509+0000] {logging_mixin.py:188} INFO -  Lỗi xử lý mã HFB: Failed to fetch data: 429 - Too Many Requests
[2026-01-11T03:06:25.512+0000] {logging_mixin.py:188} INFO -  >> Đang lấy dữ liệu: HEV
[2026-01-11T03:06:25.981+0000] {logging_mixin.py:188} INFO -  Lỗi xử lý mã HEV: Failed to fetch data: 429 - Too Many Requests
[2026-01-11T03:06:25.983+0000] {logging_mixin.py:188} INFO -  >> Đang lấy dữ liệu: HES
[2026-01-11T03:06:26.243+0000] {logging_mixin.py:188} INFO -  Lỗi xử lý mã HES: Failed to fetch data: 429 - Too Many Requests
[2026-01-11T03:06:26.247+0000] {logging_mixin.py:188} INFO -  >> Đang lấy dữ liệu: HEP
[2026-01-11T03:06:26.498+0000] {logging_mixin.py:188} INFO -  Lỗi xử lý mã HEP: Failed to fetch data: 429 - Too Many Requests
[2026-01-11T03:06:26.499+0000] {logging_mixin.py:188} INFO -  >> Đang lấy dữ liệu: HEM
[2026-01-11T03:06:27.546+0000] {logging_mixin.py:188} INFO -  Lỗi xử lý mã HEM: Failed to fetch data: 429 - Too Many Requests
[2026-01-11T03:06:27.547+0000] {logging_mixin.py:188} INFO -  >> Đang lấy dữ liệu: HEJ
[2026-01-11T03:06:27.737+0000] {logging_mixin.py:188} INFO -  Lỗi xử lý mã HEJ: Failed to fetch data: 429 - Too Many Requests
[2026-01-11T03:06:27.739+0000] {logging_mixin.py:188} INFO -  >> Đang lấy dữ liệu: HEC
[2026-01-11T03:06:28.010+0000] {logging_mixin.py:188} INFO -  Lỗi xử lý mã HEC: Failed to fetch data: 429 - Too Many Requests
[2026-01-11T03:06:28.012+0000] {logging_mixin.py:188} INFO -  >> Đang lấy dữ liệu: HDW
[2026-01-11T03:06:28.862+0000] {logging_mixin.py:188} INFO -  Lỗi xử lý mã HDW: Failed to fetch data: 429 - Too Many Requests
[2026-01-11T03:06:28.864+0000] {logging_mixin.py:188} INFO -  >> Đang lấy dữ liệu: HDS
[2026-01-11T03:06:29.082+0000] {logging_mixin.py:188} INFO -  Lỗi xử lý mã HDS: Failed to fetch data: 429 - Too Many Requests
[2026-01-11T03:06:29.084+0000] {logging_mixin.py:188} INFO -  >> Đang lấy dữ liệu: HDP
[2026-01-11T03:06:31.072+0000] {logging_mixin.py:188} INFO -  Lỗi xử lý mã HDP: Failed to fetch data: 429 - Too Many Requests
[2026-01-11T03:06:31.073+0000] {logging_mixin.py:188} INFO -  >> Đang lấy dữ liệu: HDO
[2026-01-11T03:06:31.308+0000] {logging_mixin.py:188} INFO -  Lỗi xử lý mã HDO: Failed to fetch data: 429 - Too Many Requests
[2026-01-11T03:06:31.309+0000] {logging_mixin.py:188} INFO -  >> Đang lấy dữ liệu: HDM
[2026-01-11T03:06:31.488+0000] {logging_mixin.py:188} INFO -  Lỗi xử lý mã HDM: Failed to fetch data: 429 - Too Many Requests
[2026-01-11T03:06:31.489+0000] {logging_mixin.py:188} INFO -  >> Đang lấy dữ liệu: HDG
[2026-01-11T03:06:31.728+0000] {logging_mixin.py:188} INFO -  Lỗi xử lý mã HDG: Failed to fetch data: 429 - Too Many Requests
[2026-01-11T03:06:31.730+0000] {logging_mixin.py:188} INFO -  >> Đang lấy dữ liệu: HDC
[2026-01-11T03:06:31.875+0000] {logging_mixin.py:188} INFO -  Lỗi xử lý mã HDC: Failed to fetch data: 429 - Too Many Requests
[2026-01-11T03:06:31.876+0000] {logging_mixin.py:188} INFO -  >> Đang lấy dữ liệu: HDB
[2026-01-11T03:06:33.900+0000] {logging_mixin.py:188} INFO -  Lỗi xử lý mã HDB: Failed to fetch data: 429 - Too Many Requests
[2026-01-11T03:06:33.901+0000] {logging_mixin.py:188} INFO -  ⚠ Batch này không thu được dữ liệu nào.
[2026-01-11T03:06:33.905+0000] {datalake_df2csv.py:40} INFO - DataFrame rỗng, bỏ qua upload CSV.
[2026-01-11T03:06:33.905+0000] {taskinstance.py:441} INFO - ::group::Post task execution logs
[2026-01-11T03:06:33.918+0000] {taskinstance.py:1206} INFO - Marking task as SUCCESS. dag_id=thongtin_cty_bctc, task_id=ingest_bctc, run_id=scheduled__2026-01-04T00:00:00+00:00, map_index=57, execution_date=20260104T000000, start_date=20260111T030618, end_date=20260111T030633
[2026-01-11T03:06:34.243+0000] {local_task_job_runner.py:243} INFO - Task exited with return code 0
[2026-01-11T03:06:34.262+0000] {taskinstance.py:3503} INFO - 0 downstream tasks scheduled from follow-on schedule check
[2026-01-11T03:06:34.266+0000] {local_task_job_runner.py:222} INFO - ::endgroup::
