[2026-01-11T03:08:07.449+0000] {local_task_job_runner.py:120} INFO - ::group::Pre task execution logs
[2026-01-11T03:08:07.491+0000] {taskinstance.py:2076} INFO - Dependencies all met for dep_context=non-requeueable deps ti=<TaskInstance: thongtin_cty_bctc.ingest_bctc manual__2026-01-11T03:04:17.829778+00:00 map_index=77 [queued]>
[2026-01-11T03:08:07.526+0000] {taskinstance.py:2076} INFO - Dependencies all met for dep_context=requeueable deps ti=<TaskInstance: thongtin_cty_bctc.ingest_bctc manual__2026-01-11T03:04:17.829778+00:00 map_index=77 [queued]>
[2026-01-11T03:08:07.527+0000] {taskinstance.py:2306} INFO - Starting attempt 1 of 2
[2026-01-11T03:08:07.553+0000] {taskinstance.py:2330} INFO - Executing <Mapped(DfToCsvOperator): ingest_bctc> on 2026-01-11 03:04:17.829778+00:00
[2026-01-11T03:08:07.576+0000] {warnings.py:112} WARNING - This process (pid=2091) is multi-threaded, use of fork() may lead to deadlocks in the child.

[2026-01-11T03:08:07.578+0000] {standard_task_runner.py:64} INFO - Started process 2168 to run task
[2026-01-11T03:08:07.580+0000] {standard_task_runner.py:90} INFO - Running: ['***', 'tasks', 'run', 'thongtin_cty_bctc', 'ingest_bctc', 'manual__2026-01-11T03:04:17.829778+00:00', '--job-id', '9808', '--raw', '--subdir', 'DAGS_FOLDER/tt_cty_bctc.py', '--cfg-path', '/tmp/tmprs4wga3q', '--map-index', '77']
[2026-01-11T03:08:07.582+0000] {standard_task_runner.py:91} INFO - Job 9808: Subtask ingest_bctc
[2026-01-11T03:08:07.661+0000] {task_command.py:426} INFO - Running <TaskInstance: thongtin_cty_bctc.ingest_bctc manual__2026-01-11T03:04:17.829778+00:00 map_index=77 [running]> on host 3f2af93df813
[2026-01-11T03:08:07.785+0000] {taskinstance.py:2648} INFO - Exporting env vars: AIRFLOW_CTX_DAG_OWNER='***' AIRFLOW_CTX_DAG_ID='thongtin_cty_bctc' AIRFLOW_CTX_TASK_ID='ingest_bctc' AIRFLOW_CTX_EXECUTION_DATE='2026-01-11T03:04:17.829778+00:00' AIRFLOW_CTX_TRY_NUMBER='1' AIRFLOW_CTX_DAG_RUN_ID='manual__2026-01-11T03:04:17.829778+00:00'
[2026-01-11T03:08:07.787+0000] {taskinstance.py:430} INFO - ::endgroup::
[2026-01-11T03:08:07.798+0000] {logging_mixin.py:188} INFO - Bắt đầu xử lý batch 20 mã: ['CAD', 'CAB', 'C92', 'C69', 'C4G', 'C47', 'C32', 'C22', 'C21', 'C12', 'BXT', 'BXH', 'BWS', 'BWE', 'BWA', 'BVS', 'BVN', 'BVL', 'BVH', 'BVG']
[2026-01-11T03:08:07.798+0000] {logging_mixin.py:188} INFO -  >> Đang lấy dữ liệu: CAD
[2026-01-11T03:08:08.743+0000] {logging_mixin.py:188} INFO -  Lỗi xử lý mã CAD: Failed to fetch data: 429 - Too Many Requests
[2026-01-11T03:08:08.744+0000] {logging_mixin.py:188} INFO -  >> Đang lấy dữ liệu: CAB
[2026-01-11T03:08:08.867+0000] {logging_mixin.py:188} INFO -  Lỗi xử lý mã CAB: Failed to fetch data: 429 - Too Many Requests
[2026-01-11T03:08:08.868+0000] {logging_mixin.py:188} INFO -  >> Đang lấy dữ liệu: C92
[2026-01-11T03:08:09.033+0000] {logging_mixin.py:188} INFO -  Lỗi xử lý mã C92: Failed to fetch data: 429 - Too Many Requests
[2026-01-11T03:08:09.035+0000] {logging_mixin.py:188} INFO -  >> Đang lấy dữ liệu: C69
[2026-01-11T03:08:09.216+0000] {logging_mixin.py:188} INFO -  Lỗi xử lý mã C69: Failed to fetch data: 429 - Too Many Requests
[2026-01-11T03:08:09.217+0000] {logging_mixin.py:188} INFO -  >> Đang lấy dữ liệu: C4G
[2026-01-11T03:08:09.335+0000] {logging_mixin.py:188} INFO -  Lỗi xử lý mã C4G: Failed to fetch data: 429 - Too Many Requests
[2026-01-11T03:08:09.336+0000] {logging_mixin.py:188} INFO -  >> Đang lấy dữ liệu: C47
[2026-01-11T03:08:09.584+0000] {logging_mixin.py:188} INFO -  Lỗi xử lý mã C47: Failed to fetch data: 429 - Too Many Requests
[2026-01-11T03:08:09.585+0000] {logging_mixin.py:188} INFO -  >> Đang lấy dữ liệu: C32
[2026-01-11T03:08:09.747+0000] {logging_mixin.py:188} INFO -  Lỗi xử lý mã C32: Failed to fetch data: 429 - Too Many Requests
[2026-01-11T03:08:09.748+0000] {logging_mixin.py:188} INFO -  >> Đang lấy dữ liệu: C22
[2026-01-11T03:08:09.893+0000] {logging_mixin.py:188} INFO -  Lỗi xử lý mã C22: Failed to fetch data: 429 - Too Many Requests
[2026-01-11T03:08:09.895+0000] {logging_mixin.py:188} INFO -  >> Đang lấy dữ liệu: C21
[2026-01-11T03:08:10.075+0000] {logging_mixin.py:188} INFO -  Lỗi xử lý mã C21: Failed to fetch data: 429 - Too Many Requests
[2026-01-11T03:08:10.077+0000] {logging_mixin.py:188} INFO -  >> Đang lấy dữ liệu: C12
[2026-01-11T03:08:10.204+0000] {logging_mixin.py:188} INFO -  Lỗi xử lý mã C12: Failed to fetch data: 429 - Too Many Requests
[2026-01-11T03:08:10.205+0000] {logging_mixin.py:188} INFO -  >> Đang lấy dữ liệu: BXT
[2026-01-11T03:08:10.473+0000] {logging_mixin.py:188} INFO -  Lỗi xử lý mã BXT: Failed to fetch data: 429 - Too Many Requests
[2026-01-11T03:08:10.475+0000] {logging_mixin.py:188} INFO -  >> Đang lấy dữ liệu: BXH
[2026-01-11T03:08:10.677+0000] {logging_mixin.py:188} INFO -  Lỗi xử lý mã BXH: Failed to fetch data: 429 - Too Many Requests
[2026-01-11T03:08:10.678+0000] {logging_mixin.py:188} INFO -  >> Đang lấy dữ liệu: BWS
[2026-01-11T03:08:10.814+0000] {logging_mixin.py:188} INFO -  Lỗi xử lý mã BWS: Failed to fetch data: 429 - Too Many Requests
[2026-01-11T03:08:10.815+0000] {logging_mixin.py:188} INFO -  >> Đang lấy dữ liệu: BWE
[2026-01-11T03:08:11.182+0000] {logging_mixin.py:188} INFO -  Lỗi xử lý mã BWE: Failed to fetch data: 429 - Too Many Requests
[2026-01-11T03:08:11.184+0000] {logging_mixin.py:188} INFO -  >> Đang lấy dữ liệu: BWA
[2026-01-11T03:08:12.490+0000] {logging_mixin.py:188} INFO -  Lỗi xử lý mã BWA: Failed to fetch data: 429 - Too Many Requests
[2026-01-11T03:08:12.492+0000] {logging_mixin.py:188} INFO -  >> Đang lấy dữ liệu: BVS
[2026-01-11T03:08:12.636+0000] {logging_mixin.py:188} INFO -  Lỗi xử lý mã BVS: Failed to fetch data: 429 - Too Many Requests
[2026-01-11T03:08:12.637+0000] {logging_mixin.py:188} INFO -  >> Đang lấy dữ liệu: BVN
[2026-01-11T03:08:12.799+0000] {logging_mixin.py:188} INFO -  Lỗi xử lý mã BVN: Failed to fetch data: 429 - Too Many Requests
[2026-01-11T03:08:12.800+0000] {logging_mixin.py:188} INFO -  >> Đang lấy dữ liệu: BVL
[2026-01-11T03:08:12.906+0000] {logging_mixin.py:188} INFO -  Lỗi xử lý mã BVL: Failed to fetch data: 429 - Too Many Requests
[2026-01-11T03:08:12.907+0000] {logging_mixin.py:188} INFO -  >> Đang lấy dữ liệu: BVH
[2026-01-11T03:08:13.077+0000] {logging_mixin.py:188} INFO -  Lỗi xử lý mã BVH: Failed to fetch data: 429 - Too Many Requests
[2026-01-11T03:08:13.078+0000] {logging_mixin.py:188} INFO -  >> Đang lấy dữ liệu: BVG
[2026-01-11T03:08:13.487+0000] {logging_mixin.py:188} INFO -  Lỗi xử lý mã BVG: Failed to fetch data: 429 - Too Many Requests
[2026-01-11T03:08:13.487+0000] {logging_mixin.py:188} INFO -  ⚠ Batch này không thu được dữ liệu nào.
[2026-01-11T03:08:13.490+0000] {datalake_df2csv.py:40} INFO - DataFrame rỗng, bỏ qua upload CSV.
[2026-01-11T03:08:13.490+0000] {taskinstance.py:441} INFO - ::group::Post task execution logs
[2026-01-11T03:08:13.742+0000] {taskinstance.py:1206} INFO - Marking task as SUCCESS. dag_id=thongtin_cty_bctc, task_id=ingest_bctc, run_id=manual__2026-01-11T03:04:17.829778+00:00, map_index=77, execution_date=20260111T030417, start_date=20260111T030807, end_date=20260111T030813
[2026-01-11T03:08:13.782+0000] {local_task_job_runner.py:243} INFO - Task exited with return code 0
[2026-01-11T03:08:13.799+0000] {taskinstance.py:3503} INFO - 0 downstream tasks scheduled from follow-on schedule check
[2026-01-11T03:08:13.801+0000] {local_task_job_runner.py:222} INFO - ::endgroup::
