[2026-01-12T13:58:49.030+0000] {local_task_job_runner.py:120} INFO - ::group::Pre task execution logs
[2026-01-12T13:58:49.158+0000] {taskinstance.py:2076} INFO - Dependencies all met for dep_context=non-requeueable deps ti=<TaskInstance: daily_price_minio.ingest_daily_price manual__2026-01-12T13:47:34.140161+00:00 map_index=318 [queued]>
[2026-01-12T13:58:49.224+0000] {taskinstance.py:2076} INFO - Dependencies all met for dep_context=requeueable deps ti=<TaskInstance: daily_price_minio.ingest_daily_price manual__2026-01-12T13:47:34.140161+00:00 map_index=318 [queued]>
[2026-01-12T13:58:49.226+0000] {taskinstance.py:2306} INFO - Starting attempt 1 of 2
[2026-01-12T13:58:49.309+0000] {taskinstance.py:2330} INFO - Executing <Mapped(DfToCsvOperator): ingest_daily_price> on 2026-01-12 13:47:34.140161+00:00
[2026-01-12T13:58:49.331+0000] {warnings.py:112} WARNING - This process (pid=19754) is multi-threaded, use of fork() may lead to deadlocks in the child.

[2026-01-12T13:58:49.334+0000] {standard_task_runner.py:64} INFO - Started process 19874 to run task
[2026-01-12T13:58:49.347+0000] {standard_task_runner.py:90} INFO - Running: ['***', 'tasks', 'run', 'daily_price_minio', 'ingest_daily_price', 'manual__2026-01-12T13:47:34.140161+00:00', '--job-id', '12286', '--raw', '--subdir', 'DAGS_FOLDER/daily_price_minio.py', '--cfg-path', '/tmp/tmpp8i1jgat', '--map-index', '318']
[2026-01-12T13:58:49.353+0000] {standard_task_runner.py:91} INFO - Job 12286: Subtask ingest_daily_price
[2026-01-12T13:58:49.527+0000] {task_command.py:426} INFO - Running <TaskInstance: daily_price_minio.ingest_daily_price manual__2026-01-12T13:47:34.140161+00:00 map_index=318 [running]> on host 5a20a797a43c
[2026-01-12T13:58:49.977+0000] {taskinstance.py:2648} INFO - Exporting env vars: AIRFLOW_CTX_DAG_OWNER='***' AIRFLOW_CTX_DAG_ID='daily_price_minio' AIRFLOW_CTX_TASK_ID='ingest_daily_price' AIRFLOW_CTX_EXECUTION_DATE='2026-01-12T13:47:34.140161+00:00' AIRFLOW_CTX_TRY_NUMBER='1' AIRFLOW_CTX_DAG_RUN_ID='manual__2026-01-12T13:47:34.140161+00:00'
[2026-01-12T13:58:49.980+0000] {taskinstance.py:430} INFO - ::endgroup::
[2026-01-12T13:58:55.628+0000] {logging_mixin.py:188} INFO - BPW: RetryError[<Future at 0x7fef4c68a0f0 state=finished raised ValueError>]
[2026-01-12T13:58:58.288+0000] {base.py:84} INFO - Using connection ID 'minio_finance' for task execution.
[2026-01-12T13:58:58.290+0000] {connection_wrapper.py:384} INFO - AWS Connection (conn_id='minio_finance', conn_type='aws') credentials retrieved from login and password.
[2026-01-12T13:58:59.700+0000] {datalake_df2csv.py:52} INFO - ✅ Đã upload 12 dòng -> s3://thongtinn-congty-va-bctc/daily_price/2026-01-12/batch_318.csv
[2026-01-12T13:58:59.707+0000] {taskinstance.py:441} INFO - ::group::Post task execution logs
[2026-01-12T13:58:59.729+0000] {taskinstance.py:1206} INFO - Marking task as SUCCESS. dag_id=daily_price_minio, task_id=ingest_daily_price, run_id=manual__2026-01-12T13:47:34.140161+00:00, map_index=318, execution_date=20260112T134734, start_date=20260112T135849, end_date=20260112T135859
[2026-01-12T13:58:59.933+0000] {local_task_job_runner.py:243} INFO - Task exited with return code 0
[2026-01-12T13:58:59.974+0000] {taskinstance.py:3503} INFO - 0 downstream tasks scheduled from follow-on schedule check
[2026-01-12T13:59:00.030+0000] {local_task_job_runner.py:222} INFO - ::endgroup::
