[2025-12-31T14:42:44.374+0000] {local_task_job_runner.py:120} INFO - ::group::Pre task execution logs
[2025-12-31T14:42:44.408+0000] {taskinstance.py:2076} INFO - Dependencies all met for dep_context=non-requeueable deps ti=<TaskInstance: thongtin_cty_bctc.ingest_overview manual__2025-12-31T14:34:21.190447+00:00 map_index=66 [queued]>
[2025-12-31T14:42:44.437+0000] {taskinstance.py:2076} INFO - Dependencies all met for dep_context=requeueable deps ti=<TaskInstance: thongtin_cty_bctc.ingest_overview manual__2025-12-31T14:34:21.190447+00:00 map_index=66 [queued]>
[2025-12-31T14:42:44.438+0000] {taskinstance.py:2306} INFO - Starting attempt 1 of 2
[2025-12-31T14:42:44.461+0000] {taskinstance.py:2330} INFO - Executing <Mapped(DfToCsvOperator): ingest_overview> on 2025-12-31 14:34:21.190447+00:00
[2025-12-31T14:42:44.476+0000] {warnings.py:112} WARNING - This process (pid=6132) is multi-threaded, use of fork() may lead to deadlocks in the child.

[2025-12-31T14:42:44.478+0000] {standard_task_runner.py:64} INFO - Started process 6179 to run task
[2025-12-31T14:42:44.481+0000] {standard_task_runner.py:90} INFO - Running: ['***', 'tasks', 'run', 'thongtin_cty_bctc', 'ingest_overview', 'manual__2025-12-31T14:34:21.190447+00:00', '--job-id', '502', '--raw', '--subdir', 'DAGS_FOLDER/tt_cty_bctc.py', '--cfg-path', '/tmp/tmp64hxn2p_', '--map-index', '66']
[2025-12-31T14:42:44.483+0000] {standard_task_runner.py:91} INFO - Job 502: Subtask ingest_overview
[2025-12-31T14:42:44.555+0000] {task_command.py:426} INFO - Running <TaskInstance: thongtin_cty_bctc.ingest_overview manual__2025-12-31T14:34:21.190447+00:00 map_index=66 [running]> on host 8bc7f11ea9a4
[2025-12-31T14:42:44.678+0000] {taskinstance.py:2648} INFO - Exporting env vars: AIRFLOW_CTX_DAG_OWNER='***' AIRFLOW_CTX_DAG_ID='thongtin_cty_bctc' AIRFLOW_CTX_TASK_ID='ingest_overview' AIRFLOW_CTX_EXECUTION_DATE='2025-12-31T14:34:21.190447+00:00' AIRFLOW_CTX_TRY_NUMBER='1' AIRFLOW_CTX_DAG_RUN_ID='manual__2025-12-31T14:34:21.190447+00:00'
[2025-12-31T14:42:44.679+0000] {taskinstance.py:430} INFO - ::endgroup::
[2025-12-31T14:42:44.987+0000] {logging_mixin.py:188} INFO - Err overview DSN: Failed to fetch data: 429 - Too Many Requests
[2025-12-31T14:42:45.136+0000] {logging_mixin.py:188} INFO - Err overview DSH: Failed to fetch data: 429 - Too Many Requests
[2025-12-31T14:42:45.252+0000] {logging_mixin.py:188} INFO - Err overview DSG: Failed to fetch data: 429 - Too Many Requests
[2025-12-31T14:42:45.382+0000] {logging_mixin.py:188} INFO - Err overview DSE: Failed to fetch data: 429 - Too Many Requests
[2025-12-31T14:42:45.519+0000] {logging_mixin.py:188} INFO - Err overview DSD: Failed to fetch data: 429 - Too Many Requests
[2025-12-31T14:42:45.623+0000] {logging_mixin.py:188} INFO - Err overview DSC: Failed to fetch data: 429 - Too Many Requests
[2025-12-31T14:42:45.743+0000] {logging_mixin.py:188} INFO - Err overview DS3: Failed to fetch data: 429 - Too Many Requests
[2025-12-31T14:42:45.863+0000] {logging_mixin.py:188} INFO - Err overview DRL: Failed to fetch data: 429 - Too Many Requests
[2025-12-31T14:42:45.961+0000] {logging_mixin.py:188} INFO - Err overview DRI: Failed to fetch data: 429 - Too Many Requests
[2025-12-31T14:42:46.085+0000] {logging_mixin.py:188} INFO - Err overview DRH: Failed to fetch data: 429 - Too Many Requests
[2025-12-31T14:42:46.252+0000] {logging_mixin.py:188} INFO - Err overview DRG: Failed to fetch data: 429 - Too Many Requests
[2025-12-31T14:42:46.408+0000] {logging_mixin.py:188} INFO - Err overview DRC: Failed to fetch data: 429 - Too Many Requests
[2025-12-31T14:42:46.766+0000] {logging_mixin.py:188} INFO - Err overview DQC: Failed to fetch data: 429 - Too Many Requests
[2025-12-31T14:42:46.895+0000] {logging_mixin.py:188} INFO - Err overview DPS: Failed to fetch data: 429 - Too Many Requests
[2025-12-31T14:42:47.047+0000] {logging_mixin.py:188} INFO - Err overview DPR: Failed to fetch data: 429 - Too Many Requests
[2025-12-31T14:42:47.173+0000] {logging_mixin.py:188} INFO - Err overview DPP: Failed to fetch data: 429 - Too Many Requests
[2025-12-31T14:42:47.436+0000] {logging_mixin.py:188} INFO - Err overview DPM: Failed to fetch data: 429 - Too Many Requests
[2025-12-31T14:43:08.626+0000] {logging_mixin.py:188} INFO - Err overview DPH: Failed to fetch data: 429 - Too Many Requests
[2025-12-31T14:43:08.768+0000] {logging_mixin.py:188} INFO - Err overview DPG: Failed to fetch data: 429 - Too Many Requests
[2025-12-31T14:43:08.906+0000] {logging_mixin.py:188} INFO - Err overview DPD: Failed to fetch data: 429 - Too Many Requests
[2025-12-31T14:43:08.910+0000] {datalake_df2csv.py:40} INFO - DataFrame rỗng, bỏ qua upload CSV.
[2025-12-31T14:43:08.910+0000] {taskinstance.py:441} INFO - ::group::Post task execution logs
[2025-12-31T14:43:08.921+0000] {taskinstance.py:1206} INFO - Marking task as SUCCESS. dag_id=thongtin_cty_bctc, task_id=ingest_overview, run_id=manual__2025-12-31T14:34:21.190447+00:00, map_index=66, execution_date=20251231T143421, start_date=20251231T144244, end_date=20251231T144308
[2025-12-31T14:43:08.973+0000] {local_task_job_runner.py:243} INFO - Task exited with return code 0
[2025-12-31T14:43:08.992+0000] {taskinstance.py:3503} INFO - 0 downstream tasks scheduled from follow-on schedule check
[2025-12-31T14:43:08.995+0000] {local_task_job_runner.py:222} INFO - ::endgroup::
