[2026-01-10T15:20:06.961+0000] {local_task_job_runner.py:120} INFO - ::group::Pre task execution logs
[2026-01-10T15:20:07.305+0000] {taskinstance.py:2076} INFO - Dependencies all met for dep_context=non-requeueable deps ti=<TaskInstance: thongtin_cty_bctc.ingest_bctc scheduled__2025-12-30T00:00:00+00:00 map_index=502 [queued]>
[2026-01-10T15:20:07.413+0000] {taskinstance.py:2076} INFO - Dependencies all met for dep_context=requeueable deps ti=<TaskInstance: thongtin_cty_bctc.ingest_bctc scheduled__2025-12-30T00:00:00+00:00 map_index=502 [queued]>
[2026-01-10T15:20:07.414+0000] {taskinstance.py:2306} INFO - Starting attempt 1 of 2
[2026-01-10T15:20:07.430+0000] {taskinstance.py:2330} INFO - Executing <Mapped(DfToCsvOperator): ingest_bctc> on 2025-12-30 00:00:00+00:00
[2026-01-10T15:20:07.445+0000] {warnings.py:112} WARNING - This process (pid=12142) is multi-threaded, use of fork() may lead to deadlocks in the child.

[2026-01-10T15:20:07.447+0000] {standard_task_runner.py:64} INFO - Started process 12187 to run task
[2026-01-10T15:20:07.450+0000] {standard_task_runner.py:90} INFO - Running: ['***', 'tasks', 'run', 'thongtin_cty_bctc', 'ingest_bctc', 'scheduled__2025-12-30T00:00:00+00:00', '--job-id', '9605', '--raw', '--subdir', 'DAGS_FOLDER/tt_cty_bctc.py', '--cfg-path', '/tmp/tmpojk0ktn0', '--map-index', '502']
[2026-01-10T15:20:07.452+0000] {standard_task_runner.py:91} INFO - Job 9605: Subtask ingest_bctc
[2026-01-10T15:20:07.510+0000] {task_command.py:426} INFO - Running <TaskInstance: thongtin_cty_bctc.ingest_bctc scheduled__2025-12-30T00:00:00+00:00 map_index=502 [running]> on host c44bcb92a951
[2026-01-10T15:20:07.619+0000] {taskinstance.py:2648} INFO - Exporting env vars: AIRFLOW_CTX_DAG_OWNER='***' AIRFLOW_CTX_DAG_ID='thongtin_cty_bctc' AIRFLOW_CTX_TASK_ID='ingest_bctc' AIRFLOW_CTX_EXECUTION_DATE='2025-12-30T00:00:00+00:00' AIRFLOW_CTX_TRY_NUMBER='1' AIRFLOW_CTX_DAG_RUN_ID='scheduled__2025-12-30T00:00:00+00:00'
[2026-01-10T15:20:07.620+0000] {taskinstance.py:430} INFO - ::endgroup::
[2026-01-10T15:20:07.629+0000] {logging_mixin.py:188} INFO - Bắt đầu xử lý batch 3 mã: ['CFV', 'CFM', 'CET']
[2026-01-10T15:20:07.630+0000] {logging_mixin.py:188} INFO -  >> Đang lấy dữ liệu: CFV
[2026-01-10T15:20:10.333+0000] {logging_mixin.py:188} INFO -  >> Đang lấy dữ liệu: CFM
[2026-01-10T15:20:15.313+0000] {logging_mixin.py:188} INFO - ❌ Lỗi income_statement: RetryError[<Future at 0x7f17d503a8a0 state=finished raised KeyError>]
[2026-01-10T15:20:19.736+0000] {logging_mixin.py:188} INFO - ❌ Lỗi balance_sheet: RetryError[<Future at 0x7f17d503ac00 state=finished raised KeyError>]
[2026-01-10T15:20:24.204+0000] {logging_mixin.py:188} INFO - ❌ Lỗi cash_flow: RetryError[<Future at 0x7f17d503b140 state=finished raised KeyError>]
[2026-01-10T15:20:25.205+0000] {logging_mixin.py:188} INFO -  >> Đang lấy dữ liệu: CET
[2026-01-10T15:20:27.848+0000] {logging_mixin.py:188} INFO -  ✓ Hoàn thành batch. Tổng số dòng: 4062
[2026-01-10T15:20:27.881+0000] {base.py:84} INFO - Using connection ID 'minio_finance' for task execution.
[2026-01-10T15:20:27.882+0000] {connection_wrapper.py:384} INFO - AWS Connection (conn_id='minio_finance', conn_type='aws') credentials retrieved from login and password.
[2026-01-10T15:20:28.292+0000] {datalake_df2csv.py:52} INFO - ✅ Đã upload 4062 dòng -> s3://thongtin-congty-va-bctc/bctc/2025-12-30/batch_502.csv
[2026-01-10T15:20:28.293+0000] {taskinstance.py:441} INFO - ::group::Post task execution logs
[2026-01-10T15:20:29.652+0000] {taskinstance.py:1206} INFO - Marking task as SUCCESS. dag_id=thongtin_cty_bctc, task_id=ingest_bctc, run_id=scheduled__2025-12-30T00:00:00+00:00, map_index=502, execution_date=20251230T000000, start_date=20260110T152007, end_date=20260110T152029
[2026-01-10T15:20:29.729+0000] {local_task_job_runner.py:243} INFO - Task exited with return code 0
[2026-01-10T15:20:29.741+0000] {local_task_job_runner.py:222} INFO - ::endgroup::
