[2026-01-12T13:29:29.378+0000] {local_task_job_runner.py:120} INFO - ::group::Pre task execution logs
[2026-01-12T13:29:29.405+0000] {taskinstance.py:2076} INFO - Dependencies all met for dep_context=non-requeueable deps ti=<TaskInstance: company_overview_to_minio.ingest_overview manual__2026-01-12T13:28:56.907705+00:00 map_index=12 [queued]>
[2026-01-12T13:29:29.418+0000] {taskinstance.py:2076} INFO - Dependencies all met for dep_context=requeueable deps ti=<TaskInstance: company_overview_to_minio.ingest_overview manual__2026-01-12T13:28:56.907705+00:00 map_index=12 [queued]>
[2026-01-12T13:29:29.419+0000] {taskinstance.py:2306} INFO - Starting attempt 1 of 2
[2026-01-12T13:29:29.438+0000] {taskinstance.py:2330} INFO - Executing <Mapped(DfToCsvOperator): ingest_overview> on 2026-01-12 13:28:56.907705+00:00
[2026-01-12T13:29:29.455+0000] {warnings.py:112} WARNING - This process (pid=495) is multi-threaded, use of fork() may lead to deadlocks in the child.

[2026-01-12T13:29:29.457+0000] {standard_task_runner.py:64} INFO - Started process 506 to run task
[2026-01-12T13:29:29.460+0000] {standard_task_runner.py:90} INFO - Running: ['***', 'tasks', 'run', 'company_overview_to_minio', 'ingest_overview', 'manual__2026-01-12T13:28:56.907705+00:00', '--job-id', '10751', '--raw', '--subdir', 'DAGS_FOLDER/company_overview_to_minio.py', '--cfg-path', '/tmp/tmpekp72g72', '--map-index', '12']
[2026-01-12T13:29:29.464+0000] {standard_task_runner.py:91} INFO - Job 10751: Subtask ingest_overview
[2026-01-12T13:29:29.575+0000] {task_command.py:426} INFO - Running <TaskInstance: company_overview_to_minio.ingest_overview manual__2026-01-12T13:28:56.907705+00:00 map_index=12 [running]> on host 5a20a797a43c
[2026-01-12T13:29:29.678+0000] {taskinstance.py:2648} INFO - Exporting env vars: AIRFLOW_CTX_DAG_OWNER='***' AIRFLOW_CTX_DAG_ID='company_overview_to_minio' AIRFLOW_CTX_TASK_ID='ingest_overview' AIRFLOW_CTX_EXECUTION_DATE='2026-01-12T13:28:56.907705+00:00' AIRFLOW_CTX_TRY_NUMBER='1' AIRFLOW_CTX_DAG_RUN_ID='manual__2026-01-12T13:28:56.907705+00:00'
[2026-01-12T13:29:29.679+0000] {taskinstance.py:430} INFO - ::endgroup::
[2026-01-12T13:29:31.026+0000] {warnings.py:112} WARNING - DataFrame.applymap has been deprecated. Use DataFrame.map instead.

[2026-01-12T13:29:32.310+0000] {warnings.py:112} WARNING - DataFrame.applymap has been deprecated. Use DataFrame.map instead.

[2026-01-12T13:29:33.634+0000] {warnings.py:112} WARNING - DataFrame.applymap has been deprecated. Use DataFrame.map instead.

[2026-01-12T13:29:35.019+0000] {warnings.py:112} WARNING - DataFrame.applymap has been deprecated. Use DataFrame.map instead.

[2026-01-12T13:29:36.385+0000] {warnings.py:112} WARNING - DataFrame.applymap has been deprecated. Use DataFrame.map instead.

[2026-01-12T13:29:37.744+0000] {warnings.py:112} WARNING - DataFrame.applymap has been deprecated. Use DataFrame.map instead.

[2026-01-12T13:29:39.003+0000] {warnings.py:112} WARNING - DataFrame.applymap has been deprecated. Use DataFrame.map instead.

[2026-01-12T13:29:40.427+0000] {warnings.py:112} WARNING - DataFrame.applymap has been deprecated. Use DataFrame.map instead.

[2026-01-12T13:29:41.686+0000] {warnings.py:112} WARNING - DataFrame.applymap has been deprecated. Use DataFrame.map instead.

[2026-01-12T13:29:42.949+0000] {warnings.py:112} WARNING - DataFrame.applymap has been deprecated. Use DataFrame.map instead.

[2026-01-12T13:29:44.280+0000] {warnings.py:112} WARNING - DataFrame.applymap has been deprecated. Use DataFrame.map instead.

[2026-01-12T13:29:45.616+0000] {warnings.py:112} WARNING - DataFrame.applymap has been deprecated. Use DataFrame.map instead.

[2026-01-12T13:29:46.884+0000] {warnings.py:112} WARNING - DataFrame.applymap has been deprecated. Use DataFrame.map instead.

[2026-01-12T13:29:48.180+0000] {warnings.py:112} WARNING - DataFrame.applymap has been deprecated. Use DataFrame.map instead.

[2026-01-12T13:29:49.523+0000] {warnings.py:112} WARNING - DataFrame.applymap has been deprecated. Use DataFrame.map instead.

[2026-01-12T13:29:50.861+0000] {warnings.py:112} WARNING - DataFrame.applymap has been deprecated. Use DataFrame.map instead.

[2026-01-12T13:29:52.193+0000] {warnings.py:112} WARNING - DataFrame.applymap has been deprecated. Use DataFrame.map instead.

[2026-01-12T13:29:53.574+0000] {warnings.py:112} WARNING - DataFrame.applymap has been deprecated. Use DataFrame.map instead.

[2026-01-12T13:29:55.017+0000] {warnings.py:112} WARNING - DataFrame.applymap has been deprecated. Use DataFrame.map instead.

[2026-01-12T13:29:56.929+0000] {warnings.py:112} WARNING - DataFrame.applymap has been deprecated. Use DataFrame.map instead.

[2026-01-12T13:29:58.041+0000] {base.py:84} INFO - Using connection ID 'minio_finance' for task execution.
[2026-01-12T13:29:58.042+0000] {connection_wrapper.py:384} INFO - AWS Connection (conn_id='minio_finance', conn_type='aws') credentials retrieved from login and password.
[2026-01-12T13:30:00.178+0000] {datalake_df2csv.py:52} INFO - ✅ Đã upload 20 dòng -> s3://thongtin-congty-va-bctc/overview/date=2026-01-12/batch_12.csv
[2026-01-12T13:30:00.180+0000] {taskinstance.py:441} INFO - ::group::Post task execution logs
[2026-01-12T13:30:00.239+0000] {taskinstance.py:1206} INFO - Marking task as SUCCESS. dag_id=company_overview_to_minio, task_id=ingest_overview, run_id=manual__2026-01-12T13:28:56.907705+00:00, map_index=12, execution_date=20260112T132856, start_date=20260112T132929, end_date=20260112T133000
[2026-01-12T13:30:00.352+0000] {local_task_job_runner.py:243} INFO - Task exited with return code 0
[2026-01-12T13:30:00.460+0000] {taskinstance.py:3503} INFO - 0 downstream tasks scheduled from follow-on schedule check
[2026-01-12T13:30:00.538+0000] {local_task_job_runner.py:222} INFO - ::endgroup::
