[2026-01-10T15:12:35.736+0000] {local_task_job_runner.py:120} INFO - ::group::Pre task execution logs
[2026-01-10T15:12:35.838+0000] {taskinstance.py:2076} INFO - Dependencies all met for dep_context=non-requeueable deps ti=<TaskInstance: thongtin_cty_bctc.ingest_bctc scheduled__2025-12-30T00:00:00+00:00 map_index=364 [queued]>
[2026-01-10T15:12:36.096+0000] {taskinstance.py:2076} INFO - Dependencies all met for dep_context=requeueable deps ti=<TaskInstance: thongtin_cty_bctc.ingest_bctc scheduled__2025-12-30T00:00:00+00:00 map_index=364 [queued]>
[2026-01-10T15:12:36.097+0000] {taskinstance.py:2306} INFO - Starting attempt 1 of 2
[2026-01-10T15:12:38.301+0000] {taskinstance.py:2330} INFO - Executing <Mapped(DfToCsvOperator): ingest_bctc> on 2025-12-30 00:00:00+00:00
[2026-01-10T15:12:38.312+0000] {warnings.py:112} WARNING - This process (pid=6669) is multi-threaded, use of fork() may lead to deadlocks in the child.

[2026-01-10T15:12:38.314+0000] {standard_task_runner.py:64} INFO - Started process 6751 to run task
[2026-01-10T15:12:38.316+0000] {standard_task_runner.py:90} INFO - Running: ['***', 'tasks', 'run', 'thongtin_cty_bctc', 'ingest_bctc', 'scheduled__2025-12-30T00:00:00+00:00', '--job-id', '9194', '--raw', '--subdir', 'DAGS_FOLDER/tt_cty_bctc.py', '--cfg-path', '/tmp/tmp695okzwk', '--map-index', '364']
[2026-01-10T15:12:38.319+0000] {standard_task_runner.py:91} INFO - Job 9194: Subtask ingest_bctc
[2026-01-10T15:12:38.379+0000] {task_command.py:426} INFO - Running <TaskInstance: thongtin_cty_bctc.ingest_bctc scheduled__2025-12-30T00:00:00+00:00 map_index=364 [running]> on host c44bcb92a951
[2026-01-10T15:12:38.499+0000] {taskinstance.py:2648} INFO - Exporting env vars: AIRFLOW_CTX_DAG_OWNER='***' AIRFLOW_CTX_DAG_ID='thongtin_cty_bctc' AIRFLOW_CTX_TASK_ID='ingest_bctc' AIRFLOW_CTX_EXECUTION_DATE='2025-12-30T00:00:00+00:00' AIRFLOW_CTX_TRY_NUMBER='1' AIRFLOW_CTX_DAG_RUN_ID='scheduled__2025-12-30T00:00:00+00:00'
[2026-01-10T15:12:38.500+0000] {taskinstance.py:430} INFO - ::endgroup::
[2026-01-10T15:12:38.507+0000] {logging_mixin.py:188} INFO - Bắt đầu xử lý batch 3 mã: ['HNT', 'HNR', 'HNP']
[2026-01-10T15:12:38.508+0000] {logging_mixin.py:188} INFO -  >> Đang lấy dữ liệu: HNT
[2026-01-10T15:12:40.922+0000] {logging_mixin.py:188} INFO -  >> Đang lấy dữ liệu: HNR
[2026-01-10T15:12:43.436+0000] {logging_mixin.py:188} INFO -  >> Đang lấy dữ liệu: HNP
[2026-01-10T15:12:48.168+0000] {logging_mixin.py:188} INFO - ❌ Lỗi income_statement: RetryError[<Future at 0x7f17d4dde570 state=finished raised KeyError>]
[2026-01-10T15:12:52.582+0000] {logging_mixin.py:188} INFO - ❌ Lỗi balance_sheet: RetryError[<Future at 0x7f17d4dde930 state=finished raised KeyError>]
[2026-01-10T15:12:57.020+0000] {logging_mixin.py:188} INFO - ❌ Lỗi cash_flow: RetryError[<Future at 0x7f17d4ddd310 state=finished raised KeyError>]
[2026-01-10T15:12:58.023+0000] {logging_mixin.py:188} INFO -  ✓ Hoàn thành batch. Tổng số dòng: 2263
[2026-01-10T15:12:58.060+0000] {base.py:84} INFO - Using connection ID 'minio_finance' for task execution.
[2026-01-10T15:12:58.061+0000] {connection_wrapper.py:384} INFO - AWS Connection (conn_id='minio_finance', conn_type='aws') credentials retrieved from login and password.
[2026-01-10T15:12:58.660+0000] {datalake_df2csv.py:52} INFO - ✅ Đã upload 2263 dòng -> s3://thongtin-congty-va-bctc/bctc/2025-12-30/batch_364.csv
[2026-01-10T15:12:58.661+0000] {taskinstance.py:441} INFO - ::group::Post task execution logs
[2026-01-10T15:12:58.676+0000] {taskinstance.py:1206} INFO - Marking task as SUCCESS. dag_id=thongtin_cty_bctc, task_id=ingest_bctc, run_id=scheduled__2025-12-30T00:00:00+00:00, map_index=364, execution_date=20251230T000000, start_date=20260110T151235, end_date=20260110T151258
[2026-01-10T15:12:59.132+0000] {local_task_job_runner.py:243} INFO - Task exited with return code 0
[2026-01-10T15:12:59.142+0000] {local_task_job_runner.py:222} INFO - ::endgroup::
