[2026-01-10T15:16:45.663+0000] {local_task_job_runner.py:120} INFO - ::group::Pre task execution logs
[2026-01-10T15:16:46.029+0000] {taskinstance.py:2076} INFO - Dependencies all met for dep_context=non-requeueable deps ti=<TaskInstance: thongtin_cty_bctc.ingest_bctc scheduled__2025-12-30T00:00:00+00:00 map_index=440 [queued]>
[2026-01-10T15:16:46.140+0000] {taskinstance.py:2076} INFO - Dependencies all met for dep_context=requeueable deps ti=<TaskInstance: thongtin_cty_bctc.ingest_bctc scheduled__2025-12-30T00:00:00+00:00 map_index=440 [queued]>
[2026-01-10T15:16:46.141+0000] {taskinstance.py:2306} INFO - Starting attempt 1 of 2
[2026-01-10T15:16:46.158+0000] {taskinstance.py:2330} INFO - Executing <Mapped(DfToCsvOperator): ingest_bctc> on 2025-12-30 00:00:00+00:00
[2026-01-10T15:16:46.176+0000] {warnings.py:112} WARNING - This process (pid=9693) is multi-threaded, use of fork() may lead to deadlocks in the child.

[2026-01-10T15:16:46.178+0000] {standard_task_runner.py:64} INFO - Started process 9758 to run task
[2026-01-10T15:16:46.180+0000] {standard_task_runner.py:90} INFO - Running: ['***', 'tasks', 'run', 'thongtin_cty_bctc', 'ingest_bctc', 'scheduled__2025-12-30T00:00:00+00:00', '--job-id', '9421', '--raw', '--subdir', 'DAGS_FOLDER/tt_cty_bctc.py', '--cfg-path', '/tmp/tmpch0t2lgo', '--map-index', '440']
[2026-01-10T15:16:46.182+0000] {standard_task_runner.py:91} INFO - Job 9421: Subtask ingest_bctc
[2026-01-10T15:16:46.238+0000] {task_command.py:426} INFO - Running <TaskInstance: thongtin_cty_bctc.ingest_bctc scheduled__2025-12-30T00:00:00+00:00 map_index=440 [running]> on host c44bcb92a951
[2026-01-10T15:16:48.236+0000] {taskinstance.py:2648} INFO - Exporting env vars: AIRFLOW_CTX_DAG_OWNER='***' AIRFLOW_CTX_DAG_ID='thongtin_cty_bctc' AIRFLOW_CTX_TASK_ID='ingest_bctc' AIRFLOW_CTX_EXECUTION_DATE='2025-12-30T00:00:00+00:00' AIRFLOW_CTX_TRY_NUMBER='1' AIRFLOW_CTX_DAG_RUN_ID='scheduled__2025-12-30T00:00:00+00:00'
[2026-01-10T15:16:48.237+0000] {taskinstance.py:430} INFO - ::endgroup::
[2026-01-10T15:16:48.243+0000] {logging_mixin.py:188} INFO - Bắt đầu xử lý batch 3 mã: ['DSN', 'DSH', 'DSG']
[2026-01-10T15:16:48.244+0000] {logging_mixin.py:188} INFO -  >> Đang lấy dữ liệu: DSN
[2026-01-10T15:16:50.991+0000] {logging_mixin.py:188} INFO -  >> Đang lấy dữ liệu: DSH
[2026-01-10T15:16:55.735+0000] {logging_mixin.py:188} INFO - ❌ Lỗi income_statement: RetryError[<Future at 0x7f17d51fc830 state=finished raised KeyError>]
[2026-01-10T15:17:00.167+0000] {logging_mixin.py:188} INFO - ❌ Lỗi balance_sheet: RetryError[<Future at 0x7f17d4dfe6f0 state=finished raised KeyError>]
[2026-01-10T15:17:04.818+0000] {logging_mixin.py:188} INFO - ❌ Lỗi cash_flow: RetryError[<Future at 0x7f17d4dfd6a0 state=finished raised KeyError>]
[2026-01-10T15:17:05.819+0000] {logging_mixin.py:188} INFO -  >> Đang lấy dữ liệu: DSG
[2026-01-10T15:17:09.482+0000] {logging_mixin.py:188} INFO -  ✓ Hoàn thành batch. Tổng số dòng: 6654
[2026-01-10T15:17:09.519+0000] {base.py:84} INFO - Using connection ID 'minio_finance' for task execution.
[2026-01-10T15:17:09.520+0000] {connection_wrapper.py:384} INFO - AWS Connection (conn_id='minio_finance', conn_type='aws') credentials retrieved from login and password.
[2026-01-10T15:17:10.223+0000] {datalake_df2csv.py:52} INFO - ✅ Đã upload 6654 dòng -> s3://thongtin-congty-va-bctc/bctc/2025-12-30/batch_440.csv
[2026-01-10T15:17:10.225+0000] {taskinstance.py:441} INFO - ::group::Post task execution logs
[2026-01-10T15:17:10.237+0000] {taskinstance.py:1206} INFO - Marking task as SUCCESS. dag_id=thongtin_cty_bctc, task_id=ingest_bctc, run_id=scheduled__2025-12-30T00:00:00+00:00, map_index=440, execution_date=20251230T000000, start_date=20260110T151646, end_date=20260110T151710
[2026-01-10T15:17:12.884+0000] {local_task_job_runner.py:243} INFO - Task exited with return code 0
[2026-01-10T15:17:12.895+0000] {local_task_job_runner.py:222} INFO - ::endgroup::
