[2026-01-11T03:05:35.574+0000] {local_task_job_runner.py:120} INFO - ::group::Pre task execution logs
[2026-01-11T03:05:35.603+0000] {taskinstance.py:2076} INFO - Dependencies all met for dep_context=non-requeueable deps ti=<TaskInstance: thongtin_cty_bctc.ingest_bctc scheduled__2026-01-04T00:00:00+00:00 map_index=19 [queued]>
[2026-01-11T03:05:35.618+0000] {taskinstance.py:2076} INFO - Dependencies all met for dep_context=requeueable deps ti=<TaskInstance: thongtin_cty_bctc.ingest_bctc scheduled__2026-01-04T00:00:00+00:00 map_index=19 [queued]>
[2026-01-11T03:05:35.619+0000] {taskinstance.py:2306} INFO - Starting attempt 1 of 2
[2026-01-11T03:05:35.644+0000] {taskinstance.py:2330} INFO - Executing <Mapped(DfToCsvOperator): ingest_bctc> on 2026-01-04 00:00:00+00:00
[2026-01-11T03:05:35.659+0000] {warnings.py:112} WARNING - This process (pid=432) is multi-threaded, use of fork() may lead to deadlocks in the child.

[2026-01-11T03:05:35.662+0000] {standard_task_runner.py:64} INFO - Started process 488 to run task
[2026-01-11T03:05:35.665+0000] {standard_task_runner.py:90} INFO - Running: ['***', 'tasks', 'run', 'thongtin_cty_bctc', 'ingest_bctc', 'scheduled__2026-01-04T00:00:00+00:00', '--job-id', '9662', '--raw', '--subdir', 'DAGS_FOLDER/tt_cty_bctc.py', '--cfg-path', '/tmp/tmpv_zptz57', '--map-index', '19']
[2026-01-11T03:05:35.667+0000] {standard_task_runner.py:91} INFO - Job 9662: Subtask ingest_bctc
[2026-01-11T03:05:35.733+0000] {task_command.py:426} INFO - Running <TaskInstance: thongtin_cty_bctc.ingest_bctc scheduled__2026-01-04T00:00:00+00:00 map_index=19 [running]> on host 3f2af93df813
[2026-01-11T03:05:35.846+0000] {taskinstance.py:2648} INFO - Exporting env vars: AIRFLOW_CTX_DAG_OWNER='***' AIRFLOW_CTX_DAG_ID='thongtin_cty_bctc' AIRFLOW_CTX_TASK_ID='ingest_bctc' AIRFLOW_CTX_EXECUTION_DATE='2026-01-04T00:00:00+00:00' AIRFLOW_CTX_TRY_NUMBER='1' AIRFLOW_CTX_DAG_RUN_ID='scheduled__2026-01-04T00:00:00+00:00'
[2026-01-11T03:05:35.848+0000] {taskinstance.py:430} INFO - ::endgroup::
[2026-01-11T03:05:35.857+0000] {logging_mixin.py:188} INFO - Bắt đầu xử lý batch 20 mã: ['TAL', 'TAG', 'TAC', 'TAB', 'TA9', 'TA6', 'TA3', 'T12', 'SZL', 'SZG', 'SZE', 'SZC', 'SZB', 'SWC', 'SVT', 'SVN', 'SVL', 'SVI', 'SVH', 'SVG']
[2026-01-11T03:05:35.857+0000] {logging_mixin.py:188} INFO -  >> Đang lấy dữ liệu: TAL
[2026-01-11T03:05:36.028+0000] {logging_mixin.py:188} INFO -  Lỗi xử lý mã TAL: Failed to fetch data: 429 - Too Many Requests
[2026-01-11T03:05:36.030+0000] {logging_mixin.py:188} INFO -  >> Đang lấy dữ liệu: TAG
[2026-01-11T03:05:36.152+0000] {logging_mixin.py:188} INFO -  Lỗi xử lý mã TAG: Failed to fetch data: 429 - Too Many Requests
[2026-01-11T03:05:36.153+0000] {logging_mixin.py:188} INFO -  >> Đang lấy dữ liệu: TAC
[2026-01-11T03:05:37.596+0000] {logging_mixin.py:188} INFO -  Lỗi xử lý mã TAC: Failed to fetch data: 429 - Too Many Requests
[2026-01-11T03:05:37.597+0000] {logging_mixin.py:188} INFO -  >> Đang lấy dữ liệu: TAB
[2026-01-11T03:05:37.963+0000] {logging_mixin.py:188} INFO -  Lỗi xử lý mã TAB: Failed to fetch data: 429 - Too Many Requests
[2026-01-11T03:05:37.964+0000] {logging_mixin.py:188} INFO -  >> Đang lấy dữ liệu: TA9
[2026-01-11T03:05:38.074+0000] {logging_mixin.py:188} INFO -  Lỗi xử lý mã TA9: Failed to fetch data: 429 - Too Many Requests
[2026-01-11T03:05:38.075+0000] {logging_mixin.py:188} INFO -  >> Đang lấy dữ liệu: TA6
[2026-01-11T03:05:38.186+0000] {logging_mixin.py:188} INFO -  Lỗi xử lý mã TA6: Failed to fetch data: 429 - Too Many Requests
[2026-01-11T03:05:38.187+0000] {logging_mixin.py:188} INFO -  >> Đang lấy dữ liệu: TA3
[2026-01-11T03:05:38.662+0000] {logging_mixin.py:188} INFO -  Lỗi xử lý mã TA3: Failed to fetch data: 429 - Too Many Requests
[2026-01-11T03:05:38.663+0000] {logging_mixin.py:188} INFO -  >> Đang lấy dữ liệu: T12
[2026-01-11T03:05:38.764+0000] {logging_mixin.py:188} INFO -  Lỗi xử lý mã T12: Failed to fetch data: 429 - Too Many Requests
[2026-01-11T03:05:38.770+0000] {logging_mixin.py:188} INFO -  >> Đang lấy dữ liệu: SZL
[2026-01-11T03:05:39.772+0000] {logging_mixin.py:188} INFO -  Lỗi xử lý mã SZL: Failed to fetch data: 429 - Too Many Requests
[2026-01-11T03:05:39.773+0000] {logging_mixin.py:188} INFO -  >> Đang lấy dữ liệu: SZG
[2026-01-11T03:05:39.932+0000] {logging_mixin.py:188} INFO -  Lỗi xử lý mã SZG: Failed to fetch data: 429 - Too Many Requests
[2026-01-11T03:05:39.933+0000] {logging_mixin.py:188} INFO -  >> Đang lấy dữ liệu: SZE
[2026-01-11T03:05:40.066+0000] {logging_mixin.py:188} INFO -  Lỗi xử lý mã SZE: Failed to fetch data: 429 - Too Many Requests
[2026-01-11T03:05:40.067+0000] {logging_mixin.py:188} INFO -  >> Đang lấy dữ liệu: SZC
[2026-01-11T03:05:40.187+0000] {logging_mixin.py:188} INFO -  Lỗi xử lý mã SZC: Failed to fetch data: 429 - Too Many Requests
[2026-01-11T03:05:40.189+0000] {logging_mixin.py:188} INFO -  >> Đang lấy dữ liệu: SZB
[2026-01-11T03:05:40.631+0000] {logging_mixin.py:188} INFO -  Lỗi xử lý mã SZB: Failed to fetch data: 429 - Too Many Requests
[2026-01-11T03:05:40.632+0000] {logging_mixin.py:188} INFO -  >> Đang lấy dữ liệu: SWC
[2026-01-11T03:05:40.766+0000] {logging_mixin.py:188} INFO -  Lỗi xử lý mã SWC: Failed to fetch data: 429 - Too Many Requests
[2026-01-11T03:05:40.767+0000] {logging_mixin.py:188} INFO -  >> Đang lấy dữ liệu: SVT
[2026-01-11T03:05:41.032+0000] {logging_mixin.py:188} INFO -  Lỗi xử lý mã SVT: Failed to fetch data: 429 - Too Many Requests
[2026-01-11T03:05:41.033+0000] {logging_mixin.py:188} INFO -  >> Đang lấy dữ liệu: SVN
[2026-01-11T03:05:41.882+0000] {logging_mixin.py:188} INFO -  Lỗi xử lý mã SVN: Failed to fetch data: 429 - Too Many Requests
[2026-01-11T03:05:41.883+0000] {logging_mixin.py:188} INFO -  >> Đang lấy dữ liệu: SVL
[2026-01-11T03:05:43.821+0000] {logging_mixin.py:188} INFO -  Lỗi xử lý mã SVL: Failed to fetch data: 429 - Too Many Requests
[2026-01-11T03:05:43.823+0000] {logging_mixin.py:188} INFO -  >> Đang lấy dữ liệu: SVI
[2026-01-11T03:05:43.963+0000] {logging_mixin.py:188} INFO -  Lỗi xử lý mã SVI: Failed to fetch data: 429 - Too Many Requests
[2026-01-11T03:05:43.964+0000] {logging_mixin.py:188} INFO -  >> Đang lấy dữ liệu: SVH
[2026-01-11T03:05:44.160+0000] {logging_mixin.py:188} INFO -  Lỗi xử lý mã SVH: Failed to fetch data: 429 - Too Many Requests
[2026-01-11T03:05:44.162+0000] {logging_mixin.py:188} INFO -  >> Đang lấy dữ liệu: SVG
[2026-01-11T03:05:46.727+0000] {logging_mixin.py:188} INFO -  Lỗi xử lý mã SVG: Failed to fetch data: 429 - Too Many Requests
[2026-01-11T03:05:46.728+0000] {logging_mixin.py:188} INFO -  ⚠ Batch này không thu được dữ liệu nào.
[2026-01-11T03:05:46.733+0000] {datalake_df2csv.py:40} INFO - DataFrame rỗng, bỏ qua upload CSV.
[2026-01-11T03:05:46.734+0000] {taskinstance.py:441} INFO - ::group::Post task execution logs
[2026-01-11T03:05:46.753+0000] {taskinstance.py:1206} INFO - Marking task as SUCCESS. dag_id=thongtin_cty_bctc, task_id=ingest_bctc, run_id=scheduled__2026-01-04T00:00:00+00:00, map_index=19, execution_date=20260104T000000, start_date=20260111T030535, end_date=20260111T030546
[2026-01-11T03:05:46.819+0000] {local_task_job_runner.py:243} INFO - Task exited with return code 0
[2026-01-11T03:05:46.840+0000] {taskinstance.py:3503} INFO - 0 downstream tasks scheduled from follow-on schedule check
[2026-01-11T03:05:46.844+0000] {local_task_job_runner.py:222} INFO - ::endgroup::
