[2026-01-10T15:14:30.044+0000] {local_task_job_runner.py:120} INFO - ::group::Pre task execution logs
[2026-01-10T15:14:30.442+0000] {taskinstance.py:2076} INFO - Dependencies all met for dep_context=non-requeueable deps ti=<TaskInstance: thongtin_cty_bctc.ingest_bctc scheduled__2025-12-30T00:00:00+00:00 map_index=397 [queued]>
[2026-01-10T15:14:30.612+0000] {taskinstance.py:2076} INFO - Dependencies all met for dep_context=requeueable deps ti=<TaskInstance: thongtin_cty_bctc.ingest_bctc scheduled__2025-12-30T00:00:00+00:00 map_index=397 [queued]>
[2026-01-10T15:14:30.615+0000] {taskinstance.py:2306} INFO - Starting attempt 1 of 2
[2026-01-10T15:14:30.657+0000] {taskinstance.py:2330} INFO - Executing <Mapped(DfToCsvOperator): ingest_bctc> on 2025-12-30 00:00:00+00:00
[2026-01-10T15:14:30.674+0000] {warnings.py:112} WARNING - This process (pid=7985) is multi-threaded, use of fork() may lead to deadlocks in the child.

[2026-01-10T15:14:30.678+0000] {standard_task_runner.py:64} INFO - Started process 8049 to run task
[2026-01-10T15:14:30.686+0000] {standard_task_runner.py:90} INFO - Running: ['***', 'tasks', 'run', 'thongtin_cty_bctc', 'ingest_bctc', 'scheduled__2025-12-30T00:00:00+00:00', '--job-id', '9291', '--raw', '--subdir', 'DAGS_FOLDER/tt_cty_bctc.py', '--cfg-path', '/tmp/tmp5f3oribd', '--map-index', '397']
[2026-01-10T15:14:30.690+0000] {standard_task_runner.py:91} INFO - Job 9291: Subtask ingest_bctc
[2026-01-10T15:14:30.813+0000] {task_command.py:426} INFO - Running <TaskInstance: thongtin_cty_bctc.ingest_bctc scheduled__2025-12-30T00:00:00+00:00 map_index=397 [running]> on host c44bcb92a951
[2026-01-10T15:14:30.987+0000] {taskinstance.py:2648} INFO - Exporting env vars: AIRFLOW_CTX_DAG_OWNER='***' AIRFLOW_CTX_DAG_ID='thongtin_cty_bctc' AIRFLOW_CTX_TASK_ID='ingest_bctc' AIRFLOW_CTX_EXECUTION_DATE='2025-12-30T00:00:00+00:00' AIRFLOW_CTX_TRY_NUMBER='1' AIRFLOW_CTX_DAG_RUN_ID='scheduled__2025-12-30T00:00:00+00:00'
[2026-01-10T15:14:30.990+0000] {taskinstance.py:430} INFO - ::endgroup::
[2026-01-10T15:14:31.007+0000] {logging_mixin.py:188} INFO - Bắt đầu xử lý batch 3 mã: ['HAB', 'H11', 'GVT']
[2026-01-10T15:14:31.007+0000] {logging_mixin.py:188} INFO -  >> Đang lấy dữ liệu: HAB
[2026-01-10T15:14:33.478+0000] {logging_mixin.py:188} INFO -  >> Đang lấy dữ liệu: H11
[2026-01-10T15:14:38.253+0000] {logging_mixin.py:188} INFO - ❌ Lỗi income_statement: RetryError[<Future at 0x7f17d4cefce0 state=finished raised KeyError>]
[2026-01-10T15:14:42.718+0000] {logging_mixin.py:188} INFO - ❌ Lỗi balance_sheet: RetryError[<Future at 0x7f17d4ceeff0 state=finished raised KeyError>]
[2026-01-10T15:14:47.230+0000] {logging_mixin.py:188} INFO - ❌ Lỗi cash_flow: RetryError[<Future at 0x7f17d4cec680 state=finished raised KeyError>]
[2026-01-10T15:14:48.232+0000] {logging_mixin.py:188} INFO -  >> Đang lấy dữ liệu: GVT
[2026-01-10T15:14:51.016+0000] {logging_mixin.py:188} INFO -  ✓ Hoàn thành batch. Tổng số dòng: 1118
[2026-01-10T15:14:51.042+0000] {base.py:84} INFO - Using connection ID 'minio_finance' for task execution.
[2026-01-10T15:14:51.043+0000] {connection_wrapper.py:384} INFO - AWS Connection (conn_id='minio_finance', conn_type='aws') credentials retrieved from login and password.
[2026-01-10T15:14:51.579+0000] {datalake_df2csv.py:52} INFO - ✅ Đã upload 1118 dòng -> s3://thongtin-congty-va-bctc/bctc/2025-12-30/batch_397.csv
[2026-01-10T15:14:51.580+0000] {taskinstance.py:441} INFO - ::group::Post task execution logs
[2026-01-10T15:14:51.590+0000] {taskinstance.py:1206} INFO - Marking task as SUCCESS. dag_id=thongtin_cty_bctc, task_id=ingest_bctc, run_id=scheduled__2025-12-30T00:00:00+00:00, map_index=397, execution_date=20251230T000000, start_date=20260110T151430, end_date=20260110T151451
[2026-01-10T15:14:51.646+0000] {local_task_job_runner.py:243} INFO - Task exited with return code 0
[2026-01-10T15:14:51.656+0000] {local_task_job_runner.py:222} INFO - ::endgroup::
