[2026-01-12T15:20:46.368+0000] {local_task_job_runner.py:120} INFO - ::group::Pre task execution logs
[2026-01-12T15:20:46.463+0000] {taskinstance.py:2076} INFO - Dependencies all met for dep_context=non-requeueable deps ti=<TaskInstance: financial_ratios_etl.ingest_financial_ratios manual__2026-01-12T15:14:43+00:00 map_index=358 [queued]>
[2026-01-12T15:20:46.538+0000] {taskinstance.py:2076} INFO - Dependencies all met for dep_context=requeueable deps ti=<TaskInstance: financial_ratios_etl.ingest_financial_ratios manual__2026-01-12T15:14:43+00:00 map_index=358 [queued]>
[2026-01-12T15:20:46.540+0000] {taskinstance.py:2306} INFO - Starting attempt 1 of 2
[2026-01-12T15:20:46.575+0000] {taskinstance.py:2330} INFO - Executing <Mapped(DfToCsvOperator): ingest_financial_ratios> on 2026-01-12 15:14:43+00:00
[2026-01-12T15:20:46.604+0000] {warnings.py:112} WARNING - This process (pid=4770) is multi-threaded, use of fork() may lead to deadlocks in the child.

[2026-01-12T15:20:46.608+0000] {standard_task_runner.py:64} INFO - Started process 4877 to run task
[2026-01-12T15:20:46.610+0000] {standard_task_runner.py:90} INFO - Running: ['***', 'tasks', 'run', 'financial_ratios_etl', 'ingest_financial_ratios', 'manual__2026-01-12T15:14:43+00:00', '--job-id', '14065', '--raw', '--subdir', 'DAGS_FOLDER/financial_ratios_etl.py', '--cfg-path', '/tmp/tmpt6qhpkhb', '--map-index', '358']
[2026-01-12T15:20:46.626+0000] {standard_task_runner.py:91} INFO - Job 14065: Subtask ingest_financial_ratios
[2026-01-12T15:20:46.804+0000] {task_command.py:426} INFO - Running <TaskInstance: financial_ratios_etl.ingest_financial_ratios manual__2026-01-12T15:14:43+00:00 map_index=358 [running]> on host 5a20a797a43c
[2026-01-12T15:20:47.234+0000] {taskinstance.py:2648} INFO - Exporting env vars: AIRFLOW_CTX_DAG_OWNER='***' AIRFLOW_CTX_DAG_ID='financial_ratios_etl' AIRFLOW_CTX_TASK_ID='ingest_financial_ratios' AIRFLOW_CTX_EXECUTION_DATE='2026-01-12T15:14:43+00:00' AIRFLOW_CTX_TRY_NUMBER='1' AIRFLOW_CTX_DAG_RUN_ID='manual__2026-01-12T15:14:43+00:00'
[2026-01-12T15:20:47.237+0000] {taskinstance.py:430} INFO - ::endgroup::
[2026-01-12T15:20:47.319+0000] {logging_mixin.py:188} INFO - [RATIO] Bắt đầu xử lý batch 2 mã: ['PEC', 'PDV']
[2026-01-12T15:20:47.321+0000] {logging_mixin.py:188} INFO - [RATIO] Kỳ dữ liệu: quarter
[2026-01-12T15:20:47.322+0000] {logging_mixin.py:188} INFO -  >> [RATIO] Đang lấy dữ liệu: PEC
[2026-01-12T15:20:52.515+0000] {logging_mixin.py:188} INFO - ❌ Lỗi PEC: RetryError[<Future at 0x7f68d5f75b80 state=finished raised KeyError>]
[2026-01-12T15:20:52.518+0000] {logging_mixin.py:188} INFO -  ⚠️ [RATIO] PEC: No data from API
[2026-01-12T15:20:54.519+0000] {logging_mixin.py:188} INFO -  >> [RATIO] Đang lấy dữ liệu: PDV
[2026-01-12T15:20:55.554+0000] {logging_mixin.py:188} INFO -  ✓ [RATIO] PDV: 46 rows
[2026-01-12T15:20:57.563+0000] {logging_mixin.py:188} INFO -  ✅ [RATIO] Hoàn thành batch. Tổng số dòng: 46
[2026-01-12T15:20:57.609+0000] {base.py:84} INFO - Using connection ID 'minio_finance' for task execution.
[2026-01-12T15:20:57.628+0000] {connection_wrapper.py:384} INFO - AWS Connection (conn_id='minio_finance', conn_type='aws') credentials retrieved from login and password.
[2026-01-12T15:20:58.858+0000] {datalake_df2csv.py:52} INFO - ✅ Đã upload 46 dòng -> s3://thongtin-congty-va-bctc/financial_ratios/2026-01-12/batch_358.csv
[2026-01-12T15:20:58.860+0000] {taskinstance.py:441} INFO - ::group::Post task execution logs
[2026-01-12T15:20:58.877+0000] {taskinstance.py:1206} INFO - Marking task as SUCCESS. dag_id=financial_ratios_etl, task_id=ingest_financial_ratios, run_id=manual__2026-01-12T15:14:43+00:00, map_index=358, execution_date=20260112T151443, start_date=20260112T152046, end_date=20260112T152058
[2026-01-12T15:20:58.932+0000] {local_task_job_runner.py:243} INFO - Task exited with return code 0
[2026-01-12T15:20:58.968+0000] {taskinstance.py:3503} INFO - 0 downstream tasks scheduled from follow-on schedule check
[2026-01-12T15:20:58.972+0000] {local_task_job_runner.py:222} INFO - ::endgroup::
