[2026-01-12T15:25:20.163+0000] {local_task_job_runner.py:120} INFO - ::group::Pre task execution logs
[2026-01-12T15:25:20.243+0000] {taskinstance.py:2076} INFO - Dependencies all met for dep_context=non-requeueable deps ti=<TaskInstance: financial_ratios_etl.ingest_financial_ratios manual__2026-01-12T15:14:43+00:00 map_index=668 [queued]>
[2026-01-12T15:25:20.315+0000] {taskinstance.py:2076} INFO - Dependencies all met for dep_context=requeueable deps ti=<TaskInstance: financial_ratios_etl.ingest_financial_ratios manual__2026-01-12T15:14:43+00:00 map_index=668 [queued]>
[2026-01-12T15:25:20.316+0000] {taskinstance.py:2306} INFO - Starting attempt 1 of 2
[2026-01-12T15:25:20.339+0000] {taskinstance.py:2330} INFO - Executing <Mapped(DfToCsvOperator): ingest_financial_ratios> on 2026-01-12 15:14:43+00:00
[2026-01-12T15:25:20.358+0000] {warnings.py:112} WARNING - This process (pid=8825) is multi-threaded, use of fork() may lead to deadlocks in the child.

[2026-01-12T15:25:20.360+0000] {standard_task_runner.py:64} INFO - Started process 8892 to run task
[2026-01-12T15:25:20.363+0000] {standard_task_runner.py:90} INFO - Running: ['***', 'tasks', 'run', 'financial_ratios_etl', 'ingest_financial_ratios', 'manual__2026-01-12T15:14:43+00:00', '--job-id', '14373', '--raw', '--subdir', 'DAGS_FOLDER/financial_ratios_etl.py', '--cfg-path', '/tmp/tmpkx95b5bd', '--map-index', '668']
[2026-01-12T15:25:20.368+0000] {standard_task_runner.py:91} INFO - Job 14373: Subtask ingest_financial_ratios
[2026-01-12T15:25:20.438+0000] {task_command.py:426} INFO - Running <TaskInstance: financial_ratios_etl.ingest_financial_ratios manual__2026-01-12T15:14:43+00:00 map_index=668 [running]> on host 5a20a797a43c
[2026-01-12T15:25:20.611+0000] {taskinstance.py:2648} INFO - Exporting env vars: AIRFLOW_CTX_DAG_OWNER='***' AIRFLOW_CTX_DAG_ID='financial_ratios_etl' AIRFLOW_CTX_TASK_ID='ingest_financial_ratios' AIRFLOW_CTX_EXECUTION_DATE='2026-01-12T15:14:43+00:00' AIRFLOW_CTX_TRY_NUMBER='1' AIRFLOW_CTX_DAG_RUN_ID='manual__2026-01-12T15:14:43+00:00'
[2026-01-12T15:25:20.613+0000] {taskinstance.py:430} INFO - ::endgroup::
[2026-01-12T15:25:20.625+0000] {logging_mixin.py:188} INFO - [RATIO] Bắt đầu xử lý batch 2 mã: ['DPM', 'DPH']
[2026-01-12T15:25:20.626+0000] {logging_mixin.py:188} INFO - [RATIO] Kỳ dữ liệu: quarter
[2026-01-12T15:25:20.627+0000] {logging_mixin.py:188} INFO -  >> [RATIO] Đang lấy dữ liệu: DPM
[2026-01-12T15:25:21.933+0000] {logging_mixin.py:188} INFO -  ✓ [RATIO] DPM: 51 rows
[2026-01-12T15:25:23.934+0000] {logging_mixin.py:188} INFO -  >> [RATIO] Đang lấy dữ liệu: DPH
[2026-01-12T15:25:24.594+0000] {logging_mixin.py:188} INFO -  ✓ [RATIO] DPH: 1 rows
[2026-01-12T15:25:26.598+0000] {logging_mixin.py:188} INFO -  ✅ [RATIO] Hoàn thành batch. Tổng số dòng: 52
[2026-01-12T15:25:26.619+0000] {base.py:84} INFO - Using connection ID 'minio_finance' for task execution.
[2026-01-12T15:25:26.620+0000] {connection_wrapper.py:384} INFO - AWS Connection (conn_id='minio_finance', conn_type='aws') credentials retrieved from login and password.
[2026-01-12T15:25:27.132+0000] {datalake_df2csv.py:52} INFO - ✅ Đã upload 52 dòng -> s3://thongtin-congty-va-bctc/financial_ratios/2026-01-12/batch_668.csv
[2026-01-12T15:25:27.133+0000] {taskinstance.py:441} INFO - ::group::Post task execution logs
[2026-01-12T15:25:27.141+0000] {taskinstance.py:1206} INFO - Marking task as SUCCESS. dag_id=financial_ratios_etl, task_id=ingest_financial_ratios, run_id=manual__2026-01-12T15:14:43+00:00, map_index=668, execution_date=20260112T151443, start_date=20260112T152520, end_date=20260112T152527
[2026-01-12T15:25:27.178+0000] {local_task_job_runner.py:243} INFO - Task exited with return code 0
[2026-01-12T15:25:27.191+0000] {taskinstance.py:3503} INFO - 0 downstream tasks scheduled from follow-on schedule check
[2026-01-12T15:25:27.193+0000] {local_task_job_runner.py:222} INFO - ::endgroup::
