[2025-12-31T14:37:21.303+0000] {local_task_job_runner.py:120} INFO - ::group::Pre task execution logs
[2025-12-31T14:37:21.367+0000] {taskinstance.py:2076} INFO - Dependencies all met for dep_context=non-requeueable deps ti=<TaskInstance: thongtin_cty_bctc.ingest_bctc scheduled__2025-12-30T00:00:00+00:00 map_index=53 [queued]>
[2025-12-31T14:37:21.413+0000] {taskinstance.py:2076} INFO - Dependencies all met for dep_context=requeueable deps ti=<TaskInstance: thongtin_cty_bctc.ingest_bctc scheduled__2025-12-30T00:00:00+00:00 map_index=53 [queued]>
[2025-12-31T14:37:21.423+0000] {taskinstance.py:2306} INFO - Starting attempt 1 of 2
[2025-12-31T14:37:21.465+0000] {taskinstance.py:2330} INFO - Executing <Mapped(DfToCsvOperator): ingest_bctc> on 2025-12-30 00:00:00+00:00
[2025-12-31T14:37:21.494+0000] {warnings.py:112} WARNING - This process (pid=2403) is multi-threaded, use of fork() may lead to deadlocks in the child.

[2025-12-31T14:37:21.497+0000] {standard_task_runner.py:64} INFO - Started process 2461 to run task
[2025-12-31T14:37:21.498+0000] {standard_task_runner.py:90} INFO - Running: ['***', 'tasks', 'run', 'thongtin_cty_bctc', 'ingest_bctc', 'scheduled__2025-12-30T00:00:00+00:00', '--job-id', '167', '--raw', '--subdir', 'DAGS_FOLDER/tt_cty_bctc.py', '--cfg-path', '/tmp/tmpbhfwadna', '--map-index', '53']
[2025-12-31T14:37:21.505+0000] {standard_task_runner.py:91} INFO - Job 167: Subtask ingest_bctc
[2025-12-31T14:37:21.607+0000] {task_command.py:426} INFO - Running <TaskInstance: thongtin_cty_bctc.ingest_bctc scheduled__2025-12-30T00:00:00+00:00 map_index=53 [running]> on host 8bc7f11ea9a4
[2025-12-31T14:37:21.786+0000] {taskinstance.py:2648} INFO - Exporting env vars: AIRFLOW_CTX_DAG_OWNER='***' AIRFLOW_CTX_DAG_ID='thongtin_cty_bctc' AIRFLOW_CTX_TASK_ID='ingest_bctc' AIRFLOW_CTX_EXECUTION_DATE='2025-12-30T00:00:00+00:00' AIRFLOW_CTX_TRY_NUMBER='1' AIRFLOW_CTX_DAG_RUN_ID='scheduled__2025-12-30T00:00:00+00:00'
[2025-12-31T14:37:21.788+0000] {taskinstance.py:430} INFO - ::endgroup::
[2025-12-31T14:37:21.797+0000] {logging_mixin.py:188} INFO - Bắt đầu xử lý batch 20 mã: ['HTL', 'HTK', 'HTI', 'HTH', 'HTG', 'HTE', 'HTC', 'HT1', 'HSV', 'HSP', 'HSM', 'HSL', 'HSI', 'HSG', 'HSA', 'HRT', 'HRC', 'HRB', 'HQC', 'HPX']
[2025-12-31T14:37:21.798+0000] {logging_mixin.py:188} INFO -  >> Đang lấy dữ liệu: HTL
[2025-12-31T14:37:42.857+0000] {log.py:232} WARNING - 2025-12-31 14:37:42 - vnstock.core.utils.client - ERROR - API request failed: HTTPSConnectionPool(host='trading.vietcap.com.vn', port=443): Max retries exceeded with url: /data-mt/graphql (Caused by NewConnectionError('<urllib3.connection.HTTPSConnection object at 0x7f68aca5fb90>: Failed to establish a new connection: [Errno 111] Connection refused'))
[2025-12-31T14:37:42.856+0000] {client.py:414} ERROR - API request failed: HTTPSConnectionPool(host='trading.vietcap.com.vn', port=443): Max retries exceeded with url: /data-mt/graphql (Caused by NewConnectionError('<urllib3.connection.HTTPSConnection object at 0x7f68aca5fb90>: Failed to establish a new connection: [Errno 111] Connection refused'))
[2025-12-31T14:37:42.858+0000] {logging_mixin.py:188} INFO -  Lỗi xử lý mã HTL: API request failed: HTTPSConnectionPool(host='trading.vietcap.com.vn', port=443): Max retries exceeded with url: /data-mt/graphql (Caused by NewConnectionError('<urllib3.connection.HTTPSConnection object at 0x7f68aca5fb90>: Failed to establish a new connection: [Errno 111] Connection refused'))
[2025-12-31T14:37:42.859+0000] {logging_mixin.py:188} INFO -  >> Đang lấy dữ liệu: HTK
[2025-12-31T14:37:42.994+0000] {logging_mixin.py:188} INFO -  Lỗi xử lý mã HTK: Failed to fetch data: 429 - Too Many Requests
[2025-12-31T14:37:42.995+0000] {logging_mixin.py:188} INFO -  >> Đang lấy dữ liệu: HTI
[2025-12-31T14:37:43.132+0000] {logging_mixin.py:188} INFO -  Lỗi xử lý mã HTI: Failed to fetch data: 429 - Too Many Requests
[2025-12-31T14:37:43.133+0000] {logging_mixin.py:188} INFO -  >> Đang lấy dữ liệu: HTH
[2025-12-31T14:37:43.292+0000] {logging_mixin.py:188} INFO -  Lỗi xử lý mã HTH: Failed to fetch data: 429 - Too Many Requests
[2025-12-31T14:37:43.294+0000] {logging_mixin.py:188} INFO -  >> Đang lấy dữ liệu: HTG
[2025-12-31T14:37:43.441+0000] {logging_mixin.py:188} INFO -  Lỗi xử lý mã HTG: Failed to fetch data: 429 - Too Many Requests
[2025-12-31T14:37:43.443+0000] {logging_mixin.py:188} INFO -  >> Đang lấy dữ liệu: HTE
[2025-12-31T14:37:43.575+0000] {logging_mixin.py:188} INFO -  Lỗi xử lý mã HTE: Failed to fetch data: 429 - Too Many Requests
[2025-12-31T14:37:43.577+0000] {logging_mixin.py:188} INFO -  >> Đang lấy dữ liệu: HTC
[2025-12-31T14:37:43.765+0000] {logging_mixin.py:188} INFO -  Lỗi xử lý mã HTC: Failed to fetch data: 429 - Too Many Requests
[2025-12-31T14:37:43.766+0000] {logging_mixin.py:188} INFO -  >> Đang lấy dữ liệu: HT1
[2025-12-31T14:37:43.891+0000] {logging_mixin.py:188} INFO -  Lỗi xử lý mã HT1: Failed to fetch data: 429 - Too Many Requests
[2025-12-31T14:37:43.892+0000] {logging_mixin.py:188} INFO -  >> Đang lấy dữ liệu: HSV
[2025-12-31T14:37:44.009+0000] {logging_mixin.py:188} INFO -  Lỗi xử lý mã HSV: Failed to fetch data: 429 - Too Many Requests
[2025-12-31T14:37:44.010+0000] {logging_mixin.py:188} INFO -  >> Đang lấy dữ liệu: HSP
[2025-12-31T14:37:44.136+0000] {logging_mixin.py:188} INFO -  Lỗi xử lý mã HSP: Failed to fetch data: 429 - Too Many Requests
[2025-12-31T14:37:44.137+0000] {logging_mixin.py:188} INFO -  >> Đang lấy dữ liệu: HSM
[2025-12-31T14:37:44.269+0000] {logging_mixin.py:188} INFO -  Lỗi xử lý mã HSM: Failed to fetch data: 429 - Too Many Requests
[2025-12-31T14:37:44.270+0000] {logging_mixin.py:188} INFO -  >> Đang lấy dữ liệu: HSL
[2025-12-31T14:37:44.413+0000] {logging_mixin.py:188} INFO -  Lỗi xử lý mã HSL: Failed to fetch data: 429 - Too Many Requests
[2025-12-31T14:37:44.413+0000] {logging_mixin.py:188} INFO -  >> Đang lấy dữ liệu: HSI
[2025-12-31T14:38:05.447+0000] {log.py:232} WARNING - 2025-12-31 14:38:05 - vnstock.core.utils.client - ERROR - API request failed: HTTPSConnectionPool(host='trading.vietcap.com.vn', port=443): Max retries exceeded with url: /data-mt/graphql (Caused by NewConnectionError('<urllib3.connection.HTTPSConnection object at 0x7f68aca80dd0>: Failed to establish a new connection: [Errno 111] Connection refused'))
[2025-12-31T14:38:05.447+0000] {client.py:414} ERROR - API request failed: HTTPSConnectionPool(host='trading.vietcap.com.vn', port=443): Max retries exceeded with url: /data-mt/graphql (Caused by NewConnectionError('<urllib3.connection.HTTPSConnection object at 0x7f68aca80dd0>: Failed to establish a new connection: [Errno 111] Connection refused'))
[2025-12-31T14:38:05.449+0000] {logging_mixin.py:188} INFO -  Lỗi xử lý mã HSI: API request failed: HTTPSConnectionPool(host='trading.vietcap.com.vn', port=443): Max retries exceeded with url: /data-mt/graphql (Caused by NewConnectionError('<urllib3.connection.HTTPSConnection object at 0x7f68aca80dd0>: Failed to establish a new connection: [Errno 111] Connection refused'))
[2025-12-31T14:38:05.449+0000] {logging_mixin.py:188} INFO -  >> Đang lấy dữ liệu: HSG
[2025-12-31T14:38:05.587+0000] {logging_mixin.py:188} INFO -  Lỗi xử lý mã HSG: Failed to fetch data: 429 - Too Many Requests
[2025-12-31T14:38:05.588+0000] {logging_mixin.py:188} INFO -  >> Đang lấy dữ liệu: HSA
[2025-12-31T14:38:05.719+0000] {logging_mixin.py:188} INFO -  Lỗi xử lý mã HSA: Failed to fetch data: 429 - Too Many Requests
[2025-12-31T14:38:05.720+0000] {logging_mixin.py:188} INFO -  >> Đang lấy dữ liệu: HRT
[2025-12-31T14:38:05.852+0000] {logging_mixin.py:188} INFO -  Lỗi xử lý mã HRT: Failed to fetch data: 429 - Too Many Requests
[2025-12-31T14:38:05.852+0000] {logging_mixin.py:188} INFO -  >> Đang lấy dữ liệu: HRC
[2025-12-31T14:38:05.969+0000] {logging_mixin.py:188} INFO -  Lỗi xử lý mã HRC: Failed to fetch data: 429 - Too Many Requests
[2025-12-31T14:38:05.970+0000] {logging_mixin.py:188} INFO -  >> Đang lấy dữ liệu: HRB
[2025-12-31T14:38:06.104+0000] {logging_mixin.py:188} INFO -  Lỗi xử lý mã HRB: Failed to fetch data: 429 - Too Many Requests
[2025-12-31T14:38:06.105+0000] {logging_mixin.py:188} INFO -  >> Đang lấy dữ liệu: HQC
[2025-12-31T14:38:06.259+0000] {logging_mixin.py:188} INFO -  Lỗi xử lý mã HQC: Failed to fetch data: 429 - Too Many Requests
[2025-12-31T14:38:06.260+0000] {logging_mixin.py:188} INFO -  >> Đang lấy dữ liệu: HPX
[2025-12-31T14:38:06.460+0000] {logging_mixin.py:188} INFO -  Lỗi xử lý mã HPX: Failed to fetch data: 429 - Too Many Requests
[2025-12-31T14:38:06.462+0000] {logging_mixin.py:188} INFO -  ⚠ Batch này không thu được dữ liệu nào.
[2025-12-31T14:38:06.467+0000] {datalake_df2csv.py:40} INFO - DataFrame rỗng, bỏ qua upload CSV.
[2025-12-31T14:38:06.468+0000] {taskinstance.py:441} INFO - ::group::Post task execution logs
[2025-12-31T14:38:06.481+0000] {taskinstance.py:1206} INFO - Marking task as SUCCESS. dag_id=thongtin_cty_bctc, task_id=ingest_bctc, run_id=scheduled__2025-12-30T00:00:00+00:00, map_index=53, execution_date=20251230T000000, start_date=20251231T143721, end_date=20251231T143806
[2025-12-31T14:38:06.630+0000] {local_task_job_runner.py:243} INFO - Task exited with return code 0
[2025-12-31T14:38:06.653+0000] {taskinstance.py:3503} INFO - 0 downstream tasks scheduled from follow-on schedule check
[2025-12-31T14:38:06.655+0000] {local_task_job_runner.py:222} INFO - ::endgroup::
