[2026-01-01T03:02:42.437+0000] {local_task_job_runner.py:120} INFO - ::group::Pre task execution logs
[2026-01-01T03:02:42.490+0000] {taskinstance.py:2076} INFO - Dependencies all met for dep_context=non-requeueable deps ti=<TaskInstance: thongtin_cty_bctc.ingest_overview manual__2026-01-01T02:33:43.210877+00:00 map_index=20 [queued]>
[2026-01-01T03:02:42.516+0000] {taskinstance.py:2076} INFO - Dependencies all met for dep_context=requeueable deps ti=<TaskInstance: thongtin_cty_bctc.ingest_overview manual__2026-01-01T02:33:43.210877+00:00 map_index=20 [queued]>
[2026-01-01T03:02:42.517+0000] {taskinstance.py:2306} INFO - Starting attempt 1 of 2
[2026-01-01T03:02:42.550+0000] {taskinstance.py:2330} INFO - Executing <Mapped(DfToCsvOperator): ingest_overview> on 2026-01-01 02:33:43.210877+00:00
[2026-01-01T03:02:42.563+0000] {warnings.py:112} WARNING - This process (pid=25906) is multi-threaded, use of fork() may lead to deadlocks in the child.

[2026-01-01T03:02:42.573+0000] {standard_task_runner.py:64} INFO - Started process 26021 to run task
[2026-01-01T03:02:42.590+0000] {standard_task_runner.py:90} INFO - Running: ['***', 'tasks', 'run', 'thongtin_cty_bctc', 'ingest_overview', 'manual__2026-01-01T02:33:43.210877+00:00', '--job-id', '2864', '--raw', '--subdir', 'DAGS_FOLDER/tt_cty_bctc.py', '--cfg-path', '/tmp/tmpvxex657j', '--map-index', '20']
[2026-01-01T03:02:42.592+0000] {standard_task_runner.py:91} INFO - Job 2864: Subtask ingest_overview
[2026-01-01T03:02:42.740+0000] {task_command.py:426} INFO - Running <TaskInstance: thongtin_cty_bctc.ingest_overview manual__2026-01-01T02:33:43.210877+00:00 map_index=20 [running]> on host 43b0a0f7606b
[2026-01-01T03:02:43.087+0000] {taskinstance.py:2648} INFO - Exporting env vars: AIRFLOW_CTX_DAG_OWNER='***' AIRFLOW_CTX_DAG_ID='thongtin_cty_bctc' AIRFLOW_CTX_TASK_ID='ingest_overview' AIRFLOW_CTX_EXECUTION_DATE='2026-01-01T02:33:43.210877+00:00' AIRFLOW_CTX_TRY_NUMBER='1' AIRFLOW_CTX_DAG_RUN_ID='manual__2026-01-01T02:33:43.210877+00:00'
[2026-01-01T03:02:43.089+0000] {taskinstance.py:430} INFO - ::endgroup::
[2026-01-01T03:02:43.378+0000] {logging_mixin.py:188} INFO - Err overview BCG: Failed to fetch data: 429 - Too Many Requests
[2026-01-01T03:02:44.604+0000] {logging_mixin.py:188} INFO - Err overview FCN: Failed to fetch data: 429 - Too Many Requests
[2026-01-01T03:02:45.787+0000] {logging_mixin.py:188} INFO - Err overview HAH: Failed to fetch data: 429 - Too Many Requests
[2026-01-01T03:02:46.796+0000] {datalake_df2csv.py:40} INFO - DataFrame rỗng, bỏ qua upload CSV.
[2026-01-01T03:02:46.797+0000] {taskinstance.py:441} INFO - ::group::Post task execution logs
[2026-01-01T03:02:46.829+0000] {taskinstance.py:1206} INFO - Marking task as SUCCESS. dag_id=thongtin_cty_bctc, task_id=ingest_overview, run_id=manual__2026-01-01T02:33:43.210877+00:00, map_index=20, execution_date=20260101T023343, start_date=20260101T030242, end_date=20260101T030246
[2026-01-01T03:02:46.976+0000] {local_task_job_runner.py:243} INFO - Task exited with return code 0
[2026-01-01T03:02:47.007+0000] {taskinstance.py:3503} INFO - 0 downstream tasks scheduled from follow-on schedule check
[2026-01-01T03:02:47.013+0000] {local_task_job_runner.py:222} INFO - ::endgroup::
