[2026-01-11T03:06:00.139+0000] {local_task_job_runner.py:120} INFO - ::group::Pre task execution logs
[2026-01-11T03:06:00.166+0000] {taskinstance.py:2076} INFO - Dependencies all met for dep_context=non-requeueable deps ti=<TaskInstance: thongtin_cty_bctc.ingest_bctc scheduled__2026-01-04T00:00:00+00:00 map_index=38 [queued]>
[2026-01-11T03:06:00.180+0000] {taskinstance.py:2076} INFO - Dependencies all met for dep_context=requeueable deps ti=<TaskInstance: thongtin_cty_bctc.ingest_bctc scheduled__2026-01-04T00:00:00+00:00 map_index=38 [queued]>
[2026-01-11T03:06:00.181+0000] {taskinstance.py:2306} INFO - Starting attempt 1 of 2
[2026-01-11T03:06:00.198+0000] {taskinstance.py:2330} INFO - Executing <Mapped(DfToCsvOperator): ingest_bctc> on 2026-01-04 00:00:00+00:00
[2026-01-11T03:06:00.208+0000] {warnings.py:112} WARNING - This process (pid=686) is multi-threaded, use of fork() may lead to deadlocks in the child.

[2026-01-11T03:06:00.210+0000] {standard_task_runner.py:64} INFO - Started process 720 to run task
[2026-01-11T03:06:00.212+0000] {standard_task_runner.py:90} INFO - Running: ['***', 'tasks', 'run', 'thongtin_cty_bctc', 'ingest_bctc', 'scheduled__2026-01-04T00:00:00+00:00', '--job-id', '9682', '--raw', '--subdir', 'DAGS_FOLDER/tt_cty_bctc.py', '--cfg-path', '/tmp/tmpabf19ihn', '--map-index', '38']
[2026-01-11T03:06:00.214+0000] {standard_task_runner.py:91} INFO - Job 9682: Subtask ingest_bctc
[2026-01-11T03:06:00.272+0000] {task_command.py:426} INFO - Running <TaskInstance: thongtin_cty_bctc.ingest_bctc scheduled__2026-01-04T00:00:00+00:00 map_index=38 [running]> on host 3f2af93df813
[2026-01-11T03:06:00.411+0000] {taskinstance.py:2648} INFO - Exporting env vars: AIRFLOW_CTX_DAG_OWNER='***' AIRFLOW_CTX_DAG_ID='thongtin_cty_bctc' AIRFLOW_CTX_TASK_ID='ingest_bctc' AIRFLOW_CTX_EXECUTION_DATE='2026-01-04T00:00:00+00:00' AIRFLOW_CTX_TRY_NUMBER='1' AIRFLOW_CTX_DAG_RUN_ID='scheduled__2026-01-04T00:00:00+00:00'
[2026-01-11T03:06:00.413+0000] {taskinstance.py:430} INFO - ::endgroup::
[2026-01-11T03:06:00.424+0000] {logging_mixin.py:188} INFO - Bắt đầu xử lý batch 20 mã: ['NTL', 'NTH', 'NTF', 'NTC', 'NTB', 'NT2', 'NST', 'NSS', 'NSL', 'NSH', 'NSG', 'NSC', 'NS3', 'NS2', 'NRC', 'NQT', 'NQN', 'NQB', 'NOS', 'NO1']
[2026-01-11T03:06:00.425+0000] {logging_mixin.py:188} INFO -  >> Đang lấy dữ liệu: NTL
[2026-01-11T03:06:00.528+0000] {logging_mixin.py:188} INFO -  Lỗi xử lý mã NTL: Failed to fetch data: 429 - Too Many Requests
[2026-01-11T03:06:00.529+0000] {logging_mixin.py:188} INFO -  >> Đang lấy dữ liệu: NTH
[2026-01-11T03:06:00.626+0000] {logging_mixin.py:188} INFO -  Lỗi xử lý mã NTH: Failed to fetch data: 429 - Too Many Requests
[2026-01-11T03:06:00.627+0000] {logging_mixin.py:188} INFO -  >> Đang lấy dữ liệu: NTF
[2026-01-11T03:06:00.734+0000] {logging_mixin.py:188} INFO -  Lỗi xử lý mã NTF: Failed to fetch data: 429 - Too Many Requests
[2026-01-11T03:06:00.735+0000] {logging_mixin.py:188} INFO -  >> Đang lấy dữ liệu: NTC
[2026-01-11T03:06:00.837+0000] {logging_mixin.py:188} INFO -  Lỗi xử lý mã NTC: Failed to fetch data: 429 - Too Many Requests
[2026-01-11T03:06:00.838+0000] {logging_mixin.py:188} INFO -  >> Đang lấy dữ liệu: NTB
[2026-01-11T03:06:00.966+0000] {logging_mixin.py:188} INFO -  Lỗi xử lý mã NTB: Failed to fetch data: 429 - Too Many Requests
[2026-01-11T03:06:00.967+0000] {logging_mixin.py:188} INFO -  >> Đang lấy dữ liệu: NT2
[2026-01-11T03:06:01.066+0000] {logging_mixin.py:188} INFO -  Lỗi xử lý mã NT2: Failed to fetch data: 429 - Too Many Requests
[2026-01-11T03:06:01.068+0000] {logging_mixin.py:188} INFO -  >> Đang lấy dữ liệu: NST
[2026-01-11T03:06:01.550+0000] {logging_mixin.py:188} INFO -  Lỗi xử lý mã NST: Failed to fetch data: 429 - Too Many Requests
[2026-01-11T03:06:01.555+0000] {logging_mixin.py:188} INFO -  >> Đang lấy dữ liệu: NSS
[2026-01-11T03:06:01.991+0000] {logging_mixin.py:188} INFO -  Lỗi xử lý mã NSS: Failed to fetch data: 429 - Too Many Requests
[2026-01-11T03:06:01.993+0000] {logging_mixin.py:188} INFO -  >> Đang lấy dữ liệu: NSL
[2026-01-11T03:06:02.160+0000] {logging_mixin.py:188} INFO -  Lỗi xử lý mã NSL: Failed to fetch data: 429 - Too Many Requests
[2026-01-11T03:06:02.161+0000] {logging_mixin.py:188} INFO -  >> Đang lấy dữ liệu: NSH
[2026-01-11T03:06:03.111+0000] {logging_mixin.py:188} INFO -  Lỗi xử lý mã NSH: Failed to fetch data: 429 - Too Many Requests
[2026-01-11T03:06:03.112+0000] {logging_mixin.py:188} INFO -  >> Đang lấy dữ liệu: NSG
[2026-01-11T03:06:03.714+0000] {logging_mixin.py:188} INFO -  Lỗi xử lý mã NSG: Failed to fetch data: 429 - Too Many Requests
[2026-01-11T03:06:03.715+0000] {logging_mixin.py:188} INFO -  >> Đang lấy dữ liệu: NSC
[2026-01-11T03:06:04.095+0000] {logging_mixin.py:188} INFO -  Lỗi xử lý mã NSC: Failed to fetch data: 429 - Too Many Requests
[2026-01-11T03:06:04.096+0000] {logging_mixin.py:188} INFO -  >> Đang lấy dữ liệu: NS3
[2026-01-11T03:06:04.202+0000] {logging_mixin.py:188} INFO -  Lỗi xử lý mã NS3: Failed to fetch data: 429 - Too Many Requests
[2026-01-11T03:06:04.203+0000] {logging_mixin.py:188} INFO -  >> Đang lấy dữ liệu: NS2
[2026-01-11T03:06:04.320+0000] {logging_mixin.py:188} INFO -  Lỗi xử lý mã NS2: Failed to fetch data: 429 - Too Many Requests
[2026-01-11T03:06:04.321+0000] {logging_mixin.py:188} INFO -  >> Đang lấy dữ liệu: NRC
[2026-01-11T03:06:04.755+0000] {logging_mixin.py:188} INFO -  Lỗi xử lý mã NRC: Failed to fetch data: 429 - Too Many Requests
[2026-01-11T03:06:04.756+0000] {logging_mixin.py:188} INFO -  >> Đang lấy dữ liệu: NQT
[2026-01-11T03:06:05.198+0000] {logging_mixin.py:188} INFO -  Lỗi xử lý mã NQT: Failed to fetch data: 429 - Too Many Requests
[2026-01-11T03:06:05.199+0000] {logging_mixin.py:188} INFO -  >> Đang lấy dữ liệu: NQN
[2026-01-11T03:06:05.295+0000] {logging_mixin.py:188} INFO -  Lỗi xử lý mã NQN: Failed to fetch data: 429 - Too Many Requests
[2026-01-11T03:06:05.296+0000] {logging_mixin.py:188} INFO -  >> Đang lấy dữ liệu: NQB
[2026-01-11T03:06:05.407+0000] {logging_mixin.py:188} INFO -  Lỗi xử lý mã NQB: Failed to fetch data: 429 - Too Many Requests
[2026-01-11T03:06:05.408+0000] {logging_mixin.py:188} INFO -  >> Đang lấy dữ liệu: NOS
[2026-01-11T03:06:06.612+0000] {logging_mixin.py:188} INFO -  Lỗi xử lý mã NOS: Failed to fetch data: 429 - Too Many Requests
[2026-01-11T03:06:06.613+0000] {logging_mixin.py:188} INFO -  >> Đang lấy dữ liệu: NO1
[2026-01-11T03:06:06.715+0000] {logging_mixin.py:188} INFO -  Lỗi xử lý mã NO1: Failed to fetch data: 429 - Too Many Requests
[2026-01-11T03:06:06.716+0000] {logging_mixin.py:188} INFO -  ⚠ Batch này không thu được dữ liệu nào.
[2026-01-11T03:06:06.720+0000] {datalake_df2csv.py:40} INFO - DataFrame rỗng, bỏ qua upload CSV.
[2026-01-11T03:06:06.721+0000] {taskinstance.py:441} INFO - ::group::Post task execution logs
[2026-01-11T03:06:06.735+0000] {taskinstance.py:1206} INFO - Marking task as SUCCESS. dag_id=thongtin_cty_bctc, task_id=ingest_bctc, run_id=scheduled__2026-01-04T00:00:00+00:00, map_index=38, execution_date=20260104T000000, start_date=20260111T030600, end_date=20260111T030606
[2026-01-11T03:06:07.092+0000] {local_task_job_runner.py:243} INFO - Task exited with return code 0
[2026-01-11T03:06:07.112+0000] {taskinstance.py:3503} INFO - 0 downstream tasks scheduled from follow-on schedule check
[2026-01-11T03:06:07.116+0000] {local_task_job_runner.py:222} INFO - ::endgroup::
