[2026-01-11T03:07:58.226+0000] {local_task_job_runner.py:120} INFO - ::group::Pre task execution logs
[2026-01-11T03:07:58.266+0000] {taskinstance.py:2076} INFO - Dependencies all met for dep_context=non-requeueable deps ti=<TaskInstance: thongtin_cty_bctc.ingest_bctc manual__2026-01-11T03:04:17.829778+00:00 map_index=72 [queued]>
[2026-01-11T03:07:58.286+0000] {taskinstance.py:2076} INFO - Dependencies all met for dep_context=requeueable deps ti=<TaskInstance: thongtin_cty_bctc.ingest_bctc manual__2026-01-11T03:04:17.829778+00:00 map_index=72 [queued]>
[2026-01-11T03:07:58.286+0000] {taskinstance.py:2306} INFO - Starting attempt 1 of 2
[2026-01-11T03:07:58.303+0000] {taskinstance.py:2330} INFO - Executing <Mapped(DfToCsvOperator): ingest_bctc> on 2026-01-11 03:04:17.829778+00:00
[2026-01-11T03:07:58.316+0000] {warnings.py:112} WARNING - This process (pid=2034) is multi-threaded, use of fork() may lead to deadlocks in the child.

[2026-01-11T03:07:58.318+0000] {standard_task_runner.py:64} INFO - Started process 2075 to run task
[2026-01-11T03:07:58.321+0000] {standard_task_runner.py:90} INFO - Running: ['***', 'tasks', 'run', 'thongtin_cty_bctc', 'ingest_bctc', 'manual__2026-01-11T03:04:17.829778+00:00', '--job-id', '9803', '--raw', '--subdir', 'DAGS_FOLDER/tt_cty_bctc.py', '--cfg-path', '/tmp/tmph8i788y0', '--map-index', '72']
[2026-01-11T03:07:58.323+0000] {standard_task_runner.py:91} INFO - Job 9803: Subtask ingest_bctc
[2026-01-11T03:07:58.387+0000] {task_command.py:426} INFO - Running <TaskInstance: thongtin_cty_bctc.ingest_bctc manual__2026-01-11T03:04:17.829778+00:00 map_index=72 [running]> on host 3f2af93df813
[2026-01-11T03:07:58.553+0000] {taskinstance.py:2648} INFO - Exporting env vars: AIRFLOW_CTX_DAG_OWNER='***' AIRFLOW_CTX_DAG_ID='thongtin_cty_bctc' AIRFLOW_CTX_TASK_ID='ingest_bctc' AIRFLOW_CTX_EXECUTION_DATE='2026-01-11T03:04:17.829778+00:00' AIRFLOW_CTX_TRY_NUMBER='1' AIRFLOW_CTX_DAG_RUN_ID='manual__2026-01-11T03:04:17.829778+00:00'
[2026-01-11T03:07:58.556+0000] {taskinstance.py:430} INFO - ::endgroup::
[2026-01-11T03:07:58.571+0000] {logging_mixin.py:188} INFO - Bắt đầu xử lý batch 20 mã: ['CTD', 'CTC', 'CTB', 'CTA', 'CT6', 'CT5', 'CT3', 'CSV', 'CST', 'CSM', 'CSI', 'CSC', 'CRV', 'CRE', 'CRC', 'CQT', 'CQN', 'CPI', 'CPH', 'CPC']
[2026-01-11T03:07:58.572+0000] {logging_mixin.py:188} INFO -  >> Đang lấy dữ liệu: CTD
[2026-01-11T03:07:58.797+0000] {logging_mixin.py:188} INFO -  Lỗi xử lý mã CTD: Failed to fetch data: 429 - Too Many Requests
[2026-01-11T03:07:58.798+0000] {logging_mixin.py:188} INFO -  >> Đang lấy dữ liệu: CTC
[2026-01-11T03:07:58.907+0000] {logging_mixin.py:188} INFO -  Lỗi xử lý mã CTC: Failed to fetch data: 429 - Too Many Requests
[2026-01-11T03:07:58.909+0000] {logging_mixin.py:188} INFO -  >> Đang lấy dữ liệu: CTB
[2026-01-11T03:07:59.228+0000] {logging_mixin.py:188} INFO -  Lỗi xử lý mã CTB: Failed to fetch data: 429 - Too Many Requests
[2026-01-11T03:07:59.229+0000] {logging_mixin.py:188} INFO -  >> Đang lấy dữ liệu: CTA
[2026-01-11T03:07:59.332+0000] {logging_mixin.py:188} INFO -  Lỗi xử lý mã CTA: Failed to fetch data: 429 - Too Many Requests
[2026-01-11T03:07:59.333+0000] {logging_mixin.py:188} INFO -  >> Đang lấy dữ liệu: CT6
[2026-01-11T03:08:02.883+0000] {logging_mixin.py:188} INFO -  Lỗi xử lý mã CT6: Failed to fetch data: 429 - Too Many Requests
[2026-01-11T03:08:02.890+0000] {logging_mixin.py:188} INFO -  >> Đang lấy dữ liệu: CT5
[2026-01-11T03:08:03.010+0000] {logging_mixin.py:188} INFO -  Lỗi xử lý mã CT5: Failed to fetch data: 429 - Too Many Requests
[2026-01-11T03:08:03.012+0000] {logging_mixin.py:188} INFO -  >> Đang lấy dữ liệu: CT3
[2026-01-11T03:08:03.132+0000] {logging_mixin.py:188} INFO -  Lỗi xử lý mã CT3: Failed to fetch data: 429 - Too Many Requests
[2026-01-11T03:08:03.134+0000] {logging_mixin.py:188} INFO -  >> Đang lấy dữ liệu: CSV
[2026-01-11T03:08:03.493+0000] {logging_mixin.py:188} INFO -  Lỗi xử lý mã CSV: Failed to fetch data: 429 - Too Many Requests
[2026-01-11T03:08:03.494+0000] {logging_mixin.py:188} INFO -  >> Đang lấy dữ liệu: CST
[2026-01-11T03:08:03.711+0000] {logging_mixin.py:188} INFO -  Lỗi xử lý mã CST: Failed to fetch data: 429 - Too Many Requests
[2026-01-11T03:08:03.713+0000] {logging_mixin.py:188} INFO -  >> Đang lấy dữ liệu: CSM
[2026-01-11T03:08:04.247+0000] {logging_mixin.py:188} INFO -  Lỗi xử lý mã CSM: Failed to fetch data: 429 - Too Many Requests
[2026-01-11T03:08:04.248+0000] {logging_mixin.py:188} INFO -  >> Đang lấy dữ liệu: CSI
[2026-01-11T03:08:06.095+0000] {logging_mixin.py:188} INFO -  Lỗi xử lý mã CSI: Failed to fetch data: 429 - Too Many Requests
[2026-01-11T03:08:06.098+0000] {logging_mixin.py:188} INFO -  >> Đang lấy dữ liệu: CSC
[2026-01-11T03:08:06.341+0000] {logging_mixin.py:188} INFO -  Lỗi xử lý mã CSC: Failed to fetch data: 429 - Too Many Requests
[2026-01-11T03:08:06.344+0000] {logging_mixin.py:188} INFO -  >> Đang lấy dữ liệu: CRV
[2026-01-11T03:08:06.721+0000] {logging_mixin.py:188} INFO -  Lỗi xử lý mã CRV: Failed to fetch data: 429 - Too Many Requests
[2026-01-11T03:08:06.722+0000] {logging_mixin.py:188} INFO -  >> Đang lấy dữ liệu: CRE
[2026-01-11T03:08:06.890+0000] {logging_mixin.py:188} INFO -  Lỗi xử lý mã CRE: Failed to fetch data: 429 - Too Many Requests
[2026-01-11T03:08:06.892+0000] {logging_mixin.py:188} INFO -  >> Đang lấy dữ liệu: CRC
[2026-01-11T03:08:07.039+0000] {logging_mixin.py:188} INFO -  Lỗi xử lý mã CRC: Failed to fetch data: 429 - Too Many Requests
[2026-01-11T03:08:07.041+0000] {logging_mixin.py:188} INFO -  >> Đang lấy dữ liệu: CQT
[2026-01-11T03:08:07.192+0000] {logging_mixin.py:188} INFO -  Lỗi xử lý mã CQT: Failed to fetch data: 429 - Too Many Requests
[2026-01-11T03:08:07.196+0000] {logging_mixin.py:188} INFO -  >> Đang lấy dữ liệu: CQN
[2026-01-11T03:08:07.511+0000] {logging_mixin.py:188} INFO -  Lỗi xử lý mã CQN: Failed to fetch data: 429 - Too Many Requests
[2026-01-11T03:08:07.513+0000] {logging_mixin.py:188} INFO -  >> Đang lấy dữ liệu: CPI
[2026-01-11T03:08:07.711+0000] {logging_mixin.py:188} INFO -  Lỗi xử lý mã CPI: Failed to fetch data: 429 - Too Many Requests
[2026-01-11T03:08:07.712+0000] {logging_mixin.py:188} INFO -  >> Đang lấy dữ liệu: CPH
[2026-01-11T03:08:08.738+0000] {logging_mixin.py:188} INFO -  Lỗi xử lý mã CPH: Failed to fetch data: 429 - Too Many Requests
[2026-01-11T03:08:08.739+0000] {logging_mixin.py:188} INFO -  >> Đang lấy dữ liệu: CPC
[2026-01-11T03:08:08.856+0000] {logging_mixin.py:188} INFO -  Lỗi xử lý mã CPC: Failed to fetch data: 429 - Too Many Requests
[2026-01-11T03:08:08.857+0000] {logging_mixin.py:188} INFO -  ⚠ Batch này không thu được dữ liệu nào.
[2026-01-11T03:08:08.861+0000] {datalake_df2csv.py:40} INFO - DataFrame rỗng, bỏ qua upload CSV.
[2026-01-11T03:08:08.862+0000] {taskinstance.py:441} INFO - ::group::Post task execution logs
[2026-01-11T03:08:09.133+0000] {taskinstance.py:1206} INFO - Marking task as SUCCESS. dag_id=thongtin_cty_bctc, task_id=ingest_bctc, run_id=manual__2026-01-11T03:04:17.829778+00:00, map_index=72, execution_date=20260111T030417, start_date=20260111T030758, end_date=20260111T030809
[2026-01-11T03:08:09.198+0000] {local_task_job_runner.py:243} INFO - Task exited with return code 0
[2026-01-11T03:08:09.217+0000] {taskinstance.py:3503} INFO - 0 downstream tasks scheduled from follow-on schedule check
[2026-01-11T03:08:09.219+0000] {local_task_job_runner.py:222} INFO - ::endgroup::
