[2026-01-01T02:23:24.641+0000] {local_task_job_runner.py:120} INFO - ::group::Pre task execution logs
[2026-01-01T02:23:25.108+0000] {taskinstance.py:2076} INFO - Dependencies all met for dep_context=non-requeueable deps ti=<TaskInstance: thongtin_cty_bctc.ingest_people scheduled__2025-12-31T00:00:00+00:00 map_index=290 [queued]>
[2026-01-01T02:23:25.231+0000] {taskinstance.py:2076} INFO - Dependencies all met for dep_context=requeueable deps ti=<TaskInstance: thongtin_cty_bctc.ingest_people scheduled__2025-12-31T00:00:00+00:00 map_index=290 [queued]>
[2026-01-01T02:23:25.235+0000] {taskinstance.py:2306} INFO - Starting attempt 2 of 2
[2026-01-01T02:23:26.378+0000] {taskinstance.py:2330} INFO - Executing <Mapped(DfToCsvOperator): ingest_people> on 2025-12-31 00:00:00+00:00
[2026-01-01T02:23:26.426+0000] {warnings.py:112} WARNING - This process (pid=12847) is multi-threaded, use of fork() may lead to deadlocks in the child.

[2026-01-01T02:23:26.430+0000] {standard_task_runner.py:64} INFO - Started process 12977 to run task
[2026-01-01T02:23:26.430+0000] {standard_task_runner.py:90} INFO - Running: ['***', 'tasks', 'run', 'thongtin_cty_bctc', 'ingest_people', 'scheduled__2025-12-31T00:00:00+00:00', '--job-id', '1717', '--raw', '--subdir', 'DAGS_FOLDER/tt_cty_bctc.py', '--cfg-path', '/tmp/tmpgirmdh92', '--map-index', '290']
[2026-01-01T02:23:26.446+0000] {standard_task_runner.py:91} INFO - Job 1717: Subtask ingest_people
[2026-01-01T02:23:26.587+0000] {task_command.py:426} INFO - Running <TaskInstance: thongtin_cty_bctc.ingest_people scheduled__2025-12-31T00:00:00+00:00 map_index=290 [running]> on host 43b0a0f7606b
[2026-01-01T02:23:26.773+0000] {taskinstance.py:2648} INFO - Exporting env vars: AIRFLOW_CTX_DAG_OWNER='***' AIRFLOW_CTX_DAG_ID='thongtin_cty_bctc' AIRFLOW_CTX_TASK_ID='ingest_people' AIRFLOW_CTX_EXECUTION_DATE='2025-12-31T00:00:00+00:00' AIRFLOW_CTX_TRY_NUMBER='2' AIRFLOW_CTX_DAG_RUN_ID='scheduled__2025-12-31T00:00:00+00:00'
[2026-01-01T02:23:26.775+0000] {taskinstance.py:430} INFO - ::endgroup::
[2026-01-01T02:23:26.780+0000] {taskinstance.py:441} INFO - ::group::Post task execution logs
[2026-01-01T02:23:26.793+0000] {taskinstance.py:2905} ERROR - Task failed with exception
Traceback (most recent call last):
  File "/home/airflow/.local/lib/python3.12/site-packages/airflow/models/taskinstance.py", line 465, in _execute_task
    result = _execute_callable(context=context, **execute_callable_kwargs)
             ^^^^^^^^^^^^^^^^^^^^^^^^^^^^^^^^^^^^^^^^^^^^^^^^^^^^^^^^^^^^^
  File "/home/airflow/.local/lib/python3.12/site-packages/airflow/models/taskinstance.py", line 432, in _execute_callable
    return execute_callable(context=context, **execute_callable_kwargs)
           ^^^^^^^^^^^^^^^^^^^^^^^^^^^^^^^^^^^^^^^^^^^^^^^^^^^^^^^^^^^^
  File "/home/airflow/.local/lib/python3.12/site-packages/airflow/models/baseoperator.py", line 401, in wrapper
    return func(self, *args, **kwargs)
           ^^^^^^^^^^^^^^^^^^^^^^^^^^^
  File "/opt/airflow/plugins/function/datalake_df2csv.py", line 38, in execute
    df = self._load_dataframe()
         ^^^^^^^^^^^^^^^^^^^^^^
  File "/opt/airflow/plugins/function/datalake_df2csv.py", line 60, in _load_dataframe
    raise AirflowException(f"Logic file not found: {module_path}")
airflow.exceptions.AirflowException: Logic file not found: /opt/***/plugins/logic/thongtincongty.py
[2026-01-01T02:23:26.805+0000] {taskinstance.py:1206} INFO - Marking task as FAILED. dag_id=thongtin_cty_bctc, task_id=ingest_people, run_id=scheduled__2025-12-31T00:00:00+00:00, map_index=290, execution_date=20251231T000000, start_date=20260101T022325, end_date=20260101T022326
[2026-01-01T02:23:26.825+0000] {standard_task_runner.py:110} ERROR - Failed to execute job 1717 for task ingest_people (Logic file not found: /opt/***/plugins/logic/thongtincongty.py; 12977)
[2026-01-01T02:23:26.863+0000] {local_task_job_runner.py:243} INFO - Task exited with return code 1
[2026-01-01T02:23:26.890+0000] {taskinstance.py:3503} INFO - 0 downstream tasks scheduled from follow-on schedule check
[2026-01-01T02:23:26.904+0000] {local_task_job_runner.py:222} INFO - ::endgroup::
