[2026-01-12T14:57:02.475+0000] {local_task_job_runner.py:120} INFO - ::group::Pre task execution logs
[2026-01-12T14:57:02.557+0000] {taskinstance.py:2076} INFO - Dependencies all met for dep_context=non-requeueable deps ti=<TaskInstance: financial_ratios_etl.ingest_financial_ratios scheduled__2026-01-04T02:00:00+00:00 map_index=361 [queued]>
[2026-01-12T14:57:02.585+0000] {taskinstance.py:2076} INFO - Dependencies all met for dep_context=requeueable deps ti=<TaskInstance: financial_ratios_etl.ingest_financial_ratios scheduled__2026-01-04T02:00:00+00:00 map_index=361 [queued]>
[2026-01-12T14:57:02.587+0000] {taskinstance.py:2306} INFO - Starting attempt 1 of 2
[2026-01-12T14:57:02.669+0000] {taskinstance.py:2330} INFO - Executing <Mapped(DfToCsvOperator): ingest_financial_ratios> on 2026-01-04 02:00:00+00:00
[2026-01-12T14:57:02.693+0000] {warnings.py:112} WARNING - This process (pid=9491) is multi-threaded, use of fork() may lead to deadlocks in the child.

[2026-01-12T14:57:02.700+0000] {standard_task_runner.py:64} INFO - Started process 9655 to run task
[2026-01-12T14:57:02.732+0000] {standard_task_runner.py:90} INFO - Running: ['***', 'tasks', 'run', 'financial_ratios_etl', 'ingest_financial_ratios', 'scheduled__2026-01-04T02:00:00+00:00', '--job-id', '13048', '--raw', '--subdir', 'DAGS_FOLDER/financial_ratios_etl.py', '--cfg-path', '/tmp/tmpquy3h4mj', '--map-index', '361']
[2026-01-12T14:57:02.740+0000] {standard_task_runner.py:91} INFO - Job 13048: Subtask ingest_financial_ratios
[2026-01-12T14:57:03.011+0000] {task_command.py:426} INFO - Running <TaskInstance: financial_ratios_etl.ingest_financial_ratios scheduled__2026-01-04T02:00:00+00:00 map_index=361 [running]> on host 5a20a797a43c
[2026-01-12T14:57:03.292+0000] {taskinstance.py:2648} INFO - Exporting env vars: AIRFLOW_CTX_DAG_OWNER='***' AIRFLOW_CTX_DAG_ID='financial_ratios_etl' AIRFLOW_CTX_TASK_ID='ingest_financial_ratios' AIRFLOW_CTX_EXECUTION_DATE='2026-01-04T02:00:00+00:00' AIRFLOW_CTX_TRY_NUMBER='1' AIRFLOW_CTX_DAG_RUN_ID='scheduled__2026-01-04T02:00:00+00:00'
[2026-01-12T14:57:03.298+0000] {taskinstance.py:430} INFO - ::endgroup::
[2026-01-12T14:57:03.314+0000] {taskinstance.py:441} INFO - ::group::Post task execution logs
[2026-01-12T14:57:03.319+0000] {taskinstance.py:2905} ERROR - Task failed with exception
Traceback (most recent call last):
  File "/home/airflow/.local/lib/python3.12/site-packages/airflow/models/taskinstance.py", line 465, in _execute_task
    result = _execute_callable(context=context, **execute_callable_kwargs)
             ^^^^^^^^^^^^^^^^^^^^^^^^^^^^^^^^^^^^^^^^^^^^^^^^^^^^^^^^^^^^^
  File "/home/airflow/.local/lib/python3.12/site-packages/airflow/models/taskinstance.py", line 432, in _execute_callable
    return execute_callable(context=context, **execute_callable_kwargs)
           ^^^^^^^^^^^^^^^^^^^^^^^^^^^^^^^^^^^^^^^^^^^^^^^^^^^^^^^^^^^^
  File "/home/airflow/.local/lib/python3.12/site-packages/airflow/models/baseoperator.py", line 401, in wrapper
    return func(self, *args, **kwargs)
           ^^^^^^^^^^^^^^^^^^^^^^^^^^^
  File "/opt/airflow/plugins/function/datalake_df2csv.py", line 38, in execute
    df = self._load_dataframe()
         ^^^^^^^^^^^^^^^^^^^^^^
  File "/opt/airflow/plugins/function/datalake_df2csv.py", line 67, in _load_dataframe
    spec.loader.exec_module(module)
  File "<frozen importlib._bootstrap_external>", line 995, in exec_module
  File "<frozen importlib._bootstrap>", line 488, in _call_with_frames_removed
  File "/opt/airflow/plugins/logic/financial_ratios.py", line 9, in <module>
    from vnstock import finance
ImportError: cannot import name 'finance' from 'vnstock' (/home/airflow/.local/lib/python3.12/site-packages/vnstock/__init__.py). Did you mean: 'Finance'?
[2026-01-12T14:57:03.355+0000] {taskinstance.py:1206} INFO - Marking task as UP_FOR_RETRY. dag_id=financial_ratios_etl, task_id=ingest_financial_ratios, run_id=scheduled__2026-01-04T02:00:00+00:00, map_index=361, execution_date=20260104T020000, start_date=20260112T145702, end_date=20260112T145703
[2026-01-12T14:57:03.388+0000] {standard_task_runner.py:110} ERROR - Failed to execute job 13048 for task ingest_financial_ratios (cannot import name 'finance' from 'vnstock' (/home/airflow/.local/lib/python3.12/site-packages/vnstock/__init__.py); 9655)
[2026-01-12T14:57:03.431+0000] {local_task_job_runner.py:243} INFO - Task exited with return code 1
[2026-01-12T14:57:03.451+0000] {local_task_job_runner.py:222} INFO - ::endgroup::
