[2026-01-13T13:23:37.562+0000] {local_task_job_runner.py:120} INFO - ::group::Pre task execution logs
[2026-01-13T13:23:37.598+0000] {taskinstance.py:2076} INFO - Dependencies all met for dep_context=non-requeueable deps ti=<TaskInstance: bctc.ingest_bctc manual__2026-01-13T13:17:52+00:00 map_index=39 [queued]>
[2026-01-13T13:23:37.615+0000] {taskinstance.py:2076} INFO - Dependencies all met for dep_context=requeueable deps ti=<TaskInstance: bctc.ingest_bctc manual__2026-01-13T13:17:52+00:00 map_index=39 [queued]>
[2026-01-13T13:23:37.616+0000] {taskinstance.py:2306} INFO - Starting attempt 1 of 2
[2026-01-13T13:23:37.631+0000] {taskinstance.py:2330} INFO - Executing <Mapped(DfToCsvOperator): ingest_bctc> on 2026-01-13 13:17:52+00:00
[2026-01-13T13:23:37.644+0000] {warnings.py:112} WARNING - This process (pid=1663) is multi-threaded, use of fork() may lead to deadlocks in the child.

[2026-01-13T13:23:37.646+0000] {standard_task_runner.py:64} INFO - Started process 1727 to run task
[2026-01-13T13:23:37.648+0000] {standard_task_runner.py:90} INFO - Running: ['***', 'tasks', 'run', 'bctc', 'ingest_bctc', 'manual__2026-01-13T13:17:52+00:00', '--job-id', '15004', '--raw', '--subdir', 'DAGS_FOLDER/tt_cty_bctc.py', '--cfg-path', '/tmp/tmp78lb14je', '--map-index', '39']
[2026-01-13T13:23:37.653+0000] {standard_task_runner.py:91} INFO - Job 15004: Subtask ingest_bctc
[2026-01-13T13:23:37.703+0000] {task_command.py:426} INFO - Running <TaskInstance: bctc.ingest_bctc manual__2026-01-13T13:17:52+00:00 map_index=39 [running]> on host 03cf7cc79cc9
[2026-01-13T13:23:37.840+0000] {taskinstance.py:2648} INFO - Exporting env vars: AIRFLOW_CTX_DAG_OWNER='***' AIRFLOW_CTX_DAG_ID='bctc' AIRFLOW_CTX_TASK_ID='ingest_bctc' AIRFLOW_CTX_EXECUTION_DATE='2026-01-13T13:17:52+00:00' AIRFLOW_CTX_TRY_NUMBER='1' AIRFLOW_CTX_DAG_RUN_ID='manual__2026-01-13T13:17:52+00:00'
[2026-01-13T13:23:37.842+0000] {taskinstance.py:430} INFO - ::endgroup::
[2026-01-13T13:23:37.851+0000] {logging_mixin.py:188} INFO - Bắt đầu xử lý batch 20 mã: ['NNT', 'NNQ', 'NNG', 'NNC', 'NLS', 'NLG', 'NKG', 'NJC', 'NHV', 'NHT', 'NHP', 'NHH', 'NHC', 'NHA', 'NGC', 'NFC', 'NET', 'NEM', 'NED', 'NDX']
[2026-01-13T13:23:37.852+0000] {logging_mixin.py:188} INFO -  >> Đang lấy dữ liệu: NNT
[2026-01-13T13:23:42.920+0000] {logging_mixin.py:188} INFO - ❌ Lỗi income_statement: RetryError[<Future at 0x7fb9d33190d0 state=finished raised KeyError>]
[2026-01-13T13:23:48.850+0000] {logging_mixin.py:188} INFO - ❌ Lỗi balance_sheet: RetryError[<Future at 0x7fb998fc3e90 state=finished raised KeyError>]
[2026-01-13T13:23:54.830+0000] {logging_mixin.py:188} INFO - ❌ Lỗi cash_flow: RetryError[<Future at 0x7fb998d86f30 state=finished raised KeyError>]
[2026-01-13T13:23:58.331+0000] {logging_mixin.py:188} INFO -  >> Đang lấy dữ liệu: NNQ
[2026-01-13T13:24:04.092+0000] {logging_mixin.py:188} INFO - ❌ Lỗi income_statement: RetryError[<Future at 0x7fb998d86c60 state=finished raised KeyError>]
[2026-01-13T13:24:10.288+0000] {logging_mixin.py:188} INFO - ❌ Lỗi balance_sheet: RetryError[<Future at 0x7fb998d85bb0 state=finished raised KeyError>]
[2026-01-13T13:24:17.201+0000] {logging_mixin.py:188} INFO - ❌ Lỗi cash_flow: RetryError[<Future at 0x7fb998d85a00 state=finished raised KeyError>]
[2026-01-13T13:24:20.702+0000] {logging_mixin.py:188} INFO -  >> Đang lấy dữ liệu: NNG
[2026-01-13T13:24:31.747+0000] {logging_mixin.py:188} INFO -  >> Đang lấy dữ liệu: NNC
[2026-01-13T13:24:40.725+0000] {logging_mixin.py:188} INFO -  >> Đang lấy dữ liệu: NLS
[2026-01-13T13:24:47.197+0000] {logging_mixin.py:188} INFO - ❌ Lỗi income_statement: RetryError[<Future at 0x7fb998c4ab10 state=finished raised KeyError>]
[2026-01-13T13:24:53.176+0000] {logging_mixin.py:188} INFO - ❌ Lỗi balance_sheet: RetryError[<Future at 0x7fb998c483b0 state=finished raised KeyError>]
[2026-01-13T13:24:59.782+0000] {logging_mixin.py:188} INFO - ❌ Lỗi cash_flow: RetryError[<Future at 0x7fb998c4b500 state=finished raised KeyError>]
[2026-01-13T13:25:03.283+0000] {logging_mixin.py:188} INFO -  >> Đang lấy dữ liệu: NLG
[2026-01-13T13:25:13.508+0000] {logging_mixin.py:188} INFO -  >> Đang lấy dữ liệu: NKG
[2026-01-13T13:25:25.029+0000] {logging_mixin.py:188} INFO -  >> Đang lấy dữ liệu: NJC
[2026-01-13T13:25:33.181+0000] {logging_mixin.py:188} INFO -  >> Đang lấy dữ liệu: NHV
[2026-01-13T13:25:43.250+0000] {logging_mixin.py:188} INFO -  >> Đang lấy dữ liệu: NHT
[2026-01-13T13:25:52.596+0000] {logging_mixin.py:188} INFO -  >> Đang lấy dữ liệu: NHP
[2026-01-13T13:26:02.469+0000] {logging_mixin.py:188} INFO -  >> Đang lấy dữ liệu: NHH
[2026-01-13T13:26:11.618+0000] {logging_mixin.py:188} INFO -  >> Đang lấy dữ liệu: NHC
[2026-01-13T13:26:21.443+0000] {logging_mixin.py:188} INFO -  >> Đang lấy dữ liệu: NHA
[2026-01-13T13:26:31.576+0000] {logging_mixin.py:188} INFO -  >> Đang lấy dữ liệu: NGC
[2026-01-13T13:26:40.549+0000] {logging_mixin.py:188} INFO -  >> Đang lấy dữ liệu: NFC
[2026-01-13T13:26:49.688+0000] {logging_mixin.py:188} INFO -  >> Đang lấy dữ liệu: NET
[2026-01-13T13:26:58.493+0000] {logging_mixin.py:188} INFO -  >> Đang lấy dữ liệu: NEM
[2026-01-13T13:27:03.703+0000] {logging_mixin.py:188} INFO - ❌ Lỗi income_statement: RetryError[<Future at 0x7fb998c98200 state=finished raised KeyError>]
[2026-01-13T13:27:10.199+0000] {logging_mixin.py:188} INFO - ❌ Lỗi balance_sheet: RetryError[<Future at 0x7fb998c99b80 state=finished raised KeyError>]
[2026-01-13T13:27:16.438+0000] {logging_mixin.py:188} INFO - ❌ Lỗi cash_flow: RetryError[<Future at 0x7fb998c9b6e0 state=finished raised KeyError>]
[2026-01-13T13:27:19.939+0000] {logging_mixin.py:188} INFO -  >> Đang lấy dữ liệu: NED
[2026-01-13T13:27:29.847+0000] {logging_mixin.py:188} INFO -  >> Đang lấy dữ liệu: NDX
[2026-01-13T13:28:02.060+0000] {logging_mixin.py:188} INFO -  ⚠ Batch này không thu được dữ liệu nào.
[2026-01-13T13:28:02.063+0000] {datalake_df2csv.py:40} INFO - DataFrame rỗng, bỏ qua upload CSV.
[2026-01-13T13:28:02.063+0000] {taskinstance.py:441} INFO - ::group::Post task execution logs
[2026-01-13T13:28:02.111+0000] {taskinstance.py:1206} INFO - Marking task as SUCCESS. dag_id=bctc, task_id=ingest_bctc, run_id=manual__2026-01-13T13:17:52+00:00, map_index=39, execution_date=20260113T131752, start_date=20260113T132337, end_date=20260113T132802
[2026-01-13T13:28:02.210+0000] {local_task_job_runner.py:243} INFO - Task exited with return code 0
[2026-01-13T13:28:02.275+0000] {taskinstance.py:3503} INFO - 0 downstream tasks scheduled from follow-on schedule check
[2026-01-13T13:28:02.278+0000] {local_task_job_runner.py:222} INFO - ::endgroup::
