[2026-01-01T02:56:26.856+0000] {local_task_job_runner.py:120} INFO - ::group::Pre task execution logs
[2026-01-01T02:56:26.915+0000] {taskinstance.py:2076} INFO - Dependencies all met for dep_context=non-requeueable deps ti=<TaskInstance: thongtin_cty_bctc.ingest_bctc manual__2026-01-01T02:49:15+00:00 map_index=1 [queued]>
[2026-01-01T02:56:26.932+0000] {taskinstance.py:2076} INFO - Dependencies all met for dep_context=requeueable deps ti=<TaskInstance: thongtin_cty_bctc.ingest_bctc manual__2026-01-01T02:49:15+00:00 map_index=1 [queued]>
[2026-01-01T02:56:26.933+0000] {taskinstance.py:2306} INFO - Starting attempt 1 of 2
[2026-01-01T02:56:26.956+0000] {taskinstance.py:2330} INFO - Executing <Mapped(DfToCsvOperator): ingest_bctc> on 2026-01-01 02:49:15+00:00
[2026-01-01T02:56:26.980+0000] {standard_task_runner.py:90} INFO - Running: ['***', 'tasks', 'run', 'thongtin_cty_bctc', 'ingest_bctc', 'manual__2026-01-01T02:49:15+00:00', '--job-id', '2295', '--raw', '--subdir', 'DAGS_FOLDER/tt_cty_bctc.py', '--cfg-path', '/tmp/tmpdc8h6v0g', '--map-index', '1']
[2026-01-01T02:56:26.982+0000] {standard_task_runner.py:91} INFO - Job 2295: Subtask ingest_bctc
[2026-01-01T02:56:26.973+0000] {warnings.py:112} WARNING - This process (pid=19562) is multi-threaded, use of fork() may lead to deadlocks in the child.

[2026-01-01T02:56:26.986+0000] {standard_task_runner.py:64} INFO - Started process 19704 to run task
[2026-01-01T02:56:27.116+0000] {task_command.py:426} INFO - Running <TaskInstance: thongtin_cty_bctc.ingest_bctc manual__2026-01-01T02:49:15+00:00 map_index=1 [running]> on host 43b0a0f7606b
[2026-01-01T02:56:27.360+0000] {taskinstance.py:2648} INFO - Exporting env vars: AIRFLOW_CTX_DAG_OWNER='***' AIRFLOW_CTX_DAG_ID='thongtin_cty_bctc' AIRFLOW_CTX_TASK_ID='ingest_bctc' AIRFLOW_CTX_EXECUTION_DATE='2026-01-01T02:49:15+00:00' AIRFLOW_CTX_TRY_NUMBER='1' AIRFLOW_CTX_DAG_RUN_ID='manual__2026-01-01T02:49:15+00:00'
[2026-01-01T02:56:27.363+0000] {taskinstance.py:430} INFO - ::endgroup::
[2026-01-01T02:56:27.372+0000] {logging_mixin.py:188} INFO - Bắt đầu xử lý batch 3 mã: ['VIC', 'VHM', 'VCB']
[2026-01-01T02:56:27.373+0000] {logging_mixin.py:188} INFO -  >> Đang lấy dữ liệu: VIC
[2026-01-01T02:56:27.499+0000] {logging_mixin.py:188} INFO -  Lỗi xử lý mã VIC: Failed to fetch data: 429 - Too Many Requests
[2026-01-01T02:56:27.501+0000] {logging_mixin.py:188} INFO -  >> Đang lấy dữ liệu: VHM
[2026-01-01T02:56:27.635+0000] {logging_mixin.py:188} INFO -  Lỗi xử lý mã VHM: Failed to fetch data: 429 - Too Many Requests
[2026-01-01T02:56:27.644+0000] {logging_mixin.py:188} INFO -  >> Đang lấy dữ liệu: VCB
[2026-01-01T02:56:27.764+0000] {logging_mixin.py:188} INFO -  Lỗi xử lý mã VCB: Failed to fetch data: 429 - Too Many Requests
[2026-01-01T02:56:27.765+0000] {logging_mixin.py:188} INFO -  ⚠ Batch này không thu được dữ liệu nào.
[2026-01-01T02:56:27.770+0000] {datalake_df2csv.py:40} INFO - DataFrame rỗng, bỏ qua upload CSV.
[2026-01-01T02:56:27.770+0000] {taskinstance.py:441} INFO - ::group::Post task execution logs
[2026-01-01T02:56:27.783+0000] {taskinstance.py:1206} INFO - Marking task as SUCCESS. dag_id=thongtin_cty_bctc, task_id=ingest_bctc, run_id=manual__2026-01-01T02:49:15+00:00, map_index=1, execution_date=20260101T024915, start_date=20260101T025626, end_date=20260101T025627
[2026-01-01T02:56:27.825+0000] {local_task_job_runner.py:243} INFO - Task exited with return code 0
[2026-01-01T02:56:27.849+0000] {taskinstance.py:3503} INFO - 0 downstream tasks scheduled from follow-on schedule check
[2026-01-01T02:56:27.865+0000] {local_task_job_runner.py:222} INFO - ::endgroup::
