[2025-12-31T14:42:11.536+0000] {local_task_job_runner.py:120} INFO - ::group::Pre task execution logs
[2025-12-31T14:42:11.570+0000] {taskinstance.py:2076} INFO - Dependencies all met for dep_context=non-requeueable deps ti=<TaskInstance: thongtin_cty_bctc.ingest_bctc manual__2025-12-31T14:34:21.190447+00:00 map_index=56 [queued]>
[2025-12-31T14:42:11.594+0000] {taskinstance.py:2076} INFO - Dependencies all met for dep_context=requeueable deps ti=<TaskInstance: thongtin_cty_bctc.ingest_bctc manual__2025-12-31T14:34:21.190447+00:00 map_index=56 [queued]>
[2025-12-31T14:42:11.595+0000] {taskinstance.py:2306} INFO - Starting attempt 1 of 2
[2025-12-31T14:42:11.609+0000] {taskinstance.py:2330} INFO - Executing <Mapped(DfToCsvOperator): ingest_bctc> on 2025-12-31 14:34:21.190447+00:00
[2025-12-31T14:42:11.621+0000] {warnings.py:112} WARNING - This process (pid=5806) is multi-threaded, use of fork() may lead to deadlocks in the child.

[2025-12-31T14:42:11.622+0000] {standard_task_runner.py:64} INFO - Started process 5851 to run task
[2025-12-31T14:42:11.624+0000] {standard_task_runner.py:90} INFO - Running: ['***', 'tasks', 'run', 'thongtin_cty_bctc', 'ingest_bctc', 'manual__2025-12-31T14:34:21.190447+00:00', '--job-id', '473', '--raw', '--subdir', 'DAGS_FOLDER/tt_cty_bctc.py', '--cfg-path', '/tmp/tmp4q4jic1t', '--map-index', '56']
[2025-12-31T14:42:11.626+0000] {standard_task_runner.py:91} INFO - Job 473: Subtask ingest_bctc
[2025-12-31T14:42:11.677+0000] {task_command.py:426} INFO - Running <TaskInstance: thongtin_cty_bctc.ingest_bctc manual__2025-12-31T14:34:21.190447+00:00 map_index=56 [running]> on host 8bc7f11ea9a4
[2025-12-31T14:42:11.802+0000] {taskinstance.py:2648} INFO - Exporting env vars: AIRFLOW_CTX_DAG_OWNER='***' AIRFLOW_CTX_DAG_ID='thongtin_cty_bctc' AIRFLOW_CTX_TASK_ID='ingest_bctc' AIRFLOW_CTX_EXECUTION_DATE='2025-12-31T14:34:21.190447+00:00' AIRFLOW_CTX_TRY_NUMBER='1' AIRFLOW_CTX_DAG_RUN_ID='manual__2025-12-31T14:34:21.190447+00:00'
[2025-12-31T14:42:11.803+0000] {taskinstance.py:430} INFO - ::endgroup::
[2025-12-31T14:42:11.811+0000] {logging_mixin.py:188} INFO - Bắt đầu xử lý batch 20 mã: ['HKT', 'HKP', 'HKB', 'HJS', 'HJC', 'HIO', 'HII', 'HIG', 'HID', 'HHV', 'HHS', 'HHR', 'HHP', 'HHN', 'HHG', 'HHC', 'HHB', 'HGW', 'HGT', 'HGR']
[2025-12-31T14:42:11.812+0000] {logging_mixin.py:188} INFO -  >> Đang lấy dữ liệu: HKT
[2025-12-31T14:42:11.946+0000] {logging_mixin.py:188} INFO -  Lỗi xử lý mã HKT: Failed to fetch data: 429 - Too Many Requests
[2025-12-31T14:42:11.947+0000] {logging_mixin.py:188} INFO -  >> Đang lấy dữ liệu: HKP
[2025-12-31T14:42:12.091+0000] {logging_mixin.py:188} INFO -  Lỗi xử lý mã HKP: Failed to fetch data: 429 - Too Many Requests
[2025-12-31T14:42:12.093+0000] {logging_mixin.py:188} INFO -  >> Đang lấy dữ liệu: HKB
[2025-12-31T14:42:12.284+0000] {logging_mixin.py:188} INFO -  Lỗi xử lý mã HKB: Failed to fetch data: 429 - Too Many Requests
[2025-12-31T14:42:12.285+0000] {logging_mixin.py:188} INFO -  >> Đang lấy dữ liệu: HJS
[2025-12-31T14:42:12.514+0000] {logging_mixin.py:188} INFO -  Lỗi xử lý mã HJS: Failed to fetch data: 429 - Too Many Requests
[2025-12-31T14:42:12.515+0000] {logging_mixin.py:188} INFO -  >> Đang lấy dữ liệu: HJC
[2025-12-31T14:42:12.785+0000] {logging_mixin.py:188} INFO -  Lỗi xử lý mã HJC: Failed to fetch data: 429 - Too Many Requests
[2025-12-31T14:42:12.786+0000] {logging_mixin.py:188} INFO -  >> Đang lấy dữ liệu: HIO
[2025-12-31T14:42:12.995+0000] {logging_mixin.py:188} INFO -  Lỗi xử lý mã HIO: Failed to fetch data: 429 - Too Many Requests
[2025-12-31T14:42:12.996+0000] {logging_mixin.py:188} INFO -  >> Đang lấy dữ liệu: HII
[2025-12-31T14:42:13.250+0000] {logging_mixin.py:188} INFO -  Lỗi xử lý mã HII: Failed to fetch data: 429 - Too Many Requests
[2025-12-31T14:42:13.252+0000] {logging_mixin.py:188} INFO -  >> Đang lấy dữ liệu: HIG
[2025-12-31T14:42:13.627+0000] {logging_mixin.py:188} INFO -  Lỗi xử lý mã HIG: Failed to fetch data: 429 - Too Many Requests
[2025-12-31T14:42:13.628+0000] {logging_mixin.py:188} INFO -  >> Đang lấy dữ liệu: HID
[2025-12-31T14:42:13.817+0000] {logging_mixin.py:188} INFO -  Lỗi xử lý mã HID: Failed to fetch data: 429 - Too Many Requests
[2025-12-31T14:42:13.818+0000] {logging_mixin.py:188} INFO -  >> Đang lấy dữ liệu: HHV
[2025-12-31T14:42:14.184+0000] {logging_mixin.py:188} INFO -  Lỗi xử lý mã HHV: Failed to fetch data: 429 - Too Many Requests
[2025-12-31T14:42:14.185+0000] {logging_mixin.py:188} INFO -  >> Đang lấy dữ liệu: HHS
[2025-12-31T14:42:21.986+0000] {logging_mixin.py:188} INFO -  Lỗi xử lý mã HHS: Failed to fetch data: 429 - Too Many Requests
[2025-12-31T14:42:21.986+0000] {logging_mixin.py:188} INFO -  >> Đang lấy dữ liệu: HHR
[2025-12-31T14:42:22.223+0000] {logging_mixin.py:188} INFO -  Lỗi xử lý mã HHR: Failed to fetch data: 429 - Too Many Requests
[2025-12-31T14:42:22.224+0000] {logging_mixin.py:188} INFO -  >> Đang lấy dữ liệu: HHP
[2025-12-31T14:42:22.682+0000] {logging_mixin.py:188} INFO -  Lỗi xử lý mã HHP: Failed to fetch data: 429 - Too Many Requests
[2025-12-31T14:42:22.684+0000] {logging_mixin.py:188} INFO -  >> Đang lấy dữ liệu: HHN
[2025-12-31T14:42:23.106+0000] {logging_mixin.py:188} INFO -  Lỗi xử lý mã HHN: Failed to fetch data: 429 - Too Many Requests
[2025-12-31T14:42:23.107+0000] {logging_mixin.py:188} INFO -  >> Đang lấy dữ liệu: HHG
[2025-12-31T14:42:23.280+0000] {logging_mixin.py:188} INFO -  Lỗi xử lý mã HHG: Failed to fetch data: 429 - Too Many Requests
[2025-12-31T14:42:23.281+0000] {logging_mixin.py:188} INFO -  >> Đang lấy dữ liệu: HHC
[2025-12-31T14:42:23.520+0000] {logging_mixin.py:188} INFO -  Lỗi xử lý mã HHC: Failed to fetch data: 429 - Too Many Requests
[2025-12-31T14:42:23.520+0000] {logging_mixin.py:188} INFO -  >> Đang lấy dữ liệu: HHB
[2025-12-31T14:42:23.674+0000] {logging_mixin.py:188} INFO -  Lỗi xử lý mã HHB: Failed to fetch data: 429 - Too Many Requests
[2025-12-31T14:42:23.675+0000] {logging_mixin.py:188} INFO -  >> Đang lấy dữ liệu: HGW
[2025-12-31T14:42:23.819+0000] {logging_mixin.py:188} INFO -  Lỗi xử lý mã HGW: Failed to fetch data: 429 - Too Many Requests
[2025-12-31T14:42:23.820+0000] {logging_mixin.py:188} INFO -  >> Đang lấy dữ liệu: HGT
[2025-12-31T14:42:23.953+0000] {logging_mixin.py:188} INFO -  Lỗi xử lý mã HGT: Failed to fetch data: 429 - Too Many Requests
[2025-12-31T14:42:23.954+0000] {logging_mixin.py:188} INFO -  >> Đang lấy dữ liệu: HGR
[2025-12-31T14:42:24.110+0000] {logging_mixin.py:188} INFO -  Lỗi xử lý mã HGR: Failed to fetch data: 429 - Too Many Requests
[2025-12-31T14:42:24.111+0000] {logging_mixin.py:188} INFO -  ⚠ Batch này không thu được dữ liệu nào.
[2025-12-31T14:42:24.115+0000] {datalake_df2csv.py:40} INFO - DataFrame rỗng, bỏ qua upload CSV.
[2025-12-31T14:42:24.116+0000] {taskinstance.py:441} INFO - ::group::Post task execution logs
[2025-12-31T14:42:24.128+0000] {taskinstance.py:1206} INFO - Marking task as SUCCESS. dag_id=thongtin_cty_bctc, task_id=ingest_bctc, run_id=manual__2025-12-31T14:34:21.190447+00:00, map_index=56, execution_date=20251231T143421, start_date=20251231T144211, end_date=20251231T144224
[2025-12-31T14:42:24.189+0000] {local_task_job_runner.py:243} INFO - Task exited with return code 0
[2025-12-31T14:42:24.204+0000] {taskinstance.py:3503} INFO - 0 downstream tasks scheduled from follow-on schedule check
[2025-12-31T14:42:24.206+0000] {local_task_job_runner.py:222} INFO - ::endgroup::
