[2025-12-31T14:43:30.606+0000] {local_task_job_runner.py:120} INFO - ::group::Pre task execution logs
[2025-12-31T14:43:30.651+0000] {taskinstance.py:2076} INFO - Dependencies all met for dep_context=non-requeueable deps ti=<TaskInstance: thongtin_cty_bctc.ingest_bctc manual__2025-12-31T14:34:21.190447+00:00 map_index=82 [queued]>
[2025-12-31T14:43:30.687+0000] {taskinstance.py:2076} INFO - Dependencies all met for dep_context=requeueable deps ti=<TaskInstance: thongtin_cty_bctc.ingest_bctc manual__2025-12-31T14:34:21.190447+00:00 map_index=82 [queued]>
[2025-12-31T14:43:30.688+0000] {taskinstance.py:2306} INFO - Starting attempt 1 of 2
[2025-12-31T14:43:30.705+0000] {taskinstance.py:2330} INFO - Executing <Mapped(DfToCsvOperator): ingest_bctc> on 2025-12-31 14:34:21.190447+00:00
[2025-12-31T14:43:30.718+0000] {warnings.py:112} WARNING - This process (pid=6672) is multi-threaded, use of fork() may lead to deadlocks in the child.

[2025-12-31T14:43:30.720+0000] {standard_task_runner.py:64} INFO - Started process 6745 to run task
[2025-12-31T14:43:30.722+0000] {standard_task_runner.py:90} INFO - Running: ['***', 'tasks', 'run', 'thongtin_cty_bctc', 'ingest_bctc', 'manual__2025-12-31T14:34:21.190447+00:00', '--job-id', '551', '--raw', '--subdir', 'DAGS_FOLDER/tt_cty_bctc.py', '--cfg-path', '/tmp/tmpy4s3630q', '--map-index', '82']
[2025-12-31T14:43:30.724+0000] {standard_task_runner.py:91} INFO - Job 551: Subtask ingest_bctc
[2025-12-31T14:43:30.791+0000] {task_command.py:426} INFO - Running <TaskInstance: thongtin_cty_bctc.ingest_bctc manual__2025-12-31T14:34:21.190447+00:00 map_index=82 [running]> on host 8bc7f11ea9a4
[2025-12-31T14:43:30.913+0000] {taskinstance.py:2648} INFO - Exporting env vars: AIRFLOW_CTX_DAG_OWNER='***' AIRFLOW_CTX_DAG_ID='thongtin_cty_bctc' AIRFLOW_CTX_TASK_ID='ingest_bctc' AIRFLOW_CTX_EXECUTION_DATE='2025-12-31T14:34:21.190447+00:00' AIRFLOW_CTX_TRY_NUMBER='1' AIRFLOW_CTX_DAG_RUN_ID='manual__2025-12-31T14:34:21.190447+00:00'
[2025-12-31T14:43:30.915+0000] {taskinstance.py:430} INFO - ::endgroup::
[2025-12-31T14:43:30.923+0000] {logging_mixin.py:188} INFO - Bắt đầu xử lý batch 20 mã: ['BCR', 'BCP', 'BCO', 'BCM', 'BCG', 'BCF', 'BCE', 'BCC', 'BCB', 'BCA', 'BBT', 'BBS', 'BBM', 'BBH', 'BBC', 'BAX', 'BAL', 'BAF', 'BAB', 'B82']
[2025-12-31T14:43:30.923+0000] {logging_mixin.py:188} INFO -  >> Đang lấy dữ liệu: BCR
[2025-12-31T14:43:31.073+0000] {logging_mixin.py:188} INFO -  Lỗi xử lý mã BCR: Failed to fetch data: 429 - Too Many Requests
[2025-12-31T14:43:31.074+0000] {logging_mixin.py:188} INFO -  >> Đang lấy dữ liệu: BCP
[2025-12-31T14:43:31.217+0000] {logging_mixin.py:188} INFO -  Lỗi xử lý mã BCP: Failed to fetch data: 429 - Too Many Requests
[2025-12-31T14:43:31.231+0000] {logging_mixin.py:188} INFO -  >> Đang lấy dữ liệu: BCO
[2025-12-31T14:43:31.439+0000] {logging_mixin.py:188} INFO -  Lỗi xử lý mã BCO: Failed to fetch data: 429 - Too Many Requests
[2025-12-31T14:43:31.440+0000] {logging_mixin.py:188} INFO -  >> Đang lấy dữ liệu: BCM
[2025-12-31T14:43:31.586+0000] {logging_mixin.py:188} INFO -  Lỗi xử lý mã BCM: Failed to fetch data: 429 - Too Many Requests
[2025-12-31T14:43:31.867+0000] {logging_mixin.py:188} INFO -  >> Đang lấy dữ liệu: BCG
[2025-12-31T14:43:32.086+0000] {logging_mixin.py:188} INFO -  Lỗi xử lý mã BCG: Failed to fetch data: 429 - Too Many Requests
[2025-12-31T14:43:32.087+0000] {logging_mixin.py:188} INFO -  >> Đang lấy dữ liệu: BCF
[2025-12-31T14:43:32.196+0000] {logging_mixin.py:188} INFO -  Lỗi xử lý mã BCF: Failed to fetch data: 429 - Too Many Requests
[2025-12-31T14:43:32.197+0000] {logging_mixin.py:188} INFO -  >> Đang lấy dữ liệu: BCE
[2025-12-31T14:43:32.301+0000] {logging_mixin.py:188} INFO -  Lỗi xử lý mã BCE: Failed to fetch data: 429 - Too Many Requests
[2025-12-31T14:43:32.302+0000] {logging_mixin.py:188} INFO -  >> Đang lấy dữ liệu: BCC
[2025-12-31T14:43:32.536+0000] {logging_mixin.py:188} INFO -  Lỗi xử lý mã BCC: Failed to fetch data: 429 - Too Many Requests
[2025-12-31T14:43:32.537+0000] {logging_mixin.py:188} INFO -  >> Đang lấy dữ liệu: BCB
[2025-12-31T14:43:32.662+0000] {logging_mixin.py:188} INFO -  Lỗi xử lý mã BCB: Failed to fetch data: 429 - Too Many Requests
[2025-12-31T14:43:32.665+0000] {logging_mixin.py:188} INFO -  >> Đang lấy dữ liệu: BCA
[2025-12-31T14:43:32.894+0000] {logging_mixin.py:188} INFO -  Lỗi xử lý mã BCA: Failed to fetch data: 429 - Too Many Requests
[2025-12-31T14:43:32.896+0000] {logging_mixin.py:188} INFO -  >> Đang lấy dữ liệu: BBT
[2025-12-31T14:43:33.012+0000] {logging_mixin.py:188} INFO -  Lỗi xử lý mã BBT: Failed to fetch data: 429 - Too Many Requests
[2025-12-31T14:43:33.013+0000] {logging_mixin.py:188} INFO -  >> Đang lấy dữ liệu: BBS
[2025-12-31T14:43:33.151+0000] {logging_mixin.py:188} INFO -  Lỗi xử lý mã BBS: Failed to fetch data: 429 - Too Many Requests
[2025-12-31T14:43:33.152+0000] {logging_mixin.py:188} INFO -  >> Đang lấy dữ liệu: BBM
[2025-12-31T14:43:33.298+0000] {logging_mixin.py:188} INFO -  Lỗi xử lý mã BBM: Failed to fetch data: 429 - Too Many Requests
[2025-12-31T14:43:33.299+0000] {logging_mixin.py:188} INFO -  >> Đang lấy dữ liệu: BBH
[2025-12-31T14:43:33.645+0000] {logging_mixin.py:188} INFO -  Lỗi xử lý mã BBH: Failed to fetch data: 429 - Too Many Requests
[2025-12-31T14:43:33.647+0000] {logging_mixin.py:188} INFO -  >> Đang lấy dữ liệu: BBC
[2025-12-31T14:43:33.780+0000] {logging_mixin.py:188} INFO -  Lỗi xử lý mã BBC: Failed to fetch data: 429 - Too Many Requests
[2025-12-31T14:43:33.781+0000] {logging_mixin.py:188} INFO -  >> Đang lấy dữ liệu: BAX
[2025-12-31T14:43:33.938+0000] {logging_mixin.py:188} INFO -  Lỗi xử lý mã BAX: Failed to fetch data: 429 - Too Many Requests
[2025-12-31T14:43:33.939+0000] {logging_mixin.py:188} INFO -  >> Đang lấy dữ liệu: BAL
[2025-12-31T14:43:34.065+0000] {logging_mixin.py:188} INFO -  Lỗi xử lý mã BAL: Failed to fetch data: 429 - Too Many Requests
[2025-12-31T14:43:34.066+0000] {logging_mixin.py:188} INFO -  >> Đang lấy dữ liệu: BAF
[2025-12-31T14:43:34.166+0000] {logging_mixin.py:188} INFO -  Lỗi xử lý mã BAF: Failed to fetch data: 429 - Too Many Requests
[2025-12-31T14:43:34.168+0000] {logging_mixin.py:188} INFO -  >> Đang lấy dữ liệu: BAB
[2025-12-31T14:43:34.276+0000] {logging_mixin.py:188} INFO -  Lỗi xử lý mã BAB: Failed to fetch data: 429 - Too Many Requests
[2025-12-31T14:43:34.277+0000] {logging_mixin.py:188} INFO -  >> Đang lấy dữ liệu: B82
[2025-12-31T14:43:34.390+0000] {logging_mixin.py:188} INFO -  Lỗi xử lý mã B82: Failed to fetch data: 429 - Too Many Requests
[2025-12-31T14:43:34.391+0000] {logging_mixin.py:188} INFO -  ⚠ Batch này không thu được dữ liệu nào.
[2025-12-31T14:43:34.395+0000] {datalake_df2csv.py:40} INFO - DataFrame rỗng, bỏ qua upload CSV.
[2025-12-31T14:43:34.396+0000] {taskinstance.py:441} INFO - ::group::Post task execution logs
[2025-12-31T14:43:34.428+0000] {taskinstance.py:1206} INFO - Marking task as SUCCESS. dag_id=thongtin_cty_bctc, task_id=ingest_bctc, run_id=manual__2025-12-31T14:34:21.190447+00:00, map_index=82, execution_date=20251231T143421, start_date=20251231T144330, end_date=20251231T144334
[2025-12-31T14:43:34.482+0000] {local_task_job_runner.py:243} INFO - Task exited with return code 0
[2025-12-31T14:43:34.505+0000] {taskinstance.py:3503} INFO - 0 downstream tasks scheduled from follow-on schedule check
[2025-12-31T14:43:34.508+0000] {local_task_job_runner.py:222} INFO - ::endgroup::
