[2026-01-10T15:10:35.164+0000] {local_task_job_runner.py:120} INFO - ::group::Pre task execution logs
[2026-01-10T15:10:35.298+0000] {taskinstance.py:2076} INFO - Dependencies all met for dep_context=non-requeueable deps ti=<TaskInstance: thongtin_cty_bctc.ingest_overview scheduled__2025-12-30T00:00:00+00:00 map_index=323 [queued]>
[2026-01-10T15:10:35.589+0000] {taskinstance.py:2076} INFO - Dependencies all met for dep_context=requeueable deps ti=<TaskInstance: thongtin_cty_bctc.ingest_overview scheduled__2025-12-30T00:00:00+00:00 map_index=323 [queued]>
[2026-01-10T15:10:35.590+0000] {taskinstance.py:2306} INFO - Starting attempt 1 of 2
[2026-01-10T15:10:35.613+0000] {taskinstance.py:2330} INFO - Executing <Mapped(DfToCsvOperator): ingest_overview> on 2025-12-30 00:00:00+00:00
[2026-01-10T15:10:35.628+0000] {warnings.py:112} WARNING - This process (pid=5073) is multi-threaded, use of fork() may lead to deadlocks in the child.

[2026-01-10T15:10:35.630+0000] {standard_task_runner.py:64} INFO - Started process 5112 to run task
[2026-01-10T15:10:35.632+0000] {standard_task_runner.py:90} INFO - Running: ['***', 'tasks', 'run', 'thongtin_cty_bctc', 'ingest_overview', 'scheduled__2025-12-30T00:00:00+00:00', '--job-id', '9070', '--raw', '--subdir', 'DAGS_FOLDER/tt_cty_bctc.py', '--cfg-path', '/tmp/tmpdrj9asm5', '--map-index', '323']
[2026-01-10T15:10:35.634+0000] {standard_task_runner.py:91} INFO - Job 9070: Subtask ingest_overview
[2026-01-10T15:10:35.704+0000] {task_command.py:426} INFO - Running <TaskInstance: thongtin_cty_bctc.ingest_overview scheduled__2025-12-30T00:00:00+00:00 map_index=323 [running]> on host c44bcb92a951
[2026-01-10T15:10:35.865+0000] {taskinstance.py:2648} INFO - Exporting env vars: AIRFLOW_CTX_DAG_OWNER='***' AIRFLOW_CTX_DAG_ID='thongtin_cty_bctc' AIRFLOW_CTX_TASK_ID='ingest_overview' AIRFLOW_CTX_EXECUTION_DATE='2025-12-30T00:00:00+00:00' AIRFLOW_CTX_TRY_NUMBER='1' AIRFLOW_CTX_DAG_RUN_ID='scheduled__2025-12-30T00:00:00+00:00'
[2026-01-10T15:10:35.867+0000] {taskinstance.py:430} INFO - ::endgroup::
[2026-01-10T15:10:36.033+0000] {warnings.py:112} WARNING - DataFrame.applymap has been deprecated. Use DataFrame.map instead.

[2026-01-10T15:10:37.179+0000] {warnings.py:112} WARNING - DataFrame.applymap has been deprecated. Use DataFrame.map instead.

[2026-01-10T15:10:38.339+0000] {warnings.py:112} WARNING - DataFrame.applymap has been deprecated. Use DataFrame.map instead.

[2026-01-10T15:10:39.378+0000] {base.py:84} INFO - Using connection ID 'minio_finance' for task execution.
[2026-01-10T15:10:39.383+0000] {connection_wrapper.py:384} INFO - AWS Connection (conn_id='minio_finance', conn_type='aws') credentials retrieved from login and password.
[2026-01-10T15:10:40.060+0000] {datalake_df2csv.py:52} INFO - ✅ Đã upload 3 dòng -> s3://thongtin-congty-va-bctc/overview/2025-12-30/batch_323.csv
[2026-01-10T15:10:40.061+0000] {taskinstance.py:441} INFO - ::group::Post task execution logs
[2026-01-10T15:10:40.128+0000] {taskinstance.py:1206} INFO - Marking task as SUCCESS. dag_id=thongtin_cty_bctc, task_id=ingest_overview, run_id=scheduled__2025-12-30T00:00:00+00:00, map_index=323, execution_date=20251230T000000, start_date=20260110T151035, end_date=20260110T151040
[2026-01-10T15:10:42.872+0000] {local_task_job_runner.py:243} INFO - Task exited with return code 0
[2026-01-10T15:10:42.971+0000] {taskinstance.py:3503} INFO - 0 downstream tasks scheduled from follow-on schedule check
[2026-01-10T15:10:42.975+0000] {local_task_job_runner.py:222} INFO - ::endgroup::
