[2026-01-01T09:09:33.564+0000] {local_task_job_runner.py:120} INFO - ::group::Pre task execution logs
[2026-01-01T09:09:33.627+0000] {taskinstance.py:2076} INFO - Dependencies all met for dep_context=non-requeueable deps ti=<TaskInstance: thongtin_cty_bctc.ingest_people scheduled__2025-12-30T00:00:00+00:00 map_index=111 [queued]>
[2026-01-01T09:09:33.668+0000] {taskinstance.py:2076} INFO - Dependencies all met for dep_context=requeueable deps ti=<TaskInstance: thongtin_cty_bctc.ingest_people scheduled__2025-12-30T00:00:00+00:00 map_index=111 [queued]>
[2026-01-01T09:09:33.669+0000] {taskinstance.py:2306} INFO - Starting attempt 2 of 3
[2026-01-01T09:09:33.692+0000] {taskinstance.py:2330} INFO - Executing <Mapped(DfToCsvOperator): ingest_people> on 2025-12-30 00:00:00+00:00
[2026-01-01T09:09:33.705+0000] {warnings.py:112} WARNING - This process (pid=12687) is multi-threaded, use of fork() may lead to deadlocks in the child.

[2026-01-01T09:09:33.707+0000] {standard_task_runner.py:64} INFO - Started process 12748 to run task
[2026-01-01T09:09:33.711+0000] {standard_task_runner.py:90} INFO - Running: ['***', 'tasks', 'run', 'thongtin_cty_bctc', 'ingest_people', 'scheduled__2025-12-30T00:00:00+00:00', '--job-id', '4762', '--raw', '--subdir', 'DAGS_FOLDER/tt_cty_bctc.py', '--cfg-path', '/tmp/tmpgndoduwu', '--map-index', '111']
[2026-01-01T09:09:33.713+0000] {standard_task_runner.py:91} INFO - Job 4762: Subtask ingest_people
[2026-01-01T09:09:33.798+0000] {task_command.py:426} INFO - Running <TaskInstance: thongtin_cty_bctc.ingest_people scheduled__2025-12-30T00:00:00+00:00 map_index=111 [running]> on host b455963a0603
[2026-01-01T09:09:34.412+0000] {taskinstance.py:2648} INFO - Exporting env vars: AIRFLOW_CTX_DAG_OWNER='***' AIRFLOW_CTX_DAG_ID='thongtin_cty_bctc' AIRFLOW_CTX_TASK_ID='ingest_people' AIRFLOW_CTX_EXECUTION_DATE='2025-12-30T00:00:00+00:00' AIRFLOW_CTX_TRY_NUMBER='2' AIRFLOW_CTX_DAG_RUN_ID='scheduled__2025-12-30T00:00:00+00:00'
[2026-01-01T09:09:34.414+0000] {taskinstance.py:430} INFO - ::endgroup::
[2026-01-01T09:09:45.763+0000] {log.py:232} WARNING - 2026-01-01 09:09:45 - vnstock.core.utils.client - ERROR - API request failed: HTTPSConnectionPool(host='trading.vietcap.com.vn', port=443): Max retries exceeded with url: /data-mt/graphql (Caused by NameResolutionError("<urllib3.connection.HTTPSConnection object at 0x7f2684046f90>: Failed to resolve 'trading.vietcap.com.vn' ([Errno -3] Temporary failure in name resolution)"))
[2026-01-01T09:09:45.762+0000] {client.py:414} ERROR - API request failed: HTTPSConnectionPool(host='trading.vietcap.com.vn', port=443): Max retries exceeded with url: /data-mt/graphql (Caused by NameResolutionError("<urllib3.connection.HTTPSConnection object at 0x7f2684046f90>: Failed to resolve 'trading.vietcap.com.vn' ([Errno -3] Temporary failure in name resolution)"))
[2026-01-01T09:09:56.588+0000] {log.py:232} WARNING - 2026-01-01 09:09:56 - vnstock.core.utils.client - ERROR - API request failed: HTTPSConnectionPool(host='trading.vietcap.com.vn', port=443): Max retries exceeded with url: /data-mt/graphql (Caused by NameResolutionError("<urllib3.connection.HTTPSConnection object at 0x7f26842236e0>: Failed to resolve 'trading.vietcap.com.vn' ([Errno -3] Temporary failure in name resolution)"))
[2026-01-01T09:09:56.583+0000] {client.py:414} ERROR - API request failed: HTTPSConnectionPool(host='trading.vietcap.com.vn', port=443): Max retries exceeded with url: /data-mt/graphql (Caused by NameResolutionError("<urllib3.connection.HTTPSConnection object at 0x7f26842236e0>: Failed to resolve 'trading.vietcap.com.vn' ([Errno -3] Temporary failure in name resolution)"))
[2026-01-01T09:09:59.117+0000] {base.py:84} INFO - Using connection ID 'minio_finance' for task execution.
[2026-01-01T09:09:59.121+0000] {connection_wrapper.py:384} INFO - AWS Connection (conn_id='minio_finance', conn_type='aws') credentials retrieved from login and password.
[2026-01-01T09:10:00.242+0000] {datalake_df2csv.py:53} INFO - ✅ Đã upload 26 dòng -> s3://thongtin-congty-va-bctc/people/2025-12-30/batch_111.csv
[2026-01-01T09:10:00.244+0000] {taskinstance.py:441} INFO - ::group::Post task execution logs
[2026-01-01T09:10:00.258+0000] {taskinstance.py:1206} INFO - Marking task as SUCCESS. dag_id=thongtin_cty_bctc, task_id=ingest_people, run_id=scheduled__2025-12-30T00:00:00+00:00, map_index=111, execution_date=20251230T000000, start_date=20260101T090933, end_date=20260101T091000
[2026-01-01T09:10:00.331+0000] {local_task_job_runner.py:243} INFO - Task exited with return code 0
[2026-01-01T09:10:00.343+0000] {local_task_job_runner.py:222} INFO - ::endgroup::
