[2026-01-10T08:30:31.019+0000] {local_task_job_runner.py:120} INFO - ::group::Pre task execution logs
[2026-01-10T08:30:31.262+0000] {taskinstance.py:2076} INFO - Dependencies all met for dep_context=non-requeueable deps ti=<TaskInstance: daily_price_collection.persist_daily_price_batch manual__2026-01-08T15:52:04+00:00 map_index=290 [queued]>
[2026-01-10T08:30:31.305+0000] {taskinstance.py:2076} INFO - Dependencies all met for dep_context=requeueable deps ti=<TaskInstance: daily_price_collection.persist_daily_price_batch manual__2026-01-08T15:52:04+00:00 map_index=290 [queued]>
[2026-01-10T08:30:31.306+0000] {taskinstance.py:2306} INFO - Starting attempt 2 of 2
[2026-01-10T08:30:31.327+0000] {taskinstance.py:2330} INFO - Executing <Mapped(_PythonDecoratedOperator): persist_daily_price_batch> on 2026-01-08 15:52:04+00:00
[2026-01-10T08:30:31.345+0000] {warnings.py:112} WARNING - This process (pid=4659) is multi-threaded, use of fork() may lead to deadlocks in the child.

[2026-01-10T08:30:31.346+0000] {standard_task_runner.py:64} INFO - Started process 4752 to run task
[2026-01-10T08:30:31.351+0000] {standard_task_runner.py:90} INFO - Running: ['***', 'tasks', 'run', 'daily_price_collection', 'persist_daily_price_batch', 'manual__2026-01-08T15:52:04+00:00', '--job-id', '8346', '--raw', '--subdir', 'DAGS_FOLDER/daily_price_collection.py', '--cfg-path', '/tmp/tmpyyldxv63', '--map-index', '290']
[2026-01-10T08:30:31.354+0000] {standard_task_runner.py:91} INFO - Job 8346: Subtask persist_daily_price_batch
[2026-01-10T08:30:31.417+0000] {task_command.py:426} INFO - Running <TaskInstance: daily_price_collection.persist_daily_price_batch manual__2026-01-08T15:52:04+00:00 map_index=290 [running]> on host dcd8e920d7f4
[2026-01-10T08:30:31.518+0000] {taskinstance.py:2905} ERROR - Task failed with exception
Traceback (most recent call last):
  File "/home/airflow/.local/lib/python3.12/site-packages/airflow/models/taskinstance.py", line 2479, in _run_raw_task
    self._execute_task_with_callbacks(context, test_mode, session=session)
  File "/home/airflow/.local/lib/python3.12/site-packages/airflow/models/taskinstance.py", line 2633, in _execute_task_with_callbacks
    task_orig = self.render_templates(context=context, jinja_env=jinja_env)
                ^^^^^^^^^^^^^^^^^^^^^^^^^^^^^^^^^^^^^^^^^^^^^^^^^^^^^^^^^^^
  File "/home/airflow/.local/lib/python3.12/site-packages/airflow/models/taskinstance.py", line 3094, in render_templates
    original_task.render_template_fields(context, jinja_env)
  File "/home/airflow/.local/lib/python3.12/site-packages/airflow/models/mappedoperator.py", line 830, in render_template_fields
    unmapped_task = self.unmap(mapped_kwargs)
                    ^^^^^^^^^^^^^^^^^^^^^^^^^
  File "/home/airflow/.local/lib/python3.12/site-packages/airflow/models/mappedoperator.py", line 747, in unmap
    op = self.operator_class(**kwargs, _airflow_from_mapped=True)
         ^^^^^^^^^^^^^^^^^^^^^^^^^^^^^^^^^^^^^^^^^^^^^^^^^^^^^^^^
  File "/home/airflow/.local/lib/python3.12/site-packages/airflow/models/baseoperator.py", line 485, in apply_defaults
    result = func(self, **kwargs, default_args=default_args)
             ^^^^^^^^^^^^^^^^^^^^^^^^^^^^^^^^^^^^^^^^^^^^^^^
  File "/home/airflow/.local/lib/python3.12/site-packages/airflow/decorators/python.py", line 52, in __init__
    super().__init__(
  File "/home/airflow/.local/lib/python3.12/site-packages/airflow/models/baseoperator.py", line 485, in apply_defaults
    result = func(self, **kwargs, default_args=default_args)
             ^^^^^^^^^^^^^^^^^^^^^^^^^^^^^^^^^^^^^^^^^^^^^^^
  File "/home/airflow/.local/lib/python3.12/site-packages/airflow/decorators/base.py", line 253, in __init__
    signature.bind(*op_args, **op_kwargs)
  File "/usr/local/lib/python3.12/inspect.py", line 3267, in bind
    return self._bind(args, kwargs)
           ^^^^^^^^^^^^^^^^^^^^^^^^
  File "/usr/local/lib/python3.12/inspect.py", line 3180, in _bind
    raise TypeError(msg) from None
TypeError: missing a required argument: 'symbols'
[2026-01-10T08:30:31.536+0000] {taskinstance.py:2953} ERROR - Unable to unmap task to determine if we need to send an alert email
[2026-01-10T08:30:31.537+0000] {taskinstance.py:1206} INFO - Marking task as FAILED. dag_id=daily_price_collection, task_id=persist_daily_price_batch, run_id=manual__2026-01-08T15:52:04+00:00, map_index=290, execution_date=20260108T155204, start_date=20260110T083031, end_date=20260110T083031
[2026-01-10T08:30:31.556+0000] {standard_task_runner.py:110} ERROR - Failed to execute job 8346 for task persist_daily_price_batch (missing a required argument: 'symbols'; 4752)
[2026-01-10T08:30:31.602+0000] {local_task_job_runner.py:243} INFO - Task exited with return code 1
[2026-01-10T08:30:31.615+0000] {local_task_job_runner.py:222} INFO - ::endgroup::
