[2026-01-12T15:18:28.355+0000] {local_task_job_runner.py:120} INFO - ::group::Pre task execution logs
[2026-01-12T15:18:28.398+0000] {taskinstance.py:2076} INFO - Dependencies all met for dep_context=non-requeueable deps ti=<TaskInstance: financial_ratios_etl.ingest_financial_ratios manual__2026-01-12T15:14:43+00:00 map_index=214 [queued]>
[2026-01-12T15:18:28.425+0000] {taskinstance.py:2076} INFO - Dependencies all met for dep_context=requeueable deps ti=<TaskInstance: financial_ratios_etl.ingest_financial_ratios manual__2026-01-12T15:14:43+00:00 map_index=214 [queued]>
[2026-01-12T15:18:28.426+0000] {taskinstance.py:2306} INFO - Starting attempt 1 of 2
[2026-01-12T15:18:28.441+0000] {taskinstance.py:2330} INFO - Executing <Mapped(DfToCsvOperator): ingest_financial_ratios> on 2026-01-12 15:14:43+00:00
[2026-01-12T15:18:28.454+0000] {warnings.py:112} WARNING - This process (pid=2846) is multi-threaded, use of fork() may lead to deadlocks in the child.

[2026-01-12T15:18:28.456+0000] {standard_task_runner.py:64} INFO - Started process 2914 to run task
[2026-01-12T15:18:28.460+0000] {standard_task_runner.py:90} INFO - Running: ['***', 'tasks', 'run', 'financial_ratios_etl', 'ingest_financial_ratios', 'manual__2026-01-12T15:14:43+00:00', '--job-id', '13917', '--raw', '--subdir', 'DAGS_FOLDER/financial_ratios_etl.py', '--cfg-path', '/tmp/tmphu5yen_5', '--map-index', '214']
[2026-01-12T15:18:28.466+0000] {standard_task_runner.py:91} INFO - Job 13917: Subtask ingest_financial_ratios
[2026-01-12T15:18:28.559+0000] {task_command.py:426} INFO - Running <TaskInstance: financial_ratios_etl.ingest_financial_ratios manual__2026-01-12T15:14:43+00:00 map_index=214 [running]> on host 5a20a797a43c
[2026-01-12T15:18:28.742+0000] {taskinstance.py:2648} INFO - Exporting env vars: AIRFLOW_CTX_DAG_OWNER='***' AIRFLOW_CTX_DAG_ID='financial_ratios_etl' AIRFLOW_CTX_TASK_ID='ingest_financial_ratios' AIRFLOW_CTX_EXECUTION_DATE='2026-01-12T15:14:43+00:00' AIRFLOW_CTX_TRY_NUMBER='1' AIRFLOW_CTX_DAG_RUN_ID='manual__2026-01-12T15:14:43+00:00'
[2026-01-12T15:18:28.744+0000] {taskinstance.py:430} INFO - ::endgroup::
[2026-01-12T15:18:28.752+0000] {logging_mixin.py:188} INFO - [RATIO] Bắt đầu xử lý batch 2 mã: ['SPV', 'SPP']
[2026-01-12T15:18:28.753+0000] {logging_mixin.py:188} INFO - [RATIO] Kỳ dữ liệu: quarter
[2026-01-12T15:18:28.755+0000] {logging_mixin.py:188} INFO -  >> [RATIO] Đang lấy dữ liệu: SPV
[2026-01-12T15:18:33.688+0000] {logging_mixin.py:188} INFO - ❌ Lỗi SPV: RetryError[<Future at 0x7f68d5eee0c0 state=finished raised KeyError>]
[2026-01-12T15:18:33.691+0000] {logging_mixin.py:188} INFO -  ⚠️ [RATIO] SPV: No data from API
[2026-01-12T15:18:35.712+0000] {logging_mixin.py:188} INFO -  >> [RATIO] Đang lấy dữ liệu: SPP
[2026-01-12T15:18:36.700+0000] {logging_mixin.py:188} INFO -  ✓ [RATIO] SPP: 29 rows
[2026-01-12T15:18:38.702+0000] {logging_mixin.py:188} INFO -  ✅ [RATIO] Hoàn thành batch. Tổng số dòng: 29
[2026-01-12T15:18:38.742+0000] {base.py:84} INFO - Using connection ID 'minio_finance' for task execution.
[2026-01-12T15:18:38.764+0000] {connection_wrapper.py:384} INFO - AWS Connection (conn_id='minio_finance', conn_type='aws') credentials retrieved from login and password.
[2026-01-12T15:18:39.674+0000] {datalake_df2csv.py:52} INFO - ✅ Đã upload 29 dòng -> s3://thongtin-congty-va-bctc/financial_ratios/2026-01-12/batch_214.csv
[2026-01-12T15:18:39.675+0000] {taskinstance.py:441} INFO - ::group::Post task execution logs
[2026-01-12T15:18:39.698+0000] {taskinstance.py:1206} INFO - Marking task as SUCCESS. dag_id=financial_ratios_etl, task_id=ingest_financial_ratios, run_id=manual__2026-01-12T15:14:43+00:00, map_index=214, execution_date=20260112T151443, start_date=20260112T151828, end_date=20260112T151839
[2026-01-12T15:18:39.763+0000] {local_task_job_runner.py:243} INFO - Task exited with return code 0
[2026-01-12T15:18:39.796+0000] {taskinstance.py:3503} INFO - 0 downstream tasks scheduled from follow-on schedule check
[2026-01-12T15:18:39.800+0000] {local_task_job_runner.py:222} INFO - ::endgroup::
