[2025-12-31T14:35:34.853+0000] {local_task_job_runner.py:120} INFO - ::group::Pre task execution logs
[2025-12-31T14:35:34.890+0000] {taskinstance.py:2076} INFO - Dependencies all met for dep_context=non-requeueable deps ti=<TaskInstance: thongtin_cty_bctc.ingest_overview scheduled__2025-12-30T00:00:00+00:00 map_index=16 [queued]>
[2025-12-31T14:35:34.905+0000] {taskinstance.py:2076} INFO - Dependencies all met for dep_context=requeueable deps ti=<TaskInstance: thongtin_cty_bctc.ingest_overview scheduled__2025-12-30T00:00:00+00:00 map_index=16 [queued]>
[2025-12-31T14:35:34.906+0000] {taskinstance.py:2306} INFO - Starting attempt 1 of 2
[2025-12-31T14:35:34.927+0000] {taskinstance.py:2330} INFO - Executing <Mapped(DfToCsvOperator): ingest_overview> on 2025-12-30 00:00:00+00:00
[2025-12-31T14:35:34.940+0000] {warnings.py:112} WARNING - This process (pid=1151) is multi-threaded, use of fork() may lead to deadlocks in the child.

[2025-12-31T14:35:34.942+0000] {standard_task_runner.py:64} INFO - Started process 1244 to run task
[2025-12-31T14:35:34.944+0000] {standard_task_runner.py:90} INFO - Running: ['***', 'tasks', 'run', 'thongtin_cty_bctc', 'ingest_overview', 'scheduled__2025-12-30T00:00:00+00:00', '--job-id', '60', '--raw', '--subdir', 'DAGS_FOLDER/tt_cty_bctc.py', '--cfg-path', '/tmp/tmph0199yox', '--map-index', '16']
[2025-12-31T14:35:34.946+0000] {standard_task_runner.py:91} INFO - Job 60: Subtask ingest_overview
[2025-12-31T14:35:35.018+0000] {task_command.py:426} INFO - Running <TaskInstance: thongtin_cty_bctc.ingest_overview scheduled__2025-12-30T00:00:00+00:00 map_index=16 [running]> on host 8bc7f11ea9a4
[2025-12-31T14:35:35.188+0000] {taskinstance.py:2648} INFO - Exporting env vars: AIRFLOW_CTX_DAG_OWNER='***' AIRFLOW_CTX_DAG_ID='thongtin_cty_bctc' AIRFLOW_CTX_TASK_ID='ingest_overview' AIRFLOW_CTX_EXECUTION_DATE='2025-12-30T00:00:00+00:00' AIRFLOW_CTX_TRY_NUMBER='1' AIRFLOW_CTX_DAG_RUN_ID='scheduled__2025-12-30T00:00:00+00:00'
[2025-12-31T14:35:35.190+0000] {taskinstance.py:430} INFO - ::endgroup::
[2025-12-31T14:35:35.378+0000] {logging_mixin.py:188} INFO - Err overview TID: Failed to fetch data: 429 - Too Many Requests
[2025-12-31T14:35:35.536+0000] {logging_mixin.py:188} INFO - Err overview THW: Failed to fetch data: 429 - Too Many Requests
[2025-12-31T14:35:35.711+0000] {logging_mixin.py:188} INFO - Err overview THU: Failed to fetch data: 429 - Too Many Requests
[2025-12-31T14:35:35.865+0000] {logging_mixin.py:188} INFO - Err overview THT: Failed to fetch data: 429 - Too Many Requests
[2025-12-31T14:35:36.008+0000] {logging_mixin.py:188} INFO - Err overview THS: Failed to fetch data: 429 - Too Many Requests
[2025-12-31T14:35:36.165+0000] {logging_mixin.py:188} INFO - Err overview THP: Failed to fetch data: 429 - Too Many Requests
[2025-12-31T14:35:36.528+0000] {logging_mixin.py:188} INFO - Err overview THN: Failed to fetch data: 429 - Too Many Requests
[2025-12-31T14:35:36.791+0000] {logging_mixin.py:188} INFO - Err overview THM: Failed to fetch data: 429 - Too Many Requests
[2025-12-31T14:35:37.118+0000] {logging_mixin.py:188} INFO - Err overview THI: Failed to fetch data: 429 - Too Many Requests
[2025-12-31T14:35:37.482+0000] {logging_mixin.py:188} INFO - Err overview THG: Failed to fetch data: 429 - Too Many Requests
[2025-12-31T14:35:37.852+0000] {logging_mixin.py:188} INFO - Err overview THD: Failed to fetch data: 429 - Too Many Requests
[2025-12-31T14:35:38.233+0000] {logging_mixin.py:188} INFO - Err overview THB: Failed to fetch data: 429 - Too Many Requests
[2025-12-31T14:35:38.482+0000] {logging_mixin.py:188} INFO - Err overview TH1: Failed to fetch data: 429 - Too Many Requests
[2025-12-31T14:35:38.636+0000] {logging_mixin.py:188} INFO - Err overview TGP: Failed to fetch data: 429 - Too Many Requests
[2025-12-31T14:35:38.795+0000] {logging_mixin.py:188} INFO - Err overview TGG: Failed to fetch data: 429 - Too Many Requests
[2025-12-31T14:35:39.006+0000] {logging_mixin.py:188} INFO - Err overview TFC: Failed to fetch data: 429 - Too Many Requests
[2025-12-31T14:35:39.194+0000] {logging_mixin.py:188} INFO - Err overview TET: Failed to fetch data: 429 - Too Many Requests
[2025-12-31T14:35:39.339+0000] {logging_mixin.py:188} INFO - Err overview TEL: Failed to fetch data: 429 - Too Many Requests
[2025-12-31T14:35:39.552+0000] {logging_mixin.py:188} INFO - Err overview TEG: Failed to fetch data: 429 - Too Many Requests
[2025-12-31T14:35:39.732+0000] {logging_mixin.py:188} INFO - Err overview TED: Failed to fetch data: 429 - Too Many Requests
[2025-12-31T14:35:39.737+0000] {datalake_df2csv.py:40} INFO - DataFrame rỗng, bỏ qua upload CSV.
[2025-12-31T14:35:39.738+0000] {taskinstance.py:441} INFO - ::group::Post task execution logs
[2025-12-31T14:35:39.758+0000] {taskinstance.py:1206} INFO - Marking task as SUCCESS. dag_id=thongtin_cty_bctc, task_id=ingest_overview, run_id=scheduled__2025-12-30T00:00:00+00:00, map_index=16, execution_date=20251230T000000, start_date=20251231T143534, end_date=20251231T143539
[2025-12-31T14:35:39.828+0000] {local_task_job_runner.py:243} INFO - Task exited with return code 0
[2025-12-31T14:35:39.843+0000] {taskinstance.py:3503} INFO - 0 downstream tasks scheduled from follow-on schedule check
[2025-12-31T14:35:39.847+0000] {local_task_job_runner.py:222} INFO - ::endgroup::
