[2026-01-12T13:30:37.261+0000] {local_task_job_runner.py:120} INFO - ::group::Pre task execution logs
[2026-01-12T13:30:37.297+0000] {taskinstance.py:2076} INFO - Dependencies all met for dep_context=non-requeueable deps ti=<TaskInstance: company_overview_to_minio.ingest_overview manual__2026-01-12T13:28:56.907705+00:00 map_index=21 [queued]>
[2026-01-12T13:30:37.314+0000] {taskinstance.py:2076} INFO - Dependencies all met for dep_context=requeueable deps ti=<TaskInstance: company_overview_to_minio.ingest_overview manual__2026-01-12T13:28:56.907705+00:00 map_index=21 [queued]>
[2026-01-12T13:30:37.315+0000] {taskinstance.py:2306} INFO - Starting attempt 1 of 2
[2026-01-12T13:30:37.343+0000] {taskinstance.py:2330} INFO - Executing <Mapped(DfToCsvOperator): ingest_overview> on 2026-01-12 13:28:56.907705+00:00
[2026-01-12T13:30:37.362+0000] {warnings.py:112} WARNING - This process (pid=752) is multi-threaded, use of fork() may lead to deadlocks in the child.

[2026-01-12T13:30:37.365+0000] {standard_task_runner.py:64} INFO - Started process 796 to run task
[2026-01-12T13:30:37.367+0000] {standard_task_runner.py:90} INFO - Running: ['***', 'tasks', 'run', 'company_overview_to_minio', 'ingest_overview', 'manual__2026-01-12T13:28:56.907705+00:00', '--job-id', '10771', '--raw', '--subdir', 'DAGS_FOLDER/company_overview_to_minio.py', '--cfg-path', '/tmp/tmpeeedurto', '--map-index', '21']
[2026-01-12T13:30:37.372+0000] {standard_task_runner.py:91} INFO - Job 10771: Subtask ingest_overview
[2026-01-12T13:30:37.434+0000] {task_command.py:426} INFO - Running <TaskInstance: company_overview_to_minio.ingest_overview manual__2026-01-12T13:28:56.907705+00:00 map_index=21 [running]> on host 5a20a797a43c
[2026-01-12T13:30:37.549+0000] {taskinstance.py:2648} INFO - Exporting env vars: AIRFLOW_CTX_DAG_OWNER='***' AIRFLOW_CTX_DAG_ID='company_overview_to_minio' AIRFLOW_CTX_TASK_ID='ingest_overview' AIRFLOW_CTX_EXECUTION_DATE='2026-01-12T13:28:56.907705+00:00' AIRFLOW_CTX_TRY_NUMBER='1' AIRFLOW_CTX_DAG_RUN_ID='manual__2026-01-12T13:28:56.907705+00:00'
[2026-01-12T13:30:37.550+0000] {taskinstance.py:430} INFO - ::endgroup::
[2026-01-12T13:30:38.957+0000] {warnings.py:112} WARNING - DataFrame.applymap has been deprecated. Use DataFrame.map instead.

[2026-01-12T13:30:40.135+0000] {warnings.py:112} WARNING - DataFrame.applymap has been deprecated. Use DataFrame.map instead.

[2026-01-12T13:30:41.533+0000] {warnings.py:112} WARNING - DataFrame.applymap has been deprecated. Use DataFrame.map instead.

[2026-01-12T13:30:42.861+0000] {warnings.py:112} WARNING - DataFrame.applymap has been deprecated. Use DataFrame.map instead.

[2026-01-12T13:30:44.568+0000] {warnings.py:112} WARNING - DataFrame.applymap has been deprecated. Use DataFrame.map instead.

[2026-01-12T13:30:45.857+0000] {warnings.py:112} WARNING - DataFrame.applymap has been deprecated. Use DataFrame.map instead.

[2026-01-12T13:30:47.118+0000] {warnings.py:112} WARNING - DataFrame.applymap has been deprecated. Use DataFrame.map instead.

[2026-01-12T13:30:48.457+0000] {warnings.py:112} WARNING - DataFrame.applymap has been deprecated. Use DataFrame.map instead.

[2026-01-12T13:30:50.020+0000] {warnings.py:112} WARNING - DataFrame.applymap has been deprecated. Use DataFrame.map instead.

[2026-01-12T13:30:55.306+0000] {logging_mixin.py:188} INFO - Err overview SPP: RetryError[<Future at 0x7fef37f342c0 state=finished raised AttributeError>]
[2026-01-12T13:30:56.532+0000] {warnings.py:112} WARNING - DataFrame.applymap has been deprecated. Use DataFrame.map instead.

[2026-01-12T13:30:57.709+0000] {warnings.py:112} WARNING - DataFrame.applymap has been deprecated. Use DataFrame.map instead.

[2026-01-12T13:30:59.092+0000] {warnings.py:112} WARNING - DataFrame.applymap has been deprecated. Use DataFrame.map instead.

[2026-01-12T13:31:00.321+0000] {warnings.py:112} WARNING - DataFrame.applymap has been deprecated. Use DataFrame.map instead.

[2026-01-12T13:31:01.546+0000] {warnings.py:112} WARNING - DataFrame.applymap has been deprecated. Use DataFrame.map instead.

[2026-01-12T13:31:02.786+0000] {warnings.py:112} WARNING - DataFrame.applymap has been deprecated. Use DataFrame.map instead.

[2026-01-12T13:31:03.950+0000] {warnings.py:112} WARNING - DataFrame.applymap has been deprecated. Use DataFrame.map instead.

[2026-01-12T13:31:05.142+0000] {warnings.py:112} WARNING - DataFrame.applymap has been deprecated. Use DataFrame.map instead.

[2026-01-12T13:31:10.347+0000] {logging_mixin.py:188} INFO - Err overview SON: RetryError[<Future at 0x7fef37f2a450 state=finished raised AttributeError>]
[2026-01-12T13:31:11.528+0000] {warnings.py:112} WARNING - DataFrame.applymap has been deprecated. Use DataFrame.map instead.

[2026-01-12T13:31:12.562+0000] {base.py:84} INFO - Using connection ID 'minio_finance' for task execution.
[2026-01-12T13:31:12.563+0000] {connection_wrapper.py:384} INFO - AWS Connection (conn_id='minio_finance', conn_type='aws') credentials retrieved from login and password.
[2026-01-12T13:31:13.210+0000] {datalake_df2csv.py:52} INFO - ✅ Đã upload 18 dòng -> s3://thongtin-congty-va-bctc/overview/date=2026-01-12/batch_21.csv
[2026-01-12T13:31:13.211+0000] {taskinstance.py:441} INFO - ::group::Post task execution logs
[2026-01-12T13:31:13.221+0000] {taskinstance.py:1206} INFO - Marking task as SUCCESS. dag_id=company_overview_to_minio, task_id=ingest_overview, run_id=manual__2026-01-12T13:28:56.907705+00:00, map_index=21, execution_date=20260112T132856, start_date=20260112T133037, end_date=20260112T133113
[2026-01-12T13:31:13.254+0000] {local_task_job_runner.py:243} INFO - Task exited with return code 0
[2026-01-12T13:31:13.264+0000] {local_task_job_runner.py:222} INFO - ::endgroup::
