[2026-01-10T15:08:09.315+0000] {local_task_job_runner.py:120} INFO - ::group::Pre task execution logs
[2026-01-10T15:08:09.475+0000] {taskinstance.py:2076} INFO - Dependencies all met for dep_context=non-requeueable deps ti=<TaskInstance: thongtin_cty_bctc.ingest_overview scheduled__2025-12-30T00:00:00+00:00 map_index=280 [queued]>
[2026-01-10T15:08:09.764+0000] {taskinstance.py:2076} INFO - Dependencies all met for dep_context=requeueable deps ti=<TaskInstance: thongtin_cty_bctc.ingest_overview scheduled__2025-12-30T00:00:00+00:00 map_index=280 [queued]>
[2026-01-10T15:08:09.765+0000] {taskinstance.py:2306} INFO - Starting attempt 1 of 2
[2026-01-10T15:08:09.796+0000] {taskinstance.py:2330} INFO - Executing <Mapped(DfToCsvOperator): ingest_overview> on 2025-12-30 00:00:00+00:00
[2026-01-10T15:08:09.813+0000] {warnings.py:112} WARNING - This process (pid=3295) is multi-threaded, use of fork() may lead to deadlocks in the child.

[2026-01-10T15:08:09.816+0000] {standard_task_runner.py:64} INFO - Started process 3368 to run task
[2026-01-10T15:08:09.819+0000] {standard_task_runner.py:90} INFO - Running: ['***', 'tasks', 'run', 'thongtin_cty_bctc', 'ingest_overview', 'scheduled__2025-12-30T00:00:00+00:00', '--job-id', '8936', '--raw', '--subdir', 'DAGS_FOLDER/tt_cty_bctc.py', '--cfg-path', '/tmp/tmpion99jsy', '--map-index', '280']
[2026-01-10T15:08:09.823+0000] {standard_task_runner.py:91} INFO - Job 8936: Subtask ingest_overview
[2026-01-10T15:08:09.917+0000] {task_command.py:426} INFO - Running <TaskInstance: thongtin_cty_bctc.ingest_overview scheduled__2025-12-30T00:00:00+00:00 map_index=280 [running]> on host c44bcb92a951
[2026-01-10T15:08:10.090+0000] {taskinstance.py:2648} INFO - Exporting env vars: AIRFLOW_CTX_DAG_OWNER='***' AIRFLOW_CTX_DAG_ID='thongtin_cty_bctc' AIRFLOW_CTX_TASK_ID='ingest_overview' AIRFLOW_CTX_EXECUTION_DATE='2025-12-30T00:00:00+00:00' AIRFLOW_CTX_TRY_NUMBER='1' AIRFLOW_CTX_DAG_RUN_ID='scheduled__2025-12-30T00:00:00+00:00'
[2026-01-10T15:08:10.097+0000] {taskinstance.py:430} INFO - ::endgroup::
[2026-01-10T15:08:10.319+0000] {warnings.py:112} WARNING - DataFrame.applymap has been deprecated. Use DataFrame.map instead.

[2026-01-10T15:08:11.475+0000] {warnings.py:112} WARNING - DataFrame.applymap has been deprecated. Use DataFrame.map instead.

[2026-01-10T15:08:12.604+0000] {warnings.py:112} WARNING - DataFrame.applymap has been deprecated. Use DataFrame.map instead.

[2026-01-10T15:08:13.628+0000] {base.py:84} INFO - Using connection ID 'minio_finance' for task execution.
[2026-01-10T15:08:13.629+0000] {connection_wrapper.py:384} INFO - AWS Connection (conn_id='minio_finance', conn_type='aws') credentials retrieved from login and password.
[2026-01-10T15:08:14.282+0000] {datalake_df2csv.py:52} INFO - ✅ Đã upload 3 dòng -> s3://thongtin-congty-va-bctc/overview/2025-12-30/batch_280.csv
[2026-01-10T15:08:14.283+0000] {taskinstance.py:441} INFO - ::group::Post task execution logs
[2026-01-10T15:08:14.297+0000] {taskinstance.py:1206} INFO - Marking task as SUCCESS. dag_id=thongtin_cty_bctc, task_id=ingest_overview, run_id=scheduled__2025-12-30T00:00:00+00:00, map_index=280, execution_date=20251230T000000, start_date=20260110T150809, end_date=20260110T150814
[2026-01-10T15:08:15.511+0000] {local_task_job_runner.py:243} INFO - Task exited with return code 0
[2026-01-10T15:08:15.526+0000] {local_task_job_runner.py:222} INFO - ::endgroup::
