[2026-01-08T15:45:42.717+0000] {local_task_job_runner.py:120} INFO - ::group::Pre task execution logs
[2026-01-08T15:45:42.774+0000] {taskinstance.py:2076} INFO - Dependencies all met for dep_context=non-requeueable deps ti=<TaskInstance: history_price.ingest_history_price scheduled__2026-01-07T00:00:00+00:00 map_index=84 [queued]>
[2026-01-08T15:45:43.054+0000] {taskinstance.py:2076} INFO - Dependencies all met for dep_context=requeueable deps ti=<TaskInstance: history_price.ingest_history_price scheduled__2026-01-07T00:00:00+00:00 map_index=84 [queued]>
[2026-01-08T15:45:43.056+0000] {taskinstance.py:2306} INFO - Starting attempt 1 of 2
[2026-01-08T15:45:43.083+0000] {taskinstance.py:2330} INFO - Executing <Mapped(DfToCsvOperator): ingest_history_price> on 2026-01-07 00:00:00+00:00
[2026-01-08T15:45:43.098+0000] {warnings.py:112} WARNING - This process (pid=3635) is multi-threaded, use of fork() may lead to deadlocks in the child.

[2026-01-08T15:45:43.101+0000] {standard_task_runner.py:64} INFO - Started process 3728 to run task
[2026-01-08T15:45:43.106+0000] {standard_task_runner.py:90} INFO - Running: ['***', 'tasks', 'run', 'history_price', 'ingest_history_price', 'scheduled__2026-01-07T00:00:00+00:00', '--job-id', '7318', '--raw', '--subdir', 'DAGS_FOLDER/history_price.py', '--cfg-path', '/tmp/tmp6utt8kbm', '--map-index', '84']
[2026-01-08T15:45:43.108+0000] {standard_task_runner.py:91} INFO - Job 7318: Subtask ingest_history_price
[2026-01-08T15:45:43.213+0000] {task_command.py:426} INFO - Running <TaskInstance: history_price.ingest_history_price scheduled__2026-01-07T00:00:00+00:00 map_index=84 [running]> on host 7568acf023da
[2026-01-08T15:45:43.537+0000] {taskinstance.py:2648} INFO - Exporting env vars: AIRFLOW_CTX_DAG_OWNER='***' AIRFLOW_CTX_DAG_ID='history_price' AIRFLOW_CTX_TASK_ID='ingest_history_price' AIRFLOW_CTX_EXECUTION_DATE='2026-01-07T00:00:00+00:00' AIRFLOW_CTX_TRY_NUMBER='1' AIRFLOW_CTX_DAG_RUN_ID='scheduled__2026-01-07T00:00:00+00:00'
[2026-01-08T15:45:43.539+0000] {taskinstance.py:430} INFO - ::endgroup::
[2026-01-08T15:45:47.286+0000] {base.py:84} INFO - Using connection ID 'minio_finance' for task execution.
[2026-01-08T15:45:47.288+0000] {connection_wrapper.py:384} INFO - AWS Connection (conn_id='minio_finance', conn_type='aws') credentials retrieved from login and password.
[2026-01-08T15:45:48.050+0000] {datalake_df2csv.py:52} INFO - ✅ Đã upload 40 dòng -> s3://thongtin-congty-va-bctc/history_price/2026-01-07/batch_84.csv
[2026-01-08T15:45:48.052+0000] {taskinstance.py:441} INFO - ::group::Post task execution logs
[2026-01-08T15:45:48.071+0000] {taskinstance.py:1206} INFO - Marking task as SUCCESS. dag_id=history_price, task_id=ingest_history_price, run_id=scheduled__2026-01-07T00:00:00+00:00, map_index=84, execution_date=20260107T000000, start_date=20260108T154542, end_date=20260108T154548
[2026-01-08T15:45:48.164+0000] {local_task_job_runner.py:243} INFO - Task exited with return code 0
[2026-01-08T15:45:48.191+0000] {taskinstance.py:3503} INFO - 0 downstream tasks scheduled from follow-on schedule check
[2026-01-08T15:45:48.196+0000] {local_task_job_runner.py:222} INFO - ::endgroup::
