[2026-01-01T02:11:27.336+0000] {local_task_job_runner.py:120} INFO - ::group::Pre task execution logs
[2026-01-01T02:11:27.451+0000] {taskinstance.py:2076} INFO - Dependencies all met for dep_context=non-requeueable deps ti=<TaskInstance: thongtin_cty_bctc.ingest_bctc scheduled__2025-12-31T00:00:00+00:00 map_index=63 [queued]>
[2026-01-01T02:11:27.515+0000] {taskinstance.py:2076} INFO - Dependencies all met for dep_context=requeueable deps ti=<TaskInstance: thongtin_cty_bctc.ingest_bctc scheduled__2025-12-31T00:00:00+00:00 map_index=63 [queued]>
[2026-01-01T02:11:27.522+0000] {taskinstance.py:2306} INFO - Starting attempt 1 of 2
[2026-01-01T02:11:27.600+0000] {taskinstance.py:2330} INFO - Executing <Mapped(DfToCsvOperator): ingest_bctc> on 2025-12-31 00:00:00+00:00
[2026-01-01T02:11:27.642+0000] {warnings.py:112} WARNING - This process (pid=2179) is multi-threaded, use of fork() may lead to deadlocks in the child.

[2026-01-01T02:11:27.644+0000] {standard_task_runner.py:90} INFO - Running: ['***', 'tasks', 'run', 'thongtin_cty_bctc', 'ingest_bctc', 'scheduled__2025-12-31T00:00:00+00:00', '--job-id', '758', '--raw', '--subdir', 'DAGS_FOLDER/tt_cty_bctc.py', '--cfg-path', '/tmp/tmpskqio626', '--map-index', '63']
[2026-01-01T02:11:27.663+0000] {standard_task_runner.py:91} INFO - Job 758: Subtask ingest_bctc
[2026-01-01T02:11:27.661+0000] {standard_task_runner.py:64} INFO - Started process 2301 to run task
[2026-01-01T02:11:27.801+0000] {task_command.py:426} INFO - Running <TaskInstance: thongtin_cty_bctc.ingest_bctc scheduled__2025-12-31T00:00:00+00:00 map_index=63 [running]> on host 43b0a0f7606b
[2026-01-01T02:11:28.573+0000] {taskinstance.py:2648} INFO - Exporting env vars: AIRFLOW_CTX_DAG_OWNER='***' AIRFLOW_CTX_DAG_ID='thongtin_cty_bctc' AIRFLOW_CTX_TASK_ID='ingest_bctc' AIRFLOW_CTX_EXECUTION_DATE='2025-12-31T00:00:00+00:00' AIRFLOW_CTX_TRY_NUMBER='1' AIRFLOW_CTX_DAG_RUN_ID='scheduled__2025-12-31T00:00:00+00:00'
[2026-01-01T02:11:28.578+0000] {taskinstance.py:430} INFO - ::endgroup::
[2026-01-01T02:11:28.614+0000] {logging_mixin.py:188} INFO - Bắt đầu xử lý batch 5 mã: ['TIS', 'TIP', 'TIN', 'TIG', 'TIE']
[2026-01-01T02:11:28.615+0000] {logging_mixin.py:188} INFO -  >> Đang lấy dữ liệu: TIS
[2026-01-01T02:11:28.790+0000] {logging_mixin.py:188} INFO -  Lỗi xử lý mã TIS: Failed to fetch data: 429 - Too Many Requests
[2026-01-01T02:11:28.792+0000] {logging_mixin.py:188} INFO -  >> Đang lấy dữ liệu: TIP
[2026-01-01T02:11:28.935+0000] {logging_mixin.py:188} INFO -  Lỗi xử lý mã TIP: Failed to fetch data: 429 - Too Many Requests
[2026-01-01T02:11:28.938+0000] {logging_mixin.py:188} INFO -  >> Đang lấy dữ liệu: TIN
[2026-01-01T02:11:29.083+0000] {logging_mixin.py:188} INFO -  Lỗi xử lý mã TIN: Failed to fetch data: 429 - Too Many Requests
[2026-01-01T02:11:29.085+0000] {logging_mixin.py:188} INFO -  >> Đang lấy dữ liệu: TIG
[2026-01-01T02:11:29.247+0000] {logging_mixin.py:188} INFO -  Lỗi xử lý mã TIG: Failed to fetch data: 429 - Too Many Requests
[2026-01-01T02:11:29.248+0000] {logging_mixin.py:188} INFO -  >> Đang lấy dữ liệu: TIE
[2026-01-01T02:11:29.381+0000] {logging_mixin.py:188} INFO -  Lỗi xử lý mã TIE: Failed to fetch data: 429 - Too Many Requests
[2026-01-01T02:11:29.382+0000] {logging_mixin.py:188} INFO -  ⚠ Batch này không thu được dữ liệu nào.
[2026-01-01T02:11:29.389+0000] {datalake_df2csv.py:40} INFO - DataFrame rỗng, bỏ qua upload CSV.
[2026-01-01T02:11:29.390+0000] {taskinstance.py:441} INFO - ::group::Post task execution logs
[2026-01-01T02:11:29.407+0000] {taskinstance.py:1206} INFO - Marking task as SUCCESS. dag_id=thongtin_cty_bctc, task_id=ingest_bctc, run_id=scheduled__2025-12-31T00:00:00+00:00, map_index=63, execution_date=20251231T000000, start_date=20260101T021127, end_date=20260101T021129
[2026-01-01T02:11:29.449+0000] {local_task_job_runner.py:243} INFO - Task exited with return code 0
[2026-01-01T02:11:29.462+0000] {local_task_job_runner.py:222} INFO - ::endgroup::
