[2026-01-11T03:25:11.022+0000] {local_task_job_runner.py:120} INFO - ::group::Pre task execution logs
[2026-01-11T03:25:11.073+0000] {taskinstance.py:2076} INFO - Dependencies all met for dep_context=non-requeueable deps ti=<TaskInstance: bctc.ingest_bctc manual__2026-01-11T03:22:36.146797+00:00 map_index=60 [queued]>
[2026-01-11T03:25:11.112+0000] {taskinstance.py:2076} INFO - Dependencies all met for dep_context=requeueable deps ti=<TaskInstance: bctc.ingest_bctc manual__2026-01-11T03:22:36.146797+00:00 map_index=60 [queued]>
[2026-01-11T03:25:11.115+0000] {taskinstance.py:2306} INFO - Starting attempt 1 of 2
[2026-01-11T03:25:11.141+0000] {taskinstance.py:2330} INFO - Executing <Mapped(DfToCsvOperator): ingest_bctc> on 2026-01-11 03:22:36.146797+00:00
[2026-01-11T03:25:11.163+0000] {warnings.py:112} WARNING - This process (pid=4101) is multi-threaded, use of fork() may lead to deadlocks in the child.

[2026-01-11T03:25:11.167+0000] {standard_task_runner.py:64} INFO - Started process 4171 to run task
[2026-01-11T03:25:11.175+0000] {standard_task_runner.py:90} INFO - Running: ['***', 'tasks', 'run', 'bctc', 'ingest_bctc', 'manual__2026-01-11T03:22:36.146797+00:00', '--job-id', '9971', '--raw', '--subdir', 'DAGS_FOLDER/tt_cty_bctc.py', '--cfg-path', '/tmp/tmpqsy6z4iv', '--map-index', '60']
[2026-01-11T03:25:11.178+0000] {standard_task_runner.py:91} INFO - Job 9971: Subtask ingest_bctc
[2026-01-11T03:25:11.282+0000] {task_command.py:426} INFO - Running <TaskInstance: bctc.ingest_bctc manual__2026-01-11T03:22:36.146797+00:00 map_index=60 [running]> on host 3f2af93df813
[2026-01-11T03:25:11.485+0000] {taskinstance.py:2648} INFO - Exporting env vars: AIRFLOW_CTX_DAG_OWNER='***' AIRFLOW_CTX_DAG_ID='bctc' AIRFLOW_CTX_TASK_ID='ingest_bctc' AIRFLOW_CTX_EXECUTION_DATE='2026-01-11T03:22:36.146797+00:00' AIRFLOW_CTX_TRY_NUMBER='1' AIRFLOW_CTX_DAG_RUN_ID='manual__2026-01-11T03:22:36.146797+00:00'
[2026-01-11T03:25:11.488+0000] {taskinstance.py:430} INFO - ::endgroup::
[2026-01-11T03:25:11.496+0000] {logging_mixin.py:188} INFO - Bắt đầu xử lý batch 20 mã: ['GTA', 'GSP', 'GSM', 'GQN', 'GPC', 'GND', 'GMX', 'GMH', 'GMD', 'GMC', 'GMA', 'GLW', 'GLT', 'GLC', 'GKM', 'GIL', 'GIC', 'GHC', 'GH3', 'GGG']
[2026-01-11T03:25:11.497+0000] {logging_mixin.py:188} INFO -  >> Đang lấy dữ liệu: GTA
[2026-01-11T03:25:12.101+0000] {logging_mixin.py:188} INFO -  Lỗi xử lý mã GTA: Failed to fetch data: 429 - Too Many Requests
[2026-01-11T03:25:12.103+0000] {logging_mixin.py:188} INFO -  >> Đang lấy dữ liệu: GSP
[2026-01-11T03:25:12.264+0000] {logging_mixin.py:188} INFO -  Lỗi xử lý mã GSP: Failed to fetch data: 429 - Too Many Requests
[2026-01-11T03:25:12.265+0000] {logging_mixin.py:188} INFO -  >> Đang lấy dữ liệu: GSM
[2026-01-11T03:25:13.401+0000] {logging_mixin.py:188} INFO -  Lỗi xử lý mã GSM: Failed to fetch data: 429 - Too Many Requests
[2026-01-11T03:25:13.402+0000] {logging_mixin.py:188} INFO -  >> Đang lấy dữ liệu: GQN
[2026-01-11T03:25:13.549+0000] {logging_mixin.py:188} INFO -  Lỗi xử lý mã GQN: Failed to fetch data: 429 - Too Many Requests
[2026-01-11T03:25:13.550+0000] {logging_mixin.py:188} INFO -  >> Đang lấy dữ liệu: GPC
[2026-01-11T03:25:13.679+0000] {logging_mixin.py:188} INFO -  Lỗi xử lý mã GPC: Failed to fetch data: 429 - Too Many Requests
[2026-01-11T03:25:13.680+0000] {logging_mixin.py:188} INFO -  >> Đang lấy dữ liệu: GND
[2026-01-11T03:25:13.857+0000] {logging_mixin.py:188} INFO -  Lỗi xử lý mã GND: Failed to fetch data: 429 - Too Many Requests
[2026-01-11T03:25:13.858+0000] {logging_mixin.py:188} INFO -  >> Đang lấy dữ liệu: GMX
[2026-01-11T03:25:14.047+0000] {logging_mixin.py:188} INFO -  Lỗi xử lý mã GMX: Failed to fetch data: 429 - Too Many Requests
[2026-01-11T03:25:14.048+0000] {logging_mixin.py:188} INFO -  >> Đang lấy dữ liệu: GMH
[2026-01-11T03:25:14.297+0000] {logging_mixin.py:188} INFO -  Lỗi xử lý mã GMH: Failed to fetch data: 429 - Too Many Requests
[2026-01-11T03:25:14.298+0000] {logging_mixin.py:188} INFO -  >> Đang lấy dữ liệu: GMD
[2026-01-11T03:25:14.433+0000] {logging_mixin.py:188} INFO -  Lỗi xử lý mã GMD: Failed to fetch data: 429 - Too Many Requests
[2026-01-11T03:25:14.434+0000] {logging_mixin.py:188} INFO -  >> Đang lấy dữ liệu: GMC
[2026-01-11T03:25:14.592+0000] {logging_mixin.py:188} INFO -  Lỗi xử lý mã GMC: Failed to fetch data: 429 - Too Many Requests
[2026-01-11T03:25:14.593+0000] {logging_mixin.py:188} INFO -  >> Đang lấy dữ liệu: GMA
[2026-01-11T03:25:15.289+0000] {logging_mixin.py:188} INFO -  Lỗi xử lý mã GMA: Failed to fetch data: 429 - Too Many Requests
[2026-01-11T03:25:15.290+0000] {logging_mixin.py:188} INFO -  >> Đang lấy dữ liệu: GLW
[2026-01-11T03:25:15.465+0000] {logging_mixin.py:188} INFO -  Lỗi xử lý mã GLW: Failed to fetch data: 429 - Too Many Requests
[2026-01-11T03:25:15.466+0000] {logging_mixin.py:188} INFO -  >> Đang lấy dữ liệu: GLT
[2026-01-11T03:25:15.776+0000] {logging_mixin.py:188} INFO -  Lỗi xử lý mã GLT: Failed to fetch data: 429 - Too Many Requests
[2026-01-11T03:25:15.778+0000] {logging_mixin.py:188} INFO -  >> Đang lấy dữ liệu: GLC
[2026-01-11T03:25:15.959+0000] {logging_mixin.py:188} INFO -  Lỗi xử lý mã GLC: Failed to fetch data: 429 - Too Many Requests
[2026-01-11T03:25:15.961+0000] {logging_mixin.py:188} INFO -  >> Đang lấy dữ liệu: GKM
[2026-01-11T03:25:16.228+0000] {logging_mixin.py:188} INFO -  Lỗi xử lý mã GKM: Failed to fetch data: 429 - Too Many Requests
[2026-01-11T03:25:16.230+0000] {logging_mixin.py:188} INFO -  >> Đang lấy dữ liệu: GIL
[2026-01-11T03:25:17.547+0000] {logging_mixin.py:188} INFO -  Lỗi xử lý mã GIL: Failed to fetch data: 429 - Too Many Requests
[2026-01-11T03:25:17.548+0000] {logging_mixin.py:188} INFO -  >> Đang lấy dữ liệu: GIC
[2026-01-11T03:25:17.953+0000] {logging_mixin.py:188} INFO -  Lỗi xử lý mã GIC: Failed to fetch data: 429 - Too Many Requests
[2026-01-11T03:25:17.955+0000] {logging_mixin.py:188} INFO -  >> Đang lấy dữ liệu: GHC
[2026-01-11T03:25:18.129+0000] {logging_mixin.py:188} INFO -  Lỗi xử lý mã GHC: Failed to fetch data: 429 - Too Many Requests
[2026-01-11T03:25:18.130+0000] {logging_mixin.py:188} INFO -  >> Đang lấy dữ liệu: GH3
[2026-01-11T03:25:18.260+0000] {logging_mixin.py:188} INFO -  Lỗi xử lý mã GH3: Failed to fetch data: 429 - Too Many Requests
[2026-01-11T03:25:18.261+0000] {logging_mixin.py:188} INFO -  >> Đang lấy dữ liệu: GGG
[2026-01-11T03:25:18.488+0000] {logging_mixin.py:188} INFO -  Lỗi xử lý mã GGG: Failed to fetch data: 429 - Too Many Requests
[2026-01-11T03:25:18.490+0000] {logging_mixin.py:188} INFO -  ⚠ Batch này không thu được dữ liệu nào.
[2026-01-11T03:25:18.494+0000] {datalake_df2csv.py:40} INFO - DataFrame rỗng, bỏ qua upload CSV.
[2026-01-11T03:25:18.494+0000] {taskinstance.py:441} INFO - ::group::Post task execution logs
[2026-01-11T03:25:18.851+0000] {taskinstance.py:1206} INFO - Marking task as SUCCESS. dag_id=bctc, task_id=ingest_bctc, run_id=manual__2026-01-11T03:22:36.146797+00:00, map_index=60, execution_date=20260111T032236, start_date=20260111T032511, end_date=20260111T032518
[2026-01-11T03:25:18.958+0000] {local_task_job_runner.py:243} INFO - Task exited with return code 0
[2026-01-11T03:25:19.033+0000] {taskinstance.py:3503} INFO - 0 downstream tasks scheduled from follow-on schedule check
[2026-01-11T03:25:19.036+0000] {local_task_job_runner.py:222} INFO - ::endgroup::
