[2026-01-10T15:12:32.293+0000] {local_task_job_runner.py:120} INFO - ::group::Pre task execution logs
[2026-01-10T15:12:32.425+0000] {taskinstance.py:2076} INFO - Dependencies all met for dep_context=non-requeueable deps ti=<TaskInstance: thongtin_cty_bctc.ingest_bctc scheduled__2025-12-30T00:00:00+00:00 map_index=362 [queued]>
[2026-01-10T15:12:32.803+0000] {taskinstance.py:2076} INFO - Dependencies all met for dep_context=requeueable deps ti=<TaskInstance: thongtin_cty_bctc.ingest_bctc scheduled__2025-12-30T00:00:00+00:00 map_index=362 [queued]>
[2026-01-10T15:12:32.805+0000] {taskinstance.py:2306} INFO - Starting attempt 1 of 2
[2026-01-10T15:12:32.833+0000] {taskinstance.py:2330} INFO - Executing <Mapped(DfToCsvOperator): ingest_bctc> on 2025-12-30 00:00:00+00:00
[2026-01-10T15:12:32.849+0000] {warnings.py:112} WARNING - This process (pid=6612) is multi-threaded, use of fork() may lead to deadlocks in the child.

[2026-01-10T15:12:32.851+0000] {standard_task_runner.py:64} INFO - Started process 6678 to run task
[2026-01-10T15:12:32.860+0000] {standard_task_runner.py:90} INFO - Running: ['***', 'tasks', 'run', 'thongtin_cty_bctc', 'ingest_bctc', 'scheduled__2025-12-30T00:00:00+00:00', '--job-id', '9187', '--raw', '--subdir', 'DAGS_FOLDER/tt_cty_bctc.py', '--cfg-path', '/tmp/tmpqx0inaph', '--map-index', '362']
[2026-01-10T15:12:32.862+0000] {standard_task_runner.py:91} INFO - Job 9187: Subtask ingest_bctc
[2026-01-10T15:12:32.963+0000] {task_command.py:426} INFO - Running <TaskInstance: thongtin_cty_bctc.ingest_bctc scheduled__2025-12-30T00:00:00+00:00 map_index=362 [running]> on host c44bcb92a951
[2026-01-10T15:12:33.147+0000] {taskinstance.py:2648} INFO - Exporting env vars: AIRFLOW_CTX_DAG_OWNER='***' AIRFLOW_CTX_DAG_ID='thongtin_cty_bctc' AIRFLOW_CTX_TASK_ID='ingest_bctc' AIRFLOW_CTX_EXECUTION_DATE='2025-12-30T00:00:00+00:00' AIRFLOW_CTX_TRY_NUMBER='1' AIRFLOW_CTX_DAG_RUN_ID='scheduled__2025-12-30T00:00:00+00:00'
[2026-01-10T15:12:33.149+0000] {taskinstance.py:430} INFO - ::endgroup::
[2026-01-10T15:12:33.165+0000] {logging_mixin.py:188} INFO - Bắt đầu xử lý batch 3 mã: ['HPH', 'HPG', 'HPD']
[2026-01-10T15:12:33.166+0000] {logging_mixin.py:188} INFO -  >> Đang lấy dữ liệu: HPH
[2026-01-10T15:12:37.897+0000] {logging_mixin.py:188} INFO - ❌ Lỗi income_statement: RetryError[<Future at 0x7f17d50d1ca0 state=finished raised KeyError>]
[2026-01-10T15:12:42.361+0000] {logging_mixin.py:188} INFO - ❌ Lỗi balance_sheet: RetryError[<Future at 0x7f17d5206c90 state=finished raised KeyError>]
[2026-01-10T15:12:46.792+0000] {logging_mixin.py:188} INFO - ❌ Lỗi cash_flow: RetryError[<Future at 0x7f17d5205190 state=finished raised KeyError>]
[2026-01-10T15:12:47.793+0000] {logging_mixin.py:188} INFO -  >> Đang lấy dữ liệu: HPG
[2026-01-10T15:12:50.608+0000] {logging_mixin.py:188} INFO -  >> Đang lấy dữ liệu: HPD
[2026-01-10T15:12:56.176+0000] {logging_mixin.py:188} INFO -  ✓ Hoàn thành batch. Tổng số dòng: 6816
[2026-01-10T15:12:56.247+0000] {base.py:84} INFO - Using connection ID 'minio_finance' for task execution.
[2026-01-10T15:12:56.249+0000] {connection_wrapper.py:384} INFO - AWS Connection (conn_id='minio_finance', conn_type='aws') credentials retrieved from login and password.
[2026-01-10T15:12:56.925+0000] {datalake_df2csv.py:52} INFO - ✅ Đã upload 6816 dòng -> s3://thongtin-congty-va-bctc/bctc/2025-12-30/batch_362.csv
[2026-01-10T15:12:56.927+0000] {taskinstance.py:441} INFO - ::group::Post task execution logs
[2026-01-10T15:12:56.940+0000] {taskinstance.py:1206} INFO - Marking task as SUCCESS. dag_id=thongtin_cty_bctc, task_id=ingest_bctc, run_id=scheduled__2025-12-30T00:00:00+00:00, map_index=362, execution_date=20251230T000000, start_date=20260110T151232, end_date=20260110T151256
[2026-01-10T15:12:59.171+0000] {local_task_job_runner.py:243} INFO - Task exited with return code 0
[2026-01-10T15:12:59.186+0000] {local_task_job_runner.py:222} INFO - ::endgroup::
