[2026-01-01T03:07:10.501+0000] {local_task_job_runner.py:120} INFO - ::group::Pre task execution logs
[2026-01-01T03:07:10.565+0000] {taskinstance.py:2076} INFO - Dependencies all met for dep_context=non-requeueable deps ti=<TaskInstance: thongtin_cty_bctc.ingest_overview manual__2026-01-01T02:57:59+00:00 map_index=12 [queued]>
[2026-01-01T03:07:10.595+0000] {taskinstance.py:2076} INFO - Dependencies all met for dep_context=requeueable deps ti=<TaskInstance: thongtin_cty_bctc.ingest_overview manual__2026-01-01T02:57:59+00:00 map_index=12 [queued]>
[2026-01-01T03:07:10.596+0000] {taskinstance.py:2306} INFO - Starting attempt 1 of 2
[2026-01-01T03:07:10.666+0000] {taskinstance.py:2330} INFO - Executing <Mapped(DfToCsvOperator): ingest_overview> on 2026-01-01 02:57:59+00:00
[2026-01-01T03:07:10.682+0000] {warnings.py:112} WARNING - This process (pid=31647) is multi-threaded, use of fork() may lead to deadlocks in the child.

[2026-01-01T03:07:10.685+0000] {standard_task_runner.py:64} INFO - Started process 31763 to run task
[2026-01-01T03:07:10.692+0000] {standard_task_runner.py:90} INFO - Running: ['***', 'tasks', 'run', 'thongtin_cty_bctc', 'ingest_overview', 'manual__2026-01-01T02:57:59+00:00', '--job-id', '3380', '--raw', '--subdir', 'DAGS_FOLDER/tt_cty_bctc.py', '--cfg-path', '/tmp/tmpb29yzob5', '--map-index', '12']
[2026-01-01T03:07:10.695+0000] {standard_task_runner.py:91} INFO - Job 3380: Subtask ingest_overview
[2026-01-01T03:07:10.859+0000] {task_command.py:426} INFO - Running <TaskInstance: thongtin_cty_bctc.ingest_overview manual__2026-01-01T02:57:59+00:00 map_index=12 [running]> on host 43b0a0f7606b
[2026-01-01T03:07:11.113+0000] {taskinstance.py:2648} INFO - Exporting env vars: AIRFLOW_CTX_DAG_OWNER='***' AIRFLOW_CTX_DAG_ID='thongtin_cty_bctc' AIRFLOW_CTX_TASK_ID='ingest_overview' AIRFLOW_CTX_EXECUTION_DATE='2026-01-01T02:57:59+00:00' AIRFLOW_CTX_TRY_NUMBER='1' AIRFLOW_CTX_DAG_RUN_ID='manual__2026-01-01T02:57:59+00:00'
[2026-01-01T03:07:11.118+0000] {taskinstance.py:430} INFO - ::endgroup::
[2026-01-01T03:07:11.258+0000] {logging_mixin.py:188} INFO - Err overview VCI: Failed to fetch data: 429 - Too Many Requests
[2026-01-01T03:07:12.474+0000] {logging_mixin.py:188} INFO - Err overview HCM: Failed to fetch data: 429 - Too Many Requests
[2026-01-01T03:07:13.772+0000] {logging_mixin.py:188} INFO - Err overview VIX: Failed to fetch data: 429 - Too Many Requests
[2026-01-01T03:07:14.800+0000] {datalake_df2csv.py:40} INFO - DataFrame rỗng, bỏ qua upload CSV.
[2026-01-01T03:07:14.807+0000] {taskinstance.py:441} INFO - ::group::Post task execution logs
[2026-01-01T03:07:14.839+0000] {taskinstance.py:1206} INFO - Marking task as SUCCESS. dag_id=thongtin_cty_bctc, task_id=ingest_overview, run_id=manual__2026-01-01T02:57:59+00:00, map_index=12, execution_date=20260101T025759, start_date=20260101T030710, end_date=20260101T030714
[2026-01-01T03:07:14.987+0000] {local_task_job_runner.py:243} INFO - Task exited with return code 0
[2026-01-01T03:07:15.047+0000] {taskinstance.py:3503} INFO - 0 downstream tasks scheduled from follow-on schedule check
[2026-01-01T03:07:15.058+0000] {local_task_job_runner.py:222} INFO - ::endgroup::
