[2026-01-12T15:21:33.301+0000] {local_task_job_runner.py:120} INFO - ::group::Pre task execution logs
[2026-01-12T15:21:33.441+0000] {taskinstance.py:2076} INFO - Dependencies all met for dep_context=non-requeueable deps ti=<TaskInstance: financial_ratios_etl.ingest_financial_ratios manual__2026-01-12T15:14:43+00:00 map_index=406 [queued]>
[2026-01-12T15:21:33.538+0000] {taskinstance.py:2076} INFO - Dependencies all met for dep_context=requeueable deps ti=<TaskInstance: financial_ratios_etl.ingest_financial_ratios manual__2026-01-12T15:14:43+00:00 map_index=406 [queued]>
[2026-01-12T15:21:33.546+0000] {taskinstance.py:2306} INFO - Starting attempt 1 of 2
[2026-01-12T15:21:33.616+0000] {taskinstance.py:2330} INFO - Executing <Mapped(DfToCsvOperator): ingest_financial_ratios> on 2026-01-12 15:14:43+00:00
[2026-01-12T15:21:33.648+0000] {warnings.py:112} WARNING - This process (pid=5408) is multi-threaded, use of fork() may lead to deadlocks in the child.

[2026-01-12T15:21:33.658+0000] {standard_task_runner.py:64} INFO - Started process 5502 to run task
[2026-01-12T15:21:33.673+0000] {standard_task_runner.py:90} INFO - Running: ['***', 'tasks', 'run', 'financial_ratios_etl', 'ingest_financial_ratios', 'manual__2026-01-12T15:14:43+00:00', '--job-id', '14111', '--raw', '--subdir', 'DAGS_FOLDER/financial_ratios_etl.py', '--cfg-path', '/tmp/tmpg9f9y1a6', '--map-index', '406']
[2026-01-12T15:21:33.680+0000] {standard_task_runner.py:91} INFO - Job 14111: Subtask ingest_financial_ratios
[2026-01-12T15:21:33.860+0000] {task_command.py:426} INFO - Running <TaskInstance: financial_ratios_etl.ingest_financial_ratios manual__2026-01-12T15:14:43+00:00 map_index=406 [running]> on host 5a20a797a43c
[2026-01-12T15:21:34.240+0000] {taskinstance.py:2648} INFO - Exporting env vars: AIRFLOW_CTX_DAG_OWNER='***' AIRFLOW_CTX_DAG_ID='financial_ratios_etl' AIRFLOW_CTX_TASK_ID='ingest_financial_ratios' AIRFLOW_CTX_EXECUTION_DATE='2026-01-12T15:14:43+00:00' AIRFLOW_CTX_TRY_NUMBER='1' AIRFLOW_CTX_DAG_RUN_ID='manual__2026-01-12T15:14:43+00:00'
[2026-01-12T15:21:34.242+0000] {taskinstance.py:430} INFO - ::endgroup::
[2026-01-12T15:21:34.255+0000] {logging_mixin.py:188} INFO - [RATIO] Bắt đầu xử lý batch 2 mã: ['NBP', 'NBE']
[2026-01-12T15:21:34.256+0000] {logging_mixin.py:188} INFO - [RATIO] Kỳ dữ liệu: quarter
[2026-01-12T15:21:34.257+0000] {logging_mixin.py:188} INFO -  >> [RATIO] Đang lấy dữ liệu: NBP
[2026-01-12T15:21:35.426+0000] {logging_mixin.py:188} INFO -  ✓ [RATIO] NBP: 51 rows
[2026-01-12T15:21:37.436+0000] {logging_mixin.py:188} INFO -  >> [RATIO] Đang lấy dữ liệu: NBE
[2026-01-12T15:21:42.704+0000] {logging_mixin.py:188} INFO - ❌ Lỗi NBE: RetryError[<Future at 0x7f68d5fc56d0 state=finished raised KeyError>]
[2026-01-12T15:21:42.706+0000] {logging_mixin.py:188} INFO -  ⚠️ [RATIO] NBE: No data from API
[2026-01-12T15:21:44.707+0000] {logging_mixin.py:188} INFO -  ✅ [RATIO] Hoàn thành batch. Tổng số dòng: 51
[2026-01-12T15:21:44.732+0000] {base.py:84} INFO - Using connection ID 'minio_finance' for task execution.
[2026-01-12T15:21:44.734+0000] {connection_wrapper.py:384} INFO - AWS Connection (conn_id='minio_finance', conn_type='aws') credentials retrieved from login and password.
[2026-01-12T15:21:45.358+0000] {datalake_df2csv.py:52} INFO - ✅ Đã upload 51 dòng -> s3://thongtin-congty-va-bctc/financial_ratios/2026-01-12/batch_406.csv
[2026-01-12T15:21:45.360+0000] {taskinstance.py:441} INFO - ::group::Post task execution logs
[2026-01-12T15:21:45.374+0000] {taskinstance.py:1206} INFO - Marking task as SUCCESS. dag_id=financial_ratios_etl, task_id=ingest_financial_ratios, run_id=manual__2026-01-12T15:14:43+00:00, map_index=406, execution_date=20260112T151443, start_date=20260112T152133, end_date=20260112T152145
[2026-01-12T15:21:45.430+0000] {local_task_job_runner.py:243} INFO - Task exited with return code 0
[2026-01-12T15:21:45.446+0000] {taskinstance.py:3503} INFO - 0 downstream tasks scheduled from follow-on schedule check
[2026-01-12T15:21:45.448+0000] {local_task_job_runner.py:222} INFO - ::endgroup::
