[2026-01-07T14:13:47.063+0000] {local_task_job_runner.py:120} INFO - ::group::Pre task execution logs
[2026-01-07T14:13:47.091+0000] {taskinstance.py:2076} INFO - Dependencies all met for dep_context=non-requeueable deps ti=<TaskInstance: history_price_minio_to_postgres.load_history_price_file manual__2026-01-07T14:07:52.007788+00:00 map_index=66 [queued]>
[2026-01-07T14:13:47.114+0000] {taskinstance.py:2076} INFO - Dependencies all met for dep_context=requeueable deps ti=<TaskInstance: history_price_minio_to_postgres.load_history_price_file manual__2026-01-07T14:07:52.007788+00:00 map_index=66 [queued]>
[2026-01-07T14:13:47.115+0000] {taskinstance.py:2306} INFO - Starting attempt 2 of 2
[2026-01-07T14:13:47.161+0000] {taskinstance.py:2330} INFO - Executing <Mapped(MinioCSVToPostgresOperator): load_history_price_file> on 2026-01-07 14:07:52.007788+00:00
[2026-01-07T14:13:47.176+0000] {warnings.py:112} WARNING - This process (pid=4690) is multi-threaded, use of fork() may lead to deadlocks in the child.

[2026-01-07T14:13:47.178+0000] {standard_task_runner.py:64} INFO - Started process 4753 to run task
[2026-01-07T14:13:47.181+0000] {standard_task_runner.py:90} INFO - Running: ['***', 'tasks', 'run', 'history_price_minio_to_postgres', 'load_history_price_file', 'manual__2026-01-07T14:07:52.007788+00:00', '--job-id', '5626', '--raw', '--subdir', 'DAGS_FOLDER/dwh_history_price.py', '--cfg-path', '/tmp/tmpz5h8bsp0', '--map-index', '66']
[2026-01-07T14:13:47.183+0000] {standard_task_runner.py:91} INFO - Job 5626: Subtask load_history_price_file
[2026-01-07T14:13:47.277+0000] {task_command.py:426} INFO - Running <TaskInstance: history_price_minio_to_postgres.load_history_price_file manual__2026-01-07T14:07:52.007788+00:00 map_index=66 [running]> on host 80ef3a3c60a3
[2026-01-07T14:13:47.426+0000] {taskinstance.py:2648} INFO - Exporting env vars: AIRFLOW_CTX_DAG_OWNER='***' AIRFLOW_CTX_DAG_ID='history_price_minio_to_postgres' AIRFLOW_CTX_TASK_ID='load_history_price_file' AIRFLOW_CTX_EXECUTION_DATE='2026-01-07T14:07:52.007788+00:00' AIRFLOW_CTX_TRY_NUMBER='2' AIRFLOW_CTX_DAG_RUN_ID='manual__2026-01-07T14:07:52.007788+00:00'
[2026-01-07T14:13:47.429+0000] {taskinstance.py:430} INFO - ::endgroup::
[2026-01-07T14:13:47.447+0000] {taskinstance.py:441} INFO - ::group::Post task execution logs
[2026-01-07T14:13:47.917+0000] {taskinstance.py:2905} ERROR - Task failed with exception
Traceback (most recent call last):
  File "/home/airflow/.local/lib/python3.12/site-packages/airflow/models/taskinstance.py", line 465, in _execute_task
    result = _execute_callable(context=context, **execute_callable_kwargs)
             ^^^^^^^^^^^^^^^^^^^^^^^^^^^^^^^^^^^^^^^^^^^^^^^^^^^^^^^^^^^^^
  File "/home/airflow/.local/lib/python3.12/site-packages/airflow/models/taskinstance.py", line 432, in _execute_callable
    return execute_callable(context=context, **execute_callable_kwargs)
           ^^^^^^^^^^^^^^^^^^^^^^^^^^^^^^^^^^^^^^^^^^^^^^^^^^^^^^^^^^^^
  File "/home/airflow/.local/lib/python3.12/site-packages/airflow/models/baseoperator.py", line 401, in wrapper
    return func(self, *args, **kwargs)
           ^^^^^^^^^^^^^^^^^^^^^^^^^^^
  File "/opt/airflow/plugins/function/minio_csv_to_postgres.py", line 56, in execute
    self._ensure_tables(pg_hook)
  File "/opt/airflow/plugins/function/minio_csv_to_postgres.py", line 106, in _ensure_tables
    with pg_hook.get_conn() as conn, conn.cursor() as cur:
         ^^^^^^^^^^^^^^^^^^
  File "/home/airflow/.local/lib/python3.12/site-packages/airflow/providers/postgres/hooks/postgres.py", line 145, in get_conn
    conn = deepcopy(self.connection or self.get_connection(conn_id))
                                       ^^^^^^^^^^^^^^^^^^^^^^^^^^^^
  File "/home/airflow/.local/lib/python3.12/site-packages/airflow/hooks/base.py", line 83, in get_connection
    conn = Connection.get_connection_from_secrets(conn_id)
           ^^^^^^^^^^^^^^^^^^^^^^^^^^^^^^^^^^^^^^^^^^^^^^^
  File "/home/airflow/.local/lib/python3.12/site-packages/airflow/models/connection.py", line 519, in get_connection_from_secrets
    raise AirflowNotFoundException(f"The conn_id `{conn_id}` isn't defined")
airflow.exceptions.AirflowNotFoundException: The conn_id `dwh_postgres` isn't defined
[2026-01-07T14:13:47.939+0000] {taskinstance.py:1206} INFO - Marking task as FAILED. dag_id=history_price_minio_to_postgres, task_id=load_history_price_file, run_id=manual__2026-01-07T14:07:52.007788+00:00, map_index=66, execution_date=20260107T140752, start_date=20260107T141347, end_date=20260107T141347
[2026-01-07T14:13:47.989+0000] {standard_task_runner.py:110} ERROR - Failed to execute job 5626 for task load_history_price_file (The conn_id `dwh_postgres` isn't defined; 4753)
[2026-01-07T14:13:48.038+0000] {local_task_job_runner.py:243} INFO - Task exited with return code 1
[2026-01-07T14:13:48.058+0000] {local_task_job_runner.py:222} INFO - ::endgroup::
