[2026-01-01T02:09:44.365+0000] {local_task_job_runner.py:120} INFO - ::group::Pre task execution logs
[2026-01-01T02:09:44.391+0000] {taskinstance.py:2076} INFO - Dependencies all met for dep_context=non-requeueable deps ti=<TaskInstance: thongtin_cty_bctc.ingest_bctc scheduled__2025-12-31T00:00:00+00:00 map_index=10 [queued]>
[2026-01-01T02:09:44.409+0000] {taskinstance.py:2076} INFO - Dependencies all met for dep_context=requeueable deps ti=<TaskInstance: thongtin_cty_bctc.ingest_bctc scheduled__2025-12-31T00:00:00+00:00 map_index=10 [queued]>
[2026-01-01T02:09:44.410+0000] {taskinstance.py:2306} INFO - Starting attempt 1 of 2
[2026-01-01T02:09:44.431+0000] {taskinstance.py:2330} INFO - Executing <Mapped(DfToCsvOperator): ingest_bctc> on 2025-12-31 00:00:00+00:00
[2026-01-01T02:09:44.441+0000] {warnings.py:112} WARNING - This process (pid=423) is multi-threaded, use of fork() may lead to deadlocks in the child.

[2026-01-01T02:09:44.443+0000] {standard_task_runner.py:64} INFO - Started process 464 to run task
[2026-01-01T02:09:44.445+0000] {standard_task_runner.py:90} INFO - Running: ['***', 'tasks', 'run', 'thongtin_cty_bctc', 'ingest_bctc', 'scheduled__2025-12-31T00:00:00+00:00', '--job-id', '599', '--raw', '--subdir', 'DAGS_FOLDER/tt_cty_bctc.py', '--cfg-path', '/tmp/tmp7iqoqrgu', '--map-index', '10']
[2026-01-01T02:09:44.447+0000] {standard_task_runner.py:91} INFO - Job 599: Subtask ingest_bctc
[2026-01-01T02:09:44.502+0000] {task_command.py:426} INFO - Running <TaskInstance: thongtin_cty_bctc.ingest_bctc scheduled__2025-12-31T00:00:00+00:00 map_index=10 [running]> on host 43b0a0f7606b
[2026-01-01T02:09:44.621+0000] {taskinstance.py:2648} INFO - Exporting env vars: AIRFLOW_CTX_DAG_OWNER='***' AIRFLOW_CTX_DAG_ID='thongtin_cty_bctc' AIRFLOW_CTX_TASK_ID='ingest_bctc' AIRFLOW_CTX_EXECUTION_DATE='2025-12-31T00:00:00+00:00' AIRFLOW_CTX_TRY_NUMBER='1' AIRFLOW_CTX_DAG_RUN_ID='scheduled__2025-12-31T00:00:00+00:00'
[2026-01-01T02:09:44.623+0000] {taskinstance.py:430} INFO - ::endgroup::
[2026-01-01T02:09:44.631+0000] {logging_mixin.py:188} INFO - Bắt đầu xử lý batch 5 mã: ['VSM', 'VSI', 'VSH', 'VSG', 'VSF']
[2026-01-01T02:09:44.632+0000] {logging_mixin.py:188} INFO -  >> Đang lấy dữ liệu: VSM
[2026-01-01T02:09:46.619+0000] {logging_mixin.py:188} INFO -  >> Đang lấy dữ liệu: VSI
[2026-01-01T02:09:49.126+0000] {logging_mixin.py:188} INFO -  >> Đang lấy dữ liệu: VSH
[2026-01-01T02:09:51.014+0000] {logging_mixin.py:188} INFO -  >> Đang lấy dữ liệu: VSG
[2026-01-01T02:09:52.998+0000] {logging_mixin.py:188} INFO -  >> Đang lấy dữ liệu: VSF
[2026-01-01T02:09:54.844+0000] {logging_mixin.py:188} INFO -  ✓ Hoàn thành batch. Tổng số dòng: 14424
[2026-01-01T02:09:54.910+0000] {taskinstance.py:441} INFO - ::group::Post task execution logs
[2026-01-01T02:09:54.911+0000] {taskinstance.py:2905} ERROR - Task failed with exception
Traceback (most recent call last):
  File "/home/airflow/.local/lib/python3.12/site-packages/airflow/models/taskinstance.py", line 465, in _execute_task
    result = _execute_callable(context=context, **execute_callable_kwargs)
             ^^^^^^^^^^^^^^^^^^^^^^^^^^^^^^^^^^^^^^^^^^^^^^^^^^^^^^^^^^^^^
  File "/home/airflow/.local/lib/python3.12/site-packages/airflow/models/taskinstance.py", line 432, in _execute_callable
    return execute_callable(context=context, **execute_callable_kwargs)
           ^^^^^^^^^^^^^^^^^^^^^^^^^^^^^^^^^^^^^^^^^^^^^^^^^^^^^^^^^^^^
  File "/home/airflow/.local/lib/python3.12/site-packages/airflow/models/baseoperator.py", line 401, in wrapper
    return func(self, *args, **kwargs)
           ^^^^^^^^^^^^^^^^^^^^^^^^^^^
  File "/opt/airflow/plugins/function/datalake_df2csv.py", line 48, in execute
    hook.load_bytes(data=data, key=self.object_path, bucket_name=self.bucket_name, replace=True)
  File "/home/airflow/.local/lib/python3.12/site-packages/airflow/providers/amazon/aws/hooks/s3.py", line 120, in wrapper
    bound_args = function_signature.bind(*args, **kwargs)
                 ^^^^^^^^^^^^^^^^^^^^^^^^^^^^^^^^^^^^^^^^
  File "/usr/local/lib/python3.12/inspect.py", line 3267, in bind
    return self._bind(args, kwargs)
           ^^^^^^^^^^^^^^^^^^^^^^^^
  File "/usr/local/lib/python3.12/inspect.py", line 3180, in _bind
    raise TypeError(msg) from None
TypeError: missing a required argument: 'bytes_data'
[2026-01-01T02:09:54.923+0000] {taskinstance.py:1206} INFO - Marking task as UP_FOR_RETRY. dag_id=thongtin_cty_bctc, task_id=ingest_bctc, run_id=scheduled__2025-12-31T00:00:00+00:00, map_index=10, execution_date=20251231T000000, start_date=20260101T020944, end_date=20260101T020954
[2026-01-01T02:09:54.938+0000] {standard_task_runner.py:110} ERROR - Failed to execute job 599 for task ingest_bctc (missing a required argument: 'bytes_data'; 464)
[2026-01-01T02:09:54.961+0000] {local_task_job_runner.py:243} INFO - Task exited with return code 1
[2026-01-01T02:09:54.976+0000] {taskinstance.py:3503} INFO - 0 downstream tasks scheduled from follow-on schedule check
[2026-01-01T02:09:54.979+0000] {local_task_job_runner.py:222} INFO - ::endgroup::
