[2026-01-01T09:08:06.327+0000] {local_task_job_runner.py:120} INFO - ::group::Pre task execution logs
[2026-01-01T09:08:06.380+0000] {taskinstance.py:2076} INFO - Dependencies all met for dep_context=non-requeueable deps ti=<TaskInstance: thongtin_cty_bctc.ingest_people scheduled__2025-12-30T00:00:00+00:00 map_index=86 [queued]>
[2026-01-01T09:08:06.420+0000] {taskinstance.py:2076} INFO - Dependencies all met for dep_context=requeueable deps ti=<TaskInstance: thongtin_cty_bctc.ingest_people scheduled__2025-12-30T00:00:00+00:00 map_index=86 [queued]>
[2026-01-01T09:08:06.421+0000] {taskinstance.py:2306} INFO - Starting attempt 3 of 4
[2026-01-01T09:08:06.473+0000] {taskinstance.py:2330} INFO - Executing <Mapped(DfToCsvOperator): ingest_people> on 2025-12-30 00:00:00+00:00
[2026-01-01T09:08:06.501+0000] {warnings.py:112} WARNING - This process (pid=11681) is multi-threaded, use of fork() may lead to deadlocks in the child.

[2026-01-01T09:08:06.503+0000] {standard_task_runner.py:64} INFO - Started process 11727 to run task
[2026-01-01T09:08:06.507+0000] {standard_task_runner.py:90} INFO - Running: ['***', 'tasks', 'run', 'thongtin_cty_bctc', 'ingest_people', 'scheduled__2025-12-30T00:00:00+00:00', '--job-id', '4685', '--raw', '--subdir', 'DAGS_FOLDER/tt_cty_bctc.py', '--cfg-path', '/tmp/tmpw3eaywv2', '--map-index', '86']
[2026-01-01T09:08:06.509+0000] {standard_task_runner.py:91} INFO - Job 4685: Subtask ingest_people
[2026-01-01T09:08:06.600+0000] {task_command.py:426} INFO - Running <TaskInstance: thongtin_cty_bctc.ingest_people scheduled__2025-12-30T00:00:00+00:00 map_index=86 [running]> on host b455963a0603
[2026-01-01T09:08:07.115+0000] {taskinstance.py:2648} INFO - Exporting env vars: AIRFLOW_CTX_DAG_OWNER='***' AIRFLOW_CTX_DAG_ID='thongtin_cty_bctc' AIRFLOW_CTX_TASK_ID='ingest_people' AIRFLOW_CTX_EXECUTION_DATE='2025-12-30T00:00:00+00:00' AIRFLOW_CTX_TRY_NUMBER='3' AIRFLOW_CTX_DAG_RUN_ID='scheduled__2025-12-30T00:00:00+00:00'
[2026-01-01T09:08:07.120+0000] {taskinstance.py:430} INFO - ::endgroup::
[2026-01-01T09:08:14.023+0000] {logging_mixin.py:188} INFO - officers TSA: RetryError[<Future at 0x7f2684222990 state=finished raised KeyError>]
[2026-01-01T09:08:15.054+0000] {base.py:84} INFO - Using connection ID 'minio_finance' for task execution.
[2026-01-01T09:08:15.055+0000] {connection_wrapper.py:384} INFO - AWS Connection (conn_id='minio_finance', conn_type='aws') credentials retrieved from login and password.
[2026-01-01T09:08:18.147+0000] {datalake_df2csv.py:53} INFO - ✅ Đã upload 74 dòng -> s3://thongtin-congty-va-bctc/people/2025-12-30/batch_86.csv
[2026-01-01T09:08:18.149+0000] {taskinstance.py:441} INFO - ::group::Post task execution logs
[2026-01-01T09:08:18.164+0000] {taskinstance.py:1206} INFO - Marking task as SUCCESS. dag_id=thongtin_cty_bctc, task_id=ingest_people, run_id=scheduled__2025-12-30T00:00:00+00:00, map_index=86, execution_date=20251230T000000, start_date=20260101T090806, end_date=20260101T090818
[2026-01-01T09:08:18.342+0000] {local_task_job_runner.py:243} INFO - Task exited with return code 0
[2026-01-01T09:08:18.618+0000] {taskinstance.py:3503} INFO - 0 downstream tasks scheduled from follow-on schedule check
[2026-01-01T09:08:18.621+0000] {local_task_job_runner.py:222} INFO - ::endgroup::
