[2026-01-11T03:45:12.086+0000] {local_task_job_runner.py:120} INFO - ::group::Pre task execution logs
[2026-01-11T03:45:12.115+0000] {taskinstance.py:2076} INFO - Dependencies all met for dep_context=non-requeueable deps ti=<TaskInstance: bctc.ingest_bctc manual__2026-01-11T03:43:48.138068+00:00 map_index=68 [queued]>
[2026-01-11T03:45:12.129+0000] {taskinstance.py:2076} INFO - Dependencies all met for dep_context=requeueable deps ti=<TaskInstance: bctc.ingest_bctc manual__2026-01-11T03:43:48.138068+00:00 map_index=68 [queued]>
[2026-01-11T03:45:12.130+0000] {taskinstance.py:2306} INFO - Starting attempt 1 of 2
[2026-01-11T03:45:12.143+0000] {taskinstance.py:2330} INFO - Executing <Mapped(DfToCsvOperator): ingest_bctc> on 2026-01-11 03:43:48.138068+00:00
[2026-01-11T03:45:12.155+0000] {warnings.py:112} WARNING - This process (pid=5421) is multi-threaded, use of fork() may lead to deadlocks in the child.

[2026-01-11T03:45:12.157+0000] {standard_task_runner.py:64} INFO - Started process 5495 to run task
[2026-01-11T03:45:12.159+0000] {standard_task_runner.py:90} INFO - Running: ['***', 'tasks', 'run', 'bctc', 'ingest_bctc', 'manual__2026-01-11T03:43:48.138068+00:00', '--job-id', '10069', '--raw', '--subdir', 'DAGS_FOLDER/tt_cty_bctc.py', '--cfg-path', '/tmp/tmpd_5ctv93', '--map-index', '68']
[2026-01-11T03:45:12.161+0000] {standard_task_runner.py:91} INFO - Job 10069: Subtask ingest_bctc
[2026-01-11T03:45:12.228+0000] {task_command.py:426} INFO - Running <TaskInstance: bctc.ingest_bctc manual__2026-01-11T03:43:48.138068+00:00 map_index=68 [running]> on host 3f2af93df813
[2026-01-11T03:45:12.581+0000] {taskinstance.py:2648} INFO - Exporting env vars: AIRFLOW_CTX_DAG_OWNER='***' AIRFLOW_CTX_DAG_ID='bctc' AIRFLOW_CTX_TASK_ID='ingest_bctc' AIRFLOW_CTX_EXECUTION_DATE='2026-01-11T03:43:48.138068+00:00' AIRFLOW_CTX_TRY_NUMBER='1' AIRFLOW_CTX_DAG_RUN_ID='manual__2026-01-11T03:43:48.138068+00:00'
[2026-01-11T03:45:12.582+0000] {taskinstance.py:430} INFO - ::endgroup::
[2026-01-11T03:45:12.590+0000] {logging_mixin.py:188} INFO - Bắt đầu xử lý batch 20 mã: ['DMC', 'DM7', 'DLT', 'DLR', 'DLM', 'DLG', 'DLD', 'DL1', 'DKW', 'DKH', 'DKG', 'DKC', 'DIH', 'DIG', 'DID', 'DIC', 'DHT', 'DHP', 'DHN', 'DHM']
[2026-01-11T03:45:12.591+0000] {logging_mixin.py:188} INFO -  >> Đang lấy dữ liệu: DMC
[2026-01-11T03:45:12.845+0000] {logging_mixin.py:188} INFO -  Lỗi xử lý mã DMC: Failed to fetch data: 429 - Too Many Requests
[2026-01-11T03:45:12.847+0000] {logging_mixin.py:188} INFO -  >> Đang lấy dữ liệu: DM7
[2026-01-11T03:45:13.398+0000] {logging_mixin.py:188} INFO -  Lỗi xử lý mã DM7: Failed to fetch data: 429 - Too Many Requests
[2026-01-11T03:45:13.399+0000] {logging_mixin.py:188} INFO -  >> Đang lấy dữ liệu: DLT
[2026-01-11T03:45:13.648+0000] {logging_mixin.py:188} INFO -  Lỗi xử lý mã DLT: Failed to fetch data: 429 - Too Many Requests
[2026-01-11T03:45:13.650+0000] {logging_mixin.py:188} INFO -  >> Đang lấy dữ liệu: DLR
[2026-01-11T03:45:13.854+0000] {logging_mixin.py:188} INFO -  Lỗi xử lý mã DLR: Failed to fetch data: 429 - Too Many Requests
[2026-01-11T03:45:13.855+0000] {logging_mixin.py:188} INFO -  >> Đang lấy dữ liệu: DLM
[2026-01-11T03:45:14.198+0000] {logging_mixin.py:188} INFO -  Lỗi xử lý mã DLM: Failed to fetch data: 429 - Too Many Requests
[2026-01-11T03:45:14.201+0000] {logging_mixin.py:188} INFO -  >> Đang lấy dữ liệu: DLG
[2026-01-11T03:45:15.130+0000] {logging_mixin.py:188} INFO -  Lỗi xử lý mã DLG: Failed to fetch data: 429 - Too Many Requests
[2026-01-11T03:45:15.132+0000] {logging_mixin.py:188} INFO -  >> Đang lấy dữ liệu: DLD
[2026-01-11T03:45:15.340+0000] {logging_mixin.py:188} INFO -  Lỗi xử lý mã DLD: Failed to fetch data: 429 - Too Many Requests
[2026-01-11T03:45:15.342+0000] {logging_mixin.py:188} INFO -  >> Đang lấy dữ liệu: DL1
[2026-01-11T03:45:16.274+0000] {logging_mixin.py:188} INFO -  Lỗi xử lý mã DL1: Failed to fetch data: 429 - Too Many Requests
[2026-01-11T03:45:16.276+0000] {logging_mixin.py:188} INFO -  >> Đang lấy dữ liệu: DKW
[2026-01-11T03:45:16.464+0000] {logging_mixin.py:188} INFO -  Lỗi xử lý mã DKW: Failed to fetch data: 429 - Too Many Requests
[2026-01-11T03:45:16.466+0000] {logging_mixin.py:188} INFO -  >> Đang lấy dữ liệu: DKH
[2026-01-11T03:45:16.679+0000] {logging_mixin.py:188} INFO -  Lỗi xử lý mã DKH: Failed to fetch data: 429 - Too Many Requests
[2026-01-11T03:45:16.680+0000] {logging_mixin.py:188} INFO -  >> Đang lấy dữ liệu: DKG
[2026-01-11T03:45:16.890+0000] {logging_mixin.py:188} INFO -  Lỗi xử lý mã DKG: Failed to fetch data: 429 - Too Many Requests
[2026-01-11T03:45:16.891+0000] {logging_mixin.py:188} INFO -  >> Đang lấy dữ liệu: DKC
[2026-01-11T03:45:17.089+0000] {logging_mixin.py:188} INFO -  Lỗi xử lý mã DKC: Failed to fetch data: 429 - Too Many Requests
[2026-01-11T03:45:17.090+0000] {logging_mixin.py:188} INFO -  >> Đang lấy dữ liệu: DIH
[2026-01-11T03:45:17.317+0000] {logging_mixin.py:188} INFO -  Lỗi xử lý mã DIH: Failed to fetch data: 429 - Too Many Requests
[2026-01-11T03:45:17.318+0000] {logging_mixin.py:188} INFO -  >> Đang lấy dữ liệu: DIG
[2026-01-11T03:45:17.562+0000] {logging_mixin.py:188} INFO -  Lỗi xử lý mã DIG: Failed to fetch data: 429 - Too Many Requests
[2026-01-11T03:45:17.563+0000] {logging_mixin.py:188} INFO -  >> Đang lấy dữ liệu: DID
[2026-01-11T03:45:17.782+0000] {logging_mixin.py:188} INFO -  Lỗi xử lý mã DID: Failed to fetch data: 429 - Too Many Requests
[2026-01-11T03:45:17.784+0000] {logging_mixin.py:188} INFO -  >> Đang lấy dữ liệu: DIC
[2026-01-11T03:45:18.030+0000] {logging_mixin.py:188} INFO -  Lỗi xử lý mã DIC: Failed to fetch data: 429 - Too Many Requests
[2026-01-11T03:45:18.032+0000] {logging_mixin.py:188} INFO -  >> Đang lấy dữ liệu: DHT
[2026-01-11T03:45:18.241+0000] {logging_mixin.py:188} INFO -  Lỗi xử lý mã DHT: Failed to fetch data: 429 - Too Many Requests
[2026-01-11T03:45:18.243+0000] {logging_mixin.py:188} INFO -  >> Đang lấy dữ liệu: DHP
[2026-01-11T03:45:18.451+0000] {logging_mixin.py:188} INFO -  Lỗi xử lý mã DHP: Failed to fetch data: 429 - Too Many Requests
[2026-01-11T03:45:18.452+0000] {logging_mixin.py:188} INFO -  >> Đang lấy dữ liệu: DHN
[2026-01-11T03:45:18.695+0000] {logging_mixin.py:188} INFO -  Lỗi xử lý mã DHN: Failed to fetch data: 429 - Too Many Requests
[2026-01-11T03:45:18.696+0000] {logging_mixin.py:188} INFO -  >> Đang lấy dữ liệu: DHM
[2026-01-11T03:45:18.925+0000] {logging_mixin.py:188} INFO -  Lỗi xử lý mã DHM: Failed to fetch data: 429 - Too Many Requests
[2026-01-11T03:45:18.927+0000] {logging_mixin.py:188} INFO -  ⚠ Batch này không thu được dữ liệu nào.
[2026-01-11T03:45:18.931+0000] {datalake_df2csv.py:40} INFO - DataFrame rỗng, bỏ qua upload CSV.
[2026-01-11T03:45:18.932+0000] {taskinstance.py:441} INFO - ::group::Post task execution logs
[2026-01-11T03:45:18.946+0000] {taskinstance.py:1206} INFO - Marking task as SUCCESS. dag_id=bctc, task_id=ingest_bctc, run_id=manual__2026-01-11T03:43:48.138068+00:00, map_index=68, execution_date=20260111T034348, start_date=20260111T034512, end_date=20260111T034518
[2026-01-11T03:45:19.018+0000] {local_task_job_runner.py:243} INFO - Task exited with return code 0
[2026-01-11T03:45:19.072+0000] {taskinstance.py:3503} INFO - 0 downstream tasks scheduled from follow-on schedule check
[2026-01-11T03:45:19.075+0000] {local_task_job_runner.py:222} INFO - ::endgroup::
