[2026-01-01T03:03:02.043+0000] {local_task_job_runner.py:120} INFO - ::group::Pre task execution logs
[2026-01-01T03:03:02.089+0000] {taskinstance.py:2076} INFO - Dependencies all met for dep_context=non-requeueable deps ti=<TaskInstance: thongtin_cty_bctc.ingest_bctc manual__2026-01-01T02:45:18+00:00 map_index=2 [queued]>
[2026-01-01T03:03:02.109+0000] {taskinstance.py:2076} INFO - Dependencies all met for dep_context=requeueable deps ti=<TaskInstance: thongtin_cty_bctc.ingest_bctc manual__2026-01-01T02:45:18+00:00 map_index=2 [queued]>
[2026-01-01T03:03:02.110+0000] {taskinstance.py:2306} INFO - Starting attempt 2 of 3
[2026-01-01T03:03:02.149+0000] {taskinstance.py:2330} INFO - Executing <Mapped(DfToCsvOperator): ingest_bctc> on 2026-01-01 02:45:18+00:00
[2026-01-01T03:03:02.169+0000] {warnings.py:112} WARNING - This process (pid=26292) is multi-threaded, use of fork() may lead to deadlocks in the child.

[2026-01-01T03:03:02.173+0000] {standard_task_runner.py:64} INFO - Started process 26401 to run task
[2026-01-01T03:03:02.175+0000] {standard_task_runner.py:90} INFO - Running: ['***', 'tasks', 'run', 'thongtin_cty_bctc', 'ingest_bctc', 'manual__2026-01-01T02:45:18+00:00', '--job-id', '2899', '--raw', '--subdir', 'DAGS_FOLDER/tt_cty_bctc.py', '--cfg-path', '/tmp/tmpztx_5kr3', '--map-index', '2']
[2026-01-01T03:03:02.182+0000] {standard_task_runner.py:91} INFO - Job 2899: Subtask ingest_bctc
[2026-01-01T03:03:02.308+0000] {task_command.py:426} INFO - Running <TaskInstance: thongtin_cty_bctc.ingest_bctc manual__2026-01-01T02:45:18+00:00 map_index=2 [running]> on host 43b0a0f7606b
[2026-01-01T03:03:02.535+0000] {taskinstance.py:2648} INFO - Exporting env vars: AIRFLOW_CTX_DAG_OWNER='***' AIRFLOW_CTX_DAG_ID='thongtin_cty_bctc' AIRFLOW_CTX_TASK_ID='ingest_bctc' AIRFLOW_CTX_EXECUTION_DATE='2026-01-01T02:45:18+00:00' AIRFLOW_CTX_TRY_NUMBER='2' AIRFLOW_CTX_DAG_RUN_ID='manual__2026-01-01T02:45:18+00:00'
[2026-01-01T03:03:02.552+0000] {taskinstance.py:430} INFO - ::endgroup::
[2026-01-01T03:03:02.575+0000] {logging_mixin.py:188} INFO - Bắt đầu xử lý batch 3 mã: ['CTG', 'TPB', 'MWG']
[2026-01-01T03:03:02.575+0000] {logging_mixin.py:188} INFO -  >> Đang lấy dữ liệu: CTG
[2026-01-01T03:03:02.916+0000] {logging_mixin.py:188} INFO -  Lỗi xử lý mã CTG: Failed to fetch data: 429 - Too Many Requests
[2026-01-01T03:03:02.919+0000] {logging_mixin.py:188} INFO -  >> Đang lấy dữ liệu: TPB
[2026-01-01T03:03:03.120+0000] {logging_mixin.py:188} INFO -  Lỗi xử lý mã TPB: Failed to fetch data: 429 - Too Many Requests
[2026-01-01T03:03:03.124+0000] {logging_mixin.py:188} INFO -  >> Đang lấy dữ liệu: MWG
[2026-01-01T03:03:03.287+0000] {logging_mixin.py:188} INFO -  Lỗi xử lý mã MWG: Failed to fetch data: 429 - Too Many Requests
[2026-01-01T03:03:03.293+0000] {logging_mixin.py:188} INFO -  ⚠ Batch này không thu được dữ liệu nào.
[2026-01-01T03:03:03.302+0000] {datalake_df2csv.py:40} INFO - DataFrame rỗng, bỏ qua upload CSV.
[2026-01-01T03:03:03.304+0000] {taskinstance.py:441} INFO - ::group::Post task execution logs
[2026-01-01T03:03:03.335+0000] {taskinstance.py:1206} INFO - Marking task as SUCCESS. dag_id=thongtin_cty_bctc, task_id=ingest_bctc, run_id=manual__2026-01-01T02:45:18+00:00, map_index=2, execution_date=20260101T024518, start_date=20260101T030302, end_date=20260101T030303
[2026-01-01T03:03:03.407+0000] {local_task_job_runner.py:243} INFO - Task exited with return code 0
[2026-01-01T03:03:03.466+0000] {taskinstance.py:3503} INFO - 0 downstream tasks scheduled from follow-on schedule check
[2026-01-01T03:03:03.469+0000] {local_task_job_runner.py:222} INFO - ::endgroup::
