[2026-01-11T03:25:08.230+0000] {local_task_job_runner.py:120} INFO - ::group::Pre task execution logs
[2026-01-11T03:25:08.264+0000] {taskinstance.py:2076} INFO - Dependencies all met for dep_context=non-requeueable deps ti=<TaskInstance: bctc.ingest_bctc manual__2026-01-11T03:22:36.146797+00:00 map_index=59 [queued]>
[2026-01-11T03:25:08.281+0000] {taskinstance.py:2076} INFO - Dependencies all met for dep_context=requeueable deps ti=<TaskInstance: bctc.ingest_bctc manual__2026-01-11T03:22:36.146797+00:00 map_index=59 [queued]>
[2026-01-11T03:25:08.282+0000] {taskinstance.py:2306} INFO - Starting attempt 1 of 2
[2026-01-11T03:25:08.300+0000] {taskinstance.py:2330} INFO - Executing <Mapped(DfToCsvOperator): ingest_bctc> on 2026-01-11 03:22:36.146797+00:00
[2026-01-11T03:25:08.312+0000] {warnings.py:112} WARNING - This process (pid=4074) is multi-threaded, use of fork() may lead to deadlocks in the child.

[2026-01-11T03:25:08.314+0000] {standard_task_runner.py:64} INFO - Started process 4127 to run task
[2026-01-11T03:25:08.316+0000] {standard_task_runner.py:90} INFO - Running: ['***', 'tasks', 'run', 'bctc', 'ingest_bctc', 'manual__2026-01-11T03:22:36.146797+00:00', '--job-id', '9969', '--raw', '--subdir', 'DAGS_FOLDER/tt_cty_bctc.py', '--cfg-path', '/tmp/tmp2y2hmjth', '--map-index', '59']
[2026-01-11T03:25:08.318+0000] {standard_task_runner.py:91} INFO - Job 9969: Subtask ingest_bctc
[2026-01-11T03:25:08.390+0000] {task_command.py:426} INFO - Running <TaskInstance: bctc.ingest_bctc manual__2026-01-11T03:22:36.146797+00:00 map_index=59 [running]> on host 3f2af93df813
[2026-01-11T03:25:08.548+0000] {taskinstance.py:2648} INFO - Exporting env vars: AIRFLOW_CTX_DAG_OWNER='***' AIRFLOW_CTX_DAG_ID='bctc' AIRFLOW_CTX_TASK_ID='ingest_bctc' AIRFLOW_CTX_EXECUTION_DATE='2026-01-11T03:22:36.146797+00:00' AIRFLOW_CTX_TRY_NUMBER='1' AIRFLOW_CTX_DAG_RUN_ID='manual__2026-01-11T03:22:36.146797+00:00'
[2026-01-11T03:25:08.550+0000] {taskinstance.py:430} INFO - ::endgroup::
[2026-01-11T03:25:08.564+0000] {logging_mixin.py:188} INFO - Bắt đầu xử lý batch 20 mã: ['HAS', 'HAR', 'HAP', 'HAN', 'HAM', 'HAI', 'HAH', 'HAG', 'HAF', 'HAD', 'HAC', 'HAB', 'H11', 'GVT', 'GVR', 'GTT', 'GTS', 'GTK', 'GTH', 'GTD']
[2026-01-11T03:25:08.565+0000] {logging_mixin.py:188} INFO -  >> Đang lấy dữ liệu: HAS
[2026-01-11T03:25:08.758+0000] {logging_mixin.py:188} INFO -  Lỗi xử lý mã HAS: Failed to fetch data: 429 - Too Many Requests
[2026-01-11T03:25:08.760+0000] {logging_mixin.py:188} INFO -  >> Đang lấy dữ liệu: HAR
[2026-01-11T03:25:09.234+0000] {logging_mixin.py:188} INFO -  Lỗi xử lý mã HAR: Failed to fetch data: 429 - Too Many Requests
[2026-01-11T03:25:09.235+0000] {logging_mixin.py:188} INFO -  >> Đang lấy dữ liệu: HAP
[2026-01-11T03:25:09.356+0000] {logging_mixin.py:188} INFO -  Lỗi xử lý mã HAP: Failed to fetch data: 429 - Too Many Requests
[2026-01-11T03:25:09.357+0000] {logging_mixin.py:188} INFO -  >> Đang lấy dữ liệu: HAN
[2026-01-11T03:25:09.479+0000] {logging_mixin.py:188} INFO -  Lỗi xử lý mã HAN: Failed to fetch data: 429 - Too Many Requests
[2026-01-11T03:25:09.480+0000] {logging_mixin.py:188} INFO -  >> Đang lấy dữ liệu: HAM
[2026-01-11T03:25:09.630+0000] {logging_mixin.py:188} INFO -  Lỗi xử lý mã HAM: Failed to fetch data: 429 - Too Many Requests
[2026-01-11T03:25:09.631+0000] {logging_mixin.py:188} INFO -  >> Đang lấy dữ liệu: HAI
[2026-01-11T03:25:09.820+0000] {logging_mixin.py:188} INFO -  Lỗi xử lý mã HAI: Failed to fetch data: 429 - Too Many Requests
[2026-01-11T03:25:09.821+0000] {logging_mixin.py:188} INFO -  >> Đang lấy dữ liệu: HAH
[2026-01-11T03:25:10.275+0000] {logging_mixin.py:188} INFO -  Lỗi xử lý mã HAH: Failed to fetch data: 429 - Too Many Requests
[2026-01-11T03:25:10.276+0000] {logging_mixin.py:188} INFO -  >> Đang lấy dữ liệu: HAG
[2026-01-11T03:25:10.430+0000] {logging_mixin.py:188} INFO -  Lỗi xử lý mã HAG: Failed to fetch data: 429 - Too Many Requests
[2026-01-11T03:25:10.431+0000] {logging_mixin.py:188} INFO -  >> Đang lấy dữ liệu: HAF
[2026-01-11T03:25:10.969+0000] {logging_mixin.py:188} INFO -  Lỗi xử lý mã HAF: Failed to fetch data: 429 - Too Many Requests
[2026-01-11T03:25:10.972+0000] {logging_mixin.py:188} INFO -  >> Đang lấy dữ liệu: HAD
[2026-01-11T03:25:11.113+0000] {logging_mixin.py:188} INFO -  Lỗi xử lý mã HAD: Failed to fetch data: 429 - Too Many Requests
[2026-01-11T03:25:11.115+0000] {logging_mixin.py:188} INFO -  >> Đang lấy dữ liệu: HAC
[2026-01-11T03:25:11.458+0000] {logging_mixin.py:188} INFO -  Lỗi xử lý mã HAC: Failed to fetch data: 429 - Too Many Requests
[2026-01-11T03:25:11.459+0000] {logging_mixin.py:188} INFO -  >> Đang lấy dữ liệu: HAB
[2026-01-11T03:25:11.798+0000] {logging_mixin.py:188} INFO -  Lỗi xử lý mã HAB: Failed to fetch data: 429 - Too Many Requests
[2026-01-11T03:25:11.799+0000] {logging_mixin.py:188} INFO -  >> Đang lấy dữ liệu: H11
[2026-01-11T03:25:12.521+0000] {logging_mixin.py:188} INFO -  Lỗi xử lý mã H11: Failed to fetch data: 429 - Too Many Requests
[2026-01-11T03:25:12.522+0000] {logging_mixin.py:188} INFO -  >> Đang lấy dữ liệu: GVT
[2026-01-11T03:25:12.709+0000] {logging_mixin.py:188} INFO -  Lỗi xử lý mã GVT: Failed to fetch data: 429 - Too Many Requests
[2026-01-11T03:25:12.710+0000] {logging_mixin.py:188} INFO -  >> Đang lấy dữ liệu: GVR
[2026-01-11T03:25:12.828+0000] {logging_mixin.py:188} INFO -  Lỗi xử lý mã GVR: Failed to fetch data: 429 - Too Many Requests
[2026-01-11T03:25:12.829+0000] {logging_mixin.py:188} INFO -  >> Đang lấy dữ liệu: GTT
[2026-01-11T03:25:12.990+0000] {logging_mixin.py:188} INFO -  Lỗi xử lý mã GTT: Failed to fetch data: 429 - Too Many Requests
[2026-01-11T03:25:12.991+0000] {logging_mixin.py:188} INFO -  >> Đang lấy dữ liệu: GTS
[2026-01-11T03:25:13.201+0000] {logging_mixin.py:188} INFO -  Lỗi xử lý mã GTS: Failed to fetch data: 429 - Too Many Requests
[2026-01-11T03:25:13.202+0000] {logging_mixin.py:188} INFO -  >> Đang lấy dữ liệu: GTK
[2026-01-11T03:25:13.662+0000] {logging_mixin.py:188} INFO -  Lỗi xử lý mã GTK: Failed to fetch data: 429 - Too Many Requests
[2026-01-11T03:25:13.663+0000] {logging_mixin.py:188} INFO -  >> Đang lấy dữ liệu: GTH
[2026-01-11T03:25:13.874+0000] {logging_mixin.py:188} INFO -  Lỗi xử lý mã GTH: Failed to fetch data: 429 - Too Many Requests
[2026-01-11T03:25:13.875+0000] {logging_mixin.py:188} INFO -  >> Đang lấy dữ liệu: GTD
[2026-01-11T03:25:14.051+0000] {logging_mixin.py:188} INFO -  Lỗi xử lý mã GTD: Failed to fetch data: 429 - Too Many Requests
[2026-01-11T03:25:14.052+0000] {logging_mixin.py:188} INFO -  ⚠ Batch này không thu được dữ liệu nào.
[2026-01-11T03:25:14.056+0000] {datalake_df2csv.py:40} INFO - DataFrame rỗng, bỏ qua upload CSV.
[2026-01-11T03:25:14.057+0000] {taskinstance.py:441} INFO - ::group::Post task execution logs
[2026-01-11T03:25:14.071+0000] {taskinstance.py:1206} INFO - Marking task as SUCCESS. dag_id=bctc, task_id=ingest_bctc, run_id=manual__2026-01-11T03:22:36.146797+00:00, map_index=59, execution_date=20260111T032236, start_date=20260111T032508, end_date=20260111T032514
[2026-01-11T03:25:14.400+0000] {local_task_job_runner.py:243} INFO - Task exited with return code 0
[2026-01-11T03:25:14.440+0000] {taskinstance.py:3503} INFO - 0 downstream tasks scheduled from follow-on schedule check
[2026-01-11T03:25:14.443+0000] {local_task_job_runner.py:222} INFO - ::endgroup::
