[2026-01-11T03:06:34.903+0000] {local_task_job_runner.py:120} INFO - ::group::Pre task execution logs
[2026-01-11T03:06:34.936+0000] {taskinstance.py:2076} INFO - Dependencies all met for dep_context=non-requeueable deps ti=<TaskInstance: thongtin_cty_bctc.ingest_bctc scheduled__2026-01-04T00:00:00+00:00 map_index=76 [queued]>
[2026-01-11T03:06:34.959+0000] {taskinstance.py:2076} INFO - Dependencies all met for dep_context=requeueable deps ti=<TaskInstance: thongtin_cty_bctc.ingest_bctc scheduled__2026-01-04T00:00:00+00:00 map_index=76 [queued]>
[2026-01-11T03:06:34.960+0000] {taskinstance.py:2306} INFO - Starting attempt 1 of 2
[2026-01-11T03:06:34.978+0000] {taskinstance.py:2330} INFO - Executing <Mapped(DfToCsvOperator): ingest_bctc> on 2026-01-04 00:00:00+00:00
[2026-01-11T03:06:34.989+0000] {warnings.py:112} WARNING - This process (pid=1076) is multi-threaded, use of fork() may lead to deadlocks in the child.

[2026-01-11T03:06:34.991+0000] {standard_task_runner.py:64} INFO - Started process 1133 to run task
[2026-01-11T03:06:34.994+0000] {standard_task_runner.py:90} INFO - Running: ['***', 'tasks', 'run', 'thongtin_cty_bctc', 'ingest_bctc', 'scheduled__2026-01-04T00:00:00+00:00', '--job-id', '9717', '--raw', '--subdir', 'DAGS_FOLDER/tt_cty_bctc.py', '--cfg-path', '/tmp/tmp0x5wra7f', '--map-index', '76']
[2026-01-11T03:06:34.996+0000] {standard_task_runner.py:91} INFO - Job 9717: Subtask ingest_bctc
[2026-01-11T03:06:35.068+0000] {task_command.py:426} INFO - Running <TaskInstance: thongtin_cty_bctc.ingest_bctc scheduled__2026-01-04T00:00:00+00:00 map_index=76 [running]> on host 3f2af93df813
[2026-01-11T03:06:35.194+0000] {taskinstance.py:2648} INFO - Exporting env vars: AIRFLOW_CTX_DAG_OWNER='***' AIRFLOW_CTX_DAG_ID='thongtin_cty_bctc' AIRFLOW_CTX_TASK_ID='ingest_bctc' AIRFLOW_CTX_EXECUTION_DATE='2026-01-04T00:00:00+00:00' AIRFLOW_CTX_TRY_NUMBER='1' AIRFLOW_CTX_DAG_RUN_ID='scheduled__2026-01-04T00:00:00+00:00'
[2026-01-11T03:06:35.195+0000] {taskinstance.py:430} INFO - ::endgroup::
[2026-01-11T03:06:35.205+0000] {logging_mixin.py:188} INFO - Bắt đầu xử lý batch 20 mã: ['CDC', 'CCV', 'CCT', 'CCR', 'CCP', 'CCM', 'CCL', 'CCI', 'CCC', 'CCA', 'CC4', 'CC1', 'CBS', 'CBI', 'CAV', 'CAT', 'CAR', 'CAP', 'CAN', 'CAG']
[2026-01-11T03:06:35.205+0000] {logging_mixin.py:188} INFO -  >> Đang lấy dữ liệu: CDC
[2026-01-11T03:06:35.402+0000] {logging_mixin.py:188} INFO -  Lỗi xử lý mã CDC: Failed to fetch data: 429 - Too Many Requests
[2026-01-11T03:06:35.403+0000] {logging_mixin.py:188} INFO -  >> Đang lấy dữ liệu: CCV
[2026-01-11T03:06:35.512+0000] {logging_mixin.py:188} INFO -  Lỗi xử lý mã CCV: Failed to fetch data: 429 - Too Many Requests
[2026-01-11T03:06:35.513+0000] {logging_mixin.py:188} INFO -  >> Đang lấy dữ liệu: CCT
[2026-01-11T03:06:35.697+0000] {logging_mixin.py:188} INFO -  Lỗi xử lý mã CCT: Failed to fetch data: 429 - Too Many Requests
[2026-01-11T03:06:35.698+0000] {logging_mixin.py:188} INFO -  >> Đang lấy dữ liệu: CCR
[2026-01-11T03:06:35.824+0000] {logging_mixin.py:188} INFO -  Lỗi xử lý mã CCR: Failed to fetch data: 429 - Too Many Requests
[2026-01-11T03:06:35.825+0000] {logging_mixin.py:188} INFO -  >> Đang lấy dữ liệu: CCP
[2026-01-11T03:06:36.749+0000] {logging_mixin.py:188} INFO -  Lỗi xử lý mã CCP: Failed to fetch data: 429 - Too Many Requests
[2026-01-11T03:06:36.750+0000] {logging_mixin.py:188} INFO -  >> Đang lấy dữ liệu: CCM
[2026-01-11T03:06:36.901+0000] {logging_mixin.py:188} INFO -  Lỗi xử lý mã CCM: Failed to fetch data: 429 - Too Many Requests
[2026-01-11T03:06:36.903+0000] {logging_mixin.py:188} INFO -  >> Đang lấy dữ liệu: CCL
[2026-01-11T03:06:37.313+0000] {logging_mixin.py:188} INFO -  Lỗi xử lý mã CCL: Failed to fetch data: 429 - Too Many Requests
[2026-01-11T03:06:37.314+0000] {logging_mixin.py:188} INFO -  >> Đang lấy dữ liệu: CCI
[2026-01-11T03:06:38.068+0000] {logging_mixin.py:188} INFO -  Lỗi xử lý mã CCI: Failed to fetch data: 429 - Too Many Requests
[2026-01-11T03:06:38.069+0000] {logging_mixin.py:188} INFO -  >> Đang lấy dữ liệu: CCC
[2026-01-11T03:06:38.213+0000] {logging_mixin.py:188} INFO -  Lỗi xử lý mã CCC: Failed to fetch data: 429 - Too Many Requests
[2026-01-11T03:06:38.214+0000] {logging_mixin.py:188} INFO -  >> Đang lấy dữ liệu: CCA
[2026-01-11T03:06:38.444+0000] {logging_mixin.py:188} INFO -  Lỗi xử lý mã CCA: Failed to fetch data: 429 - Too Many Requests
[2026-01-11T03:06:38.445+0000] {logging_mixin.py:188} INFO -  >> Đang lấy dữ liệu: CC4
[2026-01-11T03:06:38.585+0000] {logging_mixin.py:188} INFO -  Lỗi xử lý mã CC4: Failed to fetch data: 429 - Too Many Requests
[2026-01-11T03:06:38.586+0000] {logging_mixin.py:188} INFO -  >> Đang lấy dữ liệu: CC1
[2026-01-11T03:06:39.052+0000] {logging_mixin.py:188} INFO -  Lỗi xử lý mã CC1: Failed to fetch data: 429 - Too Many Requests
[2026-01-11T03:06:39.053+0000] {logging_mixin.py:188} INFO -  >> Đang lấy dữ liệu: CBS
[2026-01-11T03:06:39.581+0000] {logging_mixin.py:188} INFO -  Lỗi xử lý mã CBS: Failed to fetch data: 429 - Too Many Requests
[2026-01-11T03:06:39.582+0000] {logging_mixin.py:188} INFO -  >> Đang lấy dữ liệu: CBI
[2026-01-11T03:06:39.708+0000] {logging_mixin.py:188} INFO -  Lỗi xử lý mã CBI: Failed to fetch data: 429 - Too Many Requests
[2026-01-11T03:06:39.709+0000] {logging_mixin.py:188} INFO -  >> Đang lấy dữ liệu: CAV
[2026-01-11T03:06:40.805+0000] {logging_mixin.py:188} INFO -  Lỗi xử lý mã CAV: Failed to fetch data: 429 - Too Many Requests
[2026-01-11T03:06:40.807+0000] {logging_mixin.py:188} INFO -  >> Đang lấy dữ liệu: CAT
[2026-01-11T03:06:41.951+0000] {logging_mixin.py:188} INFO -  Lỗi xử lý mã CAT: Failed to fetch data: 429 - Too Many Requests
[2026-01-11T03:06:41.952+0000] {logging_mixin.py:188} INFO -  >> Đang lấy dữ liệu: CAR
[2026-01-11T03:06:42.318+0000] {logging_mixin.py:188} INFO -  Lỗi xử lý mã CAR: Failed to fetch data: 429 - Too Many Requests
[2026-01-11T03:06:42.319+0000] {logging_mixin.py:188} INFO -  >> Đang lấy dữ liệu: CAP
[2026-01-11T03:06:43.447+0000] {logging_mixin.py:188} INFO -  Lỗi xử lý mã CAP: Failed to fetch data: 429 - Too Many Requests
[2026-01-11T03:06:43.449+0000] {logging_mixin.py:188} INFO -  >> Đang lấy dữ liệu: CAN
[2026-01-11T03:06:43.589+0000] {logging_mixin.py:188} INFO -  Lỗi xử lý mã CAN: Failed to fetch data: 429 - Too Many Requests
[2026-01-11T03:06:43.590+0000] {logging_mixin.py:188} INFO -  >> Đang lấy dữ liệu: CAG
[2026-01-11T03:06:55.181+0000] {logging_mixin.py:188} INFO -  Lỗi xử lý mã CAG: Failed to fetch data: 429 - Too Many Requests
[2026-01-11T03:06:55.183+0000] {logging_mixin.py:188} INFO -  ⚠ Batch này không thu được dữ liệu nào.
[2026-01-11T03:06:55.190+0000] {datalake_df2csv.py:40} INFO - DataFrame rỗng, bỏ qua upload CSV.
[2026-01-11T03:06:55.190+0000] {taskinstance.py:441} INFO - ::group::Post task execution logs
[2026-01-11T03:06:55.498+0000] {taskinstance.py:1206} INFO - Marking task as SUCCESS. dag_id=thongtin_cty_bctc, task_id=ingest_bctc, run_id=scheduled__2026-01-04T00:00:00+00:00, map_index=76, execution_date=20260104T000000, start_date=20260111T030634, end_date=20260111T030655
[2026-01-11T03:06:55.573+0000] {local_task_job_runner.py:243} INFO - Task exited with return code 0
[2026-01-11T03:06:55.593+0000] {taskinstance.py:3503} INFO - 0 downstream tasks scheduled from follow-on schedule check
[2026-01-11T03:06:55.597+0000] {local_task_job_runner.py:222} INFO - ::endgroup::
