[2026-01-12T13:53:57.159+0000] {local_task_job_runner.py:120} INFO - ::group::Pre task execution logs
[2026-01-12T13:53:57.206+0000] {taskinstance.py:2076} INFO - Dependencies all met for dep_context=non-requeueable deps ti=<TaskInstance: daily_price_minio.ingest_daily_price manual__2026-01-12T13:47:34.140161+00:00 map_index=6 [queued]>
[2026-01-12T13:53:57.245+0000] {taskinstance.py:2076} INFO - Dependencies all met for dep_context=requeueable deps ti=<TaskInstance: daily_price_minio.ingest_daily_price manual__2026-01-12T13:47:34.140161+00:00 map_index=6 [queued]>
[2026-01-12T13:53:57.246+0000] {taskinstance.py:2306} INFO - Starting attempt 1 of 2
[2026-01-12T13:53:57.280+0000] {taskinstance.py:2330} INFO - Executing <Mapped(DfToCsvOperator): ingest_daily_price> on 2026-01-12 13:47:34.140161+00:00
[2026-01-12T13:53:57.298+0000] {warnings.py:112} WARNING - This process (pid=15579) is multi-threaded, use of fork() may lead to deadlocks in the child.

[2026-01-12T13:53:57.301+0000] {standard_task_runner.py:64} INFO - Started process 15667 to run task
[2026-01-12T13:53:57.303+0000] {standard_task_runner.py:90} INFO - Running: ['***', 'tasks', 'run', 'daily_price_minio', 'ingest_daily_price', 'manual__2026-01-12T13:47:34.140161+00:00', '--job-id', '11973', '--raw', '--subdir', 'DAGS_FOLDER/daily_price_minio.py', '--cfg-path', '/tmp/tmpz_r73m0_', '--map-index', '6']
[2026-01-12T13:53:57.309+0000] {standard_task_runner.py:91} INFO - Job 11973: Subtask ingest_daily_price
[2026-01-12T13:53:57.416+0000] {task_command.py:426} INFO - Running <TaskInstance: daily_price_minio.ingest_daily_price manual__2026-01-12T13:47:34.140161+00:00 map_index=6 [running]> on host 5a20a797a43c
[2026-01-12T13:53:57.688+0000] {taskinstance.py:2648} INFO - Exporting env vars: AIRFLOW_CTX_DAG_OWNER='***' AIRFLOW_CTX_DAG_ID='daily_price_minio' AIRFLOW_CTX_TASK_ID='ingest_daily_price' AIRFLOW_CTX_EXECUTION_DATE='2026-01-12T13:47:34.140161+00:00' AIRFLOW_CTX_TRY_NUMBER='1' AIRFLOW_CTX_DAG_RUN_ID='manual__2026-01-12T13:47:34.140161+00:00'
[2026-01-12T13:53:57.709+0000] {taskinstance.py:430} INFO - ::endgroup::
[2026-01-12T13:54:01.543+0000] {base.py:84} INFO - Using connection ID 'minio_finance' for task execution.
[2026-01-12T13:54:01.555+0000] {connection_wrapper.py:384} INFO - AWS Connection (conn_id='minio_finance', conn_type='aws') credentials retrieved from login and password.
[2026-01-12T13:54:03.498+0000] {datalake_df2csv.py:52} INFO - ✅ Đã upload 15 dòng -> s3://thongtinn-congty-va-bctc/daily_price/2026-01-12/batch_6.csv
[2026-01-12T13:54:03.500+0000] {taskinstance.py:441} INFO - ::group::Post task execution logs
[2026-01-12T13:54:03.520+0000] {taskinstance.py:1206} INFO - Marking task as SUCCESS. dag_id=daily_price_minio, task_id=ingest_daily_price, run_id=manual__2026-01-12T13:47:34.140161+00:00, map_index=6, execution_date=20260112T134734, start_date=20260112T135357, end_date=20260112T135403
[2026-01-12T13:54:03.620+0000] {local_task_job_runner.py:243} INFO - Task exited with return code 0
[2026-01-12T13:54:03.662+0000] {taskinstance.py:3503} INFO - 0 downstream tasks scheduled from follow-on schedule check
[2026-01-12T13:54:03.667+0000] {local_task_job_runner.py:222} INFO - ::endgroup::
