[2026-01-10T15:10:29.121+0000] {local_task_job_runner.py:120} INFO - ::group::Pre task execution logs
[2026-01-10T15:10:29.225+0000] {taskinstance.py:2076} INFO - Dependencies all met for dep_context=non-requeueable deps ti=<TaskInstance: thongtin_cty_bctc.ingest_bctc scheduled__2025-12-30T00:00:00+00:00 map_index=321 [queued]>
[2026-01-10T15:10:29.509+0000] {taskinstance.py:2076} INFO - Dependencies all met for dep_context=requeueable deps ti=<TaskInstance: thongtin_cty_bctc.ingest_bctc scheduled__2025-12-30T00:00:00+00:00 map_index=321 [queued]>
[2026-01-10T15:10:29.510+0000] {taskinstance.py:2306} INFO - Starting attempt 1 of 2
[2026-01-10T15:10:29.531+0000] {taskinstance.py:2330} INFO - Executing <Mapped(DfToCsvOperator): ingest_bctc> on 2025-12-30 00:00:00+00:00
[2026-01-10T15:10:29.545+0000] {warnings.py:112} WARNING - This process (pid=4989) is multi-threaded, use of fork() may lead to deadlocks in the child.

[2026-01-10T15:10:29.547+0000] {standard_task_runner.py:64} INFO - Started process 5047 to run task
[2026-01-10T15:10:29.549+0000] {standard_task_runner.py:90} INFO - Running: ['***', 'tasks', 'run', 'thongtin_cty_bctc', 'ingest_bctc', 'scheduled__2025-12-30T00:00:00+00:00', '--job-id', '9063', '--raw', '--subdir', 'DAGS_FOLDER/tt_cty_bctc.py', '--cfg-path', '/tmp/tmp5doij454', '--map-index', '321']
[2026-01-10T15:10:29.551+0000] {standard_task_runner.py:91} INFO - Job 9063: Subtask ingest_bctc
[2026-01-10T15:10:29.626+0000] {task_command.py:426} INFO - Running <TaskInstance: thongtin_cty_bctc.ingest_bctc scheduled__2025-12-30T00:00:00+00:00 map_index=321 [running]> on host c44bcb92a951
[2026-01-10T15:10:29.818+0000] {taskinstance.py:2648} INFO - Exporting env vars: AIRFLOW_CTX_DAG_OWNER='***' AIRFLOW_CTX_DAG_ID='thongtin_cty_bctc' AIRFLOW_CTX_TASK_ID='ingest_bctc' AIRFLOW_CTX_EXECUTION_DATE='2025-12-30T00:00:00+00:00' AIRFLOW_CTX_TRY_NUMBER='1' AIRFLOW_CTX_DAG_RUN_ID='scheduled__2025-12-30T00:00:00+00:00'
[2026-01-10T15:10:29.827+0000] {taskinstance.py:430} INFO - ::endgroup::
[2026-01-10T15:10:29.839+0000] {logging_mixin.py:188} INFO - Bắt đầu xử lý batch 3 mã: ['KTC', 'KSV', 'KST']
[2026-01-10T15:10:29.840+0000] {logging_mixin.py:188} INFO -  >> Đang lấy dữ liệu: KTC
[2026-01-10T15:10:32.553+0000] {logging_mixin.py:188} INFO -  >> Đang lấy dữ liệu: KSV
[2026-01-10T15:10:35.342+0000] {logging_mixin.py:188} INFO -  >> Đang lấy dữ liệu: KST
[2026-01-10T15:10:38.334+0000] {logging_mixin.py:188} INFO -  ✓ Hoàn thành batch. Tổng số dòng: 10945
[2026-01-10T15:10:38.448+0000] {base.py:84} INFO - Using connection ID 'minio_finance' for task execution.
[2026-01-10T15:10:38.450+0000] {connection_wrapper.py:384} INFO - AWS Connection (conn_id='minio_finance', conn_type='aws') credentials retrieved from login and password.
[2026-01-10T15:10:39.188+0000] {datalake_df2csv.py:52} INFO - ✅ Đã upload 10945 dòng -> s3://thongtin-congty-va-bctc/bctc/2025-12-30/batch_321.csv
[2026-01-10T15:10:39.191+0000] {taskinstance.py:441} INFO - ::group::Post task execution logs
[2026-01-10T15:10:39.211+0000] {taskinstance.py:1206} INFO - Marking task as SUCCESS. dag_id=thongtin_cty_bctc, task_id=ingest_bctc, run_id=scheduled__2025-12-30T00:00:00+00:00, map_index=321, execution_date=20251230T000000, start_date=20260110T151029, end_date=20260110T151039
[2026-01-10T15:10:39.268+0000] {local_task_job_runner.py:243} INFO - Task exited with return code 0
[2026-01-10T15:10:39.284+0000] {local_task_job_runner.py:222} INFO - ::endgroup::
