[2026-01-11T03:06:44.676+0000] {local_task_job_runner.py:120} INFO - ::group::Pre task execution logs
[2026-01-11T03:06:44.708+0000] {taskinstance.py:2076} INFO - Dependencies all met for dep_context=non-requeueable deps ti=<TaskInstance: thongtin_cty_bctc.ingest_bctc scheduled__2026-01-04T00:00:00+00:00 map_index=84 [queued]>
[2026-01-11T03:06:44.728+0000] {taskinstance.py:2076} INFO - Dependencies all met for dep_context=requeueable deps ti=<TaskInstance: thongtin_cty_bctc.ingest_bctc scheduled__2026-01-04T00:00:00+00:00 map_index=84 [queued]>
[2026-01-11T03:06:44.729+0000] {taskinstance.py:2306} INFO - Starting attempt 1 of 2
[2026-01-11T03:06:44.751+0000] {taskinstance.py:2330} INFO - Executing <Mapped(DfToCsvOperator): ingest_bctc> on 2026-01-04 00:00:00+00:00
[2026-01-11T03:06:44.763+0000] {warnings.py:112} WARNING - This process (pid=1186) is multi-threaded, use of fork() may lead to deadlocks in the child.

[2026-01-11T03:06:44.764+0000] {standard_task_runner.py:64} INFO - Started process 1240 to run task
[2026-01-11T03:06:44.767+0000] {standard_task_runner.py:90} INFO - Running: ['***', 'tasks', 'run', 'thongtin_cty_bctc', 'ingest_bctc', 'scheduled__2026-01-04T00:00:00+00:00', '--job-id', '9728', '--raw', '--subdir', 'DAGS_FOLDER/tt_cty_bctc.py', '--cfg-path', '/tmp/tmp8v7_kifs', '--map-index', '84']
[2026-01-11T03:06:44.768+0000] {standard_task_runner.py:91} INFO - Job 9728: Subtask ingest_bctc
[2026-01-11T03:06:44.828+0000] {task_command.py:426} INFO - Running <TaskInstance: thongtin_cty_bctc.ingest_bctc scheduled__2026-01-04T00:00:00+00:00 map_index=84 [running]> on host 3f2af93df813
[2026-01-11T03:06:44.954+0000] {taskinstance.py:2648} INFO - Exporting env vars: AIRFLOW_CTX_DAG_OWNER='***' AIRFLOW_CTX_DAG_ID='thongtin_cty_bctc' AIRFLOW_CTX_TASK_ID='ingest_bctc' AIRFLOW_CTX_EXECUTION_DATE='2026-01-04T00:00:00+00:00' AIRFLOW_CTX_TRY_NUMBER='1' AIRFLOW_CTX_DAG_RUN_ID='scheduled__2026-01-04T00:00:00+00:00'
[2026-01-11T03:06:44.956+0000] {taskinstance.py:430} INFO - ::endgroup::
[2026-01-11T03:06:44.965+0000] {logging_mixin.py:188} INFO - Bắt đầu xử lý batch 20 mã: ['APH', 'APG', 'APF', 'APC', 'ANV', 'ANT', 'AMV', 'AMS', 'AMP', 'AME', 'AMD', 'AMC', 'ALV', 'ALT', 'AIG', 'AIC', 'AGX', 'AGR', 'AGP', 'AGM']
[2026-01-11T03:06:44.965+0000] {logging_mixin.py:188} INFO -  >> Đang lấy dữ liệu: APH
[2026-01-11T03:06:45.116+0000] {logging_mixin.py:188} INFO -  Lỗi xử lý mã APH: Failed to fetch data: 429 - Too Many Requests
[2026-01-11T03:06:45.117+0000] {logging_mixin.py:188} INFO -  >> Đang lấy dữ liệu: APG
[2026-01-11T03:06:45.278+0000] {logging_mixin.py:188} INFO -  Lỗi xử lý mã APG: Failed to fetch data: 429 - Too Many Requests
[2026-01-11T03:06:45.280+0000] {logging_mixin.py:188} INFO -  >> Đang lấy dữ liệu: APF
[2026-01-11T03:06:45.757+0000] {logging_mixin.py:188} INFO -  Lỗi xử lý mã APF: Failed to fetch data: 429 - Too Many Requests
[2026-01-11T03:06:45.759+0000] {logging_mixin.py:188} INFO -  >> Đang lấy dữ liệu: APC
[2026-01-11T03:06:47.184+0000] {logging_mixin.py:188} INFO -  Lỗi xử lý mã APC: Failed to fetch data: 429 - Too Many Requests
[2026-01-11T03:06:47.185+0000] {logging_mixin.py:188} INFO -  >> Đang lấy dữ liệu: ANV
[2026-01-11T03:06:47.320+0000] {logging_mixin.py:188} INFO -  Lỗi xử lý mã ANV: Failed to fetch data: 429 - Too Many Requests
[2026-01-11T03:06:47.321+0000] {logging_mixin.py:188} INFO -  >> Đang lấy dữ liệu: ANT
[2026-01-11T03:06:48.993+0000] {logging_mixin.py:188} INFO -  Lỗi xử lý mã ANT: Failed to fetch data: 429 - Too Many Requests
[2026-01-11T03:06:48.994+0000] {logging_mixin.py:188} INFO -  >> Đang lấy dữ liệu: AMV
[2026-01-11T03:06:49.878+0000] {logging_mixin.py:188} INFO -  Lỗi xử lý mã AMV: Failed to fetch data: 429 - Too Many Requests
[2026-01-11T03:06:49.879+0000] {logging_mixin.py:188} INFO -  >> Đang lấy dữ liệu: AMS
[2026-01-11T03:06:50.727+0000] {logging_mixin.py:188} INFO -  Lỗi xử lý mã AMS: Failed to fetch data: 429 - Too Many Requests
[2026-01-11T03:06:50.728+0000] {logging_mixin.py:188} INFO -  >> Đang lấy dữ liệu: AMP
[2026-01-11T03:06:51.751+0000] {logging_mixin.py:188} INFO -  Lỗi xử lý mã AMP: Failed to fetch data: 429 - Too Many Requests
[2026-01-11T03:06:51.752+0000] {logging_mixin.py:188} INFO -  >> Đang lấy dữ liệu: AME
[2026-01-11T03:06:51.935+0000] {logging_mixin.py:188} INFO -  Lỗi xử lý mã AME: Failed to fetch data: 429 - Too Many Requests
[2026-01-11T03:06:51.936+0000] {logging_mixin.py:188} INFO -  >> Đang lấy dữ liệu: AMD
[2026-01-11T03:06:52.245+0000] {logging_mixin.py:188} INFO -  Lỗi xử lý mã AMD: Failed to fetch data: 429 - Too Many Requests
[2026-01-11T03:06:52.246+0000] {logging_mixin.py:188} INFO -  >> Đang lấy dữ liệu: AMC
[2026-01-11T03:06:52.531+0000] {logging_mixin.py:188} INFO -  Lỗi xử lý mã AMC: Failed to fetch data: 429 - Too Many Requests
[2026-01-11T03:06:52.533+0000] {logging_mixin.py:188} INFO -  >> Đang lấy dữ liệu: ALV
[2026-01-11T03:06:52.653+0000] {logging_mixin.py:188} INFO -  Lỗi xử lý mã ALV: Failed to fetch data: 429 - Too Many Requests
[2026-01-11T03:06:52.654+0000] {logging_mixin.py:188} INFO -  >> Đang lấy dữ liệu: ALT
[2026-01-11T03:06:52.782+0000] {logging_mixin.py:188} INFO -  Lỗi xử lý mã ALT: Failed to fetch data: 429 - Too Many Requests
[2026-01-11T03:06:52.784+0000] {logging_mixin.py:188} INFO -  >> Đang lấy dữ liệu: AIG
[2026-01-11T03:06:53.429+0000] {logging_mixin.py:188} INFO -  Lỗi xử lý mã AIG: Failed to fetch data: 429 - Too Many Requests
[2026-01-11T03:06:53.430+0000] {logging_mixin.py:188} INFO -  >> Đang lấy dữ liệu: AIC
[2026-01-11T03:06:53.643+0000] {logging_mixin.py:188} INFO -  Lỗi xử lý mã AIC: Failed to fetch data: 429 - Too Many Requests
[2026-01-11T03:06:53.644+0000] {logging_mixin.py:188} INFO -  >> Đang lấy dữ liệu: AGX
[2026-01-11T03:06:53.945+0000] {logging_mixin.py:188} INFO -  Lỗi xử lý mã AGX: Failed to fetch data: 429 - Too Many Requests
[2026-01-11T03:06:53.946+0000] {logging_mixin.py:188} INFO -  >> Đang lấy dữ liệu: AGR
[2026-01-11T03:06:54.063+0000] {logging_mixin.py:188} INFO -  Lỗi xử lý mã AGR: Failed to fetch data: 429 - Too Many Requests
[2026-01-11T03:06:54.065+0000] {logging_mixin.py:188} INFO -  >> Đang lấy dữ liệu: AGP
[2026-01-11T03:06:54.331+0000] {logging_mixin.py:188} INFO -  Lỗi xử lý mã AGP: Failed to fetch data: 429 - Too Many Requests
[2026-01-11T03:06:54.332+0000] {logging_mixin.py:188} INFO -  >> Đang lấy dữ liệu: AGM
[2026-01-11T03:06:54.523+0000] {logging_mixin.py:188} INFO -  Lỗi xử lý mã AGM: Failed to fetch data: 429 - Too Many Requests
[2026-01-11T03:06:54.524+0000] {logging_mixin.py:188} INFO -  ⚠ Batch này không thu được dữ liệu nào.
[2026-01-11T03:06:54.528+0000] {datalake_df2csv.py:40} INFO - DataFrame rỗng, bỏ qua upload CSV.
[2026-01-11T03:06:54.528+0000] {taskinstance.py:441} INFO - ::group::Post task execution logs
[2026-01-11T03:06:54.818+0000] {taskinstance.py:1206} INFO - Marking task as SUCCESS. dag_id=thongtin_cty_bctc, task_id=ingest_bctc, run_id=scheduled__2026-01-04T00:00:00+00:00, map_index=84, execution_date=20260104T000000, start_date=20260111T030644, end_date=20260111T030654
[2026-01-11T03:06:54.860+0000] {local_task_job_runner.py:243} INFO - Task exited with return code 0
[2026-01-11T03:06:54.876+0000] {taskinstance.py:3503} INFO - 0 downstream tasks scheduled from follow-on schedule check
[2026-01-11T03:06:54.880+0000] {local_task_job_runner.py:222} INFO - ::endgroup::
