[2025-12-31T14:40:34.201+0000] {local_task_job_runner.py:120} INFO - ::group::Pre task execution logs
[2025-12-31T14:40:34.236+0000] {taskinstance.py:2076} INFO - Dependencies all met for dep_context=non-requeueable deps ti=<TaskInstance: thongtin_cty_bctc.ingest_bctc scheduled__2025-12-30T00:00:00+00:00 map_index=5 [queued]>
[2025-12-31T14:40:34.263+0000] {taskinstance.py:2076} INFO - Dependencies all met for dep_context=requeueable deps ti=<TaskInstance: thongtin_cty_bctc.ingest_bctc scheduled__2025-12-30T00:00:00+00:00 map_index=5 [queued]>
[2025-12-31T14:40:34.263+0000] {taskinstance.py:2306} INFO - Starting attempt 2 of 2
[2025-12-31T14:40:34.282+0000] {taskinstance.py:2330} INFO - Executing <Mapped(DfToCsvOperator): ingest_bctc> on 2025-12-30 00:00:00+00:00
[2025-12-31T14:40:34.295+0000] {warnings.py:112} WARNING - This process (pid=4683) is multi-threaded, use of fork() may lead to deadlocks in the child.

[2025-12-31T14:40:34.297+0000] {standard_task_runner.py:64} INFO - Started process 4741 to run task
[2025-12-31T14:40:34.299+0000] {standard_task_runner.py:90} INFO - Running: ['***', 'tasks', 'run', 'thongtin_cty_bctc', 'ingest_bctc', 'scheduled__2025-12-30T00:00:00+00:00', '--job-id', '374', '--raw', '--subdir', 'DAGS_FOLDER/tt_cty_bctc.py', '--cfg-path', '/tmp/tmpk3_o0eia', '--map-index', '5']
[2025-12-31T14:40:34.301+0000] {standard_task_runner.py:91} INFO - Job 374: Subtask ingest_bctc
[2025-12-31T14:40:34.363+0000] {task_command.py:426} INFO - Running <TaskInstance: thongtin_cty_bctc.ingest_bctc scheduled__2025-12-30T00:00:00+00:00 map_index=5 [running]> on host 8bc7f11ea9a4
[2025-12-31T14:40:34.491+0000] {taskinstance.py:2648} INFO - Exporting env vars: AIRFLOW_CTX_DAG_OWNER='***' AIRFLOW_CTX_DAG_ID='thongtin_cty_bctc' AIRFLOW_CTX_TASK_ID='ingest_bctc' AIRFLOW_CTX_EXECUTION_DATE='2025-12-30T00:00:00+00:00' AIRFLOW_CTX_TRY_NUMBER='2' AIRFLOW_CTX_DAG_RUN_ID='scheduled__2025-12-30T00:00:00+00:00'
[2025-12-31T14:40:34.493+0000] {taskinstance.py:430} INFO - ::endgroup::
[2025-12-31T14:40:34.500+0000] {logging_mixin.py:188} INFO - Bắt đầu xử lý batch 20 mã: ['VMC', 'VMA', 'VLW', 'VLS', 'VLP', 'VLG', 'VLF', 'VLC', 'VLB', 'VLA', 'VKP', 'VKD', 'VKC', 'VJC', 'VIX', 'VIW', 'VIT', 'VIS', 'VIR', 'VIP']
[2025-12-31T14:40:34.501+0000] {logging_mixin.py:188} INFO -  >> Đang lấy dữ liệu: VMC
[2025-12-31T14:40:34.643+0000] {logging_mixin.py:188} INFO -  Lỗi xử lý mã VMC: Failed to fetch data: 429 - Too Many Requests
[2025-12-31T14:40:34.644+0000] {logging_mixin.py:188} INFO -  >> Đang lấy dữ liệu: VMA
[2025-12-31T14:40:34.755+0000] {logging_mixin.py:188} INFO -  Lỗi xử lý mã VMA: Failed to fetch data: 429 - Too Many Requests
[2025-12-31T14:40:34.757+0000] {logging_mixin.py:188} INFO -  >> Đang lấy dữ liệu: VLW
[2025-12-31T14:40:34.868+0000] {logging_mixin.py:188} INFO -  Lỗi xử lý mã VLW: Failed to fetch data: 429 - Too Many Requests
[2025-12-31T14:40:34.869+0000] {logging_mixin.py:188} INFO -  >> Đang lấy dữ liệu: VLS
[2025-12-31T14:40:34.984+0000] {logging_mixin.py:188} INFO -  Lỗi xử lý mã VLS: Failed to fetch data: 429 - Too Many Requests
[2025-12-31T14:40:34.985+0000] {logging_mixin.py:188} INFO -  >> Đang lấy dữ liệu: VLP
[2025-12-31T14:40:35.120+0000] {logging_mixin.py:188} INFO -  Lỗi xử lý mã VLP: Failed to fetch data: 429 - Too Many Requests
[2025-12-31T14:40:35.121+0000] {logging_mixin.py:188} INFO -  >> Đang lấy dữ liệu: VLG
[2025-12-31T14:40:35.234+0000] {logging_mixin.py:188} INFO -  Lỗi xử lý mã VLG: Failed to fetch data: 429 - Too Many Requests
[2025-12-31T14:40:35.235+0000] {logging_mixin.py:188} INFO -  >> Đang lấy dữ liệu: VLF
[2025-12-31T14:40:35.345+0000] {logging_mixin.py:188} INFO -  Lỗi xử lý mã VLF: Failed to fetch data: 429 - Too Many Requests
[2025-12-31T14:40:35.346+0000] {logging_mixin.py:188} INFO -  >> Đang lấy dữ liệu: VLC
[2025-12-31T14:40:35.459+0000] {logging_mixin.py:188} INFO -  Lỗi xử lý mã VLC: Failed to fetch data: 429 - Too Many Requests
[2025-12-31T14:40:35.460+0000] {logging_mixin.py:188} INFO -  >> Đang lấy dữ liệu: VLB
[2025-12-31T14:40:35.573+0000] {logging_mixin.py:188} INFO -  Lỗi xử lý mã VLB: Failed to fetch data: 429 - Too Many Requests
[2025-12-31T14:40:35.574+0000] {logging_mixin.py:188} INFO -  >> Đang lấy dữ liệu: VLA
[2025-12-31T14:40:35.718+0000] {logging_mixin.py:188} INFO -  Lỗi xử lý mã VLA: Failed to fetch data: 429 - Too Many Requests
[2025-12-31T14:40:35.719+0000] {logging_mixin.py:188} INFO -  >> Đang lấy dữ liệu: VKP
[2025-12-31T14:40:35.842+0000] {logging_mixin.py:188} INFO -  Lỗi xử lý mã VKP: Failed to fetch data: 429 - Too Many Requests
[2025-12-31T14:40:35.843+0000] {logging_mixin.py:188} INFO -  >> Đang lấy dữ liệu: VKD
[2025-12-31T14:40:35.955+0000] {logging_mixin.py:188} INFO -  Lỗi xử lý mã VKD: Failed to fetch data: 429 - Too Many Requests
[2025-12-31T14:40:35.956+0000] {logging_mixin.py:188} INFO -  >> Đang lấy dữ liệu: VKC
[2025-12-31T14:40:36.077+0000] {logging_mixin.py:188} INFO -  Lỗi xử lý mã VKC: Failed to fetch data: 429 - Too Many Requests
[2025-12-31T14:40:36.078+0000] {logging_mixin.py:188} INFO -  >> Đang lấy dữ liệu: VJC
[2025-12-31T14:40:36.190+0000] {logging_mixin.py:188} INFO -  Lỗi xử lý mã VJC: Failed to fetch data: 429 - Too Many Requests
[2025-12-31T14:40:36.191+0000] {logging_mixin.py:188} INFO -  >> Đang lấy dữ liệu: VIX
[2025-12-31T14:40:36.307+0000] {logging_mixin.py:188} INFO -  Lỗi xử lý mã VIX: Failed to fetch data: 429 - Too Many Requests
[2025-12-31T14:40:36.309+0000] {logging_mixin.py:188} INFO -  >> Đang lấy dữ liệu: VIW
[2025-12-31T14:40:36.509+0000] {logging_mixin.py:188} INFO -  Lỗi xử lý mã VIW: Failed to fetch data: 429 - Too Many Requests
[2025-12-31T14:40:36.511+0000] {logging_mixin.py:188} INFO -  >> Đang lấy dữ liệu: VIT
[2025-12-31T14:40:36.656+0000] {logging_mixin.py:188} INFO -  Lỗi xử lý mã VIT: Failed to fetch data: 429 - Too Many Requests
[2025-12-31T14:40:36.658+0000] {logging_mixin.py:188} INFO -  >> Đang lấy dữ liệu: VIS
[2025-12-31T14:40:36.808+0000] {logging_mixin.py:188} INFO -  Lỗi xử lý mã VIS: Failed to fetch data: 429 - Too Many Requests
[2025-12-31T14:40:36.809+0000] {logging_mixin.py:188} INFO -  >> Đang lấy dữ liệu: VIR
[2025-12-31T14:40:37.057+0000] {logging_mixin.py:188} INFO -  Lỗi xử lý mã VIR: Failed to fetch data: 429 - Too Many Requests
[2025-12-31T14:40:37.059+0000] {logging_mixin.py:188} INFO -  >> Đang lấy dữ liệu: VIP
[2025-12-31T14:40:37.692+0000] {logging_mixin.py:188} INFO -  Lỗi xử lý mã VIP: Failed to fetch data: 429 - Too Many Requests
[2025-12-31T14:40:37.693+0000] {logging_mixin.py:188} INFO -  ⚠ Batch này không thu được dữ liệu nào.
[2025-12-31T14:40:37.700+0000] {datalake_df2csv.py:40} INFO - DataFrame rỗng, bỏ qua upload CSV.
[2025-12-31T14:40:37.701+0000] {taskinstance.py:441} INFO - ::group::Post task execution logs
[2025-12-31T14:40:37.713+0000] {taskinstance.py:1206} INFO - Marking task as SUCCESS. dag_id=thongtin_cty_bctc, task_id=ingest_bctc, run_id=scheduled__2025-12-30T00:00:00+00:00, map_index=5, execution_date=20251230T000000, start_date=20251231T144034, end_date=20251231T144037
[2025-12-31T14:40:38.046+0000] {local_task_job_runner.py:243} INFO - Task exited with return code 0
[2025-12-31T14:40:38.074+0000] {taskinstance.py:3503} INFO - 0 downstream tasks scheduled from follow-on schedule check
[2025-12-31T14:40:38.079+0000] {local_task_job_runner.py:222} INFO - ::endgroup::
