[2026-01-01T02:34:38.529+0000] {local_task_job_runner.py:120} INFO - ::group::Pre task execution logs
[2026-01-01T02:34:38.620+0000] {taskinstance.py:2076} INFO - Dependencies all met for dep_context=non-requeueable deps ti=<TaskInstance: thongtin_cty_bctc.ingest_bctc scheduled__2025-12-30T00:00:00+00:00 map_index=5 [queued]>
[2026-01-01T02:34:38.672+0000] {taskinstance.py:2076} INFO - Dependencies all met for dep_context=requeueable deps ti=<TaskInstance: thongtin_cty_bctc.ingest_bctc scheduled__2025-12-30T00:00:00+00:00 map_index=5 [queued]>
[2026-01-01T02:34:38.673+0000] {taskinstance.py:2306} INFO - Starting attempt 3 of 4
[2026-01-01T02:34:38.702+0000] {taskinstance.py:2330} INFO - Executing <Mapped(DfToCsvOperator): ingest_bctc> on 2025-12-30 00:00:00+00:00
[2026-01-01T02:34:38.734+0000] {warnings.py:112} WARNING - This process (pid=14913) is multi-threaded, use of fork() may lead to deadlocks in the child.

[2026-01-01T02:34:38.743+0000] {standard_task_runner.py:64} INFO - Started process 15068 to run task
[2026-01-01T02:34:38.756+0000] {standard_task_runner.py:90} INFO - Running: ['***', 'tasks', 'run', 'thongtin_cty_bctc', 'ingest_bctc', 'scheduled__2025-12-30T00:00:00+00:00', '--job-id', '1891', '--raw', '--subdir', 'DAGS_FOLDER/tt_cty_bctc.py', '--cfg-path', '/tmp/tmp4jshbwdl', '--map-index', '5']
[2026-01-01T02:34:38.760+0000] {standard_task_runner.py:91} INFO - Job 1891: Subtask ingest_bctc
[2026-01-01T02:34:38.944+0000] {task_command.py:426} INFO - Running <TaskInstance: thongtin_cty_bctc.ingest_bctc scheduled__2025-12-30T00:00:00+00:00 map_index=5 [running]> on host 43b0a0f7606b
[2026-01-01T02:34:39.214+0000] {taskinstance.py:2648} INFO - Exporting env vars: AIRFLOW_CTX_DAG_OWNER='***' AIRFLOW_CTX_DAG_ID='thongtin_cty_bctc' AIRFLOW_CTX_TASK_ID='ingest_bctc' AIRFLOW_CTX_EXECUTION_DATE='2025-12-30T00:00:00+00:00' AIRFLOW_CTX_TRY_NUMBER='3' AIRFLOW_CTX_DAG_RUN_ID='scheduled__2025-12-30T00:00:00+00:00'
[2026-01-01T02:34:39.218+0000] {taskinstance.py:430} INFO - ::endgroup::
[2026-01-01T02:34:39.243+0000] {logging_mixin.py:188} INFO - Bắt đầu xử lý batch 20 mã: ['VMC', 'VMA', 'VLW', 'VLS', 'VLP', 'VLG', 'VLF', 'VLC', 'VLB', 'VLA', 'VKP', 'VKD', 'VKC', 'VJC', 'VIX', 'VIW', 'VIT', 'VIS', 'VIR', 'VIP']
[2026-01-01T02:34:39.245+0000] {logging_mixin.py:188} INFO -  >> Đang lấy dữ liệu: VMC
[2026-01-01T02:34:39.455+0000] {logging_mixin.py:188} INFO -  Lỗi xử lý mã VMC: Failed to fetch data: 429 - Too Many Requests
[2026-01-01T02:34:39.459+0000] {logging_mixin.py:188} INFO -  >> Đang lấy dữ liệu: VMA
[2026-01-01T02:34:39.653+0000] {logging_mixin.py:188} INFO -  Lỗi xử lý mã VMA: Failed to fetch data: 429 - Too Many Requests
[2026-01-01T02:34:39.657+0000] {logging_mixin.py:188} INFO -  >> Đang lấy dữ liệu: VLW
[2026-01-01T02:34:39.806+0000] {logging_mixin.py:188} INFO -  Lỗi xử lý mã VLW: Failed to fetch data: 429 - Too Many Requests
[2026-01-01T02:34:39.807+0000] {logging_mixin.py:188} INFO -  >> Đang lấy dữ liệu: VLS
[2026-01-01T02:34:39.947+0000] {logging_mixin.py:188} INFO -  Lỗi xử lý mã VLS: Failed to fetch data: 429 - Too Many Requests
[2026-01-01T02:34:39.948+0000] {logging_mixin.py:188} INFO -  >> Đang lấy dữ liệu: VLP
[2026-01-01T02:34:40.083+0000] {logging_mixin.py:188} INFO -  Lỗi xử lý mã VLP: Failed to fetch data: 429 - Too Many Requests
[2026-01-01T02:34:40.084+0000] {logging_mixin.py:188} INFO -  >> Đang lấy dữ liệu: VLG
[2026-01-01T02:34:40.221+0000] {logging_mixin.py:188} INFO -  Lỗi xử lý mã VLG: Failed to fetch data: 429 - Too Many Requests
[2026-01-01T02:34:40.222+0000] {logging_mixin.py:188} INFO -  >> Đang lấy dữ liệu: VLF
[2026-01-01T02:34:40.350+0000] {logging_mixin.py:188} INFO -  Lỗi xử lý mã VLF: Failed to fetch data: 429 - Too Many Requests
[2026-01-01T02:34:40.351+0000] {logging_mixin.py:188} INFO -  >> Đang lấy dữ liệu: VLC
[2026-01-01T02:34:40.504+0000] {logging_mixin.py:188} INFO -  Lỗi xử lý mã VLC: Failed to fetch data: 429 - Too Many Requests
[2026-01-01T02:34:40.505+0000] {logging_mixin.py:188} INFO -  >> Đang lấy dữ liệu: VLB
[2026-01-01T02:34:40.636+0000] {logging_mixin.py:188} INFO -  Lỗi xử lý mã VLB: Failed to fetch data: 429 - Too Many Requests
[2026-01-01T02:34:40.637+0000] {logging_mixin.py:188} INFO -  >> Đang lấy dữ liệu: VLA
[2026-01-01T02:34:40.783+0000] {logging_mixin.py:188} INFO -  Lỗi xử lý mã VLA: Failed to fetch data: 429 - Too Many Requests
[2026-01-01T02:34:40.784+0000] {logging_mixin.py:188} INFO -  >> Đang lấy dữ liệu: VKP
[2026-01-01T02:34:40.922+0000] {logging_mixin.py:188} INFO -  Lỗi xử lý mã VKP: Failed to fetch data: 429 - Too Many Requests
[2026-01-01T02:34:40.923+0000] {logging_mixin.py:188} INFO -  >> Đang lấy dữ liệu: VKD
[2026-01-01T02:34:41.059+0000] {logging_mixin.py:188} INFO -  Lỗi xử lý mã VKD: Failed to fetch data: 429 - Too Many Requests
[2026-01-01T02:34:41.060+0000] {logging_mixin.py:188} INFO -  >> Đang lấy dữ liệu: VKC
[2026-01-01T02:34:41.183+0000] {logging_mixin.py:188} INFO -  Lỗi xử lý mã VKC: Failed to fetch data: 429 - Too Many Requests
[2026-01-01T02:34:41.184+0000] {logging_mixin.py:188} INFO -  >> Đang lấy dữ liệu: VJC
[2026-01-01T02:34:41.319+0000] {logging_mixin.py:188} INFO -  Lỗi xử lý mã VJC: Failed to fetch data: 429 - Too Many Requests
[2026-01-01T02:34:41.320+0000] {logging_mixin.py:188} INFO -  >> Đang lấy dữ liệu: VIX
[2026-01-01T02:34:41.465+0000] {logging_mixin.py:188} INFO -  Lỗi xử lý mã VIX: Failed to fetch data: 429 - Too Many Requests
[2026-01-01T02:34:41.466+0000] {logging_mixin.py:188} INFO -  >> Đang lấy dữ liệu: VIW
[2026-01-01T02:34:41.659+0000] {logging_mixin.py:188} INFO -  Lỗi xử lý mã VIW: Failed to fetch data: 429 - Too Many Requests
[2026-01-01T02:34:41.660+0000] {logging_mixin.py:188} INFO -  >> Đang lấy dữ liệu: VIT
[2026-01-01T02:34:41.806+0000] {logging_mixin.py:188} INFO -  Lỗi xử lý mã VIT: Failed to fetch data: 429 - Too Many Requests
[2026-01-01T02:34:41.807+0000] {logging_mixin.py:188} INFO -  >> Đang lấy dữ liệu: VIS
[2026-01-01T02:34:41.969+0000] {logging_mixin.py:188} INFO -  Lỗi xử lý mã VIS: Failed to fetch data: 429 - Too Many Requests
[2026-01-01T02:34:41.971+0000] {logging_mixin.py:188} INFO -  >> Đang lấy dữ liệu: VIR
[2026-01-01T02:34:42.123+0000] {logging_mixin.py:188} INFO -  Lỗi xử lý mã VIR: Failed to fetch data: 429 - Too Many Requests
[2026-01-01T02:34:42.125+0000] {logging_mixin.py:188} INFO -  >> Đang lấy dữ liệu: VIP
[2026-01-01T02:34:42.292+0000] {logging_mixin.py:188} INFO -  Lỗi xử lý mã VIP: Failed to fetch data: 429 - Too Many Requests
[2026-01-01T02:34:42.294+0000] {logging_mixin.py:188} INFO -  ⚠ Batch này không thu được dữ liệu nào.
[2026-01-01T02:34:42.299+0000] {datalake_df2csv.py:40} INFO - DataFrame rỗng, bỏ qua upload CSV.
[2026-01-01T02:34:42.300+0000] {taskinstance.py:441} INFO - ::group::Post task execution logs
[2026-01-01T02:34:42.315+0000] {taskinstance.py:1206} INFO - Marking task as SUCCESS. dag_id=thongtin_cty_bctc, task_id=ingest_bctc, run_id=scheduled__2025-12-30T00:00:00+00:00, map_index=5, execution_date=20251230T000000, start_date=20260101T023438, end_date=20260101T023442
[2026-01-01T02:34:42.356+0000] {local_task_job_runner.py:243} INFO - Task exited with return code 0
[2026-01-01T02:34:42.392+0000] {taskinstance.py:3503} INFO - 0 downstream tasks scheduled from follow-on schedule check
[2026-01-01T02:34:42.394+0000] {local_task_job_runner.py:222} INFO - ::endgroup::
