[2026-01-01T03:01:21.788+0000] {local_task_job_runner.py:120} INFO - ::group::Pre task execution logs
[2026-01-01T03:01:21.827+0000] {taskinstance.py:2076} INFO - Dependencies all met for dep_context=non-requeueable deps ti=<TaskInstance: thongtin_cty_bctc.ingest_bctc manual__2026-01-01T02:33:01.279885+00:00 map_index=0 [queued]>
[2026-01-01T03:01:21.846+0000] {taskinstance.py:2076} INFO - Dependencies all met for dep_context=requeueable deps ti=<TaskInstance: thongtin_cty_bctc.ingest_bctc manual__2026-01-01T02:33:01.279885+00:00 map_index=0 [queued]>
[2026-01-01T03:01:21.848+0000] {taskinstance.py:2306} INFO - Starting attempt 3 of 4
[2026-01-01T03:01:21.884+0000] {taskinstance.py:2330} INFO - Executing <Mapped(DfToCsvOperator): ingest_bctc> on 2026-01-01 02:33:01.279885+00:00
[2026-01-01T03:01:21.911+0000] {warnings.py:112} WARNING - This process (pid=24213) is multi-threaded, use of fork() may lead to deadlocks in the child.

[2026-01-01T03:01:21.914+0000] {standard_task_runner.py:64} INFO - Started process 24364 to run task
[2026-01-01T03:01:21.928+0000] {standard_task_runner.py:90} INFO - Running: ['***', 'tasks', 'run', 'thongtin_cty_bctc', 'ingest_bctc', 'manual__2026-01-01T02:33:01.279885+00:00', '--job-id', '2712', '--raw', '--subdir', 'DAGS_FOLDER/tt_cty_bctc.py', '--cfg-path', '/tmp/tmpf4kettg0', '--map-index', '0']
[2026-01-01T03:01:21.936+0000] {standard_task_runner.py:91} INFO - Job 2712: Subtask ingest_bctc
[2026-01-01T03:01:22.072+0000] {task_command.py:426} INFO - Running <TaskInstance: thongtin_cty_bctc.ingest_bctc manual__2026-01-01T02:33:01.279885+00:00 map_index=0 [running]> on host 43b0a0f7606b
[2026-01-01T03:01:22.399+0000] {taskinstance.py:2648} INFO - Exporting env vars: AIRFLOW_CTX_DAG_OWNER='***' AIRFLOW_CTX_DAG_ID='thongtin_cty_bctc' AIRFLOW_CTX_TASK_ID='ingest_bctc' AIRFLOW_CTX_EXECUTION_DATE='2026-01-01T02:33:01.279885+00:00' AIRFLOW_CTX_TRY_NUMBER='3' AIRFLOW_CTX_DAG_RUN_ID='manual__2026-01-01T02:33:01.279885+00:00'
[2026-01-01T03:01:22.404+0000] {taskinstance.py:430} INFO - ::endgroup::
[2026-01-01T03:01:22.441+0000] {logging_mixin.py:188} INFO - Bắt đầu xử lý batch 3 mã: ['VNM', 'FPT', 'HPG']
[2026-01-01T03:01:22.442+0000] {logging_mixin.py:188} INFO -  >> Đang lấy dữ liệu: VNM
[2026-01-01T03:01:22.652+0000] {logging_mixin.py:188} INFO -  Lỗi xử lý mã VNM: Failed to fetch data: 429 - Too Many Requests
[2026-01-01T03:01:22.654+0000] {logging_mixin.py:188} INFO -  >> Đang lấy dữ liệu: FPT
[2026-01-01T03:01:22.814+0000] {logging_mixin.py:188} INFO -  Lỗi xử lý mã FPT: Failed to fetch data: 429 - Too Many Requests
[2026-01-01T03:01:22.836+0000] {logging_mixin.py:188} INFO -  >> Đang lấy dữ liệu: HPG
[2026-01-01T03:01:23.017+0000] {logging_mixin.py:188} INFO -  Lỗi xử lý mã HPG: Failed to fetch data: 429 - Too Many Requests
[2026-01-01T03:01:23.020+0000] {logging_mixin.py:188} INFO -  ⚠ Batch này không thu được dữ liệu nào.
[2026-01-01T03:01:23.029+0000] {datalake_df2csv.py:40} INFO - DataFrame rỗng, bỏ qua upload CSV.
[2026-01-01T03:01:23.030+0000] {taskinstance.py:441} INFO - ::group::Post task execution logs
[2026-01-01T03:01:23.052+0000] {taskinstance.py:1206} INFO - Marking task as SUCCESS. dag_id=thongtin_cty_bctc, task_id=ingest_bctc, run_id=manual__2026-01-01T02:33:01.279885+00:00, map_index=0, execution_date=20260101T023301, start_date=20260101T030121, end_date=20260101T030123
[2026-01-01T03:01:23.112+0000] {local_task_job_runner.py:243} INFO - Task exited with return code 0
[2026-01-01T03:01:23.137+0000] {local_task_job_runner.py:222} INFO - ::endgroup::
