[2026-01-01T02:59:42.992+0000] {local_task_job_runner.py:120} INFO - ::group::Pre task execution logs
[2026-01-01T02:59:43.503+0000] {taskinstance.py:2076} INFO - Dependencies all met for dep_context=non-requeueable deps ti=<TaskInstance: thongtin_cty_bctc.ingest_bctc scheduled__2025-12-31T00:00:00+00:00 map_index=28 [queued]>
[2026-01-01T02:59:43.632+0000] {taskinstance.py:2076} INFO - Dependencies all met for dep_context=requeueable deps ti=<TaskInstance: thongtin_cty_bctc.ingest_bctc scheduled__2025-12-31T00:00:00+00:00 map_index=28 [queued]>
[2026-01-01T02:59:43.634+0000] {taskinstance.py:2306} INFO - Starting attempt 2 of 3
[2026-01-01T02:59:43.660+0000] {taskinstance.py:2330} INFO - Executing <Mapped(DfToCsvOperator): ingest_bctc> on 2025-12-31 00:00:00+00:00
[2026-01-01T02:59:43.679+0000] {warnings.py:112} WARNING - This process (pid=22181) is multi-threaded, use of fork() may lead to deadlocks in the child.

[2026-01-01T02:59:43.683+0000] {standard_task_runner.py:64} INFO - Started process 22290 to run task
[2026-01-01T02:59:43.684+0000] {standard_task_runner.py:90} INFO - Running: ['***', 'tasks', 'run', 'thongtin_cty_bctc', 'ingest_bctc', 'scheduled__2025-12-31T00:00:00+00:00', '--job-id', '2528', '--raw', '--subdir', 'DAGS_FOLDER/tt_cty_bctc.py', '--cfg-path', '/tmp/tmpareis4qe', '--map-index', '28']
[2026-01-01T02:59:43.686+0000] {standard_task_runner.py:91} INFO - Job 2528: Subtask ingest_bctc
[2026-01-01T02:59:43.767+0000] {task_command.py:426} INFO - Running <TaskInstance: thongtin_cty_bctc.ingest_bctc scheduled__2025-12-31T00:00:00+00:00 map_index=28 [running]> on host 43b0a0f7606b
[2026-01-01T02:59:43.940+0000] {taskinstance.py:2648} INFO - Exporting env vars: AIRFLOW_CTX_DAG_OWNER='***' AIRFLOW_CTX_DAG_ID='thongtin_cty_bctc' AIRFLOW_CTX_TASK_ID='ingest_bctc' AIRFLOW_CTX_EXECUTION_DATE='2025-12-31T00:00:00+00:00' AIRFLOW_CTX_TRY_NUMBER='2' AIRFLOW_CTX_DAG_RUN_ID='scheduled__2025-12-31T00:00:00+00:00'
[2026-01-01T02:59:43.941+0000] {taskinstance.py:430} INFO - ::endgroup::
[2026-01-01T02:59:43.952+0000] {logging_mixin.py:188} INFO - Bắt đầu xử lý batch 3 mã: ['BWE', 'NHH', 'LHG']
[2026-01-01T02:59:43.952+0000] {logging_mixin.py:188} INFO -  >> Đang lấy dữ liệu: BWE
[2026-01-01T02:59:44.385+0000] {logging_mixin.py:188} INFO -  Lỗi xử lý mã BWE: Failed to fetch data: 429 - Too Many Requests
[2026-01-01T02:59:44.387+0000] {logging_mixin.py:188} INFO -  >> Đang lấy dữ liệu: NHH
[2026-01-01T02:59:44.587+0000] {logging_mixin.py:188} INFO -  Lỗi xử lý mã NHH: Failed to fetch data: 429 - Too Many Requests
[2026-01-01T02:59:44.601+0000] {logging_mixin.py:188} INFO -  >> Đang lấy dữ liệu: LHG
[2026-01-01T02:59:44.764+0000] {logging_mixin.py:188} INFO -  Lỗi xử lý mã LHG: Failed to fetch data: 429 - Too Many Requests
[2026-01-01T02:59:44.767+0000] {logging_mixin.py:188} INFO -  ⚠ Batch này không thu được dữ liệu nào.
[2026-01-01T02:59:44.774+0000] {datalake_df2csv.py:40} INFO - DataFrame rỗng, bỏ qua upload CSV.
[2026-01-01T02:59:44.775+0000] {taskinstance.py:441} INFO - ::group::Post task execution logs
[2026-01-01T02:59:44.806+0000] {taskinstance.py:1206} INFO - Marking task as SUCCESS. dag_id=thongtin_cty_bctc, task_id=ingest_bctc, run_id=scheduled__2025-12-31T00:00:00+00:00, map_index=28, execution_date=20251231T000000, start_date=20260101T025943, end_date=20260101T025944
[2026-01-01T02:59:44.871+0000] {local_task_job_runner.py:243} INFO - Task exited with return code 0
[2026-01-01T02:59:44.897+0000] {local_task_job_runner.py:222} INFO - ::endgroup::
