[2026-01-01T03:04:39.802+0000] {local_task_job_runner.py:120} INFO - ::group::Pre task execution logs
[2026-01-01T03:04:39.838+0000] {taskinstance.py:2076} INFO - Dependencies all met for dep_context=non-requeueable deps ti=<TaskInstance: thongtin_cty_bctc.ingest_bctc manual__2026-01-01T02:50:50+00:00 map_index=0 [queued]>
[2026-01-01T03:04:39.855+0000] {taskinstance.py:2076} INFO - Dependencies all met for dep_context=requeueable deps ti=<TaskInstance: thongtin_cty_bctc.ingest_bctc manual__2026-01-01T02:50:50+00:00 map_index=0 [queued]>
[2026-01-01T03:04:39.855+0000] {taskinstance.py:2306} INFO - Starting attempt 3 of 4
[2026-01-01T03:04:39.879+0000] {taskinstance.py:2330} INFO - Executing <Mapped(DfToCsvOperator): ingest_bctc> on 2026-01-01 02:50:50+00:00
[2026-01-01T03:04:39.892+0000] {warnings.py:112} WARNING - This process (pid=28206) is multi-threaded, use of fork() may lead to deadlocks in the child.

[2026-01-01T03:04:39.895+0000] {standard_task_runner.py:64} INFO - Started process 28334 to run task
[2026-01-01T03:04:39.897+0000] {standard_task_runner.py:90} INFO - Running: ['***', 'tasks', 'run', 'thongtin_cty_bctc', 'ingest_bctc', 'manual__2026-01-01T02:50:50+00:00', '--job-id', '3074', '--raw', '--subdir', 'DAGS_FOLDER/tt_cty_bctc.py', '--cfg-path', '/tmp/tmpvlr950o8', '--map-index', '0']
[2026-01-01T03:04:39.900+0000] {standard_task_runner.py:91} INFO - Job 3074: Subtask ingest_bctc
[2026-01-01T03:04:39.998+0000] {task_command.py:426} INFO - Running <TaskInstance: thongtin_cty_bctc.ingest_bctc manual__2026-01-01T02:50:50+00:00 map_index=0 [running]> on host 43b0a0f7606b
[2026-01-01T03:04:40.199+0000] {taskinstance.py:2648} INFO - Exporting env vars: AIRFLOW_CTX_DAG_OWNER='***' AIRFLOW_CTX_DAG_ID='thongtin_cty_bctc' AIRFLOW_CTX_TASK_ID='ingest_bctc' AIRFLOW_CTX_EXECUTION_DATE='2026-01-01T02:50:50+00:00' AIRFLOW_CTX_TRY_NUMBER='3' AIRFLOW_CTX_DAG_RUN_ID='manual__2026-01-01T02:50:50+00:00'
[2026-01-01T03:04:40.202+0000] {taskinstance.py:430} INFO - ::endgroup::
[2026-01-01T03:04:40.214+0000] {logging_mixin.py:188} INFO - Bắt đầu xử lý batch 3 mã: ['VNM', 'FPT', 'HPG']
[2026-01-01T03:04:40.215+0000] {logging_mixin.py:188} INFO -  >> Đang lấy dữ liệu: VNM
[2026-01-01T03:04:40.497+0000] {logging_mixin.py:188} INFO -  Lỗi xử lý mã VNM: Failed to fetch data: 429 - Too Many Requests
[2026-01-01T03:04:40.507+0000] {logging_mixin.py:188} INFO -  >> Đang lấy dữ liệu: FPT
[2026-01-01T03:04:40.657+0000] {logging_mixin.py:188} INFO -  Lỗi xử lý mã FPT: Failed to fetch data: 429 - Too Many Requests
[2026-01-01T03:04:40.659+0000] {logging_mixin.py:188} INFO -  >> Đang lấy dữ liệu: HPG
[2026-01-01T03:04:40.832+0000] {logging_mixin.py:188} INFO -  Lỗi xử lý mã HPG: Failed to fetch data: 429 - Too Many Requests
[2026-01-01T03:04:40.833+0000] {logging_mixin.py:188} INFO -  ⚠ Batch này không thu được dữ liệu nào.
[2026-01-01T03:04:40.838+0000] {datalake_df2csv.py:40} INFO - DataFrame rỗng, bỏ qua upload CSV.
[2026-01-01T03:04:40.841+0000] {taskinstance.py:441} INFO - ::group::Post task execution logs
[2026-01-01T03:04:40.861+0000] {taskinstance.py:1206} INFO - Marking task as SUCCESS. dag_id=thongtin_cty_bctc, task_id=ingest_bctc, run_id=manual__2026-01-01T02:50:50+00:00, map_index=0, execution_date=20260101T025050, start_date=20260101T030439, end_date=20260101T030440
[2026-01-01T03:04:40.951+0000] {local_task_job_runner.py:243} INFO - Task exited with return code 0
[2026-01-01T03:04:40.976+0000] {taskinstance.py:3503} INFO - 0 downstream tasks scheduled from follow-on schedule check
[2026-01-01T03:04:40.984+0000] {local_task_job_runner.py:222} INFO - ::endgroup::
