[2026-01-08T15:49:52.235+0000] {local_task_job_runner.py:120} INFO - ::group::Pre task execution logs
[2026-01-08T15:49:52.297+0000] {taskinstance.py:2076} INFO - Dependencies all met for dep_context=non-requeueable deps ti=<TaskInstance: history_price.ingest_history_price manual__2026-01-08T15:44:05+00:00 map_index=112 [queued]>
[2026-01-08T15:49:52.582+0000] {taskinstance.py:2076} INFO - Dependencies all met for dep_context=requeueable deps ti=<TaskInstance: history_price.ingest_history_price manual__2026-01-08T15:44:05+00:00 map_index=112 [queued]>
[2026-01-08T15:49:52.582+0000] {taskinstance.py:2306} INFO - Starting attempt 1 of 2
[2026-01-08T15:49:52.614+0000] {taskinstance.py:2330} INFO - Executing <Mapped(DfToCsvOperator): ingest_history_price> on 2026-01-08 15:44:05+00:00
[2026-01-08T15:49:52.631+0000] {warnings.py:112} WARNING - This process (pid=8520) is multi-threaded, use of fork() may lead to deadlocks in the child.

[2026-01-08T15:49:52.633+0000] {standard_task_runner.py:64} INFO - Started process 8597 to run task
[2026-01-08T15:49:52.655+0000] {standard_task_runner.py:90} INFO - Running: ['***', 'tasks', 'run', 'history_price', 'ingest_history_price', 'manual__2026-01-08T15:44:05+00:00', '--job-id', '7694', '--raw', '--subdir', 'DAGS_FOLDER/history_price.py', '--cfg-path', '/tmp/tmp2ju5nxl4', '--map-index', '112']
[2026-01-08T15:49:52.659+0000] {standard_task_runner.py:91} INFO - Job 7694: Subtask ingest_history_price
[2026-01-08T15:49:52.766+0000] {task_command.py:426} INFO - Running <TaskInstance: history_price.ingest_history_price manual__2026-01-08T15:44:05+00:00 map_index=112 [running]> on host 7568acf023da
[2026-01-08T15:49:53.014+0000] {taskinstance.py:2648} INFO - Exporting env vars: AIRFLOW_CTX_DAG_OWNER='***' AIRFLOW_CTX_DAG_ID='history_price' AIRFLOW_CTX_TASK_ID='ingest_history_price' AIRFLOW_CTX_EXECUTION_DATE='2026-01-08T15:44:05+00:00' AIRFLOW_CTX_TRY_NUMBER='1' AIRFLOW_CTX_DAG_RUN_ID='manual__2026-01-08T15:44:05+00:00'
[2026-01-08T15:49:53.017+0000] {taskinstance.py:430} INFO - ::endgroup::
[2026-01-08T15:49:56.608+0000] {base.py:84} INFO - Using connection ID 'minio_finance' for task execution.
[2026-01-08T15:49:56.609+0000] {connection_wrapper.py:384} INFO - AWS Connection (conn_id='minio_finance', conn_type='aws') credentials retrieved from login and password.
[2026-01-08T15:49:57.510+0000] {datalake_df2csv.py:52} INFO - ✅ Đã upload 40 dòng -> s3://thongtin-congty-va-bctc/history_price/2026-01-08/batch_112.csv
[2026-01-08T15:49:57.514+0000] {taskinstance.py:441} INFO - ::group::Post task execution logs
[2026-01-08T15:49:57.531+0000] {taskinstance.py:1206} INFO - Marking task as SUCCESS. dag_id=history_price, task_id=ingest_history_price, run_id=manual__2026-01-08T15:44:05+00:00, map_index=112, execution_date=20260108T154405, start_date=20260108T154952, end_date=20260108T154957
[2026-01-08T15:49:57.642+0000] {local_task_job_runner.py:243} INFO - Task exited with return code 0
[2026-01-08T15:49:57.686+0000] {taskinstance.py:3503} INFO - 0 downstream tasks scheduled from follow-on schedule check
[2026-01-08T15:49:57.718+0000] {local_task_job_runner.py:222} INFO - ::endgroup::
