[2026-01-01T02:11:36.311+0000] {local_task_job_runner.py:120} INFO - ::group::Pre task execution logs
[2026-01-01T02:11:36.355+0000] {taskinstance.py:2076} INFO - Dependencies all met for dep_context=non-requeueable deps ti=<TaskInstance: thongtin_cty_bctc.ingest_bctc scheduled__2025-12-31T00:00:00+00:00 map_index=70 [queued]>
[2026-01-01T02:11:36.402+0000] {taskinstance.py:2076} INFO - Dependencies all met for dep_context=requeueable deps ti=<TaskInstance: thongtin_cty_bctc.ingest_bctc scheduled__2025-12-31T00:00:00+00:00 map_index=70 [queued]>
[2026-01-01T02:11:36.404+0000] {taskinstance.py:2306} INFO - Starting attempt 1 of 2
[2026-01-01T02:11:36.433+0000] {taskinstance.py:2330} INFO - Executing <Mapped(DfToCsvOperator): ingest_bctc> on 2025-12-31 00:00:00+00:00
[2026-01-01T02:11:36.449+0000] {warnings.py:112} WARNING - This process (pid=2374) is multi-threaded, use of fork() may lead to deadlocks in the child.

[2026-01-01T02:11:36.451+0000] {standard_task_runner.py:64} INFO - Started process 2507 to run task
[2026-01-01T02:11:36.453+0000] {standard_task_runner.py:90} INFO - Running: ['***', 'tasks', 'run', 'thongtin_cty_bctc', 'ingest_bctc', 'scheduled__2025-12-31T00:00:00+00:00', '--job-id', '780', '--raw', '--subdir', 'DAGS_FOLDER/tt_cty_bctc.py', '--cfg-path', '/tmp/tmp5dgi40ds', '--map-index', '70']
[2026-01-01T02:11:36.455+0000] {standard_task_runner.py:91} INFO - Job 780: Subtask ingest_bctc
[2026-01-01T02:11:36.569+0000] {task_command.py:426} INFO - Running <TaskInstance: thongtin_cty_bctc.ingest_bctc scheduled__2025-12-31T00:00:00+00:00 map_index=70 [running]> on host 43b0a0f7606b
[2026-01-01T02:11:36.734+0000] {taskinstance.py:2648} INFO - Exporting env vars: AIRFLOW_CTX_DAG_OWNER='***' AIRFLOW_CTX_DAG_ID='thongtin_cty_bctc' AIRFLOW_CTX_TASK_ID='ingest_bctc' AIRFLOW_CTX_EXECUTION_DATE='2025-12-31T00:00:00+00:00' AIRFLOW_CTX_TRY_NUMBER='1' AIRFLOW_CTX_DAG_RUN_ID='scheduled__2025-12-31T00:00:00+00:00'
[2026-01-01T02:11:36.736+0000] {taskinstance.py:430} INFO - ::endgroup::
[2026-01-01T02:11:36.748+0000] {logging_mixin.py:188} INFO - Bắt đầu xử lý batch 5 mã: ['TDF', 'TDC', 'TDB', 'TD6', 'TCX']
[2026-01-01T02:11:36.749+0000] {logging_mixin.py:188} INFO -  >> Đang lấy dữ liệu: TDF
[2026-01-01T02:11:36.919+0000] {logging_mixin.py:188} INFO -  Lỗi xử lý mã TDF: Failed to fetch data: 429 - Too Many Requests
[2026-01-01T02:11:36.920+0000] {logging_mixin.py:188} INFO -  >> Đang lấy dữ liệu: TDC
[2026-01-01T02:11:37.072+0000] {logging_mixin.py:188} INFO -  Lỗi xử lý mã TDC: Failed to fetch data: 429 - Too Many Requests
[2026-01-01T02:11:37.073+0000] {logging_mixin.py:188} INFO -  >> Đang lấy dữ liệu: TDB
[2026-01-01T02:11:37.193+0000] {logging_mixin.py:188} INFO -  Lỗi xử lý mã TDB: Failed to fetch data: 429 - Too Many Requests
[2026-01-01T02:11:37.194+0000] {logging_mixin.py:188} INFO -  >> Đang lấy dữ liệu: TD6
[2026-01-01T02:11:37.339+0000] {logging_mixin.py:188} INFO -  Lỗi xử lý mã TD6: Failed to fetch data: 429 - Too Many Requests
[2026-01-01T02:11:37.340+0000] {logging_mixin.py:188} INFO -  >> Đang lấy dữ liệu: TCX
[2026-01-01T02:11:37.480+0000] {logging_mixin.py:188} INFO -  Lỗi xử lý mã TCX: Failed to fetch data: 429 - Too Many Requests
[2026-01-01T02:11:37.482+0000] {logging_mixin.py:188} INFO -  ⚠ Batch này không thu được dữ liệu nào.
[2026-01-01T02:11:37.486+0000] {datalake_df2csv.py:40} INFO - DataFrame rỗng, bỏ qua upload CSV.
[2026-01-01T02:11:37.487+0000] {taskinstance.py:441} INFO - ::group::Post task execution logs
[2026-01-01T02:11:37.499+0000] {taskinstance.py:1206} INFO - Marking task as SUCCESS. dag_id=thongtin_cty_bctc, task_id=ingest_bctc, run_id=scheduled__2025-12-31T00:00:00+00:00, map_index=70, execution_date=20251231T000000, start_date=20260101T021136, end_date=20260101T021137
[2026-01-01T02:11:37.562+0000] {local_task_job_runner.py:243} INFO - Task exited with return code 0
[2026-01-01T02:11:37.583+0000] {local_task_job_runner.py:222} INFO - ::endgroup::
