[2025-12-31T14:40:03.185+0000] {local_task_job_runner.py:120} INFO - ::group::Pre task execution logs
[2025-12-31T14:40:03.216+0000] {taskinstance.py:2076} INFO - Dependencies all met for dep_context=non-requeueable deps ti=<TaskInstance: thongtin_cty_bctc.ingest_bctc manual__2025-12-31T14:34:21.190447+00:00 map_index=20 [queued]>
[2025-12-31T14:40:03.237+0000] {taskinstance.py:2076} INFO - Dependencies all met for dep_context=requeueable deps ti=<TaskInstance: thongtin_cty_bctc.ingest_bctc manual__2025-12-31T14:34:21.190447+00:00 map_index=20 [queued]>
[2025-12-31T14:40:03.237+0000] {taskinstance.py:2306} INFO - Starting attempt 1 of 2
[2025-12-31T14:40:03.255+0000] {taskinstance.py:2330} INFO - Executing <Mapped(DfToCsvOperator): ingest_bctc> on 2025-12-31 14:34:21.190447+00:00
[2025-12-31T14:40:03.269+0000] {warnings.py:112} WARNING - This process (pid=4361) is multi-threaded, use of fork() may lead to deadlocks in the child.

[2025-12-31T14:40:03.270+0000] {standard_task_runner.py:64} INFO - Started process 4395 to run task
[2025-12-31T14:40:03.273+0000] {standard_task_runner.py:90} INFO - Running: ['***', 'tasks', 'run', 'thongtin_cty_bctc', 'ingest_bctc', 'manual__2025-12-31T14:34:21.190447+00:00', '--job-id', '341', '--raw', '--subdir', 'DAGS_FOLDER/tt_cty_bctc.py', '--cfg-path', '/tmp/tmp3jwx17ir', '--map-index', '20']
[2025-12-31T14:40:03.274+0000] {standard_task_runner.py:91} INFO - Job 341: Subtask ingest_bctc
[2025-12-31T14:40:03.329+0000] {task_command.py:426} INFO - Running <TaskInstance: thongtin_cty_bctc.ingest_bctc manual__2025-12-31T14:34:21.190447+00:00 map_index=20 [running]> on host 8bc7f11ea9a4
[2025-12-31T14:40:03.435+0000] {taskinstance.py:2648} INFO - Exporting env vars: AIRFLOW_CTX_DAG_OWNER='***' AIRFLOW_CTX_DAG_ID='thongtin_cty_bctc' AIRFLOW_CTX_TASK_ID='ingest_bctc' AIRFLOW_CTX_EXECUTION_DATE='2025-12-31T14:34:21.190447+00:00' AIRFLOW_CTX_TRY_NUMBER='1' AIRFLOW_CTX_DAG_RUN_ID='manual__2025-12-31T14:34:21.190447+00:00'
[2025-12-31T14:40:03.436+0000] {taskinstance.py:430} INFO - ::endgroup::
[2025-12-31T14:40:03.443+0000] {logging_mixin.py:188} INFO - Bắt đầu xử lý batch 20 mã: ['SVD', 'SVC', 'STW', 'STT', 'STS', 'STP', 'STL', 'STK', 'STH', 'STG', 'STC', 'STB', 'ST8', 'SSU', 'SSN', 'SSM', 'SSI', 'SSH', 'SSG', 'SSF']
[2025-12-31T14:40:03.444+0000] {logging_mixin.py:188} INFO -  >> Đang lấy dữ liệu: SVD
[2025-12-31T14:40:03.605+0000] {logging_mixin.py:188} INFO -  Lỗi xử lý mã SVD: Failed to fetch data: 429 - Too Many Requests
[2025-12-31T14:40:03.606+0000] {logging_mixin.py:188} INFO -  >> Đang lấy dữ liệu: SVC
[2025-12-31T14:40:03.728+0000] {logging_mixin.py:188} INFO -  Lỗi xử lý mã SVC: Failed to fetch data: 429 - Too Many Requests
[2025-12-31T14:40:03.729+0000] {logging_mixin.py:188} INFO -  >> Đang lấy dữ liệu: STW
[2025-12-31T14:40:03.827+0000] {logging_mixin.py:188} INFO -  Lỗi xử lý mã STW: Failed to fetch data: 429 - Too Many Requests
[2025-12-31T14:40:03.828+0000] {logging_mixin.py:188} INFO -  >> Đang lấy dữ liệu: STT
[2025-12-31T14:40:03.944+0000] {logging_mixin.py:188} INFO -  Lỗi xử lý mã STT: Failed to fetch data: 429 - Too Many Requests
[2025-12-31T14:40:03.945+0000] {logging_mixin.py:188} INFO -  >> Đang lấy dữ liệu: STS
[2025-12-31T14:40:04.062+0000] {logging_mixin.py:188} INFO -  Lỗi xử lý mã STS: Failed to fetch data: 429 - Too Many Requests
[2025-12-31T14:40:04.063+0000] {logging_mixin.py:188} INFO -  >> Đang lấy dữ liệu: STP
[2025-12-31T14:40:04.175+0000] {logging_mixin.py:188} INFO -  Lỗi xử lý mã STP: Failed to fetch data: 429 - Too Many Requests
[2025-12-31T14:40:04.176+0000] {logging_mixin.py:188} INFO -  >> Đang lấy dữ liệu: STL
[2025-12-31T14:40:04.295+0000] {logging_mixin.py:188} INFO -  Lỗi xử lý mã STL: Failed to fetch data: 429 - Too Many Requests
[2025-12-31T14:40:04.296+0000] {logging_mixin.py:188} INFO -  >> Đang lấy dữ liệu: STK
[2025-12-31T14:40:04.410+0000] {logging_mixin.py:188} INFO -  Lỗi xử lý mã STK: Failed to fetch data: 429 - Too Many Requests
[2025-12-31T14:40:04.411+0000] {logging_mixin.py:188} INFO -  >> Đang lấy dữ liệu: STH
[2025-12-31T14:40:25.552+0000] {logging_mixin.py:188} INFO -  Lỗi xử lý mã STH: Failed to fetch data: 429 - Too Many Requests
[2025-12-31T14:40:25.552+0000] {logging_mixin.py:188} INFO -  >> Đang lấy dữ liệu: STG
[2025-12-31T14:40:25.655+0000] {logging_mixin.py:188} INFO -  Lỗi xử lý mã STG: Failed to fetch data: 429 - Too Many Requests
[2025-12-31T14:40:25.656+0000] {logging_mixin.py:188} INFO -  >> Đang lấy dữ liệu: STC
[2025-12-31T14:40:25.767+0000] {logging_mixin.py:188} INFO -  Lỗi xử lý mã STC: Failed to fetch data: 429 - Too Many Requests
[2025-12-31T14:40:25.768+0000] {logging_mixin.py:188} INFO -  >> Đang lấy dữ liệu: STB
[2025-12-31T14:40:25.920+0000] {logging_mixin.py:188} INFO -  Lỗi xử lý mã STB: Failed to fetch data: 429 - Too Many Requests
[2025-12-31T14:40:25.920+0000] {logging_mixin.py:188} INFO -  >> Đang lấy dữ liệu: ST8
[2025-12-31T14:40:26.069+0000] {logging_mixin.py:188} INFO -  Lỗi xử lý mã ST8: Failed to fetch data: 429 - Too Many Requests
[2025-12-31T14:40:26.070+0000] {logging_mixin.py:188} INFO -  >> Đang lấy dữ liệu: SSU
[2025-12-31T14:40:26.224+0000] {logging_mixin.py:188} INFO -  Lỗi xử lý mã SSU: Failed to fetch data: 429 - Too Many Requests
[2025-12-31T14:40:26.225+0000] {logging_mixin.py:188} INFO -  >> Đang lấy dữ liệu: SSN
[2025-12-31T14:40:26.370+0000] {logging_mixin.py:188} INFO -  Lỗi xử lý mã SSN: Failed to fetch data: 429 - Too Many Requests
[2025-12-31T14:40:26.371+0000] {logging_mixin.py:188} INFO -  >> Đang lấy dữ liệu: SSM
[2025-12-31T14:40:26.477+0000] {logging_mixin.py:188} INFO -  Lỗi xử lý mã SSM: Failed to fetch data: 429 - Too Many Requests
[2025-12-31T14:40:26.478+0000] {logging_mixin.py:188} INFO -  >> Đang lấy dữ liệu: SSI
[2025-12-31T14:40:26.627+0000] {logging_mixin.py:188} INFO -  Lỗi xử lý mã SSI: Failed to fetch data: 429 - Too Many Requests
[2025-12-31T14:40:26.627+0000] {logging_mixin.py:188} INFO -  >> Đang lấy dữ liệu: SSH
[2025-12-31T14:40:26.752+0000] {logging_mixin.py:188} INFO -  Lỗi xử lý mã SSH: Failed to fetch data: 429 - Too Many Requests
[2025-12-31T14:40:26.753+0000] {logging_mixin.py:188} INFO -  >> Đang lấy dữ liệu: SSG
[2025-12-31T14:40:47.956+0000] {logging_mixin.py:188} INFO -  Lỗi xử lý mã SSG: Failed to fetch data: 429 - Too Many Requests
[2025-12-31T14:40:47.957+0000] {logging_mixin.py:188} INFO -  >> Đang lấy dữ liệu: SSF
[2025-12-31T14:40:48.154+0000] {logging_mixin.py:188} INFO -  Lỗi xử lý mã SSF: Failed to fetch data: 429 - Too Many Requests
[2025-12-31T14:40:48.155+0000] {logging_mixin.py:188} INFO -  ⚠ Batch này không thu được dữ liệu nào.
[2025-12-31T14:40:48.159+0000] {datalake_df2csv.py:40} INFO - DataFrame rỗng, bỏ qua upload CSV.
[2025-12-31T14:40:48.160+0000] {taskinstance.py:441} INFO - ::group::Post task execution logs
[2025-12-31T14:40:48.169+0000] {taskinstance.py:1206} INFO - Marking task as SUCCESS. dag_id=thongtin_cty_bctc, task_id=ingest_bctc, run_id=manual__2025-12-31T14:34:21.190447+00:00, map_index=20, execution_date=20251231T143421, start_date=20251231T144003, end_date=20251231T144048
[2025-12-31T14:40:48.201+0000] {local_task_job_runner.py:243} INFO - Task exited with return code 0
[2025-12-31T14:40:48.220+0000] {taskinstance.py:3503} INFO - 0 downstream tasks scheduled from follow-on schedule check
[2025-12-31T14:40:48.222+0000] {local_task_job_runner.py:222} INFO - ::endgroup::
