[2025-12-31T13:39:11.212+0000] {processor.py:161} INFO - Started process (PID=184) to work on /home/airflow/.local/lib/python3.12/site-packages/airflow/example_dags/example_setup_teardown_taskflow.py
[2025-12-31T13:39:11.213+0000] {processor.py:830} INFO - Processing file /home/airflow/.local/lib/python3.12/site-packages/airflow/example_dags/example_setup_teardown_taskflow.py for tasks to queue
[2025-12-31T13:39:11.214+0000] {logging_mixin.py:188} INFO - [2025-12-31T13:39:11.213+0000] {dagbag.py:545} INFO - Filling up the DagBag from /home/airflow/.local/lib/python3.12/site-packages/airflow/example_dags/example_setup_teardown_taskflow.py
[2025-12-31T13:39:11.223+0000] {processor.py:840} INFO - DAG(s) 'example_setup_teardown_taskflow' retrieved from /home/airflow/.local/lib/python3.12/site-packages/airflow/example_dags/example_setup_teardown_taskflow.py
[2025-12-31T13:39:11.313+0000] {logging_mixin.py:188} INFO - [2025-12-31T13:39:11.313+0000] {dag.py:3089} INFO - Sync 1 DAGs
[2025-12-31T13:39:11.332+0000] {logging_mixin.py:188} INFO - [2025-12-31T13:39:11.332+0000] {dag.py:3947} INFO - Setting next_dagrun for example_setup_teardown_taskflow to 2025-12-30 00:00:00+00:00, run_after=2025-12-31 00:00:00+00:00
[2025-12-31T13:39:11.352+0000] {processor.py:183} INFO - Processing /home/airflow/.local/lib/python3.12/site-packages/airflow/example_dags/example_setup_teardown_taskflow.py took 0.145 seconds
[2025-12-31T13:39:41.774+0000] {processor.py:161} INFO - Started process (PID=243) to work on /home/airflow/.local/lib/python3.12/site-packages/airflow/example_dags/example_setup_teardown_taskflow.py
[2025-12-31T13:39:41.775+0000] {processor.py:830} INFO - Processing file /home/airflow/.local/lib/python3.12/site-packages/airflow/example_dags/example_setup_teardown_taskflow.py for tasks to queue
[2025-12-31T13:39:41.776+0000] {logging_mixin.py:188} INFO - [2025-12-31T13:39:41.776+0000] {dagbag.py:545} INFO - Filling up the DagBag from /home/airflow/.local/lib/python3.12/site-packages/airflow/example_dags/example_setup_teardown_taskflow.py
[2025-12-31T13:39:41.785+0000] {processor.py:840} INFO - DAG(s) 'example_setup_teardown_taskflow' retrieved from /home/airflow/.local/lib/python3.12/site-packages/airflow/example_dags/example_setup_teardown_taskflow.py
[2025-12-31T13:39:41.805+0000] {logging_mixin.py:188} INFO - [2025-12-31T13:39:41.805+0000] {dag.py:3089} INFO - Sync 1 DAGs
[2025-12-31T13:39:41.835+0000] {logging_mixin.py:188} INFO - [2025-12-31T13:39:41.835+0000] {dag.py:3947} INFO - Setting next_dagrun for example_setup_teardown_taskflow to 2025-12-30 00:00:00+00:00, run_after=2025-12-31 00:00:00+00:00
[2025-12-31T13:39:41.860+0000] {processor.py:183} INFO - Processing /home/airflow/.local/lib/python3.12/site-packages/airflow/example_dags/example_setup_teardown_taskflow.py took 0.090 seconds
[2025-12-31T13:40:12.770+0000] {processor.py:161} INFO - Started process (PID=302) to work on /home/airflow/.local/lib/python3.12/site-packages/airflow/example_dags/example_setup_teardown_taskflow.py
[2025-12-31T13:40:12.771+0000] {processor.py:830} INFO - Processing file /home/airflow/.local/lib/python3.12/site-packages/airflow/example_dags/example_setup_teardown_taskflow.py for tasks to queue
[2025-12-31T13:40:12.772+0000] {logging_mixin.py:188} INFO - [2025-12-31T13:40:12.772+0000] {dagbag.py:545} INFO - Filling up the DagBag from /home/airflow/.local/lib/python3.12/site-packages/airflow/example_dags/example_setup_teardown_taskflow.py
[2025-12-31T13:40:12.781+0000] {processor.py:840} INFO - DAG(s) 'example_setup_teardown_taskflow' retrieved from /home/airflow/.local/lib/python3.12/site-packages/airflow/example_dags/example_setup_teardown_taskflow.py
[2025-12-31T13:40:12.800+0000] {logging_mixin.py:188} INFO - [2025-12-31T13:40:12.800+0000] {dag.py:3089} INFO - Sync 1 DAGs
[2025-12-31T13:40:12.824+0000] {logging_mixin.py:188} INFO - [2025-12-31T13:40:12.823+0000] {dag.py:3947} INFO - Setting next_dagrun for example_setup_teardown_taskflow to 2025-12-30 00:00:00+00:00, run_after=2025-12-31 00:00:00+00:00
[2025-12-31T13:40:12.849+0000] {processor.py:183} INFO - Processing /home/airflow/.local/lib/python3.12/site-packages/airflow/example_dags/example_setup_teardown_taskflow.py took 0.084 seconds
[2025-12-31T13:40:43.611+0000] {processor.py:161} INFO - Started process (PID=360) to work on /home/airflow/.local/lib/python3.12/site-packages/airflow/example_dags/example_setup_teardown_taskflow.py
[2025-12-31T13:40:43.612+0000] {processor.py:830} INFO - Processing file /home/airflow/.local/lib/python3.12/site-packages/airflow/example_dags/example_setup_teardown_taskflow.py for tasks to queue
[2025-12-31T13:40:43.613+0000] {logging_mixin.py:188} INFO - [2025-12-31T13:40:43.613+0000] {dagbag.py:545} INFO - Filling up the DagBag from /home/airflow/.local/lib/python3.12/site-packages/airflow/example_dags/example_setup_teardown_taskflow.py
[2025-12-31T13:40:43.622+0000] {processor.py:840} INFO - DAG(s) 'example_setup_teardown_taskflow' retrieved from /home/airflow/.local/lib/python3.12/site-packages/airflow/example_dags/example_setup_teardown_taskflow.py
[2025-12-31T13:40:43.643+0000] {logging_mixin.py:188} INFO - [2025-12-31T13:40:43.642+0000] {dag.py:3089} INFO - Sync 1 DAGs
[2025-12-31T13:40:43.662+0000] {logging_mixin.py:188} INFO - [2025-12-31T13:40:43.662+0000] {dag.py:3947} INFO - Setting next_dagrun for example_setup_teardown_taskflow to 2025-12-30 00:00:00+00:00, run_after=2025-12-31 00:00:00+00:00
[2025-12-31T13:40:43.680+0000] {processor.py:183} INFO - Processing /home/airflow/.local/lib/python3.12/site-packages/airflow/example_dags/example_setup_teardown_taskflow.py took 0.074 seconds
[2025-12-31T13:49:26.692+0000] {processor.py:161} INFO - Started process (PID=185) to work on /home/airflow/.local/lib/python3.12/site-packages/airflow/example_dags/example_setup_teardown_taskflow.py
[2025-12-31T13:49:26.694+0000] {processor.py:830} INFO - Processing file /home/airflow/.local/lib/python3.12/site-packages/airflow/example_dags/example_setup_teardown_taskflow.py for tasks to queue
[2025-12-31T13:49:26.695+0000] {logging_mixin.py:188} INFO - [2025-12-31T13:49:26.695+0000] {dagbag.py:545} INFO - Filling up the DagBag from /home/airflow/.local/lib/python3.12/site-packages/airflow/example_dags/example_setup_teardown_taskflow.py
[2025-12-31T13:49:26.708+0000] {processor.py:840} INFO - DAG(s) 'example_setup_teardown_taskflow' retrieved from /home/airflow/.local/lib/python3.12/site-packages/airflow/example_dags/example_setup_teardown_taskflow.py
[2025-12-31T13:49:26.820+0000] {logging_mixin.py:188} INFO - [2025-12-31T13:49:26.820+0000] {dag.py:3089} INFO - Sync 1 DAGs
[2025-12-31T13:49:26.847+0000] {logging_mixin.py:188} INFO - [2025-12-31T13:49:26.846+0000] {dag.py:3947} INFO - Setting next_dagrun for example_setup_teardown_taskflow to 2025-12-30 00:00:00+00:00, run_after=2025-12-31 00:00:00+00:00
[2025-12-31T13:49:26.871+0000] {processor.py:183} INFO - Processing /home/airflow/.local/lib/python3.12/site-packages/airflow/example_dags/example_setup_teardown_taskflow.py took 0.185 seconds
[2025-12-31T13:49:56.938+0000] {processor.py:161} INFO - Started process (PID=244) to work on /home/airflow/.local/lib/python3.12/site-packages/airflow/example_dags/example_setup_teardown_taskflow.py
[2025-12-31T13:49:56.939+0000] {processor.py:830} INFO - Processing file /home/airflow/.local/lib/python3.12/site-packages/airflow/example_dags/example_setup_teardown_taskflow.py for tasks to queue
[2025-12-31T13:49:56.939+0000] {logging_mixin.py:188} INFO - [2025-12-31T13:49:56.939+0000] {dagbag.py:545} INFO - Filling up the DagBag from /home/airflow/.local/lib/python3.12/site-packages/airflow/example_dags/example_setup_teardown_taskflow.py
[2025-12-31T13:49:56.948+0000] {processor.py:840} INFO - DAG(s) 'example_setup_teardown_taskflow' retrieved from /home/airflow/.local/lib/python3.12/site-packages/airflow/example_dags/example_setup_teardown_taskflow.py
[2025-12-31T13:49:56.968+0000] {logging_mixin.py:188} INFO - [2025-12-31T13:49:56.968+0000] {dag.py:3089} INFO - Sync 1 DAGs
[2025-12-31T13:49:56.989+0000] {logging_mixin.py:188} INFO - [2025-12-31T13:49:56.988+0000] {dag.py:3947} INFO - Setting next_dagrun for example_setup_teardown_taskflow to 2025-12-30 00:00:00+00:00, run_after=2025-12-31 00:00:00+00:00
[2025-12-31T13:49:57.004+0000] {processor.py:183} INFO - Processing /home/airflow/.local/lib/python3.12/site-packages/airflow/example_dags/example_setup_teardown_taskflow.py took 0.072 seconds
[2025-12-31T13:50:27.078+0000] {processor.py:161} INFO - Started process (PID=302) to work on /home/airflow/.local/lib/python3.12/site-packages/airflow/example_dags/example_setup_teardown_taskflow.py
[2025-12-31T13:50:27.078+0000] {processor.py:830} INFO - Processing file /home/airflow/.local/lib/python3.12/site-packages/airflow/example_dags/example_setup_teardown_taskflow.py for tasks to queue
[2025-12-31T13:50:27.079+0000] {logging_mixin.py:188} INFO - [2025-12-31T13:50:27.079+0000] {dagbag.py:545} INFO - Filling up the DagBag from /home/airflow/.local/lib/python3.12/site-packages/airflow/example_dags/example_setup_teardown_taskflow.py
[2025-12-31T13:50:27.090+0000] {processor.py:840} INFO - DAG(s) 'example_setup_teardown_taskflow' retrieved from /home/airflow/.local/lib/python3.12/site-packages/airflow/example_dags/example_setup_teardown_taskflow.py
[2025-12-31T13:50:27.113+0000] {logging_mixin.py:188} INFO - [2025-12-31T13:50:27.112+0000] {dag.py:3089} INFO - Sync 1 DAGs
[2025-12-31T13:50:27.138+0000] {logging_mixin.py:188} INFO - [2025-12-31T13:50:27.137+0000] {dag.py:3947} INFO - Setting next_dagrun for example_setup_teardown_taskflow to 2025-12-30 00:00:00+00:00, run_after=2025-12-31 00:00:00+00:00
[2025-12-31T13:50:27.159+0000] {processor.py:183} INFO - Processing /home/airflow/.local/lib/python3.12/site-packages/airflow/example_dags/example_setup_teardown_taskflow.py took 0.087 seconds
[2025-12-31T13:50:58.102+0000] {processor.py:161} INFO - Started process (PID=360) to work on /home/airflow/.local/lib/python3.12/site-packages/airflow/example_dags/example_setup_teardown_taskflow.py
[2025-12-31T13:50:58.103+0000] {processor.py:830} INFO - Processing file /home/airflow/.local/lib/python3.12/site-packages/airflow/example_dags/example_setup_teardown_taskflow.py for tasks to queue
[2025-12-31T13:50:58.104+0000] {logging_mixin.py:188} INFO - [2025-12-31T13:50:58.104+0000] {dagbag.py:545} INFO - Filling up the DagBag from /home/airflow/.local/lib/python3.12/site-packages/airflow/example_dags/example_setup_teardown_taskflow.py
[2025-12-31T13:50:58.113+0000] {processor.py:840} INFO - DAG(s) 'example_setup_teardown_taskflow' retrieved from /home/airflow/.local/lib/python3.12/site-packages/airflow/example_dags/example_setup_teardown_taskflow.py
[2025-12-31T13:50:58.139+0000] {logging_mixin.py:188} INFO - [2025-12-31T13:50:58.138+0000] {dag.py:3089} INFO - Sync 1 DAGs
[2025-12-31T13:50:58.164+0000] {logging_mixin.py:188} INFO - [2025-12-31T13:50:58.164+0000] {dag.py:3947} INFO - Setting next_dagrun for example_setup_teardown_taskflow to 2025-12-30 00:00:00+00:00, run_after=2025-12-31 00:00:00+00:00
[2025-12-31T13:50:58.183+0000] {processor.py:183} INFO - Processing /home/airflow/.local/lib/python3.12/site-packages/airflow/example_dags/example_setup_teardown_taskflow.py took 0.087 seconds
[2025-12-31T13:51:28.949+0000] {processor.py:161} INFO - Started process (PID=418) to work on /home/airflow/.local/lib/python3.12/site-packages/airflow/example_dags/example_setup_teardown_taskflow.py
[2025-12-31T13:51:28.949+0000] {processor.py:830} INFO - Processing file /home/airflow/.local/lib/python3.12/site-packages/airflow/example_dags/example_setup_teardown_taskflow.py for tasks to queue
[2025-12-31T13:51:28.950+0000] {logging_mixin.py:188} INFO - [2025-12-31T13:51:28.950+0000] {dagbag.py:545} INFO - Filling up the DagBag from /home/airflow/.local/lib/python3.12/site-packages/airflow/example_dags/example_setup_teardown_taskflow.py
[2025-12-31T13:51:28.959+0000] {processor.py:840} INFO - DAG(s) 'example_setup_teardown_taskflow' retrieved from /home/airflow/.local/lib/python3.12/site-packages/airflow/example_dags/example_setup_teardown_taskflow.py
[2025-12-31T13:51:28.978+0000] {logging_mixin.py:188} INFO - [2025-12-31T13:51:28.978+0000] {dag.py:3089} INFO - Sync 1 DAGs
[2025-12-31T13:51:28.997+0000] {logging_mixin.py:188} INFO - [2025-12-31T13:51:28.997+0000] {dag.py:3947} INFO - Setting next_dagrun for example_setup_teardown_taskflow to 2025-12-30 00:00:00+00:00, run_after=2025-12-31 00:00:00+00:00
[2025-12-31T13:51:29.016+0000] {processor.py:183} INFO - Processing /home/airflow/.local/lib/python3.12/site-packages/airflow/example_dags/example_setup_teardown_taskflow.py took 0.073 seconds
[2025-12-31T13:51:59.803+0000] {processor.py:161} INFO - Started process (PID=476) to work on /home/airflow/.local/lib/python3.12/site-packages/airflow/example_dags/example_setup_teardown_taskflow.py
[2025-12-31T13:51:59.804+0000] {processor.py:830} INFO - Processing file /home/airflow/.local/lib/python3.12/site-packages/airflow/example_dags/example_setup_teardown_taskflow.py for tasks to queue
[2025-12-31T13:51:59.804+0000] {logging_mixin.py:188} INFO - [2025-12-31T13:51:59.804+0000] {dagbag.py:545} INFO - Filling up the DagBag from /home/airflow/.local/lib/python3.12/site-packages/airflow/example_dags/example_setup_teardown_taskflow.py
[2025-12-31T13:51:59.813+0000] {processor.py:840} INFO - DAG(s) 'example_setup_teardown_taskflow' retrieved from /home/airflow/.local/lib/python3.12/site-packages/airflow/example_dags/example_setup_teardown_taskflow.py
[2025-12-31T13:51:59.832+0000] {logging_mixin.py:188} INFO - [2025-12-31T13:51:59.831+0000] {dag.py:3089} INFO - Sync 1 DAGs
[2025-12-31T13:51:59.851+0000] {logging_mixin.py:188} INFO - [2025-12-31T13:51:59.851+0000] {dag.py:3947} INFO - Setting next_dagrun for example_setup_teardown_taskflow to 2025-12-30 00:00:00+00:00, run_after=2025-12-31 00:00:00+00:00
[2025-12-31T13:51:59.870+0000] {processor.py:183} INFO - Processing /home/airflow/.local/lib/python3.12/site-packages/airflow/example_dags/example_setup_teardown_taskflow.py took 0.072 seconds
[2025-12-31T13:52:30.521+0000] {processor.py:161} INFO - Started process (PID=534) to work on /home/airflow/.local/lib/python3.12/site-packages/airflow/example_dags/example_setup_teardown_taskflow.py
[2025-12-31T13:52:30.522+0000] {processor.py:830} INFO - Processing file /home/airflow/.local/lib/python3.12/site-packages/airflow/example_dags/example_setup_teardown_taskflow.py for tasks to queue
[2025-12-31T13:52:30.523+0000] {logging_mixin.py:188} INFO - [2025-12-31T13:52:30.523+0000] {dagbag.py:545} INFO - Filling up the DagBag from /home/airflow/.local/lib/python3.12/site-packages/airflow/example_dags/example_setup_teardown_taskflow.py
[2025-12-31T13:52:30.531+0000] {processor.py:840} INFO - DAG(s) 'example_setup_teardown_taskflow' retrieved from /home/airflow/.local/lib/python3.12/site-packages/airflow/example_dags/example_setup_teardown_taskflow.py
[2025-12-31T13:52:30.550+0000] {logging_mixin.py:188} INFO - [2025-12-31T13:52:30.550+0000] {dag.py:3089} INFO - Sync 1 DAGs
[2025-12-31T13:52:30.570+0000] {logging_mixin.py:188} INFO - [2025-12-31T13:52:30.570+0000] {dag.py:3947} INFO - Setting next_dagrun for example_setup_teardown_taskflow to 2025-12-30 00:00:00+00:00, run_after=2025-12-31 00:00:00+00:00
[2025-12-31T13:52:30.588+0000] {processor.py:183} INFO - Processing /home/airflow/.local/lib/python3.12/site-packages/airflow/example_dags/example_setup_teardown_taskflow.py took 0.071 seconds
[2025-12-31T13:53:01.391+0000] {processor.py:161} INFO - Started process (PID=592) to work on /home/airflow/.local/lib/python3.12/site-packages/airflow/example_dags/example_setup_teardown_taskflow.py
[2025-12-31T13:53:01.392+0000] {processor.py:830} INFO - Processing file /home/airflow/.local/lib/python3.12/site-packages/airflow/example_dags/example_setup_teardown_taskflow.py for tasks to queue
[2025-12-31T13:53:01.393+0000] {logging_mixin.py:188} INFO - [2025-12-31T13:53:01.393+0000] {dagbag.py:545} INFO - Filling up the DagBag from /home/airflow/.local/lib/python3.12/site-packages/airflow/example_dags/example_setup_teardown_taskflow.py
[2025-12-31T13:53:01.402+0000] {processor.py:840} INFO - DAG(s) 'example_setup_teardown_taskflow' retrieved from /home/airflow/.local/lib/python3.12/site-packages/airflow/example_dags/example_setup_teardown_taskflow.py
[2025-12-31T13:53:01.423+0000] {logging_mixin.py:188} INFO - [2025-12-31T13:53:01.423+0000] {dag.py:3089} INFO - Sync 1 DAGs
[2025-12-31T13:53:01.444+0000] {logging_mixin.py:188} INFO - [2025-12-31T13:53:01.444+0000] {dag.py:3947} INFO - Setting next_dagrun for example_setup_teardown_taskflow to 2025-12-30 00:00:00+00:00, run_after=2025-12-31 00:00:00+00:00
[2025-12-31T13:53:01.466+0000] {processor.py:183} INFO - Processing /home/airflow/.local/lib/python3.12/site-packages/airflow/example_dags/example_setup_teardown_taskflow.py took 0.081 seconds
[2025-12-31T13:53:31.817+0000] {processor.py:161} INFO - Started process (PID=650) to work on /home/airflow/.local/lib/python3.12/site-packages/airflow/example_dags/example_setup_teardown_taskflow.py
[2025-12-31T13:53:31.818+0000] {processor.py:830} INFO - Processing file /home/airflow/.local/lib/python3.12/site-packages/airflow/example_dags/example_setup_teardown_taskflow.py for tasks to queue
[2025-12-31T13:53:31.819+0000] {logging_mixin.py:188} INFO - [2025-12-31T13:53:31.819+0000] {dagbag.py:545} INFO - Filling up the DagBag from /home/airflow/.local/lib/python3.12/site-packages/airflow/example_dags/example_setup_teardown_taskflow.py
[2025-12-31T13:53:31.830+0000] {processor.py:840} INFO - DAG(s) 'example_setup_teardown_taskflow' retrieved from /home/airflow/.local/lib/python3.12/site-packages/airflow/example_dags/example_setup_teardown_taskflow.py
[2025-12-31T13:53:31.853+0000] {logging_mixin.py:188} INFO - [2025-12-31T13:53:31.852+0000] {dag.py:3089} INFO - Sync 1 DAGs
[2025-12-31T13:53:31.875+0000] {logging_mixin.py:188} INFO - [2025-12-31T13:53:31.875+0000] {dag.py:3947} INFO - Setting next_dagrun for example_setup_teardown_taskflow to 2025-12-30 00:00:00+00:00, run_after=2025-12-31 00:00:00+00:00
[2025-12-31T13:53:31.897+0000] {processor.py:183} INFO - Processing /home/airflow/.local/lib/python3.12/site-packages/airflow/example_dags/example_setup_teardown_taskflow.py took 0.086 seconds
[2025-12-31T13:54:01.944+0000] {processor.py:161} INFO - Started process (PID=708) to work on /home/airflow/.local/lib/python3.12/site-packages/airflow/example_dags/example_setup_teardown_taskflow.py
[2025-12-31T13:54:01.944+0000] {processor.py:830} INFO - Processing file /home/airflow/.local/lib/python3.12/site-packages/airflow/example_dags/example_setup_teardown_taskflow.py for tasks to queue
[2025-12-31T13:54:01.945+0000] {logging_mixin.py:188} INFO - [2025-12-31T13:54:01.945+0000] {dagbag.py:545} INFO - Filling up the DagBag from /home/airflow/.local/lib/python3.12/site-packages/airflow/example_dags/example_setup_teardown_taskflow.py
[2025-12-31T13:54:01.953+0000] {processor.py:840} INFO - DAG(s) 'example_setup_teardown_taskflow' retrieved from /home/airflow/.local/lib/python3.12/site-packages/airflow/example_dags/example_setup_teardown_taskflow.py
[2025-12-31T13:54:01.972+0000] {logging_mixin.py:188} INFO - [2025-12-31T13:54:01.972+0000] {dag.py:3089} INFO - Sync 1 DAGs
[2025-12-31T13:54:01.990+0000] {logging_mixin.py:188} INFO - [2025-12-31T13:54:01.990+0000] {dag.py:3947} INFO - Setting next_dagrun for example_setup_teardown_taskflow to 2025-12-30 00:00:00+00:00, run_after=2025-12-31 00:00:00+00:00
[2025-12-31T13:54:02.009+0000] {processor.py:183} INFO - Processing /home/airflow/.local/lib/python3.12/site-packages/airflow/example_dags/example_setup_teardown_taskflow.py took 0.070 seconds
[2025-12-31T13:54:32.129+0000] {processor.py:161} INFO - Started process (PID=766) to work on /home/airflow/.local/lib/python3.12/site-packages/airflow/example_dags/example_setup_teardown_taskflow.py
[2025-12-31T13:54:32.130+0000] {processor.py:830} INFO - Processing file /home/airflow/.local/lib/python3.12/site-packages/airflow/example_dags/example_setup_teardown_taskflow.py for tasks to queue
[2025-12-31T13:54:32.131+0000] {logging_mixin.py:188} INFO - [2025-12-31T13:54:32.130+0000] {dagbag.py:545} INFO - Filling up the DagBag from /home/airflow/.local/lib/python3.12/site-packages/airflow/example_dags/example_setup_teardown_taskflow.py
[2025-12-31T13:54:32.146+0000] {processor.py:840} INFO - DAG(s) 'example_setup_teardown_taskflow' retrieved from /home/airflow/.local/lib/python3.12/site-packages/airflow/example_dags/example_setup_teardown_taskflow.py
[2025-12-31T13:54:32.179+0000] {logging_mixin.py:188} INFO - [2025-12-31T13:54:32.179+0000] {dag.py:3089} INFO - Sync 1 DAGs
[2025-12-31T13:54:32.214+0000] {logging_mixin.py:188} INFO - [2025-12-31T13:54:32.214+0000] {dag.py:3947} INFO - Setting next_dagrun for example_setup_teardown_taskflow to 2025-12-30 00:00:00+00:00, run_after=2025-12-31 00:00:00+00:00
[2025-12-31T13:54:32.241+0000] {processor.py:183} INFO - Processing /home/airflow/.local/lib/python3.12/site-packages/airflow/example_dags/example_setup_teardown_taskflow.py took 0.121 seconds
[2025-12-31T13:55:02.646+0000] {processor.py:161} INFO - Started process (PID=824) to work on /home/airflow/.local/lib/python3.12/site-packages/airflow/example_dags/example_setup_teardown_taskflow.py
[2025-12-31T13:55:02.647+0000] {processor.py:830} INFO - Processing file /home/airflow/.local/lib/python3.12/site-packages/airflow/example_dags/example_setup_teardown_taskflow.py for tasks to queue
[2025-12-31T13:55:02.648+0000] {logging_mixin.py:188} INFO - [2025-12-31T13:55:02.648+0000] {dagbag.py:545} INFO - Filling up the DagBag from /home/airflow/.local/lib/python3.12/site-packages/airflow/example_dags/example_setup_teardown_taskflow.py
[2025-12-31T13:55:02.658+0000] {processor.py:840} INFO - DAG(s) 'example_setup_teardown_taskflow' retrieved from /home/airflow/.local/lib/python3.12/site-packages/airflow/example_dags/example_setup_teardown_taskflow.py
[2025-12-31T13:55:02.677+0000] {logging_mixin.py:188} INFO - [2025-12-31T13:55:02.677+0000] {dag.py:3089} INFO - Sync 1 DAGs
[2025-12-31T13:55:02.698+0000] {logging_mixin.py:188} INFO - [2025-12-31T13:55:02.697+0000] {dag.py:3947} INFO - Setting next_dagrun for example_setup_teardown_taskflow to 2025-12-30 00:00:00+00:00, run_after=2025-12-31 00:00:00+00:00
[2025-12-31T13:55:02.714+0000] {processor.py:183} INFO - Processing /home/airflow/.local/lib/python3.12/site-packages/airflow/example_dags/example_setup_teardown_taskflow.py took 0.073 seconds
[2025-12-31T13:55:32.937+0000] {processor.py:161} INFO - Started process (PID=882) to work on /home/airflow/.local/lib/python3.12/site-packages/airflow/example_dags/example_setup_teardown_taskflow.py
[2025-12-31T13:55:32.938+0000] {processor.py:830} INFO - Processing file /home/airflow/.local/lib/python3.12/site-packages/airflow/example_dags/example_setup_teardown_taskflow.py for tasks to queue
[2025-12-31T13:55:32.939+0000] {logging_mixin.py:188} INFO - [2025-12-31T13:55:32.939+0000] {dagbag.py:545} INFO - Filling up the DagBag from /home/airflow/.local/lib/python3.12/site-packages/airflow/example_dags/example_setup_teardown_taskflow.py
[2025-12-31T13:55:32.949+0000] {processor.py:840} INFO - DAG(s) 'example_setup_teardown_taskflow' retrieved from /home/airflow/.local/lib/python3.12/site-packages/airflow/example_dags/example_setup_teardown_taskflow.py
[2025-12-31T13:55:32.973+0000] {logging_mixin.py:188} INFO - [2025-12-31T13:55:32.972+0000] {dag.py:3089} INFO - Sync 1 DAGs
[2025-12-31T13:55:32.998+0000] {logging_mixin.py:188} INFO - [2025-12-31T13:55:32.997+0000] {dag.py:3947} INFO - Setting next_dagrun for example_setup_teardown_taskflow to 2025-12-30 00:00:00+00:00, run_after=2025-12-31 00:00:00+00:00
[2025-12-31T13:55:33.021+0000] {processor.py:183} INFO - Processing /home/airflow/.local/lib/python3.12/site-packages/airflow/example_dags/example_setup_teardown_taskflow.py took 0.089 seconds
[2025-12-31T13:56:04.006+0000] {processor.py:161} INFO - Started process (PID=940) to work on /home/airflow/.local/lib/python3.12/site-packages/airflow/example_dags/example_setup_teardown_taskflow.py
[2025-12-31T13:56:04.007+0000] {processor.py:830} INFO - Processing file /home/airflow/.local/lib/python3.12/site-packages/airflow/example_dags/example_setup_teardown_taskflow.py for tasks to queue
[2025-12-31T13:56:04.008+0000] {logging_mixin.py:188} INFO - [2025-12-31T13:56:04.007+0000] {dagbag.py:545} INFO - Filling up the DagBag from /home/airflow/.local/lib/python3.12/site-packages/airflow/example_dags/example_setup_teardown_taskflow.py
[2025-12-31T13:56:04.018+0000] {processor.py:840} INFO - DAG(s) 'example_setup_teardown_taskflow' retrieved from /home/airflow/.local/lib/python3.12/site-packages/airflow/example_dags/example_setup_teardown_taskflow.py
[2025-12-31T13:56:04.044+0000] {logging_mixin.py:188} INFO - [2025-12-31T13:56:04.043+0000] {dag.py:3089} INFO - Sync 1 DAGs
[2025-12-31T13:56:04.070+0000] {logging_mixin.py:188} INFO - [2025-12-31T13:56:04.070+0000] {dag.py:3947} INFO - Setting next_dagrun for example_setup_teardown_taskflow to 2025-12-30 00:00:00+00:00, run_after=2025-12-31 00:00:00+00:00
[2025-12-31T13:56:04.090+0000] {processor.py:183} INFO - Processing /home/airflow/.local/lib/python3.12/site-packages/airflow/example_dags/example_setup_teardown_taskflow.py took 0.089 seconds
[2025-12-31T13:56:34.298+0000] {processor.py:161} INFO - Started process (PID=998) to work on /home/airflow/.local/lib/python3.12/site-packages/airflow/example_dags/example_setup_teardown_taskflow.py
[2025-12-31T13:56:34.299+0000] {processor.py:830} INFO - Processing file /home/airflow/.local/lib/python3.12/site-packages/airflow/example_dags/example_setup_teardown_taskflow.py for tasks to queue
[2025-12-31T13:56:34.300+0000] {logging_mixin.py:188} INFO - [2025-12-31T13:56:34.300+0000] {dagbag.py:545} INFO - Filling up the DagBag from /home/airflow/.local/lib/python3.12/site-packages/airflow/example_dags/example_setup_teardown_taskflow.py
[2025-12-31T13:56:34.314+0000] {processor.py:840} INFO - DAG(s) 'example_setup_teardown_taskflow' retrieved from /home/airflow/.local/lib/python3.12/site-packages/airflow/example_dags/example_setup_teardown_taskflow.py
[2025-12-31T13:56:34.335+0000] {logging_mixin.py:188} INFO - [2025-12-31T13:56:34.335+0000] {dag.py:3089} INFO - Sync 1 DAGs
[2025-12-31T13:56:34.356+0000] {logging_mixin.py:188} INFO - [2025-12-31T13:56:34.356+0000] {dag.py:3947} INFO - Setting next_dagrun for example_setup_teardown_taskflow to 2025-12-30 00:00:00+00:00, run_after=2025-12-31 00:00:00+00:00
[2025-12-31T13:56:34.376+0000] {processor.py:183} INFO - Processing /home/airflow/.local/lib/python3.12/site-packages/airflow/example_dags/example_setup_teardown_taskflow.py took 0.087 seconds
[2025-12-31T13:57:04.636+0000] {processor.py:161} INFO - Started process (PID=1056) to work on /home/airflow/.local/lib/python3.12/site-packages/airflow/example_dags/example_setup_teardown_taskflow.py
[2025-12-31T13:57:04.637+0000] {processor.py:830} INFO - Processing file /home/airflow/.local/lib/python3.12/site-packages/airflow/example_dags/example_setup_teardown_taskflow.py for tasks to queue
[2025-12-31T13:57:04.637+0000] {logging_mixin.py:188} INFO - [2025-12-31T13:57:04.637+0000] {dagbag.py:545} INFO - Filling up the DagBag from /home/airflow/.local/lib/python3.12/site-packages/airflow/example_dags/example_setup_teardown_taskflow.py
[2025-12-31T13:57:04.646+0000] {processor.py:840} INFO - DAG(s) 'example_setup_teardown_taskflow' retrieved from /home/airflow/.local/lib/python3.12/site-packages/airflow/example_dags/example_setup_teardown_taskflow.py
[2025-12-31T13:57:04.665+0000] {logging_mixin.py:188} INFO - [2025-12-31T13:57:04.665+0000] {dag.py:3089} INFO - Sync 1 DAGs
[2025-12-31T13:57:04.683+0000] {logging_mixin.py:188} INFO - [2025-12-31T13:57:04.683+0000] {dag.py:3947} INFO - Setting next_dagrun for example_setup_teardown_taskflow to 2025-12-30 00:00:00+00:00, run_after=2025-12-31 00:00:00+00:00
[2025-12-31T13:57:04.703+0000] {processor.py:183} INFO - Processing /home/airflow/.local/lib/python3.12/site-packages/airflow/example_dags/example_setup_teardown_taskflow.py took 0.072 seconds
