[2025-12-31T13:39:08.940+0000] {processor.py:161} INFO - Started process (PID=160) to work on /home/airflow/.local/lib/python3.12/site-packages/airflow/example_dags/example_external_task_marker_dag.py
[2025-12-31T13:39:08.941+0000] {processor.py:830} INFO - Processing file /home/airflow/.local/lib/python3.12/site-packages/airflow/example_dags/example_external_task_marker_dag.py for tasks to queue
[2025-12-31T13:39:08.943+0000] {logging_mixin.py:188} INFO - [2025-12-31T13:39:08.942+0000] {dagbag.py:545} INFO - Filling up the DagBag from /home/airflow/.local/lib/python3.12/site-packages/airflow/example_dags/example_external_task_marker_dag.py
[2025-12-31T13:39:08.953+0000] {processor.py:840} INFO - DAG(s) 'example_external_task_marker_parent', 'example_external_task_marker_child' retrieved from /home/airflow/.local/lib/python3.12/site-packages/airflow/example_dags/example_external_task_marker_dag.py
[2025-12-31T13:39:09.062+0000] {logging_mixin.py:188} INFO - [2025-12-31T13:39:09.062+0000] {dag.py:3089} INFO - Sync 2 DAGs
[2025-12-31T13:39:09.073+0000] {logging_mixin.py:188} INFO - [2025-12-31T13:39:09.072+0000] {dag.py:3947} INFO - Setting next_dagrun for example_external_task_marker_child to None, run_after=None
[2025-12-31T13:39:09.076+0000] {logging_mixin.py:188} INFO - [2025-12-31T13:39:09.076+0000] {dag.py:3947} INFO - Setting next_dagrun for example_external_task_marker_parent to None, run_after=None
[2025-12-31T13:39:09.097+0000] {processor.py:183} INFO - Processing /home/airflow/.local/lib/python3.12/site-packages/airflow/example_dags/example_external_task_marker_dag.py took 0.162 seconds
[2025-12-31T13:39:40.040+0000] {processor.py:161} INFO - Started process (PID=219) to work on /home/airflow/.local/lib/python3.12/site-packages/airflow/example_dags/example_external_task_marker_dag.py
[2025-12-31T13:39:40.041+0000] {processor.py:830} INFO - Processing file /home/airflow/.local/lib/python3.12/site-packages/airflow/example_dags/example_external_task_marker_dag.py for tasks to queue
[2025-12-31T13:39:40.042+0000] {logging_mixin.py:188} INFO - [2025-12-31T13:39:40.042+0000] {dagbag.py:545} INFO - Filling up the DagBag from /home/airflow/.local/lib/python3.12/site-packages/airflow/example_dags/example_external_task_marker_dag.py
[2025-12-31T13:39:40.048+0000] {processor.py:840} INFO - DAG(s) 'example_external_task_marker_parent', 'example_external_task_marker_child' retrieved from /home/airflow/.local/lib/python3.12/site-packages/airflow/example_dags/example_external_task_marker_dag.py
[2025-12-31T13:39:40.071+0000] {logging_mixin.py:188} INFO - [2025-12-31T13:39:40.071+0000] {dag.py:3089} INFO - Sync 2 DAGs
[2025-12-31T13:39:40.084+0000] {logging_mixin.py:188} INFO - [2025-12-31T13:39:40.084+0000] {dag.py:3947} INFO - Setting next_dagrun for example_external_task_marker_child to None, run_after=None
[2025-12-31T13:39:40.088+0000] {logging_mixin.py:188} INFO - [2025-12-31T13:39:40.088+0000] {dag.py:3947} INFO - Setting next_dagrun for example_external_task_marker_parent to None, run_after=None
[2025-12-31T13:39:40.108+0000] {processor.py:183} INFO - Processing /home/airflow/.local/lib/python3.12/site-packages/airflow/example_dags/example_external_task_marker_dag.py took 0.072 seconds
[2025-12-31T13:40:10.379+0000] {processor.py:161} INFO - Started process (PID=278) to work on /home/airflow/.local/lib/python3.12/site-packages/airflow/example_dags/example_external_task_marker_dag.py
[2025-12-31T13:40:10.379+0000] {processor.py:830} INFO - Processing file /home/airflow/.local/lib/python3.12/site-packages/airflow/example_dags/example_external_task_marker_dag.py for tasks to queue
[2025-12-31T13:40:10.380+0000] {logging_mixin.py:188} INFO - [2025-12-31T13:40:10.380+0000] {dagbag.py:545} INFO - Filling up the DagBag from /home/airflow/.local/lib/python3.12/site-packages/airflow/example_dags/example_external_task_marker_dag.py
[2025-12-31T13:40:10.386+0000] {processor.py:840} INFO - DAG(s) 'example_external_task_marker_parent', 'example_external_task_marker_child' retrieved from /home/airflow/.local/lib/python3.12/site-packages/airflow/example_dags/example_external_task_marker_dag.py
[2025-12-31T13:40:10.406+0000] {logging_mixin.py:188} INFO - [2025-12-31T13:40:10.406+0000] {dag.py:3089} INFO - Sync 2 DAGs
[2025-12-31T13:40:10.418+0000] {logging_mixin.py:188} INFO - [2025-12-31T13:40:10.417+0000] {dag.py:3947} INFO - Setting next_dagrun for example_external_task_marker_child to None, run_after=None
[2025-12-31T13:40:10.421+0000] {logging_mixin.py:188} INFO - [2025-12-31T13:40:10.421+0000] {dag.py:3947} INFO - Setting next_dagrun for example_external_task_marker_parent to None, run_after=None
[2025-12-31T13:40:10.435+0000] {processor.py:183} INFO - Processing /home/airflow/.local/lib/python3.12/site-packages/airflow/example_dags/example_external_task_marker_dag.py took 0.061 seconds
[2025-12-31T13:40:41.304+0000] {processor.py:161} INFO - Started process (PID=336) to work on /home/airflow/.local/lib/python3.12/site-packages/airflow/example_dags/example_external_task_marker_dag.py
[2025-12-31T13:40:41.305+0000] {processor.py:830} INFO - Processing file /home/airflow/.local/lib/python3.12/site-packages/airflow/example_dags/example_external_task_marker_dag.py for tasks to queue
[2025-12-31T13:40:41.306+0000] {logging_mixin.py:188} INFO - [2025-12-31T13:40:41.305+0000] {dagbag.py:545} INFO - Filling up the DagBag from /home/airflow/.local/lib/python3.12/site-packages/airflow/example_dags/example_external_task_marker_dag.py
[2025-12-31T13:40:41.311+0000] {processor.py:840} INFO - DAG(s) 'example_external_task_marker_parent', 'example_external_task_marker_child' retrieved from /home/airflow/.local/lib/python3.12/site-packages/airflow/example_dags/example_external_task_marker_dag.py
[2025-12-31T13:40:41.331+0000] {logging_mixin.py:188} INFO - [2025-12-31T13:40:41.331+0000] {dag.py:3089} INFO - Sync 2 DAGs
[2025-12-31T13:40:41.342+0000] {logging_mixin.py:188} INFO - [2025-12-31T13:40:41.341+0000] {dag.py:3947} INFO - Setting next_dagrun for example_external_task_marker_child to None, run_after=None
[2025-12-31T13:40:41.345+0000] {logging_mixin.py:188} INFO - [2025-12-31T13:40:41.345+0000] {dag.py:3947} INFO - Setting next_dagrun for example_external_task_marker_parent to None, run_after=None
[2025-12-31T13:40:41.359+0000] {processor.py:183} INFO - Processing /home/airflow/.local/lib/python3.12/site-packages/airflow/example_dags/example_external_task_marker_dag.py took 0.059 seconds
[2025-12-31T13:49:24.341+0000] {processor.py:161} INFO - Started process (PID=161) to work on /home/airflow/.local/lib/python3.12/site-packages/airflow/example_dags/example_external_task_marker_dag.py
[2025-12-31T13:49:24.342+0000] {processor.py:830} INFO - Processing file /home/airflow/.local/lib/python3.12/site-packages/airflow/example_dags/example_external_task_marker_dag.py for tasks to queue
[2025-12-31T13:49:24.344+0000] {logging_mixin.py:188} INFO - [2025-12-31T13:49:24.343+0000] {dagbag.py:545} INFO - Filling up the DagBag from /home/airflow/.local/lib/python3.12/site-packages/airflow/example_dags/example_external_task_marker_dag.py
[2025-12-31T13:49:24.354+0000] {processor.py:840} INFO - DAG(s) 'example_external_task_marker_child', 'example_external_task_marker_parent' retrieved from /home/airflow/.local/lib/python3.12/site-packages/airflow/example_dags/example_external_task_marker_dag.py
[2025-12-31T13:49:24.467+0000] {logging_mixin.py:188} INFO - [2025-12-31T13:49:24.467+0000] {dag.py:3089} INFO - Sync 2 DAGs
[2025-12-31T13:49:24.478+0000] {logging_mixin.py:188} INFO - [2025-12-31T13:49:24.477+0000] {dag.py:3947} INFO - Setting next_dagrun for example_external_task_marker_child to None, run_after=None
[2025-12-31T13:49:24.481+0000] {logging_mixin.py:188} INFO - [2025-12-31T13:49:24.481+0000] {dag.py:3947} INFO - Setting next_dagrun for example_external_task_marker_parent to None, run_after=None
[2025-12-31T13:49:24.498+0000] {processor.py:183} INFO - Processing /home/airflow/.local/lib/python3.12/site-packages/airflow/example_dags/example_external_task_marker_dag.py took 0.164 seconds
[2025-12-31T13:49:55.440+0000] {processor.py:161} INFO - Started process (PID=220) to work on /home/airflow/.local/lib/python3.12/site-packages/airflow/example_dags/example_external_task_marker_dag.py
[2025-12-31T13:49:55.440+0000] {processor.py:830} INFO - Processing file /home/airflow/.local/lib/python3.12/site-packages/airflow/example_dags/example_external_task_marker_dag.py for tasks to queue
[2025-12-31T13:49:55.441+0000] {logging_mixin.py:188} INFO - [2025-12-31T13:49:55.441+0000] {dagbag.py:545} INFO - Filling up the DagBag from /home/airflow/.local/lib/python3.12/site-packages/airflow/example_dags/example_external_task_marker_dag.py
[2025-12-31T13:49:55.447+0000] {processor.py:840} INFO - DAG(s) 'example_external_task_marker_parent', 'example_external_task_marker_child' retrieved from /home/airflow/.local/lib/python3.12/site-packages/airflow/example_dags/example_external_task_marker_dag.py
[2025-12-31T13:49:55.469+0000] {logging_mixin.py:188} INFO - [2025-12-31T13:49:55.469+0000] {dag.py:3089} INFO - Sync 2 DAGs
[2025-12-31T13:49:55.480+0000] {logging_mixin.py:188} INFO - [2025-12-31T13:49:55.480+0000] {dag.py:3947} INFO - Setting next_dagrun for example_external_task_marker_child to None, run_after=None
[2025-12-31T13:49:55.484+0000] {logging_mixin.py:188} INFO - [2025-12-31T13:49:55.484+0000] {dag.py:3947} INFO - Setting next_dagrun for example_external_task_marker_parent to None, run_after=None
[2025-12-31T13:49:55.499+0000] {processor.py:183} INFO - Processing /home/airflow/.local/lib/python3.12/site-packages/airflow/example_dags/example_external_task_marker_dag.py took 0.064 seconds
[2025-12-31T13:50:25.563+0000] {processor.py:161} INFO - Started process (PID=278) to work on /home/airflow/.local/lib/python3.12/site-packages/airflow/example_dags/example_external_task_marker_dag.py
[2025-12-31T13:50:25.563+0000] {processor.py:830} INFO - Processing file /home/airflow/.local/lib/python3.12/site-packages/airflow/example_dags/example_external_task_marker_dag.py for tasks to queue
[2025-12-31T13:50:25.564+0000] {logging_mixin.py:188} INFO - [2025-12-31T13:50:25.564+0000] {dagbag.py:545} INFO - Filling up the DagBag from /home/airflow/.local/lib/python3.12/site-packages/airflow/example_dags/example_external_task_marker_dag.py
[2025-12-31T13:50:25.571+0000] {processor.py:840} INFO - DAG(s) 'example_external_task_marker_child', 'example_external_task_marker_parent' retrieved from /home/airflow/.local/lib/python3.12/site-packages/airflow/example_dags/example_external_task_marker_dag.py
[2025-12-31T13:50:25.601+0000] {logging_mixin.py:188} INFO - [2025-12-31T13:50:25.600+0000] {dag.py:3089} INFO - Sync 2 DAGs
[2025-12-31T13:50:25.616+0000] {logging_mixin.py:188} INFO - [2025-12-31T13:50:25.616+0000] {dag.py:3947} INFO - Setting next_dagrun for example_external_task_marker_child to None, run_after=None
[2025-12-31T13:50:25.622+0000] {logging_mixin.py:188} INFO - [2025-12-31T13:50:25.621+0000] {dag.py:3947} INFO - Setting next_dagrun for example_external_task_marker_parent to None, run_after=None
[2025-12-31T13:50:25.639+0000] {processor.py:183} INFO - Processing /home/airflow/.local/lib/python3.12/site-packages/airflow/example_dags/example_external_task_marker_dag.py took 0.083 seconds
[2025-12-31T13:50:55.681+0000] {processor.py:161} INFO - Started process (PID=336) to work on /home/airflow/.local/lib/python3.12/site-packages/airflow/example_dags/example_external_task_marker_dag.py
[2025-12-31T13:50:55.681+0000] {processor.py:830} INFO - Processing file /home/airflow/.local/lib/python3.12/site-packages/airflow/example_dags/example_external_task_marker_dag.py for tasks to queue
[2025-12-31T13:50:55.682+0000] {logging_mixin.py:188} INFO - [2025-12-31T13:50:55.682+0000] {dagbag.py:545} INFO - Filling up the DagBag from /home/airflow/.local/lib/python3.12/site-packages/airflow/example_dags/example_external_task_marker_dag.py
[2025-12-31T13:50:55.688+0000] {processor.py:840} INFO - DAG(s) 'example_external_task_marker_child', 'example_external_task_marker_parent' retrieved from /home/airflow/.local/lib/python3.12/site-packages/airflow/example_dags/example_external_task_marker_dag.py
[2025-12-31T13:50:55.710+0000] {logging_mixin.py:188} INFO - [2025-12-31T13:50:55.709+0000] {dag.py:3089} INFO - Sync 2 DAGs
[2025-12-31T13:50:55.722+0000] {logging_mixin.py:188} INFO - [2025-12-31T13:50:55.722+0000] {dag.py:3947} INFO - Setting next_dagrun for example_external_task_marker_child to None, run_after=None
[2025-12-31T13:50:55.726+0000] {logging_mixin.py:188} INFO - [2025-12-31T13:50:55.726+0000] {dag.py:3947} INFO - Setting next_dagrun for example_external_task_marker_parent to None, run_after=None
[2025-12-31T13:50:55.741+0000] {processor.py:183} INFO - Processing /home/airflow/.local/lib/python3.12/site-packages/airflow/example_dags/example_external_task_marker_dag.py took 0.065 seconds
[2025-12-31T13:51:26.660+0000] {processor.py:161} INFO - Started process (PID=394) to work on /home/airflow/.local/lib/python3.12/site-packages/airflow/example_dags/example_external_task_marker_dag.py
[2025-12-31T13:51:26.661+0000] {processor.py:830} INFO - Processing file /home/airflow/.local/lib/python3.12/site-packages/airflow/example_dags/example_external_task_marker_dag.py for tasks to queue
[2025-12-31T13:51:26.662+0000] {logging_mixin.py:188} INFO - [2025-12-31T13:51:26.661+0000] {dagbag.py:545} INFO - Filling up the DagBag from /home/airflow/.local/lib/python3.12/site-packages/airflow/example_dags/example_external_task_marker_dag.py
[2025-12-31T13:51:26.667+0000] {processor.py:840} INFO - DAG(s) 'example_external_task_marker_child', 'example_external_task_marker_parent' retrieved from /home/airflow/.local/lib/python3.12/site-packages/airflow/example_dags/example_external_task_marker_dag.py
[2025-12-31T13:51:26.689+0000] {logging_mixin.py:188} INFO - [2025-12-31T13:51:26.689+0000] {dag.py:3089} INFO - Sync 2 DAGs
[2025-12-31T13:51:26.701+0000] {logging_mixin.py:188} INFO - [2025-12-31T13:51:26.701+0000] {dag.py:3947} INFO - Setting next_dagrun for example_external_task_marker_child to None, run_after=None
[2025-12-31T13:51:26.705+0000] {logging_mixin.py:188} INFO - [2025-12-31T13:51:26.705+0000] {dag.py:3947} INFO - Setting next_dagrun for example_external_task_marker_parent to None, run_after=None
[2025-12-31T13:51:26.720+0000] {processor.py:183} INFO - Processing /home/airflow/.local/lib/python3.12/site-packages/airflow/example_dags/example_external_task_marker_dag.py took 0.065 seconds
[2025-12-31T13:51:57.516+0000] {processor.py:161} INFO - Started process (PID=452) to work on /home/airflow/.local/lib/python3.12/site-packages/airflow/example_dags/example_external_task_marker_dag.py
[2025-12-31T13:51:57.517+0000] {processor.py:830} INFO - Processing file /home/airflow/.local/lib/python3.12/site-packages/airflow/example_dags/example_external_task_marker_dag.py for tasks to queue
[2025-12-31T13:51:57.518+0000] {logging_mixin.py:188} INFO - [2025-12-31T13:51:57.517+0000] {dagbag.py:545} INFO - Filling up the DagBag from /home/airflow/.local/lib/python3.12/site-packages/airflow/example_dags/example_external_task_marker_dag.py
[2025-12-31T13:51:57.523+0000] {processor.py:840} INFO - DAG(s) 'example_external_task_marker_child', 'example_external_task_marker_parent' retrieved from /home/airflow/.local/lib/python3.12/site-packages/airflow/example_dags/example_external_task_marker_dag.py
[2025-12-31T13:51:57.545+0000] {logging_mixin.py:188} INFO - [2025-12-31T13:51:57.545+0000] {dag.py:3089} INFO - Sync 2 DAGs
[2025-12-31T13:51:57.556+0000] {logging_mixin.py:188} INFO - [2025-12-31T13:51:57.556+0000] {dag.py:3947} INFO - Setting next_dagrun for example_external_task_marker_child to None, run_after=None
[2025-12-31T13:51:57.560+0000] {logging_mixin.py:188} INFO - [2025-12-31T13:51:57.560+0000] {dag.py:3947} INFO - Setting next_dagrun for example_external_task_marker_parent to None, run_after=None
[2025-12-31T13:51:57.581+0000] {processor.py:183} INFO - Processing /home/airflow/.local/lib/python3.12/site-packages/airflow/example_dags/example_external_task_marker_dag.py took 0.069 seconds
[2025-12-31T13:52:28.369+0000] {processor.py:161} INFO - Started process (PID=510) to work on /home/airflow/.local/lib/python3.12/site-packages/airflow/example_dags/example_external_task_marker_dag.py
[2025-12-31T13:52:28.370+0000] {processor.py:830} INFO - Processing file /home/airflow/.local/lib/python3.12/site-packages/airflow/example_dags/example_external_task_marker_dag.py for tasks to queue
[2025-12-31T13:52:28.371+0000] {logging_mixin.py:188} INFO - [2025-12-31T13:52:28.371+0000] {dagbag.py:545} INFO - Filling up the DagBag from /home/airflow/.local/lib/python3.12/site-packages/airflow/example_dags/example_external_task_marker_dag.py
[2025-12-31T13:52:28.376+0000] {processor.py:840} INFO - DAG(s) 'example_external_task_marker_child', 'example_external_task_marker_parent' retrieved from /home/airflow/.local/lib/python3.12/site-packages/airflow/example_dags/example_external_task_marker_dag.py
[2025-12-31T13:52:28.398+0000] {logging_mixin.py:188} INFO - [2025-12-31T13:52:28.397+0000] {dag.py:3089} INFO - Sync 2 DAGs
[2025-12-31T13:52:28.409+0000] {logging_mixin.py:188} INFO - [2025-12-31T13:52:28.409+0000] {dag.py:3947} INFO - Setting next_dagrun for example_external_task_marker_child to None, run_after=None
[2025-12-31T13:52:28.414+0000] {logging_mixin.py:188} INFO - [2025-12-31T13:52:28.414+0000] {dag.py:3947} INFO - Setting next_dagrun for example_external_task_marker_parent to None, run_after=None
[2025-12-31T13:52:28.434+0000] {processor.py:183} INFO - Processing /home/airflow/.local/lib/python3.12/site-packages/airflow/example_dags/example_external_task_marker_dag.py took 0.070 seconds
[2025-12-31T13:52:59.015+0000] {processor.py:161} INFO - Started process (PID=568) to work on /home/airflow/.local/lib/python3.12/site-packages/airflow/example_dags/example_external_task_marker_dag.py
[2025-12-31T13:52:59.016+0000] {processor.py:830} INFO - Processing file /home/airflow/.local/lib/python3.12/site-packages/airflow/example_dags/example_external_task_marker_dag.py for tasks to queue
[2025-12-31T13:52:59.017+0000] {logging_mixin.py:188} INFO - [2025-12-31T13:52:59.016+0000] {dagbag.py:545} INFO - Filling up the DagBag from /home/airflow/.local/lib/python3.12/site-packages/airflow/example_dags/example_external_task_marker_dag.py
[2025-12-31T13:52:59.022+0000] {processor.py:840} INFO - DAG(s) 'example_external_task_marker_parent', 'example_external_task_marker_child' retrieved from /home/airflow/.local/lib/python3.12/site-packages/airflow/example_dags/example_external_task_marker_dag.py
[2025-12-31T13:52:59.044+0000] {logging_mixin.py:188} INFO - [2025-12-31T13:52:59.043+0000] {dag.py:3089} INFO - Sync 2 DAGs
[2025-12-31T13:52:59.056+0000] {logging_mixin.py:188} INFO - [2025-12-31T13:52:59.056+0000] {dag.py:3947} INFO - Setting next_dagrun for example_external_task_marker_child to None, run_after=None
[2025-12-31T13:52:59.060+0000] {logging_mixin.py:188} INFO - [2025-12-31T13:52:59.059+0000] {dag.py:3947} INFO - Setting next_dagrun for example_external_task_marker_parent to None, run_after=None
[2025-12-31T13:52:59.080+0000] {processor.py:183} INFO - Processing /home/airflow/.local/lib/python3.12/site-packages/airflow/example_dags/example_external_task_marker_dag.py took 0.070 seconds
[2025-12-31T13:53:29.257+0000] {processor.py:161} INFO - Started process (PID=626) to work on /home/airflow/.local/lib/python3.12/site-packages/airflow/example_dags/example_external_task_marker_dag.py
[2025-12-31T13:53:29.258+0000] {processor.py:830} INFO - Processing file /home/airflow/.local/lib/python3.12/site-packages/airflow/example_dags/example_external_task_marker_dag.py for tasks to queue
[2025-12-31T13:53:29.259+0000] {logging_mixin.py:188} INFO - [2025-12-31T13:53:29.258+0000] {dagbag.py:545} INFO - Filling up the DagBag from /home/airflow/.local/lib/python3.12/site-packages/airflow/example_dags/example_external_task_marker_dag.py
[2025-12-31T13:53:29.264+0000] {processor.py:840} INFO - DAG(s) 'example_external_task_marker_parent', 'example_external_task_marker_child' retrieved from /home/airflow/.local/lib/python3.12/site-packages/airflow/example_dags/example_external_task_marker_dag.py
[2025-12-31T13:53:29.287+0000] {logging_mixin.py:188} INFO - [2025-12-31T13:53:29.287+0000] {dag.py:3089} INFO - Sync 2 DAGs
[2025-12-31T13:53:29.299+0000] {logging_mixin.py:188} INFO - [2025-12-31T13:53:29.299+0000] {dag.py:3947} INFO - Setting next_dagrun for example_external_task_marker_child to None, run_after=None
[2025-12-31T13:53:29.303+0000] {logging_mixin.py:188} INFO - [2025-12-31T13:53:29.303+0000] {dag.py:3947} INFO - Setting next_dagrun for example_external_task_marker_parent to None, run_after=None
[2025-12-31T13:53:29.319+0000] {processor.py:183} INFO - Processing /home/airflow/.local/lib/python3.12/site-packages/airflow/example_dags/example_external_task_marker_dag.py took 0.068 seconds
[2025-12-31T13:53:59.507+0000] {processor.py:161} INFO - Started process (PID=684) to work on /home/airflow/.local/lib/python3.12/site-packages/airflow/example_dags/example_external_task_marker_dag.py
[2025-12-31T13:53:59.508+0000] {processor.py:830} INFO - Processing file /home/airflow/.local/lib/python3.12/site-packages/airflow/example_dags/example_external_task_marker_dag.py for tasks to queue
[2025-12-31T13:53:59.508+0000] {logging_mixin.py:188} INFO - [2025-12-31T13:53:59.508+0000] {dagbag.py:545} INFO - Filling up the DagBag from /home/airflow/.local/lib/python3.12/site-packages/airflow/example_dags/example_external_task_marker_dag.py
[2025-12-31T13:53:59.514+0000] {processor.py:840} INFO - DAG(s) 'example_external_task_marker_child', 'example_external_task_marker_parent' retrieved from /home/airflow/.local/lib/python3.12/site-packages/airflow/example_dags/example_external_task_marker_dag.py
[2025-12-31T13:53:59.535+0000] {logging_mixin.py:188} INFO - [2025-12-31T13:53:59.535+0000] {dag.py:3089} INFO - Sync 2 DAGs
[2025-12-31T13:53:59.546+0000] {logging_mixin.py:188} INFO - [2025-12-31T13:53:59.546+0000] {dag.py:3947} INFO - Setting next_dagrun for example_external_task_marker_child to None, run_after=None
[2025-12-31T13:53:59.549+0000] {logging_mixin.py:188} INFO - [2025-12-31T13:53:59.549+0000] {dag.py:3947} INFO - Setting next_dagrun for example_external_task_marker_parent to None, run_after=None
[2025-12-31T13:53:59.565+0000] {processor.py:183} INFO - Processing /home/airflow/.local/lib/python3.12/site-packages/airflow/example_dags/example_external_task_marker_dag.py took 0.063 seconds
[2025-12-31T13:54:30.479+0000] {processor.py:161} INFO - Started process (PID=742) to work on /home/airflow/.local/lib/python3.12/site-packages/airflow/example_dags/example_external_task_marker_dag.py
[2025-12-31T13:54:30.480+0000] {processor.py:830} INFO - Processing file /home/airflow/.local/lib/python3.12/site-packages/airflow/example_dags/example_external_task_marker_dag.py for tasks to queue
[2025-12-31T13:54:30.481+0000] {logging_mixin.py:188} INFO - [2025-12-31T13:54:30.481+0000] {dagbag.py:545} INFO - Filling up the DagBag from /home/airflow/.local/lib/python3.12/site-packages/airflow/example_dags/example_external_task_marker_dag.py
[2025-12-31T13:54:30.487+0000] {processor.py:840} INFO - DAG(s) 'example_external_task_marker_parent', 'example_external_task_marker_child' retrieved from /home/airflow/.local/lib/python3.12/site-packages/airflow/example_dags/example_external_task_marker_dag.py
[2025-12-31T13:54:30.510+0000] {logging_mixin.py:188} INFO - [2025-12-31T13:54:30.510+0000] {dag.py:3089} INFO - Sync 2 DAGs
[2025-12-31T13:54:30.523+0000] {logging_mixin.py:188} INFO - [2025-12-31T13:54:30.523+0000] {dag.py:3947} INFO - Setting next_dagrun for example_external_task_marker_child to None, run_after=None
[2025-12-31T13:54:30.527+0000] {logging_mixin.py:188} INFO - [2025-12-31T13:54:30.527+0000] {dag.py:3947} INFO - Setting next_dagrun for example_external_task_marker_parent to None, run_after=None
[2025-12-31T13:54:30.543+0000] {processor.py:183} INFO - Processing /home/airflow/.local/lib/python3.12/site-packages/airflow/example_dags/example_external_task_marker_dag.py took 0.070 seconds
[2025-12-31T13:55:00.913+0000] {processor.py:161} INFO - Started process (PID=800) to work on /home/airflow/.local/lib/python3.12/site-packages/airflow/example_dags/example_external_task_marker_dag.py
[2025-12-31T13:55:00.914+0000] {processor.py:830} INFO - Processing file /home/airflow/.local/lib/python3.12/site-packages/airflow/example_dags/example_external_task_marker_dag.py for tasks to queue
[2025-12-31T13:55:00.915+0000] {logging_mixin.py:188} INFO - [2025-12-31T13:55:00.914+0000] {dagbag.py:545} INFO - Filling up the DagBag from /home/airflow/.local/lib/python3.12/site-packages/airflow/example_dags/example_external_task_marker_dag.py
[2025-12-31T13:55:00.920+0000] {processor.py:840} INFO - DAG(s) 'example_external_task_marker_child', 'example_external_task_marker_parent' retrieved from /home/airflow/.local/lib/python3.12/site-packages/airflow/example_dags/example_external_task_marker_dag.py
[2025-12-31T13:55:00.944+0000] {logging_mixin.py:188} INFO - [2025-12-31T13:55:00.943+0000] {dag.py:3089} INFO - Sync 2 DAGs
[2025-12-31T13:55:00.957+0000] {logging_mixin.py:188} INFO - [2025-12-31T13:55:00.957+0000] {dag.py:3947} INFO - Setting next_dagrun for example_external_task_marker_child to None, run_after=None
[2025-12-31T13:55:00.961+0000] {logging_mixin.py:188} INFO - [2025-12-31T13:55:00.961+0000] {dag.py:3947} INFO - Setting next_dagrun for example_external_task_marker_parent to None, run_after=None
[2025-12-31T13:55:00.977+0000] {processor.py:183} INFO - Processing /home/airflow/.local/lib/python3.12/site-packages/airflow/example_dags/example_external_task_marker_dag.py took 0.070 seconds
[2025-12-31T13:55:31.369+0000] {processor.py:161} INFO - Started process (PID=858) to work on /home/airflow/.local/lib/python3.12/site-packages/airflow/example_dags/example_external_task_marker_dag.py
[2025-12-31T13:55:31.370+0000] {processor.py:830} INFO - Processing file /home/airflow/.local/lib/python3.12/site-packages/airflow/example_dags/example_external_task_marker_dag.py for tasks to queue
[2025-12-31T13:55:31.371+0000] {logging_mixin.py:188} INFO - [2025-12-31T13:55:31.370+0000] {dagbag.py:545} INFO - Filling up the DagBag from /home/airflow/.local/lib/python3.12/site-packages/airflow/example_dags/example_external_task_marker_dag.py
[2025-12-31T13:55:31.376+0000] {processor.py:840} INFO - DAG(s) 'example_external_task_marker_child', 'example_external_task_marker_parent' retrieved from /home/airflow/.local/lib/python3.12/site-packages/airflow/example_dags/example_external_task_marker_dag.py
[2025-12-31T13:55:31.398+0000] {logging_mixin.py:188} INFO - [2025-12-31T13:55:31.398+0000] {dag.py:3089} INFO - Sync 2 DAGs
[2025-12-31T13:55:31.410+0000] {logging_mixin.py:188} INFO - [2025-12-31T13:55:31.409+0000] {dag.py:3947} INFO - Setting next_dagrun for example_external_task_marker_child to None, run_after=None
[2025-12-31T13:55:31.413+0000] {logging_mixin.py:188} INFO - [2025-12-31T13:55:31.413+0000] {dag.py:3947} INFO - Setting next_dagrun for example_external_task_marker_parent to None, run_after=None
[2025-12-31T13:55:31.428+0000] {processor.py:183} INFO - Processing /home/airflow/.local/lib/python3.12/site-packages/airflow/example_dags/example_external_task_marker_dag.py took 0.065 seconds
[2025-12-31T13:56:02.453+0000] {processor.py:161} INFO - Started process (PID=916) to work on /home/airflow/.local/lib/python3.12/site-packages/airflow/example_dags/example_external_task_marker_dag.py
[2025-12-31T13:56:02.453+0000] {processor.py:830} INFO - Processing file /home/airflow/.local/lib/python3.12/site-packages/airflow/example_dags/example_external_task_marker_dag.py for tasks to queue
[2025-12-31T13:56:02.454+0000] {logging_mixin.py:188} INFO - [2025-12-31T13:56:02.454+0000] {dagbag.py:545} INFO - Filling up the DagBag from /home/airflow/.local/lib/python3.12/site-packages/airflow/example_dags/example_external_task_marker_dag.py
[2025-12-31T13:56:02.459+0000] {processor.py:840} INFO - DAG(s) 'example_external_task_marker_child', 'example_external_task_marker_parent' retrieved from /home/airflow/.local/lib/python3.12/site-packages/airflow/example_dags/example_external_task_marker_dag.py
[2025-12-31T13:56:02.483+0000] {logging_mixin.py:188} INFO - [2025-12-31T13:56:02.483+0000] {dag.py:3089} INFO - Sync 2 DAGs
[2025-12-31T13:56:02.495+0000] {logging_mixin.py:188} INFO - [2025-12-31T13:56:02.494+0000] {dag.py:3947} INFO - Setting next_dagrun for example_external_task_marker_child to None, run_after=None
[2025-12-31T13:56:02.498+0000] {logging_mixin.py:188} INFO - [2025-12-31T13:56:02.498+0000] {dag.py:3947} INFO - Setting next_dagrun for example_external_task_marker_parent to None, run_after=None
[2025-12-31T13:56:02.514+0000] {processor.py:183} INFO - Processing /home/airflow/.local/lib/python3.12/site-packages/airflow/example_dags/example_external_task_marker_dag.py took 0.066 seconds
[2025-12-31T13:56:32.755+0000] {processor.py:161} INFO - Started process (PID=974) to work on /home/airflow/.local/lib/python3.12/site-packages/airflow/example_dags/example_external_task_marker_dag.py
[2025-12-31T13:56:32.756+0000] {processor.py:830} INFO - Processing file /home/airflow/.local/lib/python3.12/site-packages/airflow/example_dags/example_external_task_marker_dag.py for tasks to queue
[2025-12-31T13:56:32.757+0000] {logging_mixin.py:188} INFO - [2025-12-31T13:56:32.757+0000] {dagbag.py:545} INFO - Filling up the DagBag from /home/airflow/.local/lib/python3.12/site-packages/airflow/example_dags/example_external_task_marker_dag.py
[2025-12-31T13:56:32.763+0000] {processor.py:840} INFO - DAG(s) 'example_external_task_marker_parent', 'example_external_task_marker_child' retrieved from /home/airflow/.local/lib/python3.12/site-packages/airflow/example_dags/example_external_task_marker_dag.py
[2025-12-31T13:56:32.784+0000] {logging_mixin.py:188} INFO - [2025-12-31T13:56:32.784+0000] {dag.py:3089} INFO - Sync 2 DAGs
[2025-12-31T13:56:32.796+0000] {logging_mixin.py:188} INFO - [2025-12-31T13:56:32.796+0000] {dag.py:3947} INFO - Setting next_dagrun for example_external_task_marker_child to None, run_after=None
[2025-12-31T13:56:32.799+0000] {logging_mixin.py:188} INFO - [2025-12-31T13:56:32.799+0000] {dag.py:3947} INFO - Setting next_dagrun for example_external_task_marker_parent to None, run_after=None
[2025-12-31T13:56:32.814+0000] {processor.py:183} INFO - Processing /home/airflow/.local/lib/python3.12/site-packages/airflow/example_dags/example_external_task_marker_dag.py took 0.063 seconds
[2025-12-31T13:57:03.119+0000] {processor.py:161} INFO - Started process (PID=1032) to work on /home/airflow/.local/lib/python3.12/site-packages/airflow/example_dags/example_external_task_marker_dag.py
[2025-12-31T13:57:03.120+0000] {processor.py:830} INFO - Processing file /home/airflow/.local/lib/python3.12/site-packages/airflow/example_dags/example_external_task_marker_dag.py for tasks to queue
[2025-12-31T13:57:03.121+0000] {logging_mixin.py:188} INFO - [2025-12-31T13:57:03.120+0000] {dagbag.py:545} INFO - Filling up the DagBag from /home/airflow/.local/lib/python3.12/site-packages/airflow/example_dags/example_external_task_marker_dag.py
[2025-12-31T13:57:03.126+0000] {processor.py:840} INFO - DAG(s) 'example_external_task_marker_child', 'example_external_task_marker_parent' retrieved from /home/airflow/.local/lib/python3.12/site-packages/airflow/example_dags/example_external_task_marker_dag.py
[2025-12-31T13:57:03.148+0000] {logging_mixin.py:188} INFO - [2025-12-31T13:57:03.148+0000] {dag.py:3089} INFO - Sync 2 DAGs
[2025-12-31T13:57:03.161+0000] {logging_mixin.py:188} INFO - [2025-12-31T13:57:03.160+0000] {dag.py:3947} INFO - Setting next_dagrun for example_external_task_marker_child to None, run_after=None
[2025-12-31T13:57:03.165+0000] {logging_mixin.py:188} INFO - [2025-12-31T13:57:03.164+0000] {dag.py:3947} INFO - Setting next_dagrun for example_external_task_marker_parent to None, run_after=None
[2025-12-31T13:57:03.181+0000] {processor.py:183} INFO - Processing /home/airflow/.local/lib/python3.12/site-packages/airflow/example_dags/example_external_task_marker_dag.py took 0.067 seconds
