[2025-12-31T13:39:10.051+0000] {processor.py:161} INFO - Started process (PID=171) to work on /home/airflow/.local/lib/python3.12/site-packages/airflow/example_dags/example_short_circuit_operator.py
[2025-12-31T13:39:10.052+0000] {processor.py:830} INFO - Processing file /home/airflow/.local/lib/python3.12/site-packages/airflow/example_dags/example_short_circuit_operator.py for tasks to queue
[2025-12-31T13:39:10.053+0000] {logging_mixin.py:188} INFO - [2025-12-31T13:39:10.052+0000] {dagbag.py:545} INFO - Filling up the DagBag from /home/airflow/.local/lib/python3.12/site-packages/airflow/example_dags/example_short_circuit_operator.py
[2025-12-31T13:39:10.062+0000] {processor.py:840} INFO - DAG(s) 'example_short_circuit_operator' retrieved from /home/airflow/.local/lib/python3.12/site-packages/airflow/example_dags/example_short_circuit_operator.py
[2025-12-31T13:39:10.167+0000] {logging_mixin.py:188} INFO - [2025-12-31T13:39:10.167+0000] {dag.py:3089} INFO - Sync 1 DAGs
[2025-12-31T13:39:10.185+0000] {logging_mixin.py:188} INFO - [2025-12-31T13:39:10.185+0000] {dag.py:3947} INFO - Setting next_dagrun for example_short_circuit_operator to 2025-12-30 00:00:00+00:00, run_after=2025-12-31 00:00:00+00:00
[2025-12-31T13:39:10.206+0000] {processor.py:183} INFO - Processing /home/airflow/.local/lib/python3.12/site-packages/airflow/example_dags/example_short_circuit_operator.py took 0.160 seconds
[2025-12-31T13:39:40.873+0000] {processor.py:161} INFO - Started process (PID=230) to work on /home/airflow/.local/lib/python3.12/site-packages/airflow/example_dags/example_short_circuit_operator.py
[2025-12-31T13:39:40.874+0000] {processor.py:830} INFO - Processing file /home/airflow/.local/lib/python3.12/site-packages/airflow/example_dags/example_short_circuit_operator.py for tasks to queue
[2025-12-31T13:39:40.875+0000] {logging_mixin.py:188} INFO - [2025-12-31T13:39:40.875+0000] {dagbag.py:545} INFO - Filling up the DagBag from /home/airflow/.local/lib/python3.12/site-packages/airflow/example_dags/example_short_circuit_operator.py
[2025-12-31T13:39:40.886+0000] {processor.py:840} INFO - DAG(s) 'example_short_circuit_operator' retrieved from /home/airflow/.local/lib/python3.12/site-packages/airflow/example_dags/example_short_circuit_operator.py
[2025-12-31T13:39:40.913+0000] {logging_mixin.py:188} INFO - [2025-12-31T13:39:40.913+0000] {dag.py:3089} INFO - Sync 1 DAGs
[2025-12-31T13:39:40.940+0000] {logging_mixin.py:188} INFO - [2025-12-31T13:39:40.940+0000] {dag.py:3947} INFO - Setting next_dagrun for example_short_circuit_operator to 2025-12-30 00:00:00+00:00, run_after=2025-12-31 00:00:00+00:00
[2025-12-31T13:39:40.964+0000] {processor.py:183} INFO - Processing /home/airflow/.local/lib/python3.12/site-packages/airflow/example_dags/example_short_circuit_operator.py took 0.099 seconds
[2025-12-31T13:40:11.056+0000] {processor.py:161} INFO - Started process (PID=289) to work on /home/airflow/.local/lib/python3.12/site-packages/airflow/example_dags/example_short_circuit_operator.py
[2025-12-31T13:40:11.057+0000] {processor.py:830} INFO - Processing file /home/airflow/.local/lib/python3.12/site-packages/airflow/example_dags/example_short_circuit_operator.py for tasks to queue
[2025-12-31T13:40:11.057+0000] {logging_mixin.py:188} INFO - [2025-12-31T13:40:11.057+0000] {dagbag.py:545} INFO - Filling up the DagBag from /home/airflow/.local/lib/python3.12/site-packages/airflow/example_dags/example_short_circuit_operator.py
[2025-12-31T13:40:11.065+0000] {processor.py:840} INFO - DAG(s) 'example_short_circuit_operator' retrieved from /home/airflow/.local/lib/python3.12/site-packages/airflow/example_dags/example_short_circuit_operator.py
[2025-12-31T13:40:11.086+0000] {logging_mixin.py:188} INFO - [2025-12-31T13:40:11.085+0000] {dag.py:3089} INFO - Sync 1 DAGs
[2025-12-31T13:40:11.105+0000] {logging_mixin.py:188} INFO - [2025-12-31T13:40:11.105+0000] {dag.py:3947} INFO - Setting next_dagrun for example_short_circuit_operator to 2025-12-30 00:00:00+00:00, run_after=2025-12-31 00:00:00+00:00
[2025-12-31T13:40:11.124+0000] {processor.py:183} INFO - Processing /home/airflow/.local/lib/python3.12/site-packages/airflow/example_dags/example_short_circuit_operator.py took 0.073 seconds
[2025-12-31T13:40:42.010+0000] {processor.py:161} INFO - Started process (PID=347) to work on /home/airflow/.local/lib/python3.12/site-packages/airflow/example_dags/example_short_circuit_operator.py
[2025-12-31T13:40:42.011+0000] {processor.py:830} INFO - Processing file /home/airflow/.local/lib/python3.12/site-packages/airflow/example_dags/example_short_circuit_operator.py for tasks to queue
[2025-12-31T13:40:42.012+0000] {logging_mixin.py:188} INFO - [2025-12-31T13:40:42.012+0000] {dagbag.py:545} INFO - Filling up the DagBag from /home/airflow/.local/lib/python3.12/site-packages/airflow/example_dags/example_short_circuit_operator.py
[2025-12-31T13:40:42.019+0000] {processor.py:840} INFO - DAG(s) 'example_short_circuit_operator' retrieved from /home/airflow/.local/lib/python3.12/site-packages/airflow/example_dags/example_short_circuit_operator.py
[2025-12-31T13:40:42.038+0000] {logging_mixin.py:188} INFO - [2025-12-31T13:40:42.038+0000] {dag.py:3089} INFO - Sync 1 DAGs
[2025-12-31T13:40:42.057+0000] {logging_mixin.py:188} INFO - [2025-12-31T13:40:42.057+0000] {dag.py:3947} INFO - Setting next_dagrun for example_short_circuit_operator to 2025-12-30 00:00:00+00:00, run_after=2025-12-31 00:00:00+00:00
[2025-12-31T13:40:42.074+0000] {processor.py:183} INFO - Processing /home/airflow/.local/lib/python3.12/site-packages/airflow/example_dags/example_short_circuit_operator.py took 0.068 seconds
[2025-12-31T13:49:25.484+0000] {processor.py:161} INFO - Started process (PID=172) to work on /home/airflow/.local/lib/python3.12/site-packages/airflow/example_dags/example_short_circuit_operator.py
[2025-12-31T13:49:25.485+0000] {processor.py:830} INFO - Processing file /home/airflow/.local/lib/python3.12/site-packages/airflow/example_dags/example_short_circuit_operator.py for tasks to queue
[2025-12-31T13:49:25.486+0000] {logging_mixin.py:188} INFO - [2025-12-31T13:49:25.486+0000] {dagbag.py:545} INFO - Filling up the DagBag from /home/airflow/.local/lib/python3.12/site-packages/airflow/example_dags/example_short_circuit_operator.py
[2025-12-31T13:49:25.496+0000] {processor.py:840} INFO - DAG(s) 'example_short_circuit_operator' retrieved from /home/airflow/.local/lib/python3.12/site-packages/airflow/example_dags/example_short_circuit_operator.py
[2025-12-31T13:49:25.596+0000] {logging_mixin.py:188} INFO - [2025-12-31T13:49:25.596+0000] {dag.py:3089} INFO - Sync 1 DAGs
[2025-12-31T13:49:25.614+0000] {logging_mixin.py:188} INFO - [2025-12-31T13:49:25.613+0000] {dag.py:3947} INFO - Setting next_dagrun for example_short_circuit_operator to 2025-12-30 00:00:00+00:00, run_after=2025-12-31 00:00:00+00:00
[2025-12-31T13:49:25.631+0000] {processor.py:183} INFO - Processing /home/airflow/.local/lib/python3.12/site-packages/airflow/example_dags/example_short_circuit_operator.py took 0.153 seconds
[2025-12-31T13:49:56.029+0000] {processor.py:161} INFO - Started process (PID=231) to work on /home/airflow/.local/lib/python3.12/site-packages/airflow/example_dags/example_short_circuit_operator.py
[2025-12-31T13:49:56.030+0000] {processor.py:830} INFO - Processing file /home/airflow/.local/lib/python3.12/site-packages/airflow/example_dags/example_short_circuit_operator.py for tasks to queue
[2025-12-31T13:49:56.031+0000] {logging_mixin.py:188} INFO - [2025-12-31T13:49:56.030+0000] {dagbag.py:545} INFO - Filling up the DagBag from /home/airflow/.local/lib/python3.12/site-packages/airflow/example_dags/example_short_circuit_operator.py
[2025-12-31T13:49:56.038+0000] {processor.py:840} INFO - DAG(s) 'example_short_circuit_operator' retrieved from /home/airflow/.local/lib/python3.12/site-packages/airflow/example_dags/example_short_circuit_operator.py
[2025-12-31T13:49:56.057+0000] {logging_mixin.py:188} INFO - [2025-12-31T13:49:56.057+0000] {dag.py:3089} INFO - Sync 1 DAGs
[2025-12-31T13:49:56.077+0000] {logging_mixin.py:188} INFO - [2025-12-31T13:49:56.077+0000] {dag.py:3947} INFO - Setting next_dagrun for example_short_circuit_operator to 2025-12-30 00:00:00+00:00, run_after=2025-12-31 00:00:00+00:00
[2025-12-31T13:49:56.093+0000] {processor.py:183} INFO - Processing /home/airflow/.local/lib/python3.12/site-packages/airflow/example_dags/example_short_circuit_operator.py took 0.069 seconds
[2025-12-31T13:50:26.246+0000] {processor.py:161} INFO - Started process (PID=289) to work on /home/airflow/.local/lib/python3.12/site-packages/airflow/example_dags/example_short_circuit_operator.py
[2025-12-31T13:50:26.247+0000] {processor.py:830} INFO - Processing file /home/airflow/.local/lib/python3.12/site-packages/airflow/example_dags/example_short_circuit_operator.py for tasks to queue
[2025-12-31T13:50:26.248+0000] {logging_mixin.py:188} INFO - [2025-12-31T13:50:26.248+0000] {dagbag.py:545} INFO - Filling up the DagBag from /home/airflow/.local/lib/python3.12/site-packages/airflow/example_dags/example_short_circuit_operator.py
[2025-12-31T13:50:26.258+0000] {processor.py:840} INFO - DAG(s) 'example_short_circuit_operator' retrieved from /home/airflow/.local/lib/python3.12/site-packages/airflow/example_dags/example_short_circuit_operator.py
[2025-12-31T13:50:26.281+0000] {logging_mixin.py:188} INFO - [2025-12-31T13:50:26.281+0000] {dag.py:3089} INFO - Sync 1 DAGs
[2025-12-31T13:50:26.303+0000] {logging_mixin.py:188} INFO - [2025-12-31T13:50:26.303+0000] {dag.py:3947} INFO - Setting next_dagrun for example_short_circuit_operator to 2025-12-30 00:00:00+00:00, run_after=2025-12-31 00:00:00+00:00
[2025-12-31T13:50:26.324+0000] {processor.py:183} INFO - Processing /home/airflow/.local/lib/python3.12/site-packages/airflow/example_dags/example_short_circuit_operator.py took 0.083 seconds
[2025-12-31T13:50:57.266+0000] {processor.py:161} INFO - Started process (PID=347) to work on /home/airflow/.local/lib/python3.12/site-packages/airflow/example_dags/example_short_circuit_operator.py
[2025-12-31T13:50:57.267+0000] {processor.py:830} INFO - Processing file /home/airflow/.local/lib/python3.12/site-packages/airflow/example_dags/example_short_circuit_operator.py for tasks to queue
[2025-12-31T13:50:57.267+0000] {logging_mixin.py:188} INFO - [2025-12-31T13:50:57.267+0000] {dagbag.py:545} INFO - Filling up the DagBag from /home/airflow/.local/lib/python3.12/site-packages/airflow/example_dags/example_short_circuit_operator.py
[2025-12-31T13:50:57.275+0000] {processor.py:840} INFO - DAG(s) 'example_short_circuit_operator' retrieved from /home/airflow/.local/lib/python3.12/site-packages/airflow/example_dags/example_short_circuit_operator.py
[2025-12-31T13:50:57.295+0000] {logging_mixin.py:188} INFO - [2025-12-31T13:50:57.294+0000] {dag.py:3089} INFO - Sync 1 DAGs
[2025-12-31T13:50:57.318+0000] {logging_mixin.py:188} INFO - [2025-12-31T13:50:57.318+0000] {dag.py:3947} INFO - Setting next_dagrun for example_short_circuit_operator to 2025-12-30 00:00:00+00:00, run_after=2025-12-31 00:00:00+00:00
[2025-12-31T13:50:57.341+0000] {processor.py:183} INFO - Processing /home/airflow/.local/lib/python3.12/site-packages/airflow/example_dags/example_short_circuit_operator.py took 0.080 seconds
[2025-12-31T13:51:28.189+0000] {processor.py:161} INFO - Started process (PID=405) to work on /home/airflow/.local/lib/python3.12/site-packages/airflow/example_dags/example_short_circuit_operator.py
[2025-12-31T13:51:28.189+0000] {processor.py:830} INFO - Processing file /home/airflow/.local/lib/python3.12/site-packages/airflow/example_dags/example_short_circuit_operator.py for tasks to queue
[2025-12-31T13:51:28.190+0000] {logging_mixin.py:188} INFO - [2025-12-31T13:51:28.190+0000] {dagbag.py:545} INFO - Filling up the DagBag from /home/airflow/.local/lib/python3.12/site-packages/airflow/example_dags/example_short_circuit_operator.py
[2025-12-31T13:51:28.197+0000] {processor.py:840} INFO - DAG(s) 'example_short_circuit_operator' retrieved from /home/airflow/.local/lib/python3.12/site-packages/airflow/example_dags/example_short_circuit_operator.py
[2025-12-31T13:51:28.216+0000] {logging_mixin.py:188} INFO - [2025-12-31T13:51:28.216+0000] {dag.py:3089} INFO - Sync 1 DAGs
[2025-12-31T13:51:28.235+0000] {logging_mixin.py:188} INFO - [2025-12-31T13:51:28.234+0000] {dag.py:3947} INFO - Setting next_dagrun for example_short_circuit_operator to 2025-12-30 00:00:00+00:00, run_after=2025-12-31 00:00:00+00:00
[2025-12-31T13:51:28.255+0000] {processor.py:183} INFO - Processing /home/airflow/.local/lib/python3.12/site-packages/airflow/example_dags/example_short_circuit_operator.py took 0.072 seconds
[2025-12-31T13:51:59.150+0000] {processor.py:161} INFO - Started process (PID=463) to work on /home/airflow/.local/lib/python3.12/site-packages/airflow/example_dags/example_short_circuit_operator.py
[2025-12-31T13:51:59.151+0000] {processor.py:830} INFO - Processing file /home/airflow/.local/lib/python3.12/site-packages/airflow/example_dags/example_short_circuit_operator.py for tasks to queue
[2025-12-31T13:51:59.151+0000] {logging_mixin.py:188} INFO - [2025-12-31T13:51:59.151+0000] {dagbag.py:545} INFO - Filling up the DagBag from /home/airflow/.local/lib/python3.12/site-packages/airflow/example_dags/example_short_circuit_operator.py
[2025-12-31T13:51:59.159+0000] {processor.py:840} INFO - DAG(s) 'example_short_circuit_operator' retrieved from /home/airflow/.local/lib/python3.12/site-packages/airflow/example_dags/example_short_circuit_operator.py
[2025-12-31T13:51:59.178+0000] {logging_mixin.py:188} INFO - [2025-12-31T13:51:59.178+0000] {dag.py:3089} INFO - Sync 1 DAGs
[2025-12-31T13:51:59.196+0000] {logging_mixin.py:188} INFO - [2025-12-31T13:51:59.196+0000] {dag.py:3947} INFO - Setting next_dagrun for example_short_circuit_operator to 2025-12-30 00:00:00+00:00, run_after=2025-12-31 00:00:00+00:00
[2025-12-31T13:51:59.212+0000] {processor.py:183} INFO - Processing /home/airflow/.local/lib/python3.12/site-packages/airflow/example_dags/example_short_circuit_operator.py took 0.067 seconds
[2025-12-31T13:52:29.878+0000] {processor.py:161} INFO - Started process (PID=521) to work on /home/airflow/.local/lib/python3.12/site-packages/airflow/example_dags/example_short_circuit_operator.py
[2025-12-31T13:52:29.879+0000] {processor.py:830} INFO - Processing file /home/airflow/.local/lib/python3.12/site-packages/airflow/example_dags/example_short_circuit_operator.py for tasks to queue
[2025-12-31T13:52:29.880+0000] {logging_mixin.py:188} INFO - [2025-12-31T13:52:29.879+0000] {dagbag.py:545} INFO - Filling up the DagBag from /home/airflow/.local/lib/python3.12/site-packages/airflow/example_dags/example_short_circuit_operator.py
[2025-12-31T13:52:29.887+0000] {processor.py:840} INFO - DAG(s) 'example_short_circuit_operator' retrieved from /home/airflow/.local/lib/python3.12/site-packages/airflow/example_dags/example_short_circuit_operator.py
[2025-12-31T13:52:29.906+0000] {logging_mixin.py:188} INFO - [2025-12-31T13:52:29.906+0000] {dag.py:3089} INFO - Sync 1 DAGs
[2025-12-31T13:52:29.924+0000] {logging_mixin.py:188} INFO - [2025-12-31T13:52:29.924+0000] {dag.py:3947} INFO - Setting next_dagrun for example_short_circuit_operator to 2025-12-30 00:00:00+00:00, run_after=2025-12-31 00:00:00+00:00
[2025-12-31T13:52:29.941+0000] {processor.py:183} INFO - Processing /home/airflow/.local/lib/python3.12/site-packages/airflow/example_dags/example_short_circuit_operator.py took 0.068 seconds
[2025-12-31T13:53:00.627+0000] {processor.py:161} INFO - Started process (PID=579) to work on /home/airflow/.local/lib/python3.12/site-packages/airflow/example_dags/example_short_circuit_operator.py
[2025-12-31T13:53:00.627+0000] {processor.py:830} INFO - Processing file /home/airflow/.local/lib/python3.12/site-packages/airflow/example_dags/example_short_circuit_operator.py for tasks to queue
[2025-12-31T13:53:00.628+0000] {logging_mixin.py:188} INFO - [2025-12-31T13:53:00.628+0000] {dagbag.py:545} INFO - Filling up the DagBag from /home/airflow/.local/lib/python3.12/site-packages/airflow/example_dags/example_short_circuit_operator.py
[2025-12-31T13:53:00.636+0000] {processor.py:840} INFO - DAG(s) 'example_short_circuit_operator' retrieved from /home/airflow/.local/lib/python3.12/site-packages/airflow/example_dags/example_short_circuit_operator.py
[2025-12-31T13:53:00.655+0000] {logging_mixin.py:188} INFO - [2025-12-31T13:53:00.655+0000] {dag.py:3089} INFO - Sync 1 DAGs
[2025-12-31T13:53:00.675+0000] {logging_mixin.py:188} INFO - [2025-12-31T13:53:00.675+0000] {dag.py:3947} INFO - Setting next_dagrun for example_short_circuit_operator to 2025-12-30 00:00:00+00:00, run_after=2025-12-31 00:00:00+00:00
[2025-12-31T13:53:00.696+0000] {processor.py:183} INFO - Processing /home/airflow/.local/lib/python3.12/site-packages/airflow/example_dags/example_short_circuit_operator.py took 0.074 seconds
[2025-12-31T13:53:30.999+0000] {processor.py:161} INFO - Started process (PID=637) to work on /home/airflow/.local/lib/python3.12/site-packages/airflow/example_dags/example_short_circuit_operator.py
[2025-12-31T13:53:30.999+0000] {processor.py:830} INFO - Processing file /home/airflow/.local/lib/python3.12/site-packages/airflow/example_dags/example_short_circuit_operator.py for tasks to queue
[2025-12-31T13:53:31.000+0000] {logging_mixin.py:188} INFO - [2025-12-31T13:53:31.000+0000] {dagbag.py:545} INFO - Filling up the DagBag from /home/airflow/.local/lib/python3.12/site-packages/airflow/example_dags/example_short_circuit_operator.py
[2025-12-31T13:53:31.009+0000] {processor.py:840} INFO - DAG(s) 'example_short_circuit_operator' retrieved from /home/airflow/.local/lib/python3.12/site-packages/airflow/example_dags/example_short_circuit_operator.py
[2025-12-31T13:53:31.030+0000] {logging_mixin.py:188} INFO - [2025-12-31T13:53:31.030+0000] {dag.py:3089} INFO - Sync 1 DAGs
[2025-12-31T13:53:31.051+0000] {logging_mixin.py:188} INFO - [2025-12-31T13:53:31.051+0000] {dag.py:3947} INFO - Setting next_dagrun for example_short_circuit_operator to 2025-12-30 00:00:00+00:00, run_after=2025-12-31 00:00:00+00:00
[2025-12-31T13:53:31.071+0000] {processor.py:183} INFO - Processing /home/airflow/.local/lib/python3.12/site-packages/airflow/example_dags/example_short_circuit_operator.py took 0.078 seconds
[2025-12-31T13:54:01.191+0000] {processor.py:161} INFO - Started process (PID=695) to work on /home/airflow/.local/lib/python3.12/site-packages/airflow/example_dags/example_short_circuit_operator.py
[2025-12-31T13:54:01.192+0000] {processor.py:830} INFO - Processing file /home/airflow/.local/lib/python3.12/site-packages/airflow/example_dags/example_short_circuit_operator.py for tasks to queue
[2025-12-31T13:54:01.193+0000] {logging_mixin.py:188} INFO - [2025-12-31T13:54:01.193+0000] {dagbag.py:545} INFO - Filling up the DagBag from /home/airflow/.local/lib/python3.12/site-packages/airflow/example_dags/example_short_circuit_operator.py
[2025-12-31T13:54:01.201+0000] {processor.py:840} INFO - DAG(s) 'example_short_circuit_operator' retrieved from /home/airflow/.local/lib/python3.12/site-packages/airflow/example_dags/example_short_circuit_operator.py
[2025-12-31T13:54:01.223+0000] {logging_mixin.py:188} INFO - [2025-12-31T13:54:01.223+0000] {dag.py:3089} INFO - Sync 1 DAGs
[2025-12-31T13:54:01.243+0000] {logging_mixin.py:188} INFO - [2025-12-31T13:54:01.242+0000] {dag.py:3947} INFO - Setting next_dagrun for example_short_circuit_operator to 2025-12-30 00:00:00+00:00, run_after=2025-12-31 00:00:00+00:00
[2025-12-31T13:54:01.262+0000] {processor.py:183} INFO - Processing /home/airflow/.local/lib/python3.12/site-packages/airflow/example_dags/example_short_circuit_operator.py took 0.075 seconds
[2025-12-31T13:54:31.339+0000] {processor.py:161} INFO - Started process (PID=753) to work on /home/airflow/.local/lib/python3.12/site-packages/airflow/example_dags/example_short_circuit_operator.py
[2025-12-31T13:54:31.340+0000] {processor.py:830} INFO - Processing file /home/airflow/.local/lib/python3.12/site-packages/airflow/example_dags/example_short_circuit_operator.py for tasks to queue
[2025-12-31T13:54:31.341+0000] {logging_mixin.py:188} INFO - [2025-12-31T13:54:31.341+0000] {dagbag.py:545} INFO - Filling up the DagBag from /home/airflow/.local/lib/python3.12/site-packages/airflow/example_dags/example_short_circuit_operator.py
[2025-12-31T13:54:31.348+0000] {processor.py:840} INFO - DAG(s) 'example_short_circuit_operator' retrieved from /home/airflow/.local/lib/python3.12/site-packages/airflow/example_dags/example_short_circuit_operator.py
[2025-12-31T13:54:31.371+0000] {logging_mixin.py:188} INFO - [2025-12-31T13:54:31.371+0000] {dag.py:3089} INFO - Sync 1 DAGs
[2025-12-31T13:54:31.391+0000] {logging_mixin.py:188} INFO - [2025-12-31T13:54:31.391+0000] {dag.py:3947} INFO - Setting next_dagrun for example_short_circuit_operator to 2025-12-30 00:00:00+00:00, run_after=2025-12-31 00:00:00+00:00
[2025-12-31T13:54:31.410+0000] {processor.py:183} INFO - Processing /home/airflow/.local/lib/python3.12/site-packages/airflow/example_dags/example_short_circuit_operator.py took 0.076 seconds
[2025-12-31T13:55:01.660+0000] {processor.py:161} INFO - Started process (PID=811) to work on /home/airflow/.local/lib/python3.12/site-packages/airflow/example_dags/example_short_circuit_operator.py
[2025-12-31T13:55:01.661+0000] {processor.py:830} INFO - Processing file /home/airflow/.local/lib/python3.12/site-packages/airflow/example_dags/example_short_circuit_operator.py for tasks to queue
[2025-12-31T13:55:01.661+0000] {logging_mixin.py:188} INFO - [2025-12-31T13:55:01.661+0000] {dagbag.py:545} INFO - Filling up the DagBag from /home/airflow/.local/lib/python3.12/site-packages/airflow/example_dags/example_short_circuit_operator.py
[2025-12-31T13:55:01.671+0000] {processor.py:840} INFO - DAG(s) 'example_short_circuit_operator' retrieved from /home/airflow/.local/lib/python3.12/site-packages/airflow/example_dags/example_short_circuit_operator.py
[2025-12-31T13:55:01.694+0000] {logging_mixin.py:188} INFO - [2025-12-31T13:55:01.694+0000] {dag.py:3089} INFO - Sync 1 DAGs
[2025-12-31T13:55:01.714+0000] {logging_mixin.py:188} INFO - [2025-12-31T13:55:01.713+0000] {dag.py:3947} INFO - Setting next_dagrun for example_short_circuit_operator to 2025-12-30 00:00:00+00:00, run_after=2025-12-31 00:00:00+00:00
[2025-12-31T13:55:01.735+0000] {processor.py:183} INFO - Processing /home/airflow/.local/lib/python3.12/site-packages/airflow/example_dags/example_short_circuit_operator.py took 0.081 seconds
[2025-12-31T13:55:32.049+0000] {processor.py:161} INFO - Started process (PID=869) to work on /home/airflow/.local/lib/python3.12/site-packages/airflow/example_dags/example_short_circuit_operator.py
[2025-12-31T13:55:32.049+0000] {processor.py:830} INFO - Processing file /home/airflow/.local/lib/python3.12/site-packages/airflow/example_dags/example_short_circuit_operator.py for tasks to queue
[2025-12-31T13:55:32.050+0000] {logging_mixin.py:188} INFO - [2025-12-31T13:55:32.050+0000] {dagbag.py:545} INFO - Filling up the DagBag from /home/airflow/.local/lib/python3.12/site-packages/airflow/example_dags/example_short_circuit_operator.py
[2025-12-31T13:55:32.057+0000] {processor.py:840} INFO - DAG(s) 'example_short_circuit_operator' retrieved from /home/airflow/.local/lib/python3.12/site-packages/airflow/example_dags/example_short_circuit_operator.py
[2025-12-31T13:55:32.075+0000] {logging_mixin.py:188} INFO - [2025-12-31T13:55:32.075+0000] {dag.py:3089} INFO - Sync 1 DAGs
[2025-12-31T13:55:32.096+0000] {logging_mixin.py:188} INFO - [2025-12-31T13:55:32.096+0000] {dag.py:3947} INFO - Setting next_dagrun for example_short_circuit_operator to 2025-12-30 00:00:00+00:00, run_after=2025-12-31 00:00:00+00:00
[2025-12-31T13:55:32.114+0000] {processor.py:183} INFO - Processing /home/airflow/.local/lib/python3.12/site-packages/airflow/example_dags/example_short_circuit_operator.py took 0.070 seconds
[2025-12-31T13:56:03.169+0000] {processor.py:161} INFO - Started process (PID=927) to work on /home/airflow/.local/lib/python3.12/site-packages/airflow/example_dags/example_short_circuit_operator.py
[2025-12-31T13:56:03.170+0000] {processor.py:830} INFO - Processing file /home/airflow/.local/lib/python3.12/site-packages/airflow/example_dags/example_short_circuit_operator.py for tasks to queue
[2025-12-31T13:56:03.171+0000] {logging_mixin.py:188} INFO - [2025-12-31T13:56:03.170+0000] {dagbag.py:545} INFO - Filling up the DagBag from /home/airflow/.local/lib/python3.12/site-packages/airflow/example_dags/example_short_circuit_operator.py
[2025-12-31T13:56:03.179+0000] {processor.py:840} INFO - DAG(s) 'example_short_circuit_operator' retrieved from /home/airflow/.local/lib/python3.12/site-packages/airflow/example_dags/example_short_circuit_operator.py
[2025-12-31T13:56:03.214+0000] {logging_mixin.py:188} INFO - [2025-12-31T13:56:03.214+0000] {dag.py:3089} INFO - Sync 1 DAGs
[2025-12-31T13:56:03.241+0000] {logging_mixin.py:188} INFO - [2025-12-31T13:56:03.241+0000] {dag.py:3947} INFO - Setting next_dagrun for example_short_circuit_operator to 2025-12-30 00:00:00+00:00, run_after=2025-12-31 00:00:00+00:00
[2025-12-31T13:56:03.268+0000] {processor.py:183} INFO - Processing /home/airflow/.local/lib/python3.12/site-packages/airflow/example_dags/example_short_circuit_operator.py took 0.105 seconds
[2025-12-31T13:56:33.490+0000] {processor.py:161} INFO - Started process (PID=985) to work on /home/airflow/.local/lib/python3.12/site-packages/airflow/example_dags/example_short_circuit_operator.py
[2025-12-31T13:56:33.490+0000] {processor.py:830} INFO - Processing file /home/airflow/.local/lib/python3.12/site-packages/airflow/example_dags/example_short_circuit_operator.py for tasks to queue
[2025-12-31T13:56:33.491+0000] {logging_mixin.py:188} INFO - [2025-12-31T13:56:33.491+0000] {dagbag.py:545} INFO - Filling up the DagBag from /home/airflow/.local/lib/python3.12/site-packages/airflow/example_dags/example_short_circuit_operator.py
[2025-12-31T13:56:33.500+0000] {processor.py:840} INFO - DAG(s) 'example_short_circuit_operator' retrieved from /home/airflow/.local/lib/python3.12/site-packages/airflow/example_dags/example_short_circuit_operator.py
[2025-12-31T13:56:33.522+0000] {logging_mixin.py:188} INFO - [2025-12-31T13:56:33.522+0000] {dag.py:3089} INFO - Sync 1 DAGs
[2025-12-31T13:56:33.543+0000] {logging_mixin.py:188} INFO - [2025-12-31T13:56:33.543+0000] {dag.py:3947} INFO - Setting next_dagrun for example_short_circuit_operator to 2025-12-30 00:00:00+00:00, run_after=2025-12-31 00:00:00+00:00
[2025-12-31T13:56:33.563+0000] {processor.py:183} INFO - Processing /home/airflow/.local/lib/python3.12/site-packages/airflow/example_dags/example_short_circuit_operator.py took 0.079 seconds
[2025-12-31T13:57:03.856+0000] {processor.py:161} INFO - Started process (PID=1043) to work on /home/airflow/.local/lib/python3.12/site-packages/airflow/example_dags/example_short_circuit_operator.py
[2025-12-31T13:57:03.857+0000] {processor.py:830} INFO - Processing file /home/airflow/.local/lib/python3.12/site-packages/airflow/example_dags/example_short_circuit_operator.py for tasks to queue
[2025-12-31T13:57:03.858+0000] {logging_mixin.py:188} INFO - [2025-12-31T13:57:03.858+0000] {dagbag.py:545} INFO - Filling up the DagBag from /home/airflow/.local/lib/python3.12/site-packages/airflow/example_dags/example_short_circuit_operator.py
[2025-12-31T13:57:03.867+0000] {processor.py:840} INFO - DAG(s) 'example_short_circuit_operator' retrieved from /home/airflow/.local/lib/python3.12/site-packages/airflow/example_dags/example_short_circuit_operator.py
[2025-12-31T13:57:03.892+0000] {logging_mixin.py:188} INFO - [2025-12-31T13:57:03.892+0000] {dag.py:3089} INFO - Sync 1 DAGs
[2025-12-31T13:57:03.912+0000] {logging_mixin.py:188} INFO - [2025-12-31T13:57:03.912+0000] {dag.py:3947} INFO - Setting next_dagrun for example_short_circuit_operator to 2025-12-30 00:00:00+00:00, run_after=2025-12-31 00:00:00+00:00
[2025-12-31T13:57:03.932+0000] {processor.py:183} INFO - Processing /home/airflow/.local/lib/python3.12/site-packages/airflow/example_dags/example_short_circuit_operator.py took 0.082 seconds
