[2025-12-31T13:39:08.719+0000] {processor.py:161} INFO - Started process (PID=157) to work on /home/airflow/.local/lib/python3.12/site-packages/airflow/example_dags/example_branch_labels.py
[2025-12-31T13:39:08.720+0000] {processor.py:830} INFO - Processing file /home/airflow/.local/lib/python3.12/site-packages/airflow/example_dags/example_branch_labels.py for tasks to queue
[2025-12-31T13:39:08.721+0000] {logging_mixin.py:188} INFO - [2025-12-31T13:39:08.721+0000] {dagbag.py:545} INFO - Filling up the DagBag from /home/airflow/.local/lib/python3.12/site-packages/airflow/example_dags/example_branch_labels.py
[2025-12-31T13:39:08.730+0000] {processor.py:840} INFO - DAG(s) 'example_branch_labels' retrieved from /home/airflow/.local/lib/python3.12/site-packages/airflow/example_dags/example_branch_labels.py
[2025-12-31T13:39:08.841+0000] {logging_mixin.py:188} INFO - [2025-12-31T13:39:08.841+0000] {dag.py:3089} INFO - Sync 1 DAGs
[2025-12-31T13:39:08.865+0000] {logging_mixin.py:188} INFO - [2025-12-31T13:39:08.864+0000] {dag.py:3947} INFO - Setting next_dagrun for example_branch_labels to 2025-12-30 00:00:00+00:00, run_after=2025-12-31 00:00:00+00:00
[2025-12-31T13:39:08.888+0000] {processor.py:183} INFO - Processing /home/airflow/.local/lib/python3.12/site-packages/airflow/example_dags/example_branch_labels.py took 0.173 seconds
[2025-12-31T13:39:39.835+0000] {processor.py:161} INFO - Started process (PID=216) to work on /home/airflow/.local/lib/python3.12/site-packages/airflow/example_dags/example_branch_labels.py
[2025-12-31T13:39:39.835+0000] {processor.py:830} INFO - Processing file /home/airflow/.local/lib/python3.12/site-packages/airflow/example_dags/example_branch_labels.py for tasks to queue
[2025-12-31T13:39:39.836+0000] {logging_mixin.py:188} INFO - [2025-12-31T13:39:39.836+0000] {dagbag.py:545} INFO - Filling up the DagBag from /home/airflow/.local/lib/python3.12/site-packages/airflow/example_dags/example_branch_labels.py
[2025-12-31T13:39:39.843+0000] {processor.py:840} INFO - DAG(s) 'example_branch_labels' retrieved from /home/airflow/.local/lib/python3.12/site-packages/airflow/example_dags/example_branch_labels.py
[2025-12-31T13:39:39.863+0000] {logging_mixin.py:188} INFO - [2025-12-31T13:39:39.863+0000] {dag.py:3089} INFO - Sync 1 DAGs
[2025-12-31T13:39:39.886+0000] {logging_mixin.py:188} INFO - [2025-12-31T13:39:39.886+0000] {dag.py:3947} INFO - Setting next_dagrun for example_branch_labels to 2025-12-30 00:00:00+00:00, run_after=2025-12-31 00:00:00+00:00
[2025-12-31T13:39:39.910+0000] {processor.py:183} INFO - Processing /home/airflow/.local/lib/python3.12/site-packages/airflow/example_dags/example_branch_labels.py took 0.081 seconds
[2025-12-31T13:40:10.190+0000] {processor.py:161} INFO - Started process (PID=275) to work on /home/airflow/.local/lib/python3.12/site-packages/airflow/example_dags/example_branch_labels.py
[2025-12-31T13:40:10.191+0000] {processor.py:830} INFO - Processing file /home/airflow/.local/lib/python3.12/site-packages/airflow/example_dags/example_branch_labels.py for tasks to queue
[2025-12-31T13:40:10.191+0000] {logging_mixin.py:188} INFO - [2025-12-31T13:40:10.191+0000] {dagbag.py:545} INFO - Filling up the DagBag from /home/airflow/.local/lib/python3.12/site-packages/airflow/example_dags/example_branch_labels.py
[2025-12-31T13:40:10.198+0000] {processor.py:840} INFO - DAG(s) 'example_branch_labels' retrieved from /home/airflow/.local/lib/python3.12/site-packages/airflow/example_dags/example_branch_labels.py
[2025-12-31T13:40:10.217+0000] {logging_mixin.py:188} INFO - [2025-12-31T13:40:10.217+0000] {dag.py:3089} INFO - Sync 1 DAGs
[2025-12-31T13:40:10.237+0000] {logging_mixin.py:188} INFO - [2025-12-31T13:40:10.237+0000] {dag.py:3947} INFO - Setting next_dagrun for example_branch_labels to 2025-12-30 00:00:00+00:00, run_after=2025-12-31 00:00:00+00:00
[2025-12-31T13:40:10.258+0000] {processor.py:183} INFO - Processing /home/airflow/.local/lib/python3.12/site-packages/airflow/example_dags/example_branch_labels.py took 0.073 seconds
[2025-12-31T13:40:41.126+0000] {processor.py:161} INFO - Started process (PID=333) to work on /home/airflow/.local/lib/python3.12/site-packages/airflow/example_dags/example_branch_labels.py
[2025-12-31T13:40:41.127+0000] {processor.py:830} INFO - Processing file /home/airflow/.local/lib/python3.12/site-packages/airflow/example_dags/example_branch_labels.py for tasks to queue
[2025-12-31T13:40:41.128+0000] {logging_mixin.py:188} INFO - [2025-12-31T13:40:41.128+0000] {dagbag.py:545} INFO - Filling up the DagBag from /home/airflow/.local/lib/python3.12/site-packages/airflow/example_dags/example_branch_labels.py
[2025-12-31T13:40:41.134+0000] {processor.py:840} INFO - DAG(s) 'example_branch_labels' retrieved from /home/airflow/.local/lib/python3.12/site-packages/airflow/example_dags/example_branch_labels.py
[2025-12-31T13:40:41.154+0000] {logging_mixin.py:188} INFO - [2025-12-31T13:40:41.153+0000] {dag.py:3089} INFO - Sync 1 DAGs
[2025-12-31T13:40:41.172+0000] {logging_mixin.py:188} INFO - [2025-12-31T13:40:41.172+0000] {dag.py:3947} INFO - Setting next_dagrun for example_branch_labels to 2025-12-30 00:00:00+00:00, run_after=2025-12-31 00:00:00+00:00
[2025-12-31T13:40:41.188+0000] {processor.py:183} INFO - Processing /home/airflow/.local/lib/python3.12/site-packages/airflow/example_dags/example_branch_labels.py took 0.066 seconds
[2025-12-31T13:49:23.912+0000] {processor.py:161} INFO - Started process (PID=158) to work on /home/airflow/.local/lib/python3.12/site-packages/airflow/example_dags/example_branch_labels.py
[2025-12-31T13:49:23.913+0000] {processor.py:830} INFO - Processing file /home/airflow/.local/lib/python3.12/site-packages/airflow/example_dags/example_branch_labels.py for tasks to queue
[2025-12-31T13:49:23.913+0000] {logging_mixin.py:188} INFO - [2025-12-31T13:49:23.913+0000] {dagbag.py:545} INFO - Filling up the DagBag from /home/airflow/.local/lib/python3.12/site-packages/airflow/example_dags/example_branch_labels.py
[2025-12-31T13:49:23.923+0000] {processor.py:840} INFO - DAG(s) 'example_branch_labels' retrieved from /home/airflow/.local/lib/python3.12/site-packages/airflow/example_dags/example_branch_labels.py
[2025-12-31T13:49:24.029+0000] {logging_mixin.py:188} INFO - [2025-12-31T13:49:24.029+0000] {dag.py:3089} INFO - Sync 1 DAGs
[2025-12-31T13:49:24.052+0000] {logging_mixin.py:188} INFO - [2025-12-31T13:49:24.052+0000] {dag.py:3947} INFO - Setting next_dagrun for example_branch_labels to 2025-12-30 00:00:00+00:00, run_after=2025-12-31 00:00:00+00:00
[2025-12-31T13:49:24.073+0000] {processor.py:183} INFO - Processing /home/airflow/.local/lib/python3.12/site-packages/airflow/example_dags/example_branch_labels.py took 0.165 seconds
[2025-12-31T13:49:54.231+0000] {processor.py:161} INFO - Started process (PID=217) to work on /home/airflow/.local/lib/python3.12/site-packages/airflow/example_dags/example_branch_labels.py
[2025-12-31T13:49:54.232+0000] {processor.py:830} INFO - Processing file /home/airflow/.local/lib/python3.12/site-packages/airflow/example_dags/example_branch_labels.py for tasks to queue
[2025-12-31T13:49:54.233+0000] {logging_mixin.py:188} INFO - [2025-12-31T13:49:54.232+0000] {dagbag.py:545} INFO - Filling up the DagBag from /home/airflow/.local/lib/python3.12/site-packages/airflow/example_dags/example_branch_labels.py
[2025-12-31T13:49:54.240+0000] {processor.py:840} INFO - DAG(s) 'example_branch_labels' retrieved from /home/airflow/.local/lib/python3.12/site-packages/airflow/example_dags/example_branch_labels.py
[2025-12-31T13:49:54.261+0000] {logging_mixin.py:188} INFO - [2025-12-31T13:49:54.260+0000] {dag.py:3089} INFO - Sync 1 DAGs
[2025-12-31T13:49:54.282+0000] {logging_mixin.py:188} INFO - [2025-12-31T13:49:54.282+0000] {dag.py:3947} INFO - Setting next_dagrun for example_branch_labels to 2025-12-30 00:00:00+00:00, run_after=2025-12-31 00:00:00+00:00
[2025-12-31T13:49:54.298+0000] {processor.py:183} INFO - Processing /home/airflow/.local/lib/python3.12/site-packages/airflow/example_dags/example_branch_labels.py took 0.075 seconds
[2025-12-31T13:50:24.426+0000] {processor.py:161} INFO - Started process (PID=275) to work on /home/airflow/.local/lib/python3.12/site-packages/airflow/example_dags/example_branch_labels.py
[2025-12-31T13:50:24.427+0000] {processor.py:830} INFO - Processing file /home/airflow/.local/lib/python3.12/site-packages/airflow/example_dags/example_branch_labels.py for tasks to queue
[2025-12-31T13:50:24.428+0000] {logging_mixin.py:188} INFO - [2025-12-31T13:50:24.428+0000] {dagbag.py:545} INFO - Filling up the DagBag from /home/airflow/.local/lib/python3.12/site-packages/airflow/example_dags/example_branch_labels.py
[2025-12-31T13:50:24.437+0000] {processor.py:840} INFO - DAG(s) 'example_branch_labels' retrieved from /home/airflow/.local/lib/python3.12/site-packages/airflow/example_dags/example_branch_labels.py
[2025-12-31T13:50:24.457+0000] {logging_mixin.py:188} INFO - [2025-12-31T13:50:24.457+0000] {dag.py:3089} INFO - Sync 1 DAGs
[2025-12-31T13:50:24.478+0000] {logging_mixin.py:188} INFO - [2025-12-31T13:50:24.478+0000] {dag.py:3947} INFO - Setting next_dagrun for example_branch_labels to 2025-12-30 00:00:00+00:00, run_after=2025-12-31 00:00:00+00:00
[2025-12-31T13:50:24.497+0000] {processor.py:183} INFO - Processing /home/airflow/.local/lib/python3.12/site-packages/airflow/example_dags/example_branch_labels.py took 0.077 seconds
[2025-12-31T13:50:54.541+0000] {processor.py:161} INFO - Started process (PID=333) to work on /home/airflow/.local/lib/python3.12/site-packages/airflow/example_dags/example_branch_labels.py
[2025-12-31T13:50:54.542+0000] {processor.py:830} INFO - Processing file /home/airflow/.local/lib/python3.12/site-packages/airflow/example_dags/example_branch_labels.py for tasks to queue
[2025-12-31T13:50:54.543+0000] {logging_mixin.py:188} INFO - [2025-12-31T13:50:54.543+0000] {dagbag.py:545} INFO - Filling up the DagBag from /home/airflow/.local/lib/python3.12/site-packages/airflow/example_dags/example_branch_labels.py
[2025-12-31T13:50:54.550+0000] {processor.py:840} INFO - DAG(s) 'example_branch_labels' retrieved from /home/airflow/.local/lib/python3.12/site-packages/airflow/example_dags/example_branch_labels.py
[2025-12-31T13:50:54.569+0000] {logging_mixin.py:188} INFO - [2025-12-31T13:50:54.569+0000] {dag.py:3089} INFO - Sync 1 DAGs
[2025-12-31T13:50:54.590+0000] {logging_mixin.py:188} INFO - [2025-12-31T13:50:54.590+0000] {dag.py:3947} INFO - Setting next_dagrun for example_branch_labels to 2025-12-30 00:00:00+00:00, run_after=2025-12-31 00:00:00+00:00
[2025-12-31T13:50:54.606+0000] {processor.py:183} INFO - Processing /home/airflow/.local/lib/python3.12/site-packages/airflow/example_dags/example_branch_labels.py took 0.070 seconds
[2025-12-31T13:51:25.488+0000] {processor.py:161} INFO - Started process (PID=391) to work on /home/airflow/.local/lib/python3.12/site-packages/airflow/example_dags/example_branch_labels.py
[2025-12-31T13:51:25.488+0000] {processor.py:830} INFO - Processing file /home/airflow/.local/lib/python3.12/site-packages/airflow/example_dags/example_branch_labels.py for tasks to queue
[2025-12-31T13:51:25.489+0000] {logging_mixin.py:188} INFO - [2025-12-31T13:51:25.489+0000] {dagbag.py:545} INFO - Filling up the DagBag from /home/airflow/.local/lib/python3.12/site-packages/airflow/example_dags/example_branch_labels.py
[2025-12-31T13:51:25.496+0000] {processor.py:840} INFO - DAG(s) 'example_branch_labels' retrieved from /home/airflow/.local/lib/python3.12/site-packages/airflow/example_dags/example_branch_labels.py
[2025-12-31T13:51:25.516+0000] {logging_mixin.py:188} INFO - [2025-12-31T13:51:25.516+0000] {dag.py:3089} INFO - Sync 1 DAGs
[2025-12-31T13:51:25.537+0000] {logging_mixin.py:188} INFO - [2025-12-31T13:51:25.537+0000] {dag.py:3947} INFO - Setting next_dagrun for example_branch_labels to 2025-12-30 00:00:00+00:00, run_after=2025-12-31 00:00:00+00:00
[2025-12-31T13:51:25.556+0000] {processor.py:183} INFO - Processing /home/airflow/.local/lib/python3.12/site-packages/airflow/example_dags/example_branch_labels.py took 0.074 seconds
[2025-12-31T13:51:56.300+0000] {processor.py:161} INFO - Started process (PID=449) to work on /home/airflow/.local/lib/python3.12/site-packages/airflow/example_dags/example_branch_labels.py
[2025-12-31T13:51:56.301+0000] {processor.py:830} INFO - Processing file /home/airflow/.local/lib/python3.12/site-packages/airflow/example_dags/example_branch_labels.py for tasks to queue
[2025-12-31T13:51:56.301+0000] {logging_mixin.py:188} INFO - [2025-12-31T13:51:56.301+0000] {dagbag.py:545} INFO - Filling up the DagBag from /home/airflow/.local/lib/python3.12/site-packages/airflow/example_dags/example_branch_labels.py
[2025-12-31T13:51:56.308+0000] {processor.py:840} INFO - DAG(s) 'example_branch_labels' retrieved from /home/airflow/.local/lib/python3.12/site-packages/airflow/example_dags/example_branch_labels.py
[2025-12-31T13:51:56.330+0000] {logging_mixin.py:188} INFO - [2025-12-31T13:51:56.329+0000] {dag.py:3089} INFO - Sync 1 DAGs
[2025-12-31T13:51:56.350+0000] {logging_mixin.py:188} INFO - [2025-12-31T13:51:56.350+0000] {dag.py:3947} INFO - Setting next_dagrun for example_branch_labels to 2025-12-30 00:00:00+00:00, run_after=2025-12-31 00:00:00+00:00
[2025-12-31T13:51:56.368+0000] {processor.py:183} INFO - Processing /home/airflow/.local/lib/python3.12/site-packages/airflow/example_dags/example_branch_labels.py took 0.074 seconds
[2025-12-31T13:52:27.242+0000] {processor.py:161} INFO - Started process (PID=507) to work on /home/airflow/.local/lib/python3.12/site-packages/airflow/example_dags/example_branch_labels.py
[2025-12-31T13:52:27.243+0000] {processor.py:830} INFO - Processing file /home/airflow/.local/lib/python3.12/site-packages/airflow/example_dags/example_branch_labels.py for tasks to queue
[2025-12-31T13:52:27.244+0000] {logging_mixin.py:188} INFO - [2025-12-31T13:52:27.243+0000] {dagbag.py:545} INFO - Filling up the DagBag from /home/airflow/.local/lib/python3.12/site-packages/airflow/example_dags/example_branch_labels.py
[2025-12-31T13:52:27.251+0000] {processor.py:840} INFO - DAG(s) 'example_branch_labels' retrieved from /home/airflow/.local/lib/python3.12/site-packages/airflow/example_dags/example_branch_labels.py
[2025-12-31T13:52:27.269+0000] {logging_mixin.py:188} INFO - [2025-12-31T13:52:27.269+0000] {dag.py:3089} INFO - Sync 1 DAGs
[2025-12-31T13:52:27.288+0000] {logging_mixin.py:188} INFO - [2025-12-31T13:52:27.288+0000] {dag.py:3947} INFO - Setting next_dagrun for example_branch_labels to 2025-12-30 00:00:00+00:00, run_after=2025-12-31 00:00:00+00:00
[2025-12-31T13:52:27.304+0000] {processor.py:183} INFO - Processing /home/airflow/.local/lib/python3.12/site-packages/airflow/example_dags/example_branch_labels.py took 0.067 seconds
[2025-12-31T13:52:57.826+0000] {processor.py:161} INFO - Started process (PID=565) to work on /home/airflow/.local/lib/python3.12/site-packages/airflow/example_dags/example_branch_labels.py
[2025-12-31T13:52:57.827+0000] {processor.py:830} INFO - Processing file /home/airflow/.local/lib/python3.12/site-packages/airflow/example_dags/example_branch_labels.py for tasks to queue
[2025-12-31T13:52:57.828+0000] {logging_mixin.py:188} INFO - [2025-12-31T13:52:57.827+0000] {dagbag.py:545} INFO - Filling up the DagBag from /home/airflow/.local/lib/python3.12/site-packages/airflow/example_dags/example_branch_labels.py
[2025-12-31T13:52:57.835+0000] {processor.py:840} INFO - DAG(s) 'example_branch_labels' retrieved from /home/airflow/.local/lib/python3.12/site-packages/airflow/example_dags/example_branch_labels.py
[2025-12-31T13:52:57.854+0000] {logging_mixin.py:188} INFO - [2025-12-31T13:52:57.854+0000] {dag.py:3089} INFO - Sync 1 DAGs
[2025-12-31T13:52:57.872+0000] {logging_mixin.py:188} INFO - [2025-12-31T13:52:57.872+0000] {dag.py:3947} INFO - Setting next_dagrun for example_branch_labels to 2025-12-30 00:00:00+00:00, run_after=2025-12-31 00:00:00+00:00
[2025-12-31T13:52:57.888+0000] {processor.py:183} INFO - Processing /home/airflow/.local/lib/python3.12/site-packages/airflow/example_dags/example_branch_labels.py took 0.067 seconds
[2025-12-31T13:53:29.040+0000] {processor.py:161} INFO - Started process (PID=623) to work on /home/airflow/.local/lib/python3.12/site-packages/airflow/example_dags/example_branch_labels.py
[2025-12-31T13:53:29.041+0000] {processor.py:830} INFO - Processing file /home/airflow/.local/lib/python3.12/site-packages/airflow/example_dags/example_branch_labels.py for tasks to queue
[2025-12-31T13:53:29.042+0000] {logging_mixin.py:188} INFO - [2025-12-31T13:53:29.042+0000] {dagbag.py:545} INFO - Filling up the DagBag from /home/airflow/.local/lib/python3.12/site-packages/airflow/example_dags/example_branch_labels.py
[2025-12-31T13:53:29.052+0000] {processor.py:840} INFO - DAG(s) 'example_branch_labels' retrieved from /home/airflow/.local/lib/python3.12/site-packages/airflow/example_dags/example_branch_labels.py
[2025-12-31T13:53:29.080+0000] {logging_mixin.py:188} INFO - [2025-12-31T13:53:29.079+0000] {dag.py:3089} INFO - Sync 1 DAGs
[2025-12-31T13:53:29.107+0000] {logging_mixin.py:188} INFO - [2025-12-31T13:53:29.106+0000] {dag.py:3947} INFO - Setting next_dagrun for example_branch_labels to 2025-12-30 00:00:00+00:00, run_after=2025-12-31 00:00:00+00:00
[2025-12-31T13:53:29.126+0000] {processor.py:183} INFO - Processing /home/airflow/.local/lib/python3.12/site-packages/airflow/example_dags/example_branch_labels.py took 0.092 seconds
[2025-12-31T13:53:59.406+0000] {processor.py:161} INFO - Started process (PID=681) to work on /home/airflow/.local/lib/python3.12/site-packages/airflow/example_dags/example_branch_labels.py
[2025-12-31T13:53:59.407+0000] {processor.py:830} INFO - Processing file /home/airflow/.local/lib/python3.12/site-packages/airflow/example_dags/example_branch_labels.py for tasks to queue
[2025-12-31T13:53:59.407+0000] {logging_mixin.py:188} INFO - [2025-12-31T13:53:59.407+0000] {dagbag.py:545} INFO - Filling up the DagBag from /home/airflow/.local/lib/python3.12/site-packages/airflow/example_dags/example_branch_labels.py
[2025-12-31T13:53:59.414+0000] {processor.py:840} INFO - DAG(s) 'example_branch_labels' retrieved from /home/airflow/.local/lib/python3.12/site-packages/airflow/example_dags/example_branch_labels.py
[2025-12-31T13:53:59.432+0000] {logging_mixin.py:188} INFO - [2025-12-31T13:53:59.432+0000] {dag.py:3089} INFO - Sync 1 DAGs
[2025-12-31T13:53:59.452+0000] {logging_mixin.py:188} INFO - [2025-12-31T13:53:59.451+0000] {dag.py:3947} INFO - Setting next_dagrun for example_branch_labels to 2025-12-30 00:00:00+00:00, run_after=2025-12-31 00:00:00+00:00
[2025-12-31T13:53:59.468+0000] {processor.py:183} INFO - Processing /home/airflow/.local/lib/python3.12/site-packages/airflow/example_dags/example_branch_labels.py took 0.067 seconds
[2025-12-31T13:54:30.278+0000] {processor.py:161} INFO - Started process (PID=739) to work on /home/airflow/.local/lib/python3.12/site-packages/airflow/example_dags/example_branch_labels.py
[2025-12-31T13:54:30.279+0000] {processor.py:830} INFO - Processing file /home/airflow/.local/lib/python3.12/site-packages/airflow/example_dags/example_branch_labels.py for tasks to queue
[2025-12-31T13:54:30.279+0000] {logging_mixin.py:188} INFO - [2025-12-31T13:54:30.279+0000] {dagbag.py:545} INFO - Filling up the DagBag from /home/airflow/.local/lib/python3.12/site-packages/airflow/example_dags/example_branch_labels.py
[2025-12-31T13:54:30.287+0000] {processor.py:840} INFO - DAG(s) 'example_branch_labels' retrieved from /home/airflow/.local/lib/python3.12/site-packages/airflow/example_dags/example_branch_labels.py
[2025-12-31T13:54:30.308+0000] {logging_mixin.py:188} INFO - [2025-12-31T13:54:30.308+0000] {dag.py:3089} INFO - Sync 1 DAGs
[2025-12-31T13:54:30.330+0000] {logging_mixin.py:188} INFO - [2025-12-31T13:54:30.330+0000] {dag.py:3947} INFO - Setting next_dagrun for example_branch_labels to 2025-12-30 00:00:00+00:00, run_after=2025-12-31 00:00:00+00:00
[2025-12-31T13:54:30.348+0000] {processor.py:183} INFO - Processing /home/airflow/.local/lib/python3.12/site-packages/airflow/example_dags/example_branch_labels.py took 0.076 seconds
[2025-12-31T13:55:00.717+0000] {processor.py:161} INFO - Started process (PID=797) to work on /home/airflow/.local/lib/python3.12/site-packages/airflow/example_dags/example_branch_labels.py
[2025-12-31T13:55:00.718+0000] {processor.py:830} INFO - Processing file /home/airflow/.local/lib/python3.12/site-packages/airflow/example_dags/example_branch_labels.py for tasks to queue
[2025-12-31T13:55:00.718+0000] {logging_mixin.py:188} INFO - [2025-12-31T13:55:00.718+0000] {dagbag.py:545} INFO - Filling up the DagBag from /home/airflow/.local/lib/python3.12/site-packages/airflow/example_dags/example_branch_labels.py
[2025-12-31T13:55:00.725+0000] {processor.py:840} INFO - DAG(s) 'example_branch_labels' retrieved from /home/airflow/.local/lib/python3.12/site-packages/airflow/example_dags/example_branch_labels.py
[2025-12-31T13:55:00.746+0000] {logging_mixin.py:188} INFO - [2025-12-31T13:55:00.745+0000] {dag.py:3089} INFO - Sync 1 DAGs
[2025-12-31T13:55:00.766+0000] {logging_mixin.py:188} INFO - [2025-12-31T13:55:00.766+0000] {dag.py:3947} INFO - Setting next_dagrun for example_branch_labels to 2025-12-30 00:00:00+00:00, run_after=2025-12-31 00:00:00+00:00
[2025-12-31T13:55:00.785+0000] {processor.py:183} INFO - Processing /home/airflow/.local/lib/python3.12/site-packages/airflow/example_dags/example_branch_labels.py took 0.073 seconds
[2025-12-31T13:55:31.174+0000] {processor.py:161} INFO - Started process (PID=855) to work on /home/airflow/.local/lib/python3.12/site-packages/airflow/example_dags/example_branch_labels.py
[2025-12-31T13:55:31.175+0000] {processor.py:830} INFO - Processing file /home/airflow/.local/lib/python3.12/site-packages/airflow/example_dags/example_branch_labels.py for tasks to queue
[2025-12-31T13:55:31.176+0000] {logging_mixin.py:188} INFO - [2025-12-31T13:55:31.176+0000] {dagbag.py:545} INFO - Filling up the DagBag from /home/airflow/.local/lib/python3.12/site-packages/airflow/example_dags/example_branch_labels.py
[2025-12-31T13:55:31.184+0000] {processor.py:840} INFO - DAG(s) 'example_branch_labels' retrieved from /home/airflow/.local/lib/python3.12/site-packages/airflow/example_dags/example_branch_labels.py
[2025-12-31T13:55:31.205+0000] {logging_mixin.py:188} INFO - [2025-12-31T13:55:31.204+0000] {dag.py:3089} INFO - Sync 1 DAGs
[2025-12-31T13:55:31.224+0000] {logging_mixin.py:188} INFO - [2025-12-31T13:55:31.224+0000] {dag.py:3947} INFO - Setting next_dagrun for example_branch_labels to 2025-12-30 00:00:00+00:00, run_after=2025-12-31 00:00:00+00:00
[2025-12-31T13:55:31.243+0000] {processor.py:183} INFO - Processing /home/airflow/.local/lib/python3.12/site-packages/airflow/example_dags/example_branch_labels.py took 0.074 seconds
[2025-12-31T13:56:02.210+0000] {processor.py:161} INFO - Started process (PID=913) to work on /home/airflow/.local/lib/python3.12/site-packages/airflow/example_dags/example_branch_labels.py
[2025-12-31T13:56:02.211+0000] {processor.py:830} INFO - Processing file /home/airflow/.local/lib/python3.12/site-packages/airflow/example_dags/example_branch_labels.py for tasks to queue
[2025-12-31T13:56:02.212+0000] {logging_mixin.py:188} INFO - [2025-12-31T13:56:02.211+0000] {dagbag.py:545} INFO - Filling up the DagBag from /home/airflow/.local/lib/python3.12/site-packages/airflow/example_dags/example_branch_labels.py
[2025-12-31T13:56:02.223+0000] {processor.py:840} INFO - DAG(s) 'example_branch_labels' retrieved from /home/airflow/.local/lib/python3.12/site-packages/airflow/example_dags/example_branch_labels.py
[2025-12-31T13:56:02.257+0000] {logging_mixin.py:188} INFO - [2025-12-31T13:56:02.257+0000] {dag.py:3089} INFO - Sync 1 DAGs
[2025-12-31T13:56:02.288+0000] {logging_mixin.py:188} INFO - [2025-12-31T13:56:02.287+0000] {dag.py:3947} INFO - Setting next_dagrun for example_branch_labels to 2025-12-30 00:00:00+00:00, run_after=2025-12-31 00:00:00+00:00
[2025-12-31T13:56:02.312+0000] {processor.py:183} INFO - Processing /home/airflow/.local/lib/python3.12/site-packages/airflow/example_dags/example_branch_labels.py took 0.111 seconds
[2025-12-31T13:56:32.558+0000] {processor.py:161} INFO - Started process (PID=971) to work on /home/airflow/.local/lib/python3.12/site-packages/airflow/example_dags/example_branch_labels.py
[2025-12-31T13:56:32.559+0000] {processor.py:830} INFO - Processing file /home/airflow/.local/lib/python3.12/site-packages/airflow/example_dags/example_branch_labels.py for tasks to queue
[2025-12-31T13:56:32.560+0000] {logging_mixin.py:188} INFO - [2025-12-31T13:56:32.560+0000] {dagbag.py:545} INFO - Filling up the DagBag from /home/airflow/.local/lib/python3.12/site-packages/airflow/example_dags/example_branch_labels.py
[2025-12-31T13:56:32.567+0000] {processor.py:840} INFO - DAG(s) 'example_branch_labels' retrieved from /home/airflow/.local/lib/python3.12/site-packages/airflow/example_dags/example_branch_labels.py
[2025-12-31T13:56:32.590+0000] {logging_mixin.py:188} INFO - [2025-12-31T13:56:32.590+0000] {dag.py:3089} INFO - Sync 1 DAGs
[2025-12-31T13:56:32.613+0000] {logging_mixin.py:188} INFO - [2025-12-31T13:56:32.612+0000] {dag.py:3947} INFO - Setting next_dagrun for example_branch_labels to 2025-12-30 00:00:00+00:00, run_after=2025-12-31 00:00:00+00:00
[2025-12-31T13:56:32.632+0000] {processor.py:183} INFO - Processing /home/airflow/.local/lib/python3.12/site-packages/airflow/example_dags/example_branch_labels.py took 0.079 seconds
[2025-12-31T13:57:02.920+0000] {processor.py:161} INFO - Started process (PID=1029) to work on /home/airflow/.local/lib/python3.12/site-packages/airflow/example_dags/example_branch_labels.py
[2025-12-31T13:57:02.920+0000] {processor.py:830} INFO - Processing file /home/airflow/.local/lib/python3.12/site-packages/airflow/example_dags/example_branch_labels.py for tasks to queue
[2025-12-31T13:57:02.921+0000] {logging_mixin.py:188} INFO - [2025-12-31T13:57:02.921+0000] {dagbag.py:545} INFO - Filling up the DagBag from /home/airflow/.local/lib/python3.12/site-packages/airflow/example_dags/example_branch_labels.py
[2025-12-31T13:57:02.928+0000] {processor.py:840} INFO - DAG(s) 'example_branch_labels' retrieved from /home/airflow/.local/lib/python3.12/site-packages/airflow/example_dags/example_branch_labels.py
[2025-12-31T13:57:02.948+0000] {logging_mixin.py:188} INFO - [2025-12-31T13:57:02.948+0000] {dag.py:3089} INFO - Sync 1 DAGs
[2025-12-31T13:57:02.969+0000] {logging_mixin.py:188} INFO - [2025-12-31T13:57:02.969+0000] {dag.py:3947} INFO - Setting next_dagrun for example_branch_labels to 2025-12-30 00:00:00+00:00, run_after=2025-12-31 00:00:00+00:00
[2025-12-31T13:57:02.988+0000] {processor.py:183} INFO - Processing /home/airflow/.local/lib/python3.12/site-packages/airflow/example_dags/example_branch_labels.py took 0.074 seconds
