[2025-12-31T13:39:08.325+0000] {processor.py:161} INFO - Started process (PID=154) to work on /home/airflow/.local/lib/python3.12/site-packages/airflow/example_dags/tutorial_taskflow_api.py
[2025-12-31T13:39:08.326+0000] {processor.py:830} INFO - Processing file /home/airflow/.local/lib/python3.12/site-packages/airflow/example_dags/tutorial_taskflow_api.py for tasks to queue
[2025-12-31T13:39:08.327+0000] {logging_mixin.py:188} INFO - [2025-12-31T13:39:08.327+0000] {dagbag.py:545} INFO - Filling up the DagBag from /home/airflow/.local/lib/python3.12/site-packages/airflow/example_dags/tutorial_taskflow_api.py
[2025-12-31T13:39:08.340+0000] {processor.py:840} INFO - DAG(s) 'tutorial_taskflow_api' retrieved from /home/airflow/.local/lib/python3.12/site-packages/airflow/example_dags/tutorial_taskflow_api.py
[2025-12-31T13:39:08.468+0000] {logging_mixin.py:188} INFO - [2025-12-31T13:39:08.468+0000] {dag.py:3089} INFO - Sync 1 DAGs
[2025-12-31T13:39:08.479+0000] {logging_mixin.py:188} INFO - [2025-12-31T13:39:08.478+0000] {dag.py:3947} INFO - Setting next_dagrun for tutorial_taskflow_api to None, run_after=None
[2025-12-31T13:39:08.502+0000] {processor.py:183} INFO - Processing /home/airflow/.local/lib/python3.12/site-packages/airflow/example_dags/tutorial_taskflow_api.py took 0.182 seconds
[2025-12-31T13:39:38.703+0000] {processor.py:161} INFO - Started process (PID=213) to work on /home/airflow/.local/lib/python3.12/site-packages/airflow/example_dags/tutorial_taskflow_api.py
[2025-12-31T13:39:38.704+0000] {processor.py:830} INFO - Processing file /home/airflow/.local/lib/python3.12/site-packages/airflow/example_dags/tutorial_taskflow_api.py for tasks to queue
[2025-12-31T13:39:38.705+0000] {logging_mixin.py:188} INFO - [2025-12-31T13:39:38.704+0000] {dagbag.py:545} INFO - Filling up the DagBag from /home/airflow/.local/lib/python3.12/site-packages/airflow/example_dags/tutorial_taskflow_api.py
[2025-12-31T13:39:38.710+0000] {processor.py:840} INFO - DAG(s) 'tutorial_taskflow_api' retrieved from /home/airflow/.local/lib/python3.12/site-packages/airflow/example_dags/tutorial_taskflow_api.py
[2025-12-31T13:39:38.728+0000] {logging_mixin.py:188} INFO - [2025-12-31T13:39:38.728+0000] {dag.py:3089} INFO - Sync 1 DAGs
[2025-12-31T13:39:38.740+0000] {logging_mixin.py:188} INFO - [2025-12-31T13:39:38.740+0000] {dag.py:3947} INFO - Setting next_dagrun for tutorial_taskflow_api to None, run_after=None
[2025-12-31T13:39:38.760+0000] {processor.py:183} INFO - Processing /home/airflow/.local/lib/python3.12/site-packages/airflow/example_dags/tutorial_taskflow_api.py took 0.061 seconds
[2025-12-31T13:40:08.998+0000] {processor.py:161} INFO - Started process (PID=272) to work on /home/airflow/.local/lib/python3.12/site-packages/airflow/example_dags/tutorial_taskflow_api.py
[2025-12-31T13:40:08.998+0000] {processor.py:830} INFO - Processing file /home/airflow/.local/lib/python3.12/site-packages/airflow/example_dags/tutorial_taskflow_api.py for tasks to queue
[2025-12-31T13:40:08.999+0000] {logging_mixin.py:188} INFO - [2025-12-31T13:40:08.999+0000] {dagbag.py:545} INFO - Filling up the DagBag from /home/airflow/.local/lib/python3.12/site-packages/airflow/example_dags/tutorial_taskflow_api.py
[2025-12-31T13:40:09.004+0000] {processor.py:840} INFO - DAG(s) 'tutorial_taskflow_api' retrieved from /home/airflow/.local/lib/python3.12/site-packages/airflow/example_dags/tutorial_taskflow_api.py
[2025-12-31T13:40:09.021+0000] {logging_mixin.py:188} INFO - [2025-12-31T13:40:09.021+0000] {dag.py:3089} INFO - Sync 1 DAGs
[2025-12-31T13:40:09.032+0000] {logging_mixin.py:188} INFO - [2025-12-31T13:40:09.031+0000] {dag.py:3947} INFO - Setting next_dagrun for tutorial_taskflow_api to None, run_after=None
[2025-12-31T13:40:09.049+0000] {processor.py:183} INFO - Processing /home/airflow/.local/lib/python3.12/site-packages/airflow/example_dags/tutorial_taskflow_api.py took 0.056 seconds
[2025-12-31T13:40:39.942+0000] {processor.py:161} INFO - Started process (PID=330) to work on /home/airflow/.local/lib/python3.12/site-packages/airflow/example_dags/tutorial_taskflow_api.py
[2025-12-31T13:40:39.943+0000] {processor.py:830} INFO - Processing file /home/airflow/.local/lib/python3.12/site-packages/airflow/example_dags/tutorial_taskflow_api.py for tasks to queue
[2025-12-31T13:40:39.943+0000] {logging_mixin.py:188} INFO - [2025-12-31T13:40:39.943+0000] {dagbag.py:545} INFO - Filling up the DagBag from /home/airflow/.local/lib/python3.12/site-packages/airflow/example_dags/tutorial_taskflow_api.py
[2025-12-31T13:40:39.949+0000] {processor.py:840} INFO - DAG(s) 'tutorial_taskflow_api' retrieved from /home/airflow/.local/lib/python3.12/site-packages/airflow/example_dags/tutorial_taskflow_api.py
[2025-12-31T13:40:39.967+0000] {logging_mixin.py:188} INFO - [2025-12-31T13:40:39.967+0000] {dag.py:3089} INFO - Sync 1 DAGs
[2025-12-31T13:40:39.979+0000] {logging_mixin.py:188} INFO - [2025-12-31T13:40:39.979+0000] {dag.py:3947} INFO - Setting next_dagrun for tutorial_taskflow_api to None, run_after=None
[2025-12-31T13:40:39.996+0000] {processor.py:183} INFO - Processing /home/airflow/.local/lib/python3.12/site-packages/airflow/example_dags/tutorial_taskflow_api.py took 0.059 seconds
[2025-12-31T13:49:23.553+0000] {processor.py:161} INFO - Started process (PID=155) to work on /home/airflow/.local/lib/python3.12/site-packages/airflow/example_dags/tutorial_taskflow_api.py
[2025-12-31T13:49:23.554+0000] {processor.py:830} INFO - Processing file /home/airflow/.local/lib/python3.12/site-packages/airflow/example_dags/tutorial_taskflow_api.py for tasks to queue
[2025-12-31T13:49:23.554+0000] {logging_mixin.py:188} INFO - [2025-12-31T13:49:23.554+0000] {dagbag.py:545} INFO - Filling up the DagBag from /home/airflow/.local/lib/python3.12/site-packages/airflow/example_dags/tutorial_taskflow_api.py
[2025-12-31T13:49:23.562+0000] {processor.py:840} INFO - DAG(s) 'tutorial_taskflow_api' retrieved from /home/airflow/.local/lib/python3.12/site-packages/airflow/example_dags/tutorial_taskflow_api.py
[2025-12-31T13:49:23.661+0000] {logging_mixin.py:188} INFO - [2025-12-31T13:49:23.660+0000] {dag.py:3089} INFO - Sync 1 DAGs
[2025-12-31T13:49:23.672+0000] {logging_mixin.py:188} INFO - [2025-12-31T13:49:23.672+0000] {dag.py:3947} INFO - Setting next_dagrun for tutorial_taskflow_api to None, run_after=None
[2025-12-31T13:49:23.696+0000] {processor.py:183} INFO - Processing /home/airflow/.local/lib/python3.12/site-packages/airflow/example_dags/tutorial_taskflow_api.py took 0.148 seconds
[2025-12-31T13:49:54.065+0000] {processor.py:161} INFO - Started process (PID=214) to work on /home/airflow/.local/lib/python3.12/site-packages/airflow/example_dags/tutorial_taskflow_api.py
[2025-12-31T13:49:54.066+0000] {processor.py:830} INFO - Processing file /home/airflow/.local/lib/python3.12/site-packages/airflow/example_dags/tutorial_taskflow_api.py for tasks to queue
[2025-12-31T13:49:54.067+0000] {logging_mixin.py:188} INFO - [2025-12-31T13:49:54.067+0000] {dagbag.py:545} INFO - Filling up the DagBag from /home/airflow/.local/lib/python3.12/site-packages/airflow/example_dags/tutorial_taskflow_api.py
[2025-12-31T13:49:54.073+0000] {processor.py:840} INFO - DAG(s) 'tutorial_taskflow_api' retrieved from /home/airflow/.local/lib/python3.12/site-packages/airflow/example_dags/tutorial_taskflow_api.py
[2025-12-31T13:49:54.094+0000] {logging_mixin.py:188} INFO - [2025-12-31T13:49:54.094+0000] {dag.py:3089} INFO - Sync 1 DAGs
[2025-12-31T13:49:54.108+0000] {logging_mixin.py:188} INFO - [2025-12-31T13:49:54.108+0000] {dag.py:3947} INFO - Setting next_dagrun for tutorial_taskflow_api to None, run_after=None
[2025-12-31T13:49:54.128+0000] {processor.py:183} INFO - Processing /home/airflow/.local/lib/python3.12/site-packages/airflow/example_dags/tutorial_taskflow_api.py took 0.068 seconds
[2025-12-31T13:50:24.254+0000] {processor.py:161} INFO - Started process (PID=272) to work on /home/airflow/.local/lib/python3.12/site-packages/airflow/example_dags/tutorial_taskflow_api.py
[2025-12-31T13:50:24.255+0000] {processor.py:830} INFO - Processing file /home/airflow/.local/lib/python3.12/site-packages/airflow/example_dags/tutorial_taskflow_api.py for tasks to queue
[2025-12-31T13:50:24.256+0000] {logging_mixin.py:188} INFO - [2025-12-31T13:50:24.256+0000] {dagbag.py:545} INFO - Filling up the DagBag from /home/airflow/.local/lib/python3.12/site-packages/airflow/example_dags/tutorial_taskflow_api.py
[2025-12-31T13:50:24.263+0000] {processor.py:840} INFO - DAG(s) 'tutorial_taskflow_api' retrieved from /home/airflow/.local/lib/python3.12/site-packages/airflow/example_dags/tutorial_taskflow_api.py
[2025-12-31T13:50:24.286+0000] {logging_mixin.py:188} INFO - [2025-12-31T13:50:24.286+0000] {dag.py:3089} INFO - Sync 1 DAGs
[2025-12-31T13:50:24.299+0000] {logging_mixin.py:188} INFO - [2025-12-31T13:50:24.299+0000] {dag.py:3947} INFO - Setting next_dagrun for tutorial_taskflow_api to None, run_after=None
[2025-12-31T13:50:24.318+0000] {processor.py:183} INFO - Processing /home/airflow/.local/lib/python3.12/site-packages/airflow/example_dags/tutorial_taskflow_api.py took 0.070 seconds
[2025-12-31T13:50:54.394+0000] {processor.py:161} INFO - Started process (PID=330) to work on /home/airflow/.local/lib/python3.12/site-packages/airflow/example_dags/tutorial_taskflow_api.py
[2025-12-31T13:50:54.395+0000] {processor.py:830} INFO - Processing file /home/airflow/.local/lib/python3.12/site-packages/airflow/example_dags/tutorial_taskflow_api.py for tasks to queue
[2025-12-31T13:50:54.396+0000] {logging_mixin.py:188} INFO - [2025-12-31T13:50:54.396+0000] {dagbag.py:545} INFO - Filling up the DagBag from /home/airflow/.local/lib/python3.12/site-packages/airflow/example_dags/tutorial_taskflow_api.py
[2025-12-31T13:50:54.402+0000] {processor.py:840} INFO - DAG(s) 'tutorial_taskflow_api' retrieved from /home/airflow/.local/lib/python3.12/site-packages/airflow/example_dags/tutorial_taskflow_api.py
[2025-12-31T13:50:54.422+0000] {logging_mixin.py:188} INFO - [2025-12-31T13:50:54.422+0000] {dag.py:3089} INFO - Sync 1 DAGs
[2025-12-31T13:50:54.435+0000] {logging_mixin.py:188} INFO - [2025-12-31T13:50:54.435+0000] {dag.py:3947} INFO - Setting next_dagrun for tutorial_taskflow_api to None, run_after=None
[2025-12-31T13:50:54.453+0000] {processor.py:183} INFO - Processing /home/airflow/.local/lib/python3.12/site-packages/airflow/example_dags/tutorial_taskflow_api.py took 0.064 seconds
[2025-12-31T13:51:25.379+0000] {processor.py:161} INFO - Started process (PID=388) to work on /home/airflow/.local/lib/python3.12/site-packages/airflow/example_dags/tutorial_taskflow_api.py
[2025-12-31T13:51:25.380+0000] {processor.py:830} INFO - Processing file /home/airflow/.local/lib/python3.12/site-packages/airflow/example_dags/tutorial_taskflow_api.py for tasks to queue
[2025-12-31T13:51:25.381+0000] {logging_mixin.py:188} INFO - [2025-12-31T13:51:25.380+0000] {dagbag.py:545} INFO - Filling up the DagBag from /home/airflow/.local/lib/python3.12/site-packages/airflow/example_dags/tutorial_taskflow_api.py
[2025-12-31T13:51:25.386+0000] {processor.py:840} INFO - DAG(s) 'tutorial_taskflow_api' retrieved from /home/airflow/.local/lib/python3.12/site-packages/airflow/example_dags/tutorial_taskflow_api.py
[2025-12-31T13:51:25.407+0000] {logging_mixin.py:188} INFO - [2025-12-31T13:51:25.406+0000] {dag.py:3089} INFO - Sync 1 DAGs
[2025-12-31T13:51:25.420+0000] {logging_mixin.py:188} INFO - [2025-12-31T13:51:25.420+0000] {dag.py:3947} INFO - Setting next_dagrun for tutorial_taskflow_api to None, run_after=None
[2025-12-31T13:51:25.439+0000] {processor.py:183} INFO - Processing /home/airflow/.local/lib/python3.12/site-packages/airflow/example_dags/tutorial_taskflow_api.py took 0.066 seconds
[2025-12-31T13:51:56.087+0000] {processor.py:161} INFO - Started process (PID=446) to work on /home/airflow/.local/lib/python3.12/site-packages/airflow/example_dags/tutorial_taskflow_api.py
[2025-12-31T13:51:56.088+0000] {processor.py:830} INFO - Processing file /home/airflow/.local/lib/python3.12/site-packages/airflow/example_dags/tutorial_taskflow_api.py for tasks to queue
[2025-12-31T13:51:56.089+0000] {logging_mixin.py:188} INFO - [2025-12-31T13:51:56.089+0000] {dagbag.py:545} INFO - Filling up the DagBag from /home/airflow/.local/lib/python3.12/site-packages/airflow/example_dags/tutorial_taskflow_api.py
[2025-12-31T13:51:56.094+0000] {processor.py:840} INFO - DAG(s) 'tutorial_taskflow_api' retrieved from /home/airflow/.local/lib/python3.12/site-packages/airflow/example_dags/tutorial_taskflow_api.py
[2025-12-31T13:51:56.113+0000] {logging_mixin.py:188} INFO - [2025-12-31T13:51:56.113+0000] {dag.py:3089} INFO - Sync 1 DAGs
[2025-12-31T13:51:56.126+0000] {logging_mixin.py:188} INFO - [2025-12-31T13:51:56.126+0000] {dag.py:3947} INFO - Setting next_dagrun for tutorial_taskflow_api to None, run_after=None
[2025-12-31T13:51:56.158+0000] {processor.py:183} INFO - Processing /home/airflow/.local/lib/python3.12/site-packages/airflow/example_dags/tutorial_taskflow_api.py took 0.075 seconds
[2025-12-31T13:52:27.068+0000] {processor.py:161} INFO - Started process (PID=504) to work on /home/airflow/.local/lib/python3.12/site-packages/airflow/example_dags/tutorial_taskflow_api.py
[2025-12-31T13:52:27.069+0000] {processor.py:830} INFO - Processing file /home/airflow/.local/lib/python3.12/site-packages/airflow/example_dags/tutorial_taskflow_api.py for tasks to queue
[2025-12-31T13:52:27.070+0000] {logging_mixin.py:188} INFO - [2025-12-31T13:52:27.069+0000] {dagbag.py:545} INFO - Filling up the DagBag from /home/airflow/.local/lib/python3.12/site-packages/airflow/example_dags/tutorial_taskflow_api.py
[2025-12-31T13:52:27.075+0000] {processor.py:840} INFO - DAG(s) 'tutorial_taskflow_api' retrieved from /home/airflow/.local/lib/python3.12/site-packages/airflow/example_dags/tutorial_taskflow_api.py
[2025-12-31T13:52:27.093+0000] {logging_mixin.py:188} INFO - [2025-12-31T13:52:27.093+0000] {dag.py:3089} INFO - Sync 1 DAGs
[2025-12-31T13:52:27.104+0000] {logging_mixin.py:188} INFO - [2025-12-31T13:52:27.104+0000] {dag.py:3947} INFO - Setting next_dagrun for tutorial_taskflow_api to None, run_after=None
[2025-12-31T13:52:27.121+0000] {processor.py:183} INFO - Processing /home/airflow/.local/lib/python3.12/site-packages/airflow/example_dags/tutorial_taskflow_api.py took 0.058 seconds
[2025-12-31T13:52:57.649+0000] {processor.py:161} INFO - Started process (PID=562) to work on /home/airflow/.local/lib/python3.12/site-packages/airflow/example_dags/tutorial_taskflow_api.py
[2025-12-31T13:52:57.650+0000] {processor.py:830} INFO - Processing file /home/airflow/.local/lib/python3.12/site-packages/airflow/example_dags/tutorial_taskflow_api.py for tasks to queue
[2025-12-31T13:52:57.651+0000] {logging_mixin.py:188} INFO - [2025-12-31T13:52:57.650+0000] {dagbag.py:545} INFO - Filling up the DagBag from /home/airflow/.local/lib/python3.12/site-packages/airflow/example_dags/tutorial_taskflow_api.py
[2025-12-31T13:52:57.656+0000] {processor.py:840} INFO - DAG(s) 'tutorial_taskflow_api' retrieved from /home/airflow/.local/lib/python3.12/site-packages/airflow/example_dags/tutorial_taskflow_api.py
[2025-12-31T13:52:57.673+0000] {logging_mixin.py:188} INFO - [2025-12-31T13:52:57.673+0000] {dag.py:3089} INFO - Sync 1 DAGs
[2025-12-31T13:52:57.685+0000] {logging_mixin.py:188} INFO - [2025-12-31T13:52:57.685+0000] {dag.py:3947} INFO - Setting next_dagrun for tutorial_taskflow_api to None, run_after=None
[2025-12-31T13:52:57.703+0000] {processor.py:183} INFO - Processing /home/airflow/.local/lib/python3.12/site-packages/airflow/example_dags/tutorial_taskflow_api.py took 0.059 seconds
[2025-12-31T13:53:28.833+0000] {processor.py:161} INFO - Started process (PID=620) to work on /home/airflow/.local/lib/python3.12/site-packages/airflow/example_dags/tutorial_taskflow_api.py
[2025-12-31T13:53:28.834+0000] {processor.py:830} INFO - Processing file /home/airflow/.local/lib/python3.12/site-packages/airflow/example_dags/tutorial_taskflow_api.py for tasks to queue
[2025-12-31T13:53:28.835+0000] {logging_mixin.py:188} INFO - [2025-12-31T13:53:28.835+0000] {dagbag.py:545} INFO - Filling up the DagBag from /home/airflow/.local/lib/python3.12/site-packages/airflow/example_dags/tutorial_taskflow_api.py
[2025-12-31T13:53:28.841+0000] {processor.py:840} INFO - DAG(s) 'tutorial_taskflow_api' retrieved from /home/airflow/.local/lib/python3.12/site-packages/airflow/example_dags/tutorial_taskflow_api.py
[2025-12-31T13:53:28.861+0000] {logging_mixin.py:188} INFO - [2025-12-31T13:53:28.861+0000] {dag.py:3089} INFO - Sync 1 DAGs
[2025-12-31T13:53:28.874+0000] {logging_mixin.py:188} INFO - [2025-12-31T13:53:28.874+0000] {dag.py:3947} INFO - Setting next_dagrun for tutorial_taskflow_api to None, run_after=None
[2025-12-31T13:53:28.893+0000] {processor.py:183} INFO - Processing /home/airflow/.local/lib/python3.12/site-packages/airflow/example_dags/tutorial_taskflow_api.py took 0.065 seconds
[2025-12-31T13:53:59.234+0000] {processor.py:161} INFO - Started process (PID=678) to work on /home/airflow/.local/lib/python3.12/site-packages/airflow/example_dags/tutorial_taskflow_api.py
[2025-12-31T13:53:59.235+0000] {processor.py:830} INFO - Processing file /home/airflow/.local/lib/python3.12/site-packages/airflow/example_dags/tutorial_taskflow_api.py for tasks to queue
[2025-12-31T13:53:59.236+0000] {logging_mixin.py:188} INFO - [2025-12-31T13:53:59.235+0000] {dagbag.py:545} INFO - Filling up the DagBag from /home/airflow/.local/lib/python3.12/site-packages/airflow/example_dags/tutorial_taskflow_api.py
[2025-12-31T13:53:59.241+0000] {processor.py:840} INFO - DAG(s) 'tutorial_taskflow_api' retrieved from /home/airflow/.local/lib/python3.12/site-packages/airflow/example_dags/tutorial_taskflow_api.py
[2025-12-31T13:53:59.260+0000] {logging_mixin.py:188} INFO - [2025-12-31T13:53:59.260+0000] {dag.py:3089} INFO - Sync 1 DAGs
[2025-12-31T13:53:59.271+0000] {logging_mixin.py:188} INFO - [2025-12-31T13:53:59.271+0000] {dag.py:3947} INFO - Setting next_dagrun for tutorial_taskflow_api to None, run_after=None
[2025-12-31T13:53:59.287+0000] {processor.py:183} INFO - Processing /home/airflow/.local/lib/python3.12/site-packages/airflow/example_dags/tutorial_taskflow_api.py took 0.058 seconds
[2025-12-31T13:54:30.081+0000] {processor.py:161} INFO - Started process (PID=736) to work on /home/airflow/.local/lib/python3.12/site-packages/airflow/example_dags/tutorial_taskflow_api.py
[2025-12-31T13:54:30.082+0000] {processor.py:830} INFO - Processing file /home/airflow/.local/lib/python3.12/site-packages/airflow/example_dags/tutorial_taskflow_api.py for tasks to queue
[2025-12-31T13:54:30.083+0000] {logging_mixin.py:188} INFO - [2025-12-31T13:54:30.083+0000] {dagbag.py:545} INFO - Filling up the DagBag from /home/airflow/.local/lib/python3.12/site-packages/airflow/example_dags/tutorial_taskflow_api.py
[2025-12-31T13:54:30.089+0000] {processor.py:840} INFO - DAG(s) 'tutorial_taskflow_api' retrieved from /home/airflow/.local/lib/python3.12/site-packages/airflow/example_dags/tutorial_taskflow_api.py
[2025-12-31T13:54:30.109+0000] {logging_mixin.py:188} INFO - [2025-12-31T13:54:30.108+0000] {dag.py:3089} INFO - Sync 1 DAGs
[2025-12-31T13:54:30.121+0000] {logging_mixin.py:188} INFO - [2025-12-31T13:54:30.121+0000] {dag.py:3947} INFO - Setting next_dagrun for tutorial_taskflow_api to None, run_after=None
[2025-12-31T13:54:30.140+0000] {processor.py:183} INFO - Processing /home/airflow/.local/lib/python3.12/site-packages/airflow/example_dags/tutorial_taskflow_api.py took 0.065 seconds
[2025-12-31T13:55:00.427+0000] {processor.py:161} INFO - Started process (PID=794) to work on /home/airflow/.local/lib/python3.12/site-packages/airflow/example_dags/tutorial_taskflow_api.py
[2025-12-31T13:55:00.428+0000] {processor.py:830} INFO - Processing file /home/airflow/.local/lib/python3.12/site-packages/airflow/example_dags/tutorial_taskflow_api.py for tasks to queue
[2025-12-31T13:55:00.429+0000] {logging_mixin.py:188} INFO - [2025-12-31T13:55:00.428+0000] {dagbag.py:545} INFO - Filling up the DagBag from /home/airflow/.local/lib/python3.12/site-packages/airflow/example_dags/tutorial_taskflow_api.py
[2025-12-31T13:55:00.434+0000] {processor.py:840} INFO - DAG(s) 'tutorial_taskflow_api' retrieved from /home/airflow/.local/lib/python3.12/site-packages/airflow/example_dags/tutorial_taskflow_api.py
[2025-12-31T13:55:00.453+0000] {logging_mixin.py:188} INFO - [2025-12-31T13:55:00.453+0000] {dag.py:3089} INFO - Sync 1 DAGs
[2025-12-31T13:55:00.465+0000] {logging_mixin.py:188} INFO - [2025-12-31T13:55:00.465+0000] {dag.py:3947} INFO - Setting next_dagrun for tutorial_taskflow_api to None, run_after=None
[2025-12-31T13:55:00.485+0000] {processor.py:183} INFO - Processing /home/airflow/.local/lib/python3.12/site-packages/airflow/example_dags/tutorial_taskflow_api.py took 0.063 seconds
[2025-12-31T13:55:30.971+0000] {processor.py:161} INFO - Started process (PID=852) to work on /home/airflow/.local/lib/python3.12/site-packages/airflow/example_dags/tutorial_taskflow_api.py
[2025-12-31T13:55:30.972+0000] {processor.py:830} INFO - Processing file /home/airflow/.local/lib/python3.12/site-packages/airflow/example_dags/tutorial_taskflow_api.py for tasks to queue
[2025-12-31T13:55:30.973+0000] {logging_mixin.py:188} INFO - [2025-12-31T13:55:30.973+0000] {dagbag.py:545} INFO - Filling up the DagBag from /home/airflow/.local/lib/python3.12/site-packages/airflow/example_dags/tutorial_taskflow_api.py
[2025-12-31T13:55:30.980+0000] {processor.py:840} INFO - DAG(s) 'tutorial_taskflow_api' retrieved from /home/airflow/.local/lib/python3.12/site-packages/airflow/example_dags/tutorial_taskflow_api.py
[2025-12-31T13:55:31.001+0000] {logging_mixin.py:188} INFO - [2025-12-31T13:55:31.000+0000] {dag.py:3089} INFO - Sync 1 DAGs
[2025-12-31T13:55:31.013+0000] {logging_mixin.py:188} INFO - [2025-12-31T13:55:31.012+0000] {dag.py:3947} INFO - Setting next_dagrun for tutorial_taskflow_api to None, run_after=None
[2025-12-31T13:55:31.034+0000] {processor.py:183} INFO - Processing /home/airflow/.local/lib/python3.12/site-packages/airflow/example_dags/tutorial_taskflow_api.py took 0.069 seconds
[2025-12-31T13:56:01.987+0000] {processor.py:161} INFO - Started process (PID=910) to work on /home/airflow/.local/lib/python3.12/site-packages/airflow/example_dags/tutorial_taskflow_api.py
[2025-12-31T13:56:01.987+0000] {processor.py:830} INFO - Processing file /home/airflow/.local/lib/python3.12/site-packages/airflow/example_dags/tutorial_taskflow_api.py for tasks to queue
[2025-12-31T13:56:01.988+0000] {logging_mixin.py:188} INFO - [2025-12-31T13:56:01.988+0000] {dagbag.py:545} INFO - Filling up the DagBag from /home/airflow/.local/lib/python3.12/site-packages/airflow/example_dags/tutorial_taskflow_api.py
[2025-12-31T13:56:01.994+0000] {processor.py:840} INFO - DAG(s) 'tutorial_taskflow_api' retrieved from /home/airflow/.local/lib/python3.12/site-packages/airflow/example_dags/tutorial_taskflow_api.py
[2025-12-31T13:56:02.015+0000] {logging_mixin.py:188} INFO - [2025-12-31T13:56:02.015+0000] {dag.py:3089} INFO - Sync 1 DAGs
[2025-12-31T13:56:02.027+0000] {logging_mixin.py:188} INFO - [2025-12-31T13:56:02.027+0000] {dag.py:3947} INFO - Setting next_dagrun for tutorial_taskflow_api to None, run_after=None
[2025-12-31T13:56:02.045+0000] {processor.py:183} INFO - Processing /home/airflow/.local/lib/python3.12/site-packages/airflow/example_dags/tutorial_taskflow_api.py took 0.064 seconds
[2025-12-31T13:56:32.193+0000] {processor.py:161} INFO - Started process (PID=968) to work on /home/airflow/.local/lib/python3.12/site-packages/airflow/example_dags/tutorial_taskflow_api.py
[2025-12-31T13:56:32.194+0000] {processor.py:830} INFO - Processing file /home/airflow/.local/lib/python3.12/site-packages/airflow/example_dags/tutorial_taskflow_api.py for tasks to queue
[2025-12-31T13:56:32.195+0000] {logging_mixin.py:188} INFO - [2025-12-31T13:56:32.195+0000] {dagbag.py:545} INFO - Filling up the DagBag from /home/airflow/.local/lib/python3.12/site-packages/airflow/example_dags/tutorial_taskflow_api.py
[2025-12-31T13:56:32.203+0000] {processor.py:840} INFO - DAG(s) 'tutorial_taskflow_api' retrieved from /home/airflow/.local/lib/python3.12/site-packages/airflow/example_dags/tutorial_taskflow_api.py
[2025-12-31T13:56:32.237+0000] {logging_mixin.py:188} INFO - [2025-12-31T13:56:32.237+0000] {dag.py:3089} INFO - Sync 1 DAGs
[2025-12-31T13:56:32.261+0000] {logging_mixin.py:188} INFO - [2025-12-31T13:56:32.261+0000] {dag.py:3947} INFO - Setting next_dagrun for tutorial_taskflow_api to None, run_after=None
[2025-12-31T13:56:32.298+0000] {processor.py:183} INFO - Processing /home/airflow/.local/lib/python3.12/site-packages/airflow/example_dags/tutorial_taskflow_api.py took 0.113 seconds
[2025-12-31T13:57:02.725+0000] {processor.py:161} INFO - Started process (PID=1026) to work on /home/airflow/.local/lib/python3.12/site-packages/airflow/example_dags/tutorial_taskflow_api.py
[2025-12-31T13:57:02.725+0000] {processor.py:830} INFO - Processing file /home/airflow/.local/lib/python3.12/site-packages/airflow/example_dags/tutorial_taskflow_api.py for tasks to queue
[2025-12-31T13:57:02.726+0000] {logging_mixin.py:188} INFO - [2025-12-31T13:57:02.726+0000] {dagbag.py:545} INFO - Filling up the DagBag from /home/airflow/.local/lib/python3.12/site-packages/airflow/example_dags/tutorial_taskflow_api.py
[2025-12-31T13:57:02.732+0000] {processor.py:840} INFO - DAG(s) 'tutorial_taskflow_api' retrieved from /home/airflow/.local/lib/python3.12/site-packages/airflow/example_dags/tutorial_taskflow_api.py
[2025-12-31T13:57:02.754+0000] {logging_mixin.py:188} INFO - [2025-12-31T13:57:02.754+0000] {dag.py:3089} INFO - Sync 1 DAGs
[2025-12-31T13:57:02.766+0000] {logging_mixin.py:188} INFO - [2025-12-31T13:57:02.766+0000] {dag.py:3947} INFO - Setting next_dagrun for tutorial_taskflow_api to None, run_after=None
[2025-12-31T13:57:02.786+0000] {processor.py:183} INFO - Processing /home/airflow/.local/lib/python3.12/site-packages/airflow/example_dags/tutorial_taskflow_api.py took 0.067 seconds
