[2026-01-11T04:03:14.558+0000] {local_task_job_runner.py:120} INFO - ::group::Pre task execution logs
[2026-01-11T04:03:14.596+0000] {taskinstance.py:2076} INFO - Dependencies all met for dep_context=non-requeueable deps ti=<TaskInstance: bctc.ingest_bctc manual__2026-01-11T04:01:06+00:00 map_index=86 [queued]>
[2026-01-11T04:03:14.620+0000] {taskinstance.py:2076} INFO - Dependencies all met for dep_context=requeueable deps ti=<TaskInstance: bctc.ingest_bctc manual__2026-01-11T04:01:06+00:00 map_index=86 [queued]>
[2026-01-11T04:03:14.621+0000] {taskinstance.py:2306} INFO - Starting attempt 1 of 2
[2026-01-11T04:03:14.644+0000] {taskinstance.py:2330} INFO - Executing <Mapped(DfToCsvOperator): ingest_bctc> on 2026-01-11 04:01:06+00:00
[2026-01-11T04:03:14.663+0000] {warnings.py:112} WARNING - This process (pid=2159) is multi-threaded, use of fork() may lead to deadlocks in the child.

[2026-01-11T04:03:14.665+0000] {standard_task_runner.py:64} INFO - Started process 2219 to run task
[2026-01-11T04:03:14.668+0000] {standard_task_runner.py:90} INFO - Running: ['***', 'tasks', 'run', 'bctc', 'ingest_bctc', 'manual__2026-01-11T04:01:06+00:00', '--job-id', '10271', '--raw', '--subdir', 'DAGS_FOLDER/tt_cty_bctc.py', '--cfg-path', '/tmp/tmp4qyat_nr', '--map-index', '86']
[2026-01-11T04:03:14.680+0000] {standard_task_runner.py:91} INFO - Job 10271: Subtask ingest_bctc
[2026-01-11T04:03:14.780+0000] {task_command.py:426} INFO - Running <TaskInstance: bctc.ingest_bctc manual__2026-01-11T04:01:06+00:00 map_index=86 [running]> on host 3f2af93df813
[2026-01-11T04:03:15.298+0000] {taskinstance.py:2648} INFO - Exporting env vars: AIRFLOW_CTX_DAG_OWNER='***' AIRFLOW_CTX_DAG_ID='bctc' AIRFLOW_CTX_TASK_ID='ingest_bctc' AIRFLOW_CTX_EXECUTION_DATE='2026-01-11T04:01:06+00:00' AIRFLOW_CTX_TRY_NUMBER='1' AIRFLOW_CTX_DAG_RUN_ID='manual__2026-01-11T04:01:06+00:00'
[2026-01-11T04:03:15.299+0000] {taskinstance.py:430} INFO - ::endgroup::
[2026-01-11T04:03:15.309+0000] {logging_mixin.py:188} INFO - Bắt đầu xử lý batch 11 mã: ['ABR', 'ABI', 'ABC', 'ABB', 'AAV', 'AAT', 'AAS', 'AAM', 'AAH', 'AAA', 'A32']
[2026-01-11T04:03:15.310+0000] {logging_mixin.py:188} INFO -  >> Đang lấy dữ liệu: ABR
[2026-01-11T04:03:15.490+0000] {logging_mixin.py:188} INFO -  Lỗi xử lý mã ABR: Failed to fetch data: 429 - Too Many Requests
[2026-01-11T04:03:15.492+0000] {logging_mixin.py:188} INFO -  >> Đang lấy dữ liệu: ABI
[2026-01-11T04:03:15.717+0000] {logging_mixin.py:188} INFO -  Lỗi xử lý mã ABI: Failed to fetch data: 429 - Too Many Requests
[2026-01-11T04:03:15.720+0000] {logging_mixin.py:188} INFO -  >> Đang lấy dữ liệu: ABC
[2026-01-11T04:03:15.864+0000] {logging_mixin.py:188} INFO -  Lỗi xử lý mã ABC: Failed to fetch data: 429 - Too Many Requests
[2026-01-11T04:03:15.865+0000] {logging_mixin.py:188} INFO -  >> Đang lấy dữ liệu: ABB
[2026-01-11T04:03:16.001+0000] {logging_mixin.py:188} INFO -  Lỗi xử lý mã ABB: Failed to fetch data: 429 - Too Many Requests
[2026-01-11T04:03:16.002+0000] {logging_mixin.py:188} INFO -  >> Đang lấy dữ liệu: AAV
[2026-01-11T04:03:16.220+0000] {logging_mixin.py:188} INFO -  Lỗi xử lý mã AAV: Failed to fetch data: 429 - Too Many Requests
[2026-01-11T04:03:16.221+0000] {logging_mixin.py:188} INFO -  >> Đang lấy dữ liệu: AAT
[2026-01-11T04:03:16.409+0000] {logging_mixin.py:188} INFO -  Lỗi xử lý mã AAT: Failed to fetch data: 429 - Too Many Requests
[2026-01-11T04:03:16.411+0000] {logging_mixin.py:188} INFO -  >> Đang lấy dữ liệu: AAS
[2026-01-11T04:03:16.548+0000] {logging_mixin.py:188} INFO -  Lỗi xử lý mã AAS: Failed to fetch data: 429 - Too Many Requests
[2026-01-11T04:03:16.549+0000] {logging_mixin.py:188} INFO -  >> Đang lấy dữ liệu: AAM
[2026-01-11T04:03:16.772+0000] {logging_mixin.py:188} INFO -  Lỗi xử lý mã AAM: Failed to fetch data: 429 - Too Many Requests
[2026-01-11T04:03:16.773+0000] {logging_mixin.py:188} INFO -  >> Đang lấy dữ liệu: AAH
[2026-01-11T04:03:16.889+0000] {logging_mixin.py:188} INFO -  Lỗi xử lý mã AAH: Failed to fetch data: 429 - Too Many Requests
[2026-01-11T04:03:16.890+0000] {logging_mixin.py:188} INFO -  >> Đang lấy dữ liệu: AAA
[2026-01-11T04:03:17.021+0000] {logging_mixin.py:188} INFO -  Lỗi xử lý mã AAA: Failed to fetch data: 429 - Too Many Requests
[2026-01-11T04:03:17.022+0000] {logging_mixin.py:188} INFO -  >> Đang lấy dữ liệu: A32
[2026-01-11T04:03:17.134+0000] {logging_mixin.py:188} INFO -  Lỗi xử lý mã A32: Failed to fetch data: 429 - Too Many Requests
[2026-01-11T04:03:17.135+0000] {logging_mixin.py:188} INFO -  ⚠ Batch này không thu được dữ liệu nào.
[2026-01-11T04:03:17.139+0000] {datalake_df2csv.py:40} INFO - DataFrame rỗng, bỏ qua upload CSV.
[2026-01-11T04:03:17.139+0000] {taskinstance.py:441} INFO - ::group::Post task execution logs
[2026-01-11T04:03:17.152+0000] {taskinstance.py:1206} INFO - Marking task as SUCCESS. dag_id=bctc, task_id=ingest_bctc, run_id=manual__2026-01-11T04:01:06+00:00, map_index=86, execution_date=20260111T040106, start_date=20260111T040314, end_date=20260111T040317
[2026-01-11T04:03:17.214+0000] {local_task_job_runner.py:243} INFO - Task exited with return code 0
[2026-01-11T04:03:17.250+0000] {taskinstance.py:3503} INFO - 0 downstream tasks scheduled from follow-on schedule check
[2026-01-11T04:03:17.253+0000] {local_task_job_runner.py:222} INFO - ::endgroup::
