[2026-01-12T15:15:43.672+0000] {local_task_job_runner.py:120} INFO - ::group::Pre task execution logs
[2026-01-12T15:15:43.720+0000] {taskinstance.py:2076} INFO - Dependencies all met for dep_context=non-requeueable deps ti=<TaskInstance: financial_ratios_etl.ingest_financial_ratios manual__2026-01-12T15:14:43+00:00 map_index=42 [queued]>
[2026-01-12T15:15:43.742+0000] {taskinstance.py:2076} INFO - Dependencies all met for dep_context=requeueable deps ti=<TaskInstance: financial_ratios_etl.ingest_financial_ratios manual__2026-01-12T15:14:43+00:00 map_index=42 [queued]>
[2026-01-12T15:15:43.743+0000] {taskinstance.py:2306} INFO - Starting attempt 1 of 2
[2026-01-12T15:15:43.769+0000] {taskinstance.py:2330} INFO - Executing <Mapped(DfToCsvOperator): ingest_financial_ratios> on 2026-01-12 15:14:43+00:00
[2026-01-12T15:15:43.787+0000] {warnings.py:112} WARNING - This process (pid=612) is multi-threaded, use of fork() may lead to deadlocks in the child.

[2026-01-12T15:15:43.790+0000] {standard_task_runner.py:64} INFO - Started process 692 to run task
[2026-01-12T15:15:43.794+0000] {standard_task_runner.py:90} INFO - Running: ['***', 'tasks', 'run', 'financial_ratios_etl', 'ingest_financial_ratios', 'manual__2026-01-12T15:14:43+00:00', '--job-id', '13746', '--raw', '--subdir', 'DAGS_FOLDER/financial_ratios_etl.py', '--cfg-path', '/tmp/tmph4otla8k', '--map-index', '42']
[2026-01-12T15:15:43.800+0000] {standard_task_runner.py:91} INFO - Job 13746: Subtask ingest_financial_ratios
[2026-01-12T15:15:43.906+0000] {task_command.py:426} INFO - Running <TaskInstance: financial_ratios_etl.ingest_financial_ratios manual__2026-01-12T15:14:43+00:00 map_index=42 [running]> on host 5a20a797a43c
[2026-01-12T15:15:44.097+0000] {taskinstance.py:2648} INFO - Exporting env vars: AIRFLOW_CTX_DAG_OWNER='***' AIRFLOW_CTX_DAG_ID='financial_ratios_etl' AIRFLOW_CTX_TASK_ID='ingest_financial_ratios' AIRFLOW_CTX_EXECUTION_DATE='2026-01-12T15:14:43+00:00' AIRFLOW_CTX_TRY_NUMBER='1' AIRFLOW_CTX_DAG_RUN_ID='manual__2026-01-12T15:14:43+00:00'
[2026-01-12T15:15:44.099+0000] {taskinstance.py:430} INFO - ::endgroup::
[2026-01-12T15:15:44.109+0000] {logging_mixin.py:188} INFO - [RATIO] Bắt đầu xử lý batch 2 mã: ['VNL', 'VNI']
[2026-01-12T15:15:44.110+0000] {logging_mixin.py:188} INFO - [RATIO] Kỳ dữ liệu: quarter
[2026-01-12T15:15:44.110+0000] {logging_mixin.py:188} INFO -  >> [RATIO] Đang lấy dữ liệu: VNL
[2026-01-12T15:15:45.163+0000] {logging_mixin.py:188} INFO -  ✓ [RATIO] VNL: 51 rows
[2026-01-12T15:15:47.164+0000] {logging_mixin.py:188} INFO -  >> [RATIO] Đang lấy dữ liệu: VNI
[2026-01-12T15:15:48.014+0000] {logging_mixin.py:188} INFO -  ✓ [RATIO] VNI: 8 rows
[2026-01-12T15:15:50.023+0000] {logging_mixin.py:188} INFO -  ✅ [RATIO] Hoàn thành batch. Tổng số dòng: 59
[2026-01-12T15:15:50.084+0000] {base.py:84} INFO - Using connection ID 'minio_finance' for task execution.
[2026-01-12T15:15:50.086+0000] {connection_wrapper.py:384} INFO - AWS Connection (conn_id='minio_finance', conn_type='aws') credentials retrieved from login and password.
[2026-01-12T15:15:51.027+0000] {datalake_df2csv.py:52} INFO - ✅ Đã upload 59 dòng -> s3://thongtin-congty-va-bctc/financial_ratios/2026-01-12/batch_42.csv
[2026-01-12T15:15:51.029+0000] {taskinstance.py:441} INFO - ::group::Post task execution logs
[2026-01-12T15:15:51.048+0000] {taskinstance.py:1206} INFO - Marking task as SUCCESS. dag_id=financial_ratios_etl, task_id=ingest_financial_ratios, run_id=manual__2026-01-12T15:14:43+00:00, map_index=42, execution_date=20260112T151443, start_date=20260112T151543, end_date=20260112T151551
[2026-01-12T15:15:51.157+0000] {local_task_job_runner.py:243} INFO - Task exited with return code 0
[2026-01-12T15:15:51.183+0000] {local_task_job_runner.py:222} INFO - ::endgroup::
