[2026-01-11T03:06:53.221+0000] {local_task_job_runner.py:120} INFO - ::group::Pre task execution logs
[2026-01-11T03:06:53.252+0000] {taskinstance.py:2076} INFO - Dependencies all met for dep_context=non-requeueable deps ti=<TaskInstance: thongtin_cty_bctc.ingest_bctc manual__2026-01-11T03:04:17.829778+00:00 map_index=6 [queued]>
[2026-01-11T03:06:53.267+0000] {taskinstance.py:2076} INFO - Dependencies all met for dep_context=requeueable deps ti=<TaskInstance: thongtin_cty_bctc.ingest_bctc manual__2026-01-11T03:04:17.829778+00:00 map_index=6 [queued]>
[2026-01-11T03:06:53.268+0000] {taskinstance.py:2306} INFO - Starting attempt 1 of 2
[2026-01-11T03:06:53.293+0000] {taskinstance.py:2330} INFO - Executing <Mapped(DfToCsvOperator): ingest_bctc> on 2026-01-11 03:04:17.829778+00:00
[2026-01-11T03:06:53.307+0000] {warnings.py:112} WARNING - This process (pid=1296) is multi-threaded, use of fork() may lead to deadlocks in the child.

[2026-01-11T03:06:53.309+0000] {standard_task_runner.py:64} INFO - Started process 1342 to run task
[2026-01-11T03:06:53.311+0000] {standard_task_runner.py:90} INFO - Running: ['***', 'tasks', 'run', 'thongtin_cty_bctc', 'ingest_bctc', 'manual__2026-01-11T03:04:17.829778+00:00', '--job-id', '9737', '--raw', '--subdir', 'DAGS_FOLDER/tt_cty_bctc.py', '--cfg-path', '/tmp/tmpc29fcuhj', '--map-index', '6']
[2026-01-11T03:06:53.313+0000] {standard_task_runner.py:91} INFO - Job 9737: Subtask ingest_bctc
[2026-01-11T03:06:53.385+0000] {task_command.py:426} INFO - Running <TaskInstance: thongtin_cty_bctc.ingest_bctc manual__2026-01-11T03:04:17.829778+00:00 map_index=6 [running]> on host 3f2af93df813
[2026-01-11T03:06:53.522+0000] {taskinstance.py:2648} INFO - Exporting env vars: AIRFLOW_CTX_DAG_OWNER='***' AIRFLOW_CTX_DAG_ID='thongtin_cty_bctc' AIRFLOW_CTX_TASK_ID='ingest_bctc' AIRFLOW_CTX_EXECUTION_DATE='2026-01-11T03:04:17.829778+00:00' AIRFLOW_CTX_TRY_NUMBER='1' AIRFLOW_CTX_DAG_RUN_ID='manual__2026-01-11T03:04:17.829778+00:00'
[2026-01-11T03:06:53.524+0000] {taskinstance.py:430} INFO - ::endgroup::
[2026-01-11T03:06:53.535+0000] {logging_mixin.py:188} INFO - Bắt đầu xử lý batch 20 mã: ['VIN', 'VIM', 'VIH', 'VIG', 'VIF', 'VIE', 'VID', 'VIC', 'VIB', 'VHM', 'VHL', 'VHI', 'VHH', 'VHG', 'VHF', 'VHE', 'VHD', 'VHC', 'VGV', 'VGT']
[2026-01-11T03:06:53.536+0000] {logging_mixin.py:188} INFO -  >> Đang lấy dữ liệu: VIN
[2026-01-11T03:06:53.686+0000] {logging_mixin.py:188} INFO -  Lỗi xử lý mã VIN: Failed to fetch data: 429 - Too Many Requests
[2026-01-11T03:06:53.687+0000] {logging_mixin.py:188} INFO -  >> Đang lấy dữ liệu: VIM
[2026-01-11T03:06:53.995+0000] {logging_mixin.py:188} INFO -  Lỗi xử lý mã VIM: Failed to fetch data: 429 - Too Many Requests
[2026-01-11T03:06:53.997+0000] {logging_mixin.py:188} INFO -  >> Đang lấy dữ liệu: VIH
[2026-01-11T03:06:54.223+0000] {logging_mixin.py:188} INFO -  Lỗi xử lý mã VIH: Failed to fetch data: 429 - Too Many Requests
[2026-01-11T03:06:54.224+0000] {logging_mixin.py:188} INFO -  >> Đang lấy dữ liệu: VIG
[2026-01-11T03:06:54.390+0000] {logging_mixin.py:188} INFO -  Lỗi xử lý mã VIG: Failed to fetch data: 429 - Too Many Requests
[2026-01-11T03:06:54.392+0000] {logging_mixin.py:188} INFO -  >> Đang lấy dữ liệu: VIF
[2026-01-11T03:06:55.886+0000] {logging_mixin.py:188} INFO -  Lỗi xử lý mã VIF: Failed to fetch data: 429 - Too Many Requests
[2026-01-11T03:06:55.887+0000] {logging_mixin.py:188} INFO -  >> Đang lấy dữ liệu: VIE
[2026-01-11T03:06:56.940+0000] {logging_mixin.py:188} INFO -  Lỗi xử lý mã VIE: Failed to fetch data: 429 - Too Many Requests
[2026-01-11T03:06:56.942+0000] {logging_mixin.py:188} INFO -  >> Đang lấy dữ liệu: VID
[2026-01-11T03:06:57.204+0000] {logging_mixin.py:188} INFO -  Lỗi xử lý mã VID: Failed to fetch data: 429 - Too Many Requests
[2026-01-11T03:06:57.205+0000] {logging_mixin.py:188} INFO -  >> Đang lấy dữ liệu: VIC
[2026-01-11T03:06:57.709+0000] {logging_mixin.py:188} INFO -  Lỗi xử lý mã VIC: Failed to fetch data: 429 - Too Many Requests
[2026-01-11T03:06:57.710+0000] {logging_mixin.py:188} INFO -  >> Đang lấy dữ liệu: VIB
[2026-01-11T03:06:57.923+0000] {logging_mixin.py:188} INFO -  Lỗi xử lý mã VIB: Failed to fetch data: 429 - Too Many Requests
[2026-01-11T03:06:57.924+0000] {logging_mixin.py:188} INFO -  >> Đang lấy dữ liệu: VHM
[2026-01-11T03:06:58.203+0000] {logging_mixin.py:188} INFO -  Lỗi xử lý mã VHM: Failed to fetch data: 429 - Too Many Requests
[2026-01-11T03:06:58.204+0000] {logging_mixin.py:188} INFO -  >> Đang lấy dữ liệu: VHL
[2026-01-11T03:06:58.436+0000] {logging_mixin.py:188} INFO -  Lỗi xử lý mã VHL: Failed to fetch data: 429 - Too Many Requests
[2026-01-11T03:06:58.437+0000] {logging_mixin.py:188} INFO -  >> Đang lấy dữ liệu: VHI
[2026-01-11T03:06:58.906+0000] {logging_mixin.py:188} INFO -  Lỗi xử lý mã VHI: Failed to fetch data: 429 - Too Many Requests
[2026-01-11T03:06:58.908+0000] {logging_mixin.py:188} INFO -  >> Đang lấy dữ liệu: VHH
[2026-01-11T03:06:59.100+0000] {logging_mixin.py:188} INFO -  Lỗi xử lý mã VHH: Failed to fetch data: 429 - Too Many Requests
[2026-01-11T03:06:59.101+0000] {logging_mixin.py:188} INFO -  >> Đang lấy dữ liệu: VHG
[2026-01-11T03:06:59.261+0000] {logging_mixin.py:188} INFO -  Lỗi xử lý mã VHG: Failed to fetch data: 429 - Too Many Requests
[2026-01-11T03:06:59.262+0000] {logging_mixin.py:188} INFO -  >> Đang lấy dữ liệu: VHF
[2026-01-11T03:06:59.409+0000] {logging_mixin.py:188} INFO -  Lỗi xử lý mã VHF: Failed to fetch data: 429 - Too Many Requests
[2026-01-11T03:06:59.410+0000] {logging_mixin.py:188} INFO -  >> Đang lấy dữ liệu: VHE
[2026-01-11T03:06:59.569+0000] {logging_mixin.py:188} INFO -  Lỗi xử lý mã VHE: Failed to fetch data: 429 - Too Many Requests
[2026-01-11T03:06:59.570+0000] {logging_mixin.py:188} INFO -  >> Đang lấy dữ liệu: VHD
[2026-01-11T03:07:00.668+0000] {logging_mixin.py:188} INFO -  Lỗi xử lý mã VHD: Failed to fetch data: 429 - Too Many Requests
[2026-01-11T03:07:00.669+0000] {logging_mixin.py:188} INFO -  >> Đang lấy dữ liệu: VHC
[2026-01-11T03:07:00.802+0000] {logging_mixin.py:188} INFO -  Lỗi xử lý mã VHC: Failed to fetch data: 429 - Too Many Requests
[2026-01-11T03:07:00.803+0000] {logging_mixin.py:188} INFO -  >> Đang lấy dữ liệu: VGV
[2026-01-11T03:07:00.931+0000] {logging_mixin.py:188} INFO -  Lỗi xử lý mã VGV: Failed to fetch data: 429 - Too Many Requests
[2026-01-11T03:07:00.932+0000] {logging_mixin.py:188} INFO -  >> Đang lấy dữ liệu: VGT
[2026-01-11T03:07:01.244+0000] {logging_mixin.py:188} INFO -  Lỗi xử lý mã VGT: Failed to fetch data: 429 - Too Many Requests
[2026-01-11T03:07:01.246+0000] {logging_mixin.py:188} INFO -  ⚠ Batch này không thu được dữ liệu nào.
[2026-01-11T03:07:01.250+0000] {datalake_df2csv.py:40} INFO - DataFrame rỗng, bỏ qua upload CSV.
[2026-01-11T03:07:01.251+0000] {taskinstance.py:441} INFO - ::group::Post task execution logs
[2026-01-11T03:07:01.268+0000] {taskinstance.py:1206} INFO - Marking task as SUCCESS. dag_id=thongtin_cty_bctc, task_id=ingest_bctc, run_id=manual__2026-01-11T03:04:17.829778+00:00, map_index=6, execution_date=20260111T030417, start_date=20260111T030653, end_date=20260111T030701
[2026-01-11T03:07:01.316+0000] {local_task_job_runner.py:243} INFO - Task exited with return code 0
[2026-01-11T03:07:01.344+0000] {taskinstance.py:3503} INFO - 0 downstream tasks scheduled from follow-on schedule check
[2026-01-11T03:07:01.354+0000] {local_task_job_runner.py:222} INFO - ::endgroup::
