[2026-01-12T15:20:45.787+0000] {local_task_job_runner.py:120} INFO - ::group::Pre task execution logs
[2026-01-12T15:20:45.873+0000] {taskinstance.py:2076} INFO - Dependencies all met for dep_context=non-requeueable deps ti=<TaskInstance: financial_ratios_etl.ingest_financial_ratios manual__2026-01-12T15:14:43+00:00 map_index=359 [queued]>
[2026-01-12T15:20:45.951+0000] {taskinstance.py:2076} INFO - Dependencies all met for dep_context=requeueable deps ti=<TaskInstance: financial_ratios_etl.ingest_financial_ratios manual__2026-01-12T15:14:43+00:00 map_index=359 [queued]>
[2026-01-12T15:20:45.953+0000] {taskinstance.py:2306} INFO - Starting attempt 1 of 2
[2026-01-12T15:20:46.000+0000] {taskinstance.py:2330} INFO - Executing <Mapped(DfToCsvOperator): ingest_financial_ratios> on 2026-01-12 15:14:43+00:00
[2026-01-12T15:20:46.027+0000] {warnings.py:112} WARNING - This process (pid=4772) is multi-threaded, use of fork() may lead to deadlocks in the child.

[2026-01-12T15:20:46.031+0000] {standard_task_runner.py:64} INFO - Started process 4868 to run task
[2026-01-12T15:20:46.035+0000] {standard_task_runner.py:90} INFO - Running: ['***', 'tasks', 'run', 'financial_ratios_etl', 'ingest_financial_ratios', 'manual__2026-01-12T15:14:43+00:00', '--job-id', '14063', '--raw', '--subdir', 'DAGS_FOLDER/financial_ratios_etl.py', '--cfg-path', '/tmp/tmpba7gbbl4', '--map-index', '359']
[2026-01-12T15:20:46.045+0000] {standard_task_runner.py:91} INFO - Job 14063: Subtask ingest_financial_ratios
[2026-01-12T15:20:46.150+0000] {task_command.py:426} INFO - Running <TaskInstance: financial_ratios_etl.ingest_financial_ratios manual__2026-01-12T15:14:43+00:00 map_index=359 [running]> on host 5a20a797a43c
[2026-01-12T15:20:46.427+0000] {taskinstance.py:2648} INFO - Exporting env vars: AIRFLOW_CTX_DAG_OWNER='***' AIRFLOW_CTX_DAG_ID='financial_ratios_etl' AIRFLOW_CTX_TASK_ID='ingest_financial_ratios' AIRFLOW_CTX_EXECUTION_DATE='2026-01-12T15:14:43+00:00' AIRFLOW_CTX_TRY_NUMBER='1' AIRFLOW_CTX_DAG_RUN_ID='manual__2026-01-12T15:14:43+00:00'
[2026-01-12T15:20:46.432+0000] {taskinstance.py:430} INFO - ::endgroup::
[2026-01-12T15:20:46.492+0000] {logging_mixin.py:188} INFO - [RATIO] Bắt đầu xử lý batch 2 mã: ['PDT', 'PDR']
[2026-01-12T15:20:46.496+0000] {logging_mixin.py:188} INFO - [RATIO] Kỳ dữ liệu: quarter
[2026-01-12T15:20:46.497+0000] {logging_mixin.py:188} INFO -  >> [RATIO] Đang lấy dữ liệu: PDT
[2026-01-12T15:20:51.749+0000] {logging_mixin.py:188} INFO - ❌ Lỗi PDT: RetryError[<Future at 0x7f68d605ce30 state=finished raised KeyError>]
[2026-01-12T15:20:51.753+0000] {logging_mixin.py:188} INFO -  ⚠️ [RATIO] PDT: No data from API
[2026-01-12T15:20:53.755+0000] {logging_mixin.py:188} INFO -  >> [RATIO] Đang lấy dữ liệu: PDR
[2026-01-12T15:20:54.805+0000] {logging_mixin.py:188} INFO -  ✓ [RATIO] PDR: 51 rows
[2026-01-12T15:20:56.806+0000] {logging_mixin.py:188} INFO -  ✅ [RATIO] Hoàn thành batch. Tổng số dòng: 51
[2026-01-12T15:20:56.848+0000] {base.py:84} INFO - Using connection ID 'minio_finance' for task execution.
[2026-01-12T15:20:56.859+0000] {connection_wrapper.py:384} INFO - AWS Connection (conn_id='minio_finance', conn_type='aws') credentials retrieved from login and password.
[2026-01-12T15:20:58.534+0000] {datalake_df2csv.py:52} INFO - ✅ Đã upload 51 dòng -> s3://thongtin-congty-va-bctc/financial_ratios/2026-01-12/batch_359.csv
[2026-01-12T15:20:58.536+0000] {taskinstance.py:441} INFO - ::group::Post task execution logs
[2026-01-12T15:20:58.551+0000] {taskinstance.py:1206} INFO - Marking task as SUCCESS. dag_id=financial_ratios_etl, task_id=ingest_financial_ratios, run_id=manual__2026-01-12T15:14:43+00:00, map_index=359, execution_date=20260112T151443, start_date=20260112T152045, end_date=20260112T152058
[2026-01-12T15:20:58.610+0000] {local_task_job_runner.py:243} INFO - Task exited with return code 0
[2026-01-12T15:20:58.637+0000] {taskinstance.py:3503} INFO - 0 downstream tasks scheduled from follow-on schedule check
[2026-01-12T15:20:58.646+0000] {local_task_job_runner.py:222} INFO - ::endgroup::
