[2026-01-01T02:34:49.305+0000] {local_task_job_runner.py:120} INFO - ::group::Pre task execution logs
[2026-01-01T02:34:49.388+0000] {taskinstance.py:2076} INFO - Dependencies all met for dep_context=non-requeueable deps ti=<TaskInstance: thongtin_cty_bctc.ingest_bctc scheduled__2025-12-30T00:00:00+00:00 map_index=25 [queued]>
[2026-01-01T02:34:49.449+0000] {taskinstance.py:2076} INFO - Dependencies all met for dep_context=requeueable deps ti=<TaskInstance: thongtin_cty_bctc.ingest_bctc scheduled__2025-12-30T00:00:00+00:00 map_index=25 [queued]>
[2026-01-01T02:34:49.451+0000] {taskinstance.py:2306} INFO - Starting attempt 2 of 3
[2026-01-01T02:34:49.515+0000] {taskinstance.py:2330} INFO - Executing <Mapped(DfToCsvOperator): ingest_bctc> on 2025-12-30 00:00:00+00:00
[2026-01-01T02:34:49.550+0000] {warnings.py:112} WARNING - This process (pid=15091) is multi-threaded, use of fork() may lead to deadlocks in the child.

[2026-01-01T02:34:49.554+0000] {standard_task_runner.py:64} INFO - Started process 15245 to run task
[2026-01-01T02:34:49.557+0000] {standard_task_runner.py:90} INFO - Running: ['***', 'tasks', 'run', 'thongtin_cty_bctc', 'ingest_bctc', 'scheduled__2025-12-30T00:00:00+00:00', '--job-id', '1906', '--raw', '--subdir', 'DAGS_FOLDER/tt_cty_bctc.py', '--cfg-path', '/tmp/tmpf2vpbqgt', '--map-index', '25']
[2026-01-01T02:34:49.561+0000] {standard_task_runner.py:91} INFO - Job 1906: Subtask ingest_bctc
[2026-01-01T02:34:49.706+0000] {task_command.py:426} INFO - Running <TaskInstance: thongtin_cty_bctc.ingest_bctc scheduled__2025-12-30T00:00:00+00:00 map_index=25 [running]> on host 43b0a0f7606b
[2026-01-01T02:34:49.943+0000] {taskinstance.py:2648} INFO - Exporting env vars: AIRFLOW_CTX_DAG_OWNER='***' AIRFLOW_CTX_DAG_ID='thongtin_cty_bctc' AIRFLOW_CTX_TASK_ID='ingest_bctc' AIRFLOW_CTX_EXECUTION_DATE='2025-12-30T00:00:00+00:00' AIRFLOW_CTX_TRY_NUMBER='2' AIRFLOW_CTX_DAG_RUN_ID='scheduled__2025-12-30T00:00:00+00:00'
[2026-01-01T02:34:49.947+0000] {taskinstance.py:430} INFO - ::endgroup::
[2026-01-01T02:34:49.973+0000] {logging_mixin.py:188} INFO - Bắt đầu xử lý batch 20 mã: ['SDP', 'SDN', 'SDK', 'SDJ', 'SDH', 'SDG', 'SDD', 'SDC', 'SDB', 'SDA', 'SD9', 'SD8', 'SD7', 'SD6', 'SD5', 'SD4', 'SD3', 'SD2', 'SD1', 'SCY']
[2026-01-01T02:34:49.975+0000] {logging_mixin.py:188} INFO -  >> Đang lấy dữ liệu: SDP
[2026-01-01T02:34:50.142+0000] {logging_mixin.py:188} INFO -  Lỗi xử lý mã SDP: Failed to fetch data: 429 - Too Many Requests
[2026-01-01T02:34:50.144+0000] {logging_mixin.py:188} INFO -  >> Đang lấy dữ liệu: SDN
[2026-01-01T02:34:50.299+0000] {logging_mixin.py:188} INFO -  Lỗi xử lý mã SDN: Failed to fetch data: 429 - Too Many Requests
[2026-01-01T02:34:50.301+0000] {logging_mixin.py:188} INFO -  >> Đang lấy dữ liệu: SDK
[2026-01-01T02:34:50.489+0000] {logging_mixin.py:188} INFO -  Lỗi xử lý mã SDK: Failed to fetch data: 429 - Too Many Requests
[2026-01-01T02:34:50.491+0000] {logging_mixin.py:188} INFO -  >> Đang lấy dữ liệu: SDJ
[2026-01-01T02:34:50.689+0000] {logging_mixin.py:188} INFO -  Lỗi xử lý mã SDJ: Failed to fetch data: 429 - Too Many Requests
[2026-01-01T02:34:50.691+0000] {logging_mixin.py:188} INFO -  >> Đang lấy dữ liệu: SDH
[2026-01-01T02:34:50.854+0000] {logging_mixin.py:188} INFO -  Lỗi xử lý mã SDH: Failed to fetch data: 429 - Too Many Requests
[2026-01-01T02:34:50.856+0000] {logging_mixin.py:188} INFO -  >> Đang lấy dữ liệu: SDG
[2026-01-01T02:34:51.127+0000] {logging_mixin.py:188} INFO -  Lỗi xử lý mã SDG: Failed to fetch data: 429 - Too Many Requests
[2026-01-01T02:34:51.130+0000] {logging_mixin.py:188} INFO -  >> Đang lấy dữ liệu: SDD
[2026-01-01T02:34:51.305+0000] {logging_mixin.py:188} INFO -  Lỗi xử lý mã SDD: Failed to fetch data: 429 - Too Many Requests
[2026-01-01T02:34:51.307+0000] {logging_mixin.py:188} INFO -  >> Đang lấy dữ liệu: SDC
[2026-01-01T02:34:51.484+0000] {logging_mixin.py:188} INFO -  Lỗi xử lý mã SDC: Failed to fetch data: 429 - Too Many Requests
[2026-01-01T02:34:51.485+0000] {logging_mixin.py:188} INFO -  >> Đang lấy dữ liệu: SDB
[2026-01-01T02:34:51.692+0000] {logging_mixin.py:188} INFO -  Lỗi xử lý mã SDB: Failed to fetch data: 429 - Too Many Requests
[2026-01-01T02:34:51.697+0000] {logging_mixin.py:188} INFO -  >> Đang lấy dữ liệu: SDA
[2026-01-01T02:34:51.879+0000] {logging_mixin.py:188} INFO -  Lỗi xử lý mã SDA: Failed to fetch data: 429 - Too Many Requests
[2026-01-01T02:34:51.881+0000] {logging_mixin.py:188} INFO -  >> Đang lấy dữ liệu: SD9
[2026-01-01T02:34:52.057+0000] {logging_mixin.py:188} INFO -  Lỗi xử lý mã SD9: Failed to fetch data: 429 - Too Many Requests
[2026-01-01T02:34:52.058+0000] {logging_mixin.py:188} INFO -  >> Đang lấy dữ liệu: SD8
[2026-01-01T02:34:52.207+0000] {logging_mixin.py:188} INFO -  Lỗi xử lý mã SD8: Failed to fetch data: 429 - Too Many Requests
[2026-01-01T02:34:52.208+0000] {logging_mixin.py:188} INFO -  >> Đang lấy dữ liệu: SD7
[2026-01-01T02:34:52.402+0000] {logging_mixin.py:188} INFO -  Lỗi xử lý mã SD7: Failed to fetch data: 429 - Too Many Requests
[2026-01-01T02:34:52.403+0000] {logging_mixin.py:188} INFO -  >> Đang lấy dữ liệu: SD6
[2026-01-01T02:34:52.618+0000] {logging_mixin.py:188} INFO -  Lỗi xử lý mã SD6: Failed to fetch data: 429 - Too Many Requests
[2026-01-01T02:34:52.619+0000] {logging_mixin.py:188} INFO -  >> Đang lấy dữ liệu: SD5
[2026-01-01T02:34:52.843+0000] {logging_mixin.py:188} INFO -  Lỗi xử lý mã SD5: Failed to fetch data: 429 - Too Many Requests
[2026-01-01T02:34:52.844+0000] {logging_mixin.py:188} INFO -  >> Đang lấy dữ liệu: SD4
[2026-01-01T02:34:52.980+0000] {logging_mixin.py:188} INFO -  Lỗi xử lý mã SD4: Failed to fetch data: 429 - Too Many Requests
[2026-01-01T02:34:52.981+0000] {logging_mixin.py:188} INFO -  >> Đang lấy dữ liệu: SD3
[2026-01-01T02:34:53.115+0000] {logging_mixin.py:188} INFO -  Lỗi xử lý mã SD3: Failed to fetch data: 429 - Too Many Requests
[2026-01-01T02:34:53.116+0000] {logging_mixin.py:188} INFO -  >> Đang lấy dữ liệu: SD2
[2026-01-01T02:34:53.252+0000] {logging_mixin.py:188} INFO -  Lỗi xử lý mã SD2: Failed to fetch data: 429 - Too Many Requests
[2026-01-01T02:34:53.254+0000] {logging_mixin.py:188} INFO -  >> Đang lấy dữ liệu: SD1
[2026-01-01T02:34:53.391+0000] {logging_mixin.py:188} INFO -  Lỗi xử lý mã SD1: Failed to fetch data: 429 - Too Many Requests
[2026-01-01T02:34:53.392+0000] {logging_mixin.py:188} INFO -  >> Đang lấy dữ liệu: SCY
[2026-01-01T02:34:53.542+0000] {logging_mixin.py:188} INFO -  Lỗi xử lý mã SCY: Failed to fetch data: 429 - Too Many Requests
[2026-01-01T02:34:53.543+0000] {logging_mixin.py:188} INFO -  ⚠ Batch này không thu được dữ liệu nào.
[2026-01-01T02:34:53.550+0000] {datalake_df2csv.py:40} INFO - DataFrame rỗng, bỏ qua upload CSV.
[2026-01-01T02:34:53.550+0000] {taskinstance.py:441} INFO - ::group::Post task execution logs
[2026-01-01T02:34:53.565+0000] {taskinstance.py:1206} INFO - Marking task as SUCCESS. dag_id=thongtin_cty_bctc, task_id=ingest_bctc, run_id=scheduled__2025-12-30T00:00:00+00:00, map_index=25, execution_date=20251230T000000, start_date=20260101T023449, end_date=20260101T023453
[2026-01-01T02:34:53.622+0000] {local_task_job_runner.py:243} INFO - Task exited with return code 0
[2026-01-01T02:34:53.642+0000] {taskinstance.py:3503} INFO - 0 downstream tasks scheduled from follow-on schedule check
[2026-01-01T02:34:53.645+0000] {local_task_job_runner.py:222} INFO - ::endgroup::
