[2025-12-31T14:36:01.143+0000] {local_task_job_runner.py:120} INFO - ::group::Pre task execution logs
[2025-12-31T14:36:01.177+0000] {taskinstance.py:2076} INFO - Dependencies all met for dep_context=non-requeueable deps ti=<TaskInstance: thongtin_cty_bctc.ingest_bctc scheduled__2025-12-30T00:00:00+00:00 map_index=25 [queued]>
[2025-12-31T14:36:01.194+0000] {taskinstance.py:2076} INFO - Dependencies all met for dep_context=requeueable deps ti=<TaskInstance: thongtin_cty_bctc.ingest_bctc scheduled__2025-12-30T00:00:00+00:00 map_index=25 [queued]>
[2025-12-31T14:36:01.195+0000] {taskinstance.py:2306} INFO - Starting attempt 1 of 2
[2025-12-31T14:36:01.214+0000] {taskinstance.py:2330} INFO - Executing <Mapped(DfToCsvOperator): ingest_bctc> on 2025-12-30 00:00:00+00:00
[2025-12-31T14:36:01.226+0000] {warnings.py:112} WARNING - This process (pid=1494) is multi-threaded, use of fork() may lead to deadlocks in the child.

[2025-12-31T14:36:01.228+0000] {standard_task_runner.py:64} INFO - Started process 1536 to run task
[2025-12-31T14:36:01.230+0000] {standard_task_runner.py:90} INFO - Running: ['***', 'tasks', 'run', 'thongtin_cty_bctc', 'ingest_bctc', 'scheduled__2025-12-30T00:00:00+00:00', '--job-id', '87', '--raw', '--subdir', 'DAGS_FOLDER/tt_cty_bctc.py', '--cfg-path', '/tmp/tmpxa98czm7', '--map-index', '25']
[2025-12-31T14:36:01.231+0000] {standard_task_runner.py:91} INFO - Job 87: Subtask ingest_bctc
[2025-12-31T14:36:01.291+0000] {task_command.py:426} INFO - Running <TaskInstance: thongtin_cty_bctc.ingest_bctc scheduled__2025-12-30T00:00:00+00:00 map_index=25 [running]> on host 8bc7f11ea9a4
[2025-12-31T14:36:01.421+0000] {taskinstance.py:2648} INFO - Exporting env vars: AIRFLOW_CTX_DAG_OWNER='***' AIRFLOW_CTX_DAG_ID='thongtin_cty_bctc' AIRFLOW_CTX_TASK_ID='ingest_bctc' AIRFLOW_CTX_EXECUTION_DATE='2025-12-30T00:00:00+00:00' AIRFLOW_CTX_TRY_NUMBER='1' AIRFLOW_CTX_DAG_RUN_ID='scheduled__2025-12-30T00:00:00+00:00'
[2025-12-31T14:36:01.423+0000] {taskinstance.py:430} INFO - ::endgroup::
[2025-12-31T14:36:01.432+0000] {logging_mixin.py:188} INFO - Bắt đầu xử lý batch 20 mã: ['SDP', 'SDN', 'SDK', 'SDJ', 'SDH', 'SDG', 'SDD', 'SDC', 'SDB', 'SDA', 'SD9', 'SD8', 'SD7', 'SD6', 'SD5', 'SD4', 'SD3', 'SD2', 'SD1', 'SCY']
[2025-12-31T14:36:01.433+0000] {logging_mixin.py:188} INFO -  >> Đang lấy dữ liệu: SDP
[2025-12-31T14:36:01.694+0000] {logging_mixin.py:188} INFO -  Lỗi xử lý mã SDP: Failed to fetch data: 429 - Too Many Requests
[2025-12-31T14:36:01.695+0000] {logging_mixin.py:188} INFO -  >> Đang lấy dữ liệu: SDN
[2025-12-31T14:36:01.849+0000] {logging_mixin.py:188} INFO -  Lỗi xử lý mã SDN: Failed to fetch data: 429 - Too Many Requests
[2025-12-31T14:36:01.850+0000] {logging_mixin.py:188} INFO -  >> Đang lấy dữ liệu: SDK
[2025-12-31T14:36:01.994+0000] {logging_mixin.py:188} INFO -  Lỗi xử lý mã SDK: Failed to fetch data: 429 - Too Many Requests
[2025-12-31T14:36:01.995+0000] {logging_mixin.py:188} INFO -  >> Đang lấy dữ liệu: SDJ
[2025-12-31T14:36:02.132+0000] {logging_mixin.py:188} INFO -  Lỗi xử lý mã SDJ: Failed to fetch data: 429 - Too Many Requests
[2025-12-31T14:36:02.133+0000] {logging_mixin.py:188} INFO -  >> Đang lấy dữ liệu: SDH
[2025-12-31T14:36:02.266+0000] {logging_mixin.py:188} INFO -  Lỗi xử lý mã SDH: Failed to fetch data: 429 - Too Many Requests
[2025-12-31T14:36:02.267+0000] {logging_mixin.py:188} INFO -  >> Đang lấy dữ liệu: SDG
[2025-12-31T14:36:02.414+0000] {logging_mixin.py:188} INFO -  Lỗi xử lý mã SDG: Failed to fetch data: 429 - Too Many Requests
[2025-12-31T14:36:02.415+0000] {logging_mixin.py:188} INFO -  >> Đang lấy dữ liệu: SDD
[2025-12-31T14:36:02.573+0000] {logging_mixin.py:188} INFO -  Lỗi xử lý mã SDD: Failed to fetch data: 429 - Too Many Requests
[2025-12-31T14:36:02.574+0000] {logging_mixin.py:188} INFO -  >> Đang lấy dữ liệu: SDC
[2025-12-31T14:36:02.733+0000] {logging_mixin.py:188} INFO -  Lỗi xử lý mã SDC: Failed to fetch data: 429 - Too Many Requests
[2025-12-31T14:36:02.733+0000] {logging_mixin.py:188} INFO -  >> Đang lấy dữ liệu: SDB
[2025-12-31T14:36:02.982+0000] {logging_mixin.py:188} INFO -  Lỗi xử lý mã SDB: Failed to fetch data: 429 - Too Many Requests
[2025-12-31T14:36:02.982+0000] {logging_mixin.py:188} INFO -  >> Đang lấy dữ liệu: SDA
[2025-12-31T14:36:03.125+0000] {logging_mixin.py:188} INFO -  Lỗi xử lý mã SDA: Failed to fetch data: 429 - Too Many Requests
[2025-12-31T14:36:03.126+0000] {logging_mixin.py:188} INFO -  >> Đang lấy dữ liệu: SD9
[2025-12-31T14:36:03.294+0000] {logging_mixin.py:188} INFO -  Lỗi xử lý mã SD9: Failed to fetch data: 429 - Too Many Requests
[2025-12-31T14:36:03.294+0000] {logging_mixin.py:188} INFO -  >> Đang lấy dữ liệu: SD8
[2025-12-31T14:36:03.493+0000] {logging_mixin.py:188} INFO -  Lỗi xử lý mã SD8: Failed to fetch data: 429 - Too Many Requests
[2025-12-31T14:36:03.494+0000] {logging_mixin.py:188} INFO -  >> Đang lấy dữ liệu: SD7
[2025-12-31T14:36:03.626+0000] {logging_mixin.py:188} INFO -  Lỗi xử lý mã SD7: Failed to fetch data: 429 - Too Many Requests
[2025-12-31T14:36:03.627+0000] {logging_mixin.py:188} INFO -  >> Đang lấy dữ liệu: SD6
[2025-12-31T14:36:03.767+0000] {logging_mixin.py:188} INFO -  Lỗi xử lý mã SD6: Failed to fetch data: 429 - Too Many Requests
[2025-12-31T14:36:03.768+0000] {logging_mixin.py:188} INFO -  >> Đang lấy dữ liệu: SD5
[2025-12-31T14:36:03.905+0000] {logging_mixin.py:188} INFO -  Lỗi xử lý mã SD5: Failed to fetch data: 429 - Too Many Requests
[2025-12-31T14:36:03.906+0000] {logging_mixin.py:188} INFO -  >> Đang lấy dữ liệu: SD4
[2025-12-31T14:36:04.081+0000] {logging_mixin.py:188} INFO -  Lỗi xử lý mã SD4: Failed to fetch data: 429 - Too Many Requests
[2025-12-31T14:36:04.082+0000] {logging_mixin.py:188} INFO -  >> Đang lấy dữ liệu: SD3
[2025-12-31T14:36:04.260+0000] {logging_mixin.py:188} INFO -  Lỗi xử lý mã SD3: Failed to fetch data: 429 - Too Many Requests
[2025-12-31T14:36:04.261+0000] {logging_mixin.py:188} INFO -  >> Đang lấy dữ liệu: SD2
[2025-12-31T14:36:04.385+0000] {logging_mixin.py:188} INFO -  Lỗi xử lý mã SD2: Failed to fetch data: 429 - Too Many Requests
[2025-12-31T14:36:04.386+0000] {logging_mixin.py:188} INFO -  >> Đang lấy dữ liệu: SD1
[2025-12-31T14:36:04.520+0000] {logging_mixin.py:188} INFO -  Lỗi xử lý mã SD1: Failed to fetch data: 429 - Too Many Requests
[2025-12-31T14:36:04.521+0000] {logging_mixin.py:188} INFO -  >> Đang lấy dữ liệu: SCY
[2025-12-31T14:36:04.671+0000] {logging_mixin.py:188} INFO -  Lỗi xử lý mã SCY: Failed to fetch data: 429 - Too Many Requests
[2025-12-31T14:36:04.672+0000] {logging_mixin.py:188} INFO -  ⚠ Batch này không thu được dữ liệu nào.
[2025-12-31T14:36:04.675+0000] {datalake_df2csv.py:40} INFO - DataFrame rỗng, bỏ qua upload CSV.
[2025-12-31T14:36:04.675+0000] {taskinstance.py:441} INFO - ::group::Post task execution logs
[2025-12-31T14:36:04.685+0000] {taskinstance.py:1206} INFO - Marking task as SUCCESS. dag_id=thongtin_cty_bctc, task_id=ingest_bctc, run_id=scheduled__2025-12-30T00:00:00+00:00, map_index=25, execution_date=20251230T000000, start_date=20251231T143601, end_date=20251231T143604
[2025-12-31T14:36:04.733+0000] {local_task_job_runner.py:243} INFO - Task exited with return code 0
[2025-12-31T14:36:04.751+0000] {taskinstance.py:3503} INFO - 0 downstream tasks scheduled from follow-on schedule check
[2025-12-31T14:36:04.755+0000] {local_task_job_runner.py:222} INFO - ::endgroup::
