[2026-01-12T15:27:36.788+0000] {local_task_job_runner.py:120} INFO - ::group::Pre task execution logs
[2026-01-12T15:27:36.855+0000] {taskinstance.py:2076} INFO - Dependencies all met for dep_context=non-requeueable deps ti=<TaskInstance: financial_ratios_etl.ingest_financial_ratios manual__2026-01-12T15:14:43+00:00 map_index=830 [queued]>
[2026-01-12T15:27:36.913+0000] {taskinstance.py:2076} INFO - Dependencies all met for dep_context=requeueable deps ti=<TaskInstance: financial_ratios_etl.ingest_financial_ratios manual__2026-01-12T15:14:43+00:00 map_index=830 [queued]>
[2026-01-12T15:27:36.914+0000] {taskinstance.py:2306} INFO - Starting attempt 1 of 2
[2026-01-12T15:27:36.932+0000] {taskinstance.py:2330} INFO - Executing <Mapped(DfToCsvOperator): ingest_financial_ratios> on 2026-01-12 15:14:43+00:00
[2026-01-12T15:27:36.949+0000] {warnings.py:112} WARNING - This process (pid=10908) is multi-threaded, use of fork() may lead to deadlocks in the child.

[2026-01-12T15:27:36.951+0000] {standard_task_runner.py:64} INFO - Started process 10985 to run task
[2026-01-12T15:27:36.954+0000] {standard_task_runner.py:90} INFO - Running: ['***', 'tasks', 'run', 'financial_ratios_etl', 'ingest_financial_ratios', 'manual__2026-01-12T15:14:43+00:00', '--job-id', '14535', '--raw', '--subdir', 'DAGS_FOLDER/financial_ratios_etl.py', '--cfg-path', '/tmp/tmporlnfmkw', '--map-index', '830']
[2026-01-12T15:27:36.959+0000] {standard_task_runner.py:91} INFO - Job 14535: Subtask ingest_financial_ratios
[2026-01-12T15:27:37.032+0000] {task_command.py:426} INFO - Running <TaskInstance: financial_ratios_etl.ingest_financial_ratios manual__2026-01-12T15:14:43+00:00 map_index=830 [running]> on host 5a20a797a43c
[2026-01-12T15:27:37.172+0000] {taskinstance.py:2648} INFO - Exporting env vars: AIRFLOW_CTX_DAG_OWNER='***' AIRFLOW_CTX_DAG_ID='financial_ratios_etl' AIRFLOW_CTX_TASK_ID='ingest_financial_ratios' AIRFLOW_CTX_EXECUTION_DATE='2026-01-12T15:14:43+00:00' AIRFLOW_CTX_TRY_NUMBER='1' AIRFLOW_CTX_DAG_RUN_ID='manual__2026-01-12T15:14:43+00:00'
[2026-01-12T15:27:37.173+0000] {taskinstance.py:430} INFO - ::endgroup::
[2026-01-12T15:27:37.180+0000] {logging_mixin.py:188} INFO - [RATIO] Bắt đầu xử lý batch 2 mã: ['AVG', 'AVF']
[2026-01-12T15:27:37.181+0000] {logging_mixin.py:188} INFO - [RATIO] Kỳ dữ liệu: quarter
[2026-01-12T15:27:37.182+0000] {logging_mixin.py:188} INFO -  >> [RATIO] Đang lấy dữ liệu: AVG
[2026-01-12T15:27:37.902+0000] {logging_mixin.py:188} INFO -  ✓ [RATIO] AVG: 8 rows
[2026-01-12T15:27:39.903+0000] {logging_mixin.py:188} INFO -  >> [RATIO] Đang lấy dữ liệu: AVF
[2026-01-12T15:27:40.851+0000] {logging_mixin.py:188} INFO -  ✓ [RATIO] AVF: 29 rows
[2026-01-12T15:27:42.872+0000] {logging_mixin.py:188} INFO -  ✅ [RATIO] Hoàn thành batch. Tổng số dòng: 37
[2026-01-12T15:27:42.895+0000] {base.py:84} INFO - Using connection ID 'minio_finance' for task execution.
[2026-01-12T15:27:42.896+0000] {connection_wrapper.py:384} INFO - AWS Connection (conn_id='minio_finance', conn_type='aws') credentials retrieved from login and password.
[2026-01-12T15:27:43.533+0000] {datalake_df2csv.py:52} INFO - ✅ Đã upload 37 dòng -> s3://thongtin-congty-va-bctc/financial_ratios/2026-01-12/batch_830.csv
[2026-01-12T15:27:43.535+0000] {taskinstance.py:441} INFO - ::group::Post task execution logs
[2026-01-12T15:27:43.546+0000] {taskinstance.py:1206} INFO - Marking task as SUCCESS. dag_id=financial_ratios_etl, task_id=ingest_financial_ratios, run_id=manual__2026-01-12T15:14:43+00:00, map_index=830, execution_date=20260112T151443, start_date=20260112T152736, end_date=20260112T152743
[2026-01-12T15:27:43.586+0000] {local_task_job_runner.py:243} INFO - Task exited with return code 0
[2026-01-12T15:27:43.601+0000] {taskinstance.py:3503} INFO - 0 downstream tasks scheduled from follow-on schedule check
[2026-01-12T15:27:43.603+0000] {local_task_job_runner.py:222} INFO - ::endgroup::
