[2026-01-11T03:45:08.468+0000] {local_task_job_runner.py:120} INFO - ::group::Pre task execution logs
[2026-01-11T03:45:08.500+0000] {taskinstance.py:2076} INFO - Dependencies all met for dep_context=non-requeueable deps ti=<TaskInstance: bctc.ingest_bctc manual__2026-01-11T03:43:48.138068+00:00 map_index=61 [queued]>
[2026-01-11T03:45:08.517+0000] {taskinstance.py:2076} INFO - Dependencies all met for dep_context=requeueable deps ti=<TaskInstance: bctc.ingest_bctc manual__2026-01-11T03:43:48.138068+00:00 map_index=61 [queued]>
[2026-01-11T03:45:08.518+0000] {taskinstance.py:2306} INFO - Starting attempt 1 of 2
[2026-01-11T03:45:08.546+0000] {taskinstance.py:2330} INFO - Executing <Mapped(DfToCsvOperator): ingest_bctc> on 2026-01-11 03:43:48.138068+00:00
[2026-01-11T03:45:08.561+0000] {warnings.py:112} WARNING - This process (pid=5385) is multi-threaded, use of fork() may lead to deadlocks in the child.

[2026-01-11T03:45:08.563+0000] {standard_task_runner.py:64} INFO - Started process 5441 to run task
[2026-01-11T03:45:08.566+0000] {standard_task_runner.py:90} INFO - Running: ['***', 'tasks', 'run', 'bctc', 'ingest_bctc', 'manual__2026-01-11T03:43:48.138068+00:00', '--job-id', '10063', '--raw', '--subdir', 'DAGS_FOLDER/tt_cty_bctc.py', '--cfg-path', '/tmp/tmpmlr19ve4', '--map-index', '61']
[2026-01-11T03:45:08.568+0000] {standard_task_runner.py:91} INFO - Job 10063: Subtask ingest_bctc
[2026-01-11T03:45:08.630+0000] {task_command.py:426} INFO - Running <TaskInstance: bctc.ingest_bctc manual__2026-01-11T03:43:48.138068+00:00 map_index=61 [running]> on host 3f2af93df813
[2026-01-11T03:45:09.045+0000] {taskinstance.py:2648} INFO - Exporting env vars: AIRFLOW_CTX_DAG_OWNER='***' AIRFLOW_CTX_DAG_ID='bctc' AIRFLOW_CTX_TASK_ID='ingest_bctc' AIRFLOW_CTX_EXECUTION_DATE='2026-01-11T03:43:48.138068+00:00' AIRFLOW_CTX_TRY_NUMBER='1' AIRFLOW_CTX_DAG_RUN_ID='manual__2026-01-11T03:43:48.138068+00:00'
[2026-01-11T03:45:09.047+0000] {taskinstance.py:430} INFO - ::endgroup::
[2026-01-11T03:45:09.055+0000] {logging_mixin.py:188} INFO - Bắt đầu xử lý batch 20 mã: ['GEX', 'GER', 'GEG', 'GEE', 'GE2', 'GDW', 'GDT', 'GDA', 'GCF', 'GCB', 'GAS', 'GAB', 'G36', 'G20', 'FTS', 'FTM', 'FTI', 'FT1', 'FSO', 'FRT']
[2026-01-11T03:45:09.056+0000] {logging_mixin.py:188} INFO -  >> Đang lấy dữ liệu: GEX
[2026-01-11T03:45:10.080+0000] {logging_mixin.py:188} INFO -  Lỗi xử lý mã GEX: Failed to fetch data: 429 - Too Many Requests
[2026-01-11T03:45:10.081+0000] {logging_mixin.py:188} INFO -  >> Đang lấy dữ liệu: GER
[2026-01-11T03:45:10.299+0000] {logging_mixin.py:188} INFO -  Lỗi xử lý mã GER: Failed to fetch data: 429 - Too Many Requests
[2026-01-11T03:45:10.300+0000] {logging_mixin.py:188} INFO -  >> Đang lấy dữ liệu: GEG
[2026-01-11T03:45:10.497+0000] {logging_mixin.py:188} INFO -  Lỗi xử lý mã GEG: Failed to fetch data: 429 - Too Many Requests
[2026-01-11T03:45:10.498+0000] {logging_mixin.py:188} INFO -  >> Đang lấy dữ liệu: GEE
[2026-01-11T03:45:10.696+0000] {logging_mixin.py:188} INFO -  Lỗi xử lý mã GEE: Failed to fetch data: 429 - Too Many Requests
[2026-01-11T03:45:10.697+0000] {logging_mixin.py:188} INFO -  >> Đang lấy dữ liệu: GE2
[2026-01-11T03:45:10.929+0000] {logging_mixin.py:188} INFO -  Lỗi xử lý mã GE2: Failed to fetch data: 429 - Too Many Requests
[2026-01-11T03:45:10.930+0000] {logging_mixin.py:188} INFO -  >> Đang lấy dữ liệu: GDW
[2026-01-11T03:45:11.326+0000] {logging_mixin.py:188} INFO -  Lỗi xử lý mã GDW: Failed to fetch data: 429 - Too Many Requests
[2026-01-11T03:45:11.327+0000] {logging_mixin.py:188} INFO -  >> Đang lấy dữ liệu: GDT
[2026-01-11T03:45:11.556+0000] {logging_mixin.py:188} INFO -  Lỗi xử lý mã GDT: Failed to fetch data: 429 - Too Many Requests
[2026-01-11T03:45:11.557+0000] {logging_mixin.py:188} INFO -  >> Đang lấy dữ liệu: GDA
[2026-01-11T03:45:11.877+0000] {logging_mixin.py:188} INFO -  Lỗi xử lý mã GDA: Failed to fetch data: 429 - Too Many Requests
[2026-01-11T03:45:11.878+0000] {logging_mixin.py:188} INFO -  >> Đang lấy dữ liệu: GCF
[2026-01-11T03:45:12.847+0000] {logging_mixin.py:188} INFO -  Lỗi xử lý mã GCF: Failed to fetch data: 429 - Too Many Requests
[2026-01-11T03:45:12.849+0000] {logging_mixin.py:188} INFO -  >> Đang lấy dữ liệu: GCB
[2026-01-11T03:45:13.730+0000] {logging_mixin.py:188} INFO -  Lỗi xử lý mã GCB: Failed to fetch data: 429 - Too Many Requests
[2026-01-11T03:45:13.731+0000] {logging_mixin.py:188} INFO -  >> Đang lấy dữ liệu: GAS
[2026-01-11T03:45:13.946+0000] {logging_mixin.py:188} INFO -  Lỗi xử lý mã GAS: Failed to fetch data: 429 - Too Many Requests
[2026-01-11T03:45:13.947+0000] {logging_mixin.py:188} INFO -  >> Đang lấy dữ liệu: GAB
[2026-01-11T03:45:14.524+0000] {logging_mixin.py:188} INFO -  Lỗi xử lý mã GAB: Failed to fetch data: 429 - Too Many Requests
[2026-01-11T03:45:14.525+0000] {logging_mixin.py:188} INFO -  >> Đang lấy dữ liệu: G36
[2026-01-11T03:45:14.732+0000] {logging_mixin.py:188} INFO -  Lỗi xử lý mã G36: Failed to fetch data: 429 - Too Many Requests
[2026-01-11T03:45:14.734+0000] {logging_mixin.py:188} INFO -  >> Đang lấy dữ liệu: G20
[2026-01-11T03:45:15.003+0000] {logging_mixin.py:188} INFO -  Lỗi xử lý mã G20: Failed to fetch data: 429 - Too Many Requests
[2026-01-11T03:45:15.004+0000] {logging_mixin.py:188} INFO -  >> Đang lấy dữ liệu: FTS
[2026-01-11T03:45:15.243+0000] {logging_mixin.py:188} INFO -  Lỗi xử lý mã FTS: Failed to fetch data: 429 - Too Many Requests
[2026-01-11T03:45:15.244+0000] {logging_mixin.py:188} INFO -  >> Đang lấy dữ liệu: FTM
[2026-01-11T03:45:16.497+0000] {logging_mixin.py:188} INFO -  Lỗi xử lý mã FTM: Failed to fetch data: 429 - Too Many Requests
[2026-01-11T03:45:16.498+0000] {logging_mixin.py:188} INFO -  >> Đang lấy dữ liệu: FTI
[2026-01-11T03:45:16.726+0000] {logging_mixin.py:188} INFO -  Lỗi xử lý mã FTI: Failed to fetch data: 429 - Too Many Requests
[2026-01-11T03:45:16.727+0000] {logging_mixin.py:188} INFO -  >> Đang lấy dữ liệu: FT1
[2026-01-11T03:45:16.942+0000] {logging_mixin.py:188} INFO -  Lỗi xử lý mã FT1: Failed to fetch data: 429 - Too Many Requests
[2026-01-11T03:45:16.943+0000] {logging_mixin.py:188} INFO -  >> Đang lấy dữ liệu: FSO
[2026-01-11T03:45:17.306+0000] {logging_mixin.py:188} INFO -  Lỗi xử lý mã FSO: Failed to fetch data: 429 - Too Many Requests
[2026-01-11T03:45:17.307+0000] {logging_mixin.py:188} INFO -  >> Đang lấy dữ liệu: FRT
[2026-01-11T03:45:17.510+0000] {logging_mixin.py:188} INFO -  Lỗi xử lý mã FRT: Failed to fetch data: 429 - Too Many Requests
[2026-01-11T03:45:17.512+0000] {logging_mixin.py:188} INFO -  ⚠ Batch này không thu được dữ liệu nào.
[2026-01-11T03:45:17.515+0000] {datalake_df2csv.py:40} INFO - DataFrame rỗng, bỏ qua upload CSV.
[2026-01-11T03:45:17.516+0000] {taskinstance.py:441} INFO - ::group::Post task execution logs
[2026-01-11T03:45:17.533+0000] {taskinstance.py:1206} INFO - Marking task as SUCCESS. dag_id=bctc, task_id=ingest_bctc, run_id=manual__2026-01-11T03:43:48.138068+00:00, map_index=61, execution_date=20260111T034348, start_date=20260111T034508, end_date=20260111T034517
[2026-01-11T03:45:17.615+0000] {local_task_job_runner.py:243} INFO - Task exited with return code 0
[2026-01-11T03:45:17.632+0000] {local_task_job_runner.py:222} INFO - ::endgroup::
