[2026-01-11T13:02:16.398+0000] {local_task_job_runner.py:120} INFO - ::group::Pre task execution logs
[2026-01-11T13:02:16.417+0000] {taskinstance.py:2076} INFO - Dependencies all met for dep_context=non-requeueable deps ti=<TaskInstance: company_overview_to_minio.ingest_overview scheduled__2026-01-04T00:00:00+00:00 map_index=34 [queued]>
[2026-01-11T13:02:16.427+0000] {taskinstance.py:2076} INFO - Dependencies all met for dep_context=requeueable deps ti=<TaskInstance: company_overview_to_minio.ingest_overview scheduled__2026-01-04T00:00:00+00:00 map_index=34 [queued]>
[2026-01-11T13:02:16.427+0000] {taskinstance.py:2306} INFO - Starting attempt 1 of 2
[2026-01-11T13:02:16.439+0000] {taskinstance.py:2330} INFO - Executing <Mapped(DfToCsvOperator): ingest_overview> on 2026-01-04 00:00:00+00:00
[2026-01-11T13:02:16.449+0000] {warnings.py:112} WARNING - This process (pid=1935) is multi-threaded, use of fork() may lead to deadlocks in the child.

[2026-01-11T13:02:16.450+0000] {standard_task_runner.py:64} INFO - Started process 1948 to run task
[2026-01-11T13:02:16.451+0000] {standard_task_runner.py:90} INFO - Running: ['***', 'tasks', 'run', 'company_overview_to_minio', 'ingest_overview', 'scheduled__2026-01-04T00:00:00+00:00', '--job-id', '10488', '--raw', '--subdir', 'DAGS_FOLDER/company_overview_to_minio.py', '--cfg-path', '/tmp/tmpmuz7cfpj', '--map-index', '34']
[2026-01-11T13:02:16.453+0000] {standard_task_runner.py:91} INFO - Job 10488: Subtask ingest_overview
[2026-01-11T13:02:16.498+0000] {task_command.py:426} INFO - Running <TaskInstance: company_overview_to_minio.ingest_overview scheduled__2026-01-04T00:00:00+00:00 map_index=34 [running]> on host 09a10a568fe6
[2026-01-11T13:02:16.576+0000] {taskinstance.py:2648} INFO - Exporting env vars: AIRFLOW_CTX_DAG_OWNER='***' AIRFLOW_CTX_DAG_ID='company_overview_to_minio' AIRFLOW_CTX_TASK_ID='ingest_overview' AIRFLOW_CTX_EXECUTION_DATE='2026-01-04T00:00:00+00:00' AIRFLOW_CTX_TRY_NUMBER='1' AIRFLOW_CTX_DAG_RUN_ID='scheduled__2026-01-04T00:00:00+00:00'
[2026-01-11T13:02:16.577+0000] {taskinstance.py:430} INFO - ::endgroup::
[2026-01-11T13:02:18.149+0000] {warnings.py:112} WARNING - DataFrame.applymap has been deprecated. Use DataFrame.map instead.

[2026-01-11T13:02:20.226+0000] {warnings.py:112} WARNING - DataFrame.applymap has been deprecated. Use DataFrame.map instead.

[2026-01-11T13:02:21.542+0000] {warnings.py:112} WARNING - DataFrame.applymap has been deprecated. Use DataFrame.map instead.

[2026-01-11T13:02:22.897+0000] {warnings.py:112} WARNING - DataFrame.applymap has been deprecated. Use DataFrame.map instead.

[2026-01-11T13:02:24.124+0000] {warnings.py:112} WARNING - DataFrame.applymap has been deprecated. Use DataFrame.map instead.

[2026-01-11T13:02:25.366+0000] {warnings.py:112} WARNING - DataFrame.applymap has been deprecated. Use DataFrame.map instead.

[2026-01-11T13:02:27.613+0000] {warnings.py:112} WARNING - DataFrame.applymap has been deprecated. Use DataFrame.map instead.

[2026-01-11T13:02:28.941+0000] {warnings.py:112} WARNING - DataFrame.applymap has been deprecated. Use DataFrame.map instead.

[2026-01-11T13:02:30.644+0000] {warnings.py:112} WARNING - DataFrame.applymap has been deprecated. Use DataFrame.map instead.

[2026-01-11T13:02:31.965+0000] {warnings.py:112} WARNING - DataFrame.applymap has been deprecated. Use DataFrame.map instead.

[2026-01-11T13:02:34.541+0000] {warnings.py:112} WARNING - DataFrame.applymap has been deprecated. Use DataFrame.map instead.

[2026-01-11T13:02:35.783+0000] {warnings.py:112} WARNING - DataFrame.applymap has been deprecated. Use DataFrame.map instead.

[2026-01-11T13:02:37.153+0000] {warnings.py:112} WARNING - DataFrame.applymap has been deprecated. Use DataFrame.map instead.

[2026-01-11T13:02:38.657+0000] {warnings.py:112} WARNING - DataFrame.applymap has been deprecated. Use DataFrame.map instead.

[2026-01-11T13:02:40.287+0000] {warnings.py:112} WARNING - DataFrame.applymap has been deprecated. Use DataFrame.map instead.

[2026-01-11T13:02:41.807+0000] {warnings.py:112} WARNING - DataFrame.applymap has been deprecated. Use DataFrame.map instead.

[2026-01-11T13:02:43.569+0000] {warnings.py:112} WARNING - DataFrame.applymap has been deprecated. Use DataFrame.map instead.

[2026-01-11T13:02:44.814+0000] {warnings.py:112} WARNING - DataFrame.applymap has been deprecated. Use DataFrame.map instead.

[2026-01-11T13:02:46.149+0000] {warnings.py:112} WARNING - DataFrame.applymap has been deprecated. Use DataFrame.map instead.

[2026-01-11T13:02:47.446+0000] {warnings.py:112} WARNING - DataFrame.applymap has been deprecated. Use DataFrame.map instead.

[2026-01-11T13:02:48.475+0000] {base.py:84} INFO - Using connection ID 'minio_finance' for task execution.
[2026-01-11T13:02:48.476+0000] {connection_wrapper.py:384} INFO - AWS Connection (conn_id='minio_finance', conn_type='aws') credentials retrieved from login and password.
[2026-01-11T13:02:48.830+0000] {datalake_df2csv.py:52} INFO - ✅ Đã upload 20 dòng -> s3://thongtin-congty-va-bctc/overview/date=2026-01-04/batch_34.csv
[2026-01-11T13:02:48.831+0000] {taskinstance.py:441} INFO - ::group::Post task execution logs
[2026-01-11T13:02:48.841+0000] {taskinstance.py:1206} INFO - Marking task as SUCCESS. dag_id=company_overview_to_minio, task_id=ingest_overview, run_id=scheduled__2026-01-04T00:00:00+00:00, map_index=34, execution_date=20260104T000000, start_date=20260111T130216, end_date=20260111T130248
[2026-01-11T13:02:48.888+0000] {local_task_job_runner.py:243} INFO - Task exited with return code 0
[2026-01-11T13:02:48.917+0000] {taskinstance.py:3503} INFO - 0 downstream tasks scheduled from follow-on schedule check
[2026-01-11T13:02:48.919+0000] {local_task_job_runner.py:222} INFO - ::endgroup::
