[2025-12-31T14:42:58.395+0000] {local_task_job_runner.py:120} INFO - ::group::Pre task execution logs
[2025-12-31T14:42:58.443+0000] {taskinstance.py:2076} INFO - Dependencies all met for dep_context=non-requeueable deps ti=<TaskInstance: thongtin_cty_bctc.ingest_overview manual__2025-12-31T14:34:21.190447+00:00 map_index=71 [queued]>
[2025-12-31T14:42:58.476+0000] {taskinstance.py:2076} INFO - Dependencies all met for dep_context=requeueable deps ti=<TaskInstance: thongtin_cty_bctc.ingest_overview manual__2025-12-31T14:34:21.190447+00:00 map_index=71 [queued]>
[2025-12-31T14:42:58.477+0000] {taskinstance.py:2306} INFO - Starting attempt 1 of 2
[2025-12-31T14:42:58.495+0000] {taskinstance.py:2330} INFO - Executing <Mapped(DfToCsvOperator): ingest_overview> on 2025-12-31 14:34:21.190447+00:00
[2025-12-31T14:42:58.508+0000] {warnings.py:112} WARNING - This process (pid=6343) is multi-threaded, use of fork() may lead to deadlocks in the child.

[2025-12-31T14:42:58.510+0000] {standard_task_runner.py:64} INFO - Started process 6430 to run task
[2025-12-31T14:42:58.513+0000] {standard_task_runner.py:90} INFO - Running: ['***', 'tasks', 'run', 'thongtin_cty_bctc', 'ingest_overview', 'manual__2025-12-31T14:34:21.190447+00:00', '--job-id', '520', '--raw', '--subdir', 'DAGS_FOLDER/tt_cty_bctc.py', '--cfg-path', '/tmp/tmpriddt0a4', '--map-index', '71']
[2025-12-31T14:42:58.515+0000] {standard_task_runner.py:91} INFO - Job 520: Subtask ingest_overview
[2025-12-31T14:42:58.588+0000] {task_command.py:426} INFO - Running <TaskInstance: thongtin_cty_bctc.ingest_overview manual__2025-12-31T14:34:21.190447+00:00 map_index=71 [running]> on host 8bc7f11ea9a4
[2025-12-31T14:42:58.742+0000] {taskinstance.py:2648} INFO - Exporting env vars: AIRFLOW_CTX_DAG_OWNER='***' AIRFLOW_CTX_DAG_ID='thongtin_cty_bctc' AIRFLOW_CTX_TASK_ID='ingest_overview' AIRFLOW_CTX_EXECUTION_DATE='2025-12-31T14:34:21.190447+00:00' AIRFLOW_CTX_TRY_NUMBER='1' AIRFLOW_CTX_DAG_RUN_ID='manual__2025-12-31T14:34:21.190447+00:00'
[2025-12-31T14:42:58.744+0000] {taskinstance.py:430} INFO - ::endgroup::
[2025-12-31T14:42:58.875+0000] {logging_mixin.py:188} INFO - Err overview DAD: Failed to fetch data: 429 - Too Many Requests
[2025-12-31T14:42:59.014+0000] {logging_mixin.py:188} INFO - Err overview DAC: Failed to fetch data: 429 - Too Many Requests
[2025-12-31T14:42:59.137+0000] {logging_mixin.py:188} INFO - Err overview D2D: Failed to fetch data: 429 - Too Many Requests
[2025-12-31T14:42:59.242+0000] {logging_mixin.py:188} INFO - Err overview D17: Failed to fetch data: 429 - Too Many Requests
[2025-12-31T14:42:59.351+0000] {logging_mixin.py:188} INFO - Err overview D11: Failed to fetch data: 429 - Too Many Requests
[2025-12-31T14:42:59.457+0000] {logging_mixin.py:188} INFO - Err overview CYC: Failed to fetch data: 429 - Too Many Requests
[2025-12-31T14:42:59.569+0000] {logging_mixin.py:188} INFO - Err overview CX8: Failed to fetch data: 429 - Too Many Requests
[2025-12-31T14:42:59.676+0000] {logging_mixin.py:188} INFO - Err overview CVT: Failed to fetch data: 429 - Too Many Requests
[2025-12-31T14:42:59.795+0000] {logging_mixin.py:188} INFO - Err overview CVP: Failed to fetch data: 429 - Too Many Requests
[2025-12-31T14:43:21.134+0000] {logging_mixin.py:188} INFO - Err overview CVN: Failed to fetch data: 429 - Too Many Requests
[2025-12-31T14:43:21.311+0000] {logging_mixin.py:188} INFO - Err overview CTX: Failed to fetch data: 429 - Too Many Requests
[2025-12-31T14:43:21.446+0000] {logging_mixin.py:188} INFO - Err overview CTW: Failed to fetch data: 429 - Too Many Requests
[2025-12-31T14:43:21.626+0000] {logging_mixin.py:188} INFO - Err overview CTT: Failed to fetch data: 429 - Too Many Requests
[2025-12-31T14:43:21.841+0000] {logging_mixin.py:188} INFO - Err overview CTS: Failed to fetch data: 429 - Too Many Requests
[2025-12-31T14:43:21.976+0000] {logging_mixin.py:188} INFO - Err overview CTR: Failed to fetch data: 429 - Too Many Requests
[2025-12-31T14:43:22.354+0000] {logging_mixin.py:188} INFO - Err overview CTP: Failed to fetch data: 429 - Too Many Requests
[2025-12-31T14:43:22.551+0000] {logging_mixin.py:188} INFO - Err overview CTN: Failed to fetch data: 429 - Too Many Requests
[2025-12-31T14:43:22.683+0000] {logging_mixin.py:188} INFO - Err overview CTI: Failed to fetch data: 429 - Too Many Requests
[2025-12-31T14:43:43.879+0000] {logging_mixin.py:188} INFO - Err overview CTG: Failed to fetch data: 429 - Too Many Requests
[2025-12-31T14:43:43.995+0000] {logging_mixin.py:188} INFO - Err overview CTF: Failed to fetch data: 429 - Too Many Requests
[2025-12-31T14:43:43.999+0000] {datalake_df2csv.py:40} INFO - DataFrame rỗng, bỏ qua upload CSV.
[2025-12-31T14:43:44.000+0000] {taskinstance.py:441} INFO - ::group::Post task execution logs
[2025-12-31T14:43:44.222+0000] {taskinstance.py:1206} INFO - Marking task as SUCCESS. dag_id=thongtin_cty_bctc, task_id=ingest_overview, run_id=manual__2025-12-31T14:34:21.190447+00:00, map_index=71, execution_date=20251231T143421, start_date=20251231T144258, end_date=20251231T144344
[2025-12-31T14:43:44.270+0000] {local_task_job_runner.py:243} INFO - Task exited with return code 0
[2025-12-31T14:43:44.284+0000] {taskinstance.py:3503} INFO - 0 downstream tasks scheduled from follow-on schedule check
[2025-12-31T14:43:44.286+0000] {local_task_job_runner.py:222} INFO - ::endgroup::
