[2025-12-31T14:36:35.982+0000] {local_task_job_runner.py:120} INFO - ::group::Pre task execution logs
[2025-12-31T14:36:36.074+0000] {taskinstance.py:2076} INFO - Dependencies all met for dep_context=non-requeueable deps ti=<TaskInstance: thongtin_cty_bctc.ingest_bctc scheduled__2025-12-30T00:00:00+00:00 map_index=38 [queued]>
[2025-12-31T14:36:36.115+0000] {taskinstance.py:2076} INFO - Dependencies all met for dep_context=requeueable deps ti=<TaskInstance: thongtin_cty_bctc.ingest_bctc scheduled__2025-12-30T00:00:00+00:00 map_index=38 [queued]>
[2025-12-31T14:36:36.116+0000] {taskinstance.py:2306} INFO - Starting attempt 1 of 2
[2025-12-31T14:36:36.352+0000] {taskinstance.py:2330} INFO - Executing <Mapped(DfToCsvOperator): ingest_bctc> on 2025-12-30 00:00:00+00:00
[2025-12-31T14:36:36.367+0000] {warnings.py:112} WARNING - This process (pid=1891) is multi-threaded, use of fork() may lead to deadlocks in the child.

[2025-12-31T14:36:36.369+0000] {standard_task_runner.py:64} INFO - Started process 1966 to run task
[2025-12-31T14:36:36.373+0000] {standard_task_runner.py:90} INFO - Running: ['***', 'tasks', 'run', 'thongtin_cty_bctc', 'ingest_bctc', 'scheduled__2025-12-30T00:00:00+00:00', '--job-id', '122', '--raw', '--subdir', 'DAGS_FOLDER/tt_cty_bctc.py', '--cfg-path', '/tmp/tmprj4gg1pk', '--map-index', '38']
[2025-12-31T14:36:36.376+0000] {standard_task_runner.py:91} INFO - Job 122: Subtask ingest_bctc
[2025-12-31T14:36:36.464+0000] {task_command.py:426} INFO - Running <TaskInstance: thongtin_cty_bctc.ingest_bctc scheduled__2025-12-30T00:00:00+00:00 map_index=38 [running]> on host 8bc7f11ea9a4
[2025-12-31T14:36:36.656+0000] {taskinstance.py:2648} INFO - Exporting env vars: AIRFLOW_CTX_DAG_OWNER='***' AIRFLOW_CTX_DAG_ID='thongtin_cty_bctc' AIRFLOW_CTX_TASK_ID='ingest_bctc' AIRFLOW_CTX_EXECUTION_DATE='2025-12-30T00:00:00+00:00' AIRFLOW_CTX_TRY_NUMBER='1' AIRFLOW_CTX_DAG_RUN_ID='scheduled__2025-12-30T00:00:00+00:00'
[2025-12-31T14:36:36.660+0000] {taskinstance.py:430} INFO - ::endgroup::
[2025-12-31T14:36:36.678+0000] {logging_mixin.py:188} INFO - Bắt đầu xử lý batch 20 mã: ['NTL', 'NTH', 'NTF', 'NTC', 'NTB', 'NT2', 'NST', 'NSS', 'NSL', 'NSH', 'NSG', 'NSC', 'NS3', 'NS2', 'NRC', 'NQT', 'NQN', 'NQB', 'NOS', 'NO1']
[2025-12-31T14:36:36.679+0000] {logging_mixin.py:188} INFO -  >> Đang lấy dữ liệu: NTL
[2025-12-31T14:36:36.886+0000] {logging_mixin.py:188} INFO -  Lỗi xử lý mã NTL: Failed to fetch data: 429 - Too Many Requests
[2025-12-31T14:36:36.888+0000] {logging_mixin.py:188} INFO -  >> Đang lấy dữ liệu: NTH
[2025-12-31T14:36:37.031+0000] {logging_mixin.py:188} INFO -  Lỗi xử lý mã NTH: Failed to fetch data: 429 - Too Many Requests
[2025-12-31T14:36:37.032+0000] {logging_mixin.py:188} INFO -  >> Đang lấy dữ liệu: NTF
[2025-12-31T14:36:37.376+0000] {logging_mixin.py:188} INFO -  Lỗi xử lý mã NTF: Failed to fetch data: 429 - Too Many Requests
[2025-12-31T14:36:37.378+0000] {logging_mixin.py:188} INFO -  >> Đang lấy dữ liệu: NTC
[2025-12-31T14:36:37.571+0000] {logging_mixin.py:188} INFO -  Lỗi xử lý mã NTC: Failed to fetch data: 429 - Too Many Requests
[2025-12-31T14:36:37.572+0000] {logging_mixin.py:188} INFO -  >> Đang lấy dữ liệu: NTB
[2025-12-31T14:36:37.715+0000] {logging_mixin.py:188} INFO -  Lỗi xử lý mã NTB: Failed to fetch data: 429 - Too Many Requests
[2025-12-31T14:36:37.716+0000] {logging_mixin.py:188} INFO -  >> Đang lấy dữ liệu: NT2
[2025-12-31T14:36:37.876+0000] {logging_mixin.py:188} INFO -  Lỗi xử lý mã NT2: Failed to fetch data: 429 - Too Many Requests
[2025-12-31T14:36:37.880+0000] {logging_mixin.py:188} INFO -  >> Đang lấy dữ liệu: NST
[2025-12-31T14:36:38.063+0000] {logging_mixin.py:188} INFO -  Lỗi xử lý mã NST: Failed to fetch data: 429 - Too Many Requests
[2025-12-31T14:36:38.065+0000] {logging_mixin.py:188} INFO -  >> Đang lấy dữ liệu: NSS
[2025-12-31T14:36:38.250+0000] {logging_mixin.py:188} INFO -  Lỗi xử lý mã NSS: Failed to fetch data: 429 - Too Many Requests
[2025-12-31T14:36:38.251+0000] {logging_mixin.py:188} INFO -  >> Đang lấy dữ liệu: NSL
[2025-12-31T14:36:38.410+0000] {logging_mixin.py:188} INFO -  Lỗi xử lý mã NSL: Failed to fetch data: 429 - Too Many Requests
[2025-12-31T14:36:38.411+0000] {logging_mixin.py:188} INFO -  >> Đang lấy dữ liệu: NSH
[2025-12-31T14:36:38.549+0000] {logging_mixin.py:188} INFO -  Lỗi xử lý mã NSH: Failed to fetch data: 429 - Too Many Requests
[2025-12-31T14:36:38.550+0000] {logging_mixin.py:188} INFO -  >> Đang lấy dữ liệu: NSG
[2025-12-31T14:36:38.704+0000] {logging_mixin.py:188} INFO -  Lỗi xử lý mã NSG: Failed to fetch data: 429 - Too Many Requests
[2025-12-31T14:36:38.705+0000] {logging_mixin.py:188} INFO -  >> Đang lấy dữ liệu: NSC
[2025-12-31T14:36:38.871+0000] {logging_mixin.py:188} INFO -  Lỗi xử lý mã NSC: Failed to fetch data: 429 - Too Many Requests
[2025-12-31T14:36:38.872+0000] {logging_mixin.py:188} INFO -  >> Đang lấy dữ liệu: NS3
[2025-12-31T14:36:39.050+0000] {logging_mixin.py:188} INFO -  Lỗi xử lý mã NS3: Failed to fetch data: 429 - Too Many Requests
[2025-12-31T14:36:39.051+0000] {logging_mixin.py:188} INFO -  >> Đang lấy dữ liệu: NS2
[2025-12-31T14:36:39.204+0000] {logging_mixin.py:188} INFO -  Lỗi xử lý mã NS2: Failed to fetch data: 429 - Too Many Requests
[2025-12-31T14:36:39.205+0000] {logging_mixin.py:188} INFO -  >> Đang lấy dữ liệu: NRC
[2025-12-31T14:36:39.370+0000] {logging_mixin.py:188} INFO -  Lỗi xử lý mã NRC: Failed to fetch data: 429 - Too Many Requests
[2025-12-31T14:36:39.371+0000] {logging_mixin.py:188} INFO -  >> Đang lấy dữ liệu: NQT
[2025-12-31T14:36:39.521+0000] {logging_mixin.py:188} INFO -  Lỗi xử lý mã NQT: Failed to fetch data: 429 - Too Many Requests
[2025-12-31T14:36:39.523+0000] {logging_mixin.py:188} INFO -  >> Đang lấy dữ liệu: NQN
[2025-12-31T14:36:39.714+0000] {logging_mixin.py:188} INFO -  Lỗi xử lý mã NQN: Failed to fetch data: 429 - Too Many Requests
[2025-12-31T14:36:39.715+0000] {logging_mixin.py:188} INFO -  >> Đang lấy dữ liệu: NQB
[2025-12-31T14:36:40.092+0000] {logging_mixin.py:188} INFO -  Lỗi xử lý mã NQB: Failed to fetch data: 429 - Too Many Requests
[2025-12-31T14:36:40.093+0000] {logging_mixin.py:188} INFO -  >> Đang lấy dữ liệu: NOS
[2025-12-31T14:36:40.305+0000] {logging_mixin.py:188} INFO -  Lỗi xử lý mã NOS: Failed to fetch data: 429 - Too Many Requests
[2025-12-31T14:36:40.306+0000] {logging_mixin.py:188} INFO -  >> Đang lấy dữ liệu: NO1
[2025-12-31T14:36:40.538+0000] {logging_mixin.py:188} INFO -  Lỗi xử lý mã NO1: Failed to fetch data: 429 - Too Many Requests
[2025-12-31T14:36:40.541+0000] {logging_mixin.py:188} INFO -  ⚠ Batch này không thu được dữ liệu nào.
[2025-12-31T14:36:40.546+0000] {datalake_df2csv.py:40} INFO - DataFrame rỗng, bỏ qua upload CSV.
[2025-12-31T14:36:40.547+0000] {taskinstance.py:441} INFO - ::group::Post task execution logs
[2025-12-31T14:36:40.569+0000] {taskinstance.py:1206} INFO - Marking task as SUCCESS. dag_id=thongtin_cty_bctc, task_id=ingest_bctc, run_id=scheduled__2025-12-30T00:00:00+00:00, map_index=38, execution_date=20251230T000000, start_date=20251231T143636, end_date=20251231T143640
[2025-12-31T14:36:40.646+0000] {local_task_job_runner.py:243} INFO - Task exited with return code 0
[2025-12-31T14:36:40.672+0000] {taskinstance.py:3503} INFO - 0 downstream tasks scheduled from follow-on schedule check
[2025-12-31T14:36:40.676+0000] {local_task_job_runner.py:222} INFO - ::endgroup::
