[2026-01-11T03:53:15.955+0000] {local_task_job_runner.py:120} INFO - ::group::Pre task execution logs
[2026-01-11T03:53:15.999+0000] {taskinstance.py:2076} INFO - Dependencies all met for dep_context=non-requeueable deps ti=<TaskInstance: bctc.ingest_bctc manual__2026-01-11T03:52:02+00:00 map_index=50 [queued]>
[2026-01-11T03:53:16.019+0000] {taskinstance.py:2076} INFO - Dependencies all met for dep_context=requeueable deps ti=<TaskInstance: bctc.ingest_bctc manual__2026-01-11T03:52:02+00:00 map_index=50 [queued]>
[2026-01-11T03:53:16.020+0000] {taskinstance.py:2306} INFO - Starting attempt 1 of 2
[2026-01-11T03:53:16.044+0000] {taskinstance.py:2330} INFO - Executing <Mapped(DfToCsvOperator): ingest_bctc> on 2026-01-11 03:52:02+00:00
[2026-01-11T03:53:16.059+0000] {warnings.py:112} WARNING - This process (pid=676) is multi-threaded, use of fork() may lead to deadlocks in the child.

[2026-01-11T03:53:16.064+0000] {standard_task_runner.py:64} INFO - Started process 724 to run task
[2026-01-11T03:53:16.064+0000] {standard_task_runner.py:90} INFO - Running: ['***', 'tasks', 'run', 'bctc', 'ingest_bctc', 'manual__2026-01-11T03:52:02+00:00', '--job-id', '10146', '--raw', '--subdir', 'DAGS_FOLDER/tt_cty_bctc.py', '--cfg-path', '/tmp/tmpmsmlxdt5', '--map-index', '50']
[2026-01-11T03:53:16.067+0000] {standard_task_runner.py:91} INFO - Job 10146: Subtask ingest_bctc
[2026-01-11T03:53:16.147+0000] {task_command.py:426} INFO - Running <TaskInstance: bctc.ingest_bctc manual__2026-01-11T03:52:02+00:00 map_index=50 [running]> on host 3f2af93df813
[2026-01-11T03:53:16.375+0000] {taskinstance.py:2648} INFO - Exporting env vars: AIRFLOW_CTX_DAG_OWNER='***' AIRFLOW_CTX_DAG_ID='bctc' AIRFLOW_CTX_TASK_ID='ingest_bctc' AIRFLOW_CTX_EXECUTION_DATE='2026-01-11T03:52:02+00:00' AIRFLOW_CTX_TRY_NUMBER='1' AIRFLOW_CTX_DAG_RUN_ID='manual__2026-01-11T03:52:02+00:00'
[2026-01-11T03:53:16.380+0000] {taskinstance.py:430} INFO - ::endgroup::
[2026-01-11T03:53:16.398+0000] {logging_mixin.py:188} INFO - Bắt đầu xử lý batch 20 mã: ['ITS', 'ITQ', 'ITD', 'ITC', 'ITA', 'IST', 'ISH', 'ISG', 'IRC', 'IPH', 'IPA', 'INN', 'ING', 'INC', 'IN4', 'IMP', 'IME', 'ILS', 'ILC', 'ILB']
[2026-01-11T03:53:16.399+0000] {logging_mixin.py:188} INFO -  >> Đang lấy dữ liệu: ITS
[2026-01-11T03:53:16.793+0000] {logging_mixin.py:188} INFO -  Lỗi xử lý mã ITS: Failed to fetch data: 429 - Too Many Requests
[2026-01-11T03:53:16.795+0000] {logging_mixin.py:188} INFO -  >> Đang lấy dữ liệu: ITQ
[2026-01-11T03:53:17.245+0000] {logging_mixin.py:188} INFO -  Lỗi xử lý mã ITQ: Failed to fetch data: 429 - Too Many Requests
[2026-01-11T03:53:17.247+0000] {logging_mixin.py:188} INFO -  >> Đang lấy dữ liệu: ITD
[2026-01-11T03:53:17.793+0000] {logging_mixin.py:188} INFO -  Lỗi xử lý mã ITD: Failed to fetch data: 429 - Too Many Requests
[2026-01-11T03:53:17.794+0000] {logging_mixin.py:188} INFO -  >> Đang lấy dữ liệu: ITC
[2026-01-11T03:53:17.980+0000] {logging_mixin.py:188} INFO -  Lỗi xử lý mã ITC: Failed to fetch data: 429 - Too Many Requests
[2026-01-11T03:53:17.981+0000] {logging_mixin.py:188} INFO -  >> Đang lấy dữ liệu: ITA
[2026-01-11T03:53:18.182+0000] {logging_mixin.py:188} INFO -  Lỗi xử lý mã ITA: Failed to fetch data: 429 - Too Many Requests
[2026-01-11T03:53:18.183+0000] {logging_mixin.py:188} INFO -  >> Đang lấy dữ liệu: IST
[2026-01-11T03:53:18.318+0000] {logging_mixin.py:188} INFO -  Lỗi xử lý mã IST: Failed to fetch data: 429 - Too Many Requests
[2026-01-11T03:53:18.319+0000] {logging_mixin.py:188} INFO -  >> Đang lấy dữ liệu: ISH
[2026-01-11T03:53:18.464+0000] {logging_mixin.py:188} INFO -  Lỗi xử lý mã ISH: Failed to fetch data: 429 - Too Many Requests
[2026-01-11T03:53:18.468+0000] {logging_mixin.py:188} INFO -  >> Đang lấy dữ liệu: ISG
[2026-01-11T03:53:18.730+0000] {logging_mixin.py:188} INFO -  Lỗi xử lý mã ISG: Failed to fetch data: 429 - Too Many Requests
[2026-01-11T03:53:18.732+0000] {logging_mixin.py:188} INFO -  >> Đang lấy dữ liệu: IRC
[2026-01-11T03:53:24.021+0000] {logging_mixin.py:188} INFO -  Lỗi xử lý mã IRC: Failed to fetch data: 429 - Too Many Requests
[2026-01-11T03:53:24.024+0000] {logging_mixin.py:188} INFO -  >> Đang lấy dữ liệu: IPH
[2026-01-11T03:53:24.438+0000] {logging_mixin.py:188} INFO -  Lỗi xử lý mã IPH: Failed to fetch data: 429 - Too Many Requests
[2026-01-11T03:53:24.439+0000] {logging_mixin.py:188} INFO -  >> Đang lấy dữ liệu: IPA
[2026-01-11T03:53:24.913+0000] {logging_mixin.py:188} INFO -  Lỗi xử lý mã IPA: Failed to fetch data: 429 - Too Many Requests
[2026-01-11T03:53:24.914+0000] {logging_mixin.py:188} INFO -  >> Đang lấy dữ liệu: INN
[2026-01-11T03:53:25.973+0000] {logging_mixin.py:188} INFO -  Lỗi xử lý mã INN: Failed to fetch data: 429 - Too Many Requests
[2026-01-11T03:53:25.974+0000] {logging_mixin.py:188} INFO -  >> Đang lấy dữ liệu: ING
[2026-01-11T03:53:26.097+0000] {logging_mixin.py:188} INFO -  Lỗi xử lý mã ING: Failed to fetch data: 429 - Too Many Requests
[2026-01-11T03:53:26.098+0000] {logging_mixin.py:188} INFO -  >> Đang lấy dữ liệu: INC
[2026-01-11T03:53:26.878+0000] {logging_mixin.py:188} INFO -  Lỗi xử lý mã INC: Failed to fetch data: 429 - Too Many Requests
[2026-01-11T03:53:26.879+0000] {logging_mixin.py:188} INFO -  >> Đang lấy dữ liệu: IN4
[2026-01-11T03:53:27.013+0000] {logging_mixin.py:188} INFO -  Lỗi xử lý mã IN4: Failed to fetch data: 429 - Too Many Requests
[2026-01-11T03:53:27.014+0000] {logging_mixin.py:188} INFO -  >> Đang lấy dữ liệu: IMP
[2026-01-11T03:53:28.874+0000] {logging_mixin.py:188} INFO -  Lỗi xử lý mã IMP: Failed to fetch data: 429 - Too Many Requests
[2026-01-11T03:53:28.876+0000] {logging_mixin.py:188} INFO -  >> Đang lấy dữ liệu: IME
[2026-01-11T03:53:29.033+0000] {logging_mixin.py:188} INFO -  Lỗi xử lý mã IME: Failed to fetch data: 429 - Too Many Requests
[2026-01-11T03:53:29.036+0000] {logging_mixin.py:188} INFO -  >> Đang lấy dữ liệu: ILS
[2026-01-11T03:53:29.340+0000] {logging_mixin.py:188} INFO -  Lỗi xử lý mã ILS: Failed to fetch data: 429 - Too Many Requests
[2026-01-11T03:53:29.341+0000] {logging_mixin.py:188} INFO -  >> Đang lấy dữ liệu: ILC
[2026-01-11T03:53:29.538+0000] {logging_mixin.py:188} INFO -  Lỗi xử lý mã ILC: Failed to fetch data: 429 - Too Many Requests
[2026-01-11T03:53:29.539+0000] {logging_mixin.py:188} INFO -  >> Đang lấy dữ liệu: ILB
[2026-01-11T03:53:29.675+0000] {logging_mixin.py:188} INFO -  Lỗi xử lý mã ILB: Failed to fetch data: 429 - Too Many Requests
[2026-01-11T03:53:29.676+0000] {logging_mixin.py:188} INFO -  ⚠ Batch này không thu được dữ liệu nào.
[2026-01-11T03:53:29.684+0000] {datalake_df2csv.py:40} INFO - DataFrame rỗng, bỏ qua upload CSV.
[2026-01-11T03:53:29.685+0000] {taskinstance.py:441} INFO - ::group::Post task execution logs
[2026-01-11T03:53:29.700+0000] {taskinstance.py:1206} INFO - Marking task as SUCCESS. dag_id=bctc, task_id=ingest_bctc, run_id=manual__2026-01-11T03:52:02+00:00, map_index=50, execution_date=20260111T035202, start_date=20260111T035316, end_date=20260111T035329
[2026-01-11T03:53:29.738+0000] {local_task_job_runner.py:243} INFO - Task exited with return code 0
[2026-01-11T03:53:29.749+0000] {local_task_job_runner.py:222} INFO - ::endgroup::
