[2025-12-31T14:40:31.684+0000] {local_task_job_runner.py:120} INFO - ::group::Pre task execution logs
[2025-12-31T14:40:31.740+0000] {taskinstance.py:2076} INFO - Dependencies all met for dep_context=non-requeueable deps ti=<TaskInstance: thongtin_cty_bctc.ingest_bctc scheduled__2025-12-30T00:00:00+00:00 map_index=7 [queued]>
[2025-12-31T14:40:31.776+0000] {taskinstance.py:2076} INFO - Dependencies all met for dep_context=requeueable deps ti=<TaskInstance: thongtin_cty_bctc.ingest_bctc scheduled__2025-12-30T00:00:00+00:00 map_index=7 [queued]>
[2025-12-31T14:40:31.776+0000] {taskinstance.py:2306} INFO - Starting attempt 2 of 2
[2025-12-31T14:40:31.797+0000] {taskinstance.py:2330} INFO - Executing <Mapped(DfToCsvOperator): ingest_bctc> on 2025-12-30 00:00:00+00:00
[2025-12-31T14:40:31.810+0000] {warnings.py:112} WARNING - This process (pid=4648) is multi-threaded, use of fork() may lead to deadlocks in the child.

[2025-12-31T14:40:31.812+0000] {standard_task_runner.py:64} INFO - Started process 4693 to run task
[2025-12-31T14:40:31.815+0000] {standard_task_runner.py:90} INFO - Running: ['***', 'tasks', 'run', 'thongtin_cty_bctc', 'ingest_bctc', 'scheduled__2025-12-30T00:00:00+00:00', '--job-id', '368', '--raw', '--subdir', 'DAGS_FOLDER/tt_cty_bctc.py', '--cfg-path', '/tmp/tmp9mkrbdy3', '--map-index', '7']
[2025-12-31T14:40:31.817+0000] {standard_task_runner.py:91} INFO - Job 368: Subtask ingest_bctc
[2025-12-31T14:40:31.890+0000] {task_command.py:426} INFO - Running <TaskInstance: thongtin_cty_bctc.ingest_bctc scheduled__2025-12-30T00:00:00+00:00 map_index=7 [running]> on host 8bc7f11ea9a4
[2025-12-31T14:40:32.016+0000] {taskinstance.py:2648} INFO - Exporting env vars: AIRFLOW_CTX_DAG_OWNER='***' AIRFLOW_CTX_DAG_ID='thongtin_cty_bctc' AIRFLOW_CTX_TASK_ID='ingest_bctc' AIRFLOW_CTX_EXECUTION_DATE='2025-12-30T00:00:00+00:00' AIRFLOW_CTX_TRY_NUMBER='2' AIRFLOW_CTX_DAG_RUN_ID='scheduled__2025-12-30T00:00:00+00:00'
[2025-12-31T14:40:32.018+0000] {taskinstance.py:430} INFO - ::endgroup::
[2025-12-31T14:40:32.030+0000] {logging_mixin.py:188} INFO - Bắt đầu xử lý batch 20 mã: ['VGS', 'VGR', 'VGP', 'VGL', 'VGI', 'VGG', 'VGC', 'VFS', 'VFR', 'VFG', 'VFC', 'VET', 'VES', 'VEF', 'VEC', 'VEA', 'VE9', 'VE8', 'VE4', 'VE3']
[2025-12-31T14:40:32.031+0000] {logging_mixin.py:188} INFO -  >> Đang lấy dữ liệu: VGS
[2025-12-31T14:40:32.183+0000] {logging_mixin.py:188} INFO -  Lỗi xử lý mã VGS: Failed to fetch data: 429 - Too Many Requests
[2025-12-31T14:40:32.184+0000] {logging_mixin.py:188} INFO -  >> Đang lấy dữ liệu: VGR
[2025-12-31T14:40:32.306+0000] {logging_mixin.py:188} INFO -  Lỗi xử lý mã VGR: Failed to fetch data: 429 - Too Many Requests
[2025-12-31T14:40:32.307+0000] {logging_mixin.py:188} INFO -  >> Đang lấy dữ liệu: VGP
[2025-12-31T14:40:32.426+0000] {logging_mixin.py:188} INFO -  Lỗi xử lý mã VGP: Failed to fetch data: 429 - Too Many Requests
[2025-12-31T14:40:32.427+0000] {logging_mixin.py:188} INFO -  >> Đang lấy dữ liệu: VGL
[2025-12-31T14:40:32.570+0000] {logging_mixin.py:188} INFO -  Lỗi xử lý mã VGL: Failed to fetch data: 429 - Too Many Requests
[2025-12-31T14:40:32.573+0000] {logging_mixin.py:188} INFO -  >> Đang lấy dữ liệu: VGI
[2025-12-31T14:40:32.729+0000] {logging_mixin.py:188} INFO -  Lỗi xử lý mã VGI: Failed to fetch data: 429 - Too Many Requests
[2025-12-31T14:40:32.730+0000] {logging_mixin.py:188} INFO -  >> Đang lấy dữ liệu: VGG
[2025-12-31T14:40:32.855+0000] {logging_mixin.py:188} INFO -  Lỗi xử lý mã VGG: Failed to fetch data: 429 - Too Many Requests
[2025-12-31T14:40:32.857+0000] {logging_mixin.py:188} INFO -  >> Đang lấy dữ liệu: VGC
[2025-12-31T14:40:32.975+0000] {logging_mixin.py:188} INFO -  Lỗi xử lý mã VGC: Failed to fetch data: 429 - Too Many Requests
[2025-12-31T14:40:32.976+0000] {logging_mixin.py:188} INFO -  >> Đang lấy dữ liệu: VFS
[2025-12-31T14:40:33.081+0000] {logging_mixin.py:188} INFO -  Lỗi xử lý mã VFS: Failed to fetch data: 429 - Too Many Requests
[2025-12-31T14:40:33.082+0000] {logging_mixin.py:188} INFO -  >> Đang lấy dữ liệu: VFR
[2025-12-31T14:40:33.190+0000] {logging_mixin.py:188} INFO -  Lỗi xử lý mã VFR: Failed to fetch data: 429 - Too Many Requests
[2025-12-31T14:40:33.191+0000] {logging_mixin.py:188} INFO -  >> Đang lấy dữ liệu: VFG
[2025-12-31T14:40:33.299+0000] {logging_mixin.py:188} INFO -  Lỗi xử lý mã VFG: Failed to fetch data: 429 - Too Many Requests
[2025-12-31T14:40:33.300+0000] {logging_mixin.py:188} INFO -  >> Đang lấy dữ liệu: VFC
[2025-12-31T14:40:33.421+0000] {logging_mixin.py:188} INFO -  Lỗi xử lý mã VFC: Failed to fetch data: 429 - Too Many Requests
[2025-12-31T14:40:33.422+0000] {logging_mixin.py:188} INFO -  >> Đang lấy dữ liệu: VET
[2025-12-31T14:40:33.592+0000] {logging_mixin.py:188} INFO -  Lỗi xử lý mã VET: Failed to fetch data: 429 - Too Many Requests
[2025-12-31T14:40:33.594+0000] {logging_mixin.py:188} INFO -  >> Đang lấy dữ liệu: VES
[2025-12-31T14:40:33.715+0000] {logging_mixin.py:188} INFO -  Lỗi xử lý mã VES: Failed to fetch data: 429 - Too Many Requests
[2025-12-31T14:40:33.716+0000] {logging_mixin.py:188} INFO -  >> Đang lấy dữ liệu: VEF
[2025-12-31T14:40:33.840+0000] {logging_mixin.py:188} INFO -  Lỗi xử lý mã VEF: Failed to fetch data: 429 - Too Many Requests
[2025-12-31T14:40:33.841+0000] {logging_mixin.py:188} INFO -  >> Đang lấy dữ liệu: VEC
[2025-12-31T14:40:33.950+0000] {logging_mixin.py:188} INFO -  Lỗi xử lý mã VEC: Failed to fetch data: 429 - Too Many Requests
[2025-12-31T14:40:33.951+0000] {logging_mixin.py:188} INFO -  >> Đang lấy dữ liệu: VEA
[2025-12-31T14:40:34.073+0000] {logging_mixin.py:188} INFO -  Lỗi xử lý mã VEA: Failed to fetch data: 429 - Too Many Requests
[2025-12-31T14:40:34.074+0000] {logging_mixin.py:188} INFO -  >> Đang lấy dữ liệu: VE9
[2025-12-31T14:40:34.184+0000] {logging_mixin.py:188} INFO -  Lỗi xử lý mã VE9: Failed to fetch data: 429 - Too Many Requests
[2025-12-31T14:40:34.185+0000] {logging_mixin.py:188} INFO -  >> Đang lấy dữ liệu: VE8
[2025-12-31T14:40:34.300+0000] {logging_mixin.py:188} INFO -  Lỗi xử lý mã VE8: Failed to fetch data: 429 - Too Many Requests
[2025-12-31T14:40:34.301+0000] {logging_mixin.py:188} INFO -  >> Đang lấy dữ liệu: VE4
[2025-12-31T14:40:34.436+0000] {logging_mixin.py:188} INFO -  Lỗi xử lý mã VE4: Failed to fetch data: 429 - Too Many Requests
[2025-12-31T14:40:34.437+0000] {logging_mixin.py:188} INFO -  >> Đang lấy dữ liệu: VE3
[2025-12-31T14:40:34.555+0000] {logging_mixin.py:188} INFO -  Lỗi xử lý mã VE3: Failed to fetch data: 429 - Too Many Requests
[2025-12-31T14:40:34.556+0000] {logging_mixin.py:188} INFO -  ⚠ Batch này không thu được dữ liệu nào.
[2025-12-31T14:40:34.561+0000] {datalake_df2csv.py:40} INFO - DataFrame rỗng, bỏ qua upload CSV.
[2025-12-31T14:40:34.561+0000] {taskinstance.py:441} INFO - ::group::Post task execution logs
[2025-12-31T14:40:34.571+0000] {taskinstance.py:1206} INFO - Marking task as SUCCESS. dag_id=thongtin_cty_bctc, task_id=ingest_bctc, run_id=scheduled__2025-12-30T00:00:00+00:00, map_index=7, execution_date=20251230T000000, start_date=20251231T144031, end_date=20251231T144034
[2025-12-31T14:40:34.878+0000] {local_task_job_runner.py:243} INFO - Task exited with return code 0
[2025-12-31T14:40:34.896+0000] {taskinstance.py:3503} INFO - 0 downstream tasks scheduled from follow-on schedule check
[2025-12-31T14:40:34.898+0000] {local_task_job_runner.py:222} INFO - ::endgroup::
