[2026-01-01T02:34:38.801+0000] {local_task_job_runner.py:120} INFO - ::group::Pre task execution logs
[2026-01-01T02:34:38.909+0000] {taskinstance.py:2076} INFO - Dependencies all met for dep_context=non-requeueable deps ti=<TaskInstance: thongtin_cty_bctc.ingest_bctc scheduled__2025-12-30T00:00:00+00:00 map_index=7 [queued]>
[2026-01-01T02:34:38.949+0000] {taskinstance.py:2076} INFO - Dependencies all met for dep_context=requeueable deps ti=<TaskInstance: thongtin_cty_bctc.ingest_bctc scheduled__2025-12-30T00:00:00+00:00 map_index=7 [queued]>
[2026-01-01T02:34:38.950+0000] {taskinstance.py:2306} INFO - Starting attempt 3 of 4
[2026-01-01T02:34:39.028+0000] {taskinstance.py:2330} INFO - Executing <Mapped(DfToCsvOperator): ingest_bctc> on 2025-12-30 00:00:00+00:00
[2026-01-01T02:34:39.070+0000] {warnings.py:112} WARNING - This process (pid=14915) is multi-threaded, use of fork() may lead to deadlocks in the child.

[2026-01-01T02:34:39.076+0000] {standard_task_runner.py:90} INFO - Running: ['***', 'tasks', 'run', 'thongtin_cty_bctc', 'ingest_bctc', 'scheduled__2025-12-30T00:00:00+00:00', '--job-id', '1896', '--raw', '--subdir', 'DAGS_FOLDER/tt_cty_bctc.py', '--cfg-path', '/tmp/tmpyj8otdga', '--map-index', '7']
[2026-01-01T02:34:39.080+0000] {standard_task_runner.py:91} INFO - Job 1896: Subtask ingest_bctc
[2026-01-01T02:34:39.076+0000] {standard_task_runner.py:64} INFO - Started process 15072 to run task
[2026-01-01T02:34:39.202+0000] {task_command.py:426} INFO - Running <TaskInstance: thongtin_cty_bctc.ingest_bctc scheduled__2025-12-30T00:00:00+00:00 map_index=7 [running]> on host 43b0a0f7606b
[2026-01-01T02:34:39.512+0000] {taskinstance.py:2648} INFO - Exporting env vars: AIRFLOW_CTX_DAG_OWNER='***' AIRFLOW_CTX_DAG_ID='thongtin_cty_bctc' AIRFLOW_CTX_TASK_ID='ingest_bctc' AIRFLOW_CTX_EXECUTION_DATE='2025-12-30T00:00:00+00:00' AIRFLOW_CTX_TRY_NUMBER='3' AIRFLOW_CTX_DAG_RUN_ID='scheduled__2025-12-30T00:00:00+00:00'
[2026-01-01T02:34:39.518+0000] {taskinstance.py:430} INFO - ::endgroup::
[2026-01-01T02:34:39.551+0000] {logging_mixin.py:188} INFO - Bắt đầu xử lý batch 20 mã: ['VGS', 'VGR', 'VGP', 'VGL', 'VGI', 'VGG', 'VGC', 'VFS', 'VFR', 'VFG', 'VFC', 'VET', 'VES', 'VEF', 'VEC', 'VEA', 'VE9', 'VE8', 'VE4', 'VE3']
[2026-01-01T02:34:39.552+0000] {logging_mixin.py:188} INFO -  >> Đang lấy dữ liệu: VGS
[2026-01-01T02:34:39.768+0000] {logging_mixin.py:188} INFO -  Lỗi xử lý mã VGS: Failed to fetch data: 429 - Too Many Requests
[2026-01-01T02:34:39.768+0000] {logging_mixin.py:188} INFO -  >> Đang lấy dữ liệu: VGR
[2026-01-01T02:34:39.897+0000] {logging_mixin.py:188} INFO -  Lỗi xử lý mã VGR: Failed to fetch data: 429 - Too Many Requests
[2026-01-01T02:34:39.899+0000] {logging_mixin.py:188} INFO -  >> Đang lấy dữ liệu: VGP
[2026-01-01T02:34:40.043+0000] {logging_mixin.py:188} INFO -  Lỗi xử lý mã VGP: Failed to fetch data: 429 - Too Many Requests
[2026-01-01T02:34:40.044+0000] {logging_mixin.py:188} INFO -  >> Đang lấy dữ liệu: VGL
[2026-01-01T02:34:40.174+0000] {logging_mixin.py:188} INFO -  Lỗi xử lý mã VGL: Failed to fetch data: 429 - Too Many Requests
[2026-01-01T02:34:40.175+0000] {logging_mixin.py:188} INFO -  >> Đang lấy dữ liệu: VGI
[2026-01-01T02:34:40.315+0000] {logging_mixin.py:188} INFO -  Lỗi xử lý mã VGI: Failed to fetch data: 429 - Too Many Requests
[2026-01-01T02:34:40.316+0000] {logging_mixin.py:188} INFO -  >> Đang lấy dữ liệu: VGG
[2026-01-01T02:34:40.463+0000] {logging_mixin.py:188} INFO -  Lỗi xử lý mã VGG: Failed to fetch data: 429 - Too Many Requests
[2026-01-01T02:34:40.464+0000] {logging_mixin.py:188} INFO -  >> Đang lấy dữ liệu: VGC
[2026-01-01T02:34:40.631+0000] {logging_mixin.py:188} INFO -  Lỗi xử lý mã VGC: Failed to fetch data: 429 - Too Many Requests
[2026-01-01T02:34:40.632+0000] {logging_mixin.py:188} INFO -  >> Đang lấy dữ liệu: VFS
[2026-01-01T02:34:40.784+0000] {logging_mixin.py:188} INFO -  Lỗi xử lý mã VFS: Failed to fetch data: 429 - Too Many Requests
[2026-01-01T02:34:40.785+0000] {logging_mixin.py:188} INFO -  >> Đang lấy dữ liệu: VFR
[2026-01-01T02:34:40.964+0000] {logging_mixin.py:188} INFO -  Lỗi xử lý mã VFR: Failed to fetch data: 429 - Too Many Requests
[2026-01-01T02:34:40.965+0000] {logging_mixin.py:188} INFO -  >> Đang lấy dữ liệu: VFG
[2026-01-01T02:34:41.110+0000] {logging_mixin.py:188} INFO -  Lỗi xử lý mã VFG: Failed to fetch data: 429 - Too Many Requests
[2026-01-01T02:34:41.111+0000] {logging_mixin.py:188} INFO -  >> Đang lấy dữ liệu: VFC
[2026-01-01T02:34:41.241+0000] {logging_mixin.py:188} INFO -  Lỗi xử lý mã VFC: Failed to fetch data: 429 - Too Many Requests
[2026-01-01T02:34:41.242+0000] {logging_mixin.py:188} INFO -  >> Đang lấy dữ liệu: VET
[2026-01-01T02:34:41.374+0000] {logging_mixin.py:188} INFO -  Lỗi xử lý mã VET: Failed to fetch data: 429 - Too Many Requests
[2026-01-01T02:34:41.375+0000] {logging_mixin.py:188} INFO -  >> Đang lấy dữ liệu: VES
[2026-01-01T02:34:41.508+0000] {logging_mixin.py:188} INFO -  Lỗi xử lý mã VES: Failed to fetch data: 429 - Too Many Requests
[2026-01-01T02:34:41.509+0000] {logging_mixin.py:188} INFO -  >> Đang lấy dữ liệu: VEF
[2026-01-01T02:34:41.676+0000] {logging_mixin.py:188} INFO -  Lỗi xử lý mã VEF: Failed to fetch data: 429 - Too Many Requests
[2026-01-01T02:34:41.677+0000] {logging_mixin.py:188} INFO -  >> Đang lấy dữ liệu: VEC
[2026-01-01T02:34:41.820+0000] {logging_mixin.py:188} INFO -  Lỗi xử lý mã VEC: Failed to fetch data: 429 - Too Many Requests
[2026-01-01T02:34:41.821+0000] {logging_mixin.py:188} INFO -  >> Đang lấy dữ liệu: VEA
[2026-01-01T02:34:41.973+0000] {logging_mixin.py:188} INFO -  Lỗi xử lý mã VEA: Failed to fetch data: 429 - Too Many Requests
[2026-01-01T02:34:41.974+0000] {logging_mixin.py:188} INFO -  >> Đang lấy dữ liệu: VE9
[2026-01-01T02:34:42.128+0000] {logging_mixin.py:188} INFO -  Lỗi xử lý mã VE9: Failed to fetch data: 429 - Too Many Requests
[2026-01-01T02:34:42.129+0000] {logging_mixin.py:188} INFO -  >> Đang lấy dữ liệu: VE8
[2026-01-01T02:34:42.276+0000] {logging_mixin.py:188} INFO -  Lỗi xử lý mã VE8: Failed to fetch data: 429 - Too Many Requests
[2026-01-01T02:34:42.278+0000] {logging_mixin.py:188} INFO -  >> Đang lấy dữ liệu: VE4
[2026-01-01T02:34:42.435+0000] {logging_mixin.py:188} INFO -  Lỗi xử lý mã VE4: Failed to fetch data: 429 - Too Many Requests
[2026-01-01T02:34:42.439+0000] {logging_mixin.py:188} INFO -  >> Đang lấy dữ liệu: VE3
[2026-01-01T02:34:42.625+0000] {logging_mixin.py:188} INFO -  Lỗi xử lý mã VE3: Failed to fetch data: 429 - Too Many Requests
[2026-01-01T02:34:42.627+0000] {logging_mixin.py:188} INFO -  ⚠ Batch này không thu được dữ liệu nào.
[2026-01-01T02:34:42.633+0000] {datalake_df2csv.py:40} INFO - DataFrame rỗng, bỏ qua upload CSV.
[2026-01-01T02:34:42.634+0000] {taskinstance.py:441} INFO - ::group::Post task execution logs
[2026-01-01T02:34:42.652+0000] {taskinstance.py:1206} INFO - Marking task as SUCCESS. dag_id=thongtin_cty_bctc, task_id=ingest_bctc, run_id=scheduled__2025-12-30T00:00:00+00:00, map_index=7, execution_date=20251230T000000, start_date=20260101T023438, end_date=20260101T023442
[2026-01-01T02:34:42.737+0000] {local_task_job_runner.py:243} INFO - Task exited with return code 0
[2026-01-01T02:34:42.751+0000] {local_task_job_runner.py:222} INFO - ::endgroup::
