[2026-01-01T09:15:17.729+0000] {local_task_job_runner.py:120} INFO - ::group::Pre task execution logs
[2026-01-01T09:15:17.947+0000] {taskinstance.py:2076} INFO - Dependencies all met for dep_context=non-requeueable deps ti=<TaskInstance: thongtin_cty_bctc.ingest_bctc scheduled__2025-12-30T00:00:00+00:00 map_index=207 [queued]>
[2026-01-01T09:15:18.494+0000] {taskinstance.py:2076} INFO - Dependencies all met for dep_context=requeueable deps ti=<TaskInstance: thongtin_cty_bctc.ingest_bctc scheduled__2025-12-30T00:00:00+00:00 map_index=207 [queued]>
[2026-01-01T09:15:18.495+0000] {taskinstance.py:2306} INFO - Starting attempt 1 of 2
[2026-01-01T09:15:18.516+0000] {taskinstance.py:2330} INFO - Executing <Mapped(DfToCsvOperator): ingest_bctc> on 2025-12-30 00:00:00+00:00
[2026-01-01T09:15:18.542+0000] {warnings.py:112} WARNING - This process (pid=16525) is multi-threaded, use of fork() may lead to deadlocks in the child.

[2026-01-01T09:15:18.545+0000] {standard_task_runner.py:64} INFO - Started process 16593 to run task
[2026-01-01T09:15:18.551+0000] {standard_task_runner.py:90} INFO - Running: ['***', 'tasks', 'run', 'thongtin_cty_bctc', 'ingest_bctc', 'scheduled__2025-12-30T00:00:00+00:00', '--job-id', '5056', '--raw', '--subdir', 'DAGS_FOLDER/tt_cty_bctc.py', '--cfg-path', '/tmp/tmp_fvcczvi', '--map-index', '207']
[2026-01-01T09:15:18.558+0000] {standard_task_runner.py:91} INFO - Job 5056: Subtask ingest_bctc
[2026-01-01T09:15:18.706+0000] {task_command.py:426} INFO - Running <TaskInstance: thongtin_cty_bctc.ingest_bctc scheduled__2025-12-30T00:00:00+00:00 map_index=207 [running]> on host b455963a0603
[2026-01-01T09:15:18.941+0000] {taskinstance.py:2648} INFO - Exporting env vars: AIRFLOW_CTX_DAG_OWNER='***' AIRFLOW_CTX_DAG_ID='thongtin_cty_bctc' AIRFLOW_CTX_TASK_ID='ingest_bctc' AIRFLOW_CTX_EXECUTION_DATE='2025-12-30T00:00:00+00:00' AIRFLOW_CTX_TRY_NUMBER='1' AIRFLOW_CTX_DAG_RUN_ID='scheduled__2025-12-30T00:00:00+00:00'
[2026-01-01T09:15:18.956+0000] {taskinstance.py:430} INFO - ::endgroup::
[2026-01-01T09:15:18.973+0000] {logging_mixin.py:188} INFO - Bắt đầu xử lý batch 3 mã: ['PV2', 'PTX', 'PTV']
[2026-01-01T09:15:18.974+0000] {logging_mixin.py:188} INFO -  >> Đang lấy dữ liệu: PV2
[2026-01-01T09:15:21.989+0000] {logging_mixin.py:188} INFO -  >> Đang lấy dữ liệu: PTX
[2026-01-01T09:15:25.235+0000] {logging_mixin.py:188} INFO -  >> Đang lấy dữ liệu: PTV
[2026-01-01T09:15:28.372+0000] {logging_mixin.py:188} INFO -  ✓ Hoàn thành batch. Tổng số dòng: 9063
[2026-01-01T09:15:28.472+0000] {base.py:84} INFO - Using connection ID 'minio_finance' for task execution.
[2026-01-01T09:15:28.473+0000] {connection_wrapper.py:384} INFO - AWS Connection (conn_id='minio_finance', conn_type='aws') credentials retrieved from login and password.
[2026-01-01T09:15:29.074+0000] {datalake_df2csv.py:53} INFO - ✅ Đã upload 9063 dòng -> s3://thongtin-congty-va-bctc/bctc/2025-12-30/batch_207.csv
[2026-01-01T09:15:29.076+0000] {taskinstance.py:441} INFO - ::group::Post task execution logs
[2026-01-01T09:15:29.088+0000] {taskinstance.py:1206} INFO - Marking task as SUCCESS. dag_id=thongtin_cty_bctc, task_id=ingest_bctc, run_id=scheduled__2025-12-30T00:00:00+00:00, map_index=207, execution_date=20251230T000000, start_date=20260101T091517, end_date=20260101T091529
[2026-01-01T09:15:29.151+0000] {local_task_job_runner.py:243} INFO - Task exited with return code 0
[2026-01-01T09:15:29.161+0000] {local_task_job_runner.py:222} INFO - ::endgroup::
