[2026-01-12T13:49:33.198+0000] {local_task_job_runner.py:120} INFO - ::group::Pre task execution logs
[2026-01-12T13:49:33.243+0000] {taskinstance.py:2076} INFO - Dependencies all met for dep_context=non-requeueable deps ti=<TaskInstance: daily_price_minio.ingest_daily_price scheduled__2026-01-08T16:00:00+00:00 map_index=87 [queued]>
[2026-01-12T13:49:33.273+0000] {taskinstance.py:2076} INFO - Dependencies all met for dep_context=requeueable deps ti=<TaskInstance: daily_price_minio.ingest_daily_price scheduled__2026-01-08T16:00:00+00:00 map_index=87 [queued]>
[2026-01-12T13:49:33.275+0000] {taskinstance.py:2306} INFO - Starting attempt 1 of 2
[2026-01-12T13:49:33.303+0000] {taskinstance.py:2330} INFO - Executing <Mapped(DfToCsvOperator): ingest_daily_price> on 2026-01-08 16:00:00+00:00
[2026-01-12T13:49:33.321+0000] {warnings.py:112} WARNING - This process (pid=11907) is multi-threaded, use of fork() may lead to deadlocks in the child.

[2026-01-12T13:49:33.324+0000] {standard_task_runner.py:64} INFO - Started process 12025 to run task
[2026-01-12T13:49:33.327+0000] {standard_task_runner.py:90} INFO - Running: ['***', 'tasks', 'run', 'daily_price_minio', 'ingest_daily_price', 'scheduled__2026-01-08T16:00:00+00:00', '--job-id', '11699', '--raw', '--subdir', 'DAGS_FOLDER/daily_price_minio.py', '--cfg-path', '/tmp/tmpopzz67vy', '--map-index', '87']
[2026-01-12T13:49:33.334+0000] {standard_task_runner.py:91} INFO - Job 11699: Subtask ingest_daily_price
[2026-01-12T13:49:33.431+0000] {task_command.py:426} INFO - Running <TaskInstance: daily_price_minio.ingest_daily_price scheduled__2026-01-08T16:00:00+00:00 map_index=87 [running]> on host 5a20a797a43c
[2026-01-12T13:49:33.601+0000] {taskinstance.py:2648} INFO - Exporting env vars: AIRFLOW_CTX_DAG_OWNER='***' AIRFLOW_CTX_DAG_ID='daily_price_minio' AIRFLOW_CTX_TASK_ID='ingest_daily_price' AIRFLOW_CTX_EXECUTION_DATE='2026-01-08T16:00:00+00:00' AIRFLOW_CTX_TRY_NUMBER='1' AIRFLOW_CTX_DAG_RUN_ID='scheduled__2026-01-08T16:00:00+00:00'
[2026-01-12T13:49:33.603+0000] {taskinstance.py:430} INFO - ::endgroup::
[2026-01-12T13:49:41.504+0000] {logging_mixin.py:188} INFO - SON: RetryError[<Future at 0x7fef4c3db7d0 state=finished raised ValueError>]
[2026-01-12T13:49:43.070+0000] {base.py:84} INFO - Using connection ID 'minio_finance' for task execution.
[2026-01-12T13:49:43.071+0000] {connection_wrapper.py:384} INFO - AWS Connection (conn_id='minio_finance', conn_type='aws') credentials retrieved from login and password.
[2026-01-12T13:49:45.220+0000] {datalake_df2csv.py:52} INFO - ✅ Đã upload 12 dòng -> s3://thongtinn-congty-va-bctc/daily_price/2026-01-08/batch_87.csv
[2026-01-12T13:49:45.225+0000] {taskinstance.py:441} INFO - ::group::Post task execution logs
[2026-01-12T13:49:45.241+0000] {taskinstance.py:1206} INFO - Marking task as SUCCESS. dag_id=daily_price_minio, task_id=ingest_daily_price, run_id=scheduled__2026-01-08T16:00:00+00:00, map_index=87, execution_date=20260108T160000, start_date=20260112T134933, end_date=20260112T134945
[2026-01-12T13:49:45.437+0000] {local_task_job_runner.py:243} INFO - Task exited with return code 0
[2026-01-12T13:49:45.461+0000] {taskinstance.py:3503} INFO - 0 downstream tasks scheduled from follow-on schedule check
[2026-01-12T13:49:45.464+0000] {local_task_job_runner.py:222} INFO - ::endgroup::
