[2026-01-10T15:18:53.472+0000] {local_task_job_runner.py:120} INFO - ::group::Pre task execution logs
[2026-01-10T15:18:53.792+0000] {taskinstance.py:2076} INFO - Dependencies all met for dep_context=non-requeueable deps ti=<TaskInstance: thongtin_cty_bctc.ingest_bctc scheduled__2025-12-30T00:00:00+00:00 map_index=478 [queued]>
[2026-01-10T15:18:53.928+0000] {taskinstance.py:2076} INFO - Dependencies all met for dep_context=requeueable deps ti=<TaskInstance: thongtin_cty_bctc.ingest_bctc scheduled__2025-12-30T00:00:00+00:00 map_index=478 [queued]>
[2026-01-10T15:18:53.929+0000] {taskinstance.py:2306} INFO - Starting attempt 1 of 2
[2026-01-10T15:18:53.948+0000] {taskinstance.py:2330} INFO - Executing <Mapped(DfToCsvOperator): ingest_bctc> on 2025-12-30 00:00:00+00:00
[2026-01-10T15:18:53.965+0000] {warnings.py:112} WARNING - This process (pid=11216) is multi-threaded, use of fork() may lead to deadlocks in the child.

[2026-01-10T15:18:53.967+0000] {standard_task_runner.py:64} INFO - Started process 11289 to run task
[2026-01-10T15:18:53.970+0000] {standard_task_runner.py:90} INFO - Running: ['***', 'tasks', 'run', 'thongtin_cty_bctc', 'ingest_bctc', 'scheduled__2025-12-30T00:00:00+00:00', '--job-id', '9539', '--raw', '--subdir', 'DAGS_FOLDER/tt_cty_bctc.py', '--cfg-path', '/tmp/tmpeoobyqxr', '--map-index', '478']
[2026-01-10T15:18:53.972+0000] {standard_task_runner.py:91} INFO - Job 9539: Subtask ingest_bctc
[2026-01-10T15:18:54.045+0000] {task_command.py:426} INFO - Running <TaskInstance: thongtin_cty_bctc.ingest_bctc scheduled__2025-12-30T00:00:00+00:00 map_index=478 [running]> on host c44bcb92a951
[2026-01-10T15:18:54.204+0000] {taskinstance.py:2648} INFO - Exporting env vars: AIRFLOW_CTX_DAG_OWNER='***' AIRFLOW_CTX_DAG_ID='thongtin_cty_bctc' AIRFLOW_CTX_TASK_ID='ingest_bctc' AIRFLOW_CTX_EXECUTION_DATE='2025-12-30T00:00:00+00:00' AIRFLOW_CTX_TRY_NUMBER='1' AIRFLOW_CTX_DAG_RUN_ID='scheduled__2025-12-30T00:00:00+00:00'
[2026-01-10T15:18:54.205+0000] {taskinstance.py:430} INFO - ::endgroup::
[2026-01-10T15:18:54.219+0000] {logging_mixin.py:188} INFO - Bắt đầu xử lý batch 3 mã: ['CTR', 'CTP', 'CTN']
[2026-01-10T15:18:54.219+0000] {logging_mixin.py:188} INFO -  >> Đang lấy dữ liệu: CTR
[2026-01-10T15:18:57.937+0000] {logging_mixin.py:188} INFO -  >> Đang lấy dữ liệu: CTP
[2026-01-10T15:19:01.456+0000] {logging_mixin.py:188} INFO -  >> Đang lấy dữ liệu: CTN
[2026-01-10T15:19:04.138+0000] {logging_mixin.py:188} INFO -  ✓ Hoàn thành batch. Tổng số dòng: 8546
[2026-01-10T15:19:04.193+0000] {base.py:84} INFO - Using connection ID 'minio_finance' for task execution.
[2026-01-10T15:19:04.194+0000] {connection_wrapper.py:384} INFO - AWS Connection (conn_id='minio_finance', conn_type='aws') credentials retrieved from login and password.
[2026-01-10T15:19:04.676+0000] {datalake_df2csv.py:52} INFO - ✅ Đã upload 8546 dòng -> s3://thongtin-congty-va-bctc/bctc/2025-12-30/batch_478.csv
[2026-01-10T15:19:04.678+0000] {taskinstance.py:441} INFO - ::group::Post task execution logs
[2026-01-10T15:19:04.687+0000] {taskinstance.py:1206} INFO - Marking task as SUCCESS. dag_id=thongtin_cty_bctc, task_id=ingest_bctc, run_id=scheduled__2025-12-30T00:00:00+00:00, map_index=478, execution_date=20251230T000000, start_date=20260110T151853, end_date=20260110T151904
[2026-01-10T15:19:06.452+0000] {local_task_job_runner.py:243} INFO - Task exited with return code 0
[2026-01-10T15:19:06.467+0000] {local_task_job_runner.py:222} INFO - ::endgroup::
