[2026-01-01T02:59:41.899+0000] {local_task_job_runner.py:120} INFO - ::group::Pre task execution logs
[2026-01-01T02:59:42.418+0000] {taskinstance.py:2076} INFO - Dependencies all met for dep_context=non-requeueable deps ti=<TaskInstance: thongtin_cty_bctc.ingest_bctc scheduled__2025-12-31T00:00:00+00:00 map_index=27 [queued]>
[2026-01-01T02:59:42.562+0000] {taskinstance.py:2076} INFO - Dependencies all met for dep_context=requeueable deps ti=<TaskInstance: thongtin_cty_bctc.ingest_bctc scheduled__2025-12-31T00:00:00+00:00 map_index=27 [queued]>
[2026-01-01T02:59:42.565+0000] {taskinstance.py:2306} INFO - Starting attempt 2 of 3
[2026-01-01T02:59:42.596+0000] {taskinstance.py:2330} INFO - Executing <Mapped(DfToCsvOperator): ingest_bctc> on 2025-12-31 00:00:00+00:00
[2026-01-01T02:59:42.634+0000] {warnings.py:112} WARNING - This process (pid=22139) is multi-threaded, use of fork() may lead to deadlocks in the child.

[2026-01-01T02:59:42.636+0000] {standard_task_runner.py:64} INFO - Started process 22275 to run task
[2026-01-01T02:59:42.652+0000] {standard_task_runner.py:90} INFO - Running: ['***', 'tasks', 'run', 'thongtin_cty_bctc', 'ingest_bctc', 'scheduled__2025-12-31T00:00:00+00:00', '--job-id', '2527', '--raw', '--subdir', 'DAGS_FOLDER/tt_cty_bctc.py', '--cfg-path', '/tmp/tmprsy5it3_', '--map-index', '27']
[2026-01-01T02:59:42.667+0000] {standard_task_runner.py:91} INFO - Job 2527: Subtask ingest_bctc
[2026-01-01T02:59:42.960+0000] {task_command.py:426} INFO - Running <TaskInstance: thongtin_cty_bctc.ingest_bctc scheduled__2025-12-31T00:00:00+00:00 map_index=27 [running]> on host 43b0a0f7606b
[2026-01-01T02:59:43.331+0000] {taskinstance.py:2648} INFO - Exporting env vars: AIRFLOW_CTX_DAG_OWNER='***' AIRFLOW_CTX_DAG_ID='thongtin_cty_bctc' AIRFLOW_CTX_TASK_ID='ingest_bctc' AIRFLOW_CTX_EXECUTION_DATE='2025-12-31T00:00:00+00:00' AIRFLOW_CTX_TRY_NUMBER='2' AIRFLOW_CTX_DAG_RUN_ID='scheduled__2025-12-31T00:00:00+00:00'
[2026-01-01T02:59:43.334+0000] {taskinstance.py:430} INFO - ::endgroup::
[2026-01-01T02:59:43.357+0000] {logging_mixin.py:188} INFO - Bắt đầu xử lý batch 3 mã: ['PHR', 'DHC', 'DHA']
[2026-01-01T02:59:43.358+0000] {logging_mixin.py:188} INFO -  >> Đang lấy dữ liệu: PHR
[2026-01-01T02:59:43.652+0000] {logging_mixin.py:188} INFO -  Lỗi xử lý mã PHR: Failed to fetch data: 429 - Too Many Requests
[2026-01-01T02:59:43.654+0000] {logging_mixin.py:188} INFO -  >> Đang lấy dữ liệu: DHC
[2026-01-01T02:59:43.822+0000] {logging_mixin.py:188} INFO -  Lỗi xử lý mã DHC: Failed to fetch data: 429 - Too Many Requests
[2026-01-01T02:59:43.824+0000] {logging_mixin.py:188} INFO -  >> Đang lấy dữ liệu: DHA
[2026-01-01T02:59:44.176+0000] {logging_mixin.py:188} INFO -  Lỗi xử lý mã DHA: Failed to fetch data: 429 - Too Many Requests
[2026-01-01T02:59:44.178+0000] {logging_mixin.py:188} INFO -  ⚠ Batch này không thu được dữ liệu nào.
[2026-01-01T02:59:44.183+0000] {datalake_df2csv.py:40} INFO - DataFrame rỗng, bỏ qua upload CSV.
[2026-01-01T02:59:44.184+0000] {taskinstance.py:441} INFO - ::group::Post task execution logs
[2026-01-01T02:59:44.198+0000] {taskinstance.py:1206} INFO - Marking task as SUCCESS. dag_id=thongtin_cty_bctc, task_id=ingest_bctc, run_id=scheduled__2025-12-31T00:00:00+00:00, map_index=27, execution_date=20251231T000000, start_date=20260101T025942, end_date=20260101T025944
[2026-01-01T02:59:44.292+0000] {local_task_job_runner.py:243} INFO - Task exited with return code 0
[2026-01-01T02:59:44.307+0000] {local_task_job_runner.py:222} INFO - ::endgroup::
