[2026-01-01T02:59:00.424+0000] {local_task_job_runner.py:120} INFO - ::group::Pre task execution logs
[2026-01-01T02:59:00.867+0000] {taskinstance.py:2076} INFO - Dependencies all met for dep_context=non-requeueable deps ti=<TaskInstance: thongtin_cty_bctc.ingest_overview scheduled__2025-12-31T00:00:00+00:00 map_index=3 [queued]>
[2026-01-01T02:59:00.996+0000] {taskinstance.py:2076} INFO - Dependencies all met for dep_context=requeueable deps ti=<TaskInstance: thongtin_cty_bctc.ingest_overview scheduled__2025-12-31T00:00:00+00:00 map_index=3 [queued]>
[2026-01-01T02:59:00.999+0000] {taskinstance.py:2306} INFO - Starting attempt 4 of 5
[2026-01-01T02:59:01.054+0000] {taskinstance.py:2330} INFO - Executing <Mapped(DfToCsvOperator): ingest_overview> on 2025-12-31 00:00:00+00:00
[2026-01-01T02:59:01.085+0000] {warnings.py:112} WARNING - This process (pid=21320) is multi-threaded, use of fork() may lead to deadlocks in the child.

[2026-01-01T02:59:01.091+0000] {standard_task_runner.py:64} INFO - Started process 21437 to run task
[2026-01-01T02:59:01.114+0000] {standard_task_runner.py:90} INFO - Running: ['***', 'tasks', 'run', 'thongtin_cty_bctc', 'ingest_overview', 'scheduled__2025-12-31T00:00:00+00:00', '--job-id', '2451', '--raw', '--subdir', 'DAGS_FOLDER/tt_cty_bctc.py', '--cfg-path', '/tmp/tmpqhycdd2t', '--map-index', '3']
[2026-01-01T02:59:01.128+0000] {standard_task_runner.py:91} INFO - Job 2451: Subtask ingest_overview
[2026-01-01T02:59:01.290+0000] {task_command.py:426} INFO - Running <TaskInstance: thongtin_cty_bctc.ingest_overview scheduled__2025-12-31T00:00:00+00:00 map_index=3 [running]> on host 43b0a0f7606b
[2026-01-01T02:59:01.566+0000] {taskinstance.py:2648} INFO - Exporting env vars: AIRFLOW_CTX_DAG_OWNER='***' AIRFLOW_CTX_DAG_ID='thongtin_cty_bctc' AIRFLOW_CTX_TASK_ID='ingest_overview' AIRFLOW_CTX_EXECUTION_DATE='2025-12-31T00:00:00+00:00' AIRFLOW_CTX_TRY_NUMBER='4' AIRFLOW_CTX_DAG_RUN_ID='scheduled__2025-12-31T00:00:00+00:00'
[2026-01-01T02:59:01.571+0000] {taskinstance.py:430} INFO - ::endgroup::
[2026-01-01T02:59:01.777+0000] {logging_mixin.py:188} INFO - Err overview SSI: Failed to fetch data: 429 - Too Many Requests
[2026-01-01T02:59:02.973+0000] {logging_mixin.py:188} INFO - Err overview MBB: Failed to fetch data: 429 - Too Many Requests
[2026-01-01T02:59:04.251+0000] {logging_mixin.py:188} INFO - Err overview TCB: Failed to fetch data: 429 - Too Many Requests
[2026-01-01T02:59:05.257+0000] {datalake_df2csv.py:40} INFO - DataFrame rỗng, bỏ qua upload CSV.
[2026-01-01T02:59:05.258+0000] {taskinstance.py:441} INFO - ::group::Post task execution logs
[2026-01-01T02:59:05.271+0000] {taskinstance.py:1206} INFO - Marking task as SUCCESS. dag_id=thongtin_cty_bctc, task_id=ingest_overview, run_id=scheduled__2025-12-31T00:00:00+00:00, map_index=3, execution_date=20251231T000000, start_date=20260101T025900, end_date=20260101T025905
[2026-01-01T02:59:05.356+0000] {local_task_job_runner.py:243} INFO - Task exited with return code 0
[2026-01-01T02:59:05.414+0000] {taskinstance.py:3503} INFO - 0 downstream tasks scheduled from follow-on schedule check
[2026-01-01T02:59:05.425+0000] {local_task_job_runner.py:222} INFO - ::endgroup::
