[2026-01-12T13:50:03.257+0000] {local_task_job_runner.py:120} INFO - ::group::Pre task execution logs
[2026-01-12T13:50:03.287+0000] {taskinstance.py:2076} INFO - Dependencies all met for dep_context=non-requeueable deps ti=<TaskInstance: daily_price_minio.ingest_daily_price scheduled__2026-01-08T16:00:00+00:00 map_index=116 [queued]>
[2026-01-12T13:50:03.310+0000] {taskinstance.py:2076} INFO - Dependencies all met for dep_context=requeueable deps ti=<TaskInstance: daily_price_minio.ingest_daily_price scheduled__2026-01-08T16:00:00+00:00 map_index=116 [queued]>
[2026-01-12T13:50:03.311+0000] {taskinstance.py:2306} INFO - Starting attempt 1 of 2
[2026-01-12T13:50:03.331+0000] {taskinstance.py:2330} INFO - Executing <Mapped(DfToCsvOperator): ingest_daily_price> on 2026-01-08 16:00:00+00:00
[2026-01-12T13:50:03.345+0000] {warnings.py:112} WARNING - This process (pid=12304) is multi-threaded, use of fork() may lead to deadlocks in the child.

[2026-01-12T13:50:03.347+0000] {standard_task_runner.py:64} INFO - Started process 12431 to run task
[2026-01-12T13:50:03.351+0000] {standard_task_runner.py:90} INFO - Running: ['***', 'tasks', 'run', 'daily_price_minio', 'ingest_daily_price', 'scheduled__2026-01-08T16:00:00+00:00', '--job-id', '11727', '--raw', '--subdir', 'DAGS_FOLDER/daily_price_minio.py', '--cfg-path', '/tmp/tmpgmxxcg7l', '--map-index', '116']
[2026-01-12T13:50:03.357+0000] {standard_task_runner.py:91} INFO - Job 11727: Subtask ingest_daily_price
[2026-01-12T13:50:03.414+0000] {task_command.py:426} INFO - Running <TaskInstance: daily_price_minio.ingest_daily_price scheduled__2026-01-08T16:00:00+00:00 map_index=116 [running]> on host 5a20a797a43c
[2026-01-12T13:50:03.514+0000] {taskinstance.py:2648} INFO - Exporting env vars: AIRFLOW_CTX_DAG_OWNER='***' AIRFLOW_CTX_DAG_ID='daily_price_minio' AIRFLOW_CTX_TASK_ID='ingest_daily_price' AIRFLOW_CTX_EXECUTION_DATE='2026-01-08T16:00:00+00:00' AIRFLOW_CTX_TRY_NUMBER='1' AIRFLOW_CTX_DAG_RUN_ID='scheduled__2026-01-08T16:00:00+00:00'
[2026-01-12T13:50:03.516+0000] {taskinstance.py:430} INFO - ::endgroup::
[2026-01-12T13:50:07.640+0000] {base.py:84} INFO - Using connection ID 'minio_finance' for task execution.
[2026-01-12T13:50:07.648+0000] {connection_wrapper.py:384} INFO - AWS Connection (conn_id='minio_finance', conn_type='aws') credentials retrieved from login and password.
[2026-01-12T13:50:08.973+0000] {datalake_df2csv.py:52} INFO - ✅ Đã upload 15 dòng -> s3://thongtinn-congty-va-bctc/daily_price/2026-01-08/batch_116.csv
[2026-01-12T13:50:08.974+0000] {taskinstance.py:441} INFO - ::group::Post task execution logs
[2026-01-12T13:50:08.994+0000] {taskinstance.py:1206} INFO - Marking task as SUCCESS. dag_id=daily_price_minio, task_id=ingest_daily_price, run_id=scheduled__2026-01-08T16:00:00+00:00, map_index=116, execution_date=20260108T160000, start_date=20260112T135003, end_date=20260112T135008
[2026-01-12T13:50:09.078+0000] {local_task_job_runner.py:243} INFO - Task exited with return code 0
[2026-01-12T13:50:09.109+0000] {taskinstance.py:3503} INFO - 0 downstream tasks scheduled from follow-on schedule check
[2026-01-12T13:50:09.120+0000] {local_task_job_runner.py:222} INFO - ::endgroup::
