[2026-01-10T15:19:18.135+0000] {local_task_job_runner.py:120} INFO - ::group::Pre task execution logs
[2026-01-10T15:19:18.494+0000] {taskinstance.py:2076} INFO - Dependencies all met for dep_context=non-requeueable deps ti=<TaskInstance: thongtin_cty_bctc.ingest_people scheduled__2025-12-30T00:00:00+00:00 map_index=487 [queued]>
[2026-01-10T15:19:18.654+0000] {taskinstance.py:2076} INFO - Dependencies all met for dep_context=requeueable deps ti=<TaskInstance: thongtin_cty_bctc.ingest_people scheduled__2025-12-30T00:00:00+00:00 map_index=487 [queued]>
[2026-01-10T15:19:18.655+0000] {taskinstance.py:2306} INFO - Starting attempt 1 of 2
[2026-01-10T15:19:21.628+0000] {taskinstance.py:2330} INFO - Executing <Mapped(DfToCsvOperator): ingest_people> on 2025-12-30 00:00:00+00:00
[2026-01-10T15:19:21.651+0000] {warnings.py:112} WARNING - This process (pid=11540) is multi-threaded, use of fork() may lead to deadlocks in the child.

[2026-01-10T15:19:21.654+0000] {standard_task_runner.py:64} INFO - Started process 11627 to run task
[2026-01-10T15:19:21.657+0000] {standard_task_runner.py:90} INFO - Running: ['***', 'tasks', 'run', 'thongtin_cty_bctc', 'ingest_people', 'scheduled__2025-12-30T00:00:00+00:00', '--job-id', '9560', '--raw', '--subdir', 'DAGS_FOLDER/tt_cty_bctc.py', '--cfg-path', '/tmp/tmpy42jrad9', '--map-index', '487']
[2026-01-10T15:19:21.665+0000] {standard_task_runner.py:91} INFO - Job 9560: Subtask ingest_people
[2026-01-10T15:19:21.783+0000] {task_command.py:426} INFO - Running <TaskInstance: thongtin_cty_bctc.ingest_people scheduled__2025-12-30T00:00:00+00:00 map_index=487 [running]> on host c44bcb92a951
[2026-01-10T15:19:21.994+0000] {taskinstance.py:2648} INFO - Exporting env vars: AIRFLOW_CTX_DAG_OWNER='***' AIRFLOW_CTX_DAG_ID='thongtin_cty_bctc' AIRFLOW_CTX_TASK_ID='ingest_people' AIRFLOW_CTX_EXECUTION_DATE='2025-12-30T00:00:00+00:00' AIRFLOW_CTX_TRY_NUMBER='1' AIRFLOW_CTX_DAG_RUN_ID='scheduled__2025-12-30T00:00:00+00:00'
[2026-01-10T15:19:21.997+0000] {taskinstance.py:430} INFO - ::endgroup::
[2026-01-10T15:19:25.533+0000] {base.py:84} INFO - Using connection ID 'minio_finance' for task execution.
[2026-01-10T15:19:25.534+0000] {connection_wrapper.py:384} INFO - AWS Connection (conn_id='minio_finance', conn_type='aws') credentials retrieved from login and password.
[2026-01-10T15:19:26.304+0000] {datalake_df2csv.py:52} INFO - ✅ Đã upload 98 dòng -> s3://thongtin-congty-va-bctc/people/2025-12-30/batch_487.csv
[2026-01-10T15:19:26.306+0000] {taskinstance.py:441} INFO - ::group::Post task execution logs
[2026-01-10T15:19:26.321+0000] {taskinstance.py:1206} INFO - Marking task as SUCCESS. dag_id=thongtin_cty_bctc, task_id=ingest_people, run_id=scheduled__2025-12-30T00:00:00+00:00, map_index=487, execution_date=20251230T000000, start_date=20260110T151918, end_date=20260110T151926
[2026-01-10T15:19:28.870+0000] {local_task_job_runner.py:243} INFO - Task exited with return code 0
[2026-01-10T15:19:29.007+0000] {taskinstance.py:3503} INFO - 0 downstream tasks scheduled from follow-on schedule check
[2026-01-10T15:19:29.012+0000] {local_task_job_runner.py:222} INFO - ::endgroup::
