[2026-01-01T02:12:24.473+0000] {local_task_job_runner.py:120} INFO - ::group::Pre task execution logs
[2026-01-01T02:12:24.535+0000] {taskinstance.py:2076} INFO - Dependencies all met for dep_context=non-requeueable deps ti=<TaskInstance: thongtin_cty_bctc.ingest_bctc scheduled__2025-12-31T00:00:00+00:00 map_index=102 [queued]>
[2026-01-01T02:12:24.589+0000] {taskinstance.py:2076} INFO - Dependencies all met for dep_context=requeueable deps ti=<TaskInstance: thongtin_cty_bctc.ingest_bctc scheduled__2025-12-31T00:00:00+00:00 map_index=102 [queued]>
[2026-01-01T02:12:24.590+0000] {taskinstance.py:2306} INFO - Starting attempt 1 of 2
[2026-01-01T02:12:24.620+0000] {taskinstance.py:2330} INFO - Executing <Mapped(DfToCsvOperator): ingest_bctc> on 2025-12-31 00:00:00+00:00
[2026-01-01T02:12:24.657+0000] {warnings.py:112} WARNING - This process (pid=3431) is multi-threaded, use of fork() may lead to deadlocks in the child.

[2026-01-01T02:12:24.645+0000] {standard_task_runner.py:90} INFO - Running: ['***', 'tasks', 'run', 'thongtin_cty_bctc', 'ingest_bctc', 'scheduled__2025-12-31T00:00:00+00:00', '--job-id', '873', '--raw', '--subdir', 'DAGS_FOLDER/tt_cty_bctc.py', '--cfg-path', '/tmp/tmpbo53nyjz', '--map-index', '102']
[2026-01-01T02:12:24.659+0000] {standard_task_runner.py:64} INFO - Started process 3543 to run task
[2026-01-01T02:12:24.660+0000] {standard_task_runner.py:91} INFO - Job 873: Subtask ingest_bctc
[2026-01-01T02:12:24.791+0000] {task_command.py:426} INFO - Running <TaskInstance: thongtin_cty_bctc.ingest_bctc scheduled__2025-12-31T00:00:00+00:00 map_index=102 [running]> on host 43b0a0f7606b
[2026-01-01T02:12:25.827+0000] {taskinstance.py:2648} INFO - Exporting env vars: AIRFLOW_CTX_DAG_OWNER='***' AIRFLOW_CTX_DAG_ID='thongtin_cty_bctc' AIRFLOW_CTX_TASK_ID='ingest_bctc' AIRFLOW_CTX_EXECUTION_DATE='2025-12-31T00:00:00+00:00' AIRFLOW_CTX_TRY_NUMBER='1' AIRFLOW_CTX_DAG_RUN_ID='scheduled__2025-12-31T00:00:00+00:00'
[2026-01-01T02:12:25.831+0000] {taskinstance.py:430} INFO - ::endgroup::
[2026-01-01T02:12:25.850+0000] {logging_mixin.py:188} INFO - Bắt đầu xử lý batch 5 mã: ['SD9', 'SD8', 'SD7', 'SD6', 'SD5']
[2026-01-01T02:12:25.852+0000] {logging_mixin.py:188} INFO -  >> Đang lấy dữ liệu: SD9
[2026-01-01T02:12:26.168+0000] {logging_mixin.py:188} INFO -  Lỗi xử lý mã SD9: Failed to fetch data: 429 - Too Many Requests
[2026-01-01T02:12:26.170+0000] {logging_mixin.py:188} INFO -  >> Đang lấy dữ liệu: SD8
[2026-01-01T02:12:26.337+0000] {logging_mixin.py:188} INFO -  Lỗi xử lý mã SD8: Failed to fetch data: 429 - Too Many Requests
[2026-01-01T02:12:26.338+0000] {logging_mixin.py:188} INFO -  >> Đang lấy dữ liệu: SD7
[2026-01-01T02:12:26.509+0000] {logging_mixin.py:188} INFO -  Lỗi xử lý mã SD7: Failed to fetch data: 429 - Too Many Requests
[2026-01-01T02:12:26.511+0000] {logging_mixin.py:188} INFO -  >> Đang lấy dữ liệu: SD6
[2026-01-01T02:12:26.811+0000] {logging_mixin.py:188} INFO -  Lỗi xử lý mã SD6: Failed to fetch data: 429 - Too Many Requests
[2026-01-01T02:12:26.813+0000] {logging_mixin.py:188} INFO -  >> Đang lấy dữ liệu: SD5
[2026-01-01T02:12:26.966+0000] {logging_mixin.py:188} INFO -  Lỗi xử lý mã SD5: Failed to fetch data: 429 - Too Many Requests
[2026-01-01T02:12:26.968+0000] {logging_mixin.py:188} INFO -  ⚠ Batch này không thu được dữ liệu nào.
[2026-01-01T02:12:26.980+0000] {datalake_df2csv.py:40} INFO - DataFrame rỗng, bỏ qua upload CSV.
[2026-01-01T02:12:26.981+0000] {taskinstance.py:441} INFO - ::group::Post task execution logs
[2026-01-01T02:12:26.999+0000] {taskinstance.py:1206} INFO - Marking task as SUCCESS. dag_id=thongtin_cty_bctc, task_id=ingest_bctc, run_id=scheduled__2025-12-31T00:00:00+00:00, map_index=102, execution_date=20251231T000000, start_date=20260101T021224, end_date=20260101T021226
[2026-01-01T02:12:27.189+0000] {local_task_job_runner.py:243} INFO - Task exited with return code 0
[2026-01-01T02:12:27.380+0000] {local_task_job_runner.py:222} INFO - ::endgroup::
