[2025-12-31T14:42:11.475+0000] {local_task_job_runner.py:120} INFO - ::group::Pre task execution logs
[2025-12-31T14:42:11.506+0000] {taskinstance.py:2076} INFO - Dependencies all met for dep_context=non-requeueable deps ti=<TaskInstance: thongtin_cty_bctc.ingest_overview manual__2025-12-31T14:34:21.190447+00:00 map_index=56 [queued]>
[2025-12-31T14:42:11.527+0000] {taskinstance.py:2076} INFO - Dependencies all met for dep_context=requeueable deps ti=<TaskInstance: thongtin_cty_bctc.ingest_overview manual__2025-12-31T14:34:21.190447+00:00 map_index=56 [queued]>
[2025-12-31T14:42:11.528+0000] {taskinstance.py:2306} INFO - Starting attempt 1 of 2
[2025-12-31T14:42:11.548+0000] {taskinstance.py:2330} INFO - Executing <Mapped(DfToCsvOperator): ingest_overview> on 2025-12-31 14:34:21.190447+00:00
[2025-12-31T14:42:11.560+0000] {warnings.py:112} WARNING - This process (pid=5808) is multi-threaded, use of fork() may lead to deadlocks in the child.

[2025-12-31T14:42:11.561+0000] {standard_task_runner.py:64} INFO - Started process 5849 to run task
[2025-12-31T14:42:11.563+0000] {standard_task_runner.py:90} INFO - Running: ['***', 'tasks', 'run', 'thongtin_cty_bctc', 'ingest_overview', 'manual__2025-12-31T14:34:21.190447+00:00', '--job-id', '472', '--raw', '--subdir', 'DAGS_FOLDER/tt_cty_bctc.py', '--cfg-path', '/tmp/tmpjkvykih1', '--map-index', '56']
[2025-12-31T14:42:11.564+0000] {standard_task_runner.py:91} INFO - Job 472: Subtask ingest_overview
[2025-12-31T14:42:11.618+0000] {task_command.py:426} INFO - Running <TaskInstance: thongtin_cty_bctc.ingest_overview manual__2025-12-31T14:34:21.190447+00:00 map_index=56 [running]> on host 8bc7f11ea9a4
[2025-12-31T14:42:11.746+0000] {taskinstance.py:2648} INFO - Exporting env vars: AIRFLOW_CTX_DAG_OWNER='***' AIRFLOW_CTX_DAG_ID='thongtin_cty_bctc' AIRFLOW_CTX_TASK_ID='ingest_overview' AIRFLOW_CTX_EXECUTION_DATE='2025-12-31T14:34:21.190447+00:00' AIRFLOW_CTX_TRY_NUMBER='1' AIRFLOW_CTX_DAG_RUN_ID='manual__2025-12-31T14:34:21.190447+00:00'
[2025-12-31T14:42:11.747+0000] {taskinstance.py:430} INFO - ::endgroup::
[2025-12-31T14:42:11.904+0000] {logging_mixin.py:188} INFO - Err overview HKT: Failed to fetch data: 429 - Too Many Requests
[2025-12-31T14:42:12.049+0000] {logging_mixin.py:188} INFO - Err overview HKP: Failed to fetch data: 429 - Too Many Requests
[2025-12-31T14:42:12.199+0000] {logging_mixin.py:188} INFO - Err overview HKB: Failed to fetch data: 429 - Too Many Requests
[2025-12-31T14:42:12.408+0000] {logging_mixin.py:188} INFO - Err overview HJS: Failed to fetch data: 429 - Too Many Requests
[2025-12-31T14:42:12.785+0000] {logging_mixin.py:188} INFO - Err overview HJC: Failed to fetch data: 429 - Too Many Requests
[2025-12-31T14:42:12.965+0000] {logging_mixin.py:188} INFO - Err overview HIO: Failed to fetch data: 429 - Too Many Requests
[2025-12-31T14:42:13.149+0000] {logging_mixin.py:188} INFO - Err overview HII: Failed to fetch data: 429 - Too Many Requests
[2025-12-31T14:42:13.626+0000] {logging_mixin.py:188} INFO - Err overview HIG: Failed to fetch data: 429 - Too Many Requests
[2025-12-31T14:42:13.817+0000] {logging_mixin.py:188} INFO - Err overview HID: Failed to fetch data: 429 - Too Many Requests
[2025-12-31T14:42:14.184+0000] {logging_mixin.py:188} INFO - Err overview HHV: Failed to fetch data: 429 - Too Many Requests
[2025-12-31T14:42:14.353+0000] {logging_mixin.py:188} INFO - Err overview HHS: Failed to fetch data: 429 - Too Many Requests
[2025-12-31T14:42:14.541+0000] {logging_mixin.py:188} INFO - Err overview HHR: Failed to fetch data: 429 - Too Many Requests
[2025-12-31T14:42:14.702+0000] {logging_mixin.py:188} INFO - Err overview HHP: Failed to fetch data: 429 - Too Many Requests
[2025-12-31T14:42:21.644+0000] {logging_mixin.py:188} INFO - Err overview HHN: Failed to fetch data: 429 - Too Many Requests
[2025-12-31T14:42:21.769+0000] {logging_mixin.py:188} INFO - Err overview HHG: Failed to fetch data: 429 - Too Many Requests
[2025-12-31T14:42:21.919+0000] {logging_mixin.py:188} INFO - Err overview HHC: Failed to fetch data: 429 - Too Many Requests
[2025-12-31T14:42:22.047+0000] {logging_mixin.py:188} INFO - Err overview HHB: Failed to fetch data: 429 - Too Many Requests
[2025-12-31T14:42:22.287+0000] {logging_mixin.py:188} INFO - Err overview HGW: Failed to fetch data: 429 - Too Many Requests
[2025-12-31T14:42:22.736+0000] {logging_mixin.py:188} INFO - Err overview HGT: Failed to fetch data: 429 - Too Many Requests
[2025-12-31T14:42:23.123+0000] {logging_mixin.py:188} INFO - Err overview HGR: Failed to fetch data: 429 - Too Many Requests
[2025-12-31T14:42:23.126+0000] {datalake_df2csv.py:40} INFO - DataFrame rỗng, bỏ qua upload CSV.
[2025-12-31T14:42:23.127+0000] {taskinstance.py:441} INFO - ::group::Post task execution logs
[2025-12-31T14:42:23.135+0000] {taskinstance.py:1206} INFO - Marking task as SUCCESS. dag_id=thongtin_cty_bctc, task_id=ingest_overview, run_id=manual__2025-12-31T14:34:21.190447+00:00, map_index=56, execution_date=20251231T143421, start_date=20251231T144211, end_date=20251231T144223
[2025-12-31T14:42:23.161+0000] {local_task_job_runner.py:243} INFO - Task exited with return code 0
[2025-12-31T14:42:23.175+0000] {taskinstance.py:3503} INFO - 0 downstream tasks scheduled from follow-on schedule check
[2025-12-31T14:42:23.177+0000] {local_task_job_runner.py:222} INFO - ::endgroup::
