[2026-01-12T15:15:53.777+0000] {local_task_job_runner.py:120} INFO - ::group::Pre task execution logs
[2026-01-12T15:15:53.821+0000] {taskinstance.py:2076} INFO - Dependencies all met for dep_context=non-requeueable deps ti=<TaskInstance: financial_ratios_etl.ingest_financial_ratios manual__2026-01-12T15:14:43+00:00 map_index=53 [queued]>
[2026-01-12T15:15:53.843+0000] {taskinstance.py:2076} INFO - Dependencies all met for dep_context=requeueable deps ti=<TaskInstance: financial_ratios_etl.ingest_financial_ratios manual__2026-01-12T15:14:43+00:00 map_index=53 [queued]>
[2026-01-12T15:15:53.844+0000] {taskinstance.py:2306} INFO - Starting attempt 1 of 2
[2026-01-12T15:15:53.871+0000] {taskinstance.py:2330} INFO - Executing <Mapped(DfToCsvOperator): ingest_financial_ratios> on 2026-01-12 15:14:43+00:00
[2026-01-12T15:15:53.890+0000] {warnings.py:112} WARNING - This process (pid=718) is multi-threaded, use of fork() may lead to deadlocks in the child.

[2026-01-12T15:15:53.892+0000] {standard_task_runner.py:64} INFO - Started process 838 to run task
[2026-01-12T15:15:53.896+0000] {standard_task_runner.py:90} INFO - Running: ['***', 'tasks', 'run', 'financial_ratios_etl', 'ingest_financial_ratios', 'manual__2026-01-12T15:14:43+00:00', '--job-id', '13756', '--raw', '--subdir', 'DAGS_FOLDER/financial_ratios_etl.py', '--cfg-path', '/tmp/tmpb_ei14ra', '--map-index', '53']
[2026-01-12T15:15:53.901+0000] {standard_task_runner.py:91} INFO - Job 13756: Subtask ingest_financial_ratios
[2026-01-12T15:15:53.987+0000] {task_command.py:426} INFO - Running <TaskInstance: financial_ratios_etl.ingest_financial_ratios manual__2026-01-12T15:14:43+00:00 map_index=53 [running]> on host 5a20a797a43c
[2026-01-12T15:15:54.167+0000] {taskinstance.py:2648} INFO - Exporting env vars: AIRFLOW_CTX_DAG_OWNER='***' AIRFLOW_CTX_DAG_ID='financial_ratios_etl' AIRFLOW_CTX_TASK_ID='ingest_financial_ratios' AIRFLOW_CTX_EXECUTION_DATE='2026-01-12T15:14:43+00:00' AIRFLOW_CTX_TRY_NUMBER='1' AIRFLOW_CTX_DAG_RUN_ID='manual__2026-01-12T15:14:43+00:00'
[2026-01-12T15:15:54.171+0000] {taskinstance.py:430} INFO - ::endgroup::
[2026-01-12T15:15:54.184+0000] {logging_mixin.py:188} INFO - [RATIO] Bắt đầu xử lý batch 2 mã: ['VLF', 'VLC']
[2026-01-12T15:15:54.185+0000] {logging_mixin.py:188} INFO - [RATIO] Kỳ dữ liệu: quarter
[2026-01-12T15:15:54.185+0000] {logging_mixin.py:188} INFO -  >> [RATIO] Đang lấy dữ liệu: VLF
[2026-01-12T15:15:55.091+0000] {logging_mixin.py:188} INFO -  ✓ [RATIO] VLF: 15 rows
[2026-01-12T15:15:57.091+0000] {logging_mixin.py:188} INFO -  >> [RATIO] Đang lấy dữ liệu: VLC
[2026-01-12T15:15:58.201+0000] {logging_mixin.py:188} INFO -  ✓ [RATIO] VLC: 47 rows
[2026-01-12T15:16:00.205+0000] {logging_mixin.py:188} INFO -  ✅ [RATIO] Hoàn thành batch. Tổng số dòng: 62
[2026-01-12T15:16:00.223+0000] {base.py:84} INFO - Using connection ID 'minio_finance' for task execution.
[2026-01-12T15:16:00.223+0000] {connection_wrapper.py:384} INFO - AWS Connection (conn_id='minio_finance', conn_type='aws') credentials retrieved from login and password.
[2026-01-12T15:16:00.617+0000] {datalake_df2csv.py:52} INFO - ✅ Đã upload 62 dòng -> s3://thongtin-congty-va-bctc/financial_ratios/2026-01-12/batch_53.csv
[2026-01-12T15:16:00.618+0000] {taskinstance.py:441} INFO - ::group::Post task execution logs
[2026-01-12T15:16:00.627+0000] {taskinstance.py:1206} INFO - Marking task as SUCCESS. dag_id=financial_ratios_etl, task_id=ingest_financial_ratios, run_id=manual__2026-01-12T15:14:43+00:00, map_index=53, execution_date=20260112T151443, start_date=20260112T151553, end_date=20260112T151600
[2026-01-12T15:16:00.682+0000] {local_task_job_runner.py:243} INFO - Task exited with return code 0
[2026-01-12T15:16:00.696+0000] {taskinstance.py:3503} INFO - 0 downstream tasks scheduled from follow-on schedule check
[2026-01-12T15:16:00.701+0000] {local_task_job_runner.py:222} INFO - ::endgroup::
