[2026-01-01T03:02:03.463+0000] {local_task_job_runner.py:120} INFO - ::group::Pre task execution logs
[2026-01-01T03:02:03.610+0000] {taskinstance.py:2076} INFO - Dependencies all met for dep_context=non-requeueable deps ti=<TaskInstance: thongtin_cty_bctc.ingest_overview manual__2026-01-01T02:33:01.279885+00:00 map_index=27 [queued]>
[2026-01-01T03:02:03.688+0000] {taskinstance.py:2076} INFO - Dependencies all met for dep_context=requeueable deps ti=<TaskInstance: thongtin_cty_bctc.ingest_overview manual__2026-01-01T02:33:01.279885+00:00 map_index=27 [queued]>
[2026-01-01T03:02:03.693+0000] {taskinstance.py:2306} INFO - Starting attempt 1 of 2
[2026-01-01T03:02:03.792+0000] {taskinstance.py:2330} INFO - Executing <Mapped(DfToCsvOperator): ingest_overview> on 2026-01-01 02:33:01.279885+00:00
[2026-01-01T03:02:03.815+0000] {warnings.py:112} WARNING - This process (pid=25116) is multi-threaded, use of fork() may lead to deadlocks in the child.

[2026-01-01T03:02:03.828+0000] {standard_task_runner.py:64} INFO - Started process 25218 to run task
[2026-01-01T03:02:03.830+0000] {standard_task_runner.py:90} INFO - Running: ['***', 'tasks', 'run', 'thongtin_cty_bctc', 'ingest_overview', 'manual__2026-01-01T02:33:01.279885+00:00', '--job-id', '2789', '--raw', '--subdir', 'DAGS_FOLDER/tt_cty_bctc.py', '--cfg-path', '/tmp/tmpcik9trix', '--map-index', '27']
[2026-01-01T03:02:03.841+0000] {standard_task_runner.py:91} INFO - Job 2789: Subtask ingest_overview
[2026-01-01T03:02:04.029+0000] {task_command.py:426} INFO - Running <TaskInstance: thongtin_cty_bctc.ingest_overview manual__2026-01-01T02:33:01.279885+00:00 map_index=27 [running]> on host 43b0a0f7606b
[2026-01-01T03:02:04.286+0000] {taskinstance.py:2648} INFO - Exporting env vars: AIRFLOW_CTX_DAG_OWNER='***' AIRFLOW_CTX_DAG_ID='thongtin_cty_bctc' AIRFLOW_CTX_TASK_ID='ingest_overview' AIRFLOW_CTX_EXECUTION_DATE='2026-01-01T02:33:01.279885+00:00' AIRFLOW_CTX_TRY_NUMBER='1' AIRFLOW_CTX_DAG_RUN_ID='manual__2026-01-01T02:33:01.279885+00:00'
[2026-01-01T03:02:04.290+0000] {taskinstance.py:430} INFO - ::endgroup::
[2026-01-01T03:02:04.551+0000] {logging_mixin.py:188} INFO - Err overview PHR: Failed to fetch data: 429 - Too Many Requests
[2026-01-01T03:02:05.779+0000] {logging_mixin.py:188} INFO - Err overview DHC: Failed to fetch data: 429 - Too Many Requests
[2026-01-01T03:02:07.169+0000] {logging_mixin.py:188} INFO - Err overview DHA: Failed to fetch data: 429 - Too Many Requests
[2026-01-01T03:02:08.182+0000] {datalake_df2csv.py:40} INFO - DataFrame rỗng, bỏ qua upload CSV.
[2026-01-01T03:02:08.183+0000] {taskinstance.py:441} INFO - ::group::Post task execution logs
[2026-01-01T03:02:08.199+0000] {taskinstance.py:1206} INFO - Marking task as SUCCESS. dag_id=thongtin_cty_bctc, task_id=ingest_overview, run_id=manual__2026-01-01T02:33:01.279885+00:00, map_index=27, execution_date=20260101T023301, start_date=20260101T030203, end_date=20260101T030208
[2026-01-01T03:02:08.284+0000] {local_task_job_runner.py:243} INFO - Task exited with return code 0
[2026-01-01T03:02:08.323+0000] {taskinstance.py:3503} INFO - 0 downstream tasks scheduled from follow-on schedule check
[2026-01-01T03:02:08.330+0000] {local_task_job_runner.py:222} INFO - ::endgroup::
