[2026-01-01T03:16:42.166+0000] {local_task_job_runner.py:120} INFO - ::group::Pre task execution logs
[2026-01-01T03:16:42.196+0000] {taskinstance.py:2076} INFO - Dependencies all met for dep_context=non-requeueable deps ti=<TaskInstance: thongtin_cty_bctc.ingest_bctc scheduled__2025-12-30T00:00:00+00:00 map_index=66 [queued]>
[2026-01-01T03:16:42.216+0000] {taskinstance.py:2076} INFO - Dependencies all met for dep_context=requeueable deps ti=<TaskInstance: thongtin_cty_bctc.ingest_bctc scheduled__2025-12-30T00:00:00+00:00 map_index=66 [queued]>
[2026-01-01T03:16:42.217+0000] {taskinstance.py:2306} INFO - Starting attempt 3 of 4
[2026-01-01T03:16:42.231+0000] {taskinstance.py:2330} INFO - Executing <Mapped(DfToCsvOperator): ingest_bctc> on 2025-12-30 00:00:00+00:00
[2026-01-01T03:16:42.242+0000] {warnings.py:112} WARNING - This process (pid=35247) is multi-threaded, use of fork() may lead to deadlocks in the child.

[2026-01-01T03:16:42.244+0000] {standard_task_runner.py:64} INFO - Started process 35308 to run task
[2026-01-01T03:16:42.246+0000] {standard_task_runner.py:90} INFO - Running: ['***', 'tasks', 'run', 'thongtin_cty_bctc', 'ingest_bctc', 'scheduled__2025-12-30T00:00:00+00:00', '--job-id', '3659', '--raw', '--subdir', 'DAGS_FOLDER/tt_cty_bctc.py', '--cfg-path', '/tmp/tmpk6ecx_oh', '--map-index', '66']
[2026-01-01T03:16:42.248+0000] {standard_task_runner.py:91} INFO - Job 3659: Subtask ingest_bctc
[2026-01-01T03:16:42.297+0000] {task_command.py:426} INFO - Running <TaskInstance: thongtin_cty_bctc.ingest_bctc scheduled__2025-12-30T00:00:00+00:00 map_index=66 [running]> on host 43b0a0f7606b
[2026-01-01T03:16:42.399+0000] {taskinstance.py:2648} INFO - Exporting env vars: AIRFLOW_CTX_DAG_OWNER='***' AIRFLOW_CTX_DAG_ID='thongtin_cty_bctc' AIRFLOW_CTX_TASK_ID='ingest_bctc' AIRFLOW_CTX_EXECUTION_DATE='2025-12-30T00:00:00+00:00' AIRFLOW_CTX_TRY_NUMBER='3' AIRFLOW_CTX_DAG_RUN_ID='scheduled__2025-12-30T00:00:00+00:00'
[2026-01-01T03:16:42.400+0000] {taskinstance.py:430} INFO - ::endgroup::
[2026-01-01T03:16:42.407+0000] {logging_mixin.py:188} INFO - Bắt đầu xử lý batch 3 mã: ['VAF', 'VAB', 'V21']
[2026-01-01T03:16:42.407+0000] {logging_mixin.py:188} INFO -  >> Đang lấy dữ liệu: VAF
[2026-01-01T03:16:45.715+0000] {logging_mixin.py:188} INFO -  >> Đang lấy dữ liệu: VAB
[2026-01-01T03:16:49.699+0000] {logging_mixin.py:188} INFO -  >> Đang lấy dữ liệu: V21
[2026-01-01T03:16:53.255+0000] {logging_mixin.py:188} INFO -  ✓ Hoàn thành batch. Tổng số dòng: 11779
[2026-01-01T03:16:53.333+0000] {base.py:84} INFO - Using connection ID 'minio_finance' for task execution.
[2026-01-01T03:16:53.335+0000] {connection_wrapper.py:384} INFO - AWS Connection (conn_id='minio_finance', conn_type='aws') credentials retrieved from login and password.
[2026-01-01T03:16:54.020+0000] {datalake_df2csv.py:53} INFO - ✅ Đã upload 11779 dòng -> s3://thongtin-congty-va-bctc/bctc/2025-12-30/batch_66.csv
[2026-01-01T03:16:54.024+0000] {taskinstance.py:441} INFO - ::group::Post task execution logs
[2026-01-01T03:16:54.040+0000] {taskinstance.py:1206} INFO - Marking task as SUCCESS. dag_id=thongtin_cty_bctc, task_id=ingest_bctc, run_id=scheduled__2025-12-30T00:00:00+00:00, map_index=66, execution_date=20251230T000000, start_date=20260101T031642, end_date=20260101T031654
[2026-01-01T03:16:55.584+0000] {local_task_job_runner.py:243} INFO - Task exited with return code 0
[2026-01-01T03:16:55.644+0000] {taskinstance.py:3503} INFO - 0 downstream tasks scheduled from follow-on schedule check
[2026-01-01T03:16:55.648+0000] {local_task_job_runner.py:222} INFO - ::endgroup::
