[2026-01-12T15:26:00.738+0000] {local_task_job_runner.py:120} INFO - ::group::Pre task execution logs
[2026-01-12T15:26:00.802+0000] {taskinstance.py:2076} INFO - Dependencies all met for dep_context=non-requeueable deps ti=<TaskInstance: financial_ratios_etl.ingest_financial_ratios manual__2026-01-12T15:14:43+00:00 map_index=717 [queued]>
[2026-01-12T15:26:00.864+0000] {taskinstance.py:2076} INFO - Dependencies all met for dep_context=requeueable deps ti=<TaskInstance: financial_ratios_etl.ingest_financial_ratios manual__2026-01-12T15:14:43+00:00 map_index=717 [queued]>
[2026-01-12T15:26:00.865+0000] {taskinstance.py:2306} INFO - Starting attempt 1 of 2
[2026-01-12T15:26:00.914+0000] {taskinstance.py:2330} INFO - Executing <Mapped(DfToCsvOperator): ingest_financial_ratios> on 2026-01-12 15:14:43+00:00
[2026-01-12T15:26:00.930+0000] {warnings.py:112} WARNING - This process (pid=9447) is multi-threaded, use of fork() may lead to deadlocks in the child.

[2026-01-12T15:26:00.932+0000] {standard_task_runner.py:64} INFO - Started process 9522 to run task
[2026-01-12T15:26:00.936+0000] {standard_task_runner.py:90} INFO - Running: ['***', 'tasks', 'run', 'financial_ratios_etl', 'ingest_financial_ratios', 'manual__2026-01-12T15:14:43+00:00', '--job-id', '14422', '--raw', '--subdir', 'DAGS_FOLDER/financial_ratios_etl.py', '--cfg-path', '/tmp/tmpn0tcmt87', '--map-index', '717']
[2026-01-12T15:26:00.940+0000] {standard_task_runner.py:91} INFO - Job 14422: Subtask ingest_financial_ratios
[2026-01-12T15:26:01.003+0000] {task_command.py:426} INFO - Running <TaskInstance: financial_ratios_etl.ingest_financial_ratios manual__2026-01-12T15:14:43+00:00 map_index=717 [running]> on host 5a20a797a43c
[2026-01-12T15:26:01.217+0000] {taskinstance.py:2648} INFO - Exporting env vars: AIRFLOW_CTX_DAG_OWNER='***' AIRFLOW_CTX_DAG_ID='financial_ratios_etl' AIRFLOW_CTX_TASK_ID='ingest_financial_ratios' AIRFLOW_CTX_EXECUTION_DATE='2026-01-12T15:14:43+00:00' AIRFLOW_CTX_TRY_NUMBER='1' AIRFLOW_CTX_DAG_RUN_ID='manual__2026-01-12T15:14:43+00:00'
[2026-01-12T15:26:01.219+0000] {taskinstance.py:430} INFO - ::endgroup::
[2026-01-12T15:26:01.235+0000] {logging_mixin.py:188} INFO - [RATIO] Bắt đầu xử lý batch 2 mã: ['CTR', 'CTP']
[2026-01-12T15:26:01.236+0000] {logging_mixin.py:188} INFO - [RATIO] Kỳ dữ liệu: quarter
[2026-01-12T15:26:01.238+0000] {logging_mixin.py:188} INFO -  >> [RATIO] Đang lấy dữ liệu: CTR
[2026-01-12T15:26:02.292+0000] {logging_mixin.py:188} INFO -  ✓ [RATIO] CTR: 51 rows
[2026-01-12T15:26:04.293+0000] {logging_mixin.py:188} INFO -  >> [RATIO] Đang lấy dữ liệu: CTP
[2026-01-12T15:26:05.132+0000] {logging_mixin.py:188} INFO -  ✓ [RATIO] CTP: 39 rows
[2026-01-12T15:26:07.137+0000] {logging_mixin.py:188} INFO -  ✅ [RATIO] Hoàn thành batch. Tổng số dòng: 90
[2026-01-12T15:26:07.167+0000] {base.py:84} INFO - Using connection ID 'minio_finance' for task execution.
[2026-01-12T15:26:07.168+0000] {connection_wrapper.py:384} INFO - AWS Connection (conn_id='minio_finance', conn_type='aws') credentials retrieved from login and password.
[2026-01-12T15:26:07.845+0000] {datalake_df2csv.py:52} INFO - ✅ Đã upload 90 dòng -> s3://thongtin-congty-va-bctc/financial_ratios/2026-01-12/batch_717.csv
[2026-01-12T15:26:07.848+0000] {taskinstance.py:441} INFO - ::group::Post task execution logs
[2026-01-12T15:26:07.863+0000] {taskinstance.py:1206} INFO - Marking task as SUCCESS. dag_id=financial_ratios_etl, task_id=ingest_financial_ratios, run_id=manual__2026-01-12T15:14:43+00:00, map_index=717, execution_date=20260112T151443, start_date=20260112T152600, end_date=20260112T152607
[2026-01-12T15:26:07.926+0000] {local_task_job_runner.py:243} INFO - Task exited with return code 0
[2026-01-12T15:26:07.943+0000] {taskinstance.py:3503} INFO - 0 downstream tasks scheduled from follow-on schedule check
[2026-01-12T15:26:07.946+0000] {local_task_job_runner.py:222} INFO - ::endgroup::
