[2026-01-01T02:35:09.791+0000] {local_task_job_runner.py:120} INFO - ::group::Pre task execution logs
[2026-01-01T02:35:09.853+0000] {taskinstance.py:2076} INFO - Dependencies all met for dep_context=non-requeueable deps ti=<TaskInstance: thongtin_cty_bctc.ingest_overview scheduled__2025-12-30T00:00:00+00:00 map_index=9 [queued]>
[2026-01-01T02:35:09.890+0000] {taskinstance.py:2076} INFO - Dependencies all met for dep_context=requeueable deps ti=<TaskInstance: thongtin_cty_bctc.ingest_overview scheduled__2025-12-30T00:00:00+00:00 map_index=9 [queued]>
[2026-01-01T02:35:09.891+0000] {taskinstance.py:2306} INFO - Starting attempt 3 of 4
[2026-01-01T02:35:09.918+0000] {taskinstance.py:2330} INFO - Executing <Mapped(DfToCsvOperator): ingest_overview> on 2025-12-30 00:00:00+00:00
[2026-01-01T02:35:09.928+0000] {warnings.py:112} WARNING - This process (pid=15425) is multi-threaded, use of fork() may lead to deadlocks in the child.

[2026-01-01T02:35:09.930+0000] {standard_task_runner.py:64} INFO - Started process 15524 to run task
[2026-01-01T02:35:09.933+0000] {standard_task_runner.py:90} INFO - Running: ['***', 'tasks', 'run', 'thongtin_cty_bctc', 'ingest_overview', 'scheduled__2025-12-30T00:00:00+00:00', '--job-id', '1942', '--raw', '--subdir', 'DAGS_FOLDER/tt_cty_bctc.py', '--cfg-path', '/tmp/tmpxsgtgwjk', '--map-index', '9']
[2026-01-01T02:35:09.935+0000] {standard_task_runner.py:91} INFO - Job 1942: Subtask ingest_overview
[2026-01-01T02:35:10.003+0000] {task_command.py:426} INFO - Running <TaskInstance: thongtin_cty_bctc.ingest_overview scheduled__2025-12-30T00:00:00+00:00 map_index=9 [running]> on host 43b0a0f7606b
[2026-01-01T02:35:10.133+0000] {taskinstance.py:2648} INFO - Exporting env vars: AIRFLOW_CTX_DAG_OWNER='***' AIRFLOW_CTX_DAG_ID='thongtin_cty_bctc' AIRFLOW_CTX_TASK_ID='ingest_overview' AIRFLOW_CTX_EXECUTION_DATE='2025-12-30T00:00:00+00:00' AIRFLOW_CTX_TRY_NUMBER='3' AIRFLOW_CTX_DAG_RUN_ID='scheduled__2025-12-30T00:00:00+00:00'
[2026-01-01T02:35:10.134+0000] {taskinstance.py:430} INFO - ::endgroup::
[2026-01-01T02:35:10.282+0000] {logging_mixin.py:188} INFO - Err overview VCF: Failed to fetch data: 429 - Too Many Requests
[2026-01-01T02:35:10.411+0000] {logging_mixin.py:188} INFO - Err overview VCE: Failed to fetch data: 429 - Too Many Requests
[2026-01-01T02:35:10.547+0000] {logging_mixin.py:188} INFO - Err overview VCC: Failed to fetch data: 429 - Too Many Requests
[2026-01-01T02:35:10.677+0000] {logging_mixin.py:188} INFO - Err overview VCB: Failed to fetch data: 429 - Too Many Requests
[2026-01-01T02:35:10.808+0000] {logging_mixin.py:188} INFO - Err overview VCA: Failed to fetch data: 429 - Too Many Requests
[2026-01-01T02:35:10.946+0000] {logging_mixin.py:188} INFO - Err overview VC9: Failed to fetch data: 429 - Too Many Requests
[2026-01-01T02:35:11.071+0000] {logging_mixin.py:188} INFO - Err overview VC7: Failed to fetch data: 429 - Too Many Requests
[2026-01-01T02:35:11.214+0000] {logging_mixin.py:188} INFO - Err overview VC6: Failed to fetch data: 429 - Too Many Requests
[2026-01-01T02:35:11.346+0000] {logging_mixin.py:188} INFO - Err overview VC5: Failed to fetch data: 429 - Too Many Requests
[2026-01-01T02:35:11.506+0000] {logging_mixin.py:188} INFO - Err overview VC3: Failed to fetch data: 429 - Too Many Requests
[2026-01-01T02:35:11.630+0000] {logging_mixin.py:188} INFO - Err overview VC2: Failed to fetch data: 429 - Too Many Requests
[2026-01-01T02:35:11.753+0000] {logging_mixin.py:188} INFO - Err overview VC1: Failed to fetch data: 429 - Too Many Requests
[2026-01-01T02:35:11.889+0000] {logging_mixin.py:188} INFO - Err overview VBH: Failed to fetch data: 429 - Too Many Requests
[2026-01-01T02:35:12.008+0000] {logging_mixin.py:188} INFO - Err overview VBG: Failed to fetch data: 429 - Too Many Requests
[2026-01-01T02:35:12.179+0000] {logging_mixin.py:188} INFO - Err overview VBC: Failed to fetch data: 429 - Too Many Requests
[2026-01-01T02:35:12.305+0000] {logging_mixin.py:188} INFO - Err overview VBB: Failed to fetch data: 429 - Too Many Requests
[2026-01-01T02:35:12.447+0000] {logging_mixin.py:188} INFO - Err overview VAV: Failed to fetch data: 429 - Too Many Requests
[2026-01-01T02:35:12.590+0000] {logging_mixin.py:188} INFO - Err overview VAT: Failed to fetch data: 429 - Too Many Requests
[2026-01-01T02:35:12.720+0000] {logging_mixin.py:188} INFO - Err overview VAF: Failed to fetch data: 429 - Too Many Requests
[2026-01-01T02:35:12.848+0000] {logging_mixin.py:188} INFO - Err overview VAB: Failed to fetch data: 429 - Too Many Requests
[2026-01-01T02:35:12.851+0000] {datalake_df2csv.py:40} INFO - DataFrame rỗng, bỏ qua upload CSV.
[2026-01-01T02:35:12.852+0000] {taskinstance.py:441} INFO - ::group::Post task execution logs
[2026-01-01T02:35:12.863+0000] {taskinstance.py:1206} INFO - Marking task as SUCCESS. dag_id=thongtin_cty_bctc, task_id=ingest_overview, run_id=scheduled__2025-12-30T00:00:00+00:00, map_index=9, execution_date=20251230T000000, start_date=20260101T023509, end_date=20260101T023512
[2026-01-01T02:35:13.516+0000] {local_task_job_runner.py:243} INFO - Task exited with return code 0
[2026-01-01T02:35:13.540+0000] {taskinstance.py:3503} INFO - 0 downstream tasks scheduled from follow-on schedule check
[2026-01-01T02:35:13.543+0000] {local_task_job_runner.py:222} INFO - ::endgroup::
