[2026-01-11T03:25:06.772+0000] {local_task_job_runner.py:120} INFO - ::group::Pre task execution logs
[2026-01-11T03:25:06.824+0000] {taskinstance.py:2076} INFO - Dependencies all met for dep_context=non-requeueable deps ti=<TaskInstance: bctc.ingest_bctc manual__2026-01-11T03:22:36.146797+00:00 map_index=56 [queued]>
[2026-01-11T03:25:06.854+0000] {taskinstance.py:2076} INFO - Dependencies all met for dep_context=requeueable deps ti=<TaskInstance: bctc.ingest_bctc manual__2026-01-11T03:22:36.146797+00:00 map_index=56 [queued]>
[2026-01-11T03:25:06.855+0000] {taskinstance.py:2306} INFO - Starting attempt 1 of 2
[2026-01-11T03:25:06.887+0000] {taskinstance.py:2330} INFO - Executing <Mapped(DfToCsvOperator): ingest_bctc> on 2026-01-11 03:22:36.146797+00:00
[2026-01-11T03:25:06.903+0000] {warnings.py:112} WARNING - This process (pid=4063) is multi-threaded, use of fork() may lead to deadlocks in the child.

[2026-01-11T03:25:06.906+0000] {standard_task_runner.py:64} INFO - Started process 4117 to run task
[2026-01-11T03:25:06.919+0000] {standard_task_runner.py:90} INFO - Running: ['***', 'tasks', 'run', 'bctc', 'ingest_bctc', 'manual__2026-01-11T03:22:36.146797+00:00', '--job-id', '9966', '--raw', '--subdir', 'DAGS_FOLDER/tt_cty_bctc.py', '--cfg-path', '/tmp/tmpimf9wau5', '--map-index', '56']
[2026-01-11T03:25:06.922+0000] {standard_task_runner.py:91} INFO - Job 9966: Subtask ingest_bctc
[2026-01-11T03:25:07.085+0000] {task_command.py:426} INFO - Running <TaskInstance: bctc.ingest_bctc manual__2026-01-11T03:22:36.146797+00:00 map_index=56 [running]> on host 3f2af93df813
[2026-01-11T03:25:07.283+0000] {taskinstance.py:2648} INFO - Exporting env vars: AIRFLOW_CTX_DAG_OWNER='***' AIRFLOW_CTX_DAG_ID='bctc' AIRFLOW_CTX_TASK_ID='ingest_bctc' AIRFLOW_CTX_EXECUTION_DATE='2026-01-11T03:22:36.146797+00:00' AIRFLOW_CTX_TRY_NUMBER='1' AIRFLOW_CTX_DAG_RUN_ID='manual__2026-01-11T03:22:36.146797+00:00'
[2026-01-11T03:25:07.285+0000] {taskinstance.py:430} INFO - ::endgroup::
[2026-01-11T03:25:07.297+0000] {logging_mixin.py:188} INFO - Bắt đầu xử lý batch 20 mã: ['HKT', 'HKP', 'HKB', 'HJS', 'HJC', 'HIO', 'HII', 'HIG', 'HID', 'HHV', 'HHS', 'HHR', 'HHP', 'HHN', 'HHG', 'HHC', 'HHB', 'HGW', 'HGT', 'HGR']
[2026-01-11T03:25:07.298+0000] {logging_mixin.py:188} INFO -  >> Đang lấy dữ liệu: HKT
[2026-01-11T03:25:07.654+0000] {logging_mixin.py:188} INFO -  Lỗi xử lý mã HKT: Failed to fetch data: 429 - Too Many Requests
[2026-01-11T03:25:07.655+0000] {logging_mixin.py:188} INFO -  >> Đang lấy dữ liệu: HKP
[2026-01-11T03:25:07.796+0000] {logging_mixin.py:188} INFO -  Lỗi xử lý mã HKP: Failed to fetch data: 429 - Too Many Requests
[2026-01-11T03:25:07.797+0000] {logging_mixin.py:188} INFO -  >> Đang lấy dữ liệu: HKB
[2026-01-11T03:25:07.976+0000] {logging_mixin.py:188} INFO -  Lỗi xử lý mã HKB: Failed to fetch data: 429 - Too Many Requests
[2026-01-11T03:25:08.079+0000] {logging_mixin.py:188} INFO -  >> Đang lấy dữ liệu: HJS
[2026-01-11T03:25:09.226+0000] {logging_mixin.py:188} INFO -  Lỗi xử lý mã HJS: Failed to fetch data: 429 - Too Many Requests
[2026-01-11T03:25:09.227+0000] {logging_mixin.py:188} INFO -  >> Đang lấy dữ liệu: HJC
[2026-01-11T03:25:09.350+0000] {logging_mixin.py:188} INFO -  Lỗi xử lý mã HJC: Failed to fetch data: 429 - Too Many Requests
[2026-01-11T03:25:09.351+0000] {logging_mixin.py:188} INFO -  >> Đang lấy dữ liệu: HIO
[2026-01-11T03:25:09.497+0000] {logging_mixin.py:188} INFO -  Lỗi xử lý mã HIO: Failed to fetch data: 429 - Too Many Requests
[2026-01-11T03:25:09.498+0000] {logging_mixin.py:188} INFO -  >> Đang lấy dữ liệu: HII
[2026-01-11T03:25:09.669+0000] {logging_mixin.py:188} INFO -  Lỗi xử lý mã HII: Failed to fetch data: 429 - Too Many Requests
[2026-01-11T03:25:09.671+0000] {logging_mixin.py:188} INFO -  >> Đang lấy dữ liệu: HIG
[2026-01-11T03:25:09.806+0000] {logging_mixin.py:188} INFO -  Lỗi xử lý mã HIG: Failed to fetch data: 429 - Too Many Requests
[2026-01-11T03:25:09.807+0000] {logging_mixin.py:188} INFO -  >> Đang lấy dữ liệu: HID
[2026-01-11T03:25:10.016+0000] {logging_mixin.py:188} INFO -  Lỗi xử lý mã HID: Failed to fetch data: 429 - Too Many Requests
[2026-01-11T03:25:10.017+0000] {logging_mixin.py:188} INFO -  >> Đang lấy dữ liệu: HHV
[2026-01-11T03:25:10.157+0000] {logging_mixin.py:188} INFO -  Lỗi xử lý mã HHV: Failed to fetch data: 429 - Too Many Requests
[2026-01-11T03:25:10.159+0000] {logging_mixin.py:188} INFO -  >> Đang lấy dữ liệu: HHS
[2026-01-11T03:25:10.314+0000] {logging_mixin.py:188} INFO -  Lỗi xử lý mã HHS: Failed to fetch data: 429 - Too Many Requests
[2026-01-11T03:25:10.315+0000] {logging_mixin.py:188} INFO -  >> Đang lấy dữ liệu: HHR
[2026-01-11T03:25:11.435+0000] {logging_mixin.py:188} INFO -  Lỗi xử lý mã HHR: Failed to fetch data: 429 - Too Many Requests
[2026-01-11T03:25:11.436+0000] {logging_mixin.py:188} INFO -  >> Đang lấy dữ liệu: HHP
[2026-01-11T03:25:11.744+0000] {logging_mixin.py:188} INFO -  Lỗi xử lý mã HHP: Failed to fetch data: 429 - Too Many Requests
[2026-01-11T03:25:11.746+0000] {logging_mixin.py:188} INFO -  >> Đang lấy dữ liệu: HHN
[2026-01-11T03:25:12.038+0000] {logging_mixin.py:188} INFO -  Lỗi xử lý mã HHN: Failed to fetch data: 429 - Too Many Requests
[2026-01-11T03:25:12.039+0000] {logging_mixin.py:188} INFO -  >> Đang lấy dữ liệu: HHG
[2026-01-11T03:25:12.231+0000] {logging_mixin.py:188} INFO -  Lỗi xử lý mã HHG: Failed to fetch data: 429 - Too Many Requests
[2026-01-11T03:25:12.233+0000] {logging_mixin.py:188} INFO -  >> Đang lấy dữ liệu: HHC
[2026-01-11T03:25:12.551+0000] {logging_mixin.py:188} INFO -  Lỗi xử lý mã HHC: Failed to fetch data: 429 - Too Many Requests
[2026-01-11T03:25:12.552+0000] {logging_mixin.py:188} INFO -  >> Đang lấy dữ liệu: HHB
[2026-01-11T03:25:12.969+0000] {logging_mixin.py:188} INFO -  Lỗi xử lý mã HHB: Failed to fetch data: 429 - Too Many Requests
[2026-01-11T03:25:12.970+0000] {logging_mixin.py:188} INFO -  >> Đang lấy dữ liệu: HGW
[2026-01-11T03:25:13.159+0000] {logging_mixin.py:188} INFO -  Lỗi xử lý mã HGW: Failed to fetch data: 429 - Too Many Requests
[2026-01-11T03:25:13.161+0000] {logging_mixin.py:188} INFO -  >> Đang lấy dữ liệu: HGT
[2026-01-11T03:25:14.405+0000] {logging_mixin.py:188} INFO -  Lỗi xử lý mã HGT: Failed to fetch data: 429 - Too Many Requests
[2026-01-11T03:25:14.406+0000] {logging_mixin.py:188} INFO -  >> Đang lấy dữ liệu: HGR
[2026-01-11T03:25:14.611+0000] {logging_mixin.py:188} INFO -  Lỗi xử lý mã HGR: Failed to fetch data: 429 - Too Many Requests
[2026-01-11T03:25:14.612+0000] {logging_mixin.py:188} INFO -  ⚠ Batch này không thu được dữ liệu nào.
[2026-01-11T03:25:14.615+0000] {datalake_df2csv.py:40} INFO - DataFrame rỗng, bỏ qua upload CSV.
[2026-01-11T03:25:14.616+0000] {taskinstance.py:441} INFO - ::group::Post task execution logs
[2026-01-11T03:25:14.631+0000] {taskinstance.py:1206} INFO - Marking task as SUCCESS. dag_id=bctc, task_id=ingest_bctc, run_id=manual__2026-01-11T03:22:36.146797+00:00, map_index=56, execution_date=20260111T032236, start_date=20260111T032506, end_date=20260111T032514
[2026-01-11T03:25:14.998+0000] {local_task_job_runner.py:243} INFO - Task exited with return code 0
[2026-01-11T03:25:15.010+0000] {local_task_job_runner.py:222} INFO - ::endgroup::
