[2026-01-11T04:35:24.605+0000] {local_task_job_runner.py:120} INFO - ::group::Pre task execution logs
[2026-01-11T04:35:24.627+0000] {taskinstance.py:2076} INFO - Dependencies all met for dep_context=non-requeueable deps ti=<TaskInstance: bctc.ingest_bctc manual__2026-01-11T04:06:44+00:00 map_index=85 [queued]>
[2026-01-11T04:35:24.638+0000] {taskinstance.py:2076} INFO - Dependencies all met for dep_context=requeueable deps ti=<TaskInstance: bctc.ingest_bctc manual__2026-01-11T04:06:44+00:00 map_index=85 [queued]>
[2026-01-11T04:35:24.639+0000] {taskinstance.py:2306} INFO - Starting attempt 1 of 2
[2026-01-11T04:35:24.650+0000] {taskinstance.py:2330} INFO - Executing <Mapped(DfToCsvOperator): ingest_bctc> on 2026-01-11 04:06:44+00:00
[2026-01-11T04:35:24.660+0000] {warnings.py:112} WARNING - This process (pid=6036) is multi-threaded, use of fork() may lead to deadlocks in the child.

[2026-01-11T04:35:24.661+0000] {standard_task_runner.py:64} INFO - Started process 6078 to run task
[2026-01-11T04:35:24.663+0000] {standard_task_runner.py:90} INFO - Running: ['***', 'tasks', 'run', 'bctc', 'ingest_bctc', 'manual__2026-01-11T04:06:44+00:00', '--job-id', '10378', '--raw', '--subdir', 'DAGS_FOLDER/tt_cty_bctc.py', '--cfg-path', '/tmp/tmpj33upbho', '--map-index', '85']
[2026-01-11T04:35:24.664+0000] {standard_task_runner.py:91} INFO - Job 10378: Subtask ingest_bctc
[2026-01-11T04:35:24.708+0000] {task_command.py:426} INFO - Running <TaskInstance: bctc.ingest_bctc manual__2026-01-11T04:06:44+00:00 map_index=85 [running]> on host 3f2af93df813
[2026-01-11T04:35:24.980+0000] {taskinstance.py:2648} INFO - Exporting env vars: AIRFLOW_CTX_DAG_OWNER='***' AIRFLOW_CTX_DAG_ID='bctc' AIRFLOW_CTX_TASK_ID='ingest_bctc' AIRFLOW_CTX_EXECUTION_DATE='2026-01-11T04:06:44+00:00' AIRFLOW_CTX_TRY_NUMBER='1' AIRFLOW_CTX_DAG_RUN_ID='manual__2026-01-11T04:06:44+00:00'
[2026-01-11T04:35:24.981+0000] {taskinstance.py:430} INFO - ::endgroup::
[2026-01-11T04:35:24.990+0000] {logging_mixin.py:188} INFO - Bắt đầu xử lý batch 20 mã: ['AGG', 'AGF', 'AGE', 'AG1', 'AFX', 'ADS', 'ADP', 'ADG', 'ADC', 'ACV', 'ACS', 'ACM', 'ACL', 'ACG', 'ACE', 'ACC', 'ACB', 'ABW', 'ABT', 'ABS']
[2026-01-11T04:35:24.990+0000] {logging_mixin.py:188} INFO -  >> Đang lấy dữ liệu: AGG
[2026-01-11T04:35:37.648+0000] {logging_mixin.py:188} INFO -  >> Đang lấy dữ liệu: AGF
[2026-01-11T04:35:46.210+0000] {logging_mixin.py:188} INFO -  >> Đang lấy dữ liệu: AGE
[2026-01-11T04:35:54.494+0000] {logging_mixin.py:188} INFO -  >> Đang lấy dữ liệu: AG1
[2026-01-11T04:36:02.724+0000] {logging_mixin.py:188} INFO -  >> Đang lấy dữ liệu: AFX
[2026-01-11T04:36:10.870+0000] {logging_mixin.py:188} INFO -  >> Đang lấy dữ liệu: ADS
[2026-01-11T04:36:11.073+0000] {logging_mixin.py:188} INFO -  Lỗi xử lý mã ADS: Failed to fetch data: 502 - Bad Gateway
[2026-01-11T04:36:11.074+0000] {logging_mixin.py:188} INFO -  >> Đang lấy dữ liệu: ADP
[2026-01-11T04:36:21.716+0000] {logging_mixin.py:188} INFO -  >> Đang lấy dữ liệu: ADG
[2026-01-11T04:36:31.904+0000] {logging_mixin.py:188} INFO -  >> Đang lấy dữ liệu: ADC
[2026-01-11T04:36:42.464+0000] {logging_mixin.py:188} INFO -  >> Đang lấy dữ liệu: ACV
[2026-01-11T04:37:00.104+0000] {logging_mixin.py:188} INFO -  >> Đang lấy dữ liệu: ACS
[2026-01-11T04:37:00.445+0000] {logging_mixin.py:188} INFO -  Lỗi xử lý mã ACS: Failed to fetch data: 429 - Too Many Requests
[2026-01-11T04:37:00.446+0000] {logging_mixin.py:188} INFO -  >> Đang lấy dữ liệu: ACM
[2026-01-11T04:37:10.868+0000] {logging_mixin.py:188} INFO -  >> Đang lấy dữ liệu: ACL
[2026-01-11T04:37:27.779+0000] {logging_mixin.py:188} INFO -  >> Đang lấy dữ liệu: ACG
[2026-01-11T04:37:28.060+0000] {logging_mixin.py:188} INFO -  Lỗi xử lý mã ACG: Failed to fetch data: 429 - Too Many Requests
[2026-01-11T04:37:28.061+0000] {logging_mixin.py:188} INFO -  >> Đang lấy dữ liệu: ACE
[2026-01-11T04:37:28.160+0000] {logging_mixin.py:188} INFO -  Lỗi xử lý mã ACE: Failed to fetch data: 429 - Too Many Requests
[2026-01-11T04:37:28.161+0000] {logging_mixin.py:188} INFO -  >> Đang lấy dữ liệu: ACC
[2026-01-11T04:37:38.287+0000] {logging_mixin.py:188} INFO -  >> Đang lấy dữ liệu: ACB
[2026-01-11T04:37:38.389+0000] {logging_mixin.py:188} INFO -  Lỗi xử lý mã ACB: Failed to fetch data: 429 - Too Many Requests
[2026-01-11T04:37:38.389+0000] {logging_mixin.py:188} INFO -  >> Đang lấy dữ liệu: ABW
[2026-01-11T04:37:38.482+0000] {logging_mixin.py:188} INFO -  Lỗi xử lý mã ABW: Failed to fetch data: 429 - Too Many Requests
[2026-01-11T04:37:38.483+0000] {logging_mixin.py:188} INFO -  >> Đang lấy dữ liệu: ABT
[2026-01-11T04:37:45.438+0000] {logging_mixin.py:188} INFO - ❌ Lỗi balance_sheet: RetryError[<Future at 0x7f49d49eea50 state=finished raised ConnectionError>]
[2026-01-11T04:37:50.923+0000] {logging_mixin.py:188} INFO -  >> Đang lấy dữ liệu: ABS
[2026-01-11T04:37:58.976+0000] {logging_mixin.py:188} INFO -  ✓ Hoàn thành batch. Tổng số dòng: 3865
[2026-01-11T04:37:59.017+0000] {base.py:84} INFO - Using connection ID 'minio_finance' for task execution.
[2026-01-11T04:37:59.018+0000] {connection_wrapper.py:384} INFO - AWS Connection (conn_id='minio_finance', conn_type='aws') credentials retrieved from login and password.
[2026-01-11T04:37:59.334+0000] {datalake_df2csv.py:52} INFO - ✅ Đã upload 3865 dòng -> s3://thongtin-congty-va-bctc/bctc/date=2026-01-11/year=2024/batch_85.csv
[2026-01-11T04:37:59.335+0000] {taskinstance.py:441} INFO - ::group::Post task execution logs
[2026-01-11T04:37:59.343+0000] {taskinstance.py:1206} INFO - Marking task as SUCCESS. dag_id=bctc, task_id=ingest_bctc, run_id=manual__2026-01-11T04:06:44+00:00, map_index=85, execution_date=20260111T040644, start_date=20260111T043524, end_date=20260111T043759
[2026-01-11T04:37:59.380+0000] {local_task_job_runner.py:243} INFO - Task exited with return code 0
[2026-01-11T04:37:59.399+0000] {taskinstance.py:3503} INFO - 0 downstream tasks scheduled from follow-on schedule check
[2026-01-11T04:37:59.401+0000] {local_task_job_runner.py:222} INFO - ::endgroup::
