[2026-01-12T13:54:50.075+0000] {local_task_job_runner.py:120} INFO - ::group::Pre task execution logs
[2026-01-12T13:54:50.133+0000] {taskinstance.py:2076} INFO - Dependencies all met for dep_context=non-requeueable deps ti=<TaskInstance: daily_price_minio.ingest_daily_price manual__2026-01-12T13:47:34.140161+00:00 map_index=55 [queued]>
[2026-01-12T13:54:50.191+0000] {taskinstance.py:2076} INFO - Dependencies all met for dep_context=requeueable deps ti=<TaskInstance: daily_price_minio.ingest_daily_price manual__2026-01-12T13:47:34.140161+00:00 map_index=55 [queued]>
[2026-01-12T13:54:50.197+0000] {taskinstance.py:2306} INFO - Starting attempt 1 of 2
[2026-01-12T13:54:50.275+0000] {taskinstance.py:2330} INFO - Executing <Mapped(DfToCsvOperator): ingest_daily_price> on 2026-01-12 13:47:34.140161+00:00
[2026-01-12T13:54:50.303+0000] {warnings.py:112} WARNING - This process (pid=16242) is multi-threaded, use of fork() may lead to deadlocks in the child.

[2026-01-12T13:54:50.307+0000] {standard_task_runner.py:64} INFO - Started process 16382 to run task
[2026-01-12T13:54:50.325+0000] {standard_task_runner.py:90} INFO - Running: ['***', 'tasks', 'run', 'daily_price_minio', 'ingest_daily_price', 'manual__2026-01-12T13:47:34.140161+00:00', '--job-id', '12023', '--raw', '--subdir', 'DAGS_FOLDER/daily_price_minio.py', '--cfg-path', '/tmp/tmpcxjmgrpk', '--map-index', '55']
[2026-01-12T13:54:50.339+0000] {standard_task_runner.py:91} INFO - Job 12023: Subtask ingest_daily_price
[2026-01-12T13:54:50.461+0000] {task_command.py:426} INFO - Running <TaskInstance: daily_price_minio.ingest_daily_price manual__2026-01-12T13:47:34.140161+00:00 map_index=55 [running]> on host 5a20a797a43c
[2026-01-12T13:54:50.842+0000] {taskinstance.py:2648} INFO - Exporting env vars: AIRFLOW_CTX_DAG_OWNER='***' AIRFLOW_CTX_DAG_ID='daily_price_minio' AIRFLOW_CTX_TASK_ID='ingest_daily_price' AIRFLOW_CTX_EXECUTION_DATE='2026-01-12T13:47:34.140161+00:00' AIRFLOW_CTX_TRY_NUMBER='1' AIRFLOW_CTX_DAG_RUN_ID='manual__2026-01-12T13:47:34.140161+00:00'
[2026-01-12T13:54:50.844+0000] {taskinstance.py:430} INFO - ::endgroup::
[2026-01-12T13:54:54.537+0000] {base.py:84} INFO - Using connection ID 'minio_finance' for task execution.
[2026-01-12T13:54:54.539+0000] {connection_wrapper.py:384} INFO - AWS Connection (conn_id='minio_finance', conn_type='aws') credentials retrieved from login and password.
[2026-01-12T13:54:55.538+0000] {datalake_df2csv.py:52} INFO - ✅ Đã upload 15 dòng -> s3://thongtinn-congty-va-bctc/daily_price/2026-01-12/batch_55.csv
[2026-01-12T13:54:55.540+0000] {taskinstance.py:441} INFO - ::group::Post task execution logs
[2026-01-12T13:54:55.557+0000] {taskinstance.py:1206} INFO - Marking task as SUCCESS. dag_id=daily_price_minio, task_id=ingest_daily_price, run_id=manual__2026-01-12T13:47:34.140161+00:00, map_index=55, execution_date=20260112T134734, start_date=20260112T135450, end_date=20260112T135455
[2026-01-12T13:54:55.635+0000] {local_task_job_runner.py:243} INFO - Task exited with return code 0
[2026-01-12T13:54:55.660+0000] {taskinstance.py:3503} INFO - 0 downstream tasks scheduled from follow-on schedule check
[2026-01-12T13:54:55.662+0000] {local_task_job_runner.py:222} INFO - ::endgroup::
