[2026-01-01T08:56:29.857+0000] {local_task_job_runner.py:120} INFO - ::group::Pre task execution logs
[2026-01-01T08:56:29.898+0000] {taskinstance.py:2076} INFO - Dependencies all met for dep_context=non-requeueable deps ti=<TaskInstance: thongtin_cty_bctc.ingest_bctc manual__2026-01-01T00:00:00+00:00 map_index=78 [queued]>
[2026-01-01T08:56:29.928+0000] {taskinstance.py:2076} INFO - Dependencies all met for dep_context=requeueable deps ti=<TaskInstance: thongtin_cty_bctc.ingest_bctc manual__2026-01-01T00:00:00+00:00 map_index=78 [queued]>
[2026-01-01T08:56:29.929+0000] {taskinstance.py:2306} INFO - Starting attempt 1 of 2
[2026-01-01T08:56:29.948+0000] {taskinstance.py:2330} INFO - Executing <Mapped(DfToCsvOperator): ingest_bctc> on 2026-01-01 00:00:00+00:00
[2026-01-01T08:56:29.960+0000] {warnings.py:112} WARNING - This process (pid=3670) is multi-threaded, use of fork() may lead to deadlocks in the child.

[2026-01-01T08:56:29.962+0000] {standard_task_runner.py:64} INFO - Started process 3710 to run task
[2026-01-01T08:56:29.964+0000] {standard_task_runner.py:90} INFO - Running: ['***', 'tasks', 'run', 'thongtin_cty_bctc', 'ingest_bctc', 'manual__2026-01-01T00:00:00+00:00', '--job-id', '4076', '--raw', '--subdir', 'DAGS_FOLDER/tt_cty_bctc.py', '--cfg-path', '/tmp/tmpynqr3q4x', '--map-index', '78']
[2026-01-01T08:56:29.966+0000] {standard_task_runner.py:91} INFO - Job 4076: Subtask ingest_bctc
[2026-01-01T08:56:30.028+0000] {task_command.py:426} INFO - Running <TaskInstance: thongtin_cty_bctc.ingest_bctc manual__2026-01-01T00:00:00+00:00 map_index=78 [running]> on host b455963a0603
[2026-01-01T08:56:30.153+0000] {taskinstance.py:2648} INFO - Exporting env vars: AIRFLOW_CTX_DAG_OWNER='***' AIRFLOW_CTX_DAG_ID='thongtin_cty_bctc' AIRFLOW_CTX_TASK_ID='ingest_bctc' AIRFLOW_CTX_EXECUTION_DATE='2026-01-01T00:00:00+00:00' AIRFLOW_CTX_TRY_NUMBER='1' AIRFLOW_CTX_DAG_RUN_ID='manual__2026-01-01T00:00:00+00:00'
[2026-01-01T08:56:30.154+0000] {taskinstance.py:430} INFO - ::endgroup::
[2026-01-01T08:56:30.162+0000] {logging_mixin.py:188} INFO - Bắt đầu xử lý batch 3 mã: ['TV4', 'TV3', 'TV2']
[2026-01-01T08:56:30.163+0000] {logging_mixin.py:188} INFO -  >> Đang lấy dữ liệu: TV4
[2026-01-01T08:56:33.352+0000] {logging_mixin.py:188} INFO -  >> Đang lấy dữ liệu: TV3
[2026-01-01T08:56:37.704+0000] {logging_mixin.py:188} INFO -  >> Đang lấy dữ liệu: TV2
[2026-01-01T08:56:43.507+0000] {logging_mixin.py:188} INFO -  ✓ Hoàn thành batch. Tổng số dòng: 13566
[2026-01-01T08:56:43.630+0000] {base.py:84} INFO - Using connection ID 'minio_finance' for task execution.
[2026-01-01T08:56:43.631+0000] {connection_wrapper.py:384} INFO - AWS Connection (conn_id='minio_finance', conn_type='aws') credentials retrieved from login and password.
[2026-01-01T08:56:44.122+0000] {datalake_df2csv.py:53} INFO - ✅ Đã upload 13566 dòng -> s3://thongtin-congty-va-bctc/bctc/2026-01-01/batch_78.csv
[2026-01-01T08:56:44.125+0000] {taskinstance.py:441} INFO - ::group::Post task execution logs
[2026-01-01T08:56:44.139+0000] {taskinstance.py:1206} INFO - Marking task as SUCCESS. dag_id=thongtin_cty_bctc, task_id=ingest_bctc, run_id=manual__2026-01-01T00:00:00+00:00, map_index=78, execution_date=20260101T000000, start_date=20260101T085629, end_date=20260101T085644
[2026-01-01T08:56:45.499+0000] {local_task_job_runner.py:243} INFO - Task exited with return code 0
[2026-01-01T08:56:45.511+0000] {local_task_job_runner.py:222} INFO - ::endgroup::
