[2026-01-10T15:15:50.778+0000] {local_task_job_runner.py:120} INFO - ::group::Pre task execution logs
[2026-01-10T15:15:51.107+0000] {taskinstance.py:2076} INFO - Dependencies all met for dep_context=non-requeueable deps ti=<TaskInstance: thongtin_cty_bctc.ingest_bctc scheduled__2025-12-30T00:00:00+00:00 map_index=423 [queued]>
[2026-01-10T15:15:51.255+0000] {taskinstance.py:2076} INFO - Dependencies all met for dep_context=requeueable deps ti=<TaskInstance: thongtin_cty_bctc.ingest_bctc scheduled__2025-12-30T00:00:00+00:00 map_index=423 [queued]>
[2026-01-10T15:15:51.256+0000] {taskinstance.py:2306} INFO - Starting attempt 1 of 2
[2026-01-10T15:15:51.275+0000] {taskinstance.py:2330} INFO - Executing <Mapped(DfToCsvOperator): ingest_bctc> on 2025-12-30 00:00:00+00:00
[2026-01-10T15:15:51.291+0000] {warnings.py:112} WARNING - This process (pid=9019) is multi-threaded, use of fork() may lead to deadlocks in the child.

[2026-01-10T15:15:51.293+0000] {standard_task_runner.py:64} INFO - Started process 9082 to run task
[2026-01-10T15:15:51.296+0000] {standard_task_runner.py:90} INFO - Running: ['***', 'tasks', 'run', 'thongtin_cty_bctc', 'ingest_bctc', 'scheduled__2025-12-30T00:00:00+00:00', '--job-id', '9372', '--raw', '--subdir', 'DAGS_FOLDER/tt_cty_bctc.py', '--cfg-path', '/tmp/tmp11fsvhy5', '--map-index', '423']
[2026-01-10T15:15:51.298+0000] {standard_task_runner.py:91} INFO - Job 9372: Subtask ingest_bctc
[2026-01-10T15:15:51.370+0000] {task_command.py:426} INFO - Running <TaskInstance: thongtin_cty_bctc.ingest_bctc scheduled__2025-12-30T00:00:00+00:00 map_index=423 [running]> on host c44bcb92a951
[2026-01-10T15:15:51.554+0000] {taskinstance.py:2648} INFO - Exporting env vars: AIRFLOW_CTX_DAG_OWNER='***' AIRFLOW_CTX_DAG_ID='thongtin_cty_bctc' AIRFLOW_CTX_TASK_ID='ingest_bctc' AIRFLOW_CTX_EXECUTION_DATE='2025-12-30T00:00:00+00:00' AIRFLOW_CTX_TRY_NUMBER='1' AIRFLOW_CTX_DAG_RUN_ID='scheduled__2025-12-30T00:00:00+00:00'
[2026-01-10T15:15:51.556+0000] {taskinstance.py:430} INFO - ::endgroup::
[2026-01-10T15:15:51.574+0000] {logging_mixin.py:188} INFO - Bắt đầu xử lý batch 3 mã: ['EMS', 'EMG', 'EME']
[2026-01-10T15:15:51.574+0000] {logging_mixin.py:188} INFO -  >> Đang lấy dữ liệu: EMS
[2026-01-10T15:15:54.104+0000] {logging_mixin.py:188} INFO -  >> Đang lấy dữ liệu: EMG
[2026-01-10T15:15:58.884+0000] {logging_mixin.py:188} INFO - ❌ Lỗi income_statement: RetryError[<Future at 0x7f17d5016f60 state=finished raised KeyError>]
[2026-01-10T15:16:03.333+0000] {logging_mixin.py:188} INFO - ❌ Lỗi balance_sheet: RetryError[<Future at 0x7f17d5017980 state=finished raised KeyError>]
[2026-01-10T15:16:07.752+0000] {logging_mixin.py:188} INFO - ❌ Lỗi cash_flow: RetryError[<Future at 0x7f17d5016c60 state=finished raised KeyError>]
[2026-01-10T15:16:08.753+0000] {logging_mixin.py:188} INFO -  >> Đang lấy dữ liệu: EME
[2026-01-10T15:16:13.452+0000] {logging_mixin.py:188} INFO - ❌ Lỗi income_statement: RetryError[<Future at 0x7f17d50338c0 state=finished raised KeyError>]
[2026-01-10T15:16:17.836+0000] {logging_mixin.py:188} INFO - ❌ Lỗi balance_sheet: RetryError[<Future at 0x7f17d5030350 state=finished raised KeyError>]
[2026-01-10T15:16:22.304+0000] {logging_mixin.py:188} INFO - ❌ Lỗi cash_flow: RetryError[<Future at 0x7f17d5033b00 state=finished raised KeyError>]
[2026-01-10T15:16:23.307+0000] {logging_mixin.py:188} INFO -  ✓ Hoàn thành batch. Tổng số dòng: 1159
[2026-01-10T15:16:23.334+0000] {base.py:84} INFO - Using connection ID 'minio_finance' for task execution.
[2026-01-10T15:16:23.335+0000] {connection_wrapper.py:384} INFO - AWS Connection (conn_id='minio_finance', conn_type='aws') credentials retrieved from login and password.
[2026-01-10T15:16:23.795+0000] {datalake_df2csv.py:52} INFO - ✅ Đã upload 1159 dòng -> s3://thongtin-congty-va-bctc/bctc/2025-12-30/batch_423.csv
[2026-01-10T15:16:23.796+0000] {taskinstance.py:441} INFO - ::group::Post task execution logs
[2026-01-10T15:16:23.806+0000] {taskinstance.py:1206} INFO - Marking task as SUCCESS. dag_id=thongtin_cty_bctc, task_id=ingest_bctc, run_id=scheduled__2025-12-30T00:00:00+00:00, map_index=423, execution_date=20251230T000000, start_date=20260110T151551, end_date=20260110T151623
[2026-01-10T15:16:25.193+0000] {local_task_job_runner.py:243} INFO - Task exited with return code 0
[2026-01-10T15:16:25.253+0000] {taskinstance.py:3503} INFO - 0 downstream tasks scheduled from follow-on schedule check
[2026-01-10T15:16:25.257+0000] {local_task_job_runner.py:222} INFO - ::endgroup::
