[2026-01-01T02:59:08.730+0000] {local_task_job_runner.py:120} INFO - ::group::Pre task execution logs
[2026-01-01T02:59:09.143+0000] {taskinstance.py:2076} INFO - Dependencies all met for dep_context=non-requeueable deps ti=<TaskInstance: thongtin_cty_bctc.ingest_overview scheduled__2025-12-31T00:00:00+00:00 map_index=8 [queued]>
[2026-01-01T02:59:09.270+0000] {taskinstance.py:2076} INFO - Dependencies all met for dep_context=requeueable deps ti=<TaskInstance: thongtin_cty_bctc.ingest_overview scheduled__2025-12-31T00:00:00+00:00 map_index=8 [queued]>
[2026-01-01T02:59:09.272+0000] {taskinstance.py:2306} INFO - Starting attempt 3 of 4
[2026-01-01T02:59:09.305+0000] {taskinstance.py:2330} INFO - Executing <Mapped(DfToCsvOperator): ingest_overview> on 2025-12-31 00:00:00+00:00
[2026-01-01T02:59:09.329+0000] {warnings.py:112} WARNING - This process (pid=21490) is multi-threaded, use of fork() may lead to deadlocks in the child.

[2026-01-01T02:59:09.331+0000] {standard_task_runner.py:64} INFO - Started process 21599 to run task
[2026-01-01T02:59:09.334+0000] {standard_task_runner.py:90} INFO - Running: ['***', 'tasks', 'run', 'thongtin_cty_bctc', 'ingest_overview', 'scheduled__2025-12-31T00:00:00+00:00', '--job-id', '2466', '--raw', '--subdir', 'DAGS_FOLDER/tt_cty_bctc.py', '--cfg-path', '/tmp/tmpq7s_xa7p', '--map-index', '8']
[2026-01-01T02:59:09.351+0000] {standard_task_runner.py:91} INFO - Job 2466: Subtask ingest_overview
[2026-01-01T02:59:09.490+0000] {task_command.py:426} INFO - Running <TaskInstance: thongtin_cty_bctc.ingest_overview scheduled__2025-12-31T00:00:00+00:00 map_index=8 [running]> on host 43b0a0f7606b
[2026-01-01T02:59:09.732+0000] {taskinstance.py:2648} INFO - Exporting env vars: AIRFLOW_CTX_DAG_OWNER='***' AIRFLOW_CTX_DAG_ID='thongtin_cty_bctc' AIRFLOW_CTX_TASK_ID='ingest_overview' AIRFLOW_CTX_EXECUTION_DATE='2025-12-31T00:00:00+00:00' AIRFLOW_CTX_TRY_NUMBER='3' AIRFLOW_CTX_DAG_RUN_ID='scheduled__2025-12-31T00:00:00+00:00'
[2026-01-01T02:59:09.745+0000] {taskinstance.py:430} INFO - ::endgroup::
[2026-01-01T02:59:10.026+0000] {logging_mixin.py:188} INFO - Err overview DXG: Failed to fetch data: 429 - Too Many Requests
[2026-01-01T02:59:11.248+0000] {logging_mixin.py:188} INFO - Err overview KBC: Failed to fetch data: 429 - Too Many Requests
[2026-01-01T02:59:12.417+0000] {logging_mixin.py:188} INFO - Err overview NLG: Failed to fetch data: 429 - Too Many Requests
[2026-01-01T02:59:13.428+0000] {datalake_df2csv.py:40} INFO - DataFrame rỗng, bỏ qua upload CSV.
[2026-01-01T02:59:13.433+0000] {taskinstance.py:441} INFO - ::group::Post task execution logs
[2026-01-01T02:59:13.470+0000] {taskinstance.py:1206} INFO - Marking task as SUCCESS. dag_id=thongtin_cty_bctc, task_id=ingest_overview, run_id=scheduled__2025-12-31T00:00:00+00:00, map_index=8, execution_date=20251231T000000, start_date=20260101T025909, end_date=20260101T025913
[2026-01-01T02:59:14.079+0000] {local_task_job_runner.py:243} INFO - Task exited with return code 0
[2026-01-01T02:59:14.110+0000] {local_task_job_runner.py:222} INFO - ::endgroup::
