[2026-01-01T02:37:13.307+0000] {local_task_job_runner.py:120} INFO - ::group::Pre task execution logs
[2026-01-01T02:37:13.361+0000] {taskinstance.py:2076} INFO - Dependencies all met for dep_context=non-requeueable deps ti=<TaskInstance: thongtin_cty_bctc.ingest_overview scheduled__2025-12-30T00:00:00+00:00 map_index=60 [queued]>
[2026-01-01T02:37:13.406+0000] {taskinstance.py:2076} INFO - Dependencies all met for dep_context=requeueable deps ti=<TaskInstance: thongtin_cty_bctc.ingest_overview scheduled__2025-12-30T00:00:00+00:00 map_index=60 [queued]>
[2026-01-01T02:37:13.407+0000] {taskinstance.py:2306} INFO - Starting attempt 2 of 3
[2026-01-01T02:37:13.435+0000] {taskinstance.py:2330} INFO - Executing <Mapped(DfToCsvOperator): ingest_overview> on 2025-12-30 00:00:00+00:00
[2026-01-01T02:37:13.448+0000] {warnings.py:112} WARNING - This process (pid=16904) is multi-threaded, use of fork() may lead to deadlocks in the child.

[2026-01-01T02:37:13.450+0000] {standard_task_runner.py:64} INFO - Started process 16939 to run task
[2026-01-01T02:37:13.453+0000] {standard_task_runner.py:90} INFO - Running: ['***', 'tasks', 'run', 'thongtin_cty_bctc', 'ingest_overview', 'scheduled__2025-12-30T00:00:00+00:00', '--job-id', '2068', '--raw', '--subdir', 'DAGS_FOLDER/tt_cty_bctc.py', '--cfg-path', '/tmp/tmp70kfjbay', '--map-index', '60']
[2026-01-01T02:37:13.458+0000] {standard_task_runner.py:91} INFO - Job 2068: Subtask ingest_overview
[2026-01-01T02:37:13.533+0000] {task_command.py:426} INFO - Running <TaskInstance: thongtin_cty_bctc.ingest_overview scheduled__2025-12-30T00:00:00+00:00 map_index=60 [running]> on host 43b0a0f7606b
[2026-01-01T02:37:13.657+0000] {taskinstance.py:2648} INFO - Exporting env vars: AIRFLOW_CTX_DAG_OWNER='***' AIRFLOW_CTX_DAG_ID='thongtin_cty_bctc' AIRFLOW_CTX_TASK_ID='ingest_overview' AIRFLOW_CTX_EXECUTION_DATE='2025-12-30T00:00:00+00:00' AIRFLOW_CTX_TRY_NUMBER='2' AIRFLOW_CTX_DAG_RUN_ID='scheduled__2025-12-30T00:00:00+00:00'
[2026-01-01T02:37:13.659+0000] {taskinstance.py:430} INFO - ::endgroup::
[2026-01-01T02:37:13.804+0000] {logging_mixin.py:188} INFO - Err overview GTA: Failed to fetch data: 429 - Too Many Requests
[2026-01-01T02:37:13.944+0000] {logging_mixin.py:188} INFO - Err overview GSP: Failed to fetch data: 429 - Too Many Requests
[2026-01-01T02:37:14.076+0000] {logging_mixin.py:188} INFO - Err overview GSM: Failed to fetch data: 429 - Too Many Requests
[2026-01-01T02:37:14.193+0000] {logging_mixin.py:188} INFO - Err overview GQN: Failed to fetch data: 429 - Too Many Requests
[2026-01-01T02:37:14.325+0000] {logging_mixin.py:188} INFO - Err overview GPC: Failed to fetch data: 429 - Too Many Requests
[2026-01-01T02:37:14.469+0000] {logging_mixin.py:188} INFO - Err overview GND: Failed to fetch data: 429 - Too Many Requests
[2026-01-01T02:37:14.568+0000] {logging_mixin.py:188} INFO - Err overview GMX: Failed to fetch data: 429 - Too Many Requests
[2026-01-01T02:37:14.682+0000] {logging_mixin.py:188} INFO - Err overview GMH: Failed to fetch data: 429 - Too Many Requests
[2026-01-01T02:37:14.805+0000] {logging_mixin.py:188} INFO - Err overview GMD: Failed to fetch data: 429 - Too Many Requests
[2026-01-01T02:37:15.031+0000] {logging_mixin.py:188} INFO - Err overview GMC: Failed to fetch data: 429 - Too Many Requests
[2026-01-01T02:37:15.151+0000] {logging_mixin.py:188} INFO - Err overview GMA: Failed to fetch data: 429 - Too Many Requests
[2026-01-01T02:37:15.283+0000] {logging_mixin.py:188} INFO - Err overview GLW: Failed to fetch data: 429 - Too Many Requests
[2026-01-01T02:37:15.402+0000] {logging_mixin.py:188} INFO - Err overview GLT: Failed to fetch data: 429 - Too Many Requests
[2026-01-01T02:37:15.507+0000] {logging_mixin.py:188} INFO - Err overview GLC: Failed to fetch data: 429 - Too Many Requests
[2026-01-01T02:37:15.629+0000] {logging_mixin.py:188} INFO - Err overview GKM: Failed to fetch data: 429 - Too Many Requests
[2026-01-01T02:37:15.741+0000] {logging_mixin.py:188} INFO - Err overview GIL: Failed to fetch data: 429 - Too Many Requests
[2026-01-01T02:37:15.854+0000] {logging_mixin.py:188} INFO - Err overview GIC: Failed to fetch data: 429 - Too Many Requests
[2026-01-01T02:37:15.964+0000] {logging_mixin.py:188} INFO - Err overview GHC: Failed to fetch data: 429 - Too Many Requests
[2026-01-01T02:37:16.084+0000] {logging_mixin.py:188} INFO - Err overview GH3: Failed to fetch data: 429 - Too Many Requests
[2026-01-01T02:37:16.220+0000] {logging_mixin.py:188} INFO - Err overview GGG: Failed to fetch data: 429 - Too Many Requests
[2026-01-01T02:37:16.225+0000] {datalake_df2csv.py:40} INFO - DataFrame rỗng, bỏ qua upload CSV.
[2026-01-01T02:37:16.226+0000] {taskinstance.py:441} INFO - ::group::Post task execution logs
[2026-01-01T02:37:16.238+0000] {taskinstance.py:1206} INFO - Marking task as SUCCESS. dag_id=thongtin_cty_bctc, task_id=ingest_overview, run_id=scheduled__2025-12-30T00:00:00+00:00, map_index=60, execution_date=20251230T000000, start_date=20260101T023713, end_date=20260101T023716
[2026-01-01T02:37:16.281+0000] {local_task_job_runner.py:243} INFO - Task exited with return code 0
[2026-01-01T02:37:16.298+0000] {taskinstance.py:3503} INFO - 0 downstream tasks scheduled from follow-on schedule check
[2026-01-01T02:37:16.300+0000] {local_task_job_runner.py:222} INFO - ::endgroup::
