[2026-01-11T03:05:55.165+0000] {local_task_job_runner.py:120} INFO - ::group::Pre task execution logs
[2026-01-11T03:05:55.185+0000] {taskinstance.py:2076} INFO - Dependencies all met for dep_context=non-requeueable deps ti=<TaskInstance: thongtin_cty_bctc.ingest_bctc scheduled__2026-01-04T00:00:00+00:00 map_index=35 [queued]>
[2026-01-11T03:05:55.199+0000] {taskinstance.py:2076} INFO - Dependencies all met for dep_context=requeueable deps ti=<TaskInstance: thongtin_cty_bctc.ingest_bctc scheduled__2026-01-04T00:00:00+00:00 map_index=35 [queued]>
[2026-01-11T03:05:55.200+0000] {taskinstance.py:2306} INFO - Starting attempt 1 of 2
[2026-01-11T03:05:55.219+0000] {taskinstance.py:2330} INFO - Executing <Mapped(DfToCsvOperator): ingest_bctc> on 2026-01-04 00:00:00+00:00
[2026-01-11T03:05:55.228+0000] {warnings.py:112} WARNING - This process (pid=635) is multi-threaded, use of fork() may lead to deadlocks in the child.

[2026-01-11T03:05:55.230+0000] {standard_task_runner.py:64} INFO - Started process 676 to run task
[2026-01-11T03:05:55.232+0000] {standard_task_runner.py:90} INFO - Running: ['***', 'tasks', 'run', 'thongtin_cty_bctc', 'ingest_bctc', 'scheduled__2026-01-04T00:00:00+00:00', '--job-id', '9679', '--raw', '--subdir', 'DAGS_FOLDER/tt_cty_bctc.py', '--cfg-path', '/tmp/tmpdyl9_5yx', '--map-index', '35']
[2026-01-11T03:05:55.234+0000] {standard_task_runner.py:91} INFO - Job 9679: Subtask ingest_bctc
[2026-01-11T03:05:55.288+0000] {task_command.py:426} INFO - Running <TaskInstance: thongtin_cty_bctc.ingest_bctc scheduled__2026-01-04T00:00:00+00:00 map_index=35 [running]> on host 3f2af93df813
[2026-01-11T03:05:55.407+0000] {taskinstance.py:2648} INFO - Exporting env vars: AIRFLOW_CTX_DAG_OWNER='***' AIRFLOW_CTX_DAG_ID='thongtin_cty_bctc' AIRFLOW_CTX_TASK_ID='ingest_bctc' AIRFLOW_CTX_EXECUTION_DATE='2026-01-04T00:00:00+00:00' AIRFLOW_CTX_TRY_NUMBER='1' AIRFLOW_CTX_DAG_RUN_ID='scheduled__2026-01-04T00:00:00+00:00'
[2026-01-11T03:05:55.408+0000] {taskinstance.py:430} INFO - ::endgroup::
[2026-01-11T03:05:55.419+0000] {logging_mixin.py:188} INFO - Bắt đầu xử lý batch 20 mã: ['PHN', 'PHH', 'PHC', 'PGV', 'PGT', 'PGS', 'PGN', 'PGI', 'PGD', 'PGC', 'PGB', 'PFL', 'PET', 'PEQ', 'PEN', 'PEG', 'PEC', 'PDV', 'PDT', 'PDR']
[2026-01-11T03:05:55.420+0000] {logging_mixin.py:188} INFO -  >> Đang lấy dữ liệu: PHN
[2026-01-11T03:05:55.895+0000] {logging_mixin.py:188} INFO -  Lỗi xử lý mã PHN: Failed to fetch data: 429 - Too Many Requests
[2026-01-11T03:05:55.896+0000] {logging_mixin.py:188} INFO -  >> Đang lấy dữ liệu: PHH
[2026-01-11T03:05:56.121+0000] {logging_mixin.py:188} INFO -  Lỗi xử lý mã PHH: Failed to fetch data: 429 - Too Many Requests
[2026-01-11T03:05:56.122+0000] {logging_mixin.py:188} INFO -  >> Đang lấy dữ liệu: PHC
[2026-01-11T03:05:56.262+0000] {logging_mixin.py:188} INFO -  Lỗi xử lý mã PHC: Failed to fetch data: 429 - Too Many Requests
[2026-01-11T03:05:56.263+0000] {logging_mixin.py:188} INFO -  >> Đang lấy dữ liệu: PGV
[2026-01-11T03:05:57.130+0000] {logging_mixin.py:188} INFO -  Lỗi xử lý mã PGV: Failed to fetch data: 429 - Too Many Requests
[2026-01-11T03:05:57.131+0000] {logging_mixin.py:188} INFO -  >> Đang lấy dữ liệu: PGT
[2026-01-11T03:05:57.230+0000] {logging_mixin.py:188} INFO -  Lỗi xử lý mã PGT: Failed to fetch data: 429 - Too Many Requests
[2026-01-11T03:05:57.231+0000] {logging_mixin.py:188} INFO -  >> Đang lấy dữ liệu: PGS
[2026-01-11T03:05:57.398+0000] {logging_mixin.py:188} INFO -  Lỗi xử lý mã PGS: Failed to fetch data: 429 - Too Many Requests
[2026-01-11T03:05:57.399+0000] {logging_mixin.py:188} INFO -  >> Đang lấy dữ liệu: PGN
[2026-01-11T03:05:58.614+0000] {logging_mixin.py:188} INFO -  Lỗi xử lý mã PGN: Failed to fetch data: 429 - Too Many Requests
[2026-01-11T03:05:58.615+0000] {logging_mixin.py:188} INFO -  >> Đang lấy dữ liệu: PGI
[2026-01-11T03:05:58.711+0000] {logging_mixin.py:188} INFO -  Lỗi xử lý mã PGI: Failed to fetch data: 429 - Too Many Requests
[2026-01-11T03:05:58.712+0000] {logging_mixin.py:188} INFO -  >> Đang lấy dữ liệu: PGD
[2026-01-11T03:05:58.853+0000] {logging_mixin.py:188} INFO -  Lỗi xử lý mã PGD: Failed to fetch data: 429 - Too Many Requests
[2026-01-11T03:05:58.854+0000] {logging_mixin.py:188} INFO -  >> Đang lấy dữ liệu: PGC
[2026-01-11T03:05:59.259+0000] {logging_mixin.py:188} INFO -  Lỗi xử lý mã PGC: Failed to fetch data: 429 - Too Many Requests
[2026-01-11T03:05:59.260+0000] {logging_mixin.py:188} INFO -  >> Đang lấy dữ liệu: PGB
[2026-01-11T03:05:59.364+0000] {logging_mixin.py:188} INFO -  Lỗi xử lý mã PGB: Failed to fetch data: 429 - Too Many Requests
[2026-01-11T03:05:59.365+0000] {logging_mixin.py:188} INFO -  >> Đang lấy dữ liệu: PFL
[2026-01-11T03:05:59.580+0000] {logging_mixin.py:188} INFO -  Lỗi xử lý mã PFL: Failed to fetch data: 429 - Too Many Requests
[2026-01-11T03:05:59.581+0000] {logging_mixin.py:188} INFO -  >> Đang lấy dữ liệu: PET
[2026-01-11T03:06:00.286+0000] {logging_mixin.py:188} INFO -  Lỗi xử lý mã PET: Failed to fetch data: 429 - Too Many Requests
[2026-01-11T03:06:00.287+0000] {logging_mixin.py:188} INFO -  >> Đang lấy dữ liệu: PEQ
[2026-01-11T03:06:00.757+0000] {logging_mixin.py:188} INFO -  Lỗi xử lý mã PEQ: Failed to fetch data: 429 - Too Many Requests
[2026-01-11T03:06:00.758+0000] {logging_mixin.py:188} INFO -  >> Đang lấy dữ liệu: PEN
[2026-01-11T03:06:00.891+0000] {logging_mixin.py:188} INFO -  Lỗi xử lý mã PEN: Failed to fetch data: 429 - Too Many Requests
[2026-01-11T03:06:00.892+0000] {logging_mixin.py:188} INFO -  >> Đang lấy dữ liệu: PEG
[2026-01-11T03:06:01.041+0000] {logging_mixin.py:188} INFO -  Lỗi xử lý mã PEG: Failed to fetch data: 429 - Too Many Requests
[2026-01-11T03:06:01.042+0000] {logging_mixin.py:188} INFO -  >> Đang lấy dữ liệu: PEC
[2026-01-11T03:06:01.139+0000] {logging_mixin.py:188} INFO -  Lỗi xử lý mã PEC: Failed to fetch data: 429 - Too Many Requests
[2026-01-11T03:06:01.140+0000] {logging_mixin.py:188} INFO -  >> Đang lấy dữ liệu: PDV
[2026-01-11T03:06:01.459+0000] {logging_mixin.py:188} INFO -  Lỗi xử lý mã PDV: Failed to fetch data: 429 - Too Many Requests
[2026-01-11T03:06:01.460+0000] {logging_mixin.py:188} INFO -  >> Đang lấy dữ liệu: PDT
[2026-01-11T03:06:01.685+0000] {logging_mixin.py:188} INFO -  Lỗi xử lý mã PDT: Failed to fetch data: 429 - Too Many Requests
[2026-01-11T03:06:01.686+0000] {logging_mixin.py:188} INFO -  >> Đang lấy dữ liệu: PDR
[2026-01-11T03:06:01.803+0000] {logging_mixin.py:188} INFO -  Lỗi xử lý mã PDR: Failed to fetch data: 429 - Too Many Requests
[2026-01-11T03:06:01.804+0000] {logging_mixin.py:188} INFO -  ⚠ Batch này không thu được dữ liệu nào.
[2026-01-11T03:06:01.808+0000] {datalake_df2csv.py:40} INFO - DataFrame rỗng, bỏ qua upload CSV.
[2026-01-11T03:06:01.809+0000] {taskinstance.py:441} INFO - ::group::Post task execution logs
[2026-01-11T03:06:01.822+0000] {taskinstance.py:1206} INFO - Marking task as SUCCESS. dag_id=thongtin_cty_bctc, task_id=ingest_bctc, run_id=scheduled__2026-01-04T00:00:00+00:00, map_index=35, execution_date=20260104T000000, start_date=20260111T030555, end_date=20260111T030601
[2026-01-11T03:06:01.869+0000] {local_task_job_runner.py:243} INFO - Task exited with return code 0
[2026-01-11T03:06:01.890+0000] {taskinstance.py:3503} INFO - 0 downstream tasks scheduled from follow-on schedule check
[2026-01-11T03:06:01.895+0000] {local_task_job_runner.py:222} INFO - ::endgroup::
