[2026-01-01T02:57:03.738+0000] {local_task_job_runner.py:120} INFO - ::group::Pre task execution logs
[2026-01-01T02:57:03.770+0000] {taskinstance.py:2076} INFO - Dependencies all met for dep_context=non-requeueable deps ti=<TaskInstance: thongtin_cty_bctc.get_batches manual__2025-12-31T15:06:58.367608+00:00 [queued]>
[2026-01-01T02:57:03.786+0000] {taskinstance.py:2076} INFO - Dependencies all met for dep_context=requeueable deps ti=<TaskInstance: thongtin_cty_bctc.get_batches manual__2025-12-31T15:06:58.367608+00:00 [queued]>
[2026-01-01T02:57:03.787+0000] {taskinstance.py:2306} INFO - Starting attempt 4 of 5
[2026-01-01T02:57:03.807+0000] {taskinstance.py:2330} INFO - Executing <Task(_PythonDecoratedOperator): get_batches> on 2025-12-31 15:06:58.367608+00:00
[2026-01-01T02:57:03.827+0000] {warnings.py:112} WARNING - This process (pid=19999) is multi-threaded, use of fork() may lead to deadlocks in the child.

[2026-01-01T02:57:03.841+0000] {standard_task_runner.py:64} INFO - Started process 20103 to run task
[2026-01-01T02:57:03.862+0000] {standard_task_runner.py:90} INFO - Running: ['***', 'tasks', 'run', 'thongtin_cty_bctc', 'get_batches', 'manual__2025-12-31T15:06:58.367608+00:00', '--job-id', '2329', '--raw', '--subdir', 'DAGS_FOLDER/tt_cty_bctc.py', '--cfg-path', '/tmp/tmp_ocm_epp']
[2026-01-01T02:57:03.892+0000] {standard_task_runner.py:91} INFO - Job 2329: Subtask get_batches
[2026-01-01T02:57:04.005+0000] {task_command.py:426} INFO - Running <TaskInstance: thongtin_cty_bctc.get_batches manual__2025-12-31T15:06:58.367608+00:00 [running]> on host 43b0a0f7606b
[2026-01-01T02:57:04.174+0000] {taskinstance.py:2648} INFO - Exporting env vars: AIRFLOW_CTX_DAG_OWNER='***' AIRFLOW_CTX_DAG_ID='thongtin_cty_bctc' AIRFLOW_CTX_TASK_ID='get_batches' AIRFLOW_CTX_EXECUTION_DATE='2025-12-31T15:06:58.367608+00:00' AIRFLOW_CTX_TRY_NUMBER='4' AIRFLOW_CTX_DAG_RUN_ID='manual__2025-12-31T15:06:58.367608+00:00'
[2026-01-01T02:57:04.176+0000] {taskinstance.py:430} INFO - ::endgroup::
[2026-01-01T02:57:08.583+0000] {logging_mixin.py:188} INFO - Lỗi lấy danh sách mã: RetryError[<Future at 0x7f8847b56000 state=finished raised ConnectionError>]. Dùng cache nếu có.
[2026-01-01T02:57:08.593+0000] {taskinstance.py:441} INFO - ::group::Post task execution logs
[2026-01-01T02:57:08.612+0000] {taskinstance.py:2905} ERROR - Task failed with exception
Traceback (most recent call last):
  File "/home/airflow/.local/lib/python3.12/site-packages/airflow/models/taskinstance.py", line 465, in _execute_task
    result = _execute_callable(context=context, **execute_callable_kwargs)
             ^^^^^^^^^^^^^^^^^^^^^^^^^^^^^^^^^^^^^^^^^^^^^^^^^^^^^^^^^^^^^
  File "/home/airflow/.local/lib/python3.12/site-packages/airflow/models/taskinstance.py", line 432, in _execute_callable
    return execute_callable(context=context, **execute_callable_kwargs)
           ^^^^^^^^^^^^^^^^^^^^^^^^^^^^^^^^^^^^^^^^^^^^^^^^^^^^^^^^^^^^
  File "/home/airflow/.local/lib/python3.12/site-packages/airflow/models/baseoperator.py", line 401, in wrapper
    return func(self, *args, **kwargs)
           ^^^^^^^^^^^^^^^^^^^^^^^^^^^
  File "/home/airflow/.local/lib/python3.12/site-packages/airflow/decorators/base.py", line 265, in execute
    return_value = super().execute(context)
                   ^^^^^^^^^^^^^^^^^^^^^^^^
  File "/home/airflow/.local/lib/python3.12/site-packages/airflow/models/baseoperator.py", line 401, in wrapper
    return func(self, *args, **kwargs)
           ^^^^^^^^^^^^^^^^^^^^^^^^^^^
  File "/home/airflow/.local/lib/python3.12/site-packages/airflow/operators/python.py", line 235, in execute
    return_value = self.execute_callable()
                   ^^^^^^^^^^^^^^^^^^^^^^^
  File "/home/airflow/.local/lib/python3.12/site-packages/airflow/operators/python.py", line 252, in execute_callable
    return self.python_callable(*self.op_args, **self.op_kwargs)
           ^^^^^^^^^^^^^^^^^^^^^^^^^^^^^^^^^^^^^^^^^^^^^^^^^^^^^
  File "/opt/airflow/dags/tt_cty_bctc.py", line 29, in get_batches
    return [{"symbols": batch} for batch in get_ticker_batches(batch_size=3)]
                                            ^^^^^^^^^^^^^^^^^^^^^^^^^^^^^^^^
  File "/opt/airflow/plugins/tt_cty_va_bctc/list_macp.py", line 27, in get_ticker_batches
    raise AirflowException("Danh sách mã rỗng: API thất bại và không có cache tickers_cache.txt")
airflow.exceptions.AirflowException: Danh sách mã rỗng: API thất bại và không có cache tickers_cache.txt
[2026-01-01T02:57:08.639+0000] {taskinstance.py:1206} INFO - Marking task as UP_FOR_RETRY. dag_id=thongtin_cty_bctc, task_id=get_batches, run_id=manual__2025-12-31T15:06:58.367608+00:00, execution_date=20251231T150658, start_date=20260101T025703, end_date=20260101T025708
[2026-01-01T02:57:10.693+0000] {standard_task_runner.py:110} ERROR - Failed to execute job 2329 for task get_batches (Danh sách mã rỗng: API thất bại và không có cache tickers_cache.txt; 20103)
[2026-01-01T02:57:10.758+0000] {local_task_job_runner.py:243} INFO - Task exited with return code 1
[2026-01-01T02:57:10.861+0000] {taskinstance.py:3503} INFO - 0 downstream tasks scheduled from follow-on schedule check
[2026-01-01T02:57:10.868+0000] {local_task_job_runner.py:222} INFO - ::endgroup::
