[2026-01-12T16:02:00.897+0000] {local_task_job_runner.py:120} INFO - ::group::Pre task execution logs
[2026-01-12T16:02:00.925+0000] {taskinstance.py:2076} INFO - Dependencies all met for dep_context=non-requeueable deps ti=<TaskInstance: daily_price_minio.ingest_daily_price scheduled__2026-01-09T16:00:00+00:00 map_index=131 [queued]>
[2026-01-12T16:02:00.943+0000] {taskinstance.py:2076} INFO - Dependencies all met for dep_context=requeueable deps ti=<TaskInstance: daily_price_minio.ingest_daily_price scheduled__2026-01-09T16:00:00+00:00 map_index=131 [queued]>
[2026-01-12T16:02:00.943+0000] {taskinstance.py:2306} INFO - Starting attempt 1 of 2
[2026-01-12T16:02:00.957+0000] {taskinstance.py:2330} INFO - Executing <Mapped(DfToCsvOperator): ingest_daily_price> on 2026-01-09 16:00:00+00:00
[2026-01-12T16:02:00.968+0000] {warnings.py:112} WARNING - This process (pid=13662) is multi-threaded, use of fork() may lead to deadlocks in the child.

[2026-01-12T16:02:00.969+0000] {standard_task_runner.py:64} INFO - Started process 13787 to run task
[2026-01-12T16:02:00.971+0000] {standard_task_runner.py:90} INFO - Running: ['***', 'tasks', 'run', 'daily_price_minio', 'ingest_daily_price', 'scheduled__2026-01-09T16:00:00+00:00', '--job-id', '14705', '--raw', '--subdir', 'DAGS_FOLDER/daily_price_minio.py', '--cfg-path', '/tmp/tmpbznt2v9a', '--map-index', '131']
[2026-01-12T16:02:00.975+0000] {standard_task_runner.py:91} INFO - Job 14705: Subtask ingest_daily_price
[2026-01-12T16:02:01.036+0000] {task_command.py:426} INFO - Running <TaskInstance: daily_price_minio.ingest_daily_price scheduled__2026-01-09T16:00:00+00:00 map_index=131 [running]> on host 5a20a797a43c
[2026-01-12T16:02:01.180+0000] {taskinstance.py:2648} INFO - Exporting env vars: AIRFLOW_CTX_DAG_OWNER='***' AIRFLOW_CTX_DAG_ID='daily_price_minio' AIRFLOW_CTX_TASK_ID='ingest_daily_price' AIRFLOW_CTX_EXECUTION_DATE='2026-01-09T16:00:00+00:00' AIRFLOW_CTX_TRY_NUMBER='1' AIRFLOW_CTX_DAG_RUN_ID='scheduled__2026-01-09T16:00:00+00:00'
[2026-01-12T16:02:01.182+0000] {taskinstance.py:430} INFO - ::endgroup::
[2026-01-12T16:02:05.025+0000] {base.py:84} INFO - Using connection ID 'minio_finance' for task execution.
[2026-01-12T16:02:05.026+0000] {connection_wrapper.py:384} INFO - AWS Connection (conn_id='minio_finance', conn_type='aws') credentials retrieved from login and password.
[2026-01-12T16:02:06.167+0000] {datalake_df2csv.py:52} INFO - ✅ Đã upload 10 dòng -> s3://thongtin-congty-va-bctc/daily_price/2026-01-09/batch_131.csv
[2026-01-12T16:02:06.168+0000] {taskinstance.py:441} INFO - ::group::Post task execution logs
[2026-01-12T16:02:06.198+0000] {taskinstance.py:1206} INFO - Marking task as SUCCESS. dag_id=daily_price_minio, task_id=ingest_daily_price, run_id=scheduled__2026-01-09T16:00:00+00:00, map_index=131, execution_date=20260109T160000, start_date=20260112T160200, end_date=20260112T160206
[2026-01-12T16:02:06.312+0000] {local_task_job_runner.py:243} INFO - Task exited with return code 0
[2026-01-12T16:02:06.368+0000] {taskinstance.py:3503} INFO - 0 downstream tasks scheduled from follow-on schedule check
[2026-01-12T16:02:06.377+0000] {local_task_job_runner.py:222} INFO - ::endgroup::
