[2026-01-12T15:22:25.909+0000] {local_task_job_runner.py:120} INFO - ::group::Pre task execution logs
[2026-01-12T15:22:25.980+0000] {taskinstance.py:2076} INFO - Dependencies all met for dep_context=non-requeueable deps ti=<TaskInstance: financial_ratios_etl.ingest_financial_ratios manual__2026-01-12T15:14:43+00:00 map_index=464 [queued]>
[2026-01-12T15:22:26.033+0000] {taskinstance.py:2076} INFO - Dependencies all met for dep_context=requeueable deps ti=<TaskInstance: financial_ratios_etl.ingest_financial_ratios manual__2026-01-12T15:14:43+00:00 map_index=464 [queued]>
[2026-01-12T15:22:26.034+0000] {taskinstance.py:2306} INFO - Starting attempt 1 of 2
[2026-01-12T15:22:26.055+0000] {taskinstance.py:2330} INFO - Executing <Mapped(DfToCsvOperator): ingest_financial_ratios> on 2026-01-12 15:14:43+00:00
[2026-01-12T15:22:26.071+0000] {warnings.py:112} WARNING - This process (pid=6131) is multi-threaded, use of fork() may lead to deadlocks in the child.

[2026-01-12T15:22:26.073+0000] {standard_task_runner.py:64} INFO - Started process 6238 to run task
[2026-01-12T15:22:26.076+0000] {standard_task_runner.py:90} INFO - Running: ['***', 'tasks', 'run', 'financial_ratios_etl', 'ingest_financial_ratios', 'manual__2026-01-12T15:14:43+00:00', '--job-id', '14170', '--raw', '--subdir', 'DAGS_FOLDER/financial_ratios_etl.py', '--cfg-path', '/tmp/tmpuy20rvhk', '--map-index', '464']
[2026-01-12T15:22:26.081+0000] {standard_task_runner.py:91} INFO - Job 14170: Subtask ingest_financial_ratios
[2026-01-12T15:22:26.159+0000] {task_command.py:426} INFO - Running <TaskInstance: financial_ratios_etl.ingest_financial_ratios manual__2026-01-12T15:14:43+00:00 map_index=464 [running]> on host 5a20a797a43c
[2026-01-12T15:22:26.320+0000] {taskinstance.py:2648} INFO - Exporting env vars: AIRFLOW_CTX_DAG_OWNER='***' AIRFLOW_CTX_DAG_ID='financial_ratios_etl' AIRFLOW_CTX_TASK_ID='ingest_financial_ratios' AIRFLOW_CTX_EXECUTION_DATE='2026-01-12T15:14:43+00:00' AIRFLOW_CTX_TRY_NUMBER='1' AIRFLOW_CTX_DAG_RUN_ID='manual__2026-01-12T15:14:43+00:00'
[2026-01-12T15:22:26.322+0000] {taskinstance.py:430} INFO - ::endgroup::
[2026-01-12T15:22:26.332+0000] {logging_mixin.py:188} INFO - [RATIO] Bắt đầu xử lý batch 2 mã: ['LEC', 'LDW']
[2026-01-12T15:22:26.333+0000] {logging_mixin.py:188} INFO - [RATIO] Kỳ dữ liệu: quarter
[2026-01-12T15:22:26.334+0000] {logging_mixin.py:188} INFO -  >> [RATIO] Đang lấy dữ liệu: LEC
[2026-01-12T15:22:27.430+0000] {logging_mixin.py:188} INFO -  ✓ [RATIO] LEC: 39 rows
[2026-01-12T15:22:29.431+0000] {logging_mixin.py:188} INFO -  >> [RATIO] Đang lấy dữ liệu: LDW
[2026-01-12T15:22:30.163+0000] {logging_mixin.py:188} INFO -  ✓ [RATIO] LDW: 28 rows
[2026-01-12T15:22:32.168+0000] {logging_mixin.py:188} INFO -  ✅ [RATIO] Hoàn thành batch. Tổng số dòng: 67
[2026-01-12T15:22:32.207+0000] {base.py:84} INFO - Using connection ID 'minio_finance' for task execution.
[2026-01-12T15:22:32.210+0000] {connection_wrapper.py:384} INFO - AWS Connection (conn_id='minio_finance', conn_type='aws') credentials retrieved from login and password.
[2026-01-12T15:22:32.975+0000] {datalake_df2csv.py:52} INFO - ✅ Đã upload 67 dòng -> s3://thongtin-congty-va-bctc/financial_ratios/2026-01-12/batch_464.csv
[2026-01-12T15:22:32.977+0000] {taskinstance.py:441} INFO - ::group::Post task execution logs
[2026-01-12T15:22:32.990+0000] {taskinstance.py:1206} INFO - Marking task as SUCCESS. dag_id=financial_ratios_etl, task_id=ingest_financial_ratios, run_id=manual__2026-01-12T15:14:43+00:00, map_index=464, execution_date=20260112T151443, start_date=20260112T152225, end_date=20260112T152232
[2026-01-12T15:22:33.088+0000] {local_task_job_runner.py:243} INFO - Task exited with return code 0
[2026-01-12T15:22:33.109+0000] {taskinstance.py:3503} INFO - 0 downstream tasks scheduled from follow-on schedule check
[2026-01-12T15:22:33.112+0000] {local_task_job_runner.py:222} INFO - ::endgroup::
