[2026-01-11T04:02:35.360+0000] {local_task_job_runner.py:120} INFO - ::group::Pre task execution logs
[2026-01-11T04:02:35.396+0000] {taskinstance.py:2076} INFO - Dependencies all met for dep_context=non-requeueable deps ti=<TaskInstance: bctc.ingest_bctc manual__2026-01-11T04:01:06+00:00 map_index=26 [queued]>
[2026-01-11T04:02:35.423+0000] {taskinstance.py:2076} INFO - Dependencies all met for dep_context=requeueable deps ti=<TaskInstance: bctc.ingest_bctc manual__2026-01-11T04:01:06+00:00 map_index=26 [queued]>
[2026-01-11T04:02:35.424+0000] {taskinstance.py:2306} INFO - Starting attempt 1 of 2
[2026-01-11T04:02:35.449+0000] {taskinstance.py:2330} INFO - Executing <Mapped(DfToCsvOperator): ingest_bctc> on 2026-01-11 04:01:06+00:00
[2026-01-11T04:02:35.463+0000] {warnings.py:112} WARNING - This process (pid=1453) is multi-threaded, use of fork() may lead to deadlocks in the child.

[2026-01-11T04:02:35.464+0000] {standard_task_runner.py:64} INFO - Started process 1578 to run task
[2026-01-11T04:02:35.468+0000] {standard_task_runner.py:90} INFO - Running: ['***', 'tasks', 'run', 'bctc', 'ingest_bctc', 'manual__2026-01-11T04:01:06+00:00', '--job-id', '10211', '--raw', '--subdir', 'DAGS_FOLDER/tt_cty_bctc.py', '--cfg-path', '/tmp/tmpe02eequ3', '--map-index', '26']
[2026-01-11T04:02:35.470+0000] {standard_task_runner.py:91} INFO - Job 10211: Subtask ingest_bctc
[2026-01-11T04:02:35.533+0000] {task_command.py:426} INFO - Running <TaskInstance: bctc.ingest_bctc manual__2026-01-11T04:01:06+00:00 map_index=26 [running]> on host 3f2af93df813
[2026-01-11T04:02:35.679+0000] {taskinstance.py:2648} INFO - Exporting env vars: AIRFLOW_CTX_DAG_OWNER='***' AIRFLOW_CTX_DAG_ID='bctc' AIRFLOW_CTX_TASK_ID='ingest_bctc' AIRFLOW_CTX_EXECUTION_DATE='2026-01-11T04:01:06+00:00' AIRFLOW_CTX_TRY_NUMBER='1' AIRFLOW_CTX_DAG_RUN_ID='manual__2026-01-11T04:01:06+00:00'
[2026-01-11T04:02:35.680+0000] {taskinstance.py:430} INFO - ::endgroup::
[2026-01-11T04:02:35.688+0000] {logging_mixin.py:188} INFO - Bắt đầu xử lý batch 20 mã: ['SCV', 'SCS', 'SCR', 'SCO', 'SCL', 'SCJ', 'SCI', 'SCG', 'SCD', 'SCC', 'SCA', 'SC5', 'SBV', 'SBT', 'SBS', 'SBR', 'SBM', 'SBL', 'SBH', 'SBG']
[2026-01-11T04:02:35.689+0000] {logging_mixin.py:188} INFO -  >> Đang lấy dữ liệu: SCV
[2026-01-11T04:02:35.920+0000] {logging_mixin.py:188} INFO -  Lỗi xử lý mã SCV: Failed to fetch data: 429 - Too Many Requests
[2026-01-11T04:02:35.921+0000] {logging_mixin.py:188} INFO -  >> Đang lấy dữ liệu: SCS
[2026-01-11T04:02:36.122+0000] {logging_mixin.py:188} INFO -  Lỗi xử lý mã SCS: Failed to fetch data: 429 - Too Many Requests
[2026-01-11T04:02:36.124+0000] {logging_mixin.py:188} INFO -  >> Đang lấy dữ liệu: SCR
[2026-01-11T04:02:36.310+0000] {logging_mixin.py:188} INFO -  Lỗi xử lý mã SCR: Failed to fetch data: 429 - Too Many Requests
[2026-01-11T04:02:36.311+0000] {logging_mixin.py:188} INFO -  >> Đang lấy dữ liệu: SCO
[2026-01-11T04:02:36.538+0000] {logging_mixin.py:188} INFO -  Lỗi xử lý mã SCO: Failed to fetch data: 429 - Too Many Requests
[2026-01-11T04:02:36.539+0000] {logging_mixin.py:188} INFO -  >> Đang lấy dữ liệu: SCL
[2026-01-11T04:02:36.673+0000] {logging_mixin.py:188} INFO -  Lỗi xử lý mã SCL: Failed to fetch data: 429 - Too Many Requests
[2026-01-11T04:02:36.674+0000] {logging_mixin.py:188} INFO -  >> Đang lấy dữ liệu: SCJ
[2026-01-11T04:02:36.786+0000] {logging_mixin.py:188} INFO -  Lỗi xử lý mã SCJ: Failed to fetch data: 429 - Too Many Requests
[2026-01-11T04:02:36.787+0000] {logging_mixin.py:188} INFO -  >> Đang lấy dữ liệu: SCI
[2026-01-11T04:02:36.945+0000] {logging_mixin.py:188} INFO -  Lỗi xử lý mã SCI: Failed to fetch data: 429 - Too Many Requests
[2026-01-11T04:02:36.946+0000] {logging_mixin.py:188} INFO -  >> Đang lấy dữ liệu: SCG
[2026-01-11T04:02:37.064+0000] {logging_mixin.py:188} INFO -  Lỗi xử lý mã SCG: Failed to fetch data: 429 - Too Many Requests
[2026-01-11T04:02:37.066+0000] {logging_mixin.py:188} INFO -  >> Đang lấy dữ liệu: SCD
[2026-01-11T04:02:37.226+0000] {logging_mixin.py:188} INFO -  Lỗi xử lý mã SCD: Failed to fetch data: 429 - Too Many Requests
[2026-01-11T04:02:37.227+0000] {logging_mixin.py:188} INFO -  >> Đang lấy dữ liệu: SCC
[2026-01-11T04:02:37.352+0000] {logging_mixin.py:188} INFO -  Lỗi xử lý mã SCC: Failed to fetch data: 429 - Too Many Requests
[2026-01-11T04:02:37.353+0000] {logging_mixin.py:188} INFO -  >> Đang lấy dữ liệu: SCA
[2026-01-11T04:02:37.479+0000] {logging_mixin.py:188} INFO -  Lỗi xử lý mã SCA: Failed to fetch data: 429 - Too Many Requests
[2026-01-11T04:02:37.480+0000] {logging_mixin.py:188} INFO -  >> Đang lấy dữ liệu: SC5
[2026-01-11T04:02:37.629+0000] {logging_mixin.py:188} INFO -  Lỗi xử lý mã SC5: Failed to fetch data: 429 - Too Many Requests
[2026-01-11T04:02:37.631+0000] {logging_mixin.py:188} INFO -  >> Đang lấy dữ liệu: SBV
[2026-01-11T04:02:37.934+0000] {logging_mixin.py:188} INFO -  Lỗi xử lý mã SBV: Failed to fetch data: 429 - Too Many Requests
[2026-01-11T04:02:37.935+0000] {logging_mixin.py:188} INFO -  >> Đang lấy dữ liệu: SBT
[2026-01-11T04:02:38.090+0000] {logging_mixin.py:188} INFO -  Lỗi xử lý mã SBT: Failed to fetch data: 429 - Too Many Requests
[2026-01-11T04:02:38.091+0000] {logging_mixin.py:188} INFO -  >> Đang lấy dữ liệu: SBS
[2026-01-11T04:02:38.293+0000] {logging_mixin.py:188} INFO -  Lỗi xử lý mã SBS: Failed to fetch data: 429 - Too Many Requests
[2026-01-11T04:02:38.304+0000] {logging_mixin.py:188} INFO -  >> Đang lấy dữ liệu: SBR
[2026-01-11T04:02:38.440+0000] {logging_mixin.py:188} INFO -  Lỗi xử lý mã SBR: Failed to fetch data: 429 - Too Many Requests
[2026-01-11T04:02:38.441+0000] {logging_mixin.py:188} INFO -  >> Đang lấy dữ liệu: SBM
[2026-01-11T04:02:38.709+0000] {logging_mixin.py:188} INFO -  Lỗi xử lý mã SBM: Failed to fetch data: 429 - Too Many Requests
[2026-01-11T04:02:38.710+0000] {logging_mixin.py:188} INFO -  >> Đang lấy dữ liệu: SBL
[2026-01-11T04:02:38.859+0000] {logging_mixin.py:188} INFO -  Lỗi xử lý mã SBL: Failed to fetch data: 429 - Too Many Requests
[2026-01-11T04:02:38.860+0000] {logging_mixin.py:188} INFO -  >> Đang lấy dữ liệu: SBH
[2026-01-11T04:02:39.144+0000] {logging_mixin.py:188} INFO -  Lỗi xử lý mã SBH: Failed to fetch data: 429 - Too Many Requests
[2026-01-11T04:02:39.148+0000] {logging_mixin.py:188} INFO -  >> Đang lấy dữ liệu: SBG
[2026-01-11T04:02:39.336+0000] {logging_mixin.py:188} INFO -  Lỗi xử lý mã SBG: Failed to fetch data: 429 - Too Many Requests
[2026-01-11T04:02:39.337+0000] {logging_mixin.py:188} INFO -  ⚠ Batch này không thu được dữ liệu nào.
[2026-01-11T04:02:39.689+0000] {datalake_df2csv.py:40} INFO - DataFrame rỗng, bỏ qua upload CSV.
[2026-01-11T04:02:39.690+0000] {taskinstance.py:441} INFO - ::group::Post task execution logs
[2026-01-11T04:02:39.704+0000] {taskinstance.py:1206} INFO - Marking task as SUCCESS. dag_id=bctc, task_id=ingest_bctc, run_id=manual__2026-01-11T04:01:06+00:00, map_index=26, execution_date=20260111T040106, start_date=20260111T040235, end_date=20260111T040239
[2026-01-11T04:02:39.784+0000] {local_task_job_runner.py:243} INFO - Task exited with return code 0
[2026-01-11T04:02:39.843+0000] {taskinstance.py:3503} INFO - 0 downstream tasks scheduled from follow-on schedule check
[2026-01-11T04:02:39.854+0000] {local_task_job_runner.py:222} INFO - ::endgroup::
