[2026-01-01T03:11:30.376+0000] {local_task_job_runner.py:120} INFO - ::group::Pre task execution logs
[2026-01-01T03:11:30.437+0000] {taskinstance.py:2076} INFO - Dependencies all met for dep_context=non-requeueable deps ti=<TaskInstance: thongtin_cty_bctc.ingest_bctc manual__2026-01-01T02:33:01.279885+00:00 map_index=1 [queued]>
[2026-01-01T03:11:30.475+0000] {taskinstance.py:2076} INFO - Dependencies all met for dep_context=requeueable deps ti=<TaskInstance: thongtin_cty_bctc.ingest_bctc manual__2026-01-01T02:33:01.279885+00:00 map_index=1 [queued]>
[2026-01-01T03:11:30.478+0000] {taskinstance.py:2306} INFO - Starting attempt 3 of 4
[2026-01-01T03:11:30.512+0000] {taskinstance.py:2330} INFO - Executing <Mapped(DfToCsvOperator): ingest_bctc> on 2026-01-01 02:33:01.279885+00:00
[2026-01-01T03:11:30.539+0000] {warnings.py:112} WARNING - This process (pid=32481) is multi-threaded, use of fork() may lead to deadlocks in the child.

[2026-01-01T03:11:30.545+0000] {standard_task_runner.py:64} INFO - Started process 32642 to run task
[2026-01-01T03:11:30.550+0000] {standard_task_runner.py:90} INFO - Running: ['***', 'tasks', 'run', 'thongtin_cty_bctc', 'ingest_bctc', 'manual__2026-01-01T02:33:01.279885+00:00', '--job-id', '3458', '--raw', '--subdir', 'DAGS_FOLDER/tt_cty_bctc.py', '--cfg-path', '/tmp/tmpeuhvw5hy', '--map-index', '1']
[2026-01-01T03:11:30.555+0000] {standard_task_runner.py:91} INFO - Job 3458: Subtask ingest_bctc
[2026-01-01T03:11:30.731+0000] {task_command.py:426} INFO - Running <TaskInstance: thongtin_cty_bctc.ingest_bctc manual__2026-01-01T02:33:01.279885+00:00 map_index=1 [running]> on host 43b0a0f7606b
[2026-01-01T03:11:30.943+0000] {taskinstance.py:2648} INFO - Exporting env vars: AIRFLOW_CTX_DAG_OWNER='***' AIRFLOW_CTX_DAG_ID='thongtin_cty_bctc' AIRFLOW_CTX_TASK_ID='ingest_bctc' AIRFLOW_CTX_EXECUTION_DATE='2026-01-01T02:33:01.279885+00:00' AIRFLOW_CTX_TRY_NUMBER='3' AIRFLOW_CTX_DAG_RUN_ID='manual__2026-01-01T02:33:01.279885+00:00'
[2026-01-01T03:11:30.945+0000] {taskinstance.py:430} INFO - ::endgroup::
[2026-01-01T03:11:30.957+0000] {logging_mixin.py:188} INFO - Bắt đầu xử lý batch 3 mã: ['YBC', 'XPH', 'XMP']
[2026-01-01T03:11:30.958+0000] {logging_mixin.py:188} INFO -  >> Đang lấy dữ liệu: YBC
[2026-01-01T03:11:33.948+0000] {logging_mixin.py:188} INFO -  >> Đang lấy dữ liệu: XPH
[2026-01-01T03:11:38.750+0000] {logging_mixin.py:188} INFO -  >> Đang lấy dữ liệu: XMP
[2026-01-01T03:11:42.037+0000] {logging_mixin.py:188} INFO -  ✓ Hoàn thành batch. Tổng số dòng: 4911
[2026-01-01T03:11:42.081+0000] {base.py:84} INFO - Using connection ID 'minio_finance' for task execution.
[2026-01-01T03:11:42.082+0000] {connection_wrapper.py:384} INFO - AWS Connection (conn_id='minio_finance', conn_type='aws') credentials retrieved from login and password.
[2026-01-01T03:11:42.455+0000] {datalake_df2csv.py:53} INFO - ✅ Đã upload 4911 dòng -> s3://thongtin-congty-va-bctc/bctc/2026-01-01/batch_1.csv
[2026-01-01T03:11:42.456+0000] {taskinstance.py:441} INFO - ::group::Post task execution logs
[2026-01-01T03:11:42.466+0000] {taskinstance.py:1206} INFO - Marking task as SUCCESS. dag_id=thongtin_cty_bctc, task_id=ingest_bctc, run_id=manual__2026-01-01T02:33:01.279885+00:00, map_index=1, execution_date=20260101T023301, start_date=20260101T031130, end_date=20260101T031142
[2026-01-01T03:11:42.523+0000] {local_task_job_runner.py:243} INFO - Task exited with return code 0
[2026-01-01T03:11:42.532+0000] {local_task_job_runner.py:222} INFO - ::endgroup::
