[2026-01-01T02:56:08.020+0000] {local_task_job_runner.py:120} INFO - ::group::Pre task execution logs
[2026-01-01T02:56:08.091+0000] {taskinstance.py:2076} INFO - Dependencies all met for dep_context=non-requeueable deps ti=<TaskInstance: thongtin_cty_bctc.ingest_bctc manual__2026-01-01T02:33:01.279885+00:00 map_index=1 [queued]>
[2026-01-01T02:56:08.116+0000] {taskinstance.py:2076} INFO - Dependencies all met for dep_context=requeueable deps ti=<TaskInstance: thongtin_cty_bctc.ingest_bctc manual__2026-01-01T02:33:01.279885+00:00 map_index=1 [queued]>
[2026-01-01T02:56:08.134+0000] {taskinstance.py:2306} INFO - Starting attempt 1 of 2
[2026-01-01T02:56:08.291+0000] {taskinstance.py:2330} INFO - Executing <Mapped(DfToCsvOperator): ingest_bctc> on 2026-01-01 02:33:01.279885+00:00
[2026-01-01T02:56:08.331+0000] {standard_task_runner.py:90} INFO - Running: ['***', 'tasks', 'run', 'thongtin_cty_bctc', 'ingest_bctc', 'manual__2026-01-01T02:33:01.279885+00:00', '--job-id', '2255', '--raw', '--subdir', 'DAGS_FOLDER/tt_cty_bctc.py', '--cfg-path', '/tmp/tmpi3o62x4j', '--map-index', '1']
[2026-01-01T02:56:08.338+0000] {standard_task_runner.py:91} INFO - Job 2255: Subtask ingest_bctc
[2026-01-01T02:56:08.345+0000] {warnings.py:112} WARNING - This process (pid=19136) is multi-threaded, use of fork() may lead to deadlocks in the child.

[2026-01-01T02:56:08.354+0000] {standard_task_runner.py:64} INFO - Started process 19255 to run task
[2026-01-01T02:56:08.535+0000] {task_command.py:426} INFO - Running <TaskInstance: thongtin_cty_bctc.ingest_bctc manual__2026-01-01T02:33:01.279885+00:00 map_index=1 [running]> on host 43b0a0f7606b
[2026-01-01T02:56:08.755+0000] {taskinstance.py:2648} INFO - Exporting env vars: AIRFLOW_CTX_DAG_OWNER='***' AIRFLOW_CTX_DAG_ID='thongtin_cty_bctc' AIRFLOW_CTX_TASK_ID='ingest_bctc' AIRFLOW_CTX_EXECUTION_DATE='2026-01-01T02:33:01.279885+00:00' AIRFLOW_CTX_TRY_NUMBER='1' AIRFLOW_CTX_DAG_RUN_ID='manual__2026-01-01T02:33:01.279885+00:00'
[2026-01-01T02:56:08.756+0000] {taskinstance.py:430} INFO - ::endgroup::
[2026-01-01T02:56:08.773+0000] {logging_mixin.py:188} INFO - Bắt đầu xử lý batch 3 mã: ['VIC', 'VHM', 'VCB']
[2026-01-01T02:56:08.774+0000] {logging_mixin.py:188} INFO -  >> Đang lấy dữ liệu: VIC
[2026-01-01T02:56:08.950+0000] {logging_mixin.py:188} INFO -  Lỗi xử lý mã VIC: Failed to fetch data: 429 - Too Many Requests
[2026-01-01T02:56:08.951+0000] {logging_mixin.py:188} INFO -  >> Đang lấy dữ liệu: VHM
[2026-01-01T02:56:09.210+0000] {logging_mixin.py:188} INFO -  Lỗi xử lý mã VHM: Failed to fetch data: 429 - Too Many Requests
[2026-01-01T02:56:09.213+0000] {logging_mixin.py:188} INFO -  >> Đang lấy dữ liệu: VCB
[2026-01-01T02:56:09.367+0000] {logging_mixin.py:188} INFO -  Lỗi xử lý mã VCB: Failed to fetch data: 429 - Too Many Requests
[2026-01-01T02:56:09.368+0000] {logging_mixin.py:188} INFO -  ⚠ Batch này không thu được dữ liệu nào.
[2026-01-01T02:56:09.379+0000] {datalake_df2csv.py:40} INFO - DataFrame rỗng, bỏ qua upload CSV.
[2026-01-01T02:56:09.387+0000] {taskinstance.py:441} INFO - ::group::Post task execution logs
[2026-01-01T02:56:09.411+0000] {taskinstance.py:1206} INFO - Marking task as SUCCESS. dag_id=thongtin_cty_bctc, task_id=ingest_bctc, run_id=manual__2026-01-01T02:33:01.279885+00:00, map_index=1, execution_date=20260101T023301, start_date=20260101T025608, end_date=20260101T025609
[2026-01-01T02:56:09.507+0000] {local_task_job_runner.py:243} INFO - Task exited with return code 0
[2026-01-01T02:56:09.531+0000] {local_task_job_runner.py:222} INFO - ::endgroup::
