[2026-01-12T15:27:08.401+0000] {local_task_job_runner.py:120} INFO - ::group::Pre task execution logs
[2026-01-12T15:27:08.504+0000] {taskinstance.py:2076} INFO - Dependencies all met for dep_context=non-requeueable deps ti=<TaskInstance: financial_ratios_etl.ingest_financial_ratios manual__2026-01-12T15:14:43+00:00 map_index=795 [queued]>
[2026-01-12T15:27:08.598+0000] {taskinstance.py:2076} INFO - Dependencies all met for dep_context=requeueable deps ti=<TaskInstance: financial_ratios_etl.ingest_financial_ratios manual__2026-01-12T15:14:43+00:00 map_index=795 [queued]>
[2026-01-12T15:27:08.599+0000] {taskinstance.py:2306} INFO - Starting attempt 1 of 2
[2026-01-12T15:27:08.627+0000] {taskinstance.py:2330} INFO - Executing <Mapped(DfToCsvOperator): ingest_financial_ratios> on 2026-01-12 15:14:43+00:00
[2026-01-12T15:27:08.647+0000] {warnings.py:112} WARNING - This process (pid=10481) is multi-threaded, use of fork() may lead to deadlocks in the child.

[2026-01-12T15:27:08.649+0000] {standard_task_runner.py:64} INFO - Started process 10552 to run task
[2026-01-12T15:27:08.653+0000] {standard_task_runner.py:90} INFO - Running: ['***', 'tasks', 'run', 'financial_ratios_etl', 'ingest_financial_ratios', 'manual__2026-01-12T15:14:43+00:00', '--job-id', '14501', '--raw', '--subdir', 'DAGS_FOLDER/financial_ratios_etl.py', '--cfg-path', '/tmp/tmp7qcr1wm8', '--map-index', '795']
[2026-01-12T15:27:08.657+0000] {standard_task_runner.py:91} INFO - Job 14501: Subtask ingest_financial_ratios
[2026-01-12T15:27:08.745+0000] {task_command.py:426} INFO - Running <TaskInstance: financial_ratios_etl.ingest_financial_ratios manual__2026-01-12T15:14:43+00:00 map_index=795 [running]> on host 5a20a797a43c
[2026-01-12T15:27:08.948+0000] {taskinstance.py:2648} INFO - Exporting env vars: AIRFLOW_CTX_DAG_OWNER='***' AIRFLOW_CTX_DAG_ID='financial_ratios_etl' AIRFLOW_CTX_TASK_ID='ingest_financial_ratios' AIRFLOW_CTX_EXECUTION_DATE='2026-01-12T15:14:43+00:00' AIRFLOW_CTX_TRY_NUMBER='1' AIRFLOW_CTX_DAG_RUN_ID='manual__2026-01-12T15:14:43+00:00'
[2026-01-12T15:27:08.956+0000] {taskinstance.py:430} INFO - ::endgroup::
[2026-01-12T15:27:08.980+0000] {logging_mixin.py:188} INFO - [RATIO] Bắt đầu xử lý batch 2 mã: ['BQB', 'BPW']
[2026-01-12T15:27:08.981+0000] {logging_mixin.py:188} INFO - [RATIO] Kỳ dữ liệu: quarter
[2026-01-12T15:27:08.986+0000] {logging_mixin.py:188} INFO -  >> [RATIO] Đang lấy dữ liệu: BQB
[2026-01-12T15:27:09.891+0000] {logging_mixin.py:188} INFO -  ✓ [RATIO] BQB: 23 rows
[2026-01-12T15:27:11.891+0000] {logging_mixin.py:188} INFO -  >> [RATIO] Đang lấy dữ liệu: BPW
[2026-01-12T15:27:12.361+0000] {logging_mixin.py:188} INFO -  ❌ [RATIO] Lỗi xử lý mã BPW: 'NoneType' object is not subscriptable
[2026-01-12T15:27:12.363+0000] {logging_mixin.py:188} INFO -  ✅ [RATIO] Hoàn thành batch. Tổng số dòng: 23
[2026-01-12T15:27:12.395+0000] {base.py:84} INFO - Using connection ID 'minio_finance' for task execution.
[2026-01-12T15:27:12.396+0000] {connection_wrapper.py:384} INFO - AWS Connection (conn_id='minio_finance', conn_type='aws') credentials retrieved from login and password.
[2026-01-12T15:27:13.244+0000] {datalake_df2csv.py:52} INFO - ✅ Đã upload 23 dòng -> s3://thongtin-congty-va-bctc/financial_ratios/2026-01-12/batch_795.csv
[2026-01-12T15:27:13.245+0000] {taskinstance.py:441} INFO - ::group::Post task execution logs
[2026-01-12T15:27:13.258+0000] {taskinstance.py:1206} INFO - Marking task as SUCCESS. dag_id=financial_ratios_etl, task_id=ingest_financial_ratios, run_id=manual__2026-01-12T15:14:43+00:00, map_index=795, execution_date=20260112T151443, start_date=20260112T152708, end_date=20260112T152713
[2026-01-12T15:27:13.339+0000] {local_task_job_runner.py:243} INFO - Task exited with return code 0
[2026-01-12T15:27:13.375+0000] {taskinstance.py:3503} INFO - 0 downstream tasks scheduled from follow-on schedule check
[2026-01-12T15:27:13.386+0000] {local_task_job_runner.py:222} INFO - ::endgroup::
