[2026-01-01T08:57:41.589+0000] {local_task_job_runner.py:120} INFO - ::group::Pre task execution logs
[2026-01-01T08:57:41.645+0000] {taskinstance.py:2076} INFO - Dependencies all met for dep_context=non-requeueable deps ti=<TaskInstance: thongtin_cty_bctc.ingest_bctc manual__2026-01-01T00:00:00+00:00 map_index=100 [queued]>
[2026-01-01T08:57:41.688+0000] {taskinstance.py:2076} INFO - Dependencies all met for dep_context=requeueable deps ti=<TaskInstance: thongtin_cty_bctc.ingest_bctc manual__2026-01-01T00:00:00+00:00 map_index=100 [queued]>
[2026-01-01T08:57:41.688+0000] {taskinstance.py:2306} INFO - Starting attempt 1 of 2
[2026-01-01T08:57:41.708+0000] {taskinstance.py:2330} INFO - Executing <Mapped(DfToCsvOperator): ingest_bctc> on 2026-01-01 00:00:00+00:00
[2026-01-01T08:57:41.721+0000] {warnings.py:112} WARNING - This process (pid=4547) is multi-threaded, use of fork() may lead to deadlocks in the child.

[2026-01-01T08:57:41.723+0000] {standard_task_runner.py:64} INFO - Started process 4614 to run task
[2026-01-01T08:57:41.725+0000] {standard_task_runner.py:90} INFO - Running: ['***', 'tasks', 'run', 'thongtin_cty_bctc', 'ingest_bctc', 'manual__2026-01-01T00:00:00+00:00', '--job-id', '4144', '--raw', '--subdir', 'DAGS_FOLDER/tt_cty_bctc.py', '--cfg-path', '/tmp/tmpkmp3seix', '--map-index', '100']
[2026-01-01T08:57:41.728+0000] {standard_task_runner.py:91} INFO - Job 4144: Subtask ingest_bctc
[2026-01-01T08:57:41.796+0000] {task_command.py:426} INFO - Running <TaskInstance: thongtin_cty_bctc.ingest_bctc manual__2026-01-01T00:00:00+00:00 map_index=100 [running]> on host b455963a0603
[2026-01-01T08:57:42.227+0000] {taskinstance.py:2648} INFO - Exporting env vars: AIRFLOW_CTX_DAG_OWNER='***' AIRFLOW_CTX_DAG_ID='thongtin_cty_bctc' AIRFLOW_CTX_TASK_ID='ingest_bctc' AIRFLOW_CTX_EXECUTION_DATE='2026-01-01T00:00:00+00:00' AIRFLOW_CTX_TRY_NUMBER='1' AIRFLOW_CTX_DAG_RUN_ID='manual__2026-01-01T00:00:00+00:00'
[2026-01-01T08:57:42.228+0000] {taskinstance.py:430} INFO - ::endgroup::
[2026-01-01T08:57:42.234+0000] {logging_mixin.py:188} INFO - Bắt đầu xử lý batch 3 mã: ['TMC', 'TMB', 'TLT']
[2026-01-01T08:57:42.235+0000] {logging_mixin.py:188} INFO -  >> Đang lấy dữ liệu: TMC
[2026-01-01T08:57:44.978+0000] {logging_mixin.py:188} INFO -  >> Đang lấy dữ liệu: TMB
[2026-01-01T08:57:47.634+0000] {logging_mixin.py:188} INFO -  >> Đang lấy dữ liệu: TLT
[2026-01-01T08:57:50.258+0000] {logging_mixin.py:188} INFO -  ✓ Hoàn thành batch. Tổng số dòng: 7749
[2026-01-01T08:57:50.317+0000] {base.py:84} INFO - Using connection ID 'minio_finance' for task execution.
[2026-01-01T08:57:50.319+0000] {connection_wrapper.py:384} INFO - AWS Connection (conn_id='minio_finance', conn_type='aws') credentials retrieved from login and password.
[2026-01-01T08:57:50.754+0000] {datalake_df2csv.py:53} INFO - ✅ Đã upload 7749 dòng -> s3://thongtin-congty-va-bctc/bctc/2026-01-01/batch_100.csv
[2026-01-01T08:57:50.756+0000] {taskinstance.py:441} INFO - ::group::Post task execution logs
[2026-01-01T08:57:50.769+0000] {taskinstance.py:1206} INFO - Marking task as SUCCESS. dag_id=thongtin_cty_bctc, task_id=ingest_bctc, run_id=manual__2026-01-01T00:00:00+00:00, map_index=100, execution_date=20260101T000000, start_date=20260101T085741, end_date=20260101T085750
[2026-01-01T08:57:51.768+0000] {local_task_job_runner.py:243} INFO - Task exited with return code 0
[2026-01-01T08:57:52.064+0000] {taskinstance.py:3503} INFO - 0 downstream tasks scheduled from follow-on schedule check
[2026-01-01T08:57:52.089+0000] {local_task_job_runner.py:222} INFO - ::endgroup::
