[2026-01-01T09:07:27.423+0000] {local_task_job_runner.py:120} INFO - ::group::Pre task execution logs
[2026-01-01T09:07:27.464+0000] {taskinstance.py:2076} INFO - Dependencies all met for dep_context=non-requeueable deps ti=<TaskInstance: thongtin_cty_bctc.ingest_bctc scheduled__2025-12-30T00:00:00+00:00 map_index=74 [queued]>
[2026-01-01T09:07:27.490+0000] {taskinstance.py:2076} INFO - Dependencies all met for dep_context=requeueable deps ti=<TaskInstance: thongtin_cty_bctc.ingest_bctc scheduled__2025-12-30T00:00:00+00:00 map_index=74 [queued]>
[2026-01-01T09:07:27.491+0000] {taskinstance.py:2306} INFO - Starting attempt 4 of 5
[2026-01-01T09:07:27.513+0000] {taskinstance.py:2330} INFO - Executing <Mapped(DfToCsvOperator): ingest_bctc> on 2025-12-30 00:00:00+00:00
[2026-01-01T09:07:27.527+0000] {warnings.py:112} WARNING - This process (pid=11209) is multi-threaded, use of fork() may lead to deadlocks in the child.

[2026-01-01T09:07:27.529+0000] {standard_task_runner.py:64} INFO - Started process 11274 to run task
[2026-01-01T09:07:27.531+0000] {standard_task_runner.py:90} INFO - Running: ['***', 'tasks', 'run', 'thongtin_cty_bctc', 'ingest_bctc', 'scheduled__2025-12-30T00:00:00+00:00', '--job-id', '4653', '--raw', '--subdir', 'DAGS_FOLDER/tt_cty_bctc.py', '--cfg-path', '/tmp/tmprr2oqmb8', '--map-index', '74']
[2026-01-01T09:07:27.533+0000] {standard_task_runner.py:91} INFO - Job 4653: Subtask ingest_bctc
[2026-01-01T09:07:27.599+0000] {task_command.py:426} INFO - Running <TaskInstance: thongtin_cty_bctc.ingest_bctc scheduled__2025-12-30T00:00:00+00:00 map_index=74 [running]> on host b455963a0603
[2026-01-01T09:07:27.729+0000] {taskinstance.py:2648} INFO - Exporting env vars: AIRFLOW_CTX_DAG_OWNER='***' AIRFLOW_CTX_DAG_ID='thongtin_cty_bctc' AIRFLOW_CTX_TASK_ID='ingest_bctc' AIRFLOW_CTX_EXECUTION_DATE='2025-12-30T00:00:00+00:00' AIRFLOW_CTX_TRY_NUMBER='4' AIRFLOW_CTX_DAG_RUN_ID='scheduled__2025-12-30T00:00:00+00:00'
[2026-01-01T09:07:27.731+0000] {taskinstance.py:430} INFO - ::endgroup::
[2026-01-01T09:07:27.739+0000] {logging_mixin.py:188} INFO - Bắt đầu xử lý batch 3 mã: ['TVT', 'TVS', 'TVP']
[2026-01-01T09:07:27.740+0000] {logging_mixin.py:188} INFO -  >> Đang lấy dữ liệu: TVT
[2026-01-01T09:07:33.488+0000] {logging_mixin.py:188} INFO -  >> Đang lấy dữ liệu: TVS
[2026-01-01T09:07:36.315+0000] {logging_mixin.py:188} INFO -  >> Đang lấy dữ liệu: TVP
[2026-01-01T09:07:39.248+0000] {logging_mixin.py:188} INFO -  ✓ Hoàn thành batch. Tổng số dòng: 9186
[2026-01-01T09:07:39.319+0000] {base.py:84} INFO - Using connection ID 'minio_finance' for task execution.
[2026-01-01T09:07:39.320+0000] {connection_wrapper.py:384} INFO - AWS Connection (conn_id='minio_finance', conn_type='aws') credentials retrieved from login and password.
[2026-01-01T09:07:39.794+0000] {datalake_df2csv.py:53} INFO - ✅ Đã upload 9186 dòng -> s3://thongtin-congty-va-bctc/bctc/2025-12-30/batch_74.csv
[2026-01-01T09:07:39.797+0000] {taskinstance.py:441} INFO - ::group::Post task execution logs
[2026-01-01T09:07:39.812+0000] {taskinstance.py:1206} INFO - Marking task as SUCCESS. dag_id=thongtin_cty_bctc, task_id=ingest_bctc, run_id=scheduled__2025-12-30T00:00:00+00:00, map_index=74, execution_date=20251230T000000, start_date=20260101T090727, end_date=20260101T090739
[2026-01-01T09:07:39.896+0000] {local_task_job_runner.py:243} INFO - Task exited with return code 0
[2026-01-01T09:07:40.234+0000] {taskinstance.py:3503} INFO - 0 downstream tasks scheduled from follow-on schedule check
[2026-01-01T09:07:40.238+0000] {local_task_job_runner.py:222} INFO - ::endgroup::
