[2026-01-01T02:56:17.300+0000] {local_task_job_runner.py:120} INFO - ::group::Pre task execution logs
[2026-01-01T02:56:17.341+0000] {taskinstance.py:2076} INFO - Dependencies all met for dep_context=non-requeueable deps ti=<TaskInstance: thongtin_cty_bctc.ingest_overview manual__2026-01-01T02:33:43.210877+00:00 map_index=2 [queued]>
[2026-01-01T02:56:17.359+0000] {taskinstance.py:2076} INFO - Dependencies all met for dep_context=requeueable deps ti=<TaskInstance: thongtin_cty_bctc.ingest_overview manual__2026-01-01T02:33:43.210877+00:00 map_index=2 [queued]>
[2026-01-01T02:56:17.360+0000] {taskinstance.py:2306} INFO - Starting attempt 1 of 2
[2026-01-01T02:56:17.388+0000] {taskinstance.py:2330} INFO - Executing <Mapped(DfToCsvOperator): ingest_overview> on 2026-01-01 02:33:43.210877+00:00
[2026-01-01T02:56:17.466+0000] {warnings.py:112} WARNING - This process (pid=19353) is multi-threaded, use of fork() may lead to deadlocks in the child.

[2026-01-01T02:56:17.477+0000] {standard_task_runner.py:64} INFO - Started process 19476 to run task
[2026-01-01T02:56:17.483+0000] {standard_task_runner.py:90} INFO - Running: ['***', 'tasks', 'run', 'thongtin_cty_bctc', 'ingest_overview', 'manual__2026-01-01T02:33:43.210877+00:00', '--job-id', '2274', '--raw', '--subdir', 'DAGS_FOLDER/tt_cty_bctc.py', '--cfg-path', '/tmp/tmpww5eh23w', '--map-index', '2']
[2026-01-01T02:56:17.486+0000] {standard_task_runner.py:91} INFO - Job 2274: Subtask ingest_overview
[2026-01-01T02:56:17.629+0000] {task_command.py:426} INFO - Running <TaskInstance: thongtin_cty_bctc.ingest_overview manual__2026-01-01T02:33:43.210877+00:00 map_index=2 [running]> on host 43b0a0f7606b
[2026-01-01T02:56:18.006+0000] {taskinstance.py:2648} INFO - Exporting env vars: AIRFLOW_CTX_DAG_OWNER='***' AIRFLOW_CTX_DAG_ID='thongtin_cty_bctc' AIRFLOW_CTX_TASK_ID='ingest_overview' AIRFLOW_CTX_EXECUTION_DATE='2026-01-01T02:33:43.210877+00:00' AIRFLOW_CTX_TRY_NUMBER='1' AIRFLOW_CTX_DAG_RUN_ID='manual__2026-01-01T02:33:43.210877+00:00'
[2026-01-01T02:56:18.009+0000] {taskinstance.py:430} INFO - ::endgroup::
[2026-01-01T02:56:18.178+0000] {logging_mixin.py:188} INFO - Err overview CTG: Failed to fetch data: 429 - Too Many Requests
[2026-01-01T02:56:19.315+0000] {logging_mixin.py:188} INFO - Err overview TPB: Failed to fetch data: 429 - Too Many Requests
[2026-01-01T02:56:20.463+0000] {logging_mixin.py:188} INFO - Err overview MWG: Failed to fetch data: 429 - Too Many Requests
[2026-01-01T02:56:21.505+0000] {datalake_df2csv.py:40} INFO - DataFrame rỗng, bỏ qua upload CSV.
[2026-01-01T02:56:21.506+0000] {taskinstance.py:441} INFO - ::group::Post task execution logs
[2026-01-01T02:56:21.536+0000] {taskinstance.py:1206} INFO - Marking task as SUCCESS. dag_id=thongtin_cty_bctc, task_id=ingest_overview, run_id=manual__2026-01-01T02:33:43.210877+00:00, map_index=2, execution_date=20260101T023343, start_date=20260101T025617, end_date=20260101T025621
[2026-01-01T02:56:21.609+0000] {local_task_job_runner.py:243} INFO - Task exited with return code 0
[2026-01-01T02:56:21.654+0000] {taskinstance.py:3503} INFO - 0 downstream tasks scheduled from follow-on schedule check
[2026-01-01T02:56:21.660+0000] {local_task_job_runner.py:222} INFO - ::endgroup::
