[2026-01-01T03:14:27.139+0000] {local_task_job_runner.py:120} INFO - ::group::Pre task execution logs
[2026-01-01T03:14:27.173+0000] {taskinstance.py:2076} INFO - Dependencies all met for dep_context=non-requeueable deps ti=<TaskInstance: thongtin_cty_bctc.ingest_bctc scheduled__2025-12-30T00:00:00+00:00 map_index=34 [queued]>
[2026-01-01T03:14:27.195+0000] {taskinstance.py:2076} INFO - Dependencies all met for dep_context=requeueable deps ti=<TaskInstance: thongtin_cty_bctc.ingest_bctc scheduled__2025-12-30T00:00:00+00:00 map_index=34 [queued]>
[2026-01-01T03:14:27.196+0000] {taskinstance.py:2306} INFO - Starting attempt 3 of 4
[2026-01-01T03:14:27.213+0000] {taskinstance.py:2330} INFO - Executing <Mapped(DfToCsvOperator): ingest_bctc> on 2025-12-30 00:00:00+00:00
[2026-01-01T03:14:27.226+0000] {warnings.py:112} WARNING - This process (pid=33971) is multi-threaded, use of fork() may lead to deadlocks in the child.

[2026-01-01T03:14:27.228+0000] {standard_task_runner.py:64} INFO - Started process 34032 to run task
[2026-01-01T03:14:27.231+0000] {standard_task_runner.py:90} INFO - Running: ['***', 'tasks', 'run', 'thongtin_cty_bctc', 'ingest_bctc', 'scheduled__2025-12-30T00:00:00+00:00', '--job-id', '3562', '--raw', '--subdir', 'DAGS_FOLDER/tt_cty_bctc.py', '--cfg-path', '/tmp/tmp_mj19qib', '--map-index', '34']
[2026-01-01T03:14:27.233+0000] {standard_task_runner.py:91} INFO - Job 3562: Subtask ingest_bctc
[2026-01-01T03:14:27.305+0000] {task_command.py:426} INFO - Running <TaskInstance: thongtin_cty_bctc.ingest_bctc scheduled__2025-12-30T00:00:00+00:00 map_index=34 [running]> on host 43b0a0f7606b
[2026-01-01T03:14:27.434+0000] {taskinstance.py:2648} INFO - Exporting env vars: AIRFLOW_CTX_DAG_OWNER='***' AIRFLOW_CTX_DAG_ID='thongtin_cty_bctc' AIRFLOW_CTX_TASK_ID='ingest_bctc' AIRFLOW_CTX_EXECUTION_DATE='2025-12-30T00:00:00+00:00' AIRFLOW_CTX_TRY_NUMBER='3' AIRFLOW_CTX_DAG_RUN_ID='scheduled__2025-12-30T00:00:00+00:00'
[2026-01-01T03:14:27.436+0000] {taskinstance.py:430} INFO - ::endgroup::
[2026-01-01T03:14:27.445+0000] {logging_mixin.py:188} INFO - Bắt đầu xử lý batch 3 mã: ['VLW', 'VLS', 'VLP']
[2026-01-01T03:14:27.445+0000] {logging_mixin.py:188} INFO -  >> Đang lấy dữ liệu: VLW
[2026-01-01T03:14:31.021+0000] {logging_mixin.py:188} INFO -  >> Đang lấy dữ liệu: VLS
[2026-01-01T03:14:36.146+0000] {logging_mixin.py:188} INFO - ❌ Lỗi income_statement: RetryError[<Future at 0x7f8847ab2660 state=finished raised KeyError>]
[2026-01-01T03:14:40.784+0000] {logging_mixin.py:188} INFO - ❌ Lỗi balance_sheet: RetryError[<Future at 0x7f8847ab3050 state=finished raised KeyError>]
[2026-01-01T03:14:45.581+0000] {logging_mixin.py:188} INFO - ❌ Lỗi cash_flow: RetryError[<Future at 0x7f8847ab05c0 state=finished raised KeyError>]
[2026-01-01T03:14:46.583+0000] {logging_mixin.py:188} INFO -  >> Đang lấy dữ liệu: VLP
[2026-01-01T03:14:49.896+0000] {logging_mixin.py:188} INFO -  ✓ Hoàn thành batch. Tổng số dòng: 2786
[2026-01-01T03:14:49.931+0000] {base.py:84} INFO - Using connection ID 'minio_finance' for task execution.
[2026-01-01T03:14:49.932+0000] {connection_wrapper.py:384} INFO - AWS Connection (conn_id='minio_finance', conn_type='aws') credentials retrieved from login and password.
[2026-01-01T03:14:50.556+0000] {datalake_df2csv.py:53} INFO - ✅ Đã upload 2786 dòng -> s3://thongtin-congty-va-bctc/bctc/2025-12-30/batch_34.csv
[2026-01-01T03:14:50.558+0000] {taskinstance.py:441} INFO - ::group::Post task execution logs
[2026-01-01T03:14:50.572+0000] {taskinstance.py:1206} INFO - Marking task as SUCCESS. dag_id=thongtin_cty_bctc, task_id=ingest_bctc, run_id=scheduled__2025-12-30T00:00:00+00:00, map_index=34, execution_date=20251230T000000, start_date=20260101T031427, end_date=20260101T031450
[2026-01-01T03:14:50.663+0000] {local_task_job_runner.py:243} INFO - Task exited with return code 0
[2026-01-01T03:14:50.684+0000] {taskinstance.py:3503} INFO - 0 downstream tasks scheduled from follow-on schedule check
[2026-01-01T03:14:50.687+0000] {local_task_job_runner.py:222} INFO - ::endgroup::
