[2026-01-01T02:58:48.206+0000] {local_task_job_runner.py:120} INFO - ::group::Pre task execution logs
[2026-01-01T02:58:48.319+0000] {taskinstance.py:2076} INFO - Dependencies all met for dep_context=non-requeueable deps ti=<TaskInstance: thongtin_cty_bctc.ingest_overview scheduled__2025-12-30T00:00:00+00:00 map_index=25 [queued]>
[2026-01-01T02:58:48.420+0000] {taskinstance.py:2076} INFO - Dependencies all met for dep_context=requeueable deps ti=<TaskInstance: thongtin_cty_bctc.ingest_overview scheduled__2025-12-30T00:00:00+00:00 map_index=25 [queued]>
[2026-01-01T02:58:48.423+0000] {taskinstance.py:2306} INFO - Starting attempt 3 of 4
[2026-01-01T02:58:48.457+0000] {taskinstance.py:2330} INFO - Executing <Mapped(DfToCsvOperator): ingest_overview> on 2025-12-30 00:00:00+00:00
[2026-01-01T02:58:48.488+0000] {warnings.py:112} WARNING - This process (pid=21086) is multi-threaded, use of fork() may lead to deadlocks in the child.

[2026-01-01T02:58:48.506+0000] {standard_task_runner.py:64} INFO - Started process 21198 to run task
[2026-01-01T02:58:48.495+0000] {standard_task_runner.py:90} INFO - Running: ['***', 'tasks', 'run', 'thongtin_cty_bctc', 'ingest_overview', 'scheduled__2025-12-30T00:00:00+00:00', '--job-id', '2430', '--raw', '--subdir', 'DAGS_FOLDER/tt_cty_bctc.py', '--cfg-path', '/tmp/tmp1d4v18ou', '--map-index', '25']
[2026-01-01T02:58:48.508+0000] {standard_task_runner.py:91} INFO - Job 2430: Subtask ingest_overview
[2026-01-01T02:58:48.688+0000] {task_command.py:426} INFO - Running <TaskInstance: thongtin_cty_bctc.ingest_overview scheduled__2025-12-30T00:00:00+00:00 map_index=25 [running]> on host 43b0a0f7606b
[2026-01-01T02:58:49.002+0000] {taskinstance.py:2648} INFO - Exporting env vars: AIRFLOW_CTX_DAG_OWNER='***' AIRFLOW_CTX_DAG_ID='thongtin_cty_bctc' AIRFLOW_CTX_TASK_ID='ingest_overview' AIRFLOW_CTX_EXECUTION_DATE='2025-12-30T00:00:00+00:00' AIRFLOW_CTX_TRY_NUMBER='3' AIRFLOW_CTX_DAG_RUN_ID='scheduled__2025-12-30T00:00:00+00:00'
[2026-01-01T02:58:49.009+0000] {taskinstance.py:430} INFO - ::endgroup::
[2026-01-01T02:58:49.260+0000] {logging_mixin.py:188} INFO - Err overview VHC: Failed to fetch data: 429 - Too Many Requests
[2026-01-01T02:58:50.439+0000] {logging_mixin.py:188} INFO - Err overview DBC: Failed to fetch data: 429 - Too Many Requests
[2026-01-01T02:58:51.678+0000] {logging_mixin.py:188} INFO - Err overview MML: Failed to fetch data: 429 - Too Many Requests
[2026-01-01T02:58:53.289+0000] {datalake_df2csv.py:40} INFO - DataFrame rỗng, bỏ qua upload CSV.
[2026-01-01T02:58:53.291+0000] {taskinstance.py:441} INFO - ::group::Post task execution logs
[2026-01-01T02:58:53.334+0000] {taskinstance.py:1206} INFO - Marking task as SUCCESS. dag_id=thongtin_cty_bctc, task_id=ingest_overview, run_id=scheduled__2025-12-30T00:00:00+00:00, map_index=25, execution_date=20251230T000000, start_date=20260101T025848, end_date=20260101T025853
[2026-01-01T02:58:53.415+0000] {local_task_job_runner.py:243} INFO - Task exited with return code 0
[2026-01-01T02:58:53.435+0000] {local_task_job_runner.py:222} INFO - ::endgroup::
