[2026-01-08T15:47:39.527+0000] {local_task_job_runner.py:120} INFO - ::group::Pre task execution logs
[2026-01-08T15:47:39.851+0000] {taskinstance.py:2076} INFO - Dependencies all met for dep_context=non-requeueable deps ti=<TaskInstance: history_price.ingest_history_price scheduled__2026-01-07T00:00:00+00:00 map_index=266 [queued]>
[2026-01-08T15:47:39.896+0000] {taskinstance.py:2076} INFO - Dependencies all met for dep_context=requeueable deps ti=<TaskInstance: history_price.ingest_history_price scheduled__2026-01-07T00:00:00+00:00 map_index=266 [queued]>
[2026-01-08T15:47:39.897+0000] {taskinstance.py:2306} INFO - Starting attempt 1 of 2
[2026-01-08T15:47:39.921+0000] {taskinstance.py:2330} INFO - Executing <Mapped(DfToCsvOperator): ingest_history_price> on 2026-01-07 00:00:00+00:00
[2026-01-08T15:47:39.936+0000] {warnings.py:112} WARNING - This process (pid=5942) is multi-threaded, use of fork() may lead to deadlocks in the child.

[2026-01-08T15:47:39.939+0000] {standard_task_runner.py:64} INFO - Started process 6064 to run task
[2026-01-08T15:47:39.941+0000] {standard_task_runner.py:90} INFO - Running: ['***', 'tasks', 'run', 'history_price', 'ingest_history_price', 'scheduled__2026-01-07T00:00:00+00:00', '--job-id', '7500', '--raw', '--subdir', 'DAGS_FOLDER/history_price.py', '--cfg-path', '/tmp/tmpixtlo9pi', '--map-index', '266']
[2026-01-08T15:47:39.943+0000] {standard_task_runner.py:91} INFO - Job 7500: Subtask ingest_history_price
[2026-01-08T15:47:40.034+0000] {task_command.py:426} INFO - Running <TaskInstance: history_price.ingest_history_price scheduled__2026-01-07T00:00:00+00:00 map_index=266 [running]> on host 7568acf023da
[2026-01-08T15:47:40.277+0000] {taskinstance.py:2648} INFO - Exporting env vars: AIRFLOW_CTX_DAG_OWNER='***' AIRFLOW_CTX_DAG_ID='history_price' AIRFLOW_CTX_TASK_ID='ingest_history_price' AIRFLOW_CTX_EXECUTION_DATE='2026-01-07T00:00:00+00:00' AIRFLOW_CTX_TRY_NUMBER='1' AIRFLOW_CTX_DAG_RUN_ID='scheduled__2026-01-07T00:00:00+00:00'
[2026-01-08T15:47:40.279+0000] {taskinstance.py:430} INFO - ::endgroup::
[2026-01-08T15:47:43.974+0000] {base.py:84} INFO - Using connection ID 'minio_finance' for task execution.
[2026-01-08T15:47:43.975+0000] {connection_wrapper.py:384} INFO - AWS Connection (conn_id='minio_finance', conn_type='aws') credentials retrieved from login and password.
[2026-01-08T15:47:44.758+0000] {datalake_df2csv.py:52} INFO - ✅ Đã upload 40 dòng -> s3://thongtin-congty-va-bctc/history_price/2026-01-07/batch_266.csv
[2026-01-08T15:47:44.759+0000] {taskinstance.py:441} INFO - ::group::Post task execution logs
[2026-01-08T15:47:44.778+0000] {taskinstance.py:1206} INFO - Marking task as SUCCESS. dag_id=history_price, task_id=ingest_history_price, run_id=scheduled__2026-01-07T00:00:00+00:00, map_index=266, execution_date=20260107T000000, start_date=20260108T154739, end_date=20260108T154744
[2026-01-08T15:47:44.861+0000] {local_task_job_runner.py:243} INFO - Task exited with return code 0
[2026-01-08T15:47:44.892+0000] {taskinstance.py:3503} INFO - 0 downstream tasks scheduled from follow-on schedule check
[2026-01-08T15:47:44.899+0000] {local_task_job_runner.py:222} INFO - ::endgroup::
