[2026-01-12T14:10:26.995+0000] {local_task_job_runner.py:120} INFO - ::group::Pre task execution logs
[2026-01-12T14:10:27.067+0000] {taskinstance.py:2076} INFO - Dependencies all met for dep_context=non-requeueable deps ti=<TaskInstance: daily_price_minio.ingest_daily_price manual__2026-01-12T14:07:40.988868+00:00 map_index=141 [queued]>
[2026-01-12T14:10:27.117+0000] {taskinstance.py:2076} INFO - Dependencies all met for dep_context=requeueable deps ti=<TaskInstance: daily_price_minio.ingest_daily_price manual__2026-01-12T14:07:40.988868+00:00 map_index=141 [queued]>
[2026-01-12T14:10:27.118+0000] {taskinstance.py:2306} INFO - Starting attempt 1 of 2
[2026-01-12T14:10:27.217+0000] {taskinstance.py:2330} INFO - Executing <Mapped(DfToCsvOperator): ingest_daily_price> on 2026-01-12 14:07:40.988868+00:00
[2026-01-12T14:10:27.241+0000] {warnings.py:112} WARNING - This process (pid=2189) is multi-threaded, use of fork() may lead to deadlocks in the child.

[2026-01-12T14:10:27.252+0000] {standard_task_runner.py:64} INFO - Started process 2309 to run task
[2026-01-12T14:10:27.255+0000] {standard_task_runner.py:90} INFO - Running: ['***', 'tasks', 'run', 'daily_price_minio', 'ingest_daily_price', 'manual__2026-01-12T14:07:40.988868+00:00', '--job-id', '12475', '--raw', '--subdir', 'DAGS_FOLDER/daily_price_minio.py', '--cfg-path', '/tmp/tmp5jb35wb_', '--map-index', '141']
[2026-01-12T14:10:27.269+0000] {standard_task_runner.py:91} INFO - Job 12475: Subtask ingest_daily_price
[2026-01-12T14:10:27.421+0000] {task_command.py:426} INFO - Running <TaskInstance: daily_price_minio.ingest_daily_price manual__2026-01-12T14:07:40.988868+00:00 map_index=141 [running]> on host 5a20a797a43c
[2026-01-12T14:10:27.673+0000] {taskinstance.py:2648} INFO - Exporting env vars: AIRFLOW_CTX_DAG_OWNER='***' AIRFLOW_CTX_DAG_ID='daily_price_minio' AIRFLOW_CTX_TASK_ID='ingest_daily_price' AIRFLOW_CTX_EXECUTION_DATE='2026-01-12T14:07:40.988868+00:00' AIRFLOW_CTX_TRY_NUMBER='1' AIRFLOW_CTX_DAG_RUN_ID='manual__2026-01-12T14:07:40.988868+00:00'
[2026-01-12T14:10:27.680+0000] {taskinstance.py:430} INFO - ::endgroup::
[2026-01-12T14:10:31.309+0000] {base.py:84} INFO - Using connection ID 'minio_finance' for task execution.
[2026-01-12T14:10:31.310+0000] {connection_wrapper.py:384} INFO - AWS Connection (conn_id='minio_finance', conn_type='aws') credentials retrieved from login and password.
[2026-01-12T14:10:32.992+0000] {datalake_df2csv.py:52} INFO - ✅ Đã upload 20 dòng -> s3://thongtin-congty-va-bctc/daily_price/2026-01-12/batch_141.csv
[2026-01-12T14:10:32.995+0000] {taskinstance.py:441} INFO - ::group::Post task execution logs
[2026-01-12T14:10:33.024+0000] {taskinstance.py:1206} INFO - Marking task as SUCCESS. dag_id=daily_price_minio, task_id=ingest_daily_price, run_id=manual__2026-01-12T14:07:40.988868+00:00, map_index=141, execution_date=20260112T140740, start_date=20260112T141027, end_date=20260112T141033
[2026-01-12T14:10:33.154+0000] {local_task_job_runner.py:243} INFO - Task exited with return code 0
[2026-01-12T14:10:33.216+0000] {taskinstance.py:3503} INFO - 0 downstream tasks scheduled from follow-on schedule check
[2026-01-12T14:10:33.256+0000] {local_task_job_runner.py:222} INFO - ::endgroup::
