[2026-01-01T08:55:30.315+0000] {local_task_job_runner.py:120} INFO - ::group::Pre task execution logs
[2026-01-01T08:55:30.360+0000] {taskinstance.py:2076} INFO - Dependencies all met for dep_context=non-requeueable deps ti=<TaskInstance: thongtin_cty_bctc.ingest_bctc manual__2026-01-01T00:00:00+00:00 map_index=61 [queued]>
[2026-01-01T08:55:30.392+0000] {taskinstance.py:2076} INFO - Dependencies all met for dep_context=requeueable deps ti=<TaskInstance: thongtin_cty_bctc.ingest_bctc manual__2026-01-01T00:00:00+00:00 map_index=61 [queued]>
[2026-01-01T08:55:30.393+0000] {taskinstance.py:2306} INFO - Starting attempt 1 of 2
[2026-01-01T08:55:30.419+0000] {taskinstance.py:2330} INFO - Executing <Mapped(DfToCsvOperator): ingest_bctc> on 2026-01-01 00:00:00+00:00
[2026-01-01T08:55:30.432+0000] {warnings.py:112} WARNING - This process (pid=2990) is multi-threaded, use of fork() may lead to deadlocks in the child.

[2026-01-01T08:55:30.435+0000] {standard_task_runner.py:64} INFO - Started process 3032 to run task
[2026-01-01T08:55:30.437+0000] {standard_task_runner.py:90} INFO - Running: ['***', 'tasks', 'run', 'thongtin_cty_bctc', 'ingest_bctc', 'manual__2026-01-01T00:00:00+00:00', '--job-id', '4023', '--raw', '--subdir', 'DAGS_FOLDER/tt_cty_bctc.py', '--cfg-path', '/tmp/tmpgfrp7n75', '--map-index', '61']
[2026-01-01T08:55:30.439+0000] {standard_task_runner.py:91} INFO - Job 4023: Subtask ingest_bctc
[2026-01-01T08:55:30.512+0000] {task_command.py:426} INFO - Running <TaskInstance: thongtin_cty_bctc.ingest_bctc manual__2026-01-01T00:00:00+00:00 map_index=61 [running]> on host b455963a0603
[2026-01-01T08:55:30.657+0000] {taskinstance.py:2648} INFO - Exporting env vars: AIRFLOW_CTX_DAG_OWNER='***' AIRFLOW_CTX_DAG_ID='thongtin_cty_bctc' AIRFLOW_CTX_TASK_ID='ingest_bctc' AIRFLOW_CTX_EXECUTION_DATE='2026-01-01T00:00:00+00:00' AIRFLOW_CTX_TRY_NUMBER='1' AIRFLOW_CTX_DAG_RUN_ID='manual__2026-01-01T00:00:00+00:00'
[2026-01-01T08:55:30.659+0000] {taskinstance.py:430} INFO - ::endgroup::
[2026-01-01T08:55:30.671+0000] {logging_mixin.py:188} INFO - Bắt đầu xử lý batch 3 mã: ['VCB', 'VCA', 'VC9']
[2026-01-01T08:55:30.672+0000] {logging_mixin.py:188} INFO -  >> Đang lấy dữ liệu: VCB
[2026-01-01T08:55:34.104+0000] {logging_mixin.py:188} INFO -  >> Đang lấy dữ liệu: VCA
[2026-01-01T08:55:37.057+0000] {logging_mixin.py:188} INFO -  >> Đang lấy dữ liệu: VC9
[2026-01-01T08:55:40.117+0000] {logging_mixin.py:188} INFO -  ✓ Hoàn thành batch. Tổng số dòng: 12917
[2026-01-01T08:55:40.182+0000] {base.py:84} INFO - Using connection ID 'minio_finance' for task execution.
[2026-01-01T08:55:40.182+0000] {connection_wrapper.py:384} INFO - AWS Connection (conn_id='minio_finance', conn_type='aws') credentials retrieved from login and password.
[2026-01-01T08:55:40.730+0000] {datalake_df2csv.py:53} INFO - ✅ Đã upload 12917 dòng -> s3://thongtin-congty-va-bctc/bctc/2026-01-01/batch_61.csv
[2026-01-01T08:55:40.733+0000] {taskinstance.py:441} INFO - ::group::Post task execution logs
[2026-01-01T08:55:40.745+0000] {taskinstance.py:1206} INFO - Marking task as SUCCESS. dag_id=thongtin_cty_bctc, task_id=ingest_bctc, run_id=manual__2026-01-01T00:00:00+00:00, map_index=61, execution_date=20260101T000000, start_date=20260101T085530, end_date=20260101T085540
[2026-01-01T08:55:41.019+0000] {local_task_job_runner.py:243} INFO - Task exited with return code 0
[2026-01-01T08:55:41.335+0000] {taskinstance.py:3503} INFO - 0 downstream tasks scheduled from follow-on schedule check
[2026-01-01T08:55:41.341+0000] {local_task_job_runner.py:222} INFO - ::endgroup::
