[2026-01-01T09:13:22.520+0000] {local_task_job_runner.py:120} INFO - ::group::Pre task execution logs
[2026-01-01T09:13:22.609+0000] {taskinstance.py:2076} INFO - Dependencies all met for dep_context=non-requeueable deps ti=<TaskInstance: thongtin_cty_bctc.ingest_bctc scheduled__2025-12-30T00:00:00+00:00 map_index=172 [queued]>
[2026-01-01T09:13:22.705+0000] {taskinstance.py:2076} INFO - Dependencies all met for dep_context=requeueable deps ti=<TaskInstance: thongtin_cty_bctc.ingest_bctc scheduled__2025-12-30T00:00:00+00:00 map_index=172 [queued]>
[2026-01-01T09:13:22.706+0000] {taskinstance.py:2306} INFO - Starting attempt 1 of 2
[2026-01-01T09:13:22.744+0000] {taskinstance.py:2330} INFO - Executing <Mapped(DfToCsvOperator): ingest_bctc> on 2025-12-30 00:00:00+00:00
[2026-01-01T09:13:22.780+0000] {warnings.py:112} WARNING - This process (pid=15085) is multi-threaded, use of fork() may lead to deadlocks in the child.

[2026-01-01T09:13:22.783+0000] {standard_task_runner.py:64} INFO - Started process 15142 to run task
[2026-01-01T09:13:22.786+0000] {standard_task_runner.py:90} INFO - Running: ['***', 'tasks', 'run', 'thongtin_cty_bctc', 'ingest_bctc', 'scheduled__2025-12-30T00:00:00+00:00', '--job-id', '4946', '--raw', '--subdir', 'DAGS_FOLDER/tt_cty_bctc.py', '--cfg-path', '/tmp/tmp00yk0uxk', '--map-index', '172']
[2026-01-01T09:13:22.804+0000] {standard_task_runner.py:91} INFO - Job 4946: Subtask ingest_bctc
[2026-01-01T09:13:22.908+0000] {task_command.py:426} INFO - Running <TaskInstance: thongtin_cty_bctc.ingest_bctc scheduled__2025-12-30T00:00:00+00:00 map_index=172 [running]> on host b455963a0603
[2026-01-01T09:13:23.119+0000] {taskinstance.py:2648} INFO - Exporting env vars: AIRFLOW_CTX_DAG_OWNER='***' AIRFLOW_CTX_DAG_ID='thongtin_cty_bctc' AIRFLOW_CTX_TASK_ID='ingest_bctc' AIRFLOW_CTX_EXECUTION_DATE='2025-12-30T00:00:00+00:00' AIRFLOW_CTX_TRY_NUMBER='1' AIRFLOW_CTX_DAG_RUN_ID='scheduled__2025-12-30T00:00:00+00:00'
[2026-01-01T09:13:23.122+0000] {taskinstance.py:430} INFO - ::endgroup::
[2026-01-01T09:13:23.138+0000] {logging_mixin.py:188} INFO - Bắt đầu xử lý batch 3 mã: ['SD3', 'SD2', 'SD1']
[2026-01-01T09:13:23.139+0000] {logging_mixin.py:188} INFO -  >> Đang lấy dữ liệu: SD3
[2026-01-01T09:13:26.320+0000] {logging_mixin.py:188} INFO -  >> Đang lấy dữ liệu: SD2
[2026-01-01T09:13:29.425+0000] {logging_mixin.py:188} INFO -  >> Đang lấy dữ liệu: SD1
[2026-01-01T09:13:32.484+0000] {logging_mixin.py:188} INFO -  ✓ Hoàn thành batch. Tổng số dòng: 7739
[2026-01-01T09:13:32.550+0000] {base.py:84} INFO - Using connection ID 'minio_finance' for task execution.
[2026-01-01T09:13:32.552+0000] {connection_wrapper.py:384} INFO - AWS Connection (conn_id='minio_finance', conn_type='aws') credentials retrieved from login and password.
[2026-01-01T09:13:33.066+0000] {datalake_df2csv.py:53} INFO - ✅ Đã upload 7739 dòng -> s3://thongtin-congty-va-bctc/bctc/2025-12-30/batch_172.csv
[2026-01-01T09:13:33.069+0000] {taskinstance.py:441} INFO - ::group::Post task execution logs
[2026-01-01T09:13:33.081+0000] {taskinstance.py:1206} INFO - Marking task as SUCCESS. dag_id=thongtin_cty_bctc, task_id=ingest_bctc, run_id=scheduled__2025-12-30T00:00:00+00:00, map_index=172, execution_date=20251230T000000, start_date=20260101T091322, end_date=20260101T091333
[2026-01-01T09:13:33.151+0000] {local_task_job_runner.py:243} INFO - Task exited with return code 0
[2026-01-01T09:13:33.413+0000] {taskinstance.py:3503} INFO - 0 downstream tasks scheduled from follow-on schedule check
[2026-01-01T09:13:33.417+0000] {local_task_job_runner.py:222} INFO - ::endgroup::
