[2025-12-30T01:53:24.469+0000] {processor.py:161} INFO - Started process (PID=119) to work on /home/airflow/.local/lib/python3.12/site-packages/airflow/example_dags/example_setup_teardown.py
[2025-12-30T01:53:24.470+0000] {processor.py:830} INFO - Processing file /home/airflow/.local/lib/python3.12/site-packages/airflow/example_dags/example_setup_teardown.py for tasks to queue
[2025-12-30T01:53:24.471+0000] {logging_mixin.py:188} INFO - [2025-12-30T01:53:24.471+0000] {dagbag.py:545} INFO - Filling up the DagBag from /home/airflow/.local/lib/python3.12/site-packages/airflow/example_dags/example_setup_teardown.py
[2025-12-30T01:53:24.480+0000] {processor.py:840} INFO - DAG(s) 'example_setup_teardown' retrieved from /home/airflow/.local/lib/python3.12/site-packages/airflow/example_dags/example_setup_teardown.py
[2025-12-30T01:53:24.573+0000] {logging_mixin.py:188} INFO - [2025-12-30T01:53:24.573+0000] {dag.py:3089} INFO - Sync 1 DAGs
[2025-12-30T01:53:24.589+0000] {logging_mixin.py:188} INFO - [2025-12-30T01:53:24.589+0000] {dag.py:3947} INFO - Setting next_dagrun for example_setup_teardown to 2025-12-29 00:00:00+00:00, run_after=2025-12-30 00:00:00+00:00
[2025-12-30T01:53:24.609+0000] {processor.py:183} INFO - Processing /home/airflow/.local/lib/python3.12/site-packages/airflow/example_dags/example_setup_teardown.py took 0.144 seconds
[2025-12-30T01:53:54.772+0000] {processor.py:161} INFO - Started process (PID=177) to work on /home/airflow/.local/lib/python3.12/site-packages/airflow/example_dags/example_setup_teardown.py
[2025-12-30T01:53:54.773+0000] {processor.py:830} INFO - Processing file /home/airflow/.local/lib/python3.12/site-packages/airflow/example_dags/example_setup_teardown.py for tasks to queue
[2025-12-30T01:53:54.774+0000] {logging_mixin.py:188} INFO - [2025-12-30T01:53:54.773+0000] {dagbag.py:545} INFO - Filling up the DagBag from /home/airflow/.local/lib/python3.12/site-packages/airflow/example_dags/example_setup_teardown.py
[2025-12-30T01:53:54.780+0000] {processor.py:840} INFO - DAG(s) 'example_setup_teardown' retrieved from /home/airflow/.local/lib/python3.12/site-packages/airflow/example_dags/example_setup_teardown.py
[2025-12-30T01:53:54.796+0000] {logging_mixin.py:188} INFO - [2025-12-30T01:53:54.795+0000] {dag.py:3089} INFO - Sync 1 DAGs
[2025-12-30T01:53:54.813+0000] {logging_mixin.py:188} INFO - [2025-12-30T01:53:54.813+0000] {dag.py:3947} INFO - Setting next_dagrun for example_setup_teardown to 2025-12-29 00:00:00+00:00, run_after=2025-12-30 00:00:00+00:00
[2025-12-30T01:53:54.831+0000] {processor.py:183} INFO - Processing /home/airflow/.local/lib/python3.12/site-packages/airflow/example_dags/example_setup_teardown.py took 0.063 seconds
[2025-12-30T01:54:25.517+0000] {processor.py:161} INFO - Started process (PID=235) to work on /home/airflow/.local/lib/python3.12/site-packages/airflow/example_dags/example_setup_teardown.py
[2025-12-30T01:54:25.518+0000] {processor.py:830} INFO - Processing file /home/airflow/.local/lib/python3.12/site-packages/airflow/example_dags/example_setup_teardown.py for tasks to queue
[2025-12-30T01:54:25.519+0000] {logging_mixin.py:188} INFO - [2025-12-30T01:54:25.519+0000] {dagbag.py:545} INFO - Filling up the DagBag from /home/airflow/.local/lib/python3.12/site-packages/airflow/example_dags/example_setup_teardown.py
[2025-12-30T01:54:25.526+0000] {processor.py:840} INFO - DAG(s) 'example_setup_teardown' retrieved from /home/airflow/.local/lib/python3.12/site-packages/airflow/example_dags/example_setup_teardown.py
[2025-12-30T01:54:25.544+0000] {logging_mixin.py:188} INFO - [2025-12-30T01:54:25.544+0000] {dag.py:3089} INFO - Sync 1 DAGs
[2025-12-30T01:54:25.564+0000] {logging_mixin.py:188} INFO - [2025-12-30T01:54:25.564+0000] {dag.py:3947} INFO - Setting next_dagrun for example_setup_teardown to 2025-12-29 00:00:00+00:00, run_after=2025-12-30 00:00:00+00:00
[2025-12-30T01:54:25.585+0000] {processor.py:183} INFO - Processing /home/airflow/.local/lib/python3.12/site-packages/airflow/example_dags/example_setup_teardown.py took 0.074 seconds
[2025-12-30T01:54:56.065+0000] {processor.py:161} INFO - Started process (PID=293) to work on /home/airflow/.local/lib/python3.12/site-packages/airflow/example_dags/example_setup_teardown.py
[2025-12-30T01:54:56.066+0000] {processor.py:830} INFO - Processing file /home/airflow/.local/lib/python3.12/site-packages/airflow/example_dags/example_setup_teardown.py for tasks to queue
[2025-12-30T01:54:56.067+0000] {logging_mixin.py:188} INFO - [2025-12-30T01:54:56.066+0000] {dagbag.py:545} INFO - Filling up the DagBag from /home/airflow/.local/lib/python3.12/site-packages/airflow/example_dags/example_setup_teardown.py
[2025-12-30T01:54:56.074+0000] {processor.py:840} INFO - DAG(s) 'example_setup_teardown' retrieved from /home/airflow/.local/lib/python3.12/site-packages/airflow/example_dags/example_setup_teardown.py
[2025-12-30T01:54:56.094+0000] {logging_mixin.py:188} INFO - [2025-12-30T01:54:56.093+0000] {dag.py:3089} INFO - Sync 1 DAGs
[2025-12-30T01:54:56.113+0000] {logging_mixin.py:188} INFO - [2025-12-30T01:54:56.113+0000] {dag.py:3947} INFO - Setting next_dagrun for example_setup_teardown to 2025-12-29 00:00:00+00:00, run_after=2025-12-30 00:00:00+00:00
[2025-12-30T01:54:56.128+0000] {processor.py:183} INFO - Processing /home/airflow/.local/lib/python3.12/site-packages/airflow/example_dags/example_setup_teardown.py took 0.069 seconds
[2025-12-30T01:55:28.892+0000] {processor.py:161} INFO - Started process (PID=364) to work on /home/airflow/.local/lib/python3.12/site-packages/airflow/example_dags/example_setup_teardown.py
[2025-12-30T01:55:28.903+0000] {processor.py:830} INFO - Processing file /home/airflow/.local/lib/python3.12/site-packages/airflow/example_dags/example_setup_teardown.py for tasks to queue
[2025-12-30T01:55:28.914+0000] {logging_mixin.py:188} INFO - [2025-12-30T01:55:28.914+0000] {dagbag.py:545} INFO - Filling up the DagBag from /home/airflow/.local/lib/python3.12/site-packages/airflow/example_dags/example_setup_teardown.py
[2025-12-30T01:55:28.952+0000] {processor.py:840} INFO - DAG(s) 'example_setup_teardown' retrieved from /home/airflow/.local/lib/python3.12/site-packages/airflow/example_dags/example_setup_teardown.py
[2025-12-30T01:55:29.025+0000] {logging_mixin.py:188} INFO - [2025-12-30T01:55:29.024+0000] {dag.py:3089} INFO - Sync 1 DAGs
[2025-12-30T01:55:29.115+0000] {logging_mixin.py:188} INFO - [2025-12-30T01:55:29.114+0000] {dag.py:3947} INFO - Setting next_dagrun for example_setup_teardown to 2025-12-29 00:00:00+00:00, run_after=2025-12-30 00:00:00+00:00
[2025-12-30T01:55:29.283+0000] {processor.py:183} INFO - Processing /home/airflow/.local/lib/python3.12/site-packages/airflow/example_dags/example_setup_teardown.py took 0.405 seconds
[2025-12-30T01:55:59.853+0000] {processor.py:161} INFO - Started process (PID=431) to work on /home/airflow/.local/lib/python3.12/site-packages/airflow/example_dags/example_setup_teardown.py
[2025-12-30T01:55:59.855+0000] {processor.py:830} INFO - Processing file /home/airflow/.local/lib/python3.12/site-packages/airflow/example_dags/example_setup_teardown.py for tasks to queue
[2025-12-30T01:55:59.857+0000] {logging_mixin.py:188} INFO - [2025-12-30T01:55:59.856+0000] {dagbag.py:545} INFO - Filling up the DagBag from /home/airflow/.local/lib/python3.12/site-packages/airflow/example_dags/example_setup_teardown.py
[2025-12-30T01:55:59.874+0000] {processor.py:840} INFO - DAG(s) 'example_setup_teardown' retrieved from /home/airflow/.local/lib/python3.12/site-packages/airflow/example_dags/example_setup_teardown.py
[2025-12-30T01:55:59.927+0000] {logging_mixin.py:188} INFO - [2025-12-30T01:55:59.926+0000] {dag.py:3089} INFO - Sync 1 DAGs
[2025-12-30T01:55:59.978+0000] {logging_mixin.py:188} INFO - [2025-12-30T01:55:59.977+0000] {dag.py:3947} INFO - Setting next_dagrun for example_setup_teardown to 2025-12-29 00:00:00+00:00, run_after=2025-12-30 00:00:00+00:00
[2025-12-30T01:56:00.025+0000] {processor.py:183} INFO - Processing /home/airflow/.local/lib/python3.12/site-packages/airflow/example_dags/example_setup_teardown.py took 0.182 seconds
[2025-12-30T01:56:30.322+0000] {processor.py:161} INFO - Started process (PID=514) to work on /home/airflow/.local/lib/python3.12/site-packages/airflow/example_dags/example_setup_teardown.py
[2025-12-30T01:56:30.324+0000] {processor.py:830} INFO - Processing file /home/airflow/.local/lib/python3.12/site-packages/airflow/example_dags/example_setup_teardown.py for tasks to queue
[2025-12-30T01:56:30.327+0000] {logging_mixin.py:188} INFO - [2025-12-30T01:56:30.326+0000] {dagbag.py:545} INFO - Filling up the DagBag from /home/airflow/.local/lib/python3.12/site-packages/airflow/example_dags/example_setup_teardown.py
[2025-12-30T01:56:30.349+0000] {processor.py:840} INFO - DAG(s) 'example_setup_teardown' retrieved from /home/airflow/.local/lib/python3.12/site-packages/airflow/example_dags/example_setup_teardown.py
[2025-12-30T01:56:30.388+0000] {logging_mixin.py:188} INFO - [2025-12-30T01:56:30.388+0000] {dag.py:3089} INFO - Sync 1 DAGs
[2025-12-30T01:56:30.436+0000] {logging_mixin.py:188} INFO - [2025-12-30T01:56:30.436+0000] {dag.py:3947} INFO - Setting next_dagrun for example_setup_teardown to 2025-12-29 00:00:00+00:00, run_after=2025-12-30 00:00:00+00:00
[2025-12-30T01:56:30.480+0000] {processor.py:183} INFO - Processing /home/airflow/.local/lib/python3.12/site-packages/airflow/example_dags/example_setup_teardown.py took 0.172 seconds
[2025-12-30T01:57:00.876+0000] {processor.py:161} INFO - Started process (PID=584) to work on /home/airflow/.local/lib/python3.12/site-packages/airflow/example_dags/example_setup_teardown.py
[2025-12-30T01:57:00.877+0000] {processor.py:830} INFO - Processing file /home/airflow/.local/lib/python3.12/site-packages/airflow/example_dags/example_setup_teardown.py for tasks to queue
[2025-12-30T01:57:00.878+0000] {logging_mixin.py:188} INFO - [2025-12-30T01:57:00.877+0000] {dagbag.py:545} INFO - Filling up the DagBag from /home/airflow/.local/lib/python3.12/site-packages/airflow/example_dags/example_setup_teardown.py
[2025-12-30T01:57:00.885+0000] {processor.py:840} INFO - DAG(s) 'example_setup_teardown' retrieved from /home/airflow/.local/lib/python3.12/site-packages/airflow/example_dags/example_setup_teardown.py
[2025-12-30T01:57:00.905+0000] {logging_mixin.py:188} INFO - [2025-12-30T01:57:00.905+0000] {dag.py:3089} INFO - Sync 1 DAGs
[2025-12-30T01:57:00.934+0000] {logging_mixin.py:188} INFO - [2025-12-30T01:57:00.934+0000] {dag.py:3947} INFO - Setting next_dagrun for example_setup_teardown to 2025-12-29 00:00:00+00:00, run_after=2025-12-30 00:00:00+00:00
[2025-12-30T01:57:00.963+0000] {processor.py:183} INFO - Processing /home/airflow/.local/lib/python3.12/site-packages/airflow/example_dags/example_setup_teardown.py took 0.092 seconds
[2025-12-30T01:57:31.804+0000] {processor.py:161} INFO - Started process (PID=642) to work on /home/airflow/.local/lib/python3.12/site-packages/airflow/example_dags/example_setup_teardown.py
[2025-12-30T01:57:31.805+0000] {processor.py:830} INFO - Processing file /home/airflow/.local/lib/python3.12/site-packages/airflow/example_dags/example_setup_teardown.py for tasks to queue
[2025-12-30T01:57:31.806+0000] {logging_mixin.py:188} INFO - [2025-12-30T01:57:31.805+0000] {dagbag.py:545} INFO - Filling up the DagBag from /home/airflow/.local/lib/python3.12/site-packages/airflow/example_dags/example_setup_teardown.py
[2025-12-30T01:57:31.815+0000] {processor.py:840} INFO - DAG(s) 'example_setup_teardown' retrieved from /home/airflow/.local/lib/python3.12/site-packages/airflow/example_dags/example_setup_teardown.py
[2025-12-30T01:57:31.838+0000] {logging_mixin.py:188} INFO - [2025-12-30T01:57:31.837+0000] {dag.py:3089} INFO - Sync 1 DAGs
[2025-12-30T01:57:31.861+0000] {logging_mixin.py:188} INFO - [2025-12-30T01:57:31.861+0000] {dag.py:3947} INFO - Setting next_dagrun for example_setup_teardown to 2025-12-29 00:00:00+00:00, run_after=2025-12-30 00:00:00+00:00
[2025-12-30T01:57:31.881+0000] {processor.py:183} INFO - Processing /home/airflow/.local/lib/python3.12/site-packages/airflow/example_dags/example_setup_teardown.py took 0.084 seconds
