[2025-12-30T01:53:25.751+0000] {processor.py:161} INFO - Started process (PID=130) to work on /home/airflow/.local/lib/python3.12/site-packages/airflow/example_dags/example_branch_day_of_week_operator.py
[2025-12-30T01:53:25.752+0000] {processor.py:830} INFO - Processing file /home/airflow/.local/lib/python3.12/site-packages/airflow/example_dags/example_branch_day_of_week_operator.py for tasks to queue
[2025-12-30T01:53:25.753+0000] {logging_mixin.py:188} INFO - [2025-12-30T01:53:25.753+0000] {dagbag.py:545} INFO - Filling up the DagBag from /home/airflow/.local/lib/python3.12/site-packages/airflow/example_dags/example_branch_day_of_week_operator.py
[2025-12-30T01:53:25.762+0000] {processor.py:840} INFO - DAG(s) 'example_weekday_branch_operator' retrieved from /home/airflow/.local/lib/python3.12/site-packages/airflow/example_dags/example_branch_day_of_week_operator.py
[2025-12-30T01:53:25.849+0000] {logging_mixin.py:188} INFO - [2025-12-30T01:53:25.849+0000] {dag.py:3089} INFO - Sync 1 DAGs
[2025-12-30T01:53:25.867+0000] {logging_mixin.py:188} INFO - [2025-12-30T01:53:25.866+0000] {dag.py:3947} INFO - Setting next_dagrun for example_weekday_branch_operator to 2025-12-29 00:00:00+00:00, run_after=2025-12-30 00:00:00+00:00
[2025-12-30T01:53:25.885+0000] {processor.py:183} INFO - Processing /home/airflow/.local/lib/python3.12/site-packages/airflow/example_dags/example_branch_day_of_week_operator.py took 0.138 seconds
[2025-12-30T01:53:56.512+0000] {processor.py:161} INFO - Started process (PID=188) to work on /home/airflow/.local/lib/python3.12/site-packages/airflow/example_dags/example_branch_day_of_week_operator.py
[2025-12-30T01:53:56.513+0000] {processor.py:830} INFO - Processing file /home/airflow/.local/lib/python3.12/site-packages/airflow/example_dags/example_branch_day_of_week_operator.py for tasks to queue
[2025-12-30T01:53:56.514+0000] {logging_mixin.py:188} INFO - [2025-12-30T01:53:56.513+0000] {dagbag.py:545} INFO - Filling up the DagBag from /home/airflow/.local/lib/python3.12/site-packages/airflow/example_dags/example_branch_day_of_week_operator.py
[2025-12-30T01:53:56.520+0000] {processor.py:840} INFO - DAG(s) 'example_weekday_branch_operator' retrieved from /home/airflow/.local/lib/python3.12/site-packages/airflow/example_dags/example_branch_day_of_week_operator.py
[2025-12-30T01:53:56.538+0000] {logging_mixin.py:188} INFO - [2025-12-30T01:53:56.537+0000] {dag.py:3089} INFO - Sync 1 DAGs
[2025-12-30T01:53:56.556+0000] {logging_mixin.py:188} INFO - [2025-12-30T01:53:56.556+0000] {dag.py:3947} INFO - Setting next_dagrun for example_weekday_branch_operator to 2025-12-29 00:00:00+00:00, run_after=2025-12-30 00:00:00+00:00
[2025-12-30T01:53:56.574+0000] {processor.py:183} INFO - Processing /home/airflow/.local/lib/python3.12/site-packages/airflow/example_dags/example_branch_day_of_week_operator.py took 0.066 seconds
[2025-12-30T01:54:27.057+0000] {processor.py:161} INFO - Started process (PID=246) to work on /home/airflow/.local/lib/python3.12/site-packages/airflow/example_dags/example_branch_day_of_week_operator.py
[2025-12-30T01:54:27.057+0000] {processor.py:830} INFO - Processing file /home/airflow/.local/lib/python3.12/site-packages/airflow/example_dags/example_branch_day_of_week_operator.py for tasks to queue
[2025-12-30T01:54:27.058+0000] {logging_mixin.py:188} INFO - [2025-12-30T01:54:27.058+0000] {dagbag.py:545} INFO - Filling up the DagBag from /home/airflow/.local/lib/python3.12/site-packages/airflow/example_dags/example_branch_day_of_week_operator.py
[2025-12-30T01:54:27.065+0000] {processor.py:840} INFO - DAG(s) 'example_weekday_branch_operator' retrieved from /home/airflow/.local/lib/python3.12/site-packages/airflow/example_dags/example_branch_day_of_week_operator.py
[2025-12-30T01:54:27.086+0000] {logging_mixin.py:188} INFO - [2025-12-30T01:54:27.086+0000] {dag.py:3089} INFO - Sync 1 DAGs
[2025-12-30T01:54:27.107+0000] {logging_mixin.py:188} INFO - [2025-12-30T01:54:27.107+0000] {dag.py:3947} INFO - Setting next_dagrun for example_weekday_branch_operator to 2025-12-29 00:00:00+00:00, run_after=2025-12-30 00:00:00+00:00
[2025-12-30T01:54:27.124+0000] {processor.py:183} INFO - Processing /home/airflow/.local/lib/python3.12/site-packages/airflow/example_dags/example_branch_day_of_week_operator.py took 0.072 seconds
[2025-12-30T01:54:57.814+0000] {processor.py:161} INFO - Started process (PID=304) to work on /home/airflow/.local/lib/python3.12/site-packages/airflow/example_dags/example_branch_day_of_week_operator.py
[2025-12-30T01:54:57.816+0000] {processor.py:830} INFO - Processing file /home/airflow/.local/lib/python3.12/site-packages/airflow/example_dags/example_branch_day_of_week_operator.py for tasks to queue
[2025-12-30T01:54:57.817+0000] {logging_mixin.py:188} INFO - [2025-12-30T01:54:57.816+0000] {dagbag.py:545} INFO - Filling up the DagBag from /home/airflow/.local/lib/python3.12/site-packages/airflow/example_dags/example_branch_day_of_week_operator.py
[2025-12-30T01:54:57.824+0000] {processor.py:840} INFO - DAG(s) 'example_weekday_branch_operator' retrieved from /home/airflow/.local/lib/python3.12/site-packages/airflow/example_dags/example_branch_day_of_week_operator.py
[2025-12-30T01:54:57.846+0000] {logging_mixin.py:188} INFO - [2025-12-30T01:54:57.846+0000] {dag.py:3089} INFO - Sync 1 DAGs
[2025-12-30T01:54:57.869+0000] {logging_mixin.py:188} INFO - [2025-12-30T01:54:57.869+0000] {dag.py:3947} INFO - Setting next_dagrun for example_weekday_branch_operator to 2025-12-29 00:00:00+00:00, run_after=2025-12-30 00:00:00+00:00
[2025-12-30T01:54:57.889+0000] {processor.py:183} INFO - Processing /home/airflow/.local/lib/python3.12/site-packages/airflow/example_dags/example_branch_day_of_week_operator.py took 0.082 seconds
[2025-12-30T01:55:31.133+0000] {processor.py:161} INFO - Started process (PID=375) to work on /home/airflow/.local/lib/python3.12/site-packages/airflow/example_dags/example_branch_day_of_week_operator.py
[2025-12-30T01:55:31.135+0000] {processor.py:830} INFO - Processing file /home/airflow/.local/lib/python3.12/site-packages/airflow/example_dags/example_branch_day_of_week_operator.py for tasks to queue
[2025-12-30T01:55:31.141+0000] {logging_mixin.py:188} INFO - [2025-12-30T01:55:31.137+0000] {dagbag.py:545} INFO - Filling up the DagBag from /home/airflow/.local/lib/python3.12/site-packages/airflow/example_dags/example_branch_day_of_week_operator.py
[2025-12-30T01:55:31.194+0000] {processor.py:840} INFO - DAG(s) 'example_weekday_branch_operator' retrieved from /home/airflow/.local/lib/python3.12/site-packages/airflow/example_dags/example_branch_day_of_week_operator.py
[2025-12-30T01:55:31.278+0000] {logging_mixin.py:188} INFO - [2025-12-30T01:55:31.274+0000] {dag.py:3089} INFO - Sync 1 DAGs
[2025-12-30T01:55:31.468+0000] {logging_mixin.py:188} INFO - [2025-12-30T01:55:31.468+0000] {dag.py:3947} INFO - Setting next_dagrun for example_weekday_branch_operator to 2025-12-29 00:00:00+00:00, run_after=2025-12-30 00:00:00+00:00
[2025-12-30T01:55:31.555+0000] {processor.py:183} INFO - Processing /home/airflow/.local/lib/python3.12/site-packages/airflow/example_dags/example_branch_day_of_week_operator.py took 0.443 seconds
[2025-12-30T01:56:02.492+0000] {processor.py:161} INFO - Started process (PID=450) to work on /home/airflow/.local/lib/python3.12/site-packages/airflow/example_dags/example_branch_day_of_week_operator.py
[2025-12-30T01:56:02.494+0000] {processor.py:830} INFO - Processing file /home/airflow/.local/lib/python3.12/site-packages/airflow/example_dags/example_branch_day_of_week_operator.py for tasks to queue
[2025-12-30T01:56:02.499+0000] {logging_mixin.py:188} INFO - [2025-12-30T01:56:02.497+0000] {dagbag.py:545} INFO - Filling up the DagBag from /home/airflow/.local/lib/python3.12/site-packages/airflow/example_dags/example_branch_day_of_week_operator.py
[2025-12-30T01:56:02.525+0000] {processor.py:840} INFO - DAG(s) 'example_weekday_branch_operator' retrieved from /home/airflow/.local/lib/python3.12/site-packages/airflow/example_dags/example_branch_day_of_week_operator.py
[2025-12-30T01:56:02.612+0000] {logging_mixin.py:188} INFO - [2025-12-30T01:56:02.611+0000] {dag.py:3089} INFO - Sync 1 DAGs
[2025-12-30T01:56:02.686+0000] {logging_mixin.py:188} INFO - [2025-12-30T01:56:02.683+0000] {dag.py:3947} INFO - Setting next_dagrun for example_weekday_branch_operator to 2025-12-29 00:00:00+00:00, run_after=2025-12-30 00:00:00+00:00
[2025-12-30T01:56:02.736+0000] {processor.py:183} INFO - Processing /home/airflow/.local/lib/python3.12/site-packages/airflow/example_dags/example_branch_day_of_week_operator.py took 0.255 seconds
[2025-12-30T01:56:33.074+0000] {processor.py:161} INFO - Started process (PID=529) to work on /home/airflow/.local/lib/python3.12/site-packages/airflow/example_dags/example_branch_day_of_week_operator.py
[2025-12-30T01:56:33.077+0000] {processor.py:830} INFO - Processing file /home/airflow/.local/lib/python3.12/site-packages/airflow/example_dags/example_branch_day_of_week_operator.py for tasks to queue
[2025-12-30T01:56:33.083+0000] {logging_mixin.py:188} INFO - [2025-12-30T01:56:33.080+0000] {dagbag.py:545} INFO - Filling up the DagBag from /home/airflow/.local/lib/python3.12/site-packages/airflow/example_dags/example_branch_day_of_week_operator.py
[2025-12-30T01:56:33.105+0000] {processor.py:840} INFO - DAG(s) 'example_weekday_branch_operator' retrieved from /home/airflow/.local/lib/python3.12/site-packages/airflow/example_dags/example_branch_day_of_week_operator.py
[2025-12-30T01:56:33.159+0000] {logging_mixin.py:188} INFO - [2025-12-30T01:56:33.159+0000] {dag.py:3089} INFO - Sync 1 DAGs
[2025-12-30T01:56:33.224+0000] {logging_mixin.py:188} INFO - [2025-12-30T01:56:33.224+0000] {dag.py:3947} INFO - Setting next_dagrun for example_weekday_branch_operator to 2025-12-29 00:00:00+00:00, run_after=2025-12-30 00:00:00+00:00
[2025-12-30T01:56:33.282+0000] {processor.py:183} INFO - Processing /home/airflow/.local/lib/python3.12/site-packages/airflow/example_dags/example_branch_day_of_week_operator.py took 0.220 seconds
[2025-12-30T01:57:03.596+0000] {processor.py:161} INFO - Started process (PID=595) to work on /home/airflow/.local/lib/python3.12/site-packages/airflow/example_dags/example_branch_day_of_week_operator.py
[2025-12-30T01:57:03.597+0000] {processor.py:830} INFO - Processing file /home/airflow/.local/lib/python3.12/site-packages/airflow/example_dags/example_branch_day_of_week_operator.py for tasks to queue
[2025-12-30T01:57:03.597+0000] {logging_mixin.py:188} INFO - [2025-12-30T01:57:03.597+0000] {dagbag.py:545} INFO - Filling up the DagBag from /home/airflow/.local/lib/python3.12/site-packages/airflow/example_dags/example_branch_day_of_week_operator.py
[2025-12-30T01:57:03.605+0000] {processor.py:840} INFO - DAG(s) 'example_weekday_branch_operator' retrieved from /home/airflow/.local/lib/python3.12/site-packages/airflow/example_dags/example_branch_day_of_week_operator.py
[2025-12-30T01:57:03.626+0000] {logging_mixin.py:188} INFO - [2025-12-30T01:57:03.626+0000] {dag.py:3089} INFO - Sync 1 DAGs
[2025-12-30T01:57:03.649+0000] {logging_mixin.py:188} INFO - [2025-12-30T01:57:03.649+0000] {dag.py:3947} INFO - Setting next_dagrun for example_weekday_branch_operator to 2025-12-29 00:00:00+00:00, run_after=2025-12-30 00:00:00+00:00
[2025-12-30T01:57:03.669+0000] {processor.py:183} INFO - Processing /home/airflow/.local/lib/python3.12/site-packages/airflow/example_dags/example_branch_day_of_week_operator.py took 0.078 seconds
[2025-12-30T01:57:33.720+0000] {processor.py:161} INFO - Started process (PID=653) to work on /home/airflow/.local/lib/python3.12/site-packages/airflow/example_dags/example_branch_day_of_week_operator.py
[2025-12-30T01:57:33.722+0000] {processor.py:830} INFO - Processing file /home/airflow/.local/lib/python3.12/site-packages/airflow/example_dags/example_branch_day_of_week_operator.py for tasks to queue
[2025-12-30T01:57:33.724+0000] {logging_mixin.py:188} INFO - [2025-12-30T01:57:33.723+0000] {dagbag.py:545} INFO - Filling up the DagBag from /home/airflow/.local/lib/python3.12/site-packages/airflow/example_dags/example_branch_day_of_week_operator.py
[2025-12-30T01:57:33.745+0000] {processor.py:840} INFO - DAG(s) 'example_weekday_branch_operator' retrieved from /home/airflow/.local/lib/python3.12/site-packages/airflow/example_dags/example_branch_day_of_week_operator.py
[2025-12-30T01:57:33.774+0000] {logging_mixin.py:188} INFO - [2025-12-30T01:57:33.774+0000] {dag.py:3089} INFO - Sync 1 DAGs
[2025-12-30T01:57:33.801+0000] {logging_mixin.py:188} INFO - [2025-12-30T01:57:33.801+0000] {dag.py:3947} INFO - Setting next_dagrun for example_weekday_branch_operator to 2025-12-29 00:00:00+00:00, run_after=2025-12-30 00:00:00+00:00
[2025-12-30T01:57:33.825+0000] {processor.py:183} INFO - Processing /home/airflow/.local/lib/python3.12/site-packages/airflow/example_dags/example_branch_day_of_week_operator.py took 0.114 seconds
