[2025-12-30T01:53:27.176+0000] {processor.py:161} INFO - Started process (PID=146) to work on /home/airflow/.local/lib/python3.12/site-packages/airflow/example_dags/example_bash_operator.py
[2025-12-30T01:53:27.176+0000] {processor.py:830} INFO - Processing file /home/airflow/.local/lib/python3.12/site-packages/airflow/example_dags/example_bash_operator.py for tasks to queue
[2025-12-30T01:53:27.177+0000] {logging_mixin.py:188} INFO - [2025-12-30T01:53:27.177+0000] {dagbag.py:545} INFO - Filling up the DagBag from /home/airflow/.local/lib/python3.12/site-packages/airflow/example_dags/example_bash_operator.py
[2025-12-30T01:53:27.188+0000] {processor.py:840} INFO - DAG(s) 'example_bash_operator' retrieved from /home/airflow/.local/lib/python3.12/site-packages/airflow/example_dags/example_bash_operator.py
[2025-12-30T01:53:27.276+0000] {logging_mixin.py:188} INFO - [2025-12-30T01:53:27.276+0000] {dag.py:3089} INFO - Sync 1 DAGs
[2025-12-30T01:53:27.294+0000] {logging_mixin.py:188} INFO - [2025-12-30T01:53:27.294+0000] {dag.py:3947} INFO - Setting next_dagrun for example_bash_operator to 2025-12-29 00:00:00+00:00, run_after=2025-12-30 00:00:00+00:00
[2025-12-30T01:53:27.311+0000] {processor.py:183} INFO - Processing /home/airflow/.local/lib/python3.12/site-packages/airflow/example_dags/example_bash_operator.py took 0.140 seconds
[2025-12-30T01:53:57.340+0000] {processor.py:161} INFO - Started process (PID=204) to work on /home/airflow/.local/lib/python3.12/site-packages/airflow/example_dags/example_bash_operator.py
[2025-12-30T01:53:57.340+0000] {processor.py:830} INFO - Processing file /home/airflow/.local/lib/python3.12/site-packages/airflow/example_dags/example_bash_operator.py for tasks to queue
[2025-12-30T01:53:57.341+0000] {logging_mixin.py:188} INFO - [2025-12-30T01:53:57.341+0000] {dagbag.py:545} INFO - Filling up the DagBag from /home/airflow/.local/lib/python3.12/site-packages/airflow/example_dags/example_bash_operator.py
[2025-12-30T01:53:57.351+0000] {processor.py:840} INFO - DAG(s) 'example_bash_operator' retrieved from /home/airflow/.local/lib/python3.12/site-packages/airflow/example_dags/example_bash_operator.py
[2025-12-30T01:53:57.374+0000] {logging_mixin.py:188} INFO - [2025-12-30T01:53:57.374+0000] {dag.py:3089} INFO - Sync 1 DAGs
[2025-12-30T01:53:57.393+0000] {logging_mixin.py:188} INFO - [2025-12-30T01:53:57.393+0000] {dag.py:3947} INFO - Setting next_dagrun for example_bash_operator to 2025-12-29 00:00:00+00:00, run_after=2025-12-30 00:00:00+00:00
[2025-12-30T01:53:57.409+0000] {processor.py:183} INFO - Processing /home/airflow/.local/lib/python3.12/site-packages/airflow/example_dags/example_bash_operator.py took 0.074 seconds
[2025-12-30T01:54:27.825+0000] {processor.py:161} INFO - Started process (PID=262) to work on /home/airflow/.local/lib/python3.12/site-packages/airflow/example_dags/example_bash_operator.py
[2025-12-30T01:54:27.825+0000] {processor.py:830} INFO - Processing file /home/airflow/.local/lib/python3.12/site-packages/airflow/example_dags/example_bash_operator.py for tasks to queue
[2025-12-30T01:54:27.826+0000] {logging_mixin.py:188} INFO - [2025-12-30T01:54:27.826+0000] {dagbag.py:545} INFO - Filling up the DagBag from /home/airflow/.local/lib/python3.12/site-packages/airflow/example_dags/example_bash_operator.py
[2025-12-30T01:54:27.836+0000] {processor.py:840} INFO - DAG(s) 'example_bash_operator' retrieved from /home/airflow/.local/lib/python3.12/site-packages/airflow/example_dags/example_bash_operator.py
[2025-12-30T01:54:27.860+0000] {logging_mixin.py:188} INFO - [2025-12-30T01:54:27.859+0000] {dag.py:3089} INFO - Sync 1 DAGs
[2025-12-30T01:54:27.881+0000] {logging_mixin.py:188} INFO - [2025-12-30T01:54:27.880+0000] {dag.py:3947} INFO - Setting next_dagrun for example_bash_operator to 2025-12-29 00:00:00+00:00, run_after=2025-12-30 00:00:00+00:00
[2025-12-30T01:54:27.898+0000] {processor.py:183} INFO - Processing /home/airflow/.local/lib/python3.12/site-packages/airflow/example_dags/example_bash_operator.py took 0.078 seconds
[2025-12-30T01:54:58.846+0000] {processor.py:161} INFO - Started process (PID=320) to work on /home/airflow/.local/lib/python3.12/site-packages/airflow/example_dags/example_bash_operator.py
[2025-12-30T01:54:58.847+0000] {processor.py:830} INFO - Processing file /home/airflow/.local/lib/python3.12/site-packages/airflow/example_dags/example_bash_operator.py for tasks to queue
[2025-12-30T01:54:58.848+0000] {logging_mixin.py:188} INFO - [2025-12-30T01:54:58.848+0000] {dagbag.py:545} INFO - Filling up the DagBag from /home/airflow/.local/lib/python3.12/site-packages/airflow/example_dags/example_bash_operator.py
[2025-12-30T01:54:58.861+0000] {processor.py:840} INFO - DAG(s) 'example_bash_operator' retrieved from /home/airflow/.local/lib/python3.12/site-packages/airflow/example_dags/example_bash_operator.py
[2025-12-30T01:54:58.891+0000] {logging_mixin.py:188} INFO - [2025-12-30T01:54:58.891+0000] {dag.py:3089} INFO - Sync 1 DAGs
[2025-12-30T01:54:58.919+0000] {logging_mixin.py:188} INFO - [2025-12-30T01:54:58.918+0000] {dag.py:3947} INFO - Setting next_dagrun for example_bash_operator to 2025-12-29 00:00:00+00:00, run_after=2025-12-30 00:00:00+00:00
[2025-12-30T01:54:58.937+0000] {processor.py:183} INFO - Processing /home/airflow/.local/lib/python3.12/site-packages/airflow/example_dags/example_bash_operator.py took 0.097 seconds
[2025-12-30T01:55:37.316+0000] {processor.py:161} INFO - Started process (PID=398) to work on /home/airflow/.local/lib/python3.12/site-packages/airflow/example_dags/example_bash_operator.py
[2025-12-30T01:55:37.318+0000] {processor.py:830} INFO - Processing file /home/airflow/.local/lib/python3.12/site-packages/airflow/example_dags/example_bash_operator.py for tasks to queue
[2025-12-30T01:55:37.320+0000] {logging_mixin.py:188} INFO - [2025-12-30T01:55:37.320+0000] {dagbag.py:545} INFO - Filling up the DagBag from /home/airflow/.local/lib/python3.12/site-packages/airflow/example_dags/example_bash_operator.py
[2025-12-30T01:55:37.369+0000] {processor.py:840} INFO - DAG(s) 'example_bash_operator' retrieved from /home/airflow/.local/lib/python3.12/site-packages/airflow/example_dags/example_bash_operator.py
[2025-12-30T01:55:37.553+0000] {logging_mixin.py:188} INFO - [2025-12-30T01:55:37.553+0000] {dag.py:3089} INFO - Sync 1 DAGs
[2025-12-30T01:55:37.710+0000] {logging_mixin.py:188} INFO - [2025-12-30T01:55:37.683+0000] {dag.py:3947} INFO - Setting next_dagrun for example_bash_operator to 2025-12-29 00:00:00+00:00, run_after=2025-12-30 00:00:00+00:00
[2025-12-30T01:55:37.968+0000] {processor.py:183} INFO - Processing /home/airflow/.local/lib/python3.12/site-packages/airflow/example_dags/example_bash_operator.py took 0.677 seconds
[2025-12-30T01:56:08.612+0000] {processor.py:161} INFO - Started process (PID=472) to work on /home/airflow/.local/lib/python3.12/site-packages/airflow/example_dags/example_bash_operator.py
[2025-12-30T01:56:08.613+0000] {processor.py:830} INFO - Processing file /home/airflow/.local/lib/python3.12/site-packages/airflow/example_dags/example_bash_operator.py for tasks to queue
[2025-12-30T01:56:08.614+0000] {logging_mixin.py:188} INFO - [2025-12-30T01:56:08.614+0000] {dagbag.py:545} INFO - Filling up the DagBag from /home/airflow/.local/lib/python3.12/site-packages/airflow/example_dags/example_bash_operator.py
[2025-12-30T01:56:08.634+0000] {processor.py:840} INFO - DAG(s) 'example_bash_operator' retrieved from /home/airflow/.local/lib/python3.12/site-packages/airflow/example_dags/example_bash_operator.py
[2025-12-30T01:56:08.680+0000] {logging_mixin.py:188} INFO - [2025-12-30T01:56:08.680+0000] {dag.py:3089} INFO - Sync 1 DAGs
[2025-12-30T01:56:08.718+0000] {logging_mixin.py:188} INFO - [2025-12-30T01:56:08.718+0000] {dag.py:3947} INFO - Setting next_dagrun for example_bash_operator to 2025-12-29 00:00:00+00:00, run_after=2025-12-30 00:00:00+00:00
[2025-12-30T01:56:08.752+0000] {processor.py:183} INFO - Processing /home/airflow/.local/lib/python3.12/site-packages/airflow/example_dags/example_bash_operator.py took 0.148 seconds
[2025-12-30T01:56:39.409+0000] {processor.py:161} INFO - Started process (PID=556) to work on /home/airflow/.local/lib/python3.12/site-packages/airflow/example_dags/example_bash_operator.py
[2025-12-30T01:56:39.419+0000] {processor.py:830} INFO - Processing file /home/airflow/.local/lib/python3.12/site-packages/airflow/example_dags/example_bash_operator.py for tasks to queue
[2025-12-30T01:56:39.421+0000] {logging_mixin.py:188} INFO - [2025-12-30T01:56:39.421+0000] {dagbag.py:545} INFO - Filling up the DagBag from /home/airflow/.local/lib/python3.12/site-packages/airflow/example_dags/example_bash_operator.py
[2025-12-30T01:56:39.448+0000] {processor.py:840} INFO - DAG(s) 'example_bash_operator' retrieved from /home/airflow/.local/lib/python3.12/site-packages/airflow/example_dags/example_bash_operator.py
[2025-12-30T01:56:39.520+0000] {logging_mixin.py:188} INFO - [2025-12-30T01:56:39.519+0000] {dag.py:3089} INFO - Sync 1 DAGs
[2025-12-30T01:56:39.569+0000] {logging_mixin.py:188} INFO - [2025-12-30T01:56:39.568+0000] {dag.py:3947} INFO - Setting next_dagrun for example_bash_operator to 2025-12-29 00:00:00+00:00, run_after=2025-12-30 00:00:00+00:00
[2025-12-30T01:56:39.612+0000] {processor.py:183} INFO - Processing /home/airflow/.local/lib/python3.12/site-packages/airflow/example_dags/example_bash_operator.py took 0.217 seconds
[2025-12-30T01:57:10.549+0000] {processor.py:161} INFO - Started process (PID=618) to work on /home/airflow/.local/lib/python3.12/site-packages/airflow/example_dags/example_bash_operator.py
[2025-12-30T01:57:10.550+0000] {processor.py:830} INFO - Processing file /home/airflow/.local/lib/python3.12/site-packages/airflow/example_dags/example_bash_operator.py for tasks to queue
[2025-12-30T01:57:10.551+0000] {logging_mixin.py:188} INFO - [2025-12-30T01:57:10.550+0000] {dagbag.py:545} INFO - Filling up the DagBag from /home/airflow/.local/lib/python3.12/site-packages/airflow/example_dags/example_bash_operator.py
[2025-12-30T01:57:10.563+0000] {processor.py:840} INFO - DAG(s) 'example_bash_operator' retrieved from /home/airflow/.local/lib/python3.12/site-packages/airflow/example_dags/example_bash_operator.py
[2025-12-30T01:57:10.626+0000] {logging_mixin.py:188} INFO - [2025-12-30T01:57:10.625+0000] {dag.py:3089} INFO - Sync 1 DAGs
[2025-12-30T01:57:10.655+0000] {logging_mixin.py:188} INFO - [2025-12-30T01:57:10.655+0000] {dag.py:3947} INFO - Setting next_dagrun for example_bash_operator to 2025-12-29 00:00:00+00:00, run_after=2025-12-30 00:00:00+00:00
[2025-12-30T01:57:10.675+0000] {processor.py:183} INFO - Processing /home/airflow/.local/lib/python3.12/site-packages/airflow/example_dags/example_bash_operator.py took 0.131 seconds
[2025-12-30T01:57:40.788+0000] {processor.py:161} INFO - Started process (PID=676) to work on /home/airflow/.local/lib/python3.12/site-packages/airflow/example_dags/example_bash_operator.py
[2025-12-30T01:57:40.788+0000] {processor.py:830} INFO - Processing file /home/airflow/.local/lib/python3.12/site-packages/airflow/example_dags/example_bash_operator.py for tasks to queue
[2025-12-30T01:57:40.789+0000] {logging_mixin.py:188} INFO - [2025-12-30T01:57:40.789+0000] {dagbag.py:545} INFO - Filling up the DagBag from /home/airflow/.local/lib/python3.12/site-packages/airflow/example_dags/example_bash_operator.py
[2025-12-30T01:57:40.800+0000] {processor.py:840} INFO - DAG(s) 'example_bash_operator' retrieved from /home/airflow/.local/lib/python3.12/site-packages/airflow/example_dags/example_bash_operator.py
[2025-12-30T01:57:40.824+0000] {logging_mixin.py:188} INFO - [2025-12-30T01:57:40.824+0000] {dag.py:3089} INFO - Sync 1 DAGs
[2025-12-30T01:57:40.843+0000] {logging_mixin.py:188} INFO - [2025-12-30T01:57:40.843+0000] {dag.py:3947} INFO - Setting next_dagrun for example_bash_operator to 2025-12-29 00:00:00+00:00, run_after=2025-12-30 00:00:00+00:00
[2025-12-30T01:57:40.860+0000] {processor.py:183} INFO - Processing /home/airflow/.local/lib/python3.12/site-packages/airflow/example_dags/example_bash_operator.py took 0.078 seconds
