[2026-01-01T02:37:10.302+0000] {local_task_job_runner.py:120} INFO - ::group::Pre task execution logs
[2026-01-01T02:37:10.351+0000] {taskinstance.py:2076} INFO - Dependencies all met for dep_context=non-requeueable deps ti=<TaskInstance: thongtin_cty_bctc.ingest_overview scheduled__2025-12-30T00:00:00+00:00 map_index=58 [queued]>
[2026-01-01T02:37:10.381+0000] {taskinstance.py:2076} INFO - Dependencies all met for dep_context=requeueable deps ti=<TaskInstance: thongtin_cty_bctc.ingest_overview scheduled__2025-12-30T00:00:00+00:00 map_index=58 [queued]>
[2026-01-01T02:37:10.382+0000] {taskinstance.py:2306} INFO - Starting attempt 2 of 3
[2026-01-01T02:37:10.410+0000] {taskinstance.py:2330} INFO - Executing <Mapped(DfToCsvOperator): ingest_overview> on 2025-12-30 00:00:00+00:00
[2026-01-01T02:37:10.423+0000] {warnings.py:112} WARNING - This process (pid=16848) is multi-threaded, use of fork() may lead to deadlocks in the child.

[2026-01-01T02:37:10.428+0000] {standard_task_runner.py:64} INFO - Started process 16907 to run task
[2026-01-01T02:37:10.428+0000] {standard_task_runner.py:90} INFO - Running: ['***', 'tasks', 'run', 'thongtin_cty_bctc', 'ingest_overview', 'scheduled__2025-12-30T00:00:00+00:00', '--job-id', '2066', '--raw', '--subdir', 'DAGS_FOLDER/tt_cty_bctc.py', '--cfg-path', '/tmp/tmpr97m529r', '--map-index', '58']
[2026-01-01T02:37:10.430+0000] {standard_task_runner.py:91} INFO - Job 2066: Subtask ingest_overview
[2026-01-01T02:37:10.501+0000] {task_command.py:426} INFO - Running <TaskInstance: thongtin_cty_bctc.ingest_overview scheduled__2025-12-30T00:00:00+00:00 map_index=58 [running]> on host 43b0a0f7606b
[2026-01-01T02:37:10.634+0000] {taskinstance.py:2648} INFO - Exporting env vars: AIRFLOW_CTX_DAG_OWNER='***' AIRFLOW_CTX_DAG_ID='thongtin_cty_bctc' AIRFLOW_CTX_TASK_ID='ingest_overview' AIRFLOW_CTX_EXECUTION_DATE='2025-12-30T00:00:00+00:00' AIRFLOW_CTX_TRY_NUMBER='2' AIRFLOW_CTX_DAG_RUN_ID='scheduled__2025-12-30T00:00:00+00:00'
[2026-01-01T02:37:10.636+0000] {taskinstance.py:430} INFO - ::endgroup::
[2026-01-01T02:37:10.756+0000] {logging_mixin.py:188} INFO - Err overview HDA: Failed to fetch data: 429 - Too Many Requests
[2026-01-01T02:37:10.861+0000] {logging_mixin.py:188} INFO - Err overview HD8: Failed to fetch data: 429 - Too Many Requests
[2026-01-01T02:37:11.005+0000] {logging_mixin.py:188} INFO - Err overview HD6: Failed to fetch data: 429 - Too Many Requests
[2026-01-01T02:37:11.128+0000] {logging_mixin.py:188} INFO - Err overview HD2: Failed to fetch data: 429 - Too Many Requests
[2026-01-01T02:37:11.228+0000] {logging_mixin.py:188} INFO - Err overview HCT: Failed to fetch data: 429 - Too Many Requests
[2026-01-01T02:37:11.340+0000] {logging_mixin.py:188} INFO - Err overview HCM: Failed to fetch data: 429 - Too Many Requests
[2026-01-01T02:37:11.479+0000] {logging_mixin.py:188} INFO - Err overview HCI: Failed to fetch data: 429 - Too Many Requests
[2026-01-01T02:37:11.637+0000] {logging_mixin.py:188} INFO - Err overview HCD: Failed to fetch data: 429 - Too Many Requests
[2026-01-01T02:37:11.764+0000] {logging_mixin.py:188} INFO - Err overview HCC: Failed to fetch data: 429 - Too Many Requests
[2026-01-01T02:37:11.870+0000] {logging_mixin.py:188} INFO - Err overview HCB: Failed to fetch data: 429 - Too Many Requests
[2026-01-01T02:37:11.982+0000] {logging_mixin.py:188} INFO - Err overview HC3: Failed to fetch data: 429 - Too Many Requests
[2026-01-01T02:37:12.071+0000] {logging_mixin.py:188} INFO - Err overview HC1: Failed to fetch data: 429 - Too Many Requests
[2026-01-01T02:37:12.170+0000] {logging_mixin.py:188} INFO - Err overview HBS: Failed to fetch data: 429 - Too Many Requests
[2026-01-01T02:37:12.274+0000] {logging_mixin.py:188} INFO - Err overview HBH: Failed to fetch data: 429 - Too Many Requests
[2026-01-01T02:37:12.377+0000] {logging_mixin.py:188} INFO - Err overview HBD: Failed to fetch data: 429 - Too Many Requests
[2026-01-01T02:37:12.487+0000] {logging_mixin.py:188} INFO - Err overview HBC: Failed to fetch data: 429 - Too Many Requests
[2026-01-01T02:37:12.595+0000] {logging_mixin.py:188} INFO - Err overview HAX: Failed to fetch data: 429 - Too Many Requests
[2026-01-01T02:37:12.708+0000] {logging_mixin.py:188} INFO - Err overview HAW: Failed to fetch data: 429 - Too Many Requests
[2026-01-01T02:37:12.815+0000] {logging_mixin.py:188} INFO - Err overview HAV: Failed to fetch data: 429 - Too Many Requests
[2026-01-01T02:37:12.944+0000] {logging_mixin.py:188} INFO - Err overview HAT: Failed to fetch data: 429 - Too Many Requests
[2026-01-01T02:37:12.949+0000] {datalake_df2csv.py:40} INFO - DataFrame rỗng, bỏ qua upload CSV.
[2026-01-01T02:37:12.950+0000] {taskinstance.py:441} INFO - ::group::Post task execution logs
[2026-01-01T02:37:12.963+0000] {taskinstance.py:1206} INFO - Marking task as SUCCESS. dag_id=thongtin_cty_bctc, task_id=ingest_overview, run_id=scheduled__2025-12-30T00:00:00+00:00, map_index=58, execution_date=20251230T000000, start_date=20260101T023710, end_date=20260101T023712
[2026-01-01T02:37:13.012+0000] {local_task_job_runner.py:243} INFO - Task exited with return code 0
[2026-01-01T02:37:13.038+0000] {taskinstance.py:3503} INFO - 0 downstream tasks scheduled from follow-on schedule check
[2026-01-01T02:37:13.041+0000] {local_task_job_runner.py:222} INFO - ::endgroup::
