[2026-01-13T13:03:55.525+0000] {processor.py:161} INFO - Started process (PID=89) to work on /opt/airflow/dags/company_overview_to_minio.py
[2026-01-13T13:03:55.526+0000] {processor.py:830} INFO - Processing file /opt/airflow/dags/company_overview_to_minio.py for tasks to queue
[2026-01-13T13:03:55.527+0000] {logging_mixin.py:188} INFO - [2026-01-13T13:03:55.527+0000] {dagbag.py:545} INFO - Filling up the DagBag from /opt/airflow/dags/company_overview_to_minio.py
[2026-01-13T13:03:55.570+0000] {processor.py:840} INFO - DAG(s) 'company_overview_to_minio' retrieved from /opt/airflow/dags/company_overview_to_minio.py
[2026-01-13T13:03:55.699+0000] {logging_mixin.py:188} INFO - [2026-01-13T13:03:55.699+0000] {dag.py:3089} INFO - Sync 1 DAGs
[2026-01-13T13:03:55.725+0000] {logging_mixin.py:188} INFO - [2026-01-13T13:03:55.724+0000] {dag.py:3947} INFO - Setting next_dagrun for company_overview_to_minio to 2026-01-11 00:00:00+00:00, run_after=2026-01-18 00:00:00+00:00
[2026-01-13T13:03:55.749+0000] {processor.py:183} INFO - Processing /opt/airflow/dags/company_overview_to_minio.py took 0.231 seconds
[2026-01-13T13:04:26.606+0000] {processor.py:161} INFO - Started process (PID=114) to work on /opt/airflow/dags/company_overview_to_minio.py
[2026-01-13T13:04:26.607+0000] {processor.py:830} INFO - Processing file /opt/airflow/dags/company_overview_to_minio.py for tasks to queue
[2026-01-13T13:04:26.608+0000] {logging_mixin.py:188} INFO - [2026-01-13T13:04:26.607+0000] {dagbag.py:545} INFO - Filling up the DagBag from /opt/airflow/dags/company_overview_to_minio.py
[2026-01-13T13:04:26.643+0000] {processor.py:840} INFO - DAG(s) 'company_overview_to_minio' retrieved from /opt/airflow/dags/company_overview_to_minio.py
[2026-01-13T13:04:26.668+0000] {logging_mixin.py:188} INFO - [2026-01-13T13:04:26.668+0000] {dag.py:3089} INFO - Sync 1 DAGs
[2026-01-13T13:04:26.692+0000] {logging_mixin.py:188} INFO - [2026-01-13T13:04:26.692+0000] {dag.py:3947} INFO - Setting next_dagrun for company_overview_to_minio to 2026-01-11 00:00:00+00:00, run_after=2026-01-18 00:00:00+00:00
[2026-01-13T13:04:26.715+0000] {processor.py:183} INFO - Processing /opt/airflow/dags/company_overview_to_minio.py took 0.116 seconds
[2026-01-13T13:04:56.797+0000] {processor.py:161} INFO - Started process (PID=132) to work on /opt/airflow/dags/company_overview_to_minio.py
[2026-01-13T13:04:56.798+0000] {processor.py:830} INFO - Processing file /opt/airflow/dags/company_overview_to_minio.py for tasks to queue
[2026-01-13T13:04:56.799+0000] {logging_mixin.py:188} INFO - [2026-01-13T13:04:56.798+0000] {dagbag.py:545} INFO - Filling up the DagBag from /opt/airflow/dags/company_overview_to_minio.py
[2026-01-13T13:04:56.828+0000] {processor.py:840} INFO - DAG(s) 'company_overview_to_minio' retrieved from /opt/airflow/dags/company_overview_to_minio.py
[2026-01-13T13:04:56.850+0000] {logging_mixin.py:188} INFO - [2026-01-13T13:04:56.850+0000] {dag.py:3089} INFO - Sync 1 DAGs
[2026-01-13T13:04:56.873+0000] {logging_mixin.py:188} INFO - [2026-01-13T13:04:56.873+0000] {dag.py:3947} INFO - Setting next_dagrun for company_overview_to_minio to 2026-01-11 00:00:00+00:00, run_after=2026-01-18 00:00:00+00:00
[2026-01-13T13:04:56.891+0000] {processor.py:183} INFO - Processing /opt/airflow/dags/company_overview_to_minio.py took 0.099 seconds
[2026-01-13T13:05:26.960+0000] {processor.py:161} INFO - Started process (PID=150) to work on /opt/airflow/dags/company_overview_to_minio.py
[2026-01-13T13:05:26.961+0000] {processor.py:830} INFO - Processing file /opt/airflow/dags/company_overview_to_minio.py for tasks to queue
[2026-01-13T13:05:26.962+0000] {logging_mixin.py:188} INFO - [2026-01-13T13:05:26.961+0000] {dagbag.py:545} INFO - Filling up the DagBag from /opt/airflow/dags/company_overview_to_minio.py
[2026-01-13T13:05:26.992+0000] {processor.py:840} INFO - DAG(s) 'company_overview_to_minio' retrieved from /opt/airflow/dags/company_overview_to_minio.py
[2026-01-13T13:05:27.013+0000] {logging_mixin.py:188} INFO - [2026-01-13T13:05:27.013+0000] {dag.py:3089} INFO - Sync 1 DAGs
[2026-01-13T13:05:27.033+0000] {logging_mixin.py:188} INFO - [2026-01-13T13:05:27.033+0000] {dag.py:3947} INFO - Setting next_dagrun for company_overview_to_minio to 2026-01-11 00:00:00+00:00, run_after=2026-01-18 00:00:00+00:00
[2026-01-13T13:05:27.053+0000] {processor.py:183} INFO - Processing /opt/airflow/dags/company_overview_to_minio.py took 0.098 seconds
[2026-01-13T13:05:57.189+0000] {processor.py:161} INFO - Started process (PID=168) to work on /opt/airflow/dags/company_overview_to_minio.py
[2026-01-13T13:05:57.189+0000] {processor.py:830} INFO - Processing file /opt/airflow/dags/company_overview_to_minio.py for tasks to queue
[2026-01-13T13:05:57.190+0000] {logging_mixin.py:188} INFO - [2026-01-13T13:05:57.190+0000] {dagbag.py:545} INFO - Filling up the DagBag from /opt/airflow/dags/company_overview_to_minio.py
[2026-01-13T13:05:57.220+0000] {processor.py:840} INFO - DAG(s) 'company_overview_to_minio' retrieved from /opt/airflow/dags/company_overview_to_minio.py
[2026-01-13T13:05:57.240+0000] {logging_mixin.py:188} INFO - [2026-01-13T13:05:57.240+0000] {dag.py:3089} INFO - Sync 1 DAGs
[2026-01-13T13:05:57.259+0000] {logging_mixin.py:188} INFO - [2026-01-13T13:05:57.259+0000] {dag.py:3947} INFO - Setting next_dagrun for company_overview_to_minio to 2026-01-11 00:00:00+00:00, run_after=2026-01-18 00:00:00+00:00
[2026-01-13T13:05:57.283+0000] {processor.py:183} INFO - Processing /opt/airflow/dags/company_overview_to_minio.py took 0.100 seconds
[2026-01-13T13:06:27.413+0000] {processor.py:161} INFO - Started process (PID=186) to work on /opt/airflow/dags/company_overview_to_minio.py
[2026-01-13T13:06:27.414+0000] {processor.py:830} INFO - Processing file /opt/airflow/dags/company_overview_to_minio.py for tasks to queue
[2026-01-13T13:06:27.415+0000] {logging_mixin.py:188} INFO - [2026-01-13T13:06:27.415+0000] {dagbag.py:545} INFO - Filling up the DagBag from /opt/airflow/dags/company_overview_to_minio.py
[2026-01-13T13:06:27.444+0000] {processor.py:840} INFO - DAG(s) 'company_overview_to_minio' retrieved from /opt/airflow/dags/company_overview_to_minio.py
[2026-01-13T13:06:27.464+0000] {logging_mixin.py:188} INFO - [2026-01-13T13:06:27.464+0000] {dag.py:3089} INFO - Sync 1 DAGs
[2026-01-13T13:06:27.488+0000] {logging_mixin.py:188} INFO - [2026-01-13T13:06:27.487+0000] {dag.py:3947} INFO - Setting next_dagrun for company_overview_to_minio to 2026-01-11 00:00:00+00:00, run_after=2026-01-18 00:00:00+00:00
[2026-01-13T13:06:27.508+0000] {processor.py:183} INFO - Processing /opt/airflow/dags/company_overview_to_minio.py took 0.099 seconds
[2026-01-13T13:06:57.564+0000] {processor.py:161} INFO - Started process (PID=204) to work on /opt/airflow/dags/company_overview_to_minio.py
[2026-01-13T13:06:57.565+0000] {processor.py:830} INFO - Processing file /opt/airflow/dags/company_overview_to_minio.py for tasks to queue
[2026-01-13T13:06:57.566+0000] {logging_mixin.py:188} INFO - [2026-01-13T13:06:57.566+0000] {dagbag.py:545} INFO - Filling up the DagBag from /opt/airflow/dags/company_overview_to_minio.py
[2026-01-13T13:06:57.593+0000] {processor.py:840} INFO - DAG(s) 'company_overview_to_minio' retrieved from /opt/airflow/dags/company_overview_to_minio.py
[2026-01-13T13:06:57.613+0000] {logging_mixin.py:188} INFO - [2026-01-13T13:06:57.613+0000] {dag.py:3089} INFO - Sync 1 DAGs
[2026-01-13T13:06:57.634+0000] {logging_mixin.py:188} INFO - [2026-01-13T13:06:57.634+0000] {dag.py:3947} INFO - Setting next_dagrun for company_overview_to_minio to 2026-01-11 00:00:00+00:00, run_after=2026-01-18 00:00:00+00:00
[2026-01-13T13:06:57.651+0000] {processor.py:183} INFO - Processing /opt/airflow/dags/company_overview_to_minio.py took 0.093 seconds
[2026-01-13T13:07:27.802+0000] {processor.py:161} INFO - Started process (PID=222) to work on /opt/airflow/dags/company_overview_to_minio.py
[2026-01-13T13:07:27.803+0000] {processor.py:830} INFO - Processing file /opt/airflow/dags/company_overview_to_minio.py for tasks to queue
[2026-01-13T13:07:27.804+0000] {logging_mixin.py:188} INFO - [2026-01-13T13:07:27.804+0000] {dagbag.py:545} INFO - Filling up the DagBag from /opt/airflow/dags/company_overview_to_minio.py
[2026-01-13T13:07:27.831+0000] {processor.py:840} INFO - DAG(s) 'company_overview_to_minio' retrieved from /opt/airflow/dags/company_overview_to_minio.py
[2026-01-13T13:07:27.849+0000] {logging_mixin.py:188} INFO - [2026-01-13T13:07:27.849+0000] {dag.py:3089} INFO - Sync 1 DAGs
[2026-01-13T13:07:27.867+0000] {logging_mixin.py:188} INFO - [2026-01-13T13:07:27.867+0000] {dag.py:3947} INFO - Setting next_dagrun for company_overview_to_minio to 2026-01-11 00:00:00+00:00, run_after=2026-01-18 00:00:00+00:00
[2026-01-13T13:07:27.886+0000] {processor.py:183} INFO - Processing /opt/airflow/dags/company_overview_to_minio.py took 0.089 seconds
[2026-01-13T13:07:58.005+0000] {processor.py:161} INFO - Started process (PID=240) to work on /opt/airflow/dags/company_overview_to_minio.py
[2026-01-13T13:07:58.005+0000] {processor.py:830} INFO - Processing file /opt/airflow/dags/company_overview_to_minio.py for tasks to queue
[2026-01-13T13:07:58.006+0000] {logging_mixin.py:188} INFO - [2026-01-13T13:07:58.006+0000] {dagbag.py:545} INFO - Filling up the DagBag from /opt/airflow/dags/company_overview_to_minio.py
[2026-01-13T13:07:58.036+0000] {processor.py:840} INFO - DAG(s) 'company_overview_to_minio' retrieved from /opt/airflow/dags/company_overview_to_minio.py
[2026-01-13T13:07:58.056+0000] {logging_mixin.py:188} INFO - [2026-01-13T13:07:58.056+0000] {dag.py:3089} INFO - Sync 1 DAGs
[2026-01-13T13:07:58.075+0000] {logging_mixin.py:188} INFO - [2026-01-13T13:07:58.075+0000] {dag.py:3947} INFO - Setting next_dagrun for company_overview_to_minio to 2026-01-11 00:00:00+00:00, run_after=2026-01-18 00:00:00+00:00
[2026-01-13T13:07:58.091+0000] {processor.py:183} INFO - Processing /opt/airflow/dags/company_overview_to_minio.py took 0.092 seconds
[2026-01-13T13:08:28.189+0000] {processor.py:161} INFO - Started process (PID=258) to work on /opt/airflow/dags/company_overview_to_minio.py
[2026-01-13T13:08:28.189+0000] {processor.py:830} INFO - Processing file /opt/airflow/dags/company_overview_to_minio.py for tasks to queue
[2026-01-13T13:08:28.190+0000] {logging_mixin.py:188} INFO - [2026-01-13T13:08:28.190+0000] {dagbag.py:545} INFO - Filling up the DagBag from /opt/airflow/dags/company_overview_to_minio.py
[2026-01-13T13:08:28.217+0000] {processor.py:840} INFO - DAG(s) 'company_overview_to_minio' retrieved from /opt/airflow/dags/company_overview_to_minio.py
[2026-01-13T13:08:28.237+0000] {logging_mixin.py:188} INFO - [2026-01-13T13:08:28.236+0000] {dag.py:3089} INFO - Sync 1 DAGs
[2026-01-13T13:08:28.256+0000] {logging_mixin.py:188} INFO - [2026-01-13T13:08:28.256+0000] {dag.py:3947} INFO - Setting next_dagrun for company_overview_to_minio to 2026-01-11 00:00:00+00:00, run_after=2026-01-18 00:00:00+00:00
[2026-01-13T13:08:28.274+0000] {processor.py:183} INFO - Processing /opt/airflow/dags/company_overview_to_minio.py took 0.091 seconds
[2026-01-13T13:08:58.431+0000] {processor.py:161} INFO - Started process (PID=276) to work on /opt/airflow/dags/company_overview_to_minio.py
[2026-01-13T13:08:58.432+0000] {processor.py:830} INFO - Processing file /opt/airflow/dags/company_overview_to_minio.py for tasks to queue
[2026-01-13T13:08:58.433+0000] {logging_mixin.py:188} INFO - [2026-01-13T13:08:58.432+0000] {dagbag.py:545} INFO - Filling up the DagBag from /opt/airflow/dags/company_overview_to_minio.py
[2026-01-13T13:08:58.462+0000] {processor.py:840} INFO - DAG(s) 'company_overview_to_minio' retrieved from /opt/airflow/dags/company_overview_to_minio.py
[2026-01-13T13:08:58.483+0000] {logging_mixin.py:188} INFO - [2026-01-13T13:08:58.483+0000] {dag.py:3089} INFO - Sync 1 DAGs
[2026-01-13T13:08:58.503+0000] {logging_mixin.py:188} INFO - [2026-01-13T13:08:58.503+0000] {dag.py:3947} INFO - Setting next_dagrun for company_overview_to_minio to 2026-01-11 00:00:00+00:00, run_after=2026-01-18 00:00:00+00:00
[2026-01-13T13:08:58.521+0000] {processor.py:183} INFO - Processing /opt/airflow/dags/company_overview_to_minio.py took 0.098 seconds
[2026-01-13T13:09:28.625+0000] {processor.py:161} INFO - Started process (PID=302) to work on /opt/airflow/dags/company_overview_to_minio.py
[2026-01-13T13:09:28.625+0000] {processor.py:830} INFO - Processing file /opt/airflow/dags/company_overview_to_minio.py for tasks to queue
[2026-01-13T13:09:28.626+0000] {logging_mixin.py:188} INFO - [2026-01-13T13:09:28.626+0000] {dagbag.py:545} INFO - Filling up the DagBag from /opt/airflow/dags/company_overview_to_minio.py
[2026-01-13T13:09:28.652+0000] {processor.py:840} INFO - DAG(s) 'company_overview_to_minio' retrieved from /opt/airflow/dags/company_overview_to_minio.py
[2026-01-13T13:09:28.672+0000] {logging_mixin.py:188} INFO - [2026-01-13T13:09:28.671+0000] {dag.py:3089} INFO - Sync 1 DAGs
[2026-01-13T13:09:28.690+0000] {logging_mixin.py:188} INFO - [2026-01-13T13:09:28.690+0000] {dag.py:3947} INFO - Setting next_dagrun for company_overview_to_minio to 2026-01-11 00:00:00+00:00, run_after=2026-01-18 00:00:00+00:00
[2026-01-13T13:09:28.716+0000] {processor.py:183} INFO - Processing /opt/airflow/dags/company_overview_to_minio.py took 0.097 seconds
[2026-01-13T13:09:58.905+0000] {processor.py:161} INFO - Started process (PID=320) to work on /opt/airflow/dags/company_overview_to_minio.py
[2026-01-13T13:09:58.905+0000] {processor.py:830} INFO - Processing file /opt/airflow/dags/company_overview_to_minio.py for tasks to queue
[2026-01-13T13:09:58.906+0000] {logging_mixin.py:188} INFO - [2026-01-13T13:09:58.906+0000] {dagbag.py:545} INFO - Filling up the DagBag from /opt/airflow/dags/company_overview_to_minio.py
[2026-01-13T13:09:58.936+0000] {processor.py:840} INFO - DAG(s) 'company_overview_to_minio' retrieved from /opt/airflow/dags/company_overview_to_minio.py
[2026-01-13T13:09:58.958+0000] {logging_mixin.py:188} INFO - [2026-01-13T13:09:58.958+0000] {dag.py:3089} INFO - Sync 1 DAGs
[2026-01-13T13:09:58.978+0000] {logging_mixin.py:188} INFO - [2026-01-13T13:09:58.978+0000] {dag.py:3947} INFO - Setting next_dagrun for company_overview_to_minio to 2026-01-11 00:00:00+00:00, run_after=2026-01-18 00:00:00+00:00
[2026-01-13T13:09:58.995+0000] {processor.py:183} INFO - Processing /opt/airflow/dags/company_overview_to_minio.py took 0.097 seconds
[2026-01-13T13:10:29.153+0000] {processor.py:161} INFO - Started process (PID=338) to work on /opt/airflow/dags/company_overview_to_minio.py
[2026-01-13T13:10:29.154+0000] {processor.py:830} INFO - Processing file /opt/airflow/dags/company_overview_to_minio.py for tasks to queue
[2026-01-13T13:10:29.154+0000] {logging_mixin.py:188} INFO - [2026-01-13T13:10:29.154+0000] {dagbag.py:545} INFO - Filling up the DagBag from /opt/airflow/dags/company_overview_to_minio.py
[2026-01-13T13:10:29.180+0000] {processor.py:840} INFO - DAG(s) 'company_overview_to_minio' retrieved from /opt/airflow/dags/company_overview_to_minio.py
[2026-01-13T13:10:29.200+0000] {logging_mixin.py:188} INFO - [2026-01-13T13:10:29.200+0000] {dag.py:3089} INFO - Sync 1 DAGs
[2026-01-13T13:10:29.220+0000] {logging_mixin.py:188} INFO - [2026-01-13T13:10:29.220+0000] {dag.py:3947} INFO - Setting next_dagrun for company_overview_to_minio to 2026-01-11 00:00:00+00:00, run_after=2026-01-18 00:00:00+00:00
[2026-01-13T13:10:29.241+0000] {processor.py:183} INFO - Processing /opt/airflow/dags/company_overview_to_minio.py took 0.093 seconds
[2026-01-13T13:10:59.439+0000] {processor.py:161} INFO - Started process (PID=356) to work on /opt/airflow/dags/company_overview_to_minio.py
[2026-01-13T13:10:59.439+0000] {processor.py:830} INFO - Processing file /opt/airflow/dags/company_overview_to_minio.py for tasks to queue
[2026-01-13T13:10:59.440+0000] {logging_mixin.py:188} INFO - [2026-01-13T13:10:59.440+0000] {dagbag.py:545} INFO - Filling up the DagBag from /opt/airflow/dags/company_overview_to_minio.py
[2026-01-13T13:10:59.468+0000] {processor.py:840} INFO - DAG(s) 'company_overview_to_minio' retrieved from /opt/airflow/dags/company_overview_to_minio.py
[2026-01-13T13:10:59.490+0000] {logging_mixin.py:188} INFO - [2026-01-13T13:10:59.490+0000] {dag.py:3089} INFO - Sync 1 DAGs
[2026-01-13T13:10:59.510+0000] {logging_mixin.py:188} INFO - [2026-01-13T13:10:59.510+0000] {dag.py:3947} INFO - Setting next_dagrun for company_overview_to_minio to 2026-01-11 00:00:00+00:00, run_after=2026-01-18 00:00:00+00:00
[2026-01-13T13:10:59.527+0000] {processor.py:183} INFO - Processing /opt/airflow/dags/company_overview_to_minio.py took 0.095 seconds
[2026-01-13T13:11:29.832+0000] {processor.py:161} INFO - Started process (PID=380) to work on /opt/airflow/dags/company_overview_to_minio.py
[2026-01-13T13:11:29.833+0000] {processor.py:830} INFO - Processing file /opt/airflow/dags/company_overview_to_minio.py for tasks to queue
[2026-01-13T13:11:29.834+0000] {logging_mixin.py:188} INFO - [2026-01-13T13:11:29.834+0000] {dagbag.py:545} INFO - Filling up the DagBag from /opt/airflow/dags/company_overview_to_minio.py
[2026-01-13T13:11:29.865+0000] {processor.py:840} INFO - DAG(s) 'company_overview_to_minio' retrieved from /opt/airflow/dags/company_overview_to_minio.py
[2026-01-13T13:11:29.890+0000] {logging_mixin.py:188} INFO - [2026-01-13T13:11:29.889+0000] {dag.py:3089} INFO - Sync 1 DAGs
[2026-01-13T13:11:29.922+0000] {logging_mixin.py:188} INFO - [2026-01-13T13:11:29.922+0000] {dag.py:3947} INFO - Setting next_dagrun for company_overview_to_minio to 2026-01-11 00:00:00+00:00, run_after=2026-01-18 00:00:00+00:00
[2026-01-13T13:11:29.945+0000] {processor.py:183} INFO - Processing /opt/airflow/dags/company_overview_to_minio.py took 0.120 seconds
[2026-01-13T13:12:00.121+0000] {processor.py:161} INFO - Started process (PID=398) to work on /opt/airflow/dags/company_overview_to_minio.py
[2026-01-13T13:12:00.122+0000] {processor.py:830} INFO - Processing file /opt/airflow/dags/company_overview_to_minio.py for tasks to queue
[2026-01-13T13:12:00.124+0000] {logging_mixin.py:188} INFO - [2026-01-13T13:12:00.123+0000] {dagbag.py:545} INFO - Filling up the DagBag from /opt/airflow/dags/company_overview_to_minio.py
[2026-01-13T13:12:00.154+0000] {processor.py:840} INFO - DAG(s) 'company_overview_to_minio' retrieved from /opt/airflow/dags/company_overview_to_minio.py
[2026-01-13T13:12:00.174+0000] {logging_mixin.py:188} INFO - [2026-01-13T13:12:00.173+0000] {dag.py:3089} INFO - Sync 1 DAGs
[2026-01-13T13:12:00.193+0000] {logging_mixin.py:188} INFO - [2026-01-13T13:12:00.193+0000] {dag.py:3947} INFO - Setting next_dagrun for company_overview_to_minio to 2026-01-11 00:00:00+00:00, run_after=2026-01-18 00:00:00+00:00
[2026-01-13T13:12:00.211+0000] {processor.py:183} INFO - Processing /opt/airflow/dags/company_overview_to_minio.py took 0.097 seconds
[2026-01-13T13:12:30.332+0000] {processor.py:161} INFO - Started process (PID=416) to work on /opt/airflow/dags/company_overview_to_minio.py
[2026-01-13T13:12:30.332+0000] {processor.py:830} INFO - Processing file /opt/airflow/dags/company_overview_to_minio.py for tasks to queue
[2026-01-13T13:12:30.333+0000] {logging_mixin.py:188} INFO - [2026-01-13T13:12:30.333+0000] {dagbag.py:545} INFO - Filling up the DagBag from /opt/airflow/dags/company_overview_to_minio.py
[2026-01-13T13:12:30.359+0000] {processor.py:840} INFO - DAG(s) 'company_overview_to_minio' retrieved from /opt/airflow/dags/company_overview_to_minio.py
[2026-01-13T13:12:30.378+0000] {logging_mixin.py:188} INFO - [2026-01-13T13:12:30.378+0000] {dag.py:3089} INFO - Sync 1 DAGs
[2026-01-13T13:12:30.398+0000] {logging_mixin.py:188} INFO - [2026-01-13T13:12:30.398+0000] {dag.py:3947} INFO - Setting next_dagrun for company_overview_to_minio to 2026-01-11 00:00:00+00:00, run_after=2026-01-18 00:00:00+00:00
[2026-01-13T13:12:30.417+0000] {processor.py:183} INFO - Processing /opt/airflow/dags/company_overview_to_minio.py took 0.090 seconds
[2026-01-13T13:13:00.594+0000] {processor.py:161} INFO - Started process (PID=434) to work on /opt/airflow/dags/company_overview_to_minio.py
[2026-01-13T13:13:00.595+0000] {processor.py:830} INFO - Processing file /opt/airflow/dags/company_overview_to_minio.py for tasks to queue
[2026-01-13T13:13:00.596+0000] {logging_mixin.py:188} INFO - [2026-01-13T13:13:00.595+0000] {dagbag.py:545} INFO - Filling up the DagBag from /opt/airflow/dags/company_overview_to_minio.py
[2026-01-13T13:13:00.621+0000] {processor.py:840} INFO - DAG(s) 'company_overview_to_minio' retrieved from /opt/airflow/dags/company_overview_to_minio.py
[2026-01-13T13:13:00.640+0000] {logging_mixin.py:188} INFO - [2026-01-13T13:13:00.640+0000] {dag.py:3089} INFO - Sync 1 DAGs
[2026-01-13T13:13:00.660+0000] {logging_mixin.py:188} INFO - [2026-01-13T13:13:00.660+0000] {dag.py:3947} INFO - Setting next_dagrun for company_overview_to_minio to 2026-01-11 00:00:00+00:00, run_after=2026-01-18 00:00:00+00:00
[2026-01-13T13:13:00.678+0000] {processor.py:183} INFO - Processing /opt/airflow/dags/company_overview_to_minio.py took 0.089 seconds
[2026-01-13T13:13:30.795+0000] {processor.py:161} INFO - Started process (PID=452) to work on /opt/airflow/dags/company_overview_to_minio.py
[2026-01-13T13:13:30.796+0000] {processor.py:830} INFO - Processing file /opt/airflow/dags/company_overview_to_minio.py for tasks to queue
[2026-01-13T13:13:30.797+0000] {logging_mixin.py:188} INFO - [2026-01-13T13:13:30.796+0000] {dagbag.py:545} INFO - Filling up the DagBag from /opt/airflow/dags/company_overview_to_minio.py
[2026-01-13T13:13:30.824+0000] {processor.py:840} INFO - DAG(s) 'company_overview_to_minio' retrieved from /opt/airflow/dags/company_overview_to_minio.py
[2026-01-13T13:13:30.844+0000] {logging_mixin.py:188} INFO - [2026-01-13T13:13:30.844+0000] {dag.py:3089} INFO - Sync 1 DAGs
[2026-01-13T13:13:30.869+0000] {logging_mixin.py:188} INFO - [2026-01-13T13:13:30.868+0000] {dag.py:3947} INFO - Setting next_dagrun for company_overview_to_minio to 2026-01-11 00:00:00+00:00, run_after=2026-01-18 00:00:00+00:00
[2026-01-13T13:13:30.888+0000] {processor.py:183} INFO - Processing /opt/airflow/dags/company_overview_to_minio.py took 0.098 seconds
[2026-01-13T13:14:01.139+0000] {processor.py:161} INFO - Started process (PID=470) to work on /opt/airflow/dags/company_overview_to_minio.py
[2026-01-13T13:14:01.140+0000] {processor.py:830} INFO - Processing file /opt/airflow/dags/company_overview_to_minio.py for tasks to queue
[2026-01-13T13:14:01.141+0000] {logging_mixin.py:188} INFO - [2026-01-13T13:14:01.140+0000] {dagbag.py:545} INFO - Filling up the DagBag from /opt/airflow/dags/company_overview_to_minio.py
[2026-01-13T13:14:01.165+0000] {processor.py:840} INFO - DAG(s) 'company_overview_to_minio' retrieved from /opt/airflow/dags/company_overview_to_minio.py
[2026-01-13T13:14:01.186+0000] {logging_mixin.py:188} INFO - [2026-01-13T13:14:01.186+0000] {dag.py:3089} INFO - Sync 1 DAGs
[2026-01-13T13:14:01.206+0000] {logging_mixin.py:188} INFO - [2026-01-13T13:14:01.206+0000] {dag.py:3947} INFO - Setting next_dagrun for company_overview_to_minio to 2026-01-11 00:00:00+00:00, run_after=2026-01-18 00:00:00+00:00
[2026-01-13T13:14:01.225+0000] {processor.py:183} INFO - Processing /opt/airflow/dags/company_overview_to_minio.py took 0.091 seconds
[2026-01-13T13:14:31.418+0000] {processor.py:161} INFO - Started process (PID=488) to work on /opt/airflow/dags/company_overview_to_minio.py
[2026-01-13T13:14:31.419+0000] {processor.py:830} INFO - Processing file /opt/airflow/dags/company_overview_to_minio.py for tasks to queue
[2026-01-13T13:14:31.419+0000] {logging_mixin.py:188} INFO - [2026-01-13T13:14:31.419+0000] {dagbag.py:545} INFO - Filling up the DagBag from /opt/airflow/dags/company_overview_to_minio.py
[2026-01-13T13:14:31.445+0000] {processor.py:840} INFO - DAG(s) 'company_overview_to_minio' retrieved from /opt/airflow/dags/company_overview_to_minio.py
[2026-01-13T13:14:31.465+0000] {logging_mixin.py:188} INFO - [2026-01-13T13:14:31.465+0000] {dag.py:3089} INFO - Sync 1 DAGs
[2026-01-13T13:14:31.485+0000] {logging_mixin.py:188} INFO - [2026-01-13T13:14:31.484+0000] {dag.py:3947} INFO - Setting next_dagrun for company_overview_to_minio to 2026-01-11 00:00:00+00:00, run_after=2026-01-18 00:00:00+00:00
[2026-01-13T13:14:31.504+0000] {processor.py:183} INFO - Processing /opt/airflow/dags/company_overview_to_minio.py took 0.091 seconds
[2026-01-13T13:15:01.588+0000] {processor.py:161} INFO - Started process (PID=506) to work on /opt/airflow/dags/company_overview_to_minio.py
[2026-01-13T13:15:01.589+0000] {processor.py:830} INFO - Processing file /opt/airflow/dags/company_overview_to_minio.py for tasks to queue
[2026-01-13T13:15:01.589+0000] {logging_mixin.py:188} INFO - [2026-01-13T13:15:01.589+0000] {dagbag.py:545} INFO - Filling up the DagBag from /opt/airflow/dags/company_overview_to_minio.py
[2026-01-13T13:15:01.617+0000] {processor.py:840} INFO - DAG(s) 'company_overview_to_minio' retrieved from /opt/airflow/dags/company_overview_to_minio.py
[2026-01-13T13:15:01.636+0000] {logging_mixin.py:188} INFO - [2026-01-13T13:15:01.636+0000] {dag.py:3089} INFO - Sync 1 DAGs
[2026-01-13T13:15:01.655+0000] {logging_mixin.py:188} INFO - [2026-01-13T13:15:01.655+0000] {dag.py:3947} INFO - Setting next_dagrun for company_overview_to_minio to 2026-01-11 00:00:00+00:00, run_after=2026-01-18 00:00:00+00:00
[2026-01-13T13:15:01.675+0000] {processor.py:183} INFO - Processing /opt/airflow/dags/company_overview_to_minio.py took 0.093 seconds
[2026-01-13T13:15:31.773+0000] {processor.py:161} INFO - Started process (PID=524) to work on /opt/airflow/dags/company_overview_to_minio.py
[2026-01-13T13:15:31.785+0000] {processor.py:830} INFO - Processing file /opt/airflow/dags/company_overview_to_minio.py for tasks to queue
[2026-01-13T13:15:31.786+0000] {logging_mixin.py:188} INFO - [2026-01-13T13:15:31.785+0000] {dagbag.py:545} INFO - Filling up the DagBag from /opt/airflow/dags/company_overview_to_minio.py
[2026-01-13T13:15:31.828+0000] {processor.py:840} INFO - DAG(s) 'company_overview_to_minio' retrieved from /opt/airflow/dags/company_overview_to_minio.py
[2026-01-13T13:15:31.850+0000] {logging_mixin.py:188} INFO - [2026-01-13T13:15:31.850+0000] {dag.py:3089} INFO - Sync 1 DAGs
[2026-01-13T13:15:31.870+0000] {logging_mixin.py:188} INFO - [2026-01-13T13:15:31.870+0000] {dag.py:3947} INFO - Setting next_dagrun for company_overview_to_minio to 2026-01-11 00:00:00+00:00, run_after=2026-01-18 00:00:00+00:00
[2026-01-13T13:15:31.888+0000] {processor.py:183} INFO - Processing /opt/airflow/dags/company_overview_to_minio.py took 0.130 seconds
[2026-01-13T13:16:02.006+0000] {processor.py:161} INFO - Started process (PID=542) to work on /opt/airflow/dags/company_overview_to_minio.py
[2026-01-13T13:16:02.007+0000] {processor.py:830} INFO - Processing file /opt/airflow/dags/company_overview_to_minio.py for tasks to queue
[2026-01-13T13:16:02.008+0000] {logging_mixin.py:188} INFO - [2026-01-13T13:16:02.007+0000] {dagbag.py:545} INFO - Filling up the DagBag from /opt/airflow/dags/company_overview_to_minio.py
[2026-01-13T13:16:02.038+0000] {processor.py:840} INFO - DAG(s) 'company_overview_to_minio' retrieved from /opt/airflow/dags/company_overview_to_minio.py
[2026-01-13T13:16:02.062+0000] {logging_mixin.py:188} INFO - [2026-01-13T13:16:02.062+0000] {dag.py:3089} INFO - Sync 1 DAGs
[2026-01-13T13:16:02.083+0000] {logging_mixin.py:188} INFO - [2026-01-13T13:16:02.083+0000] {dag.py:3947} INFO - Setting next_dagrun for company_overview_to_minio to 2026-01-11 00:00:00+00:00, run_after=2026-01-18 00:00:00+00:00
[2026-01-13T13:16:02.103+0000] {processor.py:183} INFO - Processing /opt/airflow/dags/company_overview_to_minio.py took 0.104 seconds
[2026-01-13T13:16:32.239+0000] {processor.py:161} INFO - Started process (PID=560) to work on /opt/airflow/dags/company_overview_to_minio.py
[2026-01-13T13:16:32.240+0000] {processor.py:830} INFO - Processing file /opt/airflow/dags/company_overview_to_minio.py for tasks to queue
[2026-01-13T13:16:32.241+0000] {logging_mixin.py:188} INFO - [2026-01-13T13:16:32.241+0000] {dagbag.py:545} INFO - Filling up the DagBag from /opt/airflow/dags/company_overview_to_minio.py
[2026-01-13T13:16:32.275+0000] {processor.py:840} INFO - DAG(s) 'company_overview_to_minio' retrieved from /opt/airflow/dags/company_overview_to_minio.py
[2026-01-13T13:16:32.298+0000] {logging_mixin.py:188} INFO - [2026-01-13T13:16:32.298+0000] {dag.py:3089} INFO - Sync 1 DAGs
[2026-01-13T13:16:32.322+0000] {logging_mixin.py:188} INFO - [2026-01-13T13:16:32.322+0000] {dag.py:3947} INFO - Setting next_dagrun for company_overview_to_minio to 2026-01-11 00:00:00+00:00, run_after=2026-01-18 00:00:00+00:00
[2026-01-13T13:16:32.343+0000] {processor.py:183} INFO - Processing /opt/airflow/dags/company_overview_to_minio.py took 0.112 seconds
[2026-01-13T13:17:02.501+0000] {processor.py:161} INFO - Started process (PID=578) to work on /opt/airflow/dags/company_overview_to_minio.py
[2026-01-13T13:17:02.501+0000] {processor.py:830} INFO - Processing file /opt/airflow/dags/company_overview_to_minio.py for tasks to queue
[2026-01-13T13:17:02.502+0000] {logging_mixin.py:188} INFO - [2026-01-13T13:17:02.502+0000] {dagbag.py:545} INFO - Filling up the DagBag from /opt/airflow/dags/company_overview_to_minio.py
[2026-01-13T13:17:02.532+0000] {processor.py:840} INFO - DAG(s) 'company_overview_to_minio' retrieved from /opt/airflow/dags/company_overview_to_minio.py
[2026-01-13T13:17:02.557+0000] {logging_mixin.py:188} INFO - [2026-01-13T13:17:02.557+0000] {dag.py:3089} INFO - Sync 1 DAGs
[2026-01-13T13:17:02.581+0000] {logging_mixin.py:188} INFO - [2026-01-13T13:17:02.581+0000] {dag.py:3947} INFO - Setting next_dagrun for company_overview_to_minio to 2026-01-11 00:00:00+00:00, run_after=2026-01-18 00:00:00+00:00
[2026-01-13T13:17:02.602+0000] {processor.py:183} INFO - Processing /opt/airflow/dags/company_overview_to_minio.py took 0.107 seconds
[2026-01-13T13:17:32.930+0000] {processor.py:161} INFO - Started process (PID=596) to work on /opt/airflow/dags/company_overview_to_minio.py
[2026-01-13T13:17:32.931+0000] {processor.py:830} INFO - Processing file /opt/airflow/dags/company_overview_to_minio.py for tasks to queue
[2026-01-13T13:17:32.933+0000] {logging_mixin.py:188} INFO - [2026-01-13T13:17:32.932+0000] {dagbag.py:545} INFO - Filling up the DagBag from /opt/airflow/dags/company_overview_to_minio.py
[2026-01-13T13:17:32.982+0000] {processor.py:840} INFO - DAG(s) 'company_overview_to_minio' retrieved from /opt/airflow/dags/company_overview_to_minio.py
[2026-01-13T13:17:33.025+0000] {logging_mixin.py:188} INFO - [2026-01-13T13:17:33.024+0000] {dag.py:3089} INFO - Sync 1 DAGs
[2026-01-13T13:17:33.066+0000] {logging_mixin.py:188} INFO - [2026-01-13T13:17:33.066+0000] {dag.py:3947} INFO - Setting next_dagrun for company_overview_to_minio to 2026-01-11 00:00:00+00:00, run_after=2026-01-18 00:00:00+00:00
[2026-01-13T13:17:33.097+0000] {processor.py:183} INFO - Processing /opt/airflow/dags/company_overview_to_minio.py took 0.175 seconds
[2026-01-13T13:18:03.347+0000] {processor.py:161} INFO - Started process (PID=614) to work on /opt/airflow/dags/company_overview_to_minio.py
[2026-01-13T13:18:03.347+0000] {processor.py:830} INFO - Processing file /opt/airflow/dags/company_overview_to_minio.py for tasks to queue
[2026-01-13T13:18:03.348+0000] {logging_mixin.py:188} INFO - [2026-01-13T13:18:03.348+0000] {dagbag.py:545} INFO - Filling up the DagBag from /opt/airflow/dags/company_overview_to_minio.py
[2026-01-13T13:18:03.373+0000] {processor.py:840} INFO - DAG(s) 'company_overview_to_minio' retrieved from /opt/airflow/dags/company_overview_to_minio.py
[2026-01-13T13:18:03.393+0000] {logging_mixin.py:188} INFO - [2026-01-13T13:18:03.392+0000] {dag.py:3089} INFO - Sync 1 DAGs
[2026-01-13T13:18:03.411+0000] {logging_mixin.py:188} INFO - [2026-01-13T13:18:03.411+0000] {dag.py:3947} INFO - Setting next_dagrun for company_overview_to_minio to 2026-01-11 00:00:00+00:00, run_after=2026-01-18 00:00:00+00:00
[2026-01-13T13:18:03.429+0000] {processor.py:183} INFO - Processing /opt/airflow/dags/company_overview_to_minio.py took 0.087 seconds
[2026-01-13T13:18:34.003+0000] {processor.py:161} INFO - Started process (PID=646) to work on /opt/airflow/dags/company_overview_to_minio.py
[2026-01-13T13:18:34.003+0000] {processor.py:830} INFO - Processing file /opt/airflow/dags/company_overview_to_minio.py for tasks to queue
[2026-01-13T13:18:34.004+0000] {logging_mixin.py:188} INFO - [2026-01-13T13:18:34.004+0000] {dagbag.py:545} INFO - Filling up the DagBag from /opt/airflow/dags/company_overview_to_minio.py
[2026-01-13T13:18:34.053+0000] {processor.py:840} INFO - DAG(s) 'company_overview_to_minio' retrieved from /opt/airflow/dags/company_overview_to_minio.py
[2026-01-13T13:18:34.097+0000] {logging_mixin.py:188} INFO - [2026-01-13T13:18:34.097+0000] {dag.py:3089} INFO - Sync 1 DAGs
[2026-01-13T13:18:34.130+0000] {logging_mixin.py:188} INFO - [2026-01-13T13:18:34.129+0000] {dag.py:3947} INFO - Setting next_dagrun for company_overview_to_minio to 2026-01-11 00:00:00+00:00, run_after=2026-01-18 00:00:00+00:00
[2026-01-13T13:18:34.151+0000] {processor.py:183} INFO - Processing /opt/airflow/dags/company_overview_to_minio.py took 0.154 seconds
[2026-01-13T13:19:04.447+0000] {processor.py:161} INFO - Started process (PID=664) to work on /opt/airflow/dags/company_overview_to_minio.py
[2026-01-13T13:19:04.448+0000] {processor.py:830} INFO - Processing file /opt/airflow/dags/company_overview_to_minio.py for tasks to queue
[2026-01-13T13:19:04.449+0000] {logging_mixin.py:188} INFO - [2026-01-13T13:19:04.448+0000] {dagbag.py:545} INFO - Filling up the DagBag from /opt/airflow/dags/company_overview_to_minio.py
[2026-01-13T13:19:04.496+0000] {processor.py:840} INFO - DAG(s) 'company_overview_to_minio' retrieved from /opt/airflow/dags/company_overview_to_minio.py
[2026-01-13T13:19:04.529+0000] {logging_mixin.py:188} INFO - [2026-01-13T13:19:04.528+0000] {dag.py:3089} INFO - Sync 1 DAGs
[2026-01-13T13:19:04.555+0000] {logging_mixin.py:188} INFO - [2026-01-13T13:19:04.554+0000] {dag.py:3947} INFO - Setting next_dagrun for company_overview_to_minio to 2026-01-11 00:00:00+00:00, run_after=2026-01-18 00:00:00+00:00
[2026-01-13T13:19:04.576+0000] {processor.py:183} INFO - Processing /opt/airflow/dags/company_overview_to_minio.py took 0.136 seconds
[2026-01-13T13:19:35.061+0000] {processor.py:161} INFO - Started process (PID=682) to work on /opt/airflow/dags/company_overview_to_minio.py
[2026-01-13T13:19:35.062+0000] {processor.py:830} INFO - Processing file /opt/airflow/dags/company_overview_to_minio.py for tasks to queue
[2026-01-13T13:19:35.063+0000] {logging_mixin.py:188} INFO - [2026-01-13T13:19:35.062+0000] {dagbag.py:545} INFO - Filling up the DagBag from /opt/airflow/dags/company_overview_to_minio.py
[2026-01-13T13:19:35.100+0000] {processor.py:840} INFO - DAG(s) 'company_overview_to_minio' retrieved from /opt/airflow/dags/company_overview_to_minio.py
[2026-01-13T13:19:35.132+0000] {logging_mixin.py:188} INFO - [2026-01-13T13:19:35.132+0000] {dag.py:3089} INFO - Sync 1 DAGs
[2026-01-13T13:19:35.161+0000] {logging_mixin.py:188} INFO - [2026-01-13T13:19:35.161+0000] {dag.py:3947} INFO - Setting next_dagrun for company_overview_to_minio to 2026-01-11 00:00:00+00:00, run_after=2026-01-18 00:00:00+00:00
[2026-01-13T13:19:35.189+0000] {processor.py:183} INFO - Processing /opt/airflow/dags/company_overview_to_minio.py took 0.134 seconds
[2026-01-13T13:20:05.597+0000] {processor.py:161} INFO - Started process (PID=700) to work on /opt/airflow/dags/company_overview_to_minio.py
[2026-01-13T13:20:05.598+0000] {processor.py:830} INFO - Processing file /opt/airflow/dags/company_overview_to_minio.py for tasks to queue
[2026-01-13T13:20:05.599+0000] {logging_mixin.py:188} INFO - [2026-01-13T13:20:05.599+0000] {dagbag.py:545} INFO - Filling up the DagBag from /opt/airflow/dags/company_overview_to_minio.py
[2026-01-13T13:20:05.634+0000] {processor.py:840} INFO - DAG(s) 'company_overview_to_minio' retrieved from /opt/airflow/dags/company_overview_to_minio.py
[2026-01-13T13:20:05.657+0000] {logging_mixin.py:188} INFO - [2026-01-13T13:20:05.657+0000] {dag.py:3089} INFO - Sync 1 DAGs
[2026-01-13T13:20:05.683+0000] {logging_mixin.py:188} INFO - [2026-01-13T13:20:05.682+0000] {dag.py:3947} INFO - Setting next_dagrun for company_overview_to_minio to 2026-01-11 00:00:00+00:00, run_after=2026-01-18 00:00:00+00:00
[2026-01-13T13:20:05.703+0000] {processor.py:183} INFO - Processing /opt/airflow/dags/company_overview_to_minio.py took 0.114 seconds
[2026-01-13T13:20:36.083+0000] {processor.py:161} INFO - Started process (PID=718) to work on /opt/airflow/dags/company_overview_to_minio.py
[2026-01-13T13:20:36.083+0000] {processor.py:830} INFO - Processing file /opt/airflow/dags/company_overview_to_minio.py for tasks to queue
[2026-01-13T13:20:36.084+0000] {logging_mixin.py:188} INFO - [2026-01-13T13:20:36.084+0000] {dagbag.py:545} INFO - Filling up the DagBag from /opt/airflow/dags/company_overview_to_minio.py
[2026-01-13T13:20:36.128+0000] {processor.py:840} INFO - DAG(s) 'company_overview_to_minio' retrieved from /opt/airflow/dags/company_overview_to_minio.py
[2026-01-13T13:20:36.178+0000] {logging_mixin.py:188} INFO - [2026-01-13T13:20:36.177+0000] {dag.py:3089} INFO - Sync 1 DAGs
[2026-01-13T13:20:36.209+0000] {logging_mixin.py:188} INFO - [2026-01-13T13:20:36.209+0000] {dag.py:3947} INFO - Setting next_dagrun for company_overview_to_minio to 2026-01-11 00:00:00+00:00, run_after=2026-01-18 00:00:00+00:00
[2026-01-13T13:20:36.232+0000] {processor.py:183} INFO - Processing /opt/airflow/dags/company_overview_to_minio.py took 0.155 seconds
[2026-01-13T13:21:06.465+0000] {processor.py:161} INFO - Started process (PID=736) to work on /opt/airflow/dags/company_overview_to_minio.py
[2026-01-13T13:21:06.466+0000] {processor.py:830} INFO - Processing file /opt/airflow/dags/company_overview_to_minio.py for tasks to queue
[2026-01-13T13:21:06.468+0000] {logging_mixin.py:188} INFO - [2026-01-13T13:21:06.467+0000] {dagbag.py:545} INFO - Filling up the DagBag from /opt/airflow/dags/company_overview_to_minio.py
[2026-01-13T13:21:06.505+0000] {processor.py:840} INFO - DAG(s) 'company_overview_to_minio' retrieved from /opt/airflow/dags/company_overview_to_minio.py
[2026-01-13T13:21:06.532+0000] {logging_mixin.py:188} INFO - [2026-01-13T13:21:06.532+0000] {dag.py:3089} INFO - Sync 1 DAGs
[2026-01-13T13:21:06.555+0000] {logging_mixin.py:188} INFO - [2026-01-13T13:21:06.555+0000] {dag.py:3947} INFO - Setting next_dagrun for company_overview_to_minio to 2026-01-11 00:00:00+00:00, run_after=2026-01-18 00:00:00+00:00
[2026-01-13T13:21:06.576+0000] {processor.py:183} INFO - Processing /opt/airflow/dags/company_overview_to_minio.py took 0.117 seconds
[2026-01-13T13:21:36.984+0000] {processor.py:161} INFO - Started process (PID=754) to work on /opt/airflow/dags/company_overview_to_minio.py
[2026-01-13T13:21:36.985+0000] {processor.py:830} INFO - Processing file /opt/airflow/dags/company_overview_to_minio.py for tasks to queue
[2026-01-13T13:21:36.987+0000] {logging_mixin.py:188} INFO - [2026-01-13T13:21:36.986+0000] {dagbag.py:545} INFO - Filling up the DagBag from /opt/airflow/dags/company_overview_to_minio.py
[2026-01-13T13:21:37.040+0000] {processor.py:840} INFO - DAG(s) 'company_overview_to_minio' retrieved from /opt/airflow/dags/company_overview_to_minio.py
[2026-01-13T13:21:37.078+0000] {logging_mixin.py:188} INFO - [2026-01-13T13:21:37.078+0000] {dag.py:3089} INFO - Sync 1 DAGs
[2026-01-13T13:21:37.121+0000] {logging_mixin.py:188} INFO - [2026-01-13T13:21:37.121+0000] {dag.py:3947} INFO - Setting next_dagrun for company_overview_to_minio to 2026-01-11 00:00:00+00:00, run_after=2026-01-18 00:00:00+00:00
[2026-01-13T13:21:37.173+0000] {processor.py:183} INFO - Processing /opt/airflow/dags/company_overview_to_minio.py took 0.196 seconds
[2026-01-13T13:22:08.743+0000] {processor.py:161} INFO - Started process (PID=807) to work on /opt/airflow/dags/company_overview_to_minio.py
[2026-01-13T13:22:08.744+0000] {processor.py:830} INFO - Processing file /opt/airflow/dags/company_overview_to_minio.py for tasks to queue
[2026-01-13T13:22:08.747+0000] {logging_mixin.py:188} INFO - [2026-01-13T13:22:08.747+0000] {dagbag.py:545} INFO - Filling up the DagBag from /opt/airflow/dags/company_overview_to_minio.py
[2026-01-13T13:22:08.840+0000] {processor.py:840} INFO - DAG(s) 'company_overview_to_minio' retrieved from /opt/airflow/dags/company_overview_to_minio.py
[2026-01-13T13:22:08.895+0000] {logging_mixin.py:188} INFO - [2026-01-13T13:22:08.894+0000] {dag.py:3089} INFO - Sync 1 DAGs
[2026-01-13T13:22:08.942+0000] {logging_mixin.py:188} INFO - [2026-01-13T13:22:08.942+0000] {dag.py:3947} INFO - Setting next_dagrun for company_overview_to_minio to 2026-01-11 00:00:00+00:00, run_after=2026-01-18 00:00:00+00:00
[2026-01-13T13:22:08.993+0000] {processor.py:183} INFO - Processing /opt/airflow/dags/company_overview_to_minio.py took 0.262 seconds
[2026-01-13T13:22:39.221+0000] {processor.py:161} INFO - Started process (PID=830) to work on /opt/airflow/dags/company_overview_to_minio.py
[2026-01-13T13:22:39.222+0000] {processor.py:830} INFO - Processing file /opt/airflow/dags/company_overview_to_minio.py for tasks to queue
[2026-01-13T13:22:39.223+0000] {logging_mixin.py:188} INFO - [2026-01-13T13:22:39.223+0000] {dagbag.py:545} INFO - Filling up the DagBag from /opt/airflow/dags/company_overview_to_minio.py
[2026-01-13T13:22:39.259+0000] {processor.py:840} INFO - DAG(s) 'company_overview_to_minio' retrieved from /opt/airflow/dags/company_overview_to_minio.py
[2026-01-13T13:22:39.289+0000] {logging_mixin.py:188} INFO - [2026-01-13T13:22:39.289+0000] {dag.py:3089} INFO - Sync 1 DAGs
[2026-01-13T13:22:39.315+0000] {logging_mixin.py:188} INFO - [2026-01-13T13:22:39.315+0000] {dag.py:3947} INFO - Setting next_dagrun for company_overview_to_minio to 2026-01-11 00:00:00+00:00, run_after=2026-01-18 00:00:00+00:00
[2026-01-13T13:22:39.338+0000] {processor.py:183} INFO - Processing /opt/airflow/dags/company_overview_to_minio.py took 0.123 seconds
[2026-01-13T13:23:10.011+0000] {processor.py:161} INFO - Started process (PID=849) to work on /opt/airflow/dags/company_overview_to_minio.py
[2026-01-13T13:23:10.012+0000] {processor.py:830} INFO - Processing file /opt/airflow/dags/company_overview_to_minio.py for tasks to queue
[2026-01-13T13:23:10.015+0000] {logging_mixin.py:188} INFO - [2026-01-13T13:23:10.014+0000] {dagbag.py:545} INFO - Filling up the DagBag from /opt/airflow/dags/company_overview_to_minio.py
[2026-01-13T13:23:10.086+0000] {processor.py:840} INFO - DAG(s) 'company_overview_to_minio' retrieved from /opt/airflow/dags/company_overview_to_minio.py
[2026-01-13T13:23:10.167+0000] {logging_mixin.py:188} INFO - [2026-01-13T13:23:10.167+0000] {dag.py:3089} INFO - Sync 1 DAGs
[2026-01-13T13:23:10.223+0000] {logging_mixin.py:188} INFO - [2026-01-13T13:23:10.222+0000] {dag.py:3947} INFO - Setting next_dagrun for company_overview_to_minio to 2026-01-11 00:00:00+00:00, run_after=2026-01-18 00:00:00+00:00
[2026-01-13T13:23:10.260+0000] {processor.py:183} INFO - Processing /opt/airflow/dags/company_overview_to_minio.py took 0.262 seconds
[2026-01-13T13:23:40.615+0000] {processor.py:161} INFO - Started process (PID=880) to work on /opt/airflow/dags/company_overview_to_minio.py
[2026-01-13T13:23:40.616+0000] {processor.py:830} INFO - Processing file /opt/airflow/dags/company_overview_to_minio.py for tasks to queue
[2026-01-13T13:23:40.617+0000] {logging_mixin.py:188} INFO - [2026-01-13T13:23:40.616+0000] {dagbag.py:545} INFO - Filling up the DagBag from /opt/airflow/dags/company_overview_to_minio.py
[2026-01-13T13:23:40.656+0000] {processor.py:840} INFO - DAG(s) 'company_overview_to_minio' retrieved from /opt/airflow/dags/company_overview_to_minio.py
[2026-01-13T13:23:40.685+0000] {logging_mixin.py:188} INFO - [2026-01-13T13:23:40.684+0000] {dag.py:3089} INFO - Sync 1 DAGs
[2026-01-13T13:23:40.714+0000] {logging_mixin.py:188} INFO - [2026-01-13T13:23:40.714+0000] {dag.py:3947} INFO - Setting next_dagrun for company_overview_to_minio to 2026-01-11 00:00:00+00:00, run_after=2026-01-18 00:00:00+00:00
[2026-01-13T13:23:40.739+0000] {processor.py:183} INFO - Processing /opt/airflow/dags/company_overview_to_minio.py took 0.131 seconds
[2026-01-13T13:24:10.974+0000] {processor.py:161} INFO - Started process (PID=903) to work on /opt/airflow/dags/company_overview_to_minio.py
[2026-01-13T13:24:10.976+0000] {processor.py:830} INFO - Processing file /opt/airflow/dags/company_overview_to_minio.py for tasks to queue
[2026-01-13T13:24:10.977+0000] {logging_mixin.py:188} INFO - [2026-01-13T13:24:10.976+0000] {dagbag.py:545} INFO - Filling up the DagBag from /opt/airflow/dags/company_overview_to_minio.py
[2026-01-13T13:24:11.012+0000] {processor.py:840} INFO - DAG(s) 'company_overview_to_minio' retrieved from /opt/airflow/dags/company_overview_to_minio.py
[2026-01-13T13:24:11.036+0000] {logging_mixin.py:188} INFO - [2026-01-13T13:24:11.036+0000] {dag.py:3089} INFO - Sync 1 DAGs
[2026-01-13T13:24:11.063+0000] {logging_mixin.py:188} INFO - [2026-01-13T13:24:11.062+0000] {dag.py:3947} INFO - Setting next_dagrun for company_overview_to_minio to 2026-01-11 00:00:00+00:00, run_after=2026-01-18 00:00:00+00:00
[2026-01-13T13:24:11.085+0000] {processor.py:183} INFO - Processing /opt/airflow/dags/company_overview_to_minio.py took 0.119 seconds
[2026-01-13T13:24:41.197+0000] {processor.py:161} INFO - Started process (PID=921) to work on /opt/airflow/dags/company_overview_to_minio.py
[2026-01-13T13:24:41.198+0000] {processor.py:830} INFO - Processing file /opt/airflow/dags/company_overview_to_minio.py for tasks to queue
[2026-01-13T13:24:41.199+0000] {logging_mixin.py:188} INFO - [2026-01-13T13:24:41.199+0000] {dagbag.py:545} INFO - Filling up the DagBag from /opt/airflow/dags/company_overview_to_minio.py
[2026-01-13T13:24:41.236+0000] {processor.py:840} INFO - DAG(s) 'company_overview_to_minio' retrieved from /opt/airflow/dags/company_overview_to_minio.py
[2026-01-13T13:24:41.263+0000] {logging_mixin.py:188} INFO - [2026-01-13T13:24:41.262+0000] {dag.py:3089} INFO - Sync 1 DAGs
[2026-01-13T13:24:41.292+0000] {logging_mixin.py:188} INFO - [2026-01-13T13:24:41.292+0000] {dag.py:3947} INFO - Setting next_dagrun for company_overview_to_minio to 2026-01-11 00:00:00+00:00, run_after=2026-01-18 00:00:00+00:00
[2026-01-13T13:24:41.324+0000] {processor.py:183} INFO - Processing /opt/airflow/dags/company_overview_to_minio.py took 0.132 seconds
[2026-01-13T13:25:11.397+0000] {processor.py:161} INFO - Started process (PID=939) to work on /opt/airflow/dags/company_overview_to_minio.py
[2026-01-13T13:25:11.397+0000] {processor.py:830} INFO - Processing file /opt/airflow/dags/company_overview_to_minio.py for tasks to queue
[2026-01-13T13:25:11.398+0000] {logging_mixin.py:188} INFO - [2026-01-13T13:25:11.398+0000] {dagbag.py:545} INFO - Filling up the DagBag from /opt/airflow/dags/company_overview_to_minio.py
[2026-01-13T13:25:11.429+0000] {processor.py:840} INFO - DAG(s) 'company_overview_to_minio' retrieved from /opt/airflow/dags/company_overview_to_minio.py
[2026-01-13T13:25:11.451+0000] {logging_mixin.py:188} INFO - [2026-01-13T13:25:11.451+0000] {dag.py:3089} INFO - Sync 1 DAGs
[2026-01-13T13:25:11.473+0000] {logging_mixin.py:188} INFO - [2026-01-13T13:25:11.473+0000] {dag.py:3947} INFO - Setting next_dagrun for company_overview_to_minio to 2026-01-11 00:00:00+00:00, run_after=2026-01-18 00:00:00+00:00
[2026-01-13T13:25:11.494+0000] {processor.py:183} INFO - Processing /opt/airflow/dags/company_overview_to_minio.py took 0.103 seconds
[2026-01-13T13:25:41.821+0000] {processor.py:161} INFO - Started process (PID=957) to work on /opt/airflow/dags/company_overview_to_minio.py
[2026-01-13T13:25:41.822+0000] {processor.py:830} INFO - Processing file /opt/airflow/dags/company_overview_to_minio.py for tasks to queue
[2026-01-13T13:25:41.823+0000] {logging_mixin.py:188} INFO - [2026-01-13T13:25:41.823+0000] {dagbag.py:545} INFO - Filling up the DagBag from /opt/airflow/dags/company_overview_to_minio.py
[2026-01-13T13:25:41.858+0000] {processor.py:840} INFO - DAG(s) 'company_overview_to_minio' retrieved from /opt/airflow/dags/company_overview_to_minio.py
[2026-01-13T13:25:41.890+0000] {logging_mixin.py:188} INFO - [2026-01-13T13:25:41.889+0000] {dag.py:3089} INFO - Sync 1 DAGs
[2026-01-13T13:25:41.916+0000] {logging_mixin.py:188} INFO - [2026-01-13T13:25:41.916+0000] {dag.py:3947} INFO - Setting next_dagrun for company_overview_to_minio to 2026-01-11 00:00:00+00:00, run_after=2026-01-18 00:00:00+00:00
[2026-01-13T13:25:41.950+0000] {processor.py:183} INFO - Processing /opt/airflow/dags/company_overview_to_minio.py took 0.135 seconds
[2026-01-13T13:26:12.084+0000] {processor.py:161} INFO - Started process (PID=975) to work on /opt/airflow/dags/company_overview_to_minio.py
[2026-01-13T13:26:12.084+0000] {processor.py:830} INFO - Processing file /opt/airflow/dags/company_overview_to_minio.py for tasks to queue
[2026-01-13T13:26:12.086+0000] {logging_mixin.py:188} INFO - [2026-01-13T13:26:12.085+0000] {dagbag.py:545} INFO - Filling up the DagBag from /opt/airflow/dags/company_overview_to_minio.py
[2026-01-13T13:26:12.130+0000] {processor.py:840} INFO - DAG(s) 'company_overview_to_minio' retrieved from /opt/airflow/dags/company_overview_to_minio.py
[2026-01-13T13:26:12.162+0000] {logging_mixin.py:188} INFO - [2026-01-13T13:26:12.161+0000] {dag.py:3089} INFO - Sync 1 DAGs
[2026-01-13T13:26:12.193+0000] {logging_mixin.py:188} INFO - [2026-01-13T13:26:12.192+0000] {dag.py:3947} INFO - Setting next_dagrun for company_overview_to_minio to 2026-01-11 00:00:00+00:00, run_after=2026-01-18 00:00:00+00:00
[2026-01-13T13:26:12.222+0000] {processor.py:183} INFO - Processing /opt/airflow/dags/company_overview_to_minio.py took 0.145 seconds
[2026-01-13T13:26:42.370+0000] {processor.py:161} INFO - Started process (PID=993) to work on /opt/airflow/dags/company_overview_to_minio.py
[2026-01-13T13:26:42.371+0000] {processor.py:830} INFO - Processing file /opt/airflow/dags/company_overview_to_minio.py for tasks to queue
[2026-01-13T13:26:42.372+0000] {logging_mixin.py:188} INFO - [2026-01-13T13:26:42.372+0000] {dagbag.py:545} INFO - Filling up the DagBag from /opt/airflow/dags/company_overview_to_minio.py
[2026-01-13T13:26:42.404+0000] {processor.py:840} INFO - DAG(s) 'company_overview_to_minio' retrieved from /opt/airflow/dags/company_overview_to_minio.py
[2026-01-13T13:26:42.430+0000] {logging_mixin.py:188} INFO - [2026-01-13T13:26:42.429+0000] {dag.py:3089} INFO - Sync 1 DAGs
[2026-01-13T13:26:42.453+0000] {logging_mixin.py:188} INFO - [2026-01-13T13:26:42.453+0000] {dag.py:3947} INFO - Setting next_dagrun for company_overview_to_minio to 2026-01-11 00:00:00+00:00, run_after=2026-01-18 00:00:00+00:00
[2026-01-13T13:26:42.474+0000] {processor.py:183} INFO - Processing /opt/airflow/dags/company_overview_to_minio.py took 0.109 seconds
[2026-01-13T13:27:12.535+0000] {processor.py:161} INFO - Started process (PID=1011) to work on /opt/airflow/dags/company_overview_to_minio.py
[2026-01-13T13:27:12.536+0000] {processor.py:830} INFO - Processing file /opt/airflow/dags/company_overview_to_minio.py for tasks to queue
[2026-01-13T13:27:12.536+0000] {logging_mixin.py:188} INFO - [2026-01-13T13:27:12.536+0000] {dagbag.py:545} INFO - Filling up the DagBag from /opt/airflow/dags/company_overview_to_minio.py
[2026-01-13T13:27:12.569+0000] {processor.py:840} INFO - DAG(s) 'company_overview_to_minio' retrieved from /opt/airflow/dags/company_overview_to_minio.py
[2026-01-13T13:27:12.593+0000] {logging_mixin.py:188} INFO - [2026-01-13T13:27:12.593+0000] {dag.py:3089} INFO - Sync 1 DAGs
[2026-01-13T13:27:12.620+0000] {logging_mixin.py:188} INFO - [2026-01-13T13:27:12.620+0000] {dag.py:3947} INFO - Setting next_dagrun for company_overview_to_minio to 2026-01-11 00:00:00+00:00, run_after=2026-01-18 00:00:00+00:00
[2026-01-13T13:27:12.648+0000] {processor.py:183} INFO - Processing /opt/airflow/dags/company_overview_to_minio.py took 0.119 seconds
[2026-01-13T13:27:43.161+0000] {processor.py:161} INFO - Started process (PID=1029) to work on /opt/airflow/dags/company_overview_to_minio.py
[2026-01-13T13:27:43.162+0000] {processor.py:830} INFO - Processing file /opt/airflow/dags/company_overview_to_minio.py for tasks to queue
[2026-01-13T13:27:43.164+0000] {logging_mixin.py:188} INFO - [2026-01-13T13:27:43.163+0000] {dagbag.py:545} INFO - Filling up the DagBag from /opt/airflow/dags/company_overview_to_minio.py
[2026-01-13T13:27:43.214+0000] {processor.py:840} INFO - DAG(s) 'company_overview_to_minio' retrieved from /opt/airflow/dags/company_overview_to_minio.py
[2026-01-13T13:27:43.252+0000] {logging_mixin.py:188} INFO - [2026-01-13T13:27:43.252+0000] {dag.py:3089} INFO - Sync 1 DAGs
[2026-01-13T13:27:43.290+0000] {logging_mixin.py:188} INFO - [2026-01-13T13:27:43.290+0000] {dag.py:3947} INFO - Setting next_dagrun for company_overview_to_minio to 2026-01-11 00:00:00+00:00, run_after=2026-01-18 00:00:00+00:00
[2026-01-13T13:27:43.320+0000] {processor.py:183} INFO - Processing /opt/airflow/dags/company_overview_to_minio.py took 0.167 seconds
[2026-01-13T13:28:13.649+0000] {processor.py:161} INFO - Started process (PID=1047) to work on /opt/airflow/dags/company_overview_to_minio.py
[2026-01-13T13:28:13.650+0000] {processor.py:830} INFO - Processing file /opt/airflow/dags/company_overview_to_minio.py for tasks to queue
[2026-01-13T13:28:13.652+0000] {logging_mixin.py:188} INFO - [2026-01-13T13:28:13.652+0000] {dagbag.py:545} INFO - Filling up the DagBag from /opt/airflow/dags/company_overview_to_minio.py
[2026-01-13T13:28:13.717+0000] {processor.py:840} INFO - DAG(s) 'company_overview_to_minio' retrieved from /opt/airflow/dags/company_overview_to_minio.py
[2026-01-13T13:28:13.759+0000] {logging_mixin.py:188} INFO - [2026-01-13T13:28:13.759+0000] {dag.py:3089} INFO - Sync 1 DAGs
[2026-01-13T13:28:13.804+0000] {logging_mixin.py:188} INFO - [2026-01-13T13:28:13.804+0000] {dag.py:3947} INFO - Setting next_dagrun for company_overview_to_minio to 2026-01-11 00:00:00+00:00, run_after=2026-01-18 00:00:00+00:00
[2026-01-13T13:28:13.833+0000] {processor.py:183} INFO - Processing /opt/airflow/dags/company_overview_to_minio.py took 0.194 seconds
[2026-01-13T13:28:44.292+0000] {processor.py:161} INFO - Started process (PID=1065) to work on /opt/airflow/dags/company_overview_to_minio.py
[2026-01-13T13:28:44.293+0000] {processor.py:830} INFO - Processing file /opt/airflow/dags/company_overview_to_minio.py for tasks to queue
[2026-01-13T13:28:44.294+0000] {logging_mixin.py:188} INFO - [2026-01-13T13:28:44.294+0000] {dagbag.py:545} INFO - Filling up the DagBag from /opt/airflow/dags/company_overview_to_minio.py
[2026-01-13T13:28:44.342+0000] {processor.py:840} INFO - DAG(s) 'company_overview_to_minio' retrieved from /opt/airflow/dags/company_overview_to_minio.py
[2026-01-13T13:28:44.371+0000] {logging_mixin.py:188} INFO - [2026-01-13T13:28:44.371+0000] {dag.py:3089} INFO - Sync 1 DAGs
[2026-01-13T13:28:44.396+0000] {logging_mixin.py:188} INFO - [2026-01-13T13:28:44.396+0000] {dag.py:3947} INFO - Setting next_dagrun for company_overview_to_minio to 2026-01-11 00:00:00+00:00, run_after=2026-01-18 00:00:00+00:00
[2026-01-13T13:28:44.420+0000] {processor.py:183} INFO - Processing /opt/airflow/dags/company_overview_to_minio.py took 0.136 seconds
[2026-01-13T13:29:14.962+0000] {processor.py:161} INFO - Started process (PID=1087) to work on /opt/airflow/dags/company_overview_to_minio.py
[2026-01-13T13:29:14.963+0000] {processor.py:830} INFO - Processing file /opt/airflow/dags/company_overview_to_minio.py for tasks to queue
[2026-01-13T13:29:14.965+0000] {logging_mixin.py:188} INFO - [2026-01-13T13:29:14.964+0000] {dagbag.py:545} INFO - Filling up the DagBag from /opt/airflow/dags/company_overview_to_minio.py
[2026-01-13T13:29:15.005+0000] {processor.py:840} INFO - DAG(s) 'company_overview_to_minio' retrieved from /opt/airflow/dags/company_overview_to_minio.py
[2026-01-13T13:29:15.036+0000] {logging_mixin.py:188} INFO - [2026-01-13T13:29:15.035+0000] {dag.py:3089} INFO - Sync 1 DAGs
[2026-01-13T13:29:15.067+0000] {logging_mixin.py:188} INFO - [2026-01-13T13:29:15.067+0000] {dag.py:3947} INFO - Setting next_dagrun for company_overview_to_minio to 2026-01-11 00:00:00+00:00, run_after=2026-01-18 00:00:00+00:00
[2026-01-13T13:29:15.106+0000] {processor.py:183} INFO - Processing /opt/airflow/dags/company_overview_to_minio.py took 0.151 seconds
[2026-01-13T13:29:45.632+0000] {processor.py:161} INFO - Started process (PID=1104) to work on /opt/airflow/dags/company_overview_to_minio.py
[2026-01-13T13:29:45.633+0000] {processor.py:830} INFO - Processing file /opt/airflow/dags/company_overview_to_minio.py for tasks to queue
[2026-01-13T13:29:45.636+0000] {logging_mixin.py:188} INFO - [2026-01-13T13:29:45.635+0000] {dagbag.py:545} INFO - Filling up the DagBag from /opt/airflow/dags/company_overview_to_minio.py
[2026-01-13T13:29:45.712+0000] {processor.py:840} INFO - DAG(s) 'company_overview_to_minio' retrieved from /opt/airflow/dags/company_overview_to_minio.py
[2026-01-13T13:29:45.757+0000] {logging_mixin.py:188} INFO - [2026-01-13T13:29:45.757+0000] {dag.py:3089} INFO - Sync 1 DAGs
[2026-01-13T13:29:45.808+0000] {logging_mixin.py:188} INFO - [2026-01-13T13:29:45.807+0000] {dag.py:3947} INFO - Setting next_dagrun for company_overview_to_minio to 2026-01-11 00:00:00+00:00, run_after=2026-01-18 00:00:00+00:00
[2026-01-13T13:29:45.832+0000] {processor.py:183} INFO - Processing /opt/airflow/dags/company_overview_to_minio.py took 0.208 seconds
