[2026-01-10T15:06:38.173+0000] {local_task_job_runner.py:120} INFO - ::group::Pre task execution logs
[2026-01-10T15:06:38.253+0000] {taskinstance.py:2076} INFO - Dependencies all met for dep_context=non-requeueable deps ti=<TaskInstance: thongtin_cty_bctc.ingest_overview scheduled__2025-12-30T00:00:00+00:00 map_index=249 [queued]>
[2026-01-10T15:06:38.591+0000] {taskinstance.py:2076} INFO - Dependencies all met for dep_context=requeueable deps ti=<TaskInstance: thongtin_cty_bctc.ingest_overview scheduled__2025-12-30T00:00:00+00:00 map_index=249 [queued]>
[2026-01-10T15:06:38.593+0000] {taskinstance.py:2306} INFO - Starting attempt 1 of 2
[2026-01-10T15:06:38.615+0000] {taskinstance.py:2330} INFO - Executing <Mapped(DfToCsvOperator): ingest_overview> on 2025-12-30 00:00:00+00:00
[2026-01-10T15:06:38.630+0000] {warnings.py:112} WARNING - This process (pid=2142) is multi-threaded, use of fork() may lead to deadlocks in the child.

[2026-01-10T15:06:38.633+0000] {standard_task_runner.py:64} INFO - Started process 2195 to run task
[2026-01-10T15:06:38.635+0000] {standard_task_runner.py:90} INFO - Running: ['***', 'tasks', 'run', 'thongtin_cty_bctc', 'ingest_overview', 'scheduled__2025-12-30T00:00:00+00:00', '--job-id', '8849', '--raw', '--subdir', 'DAGS_FOLDER/tt_cty_bctc.py', '--cfg-path', '/tmp/tmp5nw6iih9', '--map-index', '249']
[2026-01-10T15:06:38.637+0000] {standard_task_runner.py:91} INFO - Job 8849: Subtask ingest_overview
[2026-01-10T15:06:38.753+0000] {task_command.py:426} INFO - Running <TaskInstance: thongtin_cty_bctc.ingest_overview scheduled__2025-12-30T00:00:00+00:00 map_index=249 [running]> on host c44bcb92a951
[2026-01-10T15:06:38.925+0000] {taskinstance.py:2648} INFO - Exporting env vars: AIRFLOW_CTX_DAG_OWNER='***' AIRFLOW_CTX_DAG_ID='thongtin_cty_bctc' AIRFLOW_CTX_TASK_ID='ingest_overview' AIRFLOW_CTX_EXECUTION_DATE='2025-12-30T00:00:00+00:00' AIRFLOW_CTX_TRY_NUMBER='1' AIRFLOW_CTX_DAG_RUN_ID='scheduled__2025-12-30T00:00:00+00:00'
[2026-01-10T15:06:38.926+0000] {taskinstance.py:430} INFO - ::endgroup::
[2026-01-10T15:06:39.098+0000] {warnings.py:112} WARNING - DataFrame.applymap has been deprecated. Use DataFrame.map instead.

[2026-01-10T15:06:40.410+0000] {warnings.py:112} WARNING - DataFrame.applymap has been deprecated. Use DataFrame.map instead.

[2026-01-10T15:06:41.642+0000] {warnings.py:112} WARNING - DataFrame.applymap has been deprecated. Use DataFrame.map instead.

[2026-01-10T15:06:42.685+0000] {base.py:84} INFO - Using connection ID 'minio_finance' for task execution.
[2026-01-10T15:06:42.686+0000] {connection_wrapper.py:384} INFO - AWS Connection (conn_id='minio_finance', conn_type='aws') credentials retrieved from login and password.
[2026-01-10T15:06:43.421+0000] {datalake_df2csv.py:52} INFO - ✅ Đã upload 3 dòng -> s3://thongtin-congty-va-bctc/overview/2025-12-30/batch_249.csv
[2026-01-10T15:06:43.422+0000] {taskinstance.py:441} INFO - ::group::Post task execution logs
[2026-01-10T15:06:43.435+0000] {taskinstance.py:1206} INFO - Marking task as SUCCESS. dag_id=thongtin_cty_bctc, task_id=ingest_overview, run_id=scheduled__2025-12-30T00:00:00+00:00, map_index=249, execution_date=20251230T000000, start_date=20260110T150638, end_date=20260110T150643
[2026-01-10T15:06:45.107+0000] {local_task_job_runner.py:243} INFO - Task exited with return code 0
[2026-01-10T15:06:45.115+0000] {local_task_job_runner.py:222} INFO - ::endgroup::
