[2025-12-31T14:36:15.961+0000] {local_task_job_runner.py:120} INFO - ::group::Pre task execution logs
[2025-12-31T14:36:16.013+0000] {taskinstance.py:2076} INFO - Dependencies all met for dep_context=non-requeueable deps ti=<TaskInstance: thongtin_cty_bctc.ingest_overview scheduled__2025-12-30T00:00:00+00:00 map_index=32 [queued]>
[2025-12-31T14:36:16.052+0000] {taskinstance.py:2076} INFO - Dependencies all met for dep_context=requeueable deps ti=<TaskInstance: thongtin_cty_bctc.ingest_overview scheduled__2025-12-30T00:00:00+00:00 map_index=32 [queued]>
[2025-12-31T14:36:16.054+0000] {taskinstance.py:2306} INFO - Starting attempt 1 of 2
[2025-12-31T14:36:16.096+0000] {taskinstance.py:2330} INFO - Executing <Mapped(DfToCsvOperator): ingest_overview> on 2025-12-30 00:00:00+00:00
[2025-12-31T14:36:16.122+0000] {standard_task_runner.py:90} INFO - Running: ['***', 'tasks', 'run', 'thongtin_cty_bctc', 'ingest_overview', 'scheduled__2025-12-30T00:00:00+00:00', '--job-id', '104', '--raw', '--subdir', 'DAGS_FOLDER/tt_cty_bctc.py', '--cfg-path', '/tmp/tmp6w1suaa_', '--map-index', '32']
[2025-12-31T14:36:16.115+0000] {warnings.py:112} WARNING - This process (pid=1663) is multi-threaded, use of fork() may lead to deadlocks in the child.

[2025-12-31T14:36:16.131+0000] {standard_task_runner.py:91} INFO - Job 104: Subtask ingest_overview
[2025-12-31T14:36:16.131+0000] {standard_task_runner.py:64} INFO - Started process 1730 to run task
[2025-12-31T14:36:16.300+0000] {task_command.py:426} INFO - Running <TaskInstance: thongtin_cty_bctc.ingest_overview scheduled__2025-12-30T00:00:00+00:00 map_index=32 [running]> on host 8bc7f11ea9a4
[2025-12-31T14:36:16.579+0000] {taskinstance.py:2648} INFO - Exporting env vars: AIRFLOW_CTX_DAG_OWNER='***' AIRFLOW_CTX_DAG_ID='thongtin_cty_bctc' AIRFLOW_CTX_TASK_ID='ingest_overview' AIRFLOW_CTX_EXECUTION_DATE='2025-12-30T00:00:00+00:00' AIRFLOW_CTX_TRY_NUMBER='1' AIRFLOW_CTX_DAG_RUN_ID='scheduled__2025-12-30T00:00:00+00:00'
[2025-12-31T14:36:16.590+0000] {taskinstance.py:430} INFO - ::endgroup::
[2025-12-31T14:36:16.884+0000] {logging_mixin.py:188} INFO - Err overview PSN: Failed to fetch data: 429 - Too Many Requests
[2025-12-31T14:36:17.178+0000] {logging_mixin.py:188} INFO - Err overview PSL: Failed to fetch data: 429 - Too Many Requests
[2025-12-31T14:36:17.770+0000] {logging_mixin.py:188} INFO - Err overview PSI: Failed to fetch data: 429 - Too Many Requests
[2025-12-31T14:36:18.216+0000] {logging_mixin.py:188} INFO - Err overview PSH: Failed to fetch data: 429 - Too Many Requests
[2025-12-31T14:36:18.419+0000] {logging_mixin.py:188} INFO - Err overview PSG: Failed to fetch data: 429 - Too Many Requests
[2025-12-31T14:36:18.677+0000] {logging_mixin.py:188} INFO - Err overview PSE: Failed to fetch data: 429 - Too Many Requests
[2025-12-31T14:36:19.002+0000] {logging_mixin.py:188} INFO - Err overview PSD: Failed to fetch data: 429 - Too Many Requests
[2025-12-31T14:36:19.219+0000] {logging_mixin.py:188} INFO - Err overview PSC: Failed to fetch data: 429 - Too Many Requests
[2025-12-31T14:36:40.274+0000] {log.py:232} WARNING - 2025-12-31 14:36:40 - vnstock.core.utils.client - ERROR - API request failed: HTTPSConnectionPool(host='trading.vietcap.com.vn', port=443): Max retries exceeded with url: /data-mt/graphql (Caused by NewConnectionError('<urllib3.connection.HTTPSConnection object at 0x7f68aca441d0>: Failed to establish a new connection: [Errno 111] Connection refused'))
[2025-12-31T14:36:40.274+0000] {client.py:414} ERROR - API request failed: HTTPSConnectionPool(host='trading.vietcap.com.vn', port=443): Max retries exceeded with url: /data-mt/graphql (Caused by NewConnectionError('<urllib3.connection.HTTPSConnection object at 0x7f68aca441d0>: Failed to establish a new connection: [Errno 111] Connection refused'))
[2025-12-31T14:36:40.275+0000] {logging_mixin.py:188} INFO - Err overview PSB: API request failed: HTTPSConnectionPool(host='trading.vietcap.com.vn', port=443): Max retries exceeded with url: /data-mt/graphql (Caused by NewConnectionError('<urllib3.connection.HTTPSConnection object at 0x7f68aca441d0>: Failed to establish a new connection: [Errno 111] Connection refused'))
[2025-12-31T14:36:40.498+0000] {logging_mixin.py:188} INFO - Err overview PRT: Failed to fetch data: 429 - Too Many Requests
[2025-12-31T14:36:40.725+0000] {logging_mixin.py:188} INFO - Err overview PRO: Failed to fetch data: 429 - Too Many Requests
[2025-12-31T14:36:41.010+0000] {logging_mixin.py:188} INFO - Err overview PRE: Failed to fetch data: 429 - Too Many Requests
[2025-12-31T14:36:41.279+0000] {logging_mixin.py:188} INFO - Err overview PRC: Failed to fetch data: 429 - Too Many Requests
[2025-12-31T14:36:41.592+0000] {logging_mixin.py:188} INFO - Err overview PQN: Failed to fetch data: 429 - Too Many Requests
[2025-12-31T14:36:41.739+0000] {logging_mixin.py:188} INFO - Err overview PPY: Failed to fetch data: 429 - Too Many Requests
[2025-12-31T14:36:41.889+0000] {logging_mixin.py:188} INFO - Err overview PPT: Failed to fetch data: 429 - Too Many Requests
[2025-12-31T14:36:42.047+0000] {logging_mixin.py:188} INFO - Err overview PPS: Failed to fetch data: 429 - Too Many Requests
[2025-12-31T14:36:42.320+0000] {logging_mixin.py:188} INFO - Err overview PPP: Failed to fetch data: 429 - Too Many Requests
[2025-12-31T14:36:42.491+0000] {logging_mixin.py:188} INFO - Err overview PPI: Failed to fetch data: 429 - Too Many Requests
[2025-12-31T14:36:42.653+0000] {logging_mixin.py:188} INFO - Err overview PPH: Failed to fetch data: 429 - Too Many Requests
[2025-12-31T14:36:42.660+0000] {datalake_df2csv.py:40} INFO - DataFrame rỗng, bỏ qua upload CSV.
[2025-12-31T14:36:42.661+0000] {taskinstance.py:441} INFO - ::group::Post task execution logs
[2025-12-31T14:36:42.676+0000] {taskinstance.py:1206} INFO - Marking task as SUCCESS. dag_id=thongtin_cty_bctc, task_id=ingest_overview, run_id=scheduled__2025-12-30T00:00:00+00:00, map_index=32, execution_date=20251230T000000, start_date=20251231T143616, end_date=20251231T143642
[2025-12-31T14:36:42.727+0000] {local_task_job_runner.py:243} INFO - Task exited with return code 0
[2025-12-31T14:36:42.753+0000] {taskinstance.py:3503} INFO - 0 downstream tasks scheduled from follow-on schedule check
[2025-12-31T14:36:42.758+0000] {local_task_job_runner.py:222} INFO - ::endgroup::
