[2026-01-01T02:10:27.075+0000] {local_task_job_runner.py:120} INFO - ::group::Pre task execution logs
[2026-01-01T02:10:27.115+0000] {taskinstance.py:2076} INFO - Dependencies all met for dep_context=non-requeueable deps ti=<TaskInstance: thongtin_cty_bctc.ingest_bctc scheduled__2025-12-31T00:00:00+00:00 map_index=29 [queued]>
[2026-01-01T02:10:27.144+0000] {taskinstance.py:2076} INFO - Dependencies all met for dep_context=requeueable deps ti=<TaskInstance: thongtin_cty_bctc.ingest_bctc scheduled__2025-12-31T00:00:00+00:00 map_index=29 [queued]>
[2026-01-01T02:10:27.145+0000] {taskinstance.py:2306} INFO - Starting attempt 1 of 2
[2026-01-01T02:10:27.183+0000] {taskinstance.py:2330} INFO - Executing <Mapped(DfToCsvOperator): ingest_bctc> on 2025-12-31 00:00:00+00:00
[2026-01-01T02:10:27.203+0000] {warnings.py:112} WARNING - This process (pid=1000) is multi-threaded, use of fork() may lead to deadlocks in the child.

[2026-01-01T02:10:27.220+0000] {standard_task_runner.py:64} INFO - Started process 1111 to run task
[2026-01-01T02:10:27.233+0000] {standard_task_runner.py:90} INFO - Running: ['***', 'tasks', 'run', 'thongtin_cty_bctc', 'ingest_bctc', 'scheduled__2025-12-31T00:00:00+00:00', '--job-id', '655', '--raw', '--subdir', 'DAGS_FOLDER/tt_cty_bctc.py', '--cfg-path', '/tmp/tmp4ftp8a_y', '--map-index', '29']
[2026-01-01T02:10:27.268+0000] {standard_task_runner.py:91} INFO - Job 655: Subtask ingest_bctc
[2026-01-01T02:10:27.461+0000] {task_command.py:426} INFO - Running <TaskInstance: thongtin_cty_bctc.ingest_bctc scheduled__2025-12-31T00:00:00+00:00 map_index=29 [running]> on host 43b0a0f7606b
[2026-01-01T02:10:27.770+0000] {taskinstance.py:2648} INFO - Exporting env vars: AIRFLOW_CTX_DAG_OWNER='***' AIRFLOW_CTX_DAG_ID='thongtin_cty_bctc' AIRFLOW_CTX_TASK_ID='ingest_bctc' AIRFLOW_CTX_EXECUTION_DATE='2025-12-31T00:00:00+00:00' AIRFLOW_CTX_TRY_NUMBER='1' AIRFLOW_CTX_DAG_RUN_ID='scheduled__2025-12-31T00:00:00+00:00'
[2026-01-01T02:10:27.776+0000] {taskinstance.py:430} INFO - ::endgroup::
[2026-01-01T02:10:27.839+0000] {logging_mixin.py:188} INFO - Bắt đầu xử lý batch 5 mã: ['VGG', 'VGC', 'VFS', 'VFR', 'VFG']
[2026-01-01T02:10:27.843+0000] {logging_mixin.py:188} INFO -  >> Đang lấy dữ liệu: VGG
[2026-01-01T02:10:27.994+0000] {logging_mixin.py:188} INFO -  Lỗi xử lý mã VGG: Failed to fetch data: 429 - Too Many Requests
[2026-01-01T02:10:27.996+0000] {logging_mixin.py:188} INFO -  >> Đang lấy dữ liệu: VGC
[2026-01-01T02:10:28.121+0000] {logging_mixin.py:188} INFO -  Lỗi xử lý mã VGC: Failed to fetch data: 429 - Too Many Requests
[2026-01-01T02:10:28.124+0000] {logging_mixin.py:188} INFO -  >> Đang lấy dữ liệu: VFS
[2026-01-01T02:10:28.249+0000] {logging_mixin.py:188} INFO -  Lỗi xử lý mã VFS: Failed to fetch data: 429 - Too Many Requests
[2026-01-01T02:10:28.253+0000] {logging_mixin.py:188} INFO -  >> Đang lấy dữ liệu: VFR
[2026-01-01T02:10:28.379+0000] {logging_mixin.py:188} INFO -  Lỗi xử lý mã VFR: Failed to fetch data: 429 - Too Many Requests
[2026-01-01T02:10:28.381+0000] {logging_mixin.py:188} INFO -  >> Đang lấy dữ liệu: VFG
[2026-01-01T02:10:28.524+0000] {logging_mixin.py:188} INFO -  Lỗi xử lý mã VFG: Failed to fetch data: 429 - Too Many Requests
[2026-01-01T02:10:28.526+0000] {logging_mixin.py:188} INFO -  ⚠ Batch này không thu được dữ liệu nào.
[2026-01-01T02:10:28.531+0000] {datalake_df2csv.py:40} INFO - DataFrame rỗng, bỏ qua upload CSV.
[2026-01-01T02:10:28.532+0000] {taskinstance.py:441} INFO - ::group::Post task execution logs
[2026-01-01T02:10:28.562+0000] {taskinstance.py:1206} INFO - Marking task as SUCCESS. dag_id=thongtin_cty_bctc, task_id=ingest_bctc, run_id=scheduled__2025-12-31T00:00:00+00:00, map_index=29, execution_date=20251231T000000, start_date=20260101T021027, end_date=20260101T021028
[2026-01-01T02:10:28.634+0000] {local_task_job_runner.py:243} INFO - Task exited with return code 0
[2026-01-01T02:10:28.673+0000] {taskinstance.py:3503} INFO - 0 downstream tasks scheduled from follow-on schedule check
[2026-01-01T02:10:28.691+0000] {local_task_job_runner.py:222} INFO - ::endgroup::
