[2026-01-10T15:14:24.180+0000] {local_task_job_runner.py:120} INFO - ::group::Pre task execution logs
[2026-01-10T15:14:24.420+0000] {taskinstance.py:2076} INFO - Dependencies all met for dep_context=non-requeueable deps ti=<TaskInstance: thongtin_cty_bctc.ingest_bctc scheduled__2025-12-30T00:00:00+00:00 map_index=395 [queued]>
[2026-01-10T15:14:24.506+0000] {taskinstance.py:2076} INFO - Dependencies all met for dep_context=requeueable deps ti=<TaskInstance: thongtin_cty_bctc.ingest_bctc scheduled__2025-12-30T00:00:00+00:00 map_index=395 [queued]>
[2026-01-10T15:14:24.507+0000] {taskinstance.py:2306} INFO - Starting attempt 1 of 2
[2026-01-10T15:14:24.523+0000] {taskinstance.py:2330} INFO - Executing <Mapped(DfToCsvOperator): ingest_bctc> on 2025-12-30 00:00:00+00:00
[2026-01-10T15:14:24.539+0000] {warnings.py:112} WARNING - This process (pid=7930) is multi-threaded, use of fork() may lead to deadlocks in the child.

[2026-01-10T15:14:24.540+0000] {standard_task_runner.py:64} INFO - Started process 7960 to run task
[2026-01-10T15:14:24.543+0000] {standard_task_runner.py:90} INFO - Running: ['***', 'tasks', 'run', 'thongtin_cty_bctc', 'ingest_bctc', 'scheduled__2025-12-30T00:00:00+00:00', '--job-id', '9286', '--raw', '--subdir', 'DAGS_FOLDER/tt_cty_bctc.py', '--cfg-path', '/tmp/tmpxpkdq5w9', '--map-index', '395']
[2026-01-10T15:14:24.544+0000] {standard_task_runner.py:91} INFO - Job 9286: Subtask ingest_bctc
[2026-01-10T15:14:24.607+0000] {task_command.py:426} INFO - Running <TaskInstance: thongtin_cty_bctc.ingest_bctc scheduled__2025-12-30T00:00:00+00:00 map_index=395 [running]> on host c44bcb92a951
[2026-01-10T15:14:24.727+0000] {taskinstance.py:2648} INFO - Exporting env vars: AIRFLOW_CTX_DAG_OWNER='***' AIRFLOW_CTX_DAG_ID='thongtin_cty_bctc' AIRFLOW_CTX_TASK_ID='ingest_bctc' AIRFLOW_CTX_EXECUTION_DATE='2025-12-30T00:00:00+00:00' AIRFLOW_CTX_TRY_NUMBER='1' AIRFLOW_CTX_DAG_RUN_ID='scheduled__2025-12-30T00:00:00+00:00'
[2026-01-10T15:14:24.729+0000] {taskinstance.py:430} INFO - ::endgroup::
[2026-01-10T15:14:24.738+0000] {logging_mixin.py:188} INFO - Bắt đầu xử lý batch 3 mã: ['HAI', 'HAH', 'HAG']
[2026-01-10T15:14:24.739+0000] {logging_mixin.py:188} INFO -  >> Đang lấy dữ liệu: HAI
[2026-01-10T15:14:27.543+0000] {logging_mixin.py:188} INFO -  >> Đang lấy dữ liệu: HAH
[2026-01-10T15:14:30.333+0000] {logging_mixin.py:188} INFO -  >> Đang lấy dữ liệu: HAG
[2026-01-10T15:14:33.353+0000] {logging_mixin.py:188} INFO -  ✓ Hoàn thành batch. Tổng số dòng: 13505
[2026-01-10T15:14:33.445+0000] {base.py:84} INFO - Using connection ID 'minio_finance' for task execution.
[2026-01-10T15:14:33.446+0000] {connection_wrapper.py:384} INFO - AWS Connection (conn_id='minio_finance', conn_type='aws') credentials retrieved from login and password.
[2026-01-10T15:14:34.033+0000] {datalake_df2csv.py:52} INFO - ✅ Đã upload 13505 dòng -> s3://thongtin-congty-va-bctc/bctc/2025-12-30/batch_395.csv
[2026-01-10T15:14:34.037+0000] {taskinstance.py:441} INFO - ::group::Post task execution logs
[2026-01-10T15:14:34.051+0000] {taskinstance.py:1206} INFO - Marking task as SUCCESS. dag_id=thongtin_cty_bctc, task_id=ingest_bctc, run_id=scheduled__2025-12-30T00:00:00+00:00, map_index=395, execution_date=20251230T000000, start_date=20260110T151424, end_date=20260110T151434
[2026-01-10T15:14:34.118+0000] {local_task_job_runner.py:243} INFO - Task exited with return code 0
[2026-01-10T15:14:34.201+0000] {taskinstance.py:3503} INFO - 0 downstream tasks scheduled from follow-on schedule check
[2026-01-10T15:14:34.204+0000] {local_task_job_runner.py:222} INFO - ::endgroup::
