[2026-01-10T15:12:04.557+0000] {local_task_job_runner.py:120} INFO - ::group::Pre task execution logs
[2026-01-10T15:12:04.902+0000] {taskinstance.py:2076} INFO - Dependencies all met for dep_context=non-requeueable deps ti=<TaskInstance: thongtin_cty_bctc.ingest_bctc scheduled__2025-12-30T00:00:00+00:00 map_index=352 [queued]>
[2026-01-10T15:12:05.025+0000] {taskinstance.py:2076} INFO - Dependencies all met for dep_context=requeueable deps ti=<TaskInstance: thongtin_cty_bctc.ingest_bctc scheduled__2025-12-30T00:00:00+00:00 map_index=352 [queued]>
[2026-01-10T15:12:05.026+0000] {taskinstance.py:2306} INFO - Starting attempt 1 of 2
[2026-01-10T15:12:05.056+0000] {taskinstance.py:2330} INFO - Executing <Mapped(DfToCsvOperator): ingest_bctc> on 2025-12-30 00:00:00+00:00
[2026-01-10T15:12:05.077+0000] {warnings.py:112} WARNING - This process (pid=6236) is multi-threaded, use of fork() may lead to deadlocks in the child.

[2026-01-10T15:12:05.080+0000] {standard_task_runner.py:64} INFO - Started process 6317 to run task
[2026-01-10T15:12:05.087+0000] {standard_task_runner.py:90} INFO - Running: ['***', 'tasks', 'run', 'thongtin_cty_bctc', 'ingest_bctc', 'scheduled__2025-12-30T00:00:00+00:00', '--job-id', '9157', '--raw', '--subdir', 'DAGS_FOLDER/tt_cty_bctc.py', '--cfg-path', '/tmp/tmpgy9hxegm', '--map-index', '352']
[2026-01-10T15:12:05.089+0000] {standard_task_runner.py:91} INFO - Job 9157: Subtask ingest_bctc
[2026-01-10T15:12:05.158+0000] {task_command.py:426} INFO - Running <TaskInstance: thongtin_cty_bctc.ingest_bctc scheduled__2025-12-30T00:00:00+00:00 map_index=352 [running]> on host c44bcb92a951
[2026-01-10T15:12:05.266+0000] {taskinstance.py:2648} INFO - Exporting env vars: AIRFLOW_CTX_DAG_OWNER='***' AIRFLOW_CTX_DAG_ID='thongtin_cty_bctc' AIRFLOW_CTX_TASK_ID='ingest_bctc' AIRFLOW_CTX_EXECUTION_DATE='2025-12-30T00:00:00+00:00' AIRFLOW_CTX_TRY_NUMBER='1' AIRFLOW_CTX_DAG_RUN_ID='scheduled__2025-12-30T00:00:00+00:00'
[2026-01-10T15:12:05.267+0000] {taskinstance.py:430} INFO - ::endgroup::
[2026-01-10T15:12:05.276+0000] {logging_mixin.py:188} INFO - Bắt đầu xử lý batch 3 mã: ['HTR', 'HTP', 'HTN']
[2026-01-10T15:12:05.277+0000] {logging_mixin.py:188} INFO -  >> Đang lấy dữ liệu: HTR
[2026-01-10T15:12:07.857+0000] {logging_mixin.py:188} INFO -  >> Đang lấy dữ liệu: HTP
[2026-01-10T15:12:10.498+0000] {logging_mixin.py:188} INFO -  >> Đang lấy dữ liệu: HTN
[2026-01-10T15:12:13.113+0000] {logging_mixin.py:188} INFO -  ✓ Hoàn thành batch. Tổng số dòng: 7412
[2026-01-10T15:12:13.151+0000] {base.py:84} INFO - Using connection ID 'minio_finance' for task execution.
[2026-01-10T15:12:13.152+0000] {connection_wrapper.py:384} INFO - AWS Connection (conn_id='minio_finance', conn_type='aws') credentials retrieved from login and password.
[2026-01-10T15:12:13.673+0000] {datalake_df2csv.py:52} INFO - ✅ Đã upload 7412 dòng -> s3://thongtin-congty-va-bctc/bctc/2025-12-30/batch_352.csv
[2026-01-10T15:12:13.675+0000] {taskinstance.py:441} INFO - ::group::Post task execution logs
[2026-01-10T15:12:13.685+0000] {taskinstance.py:1206} INFO - Marking task as SUCCESS. dag_id=thongtin_cty_bctc, task_id=ingest_bctc, run_id=scheduled__2025-12-30T00:00:00+00:00, map_index=352, execution_date=20251230T000000, start_date=20260110T151204, end_date=20260110T151213
[2026-01-10T15:12:13.730+0000] {local_task_job_runner.py:243} INFO - Task exited with return code 0
[2026-01-10T15:12:13.739+0000] {local_task_job_runner.py:222} INFO - ::endgroup::
