[2026-01-11T03:45:27.029+0000] {local_task_job_runner.py:120} INFO - ::group::Pre task execution logs
[2026-01-11T03:45:27.068+0000] {taskinstance.py:2076} INFO - Dependencies all met for dep_context=non-requeueable deps ti=<TaskInstance: bctc.ingest_bctc manual__2026-01-11T03:43:48.138068+00:00 map_index=84 [queued]>
[2026-01-11T03:45:27.083+0000] {taskinstance.py:2076} INFO - Dependencies all met for dep_context=requeueable deps ti=<TaskInstance: bctc.ingest_bctc manual__2026-01-11T03:43:48.138068+00:00 map_index=84 [queued]>
[2026-01-11T03:45:27.084+0000] {taskinstance.py:2306} INFO - Starting attempt 1 of 2
[2026-01-11T03:45:27.100+0000] {taskinstance.py:2330} INFO - Executing <Mapped(DfToCsvOperator): ingest_bctc> on 2026-01-11 03:43:48.138068+00:00
[2026-01-11T03:45:27.114+0000] {warnings.py:112} WARNING - This process (pid=5600) is multi-threaded, use of fork() may lead to deadlocks in the child.

[2026-01-11T03:45:27.115+0000] {standard_task_runner.py:64} INFO - Started process 5660 to run task
[2026-01-11T03:45:27.119+0000] {standard_task_runner.py:90} INFO - Running: ['***', 'tasks', 'run', 'bctc', 'ingest_bctc', 'manual__2026-01-11T03:43:48.138068+00:00', '--job-id', '10084', '--raw', '--subdir', 'DAGS_FOLDER/tt_cty_bctc.py', '--cfg-path', '/tmp/tmpxptdpe37', '--map-index', '84']
[2026-01-11T03:45:27.121+0000] {standard_task_runner.py:91} INFO - Job 10084: Subtask ingest_bctc
[2026-01-11T03:45:27.175+0000] {task_command.py:426} INFO - Running <TaskInstance: bctc.ingest_bctc manual__2026-01-11T03:43:48.138068+00:00 map_index=84 [running]> on host 3f2af93df813
[2026-01-11T03:45:27.580+0000] {taskinstance.py:2648} INFO - Exporting env vars: AIRFLOW_CTX_DAG_OWNER='***' AIRFLOW_CTX_DAG_ID='bctc' AIRFLOW_CTX_TASK_ID='ingest_bctc' AIRFLOW_CTX_EXECUTION_DATE='2026-01-11T03:43:48.138068+00:00' AIRFLOW_CTX_TRY_NUMBER='1' AIRFLOW_CTX_DAG_RUN_ID='manual__2026-01-11T03:43:48.138068+00:00'
[2026-01-11T03:45:27.581+0000] {taskinstance.py:430} INFO - ::endgroup::
[2026-01-11T03:45:27.594+0000] {logging_mixin.py:188} INFO - Bắt đầu xử lý batch 20 mã: ['APH', 'APG', 'APF', 'APC', 'ANV', 'ANT', 'AMV', 'AMS', 'AMP', 'AME', 'AMD', 'AMC', 'ALV', 'ALT', 'AIG', 'AIC', 'AGX', 'AGR', 'AGP', 'AGM']
[2026-01-11T03:45:27.595+0000] {logging_mixin.py:188} INFO -  >> Đang lấy dữ liệu: APH
[2026-01-11T03:45:27.806+0000] {logging_mixin.py:188} INFO -  Lỗi xử lý mã APH: Failed to fetch data: 429 - Too Many Requests
[2026-01-11T03:45:27.807+0000] {logging_mixin.py:188} INFO -  >> Đang lấy dữ liệu: APG
[2026-01-11T03:45:28.010+0000] {logging_mixin.py:188} INFO -  Lỗi xử lý mã APG: Failed to fetch data: 429 - Too Many Requests
[2026-01-11T03:45:28.011+0000] {logging_mixin.py:188} INFO -  >> Đang lấy dữ liệu: APF
[2026-01-11T03:45:28.213+0000] {logging_mixin.py:188} INFO -  Lỗi xử lý mã APF: Failed to fetch data: 429 - Too Many Requests
[2026-01-11T03:45:28.214+0000] {logging_mixin.py:188} INFO -  >> Đang lấy dữ liệu: APC
[2026-01-11T03:45:28.412+0000] {logging_mixin.py:188} INFO -  Lỗi xử lý mã APC: Failed to fetch data: 429 - Too Many Requests
[2026-01-11T03:45:28.413+0000] {logging_mixin.py:188} INFO -  >> Đang lấy dữ liệu: ANV
[2026-01-11T03:45:28.619+0000] {logging_mixin.py:188} INFO -  Lỗi xử lý mã ANV: Failed to fetch data: 429 - Too Many Requests
[2026-01-11T03:45:28.621+0000] {logging_mixin.py:188} INFO -  >> Đang lấy dữ liệu: ANT
[2026-01-11T03:45:29.125+0000] {logging_mixin.py:188} INFO -  Lỗi xử lý mã ANT: Failed to fetch data: 429 - Too Many Requests
[2026-01-11T03:45:29.126+0000] {logging_mixin.py:188} INFO -  >> Đang lấy dữ liệu: AMV
[2026-01-11T03:45:29.319+0000] {logging_mixin.py:188} INFO -  Lỗi xử lý mã AMV: Failed to fetch data: 429 - Too Many Requests
[2026-01-11T03:45:29.320+0000] {logging_mixin.py:188} INFO -  >> Đang lấy dữ liệu: AMS
[2026-01-11T03:45:33.260+0000] {logging_mixin.py:188} INFO -  Lỗi xử lý mã AMS: Failed to fetch data: 429 - Too Many Requests
[2026-01-11T03:45:33.261+0000] {logging_mixin.py:188} INFO -  >> Đang lấy dữ liệu: AMP
[2026-01-11T03:45:33.475+0000] {logging_mixin.py:188} INFO -  Lỗi xử lý mã AMP: Failed to fetch data: 429 - Too Many Requests
[2026-01-11T03:45:33.476+0000] {logging_mixin.py:188} INFO -  >> Đang lấy dữ liệu: AME
[2026-01-11T03:45:34.760+0000] {logging_mixin.py:188} INFO -  Lỗi xử lý mã AME: Failed to fetch data: 429 - Too Many Requests
[2026-01-11T03:45:34.761+0000] {logging_mixin.py:188} INFO -  >> Đang lấy dữ liệu: AMD
[2026-01-11T03:45:34.951+0000] {logging_mixin.py:188} INFO -  Lỗi xử lý mã AMD: Failed to fetch data: 429 - Too Many Requests
[2026-01-11T03:45:34.952+0000] {logging_mixin.py:188} INFO -  >> Đang lấy dữ liệu: AMC
[2026-01-11T03:45:35.180+0000] {logging_mixin.py:188} INFO -  Lỗi xử lý mã AMC: Failed to fetch data: 429 - Too Many Requests
[2026-01-11T03:45:35.181+0000] {logging_mixin.py:188} INFO -  >> Đang lấy dữ liệu: ALV
[2026-01-11T03:45:35.738+0000] {logging_mixin.py:188} INFO -  Lỗi xử lý mã ALV: Failed to fetch data: 429 - Too Many Requests
[2026-01-11T03:45:35.739+0000] {logging_mixin.py:188} INFO -  >> Đang lấy dữ liệu: ALT
[2026-01-11T03:45:35.941+0000] {logging_mixin.py:188} INFO -  Lỗi xử lý mã ALT: Failed to fetch data: 429 - Too Many Requests
[2026-01-11T03:45:35.943+0000] {logging_mixin.py:188} INFO -  >> Đang lấy dữ liệu: AIG
[2026-01-11T03:45:36.156+0000] {logging_mixin.py:188} INFO -  Lỗi xử lý mã AIG: Failed to fetch data: 429 - Too Many Requests
[2026-01-11T03:45:36.157+0000] {logging_mixin.py:188} INFO -  >> Đang lấy dữ liệu: AIC
[2026-01-11T03:45:36.764+0000] {logging_mixin.py:188} INFO -  Lỗi xử lý mã AIC: Failed to fetch data: 429 - Too Many Requests
[2026-01-11T03:45:36.765+0000] {logging_mixin.py:188} INFO -  >> Đang lấy dữ liệu: AGX
[2026-01-11T03:45:36.970+0000] {logging_mixin.py:188} INFO -  Lỗi xử lý mã AGX: Failed to fetch data: 429 - Too Many Requests
[2026-01-11T03:45:36.971+0000] {logging_mixin.py:188} INFO -  >> Đang lấy dữ liệu: AGR
[2026-01-11T03:45:37.557+0000] {logging_mixin.py:188} INFO -  Lỗi xử lý mã AGR: Failed to fetch data: 429 - Too Many Requests
[2026-01-11T03:45:37.559+0000] {logging_mixin.py:188} INFO -  >> Đang lấy dữ liệu: AGP
[2026-01-11T03:45:37.762+0000] {logging_mixin.py:188} INFO -  Lỗi xử lý mã AGP: Failed to fetch data: 429 - Too Many Requests
[2026-01-11T03:45:37.763+0000] {logging_mixin.py:188} INFO -  >> Đang lấy dữ liệu: AGM
[2026-01-11T03:45:37.948+0000] {logging_mixin.py:188} INFO -  Lỗi xử lý mã AGM: Failed to fetch data: 429 - Too Many Requests
[2026-01-11T03:45:37.949+0000] {logging_mixin.py:188} INFO -  ⚠ Batch này không thu được dữ liệu nào.
[2026-01-11T03:45:37.952+0000] {datalake_df2csv.py:40} INFO - DataFrame rỗng, bỏ qua upload CSV.
[2026-01-11T03:45:37.953+0000] {taskinstance.py:441} INFO - ::group::Post task execution logs
[2026-01-11T03:45:37.964+0000] {taskinstance.py:1206} INFO - Marking task as SUCCESS. dag_id=bctc, task_id=ingest_bctc, run_id=manual__2026-01-11T03:43:48.138068+00:00, map_index=84, execution_date=20260111T034348, start_date=20260111T034527, end_date=20260111T034537
[2026-01-11T03:45:37.999+0000] {local_task_job_runner.py:243} INFO - Task exited with return code 0
[2026-01-11T03:45:38.034+0000] {taskinstance.py:3503} INFO - 0 downstream tasks scheduled from follow-on schedule check
[2026-01-11T03:45:38.036+0000] {local_task_job_runner.py:222} INFO - ::endgroup::
