[2026-01-01T03:15:18.618+0000] {local_task_job_runner.py:120} INFO - ::group::Pre task execution logs
[2026-01-01T03:15:18.676+0000] {taskinstance.py:2076} INFO - Dependencies all met for dep_context=non-requeueable deps ti=<TaskInstance: thongtin_cty_bctc.ingest_overview scheduled__2025-12-30T00:00:00+00:00 map_index=50 [queued]>
[2026-01-01T03:15:18.729+0000] {taskinstance.py:2076} INFO - Dependencies all met for dep_context=requeueable deps ti=<TaskInstance: thongtin_cty_bctc.ingest_overview scheduled__2025-12-30T00:00:00+00:00 map_index=50 [queued]>
[2026-01-01T03:15:18.731+0000] {taskinstance.py:2306} INFO - Starting attempt 3 of 4
[2026-01-01T03:15:18.759+0000] {taskinstance.py:2330} INFO - Executing <Mapped(DfToCsvOperator): ingest_overview> on 2025-12-30 00:00:00+00:00
[2026-01-01T03:15:18.776+0000] {warnings.py:112} WARNING - This process (pid=34617) is multi-threaded, use of fork() may lead to deadlocks in the child.

[2026-01-01T03:15:18.780+0000] {standard_task_runner.py:64} INFO - Started process 34687 to run task
[2026-01-01T03:15:18.783+0000] {standard_task_runner.py:90} INFO - Running: ['***', 'tasks', 'run', 'thongtin_cty_bctc', 'ingest_overview', 'scheduled__2025-12-30T00:00:00+00:00', '--job-id', '3613', '--raw', '--subdir', 'DAGS_FOLDER/tt_cty_bctc.py', '--cfg-path', '/tmp/tmp_a5cns7z', '--map-index', '50']
[2026-01-01T03:15:18.786+0000] {standard_task_runner.py:91} INFO - Job 3613: Subtask ingest_overview
[2026-01-01T03:15:18.916+0000] {task_command.py:426} INFO - Running <TaskInstance: thongtin_cty_bctc.ingest_overview scheduled__2025-12-30T00:00:00+00:00 map_index=50 [running]> on host 43b0a0f7606b
[2026-01-01T03:15:19.116+0000] {taskinstance.py:2648} INFO - Exporting env vars: AIRFLOW_CTX_DAG_OWNER='***' AIRFLOW_CTX_DAG_ID='thongtin_cty_bctc' AIRFLOW_CTX_TASK_ID='ingest_overview' AIRFLOW_CTX_EXECUTION_DATE='2025-12-30T00:00:00+00:00' AIRFLOW_CTX_TRY_NUMBER='3' AIRFLOW_CTX_DAG_RUN_ID='scheduled__2025-12-30T00:00:00+00:00'
[2026-01-01T03:15:19.118+0000] {taskinstance.py:430} INFO - ::endgroup::
[2026-01-01T03:15:19.410+0000] {warnings.py:112} WARNING - DataFrame.applymap has been deprecated. Use DataFrame.map instead.

[2026-01-01T03:15:20.615+0000] {warnings.py:112} WARNING - DataFrame.applymap has been deprecated. Use DataFrame.map instead.

[2026-01-01T03:15:21.969+0000] {warnings.py:112} WARNING - DataFrame.applymap has been deprecated. Use DataFrame.map instead.

[2026-01-01T03:15:23.011+0000] {base.py:84} INFO - Using connection ID 'minio_finance' for task execution.
[2026-01-01T03:15:23.013+0000] {connection_wrapper.py:384} INFO - AWS Connection (conn_id='minio_finance', conn_type='aws') credentials retrieved from login and password.
[2026-01-01T03:15:24.273+0000] {datalake_df2csv.py:53} INFO - ✅ Đã upload 3 dòng -> s3://thongtin-congty-va-bctc/overview/2025-12-30/batch_50.csv
[2026-01-01T03:15:24.274+0000] {taskinstance.py:441} INFO - ::group::Post task execution logs
[2026-01-01T03:15:24.291+0000] {taskinstance.py:1206} INFO - Marking task as SUCCESS. dag_id=thongtin_cty_bctc, task_id=ingest_overview, run_id=scheduled__2025-12-30T00:00:00+00:00, map_index=50, execution_date=20251230T000000, start_date=20260101T031518, end_date=20260101T031524
[2026-01-01T03:15:25.740+0000] {local_task_job_runner.py:243} INFO - Task exited with return code 0
[2026-01-01T03:15:25.757+0000] {local_task_job_runner.py:222} INFO - ::endgroup::
