[2026-01-01T03:15:05.387+0000] {local_task_job_runner.py:120} INFO - ::group::Pre task execution logs
[2026-01-01T03:15:05.434+0000] {taskinstance.py:2076} INFO - Dependencies all met for dep_context=non-requeueable deps ti=<TaskInstance: thongtin_cty_bctc.ingest_overview scheduled__2025-12-30T00:00:00+00:00 map_index=45 [queued]>
[2026-01-01T03:15:05.467+0000] {taskinstance.py:2076} INFO - Dependencies all met for dep_context=requeueable deps ti=<TaskInstance: thongtin_cty_bctc.ingest_overview scheduled__2025-12-30T00:00:00+00:00 map_index=45 [queued]>
[2026-01-01T03:15:05.468+0000] {taskinstance.py:2306} INFO - Starting attempt 3 of 4
[2026-01-01T03:15:05.491+0000] {taskinstance.py:2330} INFO - Executing <Mapped(DfToCsvOperator): ingest_overview> on 2025-12-30 00:00:00+00:00
[2026-01-01T03:15:05.504+0000] {warnings.py:112} WARNING - This process (pid=34449) is multi-threaded, use of fork() may lead to deadlocks in the child.

[2026-01-01T03:15:05.508+0000] {standard_task_runner.py:64} INFO - Started process 34508 to run task
[2026-01-01T03:15:05.509+0000] {standard_task_runner.py:90} INFO - Running: ['***', 'tasks', 'run', 'thongtin_cty_bctc', 'ingest_overview', 'scheduled__2025-12-30T00:00:00+00:00', '--job-id', '3599', '--raw', '--subdir', 'DAGS_FOLDER/tt_cty_bctc.py', '--cfg-path', '/tmp/tmpju9fi8t5', '--map-index', '45']
[2026-01-01T03:15:05.511+0000] {standard_task_runner.py:91} INFO - Job 3599: Subtask ingest_overview
[2026-01-01T03:15:05.599+0000] {task_command.py:426} INFO - Running <TaskInstance: thongtin_cty_bctc.ingest_overview scheduled__2025-12-30T00:00:00+00:00 map_index=45 [running]> on host 43b0a0f7606b
[2026-01-01T03:15:05.792+0000] {taskinstance.py:2648} INFO - Exporting env vars: AIRFLOW_CTX_DAG_OWNER='***' AIRFLOW_CTX_DAG_ID='thongtin_cty_bctc' AIRFLOW_CTX_TASK_ID='ingest_overview' AIRFLOW_CTX_EXECUTION_DATE='2025-12-30T00:00:00+00:00' AIRFLOW_CTX_TRY_NUMBER='3' AIRFLOW_CTX_DAG_RUN_ID='scheduled__2025-12-30T00:00:00+00:00'
[2026-01-01T03:15:05.793+0000] {taskinstance.py:430} INFO - ::endgroup::
[2026-01-01T03:15:06.025+0000] {warnings.py:112} WARNING - DataFrame.applymap has been deprecated. Use DataFrame.map instead.

[2026-01-01T03:15:07.267+0000] {warnings.py:112} WARNING - DataFrame.applymap has been deprecated. Use DataFrame.map instead.

[2026-01-01T03:15:08.570+0000] {warnings.py:112} WARNING - DataFrame.applymap has been deprecated. Use DataFrame.map instead.

[2026-01-01T03:15:09.600+0000] {base.py:84} INFO - Using connection ID 'minio_finance' for task execution.
[2026-01-01T03:15:09.601+0000] {connection_wrapper.py:384} INFO - AWS Connection (conn_id='minio_finance', conn_type='aws') credentials retrieved from login and password.
[2026-01-01T03:15:10.623+0000] {datalake_df2csv.py:53} INFO - ✅ Đã upload 3 dòng -> s3://thongtin-congty-va-bctc/overview/2025-12-30/batch_45.csv
[2026-01-01T03:15:10.624+0000] {taskinstance.py:441} INFO - ::group::Post task execution logs
[2026-01-01T03:15:10.636+0000] {taskinstance.py:1206} INFO - Marking task as SUCCESS. dag_id=thongtin_cty_bctc, task_id=ingest_overview, run_id=scheduled__2025-12-30T00:00:00+00:00, map_index=45, execution_date=20251230T000000, start_date=20260101T031505, end_date=20260101T031510
[2026-01-01T03:15:11.424+0000] {local_task_job_runner.py:243} INFO - Task exited with return code 0
[2026-01-01T03:15:11.434+0000] {local_task_job_runner.py:222} INFO - ::endgroup::
