[2026-01-12T13:33:46.377+0000] {local_task_job_runner.py:120} INFO - ::group::Pre task execution logs
[2026-01-12T13:33:46.398+0000] {taskinstance.py:2076} INFO - Dependencies all met for dep_context=non-requeueable deps ti=<TaskInstance: company_people_to_minio.ingest_people manual__2026-01-12T13:29:01.549010+00:00 map_index=48 [queued]>
[2026-01-12T13:33:46.409+0000] {taskinstance.py:2076} INFO - Dependencies all met for dep_context=requeueable deps ti=<TaskInstance: company_people_to_minio.ingest_people manual__2026-01-12T13:29:01.549010+00:00 map_index=48 [queued]>
[2026-01-12T13:33:46.410+0000] {taskinstance.py:2306} INFO - Starting attempt 1 of 2
[2026-01-12T13:33:46.425+0000] {taskinstance.py:2330} INFO - Executing <Mapped(DfToCsvOperator): ingest_people> on 2026-01-12 13:29:01.549010+00:00
[2026-01-12T13:33:46.435+0000] {warnings.py:112} WARNING - This process (pid=1977) is multi-threaded, use of fork() may lead to deadlocks in the child.

[2026-01-12T13:33:46.436+0000] {standard_task_runner.py:64} INFO - Started process 2012 to run task
[2026-01-12T13:33:46.438+0000] {standard_task_runner.py:90} INFO - Running: ['***', 'tasks', 'run', 'company_people_to_minio', 'ingest_people', 'manual__2026-01-12T13:29:01.549010+00:00', '--job-id', '10851', '--raw', '--subdir', 'DAGS_FOLDER/company_people_to_minio.py', '--cfg-path', '/tmp/tmpdg73kyse', '--map-index', '48']
[2026-01-12T13:33:46.441+0000] {standard_task_runner.py:91} INFO - Job 10851: Subtask ingest_people
[2026-01-12T13:33:46.480+0000] {task_command.py:426} INFO - Running <TaskInstance: company_people_to_minio.ingest_people manual__2026-01-12T13:29:01.549010+00:00 map_index=48 [running]> on host 5a20a797a43c
[2026-01-12T13:33:46.577+0000] {taskinstance.py:2648} INFO - Exporting env vars: AIRFLOW_CTX_DAG_OWNER='***' AIRFLOW_CTX_DAG_ID='company_people_to_minio' AIRFLOW_CTX_TASK_ID='ingest_people' AIRFLOW_CTX_EXECUTION_DATE='2026-01-12T13:29:01.549010+00:00' AIRFLOW_CTX_TRY_NUMBER='1' AIRFLOW_CTX_DAG_RUN_ID='manual__2026-01-12T13:29:01.549010+00:00'
[2026-01-12T13:33:46.578+0000] {taskinstance.py:430} INFO - ::endgroup::
[2026-01-12T13:34:04.057+0000] {logging_mixin.py:188} INFO - officers KSF: RetryError[<Future at 0x7fef4c3de6f0 state=finished raised KeyError>]
[2026-01-12T13:34:19.722+0000] {base.py:84} INFO - Using connection ID 'minio_finance' for task execution.
[2026-01-12T13:34:19.723+0000] {connection_wrapper.py:384} INFO - AWS Connection (conn_id='minio_finance', conn_type='aws') credentials retrieved from login and password.
[2026-01-12T13:34:20.152+0000] {datalake_df2csv.py:52} INFO - ✅ Đã upload 586 dòng -> s3://thongtin-congty-va-bctc/people/date=2026-01-12/batch_48.csv
[2026-01-12T13:34:20.153+0000] {taskinstance.py:441} INFO - ::group::Post task execution logs
[2026-01-12T13:34:20.164+0000] {taskinstance.py:1206} INFO - Marking task as SUCCESS. dag_id=company_people_to_minio, task_id=ingest_people, run_id=manual__2026-01-12T13:29:01.549010+00:00, map_index=48, execution_date=20260112T132901, start_date=20260112T133346, end_date=20260112T133420
[2026-01-12T13:34:20.203+0000] {local_task_job_runner.py:243} INFO - Task exited with return code 0
[2026-01-12T13:34:20.234+0000] {taskinstance.py:3503} INFO - 0 downstream tasks scheduled from follow-on schedule check
[2026-01-12T13:34:20.236+0000] {local_task_job_runner.py:222} INFO - ::endgroup::
