[2026-01-01T09:04:50.239+0000] {local_task_job_runner.py:120} INFO - ::group::Pre task execution logs
[2026-01-01T09:04:50.316+0000] {taskinstance.py:2076} INFO - Dependencies all met for dep_context=non-requeueable deps ti=<TaskInstance: thongtin_cty_bctc.ingest_bctc scheduled__2025-12-30T00:00:00+00:00 map_index=26 [queued]>
[2026-01-01T09:04:50.344+0000] {taskinstance.py:2076} INFO - Dependencies all met for dep_context=requeueable deps ti=<TaskInstance: thongtin_cty_bctc.ingest_bctc scheduled__2025-12-30T00:00:00+00:00 map_index=26 [queued]>
[2026-01-01T09:04:50.344+0000] {taskinstance.py:2306} INFO - Starting attempt 5 of 6
[2026-01-01T09:04:50.375+0000] {taskinstance.py:2330} INFO - Executing <Mapped(DfToCsvOperator): ingest_bctc> on 2025-12-30 00:00:00+00:00
[2026-01-01T09:04:50.393+0000] {warnings.py:112} WARNING - This process (pid=9320) is multi-threaded, use of fork() may lead to deadlocks in the child.

[2026-01-01T09:04:50.395+0000] {standard_task_runner.py:64} INFO - Started process 9398 to run task
[2026-01-01T09:04:50.398+0000] {standard_task_runner.py:90} INFO - Running: ['***', 'tasks', 'run', 'thongtin_cty_bctc', 'ingest_bctc', 'scheduled__2025-12-30T00:00:00+00:00', '--job-id', '4509', '--raw', '--subdir', 'DAGS_FOLDER/tt_cty_bctc.py', '--cfg-path', '/tmp/tmpm7i0wrqk', '--map-index', '26']
[2026-01-01T09:04:50.399+0000] {standard_task_runner.py:91} INFO - Job 4509: Subtask ingest_bctc
[2026-01-01T09:04:50.476+0000] {task_command.py:426} INFO - Running <TaskInstance: thongtin_cty_bctc.ingest_bctc scheduled__2025-12-30T00:00:00+00:00 map_index=26 [running]> on host b455963a0603
[2026-01-01T09:04:50.657+0000] {taskinstance.py:2648} INFO - Exporting env vars: AIRFLOW_CTX_DAG_OWNER='***' AIRFLOW_CTX_DAG_ID='thongtin_cty_bctc' AIRFLOW_CTX_TASK_ID='ingest_bctc' AIRFLOW_CTX_EXECUTION_DATE='2025-12-30T00:00:00+00:00' AIRFLOW_CTX_TRY_NUMBER='5' AIRFLOW_CTX_DAG_RUN_ID='scheduled__2025-12-30T00:00:00+00:00'
[2026-01-01T09:04:50.663+0000] {taskinstance.py:430} INFO - ::endgroup::
[2026-01-01T09:04:50.675+0000] {logging_mixin.py:188} INFO - Bắt đầu xử lý batch 3 mã: ['VNX', 'VNT', 'VNS']
[2026-01-01T09:04:50.676+0000] {logging_mixin.py:188} INFO -  >> Đang lấy dữ liệu: VNX
[2026-01-01T09:04:55.411+0000] {logging_mixin.py:188} INFO - ❌ Lỗi income_statement: RetryError[<Future at 0x7f266efb2fc0 state=finished raised KeyError>]
[2026-01-01T09:04:59.801+0000] {logging_mixin.py:188} INFO - ❌ Lỗi balance_sheet: RetryError[<Future at 0x7f266ef65790 state=finished raised KeyError>]
[2026-01-01T09:05:04.200+0000] {logging_mixin.py:188} INFO - ❌ Lỗi cash_flow: RetryError[<Future at 0x7f266ee2b6e0 state=finished raised KeyError>]
[2026-01-01T09:05:05.201+0000] {logging_mixin.py:188} INFO -  >> Đang lấy dữ liệu: VNT
[2026-01-01T09:05:10.426+0000] {logging_mixin.py:188} INFO -  >> Đang lấy dữ liệu: VNS
[2026-01-01T09:05:13.318+0000] {logging_mixin.py:188} INFO -  ✓ Hoàn thành batch. Tổng số dòng: 8925
[2026-01-01T09:05:13.393+0000] {base.py:84} INFO - Using connection ID 'minio_finance' for task execution.
[2026-01-01T09:05:13.395+0000] {connection_wrapper.py:384} INFO - AWS Connection (conn_id='minio_finance', conn_type='aws') credentials retrieved from login and password.
[2026-01-01T09:05:13.995+0000] {datalake_df2csv.py:53} INFO - ✅ Đã upload 8925 dòng -> s3://thongtin-congty-va-bctc/bctc/2025-12-30/batch_26.csv
[2026-01-01T09:05:13.997+0000] {taskinstance.py:441} INFO - ::group::Post task execution logs
[2026-01-01T09:05:14.011+0000] {taskinstance.py:1206} INFO - Marking task as SUCCESS. dag_id=thongtin_cty_bctc, task_id=ingest_bctc, run_id=scheduled__2025-12-30T00:00:00+00:00, map_index=26, execution_date=20251230T000000, start_date=20260101T090450, end_date=20260101T090514
[2026-01-01T09:05:16.465+0000] {local_task_job_runner.py:243} INFO - Task exited with return code 0
[2026-01-01T09:05:16.720+0000] {taskinstance.py:3503} INFO - 0 downstream tasks scheduled from follow-on schedule check
[2026-01-01T09:05:16.723+0000] {local_task_job_runner.py:222} INFO - ::endgroup::
