[2026-01-01T02:58:48.173+0000] {local_task_job_runner.py:120} INFO - ::group::Pre task execution logs
[2026-01-01T02:58:48.245+0000] {taskinstance.py:2076} INFO - Dependencies all met for dep_context=non-requeueable deps ti=<TaskInstance: thongtin_cty_bctc.ingest_bctc scheduled__2025-12-30T00:00:00+00:00 map_index=26 [queued]>
[2026-01-01T02:58:48.316+0000] {taskinstance.py:2076} INFO - Dependencies all met for dep_context=requeueable deps ti=<TaskInstance: thongtin_cty_bctc.ingest_bctc scheduled__2025-12-30T00:00:00+00:00 map_index=26 [queued]>
[2026-01-01T02:58:48.318+0000] {taskinstance.py:2306} INFO - Starting attempt 3 of 4
[2026-01-01T02:58:48.387+0000] {taskinstance.py:2330} INFO - Executing <Mapped(DfToCsvOperator): ingest_bctc> on 2025-12-30 00:00:00+00:00
[2026-01-01T02:58:48.409+0000] {warnings.py:112} WARNING - This process (pid=21088) is multi-threaded, use of fork() may lead to deadlocks in the child.

[2026-01-01T02:58:48.414+0000] {standard_task_runner.py:64} INFO - Started process 21196 to run task
[2026-01-01T02:58:48.451+0000] {standard_task_runner.py:90} INFO - Running: ['***', 'tasks', 'run', 'thongtin_cty_bctc', 'ingest_bctc', 'scheduled__2025-12-30T00:00:00+00:00', '--job-id', '2429', '--raw', '--subdir', 'DAGS_FOLDER/tt_cty_bctc.py', '--cfg-path', '/tmp/tmpq8knpyxi', '--map-index', '26']
[2026-01-01T02:58:48.457+0000] {standard_task_runner.py:91} INFO - Job 2429: Subtask ingest_bctc
[2026-01-01T02:58:48.580+0000] {task_command.py:426} INFO - Running <TaskInstance: thongtin_cty_bctc.ingest_bctc scheduled__2025-12-30T00:00:00+00:00 map_index=26 [running]> on host 43b0a0f7606b
[2026-01-01T02:58:48.858+0000] {taskinstance.py:2648} INFO - Exporting env vars: AIRFLOW_CTX_DAG_OWNER='***' AIRFLOW_CTX_DAG_ID='thongtin_cty_bctc' AIRFLOW_CTX_TASK_ID='ingest_bctc' AIRFLOW_CTX_EXECUTION_DATE='2025-12-30T00:00:00+00:00' AIRFLOW_CTX_TRY_NUMBER='3' AIRFLOW_CTX_DAG_RUN_ID='scheduled__2025-12-30T00:00:00+00:00'
[2026-01-01T02:58:48.864+0000] {taskinstance.py:430} INFO - ::endgroup::
[2026-01-01T02:58:48.892+0000] {logging_mixin.py:188} INFO - Bắt đầu xử lý batch 3 mã: ['DXY', 'AST', 'BMI']
[2026-01-01T02:58:48.893+0000] {logging_mixin.py:188} INFO -  >> Đang lấy dữ liệu: DXY
[2026-01-01T02:58:49.068+0000] {logging_mixin.py:188} INFO -  Lỗi xử lý mã DXY: Failed to fetch data: 429 - Too Many Requests
[2026-01-01T02:58:49.071+0000] {logging_mixin.py:188} INFO -  >> Đang lấy dữ liệu: AST
[2026-01-01T02:58:49.259+0000] {logging_mixin.py:188} INFO -  Lỗi xử lý mã AST: Failed to fetch data: 429 - Too Many Requests
[2026-01-01T02:58:49.263+0000] {logging_mixin.py:188} INFO -  >> Đang lấy dữ liệu: BMI
[2026-01-01T02:58:49.455+0000] {logging_mixin.py:188} INFO -  Lỗi xử lý mã BMI: Failed to fetch data: 429 - Too Many Requests
[2026-01-01T02:58:49.461+0000] {logging_mixin.py:188} INFO -  ⚠ Batch này không thu được dữ liệu nào.
[2026-01-01T02:58:49.870+0000] {datalake_df2csv.py:40} INFO - DataFrame rỗng, bỏ qua upload CSV.
[2026-01-01T02:58:49.886+0000] {taskinstance.py:441} INFO - ::group::Post task execution logs
[2026-01-01T02:58:49.899+0000] {taskinstance.py:1206} INFO - Marking task as SUCCESS. dag_id=thongtin_cty_bctc, task_id=ingest_bctc, run_id=scheduled__2025-12-30T00:00:00+00:00, map_index=26, execution_date=20251230T000000, start_date=20260101T025848, end_date=20260101T025849
[2026-01-01T02:58:49.980+0000] {local_task_job_runner.py:243} INFO - Task exited with return code 0
[2026-01-01T02:58:49.996+0000] {local_task_job_runner.py:222} INFO - ::endgroup::
