[2026-01-01T03:12:05.453+0000] {local_task_job_runner.py:120} INFO - ::group::Pre task execution logs
[2026-01-01T03:12:05.516+0000] {taskinstance.py:2076} INFO - Dependencies all met for dep_context=non-requeueable deps ti=<TaskInstance: thongtin_cty_bctc.ingest_bctc scheduled__2025-12-30T00:00:00+00:00 map_index=4 [queued]>
[2026-01-01T03:12:05.589+0000] {taskinstance.py:2076} INFO - Dependencies all met for dep_context=requeueable deps ti=<TaskInstance: thongtin_cty_bctc.ingest_bctc scheduled__2025-12-30T00:00:00+00:00 map_index=4 [queued]>
[2026-01-01T03:12:05.608+0000] {taskinstance.py:2306} INFO - Starting attempt 5 of 6
[2026-01-01T03:12:05.660+0000] {taskinstance.py:2330} INFO - Executing <Mapped(DfToCsvOperator): ingest_bctc> on 2025-12-30 00:00:00+00:00
[2026-01-01T03:12:05.692+0000] {warnings.py:112} WARNING - This process (pid=32689) is multi-threaded, use of fork() may lead to deadlocks in the child.

[2026-01-01T03:12:05.711+0000] {standard_task_runner.py:64} INFO - Started process 32851 to run task
[2026-01-01T03:12:05.710+0000] {standard_task_runner.py:90} INFO - Running: ['***', 'tasks', 'run', 'thongtin_cty_bctc', 'ingest_bctc', 'scheduled__2025-12-30T00:00:00+00:00', '--job-id', '3466', '--raw', '--subdir', 'DAGS_FOLDER/tt_cty_bctc.py', '--cfg-path', '/tmp/tmp6l9hh43f', '--map-index', '4']
[2026-01-01T03:12:05.719+0000] {standard_task_runner.py:91} INFO - Job 3466: Subtask ingest_bctc
[2026-01-01T03:12:05.817+0000] {task_command.py:426} INFO - Running <TaskInstance: thongtin_cty_bctc.ingest_bctc scheduled__2025-12-30T00:00:00+00:00 map_index=4 [running]> on host 43b0a0f7606b
[2026-01-01T03:12:06.115+0000] {taskinstance.py:2648} INFO - Exporting env vars: AIRFLOW_CTX_DAG_OWNER='***' AIRFLOW_CTX_DAG_ID='thongtin_cty_bctc' AIRFLOW_CTX_TASK_ID='ingest_bctc' AIRFLOW_CTX_EXECUTION_DATE='2025-12-30T00:00:00+00:00' AIRFLOW_CTX_TRY_NUMBER='5' AIRFLOW_CTX_DAG_RUN_ID='scheduled__2025-12-30T00:00:00+00:00'
[2026-01-01T03:12:06.117+0000] {taskinstance.py:430} INFO - ::endgroup::
[2026-01-01T03:12:06.180+0000] {logging_mixin.py:188} INFO - Bắt đầu xử lý batch 3 mã: ['X77', 'X26', 'X20']
[2026-01-01T03:12:06.181+0000] {logging_mixin.py:188} INFO -  >> Đang lấy dữ liệu: X77
[2026-01-01T03:12:09.466+0000] {logging_mixin.py:188} INFO -  >> Đang lấy dữ liệu: X26
[2026-01-01T03:12:50.646+0000] {log.py:232} WARNING - 2026-01-01 03:12:50 - vnstock.core.utils.client - ERROR - API request failed: HTTPSConnectionPool(host='trading.vietcap.com.vn', port=443): Max retries exceeded with url: /data-mt/graphql (Caused by NameResolutionError("<urllib3.connection.HTTPSConnection object at 0x7f8847a79430>: Failed to resolve 'trading.vietcap.com.vn' ([Errno -3] Temporary failure in name resolution)"))
[2026-01-01T03:12:50.645+0000] {client.py:414} ERROR - API request failed: HTTPSConnectionPool(host='trading.vietcap.com.vn', port=443): Max retries exceeded with url: /data-mt/graphql (Caused by NameResolutionError("<urllib3.connection.HTTPSConnection object at 0x7f8847a79430>: Failed to resolve 'trading.vietcap.com.vn' ([Errno -3] Temporary failure in name resolution)"))
[2026-01-01T03:12:52.942+0000] {logging_mixin.py:188} INFO - ❌ Lỗi income_statement: RetryError[<Future at 0x7f8847a7b620 state=finished raised KeyError>]
[2026-01-01T03:12:57.730+0000] {logging_mixin.py:188} INFO - ❌ Lỗi balance_sheet: RetryError[<Future at 0x7f8847a792b0 state=finished raised KeyError>]
[2026-01-01T03:13:02.328+0000] {logging_mixin.py:188} INFO - ❌ Lỗi cash_flow: RetryError[<Future at 0x7f8847a79250 state=finished raised KeyError>]
[2026-01-01T03:13:03.340+0000] {logging_mixin.py:188} INFO -  >> Đang lấy dữ liệu: X20
[2026-01-01T03:13:06.759+0000] {logging_mixin.py:188} INFO -  ✓ Hoàn thành batch. Tổng số dòng: 2989
[2026-01-01T03:13:06.807+0000] {base.py:84} INFO - Using connection ID 'minio_finance' for task execution.
[2026-01-01T03:13:06.808+0000] {connection_wrapper.py:384} INFO - AWS Connection (conn_id='minio_finance', conn_type='aws') credentials retrieved from login and password.
[2026-01-01T03:13:07.428+0000] {datalake_df2csv.py:53} INFO - ✅ Đã upload 2989 dòng -> s3://thongtin-congty-va-bctc/bctc/2025-12-30/batch_4.csv
[2026-01-01T03:13:07.429+0000] {taskinstance.py:441} INFO - ::group::Post task execution logs
[2026-01-01T03:13:07.440+0000] {taskinstance.py:1206} INFO - Marking task as SUCCESS. dag_id=thongtin_cty_bctc, task_id=ingest_bctc, run_id=scheduled__2025-12-30T00:00:00+00:00, map_index=4, execution_date=20251230T000000, start_date=20260101T031205, end_date=20260101T031307
[2026-01-01T03:13:07.490+0000] {local_task_job_runner.py:243} INFO - Task exited with return code 0
[2026-01-01T03:13:07.501+0000] {local_task_job_runner.py:222} INFO - ::endgroup::
