[2026-01-12T15:27:19.508+0000] {local_task_job_runner.py:120} INFO - ::group::Pre task execution logs
[2026-01-12T15:27:19.602+0000] {taskinstance.py:2076} INFO - Dependencies all met for dep_context=non-requeueable deps ti=<TaskInstance: financial_ratios_etl.ingest_financial_ratios manual__2026-01-12T15:14:43+00:00 map_index=807 [queued]>
[2026-01-12T15:27:19.683+0000] {taskinstance.py:2076} INFO - Dependencies all met for dep_context=requeueable deps ti=<TaskInstance: financial_ratios_etl.ingest_financial_ratios manual__2026-01-12T15:14:43+00:00 map_index=807 [queued]>
[2026-01-12T15:27:19.683+0000] {taskinstance.py:2306} INFO - Starting attempt 1 of 2
[2026-01-12T15:27:19.700+0000] {taskinstance.py:2330} INFO - Executing <Mapped(DfToCsvOperator): ingest_financial_ratios> on 2026-01-12 15:14:43+00:00
[2026-01-12T15:27:19.716+0000] {warnings.py:112} WARNING - This process (pid=10615) is multi-threaded, use of fork() may lead to deadlocks in the child.

[2026-01-12T15:27:19.718+0000] {standard_task_runner.py:64} INFO - Started process 10736 to run task
[2026-01-12T15:27:19.720+0000] {standard_task_runner.py:90} INFO - Running: ['***', 'tasks', 'run', 'financial_ratios_etl', 'ingest_financial_ratios', 'manual__2026-01-12T15:14:43+00:00', '--job-id', '14513', '--raw', '--subdir', 'DAGS_FOLDER/financial_ratios_etl.py', '--cfg-path', '/tmp/tmpv5qmagz1', '--map-index', '807']
[2026-01-12T15:27:19.726+0000] {standard_task_runner.py:91} INFO - Job 14513: Subtask ingest_financial_ratios
[2026-01-12T15:27:19.792+0000] {task_command.py:426} INFO - Running <TaskInstance: financial_ratios_etl.ingest_financial_ratios manual__2026-01-12T15:14:43+00:00 map_index=807 [running]> on host 5a20a797a43c
[2026-01-12T15:27:19.907+0000] {taskinstance.py:2648} INFO - Exporting env vars: AIRFLOW_CTX_DAG_OWNER='***' AIRFLOW_CTX_DAG_ID='financial_ratios_etl' AIRFLOW_CTX_TASK_ID='ingest_financial_ratios' AIRFLOW_CTX_EXECUTION_DATE='2026-01-12T15:14:43+00:00' AIRFLOW_CTX_TRY_NUMBER='1' AIRFLOW_CTX_DAG_RUN_ID='manual__2026-01-12T15:14:43+00:00'
[2026-01-12T15:27:19.909+0000] {taskinstance.py:430} INFO - ::endgroup::
[2026-01-12T15:27:19.915+0000] {logging_mixin.py:188} INFO - [RATIO] Bắt đầu xử lý batch 2 mã: ['BKG', 'BKC']
[2026-01-12T15:27:19.916+0000] {logging_mixin.py:188} INFO - [RATIO] Kỳ dữ liệu: quarter
[2026-01-12T15:27:19.916+0000] {logging_mixin.py:188} INFO -  >> [RATIO] Đang lấy dữ liệu: BKG
[2026-01-12T15:27:20.685+0000] {logging_mixin.py:188} INFO -  ✓ [RATIO] BKG: 22 rows
[2026-01-12T15:27:22.686+0000] {logging_mixin.py:188} INFO -  >> [RATIO] Đang lấy dữ liệu: BKC
[2026-01-12T15:27:24.670+0000] {logging_mixin.py:188} INFO -  ✓ [RATIO] BKC: 51 rows
[2026-01-12T15:27:26.673+0000] {logging_mixin.py:188} INFO -  ✅ [RATIO] Hoàn thành batch. Tổng số dòng: 73
[2026-01-12T15:27:26.692+0000] {base.py:84} INFO - Using connection ID 'minio_finance' for task execution.
[2026-01-12T15:27:26.693+0000] {connection_wrapper.py:384} INFO - AWS Connection (conn_id='minio_finance', conn_type='aws') credentials retrieved from login and password.
[2026-01-12T15:27:27.349+0000] {datalake_df2csv.py:52} INFO - ✅ Đã upload 73 dòng -> s3://thongtin-congty-va-bctc/financial_ratios/2026-01-12/batch_807.csv
[2026-01-12T15:27:27.351+0000] {taskinstance.py:441} INFO - ::group::Post task execution logs
[2026-01-12T15:27:27.364+0000] {taskinstance.py:1206} INFO - Marking task as SUCCESS. dag_id=financial_ratios_etl, task_id=ingest_financial_ratios, run_id=manual__2026-01-12T15:14:43+00:00, map_index=807, execution_date=20260112T151443, start_date=20260112T152719, end_date=20260112T152727
[2026-01-12T15:27:27.404+0000] {local_task_job_runner.py:243} INFO - Task exited with return code 0
[2026-01-12T15:27:27.422+0000] {taskinstance.py:3503} INFO - 0 downstream tasks scheduled from follow-on schedule check
[2026-01-12T15:27:27.424+0000] {local_task_job_runner.py:222} INFO - ::endgroup::
