[2025-12-30T01:55:44.265+0000] {local_task_job_runner.py:120} INFO - ::group::Pre task execution logs
[2025-12-30T01:55:44.317+0000] {taskinstance.py:2076} INFO - Dependencies all met for dep_context=non-requeueable deps ti=<TaskInstance: thongtin_cty_bctc.ingest_overview scheduled__2025-12-28T00:00:00+00:00 map_index=6 [queued]>
[2025-12-30T01:55:44.337+0000] {taskinstance.py:2076} INFO - Dependencies all met for dep_context=requeueable deps ti=<TaskInstance: thongtin_cty_bctc.ingest_overview scheduled__2025-12-28T00:00:00+00:00 map_index=6 [queued]>
[2025-12-30T01:55:44.339+0000] {taskinstance.py:2306} INFO - Starting attempt 1 of 2
[2025-12-30T01:55:44.397+0000] {taskinstance.py:2330} INFO - Executing <Mapped(DfToDbOperator): ingest_overview> on 2025-12-28 00:00:00+00:00
[2025-12-30T01:55:44.421+0000] {warnings.py:112} WARNING - This process (pid=127) is multi-threaded, use of fork() may lead to deadlocks in the child.

[2025-12-30T01:55:44.430+0000] {standard_task_runner.py:64} INFO - Started process 321 to run task
[2025-12-30T01:55:44.459+0000] {standard_task_runner.py:90} INFO - Running: ['***', 'tasks', 'run', 'thongtin_cty_bctc', 'ingest_overview', 'scheduled__2025-12-28T00:00:00+00:00', '--job-id', '11', '--raw', '--subdir', 'DAGS_FOLDER/tt_cty_bctc.py', '--cfg-path', '/tmp/tmpgax44hh2', '--map-index', '6']
[2025-12-30T01:55:44.464+0000] {standard_task_runner.py:91} INFO - Job 11: Subtask ingest_overview
[2025-12-30T01:55:44.718+0000] {task_command.py:426} INFO - Running <TaskInstance: thongtin_cty_bctc.ingest_overview scheduled__2025-12-28T00:00:00+00:00 map_index=6 [running]> on host c6df485552f0
[2025-12-30T01:55:45.047+0000] {taskinstance.py:2648} INFO - Exporting env vars: AIRFLOW_CTX_DAG_OWNER='***' AIRFLOW_CTX_DAG_ID='thongtin_cty_bctc' AIRFLOW_CTX_TASK_ID='ingest_overview' AIRFLOW_CTX_EXECUTION_DATE='2025-12-28T00:00:00+00:00' AIRFLOW_CTX_TRY_NUMBER='1' AIRFLOW_CTX_DAG_RUN_ID='scheduled__2025-12-28T00:00:00+00:00'
[2025-12-30T01:55:45.052+0000] {taskinstance.py:430} INFO - ::endgroup::
[2025-12-30T01:55:45.280+0000] {warnings.py:112} WARNING - DataFrame.applymap has been deprecated. Use DataFrame.map instead.

[2025-12-30T01:55:45.451+0000] {warnings.py:112} WARNING - DataFrame.applymap has been deprecated. Use DataFrame.map instead.

[2025-12-30T01:55:45.659+0000] {warnings.py:112} WARNING - DataFrame.applymap has been deprecated. Use DataFrame.map instead.

[2025-12-30T01:55:45.930+0000] {warnings.py:112} WARNING - DataFrame.applymap has been deprecated. Use DataFrame.map instead.

[2025-12-30T01:55:46.105+0000] {warnings.py:112} WARNING - DataFrame.applymap has been deprecated. Use DataFrame.map instead.

[2025-12-30T01:55:46.333+0000] {warnings.py:112} WARNING - DataFrame.applymap has been deprecated. Use DataFrame.map instead.

[2025-12-30T01:55:46.533+0000] {warnings.py:112} WARNING - DataFrame.applymap has been deprecated. Use DataFrame.map instead.

[2025-12-30T01:55:46.817+0000] {warnings.py:112} WARNING - DataFrame.applymap has been deprecated. Use DataFrame.map instead.

[2025-12-30T01:55:46.994+0000] {warnings.py:112} WARNING - DataFrame.applymap has been deprecated. Use DataFrame.map instead.

[2025-12-30T01:55:47.152+0000] {warnings.py:112} WARNING - DataFrame.applymap has been deprecated. Use DataFrame.map instead.

[2025-12-30T01:55:47.387+0000] {warnings.py:112} WARNING - DataFrame.applymap has been deprecated. Use DataFrame.map instead.

[2025-12-30T01:55:47.652+0000] {warnings.py:112} WARNING - DataFrame.applymap has been deprecated. Use DataFrame.map instead.

[2025-12-30T01:55:47.783+0000] {warnings.py:112} WARNING - DataFrame.applymap has been deprecated. Use DataFrame.map instead.

[2025-12-30T01:55:47.952+0000] {warnings.py:112} WARNING - DataFrame.applymap has been deprecated. Use DataFrame.map instead.

[2025-12-30T01:55:48.087+0000] {warnings.py:112} WARNING - DataFrame.applymap has been deprecated. Use DataFrame.map instead.

[2025-12-30T01:55:48.213+0000] {warnings.py:112} WARNING - DataFrame.applymap has been deprecated. Use DataFrame.map instead.

[2025-12-30T01:55:48.396+0000] {warnings.py:112} WARNING - DataFrame.applymap has been deprecated. Use DataFrame.map instead.

[2025-12-30T01:55:48.560+0000] {warnings.py:112} WARNING - DataFrame.applymap has been deprecated. Use DataFrame.map instead.

[2025-12-30T01:55:48.700+0000] {warnings.py:112} WARNING - DataFrame.applymap has been deprecated. Use DataFrame.map instead.

[2025-12-30T01:55:48.960+0000] {warnings.py:112} WARNING - DataFrame.applymap has been deprecated. Use DataFrame.map instead.

[2025-12-30T01:55:48.973+0000] {df_to_db.py:60} INFO - Chuẩn bị insert 20 dòng vào bảng company_overview...
[2025-12-30T01:55:48.983+0000] {taskinstance.py:441} INFO - ::group::Post task execution logs
[2025-12-30T01:55:48.997+0000] {taskinstance.py:2905} ERROR - Task failed with exception
Traceback (most recent call last):
  File "/home/airflow/.local/lib/python3.12/site-packages/airflow/models/taskinstance.py", line 465, in _execute_task
    result = _execute_callable(context=context, **execute_callable_kwargs)
             ^^^^^^^^^^^^^^^^^^^^^^^^^^^^^^^^^^^^^^^^^^^^^^^^^^^^^^^^^^^^^
  File "/home/airflow/.local/lib/python3.12/site-packages/airflow/models/taskinstance.py", line 432, in _execute_callable
    return execute_callable(context=context, **execute_callable_kwargs)
           ^^^^^^^^^^^^^^^^^^^^^^^^^^^^^^^^^^^^^^^^^^^^^^^^^^^^^^^^^^^^
  File "/home/airflow/.local/lib/python3.12/site-packages/airflow/models/baseoperator.py", line 401, in wrapper
    return func(self, *args, **kwargs)
           ^^^^^^^^^^^^^^^^^^^^^^^^^^^
  File "/opt/airflow/plugins/function/df_to_db.py", line 63, in execute
    cnx = self._get_mysql_connection()
          ^^^^^^^^^^^^^^^^^^^^^^^^^^^^
  File "/opt/airflow/plugins/function/df_to_db.py", line 100, in _get_mysql_connection
    conn = BaseHook.get_connection(self.conn_id)
           ^^^^^^^^^^^^^^^^^^^^^^^^^^^^^^^^^^^^^
  File "/home/airflow/.local/lib/python3.12/site-packages/airflow/hooks/base.py", line 83, in get_connection
    conn = Connection.get_connection_from_secrets(conn_id)
           ^^^^^^^^^^^^^^^^^^^^^^^^^^^^^^^^^^^^^^^^^^^^^^^
  File "/home/airflow/.local/lib/python3.12/site-packages/airflow/models/connection.py", line 519, in get_connection_from_secrets
    raise AirflowNotFoundException(f"The conn_id `{conn_id}` isn't defined")
airflow.exceptions.AirflowNotFoundException: The conn_id `postgres_default` isn't defined
[2025-12-30T01:55:49.007+0000] {taskinstance.py:1206} INFO - Marking task as UP_FOR_RETRY. dag_id=thongtin_cty_bctc, task_id=ingest_overview, run_id=scheduled__2025-12-28T00:00:00+00:00, map_index=6, execution_date=20251228T000000, start_date=20251230T015544, end_date=20251230T015549
[2025-12-30T01:55:49.027+0000] {standard_task_runner.py:110} ERROR - Failed to execute job 11 for task ingest_overview (The conn_id `postgres_default` isn't defined; 321)
[2025-12-30T01:55:49.042+0000] {local_task_job_runner.py:243} INFO - Task exited with return code 1
[2025-12-30T01:55:49.054+0000] {local_task_job_runner.py:222} INFO - ::endgroup::
