[2026-01-10T15:16:00.079+0000] {local_task_job_runner.py:120} INFO - ::group::Pre task execution logs
[2026-01-10T15:16:00.404+0000] {taskinstance.py:2076} INFO - Dependencies all met for dep_context=non-requeueable deps ti=<TaskInstance: thongtin_cty_bctc.ingest_overview scheduled__2025-12-30T00:00:00+00:00 map_index=426 [queued]>
[2026-01-10T15:16:00.553+0000] {taskinstance.py:2076} INFO - Dependencies all met for dep_context=requeueable deps ti=<TaskInstance: thongtin_cty_bctc.ingest_overview scheduled__2025-12-30T00:00:00+00:00 map_index=426 [queued]>
[2026-01-10T15:16:00.554+0000] {taskinstance.py:2306} INFO - Starting attempt 1 of 2
[2026-01-10T15:16:00.575+0000] {taskinstance.py:2330} INFO - Executing <Mapped(DfToCsvOperator): ingest_overview> on 2025-12-30 00:00:00+00:00
[2026-01-10T15:16:00.592+0000] {warnings.py:112} WARNING - This process (pid=9153) is multi-threaded, use of fork() may lead to deadlocks in the child.

[2026-01-10T15:16:00.594+0000] {standard_task_runner.py:64} INFO - Started process 9195 to run task
[2026-01-10T15:16:00.597+0000] {standard_task_runner.py:90} INFO - Running: ['***', 'tasks', 'run', 'thongtin_cty_bctc', 'ingest_overview', 'scheduled__2025-12-30T00:00:00+00:00', '--job-id', '9379', '--raw', '--subdir', 'DAGS_FOLDER/tt_cty_bctc.py', '--cfg-path', '/tmp/tmp1m8p4rf0', '--map-index', '426']
[2026-01-10T15:16:00.598+0000] {standard_task_runner.py:91} INFO - Job 9379: Subtask ingest_overview
[2026-01-10T15:16:00.694+0000] {task_command.py:426} INFO - Running <TaskInstance: thongtin_cty_bctc.ingest_overview scheduled__2025-12-30T00:00:00+00:00 map_index=426 [running]> on host c44bcb92a951
[2026-01-10T15:16:00.872+0000] {taskinstance.py:2648} INFO - Exporting env vars: AIRFLOW_CTX_DAG_OWNER='***' AIRFLOW_CTX_DAG_ID='thongtin_cty_bctc' AIRFLOW_CTX_TASK_ID='ingest_overview' AIRFLOW_CTX_EXECUTION_DATE='2025-12-30T00:00:00+00:00' AIRFLOW_CTX_TRY_NUMBER='1' AIRFLOW_CTX_DAG_RUN_ID='scheduled__2025-12-30T00:00:00+00:00'
[2026-01-10T15:16:00.874+0000] {taskinstance.py:430} INFO - ::endgroup::
[2026-01-10T15:16:01.176+0000] {warnings.py:112} WARNING - DataFrame.applymap has been deprecated. Use DataFrame.map instead.

[2026-01-10T15:16:02.375+0000] {warnings.py:112} WARNING - DataFrame.applymap has been deprecated. Use DataFrame.map instead.

[2026-01-10T15:16:03.584+0000] {warnings.py:112} WARNING - DataFrame.applymap has been deprecated. Use DataFrame.map instead.

[2026-01-10T15:16:04.604+0000] {base.py:84} INFO - Using connection ID 'minio_finance' for task execution.
[2026-01-10T15:16:04.605+0000] {connection_wrapper.py:384} INFO - AWS Connection (conn_id='minio_finance', conn_type='aws') credentials retrieved from login and password.
[2026-01-10T15:16:04.976+0000] {datalake_df2csv.py:52} INFO - ✅ Đã upload 3 dòng -> s3://thongtin-congty-va-bctc/overview/2025-12-30/batch_426.csv
[2026-01-10T15:16:04.976+0000] {taskinstance.py:441} INFO - ::group::Post task execution logs
[2026-01-10T15:16:04.985+0000] {taskinstance.py:1206} INFO - Marking task as SUCCESS. dag_id=thongtin_cty_bctc, task_id=ingest_overview, run_id=scheduled__2025-12-30T00:00:00+00:00, map_index=426, execution_date=20251230T000000, start_date=20260110T151600, end_date=20260110T151604
[2026-01-10T15:16:05.022+0000] {local_task_job_runner.py:243} INFO - Task exited with return code 0
[2026-01-10T15:16:05.031+0000] {local_task_job_runner.py:222} INFO - ::endgroup::
