[2026-01-01T02:37:56.885+0000] {local_task_job_runner.py:120} INFO - ::group::Pre task execution logs
[2026-01-01T02:37:57.745+0000] {taskinstance.py:2066} INFO - Dependencies not met for <TaskInstance: thongtin_cty_bctc.ingest_bctc scheduled__2025-12-31T00:00:00+00:00 map_index=2 [success]>, dependency 'Task Instance State' FAILED: Task is in the 'success' state.
[2026-01-01T02:37:58.173+0000] {local_task_job_runner.py:163} INFO - Task is not able to be run
[2026-01-01T02:55:44.291+0000] {local_task_job_runner.py:120} INFO - ::group::Pre task execution logs
[2026-01-01T02:55:44.753+0000] {taskinstance.py:2076} INFO - Dependencies all met for dep_context=non-requeueable deps ti=<TaskInstance: thongtin_cty_bctc.ingest_bctc scheduled__2025-12-31T00:00:00+00:00 map_index=2 [queued]>
[2026-01-01T02:55:44.921+0000] {taskinstance.py:2076} INFO - Dependencies all met for dep_context=requeueable deps ti=<TaskInstance: thongtin_cty_bctc.ingest_bctc scheduled__2025-12-31T00:00:00+00:00 map_index=2 [queued]>
[2026-01-01T02:55:44.925+0000] {taskinstance.py:2306} INFO - Starting attempt 3 of 4
[2026-01-01T02:55:44.964+0000] {taskinstance.py:2330} INFO - Executing <Mapped(DfToCsvOperator): ingest_bctc> on 2025-12-31 00:00:00+00:00
[2026-01-01T02:55:44.994+0000] {warnings.py:112} WARNING - This process (pid=18647) is multi-threaded, use of fork() may lead to deadlocks in the child.

[2026-01-01T02:55:44.996+0000] {standard_task_runner.py:64} INFO - Started process 18795 to run task
[2026-01-01T02:55:45.027+0000] {standard_task_runner.py:90} INFO - Running: ['***', 'tasks', 'run', 'thongtin_cty_bctc', 'ingest_bctc', 'scheduled__2025-12-31T00:00:00+00:00', '--job-id', '2205', '--raw', '--subdir', 'DAGS_FOLDER/tt_cty_bctc.py', '--cfg-path', '/tmp/tmpub3l1kqg', '--map-index', '2']
[2026-01-01T02:55:45.029+0000] {standard_task_runner.py:91} INFO - Job 2205: Subtask ingest_bctc
[2026-01-01T02:55:45.216+0000] {task_command.py:426} INFO - Running <TaskInstance: thongtin_cty_bctc.ingest_bctc scheduled__2025-12-31T00:00:00+00:00 map_index=2 [running]> on host 43b0a0f7606b
[2026-01-01T02:55:45.525+0000] {taskinstance.py:2648} INFO - Exporting env vars: AIRFLOW_CTX_DAG_OWNER='***' AIRFLOW_CTX_DAG_ID='thongtin_cty_bctc' AIRFLOW_CTX_TASK_ID='ingest_bctc' AIRFLOW_CTX_EXECUTION_DATE='2025-12-31T00:00:00+00:00' AIRFLOW_CTX_TRY_NUMBER='3' AIRFLOW_CTX_DAG_RUN_ID='scheduled__2025-12-31T00:00:00+00:00'
[2026-01-01T02:55:45.530+0000] {taskinstance.py:430} INFO - ::endgroup::
[2026-01-01T02:55:45.564+0000] {logging_mixin.py:188} INFO - Bắt đầu xử lý batch 3 mã: ['CTG', 'TPB', 'MWG']
[2026-01-01T02:55:45.565+0000] {logging_mixin.py:188} INFO -  >> Đang lấy dữ liệu: CTG
[2026-01-01T02:55:45.718+0000] {logging_mixin.py:188} INFO -  Lỗi xử lý mã CTG: Failed to fetch data: 429 - Too Many Requests
[2026-01-01T02:55:45.720+0000] {logging_mixin.py:188} INFO -  >> Đang lấy dữ liệu: TPB
[2026-01-01T02:55:45.848+0000] {logging_mixin.py:188} INFO -  Lỗi xử lý mã TPB: Failed to fetch data: 429 - Too Many Requests
[2026-01-01T02:55:45.850+0000] {logging_mixin.py:188} INFO -  >> Đang lấy dữ liệu: MWG
[2026-01-01T02:55:45.988+0000] {logging_mixin.py:188} INFO -  Lỗi xử lý mã MWG: Failed to fetch data: 429 - Too Many Requests
[2026-01-01T02:55:45.990+0000] {logging_mixin.py:188} INFO -  ⚠ Batch này không thu được dữ liệu nào.
[2026-01-01T02:55:45.997+0000] {datalake_df2csv.py:40} INFO - DataFrame rỗng, bỏ qua upload CSV.
[2026-01-01T02:55:45.998+0000] {taskinstance.py:441} INFO - ::group::Post task execution logs
[2026-01-01T02:55:46.013+0000] {taskinstance.py:1206} INFO - Marking task as SUCCESS. dag_id=thongtin_cty_bctc, task_id=ingest_bctc, run_id=scheduled__2025-12-31T00:00:00+00:00, map_index=2, execution_date=20251231T000000, start_date=20260101T025544, end_date=20260101T025546
[2026-01-01T02:55:46.077+0000] {local_task_job_runner.py:243} INFO - Task exited with return code 0
[2026-01-01T02:55:46.108+0000] {taskinstance.py:3503} INFO - 0 downstream tasks scheduled from follow-on schedule check
[2026-01-01T02:55:46.110+0000] {local_task_job_runner.py:222} INFO - ::endgroup::
