[2026-01-01T02:15:53.282+0000] {local_task_job_runner.py:120} INFO - ::group::Pre task execution logs
[2026-01-01T02:15:53.525+0000] {taskinstance.py:2076} INFO - Dependencies all met for dep_context=non-requeueable deps ti=<TaskInstance: thongtin_cty_bctc.ingest_overview scheduled__2025-12-31T00:00:00+00:00 map_index=195 [queued]>
[2026-01-01T02:15:54.340+0000] {taskinstance.py:2076} INFO - Dependencies all met for dep_context=requeueable deps ti=<TaskInstance: thongtin_cty_bctc.ingest_overview scheduled__2025-12-31T00:00:00+00:00 map_index=195 [queued]>
[2026-01-01T02:15:54.341+0000] {taskinstance.py:2306} INFO - Starting attempt 1 of 2
[2026-01-01T02:15:54.383+0000] {taskinstance.py:2330} INFO - Executing <Mapped(DfToCsvOperator): ingest_overview> on 2025-12-31 00:00:00+00:00
[2026-01-01T02:15:54.412+0000] {warnings.py:112} WARNING - This process (pid=7234) is multi-threaded, use of fork() may lead to deadlocks in the child.

[2026-01-01T02:15:54.415+0000] {standard_task_runner.py:64} INFO - Started process 7356 to run task
[2026-01-01T02:15:54.440+0000] {standard_task_runner.py:90} INFO - Running: ['***', 'tasks', 'run', 'thongtin_cty_bctc', 'ingest_overview', 'scheduled__2025-12-31T00:00:00+00:00', '--job-id', '1211', '--raw', '--subdir', 'DAGS_FOLDER/tt_cty_bctc.py', '--cfg-path', '/tmp/tmp6ig7dyzo', '--map-index', '195']
[2026-01-01T02:15:54.450+0000] {standard_task_runner.py:91} INFO - Job 1211: Subtask ingest_overview
[2026-01-01T02:15:54.614+0000] {task_command.py:426} INFO - Running <TaskInstance: thongtin_cty_bctc.ingest_overview scheduled__2025-12-31T00:00:00+00:00 map_index=195 [running]> on host 43b0a0f7606b
[2026-01-01T02:15:54.897+0000] {taskinstance.py:2648} INFO - Exporting env vars: AIRFLOW_CTX_DAG_OWNER='***' AIRFLOW_CTX_DAG_ID='thongtin_cty_bctc' AIRFLOW_CTX_TASK_ID='ingest_overview' AIRFLOW_CTX_EXECUTION_DATE='2025-12-31T00:00:00+00:00' AIRFLOW_CTX_TRY_NUMBER='1' AIRFLOW_CTX_DAG_RUN_ID='scheduled__2025-12-31T00:00:00+00:00'
[2026-01-01T02:15:54.903+0000] {taskinstance.py:430} INFO - ::endgroup::
[2026-01-01T02:15:55.146+0000] {logging_mixin.py:188} INFO - Err overview KMR: Failed to fetch data: 429 - Too Many Requests
[2026-01-01T02:15:55.305+0000] {logging_mixin.py:188} INFO - Err overview KLM: Failed to fetch data: 429 - Too Many Requests
[2026-01-01T02:15:55.428+0000] {logging_mixin.py:188} INFO - Err overview KLF: Failed to fetch data: 429 - Too Many Requests
[2026-01-01T02:15:55.614+0000] {logging_mixin.py:188} INFO - Err overview KLB: Failed to fetch data: 429 - Too Many Requests
[2026-01-01T02:15:55.763+0000] {logging_mixin.py:188} INFO - Err overview KKC: Failed to fetch data: 429 - Too Many Requests
[2026-01-01T02:15:55.769+0000] {datalake_df2csv.py:40} INFO - DataFrame rỗng, bỏ qua upload CSV.
[2026-01-01T02:15:55.770+0000] {taskinstance.py:441} INFO - ::group::Post task execution logs
[2026-01-01T02:15:55.785+0000] {taskinstance.py:1206} INFO - Marking task as SUCCESS. dag_id=thongtin_cty_bctc, task_id=ingest_overview, run_id=scheduled__2025-12-31T00:00:00+00:00, map_index=195, execution_date=20251231T000000, start_date=20260101T021553, end_date=20260101T021555
[2026-01-01T02:15:55.960+0000] {local_task_job_runner.py:243} INFO - Task exited with return code 0
[2026-01-01T02:15:55.994+0000] {taskinstance.py:3503} INFO - 0 downstream tasks scheduled from follow-on schedule check
[2026-01-01T02:15:56.003+0000] {local_task_job_runner.py:222} INFO - ::endgroup::
