[2026-01-11T04:02:23.862+0000] {local_task_job_runner.py:120} INFO - ::group::Pre task execution logs
[2026-01-11T04:02:23.908+0000] {taskinstance.py:2076} INFO - Dependencies all met for dep_context=non-requeueable deps ti=<TaskInstance: bctc.ingest_bctc manual__2026-01-11T04:01:06+00:00 map_index=10 [queued]>
[2026-01-11T04:02:23.949+0000] {taskinstance.py:2076} INFO - Dependencies all met for dep_context=requeueable deps ti=<TaskInstance: bctc.ingest_bctc manual__2026-01-11T04:01:06+00:00 map_index=10 [queued]>
[2026-01-11T04:02:23.952+0000] {taskinstance.py:2306} INFO - Starting attempt 1 of 2
[2026-01-11T04:02:24.001+0000] {taskinstance.py:2330} INFO - Executing <Mapped(DfToCsvOperator): ingest_bctc> on 2026-01-11 04:01:06+00:00
[2026-01-11T04:02:24.026+0000] {warnings.py:112} WARNING - This process (pid=1252) is multi-threaded, use of fork() may lead to deadlocks in the child.

[2026-01-11T04:02:24.034+0000] {standard_task_runner.py:64} INFO - Started process 1385 to run task
[2026-01-11T04:02:24.064+0000] {standard_task_runner.py:90} INFO - Running: ['***', 'tasks', 'run', 'bctc', 'ingest_bctc', 'manual__2026-01-11T04:01:06+00:00', '--job-id', '10187', '--raw', '--subdir', 'DAGS_FOLDER/tt_cty_bctc.py', '--cfg-path', '/tmp/tmpk2emc4hv', '--map-index', '10']
[2026-01-11T04:02:24.069+0000] {standard_task_runner.py:91} INFO - Job 10187: Subtask ingest_bctc
[2026-01-11T04:02:24.307+0000] {task_command.py:426} INFO - Running <TaskInstance: bctc.ingest_bctc manual__2026-01-11T04:01:06+00:00 map_index=10 [running]> on host 3f2af93df813
[2026-01-11T04:02:24.613+0000] {taskinstance.py:2648} INFO - Exporting env vars: AIRFLOW_CTX_DAG_OWNER='***' AIRFLOW_CTX_DAG_ID='bctc' AIRFLOW_CTX_TASK_ID='ingest_bctc' AIRFLOW_CTX_EXECUTION_DATE='2026-01-11T04:01:06+00:00' AIRFLOW_CTX_TRY_NUMBER='1' AIRFLOW_CTX_DAG_RUN_ID='manual__2026-01-11T04:01:06+00:00'
[2026-01-11T04:02:24.620+0000] {taskinstance.py:430} INFO - ::endgroup::
[2026-01-11T04:02:24.637+0000] {logging_mixin.py:188} INFO - Bắt đầu xử lý batch 20 mã: ['V21', 'V15', 'V12', 'V11', 'UXC', 'UTT', 'USD', 'USC', 'UPH', 'UPC', 'UNI', 'UMC', 'UIC', 'UEM', 'UDL', 'UDJ', 'UDC', 'UCT', 'TYA', 'TXM']
[2026-01-11T04:02:24.638+0000] {logging_mixin.py:188} INFO -  >> Đang lấy dữ liệu: V21
[2026-01-11T04:02:24.819+0000] {logging_mixin.py:188} INFO -  Lỗi xử lý mã V21: Failed to fetch data: 429 - Too Many Requests
[2026-01-11T04:02:24.821+0000] {logging_mixin.py:188} INFO -  >> Đang lấy dữ liệu: V15
[2026-01-11T04:02:25.024+0000] {logging_mixin.py:188} INFO -  Lỗi xử lý mã V15: Failed to fetch data: 429 - Too Many Requests
[2026-01-11T04:02:25.025+0000] {logging_mixin.py:188} INFO -  >> Đang lấy dữ liệu: V12
[2026-01-11T04:02:25.155+0000] {logging_mixin.py:188} INFO -  Lỗi xử lý mã V12: Failed to fetch data: 429 - Too Many Requests
[2026-01-11T04:02:25.156+0000] {logging_mixin.py:188} INFO -  >> Đang lấy dữ liệu: V11
[2026-01-11T04:02:25.350+0000] {logging_mixin.py:188} INFO -  Lỗi xử lý mã V11: Failed to fetch data: 429 - Too Many Requests
[2026-01-11T04:02:25.351+0000] {logging_mixin.py:188} INFO -  >> Đang lấy dữ liệu: UXC
[2026-01-11T04:02:25.515+0000] {logging_mixin.py:188} INFO -  Lỗi xử lý mã UXC: Failed to fetch data: 429 - Too Many Requests
[2026-01-11T04:02:25.516+0000] {logging_mixin.py:188} INFO -  >> Đang lấy dữ liệu: UTT
[2026-01-11T04:02:25.636+0000] {logging_mixin.py:188} INFO -  Lỗi xử lý mã UTT: Failed to fetch data: 429 - Too Many Requests
[2026-01-11T04:02:25.638+0000] {logging_mixin.py:188} INFO -  >> Đang lấy dữ liệu: USD
[2026-01-11T04:02:25.848+0000] {logging_mixin.py:188} INFO -  Lỗi xử lý mã USD: Failed to fetch data: 429 - Too Many Requests
[2026-01-11T04:02:25.849+0000] {logging_mixin.py:188} INFO -  >> Đang lấy dữ liệu: USC
[2026-01-11T04:02:26.112+0000] {logging_mixin.py:188} INFO -  Lỗi xử lý mã USC: Failed to fetch data: 429 - Too Many Requests
[2026-01-11T04:02:26.113+0000] {logging_mixin.py:188} INFO -  >> Đang lấy dữ liệu: UPH
[2026-01-11T04:02:26.251+0000] {logging_mixin.py:188} INFO -  Lỗi xử lý mã UPH: Failed to fetch data: 429 - Too Many Requests
[2026-01-11T04:02:26.252+0000] {logging_mixin.py:188} INFO -  >> Đang lấy dữ liệu: UPC
[2026-01-11T04:02:26.399+0000] {logging_mixin.py:188} INFO -  Lỗi xử lý mã UPC: Failed to fetch data: 429 - Too Many Requests
[2026-01-11T04:02:26.400+0000] {logging_mixin.py:188} INFO -  >> Đang lấy dữ liệu: UNI
[2026-01-11T04:02:26.553+0000] {logging_mixin.py:188} INFO -  Lỗi xử lý mã UNI: Failed to fetch data: 429 - Too Many Requests
[2026-01-11T04:02:26.554+0000] {logging_mixin.py:188} INFO -  >> Đang lấy dữ liệu: UMC
[2026-01-11T04:02:26.702+0000] {logging_mixin.py:188} INFO -  Lỗi xử lý mã UMC: Failed to fetch data: 429 - Too Many Requests
[2026-01-11T04:02:26.703+0000] {logging_mixin.py:188} INFO -  >> Đang lấy dữ liệu: UIC
[2026-01-11T04:02:26.865+0000] {logging_mixin.py:188} INFO -  Lỗi xử lý mã UIC: Failed to fetch data: 429 - Too Many Requests
[2026-01-11T04:02:26.866+0000] {logging_mixin.py:188} INFO -  >> Đang lấy dữ liệu: UEM
[2026-01-11T04:02:26.999+0000] {logging_mixin.py:188} INFO -  Lỗi xử lý mã UEM: Failed to fetch data: 429 - Too Many Requests
[2026-01-11T04:02:27.000+0000] {logging_mixin.py:188} INFO -  >> Đang lấy dữ liệu: UDL
[2026-01-11T04:02:27.145+0000] {logging_mixin.py:188} INFO -  Lỗi xử lý mã UDL: Failed to fetch data: 429 - Too Many Requests
[2026-01-11T04:02:27.146+0000] {logging_mixin.py:188} INFO -  >> Đang lấy dữ liệu: UDJ
[2026-01-11T04:02:27.406+0000] {logging_mixin.py:188} INFO -  Lỗi xử lý mã UDJ: Failed to fetch data: 429 - Too Many Requests
[2026-01-11T04:02:27.407+0000] {logging_mixin.py:188} INFO -  >> Đang lấy dữ liệu: UDC
[2026-01-11T04:02:27.520+0000] {logging_mixin.py:188} INFO -  Lỗi xử lý mã UDC: Failed to fetch data: 429 - Too Many Requests
[2026-01-11T04:02:27.521+0000] {logging_mixin.py:188} INFO -  >> Đang lấy dữ liệu: UCT
[2026-01-11T04:02:27.682+0000] {logging_mixin.py:188} INFO -  Lỗi xử lý mã UCT: Failed to fetch data: 429 - Too Many Requests
[2026-01-11T04:02:27.683+0000] {logging_mixin.py:188} INFO -  >> Đang lấy dữ liệu: TYA
[2026-01-11T04:02:27.797+0000] {logging_mixin.py:188} INFO -  Lỗi xử lý mã TYA: Failed to fetch data: 429 - Too Many Requests
[2026-01-11T04:02:27.798+0000] {logging_mixin.py:188} INFO -  >> Đang lấy dữ liệu: TXM
[2026-01-11T04:02:27.912+0000] {logging_mixin.py:188} INFO -  Lỗi xử lý mã TXM: Failed to fetch data: 429 - Too Many Requests
[2026-01-11T04:02:27.913+0000] {logging_mixin.py:188} INFO -  ⚠ Batch này không thu được dữ liệu nào.
[2026-01-11T04:02:28.324+0000] {datalake_df2csv.py:40} INFO - DataFrame rỗng, bỏ qua upload CSV.
[2026-01-11T04:02:28.325+0000] {taskinstance.py:441} INFO - ::group::Post task execution logs
[2026-01-11T04:02:28.339+0000] {taskinstance.py:1206} INFO - Marking task as SUCCESS. dag_id=bctc, task_id=ingest_bctc, run_id=manual__2026-01-11T04:01:06+00:00, map_index=10, execution_date=20260111T040106, start_date=20260111T040223, end_date=20260111T040228
[2026-01-11T04:02:28.398+0000] {local_task_job_runner.py:243} INFO - Task exited with return code 0
[2026-01-11T04:02:28.416+0000] {local_task_job_runner.py:222} INFO - ::endgroup::
