[2026-01-11T03:52:33.529+0000] {local_task_job_runner.py:120} INFO - ::group::Pre task execution logs
[2026-01-11T03:52:33.592+0000] {taskinstance.py:2076} INFO - Dependencies all met for dep_context=non-requeueable deps ti=<TaskInstance: bctc.ingest_bctc manual__2026-01-11T03:52:02+00:00 map_index=1 [queued]>
[2026-01-11T03:52:33.611+0000] {taskinstance.py:2076} INFO - Dependencies all met for dep_context=requeueable deps ti=<TaskInstance: bctc.ingest_bctc manual__2026-01-11T03:52:02+00:00 map_index=1 [queued]>
[2026-01-11T03:52:33.613+0000] {taskinstance.py:2306} INFO - Starting attempt 1 of 2
[2026-01-11T03:52:33.638+0000] {taskinstance.py:2330} INFO - Executing <Mapped(DfToCsvOperator): ingest_bctc> on 2026-01-11 03:52:02+00:00
[2026-01-11T03:52:33.650+0000] {warnings.py:112} WARNING - This process (pid=143) is multi-threaded, use of fork() may lead to deadlocks in the child.

[2026-01-11T03:52:33.652+0000] {standard_task_runner.py:64} INFO - Started process 289 to run task
[2026-01-11T03:52:33.660+0000] {standard_task_runner.py:90} INFO - Running: ['***', 'tasks', 'run', 'bctc', 'ingest_bctc', 'manual__2026-01-11T03:52:02+00:00', '--job-id', '10102', '--raw', '--subdir', 'DAGS_FOLDER/tt_cty_bctc.py', '--cfg-path', '/tmp/tmptgi5nabw', '--map-index', '1']
[2026-01-11T03:52:33.664+0000] {standard_task_runner.py:91} INFO - Job 10102: Subtask ingest_bctc
[2026-01-11T03:52:33.837+0000] {task_command.py:426} INFO - Running <TaskInstance: bctc.ingest_bctc manual__2026-01-11T03:52:02+00:00 map_index=1 [running]> on host 3f2af93df813
[2026-01-11T03:52:34.159+0000] {taskinstance.py:2648} INFO - Exporting env vars: AIRFLOW_CTX_DAG_OWNER='***' AIRFLOW_CTX_DAG_ID='bctc' AIRFLOW_CTX_TASK_ID='ingest_bctc' AIRFLOW_CTX_EXECUTION_DATE='2026-01-11T03:52:02+00:00' AIRFLOW_CTX_TRY_NUMBER='1' AIRFLOW_CTX_DAG_RUN_ID='manual__2026-01-11T03:52:02+00:00'
[2026-01-11T03:52:34.161+0000] {taskinstance.py:430} INFO - ::endgroup::
[2026-01-11T03:52:34.172+0000] {logging_mixin.py:188} INFO - Bắt đầu xử lý batch 20 mã: ['VXP', 'VXB', 'VWS', 'VW3', 'VVS', 'VVN', 'VUA', 'VTZ', 'VTX', 'VTV', 'VTS', 'VTR', 'VTQ', 'VTP', 'VTO', 'VTM', 'VTL', 'VTK', 'VTJ', 'VTI']
[2026-01-11T03:52:34.173+0000] {logging_mixin.py:188} INFO -  >> Đang lấy dữ liệu: VXP
[2026-01-11T03:52:34.641+0000] {logging_mixin.py:188} INFO -  Lỗi xử lý mã VXP: Failed to fetch data: 429 - Too Many Requests
[2026-01-11T03:52:34.644+0000] {logging_mixin.py:188} INFO -  >> Đang lấy dữ liệu: VXB
[2026-01-11T03:52:34.826+0000] {logging_mixin.py:188} INFO -  Lỗi xử lý mã VXB: Failed to fetch data: 429 - Too Many Requests
[2026-01-11T03:52:34.827+0000] {logging_mixin.py:188} INFO -  >> Đang lấy dữ liệu: VWS
[2026-01-11T03:52:35.053+0000] {logging_mixin.py:188} INFO -  Lỗi xử lý mã VWS: Failed to fetch data: 429 - Too Many Requests
[2026-01-11T03:52:35.054+0000] {logging_mixin.py:188} INFO -  >> Đang lấy dữ liệu: VW3
[2026-01-11T03:52:35.192+0000] {logging_mixin.py:188} INFO -  Lỗi xử lý mã VW3: Failed to fetch data: 429 - Too Many Requests
[2026-01-11T03:52:35.193+0000] {logging_mixin.py:188} INFO -  >> Đang lấy dữ liệu: VVS
[2026-01-11T03:52:35.648+0000] {logging_mixin.py:188} INFO -  Lỗi xử lý mã VVS: Failed to fetch data: 429 - Too Many Requests
[2026-01-11T03:52:35.649+0000] {logging_mixin.py:188} INFO -  >> Đang lấy dữ liệu: VVN
[2026-01-11T03:52:35.958+0000] {logging_mixin.py:188} INFO -  Lỗi xử lý mã VVN: Failed to fetch data: 429 - Too Many Requests
[2026-01-11T03:52:35.959+0000] {logging_mixin.py:188} INFO -  >> Đang lấy dữ liệu: VUA
[2026-01-11T03:52:36.089+0000] {logging_mixin.py:188} INFO -  Lỗi xử lý mã VUA: Failed to fetch data: 429 - Too Many Requests
[2026-01-11T03:52:36.090+0000] {logging_mixin.py:188} INFO -  >> Đang lấy dữ liệu: VTZ
[2026-01-11T03:52:36.239+0000] {logging_mixin.py:188} INFO -  Lỗi xử lý mã VTZ: Failed to fetch data: 429 - Too Many Requests
[2026-01-11T03:52:36.240+0000] {logging_mixin.py:188} INFO -  >> Đang lấy dữ liệu: VTX
[2026-01-11T03:52:46.256+0000] {logging_mixin.py:188} INFO -  Lỗi xử lý mã VTX: Failed to fetch data: 429 - Too Many Requests
[2026-01-11T03:52:46.259+0000] {logging_mixin.py:188} INFO -  >> Đang lấy dữ liệu: VTV
[2026-01-11T03:52:46.483+0000] {logging_mixin.py:188} INFO -  Lỗi xử lý mã VTV: Failed to fetch data: 429 - Too Many Requests
[2026-01-11T03:52:46.485+0000] {logging_mixin.py:188} INFO -  >> Đang lấy dữ liệu: VTS
[2026-01-11T03:52:46.630+0000] {logging_mixin.py:188} INFO -  Lỗi xử lý mã VTS: Failed to fetch data: 429 - Too Many Requests
[2026-01-11T03:52:46.632+0000] {logging_mixin.py:188} INFO -  >> Đang lấy dữ liệu: VTR
[2026-01-11T03:52:46.778+0000] {logging_mixin.py:188} INFO -  Lỗi xử lý mã VTR: Failed to fetch data: 429 - Too Many Requests
[2026-01-11T03:52:46.780+0000] {logging_mixin.py:188} INFO -  >> Đang lấy dữ liệu: VTQ
[2026-01-11T03:52:47.093+0000] {logging_mixin.py:188} INFO -  Lỗi xử lý mã VTQ: Failed to fetch data: 429 - Too Many Requests
[2026-01-11T03:52:47.097+0000] {logging_mixin.py:188} INFO -  >> Đang lấy dữ liệu: VTP
[2026-01-11T03:52:47.362+0000] {logging_mixin.py:188} INFO -  Lỗi xử lý mã VTP: Failed to fetch data: 429 - Too Many Requests
[2026-01-11T03:52:47.363+0000] {logging_mixin.py:188} INFO -  >> Đang lấy dữ liệu: VTO
[2026-01-11T03:52:47.509+0000] {logging_mixin.py:188} INFO -  Lỗi xử lý mã VTO: Failed to fetch data: 429 - Too Many Requests
[2026-01-11T03:52:47.511+0000] {logging_mixin.py:188} INFO -  >> Đang lấy dữ liệu: VTM
[2026-01-11T03:52:48.126+0000] {logging_mixin.py:188} INFO -  Lỗi xử lý mã VTM: Failed to fetch data: 429 - Too Many Requests
[2026-01-11T03:52:48.128+0000] {logging_mixin.py:188} INFO -  >> Đang lấy dữ liệu: VTL
[2026-01-11T03:52:48.788+0000] {logging_mixin.py:188} INFO -  Lỗi xử lý mã VTL: Failed to fetch data: 429 - Too Many Requests
[2026-01-11T03:52:48.790+0000] {logging_mixin.py:188} INFO -  >> Đang lấy dữ liệu: VTK
[2026-01-11T03:52:49.323+0000] {logging_mixin.py:188} INFO -  Lỗi xử lý mã VTK: Failed to fetch data: 429 - Too Many Requests
[2026-01-11T03:52:49.324+0000] {logging_mixin.py:188} INFO -  >> Đang lấy dữ liệu: VTJ
[2026-01-11T03:52:49.613+0000] {logging_mixin.py:188} INFO -  Lỗi xử lý mã VTJ: Failed to fetch data: 429 - Too Many Requests
[2026-01-11T03:52:49.616+0000] {logging_mixin.py:188} INFO -  >> Đang lấy dữ liệu: VTI
[2026-01-11T03:52:49.808+0000] {logging_mixin.py:188} INFO -  Lỗi xử lý mã VTI: Failed to fetch data: 429 - Too Many Requests
[2026-01-11T03:52:49.814+0000] {logging_mixin.py:188} INFO -  ⚠ Batch này không thu được dữ liệu nào.
[2026-01-11T03:52:49.822+0000] {datalake_df2csv.py:40} INFO - DataFrame rỗng, bỏ qua upload CSV.
[2026-01-11T03:52:49.823+0000] {taskinstance.py:441} INFO - ::group::Post task execution logs
[2026-01-11T03:52:50.291+0000] {taskinstance.py:1206} INFO - Marking task as SUCCESS. dag_id=bctc, task_id=ingest_bctc, run_id=manual__2026-01-11T03:52:02+00:00, map_index=1, execution_date=20260111T035202, start_date=20260111T035233, end_date=20260111T035250
[2026-01-11T03:52:50.344+0000] {local_task_job_runner.py:243} INFO - Task exited with return code 0
[2026-01-11T03:52:50.391+0000] {taskinstance.py:3503} INFO - 0 downstream tasks scheduled from follow-on schedule check
[2026-01-11T03:52:50.393+0000] {local_task_job_runner.py:222} INFO - ::endgroup::
