[2025-12-31T14:36:20.628+0000] {local_task_job_runner.py:120} INFO - ::group::Pre task execution logs
[2025-12-31T14:36:20.678+0000] {taskinstance.py:2076} INFO - Dependencies all met for dep_context=non-requeueable deps ti=<TaskInstance: thongtin_cty_bctc.ingest_bctc scheduled__2025-12-30T00:00:00+00:00 map_index=32 [queued]>
[2025-12-31T14:36:20.700+0000] {taskinstance.py:2076} INFO - Dependencies all met for dep_context=requeueable deps ti=<TaskInstance: thongtin_cty_bctc.ingest_bctc scheduled__2025-12-30T00:00:00+00:00 map_index=32 [queued]>
[2025-12-31T14:36:20.701+0000] {taskinstance.py:2306} INFO - Starting attempt 1 of 2
[2025-12-31T14:36:20.731+0000] {taskinstance.py:2330} INFO - Executing <Mapped(DfToCsvOperator): ingest_bctc> on 2025-12-30 00:00:00+00:00
[2025-12-31T14:36:20.744+0000] {warnings.py:112} WARNING - This process (pid=1722) is multi-threaded, use of fork() may lead to deadlocks in the child.

[2025-12-31T14:36:20.746+0000] {standard_task_runner.py:64} INFO - Started process 1764 to run task
[2025-12-31T14:36:20.748+0000] {standard_task_runner.py:90} INFO - Running: ['***', 'tasks', 'run', 'thongtin_cty_bctc', 'ingest_bctc', 'scheduled__2025-12-30T00:00:00+00:00', '--job-id', '106', '--raw', '--subdir', 'DAGS_FOLDER/tt_cty_bctc.py', '--cfg-path', '/tmp/tmp6kyag6id', '--map-index', '32']
[2025-12-31T14:36:20.750+0000] {standard_task_runner.py:91} INFO - Job 106: Subtask ingest_bctc
[2025-12-31T14:36:20.823+0000] {task_command.py:426} INFO - Running <TaskInstance: thongtin_cty_bctc.ingest_bctc scheduled__2025-12-30T00:00:00+00:00 map_index=32 [running]> on host 8bc7f11ea9a4
[2025-12-31T14:36:21.043+0000] {taskinstance.py:2648} INFO - Exporting env vars: AIRFLOW_CTX_DAG_OWNER='***' AIRFLOW_CTX_DAG_ID='thongtin_cty_bctc' AIRFLOW_CTX_TASK_ID='ingest_bctc' AIRFLOW_CTX_EXECUTION_DATE='2025-12-30T00:00:00+00:00' AIRFLOW_CTX_TRY_NUMBER='1' AIRFLOW_CTX_DAG_RUN_ID='scheduled__2025-12-30T00:00:00+00:00'
[2025-12-31T14:36:21.045+0000] {taskinstance.py:430} INFO - ::endgroup::
[2025-12-31T14:36:21.065+0000] {logging_mixin.py:188} INFO - Bắt đầu xử lý batch 20 mã: ['PSN', 'PSL', 'PSI', 'PSH', 'PSG', 'PSE', 'PSD', 'PSC', 'PSB', 'PRT', 'PRO', 'PRE', 'PRC', 'PQN', 'PPY', 'PPT', 'PPS', 'PPP', 'PPI', 'PPH']
[2025-12-31T14:36:21.067+0000] {logging_mixin.py:188} INFO -  >> Đang lấy dữ liệu: PSN
[2025-12-31T14:36:21.382+0000] {logging_mixin.py:188} INFO -  Lỗi xử lý mã PSN: Failed to fetch data: 429 - Too Many Requests
[2025-12-31T14:36:21.383+0000] {logging_mixin.py:188} INFO -  >> Đang lấy dữ liệu: PSL
[2025-12-31T14:36:21.544+0000] {logging_mixin.py:188} INFO -  Lỗi xử lý mã PSL: Failed to fetch data: 429 - Too Many Requests
[2025-12-31T14:36:21.545+0000] {logging_mixin.py:188} INFO -  >> Đang lấy dữ liệu: PSI
[2025-12-31T14:36:21.696+0000] {logging_mixin.py:188} INFO -  Lỗi xử lý mã PSI: Failed to fetch data: 429 - Too Many Requests
[2025-12-31T14:36:21.699+0000] {logging_mixin.py:188} INFO -  >> Đang lấy dữ liệu: PSH
[2025-12-31T14:36:21.872+0000] {logging_mixin.py:188} INFO -  Lỗi xử lý mã PSH: Failed to fetch data: 429 - Too Many Requests
[2025-12-31T14:36:21.873+0000] {logging_mixin.py:188} INFO -  >> Đang lấy dữ liệu: PSG
[2025-12-31T14:36:22.105+0000] {logging_mixin.py:188} INFO -  Lỗi xử lý mã PSG: Failed to fetch data: 429 - Too Many Requests
[2025-12-31T14:36:22.123+0000] {logging_mixin.py:188} INFO -  >> Đang lấy dữ liệu: PSE
[2025-12-31T14:36:22.405+0000] {logging_mixin.py:188} INFO -  Lỗi xử lý mã PSE: Failed to fetch data: 429 - Too Many Requests
[2025-12-31T14:36:22.406+0000] {logging_mixin.py:188} INFO -  >> Đang lấy dữ liệu: PSD
[2025-12-31T14:36:22.873+0000] {logging_mixin.py:188} INFO -  Lỗi xử lý mã PSD: Failed to fetch data: 429 - Too Many Requests
[2025-12-31T14:36:22.874+0000] {logging_mixin.py:188} INFO -  >> Đang lấy dữ liệu: PSC
[2025-12-31T14:36:23.084+0000] {logging_mixin.py:188} INFO -  Lỗi xử lý mã PSC: Failed to fetch data: 429 - Too Many Requests
[2025-12-31T14:36:23.086+0000] {logging_mixin.py:188} INFO -  >> Đang lấy dữ liệu: PSB
[2025-12-31T14:36:23.429+0000] {logging_mixin.py:188} INFO -  Lỗi xử lý mã PSB: Failed to fetch data: 429 - Too Many Requests
[2025-12-31T14:36:23.440+0000] {logging_mixin.py:188} INFO -  >> Đang lấy dữ liệu: PRT
[2025-12-31T14:36:23.854+0000] {logging_mixin.py:188} INFO -  Lỗi xử lý mã PRT: Failed to fetch data: 429 - Too Many Requests
[2025-12-31T14:36:23.855+0000] {logging_mixin.py:188} INFO -  >> Đang lấy dữ liệu: PRO
[2025-12-31T14:36:24.113+0000] {logging_mixin.py:188} INFO -  Lỗi xử lý mã PRO: Failed to fetch data: 429 - Too Many Requests
[2025-12-31T14:36:24.115+0000] {logging_mixin.py:188} INFO -  >> Đang lấy dữ liệu: PRE
[2025-12-31T14:36:24.341+0000] {logging_mixin.py:188} INFO -  Lỗi xử lý mã PRE: Failed to fetch data: 429 - Too Many Requests
[2025-12-31T14:36:24.343+0000] {logging_mixin.py:188} INFO -  >> Đang lấy dữ liệu: PRC
[2025-12-31T14:36:24.613+0000] {logging_mixin.py:188} INFO -  Lỗi xử lý mã PRC: Failed to fetch data: 429 - Too Many Requests
[2025-12-31T14:36:24.614+0000] {logging_mixin.py:188} INFO -  >> Đang lấy dữ liệu: PQN
[2025-12-31T14:36:24.887+0000] {logging_mixin.py:188} INFO -  Lỗi xử lý mã PQN: Failed to fetch data: 429 - Too Many Requests
[2025-12-31T14:36:24.888+0000] {logging_mixin.py:188} INFO -  >> Đang lấy dữ liệu: PPY
[2025-12-31T14:36:25.331+0000] {logging_mixin.py:188} INFO -  Lỗi xử lý mã PPY: Failed to fetch data: 429 - Too Many Requests
[2025-12-31T14:36:25.333+0000] {logging_mixin.py:188} INFO -  >> Đang lấy dữ liệu: PPT
[2025-12-31T14:36:25.515+0000] {logging_mixin.py:188} INFO -  Lỗi xử lý mã PPT: Failed to fetch data: 429 - Too Many Requests
[2025-12-31T14:36:25.519+0000] {logging_mixin.py:188} INFO -  >> Đang lấy dữ liệu: PPS
[2025-12-31T14:36:25.966+0000] {logging_mixin.py:188} INFO -  Lỗi xử lý mã PPS: Failed to fetch data: 429 - Too Many Requests
[2025-12-31T14:36:25.969+0000] {logging_mixin.py:188} INFO -  >> Đang lấy dữ liệu: PPP
[2025-12-31T14:36:26.344+0000] {logging_mixin.py:188} INFO -  Lỗi xử lý mã PPP: Failed to fetch data: 429 - Too Many Requests
[2025-12-31T14:36:26.346+0000] {logging_mixin.py:188} INFO -  >> Đang lấy dữ liệu: PPI
[2025-12-31T14:36:26.858+0000] {logging_mixin.py:188} INFO -  Lỗi xử lý mã PPI: Failed to fetch data: 429 - Too Many Requests
[2025-12-31T14:36:26.859+0000] {logging_mixin.py:188} INFO -  >> Đang lấy dữ liệu: PPH
[2025-12-31T14:36:27.279+0000] {logging_mixin.py:188} INFO -  Lỗi xử lý mã PPH: Failed to fetch data: 429 - Too Many Requests
[2025-12-31T14:36:27.280+0000] {logging_mixin.py:188} INFO -  ⚠ Batch này không thu được dữ liệu nào.
[2025-12-31T14:36:27.285+0000] {datalake_df2csv.py:40} INFO - DataFrame rỗng, bỏ qua upload CSV.
[2025-12-31T14:36:27.286+0000] {taskinstance.py:441} INFO - ::group::Post task execution logs
[2025-12-31T14:36:27.306+0000] {taskinstance.py:1206} INFO - Marking task as SUCCESS. dag_id=thongtin_cty_bctc, task_id=ingest_bctc, run_id=scheduled__2025-12-30T00:00:00+00:00, map_index=32, execution_date=20251230T000000, start_date=20251231T143620, end_date=20251231T143627
[2025-12-31T14:36:27.368+0000] {local_task_job_runner.py:243} INFO - Task exited with return code 0
[2025-12-31T14:36:27.392+0000] {taskinstance.py:3503} INFO - 0 downstream tasks scheduled from follow-on schedule check
[2025-12-31T14:36:27.396+0000] {local_task_job_runner.py:222} INFO - ::endgroup::
