[2026-01-01T03:14:54.005+0000] {local_task_job_runner.py:120} INFO - ::group::Pre task execution logs
[2026-01-01T03:14:54.039+0000] {taskinstance.py:2076} INFO - Dependencies all met for dep_context=non-requeueable deps ti=<TaskInstance: thongtin_cty_bctc.ingest_bctc scheduled__2025-12-30T00:00:00+00:00 map_index=42 [queued]>
[2026-01-01T03:14:54.057+0000] {taskinstance.py:2076} INFO - Dependencies all met for dep_context=requeueable deps ti=<TaskInstance: thongtin_cty_bctc.ingest_bctc scheduled__2025-12-30T00:00:00+00:00 map_index=42 [queued]>
[2026-01-01T03:14:54.058+0000] {taskinstance.py:2306} INFO - Starting attempt 3 of 4
[2026-01-01T03:14:54.073+0000] {taskinstance.py:2330} INFO - Executing <Mapped(DfToCsvOperator): ingest_bctc> on 2025-12-30 00:00:00+00:00
[2026-01-01T03:14:54.085+0000] {warnings.py:112} WARNING - This process (pid=34339) is multi-threaded, use of fork() may lead to deadlocks in the child.

[2026-01-01T03:14:54.087+0000] {standard_task_runner.py:64} INFO - Started process 34373 to run task
[2026-01-01T03:14:54.089+0000] {standard_task_runner.py:90} INFO - Running: ['***', 'tasks', 'run', 'thongtin_cty_bctc', 'ingest_bctc', 'scheduled__2025-12-30T00:00:00+00:00', '--job-id', '3588', '--raw', '--subdir', 'DAGS_FOLDER/tt_cty_bctc.py', '--cfg-path', '/tmp/tmptjyypzap', '--map-index', '42']
[2026-01-01T03:14:54.090+0000] {standard_task_runner.py:91} INFO - Job 3588: Subtask ingest_bctc
[2026-01-01T03:14:54.164+0000] {task_command.py:426} INFO - Running <TaskInstance: thongtin_cty_bctc.ingest_bctc scheduled__2025-12-30T00:00:00+00:00 map_index=42 [running]> on host 43b0a0f7606b
[2026-01-01T03:14:54.311+0000] {taskinstance.py:2648} INFO - Exporting env vars: AIRFLOW_CTX_DAG_OWNER='***' AIRFLOW_CTX_DAG_ID='thongtin_cty_bctc' AIRFLOW_CTX_TASK_ID='ingest_bctc' AIRFLOW_CTX_EXECUTION_DATE='2025-12-30T00:00:00+00:00' AIRFLOW_CTX_TRY_NUMBER='3' AIRFLOW_CTX_DAG_RUN_ID='scheduled__2025-12-30T00:00:00+00:00'
[2026-01-01T03:14:54.312+0000] {taskinstance.py:430} INFO - ::endgroup::
[2026-01-01T03:14:54.325+0000] {logging_mixin.py:188} INFO - Bắt đầu xử lý batch 3 mã: ['VID', 'VIC', 'VIB']
[2026-01-01T03:14:54.326+0000] {logging_mixin.py:188} INFO -  >> Đang lấy dữ liệu: VID
[2026-01-01T03:14:58.298+0000] {logging_mixin.py:188} INFO -  >> Đang lấy dữ liệu: VIC
[2026-01-01T03:15:01.566+0000] {logging_mixin.py:188} INFO -  >> Đang lấy dữ liệu: VIB
[2026-01-01T03:15:05.086+0000] {logging_mixin.py:188} INFO -  ✓ Hoàn thành batch. Tổng số dòng: 14331
[2026-01-01T03:15:05.242+0000] {base.py:84} INFO - Using connection ID 'minio_finance' for task execution.
[2026-01-01T03:15:05.246+0000] {connection_wrapper.py:384} INFO - AWS Connection (conn_id='minio_finance', conn_type='aws') credentials retrieved from login and password.
[2026-01-01T03:15:05.878+0000] {datalake_df2csv.py:53} INFO - ✅ Đã upload 14331 dòng -> s3://thongtin-congty-va-bctc/bctc/2025-12-30/batch_42.csv
[2026-01-01T03:15:05.881+0000] {taskinstance.py:441} INFO - ::group::Post task execution logs
[2026-01-01T03:15:05.894+0000] {taskinstance.py:1206} INFO - Marking task as SUCCESS. dag_id=thongtin_cty_bctc, task_id=ingest_bctc, run_id=scheduled__2025-12-30T00:00:00+00:00, map_index=42, execution_date=20251230T000000, start_date=20260101T031454, end_date=20260101T031505
[2026-01-01T03:15:07.899+0000] {local_task_job_runner.py:243} INFO - Task exited with return code 0
[2026-01-01T03:15:07.910+0000] {local_task_job_runner.py:222} INFO - ::endgroup::
