[2026-01-01T03:00:52.191+0000] {local_task_job_runner.py:120} INFO - ::group::Pre task execution logs
[2026-01-01T03:00:52.246+0000] {taskinstance.py:2076} INFO - Dependencies all met for dep_context=non-requeueable deps ti=<TaskInstance: thongtin_cty_bctc.ingest_bctc manual__2025-12-31T15:11:19+00:00 map_index=12 [queued]>
[2026-01-01T03:00:52.299+0000] {taskinstance.py:2076} INFO - Dependencies all met for dep_context=requeueable deps ti=<TaskInstance: thongtin_cty_bctc.ingest_bctc manual__2025-12-31T15:11:19+00:00 map_index=12 [queued]>
[2026-01-01T03:00:52.303+0000] {taskinstance.py:2306} INFO - Starting attempt 1 of 2
[2026-01-01T03:00:52.330+0000] {taskinstance.py:2330} INFO - Executing <Mapped(DfToCsvOperator): ingest_bctc> on 2025-12-31 15:11:19+00:00
[2026-01-01T03:00:52.364+0000] {warnings.py:112} WARNING - This process (pid=23634) is multi-threaded, use of fork() may lead to deadlocks in the child.

[2026-01-01T03:00:52.367+0000] {standard_task_runner.py:64} INFO - Started process 23744 to run task
[2026-01-01T03:00:52.390+0000] {standard_task_runner.py:90} INFO - Running: ['***', 'tasks', 'run', 'thongtin_cty_bctc', 'ingest_bctc', 'manual__2025-12-31T15:11:19+00:00', '--job-id', '2660', '--raw', '--subdir', 'DAGS_FOLDER/tt_cty_bctc.py', '--cfg-path', '/tmp/tmplqgu9qly', '--map-index', '12']
[2026-01-01T03:00:52.392+0000] {standard_task_runner.py:91} INFO - Job 2660: Subtask ingest_bctc
[2026-01-01T03:00:52.510+0000] {task_command.py:426} INFO - Running <TaskInstance: thongtin_cty_bctc.ingest_bctc manual__2025-12-31T15:11:19+00:00 map_index=12 [running]> on host 43b0a0f7606b
[2026-01-01T03:00:52.808+0000] {taskinstance.py:2648} INFO - Exporting env vars: AIRFLOW_CTX_DAG_OWNER='***' AIRFLOW_CTX_DAG_ID='thongtin_cty_bctc' AIRFLOW_CTX_TASK_ID='ingest_bctc' AIRFLOW_CTX_EXECUTION_DATE='2025-12-31T15:11:19+00:00' AIRFLOW_CTX_TRY_NUMBER='1' AIRFLOW_CTX_DAG_RUN_ID='manual__2025-12-31T15:11:19+00:00'
[2026-01-01T03:00:52.814+0000] {taskinstance.py:430} INFO - ::endgroup::
[2026-01-01T03:00:52.859+0000] {logging_mixin.py:188} INFO - Bắt đầu xử lý batch 3 mã: ['VCI', 'HCM', 'VIX']
[2026-01-01T03:00:52.861+0000] {logging_mixin.py:188} INFO -  >> Đang lấy dữ liệu: VCI
[2026-01-01T03:00:53.107+0000] {logging_mixin.py:188} INFO -  Lỗi xử lý mã VCI: Failed to fetch data: 429 - Too Many Requests
[2026-01-01T03:00:53.108+0000] {logging_mixin.py:188} INFO -  >> Đang lấy dữ liệu: HCM
[2026-01-01T03:00:53.459+0000] {logging_mixin.py:188} INFO -  Lỗi xử lý mã HCM: Failed to fetch data: 429 - Too Many Requests
[2026-01-01T03:00:53.460+0000] {logging_mixin.py:188} INFO -  >> Đang lấy dữ liệu: VIX
[2026-01-01T03:00:53.617+0000] {logging_mixin.py:188} INFO -  Lỗi xử lý mã VIX: Failed to fetch data: 429 - Too Many Requests
[2026-01-01T03:00:53.618+0000] {logging_mixin.py:188} INFO -  ⚠ Batch này không thu được dữ liệu nào.
[2026-01-01T03:00:53.625+0000] {datalake_df2csv.py:40} INFO - DataFrame rỗng, bỏ qua upload CSV.
[2026-01-01T03:00:53.628+0000] {taskinstance.py:441} INFO - ::group::Post task execution logs
[2026-01-01T03:00:53.646+0000] {taskinstance.py:1206} INFO - Marking task as SUCCESS. dag_id=thongtin_cty_bctc, task_id=ingest_bctc, run_id=manual__2025-12-31T15:11:19+00:00, map_index=12, execution_date=20251231T151119, start_date=20260101T030052, end_date=20260101T030053
[2026-01-01T03:00:53.704+0000] {local_task_job_runner.py:243} INFO - Task exited with return code 0
[2026-01-01T03:00:53.725+0000] {taskinstance.py:3503} INFO - 0 downstream tasks scheduled from follow-on schedule check
[2026-01-01T03:00:53.727+0000] {local_task_job_runner.py:222} INFO - ::endgroup::
