[2026-01-11T13:04:16.776+0000] {local_task_job_runner.py:120} INFO - ::group::Pre task execution logs
[2026-01-11T13:04:16.833+0000] {taskinstance.py:2076} INFO - Dependencies all met for dep_context=non-requeueable deps ti=<TaskInstance: company_overview_to_minio.ingest_overview scheduled__2026-01-04T00:00:00+00:00 map_index=57 [queued]>
[2026-01-11T13:04:16.860+0000] {taskinstance.py:2076} INFO - Dependencies all met for dep_context=requeueable deps ti=<TaskInstance: company_overview_to_minio.ingest_overview scheduled__2026-01-04T00:00:00+00:00 map_index=57 [queued]>
[2026-01-11T13:04:16.861+0000] {taskinstance.py:2306} INFO - Starting attempt 1 of 2
[2026-01-11T13:04:16.881+0000] {taskinstance.py:2330} INFO - Executing <Mapped(DfToCsvOperator): ingest_overview> on 2026-01-04 00:00:00+00:00
[2026-01-11T13:04:16.896+0000] {warnings.py:112} WARNING - This process (pid=2501) is multi-threaded, use of fork() may lead to deadlocks in the child.

[2026-01-11T13:04:16.899+0000] {standard_task_runner.py:64} INFO - Started process 2550 to run task
[2026-01-11T13:04:16.901+0000] {standard_task_runner.py:90} INFO - Running: ['***', 'tasks', 'run', 'company_overview_to_minio', 'ingest_overview', 'scheduled__2026-01-04T00:00:00+00:00', '--job-id', '10527', '--raw', '--subdir', 'DAGS_FOLDER/company_overview_to_minio.py', '--cfg-path', '/tmp/tmph10u71ru', '--map-index', '57']
[2026-01-11T13:04:16.903+0000] {standard_task_runner.py:91} INFO - Job 10527: Subtask ingest_overview
[2026-01-11T13:04:16.975+0000] {task_command.py:426} INFO - Running <TaskInstance: company_overview_to_minio.ingest_overview scheduled__2026-01-04T00:00:00+00:00 map_index=57 [running]> on host 09a10a568fe6
[2026-01-11T13:04:17.410+0000] {taskinstance.py:2648} INFO - Exporting env vars: AIRFLOW_CTX_DAG_OWNER='***' AIRFLOW_CTX_DAG_ID='company_overview_to_minio' AIRFLOW_CTX_TASK_ID='ingest_overview' AIRFLOW_CTX_EXECUTION_DATE='2026-01-04T00:00:00+00:00' AIRFLOW_CTX_TRY_NUMBER='1' AIRFLOW_CTX_DAG_RUN_ID='scheduled__2026-01-04T00:00:00+00:00'
[2026-01-11T13:04:17.411+0000] {taskinstance.py:430} INFO - ::endgroup::
[2026-01-11T13:04:18.584+0000] {warnings.py:112} WARNING - DataFrame.applymap has been deprecated. Use DataFrame.map instead.

[2026-01-11T13:04:23.865+0000] {logging_mixin.py:188} INFO - Err overview HGC: RetryError[<Future at 0x7f6e925790d0 state=finished raised AttributeError>]
[2026-01-11T13:04:29.805+0000] {logging_mixin.py:188} INFO - Err overview HGA: RetryError[<Future at 0x7f6e92578d40 state=finished raised AttributeError>]
[2026-01-11T13:04:31.541+0000] {warnings.py:112} WARNING - DataFrame.applymap has been deprecated. Use DataFrame.map instead.

[2026-01-11T13:04:32.712+0000] {warnings.py:112} WARNING - DataFrame.applymap has been deprecated. Use DataFrame.map instead.

[2026-01-11T13:04:43.781+0000] {log.py:232} WARNING - 2026-01-11 13:04:43 - vnstock.core.utils.client - ERROR - API request failed: HTTPSConnectionPool(host='trading.vietcap.com.vn', port=443): Max retries exceeded with url: /data-mt/graphql (Caused by NameResolutionError("<urllib3.connection.HTTPSConnection object at 0x7f6e9257b4a0>: Failed to resolve 'trading.vietcap.com.vn' ([Errno -3] Temporary failure in name resolution)"))
[2026-01-11T13:04:43.742+0000] {client.py:414} ERROR - API request failed: HTTPSConnectionPool(host='trading.vietcap.com.vn', port=443): Max retries exceeded with url: /data-mt/graphql (Caused by NameResolutionError("<urllib3.connection.HTTPSConnection object at 0x7f6e9257b4a0>: Failed to resolve 'trading.vietcap.com.vn' ([Errno -3] Temporary failure in name resolution)"))
[2026-01-11T13:04:43.841+0000] {logging_mixin.py:188} INFO - Err overview HFB: API request failed: HTTPSConnectionPool(host='trading.vietcap.com.vn', port=443): Max retries exceeded with url: /data-mt/graphql (Caused by NameResolutionError("<urllib3.connection.HTTPSConnection object at 0x7f6e9257b4a0>: Failed to resolve 'trading.vietcap.com.vn' ([Errno -3] Temporary failure in name resolution)"))
[2026-01-11T13:04:54.865+0000] {log.py:232} WARNING - 2026-01-11 13:04:54 - vnstock.core.utils.client - ERROR - API request failed: HTTPSConnectionPool(host='trading.vietcap.com.vn', port=443): Max retries exceeded with url: /data-mt/graphql (Caused by NameResolutionError("<urllib3.connection.HTTPSConnection object at 0x7f6e925782c0>: Failed to resolve 'trading.vietcap.com.vn' ([Errno -3] Temporary failure in name resolution)"))
[2026-01-11T13:04:54.865+0000] {client.py:414} ERROR - API request failed: HTTPSConnectionPool(host='trading.vietcap.com.vn', port=443): Max retries exceeded with url: /data-mt/graphql (Caused by NameResolutionError("<urllib3.connection.HTTPSConnection object at 0x7f6e925782c0>: Failed to resolve 'trading.vietcap.com.vn' ([Errno -3] Temporary failure in name resolution)"))
[2026-01-11T13:04:54.866+0000] {logging_mixin.py:188} INFO - Err overview HEV: API request failed: HTTPSConnectionPool(host='trading.vietcap.com.vn', port=443): Max retries exceeded with url: /data-mt/graphql (Caused by NameResolutionError("<urllib3.connection.HTTPSConnection object at 0x7f6e925782c0>: Failed to resolve 'trading.vietcap.com.vn' ([Errno -3] Temporary failure in name resolution)"))
[2026-01-11T13:04:57.390+0000] {warnings.py:112} WARNING - DataFrame.applymap has been deprecated. Use DataFrame.map instead.

[2026-01-11T13:04:58.660+0000] {warnings.py:112} WARNING - DataFrame.applymap has been deprecated. Use DataFrame.map instead.

[2026-01-11T13:04:59.868+0000] {warnings.py:112} WARNING - DataFrame.applymap has been deprecated. Use DataFrame.map instead.

[2026-01-11T13:05:08.909+0000] {log.py:232} WARNING - 2026-01-11 13:05:08 - vnstock.core.utils.client - ERROR - API request failed: HTTPSConnectionPool(host='trading.vietcap.com.vn', port=443): Max retries exceeded with url: /data-mt/graphql (Caused by NameResolutionError("<urllib3.connection.HTTPSConnection object at 0x7f6e925797f0>: Failed to resolve 'trading.vietcap.com.vn' ([Errno -3] Temporary failure in name resolution)"))
[2026-01-11T13:05:08.909+0000] {client.py:414} ERROR - API request failed: HTTPSConnectionPool(host='trading.vietcap.com.vn', port=443): Max retries exceeded with url: /data-mt/graphql (Caused by NameResolutionError("<urllib3.connection.HTTPSConnection object at 0x7f6e925797f0>: Failed to resolve 'trading.vietcap.com.vn' ([Errno -3] Temporary failure in name resolution)"))
[2026-01-11T13:05:08.911+0000] {logging_mixin.py:188} INFO - Err overview HEJ: API request failed: HTTPSConnectionPool(host='trading.vietcap.com.vn', port=443): Max retries exceeded with url: /data-mt/graphql (Caused by NameResolutionError("<urllib3.connection.HTTPSConnection object at 0x7f6e925797f0>: Failed to resolve 'trading.vietcap.com.vn' ([Errno -3] Temporary failure in name resolution)"))
[2026-01-11T13:05:10.731+0000] {warnings.py:112} WARNING - DataFrame.applymap has been deprecated. Use DataFrame.map instead.

[2026-01-11T13:05:12.143+0000] {warnings.py:112} WARNING - DataFrame.applymap has been deprecated. Use DataFrame.map instead.

[2026-01-11T13:05:13.356+0000] {warnings.py:112} WARNING - DataFrame.applymap has been deprecated. Use DataFrame.map instead.

[2026-01-11T13:05:14.748+0000] {warnings.py:112} WARNING - DataFrame.applymap has been deprecated. Use DataFrame.map instead.

[2026-01-11T13:05:19.968+0000] {logging_mixin.py:188} INFO - Err overview HDO: RetryError[<Future at 0x7f6e9256d970 state=finished raised AttributeError>]
[2026-01-11T13:05:21.149+0000] {warnings.py:112} WARNING - DataFrame.applymap has been deprecated. Use DataFrame.map instead.

[2026-01-11T13:05:22.604+0000] {warnings.py:112} WARNING - DataFrame.applymap has been deprecated. Use DataFrame.map instead.

[2026-01-11T13:05:23.834+0000] {warnings.py:112} WARNING - DataFrame.applymap has been deprecated. Use DataFrame.map instead.

[2026-01-11T13:05:25.038+0000] {warnings.py:112} WARNING - DataFrame.applymap has been deprecated. Use DataFrame.map instead.

[2026-01-11T13:05:26.072+0000] {base.py:84} INFO - Using connection ID 'minio_finance' for task execution.
[2026-01-11T13:05:26.072+0000] {connection_wrapper.py:384} INFO - AWS Connection (conn_id='minio_finance', conn_type='aws') credentials retrieved from login and password.
[2026-01-11T13:05:26.756+0000] {datalake_df2csv.py:52} INFO - ✅ Đã upload 14 dòng -> s3://thongtin-congty-va-bctc/overview/date=2026-01-04/batch_57.csv
[2026-01-11T13:05:26.758+0000] {taskinstance.py:441} INFO - ::group::Post task execution logs
[2026-01-11T13:05:26.777+0000] {taskinstance.py:1206} INFO - Marking task as SUCCESS. dag_id=company_overview_to_minio, task_id=ingest_overview, run_id=scheduled__2026-01-04T00:00:00+00:00, map_index=57, execution_date=20260104T000000, start_date=20260111T130416, end_date=20260111T130526
[2026-01-11T13:05:26.877+0000] {local_task_job_runner.py:243} INFO - Task exited with return code 0
[2026-01-11T13:05:27.548+0000] {taskinstance.py:3503} INFO - 0 downstream tasks scheduled from follow-on schedule check
[2026-01-11T13:05:27.553+0000] {local_task_job_runner.py:222} INFO - ::endgroup::
