[2026-01-01T02:14:07.716+0000] {local_task_job_runner.py:120} INFO - ::group::Pre task execution logs
[2026-01-01T02:14:07.829+0000] {taskinstance.py:2076} INFO - Dependencies all met for dep_context=non-requeueable deps ti=<TaskInstance: thongtin_cty_bctc.ingest_bctc scheduled__2025-12-31T00:00:00+00:00 map_index=161 [queued]>
[2026-01-01T02:14:07.919+0000] {taskinstance.py:2076} INFO - Dependencies all met for dep_context=requeueable deps ti=<TaskInstance: thongtin_cty_bctc.ingest_bctc scheduled__2025-12-31T00:00:00+00:00 map_index=161 [queued]>
[2026-01-01T02:14:07.930+0000] {taskinstance.py:2306} INFO - Starting attempt 1 of 2
[2026-01-01T02:14:07.966+0000] {taskinstance.py:2330} INFO - Executing <Mapped(DfToCsvOperator): ingest_bctc> on 2025-12-31 00:00:00+00:00
[2026-01-01T02:14:07.997+0000] {warnings.py:112} WARNING - This process (pid=5397) is multi-threaded, use of fork() may lead to deadlocks in the child.

[2026-01-01T02:14:08.002+0000] {standard_task_runner.py:64} INFO - Started process 5516 to run task
[2026-01-01T02:14:08.022+0000] {standard_task_runner.py:90} INFO - Running: ['***', 'tasks', 'run', 'thongtin_cty_bctc', 'ingest_bctc', 'scheduled__2025-12-31T00:00:00+00:00', '--job-id', '1051', '--raw', '--subdir', 'DAGS_FOLDER/tt_cty_bctc.py', '--cfg-path', '/tmp/tmp3o_qd7du', '--map-index', '161']
[2026-01-01T02:14:08.024+0000] {standard_task_runner.py:91} INFO - Job 1051: Subtask ingest_bctc
[2026-01-01T02:14:08.116+0000] {task_command.py:426} INFO - Running <TaskInstance: thongtin_cty_bctc.ingest_bctc scheduled__2025-12-31T00:00:00+00:00 map_index=161 [running]> on host 43b0a0f7606b
[2026-01-01T02:14:08.691+0000] {taskinstance.py:2648} INFO - Exporting env vars: AIRFLOW_CTX_DAG_OWNER='***' AIRFLOW_CTX_DAG_ID='thongtin_cty_bctc' AIRFLOW_CTX_TASK_ID='ingest_bctc' AIRFLOW_CTX_EXECUTION_DATE='2025-12-31T00:00:00+00:00' AIRFLOW_CTX_TRY_NUMBER='1' AIRFLOW_CTX_DAG_RUN_ID='scheduled__2025-12-31T00:00:00+00:00'
[2026-01-01T02:14:08.692+0000] {taskinstance.py:430} INFO - ::endgroup::
[2026-01-01T02:14:08.702+0000] {logging_mixin.py:188} INFO - Bắt đầu xử lý batch 5 mã: ['NDC', 'ND2', 'NCT', 'NCS', 'NCG']
[2026-01-01T02:14:08.703+0000] {logging_mixin.py:188} INFO -  >> Đang lấy dữ liệu: NDC
[2026-01-01T02:14:26.914+0000] {logging_mixin.py:188} INFO -  Lỗi xử lý mã NDC: Failed to fetch data: 429 - Too Many Requests
[2026-01-01T02:14:26.918+0000] {logging_mixin.py:188} INFO -  >> Đang lấy dữ liệu: ND2
[2026-01-01T02:14:27.775+0000] {logging_mixin.py:188} INFO -  Lỗi xử lý mã ND2: Failed to fetch data: 429 - Too Many Requests
[2026-01-01T02:14:27.776+0000] {logging_mixin.py:188} INFO -  >> Đang lấy dữ liệu: NCT
[2026-01-01T02:14:27.932+0000] {logging_mixin.py:188} INFO -  Lỗi xử lý mã NCT: Failed to fetch data: 429 - Too Many Requests
[2026-01-01T02:14:27.933+0000] {logging_mixin.py:188} INFO -  >> Đang lấy dữ liệu: NCS
[2026-01-01T02:14:28.075+0000] {logging_mixin.py:188} INFO -  Lỗi xử lý mã NCS: Failed to fetch data: 429 - Too Many Requests
[2026-01-01T02:14:28.076+0000] {logging_mixin.py:188} INFO -  >> Đang lấy dữ liệu: NCG
[2026-01-01T02:14:28.194+0000] {logging_mixin.py:188} INFO -  Lỗi xử lý mã NCG: Failed to fetch data: 429 - Too Many Requests
[2026-01-01T02:14:28.194+0000] {logging_mixin.py:188} INFO -  ⚠ Batch này không thu được dữ liệu nào.
[2026-01-01T02:14:28.199+0000] {datalake_df2csv.py:40} INFO - DataFrame rỗng, bỏ qua upload CSV.
[2026-01-01T02:14:28.201+0000] {taskinstance.py:441} INFO - ::group::Post task execution logs
[2026-01-01T02:14:28.212+0000] {taskinstance.py:1206} INFO - Marking task as SUCCESS. dag_id=thongtin_cty_bctc, task_id=ingest_bctc, run_id=scheduled__2025-12-31T00:00:00+00:00, map_index=161, execution_date=20251231T000000, start_date=20260101T021407, end_date=20260101T021428
[2026-01-01T02:14:28.253+0000] {local_task_job_runner.py:243} INFO - Task exited with return code 0
[2026-01-01T02:14:28.260+0000] {local_task_job_runner.py:222} INFO - ::endgroup::
