[2026-01-12T15:16:29.031+0000] {local_task_job_runner.py:120} INFO - ::group::Pre task execution logs
[2026-01-12T15:16:29.057+0000] {taskinstance.py:2076} INFO - Dependencies all met for dep_context=non-requeueable deps ti=<TaskInstance: financial_ratios_etl.ingest_financial_ratios manual__2026-01-12T15:14:43+00:00 map_index=91 [queued]>
[2026-01-12T15:16:29.074+0000] {taskinstance.py:2076} INFO - Dependencies all met for dep_context=requeueable deps ti=<TaskInstance: financial_ratios_etl.ingest_financial_ratios manual__2026-01-12T15:14:43+00:00 map_index=91 [queued]>
[2026-01-12T15:16:29.075+0000] {taskinstance.py:2306} INFO - Starting attempt 1 of 2
[2026-01-12T15:16:29.099+0000] {taskinstance.py:2330} INFO - Executing <Mapped(DfToCsvOperator): ingest_financial_ratios> on 2026-01-12 15:14:43+00:00
[2026-01-12T15:16:29.114+0000] {warnings.py:112} WARNING - This process (pid=1215) is multi-threaded, use of fork() may lead to deadlocks in the child.

[2026-01-12T15:16:29.116+0000] {standard_task_runner.py:64} INFO - Started process 1330 to run task
[2026-01-12T15:16:29.121+0000] {standard_task_runner.py:90} INFO - Running: ['***', 'tasks', 'run', 'financial_ratios_etl', 'ingest_financial_ratios', 'manual__2026-01-12T15:14:43+00:00', '--job-id', '13797', '--raw', '--subdir', 'DAGS_FOLDER/financial_ratios_etl.py', '--cfg-path', '/tmp/tmp_q1_crlj', '--map-index', '91']
[2026-01-12T15:16:29.126+0000] {standard_task_runner.py:91} INFO - Job 13797: Subtask ingest_financial_ratios
[2026-01-12T15:16:29.206+0000] {task_command.py:426} INFO - Running <TaskInstance: financial_ratios_etl.ingest_financial_ratios manual__2026-01-12T15:14:43+00:00 map_index=91 [running]> on host 5a20a797a43c
[2026-01-12T15:16:29.351+0000] {taskinstance.py:2648} INFO - Exporting env vars: AIRFLOW_CTX_DAG_OWNER='***' AIRFLOW_CTX_DAG_ID='financial_ratios_etl' AIRFLOW_CTX_TASK_ID='ingest_financial_ratios' AIRFLOW_CTX_EXECUTION_DATE='2026-01-12T15:14:43+00:00' AIRFLOW_CTX_TRY_NUMBER='1' AIRFLOW_CTX_DAG_RUN_ID='manual__2026-01-12T15:14:43+00:00'
[2026-01-12T15:16:29.366+0000] {taskinstance.py:430} INFO - ::endgroup::
[2026-01-12T15:16:29.383+0000] {logging_mixin.py:188} INFO - [RATIO] Bắt đầu xử lý batch 2 mã: ['VCC', 'VCB']
[2026-01-12T15:16:29.384+0000] {logging_mixin.py:188} INFO - [RATIO] Kỳ dữ liệu: quarter
[2026-01-12T15:16:29.384+0000] {logging_mixin.py:188} INFO -  >> [RATIO] Đang lấy dữ liệu: VCC
[2026-01-12T15:16:30.362+0000] {logging_mixin.py:188} INFO -  ✓ [RATIO] VCC: 51 rows
[2026-01-12T15:16:32.363+0000] {logging_mixin.py:188} INFO -  >> [RATIO] Đang lấy dữ liệu: VCB
[2026-01-12T15:16:33.319+0000] {logging_mixin.py:188} INFO -  ✓ [RATIO] VCB: 51 rows
[2026-01-12T15:16:35.326+0000] {logging_mixin.py:188} INFO -  ✅ [RATIO] Hoàn thành batch. Tổng số dòng: 102
[2026-01-12T15:16:35.380+0000] {base.py:84} INFO - Using connection ID 'minio_finance' for task execution.
[2026-01-12T15:16:35.382+0000] {connection_wrapper.py:384} INFO - AWS Connection (conn_id='minio_finance', conn_type='aws') credentials retrieved from login and password.
[2026-01-12T15:16:36.266+0000] {datalake_df2csv.py:52} INFO - ✅ Đã upload 102 dòng -> s3://thongtin-congty-va-bctc/financial_ratios/2026-01-12/batch_91.csv
[2026-01-12T15:16:36.268+0000] {taskinstance.py:441} INFO - ::group::Post task execution logs
[2026-01-12T15:16:36.282+0000] {taskinstance.py:1206} INFO - Marking task as SUCCESS. dag_id=financial_ratios_etl, task_id=ingest_financial_ratios, run_id=manual__2026-01-12T15:14:43+00:00, map_index=91, execution_date=20260112T151443, start_date=20260112T151629, end_date=20260112T151636
[2026-01-12T15:16:36.369+0000] {local_task_job_runner.py:243} INFO - Task exited with return code 0
[2026-01-12T15:16:36.386+0000] {local_task_job_runner.py:222} INFO - ::endgroup::
