[2025-12-31T14:43:33.570+0000] {local_task_job_runner.py:120} INFO - ::group::Pre task execution logs
[2025-12-31T14:43:33.631+0000] {taskinstance.py:2076} INFO - Dependencies all met for dep_context=non-requeueable deps ti=<TaskInstance: thongtin_cty_bctc.ingest_bctc manual__2025-12-31T14:34:21.190447+00:00 map_index=84 [queued]>
[2025-12-31T14:43:33.676+0000] {taskinstance.py:2076} INFO - Dependencies all met for dep_context=requeueable deps ti=<TaskInstance: thongtin_cty_bctc.ingest_bctc manual__2025-12-31T14:34:21.190447+00:00 map_index=84 [queued]>
[2025-12-31T14:43:33.678+0000] {taskinstance.py:2306} INFO - Starting attempt 1 of 2
[2025-12-31T14:43:33.705+0000] {taskinstance.py:2330} INFO - Executing <Mapped(DfToCsvOperator): ingest_bctc> on 2025-12-31 14:34:21.190447+00:00
[2025-12-31T14:43:33.723+0000] {warnings.py:112} WARNING - This process (pid=6732) is multi-threaded, use of fork() may lead to deadlocks in the child.

[2025-12-31T14:43:33.725+0000] {standard_task_runner.py:64} INFO - Started process 6783 to run task
[2025-12-31T14:43:33.728+0000] {standard_task_runner.py:90} INFO - Running: ['***', 'tasks', 'run', 'thongtin_cty_bctc', 'ingest_bctc', 'manual__2025-12-31T14:34:21.190447+00:00', '--job-id', '554', '--raw', '--subdir', 'DAGS_FOLDER/tt_cty_bctc.py', '--cfg-path', '/tmp/tmpenf65hrx', '--map-index', '84']
[2025-12-31T14:43:33.731+0000] {standard_task_runner.py:91} INFO - Job 554: Subtask ingest_bctc
[2025-12-31T14:43:33.815+0000] {task_command.py:426} INFO - Running <TaskInstance: thongtin_cty_bctc.ingest_bctc manual__2025-12-31T14:34:21.190447+00:00 map_index=84 [running]> on host 8bc7f11ea9a4
[2025-12-31T14:43:33.982+0000] {taskinstance.py:2648} INFO - Exporting env vars: AIRFLOW_CTX_DAG_OWNER='***' AIRFLOW_CTX_DAG_ID='thongtin_cty_bctc' AIRFLOW_CTX_TASK_ID='ingest_bctc' AIRFLOW_CTX_EXECUTION_DATE='2025-12-31T14:34:21.190447+00:00' AIRFLOW_CTX_TRY_NUMBER='1' AIRFLOW_CTX_DAG_RUN_ID='manual__2025-12-31T14:34:21.190447+00:00'
[2025-12-31T14:43:33.984+0000] {taskinstance.py:430} INFO - ::endgroup::
[2025-12-31T14:43:33.998+0000] {logging_mixin.py:188} INFO - Bắt đầu xử lý batch 20 mã: ['APH', 'APG', 'APF', 'APC', 'ANV', 'ANT', 'AMV', 'AMS', 'AMP', 'AME', 'AMD', 'AMC', 'ALV', 'ALT', 'AIG', 'AIC', 'AGX', 'AGR', 'AGP', 'AGM']
[2025-12-31T14:43:33.999+0000] {logging_mixin.py:188} INFO -  >> Đang lấy dữ liệu: APH
[2025-12-31T14:43:34.126+0000] {logging_mixin.py:188} INFO -  Lỗi xử lý mã APH: Failed to fetch data: 429 - Too Many Requests
[2025-12-31T14:43:34.127+0000] {logging_mixin.py:188} INFO -  >> Đang lấy dữ liệu: APG
[2025-12-31T14:43:34.245+0000] {logging_mixin.py:188} INFO -  Lỗi xử lý mã APG: Failed to fetch data: 429 - Too Many Requests
[2025-12-31T14:43:34.247+0000] {logging_mixin.py:188} INFO -  >> Đang lấy dữ liệu: APF
[2025-12-31T14:43:34.379+0000] {logging_mixin.py:188} INFO -  Lỗi xử lý mã APF: Failed to fetch data: 429 - Too Many Requests
[2025-12-31T14:43:34.380+0000] {logging_mixin.py:188} INFO -  >> Đang lấy dữ liệu: APC
[2025-12-31T14:43:34.570+0000] {logging_mixin.py:188} INFO -  Lỗi xử lý mã APC: Failed to fetch data: 429 - Too Many Requests
[2025-12-31T14:43:34.573+0000] {logging_mixin.py:188} INFO -  >> Đang lấy dữ liệu: ANV
[2025-12-31T14:43:34.750+0000] {logging_mixin.py:188} INFO -  Lỗi xử lý mã ANV: Failed to fetch data: 429 - Too Many Requests
[2025-12-31T14:43:34.751+0000] {logging_mixin.py:188} INFO -  >> Đang lấy dữ liệu: ANT
[2025-12-31T14:43:34.886+0000] {logging_mixin.py:188} INFO -  Lỗi xử lý mã ANT: Failed to fetch data: 429 - Too Many Requests
[2025-12-31T14:43:34.887+0000] {logging_mixin.py:188} INFO -  >> Đang lấy dữ liệu: AMV
[2025-12-31T14:43:35.022+0000] {logging_mixin.py:188} INFO -  Lỗi xử lý mã AMV: Failed to fetch data: 429 - Too Many Requests
[2025-12-31T14:43:35.024+0000] {logging_mixin.py:188} INFO -  >> Đang lấy dữ liệu: AMS
[2025-12-31T14:43:35.168+0000] {logging_mixin.py:188} INFO -  Lỗi xử lý mã AMS: Failed to fetch data: 429 - Too Many Requests
[2025-12-31T14:43:35.170+0000] {logging_mixin.py:188} INFO -  >> Đang lấy dữ liệu: AMP
[2025-12-31T14:43:35.275+0000] {logging_mixin.py:188} INFO -  Lỗi xử lý mã AMP: Failed to fetch data: 429 - Too Many Requests
[2025-12-31T14:43:35.277+0000] {logging_mixin.py:188} INFO -  >> Đang lấy dữ liệu: AME
[2025-12-31T14:43:35.411+0000] {logging_mixin.py:188} INFO -  Lỗi xử lý mã AME: Failed to fetch data: 429 - Too Many Requests
[2025-12-31T14:43:35.413+0000] {logging_mixin.py:188} INFO -  >> Đang lấy dữ liệu: AMD
[2025-12-31T14:43:35.519+0000] {logging_mixin.py:188} INFO -  Lỗi xử lý mã AMD: Failed to fetch data: 429 - Too Many Requests
[2025-12-31T14:43:35.520+0000] {logging_mixin.py:188} INFO -  >> Đang lấy dữ liệu: AMC
[2025-12-31T14:43:35.626+0000] {logging_mixin.py:188} INFO -  Lỗi xử lý mã AMC: Failed to fetch data: 429 - Too Many Requests
[2025-12-31T14:43:35.627+0000] {logging_mixin.py:188} INFO -  >> Đang lấy dữ liệu: ALV
[2025-12-31T14:43:36.087+0000] {logging_mixin.py:188} INFO -  Lỗi xử lý mã ALV: Failed to fetch data: 429 - Too Many Requests
[2025-12-31T14:43:36.088+0000] {logging_mixin.py:188} INFO -  >> Đang lấy dữ liệu: ALT
[2025-12-31T14:43:57.255+0000] {logging_mixin.py:188} INFO -  Lỗi xử lý mã ALT: Failed to fetch data: 429 - Too Many Requests
[2025-12-31T14:43:57.256+0000] {logging_mixin.py:188} INFO -  >> Đang lấy dữ liệu: AIG
[2025-12-31T14:43:57.352+0000] {logging_mixin.py:188} INFO -  Lỗi xử lý mã AIG: Failed to fetch data: 429 - Too Many Requests
[2025-12-31T14:43:57.353+0000] {logging_mixin.py:188} INFO -  >> Đang lấy dữ liệu: AIC
[2025-12-31T14:43:57.470+0000] {logging_mixin.py:188} INFO -  Lỗi xử lý mã AIC: Failed to fetch data: 429 - Too Many Requests
[2025-12-31T14:43:57.471+0000] {logging_mixin.py:188} INFO -  >> Đang lấy dữ liệu: AGX
[2025-12-31T14:43:57.580+0000] {logging_mixin.py:188} INFO -  Lỗi xử lý mã AGX: Failed to fetch data: 429 - Too Many Requests
[2025-12-31T14:43:57.582+0000] {logging_mixin.py:188} INFO -  >> Đang lấy dữ liệu: AGR
[2025-12-31T14:43:57.694+0000] {logging_mixin.py:188} INFO -  Lỗi xử lý mã AGR: Failed to fetch data: 429 - Too Many Requests
[2025-12-31T14:43:57.696+0000] {logging_mixin.py:188} INFO -  >> Đang lấy dữ liệu: AGP
[2025-12-31T14:43:57.798+0000] {logging_mixin.py:188} INFO -  Lỗi xử lý mã AGP: Failed to fetch data: 429 - Too Many Requests
[2025-12-31T14:43:57.799+0000] {logging_mixin.py:188} INFO -  >> Đang lấy dữ liệu: AGM
[2025-12-31T14:43:57.905+0000] {logging_mixin.py:188} INFO -  Lỗi xử lý mã AGM: Failed to fetch data: 429 - Too Many Requests
[2025-12-31T14:43:57.906+0000] {logging_mixin.py:188} INFO -  ⚠ Batch này không thu được dữ liệu nào.
[2025-12-31T14:43:58.121+0000] {datalake_df2csv.py:40} INFO - DataFrame rỗng, bỏ qua upload CSV.
[2025-12-31T14:43:58.122+0000] {taskinstance.py:441} INFO - ::group::Post task execution logs
[2025-12-31T14:43:58.134+0000] {taskinstance.py:1206} INFO - Marking task as SUCCESS. dag_id=thongtin_cty_bctc, task_id=ingest_bctc, run_id=manual__2025-12-31T14:34:21.190447+00:00, map_index=84, execution_date=20251231T143421, start_date=20251231T144333, end_date=20251231T144358
[2025-12-31T14:43:58.192+0000] {local_task_job_runner.py:243} INFO - Task exited with return code 0
[2025-12-31T14:43:58.215+0000] {taskinstance.py:3503} INFO - 0 downstream tasks scheduled from follow-on schedule check
[2025-12-31T14:43:58.217+0000] {local_task_job_runner.py:222} INFO - ::endgroup::
