[2026-01-01T03:00:20.234+0000] {local_task_job_runner.py:120} INFO - ::group::Pre task execution logs
[2026-01-01T03:00:20.352+0000] {taskinstance.py:2076} INFO - Dependencies all met for dep_context=non-requeueable deps ti=<TaskInstance: thongtin_cty_bctc.ingest_bctc manual__2025-12-31T15:06:58.367608+00:00 map_index=22 [queued]>
[2026-01-01T03:00:20.411+0000] {taskinstance.py:2076} INFO - Dependencies all met for dep_context=requeueable deps ti=<TaskInstance: thongtin_cty_bctc.ingest_bctc manual__2025-12-31T15:06:58.367608+00:00 map_index=22 [queued]>
[2026-01-01T03:00:20.412+0000] {taskinstance.py:2306} INFO - Starting attempt 1 of 2
[2026-01-01T03:00:20.456+0000] {taskinstance.py:2330} INFO - Executing <Mapped(DfToCsvOperator): ingest_bctc> on 2025-12-31 15:06:58.367608+00:00
[2026-01-01T03:00:20.490+0000] {warnings.py:112} WARNING - This process (pid=22963) is multi-threaded, use of fork() may lead to deadlocks in the child.

[2026-01-01T03:00:20.496+0000] {standard_task_runner.py:64} INFO - Started process 23053 to run task
[2026-01-01T03:00:20.515+0000] {standard_task_runner.py:90} INFO - Running: ['***', 'tasks', 'run', 'thongtin_cty_bctc', 'ingest_bctc', 'manual__2025-12-31T15:06:58.367608+00:00', '--job-id', '2598', '--raw', '--subdir', 'DAGS_FOLDER/tt_cty_bctc.py', '--cfg-path', '/tmp/tmprgky6e9p', '--map-index', '22']
[2026-01-01T03:00:20.517+0000] {standard_task_runner.py:91} INFO - Job 2598: Subtask ingest_bctc
[2026-01-01T03:00:20.658+0000] {task_command.py:426} INFO - Running <TaskInstance: thongtin_cty_bctc.ingest_bctc manual__2025-12-31T15:06:58.367608+00:00 map_index=22 [running]> on host 43b0a0f7606b
[2026-01-01T03:00:20.862+0000] {taskinstance.py:2648} INFO - Exporting env vars: AIRFLOW_CTX_DAG_OWNER='***' AIRFLOW_CTX_DAG_ID='thongtin_cty_bctc' AIRFLOW_CTX_TASK_ID='ingest_bctc' AIRFLOW_CTX_EXECUTION_DATE='2025-12-31T15:06:58.367608+00:00' AIRFLOW_CTX_TRY_NUMBER='1' AIRFLOW_CTX_DAG_RUN_ID='manual__2025-12-31T15:06:58.367608+00:00'
[2026-01-01T03:00:20.865+0000] {taskinstance.py:430} INFO - ::endgroup::
[2026-01-01T03:00:20.883+0000] {logging_mixin.py:188} INFO - Bắt đầu xử lý batch 3 mã: ['QTP', 'PC1', 'AAA']
[2026-01-01T03:00:20.884+0000] {logging_mixin.py:188} INFO -  >> Đang lấy dữ liệu: QTP
[2026-01-01T03:00:21.240+0000] {logging_mixin.py:188} INFO -  Lỗi xử lý mã QTP: Failed to fetch data: 429 - Too Many Requests
[2026-01-01T03:00:21.242+0000] {logging_mixin.py:188} INFO -  >> Đang lấy dữ liệu: PC1
[2026-01-01T03:00:21.427+0000] {logging_mixin.py:188} INFO -  Lỗi xử lý mã PC1: Failed to fetch data: 429 - Too Many Requests
[2026-01-01T03:00:21.428+0000] {logging_mixin.py:188} INFO -  >> Đang lấy dữ liệu: AAA
[2026-01-01T03:00:21.666+0000] {logging_mixin.py:188} INFO -  Lỗi xử lý mã AAA: Failed to fetch data: 429 - Too Many Requests
[2026-01-01T03:00:21.670+0000] {logging_mixin.py:188} INFO -  ⚠ Batch này không thu được dữ liệu nào.
[2026-01-01T03:00:21.676+0000] {datalake_df2csv.py:40} INFO - DataFrame rỗng, bỏ qua upload CSV.
[2026-01-01T03:00:21.677+0000] {taskinstance.py:441} INFO - ::group::Post task execution logs
[2026-01-01T03:00:21.700+0000] {taskinstance.py:1206} INFO - Marking task as SUCCESS. dag_id=thongtin_cty_bctc, task_id=ingest_bctc, run_id=manual__2025-12-31T15:06:58.367608+00:00, map_index=22, execution_date=20251231T150658, start_date=20260101T030020, end_date=20260101T030021
[2026-01-01T03:00:21.760+0000] {local_task_job_runner.py:243} INFO - Task exited with return code 0
[2026-01-01T03:00:21.785+0000] {local_task_job_runner.py:222} INFO - ::endgroup::
