[2026-01-01T02:37:29.405+0000] {local_task_job_runner.py:120} INFO - ::group::Pre task execution logs
[2026-01-01T02:37:29.449+0000] {taskinstance.py:2076} INFO - Dependencies all met for dep_context=non-requeueable deps ti=<TaskInstance: thongtin_cty_bctc.ingest_bctc scheduled__2025-12-30T00:00:00+00:00 map_index=67 [queued]>
[2026-01-01T02:37:29.487+0000] {taskinstance.py:2076} INFO - Dependencies all met for dep_context=requeueable deps ti=<TaskInstance: thongtin_cty_bctc.ingest_bctc scheduled__2025-12-30T00:00:00+00:00 map_index=67 [queued]>
[2026-01-01T02:37:29.488+0000] {taskinstance.py:2306} INFO - Starting attempt 2 of 3
[2026-01-01T02:37:29.512+0000] {taskinstance.py:2330} INFO - Executing <Mapped(DfToCsvOperator): ingest_bctc> on 2025-12-30 00:00:00+00:00
[2026-01-01T02:37:29.529+0000] {warnings.py:112} WARNING - This process (pid=17119) is multi-threaded, use of fork() may lead to deadlocks in the child.

[2026-01-01T02:37:29.532+0000] {standard_task_runner.py:64} INFO - Started process 17200 to run task
[2026-01-01T02:37:29.534+0000] {standard_task_runner.py:90} INFO - Running: ['***', 'tasks', 'run', 'thongtin_cty_bctc', 'ingest_bctc', 'scheduled__2025-12-30T00:00:00+00:00', '--job-id', '2090', '--raw', '--subdir', 'DAGS_FOLDER/tt_cty_bctc.py', '--cfg-path', '/tmp/tmp3k2kqtui', '--map-index', '67']
[2026-01-01T02:37:29.536+0000] {standard_task_runner.py:91} INFO - Job 2090: Subtask ingest_bctc
[2026-01-01T02:37:29.639+0000] {task_command.py:426} INFO - Running <TaskInstance: thongtin_cty_bctc.ingest_bctc scheduled__2025-12-30T00:00:00+00:00 map_index=67 [running]> on host 43b0a0f7606b
[2026-01-01T02:37:29.802+0000] {taskinstance.py:2648} INFO - Exporting env vars: AIRFLOW_CTX_DAG_OWNER='***' AIRFLOW_CTX_DAG_ID='thongtin_cty_bctc' AIRFLOW_CTX_TASK_ID='ingest_bctc' AIRFLOW_CTX_EXECUTION_DATE='2025-12-30T00:00:00+00:00' AIRFLOW_CTX_TRY_NUMBER='2' AIRFLOW_CTX_DAG_RUN_ID='scheduled__2025-12-30T00:00:00+00:00'
[2026-01-01T02:37:29.803+0000] {taskinstance.py:430} INFO - ::endgroup::
[2026-01-01T02:37:29.817+0000] {logging_mixin.py:188} INFO - Bắt đầu xử lý batch 20 mã: ['DPC', 'DP3', 'DP2', 'DP1', 'DOP', 'DOC', 'DNW', 'DNT', 'DNP', 'DNN', 'DNM', 'DNL', 'DNH', 'DNE', 'DND', 'DNC', 'DNB', 'DNA', 'DMS', 'DMN']
[2026-01-01T02:37:29.818+0000] {logging_mixin.py:188} INFO -  >> Đang lấy dữ liệu: DPC
[2026-01-01T02:37:29.982+0000] {logging_mixin.py:188} INFO -  Lỗi xử lý mã DPC: Failed to fetch data: 429 - Too Many Requests
[2026-01-01T02:37:29.983+0000] {logging_mixin.py:188} INFO -  >> Đang lấy dữ liệu: DP3
[2026-01-01T02:37:30.091+0000] {logging_mixin.py:188} INFO -  Lỗi xử lý mã DP3: Failed to fetch data: 429 - Too Many Requests
[2026-01-01T02:37:30.092+0000] {logging_mixin.py:188} INFO -  >> Đang lấy dữ liệu: DP2
[2026-01-01T02:37:30.222+0000] {logging_mixin.py:188} INFO -  Lỗi xử lý mã DP2: Failed to fetch data: 429 - Too Many Requests
[2026-01-01T02:37:30.223+0000] {logging_mixin.py:188} INFO -  >> Đang lấy dữ liệu: DP1
[2026-01-01T02:37:30.340+0000] {logging_mixin.py:188} INFO -  Lỗi xử lý mã DP1: Failed to fetch data: 429 - Too Many Requests
[2026-01-01T02:37:30.340+0000] {logging_mixin.py:188} INFO -  >> Đang lấy dữ liệu: DOP
[2026-01-01T02:37:30.471+0000] {logging_mixin.py:188} INFO -  Lỗi xử lý mã DOP: Failed to fetch data: 429 - Too Many Requests
[2026-01-01T02:37:30.472+0000] {logging_mixin.py:188} INFO -  >> Đang lấy dữ liệu: DOC
[2026-01-01T02:37:30.583+0000] {logging_mixin.py:188} INFO -  Lỗi xử lý mã DOC: Failed to fetch data: 429 - Too Many Requests
[2026-01-01T02:37:30.585+0000] {logging_mixin.py:188} INFO -  >> Đang lấy dữ liệu: DNW
[2026-01-01T02:37:30.699+0000] {logging_mixin.py:188} INFO -  Lỗi xử lý mã DNW: Failed to fetch data: 429 - Too Many Requests
[2026-01-01T02:37:30.699+0000] {logging_mixin.py:188} INFO -  >> Đang lấy dữ liệu: DNT
[2026-01-01T02:37:30.803+0000] {logging_mixin.py:188} INFO -  Lỗi xử lý mã DNT: Failed to fetch data: 429 - Too Many Requests
[2026-01-01T02:37:30.804+0000] {logging_mixin.py:188} INFO -  >> Đang lấy dữ liệu: DNP
[2026-01-01T02:37:30.922+0000] {logging_mixin.py:188} INFO -  Lỗi xử lý mã DNP: Failed to fetch data: 429 - Too Many Requests
[2026-01-01T02:37:30.923+0000] {logging_mixin.py:188} INFO -  >> Đang lấy dữ liệu: DNN
[2026-01-01T02:37:31.040+0000] {logging_mixin.py:188} INFO -  Lỗi xử lý mã DNN: Failed to fetch data: 429 - Too Many Requests
[2026-01-01T02:37:31.041+0000] {logging_mixin.py:188} INFO -  >> Đang lấy dữ liệu: DNM
[2026-01-01T02:37:31.155+0000] {logging_mixin.py:188} INFO -  Lỗi xử lý mã DNM: Failed to fetch data: 429 - Too Many Requests
[2026-01-01T02:37:31.156+0000] {logging_mixin.py:188} INFO -  >> Đang lấy dữ liệu: DNL
[2026-01-01T02:37:31.293+0000] {logging_mixin.py:188} INFO -  Lỗi xử lý mã DNL: Failed to fetch data: 429 - Too Many Requests
[2026-01-01T02:37:31.294+0000] {logging_mixin.py:188} INFO -  >> Đang lấy dữ liệu: DNH
[2026-01-01T02:37:31.424+0000] {logging_mixin.py:188} INFO -  Lỗi xử lý mã DNH: Failed to fetch data: 429 - Too Many Requests
[2026-01-01T02:37:31.430+0000] {logging_mixin.py:188} INFO -  >> Đang lấy dữ liệu: DNE
[2026-01-01T02:37:31.729+0000] {logging_mixin.py:188} INFO -  Lỗi xử lý mã DNE: Failed to fetch data: 429 - Too Many Requests
[2026-01-01T02:37:31.730+0000] {logging_mixin.py:188} INFO -  >> Đang lấy dữ liệu: DND
[2026-01-01T02:37:31.836+0000] {logging_mixin.py:188} INFO -  Lỗi xử lý mã DND: Failed to fetch data: 429 - Too Many Requests
[2026-01-01T02:37:31.838+0000] {logging_mixin.py:188} INFO -  >> Đang lấy dữ liệu: DNC
[2026-01-01T02:37:31.954+0000] {logging_mixin.py:188} INFO -  Lỗi xử lý mã DNC: Failed to fetch data: 429 - Too Many Requests
[2026-01-01T02:37:31.955+0000] {logging_mixin.py:188} INFO -  >> Đang lấy dữ liệu: DNB
[2026-01-01T02:37:32.055+0000] {logging_mixin.py:188} INFO -  Lỗi xử lý mã DNB: Failed to fetch data: 429 - Too Many Requests
[2026-01-01T02:37:32.056+0000] {logging_mixin.py:188} INFO -  >> Đang lấy dữ liệu: DNA
[2026-01-01T02:37:32.177+0000] {logging_mixin.py:188} INFO -  Lỗi xử lý mã DNA: Failed to fetch data: 429 - Too Many Requests
[2026-01-01T02:37:32.178+0000] {logging_mixin.py:188} INFO -  >> Đang lấy dữ liệu: DMS
[2026-01-01T02:37:32.278+0000] {logging_mixin.py:188} INFO -  Lỗi xử lý mã DMS: Failed to fetch data: 429 - Too Many Requests
[2026-01-01T02:37:32.279+0000] {logging_mixin.py:188} INFO -  >> Đang lấy dữ liệu: DMN
[2026-01-01T02:37:32.390+0000] {logging_mixin.py:188} INFO -  Lỗi xử lý mã DMN: Failed to fetch data: 429 - Too Many Requests
[2026-01-01T02:37:32.391+0000] {logging_mixin.py:188} INFO -  ⚠ Batch này không thu được dữ liệu nào.
[2026-01-01T02:37:32.393+0000] {datalake_df2csv.py:40} INFO - DataFrame rỗng, bỏ qua upload CSV.
[2026-01-01T02:37:32.394+0000] {taskinstance.py:441} INFO - ::group::Post task execution logs
[2026-01-01T02:37:32.403+0000] {taskinstance.py:1206} INFO - Marking task as SUCCESS. dag_id=thongtin_cty_bctc, task_id=ingest_bctc, run_id=scheduled__2025-12-30T00:00:00+00:00, map_index=67, execution_date=20251230T000000, start_date=20260101T023729, end_date=20260101T023732
[2026-01-01T02:37:32.440+0000] {local_task_job_runner.py:243} INFO - Task exited with return code 0
[2026-01-01T02:37:32.449+0000] {local_task_job_runner.py:222} INFO - ::endgroup::
