[2026-01-01T03:02:02.692+0000] {local_task_job_runner.py:120} INFO - ::group::Pre task execution logs
[2026-01-01T03:02:02.783+0000] {taskinstance.py:2076} INFO - Dependencies all met for dep_context=non-requeueable deps ti=<TaskInstance: thongtin_cty_bctc.ingest_bctc manual__2026-01-01T02:33:01.279885+00:00 map_index=25 [queued]>
[2026-01-01T03:02:02.844+0000] {taskinstance.py:2076} INFO - Dependencies all met for dep_context=requeueable deps ti=<TaskInstance: thongtin_cty_bctc.ingest_bctc manual__2026-01-01T02:33:01.279885+00:00 map_index=25 [queued]>
[2026-01-01T03:02:02.846+0000] {taskinstance.py:2306} INFO - Starting attempt 1 of 2
[2026-01-01T03:02:02.931+0000] {taskinstance.py:2330} INFO - Executing <Mapped(DfToCsvOperator): ingest_bctc> on 2026-01-01 02:33:01.279885+00:00
[2026-01-01T03:02:02.980+0000] {warnings.py:112} WARNING - This process (pid=25113) is multi-threaded, use of fork() may lead to deadlocks in the child.

[2026-01-01T03:02:02.983+0000] {standard_task_runner.py:64} INFO - Started process 25201 to run task
[2026-01-01T03:02:03.008+0000] {standard_task_runner.py:90} INFO - Running: ['***', 'tasks', 'run', 'thongtin_cty_bctc', 'ingest_bctc', 'manual__2026-01-01T02:33:01.279885+00:00', '--job-id', '2788', '--raw', '--subdir', 'DAGS_FOLDER/tt_cty_bctc.py', '--cfg-path', '/tmp/tmp6h7tb9vg', '--map-index', '25']
[2026-01-01T03:02:03.010+0000] {standard_task_runner.py:91} INFO - Job 2788: Subtask ingest_bctc
[2026-01-01T03:02:03.264+0000] {task_command.py:426} INFO - Running <TaskInstance: thongtin_cty_bctc.ingest_bctc manual__2026-01-01T02:33:01.279885+00:00 map_index=25 [running]> on host 43b0a0f7606b
[2026-01-01T03:02:03.707+0000] {taskinstance.py:2648} INFO - Exporting env vars: AIRFLOW_CTX_DAG_OWNER='***' AIRFLOW_CTX_DAG_ID='thongtin_cty_bctc' AIRFLOW_CTX_TASK_ID='ingest_bctc' AIRFLOW_CTX_EXECUTION_DATE='2026-01-01T02:33:01.279885+00:00' AIRFLOW_CTX_TRY_NUMBER='1' AIRFLOW_CTX_DAG_RUN_ID='manual__2026-01-01T02:33:01.279885+00:00'
[2026-01-01T03:02:03.712+0000] {taskinstance.py:430} INFO - ::endgroup::
[2026-01-01T03:02:03.752+0000] {logging_mixin.py:188} INFO - Bắt đầu xử lý batch 3 mã: ['VHC', 'DBC', 'MML']
[2026-01-01T03:02:03.752+0000] {logging_mixin.py:188} INFO -  >> Đang lấy dữ liệu: VHC
[2026-01-01T03:02:04.180+0000] {logging_mixin.py:188} INFO -  Lỗi xử lý mã VHC: Failed to fetch data: 429 - Too Many Requests
[2026-01-01T03:02:04.188+0000] {logging_mixin.py:188} INFO -  >> Đang lấy dữ liệu: DBC
[2026-01-01T03:02:04.376+0000] {logging_mixin.py:188} INFO -  Lỗi xử lý mã DBC: Failed to fetch data: 429 - Too Many Requests
[2026-01-01T03:02:04.378+0000] {logging_mixin.py:188} INFO -  >> Đang lấy dữ liệu: MML
[2026-01-01T03:02:04.594+0000] {logging_mixin.py:188} INFO -  Lỗi xử lý mã MML: Failed to fetch data: 429 - Too Many Requests
[2026-01-01T03:02:04.596+0000] {logging_mixin.py:188} INFO -  ⚠ Batch này không thu được dữ liệu nào.
[2026-01-01T03:02:04.603+0000] {datalake_df2csv.py:40} INFO - DataFrame rỗng, bỏ qua upload CSV.
[2026-01-01T03:02:04.610+0000] {taskinstance.py:441} INFO - ::group::Post task execution logs
[2026-01-01T03:02:04.629+0000] {taskinstance.py:1206} INFO - Marking task as SUCCESS. dag_id=thongtin_cty_bctc, task_id=ingest_bctc, run_id=manual__2026-01-01T02:33:01.279885+00:00, map_index=25, execution_date=20260101T023301, start_date=20260101T030202, end_date=20260101T030204
[2026-01-01T03:02:04.716+0000] {local_task_job_runner.py:243} INFO - Task exited with return code 0
[2026-01-01T03:02:04.755+0000] {taskinstance.py:3503} INFO - 0 downstream tasks scheduled from follow-on schedule check
[2026-01-01T03:02:04.769+0000] {local_task_job_runner.py:222} INFO - ::endgroup::
