[2026-01-11T03:53:35.387+0000] {local_task_job_runner.py:120} INFO - ::group::Pre task execution logs
[2026-01-11T03:53:35.429+0000] {taskinstance.py:2076} INFO - Dependencies all met for dep_context=non-requeueable deps ti=<TaskInstance: bctc.ingest_bctc manual__2026-01-11T03:52:02+00:00 map_index=67 [queued]>
[2026-01-11T03:53:35.449+0000] {taskinstance.py:2076} INFO - Dependencies all met for dep_context=requeueable deps ti=<TaskInstance: bctc.ingest_bctc manual__2026-01-11T03:52:02+00:00 map_index=67 [queued]>
[2026-01-11T03:53:35.450+0000] {taskinstance.py:2306} INFO - Starting attempt 1 of 2
[2026-01-11T03:53:35.469+0000] {taskinstance.py:2330} INFO - Executing <Mapped(DfToCsvOperator): ingest_bctc> on 2026-01-11 03:52:02+00:00
[2026-01-11T03:53:35.481+0000] {warnings.py:112} WARNING - This process (pid=867) is multi-threaded, use of fork() may lead to deadlocks in the child.

[2026-01-11T03:53:35.484+0000] {standard_task_runner.py:64} INFO - Started process 927 to run task
[2026-01-11T03:53:35.486+0000] {standard_task_runner.py:90} INFO - Running: ['***', 'tasks', 'run', 'bctc', 'ingest_bctc', 'manual__2026-01-11T03:52:02+00:00', '--job-id', '10162', '--raw', '--subdir', 'DAGS_FOLDER/tt_cty_bctc.py', '--cfg-path', '/tmp/tmprsbm36r9', '--map-index', '67']
[2026-01-11T03:53:35.488+0000] {standard_task_runner.py:91} INFO - Job 10162: Subtask ingest_bctc
[2026-01-11T03:53:35.565+0000] {task_command.py:426} INFO - Running <TaskInstance: bctc.ingest_bctc manual__2026-01-11T03:52:02+00:00 map_index=67 [running]> on host 3f2af93df813
[2026-01-11T03:53:35.973+0000] {taskinstance.py:2648} INFO - Exporting env vars: AIRFLOW_CTX_DAG_OWNER='***' AIRFLOW_CTX_DAG_ID='bctc' AIRFLOW_CTX_TASK_ID='ingest_bctc' AIRFLOW_CTX_EXECUTION_DATE='2026-01-11T03:52:02+00:00' AIRFLOW_CTX_TRY_NUMBER='1' AIRFLOW_CTX_DAG_RUN_ID='manual__2026-01-11T03:52:02+00:00'
[2026-01-11T03:53:35.975+0000] {taskinstance.py:430} INFO - ::endgroup::
[2026-01-11T03:53:35.985+0000] {logging_mixin.py:188} INFO - Bắt đầu xử lý batch 20 mã: ['DPC', 'DP3', 'DP2', 'DP1', 'DOP', 'DOC', 'DNW', 'DNT', 'DNP', 'DNN', 'DNM', 'DNL', 'DNH', 'DNE', 'DND', 'DNC', 'DNB', 'DNA', 'DMS', 'DMN']
[2026-01-11T03:53:35.986+0000] {logging_mixin.py:188} INFO -  >> Đang lấy dữ liệu: DPC
[2026-01-11T03:53:36.439+0000] {logging_mixin.py:188} INFO -  Lỗi xử lý mã DPC: Failed to fetch data: 429 - Too Many Requests
[2026-01-11T03:53:36.441+0000] {logging_mixin.py:188} INFO -  >> Đang lấy dữ liệu: DP3
[2026-01-11T03:53:36.640+0000] {logging_mixin.py:188} INFO -  Lỗi xử lý mã DP3: Failed to fetch data: 429 - Too Many Requests
[2026-01-11T03:53:36.641+0000] {logging_mixin.py:188} INFO -  >> Đang lấy dữ liệu: DP2
[2026-01-11T03:53:36.786+0000] {logging_mixin.py:188} INFO -  Lỗi xử lý mã DP2: Failed to fetch data: 429 - Too Many Requests
[2026-01-11T03:53:36.787+0000] {logging_mixin.py:188} INFO -  >> Đang lấy dữ liệu: DP1
[2026-01-11T03:53:37.006+0000] {logging_mixin.py:188} INFO -  Lỗi xử lý mã DP1: Failed to fetch data: 429 - Too Many Requests
[2026-01-11T03:53:37.008+0000] {logging_mixin.py:188} INFO -  >> Đang lấy dữ liệu: DOP
[2026-01-11T03:53:37.140+0000] {logging_mixin.py:188} INFO -  Lỗi xử lý mã DOP: Failed to fetch data: 429 - Too Many Requests
[2026-01-11T03:53:37.142+0000] {logging_mixin.py:188} INFO -  >> Đang lấy dữ liệu: DOC
[2026-01-11T03:53:37.430+0000] {logging_mixin.py:188} INFO -  Lỗi xử lý mã DOC: Failed to fetch data: 429 - Too Many Requests
[2026-01-11T03:53:37.432+0000] {logging_mixin.py:188} INFO -  >> Đang lấy dữ liệu: DNW
[2026-01-11T03:53:37.615+0000] {logging_mixin.py:188} INFO -  Lỗi xử lý mã DNW: Failed to fetch data: 429 - Too Many Requests
[2026-01-11T03:53:37.616+0000] {logging_mixin.py:188} INFO -  >> Đang lấy dữ liệu: DNT
[2026-01-11T03:53:37.795+0000] {logging_mixin.py:188} INFO -  Lỗi xử lý mã DNT: Failed to fetch data: 429 - Too Many Requests
[2026-01-11T03:53:37.796+0000] {logging_mixin.py:188} INFO -  >> Đang lấy dữ liệu: DNP
[2026-01-11T03:53:37.962+0000] {logging_mixin.py:188} INFO -  Lỗi xử lý mã DNP: Failed to fetch data: 429 - Too Many Requests
[2026-01-11T03:53:37.963+0000] {logging_mixin.py:188} INFO -  >> Đang lấy dữ liệu: DNN
[2026-01-11T03:53:38.170+0000] {logging_mixin.py:188} INFO -  Lỗi xử lý mã DNN: Failed to fetch data: 429 - Too Many Requests
[2026-01-11T03:53:38.172+0000] {logging_mixin.py:188} INFO -  >> Đang lấy dữ liệu: DNM
[2026-01-11T03:53:38.328+0000] {logging_mixin.py:188} INFO -  Lỗi xử lý mã DNM: Failed to fetch data: 429 - Too Many Requests
[2026-01-11T03:53:38.329+0000] {logging_mixin.py:188} INFO -  >> Đang lấy dữ liệu: DNL
[2026-01-11T03:53:38.482+0000] {logging_mixin.py:188} INFO -  Lỗi xử lý mã DNL: Failed to fetch data: 429 - Too Many Requests
[2026-01-11T03:53:38.483+0000] {logging_mixin.py:188} INFO -  >> Đang lấy dữ liệu: DNH
[2026-01-11T03:53:38.939+0000] {logging_mixin.py:188} INFO -  Lỗi xử lý mã DNH: Failed to fetch data: 429 - Too Many Requests
[2026-01-11T03:53:38.942+0000] {logging_mixin.py:188} INFO -  >> Đang lấy dữ liệu: DNE
[2026-01-11T03:53:39.429+0000] {logging_mixin.py:188} INFO -  Lỗi xử lý mã DNE: Failed to fetch data: 429 - Too Many Requests
[2026-01-11T03:53:39.430+0000] {logging_mixin.py:188} INFO -  >> Đang lấy dữ liệu: DND
[2026-01-11T03:53:40.594+0000] {logging_mixin.py:188} INFO -  Lỗi xử lý mã DND: Failed to fetch data: 429 - Too Many Requests
[2026-01-11T03:53:40.595+0000] {logging_mixin.py:188} INFO -  >> Đang lấy dữ liệu: DNC
[2026-01-11T03:53:40.730+0000] {logging_mixin.py:188} INFO -  Lỗi xử lý mã DNC: Failed to fetch data: 429 - Too Many Requests
[2026-01-11T03:53:40.731+0000] {logging_mixin.py:188} INFO -  >> Đang lấy dữ liệu: DNB
[2026-01-11T03:53:41.242+0000] {logging_mixin.py:188} INFO -  Lỗi xử lý mã DNB: Failed to fetch data: 429 - Too Many Requests
[2026-01-11T03:53:41.243+0000] {logging_mixin.py:188} INFO -  >> Đang lấy dữ liệu: DNA
[2026-01-11T03:53:41.474+0000] {logging_mixin.py:188} INFO -  Lỗi xử lý mã DNA: Failed to fetch data: 429 - Too Many Requests
[2026-01-11T03:53:41.475+0000] {logging_mixin.py:188} INFO -  >> Đang lấy dữ liệu: DMS
[2026-01-11T03:53:49.621+0000] {logging_mixin.py:188} INFO -  Lỗi xử lý mã DMS: Failed to fetch data: 429 - Too Many Requests
[2026-01-11T03:53:49.622+0000] {logging_mixin.py:188} INFO -  >> Đang lấy dữ liệu: DMN
[2026-01-11T03:53:49.886+0000] {logging_mixin.py:188} INFO -  Lỗi xử lý mã DMN: Failed to fetch data: 429 - Too Many Requests
[2026-01-11T03:53:49.887+0000] {logging_mixin.py:188} INFO -  ⚠ Batch này không thu được dữ liệu nào.
[2026-01-11T03:53:49.892+0000] {datalake_df2csv.py:40} INFO - DataFrame rỗng, bỏ qua upload CSV.
[2026-01-11T03:53:49.892+0000] {taskinstance.py:441} INFO - ::group::Post task execution logs
[2026-01-11T03:53:49.905+0000] {taskinstance.py:1206} INFO - Marking task as SUCCESS. dag_id=bctc, task_id=ingest_bctc, run_id=manual__2026-01-11T03:52:02+00:00, map_index=67, execution_date=20260111T035202, start_date=20260111T035335, end_date=20260111T035349
[2026-01-11T03:53:49.957+0000] {local_task_job_runner.py:243} INFO - Task exited with return code 0
[2026-01-11T03:53:50.003+0000] {taskinstance.py:3503} INFO - 0 downstream tasks scheduled from follow-on schedule check
[2026-01-11T03:53:50.007+0000] {local_task_job_runner.py:222} INFO - ::endgroup::
