[2026-01-11T03:23:21.642+0000] {local_task_job_runner.py:120} INFO - ::group::Pre task execution logs
[2026-01-11T03:23:21.678+0000] {taskinstance.py:2076} INFO - Dependencies all met for dep_context=non-requeueable deps ti=<TaskInstance: bctc.ingest_bctc scheduled__2026-01-04T00:00:00+00:00 map_index=31 [queued]>
[2026-01-11T03:23:21.694+0000] {taskinstance.py:2076} INFO - Dependencies all met for dep_context=requeueable deps ti=<TaskInstance: bctc.ingest_bctc scheduled__2026-01-04T00:00:00+00:00 map_index=31 [queued]>
[2026-01-11T03:23:21.695+0000] {taskinstance.py:2306} INFO - Starting attempt 1 of 2
[2026-01-11T03:23:21.716+0000] {taskinstance.py:2330} INFO - Executing <Mapped(DfToCsvOperator): ingest_bctc> on 2026-01-04 00:00:00+00:00
[2026-01-11T03:23:21.728+0000] {warnings.py:112} WARNING - This process (pid=2808) is multi-threaded, use of fork() may lead to deadlocks in the child.

[2026-01-11T03:23:21.730+0000] {standard_task_runner.py:64} INFO - Started process 2853 to run task
[2026-01-11T03:23:21.733+0000] {standard_task_runner.py:90} INFO - Running: ['***', 'tasks', 'run', 'bctc', 'ingest_bctc', 'scheduled__2026-01-04T00:00:00+00:00', '--job-id', '9854', '--raw', '--subdir', 'DAGS_FOLDER/tt_cty_bctc.py', '--cfg-path', '/tmp/tmpg3f7jhwu', '--map-index', '31']
[2026-01-11T03:23:21.735+0000] {standard_task_runner.py:91} INFO - Job 9854: Subtask ingest_bctc
[2026-01-11T03:23:21.806+0000] {task_command.py:426} INFO - Running <TaskInstance: bctc.ingest_bctc scheduled__2026-01-04T00:00:00+00:00 map_index=31 [running]> on host 3f2af93df813
[2026-01-11T03:23:21.937+0000] {taskinstance.py:2648} INFO - Exporting env vars: AIRFLOW_CTX_DAG_OWNER='***' AIRFLOW_CTX_DAG_ID='bctc' AIRFLOW_CTX_TASK_ID='ingest_bctc' AIRFLOW_CTX_EXECUTION_DATE='2026-01-04T00:00:00+00:00' AIRFLOW_CTX_TRY_NUMBER='1' AIRFLOW_CTX_DAG_RUN_ID='scheduled__2026-01-04T00:00:00+00:00'
[2026-01-11T03:23:21.938+0000] {taskinstance.py:430} INFO - ::endgroup::
[2026-01-11T03:23:21.949+0000] {logging_mixin.py:188} INFO - Bắt đầu xử lý batch 20 mã: ['PVA', 'PV2', 'PTX', 'PTV', 'PTT', 'PTS', 'PTP', 'PTO', 'PTN', 'PTM', 'PTL', 'PTI', 'PTH', 'PTG', 'PTE', 'PTD', 'PTC', 'PTB', 'PSW', 'PSP']
[2026-01-11T03:23:21.950+0000] {logging_mixin.py:188} INFO -  >> Đang lấy dữ liệu: PVA
[2026-01-11T03:23:22.299+0000] {logging_mixin.py:188} INFO -  Lỗi xử lý mã PVA: Failed to fetch data: 429 - Too Many Requests
[2026-01-11T03:23:22.300+0000] {logging_mixin.py:188} INFO -  >> Đang lấy dữ liệu: PV2
[2026-01-11T03:23:22.434+0000] {logging_mixin.py:188} INFO -  Lỗi xử lý mã PV2: Failed to fetch data: 429 - Too Many Requests
[2026-01-11T03:23:22.435+0000] {logging_mixin.py:188} INFO -  >> Đang lấy dữ liệu: PTX
[2026-01-11T03:23:22.614+0000] {logging_mixin.py:188} INFO -  Lỗi xử lý mã PTX: Failed to fetch data: 429 - Too Many Requests
[2026-01-11T03:23:22.615+0000] {logging_mixin.py:188} INFO -  >> Đang lấy dữ liệu: PTV
[2026-01-11T03:23:23.279+0000] {logging_mixin.py:188} INFO -  Lỗi xử lý mã PTV: Failed to fetch data: 429 - Too Many Requests
[2026-01-11T03:23:23.281+0000] {logging_mixin.py:188} INFO -  >> Đang lấy dữ liệu: PTT
[2026-01-11T03:23:25.293+0000] {logging_mixin.py:188} INFO -  Lỗi xử lý mã PTT: Failed to fetch data: 429 - Too Many Requests
[2026-01-11T03:23:25.294+0000] {logging_mixin.py:188} INFO -  >> Đang lấy dữ liệu: PTS
[2026-01-11T03:23:25.426+0000] {logging_mixin.py:188} INFO -  Lỗi xử lý mã PTS: Failed to fetch data: 429 - Too Many Requests
[2026-01-11T03:23:25.427+0000] {logging_mixin.py:188} INFO -  >> Đang lấy dữ liệu: PTP
[2026-01-11T03:23:27.295+0000] {logging_mixin.py:188} INFO -  Lỗi xử lý mã PTP: Failed to fetch data: 429 - Too Many Requests
[2026-01-11T03:23:27.296+0000] {logging_mixin.py:188} INFO -  >> Đang lấy dữ liệu: PTO
[2026-01-11T03:23:27.452+0000] {logging_mixin.py:188} INFO -  Lỗi xử lý mã PTO: Failed to fetch data: 429 - Too Many Requests
[2026-01-11T03:23:27.454+0000] {logging_mixin.py:188} INFO -  >> Đang lấy dữ liệu: PTN
[2026-01-11T03:23:27.596+0000] {logging_mixin.py:188} INFO -  Lỗi xử lý mã PTN: Failed to fetch data: 429 - Too Many Requests
[2026-01-11T03:23:27.597+0000] {logging_mixin.py:188} INFO -  >> Đang lấy dữ liệu: PTM
[2026-01-11T03:23:28.771+0000] {logging_mixin.py:188} INFO -  Lỗi xử lý mã PTM: Failed to fetch data: 429 - Too Many Requests
[2026-01-11T03:23:28.772+0000] {logging_mixin.py:188} INFO -  >> Đang lấy dữ liệu: PTL
[2026-01-11T03:23:28.876+0000] {logging_mixin.py:188} INFO -  Lỗi xử lý mã PTL: Failed to fetch data: 429 - Too Many Requests
[2026-01-11T03:23:28.877+0000] {logging_mixin.py:188} INFO -  >> Đang lấy dữ liệu: PTI
[2026-01-11T03:23:29.662+0000] {logging_mixin.py:188} INFO -  Lỗi xử lý mã PTI: Failed to fetch data: 429 - Too Many Requests
[2026-01-11T03:23:29.664+0000] {logging_mixin.py:188} INFO -  >> Đang lấy dữ liệu: PTH
[2026-01-11T03:23:29.764+0000] {logging_mixin.py:188} INFO -  Lỗi xử lý mã PTH: Failed to fetch data: 429 - Too Many Requests
[2026-01-11T03:23:29.766+0000] {logging_mixin.py:188} INFO -  >> Đang lấy dữ liệu: PTG
[2026-01-11T03:23:29.983+0000] {logging_mixin.py:188} INFO -  Lỗi xử lý mã PTG: Failed to fetch data: 429 - Too Many Requests
[2026-01-11T03:23:29.984+0000] {logging_mixin.py:188} INFO -  >> Đang lấy dữ liệu: PTE
[2026-01-11T03:23:30.180+0000] {logging_mixin.py:188} INFO -  Lỗi xử lý mã PTE: Failed to fetch data: 429 - Too Many Requests
[2026-01-11T03:23:30.181+0000] {logging_mixin.py:188} INFO -  >> Đang lấy dữ liệu: PTD
[2026-01-11T03:23:30.343+0000] {logging_mixin.py:188} INFO -  Lỗi xử lý mã PTD: Failed to fetch data: 429 - Too Many Requests
[2026-01-11T03:23:30.344+0000] {logging_mixin.py:188} INFO -  >> Đang lấy dữ liệu: PTC
[2026-01-11T03:23:30.903+0000] {logging_mixin.py:188} INFO -  Lỗi xử lý mã PTC: Failed to fetch data: 429 - Too Many Requests
[2026-01-11T03:23:30.904+0000] {logging_mixin.py:188} INFO -  >> Đang lấy dữ liệu: PTB
[2026-01-11T03:23:30.999+0000] {logging_mixin.py:188} INFO -  Lỗi xử lý mã PTB: Failed to fetch data: 429 - Too Many Requests
[2026-01-11T03:23:31.000+0000] {logging_mixin.py:188} INFO -  >> Đang lấy dữ liệu: PSW
[2026-01-11T03:23:31.095+0000] {logging_mixin.py:188} INFO -  Lỗi xử lý mã PSW: Failed to fetch data: 429 - Too Many Requests
[2026-01-11T03:23:31.096+0000] {logging_mixin.py:188} INFO -  >> Đang lấy dữ liệu: PSP
[2026-01-11T03:23:31.256+0000] {logging_mixin.py:188} INFO -  Lỗi xử lý mã PSP: Failed to fetch data: 429 - Too Many Requests
[2026-01-11T03:23:31.258+0000] {logging_mixin.py:188} INFO -  ⚠ Batch này không thu được dữ liệu nào.
[2026-01-11T03:23:31.263+0000] {datalake_df2csv.py:40} INFO - DataFrame rỗng, bỏ qua upload CSV.
[2026-01-11T03:23:31.264+0000] {taskinstance.py:441} INFO - ::group::Post task execution logs
[2026-01-11T03:23:31.278+0000] {taskinstance.py:1206} INFO - Marking task as SUCCESS. dag_id=bctc, task_id=ingest_bctc, run_id=scheduled__2026-01-04T00:00:00+00:00, map_index=31, execution_date=20260104T000000, start_date=20260111T032321, end_date=20260111T032331
[2026-01-11T03:23:31.635+0000] {local_task_job_runner.py:243} INFO - Task exited with return code 0
[2026-01-11T03:23:31.673+0000] {taskinstance.py:3503} INFO - 0 downstream tasks scheduled from follow-on schedule check
[2026-01-11T03:23:31.675+0000] {local_task_job_runner.py:222} INFO - ::endgroup::
