[2025-12-31T14:36:20.637+0000] {local_task_job_runner.py:120} INFO - ::group::Pre task execution logs
[2025-12-31T14:36:20.691+0000] {taskinstance.py:2076} INFO - Dependencies all met for dep_context=non-requeueable deps ti=<TaskInstance: thongtin_cty_bctc.ingest_bctc scheduled__2025-12-30T00:00:00+00:00 map_index=33 [queued]>
[2025-12-31T14:36:20.712+0000] {taskinstance.py:2076} INFO - Dependencies all met for dep_context=requeueable deps ti=<TaskInstance: thongtin_cty_bctc.ingest_bctc scheduled__2025-12-30T00:00:00+00:00 map_index=33 [queued]>
[2025-12-31T14:36:20.713+0000] {taskinstance.py:2306} INFO - Starting attempt 1 of 2
[2025-12-31T14:36:20.742+0000] {taskinstance.py:2330} INFO - Executing <Mapped(DfToCsvOperator): ingest_bctc> on 2025-12-30 00:00:00+00:00
[2025-12-31T14:36:20.754+0000] {warnings.py:112} WARNING - This process (pid=1723) is multi-threaded, use of fork() may lead to deadlocks in the child.

[2025-12-31T14:36:20.756+0000] {standard_task_runner.py:64} INFO - Started process 1765 to run task
[2025-12-31T14:36:20.759+0000] {standard_task_runner.py:90} INFO - Running: ['***', 'tasks', 'run', 'thongtin_cty_bctc', 'ingest_bctc', 'scheduled__2025-12-30T00:00:00+00:00', '--job-id', '107', '--raw', '--subdir', 'DAGS_FOLDER/tt_cty_bctc.py', '--cfg-path', '/tmp/tmp70mwmj8y', '--map-index', '33']
[2025-12-31T14:36:20.760+0000] {standard_task_runner.py:91} INFO - Job 107: Subtask ingest_bctc
[2025-12-31T14:36:20.836+0000] {task_command.py:426} INFO - Running <TaskInstance: thongtin_cty_bctc.ingest_bctc scheduled__2025-12-30T00:00:00+00:00 map_index=33 [running]> on host 8bc7f11ea9a4
[2025-12-31T14:36:21.051+0000] {taskinstance.py:2648} INFO - Exporting env vars: AIRFLOW_CTX_DAG_OWNER='***' AIRFLOW_CTX_DAG_ID='thongtin_cty_bctc' AIRFLOW_CTX_TASK_ID='ingest_bctc' AIRFLOW_CTX_EXECUTION_DATE='2025-12-30T00:00:00+00:00' AIRFLOW_CTX_TRY_NUMBER='1' AIRFLOW_CTX_DAG_RUN_ID='scheduled__2025-12-30T00:00:00+00:00'
[2025-12-31T14:36:21.054+0000] {taskinstance.py:430} INFO - ::endgroup::
[2025-12-31T14:36:21.065+0000] {logging_mixin.py:188} INFO - Bắt đầu xử lý batch 20 mã: ['PPE', 'PPC', 'POW', 'POV', 'POT', 'POS', 'POM', 'POB', 'PNT', 'PNP', 'PNJ', 'PNG', 'PND', 'PNC', 'PMW', 'PMT', 'PMS', 'PMP', 'PMJ', 'PMG']
[2025-12-31T14:36:21.066+0000] {logging_mixin.py:188} INFO -  >> Đang lấy dữ liệu: PPE
[2025-12-31T14:36:21.380+0000] {logging_mixin.py:188} INFO -  Lỗi xử lý mã PPE: Failed to fetch data: 429 - Too Many Requests
[2025-12-31T14:36:21.382+0000] {logging_mixin.py:188} INFO -  >> Đang lấy dữ liệu: PPC
[2025-12-31T14:36:21.551+0000] {logging_mixin.py:188} INFO -  Lỗi xử lý mã PPC: Failed to fetch data: 429 - Too Many Requests
[2025-12-31T14:36:21.556+0000] {logging_mixin.py:188} INFO -  >> Đang lấy dữ liệu: POW
[2025-12-31T14:36:21.718+0000] {logging_mixin.py:188} INFO -  Lỗi xử lý mã POW: Failed to fetch data: 429 - Too Many Requests
[2025-12-31T14:36:21.720+0000] {logging_mixin.py:188} INFO -  >> Đang lấy dữ liệu: POV
[2025-12-31T14:36:21.885+0000] {logging_mixin.py:188} INFO -  Lỗi xử lý mã POV: Failed to fetch data: 429 - Too Many Requests
[2025-12-31T14:36:21.886+0000] {logging_mixin.py:188} INFO -  >> Đang lấy dữ liệu: POT
[2025-12-31T14:36:22.164+0000] {logging_mixin.py:188} INFO -  Lỗi xử lý mã POT: Failed to fetch data: 429 - Too Many Requests
[2025-12-31T14:36:22.168+0000] {logging_mixin.py:188} INFO -  >> Đang lấy dữ liệu: POS
[2025-12-31T14:36:22.538+0000] {logging_mixin.py:188} INFO -  Lỗi xử lý mã POS: Failed to fetch data: 429 - Too Many Requests
[2025-12-31T14:36:22.540+0000] {logging_mixin.py:188} INFO -  >> Đang lấy dữ liệu: POM
[2025-12-31T14:36:22.911+0000] {logging_mixin.py:188} INFO -  Lỗi xử lý mã POM: Failed to fetch data: 429 - Too Many Requests
[2025-12-31T14:36:22.915+0000] {logging_mixin.py:188} INFO -  >> Đang lấy dữ liệu: POB
[2025-12-31T14:36:23.375+0000] {logging_mixin.py:188} INFO -  Lỗi xử lý mã POB: Failed to fetch data: 429 - Too Many Requests
[2025-12-31T14:36:23.376+0000] {logging_mixin.py:188} INFO -  >> Đang lấy dữ liệu: PNT
[2025-12-31T14:36:23.830+0000] {logging_mixin.py:188} INFO -  Lỗi xử lý mã PNT: Failed to fetch data: 429 - Too Many Requests
[2025-12-31T14:36:23.832+0000] {logging_mixin.py:188} INFO -  >> Đang lấy dữ liệu: PNP
[2025-12-31T14:36:24.065+0000] {logging_mixin.py:188} INFO -  Lỗi xử lý mã PNP: Failed to fetch data: 429 - Too Many Requests
[2025-12-31T14:36:24.066+0000] {logging_mixin.py:188} INFO -  >> Đang lấy dữ liệu: PNJ
[2025-12-31T14:36:24.291+0000] {logging_mixin.py:188} INFO -  Lỗi xử lý mã PNJ: Failed to fetch data: 429 - Too Many Requests
[2025-12-31T14:36:24.303+0000] {logging_mixin.py:188} INFO -  >> Đang lấy dữ liệu: PNG
[2025-12-31T14:36:24.523+0000] {logging_mixin.py:188} INFO -  Lỗi xử lý mã PNG: Failed to fetch data: 429 - Too Many Requests
[2025-12-31T14:36:24.524+0000] {logging_mixin.py:188} INFO -  >> Đang lấy dữ liệu: PND
[2025-12-31T14:36:24.824+0000] {logging_mixin.py:188} INFO -  Lỗi xử lý mã PND: Failed to fetch data: 429 - Too Many Requests
[2025-12-31T14:36:24.825+0000] {logging_mixin.py:188} INFO -  >> Đang lấy dữ liệu: PNC
[2025-12-31T14:36:25.080+0000] {logging_mixin.py:188} INFO -  Lỗi xử lý mã PNC: Failed to fetch data: 429 - Too Many Requests
[2025-12-31T14:36:25.081+0000] {logging_mixin.py:188} INFO -  >> Đang lấy dữ liệu: PMW
[2025-12-31T14:36:25.454+0000] {logging_mixin.py:188} INFO -  Lỗi xử lý mã PMW: Failed to fetch data: 429 - Too Many Requests
[2025-12-31T14:36:25.455+0000] {logging_mixin.py:188} INFO -  >> Đang lấy dữ liệu: PMT
[2025-12-31T14:36:25.638+0000] {logging_mixin.py:188} INFO -  Lỗi xử lý mã PMT: Failed to fetch data: 429 - Too Many Requests
[2025-12-31T14:36:25.640+0000] {logging_mixin.py:188} INFO -  >> Đang lấy dữ liệu: PMS
[2025-12-31T14:36:25.985+0000] {logging_mixin.py:188} INFO -  Lỗi xử lý mã PMS: Failed to fetch data: 429 - Too Many Requests
[2025-12-31T14:36:25.994+0000] {logging_mixin.py:188} INFO -  >> Đang lấy dữ liệu: PMP
[2025-12-31T14:36:26.332+0000] {logging_mixin.py:188} INFO -  Lỗi xử lý mã PMP: Failed to fetch data: 429 - Too Many Requests
[2025-12-31T14:36:26.334+0000] {logging_mixin.py:188} INFO -  >> Đang lấy dữ liệu: PMJ
[2025-12-31T14:36:26.886+0000] {logging_mixin.py:188} INFO -  Lỗi xử lý mã PMJ: Failed to fetch data: 429 - Too Many Requests
[2025-12-31T14:36:26.887+0000] {logging_mixin.py:188} INFO -  >> Đang lấy dữ liệu: PMG
[2025-12-31T14:36:27.282+0000] {logging_mixin.py:188} INFO -  Lỗi xử lý mã PMG: Failed to fetch data: 429 - Too Many Requests
[2025-12-31T14:36:27.284+0000] {logging_mixin.py:188} INFO -  ⚠ Batch này không thu được dữ liệu nào.
[2025-12-31T14:36:27.288+0000] {datalake_df2csv.py:40} INFO - DataFrame rỗng, bỏ qua upload CSV.
[2025-12-31T14:36:27.289+0000] {taskinstance.py:441} INFO - ::group::Post task execution logs
[2025-12-31T14:36:27.304+0000] {taskinstance.py:1206} INFO - Marking task as SUCCESS. dag_id=thongtin_cty_bctc, task_id=ingest_bctc, run_id=scheduled__2025-12-30T00:00:00+00:00, map_index=33, execution_date=20251230T000000, start_date=20251231T143620, end_date=20251231T143627
[2025-12-31T14:36:27.373+0000] {local_task_job_runner.py:243} INFO - Task exited with return code 0
[2025-12-31T14:36:27.386+0000] {local_task_job_runner.py:222} INFO - ::endgroup::
