[2026-01-01T02:13:41.062+0000] {local_task_job_runner.py:120} INFO - ::group::Pre task execution logs
[2026-01-01T02:13:41.132+0000] {taskinstance.py:2076} INFO - Dependencies all met for dep_context=non-requeueable deps ti=<TaskInstance: thongtin_cty_bctc.ingest_overview scheduled__2025-12-31T00:00:00+00:00 map_index=145 [queued]>
[2026-01-01T02:13:41.245+0000] {taskinstance.py:2076} INFO - Dependencies all met for dep_context=requeueable deps ti=<TaskInstance: thongtin_cty_bctc.ingest_overview scheduled__2025-12-31T00:00:00+00:00 map_index=145 [queued]>
[2026-01-01T02:13:41.247+0000] {taskinstance.py:2306} INFO - Starting attempt 1 of 2
[2026-01-01T02:13:41.273+0000] {taskinstance.py:2330} INFO - Executing <Mapped(DfToCsvOperator): ingest_overview> on 2025-12-31 00:00:00+00:00
[2026-01-01T02:13:41.296+0000] {warnings.py:112} WARNING - This process (pid=4871) is multi-threaded, use of fork() may lead to deadlocks in the child.

[2026-01-01T02:13:41.302+0000] {standard_task_runner.py:64} INFO - Started process 4993 to run task
[2026-01-01T02:13:41.310+0000] {standard_task_runner.py:90} INFO - Running: ['***', 'tasks', 'run', 'thongtin_cty_bctc', 'ingest_overview', 'scheduled__2025-12-31T00:00:00+00:00', '--job-id', '1001', '--raw', '--subdir', 'DAGS_FOLDER/tt_cty_bctc.py', '--cfg-path', '/tmp/tmp9m43p60e', '--map-index', '145']
[2026-01-01T02:13:41.312+0000] {standard_task_runner.py:91} INFO - Job 1001: Subtask ingest_overview
[2026-01-01T02:13:41.416+0000] {task_command.py:426} INFO - Running <TaskInstance: thongtin_cty_bctc.ingest_overview scheduled__2025-12-31T00:00:00+00:00 map_index=145 [running]> on host 43b0a0f7606b
[2026-01-01T02:13:41.982+0000] {taskinstance.py:2648} INFO - Exporting env vars: AIRFLOW_CTX_DAG_OWNER='***' AIRFLOW_CTX_DAG_ID='thongtin_cty_bctc' AIRFLOW_CTX_TASK_ID='ingest_overview' AIRFLOW_CTX_EXECUTION_DATE='2025-12-31T00:00:00+00:00' AIRFLOW_CTX_TRY_NUMBER='1' AIRFLOW_CTX_DAG_RUN_ID='scheduled__2025-12-31T00:00:00+00:00'
[2026-01-01T02:13:41.984+0000] {taskinstance.py:430} INFO - ::endgroup::
[2026-01-01T02:13:42.462+0000] {logging_mixin.py:188} INFO - Err overview PCM: Failed to fetch data: 429 - Too Many Requests
[2026-01-01T02:13:42.621+0000] {logging_mixin.py:188} INFO - Err overview PCH: Failed to fetch data: 429 - Too Many Requests
[2026-01-01T02:13:42.800+0000] {logging_mixin.py:188} INFO - Err overview PCG: Failed to fetch data: 429 - Too Many Requests
[2026-01-01T02:13:42.958+0000] {logging_mixin.py:188} INFO - Err overview PCF: Failed to fetch data: 429 - Too Many Requests
[2026-01-01T02:13:43.190+0000] {logging_mixin.py:188} INFO - Err overview PCE: Failed to fetch data: 429 - Too Many Requests
[2026-01-01T02:13:43.198+0000] {datalake_df2csv.py:40} INFO - DataFrame rỗng, bỏ qua upload CSV.
[2026-01-01T02:13:43.199+0000] {taskinstance.py:441} INFO - ::group::Post task execution logs
[2026-01-01T02:13:43.232+0000] {taskinstance.py:1206} INFO - Marking task as SUCCESS. dag_id=thongtin_cty_bctc, task_id=ingest_overview, run_id=scheduled__2025-12-31T00:00:00+00:00, map_index=145, execution_date=20251231T000000, start_date=20260101T021341, end_date=20260101T021343
[2026-01-01T02:13:43.315+0000] {local_task_job_runner.py:243} INFO - Task exited with return code 0
[2026-01-01T02:13:43.331+0000] {local_task_job_runner.py:222} INFO - ::endgroup::
