[2026-01-12T15:26:44.148+0000] {local_task_job_runner.py:120} INFO - ::group::Pre task execution logs
[2026-01-12T15:26:44.237+0000] {taskinstance.py:2076} INFO - Dependencies all met for dep_context=non-requeueable deps ti=<TaskInstance: financial_ratios_etl.ingest_financial_ratios manual__2026-01-12T15:14:43+00:00 map_index=766 [queued]>
[2026-01-12T15:26:44.331+0000] {taskinstance.py:2076} INFO - Dependencies all met for dep_context=requeueable deps ti=<TaskInstance: financial_ratios_etl.ingest_financial_ratios manual__2026-01-12T15:14:43+00:00 map_index=766 [queued]>
[2026-01-12T15:26:44.332+0000] {taskinstance.py:2306} INFO - Starting attempt 1 of 2
[2026-01-12T15:26:44.438+0000] {taskinstance.py:2330} INFO - Executing <Mapped(DfToCsvOperator): ingest_financial_ratios> on 2026-01-12 15:14:43+00:00
[2026-01-12T15:26:44.456+0000] {warnings.py:112} WARNING - This process (pid=10102) is multi-threaded, use of fork() may lead to deadlocks in the child.

[2026-01-12T15:26:44.461+0000] {standard_task_runner.py:64} INFO - Started process 10169 to run task
[2026-01-12T15:26:44.465+0000] {standard_task_runner.py:90} INFO - Running: ['***', 'tasks', 'run', 'financial_ratios_etl', 'ingest_financial_ratios', 'manual__2026-01-12T15:14:43+00:00', '--job-id', '14471', '--raw', '--subdir', 'DAGS_FOLDER/financial_ratios_etl.py', '--cfg-path', '/tmp/tmp5gu9nyvi', '--map-index', '766']
[2026-01-12T15:26:44.472+0000] {standard_task_runner.py:91} INFO - Job 14471: Subtask ingest_financial_ratios
[2026-01-12T15:26:44.587+0000] {task_command.py:426} INFO - Running <TaskInstance: financial_ratios_etl.ingest_financial_ratios manual__2026-01-12T15:14:43+00:00 map_index=766 [running]> on host 5a20a797a43c
[2026-01-12T15:26:44.843+0000] {taskinstance.py:2648} INFO - Exporting env vars: AIRFLOW_CTX_DAG_OWNER='***' AIRFLOW_CTX_DAG_ID='financial_ratios_etl' AIRFLOW_CTX_TASK_ID='ingest_financial_ratios' AIRFLOW_CTX_EXECUTION_DATE='2026-01-12T15:14:43+00:00' AIRFLOW_CTX_TRY_NUMBER='1' AIRFLOW_CTX_DAG_RUN_ID='manual__2026-01-12T15:14:43+00:00'
[2026-01-12T15:26:44.845+0000] {taskinstance.py:430} INFO - ::endgroup::
[2026-01-12T15:26:44.863+0000] {logging_mixin.py:188} INFO - [RATIO] Bắt đầu xử lý batch 2 mã: ['CBS', 'CBI']
[2026-01-12T15:26:44.864+0000] {logging_mixin.py:188} INFO - [RATIO] Kỳ dữ liệu: quarter
[2026-01-12T15:26:44.864+0000] {logging_mixin.py:188} INFO -  >> [RATIO] Đang lấy dữ liệu: CBS
[2026-01-12T15:26:49.775+0000] {logging_mixin.py:188} INFO - ❌ Lỗi CBS: RetryError[<Future at 0x7f69183d8920 state=finished raised KeyError>]
[2026-01-12T15:26:49.778+0000] {logging_mixin.py:188} INFO -  ⚠️ [RATIO] CBS: No data from API
[2026-01-12T15:26:51.780+0000] {logging_mixin.py:188} INFO -  >> [RATIO] Đang lấy dữ liệu: CBI
[2026-01-12T15:26:52.721+0000] {logging_mixin.py:188} INFO -  ✓ [RATIO] CBI: 33 rows
[2026-01-12T15:26:54.723+0000] {logging_mixin.py:188} INFO -  ✅ [RATIO] Hoàn thành batch. Tổng số dòng: 33
[2026-01-12T15:26:54.757+0000] {base.py:84} INFO - Using connection ID 'minio_finance' for task execution.
[2026-01-12T15:26:54.758+0000] {connection_wrapper.py:384} INFO - AWS Connection (conn_id='minio_finance', conn_type='aws') credentials retrieved from login and password.
[2026-01-12T15:26:55.349+0000] {datalake_df2csv.py:52} INFO - ✅ Đã upload 33 dòng -> s3://thongtin-congty-va-bctc/financial_ratios/2026-01-12/batch_766.csv
[2026-01-12T15:26:55.354+0000] {taskinstance.py:441} INFO - ::group::Post task execution logs
[2026-01-12T15:26:55.370+0000] {taskinstance.py:1206} INFO - Marking task as SUCCESS. dag_id=financial_ratios_etl, task_id=ingest_financial_ratios, run_id=manual__2026-01-12T15:14:43+00:00, map_index=766, execution_date=20260112T151443, start_date=20260112T152644, end_date=20260112T152655
[2026-01-12T15:26:55.453+0000] {local_task_job_runner.py:243} INFO - Task exited with return code 0
[2026-01-12T15:26:55.474+0000] {taskinstance.py:3503} INFO - 0 downstream tasks scheduled from follow-on schedule check
[2026-01-12T15:26:55.477+0000] {local_task_job_runner.py:222} INFO - ::endgroup::
