[2026-01-11T03:52:53.955+0000] {local_task_job_runner.py:120} INFO - ::group::Pre task execution logs
[2026-01-11T03:52:53.997+0000] {taskinstance.py:2076} INFO - Dependencies all met for dep_context=non-requeueable deps ti=<TaskInstance: bctc.ingest_bctc manual__2026-01-11T03:52:02+00:00 map_index=30 [queued]>
[2026-01-11T03:52:54.019+0000] {taskinstance.py:2076} INFO - Dependencies all met for dep_context=requeueable deps ti=<TaskInstance: bctc.ingest_bctc manual__2026-01-11T03:52:02+00:00 map_index=30 [queued]>
[2026-01-11T03:52:54.019+0000] {taskinstance.py:2306} INFO - Starting attempt 1 of 2
[2026-01-11T03:52:54.038+0000] {taskinstance.py:2330} INFO - Executing <Mapped(DfToCsvOperator): ingest_bctc> on 2026-01-11 03:52:02+00:00
[2026-01-11T03:52:54.054+0000] {warnings.py:112} WARNING - This process (pid=441) is multi-threaded, use of fork() may lead to deadlocks in the child.

[2026-01-11T03:52:54.056+0000] {standard_task_runner.py:64} INFO - Started process 478 to run task
[2026-01-11T03:52:54.060+0000] {standard_task_runner.py:90} INFO - Running: ['***', 'tasks', 'run', 'bctc', 'ingest_bctc', 'manual__2026-01-11T03:52:02+00:00', '--job-id', '10125', '--raw', '--subdir', 'DAGS_FOLDER/tt_cty_bctc.py', '--cfg-path', '/tmp/tmpx0kfwv0v', '--map-index', '30']
[2026-01-11T03:52:54.062+0000] {standard_task_runner.py:91} INFO - Job 10125: Subtask ingest_bctc
[2026-01-11T03:52:54.120+0000] {task_command.py:426} INFO - Running <TaskInstance: bctc.ingest_bctc manual__2026-01-11T03:52:02+00:00 map_index=30 [running]> on host 3f2af93df813
[2026-01-11T03:52:54.244+0000] {taskinstance.py:2648} INFO - Exporting env vars: AIRFLOW_CTX_DAG_OWNER='***' AIRFLOW_CTX_DAG_ID='bctc' AIRFLOW_CTX_TASK_ID='ingest_bctc' AIRFLOW_CTX_EXECUTION_DATE='2026-01-11T03:52:02+00:00' AIRFLOW_CTX_TRY_NUMBER='1' AIRFLOW_CTX_DAG_RUN_ID='manual__2026-01-11T03:52:02+00:00'
[2026-01-11T03:52:54.247+0000] {taskinstance.py:430} INFO - ::endgroup::
[2026-01-11T03:52:54.261+0000] {logging_mixin.py:188} INFO - Bắt đầu xử lý batch 20 mã: ['PX1', 'PWS', 'PWA', 'PVY', 'PVX', 'PVV', 'PVT', 'PVS', 'PVR', 'PVP', 'PVO', 'PVM', 'PVL', 'PVI', 'PVH', 'PVG', 'PVE', 'PVD', 'PVC', 'PVB']
[2026-01-11T03:52:54.262+0000] {logging_mixin.py:188} INFO -  >> Đang lấy dữ liệu: PX1
[2026-01-11T03:52:55.180+0000] {logging_mixin.py:188} INFO -  Lỗi xử lý mã PX1: Failed to fetch data: 429 - Too Many Requests
[2026-01-11T03:52:55.182+0000] {logging_mixin.py:188} INFO -  >> Đang lấy dữ liệu: PWS
[2026-01-11T03:52:55.637+0000] {logging_mixin.py:188} INFO -  Lỗi xử lý mã PWS: Failed to fetch data: 429 - Too Many Requests
[2026-01-11T03:52:55.638+0000] {logging_mixin.py:188} INFO -  >> Đang lấy dữ liệu: PWA
[2026-01-11T03:52:57.076+0000] {logging_mixin.py:188} INFO -  Lỗi xử lý mã PWA: Failed to fetch data: 429 - Too Many Requests
[2026-01-11T03:52:57.078+0000] {logging_mixin.py:188} INFO -  >> Đang lấy dữ liệu: PVY
[2026-01-11T03:52:57.437+0000] {logging_mixin.py:188} INFO -  Lỗi xử lý mã PVY: Failed to fetch data: 429 - Too Many Requests
[2026-01-11T03:52:57.438+0000] {logging_mixin.py:188} INFO -  >> Đang lấy dữ liệu: PVX
[2026-01-11T03:52:57.709+0000] {logging_mixin.py:188} INFO -  Lỗi xử lý mã PVX: Failed to fetch data: 429 - Too Many Requests
[2026-01-11T03:52:57.715+0000] {logging_mixin.py:188} INFO -  >> Đang lấy dữ liệu: PVV
[2026-01-11T03:52:57.959+0000] {logging_mixin.py:188} INFO -  Lỗi xử lý mã PVV: Failed to fetch data: 429 - Too Many Requests
[2026-01-11T03:52:57.961+0000] {logging_mixin.py:188} INFO -  >> Đang lấy dữ liệu: PVT
[2026-01-11T03:52:58.084+0000] {logging_mixin.py:188} INFO -  Lỗi xử lý mã PVT: Failed to fetch data: 429 - Too Many Requests
[2026-01-11T03:52:58.086+0000] {logging_mixin.py:188} INFO -  >> Đang lấy dữ liệu: PVS
[2026-01-11T03:52:58.442+0000] {logging_mixin.py:188} INFO -  Lỗi xử lý mã PVS: Failed to fetch data: 429 - Too Many Requests
[2026-01-11T03:52:58.443+0000] {logging_mixin.py:188} INFO -  >> Đang lấy dữ liệu: PVR
[2026-01-11T03:52:58.617+0000] {logging_mixin.py:188} INFO -  Lỗi xử lý mã PVR: Failed to fetch data: 429 - Too Many Requests
[2026-01-11T03:52:58.618+0000] {logging_mixin.py:188} INFO -  >> Đang lấy dữ liệu: PVP
[2026-01-11T03:52:58.744+0000] {logging_mixin.py:188} INFO -  Lỗi xử lý mã PVP: Failed to fetch data: 429 - Too Many Requests
[2026-01-11T03:52:58.745+0000] {logging_mixin.py:188} INFO -  >> Đang lấy dữ liệu: PVO
[2026-01-11T03:52:58.886+0000] {logging_mixin.py:188} INFO -  Lỗi xử lý mã PVO: Failed to fetch data: 429 - Too Many Requests
[2026-01-11T03:52:58.888+0000] {logging_mixin.py:188} INFO -  >> Đang lấy dữ liệu: PVM
[2026-01-11T03:52:59.077+0000] {logging_mixin.py:188} INFO -  Lỗi xử lý mã PVM: Failed to fetch data: 429 - Too Many Requests
[2026-01-11T03:52:59.078+0000] {logging_mixin.py:188} INFO -  >> Đang lấy dữ liệu: PVL
[2026-01-11T03:52:59.313+0000] {logging_mixin.py:188} INFO -  Lỗi xử lý mã PVL: Failed to fetch data: 429 - Too Many Requests
[2026-01-11T03:52:59.314+0000] {logging_mixin.py:188} INFO -  >> Đang lấy dữ liệu: PVI
[2026-01-11T03:52:59.439+0000] {logging_mixin.py:188} INFO -  Lỗi xử lý mã PVI: Failed to fetch data: 429 - Too Many Requests
[2026-01-11T03:52:59.440+0000] {logging_mixin.py:188} INFO -  >> Đang lấy dữ liệu: PVH
[2026-01-11T03:52:59.569+0000] {logging_mixin.py:188} INFO -  Lỗi xử lý mã PVH: Failed to fetch data: 429 - Too Many Requests
[2026-01-11T03:52:59.570+0000] {logging_mixin.py:188} INFO -  >> Đang lấy dữ liệu: PVG
[2026-01-11T03:52:59.934+0000] {logging_mixin.py:188} INFO -  Lỗi xử lý mã PVG: Failed to fetch data: 429 - Too Many Requests
[2026-01-11T03:52:59.935+0000] {logging_mixin.py:188} INFO -  >> Đang lấy dữ liệu: PVE
[2026-01-11T03:53:00.125+0000] {logging_mixin.py:188} INFO -  Lỗi xử lý mã PVE: Failed to fetch data: 429 - Too Many Requests
[2026-01-11T03:53:00.126+0000] {logging_mixin.py:188} INFO -  >> Đang lấy dữ liệu: PVD
[2026-01-11T03:53:00.264+0000] {logging_mixin.py:188} INFO -  Lỗi xử lý mã PVD: Failed to fetch data: 429 - Too Many Requests
[2026-01-11T03:53:00.266+0000] {logging_mixin.py:188} INFO -  >> Đang lấy dữ liệu: PVC
[2026-01-11T03:53:00.980+0000] {logging_mixin.py:188} INFO -  Lỗi xử lý mã PVC: Failed to fetch data: 429 - Too Many Requests
[2026-01-11T03:53:00.982+0000] {logging_mixin.py:188} INFO -  >> Đang lấy dữ liệu: PVB
[2026-01-11T03:53:01.200+0000] {logging_mixin.py:188} INFO -  Lỗi xử lý mã PVB: Failed to fetch data: 429 - Too Many Requests
[2026-01-11T03:53:01.202+0000] {logging_mixin.py:188} INFO -  ⚠ Batch này không thu được dữ liệu nào.
[2026-01-11T03:53:01.702+0000] {datalake_df2csv.py:40} INFO - DataFrame rỗng, bỏ qua upload CSV.
[2026-01-11T03:53:01.705+0000] {taskinstance.py:441} INFO - ::group::Post task execution logs
[2026-01-11T03:53:01.726+0000] {taskinstance.py:1206} INFO - Marking task as SUCCESS. dag_id=bctc, task_id=ingest_bctc, run_id=manual__2026-01-11T03:52:02+00:00, map_index=30, execution_date=20260111T035202, start_date=20260111T035253, end_date=20260111T035301
[2026-01-11T03:53:01.801+0000] {local_task_job_runner.py:243} INFO - Task exited with return code 0
[2026-01-11T03:53:01.875+0000] {taskinstance.py:3503} INFO - 0 downstream tasks scheduled from follow-on schedule check
[2026-01-11T03:53:01.882+0000] {local_task_job_runner.py:222} INFO - ::endgroup::
