[2026-01-12T13:35:07.507+0000] {local_task_job_runner.py:120} INFO - ::group::Pre task execution logs
[2026-01-12T13:35:07.525+0000] {taskinstance.py:2076} INFO - Dependencies all met for dep_context=non-requeueable deps ti=<TaskInstance: company_people_to_minio.ingest_people manual__2026-01-12T13:29:01.549010+00:00 map_index=66 [queued]>
[2026-01-12T13:35:07.536+0000] {taskinstance.py:2076} INFO - Dependencies all met for dep_context=requeueable deps ti=<TaskInstance: company_people_to_minio.ingest_people manual__2026-01-12T13:29:01.549010+00:00 map_index=66 [queued]>
[2026-01-12T13:35:07.536+0000] {taskinstance.py:2306} INFO - Starting attempt 1 of 2
[2026-01-12T13:35:07.549+0000] {taskinstance.py:2330} INFO - Executing <Mapped(DfToCsvOperator): ingest_people> on 2026-01-12 13:29:01.549010+00:00
[2026-01-12T13:35:07.560+0000] {warnings.py:112} WARNING - This process (pid=2508) is multi-threaded, use of fork() may lead to deadlocks in the child.

[2026-01-12T13:35:07.561+0000] {standard_task_runner.py:64} INFO - Started process 2518 to run task
[2026-01-12T13:35:07.563+0000] {standard_task_runner.py:90} INFO - Running: ['***', 'tasks', 'run', 'company_people_to_minio', 'ingest_people', 'manual__2026-01-12T13:29:01.549010+00:00', '--job-id', '10885', '--raw', '--subdir', 'DAGS_FOLDER/company_people_to_minio.py', '--cfg-path', '/tmp/tmp9yparxc5', '--map-index', '66']
[2026-01-12T13:35:07.566+0000] {standard_task_runner.py:91} INFO - Job 10885: Subtask ingest_people
[2026-01-12T13:35:07.603+0000] {task_command.py:426} INFO - Running <TaskInstance: company_people_to_minio.ingest_people manual__2026-01-12T13:29:01.549010+00:00 map_index=66 [running]> on host 5a20a797a43c
[2026-01-12T13:35:07.690+0000] {taskinstance.py:2648} INFO - Exporting env vars: AIRFLOW_CTX_DAG_OWNER='***' AIRFLOW_CTX_DAG_ID='company_people_to_minio' AIRFLOW_CTX_TASK_ID='ingest_people' AIRFLOW_CTX_EXECUTION_DATE='2026-01-12T13:29:01.549010+00:00' AIRFLOW_CTX_TRY_NUMBER='1' AIRFLOW_CTX_DAG_RUN_ID='manual__2026-01-12T13:29:01.549010+00:00'
[2026-01-12T13:35:07.691+0000] {taskinstance.py:430} INFO - ::endgroup::
[2026-01-12T13:35:13.108+0000] {logging_mixin.py:188} INFO - officers DSH: RetryError[<Future at 0x7fef4c3af680 state=finished raised KeyError>]
[2026-01-12T13:35:20.770+0000] {logging_mixin.py:188} INFO - officers DSD: RetryError[<Future at 0x7fef4c4210d0 state=finished raised KeyError>]
[2026-01-12T13:35:40.076+0000] {base.py:84} INFO - Using connection ID 'minio_finance' for task execution.
[2026-01-12T13:35:40.077+0000] {connection_wrapper.py:384} INFO - AWS Connection (conn_id='minio_finance', conn_type='aws') credentials retrieved from login and password.
[2026-01-12T13:35:40.539+0000] {datalake_df2csv.py:52} INFO - ✅ Đã upload 673 dòng -> s3://thongtin-congty-va-bctc/people/date=2026-01-12/batch_66.csv
[2026-01-12T13:35:40.540+0000] {taskinstance.py:441} INFO - ::group::Post task execution logs
[2026-01-12T13:35:40.550+0000] {taskinstance.py:1206} INFO - Marking task as SUCCESS. dag_id=company_people_to_minio, task_id=ingest_people, run_id=manual__2026-01-12T13:29:01.549010+00:00, map_index=66, execution_date=20260112T132901, start_date=20260112T133507, end_date=20260112T133540
[2026-01-12T13:35:40.611+0000] {local_task_job_runner.py:243} INFO - Task exited with return code 0
[2026-01-12T13:35:40.640+0000] {taskinstance.py:3503} INFO - 0 downstream tasks scheduled from follow-on schedule check
[2026-01-12T13:35:40.642+0000] {local_task_job_runner.py:222} INFO - ::endgroup::
