[2026-01-01T03:07:13.671+0000] {local_task_job_runner.py:120} INFO - ::group::Pre task execution logs
[2026-01-01T03:07:13.710+0000] {taskinstance.py:2076} INFO - Dependencies all met for dep_context=non-requeueable deps ti=<TaskInstance: thongtin_cty_bctc.ingest_bctc manual__2026-01-01T02:57:59+00:00 map_index=15 [queued]>
[2026-01-01T03:07:13.740+0000] {taskinstance.py:2076} INFO - Dependencies all met for dep_context=requeueable deps ti=<TaskInstance: thongtin_cty_bctc.ingest_bctc manual__2026-01-01T02:57:59+00:00 map_index=15 [queued]>
[2026-01-01T03:07:13.741+0000] {taskinstance.py:2306} INFO - Starting attempt 1 of 2
[2026-01-01T03:07:13.764+0000] {taskinstance.py:2330} INFO - Executing <Mapped(DfToCsvOperator): ingest_bctc> on 2026-01-01 02:57:59+00:00
[2026-01-01T03:07:13.792+0000] {warnings.py:112} WARNING - This process (pid=31722) is multi-threaded, use of fork() may lead to deadlocks in the child.

[2026-01-01T03:07:13.794+0000] {standard_task_runner.py:64} INFO - Started process 31834 to run task
[2026-01-01T03:07:13.800+0000] {standard_task_runner.py:90} INFO - Running: ['***', 'tasks', 'run', 'thongtin_cty_bctc', 'ingest_bctc', 'manual__2026-01-01T02:57:59+00:00', '--job-id', '3387', '--raw', '--subdir', 'DAGS_FOLDER/tt_cty_bctc.py', '--cfg-path', '/tmp/tmpji8lryle', '--map-index', '15']
[2026-01-01T03:07:13.803+0000] {standard_task_runner.py:91} INFO - Job 3387: Subtask ingest_bctc
[2026-01-01T03:07:13.888+0000] {task_command.py:426} INFO - Running <TaskInstance: thongtin_cty_bctc.ingest_bctc manual__2026-01-01T02:57:59+00:00 map_index=15 [running]> on host 43b0a0f7606b
[2026-01-01T03:07:14.104+0000] {taskinstance.py:2648} INFO - Exporting env vars: AIRFLOW_CTX_DAG_OWNER='***' AIRFLOW_CTX_DAG_ID='thongtin_cty_bctc' AIRFLOW_CTX_TASK_ID='ingest_bctc' AIRFLOW_CTX_EXECUTION_DATE='2026-01-01T02:57:59+00:00' AIRFLOW_CTX_TRY_NUMBER='1' AIRFLOW_CTX_DAG_RUN_ID='manual__2026-01-01T02:57:59+00:00'
[2026-01-01T03:07:14.113+0000] {taskinstance.py:430} INFO - ::endgroup::
[2026-01-01T03:07:14.132+0000] {logging_mixin.py:188} INFO - Bắt đầu xử lý batch 3 mã: ['VGC', 'GVR', 'HAG']
[2026-01-01T03:07:14.133+0000] {logging_mixin.py:188} INFO -  >> Đang lấy dữ liệu: VGC
[2026-01-01T03:07:14.323+0000] {logging_mixin.py:188} INFO -  Lỗi xử lý mã VGC: Failed to fetch data: 429 - Too Many Requests
[2026-01-01T03:07:14.324+0000] {logging_mixin.py:188} INFO -  >> Đang lấy dữ liệu: GVR
[2026-01-01T03:07:14.468+0000] {logging_mixin.py:188} INFO -  Lỗi xử lý mã GVR: Failed to fetch data: 429 - Too Many Requests
[2026-01-01T03:07:14.471+0000] {logging_mixin.py:188} INFO -  >> Đang lấy dữ liệu: HAG
[2026-01-01T03:07:14.622+0000] {logging_mixin.py:188} INFO -  Lỗi xử lý mã HAG: Failed to fetch data: 429 - Too Many Requests
[2026-01-01T03:07:14.623+0000] {logging_mixin.py:188} INFO -  ⚠ Batch này không thu được dữ liệu nào.
[2026-01-01T03:07:14.629+0000] {datalake_df2csv.py:40} INFO - DataFrame rỗng, bỏ qua upload CSV.
[2026-01-01T03:07:14.630+0000] {taskinstance.py:441} INFO - ::group::Post task execution logs
[2026-01-01T03:07:14.678+0000] {taskinstance.py:1206} INFO - Marking task as SUCCESS. dag_id=thongtin_cty_bctc, task_id=ingest_bctc, run_id=manual__2026-01-01T02:57:59+00:00, map_index=15, execution_date=20260101T025759, start_date=20260101T030713, end_date=20260101T030714
[2026-01-01T03:07:14.762+0000] {local_task_job_runner.py:243} INFO - Task exited with return code 0
[2026-01-01T03:07:14.834+0000] {taskinstance.py:3503} INFO - 0 downstream tasks scheduled from follow-on schedule check
[2026-01-01T03:07:14.844+0000] {local_task_job_runner.py:222} INFO - ::endgroup::
