[2026-01-01T02:58:20.217+0000] {local_task_job_runner.py:120} INFO - ::group::Pre task execution logs
[2026-01-01T02:58:20.336+0000] {taskinstance.py:2076} INFO - Dependencies all met for dep_context=non-requeueable deps ti=<TaskInstance: thongtin_cty_bctc.ingest_overview scheduled__2025-12-30T00:00:00+00:00 map_index=8 [queued]>
[2026-01-01T02:58:20.382+0000] {taskinstance.py:2076} INFO - Dependencies all met for dep_context=requeueable deps ti=<TaskInstance: thongtin_cty_bctc.ingest_overview scheduled__2025-12-30T00:00:00+00:00 map_index=8 [queued]>
[2026-01-01T02:58:20.383+0000] {taskinstance.py:2306} INFO - Starting attempt 4 of 5
[2026-01-01T02:58:20.404+0000] {taskinstance.py:2330} INFO - Executing <Mapped(DfToCsvOperator): ingest_overview> on 2025-12-30 00:00:00+00:00
[2026-01-01T02:58:20.418+0000] {warnings.py:112} WARNING - This process (pid=20502) is multi-threaded, use of fork() may lead to deadlocks in the child.

[2026-01-01T02:58:20.420+0000] {standard_task_runner.py:64} INFO - Started process 20615 to run task
[2026-01-01T02:58:20.444+0000] {standard_task_runner.py:90} INFO - Running: ['***', 'tasks', 'run', 'thongtin_cty_bctc', 'ingest_overview', 'scheduled__2025-12-30T00:00:00+00:00', '--job-id', '2376', '--raw', '--subdir', 'DAGS_FOLDER/tt_cty_bctc.py', '--cfg-path', '/tmp/tmplsbjmq9n', '--map-index', '8']
[2026-01-01T02:58:20.453+0000] {standard_task_runner.py:91} INFO - Job 2376: Subtask ingest_overview
[2026-01-01T02:58:20.618+0000] {task_command.py:426} INFO - Running <TaskInstance: thongtin_cty_bctc.ingest_overview scheduled__2025-12-30T00:00:00+00:00 map_index=8 [running]> on host 43b0a0f7606b
[2026-01-01T02:58:20.877+0000] {taskinstance.py:2648} INFO - Exporting env vars: AIRFLOW_CTX_DAG_OWNER='***' AIRFLOW_CTX_DAG_ID='thongtin_cty_bctc' AIRFLOW_CTX_TASK_ID='ingest_overview' AIRFLOW_CTX_EXECUTION_DATE='2025-12-30T00:00:00+00:00' AIRFLOW_CTX_TRY_NUMBER='4' AIRFLOW_CTX_DAG_RUN_ID='scheduled__2025-12-30T00:00:00+00:00'
[2026-01-01T02:58:20.878+0000] {taskinstance.py:430} INFO - ::endgroup::
[2026-01-01T02:58:21.099+0000] {logging_mixin.py:188} INFO - Err overview DXG: Failed to fetch data: 429 - Too Many Requests
[2026-01-01T02:58:22.287+0000] {logging_mixin.py:188} INFO - Err overview KBC: Failed to fetch data: 429 - Too Many Requests
[2026-01-01T02:58:23.496+0000] {logging_mixin.py:188} INFO - Err overview NLG: Failed to fetch data: 429 - Too Many Requests
[2026-01-01T02:58:24.506+0000] {datalake_df2csv.py:40} INFO - DataFrame rỗng, bỏ qua upload CSV.
[2026-01-01T02:58:24.507+0000] {taskinstance.py:441} INFO - ::group::Post task execution logs
[2026-01-01T02:58:24.522+0000] {taskinstance.py:1206} INFO - Marking task as SUCCESS. dag_id=thongtin_cty_bctc, task_id=ingest_overview, run_id=scheduled__2025-12-30T00:00:00+00:00, map_index=8, execution_date=20251230T000000, start_date=20260101T025820, end_date=20260101T025824
[2026-01-01T02:58:24.578+0000] {local_task_job_runner.py:243} INFO - Task exited with return code 0
[2026-01-01T02:58:24.624+0000] {taskinstance.py:3503} INFO - 0 downstream tasks scheduled from follow-on schedule check
[2026-01-01T02:58:24.630+0000] {local_task_job_runner.py:222} INFO - ::endgroup::
