[2026-01-01T08:55:10.472+0000] {local_task_job_runner.py:120} INFO - ::group::Pre task execution logs
[2026-01-01T08:55:10.518+0000] {taskinstance.py:2076} INFO - Dependencies all met for dep_context=non-requeueable deps ti=<TaskInstance: thongtin_cty_bctc.ingest_bctc manual__2026-01-01T00:00:00+00:00 map_index=56 [queued]>
[2026-01-01T08:55:10.545+0000] {taskinstance.py:2076} INFO - Dependencies all met for dep_context=requeueable deps ti=<TaskInstance: thongtin_cty_bctc.ingest_bctc manual__2026-01-01T00:00:00+00:00 map_index=56 [queued]>
[2026-01-01T08:55:10.546+0000] {taskinstance.py:2306} INFO - Starting attempt 1 of 2
[2026-01-01T08:55:10.568+0000] {taskinstance.py:2330} INFO - Executing <Mapped(DfToCsvOperator): ingest_bctc> on 2026-01-01 00:00:00+00:00
[2026-01-01T08:55:10.579+0000] {warnings.py:112} WARNING - This process (pid=2719) is multi-threaded, use of fork() may lead to deadlocks in the child.

[2026-01-01T08:55:10.581+0000] {standard_task_runner.py:64} INFO - Started process 2818 to run task
[2026-01-01T08:55:10.584+0000] {standard_task_runner.py:90} INFO - Running: ['***', 'tasks', 'run', 'thongtin_cty_bctc', 'ingest_bctc', 'manual__2026-01-01T00:00:00+00:00', '--job-id', '4009', '--raw', '--subdir', 'DAGS_FOLDER/tt_cty_bctc.py', '--cfg-path', '/tmp/tmpc6l1j28v', '--map-index', '56']
[2026-01-01T08:55:10.586+0000] {standard_task_runner.py:91} INFO - Job 4009: Subtask ingest_bctc
[2026-01-01T08:55:10.664+0000] {task_command.py:426} INFO - Running <TaskInstance: thongtin_cty_bctc.ingest_bctc manual__2026-01-01T00:00:00+00:00 map_index=56 [running]> on host b455963a0603
[2026-01-01T08:55:10.843+0000] {taskinstance.py:2648} INFO - Exporting env vars: AIRFLOW_CTX_DAG_OWNER='***' AIRFLOW_CTX_DAG_ID='thongtin_cty_bctc' AIRFLOW_CTX_TASK_ID='ingest_bctc' AIRFLOW_CTX_EXECUTION_DATE='2026-01-01T00:00:00+00:00' AIRFLOW_CTX_TRY_NUMBER='1' AIRFLOW_CTX_DAG_RUN_ID='manual__2026-01-01T00:00:00+00:00'
[2026-01-01T08:55:10.846+0000] {taskinstance.py:430} INFO - ::endgroup::
[2026-01-01T08:55:10.857+0000] {logging_mixin.py:188} INFO - Bắt đầu xử lý batch 3 mã: ['VDG', 'VDB', 'VCX']
[2026-01-01T08:55:10.858+0000] {logging_mixin.py:188} INFO -  >> Đang lấy dữ liệu: VDG
[2026-01-01T08:55:16.069+0000] {logging_mixin.py:188} INFO - ❌ Lỗi income_statement: RetryError[<Future at 0x7f266efd7fe0 state=finished raised KeyError>]
[2026-01-01T08:55:20.770+0000] {logging_mixin.py:188} INFO - ❌ Lỗi balance_sheet: RetryError[<Future at 0x7f266ef936b0 state=finished raised KeyError>]
[2026-01-01T08:55:25.919+0000] {logging_mixin.py:188} INFO - ❌ Lỗi cash_flow: RetryError[<Future at 0x7f266ee0e120 state=finished raised KeyError>]
[2026-01-01T08:55:26.921+0000] {logging_mixin.py:188} INFO -  >> Đang lấy dữ liệu: VDB
[2026-01-01T08:55:32.072+0000] {logging_mixin.py:188} INFO - ❌ Lỗi income_statement: RetryError[<Future at 0x7f266ee0f4d0 state=finished raised KeyError>]
[2026-01-01T08:55:36.578+0000] {logging_mixin.py:188} INFO - ❌ Lỗi balance_sheet: RetryError[<Future at 0x7f266ee0c8c0 state=finished raised KeyError>]
[2026-01-01T08:55:41.181+0000] {logging_mixin.py:188} INFO - ❌ Lỗi cash_flow: RetryError[<Future at 0x7f266ee0c590 state=finished raised KeyError>]
[2026-01-01T08:55:42.183+0000] {logging_mixin.py:188} INFO -  >> Đang lấy dữ liệu: VCX
[2026-01-01T08:55:45.553+0000] {logging_mixin.py:188} INFO -  ✓ Hoàn thành batch. Tổng số dòng: 4312
[2026-01-01T08:55:45.613+0000] {base.py:84} INFO - Using connection ID 'minio_finance' for task execution.
[2026-01-01T08:55:45.614+0000] {connection_wrapper.py:384} INFO - AWS Connection (conn_id='minio_finance', conn_type='aws') credentials retrieved from login and password.
[2026-01-01T08:55:46.331+0000] {datalake_df2csv.py:53} INFO - ✅ Đã upload 4312 dòng -> s3://thongtin-congty-va-bctc/bctc/2026-01-01/batch_56.csv
[2026-01-01T08:55:46.333+0000] {taskinstance.py:441} INFO - ::group::Post task execution logs
[2026-01-01T08:55:46.344+0000] {taskinstance.py:1206} INFO - Marking task as SUCCESS. dag_id=thongtin_cty_bctc, task_id=ingest_bctc, run_id=manual__2026-01-01T00:00:00+00:00, map_index=56, execution_date=20260101T000000, start_date=20260101T085510, end_date=20260101T085546
[2026-01-01T08:55:46.411+0000] {local_task_job_runner.py:243} INFO - Task exited with return code 0
[2026-01-01T08:55:46.422+0000] {local_task_job_runner.py:222} INFO - ::endgroup::
