[2026-01-01T09:11:39.602+0000] {local_task_job_runner.py:120} INFO - ::group::Pre task execution logs
[2026-01-01T09:11:39.674+0000] {taskinstance.py:2076} INFO - Dependencies all met for dep_context=non-requeueable deps ti=<TaskInstance: thongtin_cty_bctc.ingest_overview scheduled__2025-12-30T00:00:00+00:00 map_index=142 [queued]>
[2026-01-01T09:11:39.724+0000] {taskinstance.py:2076} INFO - Dependencies all met for dep_context=requeueable deps ti=<TaskInstance: thongtin_cty_bctc.ingest_overview scheduled__2025-12-30T00:00:00+00:00 map_index=142 [queued]>
[2026-01-01T09:11:39.725+0000] {taskinstance.py:2306} INFO - Starting attempt 1 of 2
[2026-01-01T09:11:39.744+0000] {taskinstance.py:2330} INFO - Executing <Mapped(DfToCsvOperator): ingest_overview> on 2025-12-30 00:00:00+00:00
[2026-01-01T09:11:39.756+0000] {warnings.py:112} WARNING - This process (pid=13885) is multi-threaded, use of fork() may lead to deadlocks in the child.

[2026-01-01T09:11:39.758+0000] {standard_task_runner.py:64} INFO - Started process 13939 to run task
[2026-01-01T09:11:39.761+0000] {standard_task_runner.py:90} INFO - Running: ['***', 'tasks', 'run', 'thongtin_cty_bctc', 'ingest_overview', 'scheduled__2025-12-30T00:00:00+00:00', '--job-id', '4852', '--raw', '--subdir', 'DAGS_FOLDER/tt_cty_bctc.py', '--cfg-path', '/tmp/tmp0jjjhal6', '--map-index', '142']
[2026-01-01T09:11:39.763+0000] {standard_task_runner.py:91} INFO - Job 4852: Subtask ingest_overview
[2026-01-01T09:11:39.829+0000] {task_command.py:426} INFO - Running <TaskInstance: thongtin_cty_bctc.ingest_overview scheduled__2025-12-30T00:00:00+00:00 map_index=142 [running]> on host b455963a0603
[2026-01-01T09:11:39.980+0000] {taskinstance.py:2648} INFO - Exporting env vars: AIRFLOW_CTX_DAG_OWNER='***' AIRFLOW_CTX_DAG_ID='thongtin_cty_bctc' AIRFLOW_CTX_TASK_ID='ingest_overview' AIRFLOW_CTX_EXECUTION_DATE='2025-12-30T00:00:00+00:00' AIRFLOW_CTX_TRY_NUMBER='1' AIRFLOW_CTX_DAG_RUN_ID='scheduled__2025-12-30T00:00:00+00:00'
[2026-01-01T09:11:39.981+0000] {taskinstance.py:430} INFO - ::endgroup::
[2026-01-01T09:11:40.208+0000] {warnings.py:112} WARNING - DataFrame.applymap has been deprecated. Use DataFrame.map instead.

[2026-01-01T09:11:41.439+0000] {warnings.py:112} WARNING - DataFrame.applymap has been deprecated. Use DataFrame.map instead.

[2026-01-01T09:11:42.668+0000] {warnings.py:112} WARNING - DataFrame.applymap has been deprecated. Use DataFrame.map instead.

[2026-01-01T09:11:43.703+0000] {base.py:84} INFO - Using connection ID 'minio_finance' for task execution.
[2026-01-01T09:11:43.705+0000] {connection_wrapper.py:384} INFO - AWS Connection (conn_id='minio_finance', conn_type='aws') credentials retrieved from login and password.
[2026-01-01T09:11:44.612+0000] {datalake_df2csv.py:53} INFO - ✅ Đã upload 3 dòng -> s3://thongtin-congty-va-bctc/overview/2025-12-30/batch_142.csv
[2026-01-01T09:11:44.613+0000] {taskinstance.py:441} INFO - ::group::Post task execution logs
[2026-01-01T09:11:44.625+0000] {taskinstance.py:1206} INFO - Marking task as SUCCESS. dag_id=thongtin_cty_bctc, task_id=ingest_overview, run_id=scheduled__2025-12-30T00:00:00+00:00, map_index=142, execution_date=20251230T000000, start_date=20260101T091139, end_date=20260101T091144
[2026-01-01T09:11:44.707+0000] {local_task_job_runner.py:243} INFO - Task exited with return code 0
[2026-01-01T09:11:44.717+0000] {local_task_job_runner.py:222} INFO - ::endgroup::
