[2026-01-01T02:16:41.949+0000] {local_task_job_runner.py:120} INFO - ::group::Pre task execution logs
[2026-01-01T02:16:42.043+0000] {taskinstance.py:2076} INFO - Dependencies all met for dep_context=non-requeueable deps ti=<TaskInstance: thongtin_cty_bctc.ingest_bctc scheduled__2025-12-31T00:00:00+00:00 map_index=225 [queued]>
[2026-01-01T02:16:42.473+0000] {taskinstance.py:2076} INFO - Dependencies all met for dep_context=requeueable deps ti=<TaskInstance: thongtin_cty_bctc.ingest_bctc scheduled__2025-12-31T00:00:00+00:00 map_index=225 [queued]>
[2026-01-01T02:16:42.474+0000] {taskinstance.py:2306} INFO - Starting attempt 1 of 2
[2026-01-01T02:16:42.553+0000] {taskinstance.py:2330} INFO - Executing <Mapped(DfToCsvOperator): ingest_bctc> on 2025-12-31 00:00:00+00:00
[2026-01-01T02:16:42.590+0000] {warnings.py:112} WARNING - This process (pid=8235) is multi-threaded, use of fork() may lead to deadlocks in the child.

[2026-01-01T02:16:42.592+0000] {standard_task_runner.py:64} INFO - Started process 8382 to run task
[2026-01-01T02:16:42.607+0000] {standard_task_runner.py:90} INFO - Running: ['***', 'tasks', 'run', 'thongtin_cty_bctc', 'ingest_bctc', 'scheduled__2025-12-31T00:00:00+00:00', '--job-id', '1306', '--raw', '--subdir', 'DAGS_FOLDER/tt_cty_bctc.py', '--cfg-path', '/tmp/tmpkyi7ve59', '--map-index', '225']
[2026-01-01T02:16:42.610+0000] {standard_task_runner.py:91} INFO - Job 1306: Subtask ingest_bctc
[2026-01-01T02:16:42.757+0000] {task_command.py:426} INFO - Running <TaskInstance: thongtin_cty_bctc.ingest_bctc scheduled__2025-12-31T00:00:00+00:00 map_index=225 [running]> on host 43b0a0f7606b
[2026-01-01T02:16:42.965+0000] {taskinstance.py:2648} INFO - Exporting env vars: AIRFLOW_CTX_DAG_OWNER='***' AIRFLOW_CTX_DAG_ID='thongtin_cty_bctc' AIRFLOW_CTX_TASK_ID='ingest_bctc' AIRFLOW_CTX_EXECUTION_DATE='2025-12-31T00:00:00+00:00' AIRFLOW_CTX_TRY_NUMBER='1' AIRFLOW_CTX_DAG_RUN_ID='scheduled__2025-12-31T00:00:00+00:00'
[2026-01-01T02:16:42.968+0000] {taskinstance.py:430} INFO - ::endgroup::
[2026-01-01T02:16:42.988+0000] {logging_mixin.py:188} INFO - Bắt đầu xử lý batch 5 mã: ['HIO', 'HII', 'HIG', 'HID', 'HHV']
[2026-01-01T02:16:42.989+0000] {logging_mixin.py:188} INFO -  >> Đang lấy dữ liệu: HIO
[2026-01-01T02:16:43.243+0000] {logging_mixin.py:188} INFO -  Lỗi xử lý mã HIO: Failed to fetch data: 429 - Too Many Requests
[2026-01-01T02:16:43.244+0000] {logging_mixin.py:188} INFO -  >> Đang lấy dữ liệu: HII
[2026-01-01T02:16:43.604+0000] {logging_mixin.py:188} INFO -  Lỗi xử lý mã HII: Failed to fetch data: 429 - Too Many Requests
[2026-01-01T02:16:43.605+0000] {logging_mixin.py:188} INFO -  >> Đang lấy dữ liệu: HIG
[2026-01-01T02:16:43.747+0000] {logging_mixin.py:188} INFO -  Lỗi xử lý mã HIG: Failed to fetch data: 429 - Too Many Requests
[2026-01-01T02:16:43.749+0000] {logging_mixin.py:188} INFO -  >> Đang lấy dữ liệu: HID
[2026-01-01T02:16:43.885+0000] {logging_mixin.py:188} INFO -  Lỗi xử lý mã HID: Failed to fetch data: 429 - Too Many Requests
[2026-01-01T02:16:43.887+0000] {logging_mixin.py:188} INFO -  >> Đang lấy dữ liệu: HHV
[2026-01-01T02:16:44.006+0000] {logging_mixin.py:188} INFO -  Lỗi xử lý mã HHV: Failed to fetch data: 429 - Too Many Requests
[2026-01-01T02:16:44.007+0000] {logging_mixin.py:188} INFO -  ⚠ Batch này không thu được dữ liệu nào.
[2026-01-01T02:16:44.012+0000] {datalake_df2csv.py:40} INFO - DataFrame rỗng, bỏ qua upload CSV.
[2026-01-01T02:16:44.013+0000] {taskinstance.py:441} INFO - ::group::Post task execution logs
[2026-01-01T02:16:44.028+0000] {taskinstance.py:1206} INFO - Marking task as SUCCESS. dag_id=thongtin_cty_bctc, task_id=ingest_bctc, run_id=scheduled__2025-12-31T00:00:00+00:00, map_index=225, execution_date=20251231T000000, start_date=20260101T021642, end_date=20260101T021644
[2026-01-01T02:16:44.096+0000] {local_task_job_runner.py:243} INFO - Task exited with return code 0
[2026-01-01T02:16:44.120+0000] {taskinstance.py:3503} INFO - 0 downstream tasks scheduled from follow-on schedule check
[2026-01-01T02:16:44.123+0000] {local_task_job_runner.py:222} INFO - ::endgroup::
