[2026-01-01T02:16:49.347+0000] {local_task_job_runner.py:120} INFO - ::group::Pre task execution logs
[2026-01-01T02:16:49.451+0000] {taskinstance.py:2076} INFO - Dependencies all met for dep_context=non-requeueable deps ti=<TaskInstance: thongtin_cty_bctc.ingest_overview scheduled__2025-12-31T00:00:00+00:00 map_index=232 [queued]>
[2026-01-01T02:16:49.805+0000] {taskinstance.py:2076} INFO - Dependencies all met for dep_context=requeueable deps ti=<TaskInstance: thongtin_cty_bctc.ingest_overview scheduled__2025-12-31T00:00:00+00:00 map_index=232 [queued]>
[2026-01-01T02:16:49.807+0000] {taskinstance.py:2306} INFO - Starting attempt 1 of 2
[2026-01-01T02:16:49.836+0000] {taskinstance.py:2330} INFO - Executing <Mapped(DfToCsvOperator): ingest_overview> on 2025-12-31 00:00:00+00:00
[2026-01-01T02:16:49.854+0000] {warnings.py:112} WARNING - This process (pid=8417) is multi-threaded, use of fork() may lead to deadlocks in the child.

[2026-01-01T02:16:49.856+0000] {standard_task_runner.py:64} INFO - Started process 8548 to run task
[2026-01-01T02:16:49.864+0000] {standard_task_runner.py:90} INFO - Running: ['***', 'tasks', 'run', 'thongtin_cty_bctc', 'ingest_overview', 'scheduled__2025-12-31T00:00:00+00:00', '--job-id', '1323', '--raw', '--subdir', 'DAGS_FOLDER/tt_cty_bctc.py', '--cfg-path', '/tmp/tmpbo0h7r5w', '--map-index', '232']
[2026-01-01T02:16:49.877+0000] {standard_task_runner.py:91} INFO - Job 1323: Subtask ingest_overview
[2026-01-01T02:16:49.966+0000] {task_command.py:426} INFO - Running <TaskInstance: thongtin_cty_bctc.ingest_overview scheduled__2025-12-31T00:00:00+00:00 map_index=232 [running]> on host 43b0a0f7606b
[2026-01-01T02:16:50.149+0000] {taskinstance.py:2648} INFO - Exporting env vars: AIRFLOW_CTX_DAG_OWNER='***' AIRFLOW_CTX_DAG_ID='thongtin_cty_bctc' AIRFLOW_CTX_TASK_ID='ingest_overview' AIRFLOW_CTX_EXECUTION_DATE='2025-12-31T00:00:00+00:00' AIRFLOW_CTX_TRY_NUMBER='1' AIRFLOW_CTX_DAG_RUN_ID='scheduled__2025-12-31T00:00:00+00:00'
[2026-01-01T02:16:50.153+0000] {taskinstance.py:430} INFO - ::endgroup::
[2026-01-01T02:16:50.343+0000] {logging_mixin.py:188} INFO - Err overview HDA: Failed to fetch data: 429 - Too Many Requests
[2026-01-01T02:16:50.565+0000] {logging_mixin.py:188} INFO - Err overview HD8: Failed to fetch data: 429 - Too Many Requests
[2026-01-01T02:16:50.691+0000] {logging_mixin.py:188} INFO - Err overview HD6: Failed to fetch data: 429 - Too Many Requests
[2026-01-01T02:16:50.819+0000] {logging_mixin.py:188} INFO - Err overview HD2: Failed to fetch data: 429 - Too Many Requests
[2026-01-01T02:16:50.936+0000] {logging_mixin.py:188} INFO - Err overview HCT: Failed to fetch data: 429 - Too Many Requests
[2026-01-01T02:16:50.941+0000] {datalake_df2csv.py:40} INFO - DataFrame rỗng, bỏ qua upload CSV.
[2026-01-01T02:16:50.942+0000] {taskinstance.py:441} INFO - ::group::Post task execution logs
[2026-01-01T02:16:50.955+0000] {taskinstance.py:1206} INFO - Marking task as SUCCESS. dag_id=thongtin_cty_bctc, task_id=ingest_overview, run_id=scheduled__2025-12-31T00:00:00+00:00, map_index=232, execution_date=20251231T000000, start_date=20260101T021649, end_date=20260101T021650
[2026-01-01T02:16:51.015+0000] {local_task_job_runner.py:243} INFO - Task exited with return code 0
[2026-01-01T02:16:51.040+0000] {taskinstance.py:3503} INFO - 0 downstream tasks scheduled from follow-on schedule check
[2026-01-01T02:16:51.047+0000] {local_task_job_runner.py:222} INFO - ::endgroup::
