[2026-01-01T02:15:45.242+0000] {local_task_job_runner.py:120} INFO - ::group::Pre task execution logs
[2026-01-01T02:15:45.358+0000] {taskinstance.py:2076} INFO - Dependencies all met for dep_context=non-requeueable deps ti=<TaskInstance: thongtin_cty_bctc.ingest_overview scheduled__2025-12-31T00:00:00+00:00 map_index=191 [queued]>
[2026-01-01T02:15:45.465+0000] {taskinstance.py:2076} INFO - Dependencies all met for dep_context=requeueable deps ti=<TaskInstance: thongtin_cty_bctc.ingest_overview scheduled__2025-12-31T00:00:00+00:00 map_index=191 [queued]>
[2026-01-01T02:15:45.467+0000] {taskinstance.py:2306} INFO - Starting attempt 1 of 2
[2026-01-01T02:15:45.825+0000] {taskinstance.py:2330} INFO - Executing <Mapped(DfToCsvOperator): ingest_overview> on 2025-12-31 00:00:00+00:00
[2026-01-01T02:15:45.849+0000] {warnings.py:112} WARNING - This process (pid=7089) is multi-threaded, use of fork() may lead to deadlocks in the child.

[2026-01-01T02:15:45.852+0000] {standard_task_runner.py:64} INFO - Started process 7211 to run task
[2026-01-01T02:15:45.854+0000] {standard_task_runner.py:90} INFO - Running: ['***', 'tasks', 'run', 'thongtin_cty_bctc', 'ingest_overview', 'scheduled__2025-12-31T00:00:00+00:00', '--job-id', '1203', '--raw', '--subdir', 'DAGS_FOLDER/tt_cty_bctc.py', '--cfg-path', '/tmp/tmpyyn3zvjx', '--map-index', '191']
[2026-01-01T02:15:45.862+0000] {standard_task_runner.py:91} INFO - Job 1203: Subtask ingest_overview
[2026-01-01T02:15:46.002+0000] {task_command.py:426} INFO - Running <TaskInstance: thongtin_cty_bctc.ingest_overview scheduled__2025-12-31T00:00:00+00:00 map_index=191 [running]> on host 43b0a0f7606b
[2026-01-01T02:15:46.273+0000] {taskinstance.py:2648} INFO - Exporting env vars: AIRFLOW_CTX_DAG_OWNER='***' AIRFLOW_CTX_DAG_ID='thongtin_cty_bctc' AIRFLOW_CTX_TASK_ID='ingest_overview' AIRFLOW_CTX_EXECUTION_DATE='2025-12-31T00:00:00+00:00' AIRFLOW_CTX_TRY_NUMBER='1' AIRFLOW_CTX_DAG_RUN_ID='scheduled__2025-12-31T00:00:00+00:00'
[2026-01-01T02:15:46.276+0000] {taskinstance.py:430} INFO - ::endgroup::
[2026-01-01T02:15:46.704+0000] {logging_mixin.py:188} INFO - Err overview L12: Failed to fetch data: 429 - Too Many Requests
[2026-01-01T02:15:46.853+0000] {logging_mixin.py:188} INFO - Err overview L10: Failed to fetch data: 429 - Too Many Requests
[2026-01-01T02:15:46.989+0000] {logging_mixin.py:188} INFO - Err overview KWA: Failed to fetch data: 429 - Too Many Requests
[2026-01-01T02:15:47.125+0000] {logging_mixin.py:188} INFO - Err overview KVC: Failed to fetch data: 429 - Too Many Requests
[2026-01-01T02:15:47.262+0000] {logging_mixin.py:188} INFO - Err overview KTW: Failed to fetch data: 429 - Too Many Requests
[2026-01-01T02:15:47.267+0000] {datalake_df2csv.py:40} INFO - DataFrame rỗng, bỏ qua upload CSV.
[2026-01-01T02:15:47.268+0000] {taskinstance.py:441} INFO - ::group::Post task execution logs
[2026-01-01T02:15:47.285+0000] {taskinstance.py:1206} INFO - Marking task as SUCCESS. dag_id=thongtin_cty_bctc, task_id=ingest_overview, run_id=scheduled__2025-12-31T00:00:00+00:00, map_index=191, execution_date=20251231T000000, start_date=20260101T021545, end_date=20260101T021547
[2026-01-01T02:15:47.330+0000] {local_task_job_runner.py:243} INFO - Task exited with return code 0
[2026-01-01T02:15:47.363+0000] {taskinstance.py:3503} INFO - 0 downstream tasks scheduled from follow-on schedule check
[2026-01-01T02:15:47.367+0000] {local_task_job_runner.py:222} INFO - ::endgroup::
