[2026-01-01T09:12:57.117+0000] {local_task_job_runner.py:120} INFO - ::group::Pre task execution logs
[2026-01-01T09:12:57.192+0000] {taskinstance.py:2076} INFO - Dependencies all met for dep_context=non-requeueable deps ti=<TaskInstance: thongtin_cty_bctc.ingest_overview scheduled__2025-12-30T00:00:00+00:00 map_index=163 [queued]>
[2026-01-01T09:12:57.266+0000] {taskinstance.py:2076} INFO - Dependencies all met for dep_context=requeueable deps ti=<TaskInstance: thongtin_cty_bctc.ingest_overview scheduled__2025-12-30T00:00:00+00:00 map_index=163 [queued]>
[2026-01-01T09:12:57.267+0000] {taskinstance.py:2306} INFO - Starting attempt 1 of 2
[2026-01-01T09:12:57.297+0000] {taskinstance.py:2330} INFO - Executing <Mapped(DfToCsvOperator): ingest_overview> on 2025-12-30 00:00:00+00:00
[2026-01-01T09:12:57.312+0000] {warnings.py:112} WARNING - This process (pid=14722) is multi-threaded, use of fork() may lead to deadlocks in the child.

[2026-01-01T09:12:57.314+0000] {standard_task_runner.py:64} INFO - Started process 14849 to run task
[2026-01-01T09:12:57.316+0000] {standard_task_runner.py:90} INFO - Running: ['***', 'tasks', 'run', 'thongtin_cty_bctc', 'ingest_overview', 'scheduled__2025-12-30T00:00:00+00:00', '--job-id', '4922', '--raw', '--subdir', 'DAGS_FOLDER/tt_cty_bctc.py', '--cfg-path', '/tmp/tmpomayh7ck', '--map-index', '163']
[2026-01-01T09:12:57.318+0000] {standard_task_runner.py:91} INFO - Job 4922: Subtask ingest_overview
[2026-01-01T09:12:57.376+0000] {task_command.py:426} INFO - Running <TaskInstance: thongtin_cty_bctc.ingest_overview scheduled__2025-12-30T00:00:00+00:00 map_index=163 [running]> on host b455963a0603
[2026-01-01T09:12:57.498+0000] {taskinstance.py:2648} INFO - Exporting env vars: AIRFLOW_CTX_DAG_OWNER='***' AIRFLOW_CTX_DAG_ID='thongtin_cty_bctc' AIRFLOW_CTX_TASK_ID='ingest_overview' AIRFLOW_CTX_EXECUTION_DATE='2025-12-30T00:00:00+00:00' AIRFLOW_CTX_TRY_NUMBER='1' AIRFLOW_CTX_DAG_RUN_ID='scheduled__2025-12-30T00:00:00+00:00'
[2026-01-01T09:12:57.499+0000] {taskinstance.py:430} INFO - ::endgroup::
[2026-01-01T09:12:57.702+0000] {warnings.py:112} WARNING - DataFrame.applymap has been deprecated. Use DataFrame.map instead.

[2026-01-01T09:12:59.006+0000] {warnings.py:112} WARNING - DataFrame.applymap has been deprecated. Use DataFrame.map instead.

[2026-01-01T09:13:00.239+0000] {warnings.py:112} WARNING - DataFrame.applymap has been deprecated. Use DataFrame.map instead.

[2026-01-01T09:13:01.283+0000] {base.py:84} INFO - Using connection ID 'minio_finance' for task execution.
[2026-01-01T09:13:01.285+0000] {connection_wrapper.py:384} INFO - AWS Connection (conn_id='minio_finance', conn_type='aws') credentials retrieved from login and password.
[2026-01-01T09:13:02.627+0000] {datalake_df2csv.py:53} INFO - ✅ Đã upload 3 dòng -> s3://thongtin-congty-va-bctc/overview/2025-12-30/batch_163.csv
[2026-01-01T09:13:02.630+0000] {taskinstance.py:441} INFO - ::group::Post task execution logs
[2026-01-01T09:13:02.649+0000] {taskinstance.py:1206} INFO - Marking task as SUCCESS. dag_id=thongtin_cty_bctc, task_id=ingest_overview, run_id=scheduled__2025-12-30T00:00:00+00:00, map_index=163, execution_date=20251230T000000, start_date=20260101T091257, end_date=20260101T091302
[2026-01-01T09:13:04.144+0000] {local_task_job_runner.py:243} INFO - Task exited with return code 0
[2026-01-01T09:13:04.300+0000] {local_task_job_runner.py:222} INFO - ::endgroup::
