[2026-01-12T13:58:17.453+0000] {local_task_job_runner.py:120} INFO - ::group::Pre task execution logs
[2026-01-12T13:58:17.527+0000] {taskinstance.py:2076} INFO - Dependencies all met for dep_context=non-requeueable deps ti=<TaskInstance: daily_price_minio.ingest_daily_price manual__2026-01-12T13:47:34.140161+00:00 map_index=298 [queued]>
[2026-01-12T13:58:17.586+0000] {taskinstance.py:2076} INFO - Dependencies all met for dep_context=requeueable deps ti=<TaskInstance: daily_price_minio.ingest_daily_price manual__2026-01-12T13:47:34.140161+00:00 map_index=298 [queued]>
[2026-01-12T13:58:17.587+0000] {taskinstance.py:2306} INFO - Starting attempt 1 of 2
[2026-01-12T13:58:17.614+0000] {taskinstance.py:2330} INFO - Executing <Mapped(DfToCsvOperator): ingest_daily_price> on 2026-01-12 13:47:34.140161+00:00
[2026-01-12T13:58:17.631+0000] {warnings.py:112} WARNING - This process (pid=19407) is multi-threaded, use of fork() may lead to deadlocks in the child.

[2026-01-12T13:58:17.633+0000] {standard_task_runner.py:64} INFO - Started process 19532 to run task
[2026-01-12T13:58:17.637+0000] {standard_task_runner.py:90} INFO - Running: ['***', 'tasks', 'run', 'daily_price_minio', 'ingest_daily_price', 'manual__2026-01-12T13:47:34.140161+00:00', '--job-id', '12265', '--raw', '--subdir', 'DAGS_FOLDER/daily_price_minio.py', '--cfg-path', '/tmp/tmps_hq48sf', '--map-index', '298']
[2026-01-12T13:58:17.642+0000] {standard_task_runner.py:91} INFO - Job 12265: Subtask ingest_daily_price
[2026-01-12T13:58:17.722+0000] {task_command.py:426} INFO - Running <TaskInstance: daily_price_minio.ingest_daily_price manual__2026-01-12T13:47:34.140161+00:00 map_index=298 [running]> on host 5a20a797a43c
[2026-01-12T13:58:17.875+0000] {taskinstance.py:2648} INFO - Exporting env vars: AIRFLOW_CTX_DAG_OWNER='***' AIRFLOW_CTX_DAG_ID='daily_price_minio' AIRFLOW_CTX_TASK_ID='ingest_daily_price' AIRFLOW_CTX_EXECUTION_DATE='2026-01-12T13:47:34.140161+00:00' AIRFLOW_CTX_TRY_NUMBER='1' AIRFLOW_CTX_DAG_RUN_ID='manual__2026-01-12T13:47:34.140161+00:00'
[2026-01-12T13:58:17.877+0000] {taskinstance.py:430} INFO - ::endgroup::
[2026-01-12T13:58:21.666+0000] {base.py:84} INFO - Using connection ID 'minio_finance' for task execution.
[2026-01-12T13:58:21.670+0000] {connection_wrapper.py:384} INFO - AWS Connection (conn_id='minio_finance', conn_type='aws') credentials retrieved from login and password.
[2026-01-12T13:58:24.220+0000] {datalake_df2csv.py:52} INFO - ✅ Đã upload 15 dòng -> s3://thongtinn-congty-va-bctc/daily_price/2026-01-12/batch_298.csv
[2026-01-12T13:58:24.222+0000] {taskinstance.py:441} INFO - ::group::Post task execution logs
[2026-01-12T13:58:24.246+0000] {taskinstance.py:1206} INFO - Marking task as SUCCESS. dag_id=daily_price_minio, task_id=ingest_daily_price, run_id=manual__2026-01-12T13:47:34.140161+00:00, map_index=298, execution_date=20260112T134734, start_date=20260112T135817, end_date=20260112T135824
[2026-01-12T13:58:24.379+0000] {local_task_job_runner.py:243} INFO - Task exited with return code 0
[2026-01-12T13:58:24.429+0000] {taskinstance.py:3503} INFO - 0 downstream tasks scheduled from follow-on schedule check
[2026-01-12T13:58:24.445+0000] {local_task_job_runner.py:222} INFO - ::endgroup::
