[2026-01-10T15:18:00.810+0000] {local_task_job_runner.py:120} INFO - ::group::Pre task execution logs
[2026-01-10T15:18:01.180+0000] {taskinstance.py:2076} INFO - Dependencies all met for dep_context=non-requeueable deps ti=<TaskInstance: thongtin_cty_bctc.ingest_bctc scheduled__2025-12-30T00:00:00+00:00 map_index=462 [queued]>
[2026-01-10T15:18:01.326+0000] {taskinstance.py:2076} INFO - Dependencies all met for dep_context=requeueable deps ti=<TaskInstance: thongtin_cty_bctc.ingest_bctc scheduled__2025-12-30T00:00:00+00:00 map_index=462 [queued]>
[2026-01-10T15:18:01.327+0000] {taskinstance.py:2306} INFO - Starting attempt 1 of 2
[2026-01-10T15:18:01.356+0000] {taskinstance.py:2330} INFO - Executing <Mapped(DfToCsvOperator): ingest_bctc> on 2025-12-30 00:00:00+00:00
[2026-01-10T15:18:01.375+0000] {warnings.py:112} WARNING - This process (pid=10586) is multi-threaded, use of fork() may lead to deadlocks in the child.

[2026-01-10T15:18:01.377+0000] {standard_task_runner.py:64} INFO - Started process 10635 to run task
[2026-01-10T15:18:01.380+0000] {standard_task_runner.py:90} INFO - Running: ['***', 'tasks', 'run', 'thongtin_cty_bctc', 'ingest_bctc', 'scheduled__2025-12-30T00:00:00+00:00', '--job-id', '9489', '--raw', '--subdir', 'DAGS_FOLDER/tt_cty_bctc.py', '--cfg-path', '/tmp/tmpsyr1iuzl', '--map-index', '462']
[2026-01-10T15:18:01.383+0000] {standard_task_runner.py:91} INFO - Job 9489: Subtask ingest_bctc
[2026-01-10T15:18:01.458+0000] {task_command.py:426} INFO - Running <TaskInstance: thongtin_cty_bctc.ingest_bctc scheduled__2025-12-30T00:00:00+00:00 map_index=462 [running]> on host c44bcb92a951
[2026-01-10T15:18:01.637+0000] {taskinstance.py:2648} INFO - Exporting env vars: AIRFLOW_CTX_DAG_OWNER='***' AIRFLOW_CTX_DAG_ID='thongtin_cty_bctc' AIRFLOW_CTX_TASK_ID='ingest_bctc' AIRFLOW_CTX_EXECUTION_DATE='2025-12-30T00:00:00+00:00' AIRFLOW_CTX_TRY_NUMBER='1' AIRFLOW_CTX_DAG_RUN_ID='scheduled__2025-12-30T00:00:00+00:00'
[2026-01-10T15:18:01.639+0000] {taskinstance.py:430} INFO - ::endgroup::
[2026-01-10T15:18:01.649+0000] {logging_mixin.py:188} INFO - Bắt đầu xử lý batch 3 mã: ['DGT', 'DGC', 'DFF']
[2026-01-10T15:18:01.650+0000] {logging_mixin.py:188} INFO -  >> Đang lấy dữ liệu: DGT
[2026-01-10T15:18:05.262+0000] {logging_mixin.py:188} INFO -  >> Đang lấy dữ liệu: DGC
[2026-01-10T15:18:08.934+0000] {logging_mixin.py:188} INFO -  >> Đang lấy dữ liệu: DFF
[2026-01-10T15:18:12.483+0000] {logging_mixin.py:188} INFO -  ✓ Hoàn thành batch. Tổng số dòng: 7903
[2026-01-10T15:18:12.543+0000] {base.py:84} INFO - Using connection ID 'minio_finance' for task execution.
[2026-01-10T15:18:12.544+0000] {connection_wrapper.py:384} INFO - AWS Connection (conn_id='minio_finance', conn_type='aws') credentials retrieved from login and password.
[2026-01-10T15:18:13.078+0000] {datalake_df2csv.py:52} INFO - ✅ Đã upload 7903 dòng -> s3://thongtin-congty-va-bctc/bctc/2025-12-30/batch_462.csv
[2026-01-10T15:18:13.080+0000] {taskinstance.py:441} INFO - ::group::Post task execution logs
[2026-01-10T15:18:13.090+0000] {taskinstance.py:1206} INFO - Marking task as SUCCESS. dag_id=thongtin_cty_bctc, task_id=ingest_bctc, run_id=scheduled__2025-12-30T00:00:00+00:00, map_index=462, execution_date=20251230T000000, start_date=20260110T151801, end_date=20260110T151813
[2026-01-10T15:18:14.577+0000] {local_task_job_runner.py:243} INFO - Task exited with return code 0
[2026-01-10T15:18:14.702+0000] {taskinstance.py:3503} INFO - 0 downstream tasks scheduled from follow-on schedule check
[2026-01-10T15:18:14.705+0000] {local_task_job_runner.py:222} INFO - ::endgroup::
