[2026-01-01T02:11:19.611+0000] {local_task_job_runner.py:120} INFO - ::group::Pre task execution logs
[2026-01-01T02:11:19.671+0000] {taskinstance.py:2076} INFO - Dependencies all met for dep_context=non-requeueable deps ti=<TaskInstance: thongtin_cty_bctc.ingest_overview scheduled__2025-12-31T00:00:00+00:00 map_index=59 [queued]>
[2026-01-01T02:11:19.721+0000] {taskinstance.py:2076} INFO - Dependencies all met for dep_context=requeueable deps ti=<TaskInstance: thongtin_cty_bctc.ingest_overview scheduled__2025-12-31T00:00:00+00:00 map_index=59 [queued]>
[2026-01-01T02:11:19.722+0000] {taskinstance.py:2306} INFO - Starting attempt 1 of 2
[2026-01-01T02:11:19.767+0000] {taskinstance.py:2330} INFO - Executing <Mapped(DfToCsvOperator): ingest_overview> on 2025-12-31 00:00:00+00:00
[2026-01-01T02:11:19.788+0000] {warnings.py:112} WARNING - This process (pid=2012) is multi-threaded, use of fork() may lead to deadlocks in the child.

[2026-01-01T02:11:19.796+0000] {standard_task_runner.py:64} INFO - Started process 2153 to run task
[2026-01-01T02:11:19.800+0000] {standard_task_runner.py:90} INFO - Running: ['***', 'tasks', 'run', 'thongtin_cty_bctc', 'ingest_overview', 'scheduled__2025-12-31T00:00:00+00:00', '--job-id', '748', '--raw', '--subdir', 'DAGS_FOLDER/tt_cty_bctc.py', '--cfg-path', '/tmp/tmpuqhjrmwr', '--map-index', '59']
[2026-01-01T02:11:19.806+0000] {standard_task_runner.py:91} INFO - Job 748: Subtask ingest_overview
[2026-01-01T02:11:19.935+0000] {task_command.py:426} INFO - Running <TaskInstance: thongtin_cty_bctc.ingest_overview scheduled__2025-12-31T00:00:00+00:00 map_index=59 [running]> on host 43b0a0f7606b
[2026-01-01T02:11:20.185+0000] {taskinstance.py:2648} INFO - Exporting env vars: AIRFLOW_CTX_DAG_OWNER='***' AIRFLOW_CTX_DAG_ID='thongtin_cty_bctc' AIRFLOW_CTX_TASK_ID='ingest_overview' AIRFLOW_CTX_EXECUTION_DATE='2025-12-31T00:00:00+00:00' AIRFLOW_CTX_TRY_NUMBER='1' AIRFLOW_CTX_DAG_RUN_ID='scheduled__2025-12-31T00:00:00+00:00'
[2026-01-01T02:11:20.187+0000] {taskinstance.py:430} INFO - ::endgroup::
[2026-01-01T02:11:20.356+0000] {logging_mixin.py:188} INFO - Err overview TMW: Failed to fetch data: 429 - Too Many Requests
[2026-01-01T02:11:20.506+0000] {logging_mixin.py:188} INFO - Err overview TMT: Failed to fetch data: 429 - Too Many Requests
[2026-01-01T02:11:20.647+0000] {logging_mixin.py:188} INFO - Err overview TMS: Failed to fetch data: 429 - Too Many Requests
[2026-01-01T02:11:20.792+0000] {logging_mixin.py:188} INFO - Err overview TMP: Failed to fetch data: 429 - Too Many Requests
[2026-01-01T02:11:20.942+0000] {logging_mixin.py:188} INFO - Err overview TMG: Failed to fetch data: 429 - Too Many Requests
[2026-01-01T02:11:20.952+0000] {datalake_df2csv.py:40} INFO - DataFrame rỗng, bỏ qua upload CSV.
[2026-01-01T02:11:20.954+0000] {taskinstance.py:441} INFO - ::group::Post task execution logs
[2026-01-01T02:11:20.980+0000] {taskinstance.py:1206} INFO - Marking task as SUCCESS. dag_id=thongtin_cty_bctc, task_id=ingest_overview, run_id=scheduled__2025-12-31T00:00:00+00:00, map_index=59, execution_date=20251231T000000, start_date=20260101T021119, end_date=20260101T021120
[2026-01-01T02:11:21.034+0000] {local_task_job_runner.py:243} INFO - Task exited with return code 0
[2026-01-01T02:11:21.081+0000] {local_task_job_runner.py:222} INFO - ::endgroup::
