[2026-01-11T04:34:10.636+0000] {local_task_job_runner.py:120} INFO - ::group::Pre task execution logs
[2026-01-11T04:34:10.669+0000] {taskinstance.py:2076} INFO - Dependencies all met for dep_context=non-requeueable deps ti=<TaskInstance: bctc.ingest_bctc manual__2026-01-11T04:06:44+00:00 map_index=80 [queued]>
[2026-01-11T04:34:10.685+0000] {taskinstance.py:2076} INFO - Dependencies all met for dep_context=requeueable deps ti=<TaskInstance: bctc.ingest_bctc manual__2026-01-11T04:06:44+00:00 map_index=80 [queued]>
[2026-01-11T04:34:10.686+0000] {taskinstance.py:2306} INFO - Starting attempt 1 of 2
[2026-01-11T04:34:10.701+0000] {taskinstance.py:2330} INFO - Executing <Mapped(DfToCsvOperator): ingest_bctc> on 2026-01-11 04:06:44+00:00
[2026-01-11T04:34:10.712+0000] {warnings.py:112} WARNING - This process (pid=5722) is multi-threaded, use of fork() may lead to deadlocks in the child.

[2026-01-11T04:34:10.714+0000] {standard_task_runner.py:64} INFO - Started process 5786 to run task
[2026-01-11T04:34:10.716+0000] {standard_task_runner.py:90} INFO - Running: ['***', 'tasks', 'run', 'bctc', 'ingest_bctc', 'manual__2026-01-11T04:06:44+00:00', '--job-id', '10373', '--raw', '--subdir', 'DAGS_FOLDER/tt_cty_bctc.py', '--cfg-path', '/tmp/tmpse75kcga', '--map-index', '80']
[2026-01-11T04:34:10.717+0000] {standard_task_runner.py:91} INFO - Job 10373: Subtask ingest_bctc
[2026-01-11T04:34:10.764+0000] {task_command.py:426} INFO - Running <TaskInstance: bctc.ingest_bctc manual__2026-01-11T04:06:44+00:00 map_index=80 [running]> on host 3f2af93df813
[2026-01-11T04:34:11.072+0000] {taskinstance.py:2648} INFO - Exporting env vars: AIRFLOW_CTX_DAG_OWNER='***' AIRFLOW_CTX_DAG_ID='bctc' AIRFLOW_CTX_TASK_ID='ingest_bctc' AIRFLOW_CTX_EXECUTION_DATE='2026-01-11T04:06:44+00:00' AIRFLOW_CTX_TRY_NUMBER='1' AIRFLOW_CTX_DAG_RUN_ID='manual__2026-01-11T04:06:44+00:00'
[2026-01-11T04:34:11.073+0000] {taskinstance.py:430} INFO - ::endgroup::
[2026-01-11T04:34:11.081+0000] {logging_mixin.py:188} INFO - Bắt đầu xử lý batch 20 mã: ['BMK', 'BMJ', 'BMI', 'BMG', 'BMF', 'BMD', 'BMC', 'BLW', 'BLU', 'BLT', 'BLN', 'BLI', 'BLF', 'BKH', 'BKG', 'BKC', 'BIO', 'BII', 'BIG', 'BID']
[2026-01-11T04:34:11.081+0000] {logging_mixin.py:188} INFO -  >> Đang lấy dữ liệu: BMK
[2026-01-11T04:34:11.503+0000] {logging_mixin.py:188} INFO -  Lỗi xử lý mã BMK: Failed to fetch data: 429 - Too Many Requests
[2026-01-11T04:34:11.504+0000] {logging_mixin.py:188} INFO -  >> Đang lấy dữ liệu: BMJ
[2026-01-11T04:34:19.738+0000] {logging_mixin.py:188} INFO -  >> Đang lấy dữ liệu: BMI
[2026-01-11T04:34:19.955+0000] {logging_mixin.py:188} INFO -  Lỗi xử lý mã BMI: Failed to fetch data: 429 - Too Many Requests
[2026-01-11T04:34:19.956+0000] {logging_mixin.py:188} INFO -  >> Đang lấy dữ liệu: BMG
[2026-01-11T04:34:20.292+0000] {logging_mixin.py:188} INFO -  Lỗi xử lý mã BMG: Failed to fetch data: 429 - Too Many Requests
[2026-01-11T04:34:20.293+0000] {logging_mixin.py:188} INFO -  >> Đang lấy dữ liệu: BMF
[2026-01-11T04:34:31.283+0000] {logging_mixin.py:188} INFO - ❌ Lỗi balance_sheet: RetryError[<Future at 0x7f49d49ce270 state=finished raised ConnectionError>]
[2026-01-11T04:34:36.684+0000] {logging_mixin.py:188} INFO -  >> Đang lấy dữ liệu: BMD
[2026-01-11T04:34:36.788+0000] {logging_mixin.py:188} INFO -  Lỗi xử lý mã BMD: Failed to fetch data: 429 - Too Many Requests
[2026-01-11T04:34:36.790+0000] {logging_mixin.py:188} INFO -  >> Đang lấy dữ liệu: BMC
[2026-01-11T04:34:37.038+0000] {logging_mixin.py:188} INFO -  Lỗi xử lý mã BMC: Failed to fetch data: 429 - Too Many Requests
[2026-01-11T04:34:37.039+0000] {logging_mixin.py:188} INFO -  >> Đang lấy dữ liệu: BLW
[2026-01-11T04:34:47.324+0000] {logging_mixin.py:188} INFO -  >> Đang lấy dữ liệu: BLU
[2026-01-11T04:34:52.271+0000] {logging_mixin.py:188} INFO - ❌ Lỗi income_statement: RetryError[<Future at 0x7f49d4bb76b0 state=finished raised KeyError>]
[2026-01-11T04:34:58.251+0000] {logging_mixin.py:188} INFO - ❌ Lỗi balance_sheet: RetryError[<Future at 0x7f49d4bb5fa0 state=finished raised KeyError>]
[2026-01-11T04:35:04.760+0000] {logging_mixin.py:188} INFO - ❌ Lỗi cash_flow: RetryError[<Future at 0x7f49d4bb55e0 state=finished raised KeyError>]
[2026-01-11T04:35:08.262+0000] {logging_mixin.py:188} INFO -  >> Đang lấy dữ liệu: BLT
[2026-01-11T04:35:08.364+0000] {logging_mixin.py:188} INFO -  Lỗi xử lý mã BLT: Failed to fetch data: 429 - Too Many Requests
[2026-01-11T04:35:08.365+0000] {logging_mixin.py:188} INFO -  >> Đang lấy dữ liệu: BLN
[2026-01-11T04:35:15.590+0000] {logging_mixin.py:188} INFO - ❌ Lỗi income_statement: RetryError[<Future at 0x7f49ffe03b00 state=finished raised KeyError>]
[2026-01-11T04:35:21.502+0000] {logging_mixin.py:188} INFO - ❌ Lỗi balance_sheet: RetryError[<Future at 0x7f49d49cdbe0 state=finished raised ConnectionError>]
[2026-01-11T04:35:27.403+0000] {logging_mixin.py:188} INFO - ❌ Lỗi cash_flow: RetryError[<Future at 0x7f49d49cf350 state=finished raised KeyError>]
[2026-01-11T04:35:30.904+0000] {logging_mixin.py:188} INFO -  >> Đang lấy dữ liệu: BLI
[2026-01-11T04:35:39.131+0000] {logging_mixin.py:188} INFO -  >> Đang lấy dữ liệu: BLF
[2026-01-11T04:35:50.272+0000] {logging_mixin.py:188} INFO -  >> Đang lấy dữ liệu: BKH
[2026-01-11T04:35:55.125+0000] {logging_mixin.py:188} INFO - ❌ Lỗi income_statement: RetryError[<Future at 0x7f49d4cc9520 state=finished raised KeyError>]
[2026-01-11T04:36:01.173+0000] {logging_mixin.py:188} INFO - ❌ Lỗi balance_sheet: RetryError[<Future at 0x7f49d4ccb260 state=finished raised KeyError>]
[2026-01-11T04:36:07.082+0000] {logging_mixin.py:188} INFO - ❌ Lỗi cash_flow: RetryError[<Future at 0x7f49d4cc8b30 state=finished raised KeyError>]
[2026-01-11T04:36:10.584+0000] {logging_mixin.py:188} INFO -  >> Đang lấy dữ liệu: BKG
[2026-01-11T04:36:10.690+0000] {logging_mixin.py:188} INFO -  Lỗi xử lý mã BKG: Failed to fetch data: 429 - Too Many Requests
[2026-01-11T04:36:10.692+0000] {logging_mixin.py:188} INFO -  >> Đang lấy dữ liệu: BKC
[2026-01-11T04:36:22.250+0000] {logging_mixin.py:188} INFO - ❌ Lỗi cash_flow: RetryError[<Future at 0x7f49d4cf15e0 state=finished raised ConnectionError>]
[2026-01-11T04:36:25.750+0000] {logging_mixin.py:188} INFO -  >> Đang lấy dữ liệu: BIO
[2026-01-11T04:36:30.668+0000] {logging_mixin.py:188} INFO - ❌ Lỗi income_statement: RetryError[<Future at 0x7f49d4bcede0 state=finished raised KeyError>]
[2026-01-11T04:36:36.545+0000] {logging_mixin.py:188} INFO - ❌ Lỗi balance_sheet: RetryError[<Future at 0x7f49d4b67080 state=finished raised ConnectionError>]
[2026-01-11T04:36:42.510+0000] {logging_mixin.py:188} INFO - ❌ Lỗi cash_flow: RetryError[<Future at 0x7f49d4b65220 state=finished raised KeyError>]
[2026-01-11T04:36:46.011+0000] {logging_mixin.py:188} INFO -  >> Đang lấy dữ liệu: BII
[2026-01-11T04:37:00.720+0000] {logging_mixin.py:188} INFO -  >> Đang lấy dữ liệu: BIG
[2026-01-11T04:37:11.134+0000] {logging_mixin.py:188} INFO -  >> Đang lấy dữ liệu: BID
[2026-01-11T04:37:22.734+0000] {logging_mixin.py:188} INFO -  ✓ Hoàn thành batch. Tổng số dòng: 1696
[2026-01-11T04:37:22.760+0000] {base.py:84} INFO - Using connection ID 'minio_finance' for task execution.
[2026-01-11T04:37:22.761+0000] {connection_wrapper.py:384} INFO - AWS Connection (conn_id='minio_finance', conn_type='aws') credentials retrieved from login and password.
[2026-01-11T04:37:23.098+0000] {datalake_df2csv.py:52} INFO - ✅ Đã upload 1696 dòng -> s3://thongtin-congty-va-bctc/bctc/date=2026-01-11/year=2024/batch_80.csv
[2026-01-11T04:37:23.099+0000] {taskinstance.py:441} INFO - ::group::Post task execution logs
[2026-01-11T04:37:23.107+0000] {taskinstance.py:1206} INFO - Marking task as SUCCESS. dag_id=bctc, task_id=ingest_bctc, run_id=manual__2026-01-11T04:06:44+00:00, map_index=80, execution_date=20260111T040644, start_date=20260111T043410, end_date=20260111T043723
[2026-01-11T04:37:23.159+0000] {local_task_job_runner.py:243} INFO - Task exited with return code 0
[2026-01-11T04:37:23.186+0000] {taskinstance.py:3503} INFO - 0 downstream tasks scheduled from follow-on schedule check
[2026-01-11T04:37:23.189+0000] {local_task_job_runner.py:222} INFO - ::endgroup::
