[2026-01-12T13:32:30.251+0000] {local_task_job_runner.py:120} INFO - ::group::Pre task execution logs
[2026-01-12T13:32:30.281+0000] {taskinstance.py:2076} INFO - Dependencies all met for dep_context=non-requeueable deps ti=<TaskInstance: company_people_to_minio.ingest_people manual__2026-01-12T13:29:01.549010+00:00 map_index=31 [queued]>
[2026-01-12T13:32:30.295+0000] {taskinstance.py:2076} INFO - Dependencies all met for dep_context=requeueable deps ti=<TaskInstance: company_people_to_minio.ingest_people manual__2026-01-12T13:29:01.549010+00:00 map_index=31 [queued]>
[2026-01-12T13:32:30.296+0000] {taskinstance.py:2306} INFO - Starting attempt 1 of 2
[2026-01-12T13:32:30.309+0000] {taskinstance.py:2330} INFO - Executing <Mapped(DfToCsvOperator): ingest_people> on 2026-01-12 13:29:01.549010+00:00
[2026-01-12T13:32:30.320+0000] {warnings.py:112} WARNING - This process (pid=1456) is multi-threaded, use of fork() may lead to deadlocks in the child.

[2026-01-12T13:32:30.323+0000] {standard_task_runner.py:64} INFO - Started process 1496 to run task
[2026-01-12T13:32:30.325+0000] {standard_task_runner.py:90} INFO - Running: ['***', 'tasks', 'run', 'company_people_to_minio', 'ingest_people', 'manual__2026-01-12T13:29:01.549010+00:00', '--job-id', '10817', '--raw', '--subdir', 'DAGS_FOLDER/company_people_to_minio.py', '--cfg-path', '/tmp/tmpt5dx3dbk', '--map-index', '31']
[2026-01-12T13:32:30.329+0000] {standard_task_runner.py:91} INFO - Job 10817: Subtask ingest_people
[2026-01-12T13:32:30.380+0000] {task_command.py:426} INFO - Running <TaskInstance: company_people_to_minio.ingest_people manual__2026-01-12T13:29:01.549010+00:00 map_index=31 [running]> on host 5a20a797a43c
[2026-01-12T13:32:30.488+0000] {taskinstance.py:2648} INFO - Exporting env vars: AIRFLOW_CTX_DAG_OWNER='***' AIRFLOW_CTX_DAG_ID='company_people_to_minio' AIRFLOW_CTX_TASK_ID='ingest_people' AIRFLOW_CTX_EXECUTION_DATE='2026-01-12T13:29:01.549010+00:00' AIRFLOW_CTX_TRY_NUMBER='1' AIRFLOW_CTX_DAG_RUN_ID='manual__2026-01-12T13:29:01.549010+00:00'
[2026-01-12T13:32:30.490+0000] {taskinstance.py:430} INFO - ::endgroup::
[2026-01-12T13:32:55.103+0000] {base.py:84} INFO - Using connection ID 'minio_finance' for task execution.
[2026-01-12T13:32:55.104+0000] {connection_wrapper.py:384} INFO - AWS Connection (conn_id='minio_finance', conn_type='aws') credentials retrieved from login and password.
[2026-01-12T13:32:55.634+0000] {datalake_df2csv.py:52} INFO - ✅ Đã upload 534 dòng -> s3://thongtin-congty-va-bctc/people/date=2026-01-12/batch_31.csv
[2026-01-12T13:32:55.636+0000] {taskinstance.py:441} INFO - ::group::Post task execution logs
[2026-01-12T13:32:55.647+0000] {taskinstance.py:1206} INFO - Marking task as SUCCESS. dag_id=company_people_to_minio, task_id=ingest_people, run_id=manual__2026-01-12T13:29:01.549010+00:00, map_index=31, execution_date=20260112T132901, start_date=20260112T133230, end_date=20260112T133255
[2026-01-12T13:32:55.688+0000] {local_task_job_runner.py:243} INFO - Task exited with return code 0
[2026-01-12T13:32:55.722+0000] {taskinstance.py:3503} INFO - 0 downstream tasks scheduled from follow-on schedule check
[2026-01-12T13:32:55.724+0000] {local_task_job_runner.py:222} INFO - ::endgroup::
