[2026-01-11T03:53:27.307+0000] {local_task_job_runner.py:120} INFO - ::group::Pre task execution logs
[2026-01-11T03:53:27.330+0000] {taskinstance.py:2076} INFO - Dependencies all met for dep_context=non-requeueable deps ti=<TaskInstance: bctc.ingest_bctc manual__2026-01-11T03:52:02+00:00 map_index=63 [queued]>
[2026-01-11T03:53:27.342+0000] {taskinstance.py:2076} INFO - Dependencies all met for dep_context=requeueable deps ti=<TaskInstance: bctc.ingest_bctc manual__2026-01-11T03:52:02+00:00 map_index=63 [queued]>
[2026-01-11T03:53:27.343+0000] {taskinstance.py:2306} INFO - Starting attempt 1 of 2
[2026-01-11T03:53:27.356+0000] {taskinstance.py:2330} INFO - Executing <Mapped(DfToCsvOperator): ingest_bctc> on 2026-01-11 03:52:02+00:00
[2026-01-11T03:53:27.367+0000] {warnings.py:112} WARNING - This process (pid=806) is multi-threaded, use of fork() may lead to deadlocks in the child.

[2026-01-11T03:53:27.369+0000] {standard_task_runner.py:64} INFO - Started process 852 to run task
[2026-01-11T03:53:27.372+0000] {standard_task_runner.py:90} INFO - Running: ['***', 'tasks', 'run', 'bctc', 'ingest_bctc', 'manual__2026-01-11T03:52:02+00:00', '--job-id', '10158', '--raw', '--subdir', 'DAGS_FOLDER/tt_cty_bctc.py', '--cfg-path', '/tmp/tmpbaygvre0', '--map-index', '63']
[2026-01-11T03:53:27.373+0000] {standard_task_runner.py:91} INFO - Job 10158: Subtask ingest_bctc
[2026-01-11T03:53:27.423+0000] {task_command.py:426} INFO - Running <TaskInstance: bctc.ingest_bctc manual__2026-01-11T03:52:02+00:00 map_index=63 [running]> on host 3f2af93df813
[2026-01-11T03:53:27.746+0000] {taskinstance.py:2648} INFO - Exporting env vars: AIRFLOW_CTX_DAG_OWNER='***' AIRFLOW_CTX_DAG_ID='bctc' AIRFLOW_CTX_TASK_ID='ingest_bctc' AIRFLOW_CTX_EXECUTION_DATE='2026-01-11T03:52:02+00:00' AIRFLOW_CTX_TRY_NUMBER='1' AIRFLOW_CTX_DAG_RUN_ID='manual__2026-01-11T03:52:02+00:00'
[2026-01-11T03:53:27.747+0000] {taskinstance.py:430} INFO - ::endgroup::
[2026-01-11T03:53:27.762+0000] {logging_mixin.py:188} INFO - Bắt đầu xử lý batch 20 mã: ['FBC', 'FBA', 'F88', 'EVS', 'EVG', 'EVF', 'EVE', 'EPH', 'EPC', 'EMS', 'EMG', 'EME', 'EMC', 'ELC', 'EIN', 'EID', 'EIC', 'EIB', 'EGL', 'EFI']
[2026-01-11T03:53:27.763+0000] {logging_mixin.py:188} INFO -  >> Đang lấy dữ liệu: FBC
[2026-01-11T03:53:28.920+0000] {logging_mixin.py:188} INFO -  Lỗi xử lý mã FBC: Failed to fetch data: 429 - Too Many Requests
[2026-01-11T03:53:28.922+0000] {logging_mixin.py:188} INFO -  >> Đang lấy dữ liệu: FBA
[2026-01-11T03:53:29.303+0000] {logging_mixin.py:188} INFO -  Lỗi xử lý mã FBA: Failed to fetch data: 429 - Too Many Requests
[2026-01-11T03:53:29.304+0000] {logging_mixin.py:188} INFO -  >> Đang lấy dữ liệu: F88
[2026-01-11T03:53:29.456+0000] {logging_mixin.py:188} INFO -  Lỗi xử lý mã F88: Failed to fetch data: 429 - Too Many Requests
[2026-01-11T03:53:29.457+0000] {logging_mixin.py:188} INFO -  >> Đang lấy dữ liệu: EVS
[2026-01-11T03:53:29.650+0000] {logging_mixin.py:188} INFO -  Lỗi xử lý mã EVS: Failed to fetch data: 429 - Too Many Requests
[2026-01-11T03:53:29.651+0000] {logging_mixin.py:188} INFO -  >> Đang lấy dữ liệu: EVG
[2026-01-11T03:53:30.138+0000] {logging_mixin.py:188} INFO -  Lỗi xử lý mã EVG: Failed to fetch data: 429 - Too Many Requests
[2026-01-11T03:53:30.140+0000] {logging_mixin.py:188} INFO -  >> Đang lấy dữ liệu: EVF
[2026-01-11T03:53:30.714+0000] {logging_mixin.py:188} INFO -  Lỗi xử lý mã EVF: Failed to fetch data: 429 - Too Many Requests
[2026-01-11T03:53:30.716+0000] {logging_mixin.py:188} INFO -  >> Đang lấy dữ liệu: EVE
[2026-01-11T03:53:30.850+0000] {logging_mixin.py:188} INFO -  Lỗi xử lý mã EVE: Failed to fetch data: 429 - Too Many Requests
[2026-01-11T03:53:30.851+0000] {logging_mixin.py:188} INFO -  >> Đang lấy dữ liệu: EPH
[2026-01-11T03:53:30.988+0000] {logging_mixin.py:188} INFO -  Lỗi xử lý mã EPH: Failed to fetch data: 429 - Too Many Requests
[2026-01-11T03:53:30.989+0000] {logging_mixin.py:188} INFO -  >> Đang lấy dữ liệu: EPC
[2026-01-11T03:53:31.181+0000] {logging_mixin.py:188} INFO -  Lỗi xử lý mã EPC: Failed to fetch data: 429 - Too Many Requests
[2026-01-11T03:53:31.182+0000] {logging_mixin.py:188} INFO -  >> Đang lấy dữ liệu: EMS
[2026-01-11T03:53:31.379+0000] {logging_mixin.py:188} INFO -  Lỗi xử lý mã EMS: Failed to fetch data: 429 - Too Many Requests
[2026-01-11T03:53:31.380+0000] {logging_mixin.py:188} INFO -  >> Đang lấy dữ liệu: EMG
[2026-01-11T03:53:31.510+0000] {logging_mixin.py:188} INFO -  Lỗi xử lý mã EMG: Failed to fetch data: 429 - Too Many Requests
[2026-01-11T03:53:31.512+0000] {logging_mixin.py:188} INFO -  >> Đang lấy dữ liệu: EME
[2026-01-11T03:53:31.675+0000] {logging_mixin.py:188} INFO -  Lỗi xử lý mã EME: Failed to fetch data: 429 - Too Many Requests
[2026-01-11T03:53:31.676+0000] {logging_mixin.py:188} INFO -  >> Đang lấy dữ liệu: EMC
[2026-01-11T03:53:32.046+0000] {logging_mixin.py:188} INFO -  Lỗi xử lý mã EMC: Failed to fetch data: 429 - Too Many Requests
[2026-01-11T03:53:32.048+0000] {logging_mixin.py:188} INFO -  >> Đang lấy dữ liệu: ELC
[2026-01-11T03:53:32.194+0000] {logging_mixin.py:188} INFO -  Lỗi xử lý mã ELC: Failed to fetch data: 429 - Too Many Requests
[2026-01-11T03:53:32.195+0000] {logging_mixin.py:188} INFO -  >> Đang lấy dữ liệu: EIN
[2026-01-11T03:53:32.324+0000] {logging_mixin.py:188} INFO -  Lỗi xử lý mã EIN: Failed to fetch data: 429 - Too Many Requests
[2026-01-11T03:53:32.326+0000] {logging_mixin.py:188} INFO -  >> Đang lấy dữ liệu: EID
[2026-01-11T03:53:32.723+0000] {logging_mixin.py:188} INFO -  Lỗi xử lý mã EID: Failed to fetch data: 429 - Too Many Requests
[2026-01-11T03:53:32.727+0000] {logging_mixin.py:188} INFO -  >> Đang lấy dữ liệu: EIC
[2026-01-11T03:53:32.948+0000] {logging_mixin.py:188} INFO -  Lỗi xử lý mã EIC: Failed to fetch data: 429 - Too Many Requests
[2026-01-11T03:53:32.949+0000] {logging_mixin.py:188} INFO -  >> Đang lấy dữ liệu: EIB
[2026-01-11T03:53:33.118+0000] {logging_mixin.py:188} INFO -  Lỗi xử lý mã EIB: Failed to fetch data: 429 - Too Many Requests
[2026-01-11T03:53:33.120+0000] {logging_mixin.py:188} INFO -  >> Đang lấy dữ liệu: EGL
[2026-01-11T03:53:33.378+0000] {logging_mixin.py:188} INFO -  Lỗi xử lý mã EGL: Failed to fetch data: 429 - Too Many Requests
[2026-01-11T03:53:33.380+0000] {logging_mixin.py:188} INFO -  >> Đang lấy dữ liệu: EFI
[2026-01-11T03:53:33.778+0000] {logging_mixin.py:188} INFO -  Lỗi xử lý mã EFI: Failed to fetch data: 429 - Too Many Requests
[2026-01-11T03:53:33.779+0000] {logging_mixin.py:188} INFO -  ⚠ Batch này không thu được dữ liệu nào.
[2026-01-11T03:53:33.783+0000] {datalake_df2csv.py:40} INFO - DataFrame rỗng, bỏ qua upload CSV.
[2026-01-11T03:53:33.784+0000] {taskinstance.py:441} INFO - ::group::Post task execution logs
[2026-01-11T03:53:33.798+0000] {taskinstance.py:1206} INFO - Marking task as SUCCESS. dag_id=bctc, task_id=ingest_bctc, run_id=manual__2026-01-11T03:52:02+00:00, map_index=63, execution_date=20260111T035202, start_date=20260111T035327, end_date=20260111T035333
[2026-01-11T03:53:33.857+0000] {local_task_job_runner.py:243} INFO - Task exited with return code 0
[2026-01-11T03:53:33.905+0000] {taskinstance.py:3503} INFO - 0 downstream tasks scheduled from follow-on schedule check
[2026-01-11T03:53:33.907+0000] {local_task_job_runner.py:222} INFO - ::endgroup::
