[2026-01-10T15:07:35.614+0000] {local_task_job_runner.py:120} INFO - ::group::Pre task execution logs
[2026-01-10T15:07:35.702+0000] {taskinstance.py:2076} INFO - Dependencies all met for dep_context=non-requeueable deps ti=<TaskInstance: thongtin_cty_bctc.ingest_bctc scheduled__2025-12-30T00:00:00+00:00 map_index=267 [queued]>
[2026-01-10T15:07:36.024+0000] {taskinstance.py:2076} INFO - Dependencies all met for dep_context=requeueable deps ti=<TaskInstance: thongtin_cty_bctc.ingest_bctc scheduled__2025-12-30T00:00:00+00:00 map_index=267 [queued]>
[2026-01-10T15:07:36.025+0000] {taskinstance.py:2306} INFO - Starting attempt 1 of 2
[2026-01-10T15:07:36.054+0000] {taskinstance.py:2330} INFO - Executing <Mapped(DfToCsvOperator): ingest_bctc> on 2025-12-30 00:00:00+00:00
[2026-01-10T15:07:36.070+0000] {warnings.py:112} WARNING - This process (pid=2864) is multi-threaded, use of fork() may lead to deadlocks in the child.

[2026-01-10T15:07:36.072+0000] {standard_task_runner.py:64} INFO - Started process 2913 to run task
[2026-01-10T15:07:36.077+0000] {standard_task_runner.py:90} INFO - Running: ['***', 'tasks', 'run', 'thongtin_cty_bctc', 'ingest_bctc', 'scheduled__2025-12-30T00:00:00+00:00', '--job-id', '8903', '--raw', '--subdir', 'DAGS_FOLDER/tt_cty_bctc.py', '--cfg-path', '/tmp/tmprwwz7fzf', '--map-index', '267']
[2026-01-10T15:07:36.079+0000] {standard_task_runner.py:91} INFO - Job 8903: Subtask ingest_bctc
[2026-01-10T15:07:36.158+0000] {task_command.py:426} INFO - Running <TaskInstance: thongtin_cty_bctc.ingest_bctc scheduled__2025-12-30T00:00:00+00:00 map_index=267 [running]> on host c44bcb92a951
[2026-01-10T15:07:36.318+0000] {taskinstance.py:2648} INFO - Exporting env vars: AIRFLOW_CTX_DAG_OWNER='***' AIRFLOW_CTX_DAG_ID='thongtin_cty_bctc' AIRFLOW_CTX_TASK_ID='ingest_bctc' AIRFLOW_CTX_EXECUTION_DATE='2025-12-30T00:00:00+00:00' AIRFLOW_CTX_TRY_NUMBER='1' AIRFLOW_CTX_DAG_RUN_ID='scheduled__2025-12-30T00:00:00+00:00'
[2026-01-10T15:07:36.320+0000] {taskinstance.py:430} INFO - ::endgroup::
[2026-01-10T15:07:36.330+0000] {logging_mixin.py:188} INFO - Bắt đầu xử lý batch 3 mã: ['NDT', 'NDP', 'NDN']
[2026-01-10T15:07:36.331+0000] {logging_mixin.py:188} INFO -  >> Đang lấy dữ liệu: NDT
[2026-01-10T15:07:39.256+0000] {logging_mixin.py:188} INFO -  >> Đang lấy dữ liệu: NDP
[2026-01-10T15:07:41.874+0000] {logging_mixin.py:188} INFO -  >> Đang lấy dữ liệu: NDN
[2026-01-10T15:07:44.730+0000] {logging_mixin.py:188} INFO -  ✓ Hoàn thành batch. Tổng số dòng: 8044
[2026-01-10T15:07:44.786+0000] {base.py:84} INFO - Using connection ID 'minio_finance' for task execution.
[2026-01-10T15:07:44.787+0000] {connection_wrapper.py:384} INFO - AWS Connection (conn_id='minio_finance', conn_type='aws') credentials retrieved from login and password.
[2026-01-10T15:07:45.384+0000] {datalake_df2csv.py:52} INFO - ✅ Đã upload 8044 dòng -> s3://thongtin-congty-va-bctc/bctc/2025-12-30/batch_267.csv
[2026-01-10T15:07:45.386+0000] {taskinstance.py:441} INFO - ::group::Post task execution logs
[2026-01-10T15:07:45.401+0000] {taskinstance.py:1206} INFO - Marking task as SUCCESS. dag_id=thongtin_cty_bctc, task_id=ingest_bctc, run_id=scheduled__2025-12-30T00:00:00+00:00, map_index=267, execution_date=20251230T000000, start_date=20260110T150735, end_date=20260110T150745
[2026-01-10T15:07:45.467+0000] {local_task_job_runner.py:243} INFO - Task exited with return code 0
[2026-01-10T15:07:45.478+0000] {local_task_job_runner.py:222} INFO - ::endgroup::
