[2026-01-01T02:59:34.088+0000] {local_task_job_runner.py:120} INFO - ::group::Pre task execution logs
[2026-01-01T02:59:34.486+0000] {taskinstance.py:2076} INFO - Dependencies all met for dep_context=non-requeueable deps ti=<TaskInstance: thongtin_cty_bctc.ingest_bctc scheduled__2025-12-31T00:00:00+00:00 map_index=22 [queued]>
[2026-01-01T02:59:34.616+0000] {taskinstance.py:2076} INFO - Dependencies all met for dep_context=requeueable deps ti=<TaskInstance: thongtin_cty_bctc.ingest_bctc scheduled__2025-12-31T00:00:00+00:00 map_index=22 [queued]>
[2026-01-01T02:59:34.617+0000] {taskinstance.py:2306} INFO - Starting attempt 2 of 3
[2026-01-01T02:59:34.658+0000] {taskinstance.py:2330} INFO - Executing <Mapped(DfToCsvOperator): ingest_bctc> on 2025-12-31 00:00:00+00:00
[2026-01-01T02:59:34.691+0000] {standard_task_runner.py:90} INFO - Running: ['***', 'tasks', 'run', 'thongtin_cty_bctc', 'ingest_bctc', 'scheduled__2025-12-31T00:00:00+00:00', '--job-id', '2511', '--raw', '--subdir', 'DAGS_FOLDER/tt_cty_bctc.py', '--cfg-path', '/tmp/tmpge95onc0', '--map-index', '22']
[2026-01-01T02:59:34.701+0000] {standard_task_runner.py:91} INFO - Job 2511: Subtask ingest_bctc
[2026-01-01T02:59:34.703+0000] {warnings.py:112} WARNING - This process (pid=21999) is multi-threaded, use of fork() may lead to deadlocks in the child.

[2026-01-01T02:59:34.720+0000] {standard_task_runner.py:64} INFO - Started process 22120 to run task
[2026-01-01T02:59:34.823+0000] {task_command.py:426} INFO - Running <TaskInstance: thongtin_cty_bctc.ingest_bctc scheduled__2025-12-31T00:00:00+00:00 map_index=22 [running]> on host 43b0a0f7606b
[2026-01-01T02:59:35.034+0000] {taskinstance.py:2648} INFO - Exporting env vars: AIRFLOW_CTX_DAG_OWNER='***' AIRFLOW_CTX_DAG_ID='thongtin_cty_bctc' AIRFLOW_CTX_TASK_ID='ingest_bctc' AIRFLOW_CTX_EXECUTION_DATE='2025-12-31T00:00:00+00:00' AIRFLOW_CTX_TRY_NUMBER='2' AIRFLOW_CTX_DAG_RUN_ID='scheduled__2025-12-31T00:00:00+00:00'
[2026-01-01T02:59:35.037+0000] {taskinstance.py:430} INFO - ::endgroup::
[2026-01-01T02:59:35.085+0000] {logging_mixin.py:188} INFO - Bắt đầu xử lý batch 3 mã: ['QTP', 'PC1', 'AAA']
[2026-01-01T02:59:35.086+0000] {logging_mixin.py:188} INFO -  >> Đang lấy dữ liệu: QTP
[2026-01-01T02:59:35.445+0000] {logging_mixin.py:188} INFO -  Lỗi xử lý mã QTP: Failed to fetch data: 429 - Too Many Requests
[2026-01-01T02:59:35.450+0000] {logging_mixin.py:188} INFO -  >> Đang lấy dữ liệu: PC1
[2026-01-01T02:59:35.616+0000] {logging_mixin.py:188} INFO -  Lỗi xử lý mã PC1: Failed to fetch data: 429 - Too Many Requests
[2026-01-01T02:59:35.617+0000] {logging_mixin.py:188} INFO -  >> Đang lấy dữ liệu: AAA
[2026-01-01T02:59:35.786+0000] {logging_mixin.py:188} INFO -  Lỗi xử lý mã AAA: Failed to fetch data: 429 - Too Many Requests
[2026-01-01T02:59:35.787+0000] {logging_mixin.py:188} INFO -  ⚠ Batch này không thu được dữ liệu nào.
[2026-01-01T02:59:35.792+0000] {datalake_df2csv.py:40} INFO - DataFrame rỗng, bỏ qua upload CSV.
[2026-01-01T02:59:35.792+0000] {taskinstance.py:441} INFO - ::group::Post task execution logs
[2026-01-01T02:59:35.807+0000] {taskinstance.py:1206} INFO - Marking task as SUCCESS. dag_id=thongtin_cty_bctc, task_id=ingest_bctc, run_id=scheduled__2025-12-31T00:00:00+00:00, map_index=22, execution_date=20251231T000000, start_date=20260101T025934, end_date=20260101T025935
[2026-01-01T02:59:35.874+0000] {local_task_job_runner.py:243} INFO - Task exited with return code 0
[2026-01-01T02:59:35.890+0000] {local_task_job_runner.py:222} INFO - ::endgroup::
