[2026-01-01T03:00:34.046+0000] {local_task_job_runner.py:120} INFO - ::group::Pre task execution logs
[2026-01-01T03:00:34.087+0000] {taskinstance.py:2076} INFO - Dependencies all met for dep_context=non-requeueable deps ti=<TaskInstance: thongtin_cty_bctc.ingest_overview manual__2025-12-31T15:11:19+00:00 map_index=0 [queued]>
[2026-01-01T03:00:34.106+0000] {taskinstance.py:2076} INFO - Dependencies all met for dep_context=requeueable deps ti=<TaskInstance: thongtin_cty_bctc.ingest_overview manual__2025-12-31T15:11:19+00:00 map_index=0 [queued]>
[2026-01-01T03:00:34.121+0000] {taskinstance.py:2306} INFO - Starting attempt 3 of 4
[2026-01-01T03:00:34.156+0000] {taskinstance.py:2330} INFO - Executing <Mapped(DfToCsvOperator): ingest_overview> on 2025-12-31 15:11:19+00:00
[2026-01-01T03:00:34.190+0000] {warnings.py:112} WARNING - This process (pid=23243) is multi-threaded, use of fork() may lead to deadlocks in the child.

[2026-01-01T03:00:34.195+0000] {standard_task_runner.py:64} INFO - Started process 23354 to run task
[2026-01-01T03:00:34.200+0000] {standard_task_runner.py:90} INFO - Running: ['***', 'tasks', 'run', 'thongtin_cty_bctc', 'ingest_overview', 'manual__2025-12-31T15:11:19+00:00', '--job-id', '2624', '--raw', '--subdir', 'DAGS_FOLDER/tt_cty_bctc.py', '--cfg-path', '/tmp/tmp81smvfc_', '--map-index', '0']
[2026-01-01T03:00:34.203+0000] {standard_task_runner.py:91} INFO - Job 2624: Subtask ingest_overview
[2026-01-01T03:00:34.307+0000] {task_command.py:426} INFO - Running <TaskInstance: thongtin_cty_bctc.ingest_overview manual__2025-12-31T15:11:19+00:00 map_index=0 [running]> on host 43b0a0f7606b
[2026-01-01T03:00:34.671+0000] {taskinstance.py:2648} INFO - Exporting env vars: AIRFLOW_CTX_DAG_OWNER='***' AIRFLOW_CTX_DAG_ID='thongtin_cty_bctc' AIRFLOW_CTX_TASK_ID='ingest_overview' AIRFLOW_CTX_EXECUTION_DATE='2025-12-31T15:11:19+00:00' AIRFLOW_CTX_TRY_NUMBER='3' AIRFLOW_CTX_DAG_RUN_ID='manual__2025-12-31T15:11:19+00:00'
[2026-01-01T03:00:34.676+0000] {taskinstance.py:430} INFO - ::endgroup::
[2026-01-01T03:00:34.928+0000] {logging_mixin.py:188} INFO - Err overview VNM: Failed to fetch data: 429 - Too Many Requests
[2026-01-01T03:00:36.091+0000] {logging_mixin.py:188} INFO - Err overview FPT: Failed to fetch data: 429 - Too Many Requests
[2026-01-01T03:00:37.336+0000] {logging_mixin.py:188} INFO - Err overview HPG: Failed to fetch data: 429 - Too Many Requests
[2026-01-01T03:00:38.341+0000] {datalake_df2csv.py:40} INFO - DataFrame rỗng, bỏ qua upload CSV.
[2026-01-01T03:00:38.341+0000] {taskinstance.py:441} INFO - ::group::Post task execution logs
[2026-01-01T03:00:38.357+0000] {taskinstance.py:1206} INFO - Marking task as SUCCESS. dag_id=thongtin_cty_bctc, task_id=ingest_overview, run_id=manual__2025-12-31T15:11:19+00:00, map_index=0, execution_date=20251231T151119, start_date=20260101T030034, end_date=20260101T030038
[2026-01-01T03:00:38.698+0000] {local_task_job_runner.py:243} INFO - Task exited with return code 0
[2026-01-01T03:00:38.751+0000] {taskinstance.py:3503} INFO - 0 downstream tasks scheduled from follow-on schedule check
[2026-01-01T03:00:38.755+0000] {local_task_job_runner.py:222} INFO - ::endgroup::
