[2026-01-01T02:11:57.720+0000] {local_task_job_runner.py:120} INFO - ::group::Pre task execution logs
[2026-01-01T02:11:57.790+0000] {taskinstance.py:2076} INFO - Dependencies all met for dep_context=non-requeueable deps ti=<TaskInstance: thongtin_cty_bctc.ingest_overview scheduled__2025-12-31T00:00:00+00:00 map_index=85 [queued]>
[2026-01-01T02:11:57.835+0000] {taskinstance.py:2076} INFO - Dependencies all met for dep_context=requeueable deps ti=<TaskInstance: thongtin_cty_bctc.ingest_overview scheduled__2025-12-31T00:00:00+00:00 map_index=85 [queued]>
[2026-01-01T02:11:57.836+0000] {taskinstance.py:2306} INFO - Starting attempt 1 of 2
[2026-01-01T02:11:57.867+0000] {taskinstance.py:2330} INFO - Executing <Mapped(DfToCsvOperator): ingest_overview> on 2025-12-31 00:00:00+00:00
[2026-01-01T02:11:57.887+0000] {warnings.py:112} WARNING - This process (pid=2878) is multi-threaded, use of fork() may lead to deadlocks in the child.

[2026-01-01T02:11:57.890+0000] {standard_task_runner.py:64} INFO - Started process 3010 to run task
[2026-01-01T02:11:57.897+0000] {standard_task_runner.py:90} INFO - Running: ['***', 'tasks', 'run', 'thongtin_cty_bctc', 'ingest_overview', 'scheduled__2025-12-31T00:00:00+00:00', '--job-id', '826', '--raw', '--subdir', 'DAGS_FOLDER/tt_cty_bctc.py', '--cfg-path', '/tmp/tmpxr1e80yi', '--map-index', '85']
[2026-01-01T02:11:57.904+0000] {standard_task_runner.py:91} INFO - Job 826: Subtask ingest_overview
[2026-01-01T02:11:57.977+0000] {task_command.py:426} INFO - Running <TaskInstance: thongtin_cty_bctc.ingest_overview scheduled__2025-12-31T00:00:00+00:00 map_index=85 [running]> on host 43b0a0f7606b
[2026-01-01T02:11:58.431+0000] {taskinstance.py:2648} INFO - Exporting env vars: AIRFLOW_CTX_DAG_OWNER='***' AIRFLOW_CTX_DAG_ID='thongtin_cty_bctc' AIRFLOW_CTX_TASK_ID='ingest_overview' AIRFLOW_CTX_EXECUTION_DATE='2025-12-31T00:00:00+00:00' AIRFLOW_CTX_TRY_NUMBER='1' AIRFLOW_CTX_DAG_RUN_ID='scheduled__2025-12-31T00:00:00+00:00'
[2026-01-01T02:11:58.435+0000] {taskinstance.py:430} INFO - ::endgroup::
[2026-01-01T02:11:58.611+0000] {logging_mixin.py:188} INFO - Err overview SRB: Failed to fetch data: 429 - Too Many Requests
[2026-01-01T02:11:58.860+0000] {logging_mixin.py:188} INFO - Err overview SRA: Failed to fetch data: 429 - Too Many Requests
[2026-01-01T02:11:59.000+0000] {logging_mixin.py:188} INFO - Err overview SQC: Failed to fetch data: 429 - Too Many Requests
[2026-01-01T02:11:59.232+0000] {logging_mixin.py:188} INFO - Err overview SPV: Failed to fetch data: 429 - Too Many Requests
[2026-01-01T02:11:59.416+0000] {logging_mixin.py:188} INFO - Err overview SPP: Failed to fetch data: 429 - Too Many Requests
[2026-01-01T02:11:59.421+0000] {datalake_df2csv.py:40} INFO - DataFrame rỗng, bỏ qua upload CSV.
[2026-01-01T02:11:59.422+0000] {taskinstance.py:441} INFO - ::group::Post task execution logs
[2026-01-01T02:11:59.445+0000] {taskinstance.py:1206} INFO - Marking task as SUCCESS. dag_id=thongtin_cty_bctc, task_id=ingest_overview, run_id=scheduled__2025-12-31T00:00:00+00:00, map_index=85, execution_date=20251231T000000, start_date=20260101T021157, end_date=20260101T021159
[2026-01-01T02:12:00.166+0000] {local_task_job_runner.py:243} INFO - Task exited with return code 0
[2026-01-01T02:12:00.190+0000] {taskinstance.py:3503} INFO - 0 downstream tasks scheduled from follow-on schedule check
[2026-01-01T02:12:00.198+0000] {local_task_job_runner.py:222} INFO - ::endgroup::
