[2026-01-01T03:03:24.313+0000] {local_task_job_runner.py:120} INFO - ::group::Pre task execution logs
[2026-01-01T03:03:24.359+0000] {taskinstance.py:2076} INFO - Dependencies all met for dep_context=non-requeueable deps ti=<TaskInstance: thongtin_cty_bctc.ingest_overview manual__2026-01-01T02:45:18+00:00 map_index=16 [queued]>
[2026-01-01T03:03:24.385+0000] {taskinstance.py:2076} INFO - Dependencies all met for dep_context=requeueable deps ti=<TaskInstance: thongtin_cty_bctc.ingest_overview manual__2026-01-01T02:45:18+00:00 map_index=16 [queued]>
[2026-01-01T03:03:24.391+0000] {taskinstance.py:2306} INFO - Starting attempt 1 of 2
[2026-01-01T03:03:24.439+0000] {taskinstance.py:2330} INFO - Executing <Mapped(DfToCsvOperator): ingest_overview> on 2026-01-01 02:45:18+00:00
[2026-01-01T03:03:24.455+0000] {warnings.py:112} WARNING - This process (pid=26770) is multi-threaded, use of fork() may lead to deadlocks in the child.

[2026-01-01T03:03:24.458+0000] {standard_task_runner.py:64} INFO - Started process 26874 to run task
[2026-01-01T03:03:24.476+0000] {standard_task_runner.py:90} INFO - Running: ['***', 'tasks', 'run', 'thongtin_cty_bctc', 'ingest_overview', 'manual__2026-01-01T02:45:18+00:00', '--job-id', '2942', '--raw', '--subdir', 'DAGS_FOLDER/tt_cty_bctc.py', '--cfg-path', '/tmp/tmpgfsexcd1', '--map-index', '16']
[2026-01-01T03:03:24.499+0000] {standard_task_runner.py:91} INFO - Job 2942: Subtask ingest_overview
[2026-01-01T03:03:24.637+0000] {task_command.py:426} INFO - Running <TaskInstance: thongtin_cty_bctc.ingest_overview manual__2026-01-01T02:45:18+00:00 map_index=16 [running]> on host 43b0a0f7606b
[2026-01-01T03:03:24.882+0000] {taskinstance.py:2648} INFO - Exporting env vars: AIRFLOW_CTX_DAG_OWNER='***' AIRFLOW_CTX_DAG_ID='thongtin_cty_bctc' AIRFLOW_CTX_TASK_ID='ingest_overview' AIRFLOW_CTX_EXECUTION_DATE='2026-01-01T02:45:18+00:00' AIRFLOW_CTX_TRY_NUMBER='1' AIRFLOW_CTX_DAG_RUN_ID='manual__2026-01-01T02:45:18+00:00'
[2026-01-01T03:03:24.887+0000] {taskinstance.py:430} INFO - ::endgroup::
[2026-01-01T03:03:25.279+0000] {logging_mixin.py:188} INFO - Err overview HNG: Failed to fetch data: 429 - Too Many Requests
[2026-01-01T03:03:26.436+0000] {logging_mixin.py:188} INFO - Err overview VJC: Failed to fetch data: 429 - Too Many Requests
[2026-01-01T03:03:27.687+0000] {logging_mixin.py:188} INFO - Err overview VRE: Failed to fetch data: 429 - Too Many Requests
[2026-01-01T03:03:28.694+0000] {datalake_df2csv.py:40} INFO - DataFrame rỗng, bỏ qua upload CSV.
[2026-01-01T03:03:28.695+0000] {taskinstance.py:441} INFO - ::group::Post task execution logs
[2026-01-01T03:03:28.722+0000] {taskinstance.py:1206} INFO - Marking task as SUCCESS. dag_id=thongtin_cty_bctc, task_id=ingest_overview, run_id=manual__2026-01-01T02:45:18+00:00, map_index=16, execution_date=20260101T024518, start_date=20260101T030324, end_date=20260101T030328
[2026-01-01T03:03:28.802+0000] {local_task_job_runner.py:243} INFO - Task exited with return code 0
[2026-01-01T03:03:28.826+0000] {local_task_job_runner.py:222} INFO - ::endgroup::
