[2026-01-11T03:52:50.367+0000] {local_task_job_runner.py:120} INFO - ::group::Pre task execution logs
[2026-01-11T03:52:50.401+0000] {taskinstance.py:2076} INFO - Dependencies all met for dep_context=non-requeueable deps ti=<TaskInstance: bctc.ingest_bctc manual__2026-01-11T03:52:02+00:00 map_index=26 [queued]>
[2026-01-11T03:52:50.421+0000] {taskinstance.py:2076} INFO - Dependencies all met for dep_context=requeueable deps ti=<TaskInstance: bctc.ingest_bctc manual__2026-01-11T03:52:02+00:00 map_index=26 [queued]>
[2026-01-11T03:52:50.421+0000] {taskinstance.py:2306} INFO - Starting attempt 1 of 2
[2026-01-11T03:52:50.441+0000] {taskinstance.py:2330} INFO - Executing <Mapped(DfToCsvOperator): ingest_bctc> on 2026-01-11 03:52:02+00:00
[2026-01-11T03:52:50.452+0000] {warnings.py:112} WARNING - This process (pid=340) is multi-threaded, use of fork() may lead to deadlocks in the child.

[2026-01-11T03:52:50.453+0000] {standard_task_runner.py:64} INFO - Started process 453 to run task
[2026-01-11T03:52:50.456+0000] {standard_task_runner.py:90} INFO - Running: ['***', 'tasks', 'run', 'bctc', 'ingest_bctc', 'manual__2026-01-11T03:52:02+00:00', '--job-id', '10121', '--raw', '--subdir', 'DAGS_FOLDER/tt_cty_bctc.py', '--cfg-path', '/tmp/tmpoh1nhpy_', '--map-index', '26']
[2026-01-11T03:52:50.458+0000] {standard_task_runner.py:91} INFO - Job 10121: Subtask ingest_bctc
[2026-01-11T03:52:50.511+0000] {task_command.py:426} INFO - Running <TaskInstance: bctc.ingest_bctc manual__2026-01-11T03:52:02+00:00 map_index=26 [running]> on host 3f2af93df813
[2026-01-11T03:52:50.662+0000] {taskinstance.py:2648} INFO - Exporting env vars: AIRFLOW_CTX_DAG_OWNER='***' AIRFLOW_CTX_DAG_ID='bctc' AIRFLOW_CTX_TASK_ID='ingest_bctc' AIRFLOW_CTX_EXECUTION_DATE='2026-01-11T03:52:02+00:00' AIRFLOW_CTX_TRY_NUMBER='1' AIRFLOW_CTX_DAG_RUN_ID='manual__2026-01-11T03:52:02+00:00'
[2026-01-11T03:52:50.663+0000] {taskinstance.py:430} INFO - ::endgroup::
[2026-01-11T03:52:50.673+0000] {logging_mixin.py:188} INFO - Bắt đầu xử lý batch 20 mã: ['SCV', 'SCS', 'SCR', 'SCO', 'SCL', 'SCJ', 'SCI', 'SCG', 'SCD', 'SCC', 'SCA', 'SC5', 'SBV', 'SBT', 'SBS', 'SBR', 'SBM', 'SBL', 'SBH', 'SBG']
[2026-01-11T03:52:50.674+0000] {logging_mixin.py:188} INFO -  >> Đang lấy dữ liệu: SCV
[2026-01-11T03:52:50.863+0000] {logging_mixin.py:188} INFO -  Lỗi xử lý mã SCV: Failed to fetch data: 429 - Too Many Requests
[2026-01-11T03:52:50.864+0000] {logging_mixin.py:188} INFO -  >> Đang lấy dữ liệu: SCS
[2026-01-11T03:52:51.034+0000] {logging_mixin.py:188} INFO -  Lỗi xử lý mã SCS: Failed to fetch data: 429 - Too Many Requests
[2026-01-11T03:52:51.035+0000] {logging_mixin.py:188} INFO -  >> Đang lấy dữ liệu: SCR
[2026-01-11T03:52:51.181+0000] {logging_mixin.py:188} INFO -  Lỗi xử lý mã SCR: Failed to fetch data: 429 - Too Many Requests
[2026-01-11T03:52:51.182+0000] {logging_mixin.py:188} INFO -  >> Đang lấy dữ liệu: SCO
[2026-01-11T03:52:51.577+0000] {logging_mixin.py:188} INFO -  Lỗi xử lý mã SCO: Failed to fetch data: 429 - Too Many Requests
[2026-01-11T03:52:51.579+0000] {logging_mixin.py:188} INFO -  >> Đang lấy dữ liệu: SCL
[2026-01-11T03:52:51.718+0000] {logging_mixin.py:188} INFO -  Lỗi xử lý mã SCL: Failed to fetch data: 429 - Too Many Requests
[2026-01-11T03:52:51.720+0000] {logging_mixin.py:188} INFO -  >> Đang lấy dữ liệu: SCJ
[2026-01-11T03:52:52.250+0000] {logging_mixin.py:188} INFO -  Lỗi xử lý mã SCJ: Failed to fetch data: 429 - Too Many Requests
[2026-01-11T03:52:52.252+0000] {logging_mixin.py:188} INFO -  >> Đang lấy dữ liệu: SCI
[2026-01-11T03:52:52.435+0000] {logging_mixin.py:188} INFO -  Lỗi xử lý mã SCI: Failed to fetch data: 429 - Too Many Requests
[2026-01-11T03:52:52.437+0000] {logging_mixin.py:188} INFO -  >> Đang lấy dữ liệu: SCG
[2026-01-11T03:52:52.586+0000] {logging_mixin.py:188} INFO -  Lỗi xử lý mã SCG: Failed to fetch data: 429 - Too Many Requests
[2026-01-11T03:52:52.587+0000] {logging_mixin.py:188} INFO -  >> Đang lấy dữ liệu: SCD
[2026-01-11T03:52:52.748+0000] {logging_mixin.py:188} INFO -  Lỗi xử lý mã SCD: Failed to fetch data: 429 - Too Many Requests
[2026-01-11T03:52:52.750+0000] {logging_mixin.py:188} INFO -  >> Đang lấy dữ liệu: SCC
[2026-01-11T03:52:52.919+0000] {logging_mixin.py:188} INFO -  Lỗi xử lý mã SCC: Failed to fetch data: 429 - Too Many Requests
[2026-01-11T03:52:52.920+0000] {logging_mixin.py:188} INFO -  >> Đang lấy dữ liệu: SCA
[2026-01-11T03:52:53.762+0000] {logging_mixin.py:188} INFO -  Lỗi xử lý mã SCA: Failed to fetch data: 429 - Too Many Requests
[2026-01-11T03:52:53.764+0000] {logging_mixin.py:188} INFO -  >> Đang lấy dữ liệu: SC5
[2026-01-11T03:52:54.218+0000] {logging_mixin.py:188} INFO -  Lỗi xử lý mã SC5: Failed to fetch data: 429 - Too Many Requests
[2026-01-11T03:52:54.219+0000] {logging_mixin.py:188} INFO -  >> Đang lấy dữ liệu: SBV
[2026-01-11T03:52:54.378+0000] {logging_mixin.py:188} INFO -  Lỗi xử lý mã SBV: Failed to fetch data: 429 - Too Many Requests
[2026-01-11T03:52:54.379+0000] {logging_mixin.py:188} INFO -  >> Đang lấy dữ liệu: SBT
[2026-01-11T03:52:54.505+0000] {logging_mixin.py:188} INFO -  Lỗi xử lý mã SBT: Failed to fetch data: 429 - Too Many Requests
[2026-01-11T03:52:54.506+0000] {logging_mixin.py:188} INFO -  >> Đang lấy dữ liệu: SBS
[2026-01-11T03:52:54.715+0000] {logging_mixin.py:188} INFO -  Lỗi xử lý mã SBS: Failed to fetch data: 429 - Too Many Requests
[2026-01-11T03:52:54.716+0000] {logging_mixin.py:188} INFO -  >> Đang lấy dữ liệu: SBR
[2026-01-11T03:52:54.864+0000] {logging_mixin.py:188} INFO -  Lỗi xử lý mã SBR: Failed to fetch data: 429 - Too Many Requests
[2026-01-11T03:52:54.865+0000] {logging_mixin.py:188} INFO -  >> Đang lấy dữ liệu: SBM
[2026-01-11T03:52:55.321+0000] {logging_mixin.py:188} INFO -  Lỗi xử lý mã SBM: Failed to fetch data: 429 - Too Many Requests
[2026-01-11T03:52:55.322+0000] {logging_mixin.py:188} INFO -  >> Đang lấy dữ liệu: SBL
[2026-01-11T03:52:55.714+0000] {logging_mixin.py:188} INFO -  Lỗi xử lý mã SBL: Failed to fetch data: 429 - Too Many Requests
[2026-01-11T03:52:55.715+0000] {logging_mixin.py:188} INFO -  >> Đang lấy dữ liệu: SBH
[2026-01-11T03:52:56.353+0000] {logging_mixin.py:188} INFO -  Lỗi xử lý mã SBH: Failed to fetch data: 429 - Too Many Requests
[2026-01-11T03:52:56.354+0000] {logging_mixin.py:188} INFO -  >> Đang lấy dữ liệu: SBG
[2026-01-11T03:52:56.675+0000] {logging_mixin.py:188} INFO -  Lỗi xử lý mã SBG: Failed to fetch data: 429 - Too Many Requests
[2026-01-11T03:52:56.676+0000] {logging_mixin.py:188} INFO -  ⚠ Batch này không thu được dữ liệu nào.
[2026-01-11T03:52:57.000+0000] {datalake_df2csv.py:40} INFO - DataFrame rỗng, bỏ qua upload CSV.
[2026-01-11T03:52:57.000+0000] {taskinstance.py:441} INFO - ::group::Post task execution logs
[2026-01-11T03:52:57.015+0000] {taskinstance.py:1206} INFO - Marking task as SUCCESS. dag_id=bctc, task_id=ingest_bctc, run_id=manual__2026-01-11T03:52:02+00:00, map_index=26, execution_date=20260111T035202, start_date=20260111T035250, end_date=20260111T035257
[2026-01-11T03:52:57.101+0000] {local_task_job_runner.py:243} INFO - Task exited with return code 0
[2026-01-11T03:52:57.146+0000] {taskinstance.py:3503} INFO - 0 downstream tasks scheduled from follow-on schedule check
[2026-01-11T03:52:57.148+0000] {local_task_job_runner.py:222} INFO - ::endgroup::
