[2026-01-01T03:05:24.236+0000] {local_task_job_runner.py:120} INFO - ::group::Pre task execution logs
[2026-01-01T03:05:24.277+0000] {taskinstance.py:2076} INFO - Dependencies all met for dep_context=non-requeueable deps ti=<TaskInstance: thongtin_cty_bctc.ingest_overview manual__2026-01-01T02:54:43+00:00 map_index=0 [queued]>
[2026-01-01T03:05:24.293+0000] {taskinstance.py:2076} INFO - Dependencies all met for dep_context=requeueable deps ti=<TaskInstance: thongtin_cty_bctc.ingest_overview manual__2026-01-01T02:54:43+00:00 map_index=0 [queued]>
[2026-01-01T03:05:24.295+0000] {taskinstance.py:2306} INFO - Starting attempt 2 of 3
[2026-01-01T03:05:24.319+0000] {taskinstance.py:2330} INFO - Executing <Mapped(DfToCsvOperator): ingest_overview> on 2026-01-01 02:54:43+00:00
[2026-01-01T03:05:24.338+0000] {warnings.py:112} WARNING - This process (pid=29215) is multi-threaded, use of fork() may lead to deadlocks in the child.

[2026-01-01T03:05:24.340+0000] {standard_task_runner.py:64} INFO - Started process 29342 to run task
[2026-01-01T03:05:24.345+0000] {standard_task_runner.py:90} INFO - Running: ['***', 'tasks', 'run', 'thongtin_cty_bctc', 'ingest_overview', 'manual__2026-01-01T02:54:43+00:00', '--job-id', '3161', '--raw', '--subdir', 'DAGS_FOLDER/tt_cty_bctc.py', '--cfg-path', '/tmp/tmpq_jlgkeo', '--map-index', '0']
[2026-01-01T03:05:24.347+0000] {standard_task_runner.py:91} INFO - Job 3161: Subtask ingest_overview
[2026-01-01T03:05:24.470+0000] {task_command.py:426} INFO - Running <TaskInstance: thongtin_cty_bctc.ingest_overview manual__2026-01-01T02:54:43+00:00 map_index=0 [running]> on host 43b0a0f7606b
[2026-01-01T03:05:24.758+0000] {taskinstance.py:2648} INFO - Exporting env vars: AIRFLOW_CTX_DAG_OWNER='***' AIRFLOW_CTX_DAG_ID='thongtin_cty_bctc' AIRFLOW_CTX_TASK_ID='ingest_overview' AIRFLOW_CTX_EXECUTION_DATE='2026-01-01T02:54:43+00:00' AIRFLOW_CTX_TRY_NUMBER='2' AIRFLOW_CTX_DAG_RUN_ID='manual__2026-01-01T02:54:43+00:00'
[2026-01-01T03:05:24.764+0000] {taskinstance.py:430} INFO - ::endgroup::
[2026-01-01T03:05:24.941+0000] {logging_mixin.py:188} INFO - Err overview VNM: Failed to fetch data: 429 - Too Many Requests
[2026-01-01T03:05:26.133+0000] {logging_mixin.py:188} INFO - Err overview FPT: Failed to fetch data: 429 - Too Many Requests
[2026-01-01T03:05:27.287+0000] {logging_mixin.py:188} INFO - Err overview HPG: Failed to fetch data: 429 - Too Many Requests
[2026-01-01T03:05:28.293+0000] {datalake_df2csv.py:40} INFO - DataFrame rỗng, bỏ qua upload CSV.
[2026-01-01T03:05:28.297+0000] {taskinstance.py:441} INFO - ::group::Post task execution logs
[2026-01-01T03:05:28.325+0000] {taskinstance.py:1206} INFO - Marking task as SUCCESS. dag_id=thongtin_cty_bctc, task_id=ingest_overview, run_id=manual__2026-01-01T02:54:43+00:00, map_index=0, execution_date=20260101T025443, start_date=20260101T030524, end_date=20260101T030528
[2026-01-01T03:05:28.409+0000] {local_task_job_runner.py:243} INFO - Task exited with return code 0
[2026-01-01T03:05:28.434+0000] {taskinstance.py:3503} INFO - 0 downstream tasks scheduled from follow-on schedule check
[2026-01-01T03:05:28.437+0000] {local_task_job_runner.py:222} INFO - ::endgroup::
