[2026-01-01T08:56:07.542+0000] {local_task_job_runner.py:120} INFO - ::group::Pre task execution logs
[2026-01-01T08:56:07.574+0000] {taskinstance.py:2076} INFO - Dependencies all met for dep_context=non-requeueable deps ti=<TaskInstance: thongtin_cty_bctc.ingest_people manual__2026-01-01T00:00:00+00:00 map_index=72 [queued]>
[2026-01-01T08:56:07.592+0000] {taskinstance.py:2076} INFO - Dependencies all met for dep_context=requeueable deps ti=<TaskInstance: thongtin_cty_bctc.ingest_people manual__2026-01-01T00:00:00+00:00 map_index=72 [queued]>
[2026-01-01T08:56:07.593+0000] {taskinstance.py:2306} INFO - Starting attempt 1 of 2
[2026-01-01T08:56:07.607+0000] {taskinstance.py:2330} INFO - Executing <Mapped(DfToCsvOperator): ingest_people> on 2026-01-01 00:00:00+00:00
[2026-01-01T08:56:07.616+0000] {warnings.py:112} WARNING - This process (pid=3453) is multi-threaded, use of fork() may lead to deadlocks in the child.

[2026-01-01T08:56:07.618+0000] {standard_task_runner.py:64} INFO - Started process 3473 to run task
[2026-01-01T08:56:07.619+0000] {standard_task_runner.py:90} INFO - Running: ['***', 'tasks', 'run', 'thongtin_cty_bctc', 'ingest_people', 'manual__2026-01-01T00:00:00+00:00', '--job-id', '4059', '--raw', '--subdir', 'DAGS_FOLDER/tt_cty_bctc.py', '--cfg-path', '/tmp/tmpx4qimvxg', '--map-index', '72']
[2026-01-01T08:56:07.621+0000] {standard_task_runner.py:91} INFO - Job 4059: Subtask ingest_people
[2026-01-01T08:56:07.668+0000] {task_command.py:426} INFO - Running <TaskInstance: thongtin_cty_bctc.ingest_people manual__2026-01-01T00:00:00+00:00 map_index=72 [running]> on host b455963a0603
[2026-01-01T08:56:07.757+0000] {taskinstance.py:2648} INFO - Exporting env vars: AIRFLOW_CTX_DAG_OWNER='***' AIRFLOW_CTX_DAG_ID='thongtin_cty_bctc' AIRFLOW_CTX_TASK_ID='ingest_people' AIRFLOW_CTX_EXECUTION_DATE='2026-01-01T00:00:00+00:00' AIRFLOW_CTX_TRY_NUMBER='1' AIRFLOW_CTX_DAG_RUN_ID='manual__2026-01-01T00:00:00+00:00'
[2026-01-01T08:56:07.758+0000] {taskinstance.py:430} INFO - ::endgroup::
[2026-01-01T08:56:11.302+0000] {base.py:84} INFO - Using connection ID 'minio_finance' for task execution.
[2026-01-01T08:56:11.303+0000] {connection_wrapper.py:384} INFO - AWS Connection (conn_id='minio_finance', conn_type='aws') credentials retrieved from login and password.
[2026-01-01T08:56:12.291+0000] {datalake_df2csv.py:53} INFO - ✅ Đã upload 81 dòng -> s3://thongtin-congty-va-bctc/people/2026-01-01/batch_72.csv
[2026-01-01T08:56:12.292+0000] {taskinstance.py:441} INFO - ::group::Post task execution logs
[2026-01-01T08:56:12.306+0000] {taskinstance.py:1206} INFO - Marking task as SUCCESS. dag_id=thongtin_cty_bctc, task_id=ingest_people, run_id=manual__2026-01-01T00:00:00+00:00, map_index=72, execution_date=20260101T000000, start_date=20260101T085607, end_date=20260101T085612
[2026-01-01T08:56:14.672+0000] {local_task_job_runner.py:243} INFO - Task exited with return code 0
[2026-01-01T08:56:15.022+0000] {taskinstance.py:3503} INFO - 0 downstream tasks scheduled from follow-on schedule check
[2026-01-01T08:56:15.026+0000] {local_task_job_runner.py:222} INFO - ::endgroup::
