[2026-01-12T15:17:23.778+0000] {local_task_job_runner.py:120} INFO - ::group::Pre task execution logs
[2026-01-12T15:17:23.827+0000] {taskinstance.py:2076} INFO - Dependencies all met for dep_context=non-requeueable deps ti=<TaskInstance: financial_ratios_etl.ingest_financial_ratios manual__2026-01-12T15:14:43+00:00 map_index=142 [queued]>
[2026-01-12T15:17:23.859+0000] {taskinstance.py:2076} INFO - Dependencies all met for dep_context=requeueable deps ti=<TaskInstance: financial_ratios_etl.ingest_financial_ratios manual__2026-01-12T15:14:43+00:00 map_index=142 [queued]>
[2026-01-12T15:17:23.860+0000] {taskinstance.py:2306} INFO - Starting attempt 1 of 2
[2026-01-12T15:17:23.888+0000] {taskinstance.py:2330} INFO - Executing <Mapped(DfToCsvOperator): ingest_financial_ratios> on 2026-01-12 15:14:43+00:00
[2026-01-12T15:17:23.905+0000] {warnings.py:112} WARNING - This process (pid=1894) is multi-threaded, use of fork() may lead to deadlocks in the child.

[2026-01-12T15:17:23.908+0000] {standard_task_runner.py:64} INFO - Started process 1999 to run task
[2026-01-12T15:17:23.912+0000] {standard_task_runner.py:90} INFO - Running: ['***', 'tasks', 'run', 'financial_ratios_etl', 'ingest_financial_ratios', 'manual__2026-01-12T15:14:43+00:00', '--job-id', '13847', '--raw', '--subdir', 'DAGS_FOLDER/financial_ratios_etl.py', '--cfg-path', '/tmp/tmpkj6dny7q', '--map-index', '142']
[2026-01-12T15:17:23.920+0000] {standard_task_runner.py:91} INFO - Job 13847: Subtask ingest_financial_ratios
[2026-01-12T15:17:23.995+0000] {task_command.py:426} INFO - Running <TaskInstance: financial_ratios_etl.ingest_financial_ratios manual__2026-01-12T15:14:43+00:00 map_index=142 [running]> on host 5a20a797a43c
[2026-01-12T15:17:24.209+0000] {taskinstance.py:2648} INFO - Exporting env vars: AIRFLOW_CTX_DAG_OWNER='***' AIRFLOW_CTX_DAG_ID='financial_ratios_etl' AIRFLOW_CTX_TASK_ID='ingest_financial_ratios' AIRFLOW_CTX_EXECUTION_DATE='2026-01-12T15:14:43+00:00' AIRFLOW_CTX_TRY_NUMBER='1' AIRFLOW_CTX_DAG_RUN_ID='manual__2026-01-12T15:14:43+00:00'
[2026-01-12T15:17:24.210+0000] {taskinstance.py:430} INFO - ::endgroup::
[2026-01-12T15:17:24.220+0000] {logging_mixin.py:188} INFO - [RATIO] Bắt đầu xử lý batch 2 mã: ['TNS', 'TNP']
[2026-01-12T15:17:24.221+0000] {logging_mixin.py:188} INFO - [RATIO] Kỳ dữ liệu: quarter
[2026-01-12T15:17:24.221+0000] {logging_mixin.py:188} INFO -  >> [RATIO] Đang lấy dữ liệu: TNS
[2026-01-12T15:17:25.356+0000] {logging_mixin.py:188} INFO -  ✓ [RATIO] TNS: 36 rows
[2026-01-12T15:17:27.356+0000] {logging_mixin.py:188} INFO -  >> [RATIO] Đang lấy dữ liệu: TNP
[2026-01-12T15:17:34.623+0000] {logging_mixin.py:188} INFO - ❌ Lỗi TNP: RetryError[<Future at 0x7f68d5fbfb00 state=finished raised KeyError>]
[2026-01-12T15:17:34.625+0000] {logging_mixin.py:188} INFO -  ⚠️ [RATIO] TNP: No data from API
[2026-01-12T15:17:36.628+0000] {logging_mixin.py:188} INFO -  ✅ [RATIO] Hoàn thành batch. Tổng số dòng: 36
[2026-01-12T15:17:36.657+0000] {base.py:84} INFO - Using connection ID 'minio_finance' for task execution.
[2026-01-12T15:17:36.659+0000] {connection_wrapper.py:384} INFO - AWS Connection (conn_id='minio_finance', conn_type='aws') credentials retrieved from login and password.
[2026-01-12T15:17:37.389+0000] {datalake_df2csv.py:52} INFO - ✅ Đã upload 36 dòng -> s3://thongtin-congty-va-bctc/financial_ratios/2026-01-12/batch_142.csv
[2026-01-12T15:17:37.391+0000] {taskinstance.py:441} INFO - ::group::Post task execution logs
[2026-01-12T15:17:37.404+0000] {taskinstance.py:1206} INFO - Marking task as SUCCESS. dag_id=financial_ratios_etl, task_id=ingest_financial_ratios, run_id=manual__2026-01-12T15:14:43+00:00, map_index=142, execution_date=20260112T151443, start_date=20260112T151723, end_date=20260112T151737
[2026-01-12T15:17:37.473+0000] {local_task_job_runner.py:243} INFO - Task exited with return code 0
[2026-01-12T15:17:37.486+0000] {local_task_job_runner.py:222} INFO - ::endgroup::
