[2026-01-01T02:13:35.385+0000] {local_task_job_runner.py:120} INFO - ::group::Pre task execution logs
[2026-01-01T02:13:35.463+0000] {taskinstance.py:2076} INFO - Dependencies all met for dep_context=non-requeueable deps ti=<TaskInstance: thongtin_cty_bctc.ingest_bctc scheduled__2025-12-31T00:00:00+00:00 map_index=141 [queued]>
[2026-01-01T02:13:35.506+0000] {taskinstance.py:2076} INFO - Dependencies all met for dep_context=requeueable deps ti=<TaskInstance: thongtin_cty_bctc.ingest_bctc scheduled__2025-12-31T00:00:00+00:00 map_index=141 [queued]>
[2026-01-01T02:13:35.507+0000] {taskinstance.py:2306} INFO - Starting attempt 1 of 2
[2026-01-01T02:13:35.526+0000] {taskinstance.py:2330} INFO - Executing <Mapped(DfToCsvOperator): ingest_bctc> on 2025-12-31 00:00:00+00:00
[2026-01-01T02:13:35.538+0000] {warnings.py:112} WARNING - This process (pid=4753) is multi-threaded, use of fork() may lead to deadlocks in the child.

[2026-01-01T02:13:35.540+0000] {standard_task_runner.py:64} INFO - Started process 4842 to run task
[2026-01-01T02:13:35.544+0000] {standard_task_runner.py:90} INFO - Running: ['***', 'tasks', 'run', 'thongtin_cty_bctc', 'ingest_bctc', 'scheduled__2025-12-31T00:00:00+00:00', '--job-id', '992', '--raw', '--subdir', 'DAGS_FOLDER/tt_cty_bctc.py', '--cfg-path', '/tmp/tmp14hyqb21', '--map-index', '141']
[2026-01-01T02:13:35.546+0000] {standard_task_runner.py:91} INFO - Job 992: Subtask ingest_bctc
[2026-01-01T02:13:35.627+0000] {task_command.py:426} INFO - Running <TaskInstance: thongtin_cty_bctc.ingest_bctc scheduled__2025-12-31T00:00:00+00:00 map_index=141 [running]> on host 43b0a0f7606b
[2026-01-01T02:13:36.081+0000] {taskinstance.py:2648} INFO - Exporting env vars: AIRFLOW_CTX_DAG_OWNER='***' AIRFLOW_CTX_DAG_ID='thongtin_cty_bctc' AIRFLOW_CTX_TASK_ID='ingest_bctc' AIRFLOW_CTX_EXECUTION_DATE='2025-12-31T00:00:00+00:00' AIRFLOW_CTX_TRY_NUMBER='1' AIRFLOW_CTX_DAG_RUN_ID='scheduled__2025-12-31T00:00:00+00:00'
[2026-01-01T02:13:36.083+0000] {taskinstance.py:430} INFO - ::endgroup::
[2026-01-01T02:13:36.094+0000] {logging_mixin.py:188} INFO - Bắt đầu xử lý batch 5 mã: ['PGS', 'PGN', 'PGI', 'PGD', 'PGC']
[2026-01-01T02:13:36.095+0000] {logging_mixin.py:188} INFO -  >> Đang lấy dữ liệu: PGS
[2026-01-01T02:13:36.306+0000] {logging_mixin.py:188} INFO -  Lỗi xử lý mã PGS: Failed to fetch data: 429 - Too Many Requests
[2026-01-01T02:13:36.307+0000] {logging_mixin.py:188} INFO -  >> Đang lấy dữ liệu: PGN
[2026-01-01T02:13:36.562+0000] {logging_mixin.py:188} INFO -  Lỗi xử lý mã PGN: Failed to fetch data: 429 - Too Many Requests
[2026-01-01T02:13:36.564+0000] {logging_mixin.py:188} INFO -  >> Đang lấy dữ liệu: PGI
[2026-01-01T02:13:36.705+0000] {logging_mixin.py:188} INFO -  Lỗi xử lý mã PGI: Failed to fetch data: 429 - Too Many Requests
[2026-01-01T02:13:36.706+0000] {logging_mixin.py:188} INFO -  >> Đang lấy dữ liệu: PGD
[2026-01-01T02:13:36.896+0000] {logging_mixin.py:188} INFO -  Lỗi xử lý mã PGD: Failed to fetch data: 429 - Too Many Requests
[2026-01-01T02:13:36.897+0000] {logging_mixin.py:188} INFO -  >> Đang lấy dữ liệu: PGC
[2026-01-01T02:13:37.070+0000] {logging_mixin.py:188} INFO -  Lỗi xử lý mã PGC: Failed to fetch data: 429 - Too Many Requests
[2026-01-01T02:13:37.071+0000] {logging_mixin.py:188} INFO -  ⚠ Batch này không thu được dữ liệu nào.
[2026-01-01T02:13:37.074+0000] {datalake_df2csv.py:40} INFO - DataFrame rỗng, bỏ qua upload CSV.
[2026-01-01T02:13:37.084+0000] {taskinstance.py:441} INFO - ::group::Post task execution logs
[2026-01-01T02:13:37.107+0000] {taskinstance.py:1206} INFO - Marking task as SUCCESS. dag_id=thongtin_cty_bctc, task_id=ingest_bctc, run_id=scheduled__2025-12-31T00:00:00+00:00, map_index=141, execution_date=20251231T000000, start_date=20260101T021335, end_date=20260101T021337
[2026-01-01T02:13:37.479+0000] {local_task_job_runner.py:243} INFO - Task exited with return code 0
[2026-01-01T02:13:37.503+0000] {local_task_job_runner.py:222} INFO - ::endgroup::
