[2026-01-12T14:09:29.151+0000] {local_task_job_runner.py:120} INFO - ::group::Pre task execution logs
[2026-01-12T14:09:29.196+0000] {taskinstance.py:2076} INFO - Dependencies all met for dep_context=non-requeueable deps ti=<TaskInstance: daily_price_minio.ingest_daily_price manual__2026-01-12T14:07:40.988868+00:00 map_index=80 [queued]>
[2026-01-12T14:09:29.221+0000] {taskinstance.py:2076} INFO - Dependencies all met for dep_context=requeueable deps ti=<TaskInstance: daily_price_minio.ingest_daily_price manual__2026-01-12T14:07:40.988868+00:00 map_index=80 [queued]>
[2026-01-12T14:09:29.222+0000] {taskinstance.py:2306} INFO - Starting attempt 1 of 2
[2026-01-12T14:09:29.243+0000] {taskinstance.py:2330} INFO - Executing <Mapped(DfToCsvOperator): ingest_daily_price> on 2026-01-12 14:07:40.988868+00:00
[2026-01-12T14:09:29.256+0000] {warnings.py:112} WARNING - This process (pid=1400) is multi-threaded, use of fork() may lead to deadlocks in the child.

[2026-01-12T14:09:29.258+0000] {standard_task_runner.py:64} INFO - Started process 1481 to run task
[2026-01-12T14:09:29.261+0000] {standard_task_runner.py:90} INFO - Running: ['***', 'tasks', 'run', 'daily_price_minio', 'ingest_daily_price', 'manual__2026-01-12T14:07:40.988868+00:00', '--job-id', '12415', '--raw', '--subdir', 'DAGS_FOLDER/daily_price_minio.py', '--cfg-path', '/tmp/tmp65dbunds', '--map-index', '80']
[2026-01-12T14:09:29.265+0000] {standard_task_runner.py:91} INFO - Job 12415: Subtask ingest_daily_price
[2026-01-12T14:09:29.334+0000] {task_command.py:426} INFO - Running <TaskInstance: daily_price_minio.ingest_daily_price manual__2026-01-12T14:07:40.988868+00:00 map_index=80 [running]> on host 5a20a797a43c
[2026-01-12T14:09:29.522+0000] {taskinstance.py:2648} INFO - Exporting env vars: AIRFLOW_CTX_DAG_OWNER='***' AIRFLOW_CTX_DAG_ID='daily_price_minio' AIRFLOW_CTX_TASK_ID='ingest_daily_price' AIRFLOW_CTX_EXECUTION_DATE='2026-01-12T14:07:40.988868+00:00' AIRFLOW_CTX_TRY_NUMBER='1' AIRFLOW_CTX_DAG_RUN_ID='manual__2026-01-12T14:07:40.988868+00:00'
[2026-01-12T14:09:29.524+0000] {taskinstance.py:430} INFO - ::endgroup::
[2026-01-12T14:09:33.700+0000] {base.py:84} INFO - Using connection ID 'minio_finance' for task execution.
[2026-01-12T14:09:33.706+0000] {connection_wrapper.py:384} INFO - AWS Connection (conn_id='minio_finance', conn_type='aws') credentials retrieved from login and password.
[2026-01-12T14:09:35.508+0000] {datalake_df2csv.py:52} INFO - ✅ Đã upload 20 dòng -> s3://thongtin-congty-va-bctc/daily_price/2026-01-12/batch_80.csv
[2026-01-12T14:09:35.512+0000] {taskinstance.py:441} INFO - ::group::Post task execution logs
[2026-01-12T14:09:35.528+0000] {taskinstance.py:1206} INFO - Marking task as SUCCESS. dag_id=daily_price_minio, task_id=ingest_daily_price, run_id=manual__2026-01-12T14:07:40.988868+00:00, map_index=80, execution_date=20260112T140740, start_date=20260112T140929, end_date=20260112T140935
[2026-01-12T14:09:35.623+0000] {local_task_job_runner.py:243} INFO - Task exited with return code 0
[2026-01-12T14:09:35.656+0000] {taskinstance.py:3503} INFO - 0 downstream tasks scheduled from follow-on schedule check
[2026-01-12T14:09:35.662+0000] {local_task_job_runner.py:222} INFO - ::endgroup::
