[2026-01-08T15:33:13.195+0000] {local_task_job_runner.py:120} INFO - ::group::Pre task execution logs
[2026-01-08T15:33:13.248+0000] {taskinstance.py:2076} INFO - Dependencies all met for dep_context=non-requeueable deps ti=<TaskInstance: daily_price_collection.persist_daily_price_batch scheduled__2026-01-07T15:00:00+00:00 map_index=285 [queued]>
[2026-01-08T15:33:13.269+0000] {taskinstance.py:2076} INFO - Dependencies all met for dep_context=requeueable deps ti=<TaskInstance: daily_price_collection.persist_daily_price_batch scheduled__2026-01-07T15:00:00+00:00 map_index=285 [queued]>
[2026-01-08T15:33:13.271+0000] {taskinstance.py:2306} INFO - Starting attempt 1 of 2
[2026-01-08T15:33:13.305+0000] {taskinstance.py:2330} INFO - Executing <Mapped(_PythonDecoratedOperator): persist_daily_price_batch> on 2026-01-07 15:00:00+00:00
[2026-01-08T15:33:13.324+0000] {warnings.py:112} WARNING - This process (pid=3221) is multi-threaded, use of fork() may lead to deadlocks in the child.

[2026-01-08T15:33:13.326+0000] {standard_task_runner.py:64} INFO - Started process 3322 to run task
[2026-01-08T15:33:13.335+0000] {standard_task_runner.py:90} INFO - Running: ['***', 'tasks', 'run', 'daily_price_collection', 'persist_daily_price_batch', 'scheduled__2026-01-07T15:00:00+00:00', '--job-id', '6897', '--raw', '--subdir', 'DAGS_FOLDER/daily_price_collection.py', '--cfg-path', '/tmp/tmpkpng356q', '--map-index', '285']
[2026-01-08T15:33:13.337+0000] {standard_task_runner.py:91} INFO - Job 6897: Subtask persist_daily_price_batch
[2026-01-08T15:33:13.821+0000] {task_command.py:426} INFO - Running <TaskInstance: daily_price_collection.persist_daily_price_batch scheduled__2026-01-07T15:00:00+00:00 map_index=285 [running]> on host 7568acf023da
[2026-01-08T15:33:13.970+0000] {taskinstance.py:2905} ERROR - Task failed with exception
Traceback (most recent call last):
  File "/home/airflow/.local/lib/python3.12/site-packages/airflow/models/taskinstance.py", line 2479, in _run_raw_task
    self._execute_task_with_callbacks(context, test_mode, session=session)
  File "/home/airflow/.local/lib/python3.12/site-packages/airflow/models/taskinstance.py", line 2633, in _execute_task_with_callbacks
    task_orig = self.render_templates(context=context, jinja_env=jinja_env)
                ^^^^^^^^^^^^^^^^^^^^^^^^^^^^^^^^^^^^^^^^^^^^^^^^^^^^^^^^^^^
  File "/home/airflow/.local/lib/python3.12/site-packages/airflow/models/taskinstance.py", line 3094, in render_templates
    original_task.render_template_fields(context, jinja_env)
  File "/home/airflow/.local/lib/python3.12/site-packages/airflow/models/mappedoperator.py", line 830, in render_template_fields
    unmapped_task = self.unmap(mapped_kwargs)
                    ^^^^^^^^^^^^^^^^^^^^^^^^^
  File "/home/airflow/.local/lib/python3.12/site-packages/airflow/models/mappedoperator.py", line 747, in unmap
    op = self.operator_class(**kwargs, _airflow_from_mapped=True)
         ^^^^^^^^^^^^^^^^^^^^^^^^^^^^^^^^^^^^^^^^^^^^^^^^^^^^^^^^
  File "/home/airflow/.local/lib/python3.12/site-packages/airflow/models/baseoperator.py", line 485, in apply_defaults
    result = func(self, **kwargs, default_args=default_args)
             ^^^^^^^^^^^^^^^^^^^^^^^^^^^^^^^^^^^^^^^^^^^^^^^
  File "/home/airflow/.local/lib/python3.12/site-packages/airflow/decorators/python.py", line 52, in __init__
    super().__init__(
  File "/home/airflow/.local/lib/python3.12/site-packages/airflow/models/baseoperator.py", line 485, in apply_defaults
    result = func(self, **kwargs, default_args=default_args)
             ^^^^^^^^^^^^^^^^^^^^^^^^^^^^^^^^^^^^^^^^^^^^^^^
  File "/home/airflow/.local/lib/python3.12/site-packages/airflow/decorators/base.py", line 253, in __init__
    signature.bind(*op_args, **op_kwargs)
  File "/usr/local/lib/python3.12/inspect.py", line 3267, in bind
    return self._bind(args, kwargs)
           ^^^^^^^^^^^^^^^^^^^^^^^^
  File "/usr/local/lib/python3.12/inspect.py", line 3180, in _bind
    raise TypeError(msg) from None
TypeError: missing a required argument: 'symbols'
[2026-01-08T15:33:13.992+0000] {taskinstance.py:2953} ERROR - Unable to unmap task to determine if we need to send an alert email
[2026-01-08T15:33:13.993+0000] {taskinstance.py:1206} INFO - Marking task as UP_FOR_RETRY. dag_id=daily_price_collection, task_id=persist_daily_price_batch, run_id=scheduled__2026-01-07T15:00:00+00:00, map_index=285, execution_date=20260107T150000, start_date=20260108T153313, end_date=20260108T153313
[2026-01-08T15:33:14.048+0000] {standard_task_runner.py:110} ERROR - Failed to execute job 6897 for task persist_daily_price_batch (missing a required argument: 'symbols'; 3322)
[2026-01-08T15:33:14.119+0000] {local_task_job_runner.py:243} INFO - Task exited with return code 1
[2026-01-08T15:33:14.514+0000] {taskinstance.py:3503} INFO - 0 downstream tasks scheduled from follow-on schedule check
[2026-01-08T15:33:14.525+0000] {local_task_job_runner.py:222} INFO - ::endgroup::
