[2026-01-01T09:04:42.443+0000] {local_task_job_runner.py:120} INFO - ::group::Pre task execution logs
[2026-01-01T09:04:42.472+0000] {taskinstance.py:2076} INFO - Dependencies all met for dep_context=non-requeueable deps ti=<TaskInstance: thongtin_cty_bctc.ingest_bctc scheduled__2025-12-30T00:00:00+00:00 map_index=24 [queued]>
[2026-01-01T09:04:42.487+0000] {taskinstance.py:2076} INFO - Dependencies all met for dep_context=requeueable deps ti=<TaskInstance: thongtin_cty_bctc.ingest_bctc scheduled__2025-12-30T00:00:00+00:00 map_index=24 [queued]>
[2026-01-01T09:04:42.488+0000] {taskinstance.py:2306} INFO - Starting attempt 5 of 6
[2026-01-01T09:04:42.502+0000] {taskinstance.py:2330} INFO - Executing <Mapped(DfToCsvOperator): ingest_bctc> on 2025-12-30 00:00:00+00:00
[2026-01-01T09:04:42.513+0000] {warnings.py:112} WARNING - This process (pid=9221) is multi-threaded, use of fork() may lead to deadlocks in the child.

[2026-01-01T09:04:42.515+0000] {standard_task_runner.py:64} INFO - Started process 9257 to run task
[2026-01-01T09:04:42.518+0000] {standard_task_runner.py:90} INFO - Running: ['***', 'tasks', 'run', 'thongtin_cty_bctc', 'ingest_bctc', 'scheduled__2025-12-30T00:00:00+00:00', '--job-id', '4499', '--raw', '--subdir', 'DAGS_FOLDER/tt_cty_bctc.py', '--cfg-path', '/tmp/tmpp02jrfjs', '--map-index', '24']
[2026-01-01T09:04:42.519+0000] {standard_task_runner.py:91} INFO - Job 4499: Subtask ingest_bctc
[2026-01-01T09:04:42.592+0000] {task_command.py:426} INFO - Running <TaskInstance: thongtin_cty_bctc.ingest_bctc scheduled__2025-12-30T00:00:00+00:00 map_index=24 [running]> on host b455963a0603
[2026-01-01T09:04:42.846+0000] {taskinstance.py:2648} INFO - Exporting env vars: AIRFLOW_CTX_DAG_OWNER='***' AIRFLOW_CTX_DAG_ID='thongtin_cty_bctc' AIRFLOW_CTX_TASK_ID='ingest_bctc' AIRFLOW_CTX_EXECUTION_DATE='2025-12-30T00:00:00+00:00' AIRFLOW_CTX_TRY_NUMBER='5' AIRFLOW_CTX_DAG_RUN_ID='scheduled__2025-12-30T00:00:00+00:00'
[2026-01-01T09:04:42.851+0000] {taskinstance.py:430} INFO - ::endgroup::
[2026-01-01T09:04:42.866+0000] {logging_mixin.py:188} INFO - Bắt đầu xử lý batch 3 mã: ['VPB', 'VPA', 'VOS']
[2026-01-01T09:04:42.867+0000] {logging_mixin.py:188} INFO -  >> Đang lấy dữ liệu: VPB
[2026-01-01T09:04:46.113+0000] {logging_mixin.py:188} INFO -  >> Đang lấy dữ liệu: VPA
[2026-01-01T09:04:48.896+0000] {logging_mixin.py:188} INFO -  >> Đang lấy dữ liệu: VOS
[2026-01-01T09:04:51.703+0000] {logging_mixin.py:188} INFO -  ✓ Hoàn thành batch. Tổng số dòng: 11976
[2026-01-01T09:04:51.809+0000] {base.py:84} INFO - Using connection ID 'minio_finance' for task execution.
[2026-01-01T09:04:51.810+0000] {connection_wrapper.py:384} INFO - AWS Connection (conn_id='minio_finance', conn_type='aws') credentials retrieved from login and password.
[2026-01-01T09:04:52.434+0000] {datalake_df2csv.py:53} INFO - ✅ Đã upload 11976 dòng -> s3://thongtin-congty-va-bctc/bctc/2025-12-30/batch_24.csv
[2026-01-01T09:04:52.436+0000] {taskinstance.py:441} INFO - ::group::Post task execution logs
[2026-01-01T09:04:52.449+0000] {taskinstance.py:1206} INFO - Marking task as SUCCESS. dag_id=thongtin_cty_bctc, task_id=ingest_bctc, run_id=scheduled__2025-12-30T00:00:00+00:00, map_index=24, execution_date=20251230T000000, start_date=20260101T090442, end_date=20260101T090452
[2026-01-01T09:04:52.493+0000] {local_task_job_runner.py:243} INFO - Task exited with return code 0
[2026-01-01T09:04:52.823+0000] {taskinstance.py:3503} INFO - 0 downstream tasks scheduled from follow-on schedule check
[2026-01-01T09:04:52.828+0000] {local_task_job_runner.py:222} INFO - ::endgroup::
