[2026-01-11T04:02:23.935+0000] {local_task_job_runner.py:120} INFO - ::group::Pre task execution logs
[2026-01-11T04:02:23.988+0000] {taskinstance.py:2076} INFO - Dependencies all met for dep_context=non-requeueable deps ti=<TaskInstance: bctc.ingest_bctc manual__2026-01-11T04:01:06+00:00 map_index=6 [queued]>
[2026-01-11T04:02:24.020+0000] {taskinstance.py:2076} INFO - Dependencies all met for dep_context=requeueable deps ti=<TaskInstance: bctc.ingest_bctc manual__2026-01-11T04:01:06+00:00 map_index=6 [queued]>
[2026-01-11T04:02:24.021+0000] {taskinstance.py:2306} INFO - Starting attempt 1 of 2
[2026-01-11T04:02:24.057+0000] {taskinstance.py:2330} INFO - Executing <Mapped(DfToCsvOperator): ingest_bctc> on 2026-01-11 04:01:06+00:00
[2026-01-11T04:02:24.074+0000] {warnings.py:112} WARNING - This process (pid=1251) is multi-threaded, use of fork() may lead to deadlocks in the child.

[2026-01-11T04:02:24.082+0000] {standard_task_runner.py:64} INFO - Started process 1386 to run task
[2026-01-11T04:02:24.115+0000] {standard_task_runner.py:90} INFO - Running: ['***', 'tasks', 'run', 'bctc', 'ingest_bctc', 'manual__2026-01-11T04:01:06+00:00', '--job-id', '10188', '--raw', '--subdir', 'DAGS_FOLDER/tt_cty_bctc.py', '--cfg-path', '/tmp/tmpzzvpvh07', '--map-index', '6']
[2026-01-11T04:02:24.119+0000] {standard_task_runner.py:91} INFO - Job 10188: Subtask ingest_bctc
[2026-01-11T04:02:24.347+0000] {task_command.py:426} INFO - Running <TaskInstance: bctc.ingest_bctc manual__2026-01-11T04:01:06+00:00 map_index=6 [running]> on host 3f2af93df813
[2026-01-11T04:02:25.471+0000] {taskinstance.py:2648} INFO - Exporting env vars: AIRFLOW_CTX_DAG_OWNER='***' AIRFLOW_CTX_DAG_ID='bctc' AIRFLOW_CTX_TASK_ID='ingest_bctc' AIRFLOW_CTX_EXECUTION_DATE='2026-01-11T04:01:06+00:00' AIRFLOW_CTX_TRY_NUMBER='1' AIRFLOW_CTX_DAG_RUN_ID='manual__2026-01-11T04:01:06+00:00'
[2026-01-11T04:02:25.472+0000] {taskinstance.py:430} INFO - ::endgroup::
[2026-01-11T04:02:25.485+0000] {logging_mixin.py:188} INFO - Bắt đầu xử lý batch 20 mã: ['VIN', 'VIM', 'VIH', 'VIG', 'VIF', 'VIE', 'VID', 'VIC', 'VIB', 'VHM', 'VHL', 'VHI', 'VHH', 'VHG', 'VHF', 'VHE', 'VHD', 'VHC', 'VGV', 'VGT']
[2026-01-11T04:02:25.486+0000] {logging_mixin.py:188} INFO -  >> Đang lấy dữ liệu: VIN
[2026-01-11T04:02:25.628+0000] {logging_mixin.py:188} INFO -  Lỗi xử lý mã VIN: Failed to fetch data: 429 - Too Many Requests
[2026-01-11T04:02:25.630+0000] {logging_mixin.py:188} INFO -  >> Đang lấy dữ liệu: VIM
[2026-01-11T04:02:25.801+0000] {logging_mixin.py:188} INFO -  Lỗi xử lý mã VIM: Failed to fetch data: 429 - Too Many Requests
[2026-01-11T04:02:25.802+0000] {logging_mixin.py:188} INFO -  >> Đang lấy dữ liệu: VIH
[2026-01-11T04:02:26.080+0000] {logging_mixin.py:188} INFO -  Lỗi xử lý mã VIH: Failed to fetch data: 429 - Too Many Requests
[2026-01-11T04:02:26.081+0000] {logging_mixin.py:188} INFO -  >> Đang lấy dữ liệu: VIG
[2026-01-11T04:02:26.224+0000] {logging_mixin.py:188} INFO -  Lỗi xử lý mã VIG: Failed to fetch data: 429 - Too Many Requests
[2026-01-11T04:02:26.225+0000] {logging_mixin.py:188} INFO -  >> Đang lấy dữ liệu: VIF
[2026-01-11T04:02:26.361+0000] {logging_mixin.py:188} INFO -  Lỗi xử lý mã VIF: Failed to fetch data: 429 - Too Many Requests
[2026-01-11T04:02:26.362+0000] {logging_mixin.py:188} INFO -  >> Đang lấy dữ liệu: VIE
[2026-01-11T04:02:26.506+0000] {logging_mixin.py:188} INFO -  Lỗi xử lý mã VIE: Failed to fetch data: 429 - Too Many Requests
[2026-01-11T04:02:26.507+0000] {logging_mixin.py:188} INFO -  >> Đang lấy dữ liệu: VID
[2026-01-11T04:02:26.647+0000] {logging_mixin.py:188} INFO -  Lỗi xử lý mã VID: Failed to fetch data: 429 - Too Many Requests
[2026-01-11T04:02:26.648+0000] {logging_mixin.py:188} INFO -  >> Đang lấy dữ liệu: VIC
[2026-01-11T04:02:26.806+0000] {logging_mixin.py:188} INFO -  Lỗi xử lý mã VIC: Failed to fetch data: 429 - Too Many Requests
[2026-01-11T04:02:26.807+0000] {logging_mixin.py:188} INFO -  >> Đang lấy dữ liệu: VIB
[2026-01-11T04:02:26.965+0000] {logging_mixin.py:188} INFO -  Lỗi xử lý mã VIB: Failed to fetch data: 429 - Too Many Requests
[2026-01-11T04:02:26.966+0000] {logging_mixin.py:188} INFO -  >> Đang lấy dữ liệu: VHM
[2026-01-11T04:02:27.121+0000] {logging_mixin.py:188} INFO -  Lỗi xử lý mã VHM: Failed to fetch data: 429 - Too Many Requests
[2026-01-11T04:02:27.122+0000] {logging_mixin.py:188} INFO -  >> Đang lấy dữ liệu: VHL
[2026-01-11T04:02:27.376+0000] {logging_mixin.py:188} INFO -  Lỗi xử lý mã VHL: Failed to fetch data: 429 - Too Many Requests
[2026-01-11T04:02:27.377+0000] {logging_mixin.py:188} INFO -  >> Đang lấy dữ liệu: VHI
[2026-01-11T04:02:27.497+0000] {logging_mixin.py:188} INFO -  Lỗi xử lý mã VHI: Failed to fetch data: 429 - Too Many Requests
[2026-01-11T04:02:27.498+0000] {logging_mixin.py:188} INFO -  >> Đang lấy dữ liệu: VHH
[2026-01-11T04:02:27.649+0000] {logging_mixin.py:188} INFO -  Lỗi xử lý mã VHH: Failed to fetch data: 429 - Too Many Requests
[2026-01-11T04:02:27.650+0000] {logging_mixin.py:188} INFO -  >> Đang lấy dữ liệu: VHG
[2026-01-11T04:02:27.763+0000] {logging_mixin.py:188} INFO -  Lỗi xử lý mã VHG: Failed to fetch data: 429 - Too Many Requests
[2026-01-11T04:02:27.764+0000] {logging_mixin.py:188} INFO -  >> Đang lấy dữ liệu: VHF
[2026-01-11T04:02:27.885+0000] {logging_mixin.py:188} INFO -  Lỗi xử lý mã VHF: Failed to fetch data: 429 - Too Many Requests
[2026-01-11T04:02:27.885+0000] {logging_mixin.py:188} INFO -  >> Đang lấy dữ liệu: VHE
[2026-01-11T04:02:28.041+0000] {logging_mixin.py:188} INFO -  Lỗi xử lý mã VHE: Failed to fetch data: 429 - Too Many Requests
[2026-01-11T04:02:28.042+0000] {logging_mixin.py:188} INFO -  >> Đang lấy dữ liệu: VHD
[2026-01-11T04:02:28.229+0000] {logging_mixin.py:188} INFO -  Lỗi xử lý mã VHD: Failed to fetch data: 429 - Too Many Requests
[2026-01-11T04:02:28.231+0000] {logging_mixin.py:188} INFO -  >> Đang lấy dữ liệu: VHC
[2026-01-11T04:02:28.766+0000] {logging_mixin.py:188} INFO -  Lỗi xử lý mã VHC: Failed to fetch data: 429 - Too Many Requests
[2026-01-11T04:02:28.768+0000] {logging_mixin.py:188} INFO -  >> Đang lấy dữ liệu: VGV
[2026-01-11T04:02:28.996+0000] {logging_mixin.py:188} INFO -  Lỗi xử lý mã VGV: Failed to fetch data: 429 - Too Many Requests
[2026-01-11T04:02:28.997+0000] {logging_mixin.py:188} INFO -  >> Đang lấy dữ liệu: VGT
[2026-01-11T04:02:29.158+0000] {logging_mixin.py:188} INFO -  Lỗi xử lý mã VGT: Failed to fetch data: 429 - Too Many Requests
[2026-01-11T04:02:29.160+0000] {logging_mixin.py:188} INFO -  ⚠ Batch này không thu được dữ liệu nào.
[2026-01-11T04:02:29.165+0000] {datalake_df2csv.py:40} INFO - DataFrame rỗng, bỏ qua upload CSV.
[2026-01-11T04:02:29.166+0000] {taskinstance.py:441} INFO - ::group::Post task execution logs
[2026-01-11T04:02:29.180+0000] {taskinstance.py:1206} INFO - Marking task as SUCCESS. dag_id=bctc, task_id=ingest_bctc, run_id=manual__2026-01-11T04:01:06+00:00, map_index=6, execution_date=20260111T040106, start_date=20260111T040223, end_date=20260111T040229
[2026-01-11T04:02:29.244+0000] {local_task_job_runner.py:243} INFO - Task exited with return code 0
[2026-01-11T04:02:29.301+0000] {taskinstance.py:3503} INFO - 0 downstream tasks scheduled from follow-on schedule check
[2026-01-11T04:02:29.307+0000] {local_task_job_runner.py:222} INFO - ::endgroup::
