[2026-01-12T14:12:53.249+0000] {local_task_job_runner.py:120} INFO - ::group::Pre task execution logs
[2026-01-12T14:12:53.320+0000] {taskinstance.py:2076} INFO - Dependencies all met for dep_context=non-requeueable deps ti=<TaskInstance: daily_price_minio.ingest_daily_price manual__2026-01-12T14:07:40.988868+00:00 map_index=331 [queued]>
[2026-01-12T14:12:53.372+0000] {taskinstance.py:2076} INFO - Dependencies all met for dep_context=requeueable deps ti=<TaskInstance: daily_price_minio.ingest_daily_price manual__2026-01-12T14:07:40.988868+00:00 map_index=331 [queued]>
[2026-01-12T14:12:53.374+0000] {taskinstance.py:2306} INFO - Starting attempt 1 of 2
[2026-01-12T14:12:53.397+0000] {taskinstance.py:2330} INFO - Executing <Mapped(DfToCsvOperator): ingest_daily_price> on 2026-01-12 14:07:40.988868+00:00
[2026-01-12T14:12:53.418+0000] {warnings.py:112} WARNING - This process (pid=4672) is multi-threaded, use of fork() may lead to deadlocks in the child.

[2026-01-12T14:12:53.420+0000] {standard_task_runner.py:64} INFO - Started process 4783 to run task
[2026-01-12T14:12:53.425+0000] {standard_task_runner.py:90} INFO - Running: ['***', 'tasks', 'run', 'daily_price_minio', 'ingest_daily_price', 'manual__2026-01-12T14:07:40.988868+00:00', '--job-id', '12665', '--raw', '--subdir', 'DAGS_FOLDER/daily_price_minio.py', '--cfg-path', '/tmp/tmplbjd_mqy', '--map-index', '331']
[2026-01-12T14:12:53.430+0000] {standard_task_runner.py:91} INFO - Job 12665: Subtask ingest_daily_price
[2026-01-12T14:12:53.573+0000] {task_command.py:426} INFO - Running <TaskInstance: daily_price_minio.ingest_daily_price manual__2026-01-12T14:07:40.988868+00:00 map_index=331 [running]> on host 5a20a797a43c
[2026-01-12T14:12:53.745+0000] {taskinstance.py:2648} INFO - Exporting env vars: AIRFLOW_CTX_DAG_OWNER='***' AIRFLOW_CTX_DAG_ID='daily_price_minio' AIRFLOW_CTX_TASK_ID='ingest_daily_price' AIRFLOW_CTX_EXECUTION_DATE='2026-01-12T14:07:40.988868+00:00' AIRFLOW_CTX_TRY_NUMBER='1' AIRFLOW_CTX_DAG_RUN_ID='manual__2026-01-12T14:07:40.988868+00:00'
[2026-01-12T14:12:53.747+0000] {taskinstance.py:430} INFO - ::endgroup::
[2026-01-12T14:12:57.294+0000] {base.py:84} INFO - Using connection ID 'minio_finance' for task execution.
[2026-01-12T14:12:57.299+0000] {connection_wrapper.py:384} INFO - AWS Connection (conn_id='minio_finance', conn_type='aws') credentials retrieved from login and password.
[2026-01-12T14:12:58.324+0000] {datalake_df2csv.py:52} INFO - ✅ Đã upload 20 dòng -> s3://thongtin-congty-va-bctc/daily_price/2026-01-12/batch_331.csv
[2026-01-12T14:12:58.326+0000] {taskinstance.py:441} INFO - ::group::Post task execution logs
[2026-01-12T14:12:58.342+0000] {taskinstance.py:1206} INFO - Marking task as SUCCESS. dag_id=daily_price_minio, task_id=ingest_daily_price, run_id=manual__2026-01-12T14:07:40.988868+00:00, map_index=331, execution_date=20260112T140740, start_date=20260112T141253, end_date=20260112T141258
[2026-01-12T14:12:58.423+0000] {local_task_job_runner.py:243} INFO - Task exited with return code 0
[2026-01-12T14:12:58.441+0000] {taskinstance.py:3503} INFO - 0 downstream tasks scheduled from follow-on schedule check
[2026-01-12T14:12:58.443+0000] {local_task_job_runner.py:222} INFO - ::endgroup::
