[2026-01-12T13:34:12.530+0000] {local_task_job_runner.py:120} INFO - ::group::Pre task execution logs
[2026-01-12T13:34:12.553+0000] {taskinstance.py:2076} INFO - Dependencies all met for dep_context=non-requeueable deps ti=<TaskInstance: company_people_to_minio.ingest_people manual__2026-01-12T13:29:01.549010+00:00 map_index=54 [queued]>
[2026-01-12T13:34:12.566+0000] {taskinstance.py:2076} INFO - Dependencies all met for dep_context=requeueable deps ti=<TaskInstance: company_people_to_minio.ingest_people manual__2026-01-12T13:29:01.549010+00:00 map_index=54 [queued]>
[2026-01-12T13:34:12.567+0000] {taskinstance.py:2306} INFO - Starting attempt 1 of 2
[2026-01-12T13:34:12.584+0000] {taskinstance.py:2330} INFO - Executing <Mapped(DfToCsvOperator): ingest_people> on 2026-01-12 13:29:01.549010+00:00
[2026-01-12T13:34:12.596+0000] {warnings.py:112} WARNING - This process (pid=2142) is multi-threaded, use of fork() may lead to deadlocks in the child.

[2026-01-12T13:34:12.598+0000] {standard_task_runner.py:64} INFO - Started process 2163 to run task
[2026-01-12T13:34:12.600+0000] {standard_task_runner.py:90} INFO - Running: ['***', 'tasks', 'run', 'company_people_to_minio', 'ingest_people', 'manual__2026-01-12T13:29:01.549010+00:00', '--job-id', '10860', '--raw', '--subdir', 'DAGS_FOLDER/company_people_to_minio.py', '--cfg-path', '/tmp/tmp5bi3hxil', '--map-index', '54']
[2026-01-12T13:34:12.603+0000] {standard_task_runner.py:91} INFO - Job 10860: Subtask ingest_people
[2026-01-12T13:34:12.659+0000] {task_command.py:426} INFO - Running <TaskInstance: company_people_to_minio.ingest_people manual__2026-01-12T13:29:01.549010+00:00 map_index=54 [running]> on host 5a20a797a43c
[2026-01-12T13:34:12.782+0000] {taskinstance.py:2648} INFO - Exporting env vars: AIRFLOW_CTX_DAG_OWNER='***' AIRFLOW_CTX_DAG_ID='company_people_to_minio' AIRFLOW_CTX_TASK_ID='ingest_people' AIRFLOW_CTX_EXECUTION_DATE='2026-01-12T13:29:01.549010+00:00' AIRFLOW_CTX_TRY_NUMBER='1' AIRFLOW_CTX_DAG_RUN_ID='manual__2026-01-12T13:29:01.549010+00:00'
[2026-01-12T13:34:12.784+0000] {taskinstance.py:430} INFO - ::endgroup::
[2026-01-12T13:34:21.405+0000] {logging_mixin.py:188} INFO - officers HPO: RetryError[<Future at 0x7fef4c3dfcb0 state=finished raised KeyError>]
[2026-01-12T13:34:43.243+0000] {base.py:84} INFO - Using connection ID 'minio_finance' for task execution.
[2026-01-12T13:34:43.244+0000] {connection_wrapper.py:384} INFO - AWS Connection (conn_id='minio_finance', conn_type='aws') credentials retrieved from login and password.
[2026-01-12T13:34:43.680+0000] {datalake_df2csv.py:52} INFO - ✅ Đã upload 650 dòng -> s3://thongtin-congty-va-bctc/people/date=2026-01-12/batch_54.csv
[2026-01-12T13:34:43.681+0000] {taskinstance.py:441} INFO - ::group::Post task execution logs
[2026-01-12T13:34:43.689+0000] {taskinstance.py:1206} INFO - Marking task as SUCCESS. dag_id=company_people_to_minio, task_id=ingest_people, run_id=manual__2026-01-12T13:29:01.549010+00:00, map_index=54, execution_date=20260112T132901, start_date=20260112T133412, end_date=20260112T133443
[2026-01-12T13:34:43.734+0000] {local_task_job_runner.py:243} INFO - Task exited with return code 0
[2026-01-12T13:34:43.762+0000] {taskinstance.py:3503} INFO - 0 downstream tasks scheduled from follow-on schedule check
[2026-01-12T13:34:43.764+0000] {local_task_job_runner.py:222} INFO - ::endgroup::
