[2026-01-11T03:23:46.046+0000] {local_task_job_runner.py:120} INFO - ::group::Pre task execution logs
[2026-01-11T03:23:46.075+0000] {taskinstance.py:2076} INFO - Dependencies all met for dep_context=non-requeueable deps ti=<TaskInstance: bctc.ingest_bctc scheduled__2026-01-04T00:00:00+00:00 map_index=61 [queued]>
[2026-01-11T03:23:46.097+0000] {taskinstance.py:2076} INFO - Dependencies all met for dep_context=requeueable deps ti=<TaskInstance: bctc.ingest_bctc scheduled__2026-01-04T00:00:00+00:00 map_index=61 [queued]>
[2026-01-11T03:23:46.098+0000] {taskinstance.py:2306} INFO - Starting attempt 1 of 2
[2026-01-11T03:23:46.145+0000] {taskinstance.py:2330} INFO - Executing <Mapped(DfToCsvOperator): ingest_bctc> on 2026-01-04 00:00:00+00:00
[2026-01-11T03:23:46.160+0000] {warnings.py:112} WARNING - This process (pid=3118) is multi-threaded, use of fork() may lead to deadlocks in the child.

[2026-01-11T03:23:46.162+0000] {standard_task_runner.py:64} INFO - Started process 3164 to run task
[2026-01-11T03:23:46.164+0000] {standard_task_runner.py:90} INFO - Running: ['***', 'tasks', 'run', 'bctc', 'ingest_bctc', 'scheduled__2026-01-04T00:00:00+00:00', '--job-id', '9883', '--raw', '--subdir', 'DAGS_FOLDER/tt_cty_bctc.py', '--cfg-path', '/tmp/tmpdlxdpa3k', '--map-index', '61']
[2026-01-11T03:23:46.165+0000] {standard_task_runner.py:91} INFO - Job 9883: Subtask ingest_bctc
[2026-01-11T03:23:46.229+0000] {task_command.py:426} INFO - Running <TaskInstance: bctc.ingest_bctc scheduled__2026-01-04T00:00:00+00:00 map_index=61 [running]> on host 3f2af93df813
[2026-01-11T03:23:46.335+0000] {taskinstance.py:2648} INFO - Exporting env vars: AIRFLOW_CTX_DAG_OWNER='***' AIRFLOW_CTX_DAG_ID='bctc' AIRFLOW_CTX_TASK_ID='ingest_bctc' AIRFLOW_CTX_EXECUTION_DATE='2026-01-04T00:00:00+00:00' AIRFLOW_CTX_TRY_NUMBER='1' AIRFLOW_CTX_DAG_RUN_ID='scheduled__2026-01-04T00:00:00+00:00'
[2026-01-11T03:23:46.336+0000] {taskinstance.py:430} INFO - ::endgroup::
[2026-01-11T03:23:46.345+0000] {logging_mixin.py:188} INFO - Bắt đầu xử lý batch 20 mã: ['GEX', 'GER', 'GEG', 'GEE', 'GE2', 'GDW', 'GDT', 'GDA', 'GCF', 'GCB', 'GAS', 'GAB', 'G36', 'G20', 'FTS', 'FTM', 'FTI', 'FT1', 'FSO', 'FRT']
[2026-01-11T03:23:46.346+0000] {logging_mixin.py:188} INFO -  >> Đang lấy dữ liệu: GEX
[2026-01-11T03:23:46.552+0000] {logging_mixin.py:188} INFO -  Lỗi xử lý mã GEX: Failed to fetch data: 429 - Too Many Requests
[2026-01-11T03:23:46.553+0000] {logging_mixin.py:188} INFO -  >> Đang lấy dữ liệu: GER
[2026-01-11T03:23:46.652+0000] {logging_mixin.py:188} INFO -  Lỗi xử lý mã GER: Failed to fetch data: 429 - Too Many Requests
[2026-01-11T03:23:46.653+0000] {logging_mixin.py:188} INFO -  >> Đang lấy dữ liệu: GEG
[2026-01-11T03:23:46.827+0000] {logging_mixin.py:188} INFO -  Lỗi xử lý mã GEG: Failed to fetch data: 429 - Too Many Requests
[2026-01-11T03:23:46.828+0000] {logging_mixin.py:188} INFO -  >> Đang lấy dữ liệu: GEE
[2026-01-11T03:23:47.021+0000] {logging_mixin.py:188} INFO -  Lỗi xử lý mã GEE: Failed to fetch data: 429 - Too Many Requests
[2026-01-11T03:23:47.021+0000] {logging_mixin.py:188} INFO -  >> Đang lấy dữ liệu: GE2
[2026-01-11T03:23:47.117+0000] {logging_mixin.py:188} INFO -  Lỗi xử lý mã GE2: Failed to fetch data: 429 - Too Many Requests
[2026-01-11T03:23:47.118+0000] {logging_mixin.py:188} INFO -  >> Đang lấy dữ liệu: GDW
[2026-01-11T03:23:47.237+0000] {logging_mixin.py:188} INFO -  Lỗi xử lý mã GDW: Failed to fetch data: 429 - Too Many Requests
[2026-01-11T03:23:47.238+0000] {logging_mixin.py:188} INFO -  >> Đang lấy dữ liệu: GDT
[2026-01-11T03:23:49.463+0000] {logging_mixin.py:188} INFO -  Lỗi xử lý mã GDT: Failed to fetch data: 429 - Too Many Requests
[2026-01-11T03:23:49.464+0000] {logging_mixin.py:188} INFO -  >> Đang lấy dữ liệu: GDA
[2026-01-11T03:23:49.560+0000] {logging_mixin.py:188} INFO -  Lỗi xử lý mã GDA: Failed to fetch data: 429 - Too Many Requests
[2026-01-11T03:23:49.561+0000] {logging_mixin.py:188} INFO -  >> Đang lấy dữ liệu: GCF
[2026-01-11T03:23:49.670+0000] {logging_mixin.py:188} INFO -  Lỗi xử lý mã GCF: Failed to fetch data: 429 - Too Many Requests
[2026-01-11T03:23:49.671+0000] {logging_mixin.py:188} INFO -  >> Đang lấy dữ liệu: GCB
[2026-01-11T03:23:49.776+0000] {logging_mixin.py:188} INFO -  Lỗi xử lý mã GCB: Failed to fetch data: 429 - Too Many Requests
[2026-01-11T03:23:49.777+0000] {logging_mixin.py:188} INFO -  >> Đang lấy dữ liệu: GAS
[2026-01-11T03:23:50.134+0000] {logging_mixin.py:188} INFO -  Lỗi xử lý mã GAS: Failed to fetch data: 429 - Too Many Requests
[2026-01-11T03:23:50.136+0000] {logging_mixin.py:188} INFO -  >> Đang lấy dữ liệu: GAB
[2026-01-11T03:23:50.904+0000] {logging_mixin.py:188} INFO -  Lỗi xử lý mã GAB: Failed to fetch data: 429 - Too Many Requests
[2026-01-11T03:23:50.906+0000] {logging_mixin.py:188} INFO -  >> Đang lấy dữ liệu: G36
[2026-01-11T03:23:51.023+0000] {logging_mixin.py:188} INFO -  Lỗi xử lý mã G36: Failed to fetch data: 429 - Too Many Requests
[2026-01-11T03:23:51.024+0000] {logging_mixin.py:188} INFO -  >> Đang lấy dữ liệu: G20
[2026-01-11T03:23:51.134+0000] {logging_mixin.py:188} INFO -  Lỗi xử lý mã G20: Failed to fetch data: 429 - Too Many Requests
[2026-01-11T03:23:51.136+0000] {logging_mixin.py:188} INFO -  >> Đang lấy dữ liệu: FTS
[2026-01-11T03:23:51.389+0000] {logging_mixin.py:188} INFO -  Lỗi xử lý mã FTS: Failed to fetch data: 429 - Too Many Requests
[2026-01-11T03:23:51.390+0000] {logging_mixin.py:188} INFO -  >> Đang lấy dữ liệu: FTM
[2026-01-11T03:23:52.366+0000] {logging_mixin.py:188} INFO -  Lỗi xử lý mã FTM: Failed to fetch data: 429 - Too Many Requests
[2026-01-11T03:23:52.373+0000] {logging_mixin.py:188} INFO -  >> Đang lấy dữ liệu: FTI
[2026-01-11T03:23:52.578+0000] {logging_mixin.py:188} INFO -  Lỗi xử lý mã FTI: Failed to fetch data: 429 - Too Many Requests
[2026-01-11T03:23:52.580+0000] {logging_mixin.py:188} INFO -  >> Đang lấy dữ liệu: FT1
[2026-01-11T03:23:52.741+0000] {logging_mixin.py:188} INFO -  Lỗi xử lý mã FT1: Failed to fetch data: 429 - Too Many Requests
[2026-01-11T03:23:52.747+0000] {logging_mixin.py:188} INFO -  >> Đang lấy dữ liệu: FSO
[2026-01-11T03:23:54.529+0000] {logging_mixin.py:188} INFO -  Lỗi xử lý mã FSO: Failed to fetch data: 429 - Too Many Requests
[2026-01-11T03:23:54.530+0000] {logging_mixin.py:188} INFO -  >> Đang lấy dữ liệu: FRT
[2026-01-11T03:23:54.648+0000] {logging_mixin.py:188} INFO -  Lỗi xử lý mã FRT: Failed to fetch data: 429 - Too Many Requests
[2026-01-11T03:23:54.650+0000] {logging_mixin.py:188} INFO -  ⚠ Batch này không thu được dữ liệu nào.
[2026-01-11T03:23:54.657+0000] {datalake_df2csv.py:40} INFO - DataFrame rỗng, bỏ qua upload CSV.
[2026-01-11T03:23:54.658+0000] {taskinstance.py:441} INFO - ::group::Post task execution logs
[2026-01-11T03:23:54.682+0000] {taskinstance.py:1206} INFO - Marking task as SUCCESS. dag_id=bctc, task_id=ingest_bctc, run_id=scheduled__2026-01-04T00:00:00+00:00, map_index=61, execution_date=20260104T000000, start_date=20260111T032346, end_date=20260111T032354
[2026-01-11T03:23:55.074+0000] {local_task_job_runner.py:243} INFO - Task exited with return code 0
[2026-01-11T03:23:55.086+0000] {local_task_job_runner.py:222} INFO - ::endgroup::
