[2026-01-11T13:11:50.383+0000] {local_task_job_runner.py:120} INFO - ::group::Pre task execution logs
[2026-01-11T13:11:50.408+0000] {taskinstance.py:2076} INFO - Dependencies all met for dep_context=non-requeueable deps ti=<TaskInstance: company_overview_to_minio.ingest_overview manual__2026-01-11T12:56:17.061685+00:00 map_index=59 [queued]>
[2026-01-11T13:11:50.420+0000] {taskinstance.py:2076} INFO - Dependencies all met for dep_context=requeueable deps ti=<TaskInstance: company_overview_to_minio.ingest_overview manual__2026-01-11T12:56:17.061685+00:00 map_index=59 [queued]>
[2026-01-11T13:11:50.421+0000] {taskinstance.py:2306} INFO - Starting attempt 1 of 2
[2026-01-11T13:11:50.576+0000] {taskinstance.py:2330} INFO - Executing <Mapped(DfToCsvOperator): ingest_overview> on 2026-01-11 12:56:17.061685+00:00
[2026-01-11T13:11:50.586+0000] {warnings.py:112} WARNING - This process (pid=3882) is multi-threaded, use of fork() may lead to deadlocks in the child.

[2026-01-11T13:11:50.587+0000] {standard_task_runner.py:64} INFO - Started process 3918 to run task
[2026-01-11T13:11:50.589+0000] {standard_task_runner.py:90} INFO - Running: ['***', 'tasks', 'run', 'company_overview_to_minio', 'ingest_overview', 'manual__2026-01-11T12:56:17.061685+00:00', '--job-id', '10623', '--raw', '--subdir', 'DAGS_FOLDER/company_overview_to_minio.py', '--cfg-path', '/tmp/tmp35dob9gm', '--map-index', '59']
[2026-01-11T13:11:50.590+0000] {standard_task_runner.py:91} INFO - Job 10623: Subtask ingest_overview
[2026-01-11T13:11:50.633+0000] {task_command.py:426} INFO - Running <TaskInstance: company_overview_to_minio.ingest_overview manual__2026-01-11T12:56:17.061685+00:00 map_index=59 [running]> on host 09a10a568fe6
[2026-01-11T13:11:50.713+0000] {taskinstance.py:2648} INFO - Exporting env vars: AIRFLOW_CTX_DAG_OWNER='***' AIRFLOW_CTX_DAG_ID='company_overview_to_minio' AIRFLOW_CTX_TASK_ID='ingest_overview' AIRFLOW_CTX_EXECUTION_DATE='2026-01-11T12:56:17.061685+00:00' AIRFLOW_CTX_TRY_NUMBER='1' AIRFLOW_CTX_DAG_RUN_ID='manual__2026-01-11T12:56:17.061685+00:00'
[2026-01-11T13:11:50.714+0000] {taskinstance.py:430} INFO - ::endgroup::
[2026-01-11T13:11:51.853+0000] {warnings.py:112} WARNING - DataFrame.applymap has been deprecated. Use DataFrame.map instead.

[2026-01-11T13:11:53.448+0000] {warnings.py:112} WARNING - DataFrame.applymap has been deprecated. Use DataFrame.map instead.

[2026-01-11T13:11:54.880+0000] {warnings.py:112} WARNING - DataFrame.applymap has been deprecated. Use DataFrame.map instead.

[2026-01-11T13:11:56.026+0000] {warnings.py:112} WARNING - DataFrame.applymap has been deprecated. Use DataFrame.map instead.

[2026-01-11T13:11:57.475+0000] {warnings.py:112} WARNING - DataFrame.applymap has been deprecated. Use DataFrame.map instead.

[2026-01-11T13:11:58.726+0000] {warnings.py:112} WARNING - DataFrame.applymap has been deprecated. Use DataFrame.map instead.

[2026-01-11T13:11:59.955+0000] {warnings.py:112} WARNING - DataFrame.applymap has been deprecated. Use DataFrame.map instead.

[2026-01-11T13:12:01.223+0000] {warnings.py:112} WARNING - DataFrame.applymap has been deprecated. Use DataFrame.map instead.

[2026-01-11T13:12:02.387+0000] {warnings.py:112} WARNING - DataFrame.applymap has been deprecated. Use DataFrame.map instead.

[2026-01-11T13:12:03.545+0000] {warnings.py:112} WARNING - DataFrame.applymap has been deprecated. Use DataFrame.map instead.

[2026-01-11T13:12:04.717+0000] {warnings.py:112} WARNING - DataFrame.applymap has been deprecated. Use DataFrame.map instead.

[2026-01-11T13:12:09.866+0000] {logging_mixin.py:188} INFO - Err overview HAB: RetryError[<Future at 0x7f6ea0342570 state=finished raised AttributeError>]
[2026-01-11T13:12:11.040+0000] {warnings.py:112} WARNING - DataFrame.applymap has been deprecated. Use DataFrame.map instead.

[2026-01-11T13:12:12.464+0000] {warnings.py:112} WARNING - DataFrame.applymap has been deprecated. Use DataFrame.map instead.

[2026-01-11T13:12:13.889+0000] {warnings.py:112} WARNING - DataFrame.applymap has been deprecated. Use DataFrame.map instead.

[2026-01-11T13:12:19.102+0000] {logging_mixin.py:188} INFO - Err overview GTT: RetryError[<Future at 0x7f6e92545c10 state=finished raised AttributeError>]
[2026-01-11T13:12:20.268+0000] {warnings.py:112} WARNING - DataFrame.applymap has been deprecated. Use DataFrame.map instead.

[2026-01-11T13:12:25.528+0000] {logging_mixin.py:188} INFO - Err overview GTK: RetryError[<Future at 0x7f6e92550050 state=finished raised AttributeError>]
[2026-01-11T13:12:26.708+0000] {warnings.py:112} WARNING - DataFrame.applymap has been deprecated. Use DataFrame.map instead.

[2026-01-11T13:12:28.576+0000] {warnings.py:112} WARNING - DataFrame.applymap has been deprecated. Use DataFrame.map instead.

[2026-01-11T13:12:29.615+0000] {base.py:84} INFO - Using connection ID 'minio_finance' for task execution.
[2026-01-11T13:12:29.617+0000] {connection_wrapper.py:384} INFO - AWS Connection (conn_id='minio_finance', conn_type='aws') credentials retrieved from login and password.
[2026-01-11T13:12:30.053+0000] {datalake_df2csv.py:52} INFO - ✅ Đã upload 17 dòng -> s3://thongtin-congty-va-bctc/overview/date=2026-01-11/batch_59.csv
[2026-01-11T13:12:30.053+0000] {taskinstance.py:441} INFO - ::group::Post task execution logs
[2026-01-11T13:12:30.069+0000] {taskinstance.py:1206} INFO - Marking task as SUCCESS. dag_id=company_overview_to_minio, task_id=ingest_overview, run_id=manual__2026-01-11T12:56:17.061685+00:00, map_index=59, execution_date=20260111T125617, start_date=20260111T131150, end_date=20260111T131230
[2026-01-11T13:12:30.111+0000] {local_task_job_runner.py:243} INFO - Task exited with return code 0
[2026-01-11T13:12:30.138+0000] {taskinstance.py:3503} INFO - 0 downstream tasks scheduled from follow-on schedule check
[2026-01-11T13:12:30.140+0000] {local_task_job_runner.py:222} INFO - ::endgroup::
