[2025-12-31T14:39:50.258+0000] {local_task_job_runner.py:120} INFO - ::group::Pre task execution logs
[2025-12-31T14:39:50.292+0000] {taskinstance.py:2076} INFO - Dependencies all met for dep_context=non-requeueable deps ti=<TaskInstance: thongtin_cty_bctc.ingest_overview scheduled__2025-12-30T00:00:00+00:00 map_index=0 [queued]>
[2025-12-31T14:39:50.315+0000] {taskinstance.py:2076} INFO - Dependencies all met for dep_context=requeueable deps ti=<TaskInstance: thongtin_cty_bctc.ingest_overview scheduled__2025-12-30T00:00:00+00:00 map_index=0 [queued]>
[2025-12-31T14:39:50.316+0000] {taskinstance.py:2306} INFO - Starting attempt 2 of 2
[2025-12-31T14:39:50.331+0000] {taskinstance.py:2330} INFO - Executing <Mapped(DfToCsvOperator): ingest_overview> on 2025-12-30 00:00:00+00:00
[2025-12-31T14:39:50.341+0000] {warnings.py:112} WARNING - This process (pid=4238) is multi-threaded, use of fork() may lead to deadlocks in the child.

[2025-12-31T14:39:50.343+0000] {standard_task_runner.py:64} INFO - Started process 4255 to run task
[2025-12-31T14:39:50.345+0000] {standard_task_runner.py:90} INFO - Running: ['***', 'tasks', 'run', 'thongtin_cty_bctc', 'ingest_overview', 'scheduled__2025-12-30T00:00:00+00:00', '--job-id', '330', '--raw', '--subdir', 'DAGS_FOLDER/tt_cty_bctc.py', '--cfg-path', '/tmp/tmpf8jfowzt', '--map-index', '0']
[2025-12-31T14:39:50.346+0000] {standard_task_runner.py:91} INFO - Job 330: Subtask ingest_overview
[2025-12-31T14:39:50.400+0000] {task_command.py:426} INFO - Running <TaskInstance: thongtin_cty_bctc.ingest_overview scheduled__2025-12-30T00:00:00+00:00 map_index=0 [running]> on host 8bc7f11ea9a4
[2025-12-31T14:39:50.499+0000] {taskinstance.py:2648} INFO - Exporting env vars: AIRFLOW_CTX_DAG_OWNER='***' AIRFLOW_CTX_DAG_ID='thongtin_cty_bctc' AIRFLOW_CTX_TASK_ID='ingest_overview' AIRFLOW_CTX_EXECUTION_DATE='2025-12-30T00:00:00+00:00' AIRFLOW_CTX_TRY_NUMBER='2' AIRFLOW_CTX_DAG_RUN_ID='scheduled__2025-12-30T00:00:00+00:00'
[2025-12-31T14:39:50.500+0000] {taskinstance.py:430} INFO - ::endgroup::
[2025-12-31T14:39:50.610+0000] {logging_mixin.py:188} INFO - Err overview YTC: Failed to fetch data: 429 - Too Many Requests
[2025-12-31T14:39:50.731+0000] {logging_mixin.py:188} INFO - Err overview YEG: Failed to fetch data: 429 - Too Many Requests
[2025-12-31T14:39:50.850+0000] {logging_mixin.py:188} INFO - Err overview YBM: Failed to fetch data: 429 - Too Many Requests
[2025-12-31T14:39:50.977+0000] {logging_mixin.py:188} INFO - Err overview YBC: Failed to fetch data: 429 - Too Many Requests
[2025-12-31T14:39:51.117+0000] {logging_mixin.py:188} INFO - Err overview XPH: Failed to fetch data: 429 - Too Many Requests
[2025-12-31T14:39:51.242+0000] {logging_mixin.py:188} INFO - Err overview XMP: Failed to fetch data: 429 - Too Many Requests
[2025-12-31T14:39:51.383+0000] {logging_mixin.py:188} INFO - Err overview XMD: Failed to fetch data: 429 - Too Many Requests
[2025-12-31T14:39:51.505+0000] {logging_mixin.py:188} INFO - Err overview XMC: Failed to fetch data: 429 - Too Many Requests
[2025-12-31T14:39:51.635+0000] {logging_mixin.py:188} INFO - Err overview XLV: Failed to fetch data: 429 - Too Many Requests
[2025-12-31T14:39:51.753+0000] {logging_mixin.py:188} INFO - Err overview XHC: Failed to fetch data: 429 - Too Many Requests
[2025-12-31T14:39:51.871+0000] {logging_mixin.py:188} INFO - Err overview XDH: Failed to fetch data: 429 - Too Many Requests
[2025-12-31T14:39:51.989+0000] {logging_mixin.py:188} INFO - Err overview XDC: Failed to fetch data: 429 - Too Many Requests
[2025-12-31T14:39:52.105+0000] {logging_mixin.py:188} INFO - Err overview X77: Failed to fetch data: 429 - Too Many Requests
[2025-12-31T14:39:52.214+0000] {logging_mixin.py:188} INFO - Err overview X26: Failed to fetch data: 429 - Too Many Requests
[2025-12-31T14:39:52.328+0000] {logging_mixin.py:188} INFO - Err overview X20: Failed to fetch data: 429 - Too Many Requests
[2025-12-31T14:39:52.437+0000] {logging_mixin.py:188} INFO - Err overview WTC: Failed to fetch data: 429 - Too Many Requests
[2025-12-31T14:39:52.538+0000] {logging_mixin.py:188} INFO - Err overview WSS: Failed to fetch data: 429 - Too Many Requests
[2025-12-31T14:39:52.651+0000] {logging_mixin.py:188} INFO - Err overview WSB: Failed to fetch data: 429 - Too Many Requests
[2025-12-31T14:39:52.774+0000] {logging_mixin.py:188} INFO - Err overview WCS: Failed to fetch data: 429 - Too Many Requests
[2025-12-31T14:39:52.887+0000] {logging_mixin.py:188} INFO - Err overview VXT: Failed to fetch data: 429 - Too Many Requests
[2025-12-31T14:39:52.892+0000] {datalake_df2csv.py:40} INFO - DataFrame rỗng, bỏ qua upload CSV.
[2025-12-31T14:39:52.892+0000] {taskinstance.py:441} INFO - ::group::Post task execution logs
[2025-12-31T14:39:52.904+0000] {taskinstance.py:1206} INFO - Marking task as SUCCESS. dag_id=thongtin_cty_bctc, task_id=ingest_overview, run_id=scheduled__2025-12-30T00:00:00+00:00, map_index=0, execution_date=20251230T000000, start_date=20251231T143950, end_date=20251231T143952
[2025-12-31T14:39:52.963+0000] {local_task_job_runner.py:243} INFO - Task exited with return code 0
[2025-12-31T14:39:52.980+0000] {taskinstance.py:3503} INFO - 0 downstream tasks scheduled from follow-on schedule check
[2025-12-31T14:39:52.982+0000] {local_task_job_runner.py:222} INFO - ::endgroup::
