[2026-01-11T03:23:42.786+0000] {local_task_job_runner.py:120} INFO - ::group::Pre task execution logs
[2026-01-11T03:23:42.815+0000] {taskinstance.py:2076} INFO - Dependencies all met for dep_context=non-requeueable deps ti=<TaskInstance: bctc.ingest_bctc scheduled__2026-01-04T00:00:00+00:00 map_index=57 [queued]>
[2026-01-11T03:23:42.838+0000] {taskinstance.py:2076} INFO - Dependencies all met for dep_context=requeueable deps ti=<TaskInstance: bctc.ingest_bctc scheduled__2026-01-04T00:00:00+00:00 map_index=57 [queued]>
[2026-01-11T03:23:42.839+0000] {taskinstance.py:2306} INFO - Starting attempt 1 of 2
[2026-01-11T03:23:42.865+0000] {taskinstance.py:2330} INFO - Executing <Mapped(DfToCsvOperator): ingest_bctc> on 2026-01-04 00:00:00+00:00
[2026-01-11T03:23:42.878+0000] {warnings.py:112} WARNING - This process (pid=3072) is multi-threaded, use of fork() may lead to deadlocks in the child.

[2026-01-11T03:23:42.880+0000] {standard_task_runner.py:64} INFO - Started process 3128 to run task
[2026-01-11T03:23:42.883+0000] {standard_task_runner.py:90} INFO - Running: ['***', 'tasks', 'run', 'bctc', 'ingest_bctc', 'scheduled__2026-01-04T00:00:00+00:00', '--job-id', '9879', '--raw', '--subdir', 'DAGS_FOLDER/tt_cty_bctc.py', '--cfg-path', '/tmp/tmp34heew1k', '--map-index', '57']
[2026-01-11T03:23:42.885+0000] {standard_task_runner.py:91} INFO - Job 9879: Subtask ingest_bctc
[2026-01-11T03:23:42.951+0000] {task_command.py:426} INFO - Running <TaskInstance: bctc.ingest_bctc scheduled__2026-01-04T00:00:00+00:00 map_index=57 [running]> on host 3f2af93df813
[2026-01-11T03:23:43.086+0000] {taskinstance.py:2648} INFO - Exporting env vars: AIRFLOW_CTX_DAG_OWNER='***' AIRFLOW_CTX_DAG_ID='bctc' AIRFLOW_CTX_TASK_ID='ingest_bctc' AIRFLOW_CTX_EXECUTION_DATE='2026-01-04T00:00:00+00:00' AIRFLOW_CTX_TRY_NUMBER='1' AIRFLOW_CTX_DAG_RUN_ID='scheduled__2026-01-04T00:00:00+00:00'
[2026-01-11T03:23:43.088+0000] {taskinstance.py:430} INFO - ::endgroup::
[2026-01-11T03:23:43.102+0000] {logging_mixin.py:188} INFO - Bắt đầu xử lý batch 20 mã: ['HGM', 'HGC', 'HGA', 'HFX', 'HFC', 'HFB', 'HEV', 'HES', 'HEP', 'HEM', 'HEJ', 'HEC', 'HDW', 'HDS', 'HDP', 'HDO', 'HDM', 'HDG', 'HDC', 'HDB']
[2026-01-11T03:23:43.103+0000] {logging_mixin.py:188} INFO -  >> Đang lấy dữ liệu: HGM
[2026-01-11T03:23:43.552+0000] {logging_mixin.py:188} INFO -  Lỗi xử lý mã HGM: Failed to fetch data: 429 - Too Many Requests
[2026-01-11T03:23:43.553+0000] {logging_mixin.py:188} INFO -  >> Đang lấy dữ liệu: HGC
[2026-01-11T03:23:43.656+0000] {logging_mixin.py:188} INFO -  Lỗi xử lý mã HGC: Failed to fetch data: 429 - Too Many Requests
[2026-01-11T03:23:43.657+0000] {logging_mixin.py:188} INFO -  >> Đang lấy dữ liệu: HGA
[2026-01-11T03:23:45.668+0000] {logging_mixin.py:188} INFO -  Lỗi xử lý mã HGA: Failed to fetch data: 429 - Too Many Requests
[2026-01-11T03:23:45.669+0000] {logging_mixin.py:188} INFO -  >> Đang lấy dữ liệu: HFX
[2026-01-11T03:23:45.802+0000] {logging_mixin.py:188} INFO -  Lỗi xử lý mã HFX: Failed to fetch data: 429 - Too Many Requests
[2026-01-11T03:23:45.803+0000] {logging_mixin.py:188} INFO -  >> Đang lấy dữ liệu: HFC
[2026-01-11T03:23:45.915+0000] {logging_mixin.py:188} INFO -  Lỗi xử lý mã HFC: Failed to fetch data: 429 - Too Many Requests
[2026-01-11T03:23:45.916+0000] {logging_mixin.py:188} INFO -  >> Đang lấy dữ liệu: HFB
[2026-01-11T03:23:46.015+0000] {logging_mixin.py:188} INFO -  Lỗi xử lý mã HFB: Failed to fetch data: 429 - Too Many Requests
[2026-01-11T03:23:46.016+0000] {logging_mixin.py:188} INFO -  >> Đang lấy dữ liệu: HEV
[2026-01-11T03:23:46.892+0000] {logging_mixin.py:188} INFO -  Lỗi xử lý mã HEV: Failed to fetch data: 429 - Too Many Requests
[2026-01-11T03:23:46.893+0000] {logging_mixin.py:188} INFO -  >> Đang lấy dữ liệu: HES
[2026-01-11T03:23:47.000+0000] {logging_mixin.py:188} INFO -  Lỗi xử lý mã HES: Failed to fetch data: 429 - Too Many Requests
[2026-01-11T03:23:47.001+0000] {logging_mixin.py:188} INFO -  >> Đang lấy dữ liệu: HEP
[2026-01-11T03:23:47.113+0000] {logging_mixin.py:188} INFO -  Lỗi xử lý mã HEP: Failed to fetch data: 429 - Too Many Requests
[2026-01-11T03:23:47.115+0000] {logging_mixin.py:188} INFO -  >> Đang lấy dữ liệu: HEM
[2026-01-11T03:23:47.256+0000] {logging_mixin.py:188} INFO -  Lỗi xử lý mã HEM: Failed to fetch data: 429 - Too Many Requests
[2026-01-11T03:23:47.257+0000] {logging_mixin.py:188} INFO -  >> Đang lấy dữ liệu: HEJ
[2026-01-11T03:23:47.414+0000] {logging_mixin.py:188} INFO -  Lỗi xử lý mã HEJ: Failed to fetch data: 429 - Too Many Requests
[2026-01-11T03:23:47.416+0000] {logging_mixin.py:188} INFO -  >> Đang lấy dữ liệu: HEC
[2026-01-11T03:23:48.060+0000] {logging_mixin.py:188} INFO -  Lỗi xử lý mã HEC: Failed to fetch data: 429 - Too Many Requests
[2026-01-11T03:23:48.062+0000] {logging_mixin.py:188} INFO -  >> Đang lấy dữ liệu: HDW
[2026-01-11T03:23:48.176+0000] {logging_mixin.py:188} INFO -  Lỗi xử lý mã HDW: Failed to fetch data: 429 - Too Many Requests
[2026-01-11T03:23:48.177+0000] {logging_mixin.py:188} INFO -  >> Đang lấy dữ liệu: HDS
[2026-01-11T03:23:48.656+0000] {logging_mixin.py:188} INFO -  Lỗi xử lý mã HDS: Failed to fetch data: 429 - Too Many Requests
[2026-01-11T03:23:48.657+0000] {logging_mixin.py:188} INFO -  >> Đang lấy dữ liệu: HDP
[2026-01-11T03:23:48.777+0000] {logging_mixin.py:188} INFO -  Lỗi xử lý mã HDP: Failed to fetch data: 429 - Too Many Requests
[2026-01-11T03:23:48.778+0000] {logging_mixin.py:188} INFO -  >> Đang lấy dữ liệu: HDO
[2026-01-11T03:23:48.920+0000] {logging_mixin.py:188} INFO -  Lỗi xử lý mã HDO: Failed to fetch data: 429 - Too Many Requests
[2026-01-11T03:23:48.921+0000] {logging_mixin.py:188} INFO -  >> Đang lấy dữ liệu: HDM
[2026-01-11T03:23:49.034+0000] {logging_mixin.py:188} INFO -  Lỗi xử lý mã HDM: Failed to fetch data: 429 - Too Many Requests
[2026-01-11T03:23:49.035+0000] {logging_mixin.py:188} INFO -  >> Đang lấy dữ liệu: HDG
[2026-01-11T03:23:49.417+0000] {logging_mixin.py:188} INFO -  Lỗi xử lý mã HDG: Failed to fetch data: 429 - Too Many Requests
[2026-01-11T03:23:49.418+0000] {logging_mixin.py:188} INFO -  >> Đang lấy dữ liệu: HDC
[2026-01-11T03:23:49.525+0000] {logging_mixin.py:188} INFO -  Lỗi xử lý mã HDC: Failed to fetch data: 429 - Too Many Requests
[2026-01-11T03:23:49.526+0000] {logging_mixin.py:188} INFO -  >> Đang lấy dữ liệu: HDB
[2026-01-11T03:23:49.901+0000] {logging_mixin.py:188} INFO -  Lỗi xử lý mã HDB: Failed to fetch data: 429 - Too Many Requests
[2026-01-11T03:23:49.901+0000] {logging_mixin.py:188} INFO -  ⚠ Batch này không thu được dữ liệu nào.
[2026-01-11T03:23:49.906+0000] {datalake_df2csv.py:40} INFO - DataFrame rỗng, bỏ qua upload CSV.
[2026-01-11T03:23:49.907+0000] {taskinstance.py:441} INFO - ::group::Post task execution logs
[2026-01-11T03:23:49.919+0000] {taskinstance.py:1206} INFO - Marking task as SUCCESS. dag_id=bctc, task_id=ingest_bctc, run_id=scheduled__2026-01-04T00:00:00+00:00, map_index=57, execution_date=20260104T000000, start_date=20260111T032342, end_date=20260111T032349
[2026-01-11T03:23:50.564+0000] {local_task_job_runner.py:243} INFO - Task exited with return code 0
[2026-01-11T03:23:50.577+0000] {local_task_job_runner.py:222} INFO - ::endgroup::
