[2026-01-10T15:15:12.684+0000] {local_task_job_runner.py:120} INFO - ::group::Pre task execution logs
[2026-01-10T15:15:13.043+0000] {taskinstance.py:2076} INFO - Dependencies all met for dep_context=non-requeueable deps ti=<TaskInstance: thongtin_cty_bctc.ingest_bctc scheduled__2025-12-30T00:00:00+00:00 map_index=411 [queued]>
[2026-01-10T15:15:13.197+0000] {taskinstance.py:2076} INFO - Dependencies all met for dep_context=requeueable deps ti=<TaskInstance: thongtin_cty_bctc.ingest_bctc scheduled__2025-12-30T00:00:00+00:00 map_index=411 [queued]>
[2026-01-10T15:15:13.203+0000] {taskinstance.py:2306} INFO - Starting attempt 1 of 2
[2026-01-10T15:15:13.235+0000] {taskinstance.py:2330} INFO - Executing <Mapped(DfToCsvOperator): ingest_bctc> on 2025-12-30 00:00:00+00:00
[2026-01-10T15:15:13.256+0000] {warnings.py:112} WARNING - This process (pid=8504) is multi-threaded, use of fork() may lead to deadlocks in the child.

[2026-01-10T15:15:13.264+0000] {standard_task_runner.py:64} INFO - Started process 8575 to run task
[2026-01-10T15:15:13.271+0000] {standard_task_runner.py:90} INFO - Running: ['***', 'tasks', 'run', 'thongtin_cty_bctc', 'ingest_bctc', 'scheduled__2025-12-30T00:00:00+00:00', '--job-id', '9329', '--raw', '--subdir', 'DAGS_FOLDER/tt_cty_bctc.py', '--cfg-path', '/tmp/tmprm5u2mim', '--map-index', '411']
[2026-01-10T15:15:13.276+0000] {standard_task_runner.py:91} INFO - Job 9329: Subtask ingest_bctc
[2026-01-10T15:15:13.379+0000] {task_command.py:426} INFO - Running <TaskInstance: thongtin_cty_bctc.ingest_bctc scheduled__2025-12-30T00:00:00+00:00 map_index=411 [running]> on host c44bcb92a951
[2026-01-10T15:15:13.511+0000] {taskinstance.py:2648} INFO - Exporting env vars: AIRFLOW_CTX_DAG_OWNER='***' AIRFLOW_CTX_DAG_ID='thongtin_cty_bctc' AIRFLOW_CTX_TASK_ID='ingest_bctc' AIRFLOW_CTX_EXECUTION_DATE='2025-12-30T00:00:00+00:00' AIRFLOW_CTX_TRY_NUMBER='1' AIRFLOW_CTX_DAG_RUN_ID='scheduled__2025-12-30T00:00:00+00:00'
[2026-01-10T15:15:13.513+0000] {taskinstance.py:430} INFO - ::endgroup::
[2026-01-10T15:15:13.529+0000] {logging_mixin.py:188} INFO - Bắt đầu xử lý batch 3 mã: ['G20', 'FTS', 'FTM']
[2026-01-10T15:15:13.530+0000] {logging_mixin.py:188} INFO -  >> Đang lấy dữ liệu: G20
[2026-01-10T15:15:16.673+0000] {logging_mixin.py:188} INFO -  >> Đang lấy dữ liệu: FTS
[2026-01-10T15:15:19.335+0000] {logging_mixin.py:188} INFO -  >> Đang lấy dữ liệu: FTM
[2026-01-10T15:15:23.138+0000] {logging_mixin.py:188} INFO -  ✓ Hoàn thành batch. Tổng số dòng: 8428
[2026-01-10T15:15:23.175+0000] {base.py:84} INFO - Using connection ID 'minio_finance' for task execution.
[2026-01-10T15:15:23.176+0000] {connection_wrapper.py:384} INFO - AWS Connection (conn_id='minio_finance', conn_type='aws') credentials retrieved from login and password.
[2026-01-10T15:15:23.724+0000] {datalake_df2csv.py:52} INFO - ✅ Đã upload 8428 dòng -> s3://thongtin-congty-va-bctc/bctc/2025-12-30/batch_411.csv
[2026-01-10T15:15:23.732+0000] {taskinstance.py:441} INFO - ::group::Post task execution logs
[2026-01-10T15:15:23.746+0000] {taskinstance.py:1206} INFO - Marking task as SUCCESS. dag_id=thongtin_cty_bctc, task_id=ingest_bctc, run_id=scheduled__2025-12-30T00:00:00+00:00, map_index=411, execution_date=20251230T000000, start_date=20260110T151513, end_date=20260110T151523
[2026-01-10T15:15:23.810+0000] {local_task_job_runner.py:243} INFO - Task exited with return code 0
[2026-01-10T15:15:23.825+0000] {local_task_job_runner.py:222} INFO - ::endgroup::
