[2026-01-01T08:59:01.037+0000] {local_task_job_runner.py:120} INFO - ::group::Pre task execution logs
[2026-01-01T08:59:01.091+0000] {taskinstance.py:2076} INFO - Dependencies all met for dep_context=non-requeueable deps ti=<TaskInstance: thongtin_cty_bctc.ingest_bctc manual__2026-01-01T00:00:00+00:00 map_index=128 [queued]>
[2026-01-01T08:59:01.134+0000] {taskinstance.py:2076} INFO - Dependencies all met for dep_context=requeueable deps ti=<TaskInstance: thongtin_cty_bctc.ingest_bctc manual__2026-01-01T00:00:00+00:00 map_index=128 [queued]>
[2026-01-01T08:59:01.134+0000] {taskinstance.py:2306} INFO - Starting attempt 1 of 2
[2026-01-01T08:59:01.338+0000] {taskinstance.py:2330} INFO - Executing <Mapped(DfToCsvOperator): ingest_bctc> on 2026-01-01 00:00:00+00:00
[2026-01-01T08:59:01.357+0000] {warnings.py:112} WARNING - This process (pid=5627) is multi-threaded, use of fork() may lead to deadlocks in the child.

[2026-01-01T08:59:01.359+0000] {standard_task_runner.py:64} INFO - Started process 5696 to run task
[2026-01-01T08:59:01.361+0000] {standard_task_runner.py:90} INFO - Running: ['***', 'tasks', 'run', 'thongtin_cty_bctc', 'ingest_bctc', 'manual__2026-01-01T00:00:00+00:00', '--job-id', '4225', '--raw', '--subdir', 'DAGS_FOLDER/tt_cty_bctc.py', '--cfg-path', '/tmp/tmpd5gz9q5y', '--map-index', '128']
[2026-01-01T08:59:01.363+0000] {standard_task_runner.py:91} INFO - Job 4225: Subtask ingest_bctc
[2026-01-01T08:59:01.442+0000] {task_command.py:426} INFO - Running <TaskInstance: thongtin_cty_bctc.ingest_bctc manual__2026-01-01T00:00:00+00:00 map_index=128 [running]> on host b455963a0603
[2026-01-01T08:59:01.926+0000] {taskinstance.py:2648} INFO - Exporting env vars: AIRFLOW_CTX_DAG_OWNER='***' AIRFLOW_CTX_DAG_ID='thongtin_cty_bctc' AIRFLOW_CTX_TASK_ID='ingest_bctc' AIRFLOW_CTX_EXECUTION_DATE='2026-01-01T00:00:00+00:00' AIRFLOW_CTX_TRY_NUMBER='1' AIRFLOW_CTX_DAG_RUN_ID='manual__2026-01-01T00:00:00+00:00'
[2026-01-01T08:59:01.928+0000] {taskinstance.py:430} INFO - ::endgroup::
[2026-01-01T08:59:01.939+0000] {logging_mixin.py:188} INFO - Bắt đầu xử lý batch 3 mã: ['TA9', 'TA6', 'TA3']
[2026-01-01T08:59:01.940+0000] {logging_mixin.py:188} INFO -  >> Đang lấy dữ liệu: TA9
[2026-01-01T08:59:04.632+0000] {logging_mixin.py:188} INFO -  >> Đang lấy dữ liệu: TA6
[2026-01-01T08:59:09.328+0000] {logging_mixin.py:188} INFO - ❌ Lỗi income_statement: RetryError[<Future at 0x7f266ee609b0 state=finished raised KeyError>]
[2026-01-01T08:59:13.785+0000] {logging_mixin.py:188} INFO - ❌ Lỗi balance_sheet: RetryError[<Future at 0x7f266ee62510 state=finished raised KeyError>]
[2026-01-01T08:59:18.241+0000] {logging_mixin.py:188} INFO - ❌ Lỗi cash_flow: RetryError[<Future at 0x7f266ee62570 state=finished raised KeyError>]
[2026-01-01T08:59:19.242+0000] {logging_mixin.py:188} INFO -  >> Đang lấy dữ liệu: TA3
[2026-01-01T08:59:24.117+0000] {logging_mixin.py:188} INFO - ❌ Lỗi income_statement: RetryError[<Future at 0x7f266ee629f0 state=finished raised KeyError>]
[2026-01-01T08:59:28.532+0000] {logging_mixin.py:188} INFO - ❌ Lỗi balance_sheet: RetryError[<Future at 0x7f266ee63d70 state=finished raised KeyError>]
[2026-01-01T08:59:33.014+0000] {logging_mixin.py:188} INFO - ❌ Lỗi cash_flow: RetryError[<Future at 0x7f266ee622d0 state=finished raised KeyError>]
[2026-01-01T08:59:34.017+0000] {logging_mixin.py:188} INFO -  ✓ Hoàn thành batch. Tổng số dòng: 2752
[2026-01-01T08:59:34.046+0000] {base.py:84} INFO - Using connection ID 'minio_finance' for task execution.
[2026-01-01T08:59:34.050+0000] {connection_wrapper.py:384} INFO - AWS Connection (conn_id='minio_finance', conn_type='aws') credentials retrieved from login and password.
[2026-01-01T08:59:34.529+0000] {datalake_df2csv.py:53} INFO - ✅ Đã upload 2752 dòng -> s3://thongtin-congty-va-bctc/bctc/2026-01-01/batch_128.csv
[2026-01-01T08:59:34.530+0000] {taskinstance.py:441} INFO - ::group::Post task execution logs
[2026-01-01T08:59:34.539+0000] {taskinstance.py:1206} INFO - Marking task as SUCCESS. dag_id=thongtin_cty_bctc, task_id=ingest_bctc, run_id=manual__2026-01-01T00:00:00+00:00, map_index=128, execution_date=20260101T000000, start_date=20260101T085901, end_date=20260101T085934
[2026-01-01T08:59:34.573+0000] {local_task_job_runner.py:243} INFO - Task exited with return code 0
[2026-01-01T08:59:34.581+0000] {local_task_job_runner.py:222} INFO - ::endgroup::
