[2026-01-11T03:07:36.683+0000] {local_task_job_runner.py:120} INFO - ::group::Pre task execution logs
[2026-01-11T03:07:36.727+0000] {taskinstance.py:2076} INFO - Dependencies all met for dep_context=non-requeueable deps ti=<TaskInstance: thongtin_cty_bctc.ingest_bctc manual__2026-01-11T03:04:17.829778+00:00 map_index=51 [queued]>
[2026-01-11T03:07:36.747+0000] {taskinstance.py:2076} INFO - Dependencies all met for dep_context=requeueable deps ti=<TaskInstance: thongtin_cty_bctc.ingest_bctc manual__2026-01-11T03:04:17.829778+00:00 map_index=51 [queued]>
[2026-01-11T03:07:36.748+0000] {taskinstance.py:2306} INFO - Starting attempt 1 of 2
[2026-01-11T03:07:36.773+0000] {taskinstance.py:2330} INFO - Executing <Mapped(DfToCsvOperator): ingest_bctc> on 2026-01-11 03:04:17.829778+00:00
[2026-01-11T03:07:36.787+0000] {warnings.py:112} WARNING - This process (pid=1773) is multi-threaded, use of fork() may lead to deadlocks in the child.

[2026-01-11T03:07:36.789+0000] {standard_task_runner.py:64} INFO - Started process 1859 to run task
[2026-01-11T03:07:36.792+0000] {standard_task_runner.py:90} INFO - Running: ['***', 'tasks', 'run', 'thongtin_cty_bctc', 'ingest_bctc', 'manual__2026-01-11T03:04:17.829778+00:00', '--job-id', '9781', '--raw', '--subdir', 'DAGS_FOLDER/tt_cty_bctc.py', '--cfg-path', '/tmp/tmp4yl2xw2l', '--map-index', '51']
[2026-01-11T03:07:36.794+0000] {standard_task_runner.py:91} INFO - Job 9781: Subtask ingest_bctc
[2026-01-11T03:07:36.858+0000] {task_command.py:426} INFO - Running <TaskInstance: thongtin_cty_bctc.ingest_bctc manual__2026-01-11T03:04:17.829778+00:00 map_index=51 [running]> on host 3f2af93df813
[2026-01-11T03:07:37.012+0000] {taskinstance.py:2648} INFO - Exporting env vars: AIRFLOW_CTX_DAG_OWNER='***' AIRFLOW_CTX_DAG_ID='thongtin_cty_bctc' AIRFLOW_CTX_TASK_ID='ingest_bctc' AIRFLOW_CTX_EXECUTION_DATE='2026-01-11T03:04:17.829778+00:00' AIRFLOW_CTX_TRY_NUMBER='1' AIRFLOW_CTX_DAG_RUN_ID='manual__2026-01-11T03:04:17.829778+00:00'
[2026-01-11T03:07:37.014+0000] {taskinstance.py:430} INFO - ::endgroup::
[2026-01-11T03:07:37.023+0000] {logging_mixin.py:188} INFO - Bắt đầu xử lý batch 20 mã: ['ILA', 'IJC', 'IHK', 'IFS', 'IDV', 'IDP', 'IDJ', 'IDI', 'IDC', 'ICT', 'ICN', 'ICI', 'ICG', 'ICF', 'ICC', 'IBN', 'IBD', 'IBC', 'HWS', 'HVX']
[2026-01-11T03:07:37.024+0000] {logging_mixin.py:188} INFO -  >> Đang lấy dữ liệu: ILA
[2026-01-11T03:07:37.289+0000] {logging_mixin.py:188} INFO -  Lỗi xử lý mã ILA: Failed to fetch data: 429 - Too Many Requests
[2026-01-11T03:07:37.290+0000] {logging_mixin.py:188} INFO -  >> Đang lấy dữ liệu: IJC
[2026-01-11T03:07:37.430+0000] {logging_mixin.py:188} INFO -  Lỗi xử lý mã IJC: Failed to fetch data: 429 - Too Many Requests
[2026-01-11T03:07:37.431+0000] {logging_mixin.py:188} INFO -  >> Đang lấy dữ liệu: IHK
[2026-01-11T03:07:38.985+0000] {logging_mixin.py:188} INFO -  Lỗi xử lý mã IHK: Failed to fetch data: 429 - Too Many Requests
[2026-01-11T03:07:38.986+0000] {logging_mixin.py:188} INFO -  >> Đang lấy dữ liệu: IFS
[2026-01-11T03:07:39.252+0000] {logging_mixin.py:188} INFO -  Lỗi xử lý mã IFS: Failed to fetch data: 429 - Too Many Requests
[2026-01-11T03:07:39.253+0000] {logging_mixin.py:188} INFO -  >> Đang lấy dữ liệu: IDV
[2026-01-11T03:07:39.375+0000] {logging_mixin.py:188} INFO -  Lỗi xử lý mã IDV: Failed to fetch data: 429 - Too Many Requests
[2026-01-11T03:07:39.376+0000] {logging_mixin.py:188} INFO -  >> Đang lấy dữ liệu: IDP
[2026-01-11T03:07:39.628+0000] {logging_mixin.py:188} INFO -  Lỗi xử lý mã IDP: Failed to fetch data: 429 - Too Many Requests
[2026-01-11T03:07:39.629+0000] {logging_mixin.py:188} INFO -  >> Đang lấy dữ liệu: IDJ
[2026-01-11T03:07:39.752+0000] {logging_mixin.py:188} INFO -  Lỗi xử lý mã IDJ: Failed to fetch data: 429 - Too Many Requests
[2026-01-11T03:07:39.753+0000] {logging_mixin.py:188} INFO -  >> Đang lấy dữ liệu: IDI
[2026-01-11T03:07:40.328+0000] {logging_mixin.py:188} INFO -  Lỗi xử lý mã IDI: Failed to fetch data: 429 - Too Many Requests
[2026-01-11T03:07:40.330+0000] {logging_mixin.py:188} INFO -  >> Đang lấy dữ liệu: IDC
[2026-01-11T03:07:40.430+0000] {logging_mixin.py:188} INFO -  Lỗi xử lý mã IDC: Failed to fetch data: 429 - Too Many Requests
[2026-01-11T03:07:40.432+0000] {logging_mixin.py:188} INFO -  >> Đang lấy dữ liệu: ICT
[2026-01-11T03:07:41.464+0000] {logging_mixin.py:188} INFO -  Lỗi xử lý mã ICT: Failed to fetch data: 429 - Too Many Requests
[2026-01-11T03:07:41.465+0000] {logging_mixin.py:188} INFO -  >> Đang lấy dữ liệu: ICN
[2026-01-11T03:07:41.783+0000] {logging_mixin.py:188} INFO -  Lỗi xử lý mã ICN: Failed to fetch data: 429 - Too Many Requests
[2026-01-11T03:07:41.784+0000] {logging_mixin.py:188} INFO -  >> Đang lấy dữ liệu: ICI
[2026-01-11T03:07:41.890+0000] {logging_mixin.py:188} INFO -  Lỗi xử lý mã ICI: Failed to fetch data: 429 - Too Many Requests
[2026-01-11T03:07:41.891+0000] {logging_mixin.py:188} INFO -  >> Đang lấy dữ liệu: ICG
[2026-01-11T03:07:42.100+0000] {logging_mixin.py:188} INFO -  Lỗi xử lý mã ICG: Failed to fetch data: 429 - Too Many Requests
[2026-01-11T03:07:42.101+0000] {logging_mixin.py:188} INFO -  >> Đang lấy dữ liệu: ICF
[2026-01-11T03:07:42.208+0000] {logging_mixin.py:188} INFO -  Lỗi xử lý mã ICF: Failed to fetch data: 429 - Too Many Requests
[2026-01-11T03:07:42.209+0000] {logging_mixin.py:188} INFO -  >> Đang lấy dữ liệu: ICC
[2026-01-11T03:07:42.412+0000] {logging_mixin.py:188} INFO -  Lỗi xử lý mã ICC: Failed to fetch data: 429 - Too Many Requests
[2026-01-11T03:07:42.414+0000] {logging_mixin.py:188} INFO -  >> Đang lấy dữ liệu: IBN
[2026-01-11T03:07:42.627+0000] {logging_mixin.py:188} INFO -  Lỗi xử lý mã IBN: Failed to fetch data: 429 - Too Many Requests
[2026-01-11T03:07:42.628+0000] {logging_mixin.py:188} INFO -  >> Đang lấy dữ liệu: IBD
[2026-01-11T03:07:42.817+0000] {logging_mixin.py:188} INFO -  Lỗi xử lý mã IBD: Failed to fetch data: 429 - Too Many Requests
[2026-01-11T03:07:42.819+0000] {logging_mixin.py:188} INFO -  >> Đang lấy dữ liệu: IBC
[2026-01-11T03:07:42.958+0000] {logging_mixin.py:188} INFO -  Lỗi xử lý mã IBC: Failed to fetch data: 429 - Too Many Requests
[2026-01-11T03:07:42.959+0000] {logging_mixin.py:188} INFO -  >> Đang lấy dữ liệu: HWS
[2026-01-11T03:07:43.104+0000] {logging_mixin.py:188} INFO -  Lỗi xử lý mã HWS: Failed to fetch data: 429 - Too Many Requests
[2026-01-11T03:07:43.105+0000] {logging_mixin.py:188} INFO -  >> Đang lấy dữ liệu: HVX
[2026-01-11T03:07:43.205+0000] {logging_mixin.py:188} INFO -  Lỗi xử lý mã HVX: Failed to fetch data: 429 - Too Many Requests
[2026-01-11T03:07:43.206+0000] {logging_mixin.py:188} INFO -  ⚠ Batch này không thu được dữ liệu nào.
[2026-01-11T03:07:43.210+0000] {datalake_df2csv.py:40} INFO - DataFrame rỗng, bỏ qua upload CSV.
[2026-01-11T03:07:43.210+0000] {taskinstance.py:441} INFO - ::group::Post task execution logs
[2026-01-11T03:07:43.221+0000] {taskinstance.py:1206} INFO - Marking task as SUCCESS. dag_id=thongtin_cty_bctc, task_id=ingest_bctc, run_id=manual__2026-01-11T03:04:17.829778+00:00, map_index=51, execution_date=20260111T030417, start_date=20260111T030736, end_date=20260111T030743
[2026-01-11T03:07:43.506+0000] {local_task_job_runner.py:243} INFO - Task exited with return code 0
[2026-01-11T03:07:43.522+0000] {taskinstance.py:3503} INFO - 0 downstream tasks scheduled from follow-on schedule check
[2026-01-11T03:07:43.525+0000] {local_task_job_runner.py:222} INFO - ::endgroup::
