[2026-01-08T15:49:18.645+0000] {local_task_job_runner.py:120} INFO - ::group::Pre task execution logs
[2026-01-08T15:49:18.695+0000] {taskinstance.py:2076} INFO - Dependencies all met for dep_context=non-requeueable deps ti=<TaskInstance: history_price.ingest_history_price manual__2026-01-08T15:44:05+00:00 map_index=60 [queued]>
[2026-01-08T15:49:18.726+0000] {taskinstance.py:2076} INFO - Dependencies all met for dep_context=requeueable deps ti=<TaskInstance: history_price.ingest_history_price manual__2026-01-08T15:44:05+00:00 map_index=60 [queued]>
[2026-01-08T15:49:18.727+0000] {taskinstance.py:2306} INFO - Starting attempt 1 of 2
[2026-01-08T15:49:18.754+0000] {taskinstance.py:2330} INFO - Executing <Mapped(DfToCsvOperator): ingest_history_price> on 2026-01-08 15:44:05+00:00
[2026-01-08T15:49:18.804+0000] {warnings.py:112} WARNING - This process (pid=7888) is multi-threaded, use of fork() may lead to deadlocks in the child.

[2026-01-08T15:49:18.818+0000] {standard_task_runner.py:64} INFO - Started process 7974 to run task
[2026-01-08T15:49:18.818+0000] {standard_task_runner.py:90} INFO - Running: ['***', 'tasks', 'run', 'history_price', 'ingest_history_price', 'manual__2026-01-08T15:44:05+00:00', '--job-id', '7643', '--raw', '--subdir', 'DAGS_FOLDER/history_price.py', '--cfg-path', '/tmp/tmpu4iux0u8', '--map-index', '60']
[2026-01-08T15:49:18.822+0000] {standard_task_runner.py:91} INFO - Job 7643: Subtask ingest_history_price
[2026-01-08T15:49:19.010+0000] {task_command.py:426} INFO - Running <TaskInstance: history_price.ingest_history_price manual__2026-01-08T15:44:05+00:00 map_index=60 [running]> on host 7568acf023da
[2026-01-08T15:49:19.712+0000] {taskinstance.py:2648} INFO - Exporting env vars: AIRFLOW_CTX_DAG_OWNER='***' AIRFLOW_CTX_DAG_ID='history_price' AIRFLOW_CTX_TASK_ID='ingest_history_price' AIRFLOW_CTX_EXECUTION_DATE='2026-01-08T15:44:05+00:00' AIRFLOW_CTX_TRY_NUMBER='1' AIRFLOW_CTX_DAG_RUN_ID='manual__2026-01-08T15:44:05+00:00'
[2026-01-08T15:49:19.720+0000] {taskinstance.py:430} INFO - ::endgroup::
[2026-01-08T15:49:23.458+0000] {base.py:84} INFO - Using connection ID 'minio_finance' for task execution.
[2026-01-08T15:49:23.460+0000] {connection_wrapper.py:384} INFO - AWS Connection (conn_id='minio_finance', conn_type='aws') credentials retrieved from login and password.
[2026-01-08T15:49:24.225+0000] {datalake_df2csv.py:52} INFO - ✅ Đã upload 40 dòng -> s3://thongtin-congty-va-bctc/history_price/2026-01-08/batch_60.csv
[2026-01-08T15:49:24.226+0000] {taskinstance.py:441} INFO - ::group::Post task execution logs
[2026-01-08T15:49:24.241+0000] {taskinstance.py:1206} INFO - Marking task as SUCCESS. dag_id=history_price, task_id=ingest_history_price, run_id=manual__2026-01-08T15:44:05+00:00, map_index=60, execution_date=20260108T154405, start_date=20260108T154918, end_date=20260108T154924
[2026-01-08T15:49:24.309+0000] {local_task_job_runner.py:243} INFO - Task exited with return code 0
[2026-01-08T15:49:24.337+0000] {taskinstance.py:3503} INFO - 0 downstream tasks scheduled from follow-on schedule check
[2026-01-08T15:49:24.343+0000] {local_task_job_runner.py:222} INFO - ::endgroup::
