[2026-01-01T09:00:09.991+0000] {local_task_job_runner.py:120} INFO - ::group::Pre task execution logs
[2026-01-01T09:00:10.057+0000] {taskinstance.py:2076} INFO - Dependencies all met for dep_context=non-requeueable deps ti=<TaskInstance: thongtin_cty_bctc.ingest_people manual__2026-01-01T00:00:00+00:00 map_index=149 [queued]>
[2026-01-01T09:00:10.112+0000] {taskinstance.py:2076} INFO - Dependencies all met for dep_context=requeueable deps ti=<TaskInstance: thongtin_cty_bctc.ingest_people manual__2026-01-01T00:00:00+00:00 map_index=149 [queued]>
[2026-01-01T09:00:10.113+0000] {taskinstance.py:2306} INFO - Starting attempt 1 of 2
[2026-01-01T09:00:10.131+0000] {taskinstance.py:2330} INFO - Executing <Mapped(DfToCsvOperator): ingest_people> on 2026-01-01 00:00:00+00:00
[2026-01-01T09:00:10.143+0000] {warnings.py:112} WARNING - This process (pid=6460) is multi-threaded, use of fork() may lead to deadlocks in the child.

[2026-01-01T09:00:10.145+0000] {standard_task_runner.py:64} INFO - Started process 6534 to run task
[2026-01-01T09:00:10.148+0000] {standard_task_runner.py:90} INFO - Running: ['***', 'tasks', 'run', 'thongtin_cty_bctc', 'ingest_people', 'manual__2026-01-01T00:00:00+00:00', '--job-id', '4286', '--raw', '--subdir', 'DAGS_FOLDER/tt_cty_bctc.py', '--cfg-path', '/tmp/tmpk5h6afh6', '--map-index', '149']
[2026-01-01T09:00:10.150+0000] {standard_task_runner.py:91} INFO - Job 4286: Subtask ingest_people
[2026-01-01T09:00:10.214+0000] {task_command.py:426} INFO - Running <TaskInstance: thongtin_cty_bctc.ingest_people manual__2026-01-01T00:00:00+00:00 map_index=149 [running]> on host b455963a0603
[2026-01-01T09:00:10.664+0000] {taskinstance.py:2648} INFO - Exporting env vars: AIRFLOW_CTX_DAG_OWNER='***' AIRFLOW_CTX_DAG_ID='thongtin_cty_bctc' AIRFLOW_CTX_TASK_ID='ingest_people' AIRFLOW_CTX_EXECUTION_DATE='2026-01-01T00:00:00+00:00' AIRFLOW_CTX_TRY_NUMBER='1' AIRFLOW_CTX_DAG_RUN_ID='manual__2026-01-01T00:00:00+00:00'
[2026-01-01T09:00:10.665+0000] {taskinstance.py:430} INFO - ::endgroup::
[2026-01-01T09:00:14.580+0000] {base.py:84} INFO - Using connection ID 'minio_finance' for task execution.
[2026-01-01T09:00:14.583+0000] {connection_wrapper.py:384} INFO - AWS Connection (conn_id='minio_finance', conn_type='aws') credentials retrieved from login and password.
[2026-01-01T09:00:15.377+0000] {datalake_df2csv.py:53} INFO - ✅ Đã upload 75 dòng -> s3://thongtin-congty-va-bctc/people/2026-01-01/batch_149.csv
[2026-01-01T09:00:15.378+0000] {taskinstance.py:441} INFO - ::group::Post task execution logs
[2026-01-01T09:00:15.393+0000] {taskinstance.py:1206} INFO - Marking task as SUCCESS. dag_id=thongtin_cty_bctc, task_id=ingest_people, run_id=manual__2026-01-01T00:00:00+00:00, map_index=149, execution_date=20260101T000000, start_date=20260101T090010, end_date=20260101T090015
[2026-01-01T09:00:17.840+0000] {local_task_job_runner.py:243} INFO - Task exited with return code 0
[2026-01-01T09:00:18.172+0000] {taskinstance.py:3503} INFO - 0 downstream tasks scheduled from follow-on schedule check
[2026-01-01T09:00:18.176+0000] {local_task_job_runner.py:222} INFO - ::endgroup::
