[2025-12-31T14:35:50.229+0000] {local_task_job_runner.py:120} INFO - ::group::Pre task execution logs
[2025-12-31T14:35:50.248+0000] {taskinstance.py:2076} INFO - Dependencies all met for dep_context=non-requeueable deps ti=<TaskInstance: thongtin_cty_bctc.ingest_overview scheduled__2025-12-30T00:00:00+00:00 map_index=23 [queued]>
[2025-12-31T14:35:50.258+0000] {taskinstance.py:2076} INFO - Dependencies all met for dep_context=requeueable deps ti=<TaskInstance: thongtin_cty_bctc.ingest_overview scheduled__2025-12-30T00:00:00+00:00 map_index=23 [queued]>
[2025-12-31T14:35:50.258+0000] {taskinstance.py:2306} INFO - Starting attempt 1 of 2
[2025-12-31T14:35:50.273+0000] {taskinstance.py:2330} INFO - Executing <Mapped(DfToCsvOperator): ingest_overview> on 2025-12-30 00:00:00+00:00
[2025-12-31T14:35:50.283+0000] {warnings.py:112} WARNING - This process (pid=1423) is multi-threaded, use of fork() may lead to deadlocks in the child.

[2025-12-31T14:35:50.285+0000] {standard_task_runner.py:64} INFO - Started process 1436 to run task
[2025-12-31T14:35:50.286+0000] {standard_task_runner.py:90} INFO - Running: ['***', 'tasks', 'run', 'thongtin_cty_bctc', 'ingest_overview', 'scheduled__2025-12-30T00:00:00+00:00', '--job-id', '78', '--raw', '--subdir', 'DAGS_FOLDER/tt_cty_bctc.py', '--cfg-path', '/tmp/tmph3_dk46h', '--map-index', '23']
[2025-12-31T14:35:50.287+0000] {standard_task_runner.py:91} INFO - Job 78: Subtask ingest_overview
[2025-12-31T14:35:50.333+0000] {task_command.py:426} INFO - Running <TaskInstance: thongtin_cty_bctc.ingest_overview scheduled__2025-12-30T00:00:00+00:00 map_index=23 [running]> on host 8bc7f11ea9a4
[2025-12-31T14:35:50.422+0000] {taskinstance.py:2648} INFO - Exporting env vars: AIRFLOW_CTX_DAG_OWNER='***' AIRFLOW_CTX_DAG_ID='thongtin_cty_bctc' AIRFLOW_CTX_TASK_ID='ingest_overview' AIRFLOW_CTX_EXECUTION_DATE='2025-12-30T00:00:00+00:00' AIRFLOW_CTX_TRY_NUMBER='1' AIRFLOW_CTX_DAG_RUN_ID='scheduled__2025-12-30T00:00:00+00:00'
[2025-12-31T14:35:50.423+0000] {taskinstance.py:430} INFO - ::endgroup::
[2025-12-31T14:35:50.573+0000] {logging_mixin.py:188} INFO - Err overview SIV: Failed to fetch data: 429 - Too Many Requests
[2025-12-31T14:35:50.723+0000] {logging_mixin.py:188} INFO - Err overview SIP: Failed to fetch data: 429 - Too Many Requests
[2025-12-31T14:35:50.853+0000] {logging_mixin.py:188} INFO - Err overview SII: Failed to fetch data: 429 - Too Many Requests
[2025-12-31T14:35:50.983+0000] {logging_mixin.py:188} INFO - Err overview SIG: Failed to fetch data: 429 - Too Many Requests
[2025-12-31T14:35:51.129+0000] {logging_mixin.py:188} INFO - Err overview SID: Failed to fetch data: 429 - Too Many Requests
[2025-12-31T14:35:51.272+0000] {logging_mixin.py:188} INFO - Err overview SIC: Failed to fetch data: 429 - Too Many Requests
[2025-12-31T14:35:51.418+0000] {logging_mixin.py:188} INFO - Err overview SHX: Failed to fetch data: 429 - Too Many Requests
[2025-12-31T14:35:51.575+0000] {logging_mixin.py:188} INFO - Err overview SHS: Failed to fetch data: 429 - Too Many Requests
[2025-12-31T14:35:51.698+0000] {logging_mixin.py:188} INFO - Err overview SHP: Failed to fetch data: 429 - Too Many Requests
[2025-12-31T14:35:51.839+0000] {logging_mixin.py:188} INFO - Err overview SHN: Failed to fetch data: 429 - Too Many Requests
[2025-12-31T14:35:51.980+0000] {logging_mixin.py:188} INFO - Err overview SHI: Failed to fetch data: 429 - Too Many Requests
[2025-12-31T14:35:52.127+0000] {logging_mixin.py:188} INFO - Err overview SHG: Failed to fetch data: 429 - Too Many Requests
[2025-12-31T14:35:52.299+0000] {logging_mixin.py:188} INFO - Err overview SHE: Failed to fetch data: 429 - Too Many Requests
[2025-12-31T14:35:52.433+0000] {logging_mixin.py:188} INFO - Err overview SHC: Failed to fetch data: 429 - Too Many Requests
[2025-12-31T14:35:52.565+0000] {logging_mixin.py:188} INFO - Err overview SHB: Failed to fetch data: 429 - Too Many Requests
[2025-12-31T14:35:52.708+0000] {logging_mixin.py:188} INFO - Err overview SHA: Failed to fetch data: 429 - Too Many Requests
[2025-12-31T14:35:52.848+0000] {logging_mixin.py:188} INFO - Err overview SGT: Failed to fetch data: 429 - Too Many Requests
[2025-12-31T14:35:52.981+0000] {logging_mixin.py:188} INFO - Err overview SGS: Failed to fetch data: 429 - Too Many Requests
[2025-12-31T14:35:53.151+0000] {logging_mixin.py:188} INFO - Err overview SGR: Failed to fetch data: 429 - Too Many Requests
[2025-12-31T14:35:53.293+0000] {logging_mixin.py:188} INFO - Err overview SGP: Failed to fetch data: 429 - Too Many Requests
[2025-12-31T14:35:53.297+0000] {datalake_df2csv.py:40} INFO - DataFrame rỗng, bỏ qua upload CSV.
[2025-12-31T14:35:53.297+0000] {taskinstance.py:441} INFO - ::group::Post task execution logs
[2025-12-31T14:35:53.308+0000] {taskinstance.py:1206} INFO - Marking task as SUCCESS. dag_id=thongtin_cty_bctc, task_id=ingest_overview, run_id=scheduled__2025-12-30T00:00:00+00:00, map_index=23, execution_date=20251230T000000, start_date=20251231T143550, end_date=20251231T143553
[2025-12-31T14:35:53.389+0000] {local_task_job_runner.py:243} INFO - Task exited with return code 0
[2025-12-31T14:35:53.402+0000] {taskinstance.py:3503} INFO - 0 downstream tasks scheduled from follow-on schedule check
[2025-12-31T14:35:53.406+0000] {local_task_job_runner.py:222} INFO - ::endgroup::
