[2026-01-11T04:02:24.263+0000] {local_task_job_runner.py:120} INFO - ::group::Pre task execution logs
[2026-01-11T04:02:24.349+0000] {taskinstance.py:2076} INFO - Dependencies all met for dep_context=non-requeueable deps ti=<TaskInstance: bctc.ingest_bctc manual__2026-01-11T04:01:06+00:00 map_index=11 [queued]>
[2026-01-11T04:02:24.387+0000] {taskinstance.py:2076} INFO - Dependencies all met for dep_context=requeueable deps ti=<TaskInstance: bctc.ingest_bctc manual__2026-01-11T04:01:06+00:00 map_index=11 [queued]>
[2026-01-11T04:02:24.397+0000] {taskinstance.py:2306} INFO - Starting attempt 1 of 2
[2026-01-11T04:02:24.468+0000] {taskinstance.py:2330} INFO - Executing <Mapped(DfToCsvOperator): ingest_bctc> on 2026-01-11 04:01:06+00:00
[2026-01-11T04:02:24.486+0000] {warnings.py:112} WARNING - This process (pid=1264) is multi-threaded, use of fork() may lead to deadlocks in the child.

[2026-01-11T04:02:24.497+0000] {standard_task_runner.py:64} INFO - Started process 1397 to run task
[2026-01-11T04:02:24.505+0000] {standard_task_runner.py:90} INFO - Running: ['***', 'tasks', 'run', 'bctc', 'ingest_bctc', 'manual__2026-01-11T04:01:06+00:00', '--job-id', '10194', '--raw', '--subdir', 'DAGS_FOLDER/tt_cty_bctc.py', '--cfg-path', '/tmp/tmph6y38jpl', '--map-index', '11']
[2026-01-11T04:02:24.514+0000] {standard_task_runner.py:91} INFO - Job 10194: Subtask ingest_bctc
[2026-01-11T04:02:24.676+0000] {task_command.py:426} INFO - Running <TaskInstance: bctc.ingest_bctc manual__2026-01-11T04:01:06+00:00 map_index=11 [running]> on host 3f2af93df813
[2026-01-11T04:02:24.926+0000] {taskinstance.py:2648} INFO - Exporting env vars: AIRFLOW_CTX_DAG_OWNER='***' AIRFLOW_CTX_DAG_ID='bctc' AIRFLOW_CTX_TASK_ID='ingest_bctc' AIRFLOW_CTX_EXECUTION_DATE='2026-01-11T04:01:06+00:00' AIRFLOW_CTX_TRY_NUMBER='1' AIRFLOW_CTX_DAG_RUN_ID='manual__2026-01-11T04:01:06+00:00'
[2026-01-11T04:02:24.928+0000] {taskinstance.py:430} INFO - ::endgroup::
[2026-01-11T04:02:24.938+0000] {logging_mixin.py:188} INFO - Bắt đầu xử lý batch 20 mã: ['TW3', 'TVW', 'TVT', 'TVS', 'TVP', 'TVN', 'TVM', 'TVH', 'TVG', 'TVD', 'TVC', 'TVB', 'TVA', 'TV6', 'TV4', 'TV3', 'TV2', 'TV1', 'TUG', 'TTZ']
[2026-01-11T04:02:24.939+0000] {logging_mixin.py:188} INFO -  >> Đang lấy dữ liệu: TW3
[2026-01-11T04:02:25.125+0000] {logging_mixin.py:188} INFO -  Lỗi xử lý mã TW3: Failed to fetch data: 429 - Too Many Requests
[2026-01-11T04:02:25.127+0000] {logging_mixin.py:188} INFO -  >> Đang lấy dữ liệu: TVW
[2026-01-11T04:02:25.305+0000] {logging_mixin.py:188} INFO -  Lỗi xử lý mã TVW: Failed to fetch data: 429 - Too Many Requests
[2026-01-11T04:02:25.306+0000] {logging_mixin.py:188} INFO -  >> Đang lấy dữ liệu: TVT
[2026-01-11T04:02:25.498+0000] {logging_mixin.py:188} INFO -  Lỗi xử lý mã TVT: Failed to fetch data: 429 - Too Many Requests
[2026-01-11T04:02:25.499+0000] {logging_mixin.py:188} INFO -  >> Đang lấy dữ liệu: TVS
[2026-01-11T04:02:25.632+0000] {logging_mixin.py:188} INFO -  Lỗi xử lý mã TVS: Failed to fetch data: 429 - Too Many Requests
[2026-01-11T04:02:25.633+0000] {logging_mixin.py:188} INFO -  >> Đang lấy dữ liệu: TVP
[2026-01-11T04:02:25.803+0000] {logging_mixin.py:188} INFO -  Lỗi xử lý mã TVP: Failed to fetch data: 429 - Too Many Requests
[2026-01-11T04:02:25.805+0000] {logging_mixin.py:188} INFO -  >> Đang lấy dữ liệu: TVN
[2026-01-11T04:02:26.080+0000] {logging_mixin.py:188} INFO -  Lỗi xử lý mã TVN: Failed to fetch data: 429 - Too Many Requests
[2026-01-11T04:02:26.082+0000] {logging_mixin.py:188} INFO -  >> Đang lấy dữ liệu: TVM
[2026-01-11T04:02:26.233+0000] {logging_mixin.py:188} INFO -  Lỗi xử lý mã TVM: Failed to fetch data: 429 - Too Many Requests
[2026-01-11T04:02:26.234+0000] {logging_mixin.py:188} INFO -  >> Đang lấy dữ liệu: TVH
[2026-01-11T04:02:26.376+0000] {logging_mixin.py:188} INFO -  Lỗi xử lý mã TVH: Failed to fetch data: 429 - Too Many Requests
[2026-01-11T04:02:26.378+0000] {logging_mixin.py:188} INFO -  >> Đang lấy dữ liệu: TVG
[2026-01-11T04:02:26.543+0000] {logging_mixin.py:188} INFO -  Lỗi xử lý mã TVG: Failed to fetch data: 429 - Too Many Requests
[2026-01-11T04:02:26.545+0000] {logging_mixin.py:188} INFO -  >> Đang lấy dữ liệu: TVD
[2026-01-11T04:02:26.674+0000] {logging_mixin.py:188} INFO -  Lỗi xử lý mã TVD: Failed to fetch data: 429 - Too Many Requests
[2026-01-11T04:02:26.675+0000] {logging_mixin.py:188} INFO -  >> Đang lấy dữ liệu: TVC
[2026-01-11T04:02:26.811+0000] {logging_mixin.py:188} INFO -  Lỗi xử lý mã TVC: Failed to fetch data: 429 - Too Many Requests
[2026-01-11T04:02:26.812+0000] {logging_mixin.py:188} INFO -  >> Đang lấy dữ liệu: TVB
[2026-01-11T04:02:26.962+0000] {logging_mixin.py:188} INFO -  Lỗi xử lý mã TVB: Failed to fetch data: 429 - Too Many Requests
[2026-01-11T04:02:26.963+0000] {logging_mixin.py:188} INFO -  >> Đang lấy dữ liệu: TVA
[2026-01-11T04:02:27.136+0000] {logging_mixin.py:188} INFO -  Lỗi xử lý mã TVA: Failed to fetch data: 429 - Too Many Requests
[2026-01-11T04:02:27.137+0000] {logging_mixin.py:188} INFO -  >> Đang lấy dữ liệu: TV6
[2026-01-11T04:02:27.406+0000] {logging_mixin.py:188} INFO -  Lỗi xử lý mã TV6: Failed to fetch data: 429 - Too Many Requests
[2026-01-11T04:02:27.407+0000] {logging_mixin.py:188} INFO -  >> Đang lấy dữ liệu: TV4
[2026-01-11T04:02:27.524+0000] {logging_mixin.py:188} INFO -  Lỗi xử lý mã TV4: Failed to fetch data: 429 - Too Many Requests
[2026-01-11T04:02:27.525+0000] {logging_mixin.py:188} INFO -  >> Đang lấy dữ liệu: TV3
[2026-01-11T04:02:27.680+0000] {logging_mixin.py:188} INFO -  Lỗi xử lý mã TV3: Failed to fetch data: 429 - Too Many Requests
[2026-01-11T04:02:27.680+0000] {logging_mixin.py:188} INFO -  >> Đang lấy dữ liệu: TV2
[2026-01-11T04:02:27.823+0000] {logging_mixin.py:188} INFO -  Lỗi xử lý mã TV2: Failed to fetch data: 429 - Too Many Requests
[2026-01-11T04:02:27.824+0000] {logging_mixin.py:188} INFO -  >> Đang lấy dữ liệu: TV1
[2026-01-11T04:02:27.940+0000] {logging_mixin.py:188} INFO -  Lỗi xử lý mã TV1: Failed to fetch data: 429 - Too Many Requests
[2026-01-11T04:02:27.941+0000] {logging_mixin.py:188} INFO -  >> Đang lấy dữ liệu: TUG
[2026-01-11T04:02:28.083+0000] {logging_mixin.py:188} INFO -  Lỗi xử lý mã TUG: Failed to fetch data: 429 - Too Many Requests
[2026-01-11T04:02:28.084+0000] {logging_mixin.py:188} INFO -  >> Đang lấy dữ liệu: TTZ
[2026-01-11T04:02:28.377+0000] {logging_mixin.py:188} INFO -  Lỗi xử lý mã TTZ: Failed to fetch data: 429 - Too Many Requests
[2026-01-11T04:02:28.379+0000] {logging_mixin.py:188} INFO -  ⚠ Batch này không thu được dữ liệu nào.
[2026-01-11T04:02:28.384+0000] {datalake_df2csv.py:40} INFO - DataFrame rỗng, bỏ qua upload CSV.
[2026-01-11T04:02:28.385+0000] {taskinstance.py:441} INFO - ::group::Post task execution logs
[2026-01-11T04:02:28.757+0000] {taskinstance.py:1206} INFO - Marking task as SUCCESS. dag_id=bctc, task_id=ingest_bctc, run_id=manual__2026-01-11T04:01:06+00:00, map_index=11, execution_date=20260111T040106, start_date=20260111T040224, end_date=20260111T040228
[2026-01-11T04:02:28.859+0000] {local_task_job_runner.py:243} INFO - Task exited with return code 0
[2026-01-11T04:02:28.916+0000] {taskinstance.py:3503} INFO - 0 downstream tasks scheduled from follow-on schedule check
[2026-01-11T04:02:28.919+0000] {local_task_job_runner.py:222} INFO - ::endgroup::
