[2026-01-11T03:24:26.410+0000] {local_task_job_runner.py:120} INFO - ::group::Pre task execution logs
[2026-01-11T03:24:26.453+0000] {taskinstance.py:2076} INFO - Dependencies all met for dep_context=non-requeueable deps ti=<TaskInstance: bctc.ingest_bctc manual__2026-01-11T03:22:36.146797+00:00 map_index=19 [queued]>
[2026-01-11T03:24:26.471+0000] {taskinstance.py:2076} INFO - Dependencies all met for dep_context=requeueable deps ti=<TaskInstance: bctc.ingest_bctc manual__2026-01-11T03:22:36.146797+00:00 map_index=19 [queued]>
[2026-01-11T03:24:26.472+0000] {taskinstance.py:2306} INFO - Starting attempt 1 of 2
[2026-01-11T03:24:26.496+0000] {taskinstance.py:2330} INFO - Executing <Mapped(DfToCsvOperator): ingest_bctc> on 2026-01-11 03:22:36.146797+00:00
[2026-01-11T03:24:26.516+0000] {warnings.py:112} WARNING - This process (pid=3592) is multi-threaded, use of fork() may lead to deadlocks in the child.

[2026-01-11T03:24:26.520+0000] {standard_task_runner.py:64} INFO - Started process 3675 to run task
[2026-01-11T03:24:26.522+0000] {standard_task_runner.py:90} INFO - Running: ['***', 'tasks', 'run', 'bctc', 'ingest_bctc', 'manual__2026-01-11T03:22:36.146797+00:00', '--job-id', '9929', '--raw', '--subdir', 'DAGS_FOLDER/tt_cty_bctc.py', '--cfg-path', '/tmp/tmphs7v4b07', '--map-index', '19']
[2026-01-11T03:24:26.526+0000] {standard_task_runner.py:91} INFO - Job 9929: Subtask ingest_bctc
[2026-01-11T03:24:26.612+0000] {task_command.py:426} INFO - Running <TaskInstance: bctc.ingest_bctc manual__2026-01-11T03:22:36.146797+00:00 map_index=19 [running]> on host 3f2af93df813
[2026-01-11T03:24:26.804+0000] {taskinstance.py:2648} INFO - Exporting env vars: AIRFLOW_CTX_DAG_OWNER='***' AIRFLOW_CTX_DAG_ID='bctc' AIRFLOW_CTX_TASK_ID='ingest_bctc' AIRFLOW_CTX_EXECUTION_DATE='2026-01-11T03:22:36.146797+00:00' AIRFLOW_CTX_TRY_NUMBER='1' AIRFLOW_CTX_DAG_RUN_ID='manual__2026-01-11T03:22:36.146797+00:00'
[2026-01-11T03:24:26.806+0000] {taskinstance.py:430} INFO - ::endgroup::
[2026-01-11T03:24:26.819+0000] {logging_mixin.py:188} INFO - Bắt đầu xử lý batch 20 mã: ['TAL', 'TAG', 'TAC', 'TAB', 'TA9', 'TA6', 'TA3', 'T12', 'SZL', 'SZG', 'SZE', 'SZC', 'SZB', 'SWC', 'SVT', 'SVN', 'SVL', 'SVI', 'SVH', 'SVG']
[2026-01-11T03:24:26.820+0000] {logging_mixin.py:188} INFO -  >> Đang lấy dữ liệu: TAL
[2026-01-11T03:24:27.022+0000] {logging_mixin.py:188} INFO -  Lỗi xử lý mã TAL: Failed to fetch data: 429 - Too Many Requests
[2026-01-11T03:24:27.023+0000] {logging_mixin.py:188} INFO -  >> Đang lấy dữ liệu: TAG
[2026-01-11T03:24:27.346+0000] {logging_mixin.py:188} INFO -  Lỗi xử lý mã TAG: Failed to fetch data: 429 - Too Many Requests
[2026-01-11T03:24:27.347+0000] {logging_mixin.py:188} INFO -  >> Đang lấy dữ liệu: TAC
[2026-01-11T03:24:27.893+0000] {logging_mixin.py:188} INFO -  Lỗi xử lý mã TAC: Failed to fetch data: 429 - Too Many Requests
[2026-01-11T03:24:27.895+0000] {logging_mixin.py:188} INFO -  >> Đang lấy dữ liệu: TAB
[2026-01-11T03:24:28.094+0000] {logging_mixin.py:188} INFO -  Lỗi xử lý mã TAB: Failed to fetch data: 429 - Too Many Requests
[2026-01-11T03:24:28.095+0000] {logging_mixin.py:188} INFO -  >> Đang lấy dữ liệu: TA9
[2026-01-11T03:24:28.248+0000] {logging_mixin.py:188} INFO -  Lỗi xử lý mã TA9: Failed to fetch data: 429 - Too Many Requests
[2026-01-11T03:24:28.249+0000] {logging_mixin.py:188} INFO -  >> Đang lấy dữ liệu: TA6
[2026-01-11T03:24:28.398+0000] {logging_mixin.py:188} INFO -  Lỗi xử lý mã TA6: Failed to fetch data: 429 - Too Many Requests
[2026-01-11T03:24:28.399+0000] {logging_mixin.py:188} INFO -  >> Đang lấy dữ liệu: TA3
[2026-01-11T03:24:28.836+0000] {logging_mixin.py:188} INFO -  Lỗi xử lý mã TA3: Failed to fetch data: 429 - Too Many Requests
[2026-01-11T03:24:28.837+0000] {logging_mixin.py:188} INFO -  >> Đang lấy dữ liệu: T12
[2026-01-11T03:24:28.978+0000] {logging_mixin.py:188} INFO -  Lỗi xử lý mã T12: Failed to fetch data: 429 - Too Many Requests
[2026-01-11T03:24:28.979+0000] {logging_mixin.py:188} INFO -  >> Đang lấy dữ liệu: SZL
[2026-01-11T03:24:30.853+0000] {logging_mixin.py:188} INFO -  Lỗi xử lý mã SZL: Failed to fetch data: 429 - Too Many Requests
[2026-01-11T03:24:30.854+0000] {logging_mixin.py:188} INFO -  >> Đang lấy dữ liệu: SZG
[2026-01-11T03:24:30.994+0000] {logging_mixin.py:188} INFO -  Lỗi xử lý mã SZG: Failed to fetch data: 429 - Too Many Requests
[2026-01-11T03:24:30.995+0000] {logging_mixin.py:188} INFO -  >> Đang lấy dữ liệu: SZE
[2026-01-11T03:24:31.107+0000] {logging_mixin.py:188} INFO -  Lỗi xử lý mã SZE: Failed to fetch data: 429 - Too Many Requests
[2026-01-11T03:24:31.108+0000] {logging_mixin.py:188} INFO -  >> Đang lấy dữ liệu: SZC
[2026-01-11T03:24:31.227+0000] {logging_mixin.py:188} INFO -  Lỗi xử lý mã SZC: Failed to fetch data: 429 - Too Many Requests
[2026-01-11T03:24:31.228+0000] {logging_mixin.py:188} INFO -  >> Đang lấy dữ liệu: SZB
[2026-01-11T03:24:32.335+0000] {logging_mixin.py:188} INFO -  Lỗi xử lý mã SZB: Failed to fetch data: 429 - Too Many Requests
[2026-01-11T03:24:32.337+0000] {logging_mixin.py:188} INFO -  >> Đang lấy dữ liệu: SWC
[2026-01-11T03:24:32.453+0000] {logging_mixin.py:188} INFO -  Lỗi xử lý mã SWC: Failed to fetch data: 429 - Too Many Requests
[2026-01-11T03:24:32.454+0000] {logging_mixin.py:188} INFO -  >> Đang lấy dữ liệu: SVT
[2026-01-11T03:24:32.573+0000] {logging_mixin.py:188} INFO -  Lỗi xử lý mã SVT: Failed to fetch data: 429 - Too Many Requests
[2026-01-11T03:24:32.574+0000] {logging_mixin.py:188} INFO -  >> Đang lấy dữ liệu: SVN
[2026-01-11T03:24:32.682+0000] {logging_mixin.py:188} INFO -  Lỗi xử lý mã SVN: Failed to fetch data: 429 - Too Many Requests
[2026-01-11T03:24:32.683+0000] {logging_mixin.py:188} INFO -  >> Đang lấy dữ liệu: SVL
[2026-01-11T03:24:33.150+0000] {logging_mixin.py:188} INFO -  Lỗi xử lý mã SVL: Failed to fetch data: 429 - Too Many Requests
[2026-01-11T03:24:33.152+0000] {logging_mixin.py:188} INFO -  >> Đang lấy dữ liệu: SVI
[2026-01-11T03:24:34.294+0000] {logging_mixin.py:188} INFO -  Lỗi xử lý mã SVI: Failed to fetch data: 429 - Too Many Requests
[2026-01-11T03:24:34.295+0000] {logging_mixin.py:188} INFO -  >> Đang lấy dữ liệu: SVH
[2026-01-11T03:24:34.407+0000] {logging_mixin.py:188} INFO -  Lỗi xử lý mã SVH: Failed to fetch data: 429 - Too Many Requests
[2026-01-11T03:24:34.408+0000] {logging_mixin.py:188} INFO -  >> Đang lấy dữ liệu: SVG
[2026-01-11T03:24:34.812+0000] {logging_mixin.py:188} INFO -  Lỗi xử lý mã SVG: Failed to fetch data: 429 - Too Many Requests
[2026-01-11T03:24:34.813+0000] {logging_mixin.py:188} INFO -  ⚠ Batch này không thu được dữ liệu nào.
[2026-01-11T03:24:34.819+0000] {datalake_df2csv.py:40} INFO - DataFrame rỗng, bỏ qua upload CSV.
[2026-01-11T03:24:34.820+0000] {taskinstance.py:441} INFO - ::group::Post task execution logs
[2026-01-11T03:24:34.839+0000] {taskinstance.py:1206} INFO - Marking task as SUCCESS. dag_id=bctc, task_id=ingest_bctc, run_id=manual__2026-01-11T03:22:36.146797+00:00, map_index=19, execution_date=20260111T032236, start_date=20260111T032426, end_date=20260111T032434
[2026-01-11T03:24:35.247+0000] {local_task_job_runner.py:243} INFO - Task exited with return code 0
[2026-01-11T03:24:35.295+0000] {taskinstance.py:3503} INFO - 0 downstream tasks scheduled from follow-on schedule check
[2026-01-11T03:24:35.298+0000] {local_task_job_runner.py:222} INFO - ::endgroup::
