[2026-01-01T03:07:08.909+0000] {local_task_job_runner.py:120} INFO - ::group::Pre task execution logs
[2026-01-01T03:07:08.937+0000] {taskinstance.py:2076} INFO - Dependencies all met for dep_context=non-requeueable deps ti=<TaskInstance: thongtin_cty_bctc.ingest_bctc manual__2026-01-01T02:57:59+00:00 map_index=11 [queued]>
[2026-01-01T03:07:08.957+0000] {taskinstance.py:2076} INFO - Dependencies all met for dep_context=requeueable deps ti=<TaskInstance: thongtin_cty_bctc.ingest_bctc manual__2026-01-01T02:57:59+00:00 map_index=11 [queued]>
[2026-01-01T03:07:08.958+0000] {taskinstance.py:2306} INFO - Starting attempt 1 of 2
[2026-01-01T03:07:08.982+0000] {taskinstance.py:2330} INFO - Executing <Mapped(DfToCsvOperator): ingest_bctc> on 2026-01-01 02:57:59+00:00
[2026-01-01T03:07:08.994+0000] {warnings.py:112} WARNING - This process (pid=31611) is multi-threaded, use of fork() may lead to deadlocks in the child.

[2026-01-01T03:07:08.996+0000] {standard_task_runner.py:64} INFO - Started process 31719 to run task
[2026-01-01T03:07:08.998+0000] {standard_task_runner.py:90} INFO - Running: ['***', 'tasks', 'run', 'thongtin_cty_bctc', 'ingest_bctc', 'manual__2026-01-01T02:57:59+00:00', '--job-id', '3377', '--raw', '--subdir', 'DAGS_FOLDER/tt_cty_bctc.py', '--cfg-path', '/tmp/tmptac0cvw2', '--map-index', '11']
[2026-01-01T03:07:09.004+0000] {standard_task_runner.py:91} INFO - Job 3377: Subtask ingest_bctc
[2026-01-01T03:07:09.092+0000] {task_command.py:426} INFO - Running <TaskInstance: thongtin_cty_bctc.ingest_bctc manual__2026-01-01T02:57:59+00:00 map_index=11 [running]> on host 43b0a0f7606b
[2026-01-01T03:07:09.322+0000] {taskinstance.py:2648} INFO - Exporting env vars: AIRFLOW_CTX_DAG_OWNER='***' AIRFLOW_CTX_DAG_ID='thongtin_cty_bctc' AIRFLOW_CTX_TASK_ID='ingest_bctc' AIRFLOW_CTX_EXECUTION_DATE='2026-01-01T02:57:59+00:00' AIRFLOW_CTX_TRY_NUMBER='1' AIRFLOW_CTX_DAG_RUN_ID='manual__2026-01-01T02:57:59+00:00'
[2026-01-01T03:07:09.326+0000] {taskinstance.py:430} INFO - ::endgroup::
[2026-01-01T03:07:09.347+0000] {logging_mixin.py:188} INFO - Bắt đầu xử lý batch 3 mã: ['LPB', 'VND', 'SHS']
[2026-01-01T03:07:09.348+0000] {logging_mixin.py:188} INFO -  >> Đang lấy dữ liệu: LPB
[2026-01-01T03:07:09.501+0000] {logging_mixin.py:188} INFO -  Lỗi xử lý mã LPB: Failed to fetch data: 429 - Too Many Requests
[2026-01-01T03:07:09.504+0000] {logging_mixin.py:188} INFO -  >> Đang lấy dữ liệu: VND
[2026-01-01T03:07:09.654+0000] {logging_mixin.py:188} INFO -  Lỗi xử lý mã VND: Failed to fetch data: 429 - Too Many Requests
[2026-01-01T03:07:09.656+0000] {logging_mixin.py:188} INFO -  >> Đang lấy dữ liệu: SHS
[2026-01-01T03:07:09.800+0000] {logging_mixin.py:188} INFO -  Lỗi xử lý mã SHS: Failed to fetch data: 429 - Too Many Requests
[2026-01-01T03:07:09.805+0000] {logging_mixin.py:188} INFO -  ⚠ Batch này không thu được dữ liệu nào.
[2026-01-01T03:07:09.813+0000] {datalake_df2csv.py:40} INFO - DataFrame rỗng, bỏ qua upload CSV.
[2026-01-01T03:07:09.820+0000] {taskinstance.py:441} INFO - ::group::Post task execution logs
[2026-01-01T03:07:09.872+0000] {taskinstance.py:1206} INFO - Marking task as SUCCESS. dag_id=thongtin_cty_bctc, task_id=ingest_bctc, run_id=manual__2026-01-01T02:57:59+00:00, map_index=11, execution_date=20260101T025759, start_date=20260101T030708, end_date=20260101T030709
[2026-01-01T03:07:09.969+0000] {local_task_job_runner.py:243} INFO - Task exited with return code 0
[2026-01-01T03:07:10.003+0000] {taskinstance.py:3503} INFO - 0 downstream tasks scheduled from follow-on schedule check
[2026-01-01T03:07:10.017+0000] {local_task_job_runner.py:222} INFO - ::endgroup::
