[2026-01-10T15:16:09.214+0000] {local_task_job_runner.py:120} INFO - ::group::Pre task execution logs
[2026-01-10T15:16:09.623+0000] {taskinstance.py:2076} INFO - Dependencies all met for dep_context=non-requeueable deps ti=<TaskInstance: thongtin_cty_bctc.ingest_overview scheduled__2025-12-30T00:00:00+00:00 map_index=429 [queued]>
[2026-01-10T15:16:09.781+0000] {taskinstance.py:2076} INFO - Dependencies all met for dep_context=requeueable deps ti=<TaskInstance: thongtin_cty_bctc.ingest_overview scheduled__2025-12-30T00:00:00+00:00 map_index=429 [queued]>
[2026-01-10T15:16:09.782+0000] {taskinstance.py:2306} INFO - Starting attempt 1 of 2
[2026-01-10T15:16:12.126+0000] {taskinstance.py:2330} INFO - Executing <Mapped(DfToCsvOperator): ingest_overview> on 2025-12-30 00:00:00+00:00
[2026-01-10T15:16:12.140+0000] {warnings.py:112} WARNING - This process (pid=9255) is multi-threaded, use of fork() may lead to deadlocks in the child.

[2026-01-10T15:16:12.141+0000] {standard_task_runner.py:64} INFO - Started process 9325 to run task
[2026-01-10T15:16:12.144+0000] {standard_task_runner.py:90} INFO - Running: ['***', 'tasks', 'run', 'thongtin_cty_bctc', 'ingest_overview', 'scheduled__2025-12-30T00:00:00+00:00', '--job-id', '9387', '--raw', '--subdir', 'DAGS_FOLDER/tt_cty_bctc.py', '--cfg-path', '/tmp/tmp6dhjrj7u', '--map-index', '429']
[2026-01-10T15:16:12.145+0000] {standard_task_runner.py:91} INFO - Job 9387: Subtask ingest_overview
[2026-01-10T15:16:12.227+0000] {task_command.py:426} INFO - Running <TaskInstance: thongtin_cty_bctc.ingest_overview scheduled__2025-12-30T00:00:00+00:00 map_index=429 [running]> on host c44bcb92a951
[2026-01-10T15:16:12.363+0000] {taskinstance.py:2648} INFO - Exporting env vars: AIRFLOW_CTX_DAG_OWNER='***' AIRFLOW_CTX_DAG_ID='thongtin_cty_bctc' AIRFLOW_CTX_TASK_ID='ingest_overview' AIRFLOW_CTX_EXECUTION_DATE='2025-12-30T00:00:00+00:00' AIRFLOW_CTX_TRY_NUMBER='1' AIRFLOW_CTX_DAG_RUN_ID='scheduled__2025-12-30T00:00:00+00:00'
[2026-01-10T15:16:12.366+0000] {taskinstance.py:430} INFO - ::endgroup::
[2026-01-10T15:16:12.621+0000] {warnings.py:112} WARNING - DataFrame.applymap has been deprecated. Use DataFrame.map instead.

[2026-01-10T15:16:13.799+0000] {warnings.py:112} WARNING - DataFrame.applymap has been deprecated. Use DataFrame.map instead.

[2026-01-10T15:16:15.296+0000] {warnings.py:112} WARNING - DataFrame.applymap has been deprecated. Use DataFrame.map instead.

[2026-01-10T15:16:16.322+0000] {base.py:84} INFO - Using connection ID 'minio_finance' for task execution.
[2026-01-10T15:16:16.323+0000] {connection_wrapper.py:384} INFO - AWS Connection (conn_id='minio_finance', conn_type='aws') credentials retrieved from login and password.
[2026-01-10T15:16:16.923+0000] {datalake_df2csv.py:52} INFO - ✅ Đã upload 3 dòng -> s3://thongtin-congty-va-bctc/overview/2025-12-30/batch_429.csv
[2026-01-10T15:16:16.924+0000] {taskinstance.py:441} INFO - ::group::Post task execution logs
[2026-01-10T15:16:16.963+0000] {taskinstance.py:1206} INFO - Marking task as SUCCESS. dag_id=thongtin_cty_bctc, task_id=ingest_overview, run_id=scheduled__2025-12-30T00:00:00+00:00, map_index=429, execution_date=20251230T000000, start_date=20260110T151609, end_date=20260110T151616
[2026-01-10T15:16:17.012+0000] {local_task_job_runner.py:243} INFO - Task exited with return code 0
[2026-01-10T15:16:17.024+0000] {local_task_job_runner.py:222} INFO - ::endgroup::
