[2026-01-11T03:06:04.748+0000] {local_task_job_runner.py:120} INFO - ::group::Pre task execution logs
[2026-01-11T03:06:04.779+0000] {taskinstance.py:2076} INFO - Dependencies all met for dep_context=non-requeueable deps ti=<TaskInstance: thongtin_cty_bctc.ingest_bctc scheduled__2026-01-04T00:00:00+00:00 map_index=41 [queued]>
[2026-01-11T03:06:04.794+0000] {taskinstance.py:2076} INFO - Dependencies all met for dep_context=requeueable deps ti=<TaskInstance: thongtin_cty_bctc.ingest_bctc scheduled__2026-01-04T00:00:00+00:00 map_index=41 [queued]>
[2026-01-11T03:06:04.795+0000] {taskinstance.py:2306} INFO - Starting attempt 1 of 2
[2026-01-11T03:06:04.818+0000] {taskinstance.py:2330} INFO - Executing <Mapped(DfToCsvOperator): ingest_bctc> on 2026-01-04 00:00:00+00:00
[2026-01-11T03:06:04.832+0000] {warnings.py:112} WARNING - This process (pid=706) is multi-threaded, use of fork() may lead to deadlocks in the child.

[2026-01-11T03:06:04.835+0000] {standard_task_runner.py:64} INFO - Started process 794 to run task
[2026-01-11T03:06:04.837+0000] {standard_task_runner.py:90} INFO - Running: ['***', 'tasks', 'run', 'thongtin_cty_bctc', 'ingest_bctc', 'scheduled__2026-01-04T00:00:00+00:00', '--job-id', '9688', '--raw', '--subdir', 'DAGS_FOLDER/tt_cty_bctc.py', '--cfg-path', '/tmp/tmppsc_7a7e', '--map-index', '41']
[2026-01-11T03:06:04.839+0000] {standard_task_runner.py:91} INFO - Job 9688: Subtask ingest_bctc
[2026-01-11T03:06:04.898+0000] {task_command.py:426} INFO - Running <TaskInstance: thongtin_cty_bctc.ingest_bctc scheduled__2026-01-04T00:00:00+00:00 map_index=41 [running]> on host 3f2af93df813
[2026-01-11T03:06:05.012+0000] {taskinstance.py:2648} INFO - Exporting env vars: AIRFLOW_CTX_DAG_OWNER='***' AIRFLOW_CTX_DAG_ID='thongtin_cty_bctc' AIRFLOW_CTX_TASK_ID='ingest_bctc' AIRFLOW_CTX_EXECUTION_DATE='2026-01-04T00:00:00+00:00' AIRFLOW_CTX_TRY_NUMBER='1' AIRFLOW_CTX_DAG_RUN_ID='scheduled__2026-01-04T00:00:00+00:00'
[2026-01-11T03:06:05.014+0000] {taskinstance.py:430} INFO - ::endgroup::
[2026-01-11T03:06:05.023+0000] {logging_mixin.py:188} INFO - Bắt đầu xử lý batch 20 mã: ['NAP', 'NAG', 'NAF', 'NAC', 'NAB', 'MZG', 'MXC', 'MWG', 'MVN', 'MVC', 'MVB', 'MTX', 'MTV', 'MTS', 'MTP', 'MTL', 'MTH', 'MTG', 'MTC', 'MTB']
[2026-01-11T03:06:05.023+0000] {logging_mixin.py:188} INFO -  >> Đang lấy dữ liệu: NAP
[2026-01-11T03:06:05.155+0000] {logging_mixin.py:188} INFO -  Lỗi xử lý mã NAP: Failed to fetch data: 429 - Too Many Requests
[2026-01-11T03:06:05.156+0000] {logging_mixin.py:188} INFO -  >> Đang lấy dữ liệu: NAG
[2026-01-11T03:06:06.261+0000] {logging_mixin.py:188} INFO -  Lỗi xử lý mã NAG: Failed to fetch data: 429 - Too Many Requests
[2026-01-11T03:06:06.263+0000] {logging_mixin.py:188} INFO -  >> Đang lấy dữ liệu: NAF
[2026-01-11T03:06:06.396+0000] {logging_mixin.py:188} INFO -  Lỗi xử lý mã NAF: Failed to fetch data: 429 - Too Many Requests
[2026-01-11T03:06:06.397+0000] {logging_mixin.py:188} INFO -  >> Đang lấy dữ liệu: NAC
[2026-01-11T03:06:06.771+0000] {logging_mixin.py:188} INFO -  Lỗi xử lý mã NAC: Failed to fetch data: 429 - Too Many Requests
[2026-01-11T03:06:06.773+0000] {logging_mixin.py:188} INFO -  >> Đang lấy dữ liệu: NAB
[2026-01-11T03:06:06.907+0000] {logging_mixin.py:188} INFO -  Lỗi xử lý mã NAB: Failed to fetch data: 429 - Too Many Requests
[2026-01-11T03:06:06.908+0000] {logging_mixin.py:188} INFO -  >> Đang lấy dữ liệu: MZG
[2026-01-11T03:06:07.245+0000] {logging_mixin.py:188} INFO -  Lỗi xử lý mã MZG: Failed to fetch data: 429 - Too Many Requests
[2026-01-11T03:06:07.246+0000] {logging_mixin.py:188} INFO -  >> Đang lấy dữ liệu: MXC
[2026-01-11T03:06:07.637+0000] {logging_mixin.py:188} INFO -  Lỗi xử lý mã MXC: Failed to fetch data: 429 - Too Many Requests
[2026-01-11T03:06:07.638+0000] {logging_mixin.py:188} INFO -  >> Đang lấy dữ liệu: MWG
[2026-01-11T03:06:08.240+0000] {logging_mixin.py:188} INFO -  Lỗi xử lý mã MWG: Failed to fetch data: 429 - Too Many Requests
[2026-01-11T03:06:08.241+0000] {logging_mixin.py:188} INFO -  >> Đang lấy dữ liệu: MVN
[2026-01-11T03:06:08.611+0000] {logging_mixin.py:188} INFO -  Lỗi xử lý mã MVN: Failed to fetch data: 429 - Too Many Requests
[2026-01-11T03:06:08.612+0000] {logging_mixin.py:188} INFO -  >> Đang lấy dữ liệu: MVC
[2026-01-11T03:06:09.454+0000] {logging_mixin.py:188} INFO -  Lỗi xử lý mã MVC: Failed to fetch data: 429 - Too Many Requests
[2026-01-11T03:06:09.455+0000] {logging_mixin.py:188} INFO -  >> Đang lấy dữ liệu: MVB
[2026-01-11T03:06:09.547+0000] {logging_mixin.py:188} INFO -  Lỗi xử lý mã MVB: Failed to fetch data: 429 - Too Many Requests
[2026-01-11T03:06:09.547+0000] {logging_mixin.py:188} INFO -  >> Đang lấy dữ liệu: MTX
[2026-01-11T03:06:09.729+0000] {logging_mixin.py:188} INFO -  Lỗi xử lý mã MTX: Failed to fetch data: 429 - Too Many Requests
[2026-01-11T03:06:09.730+0000] {logging_mixin.py:188} INFO -  >> Đang lấy dữ liệu: MTV
[2026-01-11T03:06:09.863+0000] {logging_mixin.py:188} INFO -  Lỗi xử lý mã MTV: Failed to fetch data: 429 - Too Many Requests
[2026-01-11T03:06:09.864+0000] {logging_mixin.py:188} INFO -  >> Đang lấy dữ liệu: MTS
[2026-01-11T03:06:09.962+0000] {logging_mixin.py:188} INFO -  Lỗi xử lý mã MTS: Failed to fetch data: 429 - Too Many Requests
[2026-01-11T03:06:09.963+0000] {logging_mixin.py:188} INFO -  >> Đang lấy dữ liệu: MTP
[2026-01-11T03:06:10.766+0000] {logging_mixin.py:188} INFO -  Lỗi xử lý mã MTP: Failed to fetch data: 429 - Too Many Requests
[2026-01-11T03:06:10.767+0000] {logging_mixin.py:188} INFO -  >> Đang lấy dữ liệu: MTL
[2026-01-11T03:06:11.074+0000] {logging_mixin.py:188} INFO -  Lỗi xử lý mã MTL: Failed to fetch data: 429 - Too Many Requests
[2026-01-11T03:06:11.075+0000] {logging_mixin.py:188} INFO -  >> Đang lấy dữ liệu: MTH
[2026-01-11T03:06:11.923+0000] {logging_mixin.py:188} INFO -  Lỗi xử lý mã MTH: Failed to fetch data: 429 - Too Many Requests
[2026-01-11T03:06:11.925+0000] {logging_mixin.py:188} INFO -  >> Đang lấy dữ liệu: MTG
[2026-01-11T03:06:12.216+0000] {logging_mixin.py:188} INFO -  Lỗi xử lý mã MTG: Failed to fetch data: 429 - Too Many Requests
[2026-01-11T03:06:12.218+0000] {logging_mixin.py:188} INFO -  >> Đang lấy dữ liệu: MTC
[2026-01-11T03:06:12.480+0000] {logging_mixin.py:188} INFO -  Lỗi xử lý mã MTC: Failed to fetch data: 429 - Too Many Requests
[2026-01-11T03:06:12.482+0000] {logging_mixin.py:188} INFO -  >> Đang lấy dữ liệu: MTB
[2026-01-11T03:06:12.708+0000] {logging_mixin.py:188} INFO -  Lỗi xử lý mã MTB: Failed to fetch data: 429 - Too Many Requests
[2026-01-11T03:06:12.709+0000] {logging_mixin.py:188} INFO -  ⚠ Batch này không thu được dữ liệu nào.
[2026-01-11T03:06:12.715+0000] {datalake_df2csv.py:40} INFO - DataFrame rỗng, bỏ qua upload CSV.
[2026-01-11T03:06:12.715+0000] {taskinstance.py:441} INFO - ::group::Post task execution logs
[2026-01-11T03:06:12.732+0000] {taskinstance.py:1206} INFO - Marking task as SUCCESS. dag_id=thongtin_cty_bctc, task_id=ingest_bctc, run_id=scheduled__2026-01-04T00:00:00+00:00, map_index=41, execution_date=20260104T000000, start_date=20260111T030604, end_date=20260111T030612
[2026-01-11T03:06:13.125+0000] {local_task_job_runner.py:243} INFO - Task exited with return code 0
[2026-01-11T03:06:13.139+0000] {local_task_job_runner.py:222} INFO - ::endgroup::
