[2026-01-12T15:17:46.497+0000] {local_task_job_runner.py:120} INFO - ::group::Pre task execution logs
[2026-01-12T15:17:46.553+0000] {taskinstance.py:2076} INFO - Dependencies all met for dep_context=non-requeueable deps ti=<TaskInstance: financial_ratios_etl.ingest_financial_ratios manual__2026-01-12T15:14:43+00:00 map_index=168 [queued]>
[2026-01-12T15:17:46.588+0000] {taskinstance.py:2076} INFO - Dependencies all met for dep_context=requeueable deps ti=<TaskInstance: financial_ratios_etl.ingest_financial_ratios manual__2026-01-12T15:14:43+00:00 map_index=168 [queued]>
[2026-01-12T15:17:46.588+0000] {taskinstance.py:2306} INFO - Starting attempt 1 of 2
[2026-01-12T15:17:46.615+0000] {taskinstance.py:2330} INFO - Executing <Mapped(DfToCsvOperator): ingest_financial_ratios> on 2026-01-12 15:14:43+00:00
[2026-01-12T15:17:46.631+0000] {warnings.py:112} WARNING - This process (pid=2248) is multi-threaded, use of fork() may lead to deadlocks in the child.

[2026-01-12T15:17:46.633+0000] {standard_task_runner.py:64} INFO - Started process 2328 to run task
[2026-01-12T15:17:46.636+0000] {standard_task_runner.py:90} INFO - Running: ['***', 'tasks', 'run', 'financial_ratios_etl', 'ingest_financial_ratios', 'manual__2026-01-12T15:14:43+00:00', '--job-id', '13873', '--raw', '--subdir', 'DAGS_FOLDER/financial_ratios_etl.py', '--cfg-path', '/tmp/tmpk_nb5cwg', '--map-index', '168']
[2026-01-12T15:17:46.642+0000] {standard_task_runner.py:91} INFO - Job 13873: Subtask ingest_financial_ratios
[2026-01-12T15:17:46.755+0000] {task_command.py:426} INFO - Running <TaskInstance: financial_ratios_etl.ingest_financial_ratios manual__2026-01-12T15:14:43+00:00 map_index=168 [running]> on host 5a20a797a43c
[2026-01-12T15:17:47.044+0000] {taskinstance.py:2648} INFO - Exporting env vars: AIRFLOW_CTX_DAG_OWNER='***' AIRFLOW_CTX_DAG_ID='financial_ratios_etl' AIRFLOW_CTX_TASK_ID='ingest_financial_ratios' AIRFLOW_CTX_EXECUTION_DATE='2026-01-12T15:14:43+00:00' AIRFLOW_CTX_TRY_NUMBER='1' AIRFLOW_CTX_DAG_RUN_ID='manual__2026-01-12T15:14:43+00:00'
[2026-01-12T15:17:47.046+0000] {taskinstance.py:430} INFO - ::endgroup::
[2026-01-12T15:17:47.063+0000] {logging_mixin.py:188} INFO - [RATIO] Bắt đầu xử lý batch 2 mã: ['TET', 'TEL']
[2026-01-12T15:17:47.065+0000] {logging_mixin.py:188} INFO - [RATIO] Kỳ dữ liệu: quarter
[2026-01-12T15:17:47.066+0000] {logging_mixin.py:188} INFO -  >> [RATIO] Đang lấy dữ liệu: TET
[2026-01-12T15:17:48.201+0000] {logging_mixin.py:188} INFO -  ✓ [RATIO] TET: 51 rows
[2026-01-12T15:17:50.202+0000] {logging_mixin.py:188} INFO -  >> [RATIO] Đang lấy dữ liệu: TEL
[2026-01-12T15:17:55.712+0000] {logging_mixin.py:188} INFO - ❌ Lỗi TEL: RetryError[<Future at 0x7f69183d9160 state=finished raised KeyError>]
[2026-01-12T15:17:55.716+0000] {logging_mixin.py:188} INFO -  ⚠️ [RATIO] TEL: No data from API
[2026-01-12T15:17:57.717+0000] {logging_mixin.py:188} INFO -  ✅ [RATIO] Hoàn thành batch. Tổng số dòng: 51
[2026-01-12T15:17:57.748+0000] {base.py:84} INFO - Using connection ID 'minio_finance' for task execution.
[2026-01-12T15:17:57.749+0000] {connection_wrapper.py:384} INFO - AWS Connection (conn_id='minio_finance', conn_type='aws') credentials retrieved from login and password.
[2026-01-12T15:17:59.621+0000] {datalake_df2csv.py:52} INFO - ✅ Đã upload 51 dòng -> s3://thongtin-congty-va-bctc/financial_ratios/2026-01-12/batch_168.csv
[2026-01-12T15:17:59.651+0000] {taskinstance.py:441} INFO - ::group::Post task execution logs
[2026-01-12T15:17:59.725+0000] {taskinstance.py:1206} INFO - Marking task as SUCCESS. dag_id=financial_ratios_etl, task_id=ingest_financial_ratios, run_id=manual__2026-01-12T15:14:43+00:00, map_index=168, execution_date=20260112T151443, start_date=20260112T151746, end_date=20260112T151759
[2026-01-12T15:18:00.019+0000] {local_task_job_runner.py:243} INFO - Task exited with return code 0
[2026-01-12T15:18:00.075+0000] {taskinstance.py:3503} INFO - 0 downstream tasks scheduled from follow-on schedule check
[2026-01-12T15:18:00.077+0000] {local_task_job_runner.py:222} INFO - ::endgroup::
