[2026-01-10T15:14:12.524+0000] {local_task_job_runner.py:120} INFO - ::group::Pre task execution logs
[2026-01-10T15:14:12.765+0000] {taskinstance.py:2076} INFO - Dependencies all met for dep_context=non-requeueable deps ti=<TaskInstance: thongtin_cty_bctc.ingest_bctc scheduled__2025-12-30T00:00:00+00:00 map_index=392 [queued]>
[2026-01-10T15:14:12.833+0000] {taskinstance.py:2076} INFO - Dependencies all met for dep_context=requeueable deps ti=<TaskInstance: thongtin_cty_bctc.ingest_bctc scheduled__2025-12-30T00:00:00+00:00 map_index=392 [queued]>
[2026-01-10T15:14:12.833+0000] {taskinstance.py:2306} INFO - Starting attempt 1 of 2
[2026-01-10T15:14:12.847+0000] {taskinstance.py:2330} INFO - Executing <Mapped(DfToCsvOperator): ingest_bctc> on 2025-12-30 00:00:00+00:00
[2026-01-10T15:14:12.859+0000] {warnings.py:112} WARNING - This process (pid=7801) is multi-threaded, use of fork() may lead to deadlocks in the child.

[2026-01-10T15:14:12.861+0000] {standard_task_runner.py:64} INFO - Started process 7842 to run task
[2026-01-10T15:14:12.864+0000] {standard_task_runner.py:90} INFO - Running: ['***', 'tasks', 'run', 'thongtin_cty_bctc', 'ingest_bctc', 'scheduled__2025-12-30T00:00:00+00:00', '--job-id', '9278', '--raw', '--subdir', 'DAGS_FOLDER/tt_cty_bctc.py', '--cfg-path', '/tmp/tmpd09no322', '--map-index', '392']
[2026-01-10T15:14:12.865+0000] {standard_task_runner.py:91} INFO - Job 9278: Subtask ingest_bctc
[2026-01-10T15:14:12.915+0000] {task_command.py:426} INFO - Running <TaskInstance: thongtin_cty_bctc.ingest_bctc scheduled__2025-12-30T00:00:00+00:00 map_index=392 [running]> on host c44bcb92a951
[2026-01-10T15:14:13.001+0000] {taskinstance.py:2648} INFO - Exporting env vars: AIRFLOW_CTX_DAG_OWNER='***' AIRFLOW_CTX_DAG_ID='thongtin_cty_bctc' AIRFLOW_CTX_TASK_ID='ingest_bctc' AIRFLOW_CTX_EXECUTION_DATE='2025-12-30T00:00:00+00:00' AIRFLOW_CTX_TRY_NUMBER='1' AIRFLOW_CTX_DAG_RUN_ID='scheduled__2025-12-30T00:00:00+00:00'
[2026-01-10T15:14:13.002+0000] {taskinstance.py:430} INFO - ::endgroup::
[2026-01-10T15:14:13.008+0000] {logging_mixin.py:188} INFO - Bắt đầu xử lý batch 3 mã: ['HAX', 'HAW', 'HAV']
[2026-01-10T15:14:13.009+0000] {logging_mixin.py:188} INFO -  >> Đang lấy dữ liệu: HAX
[2026-01-10T15:14:15.873+0000] {logging_mixin.py:188} INFO -  >> Đang lấy dữ liệu: HAW
[2026-01-10T15:14:16.372+0000] {logging_mixin.py:188} INFO -  Lỗi xử lý mã HAW: 'NoneType' object is not subscriptable
[2026-01-10T15:14:16.374+0000] {logging_mixin.py:188} INFO -  >> Đang lấy dữ liệu: HAV
[2026-01-10T15:14:21.099+0000] {logging_mixin.py:188} INFO - ❌ Lỗi income_statement: RetryError[<Future at 0x7f17d4d28650 state=finished raised KeyError>]
[2026-01-10T15:14:25.549+0000] {logging_mixin.py:188} INFO - ❌ Lỗi balance_sheet: RetryError[<Future at 0x7f17d4d288f0 state=finished raised KeyError>]
[2026-01-10T15:14:29.969+0000] {logging_mixin.py:188} INFO - ❌ Lỗi cash_flow: RetryError[<Future at 0x7f17d4d2b5f0 state=finished raised KeyError>]
[2026-01-10T15:14:30.974+0000] {logging_mixin.py:188} INFO -  ✓ Hoàn thành batch. Tổng số dòng: 4992
[2026-01-10T15:14:31.051+0000] {base.py:84} INFO - Using connection ID 'minio_finance' for task execution.
[2026-01-10T15:14:31.054+0000] {connection_wrapper.py:384} INFO - AWS Connection (conn_id='minio_finance', conn_type='aws') credentials retrieved from login and password.
[2026-01-10T15:14:31.809+0000] {datalake_df2csv.py:52} INFO - ✅ Đã upload 4992 dòng -> s3://thongtin-congty-va-bctc/bctc/2025-12-30/batch_392.csv
[2026-01-10T15:14:31.811+0000] {taskinstance.py:441} INFO - ::group::Post task execution logs
[2026-01-10T15:14:31.824+0000] {taskinstance.py:1206} INFO - Marking task as SUCCESS. dag_id=thongtin_cty_bctc, task_id=ingest_bctc, run_id=scheduled__2025-12-30T00:00:00+00:00, map_index=392, execution_date=20251230T000000, start_date=20260110T151412, end_date=20260110T151431
[2026-01-10T15:14:31.866+0000] {local_task_job_runner.py:243} INFO - Task exited with return code 0
[2026-01-10T15:14:31.877+0000] {local_task_job_runner.py:222} INFO - ::endgroup::
