[2026-01-10T15:06:48.321+0000] {local_task_job_runner.py:120} INFO - ::group::Pre task execution logs
[2026-01-10T15:06:48.421+0000] {taskinstance.py:2076} INFO - Dependencies all met for dep_context=non-requeueable deps ti=<TaskInstance: thongtin_cty_bctc.ingest_bctc scheduled__2025-12-30T00:00:00+00:00 map_index=252 [queued]>
[2026-01-10T15:06:48.693+0000] {taskinstance.py:2076} INFO - Dependencies all met for dep_context=requeueable deps ti=<TaskInstance: thongtin_cty_bctc.ingest_bctc scheduled__2025-12-30T00:00:00+00:00 map_index=252 [queued]>
[2026-01-10T15:06:48.694+0000] {taskinstance.py:2306} INFO - Starting attempt 1 of 2
[2026-01-10T15:06:48.715+0000] {taskinstance.py:2330} INFO - Executing <Mapped(DfToCsvOperator): ingest_bctc> on 2025-12-30 00:00:00+00:00
[2026-01-10T15:06:48.730+0000] {warnings.py:112} WARNING - This process (pid=2282) is multi-threaded, use of fork() may lead to deadlocks in the child.

[2026-01-10T15:06:48.732+0000] {standard_task_runner.py:64} INFO - Started process 2346 to run task
[2026-01-10T15:06:48.735+0000] {standard_task_runner.py:90} INFO - Running: ['***', 'tasks', 'run', 'thongtin_cty_bctc', 'ingest_bctc', 'scheduled__2025-12-30T00:00:00+00:00', '--job-id', '8861', '--raw', '--subdir', 'DAGS_FOLDER/tt_cty_bctc.py', '--cfg-path', '/tmp/tmphv_culuy', '--map-index', '252']
[2026-01-10T15:06:48.737+0000] {standard_task_runner.py:91} INFO - Job 8861: Subtask ingest_bctc
[2026-01-10T15:06:48.820+0000] {task_command.py:426} INFO - Running <TaskInstance: thongtin_cty_bctc.ingest_bctc scheduled__2025-12-30T00:00:00+00:00 map_index=252 [running]> on host c44bcb92a951
[2026-01-10T15:06:49.022+0000] {taskinstance.py:2648} INFO - Exporting env vars: AIRFLOW_CTX_DAG_OWNER='***' AIRFLOW_CTX_DAG_ID='thongtin_cty_bctc' AIRFLOW_CTX_TASK_ID='ingest_bctc' AIRFLOW_CTX_EXECUTION_DATE='2025-12-30T00:00:00+00:00' AIRFLOW_CTX_TRY_NUMBER='1' AIRFLOW_CTX_DAG_RUN_ID='scheduled__2025-12-30T00:00:00+00:00'
[2026-01-10T15:06:49.024+0000] {taskinstance.py:430} INFO - ::endgroup::
[2026-01-10T15:06:49.034+0000] {logging_mixin.py:188} INFO - Bắt đầu xử lý batch 3 mã: ['NUE', 'NTW', 'NTT']
[2026-01-10T15:06:49.035+0000] {logging_mixin.py:188} INFO -  >> Đang lấy dữ liệu: NUE
[2026-01-10T15:06:53.822+0000] {logging_mixin.py:188} INFO - ❌ Lỗi income_statement: RetryError[<Future at 0x7f17d515cbf0 state=finished raised KeyError>]
[2026-01-10T15:06:58.224+0000] {logging_mixin.py:188} INFO - ❌ Lỗi balance_sheet: RetryError[<Future at 0x7f17d515f1a0 state=finished raised KeyError>]
[2026-01-10T15:07:02.735+0000] {logging_mixin.py:188} INFO - ❌ Lỗi cash_flow: RetryError[<Future at 0x7f17d515ef30 state=finished raised KeyError>]
[2026-01-10T15:07:03.734+0000] {logging_mixin.py:188} INFO -  >> Đang lấy dữ liệu: NTW
[2026-01-10T15:07:08.594+0000] {logging_mixin.py:188} INFO - ❌ Lỗi income_statement: RetryError[<Future at 0x7f17d50ae0f0 state=finished raised KeyError>]
[2026-01-10T15:07:13.031+0000] {logging_mixin.py:188} INFO - ❌ Lỗi balance_sheet: RetryError[<Future at 0x7f17d4eedee0 state=finished raised KeyError>]
[2026-01-10T15:07:17.484+0000] {logging_mixin.py:188} INFO - ❌ Lỗi cash_flow: RetryError[<Future at 0x7f17d4eefc80 state=finished raised KeyError>]
[2026-01-10T15:07:18.485+0000] {logging_mixin.py:188} INFO -  >> Đang lấy dữ liệu: NTT
[2026-01-10T15:07:21.425+0000] {logging_mixin.py:188} INFO -  ✓ Hoàn thành batch. Tổng số dòng: 4048
[2026-01-10T15:07:21.471+0000] {base.py:84} INFO - Using connection ID 'minio_finance' for task execution.
[2026-01-10T15:07:21.472+0000] {connection_wrapper.py:384} INFO - AWS Connection (conn_id='minio_finance', conn_type='aws') credentials retrieved from login and password.
[2026-01-10T15:07:22.021+0000] {datalake_df2csv.py:52} INFO - ✅ Đã upload 4048 dòng -> s3://thongtin-congty-va-bctc/bctc/2025-12-30/batch_252.csv
[2026-01-10T15:07:22.022+0000] {taskinstance.py:441} INFO - ::group::Post task execution logs
[2026-01-10T15:07:22.032+0000] {taskinstance.py:1206} INFO - Marking task as SUCCESS. dag_id=thongtin_cty_bctc, task_id=ingest_bctc, run_id=scheduled__2025-12-30T00:00:00+00:00, map_index=252, execution_date=20251230T000000, start_date=20260110T150648, end_date=20260110T150722
[2026-01-10T15:07:22.889+0000] {local_task_job_runner.py:243} INFO - Task exited with return code 0
[2026-01-10T15:07:22.900+0000] {local_task_job_runner.py:222} INFO - ::endgroup::
