[2026-01-12T15:27:50.033+0000] {local_task_job_runner.py:120} INFO - ::group::Pre task execution logs
[2026-01-12T15:27:50.145+0000] {taskinstance.py:2076} INFO - Dependencies all met for dep_context=non-requeueable deps ti=<TaskInstance: financial_ratios_etl.ingest_financial_ratios manual__2026-01-12T15:14:43+00:00 map_index=842 [queued]>
[2026-01-12T15:27:50.233+0000] {taskinstance.py:2076} INFO - Dependencies all met for dep_context=requeueable deps ti=<TaskInstance: financial_ratios_etl.ingest_financial_ratios manual__2026-01-12T15:14:43+00:00 map_index=842 [queued]>
[2026-01-12T15:27:50.234+0000] {taskinstance.py:2306} INFO - Starting attempt 1 of 2
[2026-01-12T15:27:50.255+0000] {taskinstance.py:2330} INFO - Executing <Mapped(DfToCsvOperator): ingest_financial_ratios> on 2026-01-12 15:14:43+00:00
[2026-01-12T15:27:50.271+0000] {warnings.py:112} WARNING - This process (pid=11084) is multi-threaded, use of fork() may lead to deadlocks in the child.

[2026-01-12T15:27:50.275+0000] {standard_task_runner.py:64} INFO - Started process 11186 to run task
[2026-01-12T15:27:50.277+0000] {standard_task_runner.py:90} INFO - Running: ['***', 'tasks', 'run', 'financial_ratios_etl', 'ingest_financial_ratios', 'manual__2026-01-12T15:14:43+00:00', '--job-id', '14547', '--raw', '--subdir', 'DAGS_FOLDER/financial_ratios_etl.py', '--cfg-path', '/tmp/tmp5bmwz6ub', '--map-index', '842']
[2026-01-12T15:27:50.282+0000] {standard_task_runner.py:91} INFO - Job 14547: Subtask ingest_financial_ratios
[2026-01-12T15:27:50.354+0000] {task_command.py:426} INFO - Running <TaskInstance: financial_ratios_etl.ingest_financial_ratios manual__2026-01-12T15:14:43+00:00 map_index=842 [running]> on host 5a20a797a43c
[2026-01-12T15:27:50.536+0000] {taskinstance.py:2648} INFO - Exporting env vars: AIRFLOW_CTX_DAG_OWNER='***' AIRFLOW_CTX_DAG_ID='financial_ratios_etl' AIRFLOW_CTX_TASK_ID='ingest_financial_ratios' AIRFLOW_CTX_EXECUTION_DATE='2026-01-12T15:14:43+00:00' AIRFLOW_CTX_TRY_NUMBER='1' AIRFLOW_CTX_DAG_RUN_ID='manual__2026-01-12T15:14:43+00:00'
[2026-01-12T15:27:50.538+0000] {taskinstance.py:430} INFO - ::endgroup::
[2026-01-12T15:27:50.566+0000] {logging_mixin.py:188} INFO - [RATIO] Bắt đầu xử lý batch 2 mã: ['ANV', 'ANT']
[2026-01-12T15:27:50.566+0000] {logging_mixin.py:188} INFO - [RATIO] Kỳ dữ liệu: quarter
[2026-01-12T15:27:50.567+0000] {logging_mixin.py:188} INFO -  >> [RATIO] Đang lấy dữ liệu: ANV
[2026-01-12T15:27:51.509+0000] {logging_mixin.py:188} INFO -  ✓ [RATIO] ANV: 53 rows
[2026-01-12T15:27:53.511+0000] {logging_mixin.py:188} INFO -  >> [RATIO] Đang lấy dữ liệu: ANT
[2026-01-12T15:27:54.444+0000] {logging_mixin.py:188} INFO -  ✓ [RATIO] ANT: 7 rows
[2026-01-12T15:27:56.449+0000] {logging_mixin.py:188} INFO -  ✅ [RATIO] Hoàn thành batch. Tổng số dòng: 60
[2026-01-12T15:27:56.473+0000] {base.py:84} INFO - Using connection ID 'minio_finance' for task execution.
[2026-01-12T15:27:56.474+0000] {connection_wrapper.py:384} INFO - AWS Connection (conn_id='minio_finance', conn_type='aws') credentials retrieved from login and password.
[2026-01-12T15:27:57.347+0000] {datalake_df2csv.py:52} INFO - ✅ Đã upload 60 dòng -> s3://thongtin-congty-va-bctc/financial_ratios/2026-01-12/batch_842.csv
[2026-01-12T15:27:57.349+0000] {taskinstance.py:441} INFO - ::group::Post task execution logs
[2026-01-12T15:27:57.368+0000] {taskinstance.py:1206} INFO - Marking task as SUCCESS. dag_id=financial_ratios_etl, task_id=ingest_financial_ratios, run_id=manual__2026-01-12T15:14:43+00:00, map_index=842, execution_date=20260112T151443, start_date=20260112T152750, end_date=20260112T152757
[2026-01-12T15:27:57.439+0000] {local_task_job_runner.py:243} INFO - Task exited with return code 0
[2026-01-12T15:27:57.471+0000] {taskinstance.py:3503} INFO - 0 downstream tasks scheduled from follow-on schedule check
[2026-01-12T15:27:57.475+0000] {local_task_job_runner.py:222} INFO - ::endgroup::
