[2026-01-10T15:16:00.080+0000] {local_task_job_runner.py:120} INFO - ::group::Pre task execution logs
[2026-01-10T15:16:00.419+0000] {taskinstance.py:2076} INFO - Dependencies all met for dep_context=non-requeueable deps ti=<TaskInstance: thongtin_cty_bctc.ingest_bctc scheduled__2025-12-30T00:00:00+00:00 map_index=426 [queued]>
[2026-01-10T15:16:00.568+0000] {taskinstance.py:2076} INFO - Dependencies all met for dep_context=requeueable deps ti=<TaskInstance: thongtin_cty_bctc.ingest_bctc scheduled__2025-12-30T00:00:00+00:00 map_index=426 [queued]>
[2026-01-10T15:16:00.569+0000] {taskinstance.py:2306} INFO - Starting attempt 1 of 2
[2026-01-10T15:16:00.592+0000] {taskinstance.py:2330} INFO - Executing <Mapped(DfToCsvOperator): ingest_bctc> on 2025-12-30 00:00:00+00:00
[2026-01-10T15:16:00.611+0000] {warnings.py:112} WARNING - This process (pid=9151) is multi-threaded, use of fork() may lead to deadlocks in the child.

[2026-01-10T15:16:00.613+0000] {standard_task_runner.py:64} INFO - Started process 9196 to run task
[2026-01-10T15:16:00.616+0000] {standard_task_runner.py:90} INFO - Running: ['***', 'tasks', 'run', 'thongtin_cty_bctc', 'ingest_bctc', 'scheduled__2025-12-30T00:00:00+00:00', '--job-id', '9380', '--raw', '--subdir', 'DAGS_FOLDER/tt_cty_bctc.py', '--cfg-path', '/tmp/tmpkvc9r5r6', '--map-index', '426']
[2026-01-10T15:16:00.617+0000] {standard_task_runner.py:91} INFO - Job 9380: Subtask ingest_bctc
[2026-01-10T15:16:00.705+0000] {task_command.py:426} INFO - Running <TaskInstance: thongtin_cty_bctc.ingest_bctc scheduled__2025-12-30T00:00:00+00:00 map_index=426 [running]> on host c44bcb92a951
[2026-01-10T15:16:00.870+0000] {taskinstance.py:2648} INFO - Exporting env vars: AIRFLOW_CTX_DAG_OWNER='***' AIRFLOW_CTX_DAG_ID='thongtin_cty_bctc' AIRFLOW_CTX_TASK_ID='ingest_bctc' AIRFLOW_CTX_EXECUTION_DATE='2025-12-30T00:00:00+00:00' AIRFLOW_CTX_TRY_NUMBER='1' AIRFLOW_CTX_DAG_RUN_ID='scheduled__2025-12-30T00:00:00+00:00'
[2026-01-10T15:16:00.872+0000] {taskinstance.py:430} INFO - ::endgroup::
[2026-01-10T15:16:00.881+0000] {logging_mixin.py:188} INFO - Bắt đầu xử lý batch 3 mã: ['EGL', 'EFI', 'ECO']
[2026-01-10T15:16:00.882+0000] {logging_mixin.py:188} INFO -  >> Đang lấy dữ liệu: EGL
[2026-01-10T15:16:05.710+0000] {logging_mixin.py:188} INFO - ❌ Lỗi income_statement: RetryError[<Future at 0x7f18002847d0 state=finished raised KeyError>]
[2026-01-10T15:16:10.107+0000] {logging_mixin.py:188} INFO - ❌ Lỗi balance_sheet: RetryError[<Future at 0x7f180624fd70 state=finished raised KeyError>]
[2026-01-10T15:16:14.511+0000] {logging_mixin.py:188} INFO - ❌ Lỗi cash_flow: RetryError[<Future at 0x7f17d50d2d50 state=finished raised KeyError>]
[2026-01-10T15:16:15.512+0000] {logging_mixin.py:188} INFO -  >> Đang lấy dữ liệu: EFI
[2026-01-10T15:16:17.984+0000] {logging_mixin.py:188} INFO -  >> Đang lấy dữ liệu: ECO
[2026-01-10T15:16:20.581+0000] {logging_mixin.py:188} INFO -  ✓ Hoàn thành batch. Tổng số dòng: 1507
[2026-01-10T15:16:20.618+0000] {base.py:84} INFO - Using connection ID 'minio_finance' for task execution.
[2026-01-10T15:16:20.619+0000] {connection_wrapper.py:384} INFO - AWS Connection (conn_id='minio_finance', conn_type='aws') credentials retrieved from login and password.
[2026-01-10T15:16:21.594+0000] {datalake_df2csv.py:52} INFO - ✅ Đã upload 1507 dòng -> s3://thongtin-congty-va-bctc/bctc/2025-12-30/batch_426.csv
[2026-01-10T15:16:21.596+0000] {taskinstance.py:441} INFO - ::group::Post task execution logs
[2026-01-10T15:16:21.616+0000] {taskinstance.py:1206} INFO - Marking task as SUCCESS. dag_id=thongtin_cty_bctc, task_id=ingest_bctc, run_id=scheduled__2025-12-30T00:00:00+00:00, map_index=426, execution_date=20251230T000000, start_date=20260110T151600, end_date=20260110T151621
[2026-01-10T15:16:21.704+0000] {local_task_job_runner.py:243} INFO - Task exited with return code 0
[2026-01-10T15:16:21.717+0000] {local_task_job_runner.py:222} INFO - ::endgroup::
