[2026-01-01T02:49:39.760+0000] {local_task_job_runner.py:120} INFO - ::group::Pre task execution logs
[2026-01-01T02:49:39.811+0000] {taskinstance.py:2076} INFO - Dependencies all met for dep_context=non-requeueable deps ti=<TaskInstance: thongtin_cty_bctc.ingest_bctc manual__2025-12-31T14:34:21.190447+00:00 map_index=40 [queued]>
[2026-01-01T02:49:39.844+0000] {taskinstance.py:2076} INFO - Dependencies all met for dep_context=requeueable deps ti=<TaskInstance: thongtin_cty_bctc.ingest_bctc manual__2025-12-31T14:34:21.190447+00:00 map_index=40 [queued]>
[2026-01-01T02:49:39.844+0000] {taskinstance.py:2306} INFO - Starting attempt 2 of 3
[2026-01-01T02:49:39.862+0000] {taskinstance.py:2330} INFO - Executing <Mapped(DfToCsvOperator): ingest_bctc> on 2025-12-31 14:34:21.190447+00:00
[2026-01-01T02:49:39.873+0000] {warnings.py:112} WARNING - This process (pid=18092) is multi-threaded, use of fork() may lead to deadlocks in the child.

[2026-01-01T02:49:39.875+0000] {standard_task_runner.py:64} INFO - Started process 18236 to run task
[2026-01-01T02:49:39.880+0000] {standard_task_runner.py:90} INFO - Running: ['***', 'tasks', 'run', 'thongtin_cty_bctc', 'ingest_bctc', 'manual__2025-12-31T14:34:21.190447+00:00', '--job-id', '2174', '--raw', '--subdir', 'DAGS_FOLDER/tt_cty_bctc.py', '--cfg-path', '/tmp/tmpr03k1pwg', '--map-index', '40']
[2026-01-01T02:49:39.882+0000] {standard_task_runner.py:91} INFO - Job 2174: Subtask ingest_bctc
[2026-01-01T02:49:39.944+0000] {task_command.py:426} INFO - Running <TaskInstance: thongtin_cty_bctc.ingest_bctc manual__2025-12-31T14:34:21.190447+00:00 map_index=40 [running]> on host 43b0a0f7606b
[2026-01-01T02:49:40.068+0000] {taskinstance.py:2648} INFO - Exporting env vars: AIRFLOW_CTX_DAG_OWNER='***' AIRFLOW_CTX_DAG_ID='thongtin_cty_bctc' AIRFLOW_CTX_TASK_ID='ingest_bctc' AIRFLOW_CTX_EXECUTION_DATE='2025-12-31T14:34:21.190447+00:00' AIRFLOW_CTX_TRY_NUMBER='2' AIRFLOW_CTX_DAG_RUN_ID='manual__2025-12-31T14:34:21.190447+00:00'
[2026-01-01T02:49:40.070+0000] {taskinstance.py:430} INFO - ::endgroup::
[2026-01-01T02:49:40.077+0000] {logging_mixin.py:188} INFO - Bắt đầu xử lý batch 10 mã: ['VNM', 'FPT', 'HPG', 'VIC', 'VHM', 'VCB', 'CTG', 'TPB', 'MWG', 'SSI']
[2026-01-01T02:49:40.077+0000] {logging_mixin.py:188} INFO -  >> Đang lấy dữ liệu: VNM
[2026-01-01T02:49:40.215+0000] {logging_mixin.py:188} INFO -  Lỗi xử lý mã VNM: Failed to fetch data: 429 - Too Many Requests
[2026-01-01T02:49:40.216+0000] {logging_mixin.py:188} INFO -  >> Đang lấy dữ liệu: FPT
[2026-01-01T02:49:40.346+0000] {logging_mixin.py:188} INFO -  Lỗi xử lý mã FPT: Failed to fetch data: 429 - Too Many Requests
[2026-01-01T02:49:40.347+0000] {logging_mixin.py:188} INFO -  >> Đang lấy dữ liệu: HPG
[2026-01-01T02:49:40.490+0000] {logging_mixin.py:188} INFO -  Lỗi xử lý mã HPG: Failed to fetch data: 429 - Too Many Requests
[2026-01-01T02:49:40.492+0000] {logging_mixin.py:188} INFO -  >> Đang lấy dữ liệu: VIC
[2026-01-01T02:49:40.675+0000] {logging_mixin.py:188} INFO -  Lỗi xử lý mã VIC: Failed to fetch data: 429 - Too Many Requests
[2026-01-01T02:49:40.677+0000] {logging_mixin.py:188} INFO -  >> Đang lấy dữ liệu: VHM
[2026-01-01T02:49:40.962+0000] {logging_mixin.py:188} INFO -  Lỗi xử lý mã VHM: Failed to fetch data: 429 - Too Many Requests
[2026-01-01T02:49:40.963+0000] {logging_mixin.py:188} INFO -  >> Đang lấy dữ liệu: VCB
[2026-01-01T02:49:41.133+0000] {logging_mixin.py:188} INFO -  Lỗi xử lý mã VCB: Failed to fetch data: 429 - Too Many Requests
[2026-01-01T02:49:41.134+0000] {logging_mixin.py:188} INFO -  >> Đang lấy dữ liệu: CTG
[2026-01-01T02:49:41.287+0000] {logging_mixin.py:188} INFO -  Lỗi xử lý mã CTG: Failed to fetch data: 429 - Too Many Requests
[2026-01-01T02:49:41.288+0000] {logging_mixin.py:188} INFO -  >> Đang lấy dữ liệu: TPB
[2026-01-01T02:49:41.442+0000] {logging_mixin.py:188} INFO -  Lỗi xử lý mã TPB: Failed to fetch data: 429 - Too Many Requests
[2026-01-01T02:49:41.443+0000] {logging_mixin.py:188} INFO -  >> Đang lấy dữ liệu: MWG
[2026-01-01T02:49:41.645+0000] {logging_mixin.py:188} INFO -  Lỗi xử lý mã MWG: Failed to fetch data: 429 - Too Many Requests
[2026-01-01T02:49:41.646+0000] {logging_mixin.py:188} INFO -  >> Đang lấy dữ liệu: SSI
[2026-01-01T02:49:41.796+0000] {logging_mixin.py:188} INFO -  Lỗi xử lý mã SSI: Failed to fetch data: 429 - Too Many Requests
[2026-01-01T02:49:41.798+0000] {logging_mixin.py:188} INFO -  ⚠ Batch này không thu được dữ liệu nào.
[2026-01-01T02:49:41.993+0000] {datalake_df2csv.py:40} INFO - DataFrame rỗng, bỏ qua upload CSV.
[2026-01-01T02:49:41.994+0000] {taskinstance.py:441} INFO - ::group::Post task execution logs
[2026-01-01T02:49:42.002+0000] {taskinstance.py:1206} INFO - Marking task as SUCCESS. dag_id=thongtin_cty_bctc, task_id=ingest_bctc, run_id=manual__2025-12-31T14:34:21.190447+00:00, map_index=40, execution_date=20251231T143421, start_date=20260101T024939, end_date=20260101T024942
[2026-01-01T02:49:42.057+0000] {local_task_job_runner.py:243} INFO - Task exited with return code 0
[2026-01-01T02:49:42.071+0000] {taskinstance.py:3503} INFO - 0 downstream tasks scheduled from follow-on schedule check
[2026-01-01T02:49:42.072+0000] {local_task_job_runner.py:222} INFO - ::endgroup::
