[2026-01-12T15:24:19.978+0000] {local_task_job_runner.py:120} INFO - ::group::Pre task execution logs
[2026-01-12T15:24:20.071+0000] {taskinstance.py:2076} INFO - Dependencies all met for dep_context=non-requeueable deps ti=<TaskInstance: financial_ratios_etl.ingest_financial_ratios manual__2026-01-12T15:14:43+00:00 map_index=599 [queued]>
[2026-01-12T15:24:20.131+0000] {taskinstance.py:2076} INFO - Dependencies all met for dep_context=requeueable deps ti=<TaskInstance: financial_ratios_etl.ingest_financial_ratios manual__2026-01-12T15:14:43+00:00 map_index=599 [queued]>
[2026-01-12T15:24:20.131+0000] {taskinstance.py:2306} INFO - Starting attempt 1 of 2
[2026-01-12T15:24:20.153+0000] {taskinstance.py:2330} INFO - Executing <Mapped(DfToCsvOperator): ingest_financial_ratios> on 2026-01-12 15:14:43+00:00
[2026-01-12T15:24:20.168+0000] {warnings.py:112} WARNING - This process (pid=7900) is multi-threaded, use of fork() may lead to deadlocks in the child.

[2026-01-12T15:24:20.170+0000] {standard_task_runner.py:64} INFO - Started process 7999 to run task
[2026-01-12T15:24:20.174+0000] {standard_task_runner.py:90} INFO - Running: ['***', 'tasks', 'run', 'financial_ratios_etl', 'ingest_financial_ratios', 'manual__2026-01-12T15:14:43+00:00', '--job-id', '14303', '--raw', '--subdir', 'DAGS_FOLDER/financial_ratios_etl.py', '--cfg-path', '/tmp/tmprx923wcm', '--map-index', '599']
[2026-01-12T15:24:20.178+0000] {standard_task_runner.py:91} INFO - Job 14303: Subtask ingest_financial_ratios
[2026-01-12T15:24:20.246+0000] {task_command.py:426} INFO - Running <TaskInstance: financial_ratios_etl.ingest_financial_ratios manual__2026-01-12T15:14:43+00:00 map_index=599 [running]> on host 5a20a797a43c
[2026-01-12T15:24:20.407+0000] {taskinstance.py:2648} INFO - Exporting env vars: AIRFLOW_CTX_DAG_OWNER='***' AIRFLOW_CTX_DAG_ID='financial_ratios_etl' AIRFLOW_CTX_TASK_ID='ingest_financial_ratios' AIRFLOW_CTX_EXECUTION_DATE='2026-01-12T15:14:43+00:00' AIRFLOW_CTX_TRY_NUMBER='1' AIRFLOW_CTX_DAG_RUN_ID='manual__2026-01-12T15:14:43+00:00'
[2026-01-12T15:24:20.408+0000] {taskinstance.py:430} INFO - ::endgroup::
[2026-01-12T15:24:20.415+0000] {logging_mixin.py:188} INFO - [RATIO] Bắt đầu xử lý batch 2 mã: ['GTH', 'GTD']
[2026-01-12T15:24:20.415+0000] {logging_mixin.py:188} INFO - [RATIO] Kỳ dữ liệu: quarter
[2026-01-12T15:24:20.416+0000] {logging_mixin.py:188} INFO -  >> [RATIO] Đang lấy dữ liệu: GTH
[2026-01-12T15:24:25.291+0000] {logging_mixin.py:188} INFO - ❌ Lỗi GTH: RetryError[<Future at 0x7f68d606e360 state=finished raised KeyError>]
[2026-01-12T15:24:25.292+0000] {logging_mixin.py:188} INFO -  ⚠️ [RATIO] GTH: No data from API
[2026-01-12T15:24:27.310+0000] {logging_mixin.py:188} INFO -  >> [RATIO] Đang lấy dữ liệu: GTD
[2026-01-12T15:24:32.294+0000] {logging_mixin.py:188} INFO - ❌ Lỗi GTD: RetryError[<Future at 0x7f69183d8b30 state=finished raised KeyError>]
[2026-01-12T15:24:32.295+0000] {logging_mixin.py:188} INFO -  ⚠️ [RATIO] GTD: No data from API
[2026-01-12T15:24:34.297+0000] {logging_mixin.py:188} INFO -  ⚠ [RATIO] Batch này không thu được dữ liệu nào.
[2026-01-12T15:24:34.298+0000] {datalake_df2csv.py:40} INFO - DataFrame rỗng, bỏ qua upload CSV.
[2026-01-12T15:24:34.299+0000] {taskinstance.py:441} INFO - ::group::Post task execution logs
[2026-01-12T15:24:34.308+0000] {taskinstance.py:1206} INFO - Marking task as SUCCESS. dag_id=financial_ratios_etl, task_id=ingest_financial_ratios, run_id=manual__2026-01-12T15:14:43+00:00, map_index=599, execution_date=20260112T151443, start_date=20260112T152420, end_date=20260112T152434
[2026-01-12T15:24:34.352+0000] {local_task_job_runner.py:243} INFO - Task exited with return code 0
[2026-01-12T15:24:34.363+0000] {local_task_job_runner.py:222} INFO - ::endgroup::
