[2025-12-31T14:39:22.556+0000] {local_task_job_runner.py:120} INFO - ::group::Pre task execution logs
[2025-12-31T14:39:22.584+0000] {taskinstance.py:2076} INFO - Dependencies all met for dep_context=non-requeueable deps ti=<TaskInstance: thongtin_cty_bctc.ingest_bctc manual__2025-12-31T14:34:21.190447+00:00 map_index=12 [queued]>
[2025-12-31T14:39:22.600+0000] {taskinstance.py:2076} INFO - Dependencies all met for dep_context=requeueable deps ti=<TaskInstance: thongtin_cty_bctc.ingest_bctc manual__2025-12-31T14:34:21.190447+00:00 map_index=12 [queued]>
[2025-12-31T14:39:22.601+0000] {taskinstance.py:2306} INFO - Starting attempt 1 of 2
[2025-12-31T14:39:22.618+0000] {taskinstance.py:2330} INFO - Executing <Mapped(DfToCsvOperator): ingest_bctc> on 2025-12-31 14:34:21.190447+00:00
[2025-12-31T14:39:22.628+0000] {warnings.py:112} WARNING - This process (pid=3948) is multi-threaded, use of fork() may lead to deadlocks in the child.

[2025-12-31T14:39:22.630+0000] {standard_task_runner.py:64} INFO - Started process 3983 to run task
[2025-12-31T14:39:22.633+0000] {standard_task_runner.py:90} INFO - Running: ['***', 'tasks', 'run', 'thongtin_cty_bctc', 'ingest_bctc', 'manual__2025-12-31T14:34:21.190447+00:00', '--job-id', '305', '--raw', '--subdir', 'DAGS_FOLDER/tt_cty_bctc.py', '--cfg-path', '/tmp/tmp7yofpo8r', '--map-index', '12']
[2025-12-31T14:39:22.634+0000] {standard_task_runner.py:91} INFO - Job 305: Subtask ingest_bctc
[2025-12-31T14:39:22.694+0000] {task_command.py:426} INFO - Running <TaskInstance: thongtin_cty_bctc.ingest_bctc manual__2025-12-31T14:34:21.190447+00:00 map_index=12 [running]> on host 8bc7f11ea9a4
[2025-12-31T14:39:22.808+0000] {taskinstance.py:2648} INFO - Exporting env vars: AIRFLOW_CTX_DAG_OWNER='***' AIRFLOW_CTX_DAG_ID='thongtin_cty_bctc' AIRFLOW_CTX_TASK_ID='ingest_bctc' AIRFLOW_CTX_EXECUTION_DATE='2025-12-31T14:34:21.190447+00:00' AIRFLOW_CTX_TRY_NUMBER='1' AIRFLOW_CTX_DAG_RUN_ID='manual__2025-12-31T14:34:21.190447+00:00'
[2025-12-31T14:39:22.810+0000] {taskinstance.py:430} INFO - ::endgroup::
[2025-12-31T14:39:22.818+0000] {logging_mixin.py:188} INFO - Bắt đầu xử lý batch 20 mã: ['TTT', 'TTS', 'TTP', 'TTN', 'TTL', 'TTH', 'TTG', 'TTF', 'TTE', 'TTD', 'TTC', 'TTB', 'TTA', 'TT6', 'TST', 'TSJ', 'TSG', 'TSD', 'TSC', 'TSB']
[2025-12-31T14:39:22.819+0000] {logging_mixin.py:188} INFO -  >> Đang lấy dữ liệu: TTT
[2025-12-31T14:39:22.945+0000] {logging_mixin.py:188} INFO -  Lỗi xử lý mã TTT: Failed to fetch data: 429 - Too Many Requests
[2025-12-31T14:39:22.946+0000] {logging_mixin.py:188} INFO -  >> Đang lấy dữ liệu: TTS
[2025-12-31T14:39:23.084+0000] {logging_mixin.py:188} INFO -  Lỗi xử lý mã TTS: Failed to fetch data: 429 - Too Many Requests
[2025-12-31T14:39:23.085+0000] {logging_mixin.py:188} INFO -  >> Đang lấy dữ liệu: TTP
[2025-12-31T14:39:23.214+0000] {logging_mixin.py:188} INFO -  Lỗi xử lý mã TTP: Failed to fetch data: 429 - Too Many Requests
[2025-12-31T14:39:23.216+0000] {logging_mixin.py:188} INFO -  >> Đang lấy dữ liệu: TTN
[2025-12-31T14:39:23.337+0000] {logging_mixin.py:188} INFO -  Lỗi xử lý mã TTN: Failed to fetch data: 429 - Too Many Requests
[2025-12-31T14:39:23.338+0000] {logging_mixin.py:188} INFO -  >> Đang lấy dữ liệu: TTL
[2025-12-31T14:39:23.464+0000] {logging_mixin.py:188} INFO -  Lỗi xử lý mã TTL: Failed to fetch data: 429 - Too Many Requests
[2025-12-31T14:39:23.465+0000] {logging_mixin.py:188} INFO -  >> Đang lấy dữ liệu: TTH
[2025-12-31T14:39:23.677+0000] {logging_mixin.py:188} INFO -  Lỗi xử lý mã TTH: Failed to fetch data: 429 - Too Many Requests
[2025-12-31T14:39:23.678+0000] {logging_mixin.py:188} INFO -  >> Đang lấy dữ liệu: TTG
[2025-12-31T14:39:23.943+0000] {logging_mixin.py:188} INFO -  Lỗi xử lý mã TTG: Failed to fetch data: 429 - Too Many Requests
[2025-12-31T14:39:23.943+0000] {logging_mixin.py:188} INFO -  >> Đang lấy dữ liệu: TTF
[2025-12-31T14:39:24.053+0000] {logging_mixin.py:188} INFO -  Lỗi xử lý mã TTF: Failed to fetch data: 429 - Too Many Requests
[2025-12-31T14:39:24.054+0000] {logging_mixin.py:188} INFO -  >> Đang lấy dữ liệu: TTE
[2025-12-31T14:39:24.163+0000] {logging_mixin.py:188} INFO -  Lỗi xử lý mã TTE: Failed to fetch data: 429 - Too Many Requests
[2025-12-31T14:39:24.164+0000] {logging_mixin.py:188} INFO -  >> Đang lấy dữ liệu: TTD
[2025-12-31T14:39:24.275+0000] {logging_mixin.py:188} INFO -  Lỗi xử lý mã TTD: Failed to fetch data: 429 - Too Many Requests
[2025-12-31T14:39:24.276+0000] {logging_mixin.py:188} INFO -  >> Đang lấy dữ liệu: TTC
[2025-12-31T14:39:24.389+0000] {logging_mixin.py:188} INFO -  Lỗi xử lý mã TTC: Failed to fetch data: 429 - Too Many Requests
[2025-12-31T14:39:24.390+0000] {logging_mixin.py:188} INFO -  >> Đang lấy dữ liệu: TTB
[2025-12-31T14:39:24.506+0000] {logging_mixin.py:188} INFO -  Lỗi xử lý mã TTB: Failed to fetch data: 429 - Too Many Requests
[2025-12-31T14:39:24.507+0000] {logging_mixin.py:188} INFO -  >> Đang lấy dữ liệu: TTA
[2025-12-31T14:39:24.633+0000] {logging_mixin.py:188} INFO -  Lỗi xử lý mã TTA: Failed to fetch data: 429 - Too Many Requests
[2025-12-31T14:39:24.635+0000] {logging_mixin.py:188} INFO -  >> Đang lấy dữ liệu: TT6
[2025-12-31T14:39:24.749+0000] {logging_mixin.py:188} INFO -  Lỗi xử lý mã TT6: Failed to fetch data: 429 - Too Many Requests
[2025-12-31T14:39:24.750+0000] {logging_mixin.py:188} INFO -  >> Đang lấy dữ liệu: TST
[2025-12-31T14:39:24.898+0000] {logging_mixin.py:188} INFO -  Lỗi xử lý mã TST: Failed to fetch data: 429 - Too Many Requests
[2025-12-31T14:39:24.899+0000] {logging_mixin.py:188} INFO -  >> Đang lấy dữ liệu: TSJ
[2025-12-31T14:39:25.016+0000] {logging_mixin.py:188} INFO -  Lỗi xử lý mã TSJ: Failed to fetch data: 429 - Too Many Requests
[2025-12-31T14:39:25.017+0000] {logging_mixin.py:188} INFO -  >> Đang lấy dữ liệu: TSG
[2025-12-31T14:39:25.192+0000] {logging_mixin.py:188} INFO -  Lỗi xử lý mã TSG: Failed to fetch data: 429 - Too Many Requests
[2025-12-31T14:39:25.194+0000] {logging_mixin.py:188} INFO -  >> Đang lấy dữ liệu: TSD
[2025-12-31T14:39:25.353+0000] {logging_mixin.py:188} INFO -  Lỗi xử lý mã TSD: Failed to fetch data: 429 - Too Many Requests
[2025-12-31T14:39:25.354+0000] {logging_mixin.py:188} INFO -  >> Đang lấy dữ liệu: TSC
[2025-12-31T14:39:25.487+0000] {logging_mixin.py:188} INFO -  Lỗi xử lý mã TSC: Failed to fetch data: 429 - Too Many Requests
[2025-12-31T14:39:25.489+0000] {logging_mixin.py:188} INFO -  >> Đang lấy dữ liệu: TSB
[2025-12-31T14:39:25.613+0000] {logging_mixin.py:188} INFO -  Lỗi xử lý mã TSB: Failed to fetch data: 429 - Too Many Requests
[2025-12-31T14:39:25.614+0000] {logging_mixin.py:188} INFO -  ⚠ Batch này không thu được dữ liệu nào.
[2025-12-31T14:39:25.617+0000] {datalake_df2csv.py:40} INFO - DataFrame rỗng, bỏ qua upload CSV.
[2025-12-31T14:39:25.617+0000] {taskinstance.py:441} INFO - ::group::Post task execution logs
[2025-12-31T14:39:25.629+0000] {taskinstance.py:1206} INFO - Marking task as SUCCESS. dag_id=thongtin_cty_bctc, task_id=ingest_bctc, run_id=manual__2025-12-31T14:34:21.190447+00:00, map_index=12, execution_date=20251231T143421, start_date=20251231T143922, end_date=20251231T143925
[2025-12-31T14:39:25.695+0000] {local_task_job_runner.py:243} INFO - Task exited with return code 0
[2025-12-31T14:39:25.711+0000] {taskinstance.py:3503} INFO - 0 downstream tasks scheduled from follow-on schedule check
[2025-12-31T14:39:25.713+0000] {local_task_job_runner.py:222} INFO - ::endgroup::
