[2026-01-11T13:06:59.802+0000] {local_task_job_runner.py:120} INFO - ::group::Pre task execution logs
[2026-01-11T13:06:59.839+0000] {taskinstance.py:2076} INFO - Dependencies all met for dep_context=non-requeueable deps ti=<TaskInstance: company_overview_to_minio.ingest_overview scheduled__2026-01-04T00:00:00+00:00 map_index=71 [queued]>
[2026-01-11T13:06:59.861+0000] {taskinstance.py:2076} INFO - Dependencies all met for dep_context=requeueable deps ti=<TaskInstance: company_overview_to_minio.ingest_overview scheduled__2026-01-04T00:00:00+00:00 map_index=71 [queued]>
[2026-01-11T13:06:59.861+0000] {taskinstance.py:2306} INFO - Starting attempt 1 of 2
[2026-01-11T13:06:59.890+0000] {taskinstance.py:2330} INFO - Executing <Mapped(DfToCsvOperator): ingest_overview> on 2026-01-04 00:00:00+00:00
[2026-01-11T13:06:59.905+0000] {warnings.py:112} WARNING - This process (pid=2960) is multi-threaded, use of fork() may lead to deadlocks in the child.

[2026-01-11T13:06:59.907+0000] {standard_task_runner.py:64} INFO - Started process 3035 to run task
[2026-01-11T13:06:59.910+0000] {standard_task_runner.py:90} INFO - Running: ['***', 'tasks', 'run', 'company_overview_to_minio', 'ingest_overview', 'scheduled__2026-01-04T00:00:00+00:00', '--job-id', '10561', '--raw', '--subdir', 'DAGS_FOLDER/company_overview_to_minio.py', '--cfg-path', '/tmp/tmp1wan7im5', '--map-index', '71']
[2026-01-11T13:06:59.912+0000] {standard_task_runner.py:91} INFO - Job 10561: Subtask ingest_overview
[2026-01-11T13:06:59.982+0000] {task_command.py:426} INFO - Running <TaskInstance: company_overview_to_minio.ingest_overview scheduled__2026-01-04T00:00:00+00:00 map_index=71 [running]> on host 09a10a568fe6
[2026-01-11T13:07:00.104+0000] {taskinstance.py:2648} INFO - Exporting env vars: AIRFLOW_CTX_DAG_OWNER='***' AIRFLOW_CTX_DAG_ID='company_overview_to_minio' AIRFLOW_CTX_TASK_ID='ingest_overview' AIRFLOW_CTX_EXECUTION_DATE='2026-01-04T00:00:00+00:00' AIRFLOW_CTX_TRY_NUMBER='1' AIRFLOW_CTX_DAG_RUN_ID='scheduled__2026-01-04T00:00:00+00:00'
[2026-01-11T13:07:00.105+0000] {taskinstance.py:430} INFO - ::endgroup::
[2026-01-11T13:07:01.074+0000] {warnings.py:112} WARNING - DataFrame.applymap has been deprecated. Use DataFrame.map instead.

[2026-01-11T13:07:02.281+0000] {warnings.py:112} WARNING - DataFrame.applymap has been deprecated. Use DataFrame.map instead.

[2026-01-11T13:07:05.014+0000] {warnings.py:112} WARNING - DataFrame.applymap has been deprecated. Use DataFrame.map instead.

[2026-01-11T13:07:06.194+0000] {warnings.py:112} WARNING - DataFrame.applymap has been deprecated. Use DataFrame.map instead.

[2026-01-11T13:07:08.054+0000] {warnings.py:112} WARNING - DataFrame.applymap has been deprecated. Use DataFrame.map instead.

[2026-01-11T13:07:19.873+0000] {warnings.py:112} WARNING - DataFrame.applymap has been deprecated. Use DataFrame.map instead.

[2026-01-11T13:07:21.063+0000] {warnings.py:112} WARNING - DataFrame.applymap has been deprecated. Use DataFrame.map instead.

[2026-01-11T13:07:22.247+0000] {warnings.py:112} WARNING - DataFrame.applymap has been deprecated. Use DataFrame.map instead.

[2026-01-11T13:07:33.273+0000] {log.py:232} WARNING - 2026-01-11 13:07:33 - vnstock.core.utils.client - ERROR - API request failed: HTTPSConnectionPool(host='trading.vietcap.com.vn', port=443): Max retries exceeded with url: /data-mt/graphql (Caused by NameResolutionError("<urllib3.connection.HTTPSConnection object at 0x7f6e92576030>: Failed to resolve 'trading.vietcap.com.vn' ([Errno -3] Temporary failure in name resolution)"))
[2026-01-11T13:07:33.273+0000] {client.py:414} ERROR - API request failed: HTTPSConnectionPool(host='trading.vietcap.com.vn', port=443): Max retries exceeded with url: /data-mt/graphql (Caused by NameResolutionError("<urllib3.connection.HTTPSConnection object at 0x7f6e92576030>: Failed to resolve 'trading.vietcap.com.vn' ([Errno -3] Temporary failure in name resolution)"))
[2026-01-11T13:07:33.274+0000] {logging_mixin.py:188} INFO - Err overview CVP: API request failed: HTTPSConnectionPool(host='trading.vietcap.com.vn', port=443): Max retries exceeded with url: /data-mt/graphql (Caused by NameResolutionError("<urllib3.connection.HTTPSConnection object at 0x7f6e92576030>: Failed to resolve 'trading.vietcap.com.vn' ([Errno -3] Temporary failure in name resolution)"))
[2026-01-11T13:07:34.813+0000] {warnings.py:112} WARNING - DataFrame.applymap has been deprecated. Use DataFrame.map instead.

[2026-01-11T13:07:36.086+0000] {warnings.py:112} WARNING - DataFrame.applymap has been deprecated. Use DataFrame.map instead.

[2026-01-11T13:07:37.395+0000] {warnings.py:112} WARNING - DataFrame.applymap has been deprecated. Use DataFrame.map instead.

[2026-01-11T13:07:38.576+0000] {warnings.py:112} WARNING - DataFrame.applymap has been deprecated. Use DataFrame.map instead.

[2026-01-11T13:07:40.042+0000] {warnings.py:112} WARNING - DataFrame.applymap has been deprecated. Use DataFrame.map instead.

[2026-01-11T13:07:41.192+0000] {warnings.py:112} WARNING - DataFrame.applymap has been deprecated. Use DataFrame.map instead.

[2026-01-11T13:07:43.423+0000] {warnings.py:112} WARNING - DataFrame.applymap has been deprecated. Use DataFrame.map instead.

[2026-01-11T13:07:48.570+0000] {logging_mixin.py:188} INFO - Err overview CTN: RetryError[<Future at 0x7f6ea01c19a0 state=finished raised AttributeError>]
[2026-01-11T13:07:49.705+0000] {warnings.py:112} WARNING - DataFrame.applymap has been deprecated. Use DataFrame.map instead.

[2026-01-11T13:07:51.189+0000] {warnings.py:112} WARNING - DataFrame.applymap has been deprecated. Use DataFrame.map instead.

[2026-01-11T13:07:52.655+0000] {warnings.py:112} WARNING - DataFrame.applymap has been deprecated. Use DataFrame.map instead.

[2026-01-11T13:07:53.730+0000] {base.py:84} INFO - Using connection ID 'minio_finance' for task execution.
[2026-01-11T13:07:53.732+0000] {connection_wrapper.py:384} INFO - AWS Connection (conn_id='minio_finance', conn_type='aws') credentials retrieved from login and password.
[2026-01-11T13:07:54.112+0000] {datalake_df2csv.py:52} INFO - ✅ Đã upload 18 dòng -> s3://thongtin-congty-va-bctc/overview/date=2026-01-04/batch_71.csv
[2026-01-11T13:07:54.113+0000] {taskinstance.py:441} INFO - ::group::Post task execution logs
[2026-01-11T13:07:54.123+0000] {taskinstance.py:1206} INFO - Marking task as SUCCESS. dag_id=company_overview_to_minio, task_id=ingest_overview, run_id=scheduled__2026-01-04T00:00:00+00:00, map_index=71, execution_date=20260104T000000, start_date=20260111T130659, end_date=20260111T130754
[2026-01-11T13:07:54.165+0000] {local_task_job_runner.py:243} INFO - Task exited with return code 0
[2026-01-11T13:07:54.192+0000] {taskinstance.py:3503} INFO - 0 downstream tasks scheduled from follow-on schedule check
[2026-01-11T13:07:54.194+0000] {local_task_job_runner.py:222} INFO - ::endgroup::
