[2026-01-11T03:25:10.973+0000] {local_task_job_runner.py:120} INFO - ::group::Pre task execution logs
[2026-01-11T03:25:11.027+0000] {taskinstance.py:2076} INFO - Dependencies all met for dep_context=non-requeueable deps ti=<TaskInstance: bctc.ingest_bctc manual__2026-01-11T03:22:36.146797+00:00 map_index=62 [queued]>
[2026-01-11T03:25:11.058+0000] {taskinstance.py:2076} INFO - Dependencies all met for dep_context=requeueable deps ti=<TaskInstance: bctc.ingest_bctc manual__2026-01-11T03:22:36.146797+00:00 map_index=62 [queued]>
[2026-01-11T03:25:11.059+0000] {taskinstance.py:2306} INFO - Starting attempt 1 of 2
[2026-01-11T03:25:11.154+0000] {taskinstance.py:2330} INFO - Executing <Mapped(DfToCsvOperator): ingest_bctc> on 2026-01-11 03:22:36.146797+00:00
[2026-01-11T03:25:11.172+0000] {warnings.py:112} WARNING - This process (pid=4102) is multi-threaded, use of fork() may lead to deadlocks in the child.

[2026-01-11T03:25:11.177+0000] {standard_task_runner.py:64} INFO - Started process 4172 to run task
[2026-01-11T03:25:11.180+0000] {standard_task_runner.py:90} INFO - Running: ['***', 'tasks', 'run', 'bctc', 'ingest_bctc', 'manual__2026-01-11T03:22:36.146797+00:00', '--job-id', '9970', '--raw', '--subdir', 'DAGS_FOLDER/tt_cty_bctc.py', '--cfg-path', '/tmp/tmpqogi7jgf', '--map-index', '62']
[2026-01-11T03:25:11.184+0000] {standard_task_runner.py:91} INFO - Job 9970: Subtask ingest_bctc
[2026-01-11T03:25:11.282+0000] {task_command.py:426} INFO - Running <TaskInstance: bctc.ingest_bctc manual__2026-01-11T03:22:36.146797+00:00 map_index=62 [running]> on host 3f2af93df813
[2026-01-11T03:25:11.481+0000] {taskinstance.py:2648} INFO - Exporting env vars: AIRFLOW_CTX_DAG_OWNER='***' AIRFLOW_CTX_DAG_ID='bctc' AIRFLOW_CTX_TASK_ID='ingest_bctc' AIRFLOW_CTX_EXECUTION_DATE='2026-01-11T03:22:36.146797+00:00' AIRFLOW_CTX_TRY_NUMBER='1' AIRFLOW_CTX_DAG_RUN_ID='manual__2026-01-11T03:22:36.146797+00:00'
[2026-01-11T03:25:11.484+0000] {taskinstance.py:430} INFO - ::endgroup::
[2026-01-11T03:25:11.497+0000] {logging_mixin.py:188} INFO - Bắt đầu xử lý batch 20 mã: ['FRM', 'FRC', 'FPT', 'FOX', 'FOC', 'FMC', 'FLC', 'FIT', 'FIR', 'FID', 'FIC', 'FHS', 'FHN', 'FGL', 'FDG', 'FDC', 'FCS', 'FCN', 'FCM', 'FCC']
[2026-01-11T03:25:11.498+0000] {logging_mixin.py:188} INFO -  >> Đang lấy dữ liệu: FRM
[2026-01-11T03:25:11.820+0000] {logging_mixin.py:188} INFO -  Lỗi xử lý mã FRM: Failed to fetch data: 429 - Too Many Requests
[2026-01-11T03:25:11.822+0000] {logging_mixin.py:188} INFO -  >> Đang lấy dữ liệu: FRC
[2026-01-11T03:25:12.234+0000] {logging_mixin.py:188} INFO -  Lỗi xử lý mã FRC: Failed to fetch data: 429 - Too Many Requests
[2026-01-11T03:25:12.237+0000] {logging_mixin.py:188} INFO -  >> Đang lấy dữ liệu: FPT
[2026-01-11T03:25:12.547+0000] {logging_mixin.py:188} INFO -  Lỗi xử lý mã FPT: Failed to fetch data: 429 - Too Many Requests
[2026-01-11T03:25:12.548+0000] {logging_mixin.py:188} INFO -  >> Đang lấy dữ liệu: FOX
[2026-01-11T03:25:12.979+0000] {logging_mixin.py:188} INFO -  Lỗi xử lý mã FOX: Failed to fetch data: 429 - Too Many Requests
[2026-01-11T03:25:12.979+0000] {logging_mixin.py:188} INFO -  >> Đang lấy dữ liệu: FOC
[2026-01-11T03:25:13.175+0000] {logging_mixin.py:188} INFO -  Lỗi xử lý mã FOC: Failed to fetch data: 429 - Too Many Requests
[2026-01-11T03:25:13.176+0000] {logging_mixin.py:188} INFO -  >> Đang lấy dữ liệu: FMC
[2026-01-11T03:25:14.410+0000] {logging_mixin.py:188} INFO -  Lỗi xử lý mã FMC: Failed to fetch data: 429 - Too Many Requests
[2026-01-11T03:25:14.412+0000] {logging_mixin.py:188} INFO -  >> Đang lấy dữ liệu: FLC
[2026-01-11T03:25:14.577+0000] {logging_mixin.py:188} INFO -  Lỗi xử lý mã FLC: Failed to fetch data: 429 - Too Many Requests
[2026-01-11T03:25:14.578+0000] {logging_mixin.py:188} INFO -  >> Đang lấy dữ liệu: FIT
[2026-01-11T03:25:14.799+0000] {logging_mixin.py:188} INFO -  Lỗi xử lý mã FIT: Failed to fetch data: 429 - Too Many Requests
[2026-01-11T03:25:14.800+0000] {logging_mixin.py:188} INFO -  >> Đang lấy dữ liệu: FIR
[2026-01-11T03:25:15.117+0000] {logging_mixin.py:188} INFO -  Lỗi xử lý mã FIR: Failed to fetch data: 429 - Too Many Requests
[2026-01-11T03:25:15.119+0000] {logging_mixin.py:188} INFO -  >> Đang lấy dữ liệu: FID
[2026-01-11T03:25:15.324+0000] {logging_mixin.py:188} INFO -  Lỗi xử lý mã FID: Failed to fetch data: 429 - Too Many Requests
[2026-01-11T03:25:15.325+0000] {logging_mixin.py:188} INFO -  >> Đang lấy dữ liệu: FIC
[2026-01-11T03:25:15.472+0000] {logging_mixin.py:188} INFO -  Lỗi xử lý mã FIC: Failed to fetch data: 429 - Too Many Requests
[2026-01-11T03:25:15.474+0000] {logging_mixin.py:188} INFO -  >> Đang lấy dữ liệu: FHS
[2026-01-11T03:25:15.788+0000] {logging_mixin.py:188} INFO -  Lỗi xử lý mã FHS: Failed to fetch data: 429 - Too Many Requests
[2026-01-11T03:25:15.789+0000] {logging_mixin.py:188} INFO -  >> Đang lấy dữ liệu: FHN
[2026-01-11T03:25:16.139+0000] {logging_mixin.py:188} INFO -  Lỗi xử lý mã FHN: Failed to fetch data: 429 - Too Many Requests
[2026-01-11T03:25:16.140+0000] {logging_mixin.py:188} INFO -  >> Đang lấy dữ liệu: FGL
[2026-01-11T03:25:16.355+0000] {logging_mixin.py:188} INFO -  Lỗi xử lý mã FGL: Failed to fetch data: 429 - Too Many Requests
[2026-01-11T03:25:16.356+0000] {logging_mixin.py:188} INFO -  >> Đang lấy dữ liệu: FDG
[2026-01-11T03:25:16.544+0000] {logging_mixin.py:188} INFO -  Lỗi xử lý mã FDG: Failed to fetch data: 429 - Too Many Requests
[2026-01-11T03:25:16.545+0000] {logging_mixin.py:188} INFO -  >> Đang lấy dữ liệu: FDC
[2026-01-11T03:25:17.369+0000] {logging_mixin.py:188} INFO -  Lỗi xử lý mã FDC: Failed to fetch data: 429 - Too Many Requests
[2026-01-11T03:25:17.374+0000] {logging_mixin.py:188} INFO -  >> Đang lấy dữ liệu: FCS
[2026-01-11T03:25:18.067+0000] {logging_mixin.py:188} INFO -  Lỗi xử lý mã FCS: Failed to fetch data: 429 - Too Many Requests
[2026-01-11T03:25:18.068+0000] {logging_mixin.py:188} INFO -  >> Đang lấy dữ liệu: FCN
[2026-01-11T03:25:18.195+0000] {logging_mixin.py:188} INFO -  Lỗi xử lý mã FCN: Failed to fetch data: 429 - Too Many Requests
[2026-01-11T03:25:18.196+0000] {logging_mixin.py:188} INFO -  >> Đang lấy dữ liệu: FCM
[2026-01-11T03:25:18.335+0000] {logging_mixin.py:188} INFO -  Lỗi xử lý mã FCM: Failed to fetch data: 429 - Too Many Requests
[2026-01-11T03:25:18.336+0000] {logging_mixin.py:188} INFO -  >> Đang lấy dữ liệu: FCC
[2026-01-11T03:25:18.488+0000] {logging_mixin.py:188} INFO -  Lỗi xử lý mã FCC: Failed to fetch data: 429 - Too Many Requests
[2026-01-11T03:25:18.490+0000] {logging_mixin.py:188} INFO -  ⚠ Batch này không thu được dữ liệu nào.
[2026-01-11T03:25:18.493+0000] {datalake_df2csv.py:40} INFO - DataFrame rỗng, bỏ qua upload CSV.
[2026-01-11T03:25:18.494+0000] {taskinstance.py:441} INFO - ::group::Post task execution logs
[2026-01-11T03:25:18.853+0000] {taskinstance.py:1206} INFO - Marking task as SUCCESS. dag_id=bctc, task_id=ingest_bctc, run_id=manual__2026-01-11T03:22:36.146797+00:00, map_index=62, execution_date=20260111T032236, start_date=20260111T032511, end_date=20260111T032518
[2026-01-11T03:25:18.966+0000] {local_task_job_runner.py:243} INFO - Task exited with return code 0
[2026-01-11T03:25:18.985+0000] {local_task_job_runner.py:222} INFO - ::endgroup::
