[2026-01-01T02:10:48.927+0000] {local_task_job_runner.py:120} INFO - ::group::Pre task execution logs
[2026-01-01T02:10:49.031+0000] {taskinstance.py:2076} INFO - Dependencies all met for dep_context=non-requeueable deps ti=<TaskInstance: thongtin_cty_bctc.ingest_overview scheduled__2025-12-31T00:00:00+00:00 map_index=40 [queued]>
[2026-01-01T02:10:49.084+0000] {taskinstance.py:2076} INFO - Dependencies all met for dep_context=requeueable deps ti=<TaskInstance: thongtin_cty_bctc.ingest_overview scheduled__2025-12-31T00:00:00+00:00 map_index=40 [queued]>
[2026-01-01T02:10:49.086+0000] {taskinstance.py:2306} INFO - Starting attempt 1 of 2
[2026-01-01T02:10:49.150+0000] {taskinstance.py:2330} INFO - Executing <Mapped(DfToCsvOperator): ingest_overview> on 2025-12-31 00:00:00+00:00
[2026-01-01T02:10:49.202+0000] {warnings.py:112} WARNING - This process (pid=1402) is multi-threaded, use of fork() may lead to deadlocks in the child.

[2026-01-01T02:10:49.209+0000] {standard_task_runner.py:64} INFO - Started process 1542 to run task
[2026-01-01T02:10:49.224+0000] {standard_task_runner.py:90} INFO - Running: ['***', 'tasks', 'run', 'thongtin_cty_bctc', 'ingest_overview', 'scheduled__2025-12-31T00:00:00+00:00', '--job-id', '691', '--raw', '--subdir', 'DAGS_FOLDER/tt_cty_bctc.py', '--cfg-path', '/tmp/tmpk47bp1n4', '--map-index', '40']
[2026-01-01T02:10:49.232+0000] {standard_task_runner.py:91} INFO - Job 691: Subtask ingest_overview
[2026-01-01T02:10:49.334+0000] {task_command.py:426} INFO - Running <TaskInstance: thongtin_cty_bctc.ingest_overview scheduled__2025-12-31T00:00:00+00:00 map_index=40 [running]> on host 43b0a0f7606b
[2026-01-01T02:10:49.721+0000] {taskinstance.py:2648} INFO - Exporting env vars: AIRFLOW_CTX_DAG_OWNER='***' AIRFLOW_CTX_DAG_ID='thongtin_cty_bctc' AIRFLOW_CTX_TASK_ID='ingest_overview' AIRFLOW_CTX_EXECUTION_DATE='2025-12-31T00:00:00+00:00' AIRFLOW_CTX_TRY_NUMBER='1' AIRFLOW_CTX_DAG_RUN_ID='scheduled__2025-12-31T00:00:00+00:00'
[2026-01-01T02:10:49.726+0000] {taskinstance.py:430} INFO - ::endgroup::
[2026-01-01T02:10:49.909+0000] {logging_mixin.py:188} INFO - Err overview V21: Failed to fetch data: 429 - Too Many Requests
[2026-01-01T02:10:50.044+0000] {logging_mixin.py:188} INFO - Err overview V15: Failed to fetch data: 429 - Too Many Requests
[2026-01-01T02:10:50.181+0000] {logging_mixin.py:188} INFO - Err overview V12: Failed to fetch data: 429 - Too Many Requests
[2026-01-01T02:10:50.364+0000] {logging_mixin.py:188} INFO - Err overview V11: Failed to fetch data: 429 - Too Many Requests
[2026-01-01T02:10:50.507+0000] {logging_mixin.py:188} INFO - Err overview UXC: Failed to fetch data: 429 - Too Many Requests
[2026-01-01T02:10:50.518+0000] {datalake_df2csv.py:40} INFO - DataFrame rỗng, bỏ qua upload CSV.
[2026-01-01T02:10:50.519+0000] {taskinstance.py:441} INFO - ::group::Post task execution logs
[2026-01-01T02:10:50.562+0000] {taskinstance.py:1206} INFO - Marking task as SUCCESS. dag_id=thongtin_cty_bctc, task_id=ingest_overview, run_id=scheduled__2025-12-31T00:00:00+00:00, map_index=40, execution_date=20251231T000000, start_date=20260101T021049, end_date=20260101T021050
[2026-01-01T02:10:50.690+0000] {local_task_job_runner.py:243} INFO - Task exited with return code 0
[2026-01-01T02:10:50.713+0000] {local_task_job_runner.py:222} INFO - ::endgroup::
