[2026-01-01T03:02:11.962+0000] {local_task_job_runner.py:120} INFO - ::group::Pre task execution logs
[2026-01-01T03:02:12.016+0000] {taskinstance.py:2076} INFO - Dependencies all met for dep_context=non-requeueable deps ti=<TaskInstance: thongtin_cty_bctc.ingest_bctc manual__2026-01-01T02:33:43.210877+00:00 map_index=0 [queued]>
[2026-01-01T03:02:12.053+0000] {taskinstance.py:2076} INFO - Dependencies all met for dep_context=requeueable deps ti=<TaskInstance: thongtin_cty_bctc.ingest_bctc manual__2026-01-01T02:33:43.210877+00:00 map_index=0 [queued]>
[2026-01-01T03:02:12.057+0000] {taskinstance.py:2306} INFO - Starting attempt 3 of 4
[2026-01-01T03:02:12.126+0000] {taskinstance.py:2330} INFO - Executing <Mapped(DfToCsvOperator): ingest_bctc> on 2026-01-01 02:33:43.210877+00:00
[2026-01-01T03:02:12.156+0000] {warnings.py:112} WARNING - This process (pid=25257) is multi-threaded, use of fork() may lead to deadlocks in the child.

[2026-01-01T03:02:12.163+0000] {standard_task_runner.py:90} INFO - Running: ['***', 'tasks', 'run', 'thongtin_cty_bctc', 'ingest_bctc', 'manual__2026-01-01T02:33:43.210877+00:00', '--job-id', '2806', '--raw', '--subdir', 'DAGS_FOLDER/tt_cty_bctc.py', '--cfg-path', '/tmp/tmpjfcpu5pv', '--map-index', '0']
[2026-01-01T03:02:12.171+0000] {standard_task_runner.py:91} INFO - Job 2806: Subtask ingest_bctc
[2026-01-01T03:02:12.171+0000] {standard_task_runner.py:64} INFO - Started process 25370 to run task
[2026-01-01T03:02:12.322+0000] {task_command.py:426} INFO - Running <TaskInstance: thongtin_cty_bctc.ingest_bctc manual__2026-01-01T02:33:43.210877+00:00 map_index=0 [running]> on host 43b0a0f7606b
[2026-01-01T03:02:12.734+0000] {taskinstance.py:2648} INFO - Exporting env vars: AIRFLOW_CTX_DAG_OWNER='***' AIRFLOW_CTX_DAG_ID='thongtin_cty_bctc' AIRFLOW_CTX_TASK_ID='ingest_bctc' AIRFLOW_CTX_EXECUTION_DATE='2026-01-01T02:33:43.210877+00:00' AIRFLOW_CTX_TRY_NUMBER='3' AIRFLOW_CTX_DAG_RUN_ID='manual__2026-01-01T02:33:43.210877+00:00'
[2026-01-01T03:02:12.737+0000] {taskinstance.py:430} INFO - ::endgroup::
[2026-01-01T03:02:12.764+0000] {logging_mixin.py:188} INFO - Bắt đầu xử lý batch 3 mã: ['VNM', 'FPT', 'HPG']
[2026-01-01T03:02:12.773+0000] {logging_mixin.py:188} INFO -  >> Đang lấy dữ liệu: VNM
[2026-01-01T03:02:12.995+0000] {logging_mixin.py:188} INFO -  Lỗi xử lý mã VNM: Failed to fetch data: 429 - Too Many Requests
[2026-01-01T03:02:13.003+0000] {logging_mixin.py:188} INFO -  >> Đang lấy dữ liệu: FPT
[2026-01-01T03:02:13.313+0000] {logging_mixin.py:188} INFO -  Lỗi xử lý mã FPT: Failed to fetch data: 429 - Too Many Requests
[2026-01-01T03:02:13.314+0000] {logging_mixin.py:188} INFO -  >> Đang lấy dữ liệu: HPG
[2026-01-01T03:02:13.480+0000] {logging_mixin.py:188} INFO -  Lỗi xử lý mã HPG: Failed to fetch data: 429 - Too Many Requests
[2026-01-01T03:02:13.482+0000] {logging_mixin.py:188} INFO -  ⚠ Batch này không thu được dữ liệu nào.
[2026-01-01T03:02:13.491+0000] {datalake_df2csv.py:40} INFO - DataFrame rỗng, bỏ qua upload CSV.
[2026-01-01T03:02:13.492+0000] {taskinstance.py:441} INFO - ::group::Post task execution logs
[2026-01-01T03:02:13.513+0000] {taskinstance.py:1206} INFO - Marking task as SUCCESS. dag_id=thongtin_cty_bctc, task_id=ingest_bctc, run_id=manual__2026-01-01T02:33:43.210877+00:00, map_index=0, execution_date=20260101T023343, start_date=20260101T030212, end_date=20260101T030213
[2026-01-01T03:02:13.613+0000] {local_task_job_runner.py:243} INFO - Task exited with return code 0
[2026-01-01T03:02:13.646+0000] {taskinstance.py:3503} INFO - 0 downstream tasks scheduled from follow-on schedule check
[2026-01-01T03:02:13.658+0000] {local_task_job_runner.py:222} INFO - ::endgroup::
