[2026-01-12T15:23:44.211+0000] {local_task_job_runner.py:120} INFO - ::group::Pre task execution logs
[2026-01-12T15:23:44.282+0000] {taskinstance.py:2076} INFO - Dependencies all met for dep_context=non-requeueable deps ti=<TaskInstance: financial_ratios_etl.ingest_financial_ratios manual__2026-01-12T15:14:43+00:00 map_index=557 [queued]>
[2026-01-12T15:23:44.354+0000] {taskinstance.py:2076} INFO - Dependencies all met for dep_context=requeueable deps ti=<TaskInstance: financial_ratios_etl.ingest_financial_ratios manual__2026-01-12T15:14:43+00:00 map_index=557 [queued]>
[2026-01-12T15:23:44.355+0000] {taskinstance.py:2306} INFO - Starting attempt 1 of 2
[2026-01-12T15:23:44.374+0000] {taskinstance.py:2330} INFO - Executing <Mapped(DfToCsvOperator): ingest_financial_ratios> on 2026-01-12 15:14:43+00:00
[2026-01-12T15:23:44.391+0000] {warnings.py:112} WARNING - This process (pid=7373) is multi-threaded, use of fork() may lead to deadlocks in the child.

[2026-01-12T15:23:44.393+0000] {standard_task_runner.py:64} INFO - Started process 7435 to run task
[2026-01-12T15:23:44.396+0000] {standard_task_runner.py:90} INFO - Running: ['***', 'tasks', 'run', 'financial_ratios_etl', 'ingest_financial_ratios', 'manual__2026-01-12T15:14:43+00:00', '--job-id', '14262', '--raw', '--subdir', 'DAGS_FOLDER/financial_ratios_etl.py', '--cfg-path', '/tmp/tmp6fzegufr', '--map-index', '557']
[2026-01-12T15:23:44.401+0000] {standard_task_runner.py:91} INFO - Job 14262: Subtask ingest_financial_ratios
[2026-01-12T15:23:44.476+0000] {task_command.py:426} INFO - Running <TaskInstance: financial_ratios_etl.ingest_financial_ratios manual__2026-01-12T15:14:43+00:00 map_index=557 [running]> on host 5a20a797a43c
[2026-01-12T15:23:44.654+0000] {taskinstance.py:2648} INFO - Exporting env vars: AIRFLOW_CTX_DAG_OWNER='***' AIRFLOW_CTX_DAG_ID='financial_ratios_etl' AIRFLOW_CTX_TASK_ID='ingest_financial_ratios' AIRFLOW_CTX_EXECUTION_DATE='2026-01-12T15:14:43+00:00' AIRFLOW_CTX_TRY_NUMBER='1' AIRFLOW_CTX_DAG_RUN_ID='manual__2026-01-12T15:14:43+00:00'
[2026-01-12T15:23:44.656+0000] {taskinstance.py:430} INFO - ::endgroup::
[2026-01-12T15:23:44.668+0000] {logging_mixin.py:188} INFO - [RATIO] Bắt đầu xử lý batch 2 mã: ['HLG', 'HLE']
[2026-01-12T15:23:44.669+0000] {logging_mixin.py:188} INFO - [RATIO] Kỳ dữ liệu: quarter
[2026-01-12T15:23:44.670+0000] {logging_mixin.py:188} INFO -  >> [RATIO] Đang lấy dữ liệu: HLG
[2026-01-12T15:23:45.596+0000] {logging_mixin.py:188} INFO -  ✓ [RATIO] HLG: 41 rows
[2026-01-12T15:23:47.597+0000] {logging_mixin.py:188} INFO -  >> [RATIO] Đang lấy dữ liệu: HLE
[2026-01-12T15:23:48.528+0000] {logging_mixin.py:188} INFO -  ✓ [RATIO] HLE: 1 rows
[2026-01-12T15:23:50.534+0000] {logging_mixin.py:188} INFO -  ✅ [RATIO] Hoàn thành batch. Tổng số dòng: 42
[2026-01-12T15:23:50.554+0000] {base.py:84} INFO - Using connection ID 'minio_finance' for task execution.
[2026-01-12T15:23:50.557+0000] {connection_wrapper.py:384} INFO - AWS Connection (conn_id='minio_finance', conn_type='aws') credentials retrieved from login and password.
[2026-01-12T15:23:51.191+0000] {datalake_df2csv.py:52} INFO - ✅ Đã upload 42 dòng -> s3://thongtin-congty-va-bctc/financial_ratios/2026-01-12/batch_557.csv
[2026-01-12T15:23:51.193+0000] {taskinstance.py:441} INFO - ::group::Post task execution logs
[2026-01-12T15:23:51.207+0000] {taskinstance.py:1206} INFO - Marking task as SUCCESS. dag_id=financial_ratios_etl, task_id=ingest_financial_ratios, run_id=manual__2026-01-12T15:14:43+00:00, map_index=557, execution_date=20260112T151443, start_date=20260112T152344, end_date=20260112T152351
[2026-01-12T15:23:51.256+0000] {local_task_job_runner.py:243} INFO - Task exited with return code 0
[2026-01-12T15:23:51.279+0000] {taskinstance.py:3503} INFO - 0 downstream tasks scheduled from follow-on schedule check
[2026-01-12T15:23:51.282+0000] {local_task_job_runner.py:222} INFO - ::endgroup::
