[2026-01-12T15:21:41.219+0000] {local_task_job_runner.py:120} INFO - ::group::Pre task execution logs
[2026-01-12T15:21:41.294+0000] {taskinstance.py:2076} INFO - Dependencies all met for dep_context=non-requeueable deps ti=<TaskInstance: financial_ratios_etl.ingest_financial_ratios manual__2026-01-12T15:14:43+00:00 map_index=417 [queued]>
[2026-01-12T15:21:41.361+0000] {taskinstance.py:2076} INFO - Dependencies all met for dep_context=requeueable deps ti=<TaskInstance: financial_ratios_etl.ingest_financial_ratios manual__2026-01-12T15:14:43+00:00 map_index=417 [queued]>
[2026-01-12T15:21:41.363+0000] {taskinstance.py:2306} INFO - Starting attempt 1 of 2
[2026-01-12T15:21:41.396+0000] {taskinstance.py:2330} INFO - Executing <Mapped(DfToCsvOperator): ingest_financial_ratios> on 2026-01-12 15:14:43+00:00
[2026-01-12T15:21:41.417+0000] {warnings.py:112} WARNING - This process (pid=5512) is multi-threaded, use of fork() may lead to deadlocks in the child.

[2026-01-12T15:21:41.420+0000] {standard_task_runner.py:64} INFO - Started process 5597 to run task
[2026-01-12T15:21:41.422+0000] {standard_task_runner.py:90} INFO - Running: ['***', 'tasks', 'run', 'financial_ratios_etl', 'ingest_financial_ratios', 'manual__2026-01-12T15:14:43+00:00', '--job-id', '14119', '--raw', '--subdir', 'DAGS_FOLDER/financial_ratios_etl.py', '--cfg-path', '/tmp/tmpz10ivas0', '--map-index', '417']
[2026-01-12T15:21:41.428+0000] {standard_task_runner.py:91} INFO - Job 14119: Subtask ingest_financial_ratios
[2026-01-12T15:21:41.524+0000] {task_command.py:426} INFO - Running <TaskInstance: financial_ratios_etl.ingest_financial_ratios manual__2026-01-12T15:14:43+00:00 map_index=417 [running]> on host 5a20a797a43c
[2026-01-12T15:21:41.732+0000] {taskinstance.py:2648} INFO - Exporting env vars: AIRFLOW_CTX_DAG_OWNER='***' AIRFLOW_CTX_DAG_ID='financial_ratios_etl' AIRFLOW_CTX_TASK_ID='ingest_financial_ratios' AIRFLOW_CTX_EXECUTION_DATE='2026-01-12T15:14:43+00:00' AIRFLOW_CTX_TRY_NUMBER='1' AIRFLOW_CTX_DAG_RUN_ID='manual__2026-01-12T15:14:43+00:00'
[2026-01-12T15:21:41.734+0000] {taskinstance.py:430} INFO - ::endgroup::
[2026-01-12T15:21:41.752+0000] {logging_mixin.py:188} INFO - [RATIO] Bắt đầu xử lý batch 2 mã: ['MTP', 'MTL']
[2026-01-12T15:21:41.753+0000] {logging_mixin.py:188} INFO - [RATIO] Kỳ dữ liệu: quarter
[2026-01-12T15:21:41.754+0000] {logging_mixin.py:188} INFO -  >> [RATIO] Đang lấy dữ liệu: MTP
[2026-01-12T15:21:46.775+0000] {logging_mixin.py:188} INFO - ❌ Lỗi MTP: RetryError[<Future at 0x7f68d6367fe0 state=finished raised KeyError>]
[2026-01-12T15:21:46.776+0000] {logging_mixin.py:188} INFO -  ⚠️ [RATIO] MTP: No data from API
[2026-01-12T15:21:48.777+0000] {logging_mixin.py:188} INFO -  >> [RATIO] Đang lấy dữ liệu: MTL
[2026-01-12T15:21:53.584+0000] {logging_mixin.py:188} INFO - ❌ Lỗi MTL: RetryError[<Future at 0x7f69183db650 state=finished raised KeyError>]
[2026-01-12T15:21:53.585+0000] {logging_mixin.py:188} INFO -  ⚠️ [RATIO] MTL: No data from API
[2026-01-12T15:21:55.586+0000] {logging_mixin.py:188} INFO -  ⚠ [RATIO] Batch này không thu được dữ liệu nào.
[2026-01-12T15:21:55.588+0000] {datalake_df2csv.py:40} INFO - DataFrame rỗng, bỏ qua upload CSV.
[2026-01-12T15:21:55.588+0000] {taskinstance.py:441} INFO - ::group::Post task execution logs
[2026-01-12T15:21:55.599+0000] {taskinstance.py:1206} INFO - Marking task as SUCCESS. dag_id=financial_ratios_etl, task_id=ingest_financial_ratios, run_id=manual__2026-01-12T15:14:43+00:00, map_index=417, execution_date=20260112T151443, start_date=20260112T152141, end_date=20260112T152155
[2026-01-12T15:21:55.646+0000] {local_task_job_runner.py:243} INFO - Task exited with return code 0
[2026-01-12T15:21:55.666+0000] {taskinstance.py:3503} INFO - 0 downstream tasks scheduled from follow-on schedule check
[2026-01-12T15:21:55.669+0000] {local_task_job_runner.py:222} INFO - ::endgroup::
