[2026-01-01T03:04:27.857+0000] {local_task_job_runner.py:120} INFO - ::group::Pre task execution logs
[2026-01-01T03:04:27.937+0000] {taskinstance.py:2076} INFO - Dependencies all met for dep_context=non-requeueable deps ti=<TaskInstance: thongtin_cty_bctc.ingest_bctc manual__2026-01-01T02:49:15+00:00 map_index=22 [queued]>
[2026-01-01T03:04:28.019+0000] {taskinstance.py:2076} INFO - Dependencies all met for dep_context=requeueable deps ti=<TaskInstance: thongtin_cty_bctc.ingest_bctc manual__2026-01-01T02:49:15+00:00 map_index=22 [queued]>
[2026-01-01T03:04:28.021+0000] {taskinstance.py:2306} INFO - Starting attempt 1 of 2
[2026-01-01T03:04:28.074+0000] {taskinstance.py:2330} INFO - Executing <Mapped(DfToCsvOperator): ingest_bctc> on 2026-01-01 02:49:15+00:00
[2026-01-01T03:04:28.098+0000] {warnings.py:112} WARNING - This process (pid=27979) is multi-threaded, use of fork() may lead to deadlocks in the child.

[2026-01-01T03:04:28.102+0000] {standard_task_runner.py:64} INFO - Started process 28107 to run task
[2026-01-01T03:04:28.103+0000] {standard_task_runner.py:90} INFO - Running: ['***', 'tasks', 'run', 'thongtin_cty_bctc', 'ingest_bctc', 'manual__2026-01-01T02:49:15+00:00', '--job-id', '3049', '--raw', '--subdir', 'DAGS_FOLDER/tt_cty_bctc.py', '--cfg-path', '/tmp/tmpcfqq70g_', '--map-index', '22']
[2026-01-01T03:04:28.109+0000] {standard_task_runner.py:91} INFO - Job 3049: Subtask ingest_bctc
[2026-01-01T03:04:28.214+0000] {task_command.py:426} INFO - Running <TaskInstance: thongtin_cty_bctc.ingest_bctc manual__2026-01-01T02:49:15+00:00 map_index=22 [running]> on host 43b0a0f7606b
[2026-01-01T03:04:28.514+0000] {taskinstance.py:2648} INFO - Exporting env vars: AIRFLOW_CTX_DAG_OWNER='***' AIRFLOW_CTX_DAG_ID='thongtin_cty_bctc' AIRFLOW_CTX_TASK_ID='ingest_bctc' AIRFLOW_CTX_EXECUTION_DATE='2026-01-01T02:49:15+00:00' AIRFLOW_CTX_TRY_NUMBER='1' AIRFLOW_CTX_DAG_RUN_ID='manual__2026-01-01T02:49:15+00:00'
[2026-01-01T03:04:28.517+0000] {taskinstance.py:430} INFO - ::endgroup::
[2026-01-01T03:04:28.536+0000] {logging_mixin.py:188} INFO - Bắt đầu xử lý batch 3 mã: ['QTP', 'PC1', 'AAA']
[2026-01-01T03:04:28.537+0000] {logging_mixin.py:188} INFO -  >> Đang lấy dữ liệu: QTP
[2026-01-01T03:04:28.783+0000] {logging_mixin.py:188} INFO -  Lỗi xử lý mã QTP: Failed to fetch data: 429 - Too Many Requests
[2026-01-01T03:04:28.789+0000] {logging_mixin.py:188} INFO -  >> Đang lấy dữ liệu: PC1
[2026-01-01T03:04:28.946+0000] {logging_mixin.py:188} INFO -  Lỗi xử lý mã PC1: Failed to fetch data: 429 - Too Many Requests
[2026-01-01T03:04:28.949+0000] {logging_mixin.py:188} INFO -  >> Đang lấy dữ liệu: AAA
[2026-01-01T03:04:29.131+0000] {logging_mixin.py:188} INFO -  Lỗi xử lý mã AAA: Failed to fetch data: 429 - Too Many Requests
[2026-01-01T03:04:29.133+0000] {logging_mixin.py:188} INFO -  ⚠ Batch này không thu được dữ liệu nào.
[2026-01-01T03:04:29.139+0000] {datalake_df2csv.py:40} INFO - DataFrame rỗng, bỏ qua upload CSV.
[2026-01-01T03:04:29.140+0000] {taskinstance.py:441} INFO - ::group::Post task execution logs
[2026-01-01T03:04:29.158+0000] {taskinstance.py:1206} INFO - Marking task as SUCCESS. dag_id=thongtin_cty_bctc, task_id=ingest_bctc, run_id=manual__2026-01-01T02:49:15+00:00, map_index=22, execution_date=20260101T024915, start_date=20260101T030427, end_date=20260101T030429
[2026-01-01T03:04:29.250+0000] {local_task_job_runner.py:243} INFO - Task exited with return code 0
[2026-01-01T03:04:29.291+0000] {taskinstance.py:3503} INFO - 0 downstream tasks scheduled from follow-on schedule check
[2026-01-01T03:04:29.295+0000] {local_task_job_runner.py:222} INFO - ::endgroup::
