[2025-12-31T14:42:50.755+0000] {local_task_job_runner.py:120} INFO - ::group::Pre task execution logs
[2025-12-31T14:42:50.818+0000] {taskinstance.py:2076} INFO - Dependencies all met for dep_context=non-requeueable deps ti=<TaskInstance: thongtin_cty_bctc.ingest_overview manual__2025-12-31T14:34:21.190447+00:00 map_index=69 [queued]>
[2025-12-31T14:42:50.864+0000] {taskinstance.py:2076} INFO - Dependencies all met for dep_context=requeueable deps ti=<TaskInstance: thongtin_cty_bctc.ingest_overview manual__2025-12-31T14:34:21.190447+00:00 map_index=69 [queued]>
[2025-12-31T14:42:50.865+0000] {taskinstance.py:2306} INFO - Starting attempt 1 of 2
[2025-12-31T14:42:50.895+0000] {taskinstance.py:2330} INFO - Executing <Mapped(DfToCsvOperator): ingest_overview> on 2025-12-31 14:34:21.190447+00:00
[2025-12-31T14:42:50.911+0000] {warnings.py:112} WARNING - This process (pid=6196) is multi-threaded, use of fork() may lead to deadlocks in the child.

[2025-12-31T14:42:50.913+0000] {standard_task_runner.py:64} INFO - Started process 6318 to run task
[2025-12-31T14:42:50.919+0000] {standard_task_runner.py:90} INFO - Running: ['***', 'tasks', 'run', 'thongtin_cty_bctc', 'ingest_overview', 'manual__2025-12-31T14:34:21.190447+00:00', '--job-id', '511', '--raw', '--subdir', 'DAGS_FOLDER/tt_cty_bctc.py', '--cfg-path', '/tmp/tmp7e6f0p8q', '--map-index', '69']
[2025-12-31T14:42:50.923+0000] {standard_task_runner.py:91} INFO - Job 511: Subtask ingest_overview
[2025-12-31T14:42:51.022+0000] {task_command.py:426} INFO - Running <TaskInstance: thongtin_cty_bctc.ingest_overview manual__2025-12-31T14:34:21.190447+00:00 map_index=69 [running]> on host 8bc7f11ea9a4
[2025-12-31T14:42:51.203+0000] {taskinstance.py:2648} INFO - Exporting env vars: AIRFLOW_CTX_DAG_OWNER='***' AIRFLOW_CTX_DAG_ID='thongtin_cty_bctc' AIRFLOW_CTX_TASK_ID='ingest_overview' AIRFLOW_CTX_EXECUTION_DATE='2025-12-31T14:34:21.190447+00:00' AIRFLOW_CTX_TRY_NUMBER='1' AIRFLOW_CTX_DAG_RUN_ID='manual__2025-12-31T14:34:21.190447+00:00'
[2025-12-31T14:42:51.204+0000] {taskinstance.py:430} INFO - ::endgroup::
[2025-12-31T14:42:51.386+0000] {logging_mixin.py:188} INFO - Err overview DHG: Failed to fetch data: 429 - Too Many Requests
[2025-12-31T14:42:51.604+0000] {logging_mixin.py:188} INFO - Err overview DHD: Failed to fetch data: 429 - Too Many Requests
[2025-12-31T14:42:51.832+0000] {logging_mixin.py:188} INFO - Err overview DHC: Failed to fetch data: 429 - Too Many Requests
[2025-12-31T14:42:51.974+0000] {logging_mixin.py:188} INFO - Err overview DHB: Failed to fetch data: 429 - Too Many Requests
[2025-12-31T14:42:52.140+0000] {logging_mixin.py:188} INFO - Err overview DHA: Failed to fetch data: 429 - Too Many Requests
[2025-12-31T14:42:52.342+0000] {logging_mixin.py:188} INFO - Err overview DGW: Failed to fetch data: 429 - Too Many Requests
[2025-12-31T14:42:52.499+0000] {logging_mixin.py:188} INFO - Err overview DGT: Failed to fetch data: 429 - Too Many Requests
[2025-12-31T14:42:52.697+0000] {logging_mixin.py:188} INFO - Err overview DGC: Failed to fetch data: 429 - Too Many Requests
[2025-12-31T14:42:52.864+0000] {logging_mixin.py:188} INFO - Err overview DFF: Failed to fetch data: 429 - Too Many Requests
[2025-12-31T14:42:52.975+0000] {logging_mixin.py:188} INFO - Err overview DFC: Failed to fetch data: 429 - Too Many Requests
[2025-12-31T14:42:53.110+0000] {logging_mixin.py:188} INFO - Err overview DDV: Failed to fetch data: 429 - Too Many Requests
[2025-12-31T14:42:53.238+0000] {logging_mixin.py:188} INFO - Err overview DDN: Failed to fetch data: 429 - Too Many Requests
[2025-12-31T14:42:53.347+0000] {logging_mixin.py:188} INFO - Err overview DDM: Failed to fetch data: 429 - Too Many Requests
[2025-12-31T14:42:53.454+0000] {logging_mixin.py:188} INFO - Err overview DDH: Failed to fetch data: 429 - Too Many Requests
[2025-12-31T14:42:53.561+0000] {logging_mixin.py:188} INFO - Err overview DDG: Failed to fetch data: 429 - Too Many Requests
[2025-12-31T14:42:53.680+0000] {logging_mixin.py:188} INFO - Err overview DDB: Failed to fetch data: 429 - Too Many Requests
[2025-12-31T14:42:53.776+0000] {logging_mixin.py:188} INFO - Err overview DCT: Failed to fetch data: 429 - Too Many Requests
[2025-12-31T14:42:53.891+0000] {logging_mixin.py:188} INFO - Err overview DCS: Failed to fetch data: 429 - Too Many Requests
[2025-12-31T14:42:53.999+0000] {logging_mixin.py:188} INFO - Err overview DCR: Failed to fetch data: 429 - Too Many Requests
[2025-12-31T14:42:54.099+0000] {logging_mixin.py:188} INFO - Err overview DCM: Failed to fetch data: 429 - Too Many Requests
[2025-12-31T14:42:54.103+0000] {datalake_df2csv.py:40} INFO - DataFrame rỗng, bỏ qua upload CSV.
[2025-12-31T14:42:54.103+0000] {taskinstance.py:441} INFO - ::group::Post task execution logs
[2025-12-31T14:42:54.115+0000] {taskinstance.py:1206} INFO - Marking task as SUCCESS. dag_id=thongtin_cty_bctc, task_id=ingest_overview, run_id=manual__2025-12-31T14:34:21.190447+00:00, map_index=69, execution_date=20251231T143421, start_date=20251231T144250, end_date=20251231T144254
[2025-12-31T14:42:54.179+0000] {local_task_job_runner.py:243} INFO - Task exited with return code 0
[2025-12-31T14:42:54.188+0000] {local_task_job_runner.py:222} INFO - ::endgroup::
