[2026-01-12T15:16:47.188+0000] {local_task_job_runner.py:120} INFO - ::group::Pre task execution logs
[2026-01-12T15:16:47.222+0000] {taskinstance.py:2076} INFO - Dependencies all met for dep_context=non-requeueable deps ti=<TaskInstance: financial_ratios_etl.ingest_financial_ratios manual__2026-01-12T15:14:43+00:00 map_index=106 [queued]>
[2026-01-12T15:16:47.245+0000] {taskinstance.py:2076} INFO - Dependencies all met for dep_context=requeueable deps ti=<TaskInstance: financial_ratios_etl.ingest_financial_ratios manual__2026-01-12T15:14:43+00:00 map_index=106 [queued]>
[2026-01-12T15:16:47.245+0000] {taskinstance.py:2306} INFO - Starting attempt 1 of 2
[2026-01-12T15:16:47.264+0000] {taskinstance.py:2330} INFO - Executing <Mapped(DfToCsvOperator): ingest_financial_ratios> on 2026-01-12 15:14:43+00:00
[2026-01-12T15:16:47.277+0000] {warnings.py:112} WARNING - This process (pid=1392) is multi-threaded, use of fork() may lead to deadlocks in the child.

[2026-01-12T15:16:47.279+0000] {standard_task_runner.py:64} INFO - Started process 1558 to run task
[2026-01-12T15:16:47.282+0000] {standard_task_runner.py:90} INFO - Running: ['***', 'tasks', 'run', 'financial_ratios_etl', 'ingest_financial_ratios', 'manual__2026-01-12T15:14:43+00:00', '--job-id', '13815', '--raw', '--subdir', 'DAGS_FOLDER/financial_ratios_etl.py', '--cfg-path', '/tmp/tmpoeuu29i2', '--map-index', '106']
[2026-01-12T15:16:47.286+0000] {standard_task_runner.py:91} INFO - Job 13815: Subtask ingest_financial_ratios
[2026-01-12T15:16:47.357+0000] {task_command.py:426} INFO - Running <TaskInstance: financial_ratios_etl.ingest_financial_ratios manual__2026-01-12T15:14:43+00:00 map_index=106 [running]> on host 5a20a797a43c
[2026-01-12T15:16:47.499+0000] {taskinstance.py:2648} INFO - Exporting env vars: AIRFLOW_CTX_DAG_OWNER='***' AIRFLOW_CTX_DAG_ID='financial_ratios_etl' AIRFLOW_CTX_TASK_ID='ingest_financial_ratios' AIRFLOW_CTX_EXECUTION_DATE='2026-01-12T15:14:43+00:00' AIRFLOW_CTX_TRY_NUMBER='1' AIRFLOW_CTX_DAG_RUN_ID='manual__2026-01-12T15:14:43+00:00'
[2026-01-12T15:16:47.500+0000] {taskinstance.py:430} INFO - ::endgroup::
[2026-01-12T15:16:47.511+0000] {logging_mixin.py:188} INFO - [RATIO] Bắt đầu xử lý batch 2 mã: ['UIC', 'UEM']
[2026-01-12T15:16:47.512+0000] {logging_mixin.py:188} INFO - [RATIO] Kỳ dữ liệu: quarter
[2026-01-12T15:16:47.512+0000] {logging_mixin.py:188} INFO -  >> [RATIO] Đang lấy dữ liệu: UIC
[2026-01-12T15:16:48.561+0000] {logging_mixin.py:188} INFO -  ✓ [RATIO] UIC: 51 rows
[2026-01-12T15:16:50.562+0000] {logging_mixin.py:188} INFO -  >> [RATIO] Đang lấy dữ liệu: UEM
[2026-01-12T15:16:51.617+0000] {logging_mixin.py:188} INFO -  ✓ [RATIO] UEM: 1 rows
[2026-01-12T15:16:53.627+0000] {logging_mixin.py:188} INFO -  ✅ [RATIO] Hoàn thành batch. Tổng số dòng: 52
[2026-01-12T15:16:53.674+0000] {base.py:84} INFO - Using connection ID 'minio_finance' for task execution.
[2026-01-12T15:16:53.676+0000] {connection_wrapper.py:384} INFO - AWS Connection (conn_id='minio_finance', conn_type='aws') credentials retrieved from login and password.
[2026-01-12T15:16:55.481+0000] {datalake_df2csv.py:52} INFO - ✅ Đã upload 52 dòng -> s3://thongtin-congty-va-bctc/financial_ratios/2026-01-12/batch_106.csv
[2026-01-12T15:16:55.483+0000] {taskinstance.py:441} INFO - ::group::Post task execution logs
[2026-01-12T15:16:55.501+0000] {taskinstance.py:1206} INFO - Marking task as SUCCESS. dag_id=financial_ratios_etl, task_id=ingest_financial_ratios, run_id=manual__2026-01-12T15:14:43+00:00, map_index=106, execution_date=20260112T151443, start_date=20260112T151647, end_date=20260112T151655
[2026-01-12T15:16:55.584+0000] {local_task_job_runner.py:243} INFO - Task exited with return code 0
[2026-01-12T15:16:55.619+0000] {taskinstance.py:3503} INFO - 0 downstream tasks scheduled from follow-on schedule check
[2026-01-12T15:16:55.624+0000] {local_task_job_runner.py:222} INFO - ::endgroup::
