[2026-01-11T03:23:39.193+0000] {local_task_job_runner.py:120} INFO - ::group::Pre task execution logs
[2026-01-11T03:23:39.220+0000] {taskinstance.py:2076} INFO - Dependencies all met for dep_context=non-requeueable deps ti=<TaskInstance: bctc.ingest_bctc scheduled__2026-01-04T00:00:00+00:00 map_index=52 [queued]>
[2026-01-11T03:23:39.235+0000] {taskinstance.py:2076} INFO - Dependencies all met for dep_context=requeueable deps ti=<TaskInstance: bctc.ingest_bctc scheduled__2026-01-04T00:00:00+00:00 map_index=52 [queued]>
[2026-01-11T03:23:39.236+0000] {taskinstance.py:2306} INFO - Starting attempt 1 of 2
[2026-01-11T03:23:39.249+0000] {taskinstance.py:2330} INFO - Executing <Mapped(DfToCsvOperator): ingest_bctc> on 2026-01-04 00:00:00+00:00
[2026-01-11T03:23:39.260+0000] {warnings.py:112} WARNING - This process (pid=3019) is multi-threaded, use of fork() may lead to deadlocks in the child.

[2026-01-11T03:23:39.262+0000] {standard_task_runner.py:64} INFO - Started process 3067 to run task
[2026-01-11T03:23:39.264+0000] {standard_task_runner.py:90} INFO - Running: ['***', 'tasks', 'run', 'bctc', 'ingest_bctc', 'scheduled__2026-01-04T00:00:00+00:00', '--job-id', '9874', '--raw', '--subdir', 'DAGS_FOLDER/tt_cty_bctc.py', '--cfg-path', '/tmp/tmpm7yahjn8', '--map-index', '52']
[2026-01-11T03:23:39.266+0000] {standard_task_runner.py:91} INFO - Job 9874: Subtask ingest_bctc
[2026-01-11T03:23:39.324+0000] {task_command.py:426} INFO - Running <TaskInstance: bctc.ingest_bctc scheduled__2026-01-04T00:00:00+00:00 map_index=52 [running]> on host 3f2af93df813
[2026-01-11T03:23:39.456+0000] {taskinstance.py:2648} INFO - Exporting env vars: AIRFLOW_CTX_DAG_OWNER='***' AIRFLOW_CTX_DAG_ID='bctc' AIRFLOW_CTX_TASK_ID='ingest_bctc' AIRFLOW_CTX_EXECUTION_DATE='2026-01-04T00:00:00+00:00' AIRFLOW_CTX_TRY_NUMBER='1' AIRFLOW_CTX_DAG_RUN_ID='scheduled__2026-01-04T00:00:00+00:00'
[2026-01-11T03:23:39.458+0000] {taskinstance.py:430} INFO - ::endgroup::
[2026-01-11T03:23:39.468+0000] {logging_mixin.py:188} INFO - Bắt đầu xử lý batch 20 mã: ['HVT', 'HVN', 'HVH', 'HVG', 'HVA', 'HUX', 'HUT', 'HUG', 'HUB', 'HU6', 'HU4', 'HU3', 'HU1', 'HTW', 'HTV', 'HTT', 'HTR', 'HTP', 'HTN', 'HTM']
[2026-01-11T03:23:39.469+0000] {logging_mixin.py:188} INFO -  >> Đang lấy dữ liệu: HVT
[2026-01-11T03:23:39.639+0000] {logging_mixin.py:188} INFO -  Lỗi xử lý mã HVT: Failed to fetch data: 429 - Too Many Requests
[2026-01-11T03:23:39.640+0000] {logging_mixin.py:188} INFO -  >> Đang lấy dữ liệu: HVN
[2026-01-11T03:23:41.783+0000] {logging_mixin.py:188} INFO -  Lỗi xử lý mã HVN: Failed to fetch data: 429 - Too Many Requests
[2026-01-11T03:23:41.784+0000] {logging_mixin.py:188} INFO -  >> Đang lấy dữ liệu: HVH
[2026-01-11T03:23:41.915+0000] {logging_mixin.py:188} INFO -  Lỗi xử lý mã HVH: Failed to fetch data: 429 - Too Many Requests
[2026-01-11T03:23:41.916+0000] {logging_mixin.py:188} INFO -  >> Đang lấy dữ liệu: HVG
[2026-01-11T03:23:42.364+0000] {logging_mixin.py:188} INFO -  Lỗi xử lý mã HVG: Failed to fetch data: 429 - Too Many Requests
[2026-01-11T03:23:42.365+0000] {logging_mixin.py:188} INFO -  >> Đang lấy dữ liệu: HVA
[2026-01-11T03:23:42.737+0000] {logging_mixin.py:188} INFO -  Lỗi xử lý mã HVA: Failed to fetch data: 429 - Too Many Requests
[2026-01-11T03:23:42.738+0000] {logging_mixin.py:188} INFO -  >> Đang lấy dữ liệu: HUX
[2026-01-11T03:23:42.864+0000] {logging_mixin.py:188} INFO -  Lỗi xử lý mã HUX: Failed to fetch data: 429 - Too Many Requests
[2026-01-11T03:23:42.865+0000] {logging_mixin.py:188} INFO -  >> Đang lấy dữ liệu: HUT
[2026-01-11T03:23:43.049+0000] {logging_mixin.py:188} INFO -  Lỗi xử lý mã HUT: Failed to fetch data: 429 - Too Many Requests
[2026-01-11T03:23:43.050+0000] {logging_mixin.py:188} INFO -  >> Đang lấy dữ liệu: HUG
[2026-01-11T03:23:43.286+0000] {logging_mixin.py:188} INFO -  Lỗi xử lý mã HUG: Failed to fetch data: 429 - Too Many Requests
[2026-01-11T03:23:43.287+0000] {logging_mixin.py:188} INFO -  >> Đang lấy dữ liệu: HUB
[2026-01-11T03:23:43.563+0000] {logging_mixin.py:188} INFO -  Lỗi xử lý mã HUB: Failed to fetch data: 429 - Too Many Requests
[2026-01-11T03:23:43.563+0000] {logging_mixin.py:188} INFO -  >> Đang lấy dữ liệu: HU6
[2026-01-11T03:23:43.726+0000] {logging_mixin.py:188} INFO -  Lỗi xử lý mã HU6: Failed to fetch data: 429 - Too Many Requests
[2026-01-11T03:23:43.727+0000] {logging_mixin.py:188} INFO -  >> Đang lấy dữ liệu: HU4
[2026-01-11T03:23:43.947+0000] {logging_mixin.py:188} INFO -  Lỗi xử lý mã HU4: Failed to fetch data: 429 - Too Many Requests
[2026-01-11T03:23:43.948+0000] {logging_mixin.py:188} INFO -  >> Đang lấy dữ liệu: HU3
[2026-01-11T03:23:44.178+0000] {logging_mixin.py:188} INFO -  Lỗi xử lý mã HU3: Failed to fetch data: 429 - Too Many Requests
[2026-01-11T03:23:44.179+0000] {logging_mixin.py:188} INFO -  >> Đang lấy dữ liệu: HU1
[2026-01-11T03:23:44.861+0000] {logging_mixin.py:188} INFO -  Lỗi xử lý mã HU1: Failed to fetch data: 429 - Too Many Requests
[2026-01-11T03:23:44.862+0000] {logging_mixin.py:188} INFO -  >> Đang lấy dữ liệu: HTW
[2026-01-11T03:23:45.005+0000] {logging_mixin.py:188} INFO -  Lỗi xử lý mã HTW: Failed to fetch data: 429 - Too Many Requests
[2026-01-11T03:23:45.006+0000] {logging_mixin.py:188} INFO -  >> Đang lấy dữ liệu: HTV
[2026-01-11T03:23:45.112+0000] {logging_mixin.py:188} INFO -  Lỗi xử lý mã HTV: Failed to fetch data: 429 - Too Many Requests
[2026-01-11T03:23:45.113+0000] {logging_mixin.py:188} INFO -  >> Đang lấy dữ liệu: HTT
[2026-01-11T03:23:45.290+0000] {logging_mixin.py:188} INFO -  Lỗi xử lý mã HTT: Failed to fetch data: 429 - Too Many Requests
[2026-01-11T03:23:45.291+0000] {logging_mixin.py:188} INFO -  >> Đang lấy dữ liệu: HTR
[2026-01-11T03:23:45.829+0000] {logging_mixin.py:188} INFO -  Lỗi xử lý mã HTR: Failed to fetch data: 429 - Too Many Requests
[2026-01-11T03:23:45.830+0000] {logging_mixin.py:188} INFO -  >> Đang lấy dữ liệu: HTP
[2026-01-11T03:23:45.941+0000] {logging_mixin.py:188} INFO -  Lỗi xử lý mã HTP: Failed to fetch data: 429 - Too Many Requests
[2026-01-11T03:23:45.942+0000] {logging_mixin.py:188} INFO -  >> Đang lấy dữ liệu: HTN
[2026-01-11T03:23:46.034+0000] {logging_mixin.py:188} INFO -  Lỗi xử lý mã HTN: Failed to fetch data: 429 - Too Many Requests
[2026-01-11T03:23:46.035+0000] {logging_mixin.py:188} INFO -  >> Đang lấy dữ liệu: HTM
[2026-01-11T03:23:46.162+0000] {logging_mixin.py:188} INFO -  Lỗi xử lý mã HTM: Failed to fetch data: 429 - Too Many Requests
[2026-01-11T03:23:46.163+0000] {logging_mixin.py:188} INFO -  ⚠ Batch này không thu được dữ liệu nào.
[2026-01-11T03:23:46.166+0000] {datalake_df2csv.py:40} INFO - DataFrame rỗng, bỏ qua upload CSV.
[2026-01-11T03:23:46.167+0000] {taskinstance.py:441} INFO - ::group::Post task execution logs
[2026-01-11T03:23:46.179+0000] {taskinstance.py:1206} INFO - Marking task as SUCCESS. dag_id=bctc, task_id=ingest_bctc, run_id=scheduled__2026-01-04T00:00:00+00:00, map_index=52, execution_date=20260104T000000, start_date=20260111T032339, end_date=20260111T032346
[2026-01-11T03:23:46.261+0000] {local_task_job_runner.py:243} INFO - Task exited with return code 0
[2026-01-11T03:23:46.294+0000] {taskinstance.py:3503} INFO - 0 downstream tasks scheduled from follow-on schedule check
[2026-01-11T03:23:46.296+0000] {local_task_job_runner.py:222} INFO - ::endgroup::
