[2026-01-12T15:17:50.352+0000] {local_task_job_runner.py:120} INFO - ::group::Pre task execution logs
[2026-01-12T15:17:50.398+0000] {taskinstance.py:2076} INFO - Dependencies all met for dep_context=non-requeueable deps ti=<TaskInstance: financial_ratios_etl.ingest_financial_ratios manual__2026-01-12T15:14:43+00:00 map_index=171 [queued]>
[2026-01-12T15:17:50.435+0000] {taskinstance.py:2076} INFO - Dependencies all met for dep_context=requeueable deps ti=<TaskInstance: financial_ratios_etl.ingest_financial_ratios manual__2026-01-12T15:14:43+00:00 map_index=171 [queued]>
[2026-01-12T15:17:50.436+0000] {taskinstance.py:2306} INFO - Starting attempt 1 of 2
[2026-01-12T15:17:50.464+0000] {taskinstance.py:2330} INFO - Executing <Mapped(DfToCsvOperator): ingest_financial_ratios> on 2026-01-12 15:14:43+00:00
[2026-01-12T15:17:50.488+0000] {warnings.py:112} WARNING - This process (pid=2304) is multi-threaded, use of fork() may lead to deadlocks in the child.

[2026-01-12T15:17:50.491+0000] {standard_task_runner.py:64} INFO - Started process 2377 to run task
[2026-01-12T15:17:50.496+0000] {standard_task_runner.py:90} INFO - Running: ['***', 'tasks', 'run', 'financial_ratios_etl', 'ingest_financial_ratios', 'manual__2026-01-12T15:14:43+00:00', '--job-id', '13876', '--raw', '--subdir', 'DAGS_FOLDER/financial_ratios_etl.py', '--cfg-path', '/tmp/tmpp1ars20m', '--map-index', '171']
[2026-01-12T15:17:50.502+0000] {standard_task_runner.py:91} INFO - Job 13876: Subtask ingest_financial_ratios
[2026-01-12T15:17:50.580+0000] {task_command.py:426} INFO - Running <TaskInstance: financial_ratios_etl.ingest_financial_ratios manual__2026-01-12T15:14:43+00:00 map_index=171 [running]> on host 5a20a797a43c
[2026-01-12T15:17:50.777+0000] {taskinstance.py:2648} INFO - Exporting env vars: AIRFLOW_CTX_DAG_OWNER='***' AIRFLOW_CTX_DAG_ID='financial_ratios_etl' AIRFLOW_CTX_TASK_ID='ingest_financial_ratios' AIRFLOW_CTX_EXECUTION_DATE='2026-01-12T15:14:43+00:00' AIRFLOW_CTX_TRY_NUMBER='1' AIRFLOW_CTX_DAG_RUN_ID='manual__2026-01-12T15:14:43+00:00'
[2026-01-12T15:17:50.779+0000] {taskinstance.py:430} INFO - ::endgroup::
[2026-01-12T15:17:50.790+0000] {logging_mixin.py:188} INFO - [RATIO] Bắt đầu xử lý batch 2 mã: ['TDT', 'TDS']
[2026-01-12T15:17:50.791+0000] {logging_mixin.py:188} INFO - [RATIO] Kỳ dữ liệu: quarter
[2026-01-12T15:17:50.792+0000] {logging_mixin.py:188} INFO -  >> [RATIO] Đang lấy dữ liệu: TDT
[2026-01-12T15:17:51.976+0000] {logging_mixin.py:188} INFO -  ✓ [RATIO] TDT: 31 rows
[2026-01-12T15:17:53.980+0000] {logging_mixin.py:188} INFO -  >> [RATIO] Đang lấy dữ liệu: TDS
[2026-01-12T15:17:57.122+0000] {logging_mixin.py:188} INFO -  ✓ [RATIO] TDS: 50 rows
[2026-01-12T15:17:59.149+0000] {logging_mixin.py:188} INFO -  ✅ [RATIO] Hoàn thành batch. Tổng số dòng: 81
[2026-01-12T15:17:59.265+0000] {base.py:84} INFO - Using connection ID 'minio_finance' for task execution.
[2026-01-12T15:17:59.272+0000] {connection_wrapper.py:384} INFO - AWS Connection (conn_id='minio_finance', conn_type='aws') credentials retrieved from login and password.
[2026-01-12T15:18:00.966+0000] {datalake_df2csv.py:52} INFO - ✅ Đã upload 81 dòng -> s3://thongtin-congty-va-bctc/financial_ratios/2026-01-12/batch_171.csv
[2026-01-12T15:18:00.967+0000] {taskinstance.py:441} INFO - ::group::Post task execution logs
[2026-01-12T15:18:00.984+0000] {taskinstance.py:1206} INFO - Marking task as SUCCESS. dag_id=financial_ratios_etl, task_id=ingest_financial_ratios, run_id=manual__2026-01-12T15:14:43+00:00, map_index=171, execution_date=20260112T151443, start_date=20260112T151750, end_date=20260112T151800
[2026-01-12T15:18:01.071+0000] {local_task_job_runner.py:243} INFO - Task exited with return code 0
[2026-01-12T15:18:01.096+0000] {taskinstance.py:3503} INFO - 0 downstream tasks scheduled from follow-on schedule check
[2026-01-12T15:18:01.101+0000] {local_task_job_runner.py:222} INFO - ::endgroup::
