[2026-01-01T03:14:39.948+0000] {local_task_job_runner.py:120} INFO - ::group::Pre task execution logs
[2026-01-01T03:14:39.991+0000] {taskinstance.py:2076} INFO - Dependencies all met for dep_context=non-requeueable deps ti=<TaskInstance: thongtin_cty_bctc.ingest_overview scheduled__2025-12-30T00:00:00+00:00 map_index=38 [queued]>
[2026-01-01T03:14:40.020+0000] {taskinstance.py:2076} INFO - Dependencies all met for dep_context=requeueable deps ti=<TaskInstance: thongtin_cty_bctc.ingest_overview scheduled__2025-12-30T00:00:00+00:00 map_index=38 [queued]>
[2026-01-01T03:14:40.021+0000] {taskinstance.py:2306} INFO - Starting attempt 3 of 4
[2026-01-01T03:14:40.042+0000] {taskinstance.py:2330} INFO - Executing <Mapped(DfToCsvOperator): ingest_overview> on 2025-12-30 00:00:00+00:00
[2026-01-01T03:14:40.054+0000] {warnings.py:112} WARNING - This process (pid=34155) is multi-threaded, use of fork() may lead to deadlocks in the child.

[2026-01-01T03:14:40.057+0000] {standard_task_runner.py:64} INFO - Started process 34196 to run task
[2026-01-01T03:14:40.058+0000] {standard_task_runner.py:90} INFO - Running: ['***', 'tasks', 'run', 'thongtin_cty_bctc', 'ingest_overview', 'scheduled__2025-12-30T00:00:00+00:00', '--job-id', '3575', '--raw', '--subdir', 'DAGS_FOLDER/tt_cty_bctc.py', '--cfg-path', '/tmp/tmps5ja_r88', '--map-index', '38']
[2026-01-01T03:14:40.061+0000] {standard_task_runner.py:91} INFO - Job 3575: Subtask ingest_overview
[2026-01-01T03:14:40.136+0000] {task_command.py:426} INFO - Running <TaskInstance: thongtin_cty_bctc.ingest_overview scheduled__2025-12-30T00:00:00+00:00 map_index=38 [running]> on host 43b0a0f7606b
[2026-01-01T03:14:40.296+0000] {taskinstance.py:2648} INFO - Exporting env vars: AIRFLOW_CTX_DAG_OWNER='***' AIRFLOW_CTX_DAG_ID='thongtin_cty_bctc' AIRFLOW_CTX_TASK_ID='ingest_overview' AIRFLOW_CTX_EXECUTION_DATE='2025-12-30T00:00:00+00:00' AIRFLOW_CTX_TRY_NUMBER='3' AIRFLOW_CTX_DAG_RUN_ID='scheduled__2025-12-30T00:00:00+00:00'
[2026-01-01T03:14:40.299+0000] {taskinstance.py:430} INFO - ::endgroup::
[2026-01-01T03:14:40.578+0000] {warnings.py:112} WARNING - DataFrame.applymap has been deprecated. Use DataFrame.map instead.

[2026-01-01T03:14:41.819+0000] {warnings.py:112} WARNING - DataFrame.applymap has been deprecated. Use DataFrame.map instead.

[2026-01-01T03:14:43.065+0000] {warnings.py:112} WARNING - DataFrame.applymap has been deprecated. Use DataFrame.map instead.

[2026-01-01T03:14:44.115+0000] {base.py:84} INFO - Using connection ID 'minio_finance' for task execution.
[2026-01-01T03:14:44.116+0000] {connection_wrapper.py:384} INFO - AWS Connection (conn_id='minio_finance', conn_type='aws') credentials retrieved from login and password.
[2026-01-01T03:14:45.156+0000] {datalake_df2csv.py:53} INFO - ✅ Đã upload 3 dòng -> s3://thongtin-congty-va-bctc/overview/2025-12-30/batch_38.csv
[2026-01-01T03:14:45.158+0000] {taskinstance.py:441} INFO - ::group::Post task execution logs
[2026-01-01T03:14:45.172+0000] {taskinstance.py:1206} INFO - Marking task as SUCCESS. dag_id=thongtin_cty_bctc, task_id=ingest_overview, run_id=scheduled__2025-12-30T00:00:00+00:00, map_index=38, execution_date=20251230T000000, start_date=20260101T031439, end_date=20260101T031445
[2026-01-01T03:14:46.702+0000] {local_task_job_runner.py:243} INFO - Task exited with return code 0
[2026-01-01T03:14:46.711+0000] {local_task_job_runner.py:222} INFO - ::endgroup::
