[2026-01-11T04:02:51.728+0000] {local_task_job_runner.py:120} INFO - ::group::Pre task execution logs
[2026-01-11T04:02:51.785+0000] {taskinstance.py:2076} INFO - Dependencies all met for dep_context=non-requeueable deps ti=<TaskInstance: bctc.ingest_bctc manual__2026-01-11T04:01:06+00:00 map_index=52 [queued]>
[2026-01-11T04:02:51.814+0000] {taskinstance.py:2076} INFO - Dependencies all met for dep_context=requeueable deps ti=<TaskInstance: bctc.ingest_bctc manual__2026-01-11T04:01:06+00:00 map_index=52 [queued]>
[2026-01-11T04:02:51.816+0000] {taskinstance.py:2306} INFO - Starting attempt 1 of 2
[2026-01-11T04:02:51.849+0000] {taskinstance.py:2330} INFO - Executing <Mapped(DfToCsvOperator): ingest_bctc> on 2026-01-11 04:01:06+00:00
[2026-01-11T04:02:51.867+0000] {warnings.py:112} WARNING - This process (pid=1787) is multi-threaded, use of fork() may lead to deadlocks in the child.

[2026-01-11T04:02:51.870+0000] {standard_task_runner.py:64} INFO - Started process 1884 to run task
[2026-01-11T04:02:51.890+0000] {standard_task_runner.py:90} INFO - Running: ['***', 'tasks', 'run', 'bctc', 'ingest_bctc', 'manual__2026-01-11T04:01:06+00:00', '--job-id', '10237', '--raw', '--subdir', 'DAGS_FOLDER/tt_cty_bctc.py', '--cfg-path', '/tmp/tmpcplequy0', '--map-index', '52']
[2026-01-11T04:02:51.893+0000] {standard_task_runner.py:91} INFO - Job 10237: Subtask ingest_bctc
[2026-01-11T04:02:52.007+0000] {task_command.py:426} INFO - Running <TaskInstance: bctc.ingest_bctc manual__2026-01-11T04:01:06+00:00 map_index=52 [running]> on host 3f2af93df813
[2026-01-11T04:02:52.756+0000] {taskinstance.py:2648} INFO - Exporting env vars: AIRFLOW_CTX_DAG_OWNER='***' AIRFLOW_CTX_DAG_ID='bctc' AIRFLOW_CTX_TASK_ID='ingest_bctc' AIRFLOW_CTX_EXECUTION_DATE='2026-01-11T04:01:06+00:00' AIRFLOW_CTX_TRY_NUMBER='1' AIRFLOW_CTX_DAG_RUN_ID='manual__2026-01-11T04:01:06+00:00'
[2026-01-11T04:02:52.761+0000] {taskinstance.py:430} INFO - ::endgroup::
[2026-01-11T04:02:52.783+0000] {logging_mixin.py:188} INFO - Bắt đầu xử lý batch 20 mã: ['HVT', 'HVN', 'HVH', 'HVG', 'HVA', 'HUX', 'HUT', 'HUG', 'HUB', 'HU6', 'HU4', 'HU3', 'HU1', 'HTW', 'HTV', 'HTT', 'HTR', 'HTP', 'HTN', 'HTM']
[2026-01-11T04:02:52.784+0000] {logging_mixin.py:188} INFO -  >> Đang lấy dữ liệu: HVT
[2026-01-11T04:02:53.251+0000] {logging_mixin.py:188} INFO -  Lỗi xử lý mã HVT: Failed to fetch data: 429 - Too Many Requests
[2026-01-11T04:02:53.263+0000] {logging_mixin.py:188} INFO -  >> Đang lấy dữ liệu: HVN
[2026-01-11T04:02:53.642+0000] {logging_mixin.py:188} INFO -  Lỗi xử lý mã HVN: Failed to fetch data: 429 - Too Many Requests
[2026-01-11T04:02:53.644+0000] {logging_mixin.py:188} INFO -  >> Đang lấy dữ liệu: HVH
[2026-01-11T04:02:53.946+0000] {logging_mixin.py:188} INFO -  Lỗi xử lý mã HVH: Failed to fetch data: 429 - Too Many Requests
[2026-01-11T04:02:53.947+0000] {logging_mixin.py:188} INFO -  >> Đang lấy dữ liệu: HVG
[2026-01-11T04:02:54.164+0000] {logging_mixin.py:188} INFO -  Lỗi xử lý mã HVG: Failed to fetch data: 429 - Too Many Requests
[2026-01-11T04:02:54.166+0000] {logging_mixin.py:188} INFO -  >> Đang lấy dữ liệu: HVA
[2026-01-11T04:02:54.300+0000] {logging_mixin.py:188} INFO -  Lỗi xử lý mã HVA: Failed to fetch data: 429 - Too Many Requests
[2026-01-11T04:02:54.301+0000] {logging_mixin.py:188} INFO -  >> Đang lấy dữ liệu: HUX
[2026-01-11T04:02:54.435+0000] {logging_mixin.py:188} INFO -  Lỗi xử lý mã HUX: Failed to fetch data: 429 - Too Many Requests
[2026-01-11T04:02:54.436+0000] {logging_mixin.py:188} INFO -  >> Đang lấy dữ liệu: HUT
[2026-01-11T04:02:54.550+0000] {logging_mixin.py:188} INFO -  Lỗi xử lý mã HUT: Failed to fetch data: 429 - Too Many Requests
[2026-01-11T04:02:54.551+0000] {logging_mixin.py:188} INFO -  >> Đang lấy dữ liệu: HUG
[2026-01-11T04:02:54.698+0000] {logging_mixin.py:188} INFO -  Lỗi xử lý mã HUG: Failed to fetch data: 429 - Too Many Requests
[2026-01-11T04:02:54.699+0000] {logging_mixin.py:188} INFO -  >> Đang lấy dữ liệu: HUB
[2026-01-11T04:02:54.856+0000] {logging_mixin.py:188} INFO -  Lỗi xử lý mã HUB: Failed to fetch data: 429 - Too Many Requests
[2026-01-11T04:02:54.857+0000] {logging_mixin.py:188} INFO -  >> Đang lấy dữ liệu: HU6
[2026-01-11T04:02:54.973+0000] {logging_mixin.py:188} INFO -  Lỗi xử lý mã HU6: Failed to fetch data: 429 - Too Many Requests
[2026-01-11T04:02:54.974+0000] {logging_mixin.py:188} INFO -  >> Đang lấy dữ liệu: HU4
[2026-01-11T04:02:55.093+0000] {logging_mixin.py:188} INFO -  Lỗi xử lý mã HU4: Failed to fetch data: 429 - Too Many Requests
[2026-01-11T04:02:55.094+0000] {logging_mixin.py:188} INFO -  >> Đang lấy dữ liệu: HU3
[2026-01-11T04:02:55.212+0000] {logging_mixin.py:188} INFO -  Lỗi xử lý mã HU3: Failed to fetch data: 429 - Too Many Requests
[2026-01-11T04:02:55.213+0000] {logging_mixin.py:188} INFO -  >> Đang lấy dữ liệu: HU1
[2026-01-11T04:02:55.370+0000] {logging_mixin.py:188} INFO -  Lỗi xử lý mã HU1: Failed to fetch data: 429 - Too Many Requests
[2026-01-11T04:02:55.371+0000] {logging_mixin.py:188} INFO -  >> Đang lấy dữ liệu: HTW
[2026-01-11T04:02:55.542+0000] {logging_mixin.py:188} INFO -  Lỗi xử lý mã HTW: Failed to fetch data: 429 - Too Many Requests
[2026-01-11T04:02:55.543+0000] {logging_mixin.py:188} INFO -  >> Đang lấy dữ liệu: HTV
[2026-01-11T04:02:55.709+0000] {logging_mixin.py:188} INFO -  Lỗi xử lý mã HTV: Failed to fetch data: 429 - Too Many Requests
[2026-01-11T04:02:55.710+0000] {logging_mixin.py:188} INFO -  >> Đang lấy dữ liệu: HTT
[2026-01-11T04:02:55.844+0000] {logging_mixin.py:188} INFO -  Lỗi xử lý mã HTT: Failed to fetch data: 429 - Too Many Requests
[2026-01-11T04:02:55.845+0000] {logging_mixin.py:188} INFO -  >> Đang lấy dữ liệu: HTR
[2026-01-11T04:02:55.973+0000] {logging_mixin.py:188} INFO -  Lỗi xử lý mã HTR: Failed to fetch data: 429 - Too Many Requests
[2026-01-11T04:02:55.975+0000] {logging_mixin.py:188} INFO -  >> Đang lấy dữ liệu: HTP
[2026-01-11T04:02:56.090+0000] {logging_mixin.py:188} INFO -  Lỗi xử lý mã HTP: Failed to fetch data: 429 - Too Many Requests
[2026-01-11T04:02:56.091+0000] {logging_mixin.py:188} INFO -  >> Đang lấy dữ liệu: HTN
[2026-01-11T04:02:56.337+0000] {logging_mixin.py:188} INFO -  Lỗi xử lý mã HTN: Failed to fetch data: 429 - Too Many Requests
[2026-01-11T04:02:56.338+0000] {logging_mixin.py:188} INFO -  >> Đang lấy dữ liệu: HTM
[2026-01-11T04:02:56.459+0000] {logging_mixin.py:188} INFO -  Lỗi xử lý mã HTM: Failed to fetch data: 429 - Too Many Requests
[2026-01-11T04:02:56.464+0000] {logging_mixin.py:188} INFO -  ⚠ Batch này không thu được dữ liệu nào.
[2026-01-11T04:02:56.469+0000] {datalake_df2csv.py:40} INFO - DataFrame rỗng, bỏ qua upload CSV.
[2026-01-11T04:02:56.471+0000] {taskinstance.py:441} INFO - ::group::Post task execution logs
[2026-01-11T04:02:56.491+0000] {taskinstance.py:1206} INFO - Marking task as SUCCESS. dag_id=bctc, task_id=ingest_bctc, run_id=manual__2026-01-11T04:01:06+00:00, map_index=52, execution_date=20260111T040106, start_date=20260111T040251, end_date=20260111T040256
[2026-01-11T04:02:56.569+0000] {local_task_job_runner.py:243} INFO - Task exited with return code 0
[2026-01-11T04:02:56.632+0000] {taskinstance.py:3503} INFO - 0 downstream tasks scheduled from follow-on schedule check
[2026-01-11T04:02:56.635+0000] {local_task_job_runner.py:222} INFO - ::endgroup::
