[2026-01-01T03:13:26.655+0000] {local_task_job_runner.py:120} INFO - ::group::Pre task execution logs
[2026-01-01T03:13:26.685+0000] {taskinstance.py:2076} INFO - Dependencies all met for dep_context=non-requeueable deps ti=<TaskInstance: thongtin_cty_bctc.ingest_people scheduled__2025-12-30T00:00:00+00:00 map_index=14 [queued]>
[2026-01-01T03:13:26.699+0000] {taskinstance.py:2076} INFO - Dependencies all met for dep_context=requeueable deps ti=<TaskInstance: thongtin_cty_bctc.ingest_people scheduled__2025-12-30T00:00:00+00:00 map_index=14 [queued]>
[2026-01-01T03:13:26.700+0000] {taskinstance.py:2306} INFO - Starting attempt 4 of 5
[2026-01-01T03:13:26.719+0000] {taskinstance.py:2330} INFO - Executing <Mapped(DfToCsvOperator): ingest_people> on 2025-12-30 00:00:00+00:00
[2026-01-01T03:13:26.730+0000] {warnings.py:112} WARNING - This process (pid=33238) is multi-threaded, use of fork() may lead to deadlocks in the child.

[2026-01-01T03:13:26.732+0000] {standard_task_runner.py:64} INFO - Started process 33294 to run task
[2026-01-01T03:13:26.735+0000] {standard_task_runner.py:90} INFO - Running: ['***', 'tasks', 'run', 'thongtin_cty_bctc', 'ingest_people', 'scheduled__2025-12-30T00:00:00+00:00', '--job-id', '3506', '--raw', '--subdir', 'DAGS_FOLDER/tt_cty_bctc.py', '--cfg-path', '/tmp/tmpai973w51', '--map-index', '14']
[2026-01-01T03:13:26.737+0000] {standard_task_runner.py:91} INFO - Job 3506: Subtask ingest_people
[2026-01-01T03:13:26.813+0000] {task_command.py:426} INFO - Running <TaskInstance: thongtin_cty_bctc.ingest_people scheduled__2025-12-30T00:00:00+00:00 map_index=14 [running]> on host 43b0a0f7606b
[2026-01-01T03:13:26.951+0000] {taskinstance.py:2648} INFO - Exporting env vars: AIRFLOW_CTX_DAG_OWNER='***' AIRFLOW_CTX_DAG_ID='thongtin_cty_bctc' AIRFLOW_CTX_TASK_ID='ingest_people' AIRFLOW_CTX_EXECUTION_DATE='2025-12-30T00:00:00+00:00' AIRFLOW_CTX_TRY_NUMBER='4' AIRFLOW_CTX_DAG_RUN_ID='scheduled__2025-12-30T00:00:00+00:00'
[2026-01-01T03:13:26.953+0000] {taskinstance.py:430} INFO - ::endgroup::
[2026-01-01T03:13:30.810+0000] {base.py:84} INFO - Using connection ID 'minio_finance' for task execution.
[2026-01-01T03:13:30.812+0000] {connection_wrapper.py:384} INFO - AWS Connection (conn_id='minio_finance', conn_type='aws') credentials retrieved from login and password.
[2026-01-01T03:13:31.877+0000] {datalake_df2csv.py:53} INFO - ✅ Đã upload 83 dòng -> s3://thongtin-congty-va-bctc/people/2025-12-30/batch_14.csv
[2026-01-01T03:13:31.879+0000] {taskinstance.py:441} INFO - ::group::Post task execution logs
[2026-01-01T03:13:31.894+0000] {taskinstance.py:1206} INFO - Marking task as SUCCESS. dag_id=thongtin_cty_bctc, task_id=ingest_people, run_id=scheduled__2025-12-30T00:00:00+00:00, map_index=14, execution_date=20251230T000000, start_date=20260101T031326, end_date=20260101T031331
[2026-01-01T03:13:33.313+0000] {local_task_job_runner.py:243} INFO - Task exited with return code 0
[2026-01-01T03:13:33.335+0000] {taskinstance.py:3503} INFO - 0 downstream tasks scheduled from follow-on schedule check
[2026-01-01T03:13:33.338+0000] {local_task_job_runner.py:222} INFO - ::endgroup::
