[2026-01-10T15:13:23.547+0000] {local_task_job_runner.py:120} INFO - ::group::Pre task execution logs
[2026-01-10T15:13:23.834+0000] {taskinstance.py:2076} INFO - Dependencies all met for dep_context=non-requeueable deps ti=<TaskInstance: thongtin_cty_bctc.ingest_bctc scheduled__2025-12-30T00:00:00+00:00 map_index=377 [queued]>
[2026-01-10T15:13:23.922+0000] {taskinstance.py:2076} INFO - Dependencies all met for dep_context=requeueable deps ti=<TaskInstance: thongtin_cty_bctc.ingest_bctc scheduled__2025-12-30T00:00:00+00:00 map_index=377 [queued]>
[2026-01-10T15:13:23.923+0000] {taskinstance.py:2306} INFO - Starting attempt 1 of 2
[2026-01-10T15:13:26.131+0000] {taskinstance.py:2330} INFO - Executing <Mapped(DfToCsvOperator): ingest_bctc> on 2025-12-30 00:00:00+00:00
[2026-01-10T15:13:26.146+0000] {warnings.py:112} WARNING - This process (pid=7218) is multi-threaded, use of fork() may lead to deadlocks in the child.

[2026-01-10T15:13:26.148+0000] {standard_task_runner.py:64} INFO - Started process 7277 to run task
[2026-01-10T15:13:26.151+0000] {standard_task_runner.py:90} INFO - Running: ['***', 'tasks', 'run', 'thongtin_cty_bctc', 'ingest_bctc', 'scheduled__2025-12-30T00:00:00+00:00', '--job-id', '9232', '--raw', '--subdir', 'DAGS_FOLDER/tt_cty_bctc.py', '--cfg-path', '/tmp/tmp6oudg1tr', '--map-index', '377']
[2026-01-10T15:13:26.156+0000] {standard_task_runner.py:91} INFO - Job 9232: Subtask ingest_bctc
[2026-01-10T15:13:26.224+0000] {task_command.py:426} INFO - Running <TaskInstance: thongtin_cty_bctc.ingest_bctc scheduled__2025-12-30T00:00:00+00:00 map_index=377 [running]> on host c44bcb92a951
[2026-01-10T15:13:26.361+0000] {taskinstance.py:2648} INFO - Exporting env vars: AIRFLOW_CTX_DAG_OWNER='***' AIRFLOW_CTX_DAG_ID='thongtin_cty_bctc' AIRFLOW_CTX_TASK_ID='ingest_bctc' AIRFLOW_CTX_EXECUTION_DATE='2025-12-30T00:00:00+00:00' AIRFLOW_CTX_TRY_NUMBER='1' AIRFLOW_CTX_DAG_RUN_ID='scheduled__2025-12-30T00:00:00+00:00'
[2026-01-10T15:13:26.363+0000] {taskinstance.py:430} INFO - ::endgroup::
[2026-01-10T15:13:26.372+0000] {logging_mixin.py:188} INFO - Bắt đầu xử lý batch 3 mã: ['HHR', 'HHP', 'HHN']
[2026-01-10T15:13:26.373+0000] {logging_mixin.py:188} INFO -  >> Đang lấy dữ liệu: HHR
[2026-01-10T15:13:29.148+0000] {logging_mixin.py:188} INFO -  >> Đang lấy dữ liệu: HHP
[2026-01-10T15:13:32.083+0000] {logging_mixin.py:188} INFO -  >> Đang lấy dữ liệu: HHN
[2026-01-10T15:13:36.939+0000] {logging_mixin.py:188} INFO - ❌ Lỗi income_statement: RetryError[<Future at 0x7f17d4f77e90 state=finished raised KeyError>]
[2026-01-10T15:13:41.365+0000] {logging_mixin.py:188} INFO - ❌ Lỗi balance_sheet: RetryError[<Future at 0x7f17d51accb0 state=finished raised KeyError>]
[2026-01-10T15:13:45.772+0000] {logging_mixin.py:188} INFO - ❌ Lỗi cash_flow: RetryError[<Future at 0x7f17d51ac110 state=finished raised KeyError>]
[2026-01-10T15:13:46.775+0000] {logging_mixin.py:188} INFO -  ✓ Hoàn thành batch. Tổng số dòng: 3002
[2026-01-10T15:13:46.799+0000] {base.py:84} INFO - Using connection ID 'minio_finance' for task execution.
[2026-01-10T15:13:46.800+0000] {connection_wrapper.py:384} INFO - AWS Connection (conn_id='minio_finance', conn_type='aws') credentials retrieved from login and password.
[2026-01-10T15:13:47.249+0000] {datalake_df2csv.py:52} INFO - ✅ Đã upload 3002 dòng -> s3://thongtin-congty-va-bctc/bctc/2025-12-30/batch_377.csv
[2026-01-10T15:13:47.251+0000] {taskinstance.py:441} INFO - ::group::Post task execution logs
[2026-01-10T15:13:47.264+0000] {taskinstance.py:1206} INFO - Marking task as SUCCESS. dag_id=thongtin_cty_bctc, task_id=ingest_bctc, run_id=scheduled__2025-12-30T00:00:00+00:00, map_index=377, execution_date=20251230T000000, start_date=20260110T151323, end_date=20260110T151347
[2026-01-10T15:13:49.257+0000] {local_task_job_runner.py:243} INFO - Task exited with return code 0
[2026-01-10T15:13:49.266+0000] {local_task_job_runner.py:222} INFO - ::endgroup::
