[2026-01-10T15:16:21.922+0000] {local_task_job_runner.py:120} INFO - ::group::Pre task execution logs
[2026-01-10T15:16:22.289+0000] {taskinstance.py:2076} INFO - Dependencies all met for dep_context=non-requeueable deps ti=<TaskInstance: thongtin_cty_bctc.ingest_overview scheduled__2025-12-30T00:00:00+00:00 map_index=432 [queued]>
[2026-01-10T15:16:22.438+0000] {taskinstance.py:2076} INFO - Dependencies all met for dep_context=requeueable deps ti=<TaskInstance: thongtin_cty_bctc.ingest_overview scheduled__2025-12-30T00:00:00+00:00 map_index=432 [queued]>
[2026-01-10T15:16:22.439+0000] {taskinstance.py:2306} INFO - Starting attempt 1 of 2
[2026-01-10T15:16:22.469+0000] {taskinstance.py:2330} INFO - Executing <Mapped(DfToCsvOperator): ingest_overview> on 2025-12-30 00:00:00+00:00
[2026-01-10T15:16:22.488+0000] {warnings.py:112} WARNING - This process (pid=9393) is multi-threaded, use of fork() may lead to deadlocks in the child.

[2026-01-10T15:16:22.490+0000] {standard_task_runner.py:64} INFO - Started process 9464 to run task
[2026-01-10T15:16:22.494+0000] {standard_task_runner.py:90} INFO - Running: ['***', 'tasks', 'run', 'thongtin_cty_bctc', 'ingest_overview', 'scheduled__2025-12-30T00:00:00+00:00', '--job-id', '9401', '--raw', '--subdir', 'DAGS_FOLDER/tt_cty_bctc.py', '--cfg-path', '/tmp/tmpzezzuejw', '--map-index', '432']
[2026-01-10T15:16:22.496+0000] {standard_task_runner.py:91} INFO - Job 9401: Subtask ingest_overview
[2026-01-10T15:16:22.603+0000] {task_command.py:426} INFO - Running <TaskInstance: thongtin_cty_bctc.ingest_overview scheduled__2025-12-30T00:00:00+00:00 map_index=432 [running]> on host c44bcb92a951
[2026-01-10T15:16:22.790+0000] {taskinstance.py:2648} INFO - Exporting env vars: AIRFLOW_CTX_DAG_OWNER='***' AIRFLOW_CTX_DAG_ID='thongtin_cty_bctc' AIRFLOW_CTX_TASK_ID='ingest_overview' AIRFLOW_CTX_EXECUTION_DATE='2025-12-30T00:00:00+00:00' AIRFLOW_CTX_TRY_NUMBER='1' AIRFLOW_CTX_DAG_RUN_ID='scheduled__2025-12-30T00:00:00+00:00'
[2026-01-10T15:16:22.792+0000] {taskinstance.py:430} INFO - ::endgroup::
[2026-01-10T15:16:26.990+0000] {logging_mixin.py:188} INFO - Err overview DVT: RetryError[<Future at 0x7f17d5399550 state=finished raised AttributeError>]
[2026-01-10T15:16:28.137+0000] {warnings.py:112} WARNING - DataFrame.applymap has been deprecated. Use DataFrame.map instead.

[2026-01-10T15:16:29.314+0000] {warnings.py:112} WARNING - DataFrame.applymap has been deprecated. Use DataFrame.map instead.

[2026-01-10T15:16:30.335+0000] {base.py:84} INFO - Using connection ID 'minio_finance' for task execution.
[2026-01-10T15:16:30.336+0000] {connection_wrapper.py:384} INFO - AWS Connection (conn_id='minio_finance', conn_type='aws') credentials retrieved from login and password.
[2026-01-10T15:16:30.881+0000] {datalake_df2csv.py:52} INFO - ✅ Đã upload 2 dòng -> s3://thongtin-congty-va-bctc/overview/2025-12-30/batch_432.csv
[2026-01-10T15:16:30.883+0000] {taskinstance.py:441} INFO - ::group::Post task execution logs
[2026-01-10T15:16:30.893+0000] {taskinstance.py:1206} INFO - Marking task as SUCCESS. dag_id=thongtin_cty_bctc, task_id=ingest_overview, run_id=scheduled__2025-12-30T00:00:00+00:00, map_index=432, execution_date=20251230T000000, start_date=20260110T151622, end_date=20260110T151630
[2026-01-10T15:16:30.990+0000] {local_task_job_runner.py:243} INFO - Task exited with return code 0
[2026-01-10T15:16:30.999+0000] {local_task_job_runner.py:222} INFO - ::endgroup::
