[2026-01-08T15:47:22.187+0000] {local_task_job_runner.py:120} INFO - ::group::Pre task execution logs
[2026-01-08T15:47:22.420+0000] {taskinstance.py:2076} INFO - Dependencies all met for dep_context=non-requeueable deps ti=<TaskInstance: history_price.ingest_history_price scheduled__2026-01-07T00:00:00+00:00 map_index=238 [queued]>
[2026-01-08T15:47:22.445+0000] {taskinstance.py:2076} INFO - Dependencies all met for dep_context=requeueable deps ti=<TaskInstance: history_price.ingest_history_price scheduled__2026-01-07T00:00:00+00:00 map_index=238 [queued]>
[2026-01-08T15:47:22.446+0000] {taskinstance.py:2306} INFO - Starting attempt 1 of 2
[2026-01-08T15:47:22.477+0000] {taskinstance.py:2330} INFO - Executing <Mapped(DfToCsvOperator): ingest_history_price> on 2026-01-07 00:00:00+00:00
[2026-01-08T15:47:22.490+0000] {warnings.py:112} WARNING - This process (pid=5660) is multi-threaded, use of fork() may lead to deadlocks in the child.

[2026-01-08T15:47:22.492+0000] {standard_task_runner.py:64} INFO - Started process 5710 to run task
[2026-01-08T15:47:22.494+0000] {standard_task_runner.py:90} INFO - Running: ['***', 'tasks', 'run', 'history_price', 'ingest_history_price', 'scheduled__2026-01-07T00:00:00+00:00', '--job-id', '7474', '--raw', '--subdir', 'DAGS_FOLDER/history_price.py', '--cfg-path', '/tmp/tmpzb9lkz5o', '--map-index', '238']
[2026-01-08T15:47:22.496+0000] {standard_task_runner.py:91} INFO - Job 7474: Subtask ingest_history_price
[2026-01-08T15:47:22.566+0000] {task_command.py:426} INFO - Running <TaskInstance: history_price.ingest_history_price scheduled__2026-01-07T00:00:00+00:00 map_index=238 [running]> on host 7568acf023da
[2026-01-08T15:47:22.702+0000] {taskinstance.py:2648} INFO - Exporting env vars: AIRFLOW_CTX_DAG_OWNER='***' AIRFLOW_CTX_DAG_ID='history_price' AIRFLOW_CTX_TASK_ID='ingest_history_price' AIRFLOW_CTX_EXECUTION_DATE='2026-01-07T00:00:00+00:00' AIRFLOW_CTX_TRY_NUMBER='1' AIRFLOW_CTX_DAG_RUN_ID='scheduled__2026-01-07T00:00:00+00:00'
[2026-01-08T15:47:22.703+0000] {taskinstance.py:430} INFO - ::endgroup::
[2026-01-08T15:47:28.042+0000] {logging_mixin.py:188} INFO - HAB: RetryError[<Future at 0x7f12087c0290 state=finished raised ValueError>]
[2026-01-08T15:47:30.609+0000] {base.py:84} INFO - Using connection ID 'minio_finance' for task execution.
[2026-01-08T15:47:30.610+0000] {connection_wrapper.py:384} INFO - AWS Connection (conn_id='minio_finance', conn_type='aws') credentials retrieved from login and password.
[2026-01-08T15:47:31.086+0000] {datalake_df2csv.py:52} INFO - ✅ Đã upload 32 dòng -> s3://thongtin-congty-va-bctc/history_price/2026-01-07/batch_238.csv
[2026-01-08T15:47:31.087+0000] {taskinstance.py:441} INFO - ::group::Post task execution logs
[2026-01-08T15:47:31.098+0000] {taskinstance.py:1206} INFO - Marking task as SUCCESS. dag_id=history_price, task_id=ingest_history_price, run_id=scheduled__2026-01-07T00:00:00+00:00, map_index=238, execution_date=20260107T000000, start_date=20260108T154722, end_date=20260108T154731
[2026-01-08T15:47:31.154+0000] {local_task_job_runner.py:243} INFO - Task exited with return code 0
[2026-01-08T15:47:31.168+0000] {taskinstance.py:3503} INFO - 0 downstream tasks scheduled from follow-on schedule check
[2026-01-08T15:47:31.170+0000] {local_task_job_runner.py:222} INFO - ::endgroup::
