[2026-01-11T15:31:59.473+0000] {local_task_job_runner.py:120} INFO - ::group::Pre task execution logs
[2026-01-11T15:31:59.494+0000] {taskinstance.py:2076} INFO - Dependencies all met for dep_context=non-requeueable deps ti=<TaskInstance: global_index_etl.ingest_usd_vnd manual__2026-01-11T15:31:54.123809+00:00 [queued]>
[2026-01-11T15:31:59.506+0000] {taskinstance.py:2076} INFO - Dependencies all met for dep_context=requeueable deps ti=<TaskInstance: global_index_etl.ingest_usd_vnd manual__2026-01-11T15:31:54.123809+00:00 [queued]>
[2026-01-11T15:31:59.506+0000] {taskinstance.py:2306} INFO - Starting attempt 1 of 2
[2026-01-11T15:31:59.524+0000] {taskinstance.py:2330} INFO - Executing <Task(DfToCsvOperator): ingest_usd_vnd> on 2026-01-11 15:31:54.123809+00:00
[2026-01-11T15:31:59.539+0000] {warnings.py:112} WARNING - This process (pid=518) is multi-threaded, use of fork() may lead to deadlocks in the child.

[2026-01-11T15:31:59.541+0000] {standard_task_runner.py:64} INFO - Started process 568 to run task
[2026-01-11T15:31:59.544+0000] {standard_task_runner.py:90} INFO - Running: ['***', 'tasks', 'run', 'global_index_etl', 'ingest_usd_vnd', 'manual__2026-01-11T15:31:54.123809+00:00', '--job-id', '10698', '--raw', '--subdir', 'DAGS_FOLDER/global_index_etl.py', '--cfg-path', '/tmp/tmpu47y2f5u']
[2026-01-11T15:31:59.549+0000] {standard_task_runner.py:91} INFO - Job 10698: Subtask ingest_usd_vnd
[2026-01-11T15:31:59.612+0000] {task_command.py:426} INFO - Running <TaskInstance: global_index_etl.ingest_usd_vnd manual__2026-01-11T15:31:54.123809+00:00 [running]> on host 61f9e5aaac6d
[2026-01-11T15:31:59.713+0000] {taskinstance.py:2648} INFO - Exporting env vars: AIRFLOW_CTX_DAG_OWNER='***' AIRFLOW_CTX_DAG_ID='global_index_etl' AIRFLOW_CTX_TASK_ID='ingest_usd_vnd' AIRFLOW_CTX_EXECUTION_DATE='2026-01-11T15:31:54.123809+00:00' AIRFLOW_CTX_TRY_NUMBER='1' AIRFLOW_CTX_DAG_RUN_ID='manual__2026-01-11T15:31:54.123809+00:00'
[2026-01-11T15:31:59.715+0000] {taskinstance.py:430} INFO - ::endgroup::
[2026-01-11T15:32:00.246+0000] {history.py:276} ERROR - $VND=X: possibly delisted; no price data found  (1d 2026-01-11 -> 2026-01-11)
[2026-01-11T15:32:00.247+0000] {logging_mixin.py:188} INFO - ⚠️ No USD/VND data found for period 2026-01-11 to 2026-01-11
[2026-01-11T15:32:00.249+0000] {datalake_df2csv.py:40} INFO - DataFrame rỗng, bỏ qua upload CSV.
[2026-01-11T15:32:00.250+0000] {taskinstance.py:441} INFO - ::group::Post task execution logs
[2026-01-11T15:32:00.260+0000] {taskinstance.py:1206} INFO - Marking task as SUCCESS. dag_id=global_index_etl, task_id=ingest_usd_vnd, run_id=manual__2026-01-11T15:31:54.123809+00:00, execution_date=20260111T153154, start_date=20260111T153159, end_date=20260111T153200
[2026-01-11T15:32:00.318+0000] {local_task_job_runner.py:243} INFO - Task exited with return code 0
[2026-01-11T15:32:00.338+0000] {taskinstance.py:3503} INFO - 0 downstream tasks scheduled from follow-on schedule check
[2026-01-11T15:32:00.340+0000] {local_task_job_runner.py:222} INFO - ::endgroup::
