[2026-01-10T15:07:43.148+0000] {local_task_job_runner.py:120} INFO - ::group::Pre task execution logs
[2026-01-10T15:07:43.237+0000] {taskinstance.py:2076} INFO - Dependencies all met for dep_context=non-requeueable deps ti=<TaskInstance: thongtin_cty_bctc.ingest_bctc scheduled__2025-12-30T00:00:00+00:00 map_index=271 [queued]>
[2026-01-10T15:07:43.529+0000] {taskinstance.py:2076} INFO - Dependencies all met for dep_context=requeueable deps ti=<TaskInstance: thongtin_cty_bctc.ingest_bctc scheduled__2025-12-30T00:00:00+00:00 map_index=271 [queued]>
[2026-01-10T15:07:43.529+0000] {taskinstance.py:2306} INFO - Starting attempt 1 of 2
[2026-01-10T15:07:43.548+0000] {taskinstance.py:2330} INFO - Executing <Mapped(DfToCsvOperator): ingest_bctc> on 2025-12-30 00:00:00+00:00
[2026-01-10T15:07:43.566+0000] {warnings.py:112} WARNING - This process (pid=2964) is multi-threaded, use of fork() may lead to deadlocks in the child.

[2026-01-10T15:07:43.567+0000] {standard_task_runner.py:64} INFO - Started process 3013 to run task
[2026-01-10T15:07:43.570+0000] {standard_task_runner.py:90} INFO - Running: ['***', 'tasks', 'run', 'thongtin_cty_bctc', 'ingest_bctc', 'scheduled__2025-12-30T00:00:00+00:00', '--job-id', '8913', '--raw', '--subdir', 'DAGS_FOLDER/tt_cty_bctc.py', '--cfg-path', '/tmp/tmpvt8ncsh1', '--map-index', '271']
[2026-01-10T15:07:43.572+0000] {standard_task_runner.py:91} INFO - Job 8913: Subtask ingest_bctc
[2026-01-10T15:07:43.639+0000] {task_command.py:426} INFO - Running <TaskInstance: thongtin_cty_bctc.ingest_bctc scheduled__2025-12-30T00:00:00+00:00 map_index=271 [running]> on host c44bcb92a951
[2026-01-10T15:07:43.768+0000] {taskinstance.py:2648} INFO - Exporting env vars: AIRFLOW_CTX_DAG_OWNER='***' AIRFLOW_CTX_DAG_ID='thongtin_cty_bctc' AIRFLOW_CTX_TASK_ID='ingest_bctc' AIRFLOW_CTX_EXECUTION_DATE='2025-12-30T00:00:00+00:00' AIRFLOW_CTX_TRY_NUMBER='1' AIRFLOW_CTX_DAG_RUN_ID='scheduled__2025-12-30T00:00:00+00:00'
[2026-01-10T15:07:43.770+0000] {taskinstance.py:430} INFO - ::endgroup::
[2026-01-10T15:07:43.779+0000] {logging_mixin.py:188} INFO - Bắt đầu xử lý batch 3 mã: ['NBE', 'NBC', 'NBB']
[2026-01-10T15:07:43.780+0000] {logging_mixin.py:188} INFO -  >> Đang lấy dữ liệu: NBE
[2026-01-10T15:07:48.594+0000] {logging_mixin.py:188} INFO - ❌ Lỗi income_statement: RetryError[<Future at 0x7f17d4f1b7d0 state=finished raised KeyError>]
[2026-01-10T15:07:53.016+0000] {logging_mixin.py:188} INFO - ❌ Lỗi balance_sheet: RetryError[<Future at 0x7f17d5175820 state=finished raised KeyError>]
[2026-01-10T15:07:57.486+0000] {logging_mixin.py:188} INFO - ❌ Lỗi cash_flow: RetryError[<Future at 0x7f17d5175b80 state=finished raised KeyError>]
[2026-01-10T15:07:58.488+0000] {logging_mixin.py:188} INFO -  >> Đang lấy dữ liệu: NBC
[2026-01-10T15:08:01.156+0000] {logging_mixin.py:188} INFO -  >> Đang lấy dữ liệu: NBB
[2026-01-10T15:08:02.527+0000] {logging_mixin.py:188} INFO -  Lỗi xử lý mã NBB: Failed to fetch data: 502 - Bad Gateway
[2026-01-10T15:08:02.530+0000] {logging_mixin.py:188} INFO -  ✓ Hoàn thành batch. Tổng số dòng: 4386
[2026-01-10T15:08:02.563+0000] {base.py:84} INFO - Using connection ID 'minio_finance' for task execution.
[2026-01-10T15:08:02.564+0000] {connection_wrapper.py:384} INFO - AWS Connection (conn_id='minio_finance', conn_type='aws') credentials retrieved from login and password.
[2026-01-10T15:08:03.053+0000] {datalake_df2csv.py:52} INFO - ✅ Đã upload 4386 dòng -> s3://thongtin-congty-va-bctc/bctc/2025-12-30/batch_271.csv
[2026-01-10T15:08:03.055+0000] {taskinstance.py:441} INFO - ::group::Post task execution logs
[2026-01-10T15:08:03.066+0000] {taskinstance.py:1206} INFO - Marking task as SUCCESS. dag_id=thongtin_cty_bctc, task_id=ingest_bctc, run_id=scheduled__2025-12-30T00:00:00+00:00, map_index=271, execution_date=20251230T000000, start_date=20260110T150743, end_date=20260110T150803
[2026-01-10T15:08:03.113+0000] {local_task_job_runner.py:243} INFO - Task exited with return code 0
[2026-01-10T15:08:03.194+0000] {taskinstance.py:3503} INFO - 0 downstream tasks scheduled from follow-on schedule check
[2026-01-10T15:08:03.196+0000] {local_task_job_runner.py:222} INFO - ::endgroup::
