[2026-01-11T03:05:35.720+0000] {local_task_job_runner.py:120} INFO - ::group::Pre task execution logs
[2026-01-11T03:05:35.747+0000] {taskinstance.py:2076} INFO - Dependencies all met for dep_context=non-requeueable deps ti=<TaskInstance: thongtin_cty_bctc.ingest_bctc scheduled__2026-01-04T00:00:00+00:00 map_index=18 [queued]>
[2026-01-11T03:05:35.763+0000] {taskinstance.py:2076} INFO - Dependencies all met for dep_context=requeueable deps ti=<TaskInstance: thongtin_cty_bctc.ingest_bctc scheduled__2026-01-04T00:00:00+00:00 map_index=18 [queued]>
[2026-01-11T03:05:35.764+0000] {taskinstance.py:2306} INFO - Starting attempt 1 of 2
[2026-01-11T03:05:35.787+0000] {taskinstance.py:2330} INFO - Executing <Mapped(DfToCsvOperator): ingest_bctc> on 2026-01-04 00:00:00+00:00
[2026-01-11T03:05:35.799+0000] {warnings.py:112} WARNING - This process (pid=433) is multi-threaded, use of fork() may lead to deadlocks in the child.

[2026-01-11T03:05:35.801+0000] {standard_task_runner.py:64} INFO - Started process 489 to run task
[2026-01-11T03:05:35.803+0000] {standard_task_runner.py:90} INFO - Running: ['***', 'tasks', 'run', 'thongtin_cty_bctc', 'ingest_bctc', 'scheduled__2026-01-04T00:00:00+00:00', '--job-id', '9663', '--raw', '--subdir', 'DAGS_FOLDER/tt_cty_bctc.py', '--cfg-path', '/tmp/tmpvna7p5tn', '--map-index', '18']
[2026-01-11T03:05:35.805+0000] {standard_task_runner.py:91} INFO - Job 9663: Subtask ingest_bctc
[2026-01-11T03:05:35.864+0000] {task_command.py:426} INFO - Running <TaskInstance: thongtin_cty_bctc.ingest_bctc scheduled__2026-01-04T00:00:00+00:00 map_index=18 [running]> on host 3f2af93df813
[2026-01-11T03:05:35.985+0000] {taskinstance.py:2648} INFO - Exporting env vars: AIRFLOW_CTX_DAG_OWNER='***' AIRFLOW_CTX_DAG_ID='thongtin_cty_bctc' AIRFLOW_CTX_TASK_ID='ingest_bctc' AIRFLOW_CTX_EXECUTION_DATE='2026-01-04T00:00:00+00:00' AIRFLOW_CTX_TRY_NUMBER='1' AIRFLOW_CTX_DAG_RUN_ID='scheduled__2026-01-04T00:00:00+00:00'
[2026-01-11T03:05:35.987+0000] {taskinstance.py:430} INFO - ::endgroup::
[2026-01-11T03:05:35.997+0000] {logging_mixin.py:188} INFO - Bắt đầu xử lý batch 20 mã: ['TCL', 'TCK', 'TCJ', 'TCI', 'TCH', 'TCD', 'TCB', 'TC6', 'TBX', 'TBW', 'TBT', 'TBR', 'TBH', 'TBD', 'TBC', 'TB8', 'TAW', 'TAR', 'TAP', 'TAN']
[2026-01-11T03:05:35.997+0000] {logging_mixin.py:188} INFO -  >> Đang lấy dữ liệu: TCL
[2026-01-11T03:05:36.157+0000] {logging_mixin.py:188} INFO -  Lỗi xử lý mã TCL: Failed to fetch data: 429 - Too Many Requests
[2026-01-11T03:05:36.158+0000] {logging_mixin.py:188} INFO -  >> Đang lấy dữ liệu: TCK
[2026-01-11T03:05:36.726+0000] {logging_mixin.py:188} INFO -  Lỗi xử lý mã TCK: Failed to fetch data: 429 - Too Many Requests
[2026-01-11T03:05:36.729+0000] {logging_mixin.py:188} INFO -  >> Đang lấy dữ liệu: TCJ
[2026-01-11T03:05:37.241+0000] {logging_mixin.py:188} INFO -  Lỗi xử lý mã TCJ: Failed to fetch data: 429 - Too Many Requests
[2026-01-11T03:05:37.243+0000] {logging_mixin.py:188} INFO -  >> Đang lấy dữ liệu: TCI
[2026-01-11T03:05:37.473+0000] {logging_mixin.py:188} INFO -  Lỗi xử lý mã TCI: Failed to fetch data: 429 - Too Many Requests
[2026-01-11T03:05:37.475+0000] {logging_mixin.py:188} INFO -  >> Đang lấy dữ liệu: TCH
[2026-01-11T03:05:39.189+0000] {logging_mixin.py:188} INFO -  Lỗi xử lý mã TCH: Failed to fetch data: 429 - Too Many Requests
[2026-01-11T03:05:39.190+0000] {logging_mixin.py:188} INFO -  >> Đang lấy dữ liệu: TCD
[2026-01-11T03:05:39.294+0000] {logging_mixin.py:188} INFO -  Lỗi xử lý mã TCD: Failed to fetch data: 429 - Too Many Requests
[2026-01-11T03:05:39.295+0000] {logging_mixin.py:188} INFO -  >> Đang lấy dữ liệu: TCB
[2026-01-11T03:05:39.416+0000] {logging_mixin.py:188} INFO -  Lỗi xử lý mã TCB: Failed to fetch data: 429 - Too Many Requests
[2026-01-11T03:05:39.417+0000] {logging_mixin.py:188} INFO -  >> Đang lấy dữ liệu: TC6
[2026-01-11T03:05:39.797+0000] {logging_mixin.py:188} INFO -  Lỗi xử lý mã TC6: Failed to fetch data: 429 - Too Many Requests
[2026-01-11T03:05:39.798+0000] {logging_mixin.py:188} INFO -  >> Đang lấy dữ liệu: TBX
[2026-01-11T03:05:40.237+0000] {logging_mixin.py:188} INFO -  Lỗi xử lý mã TBX: Failed to fetch data: 429 - Too Many Requests
[2026-01-11T03:05:40.238+0000] {logging_mixin.py:188} INFO -  >> Đang lấy dữ liệu: TBW
[2026-01-11T03:05:40.336+0000] {logging_mixin.py:188} INFO -  Lỗi xử lý mã TBW: Failed to fetch data: 429 - Too Many Requests
[2026-01-11T03:05:40.338+0000] {logging_mixin.py:188} INFO -  >> Đang lấy dữ liệu: TBT
[2026-01-11T03:05:40.437+0000] {logging_mixin.py:188} INFO -  Lỗi xử lý mã TBT: Failed to fetch data: 429 - Too Many Requests
[2026-01-11T03:05:40.439+0000] {logging_mixin.py:188} INFO -  >> Đang lấy dữ liệu: TBR
[2026-01-11T03:05:40.825+0000] {logging_mixin.py:188} INFO -  Lỗi xử lý mã TBR: Failed to fetch data: 429 - Too Many Requests
[2026-01-11T03:05:40.826+0000] {logging_mixin.py:188} INFO -  >> Đang lấy dữ liệu: TBH
[2026-01-11T03:05:41.622+0000] {logging_mixin.py:188} INFO -  Lỗi xử lý mã TBH: Failed to fetch data: 429 - Too Many Requests
[2026-01-11T03:05:41.623+0000] {logging_mixin.py:188} INFO -  >> Đang lấy dữ liệu: TBD
[2026-01-11T03:05:41.804+0000] {logging_mixin.py:188} INFO -  Lỗi xử lý mã TBD: Failed to fetch data: 429 - Too Many Requests
[2026-01-11T03:05:41.805+0000] {logging_mixin.py:188} INFO -  >> Đang lấy dữ liệu: TBC
[2026-01-11T03:05:41.948+0000] {logging_mixin.py:188} INFO -  Lỗi xử lý mã TBC: Failed to fetch data: 429 - Too Many Requests
[2026-01-11T03:05:41.949+0000] {logging_mixin.py:188} INFO -  >> Đang lấy dữ liệu: TB8
[2026-01-11T03:05:42.094+0000] {logging_mixin.py:188} INFO -  Lỗi xử lý mã TB8: Failed to fetch data: 429 - Too Many Requests
[2026-01-11T03:05:42.096+0000] {logging_mixin.py:188} INFO -  >> Đang lấy dữ liệu: TAW
[2026-01-11T03:05:42.373+0000] {logging_mixin.py:188} INFO -  Lỗi xử lý mã TAW: Failed to fetch data: 429 - Too Many Requests
[2026-01-11T03:05:42.374+0000] {logging_mixin.py:188} INFO -  >> Đang lấy dữ liệu: TAR
[2026-01-11T03:05:42.548+0000] {logging_mixin.py:188} INFO -  Lỗi xử lý mã TAR: Failed to fetch data: 429 - Too Many Requests
[2026-01-11T03:05:42.549+0000] {logging_mixin.py:188} INFO -  >> Đang lấy dữ liệu: TAP
[2026-01-11T03:05:43.969+0000] {logging_mixin.py:188} INFO -  Lỗi xử lý mã TAP: Failed to fetch data: 429 - Too Many Requests
[2026-01-11T03:05:43.970+0000] {logging_mixin.py:188} INFO -  >> Đang lấy dữ liệu: TAN
[2026-01-11T03:05:44.159+0000] {logging_mixin.py:188} INFO -  Lỗi xử lý mã TAN: Failed to fetch data: 429 - Too Many Requests
[2026-01-11T03:05:44.160+0000] {logging_mixin.py:188} INFO -  ⚠ Batch này không thu được dữ liệu nào.
[2026-01-11T03:05:44.166+0000] {datalake_df2csv.py:40} INFO - DataFrame rỗng, bỏ qua upload CSV.
[2026-01-11T03:05:44.167+0000] {taskinstance.py:441} INFO - ::group::Post task execution logs
[2026-01-11T03:05:44.184+0000] {taskinstance.py:1206} INFO - Marking task as SUCCESS. dag_id=thongtin_cty_bctc, task_id=ingest_bctc, run_id=scheduled__2026-01-04T00:00:00+00:00, map_index=18, execution_date=20260104T000000, start_date=20260111T030535, end_date=20260111T030544
[2026-01-11T03:05:44.257+0000] {local_task_job_runner.py:243} INFO - Task exited with return code 0
[2026-01-11T03:05:44.293+0000] {taskinstance.py:3503} INFO - 0 downstream tasks scheduled from follow-on schedule check
[2026-01-11T03:05:44.297+0000] {local_task_job_runner.py:222} INFO - ::endgroup::
