[2026-01-01T09:12:42.016+0000] {local_task_job_runner.py:120} INFO - ::group::Pre task execution logs
[2026-01-01T09:12:42.158+0000] {taskinstance.py:2076} INFO - Dependencies all met for dep_context=non-requeueable deps ti=<TaskInstance: thongtin_cty_bctc.ingest_bctc scheduled__2025-12-30T00:00:00+00:00 map_index=159 [queued]>
[2026-01-01T09:12:42.234+0000] {taskinstance.py:2076} INFO - Dependencies all met for dep_context=requeueable deps ti=<TaskInstance: thongtin_cty_bctc.ingest_bctc scheduled__2025-12-30T00:00:00+00:00 map_index=159 [queued]>
[2026-01-01T09:12:42.235+0000] {taskinstance.py:2306} INFO - Starting attempt 1 of 2
[2026-01-01T09:12:42.269+0000] {taskinstance.py:2330} INFO - Executing <Mapped(DfToCsvOperator): ingest_bctc> on 2025-12-30 00:00:00+00:00
[2026-01-01T09:12:42.301+0000] {warnings.py:112} WARNING - This process (pid=14584) is multi-threaded, use of fork() may lead to deadlocks in the child.

[2026-01-01T09:12:42.304+0000] {standard_task_runner.py:64} INFO - Started process 14648 to run task
[2026-01-01T09:12:42.316+0000] {standard_task_runner.py:90} INFO - Running: ['***', 'tasks', 'run', 'thongtin_cty_bctc', 'ingest_bctc', 'scheduled__2025-12-30T00:00:00+00:00', '--job-id', '4905', '--raw', '--subdir', 'DAGS_FOLDER/tt_cty_bctc.py', '--cfg-path', '/tmp/tmp6ftwf74x', '--map-index', '159']
[2026-01-01T09:12:42.320+0000] {standard_task_runner.py:91} INFO - Job 4905: Subtask ingest_bctc
[2026-01-01T09:12:42.431+0000] {task_command.py:426} INFO - Running <TaskInstance: thongtin_cty_bctc.ingest_bctc scheduled__2025-12-30T00:00:00+00:00 map_index=159 [running]> on host b455963a0603
[2026-01-01T09:12:42.600+0000] {taskinstance.py:2648} INFO - Exporting env vars: AIRFLOW_CTX_DAG_OWNER='***' AIRFLOW_CTX_DAG_ID='thongtin_cty_bctc' AIRFLOW_CTX_TASK_ID='ingest_bctc' AIRFLOW_CTX_EXECUTION_DATE='2025-12-30T00:00:00+00:00' AIRFLOW_CTX_TRY_NUMBER='1' AIRFLOW_CTX_DAG_RUN_ID='scheduled__2025-12-30T00:00:00+00:00'
[2026-01-01T09:12:42.602+0000] {taskinstance.py:430} INFO - ::endgroup::
[2026-01-01T09:12:42.629+0000] {logging_mixin.py:188} INFO - Bắt đầu xử lý batch 3 mã: ['SGS', 'SGR', 'SGP']
[2026-01-01T09:12:42.630+0000] {logging_mixin.py:188} INFO -  >> Đang lấy dữ liệu: SGS
[2026-01-01T09:12:45.895+0000] {logging_mixin.py:188} INFO -  >> Đang lấy dữ liệu: SGR
[2026-01-01T09:12:48.712+0000] {logging_mixin.py:188} INFO -  >> Đang lấy dữ liệu: SGP
[2026-01-01T09:12:52.075+0000] {logging_mixin.py:188} INFO -  ✓ Hoàn thành batch. Tổng số dòng: 11928
[2026-01-01T09:12:52.251+0000] {base.py:84} INFO - Using connection ID 'minio_finance' for task execution.
[2026-01-01T09:12:52.258+0000] {connection_wrapper.py:384} INFO - AWS Connection (conn_id='minio_finance', conn_type='aws') credentials retrieved from login and password.
[2026-01-01T09:12:53.090+0000] {datalake_df2csv.py:53} INFO - ✅ Đã upload 11928 dòng -> s3://thongtin-congty-va-bctc/bctc/2025-12-30/batch_159.csv
[2026-01-01T09:12:53.091+0000] {taskinstance.py:441} INFO - ::group::Post task execution logs
[2026-01-01T09:12:53.104+0000] {taskinstance.py:1206} INFO - Marking task as SUCCESS. dag_id=thongtin_cty_bctc, task_id=ingest_bctc, run_id=scheduled__2025-12-30T00:00:00+00:00, map_index=159, execution_date=20251230T000000, start_date=20260101T091242, end_date=20260101T091253
[2026-01-01T09:12:53.187+0000] {local_task_job_runner.py:243} INFO - Task exited with return code 0
[2026-01-01T09:12:53.198+0000] {local_task_job_runner.py:222} INFO - ::endgroup::
