[2026-01-12T13:33:05.578+0000] {local_task_job_runner.py:120} INFO - ::group::Pre task execution logs
[2026-01-12T13:33:05.600+0000] {taskinstance.py:2076} INFO - Dependencies all met for dep_context=non-requeueable deps ti=<TaskInstance: company_overview_to_minio.ingest_overview manual__2026-01-12T13:28:56.907705+00:00 map_index=54 [queued]>
[2026-01-12T13:33:05.613+0000] {taskinstance.py:2076} INFO - Dependencies all met for dep_context=requeueable deps ti=<TaskInstance: company_overview_to_minio.ingest_overview manual__2026-01-12T13:28:56.907705+00:00 map_index=54 [queued]>
[2026-01-12T13:33:05.613+0000] {taskinstance.py:2306} INFO - Starting attempt 1 of 2
[2026-01-12T13:33:05.629+0000] {taskinstance.py:2330} INFO - Executing <Mapped(DfToCsvOperator): ingest_overview> on 2026-01-12 13:28:56.907705+00:00
[2026-01-12T13:33:05.644+0000] {warnings.py:112} WARNING - This process (pid=1689) is multi-threaded, use of fork() may lead to deadlocks in the child.

[2026-01-12T13:33:05.645+0000] {standard_task_runner.py:64} INFO - Started process 1746 to run task
[2026-01-12T13:33:05.647+0000] {standard_task_runner.py:90} INFO - Running: ['***', 'tasks', 'run', 'company_overview_to_minio', 'ingest_overview', 'manual__2026-01-12T13:28:56.907705+00:00', '--job-id', '10833', '--raw', '--subdir', 'DAGS_FOLDER/company_overview_to_minio.py', '--cfg-path', '/tmp/tmp8y0um0aj', '--map-index', '54']
[2026-01-12T13:33:05.650+0000] {standard_task_runner.py:91} INFO - Job 10833: Subtask ingest_overview
[2026-01-12T13:33:05.704+0000] {task_command.py:426} INFO - Running <TaskInstance: company_overview_to_minio.ingest_overview manual__2026-01-12T13:28:56.907705+00:00 map_index=54 [running]> on host 5a20a797a43c
[2026-01-12T13:33:05.811+0000] {taskinstance.py:2648} INFO - Exporting env vars: AIRFLOW_CTX_DAG_OWNER='***' AIRFLOW_CTX_DAG_ID='company_overview_to_minio' AIRFLOW_CTX_TASK_ID='ingest_overview' AIRFLOW_CTX_EXECUTION_DATE='2026-01-12T13:28:56.907705+00:00' AIRFLOW_CTX_TRY_NUMBER='1' AIRFLOW_CTX_DAG_RUN_ID='manual__2026-01-12T13:28:56.907705+00:00'
[2026-01-12T13:33:05.812+0000] {taskinstance.py:430} INFO - ::endgroup::
[2026-01-12T13:33:07.238+0000] {warnings.py:112} WARNING - DataFrame.applymap has been deprecated. Use DataFrame.map instead.

[2026-01-12T13:33:08.399+0000] {warnings.py:112} WARNING - DataFrame.applymap has been deprecated. Use DataFrame.map instead.

[2026-01-12T13:33:09.695+0000] {warnings.py:112} WARNING - DataFrame.applymap has been deprecated. Use DataFrame.map instead.

[2026-01-12T13:33:15.059+0000] {logging_mixin.py:188} INFO - Err overview HPO: RetryError[<Future at 0x7fef37f4ede0 state=finished raised AttributeError>]
[2026-01-12T13:33:16.363+0000] {warnings.py:112} WARNING - DataFrame.applymap has been deprecated. Use DataFrame.map instead.

[2026-01-12T13:33:17.685+0000] {warnings.py:112} WARNING - DataFrame.applymap has been deprecated. Use DataFrame.map instead.

[2026-01-12T13:33:18.962+0000] {warnings.py:112} WARNING - DataFrame.applymap has been deprecated. Use DataFrame.map instead.

[2026-01-12T13:33:20.404+0000] {warnings.py:112} WARNING - DataFrame.applymap has been deprecated. Use DataFrame.map instead.

[2026-01-12T13:33:21.726+0000] {warnings.py:112} WARNING - DataFrame.applymap has been deprecated. Use DataFrame.map instead.

[2026-01-12T13:33:22.962+0000] {warnings.py:112} WARNING - DataFrame.applymap has been deprecated. Use DataFrame.map instead.

[2026-01-12T13:33:24.247+0000] {warnings.py:112} WARNING - DataFrame.applymap has been deprecated. Use DataFrame.map instead.

[2026-01-12T13:33:25.529+0000] {warnings.py:112} WARNING - DataFrame.applymap has been deprecated. Use DataFrame.map instead.

[2026-01-12T13:33:26.791+0000] {warnings.py:112} WARNING - DataFrame.applymap has been deprecated. Use DataFrame.map instead.

[2026-01-12T13:33:28.066+0000] {warnings.py:112} WARNING - DataFrame.applymap has been deprecated. Use DataFrame.map instead.

[2026-01-12T13:33:29.437+0000] {warnings.py:112} WARNING - DataFrame.applymap has been deprecated. Use DataFrame.map instead.

[2026-01-12T13:33:30.874+0000] {warnings.py:112} WARNING - DataFrame.applymap has been deprecated. Use DataFrame.map instead.

[2026-01-12T13:33:32.204+0000] {warnings.py:112} WARNING - DataFrame.applymap has been deprecated. Use DataFrame.map instead.

[2026-01-12T13:33:33.575+0000] {warnings.py:112} WARNING - DataFrame.applymap has been deprecated. Use DataFrame.map instead.

[2026-01-12T13:33:34.898+0000] {warnings.py:112} WARNING - DataFrame.applymap has been deprecated. Use DataFrame.map instead.

[2026-01-12T13:33:40.357+0000] {logging_mixin.py:188} INFO - Err overview HNE: RetryError[<Future at 0x7fef37f293a0 state=finished raised AttributeError>]
[2026-01-12T13:33:41.388+0000] {base.py:84} INFO - Using connection ID 'minio_finance' for task execution.
[2026-01-12T13:33:41.389+0000] {connection_wrapper.py:384} INFO - AWS Connection (conn_id='minio_finance', conn_type='aws') credentials retrieved from login and password.
[2026-01-12T13:33:41.857+0000] {datalake_df2csv.py:52} INFO - ✅ Đã upload 18 dòng -> s3://thongtin-congty-va-bctc/overview/date=2026-01-12/batch_54.csv
[2026-01-12T13:33:41.858+0000] {taskinstance.py:441} INFO - ::group::Post task execution logs
[2026-01-12T13:33:41.869+0000] {taskinstance.py:1206} INFO - Marking task as SUCCESS. dag_id=company_overview_to_minio, task_id=ingest_overview, run_id=manual__2026-01-12T13:28:56.907705+00:00, map_index=54, execution_date=20260112T132856, start_date=20260112T133305, end_date=20260112T133341
[2026-01-12T13:33:41.933+0000] {local_task_job_runner.py:243} INFO - Task exited with return code 0
[2026-01-12T13:33:41.962+0000] {taskinstance.py:3503} INFO - 0 downstream tasks scheduled from follow-on schedule check
[2026-01-12T13:33:41.965+0000] {local_task_job_runner.py:222} INFO - ::endgroup::
