[2026-01-12T14:21:05.334+0000] {local_task_job_runner.py:120} INFO - ::group::Pre task execution logs
[2026-01-12T14:21:05.347+0000] {taskinstance.py:2076} INFO - Dependencies all met for dep_context=non-requeueable deps ti=<TaskInstance: gold_oil_dowjone_etl.ingest_dowjones_index manual__2026-01-12T14:21:01.056995+00:00 [queued]>
[2026-01-12T14:21:05.354+0000] {taskinstance.py:2076} INFO - Dependencies all met for dep_context=requeueable deps ti=<TaskInstance: gold_oil_dowjone_etl.ingest_dowjones_index manual__2026-01-12T14:21:01.056995+00:00 [queued]>
[2026-01-12T14:21:05.355+0000] {taskinstance.py:2306} INFO - Starting attempt 1 of 2
[2026-01-12T14:21:05.367+0000] {taskinstance.py:2330} INFO - Executing <Task(DfToCsvOperator): ingest_dowjones_index> on 2026-01-12 14:21:01.056995+00:00
[2026-01-12T14:21:05.374+0000] {warnings.py:112} WARNING - This process (pid=5075) is multi-threaded, use of fork() may lead to deadlocks in the child.

[2026-01-12T14:21:05.376+0000] {standard_task_runner.py:64} INFO - Started process 5104 to run task
[2026-01-12T14:21:05.379+0000] {standard_task_runner.py:90} INFO - Running: ['***', 'tasks', 'run', 'gold_oil_dowjone_etl', 'ingest_dowjones_index', 'manual__2026-01-12T14:21:01.056995+00:00', '--job-id', '12682', '--raw', '--subdir', 'DAGS_FOLDER/gold_oil_dowjone_etl.py', '--cfg-path', '/tmp/tmphvcwpgmw']
[2026-01-12T14:21:05.382+0000] {standard_task_runner.py:91} INFO - Job 12682: Subtask ingest_dowjones_index
[2026-01-12T14:21:05.430+0000] {task_command.py:426} INFO - Running <TaskInstance: gold_oil_dowjone_etl.ingest_dowjones_index manual__2026-01-12T14:21:01.056995+00:00 [running]> on host 5a20a797a43c
[2026-01-12T14:21:05.525+0000] {taskinstance.py:2648} INFO - Exporting env vars: AIRFLOW_CTX_DAG_OWNER='***' AIRFLOW_CTX_DAG_ID='gold_oil_dowjone_etl' AIRFLOW_CTX_TASK_ID='ingest_dowjones_index' AIRFLOW_CTX_EXECUTION_DATE='2026-01-12T14:21:01.056995+00:00' AIRFLOW_CTX_TRY_NUMBER='1' AIRFLOW_CTX_DAG_RUN_ID='manual__2026-01-12T14:21:01.056995+00:00'
[2026-01-12T14:21:05.526+0000] {taskinstance.py:430} INFO - ::endgroup::
[2026-01-12T14:21:06.111+0000] {history.py:276} ERROR - $^DJI: possibly delisted; no price data found  (1d 2026-01-12 -> 2026-01-13)
[2026-01-12T14:21:06.112+0000] {logging_mixin.py:188} INFO - ⚠️ No Dow Jones index data found for period 2026-01-12 to 2026-01-13
[2026-01-12T14:21:06.114+0000] {datalake_df2csv.py:40} INFO - DataFrame rỗng, bỏ qua upload CSV.
[2026-01-12T14:21:06.115+0000] {taskinstance.py:441} INFO - ::group::Post task execution logs
[2026-01-12T14:21:06.125+0000] {taskinstance.py:1206} INFO - Marking task as SUCCESS. dag_id=gold_oil_dowjone_etl, task_id=ingest_dowjones_index, run_id=manual__2026-01-12T14:21:01.056995+00:00, execution_date=20260112T142101, start_date=20260112T142105, end_date=20260112T142106
[2026-01-12T14:21:06.152+0000] {local_task_job_runner.py:243} INFO - Task exited with return code 0
[2026-01-12T14:21:06.176+0000] {taskinstance.py:3503} INFO - 0 downstream tasks scheduled from follow-on schedule check
[2026-01-12T14:21:06.178+0000] {local_task_job_runner.py:222} INFO - ::endgroup::
