[2026-01-11T13:12:32.527+0000] {local_task_job_runner.py:120} INFO - ::group::Pre task execution logs
[2026-01-11T13:12:32.552+0000] {taskinstance.py:2076} INFO - Dependencies all met for dep_context=non-requeueable deps ti=<TaskInstance: company_overview_to_minio.ingest_overview manual__2026-01-11T12:56:17.061685+00:00 map_index=75 [queued]>
[2026-01-11T13:12:32.568+0000] {taskinstance.py:2076} INFO - Dependencies all met for dep_context=requeueable deps ti=<TaskInstance: company_overview_to_minio.ingest_overview manual__2026-01-11T12:56:17.061685+00:00 map_index=75 [queued]>
[2026-01-11T13:12:32.569+0000] {taskinstance.py:2306} INFO - Starting attempt 1 of 2
[2026-01-11T13:12:32.583+0000] {taskinstance.py:2330} INFO - Executing <Mapped(DfToCsvOperator): ingest_overview> on 2026-01-11 12:56:17.061685+00:00
[2026-01-11T13:12:32.596+0000] {warnings.py:112} WARNING - This process (pid=4161) is multi-threaded, use of fork() may lead to deadlocks in the child.

[2026-01-11T13:12:32.597+0000] {standard_task_runner.py:64} INFO - Started process 4200 to run task
[2026-01-11T13:12:32.600+0000] {standard_task_runner.py:90} INFO - Running: ['***', 'tasks', 'run', 'company_overview_to_minio', 'ingest_overview', 'manual__2026-01-11T12:56:17.061685+00:00', '--job-id', '10640', '--raw', '--subdir', 'DAGS_FOLDER/company_overview_to_minio.py', '--cfg-path', '/tmp/tmprwq9e3x2', '--map-index', '75']
[2026-01-11T13:12:32.602+0000] {standard_task_runner.py:91} INFO - Job 10640: Subtask ingest_overview
[2026-01-11T13:12:32.656+0000] {task_command.py:426} INFO - Running <TaskInstance: company_overview_to_minio.ingest_overview manual__2026-01-11T12:56:17.061685+00:00 map_index=75 [running]> on host 09a10a568fe6
[2026-01-11T13:12:32.793+0000] {taskinstance.py:2648} INFO - Exporting env vars: AIRFLOW_CTX_DAG_OWNER='***' AIRFLOW_CTX_DAG_ID='company_overview_to_minio' AIRFLOW_CTX_TASK_ID='ingest_overview' AIRFLOW_CTX_EXECUTION_DATE='2026-01-11T12:56:17.061685+00:00' AIRFLOW_CTX_TRY_NUMBER='1' AIRFLOW_CTX_DAG_RUN_ID='manual__2026-01-11T12:56:17.061685+00:00'
[2026-01-11T13:12:32.794+0000] {taskinstance.py:430} INFO - ::endgroup::
[2026-01-11T13:12:33.824+0000] {warnings.py:112} WARNING - DataFrame.applymap has been deprecated. Use DataFrame.map instead.

[2026-01-11T13:12:35.071+0000] {warnings.py:112} WARNING - DataFrame.applymap has been deprecated. Use DataFrame.map instead.

[2026-01-11T13:12:36.237+0000] {warnings.py:112} WARNING - DataFrame.applymap has been deprecated. Use DataFrame.map instead.

[2026-01-11T13:12:37.928+0000] {warnings.py:112} WARNING - DataFrame.applymap has been deprecated. Use DataFrame.map instead.

[2026-01-11T13:12:39.185+0000] {warnings.py:112} WARNING - DataFrame.applymap has been deprecated. Use DataFrame.map instead.

[2026-01-11T13:12:40.421+0000] {warnings.py:112} WARNING - DataFrame.applymap has been deprecated. Use DataFrame.map instead.

[2026-01-11T13:12:41.611+0000] {warnings.py:112} WARNING - DataFrame.applymap has been deprecated. Use DataFrame.map instead.

[2026-01-11T13:12:42.980+0000] {warnings.py:112} WARNING - DataFrame.applymap has been deprecated. Use DataFrame.map instead.

[2026-01-11T13:12:44.420+0000] {warnings.py:112} WARNING - DataFrame.applymap has been deprecated. Use DataFrame.map instead.

[2026-01-11T13:12:45.582+0000] {warnings.py:112} WARNING - DataFrame.applymap has been deprecated. Use DataFrame.map instead.

[2026-01-11T13:12:47.416+0000] {warnings.py:112} WARNING - DataFrame.applymap has been deprecated. Use DataFrame.map instead.

[2026-01-11T13:12:48.650+0000] {warnings.py:112} WARNING - DataFrame.applymap has been deprecated. Use DataFrame.map instead.

[2026-01-11T13:12:50.078+0000] {warnings.py:112} WARNING - DataFrame.applymap has been deprecated. Use DataFrame.map instead.

[2026-01-11T13:12:51.247+0000] {warnings.py:112} WARNING - DataFrame.applymap has been deprecated. Use DataFrame.map instead.

[2026-01-11T13:12:52.639+0000] {warnings.py:112} WARNING - DataFrame.applymap has been deprecated. Use DataFrame.map instead.

[2026-01-11T13:12:53.810+0000] {warnings.py:112} WARNING - DataFrame.applymap has been deprecated. Use DataFrame.map instead.

[2026-01-11T13:12:54.957+0000] {warnings.py:112} WARNING - DataFrame.applymap has been deprecated. Use DataFrame.map instead.

[2026-01-11T13:12:56.116+0000] {warnings.py:112} WARNING - DataFrame.applymap has been deprecated. Use DataFrame.map instead.

[2026-01-11T13:12:58.001+0000] {warnings.py:112} WARNING - DataFrame.applymap has been deprecated. Use DataFrame.map instead.

[2026-01-11T13:12:59.180+0000] {warnings.py:112} WARNING - DataFrame.applymap has been deprecated. Use DataFrame.map instead.

[2026-01-11T13:13:00.227+0000] {base.py:84} INFO - Using connection ID 'minio_finance' for task execution.
[2026-01-11T13:13:00.229+0000] {connection_wrapper.py:384} INFO - AWS Connection (conn_id='minio_finance', conn_type='aws') credentials retrieved from login and password.
[2026-01-11T13:13:00.608+0000] {datalake_df2csv.py:52} INFO - ✅ Đã upload 20 dòng -> s3://thongtin-congty-va-bctc/overview/date=2026-01-11/batch_75.csv
[2026-01-11T13:13:00.610+0000] {taskinstance.py:441} INFO - ::group::Post task execution logs
[2026-01-11T13:13:00.620+0000] {taskinstance.py:1206} INFO - Marking task as SUCCESS. dag_id=company_overview_to_minio, task_id=ingest_overview, run_id=manual__2026-01-11T12:56:17.061685+00:00, map_index=75, execution_date=20260111T125617, start_date=20260111T131232, end_date=20260111T131300
[2026-01-11T13:13:00.670+0000] {local_task_job_runner.py:243} INFO - Task exited with return code 0
[2026-01-11T13:13:00.700+0000] {taskinstance.py:3503} INFO - 0 downstream tasks scheduled from follow-on schedule check
[2026-01-11T13:13:00.702+0000] {local_task_job_runner.py:222} INFO - ::endgroup::
