[2026-01-01T03:05:16.754+0000] {local_task_job_runner.py:120} INFO - ::group::Pre task execution logs
[2026-01-01T03:05:16.802+0000] {taskinstance.py:2076} INFO - Dependencies all met for dep_context=non-requeueable deps ti=<TaskInstance: thongtin_cty_bctc.ingest_overview manual__2026-01-01T02:50:50+00:00 map_index=25 [queued]>
[2026-01-01T03:05:16.842+0000] {taskinstance.py:2076} INFO - Dependencies all met for dep_context=requeueable deps ti=<TaskInstance: thongtin_cty_bctc.ingest_overview manual__2026-01-01T02:50:50+00:00 map_index=25 [queued]>
[2026-01-01T03:05:16.843+0000] {taskinstance.py:2306} INFO - Starting attempt 1 of 2
[2026-01-01T03:05:16.912+0000] {taskinstance.py:2330} INFO - Executing <Mapped(DfToCsvOperator): ingest_overview> on 2026-01-01 02:50:50+00:00
[2026-01-01T03:05:16.931+0000] {warnings.py:112} WARNING - This process (pid=29039) is multi-threaded, use of fork() may lead to deadlocks in the child.

[2026-01-01T03:05:16.933+0000] {standard_task_runner.py:64} INFO - Started process 29169 to run task
[2026-01-01T03:05:16.938+0000] {standard_task_runner.py:90} INFO - Running: ['***', 'tasks', 'run', 'thongtin_cty_bctc', 'ingest_overview', 'manual__2026-01-01T02:50:50+00:00', '--job-id', '3147', '--raw', '--subdir', 'DAGS_FOLDER/tt_cty_bctc.py', '--cfg-path', '/tmp/tmpgayl_i3f', '--map-index', '25']
[2026-01-01T03:05:16.943+0000] {standard_task_runner.py:91} INFO - Job 3147: Subtask ingest_overview
[2026-01-01T03:05:17.042+0000] {task_command.py:426} INFO - Running <TaskInstance: thongtin_cty_bctc.ingest_overview manual__2026-01-01T02:50:50+00:00 map_index=25 [running]> on host 43b0a0f7606b
[2026-01-01T03:05:17.226+0000] {taskinstance.py:2648} INFO - Exporting env vars: AIRFLOW_CTX_DAG_OWNER='***' AIRFLOW_CTX_DAG_ID='thongtin_cty_bctc' AIRFLOW_CTX_TASK_ID='ingest_overview' AIRFLOW_CTX_EXECUTION_DATE='2026-01-01T02:50:50+00:00' AIRFLOW_CTX_TRY_NUMBER='1' AIRFLOW_CTX_DAG_RUN_ID='manual__2026-01-01T02:50:50+00:00'
[2026-01-01T03:05:17.228+0000] {taskinstance.py:430} INFO - ::endgroup::
[2026-01-01T03:05:17.384+0000] {logging_mixin.py:188} INFO - Err overview VHC: Failed to fetch data: 429 - Too Many Requests
[2026-01-01T03:05:18.538+0000] {logging_mixin.py:188} INFO - Err overview DBC: Failed to fetch data: 429 - Too Many Requests
[2026-01-01T03:05:19.691+0000] {logging_mixin.py:188} INFO - Err overview MML: Failed to fetch data: 429 - Too Many Requests
[2026-01-01T03:05:20.698+0000] {datalake_df2csv.py:40} INFO - DataFrame rỗng, bỏ qua upload CSV.
[2026-01-01T03:05:20.699+0000] {taskinstance.py:441} INFO - ::group::Post task execution logs
[2026-01-01T03:05:20.719+0000] {taskinstance.py:1206} INFO - Marking task as SUCCESS. dag_id=thongtin_cty_bctc, task_id=ingest_overview, run_id=manual__2026-01-01T02:50:50+00:00, map_index=25, execution_date=20260101T025050, start_date=20260101T030516, end_date=20260101T030520
[2026-01-01T03:05:20.793+0000] {local_task_job_runner.py:243} INFO - Task exited with return code 0
[2026-01-01T03:05:20.902+0000] {taskinstance.py:3503} INFO - 0 downstream tasks scheduled from follow-on schedule check
[2026-01-01T03:05:20.906+0000] {local_task_job_runner.py:222} INFO - ::endgroup::
