[2026-01-10T15:13:49.148+0000] {local_task_job_runner.py:120} INFO - ::group::Pre task execution logs
[2026-01-10T15:13:49.451+0000] {taskinstance.py:2076} INFO - Dependencies all met for dep_context=non-requeueable deps ti=<TaskInstance: thongtin_cty_bctc.ingest_overview scheduled__2025-12-30T00:00:00+00:00 map_index=385 [queued]>
[2026-01-10T15:13:49.554+0000] {taskinstance.py:2076} INFO - Dependencies all met for dep_context=requeueable deps ti=<TaskInstance: thongtin_cty_bctc.ingest_overview scheduled__2025-12-30T00:00:00+00:00 map_index=385 [queued]>
[2026-01-10T15:13:49.554+0000] {taskinstance.py:2306} INFO - Starting attempt 1 of 2
[2026-01-10T15:13:49.579+0000] {taskinstance.py:2330} INFO - Executing <Mapped(DfToCsvOperator): ingest_overview> on 2025-12-30 00:00:00+00:00
[2026-01-10T15:13:49.593+0000] {warnings.py:112} WARNING - This process (pid=7528) is multi-threaded, use of fork() may lead to deadlocks in the child.

[2026-01-10T15:13:49.595+0000] {standard_task_runner.py:64} INFO - Started process 7581 to run task
[2026-01-10T15:13:49.598+0000] {standard_task_runner.py:90} INFO - Running: ['***', 'tasks', 'run', 'thongtin_cty_bctc', 'ingest_overview', 'scheduled__2025-12-30T00:00:00+00:00', '--job-id', '9257', '--raw', '--subdir', 'DAGS_FOLDER/tt_cty_bctc.py', '--cfg-path', '/tmp/tmpaq8zci0c', '--map-index', '385']
[2026-01-10T15:13:49.600+0000] {standard_task_runner.py:91} INFO - Job 9257: Subtask ingest_overview
[2026-01-10T15:13:49.671+0000] {task_command.py:426} INFO - Running <TaskInstance: thongtin_cty_bctc.ingest_overview scheduled__2025-12-30T00:00:00+00:00 map_index=385 [running]> on host c44bcb92a951
[2026-01-10T15:13:49.797+0000] {taskinstance.py:2648} INFO - Exporting env vars: AIRFLOW_CTX_DAG_OWNER='***' AIRFLOW_CTX_DAG_ID='thongtin_cty_bctc' AIRFLOW_CTX_TASK_ID='ingest_overview' AIRFLOW_CTX_EXECUTION_DATE='2025-12-30T00:00:00+00:00' AIRFLOW_CTX_TRY_NUMBER='1' AIRFLOW_CTX_DAG_RUN_ID='scheduled__2025-12-30T00:00:00+00:00'
[2026-01-10T15:13:49.799+0000] {taskinstance.py:430} INFO - ::endgroup::
[2026-01-10T15:13:53.967+0000] {logging_mixin.py:188} INFO - Err overview HDO: RetryError[<Future at 0x7f1806094110 state=finished raised AttributeError>]
[2026-01-10T15:13:55.152+0000] {warnings.py:112} WARNING - DataFrame.applymap has been deprecated. Use DataFrame.map instead.

[2026-01-10T15:13:57.307+0000] {warnings.py:112} WARNING - DataFrame.applymap has been deprecated. Use DataFrame.map instead.

[2026-01-10T15:13:58.328+0000] {base.py:84} INFO - Using connection ID 'minio_finance' for task execution.
[2026-01-10T15:13:58.329+0000] {connection_wrapper.py:384} INFO - AWS Connection (conn_id='minio_finance', conn_type='aws') credentials retrieved from login and password.
[2026-01-10T15:13:58.774+0000] {datalake_df2csv.py:52} INFO - ✅ Đã upload 2 dòng -> s3://thongtin-congty-va-bctc/overview/2025-12-30/batch_385.csv
[2026-01-10T15:13:58.775+0000] {taskinstance.py:441} INFO - ::group::Post task execution logs
[2026-01-10T15:13:58.791+0000] {taskinstance.py:1206} INFO - Marking task as SUCCESS. dag_id=thongtin_cty_bctc, task_id=ingest_overview, run_id=scheduled__2025-12-30T00:00:00+00:00, map_index=385, execution_date=20251230T000000, start_date=20260110T151349, end_date=20260110T151358
[2026-01-10T15:13:58.890+0000] {local_task_job_runner.py:243} INFO - Task exited with return code 0
[2026-01-10T15:13:58.943+0000] {taskinstance.py:3503} INFO - 0 downstream tasks scheduled from follow-on schedule check
[2026-01-10T15:13:58.946+0000] {local_task_job_runner.py:222} INFO - ::endgroup::
