[2026-01-01T02:11:13.132+0000] {local_task_job_runner.py:120} INFO - ::group::Pre task execution logs
[2026-01-01T02:11:13.240+0000] {taskinstance.py:2076} INFO - Dependencies all met for dep_context=non-requeueable deps ti=<TaskInstance: thongtin_cty_bctc.ingest_overview scheduled__2025-12-31T00:00:00+00:00 map_index=56 [queued]>
[2026-01-01T02:11:13.318+0000] {taskinstance.py:2076} INFO - Dependencies all met for dep_context=requeueable deps ti=<TaskInstance: thongtin_cty_bctc.ingest_overview scheduled__2025-12-31T00:00:00+00:00 map_index=56 [queued]>
[2026-01-01T02:11:13.322+0000] {taskinstance.py:2306} INFO - Starting attempt 1 of 2
[2026-01-01T02:11:13.459+0000] {taskinstance.py:2330} INFO - Executing <Mapped(DfToCsvOperator): ingest_overview> on 2025-12-31 00:00:00+00:00
[2026-01-01T02:11:13.515+0000] {warnings.py:112} WARNING - This process (pid=1910) is multi-threaded, use of fork() may lead to deadlocks in the child.

[2026-01-01T02:11:13.540+0000] {standard_task_runner.py:64} INFO - Started process 2015 to run task
[2026-01-01T02:11:13.534+0000] {standard_task_runner.py:90} INFO - Running: ['***', 'tasks', 'run', 'thongtin_cty_bctc', 'ingest_overview', 'scheduled__2025-12-31T00:00:00+00:00', '--job-id', '737', '--raw', '--subdir', 'DAGS_FOLDER/tt_cty_bctc.py', '--cfg-path', '/tmp/tmpe2ub3l3x', '--map-index', '56']
[2026-01-01T02:11:13.552+0000] {standard_task_runner.py:91} INFO - Job 737: Subtask ingest_overview
[2026-01-01T02:11:13.808+0000] {task_command.py:426} INFO - Running <TaskInstance: thongtin_cty_bctc.ingest_overview scheduled__2025-12-31T00:00:00+00:00 map_index=56 [running]> on host 43b0a0f7606b
[2026-01-01T02:11:14.202+0000] {taskinstance.py:2648} INFO - Exporting env vars: AIRFLOW_CTX_DAG_OWNER='***' AIRFLOW_CTX_DAG_ID='thongtin_cty_bctc' AIRFLOW_CTX_TASK_ID='ingest_overview' AIRFLOW_CTX_EXECUTION_DATE='2025-12-31T00:00:00+00:00' AIRFLOW_CTX_TRY_NUMBER='1' AIRFLOW_CTX_DAG_RUN_ID='scheduled__2025-12-31T00:00:00+00:00'
[2026-01-01T02:11:14.205+0000] {taskinstance.py:430} INFO - ::endgroup::
[2026-01-01T02:11:14.382+0000] {logging_mixin.py:188} INFO - Err overview TOP: Failed to fetch data: 429 - Too Many Requests
[2026-01-01T02:11:14.509+0000] {logging_mixin.py:188} INFO - Err overview TNW: Failed to fetch data: 429 - Too Many Requests
[2026-01-01T02:11:14.625+0000] {logging_mixin.py:188} INFO - Err overview TNV: Failed to fetch data: 429 - Too Many Requests
[2026-01-01T02:11:14.755+0000] {logging_mixin.py:188} INFO - Err overview TNT: Failed to fetch data: 429 - Too Many Requests
[2026-01-01T02:11:14.895+0000] {logging_mixin.py:188} INFO - Err overview TNS: Failed to fetch data: 429 - Too Many Requests
[2026-01-01T02:11:14.908+0000] {datalake_df2csv.py:40} INFO - DataFrame rỗng, bỏ qua upload CSV.
[2026-01-01T02:11:14.908+0000] {taskinstance.py:441} INFO - ::group::Post task execution logs
[2026-01-01T02:11:14.927+0000] {taskinstance.py:1206} INFO - Marking task as SUCCESS. dag_id=thongtin_cty_bctc, task_id=ingest_overview, run_id=scheduled__2025-12-31T00:00:00+00:00, map_index=56, execution_date=20251231T000000, start_date=20260101T021113, end_date=20260101T021114
[2026-01-01T02:11:15.030+0000] {local_task_job_runner.py:243} INFO - Task exited with return code 0
[2026-01-01T02:11:15.063+0000] {taskinstance.py:3503} INFO - 0 downstream tasks scheduled from follow-on schedule check
[2026-01-01T02:11:15.079+0000] {local_task_job_runner.py:222} INFO - ::endgroup::
