[2026-01-01T02:34:49.908+0000] {local_task_job_runner.py:120} INFO - ::group::Pre task execution logs
[2026-01-01T02:34:49.986+0000] {taskinstance.py:2076} INFO - Dependencies all met for dep_context=non-requeueable deps ti=<TaskInstance: thongtin_cty_bctc.ingest_bctc scheduled__2025-12-30T00:00:00+00:00 map_index=20 [queued]>
[2026-01-01T02:34:50.032+0000] {taskinstance.py:2076} INFO - Dependencies all met for dep_context=requeueable deps ti=<TaskInstance: thongtin_cty_bctc.ingest_bctc scheduled__2025-12-30T00:00:00+00:00 map_index=20 [queued]>
[2026-01-01T02:34:50.033+0000] {taskinstance.py:2306} INFO - Starting attempt 2 of 3
[2026-01-01T02:34:50.130+0000] {taskinstance.py:2330} INFO - Executing <Mapped(DfToCsvOperator): ingest_bctc> on 2025-12-30 00:00:00+00:00
[2026-01-01T02:34:50.144+0000] {warnings.py:112} WARNING - This process (pid=15093) is multi-threaded, use of fork() may lead to deadlocks in the child.

[2026-01-01T02:34:50.160+0000] {standard_task_runner.py:64} INFO - Started process 15255 to run task
[2026-01-01T02:34:50.155+0000] {standard_task_runner.py:90} INFO - Running: ['***', 'tasks', 'run', 'thongtin_cty_bctc', 'ingest_bctc', 'scheduled__2025-12-30T00:00:00+00:00', '--job-id', '1910', '--raw', '--subdir', 'DAGS_FOLDER/tt_cty_bctc.py', '--cfg-path', '/tmp/tmpwic6zn8w', '--map-index', '20']
[2026-01-01T02:34:50.163+0000] {standard_task_runner.py:91} INFO - Job 1910: Subtask ingest_bctc
[2026-01-01T02:34:50.303+0000] {task_command.py:426} INFO - Running <TaskInstance: thongtin_cty_bctc.ingest_bctc scheduled__2025-12-30T00:00:00+00:00 map_index=20 [running]> on host 43b0a0f7606b
[2026-01-01T02:34:50.596+0000] {taskinstance.py:2648} INFO - Exporting env vars: AIRFLOW_CTX_DAG_OWNER='***' AIRFLOW_CTX_DAG_ID='thongtin_cty_bctc' AIRFLOW_CTX_TASK_ID='ingest_bctc' AIRFLOW_CTX_EXECUTION_DATE='2025-12-30T00:00:00+00:00' AIRFLOW_CTX_TRY_NUMBER='2' AIRFLOW_CTX_DAG_RUN_ID='scheduled__2025-12-30T00:00:00+00:00'
[2026-01-01T02:34:50.598+0000] {taskinstance.py:430} INFO - ::endgroup::
[2026-01-01T02:34:50.627+0000] {logging_mixin.py:188} INFO - Bắt đầu xử lý batch 20 mã: ['SVD', 'SVC', 'STW', 'STT', 'STS', 'STP', 'STL', 'STK', 'STH', 'STG', 'STC', 'STB', 'ST8', 'SSU', 'SSN', 'SSM', 'SSI', 'SSH', 'SSG', 'SSF']
[2026-01-01T02:34:50.628+0000] {logging_mixin.py:188} INFO -  >> Đang lấy dữ liệu: SVD
[2026-01-01T02:34:50.791+0000] {logging_mixin.py:188} INFO -  Lỗi xử lý mã SVD: Failed to fetch data: 429 - Too Many Requests
[2026-01-01T02:34:50.796+0000] {logging_mixin.py:188} INFO -  >> Đang lấy dữ liệu: SVC
[2026-01-01T02:34:50.978+0000] {logging_mixin.py:188} INFO -  Lỗi xử lý mã SVC: Failed to fetch data: 429 - Too Many Requests
[2026-01-01T02:34:50.997+0000] {logging_mixin.py:188} INFO -  >> Đang lấy dữ liệu: STW
[2026-01-01T02:34:51.147+0000] {logging_mixin.py:188} INFO -  Lỗi xử lý mã STW: Failed to fetch data: 429 - Too Many Requests
[2026-01-01T02:34:51.148+0000] {logging_mixin.py:188} INFO -  >> Đang lấy dữ liệu: STT
[2026-01-01T02:34:51.315+0000] {logging_mixin.py:188} INFO -  Lỗi xử lý mã STT: Failed to fetch data: 429 - Too Many Requests
[2026-01-01T02:34:51.316+0000] {logging_mixin.py:188} INFO -  >> Đang lấy dữ liệu: STS
[2026-01-01T02:34:51.469+0000] {logging_mixin.py:188} INFO -  Lỗi xử lý mã STS: Failed to fetch data: 429 - Too Many Requests
[2026-01-01T02:34:51.473+0000] {logging_mixin.py:188} INFO -  >> Đang lấy dữ liệu: STP
[2026-01-01T02:34:51.696+0000] {logging_mixin.py:188} INFO -  Lỗi xử lý mã STP: Failed to fetch data: 429 - Too Many Requests
[2026-01-01T02:34:51.698+0000] {logging_mixin.py:188} INFO -  >> Đang lấy dữ liệu: STL
[2026-01-01T02:34:51.899+0000] {logging_mixin.py:188} INFO -  Lỗi xử lý mã STL: Failed to fetch data: 429 - Too Many Requests
[2026-01-01T02:34:51.901+0000] {logging_mixin.py:188} INFO -  >> Đang lấy dữ liệu: STK
[2026-01-01T02:34:52.073+0000] {logging_mixin.py:188} INFO -  Lỗi xử lý mã STK: Failed to fetch data: 429 - Too Many Requests
[2026-01-01T02:34:52.074+0000] {logging_mixin.py:188} INFO -  >> Đang lấy dữ liệu: STH
[2026-01-01T02:34:52.217+0000] {logging_mixin.py:188} INFO -  Lỗi xử lý mã STH: Failed to fetch data: 429 - Too Many Requests
[2026-01-01T02:34:52.219+0000] {logging_mixin.py:188} INFO -  >> Đang lấy dữ liệu: STG
[2026-01-01T02:34:52.404+0000] {logging_mixin.py:188} INFO -  Lỗi xử lý mã STG: Failed to fetch data: 429 - Too Many Requests
[2026-01-01T02:34:52.406+0000] {logging_mixin.py:188} INFO -  >> Đang lấy dữ liệu: STC
[2026-01-01T02:34:52.614+0000] {logging_mixin.py:188} INFO -  Lỗi xử lý mã STC: Failed to fetch data: 429 - Too Many Requests
[2026-01-01T02:34:52.618+0000] {logging_mixin.py:188} INFO -  >> Đang lấy dữ liệu: STB
[2026-01-01T02:34:52.800+0000] {logging_mixin.py:188} INFO -  Lỗi xử lý mã STB: Failed to fetch data: 429 - Too Many Requests
[2026-01-01T02:34:52.801+0000] {logging_mixin.py:188} INFO -  >> Đang lấy dữ liệu: ST8
[2026-01-01T02:34:52.947+0000] {logging_mixin.py:188} INFO -  Lỗi xử lý mã ST8: Failed to fetch data: 429 - Too Many Requests
[2026-01-01T02:34:52.948+0000] {logging_mixin.py:188} INFO -  >> Đang lấy dữ liệu: SSU
[2026-01-01T02:34:53.089+0000] {logging_mixin.py:188} INFO -  Lỗi xử lý mã SSU: Failed to fetch data: 429 - Too Many Requests
[2026-01-01T02:34:53.090+0000] {logging_mixin.py:188} INFO -  >> Đang lấy dữ liệu: SSN
[2026-01-01T02:34:53.258+0000] {logging_mixin.py:188} INFO -  Lỗi xử lý mã SSN: Failed to fetch data: 429 - Too Many Requests
[2026-01-01T02:34:53.260+0000] {logging_mixin.py:188} INFO -  >> Đang lấy dữ liệu: SSM
[2026-01-01T02:34:53.426+0000] {logging_mixin.py:188} INFO -  Lỗi xử lý mã SSM: Failed to fetch data: 429 - Too Many Requests
[2026-01-01T02:34:53.427+0000] {logging_mixin.py:188} INFO -  >> Đang lấy dữ liệu: SSI
[2026-01-01T02:34:53.558+0000] {logging_mixin.py:188} INFO -  Lỗi xử lý mã SSI: Failed to fetch data: 429 - Too Many Requests
[2026-01-01T02:34:53.559+0000] {logging_mixin.py:188} INFO -  >> Đang lấy dữ liệu: SSH
[2026-01-01T02:34:53.682+0000] {logging_mixin.py:188} INFO -  Lỗi xử lý mã SSH: Failed to fetch data: 429 - Too Many Requests
[2026-01-01T02:34:53.683+0000] {logging_mixin.py:188} INFO -  >> Đang lấy dữ liệu: SSG
[2026-01-01T02:34:53.822+0000] {logging_mixin.py:188} INFO -  Lỗi xử lý mã SSG: Failed to fetch data: 429 - Too Many Requests
[2026-01-01T02:34:53.824+0000] {logging_mixin.py:188} INFO -  >> Đang lấy dữ liệu: SSF
[2026-01-01T02:34:53.977+0000] {logging_mixin.py:188} INFO -  Lỗi xử lý mã SSF: Failed to fetch data: 429 - Too Many Requests
[2026-01-01T02:34:53.978+0000] {logging_mixin.py:188} INFO -  ⚠ Batch này không thu được dữ liệu nào.
[2026-01-01T02:34:53.984+0000] {datalake_df2csv.py:40} INFO - DataFrame rỗng, bỏ qua upload CSV.
[2026-01-01T02:34:53.985+0000] {taskinstance.py:441} INFO - ::group::Post task execution logs
[2026-01-01T02:34:54.001+0000] {taskinstance.py:1206} INFO - Marking task as SUCCESS. dag_id=thongtin_cty_bctc, task_id=ingest_bctc, run_id=scheduled__2025-12-30T00:00:00+00:00, map_index=20, execution_date=20251230T000000, start_date=20260101T023449, end_date=20260101T023454
[2026-01-01T02:34:54.049+0000] {local_task_job_runner.py:243} INFO - Task exited with return code 0
[2026-01-01T02:34:54.076+0000] {taskinstance.py:3503} INFO - 0 downstream tasks scheduled from follow-on schedule check
[2026-01-01T02:34:54.079+0000] {local_task_job_runner.py:222} INFO - ::endgroup::
