[2026-01-01T02:58:39.740+0000] {local_task_job_runner.py:120} INFO - ::group::Pre task execution logs
[2026-01-01T02:58:39.818+0000] {taskinstance.py:2076} INFO - Dependencies all met for dep_context=non-requeueable deps ti=<TaskInstance: thongtin_cty_bctc.ingest_bctc scheduled__2025-12-30T00:00:00+00:00 map_index=20 [queued]>
[2026-01-01T02:58:39.870+0000] {taskinstance.py:2076} INFO - Dependencies all met for dep_context=requeueable deps ti=<TaskInstance: thongtin_cty_bctc.ingest_bctc scheduled__2025-12-30T00:00:00+00:00 map_index=20 [queued]>
[2026-01-01T02:58:39.871+0000] {taskinstance.py:2306} INFO - Starting attempt 3 of 4
[2026-01-01T02:58:39.938+0000] {taskinstance.py:2330} INFO - Executing <Mapped(DfToCsvOperator): ingest_bctc> on 2025-12-30 00:00:00+00:00
[2026-01-01T02:58:40.020+0000] {standard_task_runner.py:90} INFO - Running: ['***', 'tasks', 'run', 'thongtin_cty_bctc', 'ingest_bctc', 'scheduled__2025-12-30T00:00:00+00:00', '--job-id', '2413', '--raw', '--subdir', 'DAGS_FOLDER/tt_cty_bctc.py', '--cfg-path', '/tmp/tmpy4d3y5mj', '--map-index', '20']
[2026-01-01T02:58:40.031+0000] {standard_task_runner.py:91} INFO - Job 2413: Subtask ingest_bctc
[2026-01-01T02:58:40.016+0000] {warnings.py:112} WARNING - This process (pid=20921) is multi-threaded, use of fork() may lead to deadlocks in the child.

[2026-01-01T02:58:40.033+0000] {standard_task_runner.py:64} INFO - Started process 21030 to run task
[2026-01-01T02:58:40.260+0000] {task_command.py:426} INFO - Running <TaskInstance: thongtin_cty_bctc.ingest_bctc scheduled__2025-12-30T00:00:00+00:00 map_index=20 [running]> on host 43b0a0f7606b
[2026-01-01T02:58:40.544+0000] {taskinstance.py:2648} INFO - Exporting env vars: AIRFLOW_CTX_DAG_OWNER='***' AIRFLOW_CTX_DAG_ID='thongtin_cty_bctc' AIRFLOW_CTX_TASK_ID='ingest_bctc' AIRFLOW_CTX_EXECUTION_DATE='2025-12-30T00:00:00+00:00' AIRFLOW_CTX_TRY_NUMBER='3' AIRFLOW_CTX_DAG_RUN_ID='scheduled__2025-12-30T00:00:00+00:00'
[2026-01-01T02:58:40.565+0000] {taskinstance.py:430} INFO - ::endgroup::
[2026-01-01T02:58:40.712+0000] {logging_mixin.py:188} INFO - Bắt đầu xử lý batch 3 mã: ['BCG', 'FCN', 'HAH']
[2026-01-01T02:58:40.716+0000] {logging_mixin.py:188} INFO -  >> Đang lấy dữ liệu: BCG
[2026-01-01T02:58:40.967+0000] {logging_mixin.py:188} INFO -  Lỗi xử lý mã BCG: Failed to fetch data: 429 - Too Many Requests
[2026-01-01T02:58:40.977+0000] {logging_mixin.py:188} INFO -  >> Đang lấy dữ liệu: FCN
[2026-01-01T02:58:41.274+0000] {logging_mixin.py:188} INFO -  Lỗi xử lý mã FCN: Failed to fetch data: 429 - Too Many Requests
[2026-01-01T02:58:41.283+0000] {logging_mixin.py:188} INFO -  >> Đang lấy dữ liệu: HAH
[2026-01-01T02:58:41.458+0000] {logging_mixin.py:188} INFO -  Lỗi xử lý mã HAH: Failed to fetch data: 429 - Too Many Requests
[2026-01-01T02:58:41.460+0000] {logging_mixin.py:188} INFO -  ⚠ Batch này không thu được dữ liệu nào.
[2026-01-01T02:58:41.466+0000] {datalake_df2csv.py:40} INFO - DataFrame rỗng, bỏ qua upload CSV.
[2026-01-01T02:58:41.467+0000] {taskinstance.py:441} INFO - ::group::Post task execution logs
[2026-01-01T02:58:41.493+0000] {taskinstance.py:1206} INFO - Marking task as SUCCESS. dag_id=thongtin_cty_bctc, task_id=ingest_bctc, run_id=scheduled__2025-12-30T00:00:00+00:00, map_index=20, execution_date=20251230T000000, start_date=20260101T025839, end_date=20260101T025841
[2026-01-01T02:58:41.591+0000] {local_task_job_runner.py:243} INFO - Task exited with return code 0
[2026-01-01T02:58:41.641+0000] {taskinstance.py:3503} INFO - 0 downstream tasks scheduled from follow-on schedule check
[2026-01-01T02:58:41.671+0000] {local_task_job_runner.py:222} INFO - ::endgroup::
