[2025-12-31T14:35:40.500+0000] {local_task_job_runner.py:120} INFO - ::group::Pre task execution logs
[2025-12-31T14:35:40.544+0000] {taskinstance.py:2076} INFO - Dependencies all met for dep_context=non-requeueable deps ti=<TaskInstance: thongtin_cty_bctc.ingest_bctc scheduled__2025-12-30T00:00:00+00:00 map_index=20 [queued]>
[2025-12-31T14:35:40.567+0000] {taskinstance.py:2076} INFO - Dependencies all met for dep_context=requeueable deps ti=<TaskInstance: thongtin_cty_bctc.ingest_bctc scheduled__2025-12-30T00:00:00+00:00 map_index=20 [queued]>
[2025-12-31T14:35:40.569+0000] {taskinstance.py:2306} INFO - Starting attempt 1 of 2
[2025-12-31T14:35:40.599+0000] {taskinstance.py:2330} INFO - Executing <Mapped(DfToCsvOperator): ingest_bctc> on 2025-12-30 00:00:00+00:00
[2025-12-31T14:35:40.612+0000] {warnings.py:112} WARNING - This process (pid=1284) is multi-threaded, use of fork() may lead to deadlocks in the child.

[2025-12-31T14:35:40.615+0000] {standard_task_runner.py:64} INFO - Started process 1336 to run task
[2025-12-31T14:35:40.617+0000] {standard_task_runner.py:90} INFO - Running: ['***', 'tasks', 'run', 'thongtin_cty_bctc', 'ingest_bctc', 'scheduled__2025-12-30T00:00:00+00:00', '--job-id', '68', '--raw', '--subdir', 'DAGS_FOLDER/tt_cty_bctc.py', '--cfg-path', '/tmp/tmp6mql118v', '--map-index', '20']
[2025-12-31T14:35:40.619+0000] {standard_task_runner.py:91} INFO - Job 68: Subtask ingest_bctc
[2025-12-31T14:35:40.699+0000] {task_command.py:426} INFO - Running <TaskInstance: thongtin_cty_bctc.ingest_bctc scheduled__2025-12-30T00:00:00+00:00 map_index=20 [running]> on host 8bc7f11ea9a4
[2025-12-31T14:35:40.858+0000] {taskinstance.py:2648} INFO - Exporting env vars: AIRFLOW_CTX_DAG_OWNER='***' AIRFLOW_CTX_DAG_ID='thongtin_cty_bctc' AIRFLOW_CTX_TASK_ID='ingest_bctc' AIRFLOW_CTX_EXECUTION_DATE='2025-12-30T00:00:00+00:00' AIRFLOW_CTX_TRY_NUMBER='1' AIRFLOW_CTX_DAG_RUN_ID='scheduled__2025-12-30T00:00:00+00:00'
[2025-12-31T14:35:40.860+0000] {taskinstance.py:430} INFO - ::endgroup::
[2025-12-31T14:35:40.872+0000] {logging_mixin.py:188} INFO - Bắt đầu xử lý batch 20 mã: ['SVD', 'SVC', 'STW', 'STT', 'STS', 'STP', 'STL', 'STK', 'STH', 'STG', 'STC', 'STB', 'ST8', 'SSU', 'SSN', 'SSM', 'SSI', 'SSH', 'SSG', 'SSF']
[2025-12-31T14:35:40.873+0000] {logging_mixin.py:188} INFO -  >> Đang lấy dữ liệu: SVD
[2025-12-31T14:35:41.172+0000] {logging_mixin.py:188} INFO -  Lỗi xử lý mã SVD: Failed to fetch data: 429 - Too Many Requests
[2025-12-31T14:35:41.173+0000] {logging_mixin.py:188} INFO -  >> Đang lấy dữ liệu: SVC
[2025-12-31T14:35:41.373+0000] {logging_mixin.py:188} INFO -  Lỗi xử lý mã SVC: Failed to fetch data: 429 - Too Many Requests
[2025-12-31T14:35:41.374+0000] {logging_mixin.py:188} INFO -  >> Đang lấy dữ liệu: STW
[2025-12-31T14:35:41.955+0000] {logging_mixin.py:188} INFO -  Lỗi xử lý mã STW: Failed to fetch data: 429 - Too Many Requests
[2025-12-31T14:35:41.956+0000] {logging_mixin.py:188} INFO -  >> Đang lấy dữ liệu: STT
[2025-12-31T14:35:42.282+0000] {logging_mixin.py:188} INFO -  Lỗi xử lý mã STT: Failed to fetch data: 429 - Too Many Requests
[2025-12-31T14:35:42.284+0000] {logging_mixin.py:188} INFO -  >> Đang lấy dữ liệu: STS
[2025-12-31T14:35:42.551+0000] {logging_mixin.py:188} INFO -  Lỗi xử lý mã STS: Failed to fetch data: 429 - Too Many Requests
[2025-12-31T14:35:42.552+0000] {logging_mixin.py:188} INFO -  >> Đang lấy dữ liệu: STP
[2025-12-31T14:35:42.780+0000] {logging_mixin.py:188} INFO -  Lỗi xử lý mã STP: Failed to fetch data: 429 - Too Many Requests
[2025-12-31T14:35:42.781+0000] {logging_mixin.py:188} INFO -  >> Đang lấy dữ liệu: STL
[2025-12-31T14:35:42.953+0000] {logging_mixin.py:188} INFO -  Lỗi xử lý mã STL: Failed to fetch data: 429 - Too Many Requests
[2025-12-31T14:35:42.954+0000] {logging_mixin.py:188} INFO -  >> Đang lấy dữ liệu: STK
[2025-12-31T14:35:43.107+0000] {logging_mixin.py:188} INFO -  Lỗi xử lý mã STK: Failed to fetch data: 429 - Too Many Requests
[2025-12-31T14:35:43.108+0000] {logging_mixin.py:188} INFO -  >> Đang lấy dữ liệu: STH
[2025-12-31T14:35:43.284+0000] {logging_mixin.py:188} INFO -  Lỗi xử lý mã STH: Failed to fetch data: 429 - Too Many Requests
[2025-12-31T14:35:43.285+0000] {logging_mixin.py:188} INFO -  >> Đang lấy dữ liệu: STG
[2025-12-31T14:35:43.486+0000] {logging_mixin.py:188} INFO -  Lỗi xử lý mã STG: Failed to fetch data: 429 - Too Many Requests
[2025-12-31T14:35:43.487+0000] {logging_mixin.py:188} INFO -  >> Đang lấy dữ liệu: STC
[2025-12-31T14:35:43.899+0000] {logging_mixin.py:188} INFO -  Lỗi xử lý mã STC: Failed to fetch data: 429 - Too Many Requests
[2025-12-31T14:35:43.901+0000] {logging_mixin.py:188} INFO -  >> Đang lấy dữ liệu: STB
[2025-12-31T14:35:44.113+0000] {logging_mixin.py:188} INFO -  Lỗi xử lý mã STB: Failed to fetch data: 429 - Too Many Requests
[2025-12-31T14:35:44.114+0000] {logging_mixin.py:188} INFO -  >> Đang lấy dữ liệu: ST8
[2025-12-31T14:35:44.386+0000] {logging_mixin.py:188} INFO -  Lỗi xử lý mã ST8: Failed to fetch data: 429 - Too Many Requests
[2025-12-31T14:35:44.387+0000] {logging_mixin.py:188} INFO -  >> Đang lấy dữ liệu: SSU
[2025-12-31T14:35:44.542+0000] {logging_mixin.py:188} INFO -  Lỗi xử lý mã SSU: Failed to fetch data: 429 - Too Many Requests
[2025-12-31T14:35:44.543+0000] {logging_mixin.py:188} INFO -  >> Đang lấy dữ liệu: SSN
[2025-12-31T14:35:44.714+0000] {logging_mixin.py:188} INFO -  Lỗi xử lý mã SSN: Failed to fetch data: 429 - Too Many Requests
[2025-12-31T14:35:44.715+0000] {logging_mixin.py:188} INFO -  >> Đang lấy dữ liệu: SSM
[2025-12-31T14:35:44.891+0000] {logging_mixin.py:188} INFO -  Lỗi xử lý mã SSM: Failed to fetch data: 429 - Too Many Requests
[2025-12-31T14:35:44.892+0000] {logging_mixin.py:188} INFO -  >> Đang lấy dữ liệu: SSI
[2025-12-31T14:35:45.081+0000] {logging_mixin.py:188} INFO -  Lỗi xử lý mã SSI: Failed to fetch data: 429 - Too Many Requests
[2025-12-31T14:35:45.082+0000] {logging_mixin.py:188} INFO -  >> Đang lấy dữ liệu: SSH
[2025-12-31T14:35:45.385+0000] {logging_mixin.py:188} INFO -  Lỗi xử lý mã SSH: Failed to fetch data: 429 - Too Many Requests
[2025-12-31T14:35:45.386+0000] {logging_mixin.py:188} INFO -  >> Đang lấy dữ liệu: SSG
[2025-12-31T14:35:45.597+0000] {logging_mixin.py:188} INFO -  Lỗi xử lý mã SSG: Failed to fetch data: 429 - Too Many Requests
[2025-12-31T14:35:45.598+0000] {logging_mixin.py:188} INFO -  >> Đang lấy dữ liệu: SSF
[2025-12-31T14:35:45.737+0000] {logging_mixin.py:188} INFO -  Lỗi xử lý mã SSF: Failed to fetch data: 429 - Too Many Requests
[2025-12-31T14:35:45.738+0000] {logging_mixin.py:188} INFO -  ⚠ Batch này không thu được dữ liệu nào.
[2025-12-31T14:35:45.741+0000] {datalake_df2csv.py:40} INFO - DataFrame rỗng, bỏ qua upload CSV.
[2025-12-31T14:35:45.742+0000] {taskinstance.py:441} INFO - ::group::Post task execution logs
[2025-12-31T14:35:45.751+0000] {taskinstance.py:1206} INFO - Marking task as SUCCESS. dag_id=thongtin_cty_bctc, task_id=ingest_bctc, run_id=scheduled__2025-12-30T00:00:00+00:00, map_index=20, execution_date=20251230T000000, start_date=20251231T143540, end_date=20251231T143545
[2025-12-31T14:35:45.804+0000] {local_task_job_runner.py:243} INFO - Task exited with return code 0
[2025-12-31T14:35:45.818+0000] {taskinstance.py:3503} INFO - 0 downstream tasks scheduled from follow-on schedule check
[2025-12-31T14:35:45.822+0000] {local_task_job_runner.py:222} INFO - ::endgroup::
