[2025-12-31T14:42:01.772+0000] {local_task_job_runner.py:120} INFO - ::group::Pre task execution logs
[2025-12-31T14:42:01.807+0000] {taskinstance.py:2076} INFO - Dependencies all met for dep_context=non-requeueable deps ti=<TaskInstance: thongtin_cty_bctc.ingest_overview manual__2025-12-31T14:34:21.190447+00:00 map_index=52 [queued]>
[2025-12-31T14:42:01.832+0000] {taskinstance.py:2076} INFO - Dependencies all met for dep_context=requeueable deps ti=<TaskInstance: thongtin_cty_bctc.ingest_overview manual__2025-12-31T14:34:21.190447+00:00 map_index=52 [queued]>
[2025-12-31T14:42:01.833+0000] {taskinstance.py:2306} INFO - Starting attempt 1 of 2
[2025-12-31T14:42:01.849+0000] {taskinstance.py:2330} INFO - Executing <Mapped(DfToCsvOperator): ingest_overview> on 2025-12-31 14:34:21.190447+00:00
[2025-12-31T14:42:01.859+0000] {warnings.py:112} WARNING - This process (pid=5686) is multi-threaded, use of fork() may lead to deadlocks in the child.

[2025-12-31T14:42:01.860+0000] {standard_task_runner.py:64} INFO - Started process 5717 to run task
[2025-12-31T14:42:01.863+0000] {standard_task_runner.py:90} INFO - Running: ['***', 'tasks', 'run', 'thongtin_cty_bctc', 'ingest_overview', 'manual__2025-12-31T14:34:21.190447+00:00', '--job-id', '461', '--raw', '--subdir', 'DAGS_FOLDER/tt_cty_bctc.py', '--cfg-path', '/tmp/tmpkeqmx74m', '--map-index', '52']
[2025-12-31T14:42:01.864+0000] {standard_task_runner.py:91} INFO - Job 461: Subtask ingest_overview
[2025-12-31T14:42:01.921+0000] {task_command.py:426} INFO - Running <TaskInstance: thongtin_cty_bctc.ingest_overview manual__2025-12-31T14:34:21.190447+00:00 map_index=52 [running]> on host 8bc7f11ea9a4
[2025-12-31T14:42:02.090+0000] {taskinstance.py:2648} INFO - Exporting env vars: AIRFLOW_CTX_DAG_OWNER='***' AIRFLOW_CTX_DAG_ID='thongtin_cty_bctc' AIRFLOW_CTX_TASK_ID='ingest_overview' AIRFLOW_CTX_EXECUTION_DATE='2025-12-31T14:34:21.190447+00:00' AIRFLOW_CTX_TRY_NUMBER='1' AIRFLOW_CTX_DAG_RUN_ID='manual__2025-12-31T14:34:21.190447+00:00'
[2025-12-31T14:42:02.092+0000] {taskinstance.py:430} INFO - ::endgroup::
[2025-12-31T14:42:02.407+0000] {logging_mixin.py:188} INFO - Err overview HVT: Failed to fetch data: 429 - Too Many Requests
[2025-12-31T14:42:02.672+0000] {logging_mixin.py:188} INFO - Err overview HVN: Failed to fetch data: 429 - Too Many Requests
[2025-12-31T14:42:02.824+0000] {logging_mixin.py:188} INFO - Err overview HVH: Failed to fetch data: 429 - Too Many Requests
[2025-12-31T14:42:03.035+0000] {logging_mixin.py:188} INFO - Err overview HVG: Failed to fetch data: 429 - Too Many Requests
[2025-12-31T14:42:03.238+0000] {logging_mixin.py:188} INFO - Err overview HVA: Failed to fetch data: 429 - Too Many Requests
[2025-12-31T14:42:03.373+0000] {logging_mixin.py:188} INFO - Err overview HUX: Failed to fetch data: 429 - Too Many Requests
[2025-12-31T14:42:03.521+0000] {logging_mixin.py:188} INFO - Err overview HUT: Failed to fetch data: 429 - Too Many Requests
[2025-12-31T14:42:03.653+0000] {logging_mixin.py:188} INFO - Err overview HUG: Failed to fetch data: 429 - Too Many Requests
[2025-12-31T14:42:03.845+0000] {logging_mixin.py:188} INFO - Err overview HUB: Failed to fetch data: 429 - Too Many Requests
[2025-12-31T14:42:03.989+0000] {logging_mixin.py:188} INFO - Err overview HU6: Failed to fetch data: 429 - Too Many Requests
[2025-12-31T14:42:04.127+0000] {logging_mixin.py:188} INFO - Err overview HU4: Failed to fetch data: 429 - Too Many Requests
[2025-12-31T14:42:04.256+0000] {logging_mixin.py:188} INFO - Err overview HU3: Failed to fetch data: 429 - Too Many Requests
[2025-12-31T14:42:04.385+0000] {logging_mixin.py:188} INFO - Err overview HU1: Failed to fetch data: 429 - Too Many Requests
[2025-12-31T14:42:04.567+0000] {logging_mixin.py:188} INFO - Err overview HTW: Failed to fetch data: 429 - Too Many Requests
[2025-12-31T14:42:04.716+0000] {logging_mixin.py:188} INFO - Err overview HTV: Failed to fetch data: 429 - Too Many Requests
[2025-12-31T14:42:04.843+0000] {logging_mixin.py:188} INFO - Err overview HTT: Failed to fetch data: 429 - Too Many Requests
[2025-12-31T14:42:04.994+0000] {logging_mixin.py:188} INFO - Err overview HTR: Failed to fetch data: 429 - Too Many Requests
[2025-12-31T14:42:05.139+0000] {logging_mixin.py:188} INFO - Err overview HTP: Failed to fetch data: 429 - Too Many Requests
[2025-12-31T14:42:05.279+0000] {logging_mixin.py:188} INFO - Err overview HTN: Failed to fetch data: 429 - Too Many Requests
[2025-12-31T14:42:05.425+0000] {logging_mixin.py:188} INFO - Err overview HTM: Failed to fetch data: 429 - Too Many Requests
[2025-12-31T14:42:05.428+0000] {datalake_df2csv.py:40} INFO - DataFrame rỗng, bỏ qua upload CSV.
[2025-12-31T14:42:05.429+0000] {taskinstance.py:441} INFO - ::group::Post task execution logs
[2025-12-31T14:42:05.439+0000] {taskinstance.py:1206} INFO - Marking task as SUCCESS. dag_id=thongtin_cty_bctc, task_id=ingest_overview, run_id=manual__2025-12-31T14:34:21.190447+00:00, map_index=52, execution_date=20251231T143421, start_date=20251231T144201, end_date=20251231T144205
[2025-12-31T14:42:05.488+0000] {local_task_job_runner.py:243} INFO - Task exited with return code 0
[2025-12-31T14:42:05.505+0000] {taskinstance.py:3503} INFO - 0 downstream tasks scheduled from follow-on schedule check
[2025-12-31T14:42:05.507+0000] {local_task_job_runner.py:222} INFO - ::endgroup::
