[2026-01-12T15:26:50.075+0000] {local_task_job_runner.py:120} INFO - ::group::Pre task execution logs
[2026-01-12T15:26:50.196+0000] {taskinstance.py:2076} INFO - Dependencies all met for dep_context=non-requeueable deps ti=<TaskInstance: financial_ratios_etl.ingest_financial_ratios manual__2026-01-12T15:14:43+00:00 map_index=772 [queued]>
[2026-01-12T15:26:50.276+0000] {taskinstance.py:2076} INFO - Dependencies all met for dep_context=requeueable deps ti=<TaskInstance: financial_ratios_etl.ingest_financial_ratios manual__2026-01-12T15:14:43+00:00 map_index=772 [queued]>
[2026-01-12T15:26:50.277+0000] {taskinstance.py:2306} INFO - Starting attempt 1 of 2
[2026-01-12T15:26:50.299+0000] {taskinstance.py:2330} INFO - Executing <Mapped(DfToCsvOperator): ingest_financial_ratios> on 2026-01-12 15:14:43+00:00
[2026-01-12T15:26:50.319+0000] {warnings.py:112} WARNING - This process (pid=10173) is multi-threaded, use of fork() may lead to deadlocks in the child.

[2026-01-12T15:26:50.321+0000] {standard_task_runner.py:64} INFO - Started process 10280 to run task
[2026-01-12T15:26:50.326+0000] {standard_task_runner.py:90} INFO - Running: ['***', 'tasks', 'run', 'financial_ratios_etl', 'ingest_financial_ratios', 'manual__2026-01-12T15:14:43+00:00', '--job-id', '14478', '--raw', '--subdir', 'DAGS_FOLDER/financial_ratios_etl.py', '--cfg-path', '/tmp/tmppo2smwj7', '--map-index', '772']
[2026-01-12T15:26:50.331+0000] {standard_task_runner.py:91} INFO - Job 14478: Subtask ingest_financial_ratios
[2026-01-12T15:26:50.402+0000] {task_command.py:426} INFO - Running <TaskInstance: financial_ratios_etl.ingest_financial_ratios manual__2026-01-12T15:14:43+00:00 map_index=772 [running]> on host 5a20a797a43c
[2026-01-12T15:26:50.565+0000] {taskinstance.py:2648} INFO - Exporting env vars: AIRFLOW_CTX_DAG_OWNER='***' AIRFLOW_CTX_DAG_ID='financial_ratios_etl' AIRFLOW_CTX_TASK_ID='ingest_financial_ratios' AIRFLOW_CTX_EXECUTION_DATE='2026-01-12T15:14:43+00:00' AIRFLOW_CTX_TRY_NUMBER='1' AIRFLOW_CTX_DAG_RUN_ID='manual__2026-01-12T15:14:43+00:00'
[2026-01-12T15:26:50.566+0000] {taskinstance.py:430} INFO - ::endgroup::
[2026-01-12T15:26:50.575+0000] {logging_mixin.py:188} INFO - [RATIO] Bắt đầu xử lý batch 2 mã: ['C4G', 'C47']
[2026-01-12T15:26:50.576+0000] {logging_mixin.py:188} INFO - [RATIO] Kỳ dữ liệu: quarter
[2026-01-12T15:26:50.576+0000] {logging_mixin.py:188} INFO -  >> [RATIO] Đang lấy dữ liệu: C4G
[2026-01-12T15:26:51.381+0000] {logging_mixin.py:188} INFO -  ✓ [RATIO] C4G: 35 rows
[2026-01-12T15:26:53.383+0000] {logging_mixin.py:188} INFO -  >> [RATIO] Đang lấy dữ liệu: C47
[2026-01-12T15:26:54.205+0000] {logging_mixin.py:188} INFO -  ✓ [RATIO] C47: 51 rows
[2026-01-12T15:26:56.208+0000] {logging_mixin.py:188} INFO -  ✅ [RATIO] Hoàn thành batch. Tổng số dòng: 86
[2026-01-12T15:26:56.236+0000] {base.py:84} INFO - Using connection ID 'minio_finance' for task execution.
[2026-01-12T15:26:56.237+0000] {connection_wrapper.py:384} INFO - AWS Connection (conn_id='minio_finance', conn_type='aws') credentials retrieved from login and password.
[2026-01-12T15:26:56.923+0000] {datalake_df2csv.py:52} INFO - ✅ Đã upload 86 dòng -> s3://thongtin-congty-va-bctc/financial_ratios/2026-01-12/batch_772.csv
[2026-01-12T15:26:56.924+0000] {taskinstance.py:441} INFO - ::group::Post task execution logs
[2026-01-12T15:26:56.937+0000] {taskinstance.py:1206} INFO - Marking task as SUCCESS. dag_id=financial_ratios_etl, task_id=ingest_financial_ratios, run_id=manual__2026-01-12T15:14:43+00:00, map_index=772, execution_date=20260112T151443, start_date=20260112T152650, end_date=20260112T152656
[2026-01-12T15:26:57.091+0000] {local_task_job_runner.py:243} INFO - Task exited with return code 0
[2026-01-12T15:26:57.111+0000] {taskinstance.py:3503} INFO - 0 downstream tasks scheduled from follow-on schedule check
[2026-01-12T15:26:57.113+0000] {local_task_job_runner.py:222} INFO - ::endgroup::
