[2025-12-30T01:56:14.097+0000] {local_task_job_runner.py:120} INFO - ::group::Pre task execution logs
[2025-12-30T01:56:14.140+0000] {taskinstance.py:2076} INFO - Dependencies all met for dep_context=non-requeueable deps ti=<TaskInstance: thongtin_cty_bctc.ingest_bctc scheduled__2025-12-28T00:00:00+00:00 map_index=16 [queued]>
[2025-12-30T01:56:14.159+0000] {taskinstance.py:2076} INFO - Dependencies all met for dep_context=requeueable deps ti=<TaskInstance: thongtin_cty_bctc.ingest_bctc scheduled__2025-12-28T00:00:00+00:00 map_index=16 [queued]>
[2025-12-30T01:56:14.161+0000] {taskinstance.py:2306} INFO - Starting attempt 1 of 2
[2025-12-30T01:56:14.183+0000] {taskinstance.py:2330} INFO - Executing <Mapped(DfToDbOperator): ingest_bctc> on 2025-12-28 00:00:00+00:00
[2025-12-30T01:56:14.193+0000] {warnings.py:112} WARNING - This process (pid=507) is multi-threaded, use of fork() may lead to deadlocks in the child.

[2025-12-30T01:56:14.196+0000] {standard_task_runner.py:64} INFO - Started process 560 to run task
[2025-12-30T01:56:14.198+0000] {standard_task_runner.py:90} INFO - Running: ['***', 'tasks', 'run', 'thongtin_cty_bctc', 'ingest_bctc', 'scheduled__2025-12-28T00:00:00+00:00', '--job-id', '40', '--raw', '--subdir', 'DAGS_FOLDER/tt_cty_bctc.py', '--cfg-path', '/tmp/tmpbqlt9zr4', '--map-index', '16']
[2025-12-30T01:56:14.200+0000] {standard_task_runner.py:91} INFO - Job 40: Subtask ingest_bctc
[2025-12-30T01:56:14.289+0000] {task_command.py:426} INFO - Running <TaskInstance: thongtin_cty_bctc.ingest_bctc scheduled__2025-12-28T00:00:00+00:00 map_index=16 [running]> on host c6df485552f0
[2025-12-30T01:56:14.457+0000] {taskinstance.py:2648} INFO - Exporting env vars: AIRFLOW_CTX_DAG_OWNER='***' AIRFLOW_CTX_DAG_ID='thongtin_cty_bctc' AIRFLOW_CTX_TASK_ID='ingest_bctc' AIRFLOW_CTX_EXECUTION_DATE='2025-12-28T00:00:00+00:00' AIRFLOW_CTX_TRY_NUMBER='1' AIRFLOW_CTX_DAG_RUN_ID='scheduled__2025-12-28T00:00:00+00:00'
[2025-12-30T01:56:14.460+0000] {taskinstance.py:430} INFO - ::endgroup::
[2025-12-30T01:56:14.473+0000] {logging_mixin.py:188} INFO - Bắt đầu xử lý batch 20 mã: ['TID', 'THW', 'THU', 'THT', 'THS', 'THP', 'THN', 'THM', 'THI', 'THG', 'THD', 'THB', 'TH1', 'TGP', 'TGG', 'TFC', 'TET', 'TEL', 'TEG', 'TED']
[2025-12-30T01:56:14.474+0000] {logging_mixin.py:188} INFO -  >> Đang lấy dữ liệu: TID
[2025-12-30T01:56:16.358+0000] {logging_mixin.py:188} INFO -  >> Đang lấy dữ liệu: THW
[2025-12-30T01:56:17.895+0000] {logging_mixin.py:188} INFO -  >> Đang lấy dữ liệu: THU
[2025-12-30T01:56:22.638+0000] {logging_mixin.py:188} INFO - ❌ Lỗi khi gọi income_statement: RetryError[<Future at 0x7f428f4e0860 state=finished raised KeyError>]
[2025-12-30T01:56:27.065+0000] {logging_mixin.py:188} INFO - ❌ Lỗi khi gọi balance_sheet: RetryError[<Future at 0x7f428f4e3320 state=finished raised KeyError>]
[2025-12-30T01:56:31.637+0000] {logging_mixin.py:188} INFO - ❌ Lỗi khi gọi cash_flow: RetryError[<Future at 0x7f428f4e1910 state=finished raised KeyError>]
[2025-12-30T01:56:31.639+0000] {logging_mixin.py:188} INFO -  >> Đang lấy dữ liệu: THT
[2025-12-30T01:56:33.818+0000] {logging_mixin.py:188} INFO -  >> Đang lấy dữ liệu: THS
[2025-12-30T01:56:36.008+0000] {logging_mixin.py:188} INFO -  >> Đang lấy dữ liệu: THP
[2025-12-30T01:56:38.512+0000] {logging_mixin.py:188} INFO -  >> Đang lấy dữ liệu: THN
[2025-12-30T01:56:40.804+0000] {logging_mixin.py:188} INFO -  >> Đang lấy dữ liệu: THM
[2025-12-30T01:56:42.581+0000] {logging_mixin.py:188} INFO -  >> Đang lấy dữ liệu: THI
[2025-12-30T01:56:42.908+0000] {logging_mixin.py:188} INFO - 
⚠️ Bạn đã gửi quá nhiều request tới VCI. Vui lòng thử lại sau 17 giây.
[2025-12-30T01:56:42.910+0000] {taskinstance.py:441} INFO - ::group::Post task execution logs
[2025-12-30T01:56:42.911+0000] {taskinstance.py:2907} ERROR - Task failed due to SystemExit(Rate limit exceeded. Bạn đã gửi quá nhiều request tới VCI. Vui lòng thử lại sau 17 giây. Process terminated.)
[2025-12-30T01:56:42.935+0000] {taskinstance.py:1206} INFO - Marking task as UP_FOR_RETRY. dag_id=thongtin_cty_bctc, task_id=ingest_bctc, run_id=scheduled__2025-12-28T00:00:00+00:00, map_index=16, execution_date=20251228T000000, start_date=20251230T015614, end_date=20251230T015642
[2025-12-30T01:56:43.255+0000] {standard_task_runner.py:110} ERROR - Failed to execute job 40 for task ingest_bctc (Task failed due to SystemExit(Rate limit exceeded. Bạn đã gửi quá nhiều request tới VCI. Vui lòng thử lại sau 17 giây. Process terminated.); 560)
[2025-12-30T01:56:43.294+0000] {local_task_job_runner.py:243} INFO - Task exited with return code 1
[2025-12-30T01:56:43.318+0000] {taskinstance.py:3503} INFO - 0 downstream tasks scheduled from follow-on schedule check
[2025-12-30T01:56:43.321+0000] {local_task_job_runner.py:222} INFO - ::endgroup::
