[2025-12-31T14:35:40.896+0000] {local_task_job_runner.py:120} INFO - ::group::Pre task execution logs
[2025-12-31T14:35:40.929+0000] {taskinstance.py:2076} INFO - Dependencies all met for dep_context=non-requeueable deps ti=<TaskInstance: thongtin_cty_bctc.ingest_bctc scheduled__2025-12-30T00:00:00+00:00 map_index=19 [queued]>
[2025-12-31T14:35:40.947+0000] {taskinstance.py:2076} INFO - Dependencies all met for dep_context=requeueable deps ti=<TaskInstance: thongtin_cty_bctc.ingest_bctc scheduled__2025-12-30T00:00:00+00:00 map_index=19 [queued]>
[2025-12-31T14:35:40.948+0000] {taskinstance.py:2306} INFO - Starting attempt 1 of 2
[2025-12-31T14:35:40.970+0000] {taskinstance.py:2330} INFO - Executing <Mapped(DfToCsvOperator): ingest_bctc> on 2025-12-30 00:00:00+00:00
[2025-12-31T14:35:40.985+0000] {warnings.py:112} WARNING - This process (pid=1241) is multi-threaded, use of fork() may lead to deadlocks in the child.

[2025-12-31T14:35:40.988+0000] {standard_task_runner.py:64} INFO - Started process 1337 to run task
[2025-12-31T14:35:40.990+0000] {standard_task_runner.py:90} INFO - Running: ['***', 'tasks', 'run', 'thongtin_cty_bctc', 'ingest_bctc', 'scheduled__2025-12-30T00:00:00+00:00', '--job-id', '69', '--raw', '--subdir', 'DAGS_FOLDER/tt_cty_bctc.py', '--cfg-path', '/tmp/tmp4ev_y5o2', '--map-index', '19']
[2025-12-31T14:35:40.992+0000] {standard_task_runner.py:91} INFO - Job 69: Subtask ingest_bctc
[2025-12-31T14:35:41.054+0000] {task_command.py:426} INFO - Running <TaskInstance: thongtin_cty_bctc.ingest_bctc scheduled__2025-12-30T00:00:00+00:00 map_index=19 [running]> on host 8bc7f11ea9a4
[2025-12-31T14:35:41.205+0000] {taskinstance.py:2648} INFO - Exporting env vars: AIRFLOW_CTX_DAG_OWNER='***' AIRFLOW_CTX_DAG_ID='thongtin_cty_bctc' AIRFLOW_CTX_TASK_ID='ingest_bctc' AIRFLOW_CTX_EXECUTION_DATE='2025-12-30T00:00:00+00:00' AIRFLOW_CTX_TRY_NUMBER='1' AIRFLOW_CTX_DAG_RUN_ID='scheduled__2025-12-30T00:00:00+00:00'
[2025-12-31T14:35:41.207+0000] {taskinstance.py:430} INFO - ::endgroup::
[2025-12-31T14:35:41.218+0000] {logging_mixin.py:188} INFO - Bắt đầu xử lý batch 20 mã: ['TAL', 'TAG', 'TAC', 'TAB', 'TA9', 'TA6', 'TA3', 'T12', 'SZL', 'SZG', 'SZE', 'SZC', 'SZB', 'SWC', 'SVT', 'SVN', 'SVL', 'SVI', 'SVH', 'SVG']
[2025-12-31T14:35:41.220+0000] {logging_mixin.py:188} INFO -  >> Đang lấy dữ liệu: TAL
[2025-12-31T14:35:41.752+0000] {logging_mixin.py:188} INFO -  Lỗi xử lý mã TAL: Failed to fetch data: 429 - Too Many Requests
[2025-12-31T14:35:41.753+0000] {logging_mixin.py:188} INFO -  >> Đang lấy dữ liệu: TAG
[2025-12-31T14:35:42.136+0000] {logging_mixin.py:188} INFO -  Lỗi xử lý mã TAG: Failed to fetch data: 429 - Too Many Requests
[2025-12-31T14:35:42.138+0000] {logging_mixin.py:188} INFO -  >> Đang lấy dữ liệu: TAC
[2025-12-31T14:35:42.428+0000] {logging_mixin.py:188} INFO -  Lỗi xử lý mã TAC: Failed to fetch data: 429 - Too Many Requests
[2025-12-31T14:35:42.430+0000] {logging_mixin.py:188} INFO -  >> Đang lấy dữ liệu: TAB
[2025-12-31T14:36:03.464+0000] {log.py:232} WARNING - 2025-12-31 14:36:03 - vnstock.core.utils.client - ERROR - API request failed: HTTPSConnectionPool(host='trading.vietcap.com.vn', port=443): Max retries exceeded with url: /data-mt/graphql (Caused by NewConnectionError('<urllib3.connection.HTTPSConnection object at 0x7f68aca88140>: Failed to establish a new connection: [Errno 111] Connection refused'))
[2025-12-31T14:36:03.464+0000] {client.py:414} ERROR - API request failed: HTTPSConnectionPool(host='trading.vietcap.com.vn', port=443): Max retries exceeded with url: /data-mt/graphql (Caused by NewConnectionError('<urllib3.connection.HTTPSConnection object at 0x7f68aca88140>: Failed to establish a new connection: [Errno 111] Connection refused'))
[2025-12-31T14:36:03.466+0000] {logging_mixin.py:188} INFO -  Lỗi xử lý mã TAB: API request failed: HTTPSConnectionPool(host='trading.vietcap.com.vn', port=443): Max retries exceeded with url: /data-mt/graphql (Caused by NewConnectionError('<urllib3.connection.HTTPSConnection object at 0x7f68aca88140>: Failed to establish a new connection: [Errno 111] Connection refused'))
[2025-12-31T14:36:03.466+0000] {logging_mixin.py:188} INFO -  >> Đang lấy dữ liệu: TA9
[2025-12-31T14:36:03.611+0000] {logging_mixin.py:188} INFO -  Lỗi xử lý mã TA9: Failed to fetch data: 429 - Too Many Requests
[2025-12-31T14:36:03.612+0000] {logging_mixin.py:188} INFO -  >> Đang lấy dữ liệu: TA6
[2025-12-31T14:36:03.780+0000] {logging_mixin.py:188} INFO -  Lỗi xử lý mã TA6: Failed to fetch data: 429 - Too Many Requests
[2025-12-31T14:36:03.781+0000] {logging_mixin.py:188} INFO -  >> Đang lấy dữ liệu: TA3
[2025-12-31T14:36:03.925+0000] {logging_mixin.py:188} INFO -  Lỗi xử lý mã TA3: Failed to fetch data: 429 - Too Many Requests
[2025-12-31T14:36:03.926+0000] {logging_mixin.py:188} INFO -  >> Đang lấy dữ liệu: T12
[2025-12-31T14:36:04.081+0000] {logging_mixin.py:188} INFO -  Lỗi xử lý mã T12: Failed to fetch data: 429 - Too Many Requests
[2025-12-31T14:36:04.082+0000] {logging_mixin.py:188} INFO -  >> Đang lấy dữ liệu: SZL
[2025-12-31T14:36:04.279+0000] {logging_mixin.py:188} INFO -  Lỗi xử lý mã SZL: Failed to fetch data: 429 - Too Many Requests
[2025-12-31T14:36:04.280+0000] {logging_mixin.py:188} INFO -  >> Đang lấy dữ liệu: SZG
[2025-12-31T14:36:04.414+0000] {logging_mixin.py:188} INFO -  Lỗi xử lý mã SZG: Failed to fetch data: 429 - Too Many Requests
[2025-12-31T14:36:04.415+0000] {logging_mixin.py:188} INFO -  >> Đang lấy dữ liệu: SZE
[2025-12-31T14:36:04.570+0000] {logging_mixin.py:188} INFO -  Lỗi xử lý mã SZE: Failed to fetch data: 429 - Too Many Requests
[2025-12-31T14:36:04.571+0000] {logging_mixin.py:188} INFO -  >> Đang lấy dữ liệu: SZC
[2025-12-31T14:36:04.715+0000] {logging_mixin.py:188} INFO -  Lỗi xử lý mã SZC: Failed to fetch data: 429 - Too Many Requests
[2025-12-31T14:36:04.716+0000] {logging_mixin.py:188} INFO -  >> Đang lấy dữ liệu: SZB
[2025-12-31T14:36:04.973+0000] {logging_mixin.py:188} INFO -  Lỗi xử lý mã SZB: Failed to fetch data: 429 - Too Many Requests
[2025-12-31T14:36:04.975+0000] {logging_mixin.py:188} INFO -  >> Đang lấy dữ liệu: SWC
[2025-12-31T14:36:05.287+0000] {logging_mixin.py:188} INFO -  Lỗi xử lý mã SWC: Failed to fetch data: 429 - Too Many Requests
[2025-12-31T14:36:05.301+0000] {logging_mixin.py:188} INFO -  >> Đang lấy dữ liệu: SVT
[2025-12-31T14:36:05.549+0000] {logging_mixin.py:188} INFO -  Lỗi xử lý mã SVT: Failed to fetch data: 429 - Too Many Requests
[2025-12-31T14:36:05.550+0000] {logging_mixin.py:188} INFO -  >> Đang lấy dữ liệu: SVN
[2025-12-31T14:36:05.773+0000] {logging_mixin.py:188} INFO -  Lỗi xử lý mã SVN: Failed to fetch data: 429 - Too Many Requests
[2025-12-31T14:36:05.774+0000] {logging_mixin.py:188} INFO -  >> Đang lấy dữ liệu: SVL
[2025-12-31T14:36:05.983+0000] {logging_mixin.py:188} INFO -  Lỗi xử lý mã SVL: Failed to fetch data: 429 - Too Many Requests
[2025-12-31T14:36:05.984+0000] {logging_mixin.py:188} INFO -  >> Đang lấy dữ liệu: SVI
[2025-12-31T14:36:06.185+0000] {logging_mixin.py:188} INFO -  Lỗi xử lý mã SVI: Failed to fetch data: 429 - Too Many Requests
[2025-12-31T14:36:06.186+0000] {logging_mixin.py:188} INFO -  >> Đang lấy dữ liệu: SVH
[2025-12-31T14:36:06.437+0000] {logging_mixin.py:188} INFO -  Lỗi xử lý mã SVH: Failed to fetch data: 429 - Too Many Requests
[2025-12-31T14:36:06.438+0000] {logging_mixin.py:188} INFO -  >> Đang lấy dữ liệu: SVG
[2025-12-31T14:36:06.887+0000] {logging_mixin.py:188} INFO -  Lỗi xử lý mã SVG: Failed to fetch data: 429 - Too Many Requests
[2025-12-31T14:36:06.888+0000] {logging_mixin.py:188} INFO -  ⚠ Batch này không thu được dữ liệu nào.
[2025-12-31T14:36:06.894+0000] {datalake_df2csv.py:40} INFO - DataFrame rỗng, bỏ qua upload CSV.
[2025-12-31T14:36:06.895+0000] {taskinstance.py:441} INFO - ::group::Post task execution logs
[2025-12-31T14:36:06.914+0000] {taskinstance.py:1206} INFO - Marking task as SUCCESS. dag_id=thongtin_cty_bctc, task_id=ingest_bctc, run_id=scheduled__2025-12-30T00:00:00+00:00, map_index=19, execution_date=20251230T000000, start_date=20251231T143540, end_date=20251231T143606
[2025-12-31T14:36:06.995+0000] {local_task_job_runner.py:243} INFO - Task exited with return code 0
[2025-12-31T14:36:07.018+0000] {taskinstance.py:3503} INFO - 0 downstream tasks scheduled from follow-on schedule check
[2025-12-31T14:36:07.023+0000] {local_task_job_runner.py:222} INFO - ::endgroup::
