[2026-01-01T09:01:52.925+0000] {local_task_job_runner.py:120} INFO - ::group::Pre task execution logs
[2026-01-01T09:01:53.008+0000] {taskinstance.py:2076} INFO - Dependencies all met for dep_context=non-requeueable deps ti=<TaskInstance: thongtin_cty_bctc.ingest_overview manual__2026-01-01T00:00:00+00:00 map_index=184 [queued]>
[2026-01-01T09:01:53.071+0000] {taskinstance.py:2076} INFO - Dependencies all met for dep_context=requeueable deps ti=<TaskInstance: thongtin_cty_bctc.ingest_overview manual__2026-01-01T00:00:00+00:00 map_index=184 [queued]>
[2026-01-01T09:01:53.072+0000] {taskinstance.py:2306} INFO - Starting attempt 1 of 2
[2026-01-01T09:01:53.339+0000] {taskinstance.py:2330} INFO - Executing <Mapped(DfToCsvOperator): ingest_overview> on 2026-01-01 00:00:00+00:00
[2026-01-01T09:01:53.356+0000] {warnings.py:112} WARNING - This process (pid=7849) is multi-threaded, use of fork() may lead to deadlocks in the child.

[2026-01-01T09:01:53.362+0000] {standard_task_runner.py:64} INFO - Started process 7930 to run task
[2026-01-01T09:01:53.365+0000] {standard_task_runner.py:90} INFO - Running: ['***', 'tasks', 'run', 'thongtin_cty_bctc', 'ingest_overview', 'manual__2026-01-01T00:00:00+00:00', '--job-id', '4393', '--raw', '--subdir', 'DAGS_FOLDER/tt_cty_bctc.py', '--cfg-path', '/tmp/tmpl_bn_xf3', '--map-index', '184']
[2026-01-01T09:01:53.368+0000] {standard_task_runner.py:91} INFO - Job 4393: Subtask ingest_overview
[2026-01-01T09:01:53.495+0000] {task_command.py:426} INFO - Running <TaskInstance: thongtin_cty_bctc.ingest_overview manual__2026-01-01T00:00:00+00:00 map_index=184 [running]> on host b455963a0603
[2026-01-01T09:01:53.939+0000] {taskinstance.py:2648} INFO - Exporting env vars: AIRFLOW_CTX_DAG_OWNER='***' AIRFLOW_CTX_DAG_ID='thongtin_cty_bctc' AIRFLOW_CTX_TASK_ID='ingest_overview' AIRFLOW_CTX_EXECUTION_DATE='2026-01-01T00:00:00+00:00' AIRFLOW_CTX_TRY_NUMBER='1' AIRFLOW_CTX_DAG_RUN_ID='manual__2026-01-01T00:00:00+00:00'
[2026-01-01T09:01:53.941+0000] {taskinstance.py:430} INFO - ::endgroup::
[2026-01-01T09:01:54.137+0000] {warnings.py:112} WARNING - DataFrame.applymap has been deprecated. Use DataFrame.map instead.

[2026-01-01T09:02:01.054+0000] {logging_mixin.py:188} INFO - Err overview S96: RetryError[<Future at 0x7f266ee61c40 state=finished raised AttributeError>]
[2026-01-01T09:02:02.660+0000] {warnings.py:112} WARNING - DataFrame.applymap has been deprecated. Use DataFrame.map instead.

[2026-01-01T09:02:03.692+0000] {base.py:84} INFO - Using connection ID 'minio_finance' for task execution.
[2026-01-01T09:02:03.693+0000] {connection_wrapper.py:384} INFO - AWS Connection (conn_id='minio_finance', conn_type='aws') credentials retrieved from login and password.
[2026-01-01T09:02:04.189+0000] {datalake_df2csv.py:53} INFO - ✅ Đã upload 2 dòng -> s3://thongtin-congty-va-bctc/overview/2026-01-01/batch_184.csv
[2026-01-01T09:02:04.190+0000] {taskinstance.py:441} INFO - ::group::Post task execution logs
[2026-01-01T09:02:04.201+0000] {taskinstance.py:1206} INFO - Marking task as SUCCESS. dag_id=thongtin_cty_bctc, task_id=ingest_overview, run_id=manual__2026-01-01T00:00:00+00:00, map_index=184, execution_date=20260101T000000, start_date=20260101T090153, end_date=20260101T090204
[2026-01-01T09:02:08.507+0000] {local_task_job_runner.py:313} WARNING - State of this instance has been externally set to None. Terminating instance.
[2026-01-01T09:02:08.509+0000] {local_task_job_runner.py:222} INFO - ::endgroup::
[2026-01-01T09:02:08.510+0000] {process_utils.py:132} INFO - Sending 15 to group 7930. PIDs of all processes in the group: [7930]
[2026-01-01T09:02:08.511+0000] {process_utils.py:87} INFO - Sending the signal 15 to group 7930
[2026-01-01T09:02:14.165+0000] {taskinstance.py:2611} ERROR - Received SIGTERM. Terminating subprocesses.
[2026-01-01T09:02:14.214+0000] {process_utils.py:80} INFO - Process psutil.Process(pid=7930, status='terminated', exitcode=2, started='09:01:52') (7930) terminated with exit code 2
