[2026-01-01T02:17:07.580+0000] {local_task_job_runner.py:120} INFO - ::group::Pre task execution logs
[2026-01-01T02:17:07.720+0000] {taskinstance.py:2076} INFO - Dependencies all met for dep_context=non-requeueable deps ti=<TaskInstance: thongtin_cty_bctc.ingest_bctc scheduled__2025-12-31T00:00:00+00:00 map_index=242 [queued]>
[2026-01-01T02:17:08.292+0000] {taskinstance.py:2076} INFO - Dependencies all met for dep_context=requeueable deps ti=<TaskInstance: thongtin_cty_bctc.ingest_bctc scheduled__2025-12-31T00:00:00+00:00 map_index=242 [queued]>
[2026-01-01T02:17:08.306+0000] {taskinstance.py:2306} INFO - Starting attempt 1 of 2
[2026-01-01T02:17:08.384+0000] {taskinstance.py:2330} INFO - Executing <Mapped(DfToCsvOperator): ingest_bctc> on 2025-12-31 00:00:00+00:00
[2026-01-01T02:17:08.405+0000] {warnings.py:112} WARNING - This process (pid=8841) is multi-threaded, use of fork() may lead to deadlocks in the child.

[2026-01-01T02:17:08.407+0000] {standard_task_runner.py:64} INFO - Started process 8971 to run task
[2026-01-01T02:17:08.416+0000] {standard_task_runner.py:90} INFO - Running: ['***', 'tasks', 'run', 'thongtin_cty_bctc', 'ingest_bctc', 'scheduled__2025-12-31T00:00:00+00:00', '--job-id', '1357', '--raw', '--subdir', 'DAGS_FOLDER/tt_cty_bctc.py', '--cfg-path', '/tmp/tmpy4f0i4q1', '--map-index', '242']
[2026-01-01T02:17:08.419+0000] {standard_task_runner.py:91} INFO - Job 1357: Subtask ingest_bctc
[2026-01-01T02:17:08.520+0000] {task_command.py:426} INFO - Running <TaskInstance: thongtin_cty_bctc.ingest_bctc scheduled__2025-12-31T00:00:00+00:00 map_index=242 [running]> on host 43b0a0f7606b
[2026-01-01T02:17:08.713+0000] {taskinstance.py:2648} INFO - Exporting env vars: AIRFLOW_CTX_DAG_OWNER='***' AIRFLOW_CTX_DAG_ID='thongtin_cty_bctc' AIRFLOW_CTX_TASK_ID='ingest_bctc' AIRFLOW_CTX_EXECUTION_DATE='2025-12-31T00:00:00+00:00' AIRFLOW_CTX_TRY_NUMBER='1' AIRFLOW_CTX_DAG_RUN_ID='scheduled__2025-12-31T00:00:00+00:00'
[2026-01-01T02:17:08.715+0000] {taskinstance.py:430} INFO - ::endgroup::
[2026-01-01T02:17:08.727+0000] {logging_mixin.py:188} INFO - Bắt đầu xử lý batch 5 mã: ['GMA', 'GLW', 'GLT', 'GLC', 'GKM']
[2026-01-01T02:17:08.727+0000] {logging_mixin.py:188} INFO -  >> Đang lấy dữ liệu: GMA
[2026-01-01T02:17:08.883+0000] {logging_mixin.py:188} INFO -  Lỗi xử lý mã GMA: Failed to fetch data: 429 - Too Many Requests
[2026-01-01T02:17:08.884+0000] {logging_mixin.py:188} INFO -  >> Đang lấy dữ liệu: GLW
[2026-01-01T02:17:08.999+0000] {logging_mixin.py:188} INFO -  Lỗi xử lý mã GLW: Failed to fetch data: 429 - Too Many Requests
[2026-01-01T02:17:09.000+0000] {logging_mixin.py:188} INFO -  >> Đang lấy dữ liệu: GLT
[2026-01-01T02:17:09.116+0000] {logging_mixin.py:188} INFO -  Lỗi xử lý mã GLT: Failed to fetch data: 429 - Too Many Requests
[2026-01-01T02:17:09.117+0000] {logging_mixin.py:188} INFO -  >> Đang lấy dữ liệu: GLC
[2026-01-01T02:17:09.239+0000] {logging_mixin.py:188} INFO -  Lỗi xử lý mã GLC: Failed to fetch data: 429 - Too Many Requests
[2026-01-01T02:17:09.241+0000] {logging_mixin.py:188} INFO -  >> Đang lấy dữ liệu: GKM
[2026-01-01T02:17:09.426+0000] {logging_mixin.py:188} INFO -  Lỗi xử lý mã GKM: Failed to fetch data: 429 - Too Many Requests
[2026-01-01T02:17:09.427+0000] {logging_mixin.py:188} INFO -  ⚠ Batch này không thu được dữ liệu nào.
[2026-01-01T02:17:09.435+0000] {datalake_df2csv.py:40} INFO - DataFrame rỗng, bỏ qua upload CSV.
[2026-01-01T02:17:09.437+0000] {taskinstance.py:441} INFO - ::group::Post task execution logs
[2026-01-01T02:17:09.458+0000] {taskinstance.py:1206} INFO - Marking task as SUCCESS. dag_id=thongtin_cty_bctc, task_id=ingest_bctc, run_id=scheduled__2025-12-31T00:00:00+00:00, map_index=242, execution_date=20251231T000000, start_date=20260101T021707, end_date=20260101T021709
[2026-01-01T02:17:09.518+0000] {local_task_job_runner.py:243} INFO - Task exited with return code 0
[2026-01-01T02:17:09.552+0000] {local_task_job_runner.py:222} INFO - ::endgroup::
