[2026-01-12T15:27:20.520+0000] {local_task_job_runner.py:120} INFO - ::group::Pre task execution logs
[2026-01-12T15:27:20.609+0000] {taskinstance.py:2076} INFO - Dependencies all met for dep_context=non-requeueable deps ti=<TaskInstance: financial_ratios_etl.ingest_financial_ratios manual__2026-01-12T15:14:43+00:00 map_index=810 [queued]>
[2026-01-12T15:27:20.679+0000] {taskinstance.py:2076} INFO - Dependencies all met for dep_context=requeueable deps ti=<TaskInstance: financial_ratios_etl.ingest_financial_ratios manual__2026-01-12T15:14:43+00:00 map_index=810 [queued]>
[2026-01-12T15:27:20.680+0000] {taskinstance.py:2306} INFO - Starting attempt 1 of 2
[2026-01-12T15:27:20.697+0000] {taskinstance.py:2330} INFO - Executing <Mapped(DfToCsvOperator): ingest_financial_ratios> on 2026-01-12 15:14:43+00:00
[2026-01-12T15:27:20.713+0000] {warnings.py:112} WARNING - This process (pid=10655) is multi-threaded, use of fork() may lead to deadlocks in the child.

[2026-01-12T15:27:20.715+0000] {standard_task_runner.py:64} INFO - Started process 10755 to run task
[2026-01-12T15:27:20.717+0000] {standard_task_runner.py:90} INFO - Running: ['***', 'tasks', 'run', 'financial_ratios_etl', 'ingest_financial_ratios', 'manual__2026-01-12T15:14:43+00:00', '--job-id', '14515', '--raw', '--subdir', 'DAGS_FOLDER/financial_ratios_etl.py', '--cfg-path', '/tmp/tmpl_j7no7x', '--map-index', '810']
[2026-01-12T15:27:20.720+0000] {standard_task_runner.py:91} INFO - Job 14515: Subtask ingest_financial_ratios
[2026-01-12T15:27:20.776+0000] {task_command.py:426} INFO - Running <TaskInstance: financial_ratios_etl.ingest_financial_ratios manual__2026-01-12T15:14:43+00:00 map_index=810 [running]> on host 5a20a797a43c
[2026-01-12T15:27:20.912+0000] {taskinstance.py:2648} INFO - Exporting env vars: AIRFLOW_CTX_DAG_OWNER='***' AIRFLOW_CTX_DAG_ID='financial_ratios_etl' AIRFLOW_CTX_TASK_ID='ingest_financial_ratios' AIRFLOW_CTX_EXECUTION_DATE='2026-01-12T15:14:43+00:00' AIRFLOW_CTX_TRY_NUMBER='1' AIRFLOW_CTX_DAG_RUN_ID='manual__2026-01-12T15:14:43+00:00'
[2026-01-12T15:27:20.913+0000] {taskinstance.py:430} INFO - ::endgroup::
[2026-01-12T15:27:20.920+0000] {logging_mixin.py:188} INFO - [RATIO] Bắt đầu xử lý batch 2 mã: ['BIC', 'BHT']
[2026-01-12T15:27:20.921+0000] {logging_mixin.py:188} INFO - [RATIO] Kỳ dữ liệu: quarter
[2026-01-12T15:27:20.922+0000] {logging_mixin.py:188} INFO -  >> [RATIO] Đang lấy dữ liệu: BIC
[2026-01-12T15:27:21.978+0000] {logging_mixin.py:188} INFO -  ✓ [RATIO] BIC: 51 rows
[2026-01-12T15:27:23.979+0000] {logging_mixin.py:188} INFO -  >> [RATIO] Đang lấy dữ liệu: BHT
[2026-01-12T15:27:24.789+0000] {logging_mixin.py:188} INFO -  ✓ [RATIO] BHT: 21 rows
[2026-01-12T15:27:26.794+0000] {logging_mixin.py:188} INFO -  ✅ [RATIO] Hoàn thành batch. Tổng số dòng: 72
[2026-01-12T15:27:26.814+0000] {base.py:84} INFO - Using connection ID 'minio_finance' for task execution.
[2026-01-12T15:27:26.815+0000] {connection_wrapper.py:384} INFO - AWS Connection (conn_id='minio_finance', conn_type='aws') credentials retrieved from login and password.
[2026-01-12T15:27:27.550+0000] {datalake_df2csv.py:52} INFO - ✅ Đã upload 72 dòng -> s3://thongtin-congty-va-bctc/financial_ratios/2026-01-12/batch_810.csv
[2026-01-12T15:27:27.552+0000] {taskinstance.py:441} INFO - ::group::Post task execution logs
[2026-01-12T15:27:27.570+0000] {taskinstance.py:1206} INFO - Marking task as SUCCESS. dag_id=financial_ratios_etl, task_id=ingest_financial_ratios, run_id=manual__2026-01-12T15:14:43+00:00, map_index=810, execution_date=20260112T151443, start_date=20260112T152720, end_date=20260112T152727
[2026-01-12T15:27:27.639+0000] {local_task_job_runner.py:243} INFO - Task exited with return code 0
[2026-01-12T15:27:27.650+0000] {local_task_job_runner.py:222} INFO - ::endgroup::
