[2026-01-01T02:58:17.852+0000] {local_task_job_runner.py:120} INFO - ::group::Pre task execution logs
[2026-01-01T02:58:17.930+0000] {taskinstance.py:2076} INFO - Dependencies all met for dep_context=non-requeueable deps ti=<TaskInstance: thongtin_cty_bctc.ingest_overview scheduled__2025-12-30T00:00:00+00:00 map_index=7 [queued]>
[2026-01-01T02:58:17.971+0000] {taskinstance.py:2076} INFO - Dependencies all met for dep_context=requeueable deps ti=<TaskInstance: thongtin_cty_bctc.ingest_overview scheduled__2025-12-30T00:00:00+00:00 map_index=7 [queued]>
[2026-01-01T02:58:17.972+0000] {taskinstance.py:2306} INFO - Starting attempt 4 of 5
[2026-01-01T02:58:18.003+0000] {taskinstance.py:2330} INFO - Executing <Mapped(DfToCsvOperator): ingest_overview> on 2025-12-30 00:00:00+00:00
[2026-01-01T02:58:18.021+0000] {warnings.py:112} WARNING - This process (pid=20453) is multi-threaded, use of fork() may lead to deadlocks in the child.

[2026-01-01T02:58:18.024+0000] {standard_task_runner.py:64} INFO - Started process 20555 to run task
[2026-01-01T02:58:18.035+0000] {standard_task_runner.py:90} INFO - Running: ['***', 'tasks', 'run', 'thongtin_cty_bctc', 'ingest_overview', 'scheduled__2025-12-30T00:00:00+00:00', '--job-id', '2371', '--raw', '--subdir', 'DAGS_FOLDER/tt_cty_bctc.py', '--cfg-path', '/tmp/tmpo4u4jbl6', '--map-index', '7']
[2026-01-01T02:58:18.044+0000] {standard_task_runner.py:91} INFO - Job 2371: Subtask ingest_overview
[2026-01-01T02:58:18.211+0000] {task_command.py:426} INFO - Running <TaskInstance: thongtin_cty_bctc.ingest_overview scheduled__2025-12-30T00:00:00+00:00 map_index=7 [running]> on host 43b0a0f7606b
[2026-01-01T02:58:18.542+0000] {taskinstance.py:2648} INFO - Exporting env vars: AIRFLOW_CTX_DAG_OWNER='***' AIRFLOW_CTX_DAG_ID='thongtin_cty_bctc' AIRFLOW_CTX_TASK_ID='ingest_overview' AIRFLOW_CTX_EXECUTION_DATE='2025-12-30T00:00:00+00:00' AIRFLOW_CTX_TRY_NUMBER='4' AIRFLOW_CTX_DAG_RUN_ID='scheduled__2025-12-30T00:00:00+00:00'
[2026-01-01T02:58:18.547+0000] {taskinstance.py:430} INFO - ::endgroup::
[2026-01-01T02:58:18.730+0000] {logging_mixin.py:188} INFO - Err overview POW: Failed to fetch data: 429 - Too Many Requests
[2026-01-01T02:58:19.872+0000] {logging_mixin.py:188} INFO - Err overview PVD: Failed to fetch data: 429 - Too Many Requests
[2026-01-01T02:58:21.068+0000] {logging_mixin.py:188} INFO - Err overview PVS: Failed to fetch data: 429 - Too Many Requests
[2026-01-01T02:58:22.089+0000] {datalake_df2csv.py:40} INFO - DataFrame rỗng, bỏ qua upload CSV.
[2026-01-01T02:58:22.090+0000] {taskinstance.py:441} INFO - ::group::Post task execution logs
[2026-01-01T02:58:22.107+0000] {taskinstance.py:1206} INFO - Marking task as SUCCESS. dag_id=thongtin_cty_bctc, task_id=ingest_overview, run_id=scheduled__2025-12-30T00:00:00+00:00, map_index=7, execution_date=20251230T000000, start_date=20260101T025817, end_date=20260101T025822
[2026-01-01T02:58:22.428+0000] {local_task_job_runner.py:243} INFO - Task exited with return code 0
[2026-01-01T02:58:22.577+0000] {taskinstance.py:3503} INFO - 0 downstream tasks scheduled from follow-on schedule check
[2026-01-01T02:58:22.594+0000] {local_task_job_runner.py:222} INFO - ::endgroup::
