[2026-01-01T09:07:10.855+0000] {local_task_job_runner.py:120} INFO - ::group::Pre task execution logs
[2026-01-01T09:07:10.908+0000] {taskinstance.py:2076} INFO - Dependencies all met for dep_context=non-requeueable deps ti=<TaskInstance: thongtin_cty_bctc.ingest_bctc scheduled__2025-12-30T00:00:00+00:00 map_index=71 [queued]>
[2026-01-01T09:07:10.947+0000] {taskinstance.py:2076} INFO - Dependencies all met for dep_context=requeueable deps ti=<TaskInstance: thongtin_cty_bctc.ingest_bctc scheduled__2025-12-30T00:00:00+00:00 map_index=71 [queued]>
[2026-01-01T09:07:10.948+0000] {taskinstance.py:2306} INFO - Starting attempt 4 of 5
[2026-01-01T09:07:10.973+0000] {taskinstance.py:2330} INFO - Executing <Mapped(DfToCsvOperator): ingest_bctc> on 2025-12-30 00:00:00+00:00
[2026-01-01T09:07:10.987+0000] {warnings.py:112} WARNING - This process (pid=11071) is multi-threaded, use of fork() may lead to deadlocks in the child.

[2026-01-01T09:07:10.989+0000] {standard_task_runner.py:64} INFO - Started process 11127 to run task
[2026-01-01T09:07:10.991+0000] {standard_task_runner.py:90} INFO - Running: ['***', 'tasks', 'run', 'thongtin_cty_bctc', 'ingest_bctc', 'scheduled__2025-12-30T00:00:00+00:00', '--job-id', '4642', '--raw', '--subdir', 'DAGS_FOLDER/tt_cty_bctc.py', '--cfg-path', '/tmp/tmprb5tthgf', '--map-index', '71']
[2026-01-01T09:07:10.993+0000] {standard_task_runner.py:91} INFO - Job 4642: Subtask ingest_bctc
[2026-01-01T09:07:11.064+0000] {task_command.py:426} INFO - Running <TaskInstance: thongtin_cty_bctc.ingest_bctc scheduled__2025-12-30T00:00:00+00:00 map_index=71 [running]> on host b455963a0603
[2026-01-01T09:07:11.190+0000] {taskinstance.py:2648} INFO - Exporting env vars: AIRFLOW_CTX_DAG_OWNER='***' AIRFLOW_CTX_DAG_ID='thongtin_cty_bctc' AIRFLOW_CTX_TASK_ID='ingest_bctc' AIRFLOW_CTX_EXECUTION_DATE='2025-12-30T00:00:00+00:00' AIRFLOW_CTX_TRY_NUMBER='4' AIRFLOW_CTX_DAG_RUN_ID='scheduled__2025-12-30T00:00:00+00:00'
[2026-01-01T09:07:11.192+0000] {taskinstance.py:430} INFO - ::endgroup::
[2026-01-01T09:07:11.210+0000] {logging_mixin.py:188} INFO - Bắt đầu xử lý batch 3 mã: ['UEM', 'UDL', 'UDJ']
[2026-01-01T09:07:11.211+0000] {logging_mixin.py:188} INFO -  >> Đang lấy dữ liệu: UEM
[2026-01-01T09:07:14.465+0000] {logging_mixin.py:188} INFO -  >> Đang lấy dữ liệu: UDL
[2026-01-01T09:07:19.567+0000] {logging_mixin.py:188} INFO - ❌ Lỗi income_statement: RetryError[<Future at 0x7f26aa33bb00 state=finished raised KeyError>]
[2026-01-01T09:07:24.043+0000] {logging_mixin.py:188} INFO - ❌ Lỗi balance_sheet: RetryError[<Future at 0x7f266ee331a0 state=finished raised KeyError>]
[2026-01-01T09:07:28.647+0000] {logging_mixin.py:188} INFO - ❌ Lỗi cash_flow: RetryError[<Future at 0x7f266ee30050 state=finished raised KeyError>]
[2026-01-01T09:07:29.648+0000] {logging_mixin.py:188} INFO -  >> Đang lấy dữ liệu: UDJ
[2026-01-01T09:07:33.792+0000] {logging_mixin.py:188} INFO -  ✓ Hoàn thành batch. Tổng số dòng: 4092
[2026-01-01T09:07:33.830+0000] {base.py:84} INFO - Using connection ID 'minio_finance' for task execution.
[2026-01-01T09:07:33.832+0000] {connection_wrapper.py:384} INFO - AWS Connection (conn_id='minio_finance', conn_type='aws') credentials retrieved from login and password.
[2026-01-01T09:07:34.253+0000] {datalake_df2csv.py:53} INFO - ✅ Đã upload 4092 dòng -> s3://thongtin-congty-va-bctc/bctc/2025-12-30/batch_71.csv
[2026-01-01T09:07:34.255+0000] {taskinstance.py:441} INFO - ::group::Post task execution logs
[2026-01-01T09:07:34.266+0000] {taskinstance.py:1206} INFO - Marking task as SUCCESS. dag_id=thongtin_cty_bctc, task_id=ingest_bctc, run_id=scheduled__2025-12-30T00:00:00+00:00, map_index=71, execution_date=20251230T000000, start_date=20260101T090710, end_date=20260101T090734
[2026-01-01T09:07:34.307+0000] {local_task_job_runner.py:243} INFO - Task exited with return code 0
[2026-01-01T09:07:34.558+0000] {taskinstance.py:3503} INFO - 0 downstream tasks scheduled from follow-on schedule check
[2026-01-01T09:07:34.563+0000] {local_task_job_runner.py:222} INFO - ::endgroup::
