[2026-01-10T15:16:09.232+0000] {local_task_job_runner.py:120} INFO - ::group::Pre task execution logs
[2026-01-10T15:16:09.644+0000] {taskinstance.py:2076} INFO - Dependencies all met for dep_context=non-requeueable deps ti=<TaskInstance: thongtin_cty_bctc.ingest_bctc scheduled__2025-12-30T00:00:00+00:00 map_index=430 [queued]>
[2026-01-10T15:16:09.810+0000] {taskinstance.py:2076} INFO - Dependencies all met for dep_context=requeueable deps ti=<TaskInstance: thongtin_cty_bctc.ingest_bctc scheduled__2025-12-30T00:00:00+00:00 map_index=430 [queued]>
[2026-01-10T15:16:09.811+0000] {taskinstance.py:2306} INFO - Starting attempt 1 of 2
[2026-01-10T15:16:12.158+0000] {taskinstance.py:2330} INFO - Executing <Mapped(DfToCsvOperator): ingest_bctc> on 2025-12-30 00:00:00+00:00
[2026-01-10T15:16:12.177+0000] {warnings.py:112} WARNING - This process (pid=9253) is multi-threaded, use of fork() may lead to deadlocks in the child.

[2026-01-10T15:16:12.179+0000] {standard_task_runner.py:64} INFO - Started process 9328 to run task
[2026-01-10T15:16:12.181+0000] {standard_task_runner.py:90} INFO - Running: ['***', 'tasks', 'run', 'thongtin_cty_bctc', 'ingest_bctc', 'scheduled__2025-12-30T00:00:00+00:00', '--job-id', '9388', '--raw', '--subdir', 'DAGS_FOLDER/tt_cty_bctc.py', '--cfg-path', '/tmp/tmpf8k_e5vo', '--map-index', '430']
[2026-01-10T15:16:12.183+0000] {standard_task_runner.py:91} INFO - Job 9388: Subtask ingest_bctc
[2026-01-10T15:16:12.260+0000] {task_command.py:426} INFO - Running <TaskInstance: thongtin_cty_bctc.ingest_bctc scheduled__2025-12-30T00:00:00+00:00 map_index=430 [running]> on host c44bcb92a951
[2026-01-10T15:16:12.387+0000] {taskinstance.py:2648} INFO - Exporting env vars: AIRFLOW_CTX_DAG_OWNER='***' AIRFLOW_CTX_DAG_ID='thongtin_cty_bctc' AIRFLOW_CTX_TASK_ID='ingest_bctc' AIRFLOW_CTX_EXECUTION_DATE='2025-12-30T00:00:00+00:00' AIRFLOW_CTX_TRY_NUMBER='1' AIRFLOW_CTX_DAG_RUN_ID='scheduled__2025-12-30T00:00:00+00:00'
[2026-01-10T15:16:12.389+0000] {taskinstance.py:430} INFO - ::endgroup::
[2026-01-10T15:16:12.397+0000] {logging_mixin.py:188} INFO - Bắt đầu xử lý batch 3 mã: ['DXL', 'DXG', 'DX2']
[2026-01-10T15:16:12.398+0000] {logging_mixin.py:188} INFO -  >> Đang lấy dữ liệu: DXL
[2026-01-10T15:16:14.695+0000] {logging_mixin.py:188} INFO -  >> Đang lấy dữ liệu: DXG
[2026-01-10T15:16:18.065+0000] {logging_mixin.py:188} INFO -  >> Đang lấy dữ liệu: DX2
[2026-01-10T15:16:22.737+0000] {logging_mixin.py:188} INFO - ❌ Lỗi income_statement: RetryError[<Future at 0x7f17d51931d0 state=finished raised KeyError>]
[2026-01-10T15:16:27.162+0000] {logging_mixin.py:188} INFO - ❌ Lỗi balance_sheet: RetryError[<Future at 0x7f17d5190590 state=finished raised KeyError>]
[2026-01-10T15:16:31.590+0000] {logging_mixin.py:188} INFO - ❌ Lỗi cash_flow: RetryError[<Future at 0x7f17d51908f0 state=finished raised KeyError>]
[2026-01-10T15:16:32.594+0000] {logging_mixin.py:188} INFO -  ✓ Hoàn thành batch. Tổng số dòng: 5110
[2026-01-10T15:16:32.648+0000] {base.py:84} INFO - Using connection ID 'minio_finance' for task execution.
[2026-01-10T15:16:32.649+0000] {connection_wrapper.py:384} INFO - AWS Connection (conn_id='minio_finance', conn_type='aws') credentials retrieved from login and password.
[2026-01-10T15:16:33.365+0000] {datalake_df2csv.py:52} INFO - ✅ Đã upload 5110 dòng -> s3://thongtin-congty-va-bctc/bctc/2025-12-30/batch_430.csv
[2026-01-10T15:16:33.366+0000] {taskinstance.py:441} INFO - ::group::Post task execution logs
[2026-01-10T15:16:33.376+0000] {taskinstance.py:1206} INFO - Marking task as SUCCESS. dag_id=thongtin_cty_bctc, task_id=ingest_bctc, run_id=scheduled__2025-12-30T00:00:00+00:00, map_index=430, execution_date=20251230T000000, start_date=20260110T151609, end_date=20260110T151633
[2026-01-10T15:16:33.401+0000] {local_task_job_runner.py:243} INFO - Task exited with return code 0
[2026-01-10T15:16:33.409+0000] {local_task_job_runner.py:222} INFO - ::endgroup::
