[2026-01-11T03:06:56.064+0000] {local_task_job_runner.py:120} INFO - ::group::Pre task execution logs
[2026-01-11T03:06:56.094+0000] {taskinstance.py:2076} INFO - Dependencies all met for dep_context=non-requeueable deps ti=<TaskInstance: thongtin_cty_bctc.ingest_bctc manual__2026-01-11T03:04:17.829778+00:00 map_index=10 [queued]>
[2026-01-11T03:06:56.111+0000] {taskinstance.py:2076} INFO - Dependencies all met for dep_context=requeueable deps ti=<TaskInstance: thongtin_cty_bctc.ingest_bctc manual__2026-01-11T03:04:17.829778+00:00 map_index=10 [queued]>
[2026-01-11T03:06:56.112+0000] {taskinstance.py:2306} INFO - Starting attempt 1 of 2
[2026-01-11T03:06:56.136+0000] {taskinstance.py:2330} INFO - Executing <Mapped(DfToCsvOperator): ingest_bctc> on 2026-01-11 03:04:17.829778+00:00
[2026-01-11T03:06:56.152+0000] {warnings.py:112} WARNING - This process (pid=1328) is multi-threaded, use of fork() may lead to deadlocks in the child.

[2026-01-11T03:06:56.154+0000] {standard_task_runner.py:64} INFO - Started process 1384 to run task
[2026-01-11T03:06:56.156+0000] {standard_task_runner.py:90} INFO - Running: ['***', 'tasks', 'run', 'thongtin_cty_bctc', 'ingest_bctc', 'manual__2026-01-11T03:04:17.829778+00:00', '--job-id', '9740', '--raw', '--subdir', 'DAGS_FOLDER/tt_cty_bctc.py', '--cfg-path', '/tmp/tmpw9_v7z84', '--map-index', '10']
[2026-01-11T03:06:56.158+0000] {standard_task_runner.py:91} INFO - Job 9740: Subtask ingest_bctc
[2026-01-11T03:06:56.230+0000] {task_command.py:426} INFO - Running <TaskInstance: thongtin_cty_bctc.ingest_bctc manual__2026-01-11T03:04:17.829778+00:00 map_index=10 [running]> on host 3f2af93df813
[2026-01-11T03:06:56.419+0000] {taskinstance.py:2648} INFO - Exporting env vars: AIRFLOW_CTX_DAG_OWNER='***' AIRFLOW_CTX_DAG_ID='thongtin_cty_bctc' AIRFLOW_CTX_TASK_ID='ingest_bctc' AIRFLOW_CTX_EXECUTION_DATE='2026-01-11T03:04:17.829778+00:00' AIRFLOW_CTX_TRY_NUMBER='1' AIRFLOW_CTX_DAG_RUN_ID='manual__2026-01-11T03:04:17.829778+00:00'
[2026-01-11T03:06:56.422+0000] {taskinstance.py:430} INFO - ::endgroup::
[2026-01-11T03:06:56.436+0000] {logging_mixin.py:188} INFO - Bắt đầu xử lý batch 20 mã: ['V21', 'V15', 'V12', 'V11', 'UXC', 'UTT', 'USD', 'USC', 'UPH', 'UPC', 'UNI', 'UMC', 'UIC', 'UEM', 'UDL', 'UDJ', 'UDC', 'UCT', 'TYA', 'TXM']
[2026-01-11T03:06:56.437+0000] {logging_mixin.py:188} INFO -  >> Đang lấy dữ liệu: V21
[2026-01-11T03:06:57.729+0000] {logging_mixin.py:188} INFO -  Lỗi xử lý mã V21: Failed to fetch data: 429 - Too Many Requests
[2026-01-11T03:06:57.731+0000] {logging_mixin.py:188} INFO -  >> Đang lấy dữ liệu: V15
[2026-01-11T03:06:57.968+0000] {logging_mixin.py:188} INFO -  Lỗi xử lý mã V15: Failed to fetch data: 429 - Too Many Requests
[2026-01-11T03:06:57.970+0000] {logging_mixin.py:188} INFO -  >> Đang lấy dữ liệu: V12
[2026-01-11T03:06:58.247+0000] {logging_mixin.py:188} INFO -  Lỗi xử lý mã V12: Failed to fetch data: 429 - Too Many Requests
[2026-01-11T03:06:58.248+0000] {logging_mixin.py:188} INFO -  >> Đang lấy dữ liệu: V11
[2026-01-11T03:06:58.470+0000] {logging_mixin.py:188} INFO -  Lỗi xử lý mã V11: Failed to fetch data: 429 - Too Many Requests
[2026-01-11T03:06:58.471+0000] {logging_mixin.py:188} INFO -  >> Đang lấy dữ liệu: UXC
[2026-01-11T03:06:58.698+0000] {logging_mixin.py:188} INFO -  Lỗi xử lý mã UXC: Failed to fetch data: 429 - Too Many Requests
[2026-01-11T03:06:58.699+0000] {logging_mixin.py:188} INFO -  >> Đang lấy dữ liệu: UTT
[2026-01-11T03:06:58.906+0000] {logging_mixin.py:188} INFO -  Lỗi xử lý mã UTT: Failed to fetch data: 429 - Too Many Requests
[2026-01-11T03:06:58.907+0000] {logging_mixin.py:188} INFO -  >> Đang lấy dữ liệu: USD
[2026-01-11T03:07:03.616+0000] {logging_mixin.py:188} INFO -  Lỗi xử lý mã USD: Failed to fetch data: 429 - Too Many Requests
[2026-01-11T03:07:03.617+0000] {logging_mixin.py:188} INFO -  >> Đang lấy dữ liệu: USC
[2026-01-11T03:07:03.925+0000] {logging_mixin.py:188} INFO -  Lỗi xử lý mã USC: Failed to fetch data: 429 - Too Many Requests
[2026-01-11T03:07:03.926+0000] {logging_mixin.py:188} INFO -  >> Đang lấy dữ liệu: UPH
[2026-01-11T03:07:04.121+0000] {logging_mixin.py:188} INFO -  Lỗi xử lý mã UPH: Failed to fetch data: 429 - Too Many Requests
[2026-01-11T03:07:04.122+0000] {logging_mixin.py:188} INFO -  >> Đang lấy dữ liệu: UPC
[2026-01-11T03:07:05.220+0000] {logging_mixin.py:188} INFO -  Lỗi xử lý mã UPC: Failed to fetch data: 429 - Too Many Requests
[2026-01-11T03:07:05.222+0000] {logging_mixin.py:188} INFO -  >> Đang lấy dữ liệu: UNI
[2026-01-11T03:07:06.255+0000] {logging_mixin.py:188} INFO -  Lỗi xử lý mã UNI: Failed to fetch data: 429 - Too Many Requests
[2026-01-11T03:07:06.257+0000] {logging_mixin.py:188} INFO -  >> Đang lấy dữ liệu: UMC
[2026-01-11T03:07:06.523+0000] {logging_mixin.py:188} INFO -  Lỗi xử lý mã UMC: Failed to fetch data: 429 - Too Many Requests
[2026-01-11T03:07:06.524+0000] {logging_mixin.py:188} INFO -  >> Đang lấy dữ liệu: UIC
[2026-01-11T03:07:07.224+0000] {logging_mixin.py:188} INFO -  Lỗi xử lý mã UIC: Failed to fetch data: 429 - Too Many Requests
[2026-01-11T03:07:07.226+0000] {logging_mixin.py:188} INFO -  >> Đang lấy dữ liệu: UEM
[2026-01-11T03:07:07.600+0000] {logging_mixin.py:188} INFO -  Lỗi xử lý mã UEM: Failed to fetch data: 429 - Too Many Requests
[2026-01-11T03:07:07.601+0000] {logging_mixin.py:188} INFO -  >> Đang lấy dữ liệu: UDL
[2026-01-11T03:07:07.835+0000] {logging_mixin.py:188} INFO -  Lỗi xử lý mã UDL: Failed to fetch data: 429 - Too Many Requests
[2026-01-11T03:07:07.836+0000] {logging_mixin.py:188} INFO -  >> Đang lấy dữ liệu: UDJ
[2026-01-11T03:07:07.968+0000] {logging_mixin.py:188} INFO -  Lỗi xử lý mã UDJ: Failed to fetch data: 429 - Too Many Requests
[2026-01-11T03:07:07.969+0000] {logging_mixin.py:188} INFO -  >> Đang lấy dữ liệu: UDC
[2026-01-11T03:07:08.070+0000] {logging_mixin.py:188} INFO -  Lỗi xử lý mã UDC: Failed to fetch data: 429 - Too Many Requests
[2026-01-11T03:07:08.072+0000] {logging_mixin.py:188} INFO -  >> Đang lấy dữ liệu: UCT
[2026-01-11T03:07:25.005+0000] {logging_mixin.py:188} INFO -  Lỗi xử lý mã UCT: Failed to fetch data: 429 - Too Many Requests
[2026-01-11T03:07:25.007+0000] {logging_mixin.py:188} INFO -  >> Đang lấy dữ liệu: TYA
[2026-01-11T03:07:25.188+0000] {logging_mixin.py:188} INFO -  Lỗi xử lý mã TYA: Failed to fetch data: 429 - Too Many Requests
[2026-01-11T03:07:25.189+0000] {logging_mixin.py:188} INFO -  >> Đang lấy dữ liệu: TXM
[2026-01-11T03:07:25.610+0000] {logging_mixin.py:188} INFO -  Lỗi xử lý mã TXM: Failed to fetch data: 429 - Too Many Requests
[2026-01-11T03:07:25.611+0000] {logging_mixin.py:188} INFO -  ⚠ Batch này không thu được dữ liệu nào.
[2026-01-11T03:07:25.614+0000] {datalake_df2csv.py:40} INFO - DataFrame rỗng, bỏ qua upload CSV.
[2026-01-11T03:07:25.615+0000] {taskinstance.py:441} INFO - ::group::Post task execution logs
[2026-01-11T03:07:25.630+0000] {taskinstance.py:1206} INFO - Marking task as SUCCESS. dag_id=thongtin_cty_bctc, task_id=ingest_bctc, run_id=manual__2026-01-11T03:04:17.829778+00:00, map_index=10, execution_date=20260111T030417, start_date=20260111T030656, end_date=20260111T030725
[2026-01-11T03:07:26.136+0000] {local_task_job_runner.py:243} INFO - Task exited with return code 0
[2026-01-11T03:07:26.154+0000] {taskinstance.py:3503} INFO - 0 downstream tasks scheduled from follow-on schedule check
[2026-01-11T03:07:26.156+0000] {local_task_job_runner.py:222} INFO - ::endgroup::
