[2026-01-12T14:11:45.083+0000] {local_task_job_runner.py:120} INFO - ::group::Pre task execution logs
[2026-01-12T14:11:45.142+0000] {taskinstance.py:2076} INFO - Dependencies all met for dep_context=non-requeueable deps ti=<TaskInstance: daily_price_minio.ingest_daily_price manual__2026-01-12T14:07:40.988868+00:00 map_index=240 [queued]>
[2026-01-12T14:11:45.182+0000] {taskinstance.py:2076} INFO - Dependencies all met for dep_context=requeueable deps ti=<TaskInstance: daily_price_minio.ingest_daily_price manual__2026-01-12T14:07:40.988868+00:00 map_index=240 [queued]>
[2026-01-12T14:11:45.183+0000] {taskinstance.py:2306} INFO - Starting attempt 1 of 2
[2026-01-12T14:11:45.238+0000] {taskinstance.py:2330} INFO - Executing <Mapped(DfToCsvOperator): ingest_daily_price> on 2026-01-12 14:07:40.988868+00:00
[2026-01-12T14:11:45.259+0000] {warnings.py:112} WARNING - This process (pid=3523) is multi-threaded, use of fork() may lead to deadlocks in the child.

[2026-01-12T14:11:45.261+0000] {standard_task_runner.py:64} INFO - Started process 3604 to run task
[2026-01-12T14:11:45.270+0000] {standard_task_runner.py:90} INFO - Running: ['***', 'tasks', 'run', 'daily_price_minio', 'ingest_daily_price', 'manual__2026-01-12T14:07:40.988868+00:00', '--job-id', '12575', '--raw', '--subdir', 'DAGS_FOLDER/daily_price_minio.py', '--cfg-path', '/tmp/tmpptbb9vhi', '--map-index', '240']
[2026-01-12T14:11:45.275+0000] {standard_task_runner.py:91} INFO - Job 12575: Subtask ingest_daily_price
[2026-01-12T14:11:45.346+0000] {task_command.py:426} INFO - Running <TaskInstance: daily_price_minio.ingest_daily_price manual__2026-01-12T14:07:40.988868+00:00 map_index=240 [running]> on host 5a20a797a43c
[2026-01-12T14:11:45.574+0000] {taskinstance.py:2648} INFO - Exporting env vars: AIRFLOW_CTX_DAG_OWNER='***' AIRFLOW_CTX_DAG_ID='daily_price_minio' AIRFLOW_CTX_TASK_ID='ingest_daily_price' AIRFLOW_CTX_EXECUTION_DATE='2026-01-12T14:07:40.988868+00:00' AIRFLOW_CTX_TRY_NUMBER='1' AIRFLOW_CTX_DAG_RUN_ID='manual__2026-01-12T14:07:40.988868+00:00'
[2026-01-12T14:11:45.576+0000] {taskinstance.py:430} INFO - ::endgroup::
[2026-01-12T14:11:52.169+0000] {logging_mixin.py:188} INFO - GQN: RetryError[<Future at 0x7feef6f69cd0 state=finished raised ValueError>]
[2026-01-12T14:11:53.397+0000] {base.py:84} INFO - Using connection ID 'minio_finance' for task execution.
[2026-01-12T14:11:53.402+0000] {connection_wrapper.py:384} INFO - AWS Connection (conn_id='minio_finance', conn_type='aws') credentials retrieved from login and password.
[2026-01-12T14:11:54.355+0000] {datalake_df2csv.py:52} INFO - ✅ Đã upload 16 dòng -> s3://thongtin-congty-va-bctc/daily_price/2026-01-12/batch_240.csv
[2026-01-12T14:11:54.356+0000] {taskinstance.py:441} INFO - ::group::Post task execution logs
[2026-01-12T14:11:54.370+0000] {taskinstance.py:1206} INFO - Marking task as SUCCESS. dag_id=daily_price_minio, task_id=ingest_daily_price, run_id=manual__2026-01-12T14:07:40.988868+00:00, map_index=240, execution_date=20260112T140740, start_date=20260112T141145, end_date=20260112T141154
[2026-01-12T14:11:54.469+0000] {local_task_job_runner.py:243} INFO - Task exited with return code 0
[2026-01-12T14:11:54.493+0000] {local_task_job_runner.py:222} INFO - ::endgroup::
