[2026-01-01T02:37:30.950+0000] {local_task_job_runner.py:120} INFO - ::group::Pre task execution logs
[2026-01-01T02:37:30.985+0000] {taskinstance.py:2076} INFO - Dependencies all met for dep_context=non-requeueable deps ti=<TaskInstance: thongtin_cty_bctc.ingest_bctc scheduled__2025-12-30T00:00:00+00:00 map_index=68 [queued]>
[2026-01-01T02:37:31.017+0000] {taskinstance.py:2076} INFO - Dependencies all met for dep_context=requeueable deps ti=<TaskInstance: thongtin_cty_bctc.ingest_bctc scheduled__2025-12-30T00:00:00+00:00 map_index=68 [queued]>
[2026-01-01T02:37:31.018+0000] {taskinstance.py:2306} INFO - Starting attempt 2 of 3
[2026-01-01T02:37:31.045+0000] {taskinstance.py:2330} INFO - Executing <Mapped(DfToCsvOperator): ingest_bctc> on 2025-12-30 00:00:00+00:00
[2026-01-01T02:37:31.058+0000] {warnings.py:112} WARNING - This process (pid=17161) is multi-threaded, use of fork() may lead to deadlocks in the child.

[2026-01-01T02:37:31.060+0000] {standard_task_runner.py:64} INFO - Started process 17242 to run task
[2026-01-01T02:37:31.062+0000] {standard_task_runner.py:90} INFO - Running: ['***', 'tasks', 'run', 'thongtin_cty_bctc', 'ingest_bctc', 'scheduled__2025-12-30T00:00:00+00:00', '--job-id', '2092', '--raw', '--subdir', 'DAGS_FOLDER/tt_cty_bctc.py', '--cfg-path', '/tmp/tmpvkllsoxm', '--map-index', '68']
[2026-01-01T02:37:31.064+0000] {standard_task_runner.py:91} INFO - Job 2092: Subtask ingest_bctc
[2026-01-01T02:37:31.135+0000] {task_command.py:426} INFO - Running <TaskInstance: thongtin_cty_bctc.ingest_bctc scheduled__2025-12-30T00:00:00+00:00 map_index=68 [running]> on host 43b0a0f7606b
[2026-01-01T02:37:31.270+0000] {taskinstance.py:2648} INFO - Exporting env vars: AIRFLOW_CTX_DAG_OWNER='***' AIRFLOW_CTX_DAG_ID='thongtin_cty_bctc' AIRFLOW_CTX_TASK_ID='ingest_bctc' AIRFLOW_CTX_EXECUTION_DATE='2025-12-30T00:00:00+00:00' AIRFLOW_CTX_TRY_NUMBER='2' AIRFLOW_CTX_DAG_RUN_ID='scheduled__2025-12-30T00:00:00+00:00'
[2026-01-01T02:37:31.271+0000] {taskinstance.py:430} INFO - ::endgroup::
[2026-01-01T02:37:31.284+0000] {logging_mixin.py:188} INFO - Bắt đầu xử lý batch 20 mã: ['DMC', 'DM7', 'DLT', 'DLR', 'DLM', 'DLG', 'DLD', 'DL1', 'DKW', 'DKH', 'DKG', 'DKC', 'DIH', 'DIG', 'DID', 'DIC', 'DHT', 'DHP', 'DHN', 'DHM']
[2026-01-01T02:37:31.285+0000] {logging_mixin.py:188} INFO -  >> Đang lấy dữ liệu: DMC
[2026-01-01T02:37:31.425+0000] {logging_mixin.py:188} INFO -  Lỗi xử lý mã DMC: Failed to fetch data: 429 - Too Many Requests
[2026-01-01T02:37:31.430+0000] {logging_mixin.py:188} INFO -  >> Đang lấy dữ liệu: DM7
[2026-01-01T02:37:31.728+0000] {logging_mixin.py:188} INFO -  Lỗi xử lý mã DM7: Failed to fetch data: 429 - Too Many Requests
[2026-01-01T02:37:31.730+0000] {logging_mixin.py:188} INFO -  >> Đang lấy dữ liệu: DLT
[2026-01-01T02:37:31.840+0000] {logging_mixin.py:188} INFO -  Lỗi xử lý mã DLT: Failed to fetch data: 429 - Too Many Requests
[2026-01-01T02:37:31.841+0000] {logging_mixin.py:188} INFO -  >> Đang lấy dữ liệu: DLR
[2026-01-01T02:37:31.954+0000] {logging_mixin.py:188} INFO -  Lỗi xử lý mã DLR: Failed to fetch data: 429 - Too Many Requests
[2026-01-01T02:37:31.955+0000] {logging_mixin.py:188} INFO -  >> Đang lấy dữ liệu: DLM
[2026-01-01T02:37:32.056+0000] {logging_mixin.py:188} INFO -  Lỗi xử lý mã DLM: Failed to fetch data: 429 - Too Many Requests
[2026-01-01T02:37:32.057+0000] {logging_mixin.py:188} INFO -  >> Đang lấy dữ liệu: DLG
[2026-01-01T02:37:32.177+0000] {logging_mixin.py:188} INFO -  Lỗi xử lý mã DLG: Failed to fetch data: 429 - Too Many Requests
[2026-01-01T02:37:32.178+0000] {logging_mixin.py:188} INFO -  >> Đang lấy dữ liệu: DLD
[2026-01-01T02:37:32.284+0000] {logging_mixin.py:188} INFO -  Lỗi xử lý mã DLD: Failed to fetch data: 429 - Too Many Requests
[2026-01-01T02:37:32.285+0000] {logging_mixin.py:188} INFO -  >> Đang lấy dữ liệu: DL1
[2026-01-01T02:37:32.401+0000] {logging_mixin.py:188} INFO -  Lỗi xử lý mã DL1: Failed to fetch data: 429 - Too Many Requests
[2026-01-01T02:37:32.401+0000] {logging_mixin.py:188} INFO -  >> Đang lấy dữ liệu: DKW
[2026-01-01T02:37:32.502+0000] {logging_mixin.py:188} INFO -  Lỗi xử lý mã DKW: Failed to fetch data: 429 - Too Many Requests
[2026-01-01T02:37:32.503+0000] {logging_mixin.py:188} INFO -  >> Đang lấy dữ liệu: DKH
[2026-01-01T02:37:32.714+0000] {logging_mixin.py:188} INFO -  Lỗi xử lý mã DKH: Failed to fetch data: 429 - Too Many Requests
[2026-01-01T02:37:32.716+0000] {logging_mixin.py:188} INFO -  >> Đang lấy dữ liệu: DKG
[2026-01-01T02:37:32.815+0000] {logging_mixin.py:188} INFO -  Lỗi xử lý mã DKG: Failed to fetch data: 429 - Too Many Requests
[2026-01-01T02:37:32.816+0000] {logging_mixin.py:188} INFO -  >> Đang lấy dữ liệu: DKC
[2026-01-01T02:37:32.959+0000] {logging_mixin.py:188} INFO -  Lỗi xử lý mã DKC: Failed to fetch data: 429 - Too Many Requests
[2026-01-01T02:37:32.960+0000] {logging_mixin.py:188} INFO -  >> Đang lấy dữ liệu: DIH
[2026-01-01T02:37:33.058+0000] {logging_mixin.py:188} INFO -  Lỗi xử lý mã DIH: Failed to fetch data: 429 - Too Many Requests
[2026-01-01T02:37:33.059+0000] {logging_mixin.py:188} INFO -  >> Đang lấy dữ liệu: DIG
[2026-01-01T02:37:33.152+0000] {logging_mixin.py:188} INFO -  Lỗi xử lý mã DIG: Failed to fetch data: 429 - Too Many Requests
[2026-01-01T02:37:33.153+0000] {logging_mixin.py:188} INFO -  >> Đang lấy dữ liệu: DID
[2026-01-01T02:37:33.259+0000] {logging_mixin.py:188} INFO -  Lỗi xử lý mã DID: Failed to fetch data: 429 - Too Many Requests
[2026-01-01T02:37:33.260+0000] {logging_mixin.py:188} INFO -  >> Đang lấy dữ liệu: DIC
[2026-01-01T02:37:33.371+0000] {logging_mixin.py:188} INFO -  Lỗi xử lý mã DIC: Failed to fetch data: 429 - Too Many Requests
[2026-01-01T02:37:33.372+0000] {logging_mixin.py:188} INFO -  >> Đang lấy dữ liệu: DHT
[2026-01-01T02:37:33.476+0000] {logging_mixin.py:188} INFO -  Lỗi xử lý mã DHT: Failed to fetch data: 429 - Too Many Requests
[2026-01-01T02:37:33.477+0000] {logging_mixin.py:188} INFO -  >> Đang lấy dữ liệu: DHP
[2026-01-01T02:37:33.580+0000] {logging_mixin.py:188} INFO -  Lỗi xử lý mã DHP: Failed to fetch data: 429 - Too Many Requests
[2026-01-01T02:37:33.582+0000] {logging_mixin.py:188} INFO -  >> Đang lấy dữ liệu: DHN
[2026-01-01T02:37:33.698+0000] {logging_mixin.py:188} INFO -  Lỗi xử lý mã DHN: Failed to fetch data: 429 - Too Many Requests
[2026-01-01T02:37:33.699+0000] {logging_mixin.py:188} INFO -  >> Đang lấy dữ liệu: DHM
[2026-01-01T02:37:33.803+0000] {logging_mixin.py:188} INFO -  Lỗi xử lý mã DHM: Failed to fetch data: 429 - Too Many Requests
[2026-01-01T02:37:33.804+0000] {logging_mixin.py:188} INFO -  ⚠ Batch này không thu được dữ liệu nào.
[2026-01-01T02:37:33.808+0000] {datalake_df2csv.py:40} INFO - DataFrame rỗng, bỏ qua upload CSV.
[2026-01-01T02:37:33.809+0000] {taskinstance.py:441} INFO - ::group::Post task execution logs
[2026-01-01T02:37:33.820+0000] {taskinstance.py:1206} INFO - Marking task as SUCCESS. dag_id=thongtin_cty_bctc, task_id=ingest_bctc, run_id=scheduled__2025-12-30T00:00:00+00:00, map_index=68, execution_date=20251230T000000, start_date=20260101T023730, end_date=20260101T023733
[2026-01-01T02:37:33.883+0000] {local_task_job_runner.py:243} INFO - Task exited with return code 0
[2026-01-01T02:37:33.903+0000] {taskinstance.py:3503} INFO - 0 downstream tasks scheduled from follow-on schedule check
[2026-01-01T02:37:33.906+0000] {local_task_job_runner.py:222} INFO - ::endgroup::
