[2026-01-01T03:04:45.323+0000] {local_task_job_runner.py:120} INFO - ::group::Pre task execution logs
[2026-01-01T03:04:45.386+0000] {taskinstance.py:2076} INFO - Dependencies all met for dep_context=non-requeueable deps ti=<TaskInstance: thongtin_cty_bctc.ingest_bctc manual__2026-01-01T02:50:50+00:00 map_index=3 [queued]>
[2026-01-01T03:04:45.422+0000] {taskinstance.py:2076} INFO - Dependencies all met for dep_context=requeueable deps ti=<TaskInstance: thongtin_cty_bctc.ingest_bctc manual__2026-01-01T02:50:50+00:00 map_index=3 [queued]>
[2026-01-01T03:04:45.424+0000] {taskinstance.py:2306} INFO - Starting attempt 2 of 3
[2026-01-01T03:04:45.449+0000] {taskinstance.py:2330} INFO - Executing <Mapped(DfToCsvOperator): ingest_bctc> on 2026-01-01 02:50:50+00:00
[2026-01-01T03:04:45.477+0000] {warnings.py:112} WARNING - This process (pid=28335) is multi-threaded, use of fork() may lead to deadlocks in the child.

[2026-01-01T03:04:45.485+0000] {standard_task_runner.py:64} INFO - Started process 28455 to run task
[2026-01-01T03:04:45.496+0000] {standard_task_runner.py:90} INFO - Running: ['***', 'tasks', 'run', 'thongtin_cty_bctc', 'ingest_bctc', 'manual__2026-01-01T02:50:50+00:00', '--job-id', '3081', '--raw', '--subdir', 'DAGS_FOLDER/tt_cty_bctc.py', '--cfg-path', '/tmp/tmpfpl0218j', '--map-index', '3']
[2026-01-01T03:04:45.505+0000] {standard_task_runner.py:91} INFO - Job 3081: Subtask ingest_bctc
[2026-01-01T03:04:45.595+0000] {task_command.py:426} INFO - Running <TaskInstance: thongtin_cty_bctc.ingest_bctc manual__2026-01-01T02:50:50+00:00 map_index=3 [running]> on host 43b0a0f7606b
[2026-01-01T03:04:45.825+0000] {taskinstance.py:2648} INFO - Exporting env vars: AIRFLOW_CTX_DAG_OWNER='***' AIRFLOW_CTX_DAG_ID='thongtin_cty_bctc' AIRFLOW_CTX_TASK_ID='ingest_bctc' AIRFLOW_CTX_EXECUTION_DATE='2026-01-01T02:50:50+00:00' AIRFLOW_CTX_TRY_NUMBER='2' AIRFLOW_CTX_DAG_RUN_ID='manual__2026-01-01T02:50:50+00:00'
[2026-01-01T03:04:45.830+0000] {taskinstance.py:430} INFO - ::endgroup::
[2026-01-01T03:04:45.849+0000] {logging_mixin.py:188} INFO - Bắt đầu xử lý batch 3 mã: ['SSI', 'MBB', 'TCB']
[2026-01-01T03:04:45.850+0000] {logging_mixin.py:188} INFO -  >> Đang lấy dữ liệu: SSI
[2026-01-01T03:04:46.047+0000] {logging_mixin.py:188} INFO -  Lỗi xử lý mã SSI: Failed to fetch data: 429 - Too Many Requests
[2026-01-01T03:04:46.048+0000] {logging_mixin.py:188} INFO -  >> Đang lấy dữ liệu: MBB
[2026-01-01T03:04:46.225+0000] {logging_mixin.py:188} INFO -  Lỗi xử lý mã MBB: Failed to fetch data: 429 - Too Many Requests
[2026-01-01T03:04:46.227+0000] {logging_mixin.py:188} INFO -  >> Đang lấy dữ liệu: TCB
[2026-01-01T03:04:46.422+0000] {logging_mixin.py:188} INFO -  Lỗi xử lý mã TCB: Failed to fetch data: 429 - Too Many Requests
[2026-01-01T03:04:46.424+0000] {logging_mixin.py:188} INFO -  ⚠ Batch này không thu được dữ liệu nào.
[2026-01-01T03:04:46.468+0000] {datalake_df2csv.py:40} INFO - DataFrame rỗng, bỏ qua upload CSV.
[2026-01-01T03:04:46.490+0000] {taskinstance.py:441} INFO - ::group::Post task execution logs
[2026-01-01T03:04:46.509+0000] {taskinstance.py:1206} INFO - Marking task as SUCCESS. dag_id=thongtin_cty_bctc, task_id=ingest_bctc, run_id=manual__2026-01-01T02:50:50+00:00, map_index=3, execution_date=20260101T025050, start_date=20260101T030445, end_date=20260101T030446
[2026-01-01T03:04:46.640+0000] {local_task_job_runner.py:243} INFO - Task exited with return code 0
[2026-01-01T03:04:46.679+0000] {taskinstance.py:3503} INFO - 0 downstream tasks scheduled from follow-on schedule check
[2026-01-01T03:04:46.688+0000] {local_task_job_runner.py:222} INFO - ::endgroup::
