[2025-12-14T04:20:22.620+0000] {processor.py:161} INFO - Started process (PID=81) to work on /home/airflow/.local/lib/python3.12/site-packages/airflow/example_dags/example_task_group_decorator.py
[2025-12-14T04:20:22.621+0000] {processor.py:830} INFO - Processing file /home/airflow/.local/lib/python3.12/site-packages/airflow/example_dags/example_task_group_decorator.py for tasks to queue
[2025-12-14T04:20:22.623+0000] {logging_mixin.py:188} INFO - [2025-12-14T04:20:22.623+0000] {dagbag.py:545} INFO - Filling up the DagBag from /home/airflow/.local/lib/python3.12/site-packages/airflow/example_dags/example_task_group_decorator.py
[2025-12-14T04:20:22.639+0000] {processor.py:840} INFO - DAG(s) 'example_task_group_decorator' retrieved from /home/airflow/.local/lib/python3.12/site-packages/airflow/example_dags/example_task_group_decorator.py
[2025-12-14T04:20:22.653+0000] {logging_mixin.py:188} INFO - [2025-12-14T04:20:22.653+0000] {dag.py:3089} INFO - Sync 1 DAGs
[2025-12-14T04:20:22.683+0000] {logging_mixin.py:188} INFO - [2025-12-14T04:20:22.683+0000] {dag.py:3947} INFO - Setting next_dagrun for example_task_group_decorator to 2025-12-13 00:00:00+00:00, run_after=2025-12-14 00:00:00+00:00
[2025-12-14T04:20:22.706+0000] {processor.py:183} INFO - Processing /home/airflow/.local/lib/python3.12/site-packages/airflow/example_dags/example_task_group_decorator.py took 0.092 seconds
[2025-12-14T04:20:54.197+0000] {processor.py:161} INFO - Started process (PID=145) to work on /home/airflow/.local/lib/python3.12/site-packages/airflow/example_dags/example_task_group_decorator.py
[2025-12-14T04:20:54.198+0000] {processor.py:830} INFO - Processing file /home/airflow/.local/lib/python3.12/site-packages/airflow/example_dags/example_task_group_decorator.py for tasks to queue
[2025-12-14T04:20:54.200+0000] {logging_mixin.py:188} INFO - [2025-12-14T04:20:54.199+0000] {dagbag.py:545} INFO - Filling up the DagBag from /home/airflow/.local/lib/python3.12/site-packages/airflow/example_dags/example_task_group_decorator.py
[2025-12-14T04:20:54.215+0000] {processor.py:840} INFO - DAG(s) 'example_task_group_decorator' retrieved from /home/airflow/.local/lib/python3.12/site-packages/airflow/example_dags/example_task_group_decorator.py
[2025-12-14T04:20:54.299+0000] {logging_mixin.py:188} INFO - [2025-12-14T04:20:54.299+0000] {dag.py:3089} INFO - Sync 1 DAGs
[2025-12-14T04:20:54.316+0000] {logging_mixin.py:188} INFO - [2025-12-14T04:20:54.316+0000] {dag.py:3947} INFO - Setting next_dagrun for example_task_group_decorator to 2025-12-13 00:00:00+00:00, run_after=2025-12-14 00:00:00+00:00
[2025-12-14T04:20:54.333+0000] {processor.py:183} INFO - Processing /home/airflow/.local/lib/python3.12/site-packages/airflow/example_dags/example_task_group_decorator.py took 0.141 seconds
[2025-12-14T04:21:24.604+0000] {processor.py:161} INFO - Started process (PID=203) to work on /home/airflow/.local/lib/python3.12/site-packages/airflow/example_dags/example_task_group_decorator.py
[2025-12-14T04:21:24.605+0000] {processor.py:830} INFO - Processing file /home/airflow/.local/lib/python3.12/site-packages/airflow/example_dags/example_task_group_decorator.py for tasks to queue
[2025-12-14T04:21:24.607+0000] {logging_mixin.py:188} INFO - [2025-12-14T04:21:24.607+0000] {dagbag.py:545} INFO - Filling up the DagBag from /home/airflow/.local/lib/python3.12/site-packages/airflow/example_dags/example_task_group_decorator.py
[2025-12-14T04:21:24.619+0000] {processor.py:840} INFO - DAG(s) 'example_task_group_decorator' retrieved from /home/airflow/.local/lib/python3.12/site-packages/airflow/example_dags/example_task_group_decorator.py
[2025-12-14T04:21:24.640+0000] {logging_mixin.py:188} INFO - [2025-12-14T04:21:24.640+0000] {dag.py:3089} INFO - Sync 1 DAGs
[2025-12-14T04:21:24.660+0000] {logging_mixin.py:188} INFO - [2025-12-14T04:21:24.659+0000] {dag.py:3947} INFO - Setting next_dagrun for example_task_group_decorator to 2025-12-13 00:00:00+00:00, run_after=2025-12-14 00:00:00+00:00
[2025-12-14T04:21:24.680+0000] {processor.py:183} INFO - Processing /home/airflow/.local/lib/python3.12/site-packages/airflow/example_dags/example_task_group_decorator.py took 0.080 seconds
[2025-12-14T04:21:55.450+0000] {processor.py:161} INFO - Started process (PID=261) to work on /home/airflow/.local/lib/python3.12/site-packages/airflow/example_dags/example_task_group_decorator.py
[2025-12-14T04:21:55.451+0000] {processor.py:830} INFO - Processing file /home/airflow/.local/lib/python3.12/site-packages/airflow/example_dags/example_task_group_decorator.py for tasks to queue
[2025-12-14T04:21:55.452+0000] {logging_mixin.py:188} INFO - [2025-12-14T04:21:55.452+0000] {dagbag.py:545} INFO - Filling up the DagBag from /home/airflow/.local/lib/python3.12/site-packages/airflow/example_dags/example_task_group_decorator.py
[2025-12-14T04:21:55.470+0000] {processor.py:840} INFO - DAG(s) 'example_task_group_decorator' retrieved from /home/airflow/.local/lib/python3.12/site-packages/airflow/example_dags/example_task_group_decorator.py
[2025-12-14T04:21:55.492+0000] {logging_mixin.py:188} INFO - [2025-12-14T04:21:55.492+0000] {dag.py:3089} INFO - Sync 1 DAGs
[2025-12-14T04:21:55.511+0000] {logging_mixin.py:188} INFO - [2025-12-14T04:21:55.511+0000] {dag.py:3947} INFO - Setting next_dagrun for example_task_group_decorator to 2025-12-13 00:00:00+00:00, run_after=2025-12-14 00:00:00+00:00
[2025-12-14T04:21:55.531+0000] {processor.py:183} INFO - Processing /home/airflow/.local/lib/python3.12/site-packages/airflow/example_dags/example_task_group_decorator.py took 0.086 seconds
[2025-12-14T04:22:25.572+0000] {processor.py:161} INFO - Started process (PID=319) to work on /home/airflow/.local/lib/python3.12/site-packages/airflow/example_dags/example_task_group_decorator.py
[2025-12-14T04:22:25.573+0000] {processor.py:830} INFO - Processing file /home/airflow/.local/lib/python3.12/site-packages/airflow/example_dags/example_task_group_decorator.py for tasks to queue
[2025-12-14T04:22:25.575+0000] {logging_mixin.py:188} INFO - [2025-12-14T04:22:25.574+0000] {dagbag.py:545} INFO - Filling up the DagBag from /home/airflow/.local/lib/python3.12/site-packages/airflow/example_dags/example_task_group_decorator.py
[2025-12-14T04:22:25.586+0000] {processor.py:840} INFO - DAG(s) 'example_task_group_decorator' retrieved from /home/airflow/.local/lib/python3.12/site-packages/airflow/example_dags/example_task_group_decorator.py
[2025-12-14T04:22:25.607+0000] {logging_mixin.py:188} INFO - [2025-12-14T04:22:25.607+0000] {dag.py:3089} INFO - Sync 1 DAGs
[2025-12-14T04:22:25.625+0000] {logging_mixin.py:188} INFO - [2025-12-14T04:22:25.624+0000] {dag.py:3947} INFO - Setting next_dagrun for example_task_group_decorator to 2025-12-13 00:00:00+00:00, run_after=2025-12-14 00:00:00+00:00
[2025-12-14T04:22:25.641+0000] {processor.py:183} INFO - Processing /home/airflow/.local/lib/python3.12/site-packages/airflow/example_dags/example_task_group_decorator.py took 0.074 seconds
[2025-12-14T04:22:56.152+0000] {processor.py:161} INFO - Started process (PID=377) to work on /home/airflow/.local/lib/python3.12/site-packages/airflow/example_dags/example_task_group_decorator.py
[2025-12-14T04:22:56.153+0000] {processor.py:830} INFO - Processing file /home/airflow/.local/lib/python3.12/site-packages/airflow/example_dags/example_task_group_decorator.py for tasks to queue
[2025-12-14T04:22:56.155+0000] {logging_mixin.py:188} INFO - [2025-12-14T04:22:56.154+0000] {dagbag.py:545} INFO - Filling up the DagBag from /home/airflow/.local/lib/python3.12/site-packages/airflow/example_dags/example_task_group_decorator.py
[2025-12-14T04:22:56.171+0000] {processor.py:840} INFO - DAG(s) 'example_task_group_decorator' retrieved from /home/airflow/.local/lib/python3.12/site-packages/airflow/example_dags/example_task_group_decorator.py
[2025-12-14T04:22:56.200+0000] {logging_mixin.py:188} INFO - [2025-12-14T04:22:56.199+0000] {dag.py:3089} INFO - Sync 1 DAGs
[2025-12-14T04:22:56.223+0000] {logging_mixin.py:188} INFO - [2025-12-14T04:22:56.223+0000] {dag.py:3947} INFO - Setting next_dagrun for example_task_group_decorator to 2025-12-13 00:00:00+00:00, run_after=2025-12-14 00:00:00+00:00
[2025-12-14T04:22:56.243+0000] {processor.py:183} INFO - Processing /home/airflow/.local/lib/python3.12/site-packages/airflow/example_dags/example_task_group_decorator.py took 0.097 seconds
[2025-12-14T04:23:26.315+0000] {processor.py:161} INFO - Started process (PID=435) to work on /home/airflow/.local/lib/python3.12/site-packages/airflow/example_dags/example_task_group_decorator.py
[2025-12-14T04:23:26.316+0000] {processor.py:830} INFO - Processing file /home/airflow/.local/lib/python3.12/site-packages/airflow/example_dags/example_task_group_decorator.py for tasks to queue
[2025-12-14T04:23:26.318+0000] {logging_mixin.py:188} INFO - [2025-12-14T04:23:26.318+0000] {dagbag.py:545} INFO - Filling up the DagBag from /home/airflow/.local/lib/python3.12/site-packages/airflow/example_dags/example_task_group_decorator.py
[2025-12-14T04:23:26.334+0000] {processor.py:840} INFO - DAG(s) 'example_task_group_decorator' retrieved from /home/airflow/.local/lib/python3.12/site-packages/airflow/example_dags/example_task_group_decorator.py
[2025-12-14T04:23:26.360+0000] {logging_mixin.py:188} INFO - [2025-12-14T04:23:26.359+0000] {dag.py:3089} INFO - Sync 1 DAGs
[2025-12-14T04:23:26.384+0000] {logging_mixin.py:188} INFO - [2025-12-14T04:23:26.383+0000] {dag.py:3947} INFO - Setting next_dagrun for example_task_group_decorator to 2025-12-13 00:00:00+00:00, run_after=2025-12-14 00:00:00+00:00
[2025-12-14T04:23:26.405+0000] {processor.py:183} INFO - Processing /home/airflow/.local/lib/python3.12/site-packages/airflow/example_dags/example_task_group_decorator.py took 0.096 seconds
[2025-12-14T04:23:57.218+0000] {processor.py:161} INFO - Started process (PID=493) to work on /home/airflow/.local/lib/python3.12/site-packages/airflow/example_dags/example_task_group_decorator.py
[2025-12-14T04:23:57.219+0000] {processor.py:830} INFO - Processing file /home/airflow/.local/lib/python3.12/site-packages/airflow/example_dags/example_task_group_decorator.py for tasks to queue
[2025-12-14T04:23:57.221+0000] {logging_mixin.py:188} INFO - [2025-12-14T04:23:57.221+0000] {dagbag.py:545} INFO - Filling up the DagBag from /home/airflow/.local/lib/python3.12/site-packages/airflow/example_dags/example_task_group_decorator.py
[2025-12-14T04:23:57.232+0000] {processor.py:840} INFO - DAG(s) 'example_task_group_decorator' retrieved from /home/airflow/.local/lib/python3.12/site-packages/airflow/example_dags/example_task_group_decorator.py
[2025-12-14T04:23:57.253+0000] {logging_mixin.py:188} INFO - [2025-12-14T04:23:57.253+0000] {dag.py:3089} INFO - Sync 1 DAGs
[2025-12-14T04:23:57.272+0000] {logging_mixin.py:188} INFO - [2025-12-14T04:23:57.271+0000] {dag.py:3947} INFO - Setting next_dagrun for example_task_group_decorator to 2025-12-13 00:00:00+00:00, run_after=2025-12-14 00:00:00+00:00
[2025-12-14T04:23:57.288+0000] {processor.py:183} INFO - Processing /home/airflow/.local/lib/python3.12/site-packages/airflow/example_dags/example_task_group_decorator.py took 0.076 seconds
[2025-12-14T04:24:27.877+0000] {processor.py:161} INFO - Started process (PID=551) to work on /home/airflow/.local/lib/python3.12/site-packages/airflow/example_dags/example_task_group_decorator.py
[2025-12-14T04:24:27.878+0000] {processor.py:830} INFO - Processing file /home/airflow/.local/lib/python3.12/site-packages/airflow/example_dags/example_task_group_decorator.py for tasks to queue
[2025-12-14T04:24:27.880+0000] {logging_mixin.py:188} INFO - [2025-12-14T04:24:27.880+0000] {dagbag.py:545} INFO - Filling up the DagBag from /home/airflow/.local/lib/python3.12/site-packages/airflow/example_dags/example_task_group_decorator.py
[2025-12-14T04:24:27.892+0000] {processor.py:840} INFO - DAG(s) 'example_task_group_decorator' retrieved from /home/airflow/.local/lib/python3.12/site-packages/airflow/example_dags/example_task_group_decorator.py
[2025-12-14T04:24:27.914+0000] {logging_mixin.py:188} INFO - [2025-12-14T04:24:27.913+0000] {dag.py:3089} INFO - Sync 1 DAGs
[2025-12-14T04:24:27.932+0000] {logging_mixin.py:188} INFO - [2025-12-14T04:24:27.932+0000] {dag.py:3947} INFO - Setting next_dagrun for example_task_group_decorator to 2025-12-13 00:00:00+00:00, run_after=2025-12-14 00:00:00+00:00
[2025-12-14T04:24:27.949+0000] {processor.py:183} INFO - Processing /home/airflow/.local/lib/python3.12/site-packages/airflow/example_dags/example_task_group_decorator.py took 0.077 seconds
[2025-12-14T04:24:58.550+0000] {processor.py:161} INFO - Started process (PID=609) to work on /home/airflow/.local/lib/python3.12/site-packages/airflow/example_dags/example_task_group_decorator.py
[2025-12-14T04:24:58.551+0000] {processor.py:830} INFO - Processing file /home/airflow/.local/lib/python3.12/site-packages/airflow/example_dags/example_task_group_decorator.py for tasks to queue
[2025-12-14T04:24:58.552+0000] {logging_mixin.py:188} INFO - [2025-12-14T04:24:58.552+0000] {dagbag.py:545} INFO - Filling up the DagBag from /home/airflow/.local/lib/python3.12/site-packages/airflow/example_dags/example_task_group_decorator.py
[2025-12-14T04:24:58.565+0000] {processor.py:840} INFO - DAG(s) 'example_task_group_decorator' retrieved from /home/airflow/.local/lib/python3.12/site-packages/airflow/example_dags/example_task_group_decorator.py
[2025-12-14T04:24:58.586+0000] {logging_mixin.py:188} INFO - [2025-12-14T04:24:58.585+0000] {dag.py:3089} INFO - Sync 1 DAGs
[2025-12-14T04:24:58.604+0000] {logging_mixin.py:188} INFO - [2025-12-14T04:24:58.603+0000] {dag.py:3947} INFO - Setting next_dagrun for example_task_group_decorator to 2025-12-13 00:00:00+00:00, run_after=2025-12-14 00:00:00+00:00
[2025-12-14T04:24:58.618+0000] {processor.py:183} INFO - Processing /home/airflow/.local/lib/python3.12/site-packages/airflow/example_dags/example_task_group_decorator.py took 0.073 seconds
[2025-12-14T04:25:29.444+0000] {processor.py:161} INFO - Started process (PID=667) to work on /home/airflow/.local/lib/python3.12/site-packages/airflow/example_dags/example_task_group_decorator.py
[2025-12-14T04:25:29.445+0000] {processor.py:830} INFO - Processing file /home/airflow/.local/lib/python3.12/site-packages/airflow/example_dags/example_task_group_decorator.py for tasks to queue
[2025-12-14T04:25:29.446+0000] {logging_mixin.py:188} INFO - [2025-12-14T04:25:29.446+0000] {dagbag.py:545} INFO - Filling up the DagBag from /home/airflow/.local/lib/python3.12/site-packages/airflow/example_dags/example_task_group_decorator.py
[2025-12-14T04:25:29.459+0000] {processor.py:840} INFO - DAG(s) 'example_task_group_decorator' retrieved from /home/airflow/.local/lib/python3.12/site-packages/airflow/example_dags/example_task_group_decorator.py
[2025-12-14T04:25:29.479+0000] {logging_mixin.py:188} INFO - [2025-12-14T04:25:29.479+0000] {dag.py:3089} INFO - Sync 1 DAGs
[2025-12-14T04:25:29.498+0000] {logging_mixin.py:188} INFO - [2025-12-14T04:25:29.497+0000] {dag.py:3947} INFO - Setting next_dagrun for example_task_group_decorator to 2025-12-13 00:00:00+00:00, run_after=2025-12-14 00:00:00+00:00
[2025-12-14T04:25:29.515+0000] {processor.py:183} INFO - Processing /home/airflow/.local/lib/python3.12/site-packages/airflow/example_dags/example_task_group_decorator.py took 0.076 seconds
[2025-12-14T04:26:00.050+0000] {processor.py:161} INFO - Started process (PID=725) to work on /home/airflow/.local/lib/python3.12/site-packages/airflow/example_dags/example_task_group_decorator.py
[2025-12-14T04:26:00.051+0000] {processor.py:830} INFO - Processing file /home/airflow/.local/lib/python3.12/site-packages/airflow/example_dags/example_task_group_decorator.py for tasks to queue
[2025-12-14T04:26:00.053+0000] {logging_mixin.py:188} INFO - [2025-12-14T04:26:00.053+0000] {dagbag.py:545} INFO - Filling up the DagBag from /home/airflow/.local/lib/python3.12/site-packages/airflow/example_dags/example_task_group_decorator.py
[2025-12-14T04:26:00.065+0000] {processor.py:840} INFO - DAG(s) 'example_task_group_decorator' retrieved from /home/airflow/.local/lib/python3.12/site-packages/airflow/example_dags/example_task_group_decorator.py
[2025-12-14T04:26:00.086+0000] {logging_mixin.py:188} INFO - [2025-12-14T04:26:00.085+0000] {dag.py:3089} INFO - Sync 1 DAGs
[2025-12-14T04:26:00.104+0000] {logging_mixin.py:188} INFO - [2025-12-14T04:26:00.104+0000] {dag.py:3947} INFO - Setting next_dagrun for example_task_group_decorator to 2025-12-13 00:00:00+00:00, run_after=2025-12-14 00:00:00+00:00
[2025-12-14T04:26:00.121+0000] {processor.py:183} INFO - Processing /home/airflow/.local/lib/python3.12/site-packages/airflow/example_dags/example_task_group_decorator.py took 0.076 seconds
[2025-12-14T04:26:30.773+0000] {processor.py:161} INFO - Started process (PID=783) to work on /home/airflow/.local/lib/python3.12/site-packages/airflow/example_dags/example_task_group_decorator.py
[2025-12-14T04:26:30.775+0000] {processor.py:830} INFO - Processing file /home/airflow/.local/lib/python3.12/site-packages/airflow/example_dags/example_task_group_decorator.py for tasks to queue
[2025-12-14T04:26:30.776+0000] {logging_mixin.py:188} INFO - [2025-12-14T04:26:30.776+0000] {dagbag.py:545} INFO - Filling up the DagBag from /home/airflow/.local/lib/python3.12/site-packages/airflow/example_dags/example_task_group_decorator.py
[2025-12-14T04:26:30.788+0000] {processor.py:840} INFO - DAG(s) 'example_task_group_decorator' retrieved from /home/airflow/.local/lib/python3.12/site-packages/airflow/example_dags/example_task_group_decorator.py
[2025-12-14T04:26:30.811+0000] {logging_mixin.py:188} INFO - [2025-12-14T04:26:30.811+0000] {dag.py:3089} INFO - Sync 1 DAGs
[2025-12-14T04:26:30.829+0000] {logging_mixin.py:188} INFO - [2025-12-14T04:26:30.829+0000] {dag.py:3947} INFO - Setting next_dagrun for example_task_group_decorator to 2025-12-13 00:00:00+00:00, run_after=2025-12-14 00:00:00+00:00
[2025-12-14T04:26:30.845+0000] {processor.py:183} INFO - Processing /home/airflow/.local/lib/python3.12/site-packages/airflow/example_dags/example_task_group_decorator.py took 0.077 seconds
[2025-12-14T04:27:01.441+0000] {processor.py:161} INFO - Started process (PID=841) to work on /home/airflow/.local/lib/python3.12/site-packages/airflow/example_dags/example_task_group_decorator.py
[2025-12-14T04:27:01.442+0000] {processor.py:830} INFO - Processing file /home/airflow/.local/lib/python3.12/site-packages/airflow/example_dags/example_task_group_decorator.py for tasks to queue
[2025-12-14T04:27:01.444+0000] {logging_mixin.py:188} INFO - [2025-12-14T04:27:01.443+0000] {dagbag.py:545} INFO - Filling up the DagBag from /home/airflow/.local/lib/python3.12/site-packages/airflow/example_dags/example_task_group_decorator.py
[2025-12-14T04:27:01.455+0000] {processor.py:840} INFO - DAG(s) 'example_task_group_decorator' retrieved from /home/airflow/.local/lib/python3.12/site-packages/airflow/example_dags/example_task_group_decorator.py
[2025-12-14T04:27:01.477+0000] {logging_mixin.py:188} INFO - [2025-12-14T04:27:01.477+0000] {dag.py:3089} INFO - Sync 1 DAGs
[2025-12-14T04:27:01.496+0000] {logging_mixin.py:188} INFO - [2025-12-14T04:27:01.496+0000] {dag.py:3947} INFO - Setting next_dagrun for example_task_group_decorator to 2025-12-13 00:00:00+00:00, run_after=2025-12-14 00:00:00+00:00
[2025-12-14T04:27:01.513+0000] {processor.py:183} INFO - Processing /home/airflow/.local/lib/python3.12/site-packages/airflow/example_dags/example_task_group_decorator.py took 0.077 seconds
[2025-12-14T04:27:32.282+0000] {processor.py:161} INFO - Started process (PID=899) to work on /home/airflow/.local/lib/python3.12/site-packages/airflow/example_dags/example_task_group_decorator.py
[2025-12-14T04:27:32.283+0000] {processor.py:830} INFO - Processing file /home/airflow/.local/lib/python3.12/site-packages/airflow/example_dags/example_task_group_decorator.py for tasks to queue
[2025-12-14T04:27:32.285+0000] {logging_mixin.py:188} INFO - [2025-12-14T04:27:32.284+0000] {dagbag.py:545} INFO - Filling up the DagBag from /home/airflow/.local/lib/python3.12/site-packages/airflow/example_dags/example_task_group_decorator.py
[2025-12-14T04:27:32.297+0000] {processor.py:840} INFO - DAG(s) 'example_task_group_decorator' retrieved from /home/airflow/.local/lib/python3.12/site-packages/airflow/example_dags/example_task_group_decorator.py
[2025-12-14T04:27:32.318+0000] {logging_mixin.py:188} INFO - [2025-12-14T04:27:32.318+0000] {dag.py:3089} INFO - Sync 1 DAGs
[2025-12-14T04:27:32.336+0000] {logging_mixin.py:188} INFO - [2025-12-14T04:27:32.335+0000] {dag.py:3947} INFO - Setting next_dagrun for example_task_group_decorator to 2025-12-13 00:00:00+00:00, run_after=2025-12-14 00:00:00+00:00
[2025-12-14T04:27:32.352+0000] {processor.py:183} INFO - Processing /home/airflow/.local/lib/python3.12/site-packages/airflow/example_dags/example_task_group_decorator.py took 0.075 seconds
[2025-12-14T04:28:03.045+0000] {processor.py:161} INFO - Started process (PID=957) to work on /home/airflow/.local/lib/python3.12/site-packages/airflow/example_dags/example_task_group_decorator.py
[2025-12-14T04:28:03.046+0000] {processor.py:830} INFO - Processing file /home/airflow/.local/lib/python3.12/site-packages/airflow/example_dags/example_task_group_decorator.py for tasks to queue
[2025-12-14T04:28:03.048+0000] {logging_mixin.py:188} INFO - [2025-12-14T04:28:03.047+0000] {dagbag.py:545} INFO - Filling up the DagBag from /home/airflow/.local/lib/python3.12/site-packages/airflow/example_dags/example_task_group_decorator.py
[2025-12-14T04:28:03.060+0000] {processor.py:840} INFO - DAG(s) 'example_task_group_decorator' retrieved from /home/airflow/.local/lib/python3.12/site-packages/airflow/example_dags/example_task_group_decorator.py
[2025-12-14T04:28:03.082+0000] {logging_mixin.py:188} INFO - [2025-12-14T04:28:03.082+0000] {dag.py:3089} INFO - Sync 1 DAGs
[2025-12-14T04:28:03.102+0000] {logging_mixin.py:188} INFO - [2025-12-14T04:28:03.102+0000] {dag.py:3947} INFO - Setting next_dagrun for example_task_group_decorator to 2025-12-13 00:00:00+00:00, run_after=2025-12-14 00:00:00+00:00
[2025-12-14T04:28:03.119+0000] {processor.py:183} INFO - Processing /home/airflow/.local/lib/python3.12/site-packages/airflow/example_dags/example_task_group_decorator.py took 0.079 seconds
[2025-12-14T04:28:33.711+0000] {processor.py:161} INFO - Started process (PID=1015) to work on /home/airflow/.local/lib/python3.12/site-packages/airflow/example_dags/example_task_group_decorator.py
[2025-12-14T04:28:33.712+0000] {processor.py:830} INFO - Processing file /home/airflow/.local/lib/python3.12/site-packages/airflow/example_dags/example_task_group_decorator.py for tasks to queue
[2025-12-14T04:28:33.714+0000] {logging_mixin.py:188} INFO - [2025-12-14T04:28:33.713+0000] {dagbag.py:545} INFO - Filling up the DagBag from /home/airflow/.local/lib/python3.12/site-packages/airflow/example_dags/example_task_group_decorator.py
[2025-12-14T04:28:33.725+0000] {processor.py:840} INFO - DAG(s) 'example_task_group_decorator' retrieved from /home/airflow/.local/lib/python3.12/site-packages/airflow/example_dags/example_task_group_decorator.py
[2025-12-14T04:28:33.746+0000] {logging_mixin.py:188} INFO - [2025-12-14T04:28:33.746+0000] {dag.py:3089} INFO - Sync 1 DAGs
[2025-12-14T04:28:33.767+0000] {logging_mixin.py:188} INFO - [2025-12-14T04:28:33.766+0000] {dag.py:3947} INFO - Setting next_dagrun for example_task_group_decorator to 2025-12-13 00:00:00+00:00, run_after=2025-12-14 00:00:00+00:00
[2025-12-14T04:28:33.783+0000] {processor.py:183} INFO - Processing /home/airflow/.local/lib/python3.12/site-packages/airflow/example_dags/example_task_group_decorator.py took 0.077 seconds
[2025-12-14T04:29:04.571+0000] {processor.py:161} INFO - Started process (PID=1073) to work on /home/airflow/.local/lib/python3.12/site-packages/airflow/example_dags/example_task_group_decorator.py
[2025-12-14T04:29:04.571+0000] {processor.py:830} INFO - Processing file /home/airflow/.local/lib/python3.12/site-packages/airflow/example_dags/example_task_group_decorator.py for tasks to queue
[2025-12-14T04:29:04.573+0000] {logging_mixin.py:188} INFO - [2025-12-14T04:29:04.573+0000] {dagbag.py:545} INFO - Filling up the DagBag from /home/airflow/.local/lib/python3.12/site-packages/airflow/example_dags/example_task_group_decorator.py
[2025-12-14T04:29:04.587+0000] {processor.py:840} INFO - DAG(s) 'example_task_group_decorator' retrieved from /home/airflow/.local/lib/python3.12/site-packages/airflow/example_dags/example_task_group_decorator.py
[2025-12-14T04:29:04.610+0000] {logging_mixin.py:188} INFO - [2025-12-14T04:29:04.609+0000] {dag.py:3089} INFO - Sync 1 DAGs
[2025-12-14T04:29:04.630+0000] {logging_mixin.py:188} INFO - [2025-12-14T04:29:04.630+0000] {dag.py:3947} INFO - Setting next_dagrun for example_task_group_decorator to 2025-12-13 00:00:00+00:00, run_after=2025-12-14 00:00:00+00:00
[2025-12-14T04:29:04.647+0000] {processor.py:183} INFO - Processing /home/airflow/.local/lib/python3.12/site-packages/airflow/example_dags/example_task_group_decorator.py took 0.082 seconds
[2025-12-14T04:29:35.483+0000] {processor.py:161} INFO - Started process (PID=1131) to work on /home/airflow/.local/lib/python3.12/site-packages/airflow/example_dags/example_task_group_decorator.py
[2025-12-14T04:29:35.484+0000] {processor.py:830} INFO - Processing file /home/airflow/.local/lib/python3.12/site-packages/airflow/example_dags/example_task_group_decorator.py for tasks to queue
[2025-12-14T04:29:35.486+0000] {logging_mixin.py:188} INFO - [2025-12-14T04:29:35.486+0000] {dagbag.py:545} INFO - Filling up the DagBag from /home/airflow/.local/lib/python3.12/site-packages/airflow/example_dags/example_task_group_decorator.py
[2025-12-14T04:29:35.498+0000] {processor.py:840} INFO - DAG(s) 'example_task_group_decorator' retrieved from /home/airflow/.local/lib/python3.12/site-packages/airflow/example_dags/example_task_group_decorator.py
[2025-12-14T04:29:35.522+0000] {logging_mixin.py:188} INFO - [2025-12-14T04:29:35.522+0000] {dag.py:3089} INFO - Sync 1 DAGs
[2025-12-14T04:29:35.542+0000] {logging_mixin.py:188} INFO - [2025-12-14T04:29:35.542+0000] {dag.py:3947} INFO - Setting next_dagrun for example_task_group_decorator to 2025-12-13 00:00:00+00:00, run_after=2025-12-14 00:00:00+00:00
[2025-12-14T04:29:35.561+0000] {processor.py:183} INFO - Processing /home/airflow/.local/lib/python3.12/site-packages/airflow/example_dags/example_task_group_decorator.py took 0.083 seconds
[2025-12-14T04:30:06.378+0000] {processor.py:161} INFO - Started process (PID=1189) to work on /home/airflow/.local/lib/python3.12/site-packages/airflow/example_dags/example_task_group_decorator.py
[2025-12-14T04:30:06.379+0000] {processor.py:830} INFO - Processing file /home/airflow/.local/lib/python3.12/site-packages/airflow/example_dags/example_task_group_decorator.py for tasks to queue
[2025-12-14T04:30:06.381+0000] {logging_mixin.py:188} INFO - [2025-12-14T04:30:06.381+0000] {dagbag.py:545} INFO - Filling up the DagBag from /home/airflow/.local/lib/python3.12/site-packages/airflow/example_dags/example_task_group_decorator.py
[2025-12-14T04:30:06.397+0000] {processor.py:840} INFO - DAG(s) 'example_task_group_decorator' retrieved from /home/airflow/.local/lib/python3.12/site-packages/airflow/example_dags/example_task_group_decorator.py
[2025-12-14T04:30:06.423+0000] {logging_mixin.py:188} INFO - [2025-12-14T04:30:06.422+0000] {dag.py:3089} INFO - Sync 1 DAGs
[2025-12-14T04:30:06.446+0000] {logging_mixin.py:188} INFO - [2025-12-14T04:30:06.446+0000] {dag.py:3947} INFO - Setting next_dagrun for example_task_group_decorator to 2025-12-13 00:00:00+00:00, run_after=2025-12-14 00:00:00+00:00
[2025-12-14T04:30:06.470+0000] {processor.py:183} INFO - Processing /home/airflow/.local/lib/python3.12/site-packages/airflow/example_dags/example_task_group_decorator.py took 0.099 seconds
[2025-12-14T04:30:37.545+0000] {processor.py:161} INFO - Started process (PID=1247) to work on /home/airflow/.local/lib/python3.12/site-packages/airflow/example_dags/example_task_group_decorator.py
[2025-12-14T04:30:37.546+0000] {processor.py:830} INFO - Processing file /home/airflow/.local/lib/python3.12/site-packages/airflow/example_dags/example_task_group_decorator.py for tasks to queue
[2025-12-14T04:30:37.548+0000] {logging_mixin.py:188} INFO - [2025-12-14T04:30:37.547+0000] {dagbag.py:545} INFO - Filling up the DagBag from /home/airflow/.local/lib/python3.12/site-packages/airflow/example_dags/example_task_group_decorator.py
[2025-12-14T04:30:37.560+0000] {processor.py:840} INFO - DAG(s) 'example_task_group_decorator' retrieved from /home/airflow/.local/lib/python3.12/site-packages/airflow/example_dags/example_task_group_decorator.py
[2025-12-14T04:30:37.586+0000] {logging_mixin.py:188} INFO - [2025-12-14T04:30:37.586+0000] {dag.py:3089} INFO - Sync 1 DAGs
[2025-12-14T04:30:37.611+0000] {logging_mixin.py:188} INFO - [2025-12-14T04:30:37.610+0000] {dag.py:3947} INFO - Setting next_dagrun for example_task_group_decorator to 2025-12-13 00:00:00+00:00, run_after=2025-12-14 00:00:00+00:00
[2025-12-14T04:30:37.632+0000] {processor.py:183} INFO - Processing /home/airflow/.local/lib/python3.12/site-packages/airflow/example_dags/example_task_group_decorator.py took 0.092 seconds
[2025-12-14T04:31:07.695+0000] {processor.py:161} INFO - Started process (PID=1305) to work on /home/airflow/.local/lib/python3.12/site-packages/airflow/example_dags/example_task_group_decorator.py
[2025-12-14T04:31:07.696+0000] {processor.py:830} INFO - Processing file /home/airflow/.local/lib/python3.12/site-packages/airflow/example_dags/example_task_group_decorator.py for tasks to queue
[2025-12-14T04:31:07.698+0000] {logging_mixin.py:188} INFO - [2025-12-14T04:31:07.697+0000] {dagbag.py:545} INFO - Filling up the DagBag from /home/airflow/.local/lib/python3.12/site-packages/airflow/example_dags/example_task_group_decorator.py
[2025-12-14T04:31:07.710+0000] {processor.py:840} INFO - DAG(s) 'example_task_group_decorator' retrieved from /home/airflow/.local/lib/python3.12/site-packages/airflow/example_dags/example_task_group_decorator.py
[2025-12-14T04:31:07.733+0000] {logging_mixin.py:188} INFO - [2025-12-14T04:31:07.732+0000] {dag.py:3089} INFO - Sync 1 DAGs
[2025-12-14T04:31:07.753+0000] {logging_mixin.py:188} INFO - [2025-12-14T04:31:07.753+0000] {dag.py:3947} INFO - Setting next_dagrun for example_task_group_decorator to 2025-12-13 00:00:00+00:00, run_after=2025-12-14 00:00:00+00:00
[2025-12-14T04:31:07.769+0000] {processor.py:183} INFO - Processing /home/airflow/.local/lib/python3.12/site-packages/airflow/example_dags/example_task_group_decorator.py took 0.079 seconds
[2025-12-14T04:31:37.920+0000] {processor.py:161} INFO - Started process (PID=1363) to work on /home/airflow/.local/lib/python3.12/site-packages/airflow/example_dags/example_task_group_decorator.py
[2025-12-14T04:31:37.921+0000] {processor.py:830} INFO - Processing file /home/airflow/.local/lib/python3.12/site-packages/airflow/example_dags/example_task_group_decorator.py for tasks to queue
[2025-12-14T04:31:37.922+0000] {logging_mixin.py:188} INFO - [2025-12-14T04:31:37.922+0000] {dagbag.py:545} INFO - Filling up the DagBag from /home/airflow/.local/lib/python3.12/site-packages/airflow/example_dags/example_task_group_decorator.py
[2025-12-14T04:31:37.934+0000] {processor.py:840} INFO - DAG(s) 'example_task_group_decorator' retrieved from /home/airflow/.local/lib/python3.12/site-packages/airflow/example_dags/example_task_group_decorator.py
[2025-12-14T04:31:37.955+0000] {logging_mixin.py:188} INFO - [2025-12-14T04:31:37.954+0000] {dag.py:3089} INFO - Sync 1 DAGs
[2025-12-14T04:31:37.976+0000] {logging_mixin.py:188} INFO - [2025-12-14T04:31:37.976+0000] {dag.py:3947} INFO - Setting next_dagrun for example_task_group_decorator to 2025-12-13 00:00:00+00:00, run_after=2025-12-14 00:00:00+00:00
[2025-12-14T04:31:37.994+0000] {processor.py:183} INFO - Processing /home/airflow/.local/lib/python3.12/site-packages/airflow/example_dags/example_task_group_decorator.py took 0.079 seconds
[2025-12-14T08:41:07.572+0000] {processor.py:161} INFO - Started process (PID=87) to work on /home/airflow/.local/lib/python3.12/site-packages/airflow/example_dags/example_task_group_decorator.py
[2025-12-14T08:41:07.575+0000] {processor.py:830} INFO - Processing file /home/airflow/.local/lib/python3.12/site-packages/airflow/example_dags/example_task_group_decorator.py for tasks to queue
[2025-12-14T08:41:07.582+0000] {logging_mixin.py:188} INFO - [2025-12-14T08:41:07.581+0000] {dagbag.py:545} INFO - Filling up the DagBag from /home/airflow/.local/lib/python3.12/site-packages/airflow/example_dags/example_task_group_decorator.py
[2025-12-14T08:41:07.625+0000] {processor.py:840} INFO - DAG(s) 'example_task_group_decorator' retrieved from /home/airflow/.local/lib/python3.12/site-packages/airflow/example_dags/example_task_group_decorator.py
[2025-12-14T08:41:07.643+0000] {logging_mixin.py:188} INFO - [2025-12-14T08:41:07.643+0000] {dag.py:3089} INFO - Sync 1 DAGs
[2025-12-14T08:41:07.683+0000] {logging_mixin.py:188} INFO - [2025-12-14T08:41:07.682+0000] {dag.py:3947} INFO - Setting next_dagrun for example_task_group_decorator to 2025-12-13 00:00:00+00:00, run_after=2025-12-14 00:00:00+00:00
[2025-12-14T08:41:07.709+0000] {processor.py:183} INFO - Processing /home/airflow/.local/lib/python3.12/site-packages/airflow/example_dags/example_task_group_decorator.py took 0.149 seconds
[2025-12-14T08:41:38.319+0000] {processor.py:161} INFO - Started process (PID=145) to work on /home/airflow/.local/lib/python3.12/site-packages/airflow/example_dags/example_task_group_decorator.py
[2025-12-14T08:41:38.320+0000] {processor.py:830} INFO - Processing file /home/airflow/.local/lib/python3.12/site-packages/airflow/example_dags/example_task_group_decorator.py for tasks to queue
[2025-12-14T08:41:38.322+0000] {logging_mixin.py:188} INFO - [2025-12-14T08:41:38.322+0000] {dagbag.py:545} INFO - Filling up the DagBag from /home/airflow/.local/lib/python3.12/site-packages/airflow/example_dags/example_task_group_decorator.py
[2025-12-14T08:41:38.336+0000] {processor.py:840} INFO - DAG(s) 'example_task_group_decorator' retrieved from /home/airflow/.local/lib/python3.12/site-packages/airflow/example_dags/example_task_group_decorator.py
[2025-12-14T08:41:38.425+0000] {logging_mixin.py:188} INFO - [2025-12-14T08:41:38.425+0000] {dag.py:3089} INFO - Sync 1 DAGs
[2025-12-14T08:41:38.445+0000] {logging_mixin.py:188} INFO - [2025-12-14T08:41:38.445+0000] {dag.py:3947} INFO - Setting next_dagrun for example_task_group_decorator to 2025-12-13 00:00:00+00:00, run_after=2025-12-14 00:00:00+00:00
[2025-12-14T08:41:38.464+0000] {processor.py:183} INFO - Processing /home/airflow/.local/lib/python3.12/site-packages/airflow/example_dags/example_task_group_decorator.py took 0.152 seconds
[2025-12-14T08:42:08.556+0000] {processor.py:161} INFO - Started process (PID=203) to work on /home/airflow/.local/lib/python3.12/site-packages/airflow/example_dags/example_task_group_decorator.py
[2025-12-14T08:42:08.557+0000] {processor.py:830} INFO - Processing file /home/airflow/.local/lib/python3.12/site-packages/airflow/example_dags/example_task_group_decorator.py for tasks to queue
[2025-12-14T08:42:08.558+0000] {logging_mixin.py:188} INFO - [2025-12-14T08:42:08.558+0000] {dagbag.py:545} INFO - Filling up the DagBag from /home/airflow/.local/lib/python3.12/site-packages/airflow/example_dags/example_task_group_decorator.py
[2025-12-14T08:42:08.571+0000] {processor.py:840} INFO - DAG(s) 'example_task_group_decorator' retrieved from /home/airflow/.local/lib/python3.12/site-packages/airflow/example_dags/example_task_group_decorator.py
[2025-12-14T08:42:08.592+0000] {logging_mixin.py:188} INFO - [2025-12-14T08:42:08.592+0000] {dag.py:3089} INFO - Sync 1 DAGs
[2025-12-14T08:42:08.623+0000] {logging_mixin.py:188} INFO - [2025-12-14T08:42:08.623+0000] {dag.py:3947} INFO - Setting next_dagrun for example_task_group_decorator to 2025-12-13 00:00:00+00:00, run_after=2025-12-14 00:00:00+00:00
[2025-12-14T08:42:08.648+0000] {processor.py:183} INFO - Processing /home/airflow/.local/lib/python3.12/site-packages/airflow/example_dags/example_task_group_decorator.py took 0.097 seconds
[2025-12-14T08:42:39.187+0000] {processor.py:161} INFO - Started process (PID=262) to work on /home/airflow/.local/lib/python3.12/site-packages/airflow/example_dags/example_task_group_decorator.py
[2025-12-14T08:42:39.189+0000] {processor.py:830} INFO - Processing file /home/airflow/.local/lib/python3.12/site-packages/airflow/example_dags/example_task_group_decorator.py for tasks to queue
[2025-12-14T08:42:39.191+0000] {logging_mixin.py:188} INFO - [2025-12-14T08:42:39.190+0000] {dagbag.py:545} INFO - Filling up the DagBag from /home/airflow/.local/lib/python3.12/site-packages/airflow/example_dags/example_task_group_decorator.py
[2025-12-14T08:42:39.205+0000] {processor.py:840} INFO - DAG(s) 'example_task_group_decorator' retrieved from /home/airflow/.local/lib/python3.12/site-packages/airflow/example_dags/example_task_group_decorator.py
[2025-12-14T08:42:39.233+0000] {logging_mixin.py:188} INFO - [2025-12-14T08:42:39.233+0000] {dag.py:3089} INFO - Sync 1 DAGs
[2025-12-14T08:42:39.256+0000] {logging_mixin.py:188} INFO - [2025-12-14T08:42:39.256+0000] {dag.py:3947} INFO - Setting next_dagrun for example_task_group_decorator to 2025-12-13 00:00:00+00:00, run_after=2025-12-14 00:00:00+00:00
[2025-12-14T08:42:39.283+0000] {processor.py:183} INFO - Processing /home/airflow/.local/lib/python3.12/site-packages/airflow/example_dags/example_task_group_decorator.py took 0.101 seconds
[2025-12-14T08:43:09.549+0000] {processor.py:161} INFO - Started process (PID=321) to work on /home/airflow/.local/lib/python3.12/site-packages/airflow/example_dags/example_task_group_decorator.py
[2025-12-14T08:43:09.550+0000] {processor.py:830} INFO - Processing file /home/airflow/.local/lib/python3.12/site-packages/airflow/example_dags/example_task_group_decorator.py for tasks to queue
[2025-12-14T08:43:09.552+0000] {logging_mixin.py:188} INFO - [2025-12-14T08:43:09.551+0000] {dagbag.py:545} INFO - Filling up the DagBag from /home/airflow/.local/lib/python3.12/site-packages/airflow/example_dags/example_task_group_decorator.py
[2025-12-14T08:43:09.563+0000] {processor.py:840} INFO - DAG(s) 'example_task_group_decorator' retrieved from /home/airflow/.local/lib/python3.12/site-packages/airflow/example_dags/example_task_group_decorator.py
[2025-12-14T08:43:09.585+0000] {logging_mixin.py:188} INFO - [2025-12-14T08:43:09.585+0000] {dag.py:3089} INFO - Sync 1 DAGs
[2025-12-14T08:43:09.602+0000] {logging_mixin.py:188} INFO - [2025-12-14T08:43:09.602+0000] {dag.py:3947} INFO - Setting next_dagrun for example_task_group_decorator to 2025-12-13 00:00:00+00:00, run_after=2025-12-14 00:00:00+00:00
[2025-12-14T08:43:09.620+0000] {processor.py:183} INFO - Processing /home/airflow/.local/lib/python3.12/site-packages/airflow/example_dags/example_task_group_decorator.py took 0.076 seconds
[2025-12-14T08:43:40.193+0000] {processor.py:161} INFO - Started process (PID=378) to work on /home/airflow/.local/lib/python3.12/site-packages/airflow/example_dags/example_task_group_decorator.py
[2025-12-14T08:43:40.194+0000] {processor.py:830} INFO - Processing file /home/airflow/.local/lib/python3.12/site-packages/airflow/example_dags/example_task_group_decorator.py for tasks to queue
[2025-12-14T08:43:40.196+0000] {logging_mixin.py:188} INFO - [2025-12-14T08:43:40.196+0000] {dagbag.py:545} INFO - Filling up the DagBag from /home/airflow/.local/lib/python3.12/site-packages/airflow/example_dags/example_task_group_decorator.py
[2025-12-14T08:43:40.208+0000] {processor.py:840} INFO - DAG(s) 'example_task_group_decorator' retrieved from /home/airflow/.local/lib/python3.12/site-packages/airflow/example_dags/example_task_group_decorator.py
[2025-12-14T08:43:40.231+0000] {logging_mixin.py:188} INFO - [2025-12-14T08:43:40.230+0000] {dag.py:3089} INFO - Sync 1 DAGs
[2025-12-14T08:43:40.251+0000] {logging_mixin.py:188} INFO - [2025-12-14T08:43:40.251+0000] {dag.py:3947} INFO - Setting next_dagrun for example_task_group_decorator to 2025-12-13 00:00:00+00:00, run_after=2025-12-14 00:00:00+00:00
[2025-12-14T08:43:40.268+0000] {processor.py:183} INFO - Processing /home/airflow/.local/lib/python3.12/site-packages/airflow/example_dags/example_task_group_decorator.py took 0.080 seconds
[2025-12-14T09:34:04.448+0000] {processor.py:161} INFO - Started process (PID=81) to work on /home/airflow/.local/lib/python3.12/site-packages/airflow/example_dags/example_task_group_decorator.py
[2025-12-14T09:34:04.449+0000] {processor.py:830} INFO - Processing file /home/airflow/.local/lib/python3.12/site-packages/airflow/example_dags/example_task_group_decorator.py for tasks to queue
[2025-12-14T09:34:04.452+0000] {logging_mixin.py:188} INFO - [2025-12-14T09:34:04.451+0000] {dagbag.py:545} INFO - Filling up the DagBag from /home/airflow/.local/lib/python3.12/site-packages/airflow/example_dags/example_task_group_decorator.py
[2025-12-14T09:34:04.469+0000] {processor.py:840} INFO - DAG(s) 'example_task_group_decorator' retrieved from /home/airflow/.local/lib/python3.12/site-packages/airflow/example_dags/example_task_group_decorator.py
[2025-12-14T09:34:04.483+0000] {logging_mixin.py:188} INFO - [2025-12-14T09:34:04.483+0000] {dag.py:3089} INFO - Sync 1 DAGs
[2025-12-14T09:34:04.512+0000] {logging_mixin.py:188} INFO - [2025-12-14T09:34:04.511+0000] {dag.py:3947} INFO - Setting next_dagrun for example_task_group_decorator to 2025-12-13 00:00:00+00:00, run_after=2025-12-14 00:00:00+00:00
[2025-12-14T09:34:04.534+0000] {processor.py:183} INFO - Processing /home/airflow/.local/lib/python3.12/site-packages/airflow/example_dags/example_task_group_decorator.py took 0.092 seconds
[2025-12-14T14:28:53.483+0000] {processor.py:161} INFO - Started process (PID=81) to work on /home/airflow/.local/lib/python3.12/site-packages/airflow/example_dags/example_task_group_decorator.py
[2025-12-14T14:28:53.484+0000] {processor.py:830} INFO - Processing file /home/airflow/.local/lib/python3.12/site-packages/airflow/example_dags/example_task_group_decorator.py for tasks to queue
[2025-12-14T14:28:53.486+0000] {logging_mixin.py:188} INFO - [2025-12-14T14:28:53.486+0000] {dagbag.py:545} INFO - Filling up the DagBag from /home/airflow/.local/lib/python3.12/site-packages/airflow/example_dags/example_task_group_decorator.py
[2025-12-14T14:28:53.503+0000] {processor.py:840} INFO - DAG(s) 'example_task_group_decorator' retrieved from /home/airflow/.local/lib/python3.12/site-packages/airflow/example_dags/example_task_group_decorator.py
[2025-12-14T14:28:53.517+0000] {logging_mixin.py:188} INFO - [2025-12-14T14:28:53.516+0000] {dag.py:3089} INFO - Sync 1 DAGs
[2025-12-14T14:28:53.557+0000] {logging_mixin.py:188} INFO - [2025-12-14T14:28:53.557+0000] {dag.py:3947} INFO - Setting next_dagrun for example_task_group_decorator to 2025-12-13 00:00:00+00:00, run_after=2025-12-14 00:00:00+00:00
[2025-12-14T14:28:53.589+0000] {processor.py:183} INFO - Processing /home/airflow/.local/lib/python3.12/site-packages/airflow/example_dags/example_task_group_decorator.py took 0.113 seconds
[2025-12-14T14:29:24.540+0000] {processor.py:161} INFO - Started process (PID=139) to work on /home/airflow/.local/lib/python3.12/site-packages/airflow/example_dags/example_task_group_decorator.py
[2025-12-14T14:29:24.541+0000] {processor.py:830} INFO - Processing file /home/airflow/.local/lib/python3.12/site-packages/airflow/example_dags/example_task_group_decorator.py for tasks to queue
[2025-12-14T14:29:24.543+0000] {logging_mixin.py:188} INFO - [2025-12-14T14:29:24.543+0000] {dagbag.py:545} INFO - Filling up the DagBag from /home/airflow/.local/lib/python3.12/site-packages/airflow/example_dags/example_task_group_decorator.py
[2025-12-14T14:29:24.558+0000] {processor.py:840} INFO - DAG(s) 'example_task_group_decorator' retrieved from /home/airflow/.local/lib/python3.12/site-packages/airflow/example_dags/example_task_group_decorator.py
[2025-12-14T14:29:24.661+0000] {logging_mixin.py:188} INFO - [2025-12-14T14:29:24.661+0000] {dag.py:3089} INFO - Sync 1 DAGs
[2025-12-14T14:29:24.679+0000] {logging_mixin.py:188} INFO - [2025-12-14T14:29:24.679+0000] {dag.py:3947} INFO - Setting next_dagrun for example_task_group_decorator to 2025-12-13 00:00:00+00:00, run_after=2025-12-14 00:00:00+00:00
[2025-12-14T14:29:24.699+0000] {processor.py:183} INFO - Processing /home/airflow/.local/lib/python3.12/site-packages/airflow/example_dags/example_task_group_decorator.py took 0.165 seconds
