[2025-12-14T04:20:21.534+0000] {processor.py:161} INFO - Started process (PID=68) to work on /home/airflow/.local/lib/python3.12/site-packages/airflow/example_dags/example_skip_dag.py
[2025-12-14T04:20:21.536+0000] {processor.py:830} INFO - Processing file /home/airflow/.local/lib/python3.12/site-packages/airflow/example_dags/example_skip_dag.py for tasks to queue
[2025-12-14T04:20:21.538+0000] {logging_mixin.py:188} INFO - [2025-12-14T04:20:21.538+0000] {dagbag.py:545} INFO - Filling up the DagBag from /home/airflow/.local/lib/python3.12/site-packages/airflow/example_dags/example_skip_dag.py
[2025-12-14T04:20:21.548+0000] {processor.py:840} INFO - DAG(s) 'example_skip_dag' retrieved from /home/airflow/.local/lib/python3.12/site-packages/airflow/example_dags/example_skip_dag.py
[2025-12-14T04:20:21.565+0000] {logging_mixin.py:188} INFO - [2025-12-14T04:20:21.565+0000] {dag.py:3089} INFO - Sync 1 DAGs
[2025-12-14T04:20:21.595+0000] {logging_mixin.py:188} INFO - [2025-12-14T04:20:21.595+0000] {dag.py:3947} INFO - Setting next_dagrun for example_skip_dag to 2025-12-13 00:00:00+00:00, run_after=2025-12-14 00:00:00+00:00
[2025-12-14T04:20:21.619+0000] {processor.py:183} INFO - Processing /home/airflow/.local/lib/python3.12/site-packages/airflow/example_dags/example_skip_dag.py took 0.091 seconds
[2025-12-14T04:20:53.000+0000] {processor.py:161} INFO - Started process (PID=132) to work on /home/airflow/.local/lib/python3.12/site-packages/airflow/example_dags/example_skip_dag.py
[2025-12-14T04:20:53.001+0000] {processor.py:830} INFO - Processing file /home/airflow/.local/lib/python3.12/site-packages/airflow/example_dags/example_skip_dag.py for tasks to queue
[2025-12-14T04:20:53.002+0000] {logging_mixin.py:188} INFO - [2025-12-14T04:20:53.002+0000] {dagbag.py:545} INFO - Filling up the DagBag from /home/airflow/.local/lib/python3.12/site-packages/airflow/example_dags/example_skip_dag.py
[2025-12-14T04:20:53.008+0000] {processor.py:840} INFO - DAG(s) 'example_skip_dag' retrieved from /home/airflow/.local/lib/python3.12/site-packages/airflow/example_dags/example_skip_dag.py
[2025-12-14T04:20:53.087+0000] {logging_mixin.py:188} INFO - [2025-12-14T04:20:53.087+0000] {dag.py:3089} INFO - Sync 1 DAGs
[2025-12-14T04:20:53.102+0000] {logging_mixin.py:188} INFO - [2025-12-14T04:20:53.102+0000] {dag.py:3947} INFO - Setting next_dagrun for example_skip_dag to 2025-12-13 00:00:00+00:00, run_after=2025-12-14 00:00:00+00:00
[2025-12-14T04:20:53.121+0000] {processor.py:183} INFO - Processing /home/airflow/.local/lib/python3.12/site-packages/airflow/example_dags/example_skip_dag.py took 0.126 seconds
[2025-12-14T04:21:23.976+0000] {processor.py:161} INFO - Started process (PID=190) to work on /home/airflow/.local/lib/python3.12/site-packages/airflow/example_dags/example_skip_dag.py
[2025-12-14T04:21:23.977+0000] {processor.py:830} INFO - Processing file /home/airflow/.local/lib/python3.12/site-packages/airflow/example_dags/example_skip_dag.py for tasks to queue
[2025-12-14T04:21:23.979+0000] {logging_mixin.py:188} INFO - [2025-12-14T04:21:23.979+0000] {dagbag.py:545} INFO - Filling up the DagBag from /home/airflow/.local/lib/python3.12/site-packages/airflow/example_dags/example_skip_dag.py
[2025-12-14T04:21:23.985+0000] {processor.py:840} INFO - DAG(s) 'example_skip_dag' retrieved from /home/airflow/.local/lib/python3.12/site-packages/airflow/example_dags/example_skip_dag.py
[2025-12-14T04:21:24.003+0000] {logging_mixin.py:188} INFO - [2025-12-14T04:21:24.003+0000] {dag.py:3089} INFO - Sync 1 DAGs
[2025-12-14T04:21:24.021+0000] {logging_mixin.py:188} INFO - [2025-12-14T04:21:24.021+0000] {dag.py:3947} INFO - Setting next_dagrun for example_skip_dag to 2025-12-13 00:00:00+00:00, run_after=2025-12-14 00:00:00+00:00
[2025-12-14T04:21:24.037+0000] {processor.py:183} INFO - Processing /home/airflow/.local/lib/python3.12/site-packages/airflow/example_dags/example_skip_dag.py took 0.066 seconds
[2025-12-14T04:21:54.613+0000] {processor.py:161} INFO - Started process (PID=248) to work on /home/airflow/.local/lib/python3.12/site-packages/airflow/example_dags/example_skip_dag.py
[2025-12-14T04:21:54.615+0000] {processor.py:830} INFO - Processing file /home/airflow/.local/lib/python3.12/site-packages/airflow/example_dags/example_skip_dag.py for tasks to queue
[2025-12-14T04:21:54.618+0000] {logging_mixin.py:188} INFO - [2025-12-14T04:21:54.617+0000] {dagbag.py:545} INFO - Filling up the DagBag from /home/airflow/.local/lib/python3.12/site-packages/airflow/example_dags/example_skip_dag.py
[2025-12-14T04:21:54.626+0000] {processor.py:840} INFO - DAG(s) 'example_skip_dag' retrieved from /home/airflow/.local/lib/python3.12/site-packages/airflow/example_dags/example_skip_dag.py
[2025-12-14T04:21:54.655+0000] {logging_mixin.py:188} INFO - [2025-12-14T04:21:54.654+0000] {dag.py:3089} INFO - Sync 1 DAGs
[2025-12-14T04:21:54.678+0000] {logging_mixin.py:188} INFO - [2025-12-14T04:21:54.678+0000] {dag.py:3947} INFO - Setting next_dagrun for example_skip_dag to 2025-12-13 00:00:00+00:00, run_after=2025-12-14 00:00:00+00:00
[2025-12-14T04:21:54.697+0000] {processor.py:183} INFO - Processing /home/airflow/.local/lib/python3.12/site-packages/airflow/example_dags/example_skip_dag.py took 0.089 seconds
[2025-12-14T04:22:24.740+0000] {processor.py:161} INFO - Started process (PID=306) to work on /home/airflow/.local/lib/python3.12/site-packages/airflow/example_dags/example_skip_dag.py
[2025-12-14T04:22:24.741+0000] {processor.py:830} INFO - Processing file /home/airflow/.local/lib/python3.12/site-packages/airflow/example_dags/example_skip_dag.py for tasks to queue
[2025-12-14T04:22:24.743+0000] {logging_mixin.py:188} INFO - [2025-12-14T04:22:24.743+0000] {dagbag.py:545} INFO - Filling up the DagBag from /home/airflow/.local/lib/python3.12/site-packages/airflow/example_dags/example_skip_dag.py
[2025-12-14T04:22:24.749+0000] {processor.py:840} INFO - DAG(s) 'example_skip_dag' retrieved from /home/airflow/.local/lib/python3.12/site-packages/airflow/example_dags/example_skip_dag.py
[2025-12-14T04:22:24.767+0000] {logging_mixin.py:188} INFO - [2025-12-14T04:22:24.767+0000] {dag.py:3089} INFO - Sync 1 DAGs
[2025-12-14T04:22:24.787+0000] {logging_mixin.py:188} INFO - [2025-12-14T04:22:24.787+0000] {dag.py:3947} INFO - Setting next_dagrun for example_skip_dag to 2025-12-13 00:00:00+00:00, run_after=2025-12-14 00:00:00+00:00
[2025-12-14T04:22:24.806+0000] {processor.py:183} INFO - Processing /home/airflow/.local/lib/python3.12/site-packages/airflow/example_dags/example_skip_dag.py took 0.071 seconds
[2025-12-14T04:22:55.104+0000] {processor.py:161} INFO - Started process (PID=364) to work on /home/airflow/.local/lib/python3.12/site-packages/airflow/example_dags/example_skip_dag.py
[2025-12-14T04:22:55.105+0000] {processor.py:830} INFO - Processing file /home/airflow/.local/lib/python3.12/site-packages/airflow/example_dags/example_skip_dag.py for tasks to queue
[2025-12-14T04:22:55.106+0000] {logging_mixin.py:188} INFO - [2025-12-14T04:22:55.106+0000] {dagbag.py:545} INFO - Filling up the DagBag from /home/airflow/.local/lib/python3.12/site-packages/airflow/example_dags/example_skip_dag.py
[2025-12-14T04:22:55.112+0000] {processor.py:840} INFO - DAG(s) 'example_skip_dag' retrieved from /home/airflow/.local/lib/python3.12/site-packages/airflow/example_dags/example_skip_dag.py
[2025-12-14T04:22:55.133+0000] {logging_mixin.py:188} INFO - [2025-12-14T04:22:55.132+0000] {dag.py:3089} INFO - Sync 1 DAGs
[2025-12-14T04:22:55.152+0000] {logging_mixin.py:188} INFO - [2025-12-14T04:22:55.152+0000] {dag.py:3947} INFO - Setting next_dagrun for example_skip_dag to 2025-12-13 00:00:00+00:00, run_after=2025-12-14 00:00:00+00:00
[2025-12-14T04:22:55.170+0000] {processor.py:183} INFO - Processing /home/airflow/.local/lib/python3.12/site-packages/airflow/example_dags/example_skip_dag.py took 0.072 seconds
[2025-12-14T04:23:25.424+0000] {processor.py:161} INFO - Started process (PID=422) to work on /home/airflow/.local/lib/python3.12/site-packages/airflow/example_dags/example_skip_dag.py
[2025-12-14T04:23:25.425+0000] {processor.py:830} INFO - Processing file /home/airflow/.local/lib/python3.12/site-packages/airflow/example_dags/example_skip_dag.py for tasks to queue
[2025-12-14T04:23:25.426+0000] {logging_mixin.py:188} INFO - [2025-12-14T04:23:25.426+0000] {dagbag.py:545} INFO - Filling up the DagBag from /home/airflow/.local/lib/python3.12/site-packages/airflow/example_dags/example_skip_dag.py
[2025-12-14T04:23:25.432+0000] {processor.py:840} INFO - DAG(s) 'example_skip_dag' retrieved from /home/airflow/.local/lib/python3.12/site-packages/airflow/example_dags/example_skip_dag.py
[2025-12-14T04:23:25.454+0000] {logging_mixin.py:188} INFO - [2025-12-14T04:23:25.454+0000] {dag.py:3089} INFO - Sync 1 DAGs
[2025-12-14T04:23:25.477+0000] {logging_mixin.py:188} INFO - [2025-12-14T04:23:25.477+0000] {dag.py:3947} INFO - Setting next_dagrun for example_skip_dag to 2025-12-13 00:00:00+00:00, run_after=2025-12-14 00:00:00+00:00
[2025-12-14T04:23:25.499+0000] {processor.py:183} INFO - Processing /home/airflow/.local/lib/python3.12/site-packages/airflow/example_dags/example_skip_dag.py took 0.081 seconds
[2025-12-14T04:23:55.563+0000] {processor.py:161} INFO - Started process (PID=480) to work on /home/airflow/.local/lib/python3.12/site-packages/airflow/example_dags/example_skip_dag.py
[2025-12-14T04:23:55.564+0000] {processor.py:830} INFO - Processing file /home/airflow/.local/lib/python3.12/site-packages/airflow/example_dags/example_skip_dag.py for tasks to queue
[2025-12-14T04:23:55.565+0000] {logging_mixin.py:188} INFO - [2025-12-14T04:23:55.565+0000] {dagbag.py:545} INFO - Filling up the DagBag from /home/airflow/.local/lib/python3.12/site-packages/airflow/example_dags/example_skip_dag.py
[2025-12-14T04:23:55.571+0000] {processor.py:840} INFO - DAG(s) 'example_skip_dag' retrieved from /home/airflow/.local/lib/python3.12/site-packages/airflow/example_dags/example_skip_dag.py
[2025-12-14T04:23:55.590+0000] {logging_mixin.py:188} INFO - [2025-12-14T04:23:55.589+0000] {dag.py:3089} INFO - Sync 1 DAGs
[2025-12-14T04:23:55.607+0000] {logging_mixin.py:188} INFO - [2025-12-14T04:23:55.607+0000] {dag.py:3947} INFO - Setting next_dagrun for example_skip_dag to 2025-12-13 00:00:00+00:00, run_after=2025-12-14 00:00:00+00:00
[2025-12-14T04:23:55.624+0000] {processor.py:183} INFO - Processing /home/airflow/.local/lib/python3.12/site-packages/airflow/example_dags/example_skip_dag.py took 0.067 seconds
[2025-12-14T04:24:26.266+0000] {processor.py:161} INFO - Started process (PID=538) to work on /home/airflow/.local/lib/python3.12/site-packages/airflow/example_dags/example_skip_dag.py
[2025-12-14T04:24:26.267+0000] {processor.py:830} INFO - Processing file /home/airflow/.local/lib/python3.12/site-packages/airflow/example_dags/example_skip_dag.py for tasks to queue
[2025-12-14T04:24:26.269+0000] {logging_mixin.py:188} INFO - [2025-12-14T04:24:26.268+0000] {dagbag.py:545} INFO - Filling up the DagBag from /home/airflow/.local/lib/python3.12/site-packages/airflow/example_dags/example_skip_dag.py
[2025-12-14T04:24:26.274+0000] {processor.py:840} INFO - DAG(s) 'example_skip_dag' retrieved from /home/airflow/.local/lib/python3.12/site-packages/airflow/example_dags/example_skip_dag.py
[2025-12-14T04:24:26.293+0000] {logging_mixin.py:188} INFO - [2025-12-14T04:24:26.292+0000] {dag.py:3089} INFO - Sync 1 DAGs
[2025-12-14T04:24:26.310+0000] {logging_mixin.py:188} INFO - [2025-12-14T04:24:26.310+0000] {dag.py:3947} INFO - Setting next_dagrun for example_skip_dag to 2025-12-13 00:00:00+00:00, run_after=2025-12-14 00:00:00+00:00
[2025-12-14T04:24:26.326+0000] {processor.py:183} INFO - Processing /home/airflow/.local/lib/python3.12/site-packages/airflow/example_dags/example_skip_dag.py took 0.066 seconds
[2025-12-14T04:24:56.919+0000] {processor.py:161} INFO - Started process (PID=596) to work on /home/airflow/.local/lib/python3.12/site-packages/airflow/example_dags/example_skip_dag.py
[2025-12-14T04:24:56.920+0000] {processor.py:830} INFO - Processing file /home/airflow/.local/lib/python3.12/site-packages/airflow/example_dags/example_skip_dag.py for tasks to queue
[2025-12-14T04:24:56.921+0000] {logging_mixin.py:188} INFO - [2025-12-14T04:24:56.921+0000] {dagbag.py:545} INFO - Filling up the DagBag from /home/airflow/.local/lib/python3.12/site-packages/airflow/example_dags/example_skip_dag.py
[2025-12-14T04:24:56.927+0000] {processor.py:840} INFO - DAG(s) 'example_skip_dag' retrieved from /home/airflow/.local/lib/python3.12/site-packages/airflow/example_dags/example_skip_dag.py
[2025-12-14T04:24:56.944+0000] {logging_mixin.py:188} INFO - [2025-12-14T04:24:56.944+0000] {dag.py:3089} INFO - Sync 1 DAGs
[2025-12-14T04:24:56.962+0000] {logging_mixin.py:188} INFO - [2025-12-14T04:24:56.962+0000] {dag.py:3947} INFO - Setting next_dagrun for example_skip_dag to 2025-12-13 00:00:00+00:00, run_after=2025-12-14 00:00:00+00:00
[2025-12-14T04:24:56.979+0000] {processor.py:183} INFO - Processing /home/airflow/.local/lib/python3.12/site-packages/airflow/example_dags/example_skip_dag.py took 0.065 seconds
[2025-12-14T04:25:27.783+0000] {processor.py:161} INFO - Started process (PID=654) to work on /home/airflow/.local/lib/python3.12/site-packages/airflow/example_dags/example_skip_dag.py
[2025-12-14T04:25:27.783+0000] {processor.py:830} INFO - Processing file /home/airflow/.local/lib/python3.12/site-packages/airflow/example_dags/example_skip_dag.py for tasks to queue
[2025-12-14T04:25:27.785+0000] {logging_mixin.py:188} INFO - [2025-12-14T04:25:27.785+0000] {dagbag.py:545} INFO - Filling up the DagBag from /home/airflow/.local/lib/python3.12/site-packages/airflow/example_dags/example_skip_dag.py
[2025-12-14T04:25:27.790+0000] {processor.py:840} INFO - DAG(s) 'example_skip_dag' retrieved from /home/airflow/.local/lib/python3.12/site-packages/airflow/example_dags/example_skip_dag.py
[2025-12-14T04:25:27.808+0000] {logging_mixin.py:188} INFO - [2025-12-14T04:25:27.808+0000] {dag.py:3089} INFO - Sync 1 DAGs
[2025-12-14T04:25:27.825+0000] {logging_mixin.py:188} INFO - [2025-12-14T04:25:27.825+0000] {dag.py:3947} INFO - Setting next_dagrun for example_skip_dag to 2025-12-13 00:00:00+00:00, run_after=2025-12-14 00:00:00+00:00
[2025-12-14T04:25:27.841+0000] {processor.py:183} INFO - Processing /home/airflow/.local/lib/python3.12/site-packages/airflow/example_dags/example_skip_dag.py took 0.063 seconds
[2025-12-14T04:25:58.497+0000] {processor.py:161} INFO - Started process (PID=712) to work on /home/airflow/.local/lib/python3.12/site-packages/airflow/example_dags/example_skip_dag.py
[2025-12-14T04:25:58.497+0000] {processor.py:830} INFO - Processing file /home/airflow/.local/lib/python3.12/site-packages/airflow/example_dags/example_skip_dag.py for tasks to queue
[2025-12-14T04:25:58.499+0000] {logging_mixin.py:188} INFO - [2025-12-14T04:25:58.499+0000] {dagbag.py:545} INFO - Filling up the DagBag from /home/airflow/.local/lib/python3.12/site-packages/airflow/example_dags/example_skip_dag.py
[2025-12-14T04:25:58.505+0000] {processor.py:840} INFO - DAG(s) 'example_skip_dag' retrieved from /home/airflow/.local/lib/python3.12/site-packages/airflow/example_dags/example_skip_dag.py
[2025-12-14T04:25:58.523+0000] {logging_mixin.py:188} INFO - [2025-12-14T04:25:58.523+0000] {dag.py:3089} INFO - Sync 1 DAGs
[2025-12-14T04:25:58.541+0000] {logging_mixin.py:188} INFO - [2025-12-14T04:25:58.541+0000] {dag.py:3947} INFO - Setting next_dagrun for example_skip_dag to 2025-12-13 00:00:00+00:00, run_after=2025-12-14 00:00:00+00:00
[2025-12-14T04:25:58.559+0000] {processor.py:183} INFO - Processing /home/airflow/.local/lib/python3.12/site-packages/airflow/example_dags/example_skip_dag.py took 0.067 seconds
[2025-12-14T04:26:29.155+0000] {processor.py:161} INFO - Started process (PID=770) to work on /home/airflow/.local/lib/python3.12/site-packages/airflow/example_dags/example_skip_dag.py
[2025-12-14T04:26:29.155+0000] {processor.py:830} INFO - Processing file /home/airflow/.local/lib/python3.12/site-packages/airflow/example_dags/example_skip_dag.py for tasks to queue
[2025-12-14T04:26:29.157+0000] {logging_mixin.py:188} INFO - [2025-12-14T04:26:29.157+0000] {dagbag.py:545} INFO - Filling up the DagBag from /home/airflow/.local/lib/python3.12/site-packages/airflow/example_dags/example_skip_dag.py
[2025-12-14T04:26:29.162+0000] {processor.py:840} INFO - DAG(s) 'example_skip_dag' retrieved from /home/airflow/.local/lib/python3.12/site-packages/airflow/example_dags/example_skip_dag.py
[2025-12-14T04:26:29.179+0000] {logging_mixin.py:188} INFO - [2025-12-14T04:26:29.178+0000] {dag.py:3089} INFO - Sync 1 DAGs
[2025-12-14T04:26:29.196+0000] {logging_mixin.py:188} INFO - [2025-12-14T04:26:29.196+0000] {dag.py:3947} INFO - Setting next_dagrun for example_skip_dag to 2025-12-13 00:00:00+00:00, run_after=2025-12-14 00:00:00+00:00
[2025-12-14T04:26:29.212+0000] {processor.py:183} INFO - Processing /home/airflow/.local/lib/python3.12/site-packages/airflow/example_dags/example_skip_dag.py took 0.062 seconds
[2025-12-14T04:26:59.770+0000] {processor.py:161} INFO - Started process (PID=828) to work on /home/airflow/.local/lib/python3.12/site-packages/airflow/example_dags/example_skip_dag.py
[2025-12-14T04:26:59.771+0000] {processor.py:830} INFO - Processing file /home/airflow/.local/lib/python3.12/site-packages/airflow/example_dags/example_skip_dag.py for tasks to queue
[2025-12-14T04:26:59.773+0000] {logging_mixin.py:188} INFO - [2025-12-14T04:26:59.773+0000] {dagbag.py:545} INFO - Filling up the DagBag from /home/airflow/.local/lib/python3.12/site-packages/airflow/example_dags/example_skip_dag.py
[2025-12-14T04:26:59.779+0000] {processor.py:840} INFO - DAG(s) 'example_skip_dag' retrieved from /home/airflow/.local/lib/python3.12/site-packages/airflow/example_dags/example_skip_dag.py
[2025-12-14T04:26:59.797+0000] {logging_mixin.py:188} INFO - [2025-12-14T04:26:59.797+0000] {dag.py:3089} INFO - Sync 1 DAGs
[2025-12-14T04:26:59.814+0000] {logging_mixin.py:188} INFO - [2025-12-14T04:26:59.814+0000] {dag.py:3947} INFO - Setting next_dagrun for example_skip_dag to 2025-12-13 00:00:00+00:00, run_after=2025-12-14 00:00:00+00:00
[2025-12-14T04:26:59.831+0000] {processor.py:183} INFO - Processing /home/airflow/.local/lib/python3.12/site-packages/airflow/example_dags/example_skip_dag.py took 0.065 seconds
[2025-12-14T04:27:30.644+0000] {processor.py:161} INFO - Started process (PID=886) to work on /home/airflow/.local/lib/python3.12/site-packages/airflow/example_dags/example_skip_dag.py
[2025-12-14T04:27:30.645+0000] {processor.py:830} INFO - Processing file /home/airflow/.local/lib/python3.12/site-packages/airflow/example_dags/example_skip_dag.py for tasks to queue
[2025-12-14T04:27:30.647+0000] {logging_mixin.py:188} INFO - [2025-12-14T04:27:30.646+0000] {dagbag.py:545} INFO - Filling up the DagBag from /home/airflow/.local/lib/python3.12/site-packages/airflow/example_dags/example_skip_dag.py
[2025-12-14T04:27:30.652+0000] {processor.py:840} INFO - DAG(s) 'example_skip_dag' retrieved from /home/airflow/.local/lib/python3.12/site-packages/airflow/example_dags/example_skip_dag.py
[2025-12-14T04:27:30.668+0000] {logging_mixin.py:188} INFO - [2025-12-14T04:27:30.668+0000] {dag.py:3089} INFO - Sync 1 DAGs
[2025-12-14T04:27:30.686+0000] {logging_mixin.py:188} INFO - [2025-12-14T04:27:30.686+0000] {dag.py:3947} INFO - Setting next_dagrun for example_skip_dag to 2025-12-13 00:00:00+00:00, run_after=2025-12-14 00:00:00+00:00
[2025-12-14T04:27:30.703+0000] {processor.py:183} INFO - Processing /home/airflow/.local/lib/python3.12/site-packages/airflow/example_dags/example_skip_dag.py took 0.064 seconds
[2025-12-14T04:28:01.392+0000] {processor.py:161} INFO - Started process (PID=944) to work on /home/airflow/.local/lib/python3.12/site-packages/airflow/example_dags/example_skip_dag.py
[2025-12-14T04:28:01.393+0000] {processor.py:830} INFO - Processing file /home/airflow/.local/lib/python3.12/site-packages/airflow/example_dags/example_skip_dag.py for tasks to queue
[2025-12-14T04:28:01.395+0000] {logging_mixin.py:188} INFO - [2025-12-14T04:28:01.395+0000] {dagbag.py:545} INFO - Filling up the DagBag from /home/airflow/.local/lib/python3.12/site-packages/airflow/example_dags/example_skip_dag.py
[2025-12-14T04:28:01.400+0000] {processor.py:840} INFO - DAG(s) 'example_skip_dag' retrieved from /home/airflow/.local/lib/python3.12/site-packages/airflow/example_dags/example_skip_dag.py
[2025-12-14T04:28:01.418+0000] {logging_mixin.py:188} INFO - [2025-12-14T04:28:01.418+0000] {dag.py:3089} INFO - Sync 1 DAGs
[2025-12-14T04:28:01.435+0000] {logging_mixin.py:188} INFO - [2025-12-14T04:28:01.435+0000] {dag.py:3947} INFO - Setting next_dagrun for example_skip_dag to 2025-12-13 00:00:00+00:00, run_after=2025-12-14 00:00:00+00:00
[2025-12-14T04:28:01.453+0000] {processor.py:183} INFO - Processing /home/airflow/.local/lib/python3.12/site-packages/airflow/example_dags/example_skip_dag.py took 0.066 seconds
[2025-12-14T04:28:32.076+0000] {processor.py:161} INFO - Started process (PID=1002) to work on /home/airflow/.local/lib/python3.12/site-packages/airflow/example_dags/example_skip_dag.py
[2025-12-14T04:28:32.077+0000] {processor.py:830} INFO - Processing file /home/airflow/.local/lib/python3.12/site-packages/airflow/example_dags/example_skip_dag.py for tasks to queue
[2025-12-14T04:28:32.079+0000] {logging_mixin.py:188} INFO - [2025-12-14T04:28:32.078+0000] {dagbag.py:545} INFO - Filling up the DagBag from /home/airflow/.local/lib/python3.12/site-packages/airflow/example_dags/example_skip_dag.py
[2025-12-14T04:28:32.084+0000] {processor.py:840} INFO - DAG(s) 'example_skip_dag' retrieved from /home/airflow/.local/lib/python3.12/site-packages/airflow/example_dags/example_skip_dag.py
[2025-12-14T04:28:32.102+0000] {logging_mixin.py:188} INFO - [2025-12-14T04:28:32.101+0000] {dag.py:3089} INFO - Sync 1 DAGs
[2025-12-14T04:28:32.119+0000] {logging_mixin.py:188} INFO - [2025-12-14T04:28:32.119+0000] {dag.py:3947} INFO - Setting next_dagrun for example_skip_dag to 2025-12-13 00:00:00+00:00, run_after=2025-12-14 00:00:00+00:00
[2025-12-14T04:28:32.137+0000] {processor.py:183} INFO - Processing /home/airflow/.local/lib/python3.12/site-packages/airflow/example_dags/example_skip_dag.py took 0.065 seconds
[2025-12-14T04:29:02.936+0000] {processor.py:161} INFO - Started process (PID=1060) to work on /home/airflow/.local/lib/python3.12/site-packages/airflow/example_dags/example_skip_dag.py
[2025-12-14T04:29:02.937+0000] {processor.py:830} INFO - Processing file /home/airflow/.local/lib/python3.12/site-packages/airflow/example_dags/example_skip_dag.py for tasks to queue
[2025-12-14T04:29:02.939+0000] {logging_mixin.py:188} INFO - [2025-12-14T04:29:02.938+0000] {dagbag.py:545} INFO - Filling up the DagBag from /home/airflow/.local/lib/python3.12/site-packages/airflow/example_dags/example_skip_dag.py
[2025-12-14T04:29:02.944+0000] {processor.py:840} INFO - DAG(s) 'example_skip_dag' retrieved from /home/airflow/.local/lib/python3.12/site-packages/airflow/example_dags/example_skip_dag.py
[2025-12-14T04:29:02.960+0000] {logging_mixin.py:188} INFO - [2025-12-14T04:29:02.960+0000] {dag.py:3089} INFO - Sync 1 DAGs
[2025-12-14T04:29:02.977+0000] {logging_mixin.py:188} INFO - [2025-12-14T04:29:02.977+0000] {dag.py:3947} INFO - Setting next_dagrun for example_skip_dag to 2025-12-13 00:00:00+00:00, run_after=2025-12-14 00:00:00+00:00
[2025-12-14T04:29:02.993+0000] {processor.py:183} INFO - Processing /home/airflow/.local/lib/python3.12/site-packages/airflow/example_dags/example_skip_dag.py took 0.062 seconds
[2025-12-14T04:29:33.822+0000] {processor.py:161} INFO - Started process (PID=1118) to work on /home/airflow/.local/lib/python3.12/site-packages/airflow/example_dags/example_skip_dag.py
[2025-12-14T04:29:33.823+0000] {processor.py:830} INFO - Processing file /home/airflow/.local/lib/python3.12/site-packages/airflow/example_dags/example_skip_dag.py for tasks to queue
[2025-12-14T04:29:33.825+0000] {logging_mixin.py:188} INFO - [2025-12-14T04:29:33.825+0000] {dagbag.py:545} INFO - Filling up the DagBag from /home/airflow/.local/lib/python3.12/site-packages/airflow/example_dags/example_skip_dag.py
[2025-12-14T04:29:33.831+0000] {processor.py:840} INFO - DAG(s) 'example_skip_dag' retrieved from /home/airflow/.local/lib/python3.12/site-packages/airflow/example_dags/example_skip_dag.py
[2025-12-14T04:29:33.851+0000] {logging_mixin.py:188} INFO - [2025-12-14T04:29:33.851+0000] {dag.py:3089} INFO - Sync 1 DAGs
[2025-12-14T04:29:33.873+0000] {logging_mixin.py:188} INFO - [2025-12-14T04:29:33.872+0000] {dag.py:3947} INFO - Setting next_dagrun for example_skip_dag to 2025-12-13 00:00:00+00:00, run_after=2025-12-14 00:00:00+00:00
[2025-12-14T04:29:33.890+0000] {processor.py:183} INFO - Processing /home/airflow/.local/lib/python3.12/site-packages/airflow/example_dags/example_skip_dag.py took 0.073 seconds
[2025-12-14T04:30:04.678+0000] {processor.py:161} INFO - Started process (PID=1176) to work on /home/airflow/.local/lib/python3.12/site-packages/airflow/example_dags/example_skip_dag.py
[2025-12-14T04:30:04.679+0000] {processor.py:830} INFO - Processing file /home/airflow/.local/lib/python3.12/site-packages/airflow/example_dags/example_skip_dag.py for tasks to queue
[2025-12-14T04:30:04.680+0000] {logging_mixin.py:188} INFO - [2025-12-14T04:30:04.680+0000] {dagbag.py:545} INFO - Filling up the DagBag from /home/airflow/.local/lib/python3.12/site-packages/airflow/example_dags/example_skip_dag.py
[2025-12-14T04:30:04.686+0000] {processor.py:840} INFO - DAG(s) 'example_skip_dag' retrieved from /home/airflow/.local/lib/python3.12/site-packages/airflow/example_dags/example_skip_dag.py
[2025-12-14T04:30:04.705+0000] {logging_mixin.py:188} INFO - [2025-12-14T04:30:04.704+0000] {dag.py:3089} INFO - Sync 1 DAGs
[2025-12-14T04:30:04.723+0000] {logging_mixin.py:188} INFO - [2025-12-14T04:30:04.723+0000] {dag.py:3947} INFO - Setting next_dagrun for example_skip_dag to 2025-12-13 00:00:00+00:00, run_after=2025-12-14 00:00:00+00:00
[2025-12-14T04:30:04.740+0000] {processor.py:183} INFO - Processing /home/airflow/.local/lib/python3.12/site-packages/airflow/example_dags/example_skip_dag.py took 0.067 seconds
[2025-12-14T04:30:35.724+0000] {processor.py:161} INFO - Started process (PID=1234) to work on /home/airflow/.local/lib/python3.12/site-packages/airflow/example_dags/example_skip_dag.py
[2025-12-14T04:30:35.726+0000] {processor.py:830} INFO - Processing file /home/airflow/.local/lib/python3.12/site-packages/airflow/example_dags/example_skip_dag.py for tasks to queue
[2025-12-14T04:30:35.728+0000] {logging_mixin.py:188} INFO - [2025-12-14T04:30:35.727+0000] {dagbag.py:545} INFO - Filling up the DagBag from /home/airflow/.local/lib/python3.12/site-packages/airflow/example_dags/example_skip_dag.py
[2025-12-14T04:30:35.734+0000] {processor.py:840} INFO - DAG(s) 'example_skip_dag' retrieved from /home/airflow/.local/lib/python3.12/site-packages/airflow/example_dags/example_skip_dag.py
[2025-12-14T04:30:35.755+0000] {logging_mixin.py:188} INFO - [2025-12-14T04:30:35.754+0000] {dag.py:3089} INFO - Sync 1 DAGs
[2025-12-14T04:30:35.778+0000] {logging_mixin.py:188} INFO - [2025-12-14T04:30:35.777+0000] {dag.py:3947} INFO - Setting next_dagrun for example_skip_dag to 2025-12-13 00:00:00+00:00, run_after=2025-12-14 00:00:00+00:00
[2025-12-14T04:30:35.797+0000] {processor.py:183} INFO - Processing /home/airflow/.local/lib/python3.12/site-packages/airflow/example_dags/example_skip_dag.py took 0.079 seconds
[2025-12-14T04:31:05.935+0000] {processor.py:161} INFO - Started process (PID=1292) to work on /home/airflow/.local/lib/python3.12/site-packages/airflow/example_dags/example_skip_dag.py
[2025-12-14T04:31:05.936+0000] {processor.py:830} INFO - Processing file /home/airflow/.local/lib/python3.12/site-packages/airflow/example_dags/example_skip_dag.py for tasks to queue
[2025-12-14T04:31:05.937+0000] {logging_mixin.py:188} INFO - [2025-12-14T04:31:05.937+0000] {dagbag.py:545} INFO - Filling up the DagBag from /home/airflow/.local/lib/python3.12/site-packages/airflow/example_dags/example_skip_dag.py
[2025-12-14T04:31:05.943+0000] {processor.py:840} INFO - DAG(s) 'example_skip_dag' retrieved from /home/airflow/.local/lib/python3.12/site-packages/airflow/example_dags/example_skip_dag.py
[2025-12-14T04:31:05.960+0000] {logging_mixin.py:188} INFO - [2025-12-14T04:31:05.960+0000] {dag.py:3089} INFO - Sync 1 DAGs
[2025-12-14T04:31:05.979+0000] {logging_mixin.py:188} INFO - [2025-12-14T04:31:05.978+0000] {dag.py:3947} INFO - Setting next_dagrun for example_skip_dag to 2025-12-13 00:00:00+00:00, run_after=2025-12-14 00:00:00+00:00
[2025-12-14T04:31:05.998+0000] {processor.py:183} INFO - Processing /home/airflow/.local/lib/python3.12/site-packages/airflow/example_dags/example_skip_dag.py took 0.068 seconds
[2025-12-14T04:31:36.262+0000] {processor.py:161} INFO - Started process (PID=1350) to work on /home/airflow/.local/lib/python3.12/site-packages/airflow/example_dags/example_skip_dag.py
[2025-12-14T04:31:36.263+0000] {processor.py:830} INFO - Processing file /home/airflow/.local/lib/python3.12/site-packages/airflow/example_dags/example_skip_dag.py for tasks to queue
[2025-12-14T04:31:36.266+0000] {logging_mixin.py:188} INFO - [2025-12-14T04:31:36.265+0000] {dagbag.py:545} INFO - Filling up the DagBag from /home/airflow/.local/lib/python3.12/site-packages/airflow/example_dags/example_skip_dag.py
[2025-12-14T04:31:36.273+0000] {processor.py:840} INFO - DAG(s) 'example_skip_dag' retrieved from /home/airflow/.local/lib/python3.12/site-packages/airflow/example_dags/example_skip_dag.py
[2025-12-14T04:31:36.294+0000] {logging_mixin.py:188} INFO - [2025-12-14T04:31:36.293+0000] {dag.py:3089} INFO - Sync 1 DAGs
[2025-12-14T04:31:36.314+0000] {logging_mixin.py:188} INFO - [2025-12-14T04:31:36.314+0000] {dag.py:3947} INFO - Setting next_dagrun for example_skip_dag to 2025-12-13 00:00:00+00:00, run_after=2025-12-14 00:00:00+00:00
[2025-12-14T04:31:36.333+0000] {processor.py:183} INFO - Processing /home/airflow/.local/lib/python3.12/site-packages/airflow/example_dags/example_skip_dag.py took 0.078 seconds
[2025-12-14T08:41:05.805+0000] {processor.py:161} INFO - Started process (PID=74) to work on /home/airflow/.local/lib/python3.12/site-packages/airflow/example_dags/example_skip_dag.py
[2025-12-14T08:41:05.807+0000] {processor.py:830} INFO - Processing file /home/airflow/.local/lib/python3.12/site-packages/airflow/example_dags/example_skip_dag.py for tasks to queue
[2025-12-14T08:41:05.810+0000] {logging_mixin.py:188} INFO - [2025-12-14T08:41:05.809+0000] {dagbag.py:545} INFO - Filling up the DagBag from /home/airflow/.local/lib/python3.12/site-packages/airflow/example_dags/example_skip_dag.py
[2025-12-14T08:41:05.820+0000] {processor.py:840} INFO - DAG(s) 'example_skip_dag' retrieved from /home/airflow/.local/lib/python3.12/site-packages/airflow/example_dags/example_skip_dag.py
[2025-12-14T08:41:05.835+0000] {logging_mixin.py:188} INFO - [2025-12-14T08:41:05.834+0000] {dag.py:3089} INFO - Sync 1 DAGs
[2025-12-14T08:41:05.860+0000] {logging_mixin.py:188} INFO - [2025-12-14T08:41:05.859+0000] {dag.py:3947} INFO - Setting next_dagrun for example_skip_dag to 2025-12-13 00:00:00+00:00, run_after=2025-12-14 00:00:00+00:00
[2025-12-14T08:41:05.877+0000] {processor.py:183} INFO - Processing /home/airflow/.local/lib/python3.12/site-packages/airflow/example_dags/example_skip_dag.py took 0.080 seconds
[2025-12-14T08:41:37.071+0000] {processor.py:161} INFO - Started process (PID=132) to work on /home/airflow/.local/lib/python3.12/site-packages/airflow/example_dags/example_skip_dag.py
[2025-12-14T08:41:37.072+0000] {processor.py:830} INFO - Processing file /home/airflow/.local/lib/python3.12/site-packages/airflow/example_dags/example_skip_dag.py for tasks to queue
[2025-12-14T08:41:37.074+0000] {logging_mixin.py:188} INFO - [2025-12-14T08:41:37.074+0000] {dagbag.py:545} INFO - Filling up the DagBag from /home/airflow/.local/lib/python3.12/site-packages/airflow/example_dags/example_skip_dag.py
[2025-12-14T08:41:37.081+0000] {processor.py:840} INFO - DAG(s) 'example_skip_dag' retrieved from /home/airflow/.local/lib/python3.12/site-packages/airflow/example_dags/example_skip_dag.py
[2025-12-14T08:41:37.199+0000] {logging_mixin.py:188} INFO - [2025-12-14T08:41:37.199+0000] {dag.py:3089} INFO - Sync 1 DAGs
[2025-12-14T08:41:37.219+0000] {logging_mixin.py:188} INFO - [2025-12-14T08:41:37.219+0000] {dag.py:3947} INFO - Setting next_dagrun for example_skip_dag to 2025-12-13 00:00:00+00:00, run_after=2025-12-14 00:00:00+00:00
[2025-12-14T08:41:37.239+0000] {processor.py:183} INFO - Processing /home/airflow/.local/lib/python3.12/site-packages/airflow/example_dags/example_skip_dag.py took 0.174 seconds
[2025-12-14T08:42:07.572+0000] {processor.py:161} INFO - Started process (PID=190) to work on /home/airflow/.local/lib/python3.12/site-packages/airflow/example_dags/example_skip_dag.py
[2025-12-14T08:42:07.572+0000] {processor.py:830} INFO - Processing file /home/airflow/.local/lib/python3.12/site-packages/airflow/example_dags/example_skip_dag.py for tasks to queue
[2025-12-14T08:42:07.574+0000] {logging_mixin.py:188} INFO - [2025-12-14T08:42:07.574+0000] {dagbag.py:545} INFO - Filling up the DagBag from /home/airflow/.local/lib/python3.12/site-packages/airflow/example_dags/example_skip_dag.py
[2025-12-14T08:42:07.580+0000] {processor.py:840} INFO - DAG(s) 'example_skip_dag' retrieved from /home/airflow/.local/lib/python3.12/site-packages/airflow/example_dags/example_skip_dag.py
[2025-12-14T08:42:07.599+0000] {logging_mixin.py:188} INFO - [2025-12-14T08:42:07.598+0000] {dag.py:3089} INFO - Sync 1 DAGs
[2025-12-14T08:42:07.618+0000] {logging_mixin.py:188} INFO - [2025-12-14T08:42:07.618+0000] {dag.py:3947} INFO - Setting next_dagrun for example_skip_dag to 2025-12-13 00:00:00+00:00, run_after=2025-12-14 00:00:00+00:00
[2025-12-14T08:42:07.637+0000] {processor.py:183} INFO - Processing /home/airflow/.local/lib/python3.12/site-packages/airflow/example_dags/example_skip_dag.py took 0.071 seconds
[2025-12-14T08:42:38.413+0000] {processor.py:161} INFO - Started process (PID=248) to work on /home/airflow/.local/lib/python3.12/site-packages/airflow/example_dags/example_skip_dag.py
[2025-12-14T08:42:38.414+0000] {processor.py:830} INFO - Processing file /home/airflow/.local/lib/python3.12/site-packages/airflow/example_dags/example_skip_dag.py for tasks to queue
[2025-12-14T08:42:38.416+0000] {logging_mixin.py:188} INFO - [2025-12-14T08:42:38.416+0000] {dagbag.py:545} INFO - Filling up the DagBag from /home/airflow/.local/lib/python3.12/site-packages/airflow/example_dags/example_skip_dag.py
[2025-12-14T08:42:38.423+0000] {processor.py:840} INFO - DAG(s) 'example_skip_dag' retrieved from /home/airflow/.local/lib/python3.12/site-packages/airflow/example_dags/example_skip_dag.py
[2025-12-14T08:42:38.446+0000] {logging_mixin.py:188} INFO - [2025-12-14T08:42:38.446+0000] {dag.py:3089} INFO - Sync 1 DAGs
[2025-12-14T08:42:38.465+0000] {logging_mixin.py:188} INFO - [2025-12-14T08:42:38.465+0000] {dag.py:3947} INFO - Setting next_dagrun for example_skip_dag to 2025-12-13 00:00:00+00:00, run_after=2025-12-14 00:00:00+00:00
[2025-12-14T08:42:38.484+0000] {processor.py:183} INFO - Processing /home/airflow/.local/lib/python3.12/site-packages/airflow/example_dags/example_skip_dag.py took 0.077 seconds
[2025-12-14T08:43:08.911+0000] {processor.py:161} INFO - Started process (PID=307) to work on /home/airflow/.local/lib/python3.12/site-packages/airflow/example_dags/example_skip_dag.py
[2025-12-14T08:43:08.912+0000] {processor.py:830} INFO - Processing file /home/airflow/.local/lib/python3.12/site-packages/airflow/example_dags/example_skip_dag.py for tasks to queue
[2025-12-14T08:43:08.914+0000] {logging_mixin.py:188} INFO - [2025-12-14T08:43:08.914+0000] {dagbag.py:545} INFO - Filling up the DagBag from /home/airflow/.local/lib/python3.12/site-packages/airflow/example_dags/example_skip_dag.py
[2025-12-14T08:43:08.920+0000] {processor.py:840} INFO - DAG(s) 'example_skip_dag' retrieved from /home/airflow/.local/lib/python3.12/site-packages/airflow/example_dags/example_skip_dag.py
[2025-12-14T08:43:08.940+0000] {logging_mixin.py:188} INFO - [2025-12-14T08:43:08.939+0000] {dag.py:3089} INFO - Sync 1 DAGs
[2025-12-14T08:43:08.958+0000] {logging_mixin.py:188} INFO - [2025-12-14T08:43:08.958+0000] {dag.py:3947} INFO - Setting next_dagrun for example_skip_dag to 2025-12-13 00:00:00+00:00, run_after=2025-12-14 00:00:00+00:00
[2025-12-14T08:43:08.975+0000] {processor.py:183} INFO - Processing /home/airflow/.local/lib/python3.12/site-packages/airflow/example_dags/example_skip_dag.py took 0.068 seconds
[2025-12-14T08:43:39.575+0000] {processor.py:161} INFO - Started process (PID=365) to work on /home/airflow/.local/lib/python3.12/site-packages/airflow/example_dags/example_skip_dag.py
[2025-12-14T08:43:39.576+0000] {processor.py:830} INFO - Processing file /home/airflow/.local/lib/python3.12/site-packages/airflow/example_dags/example_skip_dag.py for tasks to queue
[2025-12-14T08:43:39.578+0000] {logging_mixin.py:188} INFO - [2025-12-14T08:43:39.578+0000] {dagbag.py:545} INFO - Filling up the DagBag from /home/airflow/.local/lib/python3.12/site-packages/airflow/example_dags/example_skip_dag.py
[2025-12-14T08:43:39.584+0000] {processor.py:840} INFO - DAG(s) 'example_skip_dag' retrieved from /home/airflow/.local/lib/python3.12/site-packages/airflow/example_dags/example_skip_dag.py
[2025-12-14T08:43:39.604+0000] {logging_mixin.py:188} INFO - [2025-12-14T08:43:39.604+0000] {dag.py:3089} INFO - Sync 1 DAGs
[2025-12-14T08:43:39.623+0000] {logging_mixin.py:188} INFO - [2025-12-14T08:43:39.623+0000] {dag.py:3947} INFO - Setting next_dagrun for example_skip_dag to 2025-12-13 00:00:00+00:00, run_after=2025-12-14 00:00:00+00:00
[2025-12-14T08:43:39.644+0000] {processor.py:183} INFO - Processing /home/airflow/.local/lib/python3.12/site-packages/airflow/example_dags/example_skip_dag.py took 0.075 seconds
[2025-12-14T09:34:03.512+0000] {processor.py:161} INFO - Started process (PID=68) to work on /home/airflow/.local/lib/python3.12/site-packages/airflow/example_dags/example_skip_dag.py
[2025-12-14T09:34:03.513+0000] {processor.py:830} INFO - Processing file /home/airflow/.local/lib/python3.12/site-packages/airflow/example_dags/example_skip_dag.py for tasks to queue
[2025-12-14T09:34:03.515+0000] {logging_mixin.py:188} INFO - [2025-12-14T09:34:03.514+0000] {dagbag.py:545} INFO - Filling up the DagBag from /home/airflow/.local/lib/python3.12/site-packages/airflow/example_dags/example_skip_dag.py
[2025-12-14T09:34:03.523+0000] {processor.py:840} INFO - DAG(s) 'example_skip_dag' retrieved from /home/airflow/.local/lib/python3.12/site-packages/airflow/example_dags/example_skip_dag.py
[2025-12-14T09:34:03.538+0000] {logging_mixin.py:188} INFO - [2025-12-14T09:34:03.538+0000] {dag.py:3089} INFO - Sync 1 DAGs
[2025-12-14T09:34:03.566+0000] {logging_mixin.py:188} INFO - [2025-12-14T09:34:03.565+0000] {dag.py:3947} INFO - Setting next_dagrun for example_skip_dag to 2025-12-13 00:00:00+00:00, run_after=2025-12-14 00:00:00+00:00
[2025-12-14T09:34:03.590+0000] {processor.py:183} INFO - Processing /home/airflow/.local/lib/python3.12/site-packages/airflow/example_dags/example_skip_dag.py took 0.084 seconds
[2025-12-14T14:28:52.492+0000] {processor.py:161} INFO - Started process (PID=68) to work on /home/airflow/.local/lib/python3.12/site-packages/airflow/example_dags/example_skip_dag.py
[2025-12-14T14:28:52.494+0000] {processor.py:830} INFO - Processing file /home/airflow/.local/lib/python3.12/site-packages/airflow/example_dags/example_skip_dag.py for tasks to queue
[2025-12-14T14:28:52.497+0000] {logging_mixin.py:188} INFO - [2025-12-14T14:28:52.496+0000] {dagbag.py:545} INFO - Filling up the DagBag from /home/airflow/.local/lib/python3.12/site-packages/airflow/example_dags/example_skip_dag.py
[2025-12-14T14:28:52.507+0000] {processor.py:840} INFO - DAG(s) 'example_skip_dag' retrieved from /home/airflow/.local/lib/python3.12/site-packages/airflow/example_dags/example_skip_dag.py
[2025-12-14T14:28:52.524+0000] {logging_mixin.py:188} INFO - [2025-12-14T14:28:52.523+0000] {dag.py:3089} INFO - Sync 1 DAGs
[2025-12-14T14:28:52.561+0000] {logging_mixin.py:188} INFO - [2025-12-14T14:28:52.561+0000] {dag.py:3947} INFO - Setting next_dagrun for example_skip_dag to 2025-12-13 00:00:00+00:00, run_after=2025-12-14 00:00:00+00:00
[2025-12-14T14:28:52.589+0000] {processor.py:183} INFO - Processing /home/airflow/.local/lib/python3.12/site-packages/airflow/example_dags/example_skip_dag.py took 0.105 seconds
[2025-12-14T14:29:23.340+0000] {processor.py:161} INFO - Started process (PID=126) to work on /home/airflow/.local/lib/python3.12/site-packages/airflow/example_dags/example_skip_dag.py
[2025-12-14T14:29:23.341+0000] {processor.py:830} INFO - Processing file /home/airflow/.local/lib/python3.12/site-packages/airflow/example_dags/example_skip_dag.py for tasks to queue
[2025-12-14T14:29:23.343+0000] {logging_mixin.py:188} INFO - [2025-12-14T14:29:23.343+0000] {dagbag.py:545} INFO - Filling up the DagBag from /home/airflow/.local/lib/python3.12/site-packages/airflow/example_dags/example_skip_dag.py
[2025-12-14T14:29:23.349+0000] {processor.py:840} INFO - DAG(s) 'example_skip_dag' retrieved from /home/airflow/.local/lib/python3.12/site-packages/airflow/example_dags/example_skip_dag.py
[2025-12-14T14:29:23.440+0000] {logging_mixin.py:188} INFO - [2025-12-14T14:29:23.440+0000] {dag.py:3089} INFO - Sync 1 DAGs
[2025-12-14T14:29:23.456+0000] {logging_mixin.py:188} INFO - [2025-12-14T14:29:23.456+0000] {dag.py:3947} INFO - Setting next_dagrun for example_skip_dag to 2025-12-13 00:00:00+00:00, run_after=2025-12-14 00:00:00+00:00
[2025-12-14T14:29:23.472+0000] {processor.py:183} INFO - Processing /home/airflow/.local/lib/python3.12/site-packages/airflow/example_dags/example_skip_dag.py took 0.137 seconds
