[2025-12-14T04:20:20.951+0000] {processor.py:161} INFO - Started process (PID=58) to work on /home/airflow/.local/lib/python3.12/site-packages/airflow/example_dags/example_branch_day_of_week_operator.py
[2025-12-14T04:20:20.952+0000] {processor.py:830} INFO - Processing file /home/airflow/.local/lib/python3.12/site-packages/airflow/example_dags/example_branch_day_of_week_operator.py for tasks to queue
[2025-12-14T04:20:20.954+0000] {logging_mixin.py:188} INFO - [2025-12-14T04:20:20.954+0000] {dagbag.py:545} INFO - Filling up the DagBag from /home/airflow/.local/lib/python3.12/site-packages/airflow/example_dags/example_branch_day_of_week_operator.py
[2025-12-14T04:20:20.964+0000] {processor.py:840} INFO - DAG(s) 'example_weekday_branch_operator' retrieved from /home/airflow/.local/lib/python3.12/site-packages/airflow/example_dags/example_branch_day_of_week_operator.py
[2025-12-14T04:20:20.979+0000] {logging_mixin.py:188} INFO - [2025-12-14T04:20:20.979+0000] {dag.py:3089} INFO - Sync 1 DAGs
[2025-12-14T04:20:21.011+0000] {logging_mixin.py:188} INFO - [2025-12-14T04:20:21.011+0000] {dag.py:3947} INFO - Setting next_dagrun for example_weekday_branch_operator to 2025-12-13 00:00:00+00:00, run_after=2025-12-14 00:00:00+00:00
[2025-12-14T04:20:21.031+0000] {processor.py:183} INFO - Processing /home/airflow/.local/lib/python3.12/site-packages/airflow/example_dags/example_branch_day_of_week_operator.py took 0.085 seconds
[2025-12-14T04:20:51.783+0000] {processor.py:161} INFO - Started process (PID=116) to work on /home/airflow/.local/lib/python3.12/site-packages/airflow/example_dags/example_branch_day_of_week_operator.py
[2025-12-14T04:20:51.784+0000] {processor.py:830} INFO - Processing file /home/airflow/.local/lib/python3.12/site-packages/airflow/example_dags/example_branch_day_of_week_operator.py for tasks to queue
[2025-12-14T04:20:51.786+0000] {logging_mixin.py:188} INFO - [2025-12-14T04:20:51.785+0000] {dagbag.py:545} INFO - Filling up the DagBag from /home/airflow/.local/lib/python3.12/site-packages/airflow/example_dags/example_branch_day_of_week_operator.py
[2025-12-14T04:20:51.793+0000] {processor.py:840} INFO - DAG(s) 'example_weekday_branch_operator' retrieved from /home/airflow/.local/lib/python3.12/site-packages/airflow/example_dags/example_branch_day_of_week_operator.py
[2025-12-14T04:20:51.879+0000] {logging_mixin.py:188} INFO - [2025-12-14T04:20:51.879+0000] {dag.py:3089} INFO - Sync 1 DAGs
[2025-12-14T04:20:51.897+0000] {logging_mixin.py:188} INFO - [2025-12-14T04:20:51.897+0000] {dag.py:3947} INFO - Setting next_dagrun for example_weekday_branch_operator to 2025-12-13 00:00:00+00:00, run_after=2025-12-14 00:00:00+00:00
[2025-12-14T04:20:51.914+0000] {processor.py:183} INFO - Processing /home/airflow/.local/lib/python3.12/site-packages/airflow/example_dags/example_branch_day_of_week_operator.py took 0.136 seconds
[2025-12-14T04:21:22.414+0000] {processor.py:161} INFO - Started process (PID=174) to work on /home/airflow/.local/lib/python3.12/site-packages/airflow/example_dags/example_branch_day_of_week_operator.py
[2025-12-14T04:21:22.415+0000] {processor.py:830} INFO - Processing file /home/airflow/.local/lib/python3.12/site-packages/airflow/example_dags/example_branch_day_of_week_operator.py for tasks to queue
[2025-12-14T04:21:22.416+0000] {logging_mixin.py:188} INFO - [2025-12-14T04:21:22.416+0000] {dagbag.py:545} INFO - Filling up the DagBag from /home/airflow/.local/lib/python3.12/site-packages/airflow/example_dags/example_branch_day_of_week_operator.py
[2025-12-14T04:21:22.423+0000] {processor.py:840} INFO - DAG(s) 'example_weekday_branch_operator' retrieved from /home/airflow/.local/lib/python3.12/site-packages/airflow/example_dags/example_branch_day_of_week_operator.py
[2025-12-14T04:21:22.442+0000] {logging_mixin.py:188} INFO - [2025-12-14T04:21:22.441+0000] {dag.py:3089} INFO - Sync 1 DAGs
[2025-12-14T04:21:22.461+0000] {logging_mixin.py:188} INFO - [2025-12-14T04:21:22.461+0000] {dag.py:3947} INFO - Setting next_dagrun for example_weekday_branch_operator to 2025-12-13 00:00:00+00:00, run_after=2025-12-14 00:00:00+00:00
[2025-12-14T04:21:22.481+0000] {processor.py:183} INFO - Processing /home/airflow/.local/lib/python3.12/site-packages/airflow/example_dags/example_branch_day_of_week_operator.py took 0.072 seconds
[2025-12-14T04:21:53.075+0000] {processor.py:161} INFO - Started process (PID=238) to work on /home/airflow/.local/lib/python3.12/site-packages/airflow/example_dags/example_branch_day_of_week_operator.py
[2025-12-14T04:21:53.076+0000] {processor.py:830} INFO - Processing file /home/airflow/.local/lib/python3.12/site-packages/airflow/example_dags/example_branch_day_of_week_operator.py for tasks to queue
[2025-12-14T04:21:53.078+0000] {logging_mixin.py:188} INFO - [2025-12-14T04:21:53.077+0000] {dagbag.py:545} INFO - Filling up the DagBag from /home/airflow/.local/lib/python3.12/site-packages/airflow/example_dags/example_branch_day_of_week_operator.py
[2025-12-14T04:21:53.084+0000] {processor.py:840} INFO - DAG(s) 'example_weekday_branch_operator' retrieved from /home/airflow/.local/lib/python3.12/site-packages/airflow/example_dags/example_branch_day_of_week_operator.py
[2025-12-14T04:21:53.102+0000] {logging_mixin.py:188} INFO - [2025-12-14T04:21:53.101+0000] {dag.py:3089} INFO - Sync 1 DAGs
[2025-12-14T04:21:53.121+0000] {logging_mixin.py:188} INFO - [2025-12-14T04:21:53.121+0000] {dag.py:3947} INFO - Setting next_dagrun for example_weekday_branch_operator to 2025-12-13 00:00:00+00:00, run_after=2025-12-14 00:00:00+00:00
[2025-12-14T04:21:53.139+0000] {processor.py:183} INFO - Processing /home/airflow/.local/lib/python3.12/site-packages/airflow/example_dags/example_branch_day_of_week_operator.py took 0.069 seconds
[2025-12-14T04:22:23.211+0000] {processor.py:161} INFO - Started process (PID=296) to work on /home/airflow/.local/lib/python3.12/site-packages/airflow/example_dags/example_branch_day_of_week_operator.py
[2025-12-14T04:22:23.212+0000] {processor.py:830} INFO - Processing file /home/airflow/.local/lib/python3.12/site-packages/airflow/example_dags/example_branch_day_of_week_operator.py for tasks to queue
[2025-12-14T04:22:23.214+0000] {logging_mixin.py:188} INFO - [2025-12-14T04:22:23.213+0000] {dagbag.py:545} INFO - Filling up the DagBag from /home/airflow/.local/lib/python3.12/site-packages/airflow/example_dags/example_branch_day_of_week_operator.py
[2025-12-14T04:22:23.220+0000] {processor.py:840} INFO - DAG(s) 'example_weekday_branch_operator' retrieved from /home/airflow/.local/lib/python3.12/site-packages/airflow/example_dags/example_branch_day_of_week_operator.py
[2025-12-14T04:22:23.238+0000] {logging_mixin.py:188} INFO - [2025-12-14T04:22:23.238+0000] {dag.py:3089} INFO - Sync 1 DAGs
[2025-12-14T04:22:23.257+0000] {logging_mixin.py:188} INFO - [2025-12-14T04:22:23.256+0000] {dag.py:3947} INFO - Setting next_dagrun for example_weekday_branch_operator to 2025-12-13 00:00:00+00:00, run_after=2025-12-14 00:00:00+00:00
[2025-12-14T04:22:23.276+0000] {processor.py:183} INFO - Processing /home/airflow/.local/lib/python3.12/site-packages/airflow/example_dags/example_branch_day_of_week_operator.py took 0.070 seconds
[2025-12-14T04:22:53.416+0000] {processor.py:161} INFO - Started process (PID=354) to work on /home/airflow/.local/lib/python3.12/site-packages/airflow/example_dags/example_branch_day_of_week_operator.py
[2025-12-14T04:22:53.417+0000] {processor.py:830} INFO - Processing file /home/airflow/.local/lib/python3.12/site-packages/airflow/example_dags/example_branch_day_of_week_operator.py for tasks to queue
[2025-12-14T04:22:53.420+0000] {logging_mixin.py:188} INFO - [2025-12-14T04:22:53.420+0000] {dagbag.py:545} INFO - Filling up the DagBag from /home/airflow/.local/lib/python3.12/site-packages/airflow/example_dags/example_branch_day_of_week_operator.py
[2025-12-14T04:22:53.430+0000] {processor.py:840} INFO - DAG(s) 'example_weekday_branch_operator' retrieved from /home/airflow/.local/lib/python3.12/site-packages/airflow/example_dags/example_branch_day_of_week_operator.py
[2025-12-14T04:22:53.452+0000] {logging_mixin.py:188} INFO - [2025-12-14T04:22:53.452+0000] {dag.py:3089} INFO - Sync 1 DAGs
[2025-12-14T04:22:53.486+0000] {logging_mixin.py:188} INFO - [2025-12-14T04:22:53.485+0000] {dag.py:3947} INFO - Setting next_dagrun for example_weekday_branch_operator to 2025-12-13 00:00:00+00:00, run_after=2025-12-14 00:00:00+00:00
[2025-12-14T04:22:53.515+0000] {processor.py:183} INFO - Processing /home/airflow/.local/lib/python3.12/site-packages/airflow/example_dags/example_branch_day_of_week_operator.py took 0.105 seconds
[2025-12-14T04:23:23.700+0000] {processor.py:161} INFO - Started process (PID=412) to work on /home/airflow/.local/lib/python3.12/site-packages/airflow/example_dags/example_branch_day_of_week_operator.py
[2025-12-14T04:23:23.701+0000] {processor.py:830} INFO - Processing file /home/airflow/.local/lib/python3.12/site-packages/airflow/example_dags/example_branch_day_of_week_operator.py for tasks to queue
[2025-12-14T04:23:23.703+0000] {logging_mixin.py:188} INFO - [2025-12-14T04:23:23.703+0000] {dagbag.py:545} INFO - Filling up the DagBag from /home/airflow/.local/lib/python3.12/site-packages/airflow/example_dags/example_branch_day_of_week_operator.py
[2025-12-14T04:23:23.712+0000] {processor.py:840} INFO - DAG(s) 'example_weekday_branch_operator' retrieved from /home/airflow/.local/lib/python3.12/site-packages/airflow/example_dags/example_branch_day_of_week_operator.py
[2025-12-14T04:23:23.732+0000] {logging_mixin.py:188} INFO - [2025-12-14T04:23:23.732+0000] {dag.py:3089} INFO - Sync 1 DAGs
[2025-12-14T04:23:23.757+0000] {logging_mixin.py:188} INFO - [2025-12-14T04:23:23.757+0000] {dag.py:3947} INFO - Setting next_dagrun for example_weekday_branch_operator to 2025-12-13 00:00:00+00:00, run_after=2025-12-14 00:00:00+00:00
[2025-12-14T04:23:23.780+0000] {processor.py:183} INFO - Processing /home/airflow/.local/lib/python3.12/site-packages/airflow/example_dags/example_branch_day_of_week_operator.py took 0.086 seconds
[2025-12-14T04:23:53.942+0000] {processor.py:161} INFO - Started process (PID=470) to work on /home/airflow/.local/lib/python3.12/site-packages/airflow/example_dags/example_branch_day_of_week_operator.py
[2025-12-14T04:23:53.943+0000] {processor.py:830} INFO - Processing file /home/airflow/.local/lib/python3.12/site-packages/airflow/example_dags/example_branch_day_of_week_operator.py for tasks to queue
[2025-12-14T04:23:53.945+0000] {logging_mixin.py:188} INFO - [2025-12-14T04:23:53.944+0000] {dagbag.py:545} INFO - Filling up the DagBag from /home/airflow/.local/lib/python3.12/site-packages/airflow/example_dags/example_branch_day_of_week_operator.py
[2025-12-14T04:23:53.951+0000] {processor.py:840} INFO - DAG(s) 'example_weekday_branch_operator' retrieved from /home/airflow/.local/lib/python3.12/site-packages/airflow/example_dags/example_branch_day_of_week_operator.py
[2025-12-14T04:23:53.969+0000] {logging_mixin.py:188} INFO - [2025-12-14T04:23:53.969+0000] {dag.py:3089} INFO - Sync 1 DAGs
[2025-12-14T04:23:53.987+0000] {logging_mixin.py:188} INFO - [2025-12-14T04:23:53.987+0000] {dag.py:3947} INFO - Setting next_dagrun for example_weekday_branch_operator to 2025-12-13 00:00:00+00:00, run_after=2025-12-14 00:00:00+00:00
[2025-12-14T04:23:54.004+0000] {processor.py:183} INFO - Processing /home/airflow/.local/lib/python3.12/site-packages/airflow/example_dags/example_branch_day_of_week_operator.py took 0.067 seconds
[2025-12-14T04:24:24.661+0000] {processor.py:161} INFO - Started process (PID=528) to work on /home/airflow/.local/lib/python3.12/site-packages/airflow/example_dags/example_branch_day_of_week_operator.py
[2025-12-14T04:24:24.662+0000] {processor.py:830} INFO - Processing file /home/airflow/.local/lib/python3.12/site-packages/airflow/example_dags/example_branch_day_of_week_operator.py for tasks to queue
[2025-12-14T04:24:24.664+0000] {logging_mixin.py:188} INFO - [2025-12-14T04:24:24.663+0000] {dagbag.py:545} INFO - Filling up the DagBag from /home/airflow/.local/lib/python3.12/site-packages/airflow/example_dags/example_branch_day_of_week_operator.py
[2025-12-14T04:24:24.670+0000] {processor.py:840} INFO - DAG(s) 'example_weekday_branch_operator' retrieved from /home/airflow/.local/lib/python3.12/site-packages/airflow/example_dags/example_branch_day_of_week_operator.py
[2025-12-14T04:24:24.686+0000] {logging_mixin.py:188} INFO - [2025-12-14T04:24:24.686+0000] {dag.py:3089} INFO - Sync 1 DAGs
[2025-12-14T04:24:24.705+0000] {logging_mixin.py:188} INFO - [2025-12-14T04:24:24.705+0000] {dag.py:3947} INFO - Setting next_dagrun for example_weekday_branch_operator to 2025-12-13 00:00:00+00:00, run_after=2025-12-14 00:00:00+00:00
[2025-12-14T04:24:24.722+0000] {processor.py:183} INFO - Processing /home/airflow/.local/lib/python3.12/site-packages/airflow/example_dags/example_branch_day_of_week_operator.py took 0.066 seconds
[2025-12-14T04:24:55.296+0000] {processor.py:161} INFO - Started process (PID=586) to work on /home/airflow/.local/lib/python3.12/site-packages/airflow/example_dags/example_branch_day_of_week_operator.py
[2025-12-14T04:24:55.297+0000] {processor.py:830} INFO - Processing file /home/airflow/.local/lib/python3.12/site-packages/airflow/example_dags/example_branch_day_of_week_operator.py for tasks to queue
[2025-12-14T04:24:55.299+0000] {logging_mixin.py:188} INFO - [2025-12-14T04:24:55.299+0000] {dagbag.py:545} INFO - Filling up the DagBag from /home/airflow/.local/lib/python3.12/site-packages/airflow/example_dags/example_branch_day_of_week_operator.py
[2025-12-14T04:24:55.305+0000] {processor.py:840} INFO - DAG(s) 'example_weekday_branch_operator' retrieved from /home/airflow/.local/lib/python3.12/site-packages/airflow/example_dags/example_branch_day_of_week_operator.py
[2025-12-14T04:24:55.322+0000] {logging_mixin.py:188} INFO - [2025-12-14T04:24:55.322+0000] {dag.py:3089} INFO - Sync 1 DAGs
[2025-12-14T04:24:55.341+0000] {logging_mixin.py:188} INFO - [2025-12-14T04:24:55.341+0000] {dag.py:3947} INFO - Setting next_dagrun for example_weekday_branch_operator to 2025-12-13 00:00:00+00:00, run_after=2025-12-14 00:00:00+00:00
[2025-12-14T04:24:55.360+0000] {processor.py:183} INFO - Processing /home/airflow/.local/lib/python3.12/site-packages/airflow/example_dags/example_branch_day_of_week_operator.py took 0.069 seconds
[2025-12-14T04:25:26.256+0000] {processor.py:161} INFO - Started process (PID=644) to work on /home/airflow/.local/lib/python3.12/site-packages/airflow/example_dags/example_branch_day_of_week_operator.py
[2025-12-14T04:25:26.256+0000] {processor.py:830} INFO - Processing file /home/airflow/.local/lib/python3.12/site-packages/airflow/example_dags/example_branch_day_of_week_operator.py for tasks to queue
[2025-12-14T04:25:26.258+0000] {logging_mixin.py:188} INFO - [2025-12-14T04:25:26.258+0000] {dagbag.py:545} INFO - Filling up the DagBag from /home/airflow/.local/lib/python3.12/site-packages/airflow/example_dags/example_branch_day_of_week_operator.py
[2025-12-14T04:25:26.264+0000] {processor.py:840} INFO - DAG(s) 'example_weekday_branch_operator' retrieved from /home/airflow/.local/lib/python3.12/site-packages/airflow/example_dags/example_branch_day_of_week_operator.py
[2025-12-14T04:25:26.282+0000] {logging_mixin.py:188} INFO - [2025-12-14T04:25:26.281+0000] {dag.py:3089} INFO - Sync 1 DAGs
[2025-12-14T04:25:26.300+0000] {logging_mixin.py:188} INFO - [2025-12-14T04:25:26.299+0000] {dag.py:3947} INFO - Setting next_dagrun for example_weekday_branch_operator to 2025-12-13 00:00:00+00:00, run_after=2025-12-14 00:00:00+00:00
[2025-12-14T04:25:26.318+0000] {processor.py:183} INFO - Processing /home/airflow/.local/lib/python3.12/site-packages/airflow/example_dags/example_branch_day_of_week_operator.py took 0.067 seconds
[2025-12-14T04:25:56.894+0000] {processor.py:161} INFO - Started process (PID=702) to work on /home/airflow/.local/lib/python3.12/site-packages/airflow/example_dags/example_branch_day_of_week_operator.py
[2025-12-14T04:25:56.895+0000] {processor.py:830} INFO - Processing file /home/airflow/.local/lib/python3.12/site-packages/airflow/example_dags/example_branch_day_of_week_operator.py for tasks to queue
[2025-12-14T04:25:56.896+0000] {logging_mixin.py:188} INFO - [2025-12-14T04:25:56.896+0000] {dagbag.py:545} INFO - Filling up the DagBag from /home/airflow/.local/lib/python3.12/site-packages/airflow/example_dags/example_branch_day_of_week_operator.py
[2025-12-14T04:25:56.903+0000] {processor.py:840} INFO - DAG(s) 'example_weekday_branch_operator' retrieved from /home/airflow/.local/lib/python3.12/site-packages/airflow/example_dags/example_branch_day_of_week_operator.py
[2025-12-14T04:25:56.920+0000] {logging_mixin.py:188} INFO - [2025-12-14T04:25:56.919+0000] {dag.py:3089} INFO - Sync 1 DAGs
[2025-12-14T04:25:56.938+0000] {logging_mixin.py:188} INFO - [2025-12-14T04:25:56.938+0000] {dag.py:3947} INFO - Setting next_dagrun for example_weekday_branch_operator to 2025-12-13 00:00:00+00:00, run_after=2025-12-14 00:00:00+00:00
[2025-12-14T04:25:56.955+0000] {processor.py:183} INFO - Processing /home/airflow/.local/lib/python3.12/site-packages/airflow/example_dags/example_branch_day_of_week_operator.py took 0.066 seconds
[2025-12-14T04:26:27.631+0000] {processor.py:161} INFO - Started process (PID=760) to work on /home/airflow/.local/lib/python3.12/site-packages/airflow/example_dags/example_branch_day_of_week_operator.py
[2025-12-14T04:26:27.632+0000] {processor.py:830} INFO - Processing file /home/airflow/.local/lib/python3.12/site-packages/airflow/example_dags/example_branch_day_of_week_operator.py for tasks to queue
[2025-12-14T04:26:27.634+0000] {logging_mixin.py:188} INFO - [2025-12-14T04:26:27.634+0000] {dagbag.py:545} INFO - Filling up the DagBag from /home/airflow/.local/lib/python3.12/site-packages/airflow/example_dags/example_branch_day_of_week_operator.py
[2025-12-14T04:26:27.640+0000] {processor.py:840} INFO - DAG(s) 'example_weekday_branch_operator' retrieved from /home/airflow/.local/lib/python3.12/site-packages/airflow/example_dags/example_branch_day_of_week_operator.py
[2025-12-14T04:26:27.657+0000] {logging_mixin.py:188} INFO - [2025-12-14T04:26:27.657+0000] {dag.py:3089} INFO - Sync 1 DAGs
[2025-12-14T04:26:27.675+0000] {logging_mixin.py:188} INFO - [2025-12-14T04:26:27.675+0000] {dag.py:3947} INFO - Setting next_dagrun for example_weekday_branch_operator to 2025-12-13 00:00:00+00:00, run_after=2025-12-14 00:00:00+00:00
[2025-12-14T04:26:27.693+0000] {processor.py:183} INFO - Processing /home/airflow/.local/lib/python3.12/site-packages/airflow/example_dags/example_branch_day_of_week_operator.py took 0.067 seconds
[2025-12-14T04:26:58.259+0000] {processor.py:161} INFO - Started process (PID=818) to work on /home/airflow/.local/lib/python3.12/site-packages/airflow/example_dags/example_branch_day_of_week_operator.py
[2025-12-14T04:26:58.260+0000] {processor.py:830} INFO - Processing file /home/airflow/.local/lib/python3.12/site-packages/airflow/example_dags/example_branch_day_of_week_operator.py for tasks to queue
[2025-12-14T04:26:58.262+0000] {logging_mixin.py:188} INFO - [2025-12-14T04:26:58.262+0000] {dagbag.py:545} INFO - Filling up the DagBag from /home/airflow/.local/lib/python3.12/site-packages/airflow/example_dags/example_branch_day_of_week_operator.py
[2025-12-14T04:26:58.269+0000] {processor.py:840} INFO - DAG(s) 'example_weekday_branch_operator' retrieved from /home/airflow/.local/lib/python3.12/site-packages/airflow/example_dags/example_branch_day_of_week_operator.py
[2025-12-14T04:26:58.286+0000] {logging_mixin.py:188} INFO - [2025-12-14T04:26:58.286+0000] {dag.py:3089} INFO - Sync 1 DAGs
[2025-12-14T04:26:58.304+0000] {logging_mixin.py:188} INFO - [2025-12-14T04:26:58.304+0000] {dag.py:3947} INFO - Setting next_dagrun for example_weekday_branch_operator to 2025-12-13 00:00:00+00:00, run_after=2025-12-14 00:00:00+00:00
[2025-12-14T04:26:58.323+0000] {processor.py:183} INFO - Processing /home/airflow/.local/lib/python3.12/site-packages/airflow/example_dags/example_branch_day_of_week_operator.py took 0.068 seconds
[2025-12-14T04:27:29.050+0000] {processor.py:161} INFO - Started process (PID=876) to work on /home/airflow/.local/lib/python3.12/site-packages/airflow/example_dags/example_branch_day_of_week_operator.py
[2025-12-14T04:27:29.051+0000] {processor.py:830} INFO - Processing file /home/airflow/.local/lib/python3.12/site-packages/airflow/example_dags/example_branch_day_of_week_operator.py for tasks to queue
[2025-12-14T04:27:29.052+0000] {logging_mixin.py:188} INFO - [2025-12-14T04:27:29.052+0000] {dagbag.py:545} INFO - Filling up the DagBag from /home/airflow/.local/lib/python3.12/site-packages/airflow/example_dags/example_branch_day_of_week_operator.py
[2025-12-14T04:27:29.058+0000] {processor.py:840} INFO - DAG(s) 'example_weekday_branch_operator' retrieved from /home/airflow/.local/lib/python3.12/site-packages/airflow/example_dags/example_branch_day_of_week_operator.py
[2025-12-14T04:27:29.075+0000] {logging_mixin.py:188} INFO - [2025-12-14T04:27:29.075+0000] {dag.py:3089} INFO - Sync 1 DAGs
[2025-12-14T04:27:29.094+0000] {logging_mixin.py:188} INFO - [2025-12-14T04:27:29.093+0000] {dag.py:3947} INFO - Setting next_dagrun for example_weekday_branch_operator to 2025-12-13 00:00:00+00:00, run_after=2025-12-14 00:00:00+00:00
[2025-12-14T04:27:29.110+0000] {processor.py:183} INFO - Processing /home/airflow/.local/lib/python3.12/site-packages/airflow/example_dags/example_branch_day_of_week_operator.py took 0.066 seconds
[2025-12-14T04:27:59.873+0000] {processor.py:161} INFO - Started process (PID=934) to work on /home/airflow/.local/lib/python3.12/site-packages/airflow/example_dags/example_branch_day_of_week_operator.py
[2025-12-14T04:27:59.874+0000] {processor.py:830} INFO - Processing file /home/airflow/.local/lib/python3.12/site-packages/airflow/example_dags/example_branch_day_of_week_operator.py for tasks to queue
[2025-12-14T04:27:59.876+0000] {logging_mixin.py:188} INFO - [2025-12-14T04:27:59.875+0000] {dagbag.py:545} INFO - Filling up the DagBag from /home/airflow/.local/lib/python3.12/site-packages/airflow/example_dags/example_branch_day_of_week_operator.py
[2025-12-14T04:27:59.883+0000] {processor.py:840} INFO - DAG(s) 'example_weekday_branch_operator' retrieved from /home/airflow/.local/lib/python3.12/site-packages/airflow/example_dags/example_branch_day_of_week_operator.py
[2025-12-14T04:27:59.902+0000] {logging_mixin.py:188} INFO - [2025-12-14T04:27:59.902+0000] {dag.py:3089} INFO - Sync 1 DAGs
[2025-12-14T04:27:59.922+0000] {logging_mixin.py:188} INFO - [2025-12-14T04:27:59.922+0000] {dag.py:3947} INFO - Setting next_dagrun for example_weekday_branch_operator to 2025-12-13 00:00:00+00:00, run_after=2025-12-14 00:00:00+00:00
[2025-12-14T04:27:59.940+0000] {processor.py:183} INFO - Processing /home/airflow/.local/lib/python3.12/site-packages/airflow/example_dags/example_branch_day_of_week_operator.py took 0.072 seconds
[2025-12-14T04:28:30.570+0000] {processor.py:161} INFO - Started process (PID=992) to work on /home/airflow/.local/lib/python3.12/site-packages/airflow/example_dags/example_branch_day_of_week_operator.py
[2025-12-14T04:28:30.571+0000] {processor.py:830} INFO - Processing file /home/airflow/.local/lib/python3.12/site-packages/airflow/example_dags/example_branch_day_of_week_operator.py for tasks to queue
[2025-12-14T04:28:30.572+0000] {logging_mixin.py:188} INFO - [2025-12-14T04:28:30.572+0000] {dagbag.py:545} INFO - Filling up the DagBag from /home/airflow/.local/lib/python3.12/site-packages/airflow/example_dags/example_branch_day_of_week_operator.py
[2025-12-14T04:28:30.578+0000] {processor.py:840} INFO - DAG(s) 'example_weekday_branch_operator' retrieved from /home/airflow/.local/lib/python3.12/site-packages/airflow/example_dags/example_branch_day_of_week_operator.py
[2025-12-14T04:28:30.596+0000] {logging_mixin.py:188} INFO - [2025-12-14T04:28:30.596+0000] {dag.py:3089} INFO - Sync 1 DAGs
[2025-12-14T04:28:30.615+0000] {logging_mixin.py:188} INFO - [2025-12-14T04:28:30.615+0000] {dag.py:3947} INFO - Setting next_dagrun for example_weekday_branch_operator to 2025-12-13 00:00:00+00:00, run_after=2025-12-14 00:00:00+00:00
[2025-12-14T04:28:30.633+0000] {processor.py:183} INFO - Processing /home/airflow/.local/lib/python3.12/site-packages/airflow/example_dags/example_branch_day_of_week_operator.py took 0.068 seconds
[2025-12-14T04:29:01.370+0000] {processor.py:161} INFO - Started process (PID=1050) to work on /home/airflow/.local/lib/python3.12/site-packages/airflow/example_dags/example_branch_day_of_week_operator.py
[2025-12-14T04:29:01.371+0000] {processor.py:830} INFO - Processing file /home/airflow/.local/lib/python3.12/site-packages/airflow/example_dags/example_branch_day_of_week_operator.py for tasks to queue
[2025-12-14T04:29:01.373+0000] {logging_mixin.py:188} INFO - [2025-12-14T04:29:01.372+0000] {dagbag.py:545} INFO - Filling up the DagBag from /home/airflow/.local/lib/python3.12/site-packages/airflow/example_dags/example_branch_day_of_week_operator.py
[2025-12-14T04:29:01.379+0000] {processor.py:840} INFO - DAG(s) 'example_weekday_branch_operator' retrieved from /home/airflow/.local/lib/python3.12/site-packages/airflow/example_dags/example_branch_day_of_week_operator.py
[2025-12-14T04:29:01.398+0000] {logging_mixin.py:188} INFO - [2025-12-14T04:29:01.398+0000] {dag.py:3089} INFO - Sync 1 DAGs
[2025-12-14T04:29:01.419+0000] {logging_mixin.py:188} INFO - [2025-12-14T04:29:01.419+0000] {dag.py:3947} INFO - Setting next_dagrun for example_weekday_branch_operator to 2025-12-13 00:00:00+00:00, run_after=2025-12-14 00:00:00+00:00
[2025-12-14T04:29:01.435+0000] {processor.py:183} INFO - Processing /home/airflow/.local/lib/python3.12/site-packages/airflow/example_dags/example_branch_day_of_week_operator.py took 0.071 seconds
[2025-12-14T04:29:32.158+0000] {processor.py:161} INFO - Started process (PID=1108) to work on /home/airflow/.local/lib/python3.12/site-packages/airflow/example_dags/example_branch_day_of_week_operator.py
[2025-12-14T04:29:32.159+0000] {processor.py:830} INFO - Processing file /home/airflow/.local/lib/python3.12/site-packages/airflow/example_dags/example_branch_day_of_week_operator.py for tasks to queue
[2025-12-14T04:29:32.161+0000] {logging_mixin.py:188} INFO - [2025-12-14T04:29:32.161+0000] {dagbag.py:545} INFO - Filling up the DagBag from /home/airflow/.local/lib/python3.12/site-packages/airflow/example_dags/example_branch_day_of_week_operator.py
[2025-12-14T04:29:32.168+0000] {processor.py:840} INFO - DAG(s) 'example_weekday_branch_operator' retrieved from /home/airflow/.local/lib/python3.12/site-packages/airflow/example_dags/example_branch_day_of_week_operator.py
[2025-12-14T04:29:32.187+0000] {logging_mixin.py:188} INFO - [2025-12-14T04:29:32.186+0000] {dag.py:3089} INFO - Sync 1 DAGs
[2025-12-14T04:29:32.210+0000] {logging_mixin.py:188} INFO - [2025-12-14T04:29:32.209+0000] {dag.py:3947} INFO - Setting next_dagrun for example_weekday_branch_operator to 2025-12-13 00:00:00+00:00, run_after=2025-12-14 00:00:00+00:00
[2025-12-14T04:29:32.228+0000] {processor.py:183} INFO - Processing /home/airflow/.local/lib/python3.12/site-packages/airflow/example_dags/example_branch_day_of_week_operator.py took 0.076 seconds
[2025-12-14T04:30:03.164+0000] {processor.py:161} INFO - Started process (PID=1166) to work on /home/airflow/.local/lib/python3.12/site-packages/airflow/example_dags/example_branch_day_of_week_operator.py
[2025-12-14T04:30:03.165+0000] {processor.py:830} INFO - Processing file /home/airflow/.local/lib/python3.12/site-packages/airflow/example_dags/example_branch_day_of_week_operator.py for tasks to queue
[2025-12-14T04:30:03.167+0000] {logging_mixin.py:188} INFO - [2025-12-14T04:30:03.167+0000] {dagbag.py:545} INFO - Filling up the DagBag from /home/airflow/.local/lib/python3.12/site-packages/airflow/example_dags/example_branch_day_of_week_operator.py
[2025-12-14T04:30:03.173+0000] {processor.py:840} INFO - DAG(s) 'example_weekday_branch_operator' retrieved from /home/airflow/.local/lib/python3.12/site-packages/airflow/example_dags/example_branch_day_of_week_operator.py
[2025-12-14T04:30:03.192+0000] {logging_mixin.py:188} INFO - [2025-12-14T04:30:03.192+0000] {dag.py:3089} INFO - Sync 1 DAGs
[2025-12-14T04:30:03.212+0000] {logging_mixin.py:188} INFO - [2025-12-14T04:30:03.212+0000] {dag.py:3947} INFO - Setting next_dagrun for example_weekday_branch_operator to 2025-12-13 00:00:00+00:00, run_after=2025-12-14 00:00:00+00:00
[2025-12-14T04:30:03.230+0000] {processor.py:183} INFO - Processing /home/airflow/.local/lib/python3.12/site-packages/airflow/example_dags/example_branch_day_of_week_operator.py took 0.071 seconds
[2025-12-14T04:30:34.058+0000] {processor.py:161} INFO - Started process (PID=1224) to work on /home/airflow/.local/lib/python3.12/site-packages/airflow/example_dags/example_branch_day_of_week_operator.py
[2025-12-14T04:30:34.059+0000] {processor.py:830} INFO - Processing file /home/airflow/.local/lib/python3.12/site-packages/airflow/example_dags/example_branch_day_of_week_operator.py for tasks to queue
[2025-12-14T04:30:34.060+0000] {logging_mixin.py:188} INFO - [2025-12-14T04:30:34.060+0000] {dagbag.py:545} INFO - Filling up the DagBag from /home/airflow/.local/lib/python3.12/site-packages/airflow/example_dags/example_branch_day_of_week_operator.py
[2025-12-14T04:30:34.067+0000] {processor.py:840} INFO - DAG(s) 'example_weekday_branch_operator' retrieved from /home/airflow/.local/lib/python3.12/site-packages/airflow/example_dags/example_branch_day_of_week_operator.py
[2025-12-14T04:30:34.085+0000] {logging_mixin.py:188} INFO - [2025-12-14T04:30:34.085+0000] {dag.py:3089} INFO - Sync 1 DAGs
[2025-12-14T04:30:34.105+0000] {logging_mixin.py:188} INFO - [2025-12-14T04:30:34.105+0000] {dag.py:3947} INFO - Setting next_dagrun for example_weekday_branch_operator to 2025-12-13 00:00:00+00:00, run_after=2025-12-14 00:00:00+00:00
[2025-12-14T04:30:34.123+0000] {processor.py:183} INFO - Processing /home/airflow/.local/lib/python3.12/site-packages/airflow/example_dags/example_branch_day_of_week_operator.py took 0.070 seconds
[2025-12-14T04:31:04.300+0000] {processor.py:161} INFO - Started process (PID=1282) to work on /home/airflow/.local/lib/python3.12/site-packages/airflow/example_dags/example_branch_day_of_week_operator.py
[2025-12-14T04:31:04.300+0000] {processor.py:830} INFO - Processing file /home/airflow/.local/lib/python3.12/site-packages/airflow/example_dags/example_branch_day_of_week_operator.py for tasks to queue
[2025-12-14T04:31:04.302+0000] {logging_mixin.py:188} INFO - [2025-12-14T04:31:04.302+0000] {dagbag.py:545} INFO - Filling up the DagBag from /home/airflow/.local/lib/python3.12/site-packages/airflow/example_dags/example_branch_day_of_week_operator.py
[2025-12-14T04:31:04.309+0000] {processor.py:840} INFO - DAG(s) 'example_weekday_branch_operator' retrieved from /home/airflow/.local/lib/python3.12/site-packages/airflow/example_dags/example_branch_day_of_week_operator.py
[2025-12-14T04:31:04.328+0000] {logging_mixin.py:188} INFO - [2025-12-14T04:31:04.327+0000] {dag.py:3089} INFO - Sync 1 DAGs
[2025-12-14T04:31:04.346+0000] {logging_mixin.py:188} INFO - [2025-12-14T04:31:04.346+0000] {dag.py:3947} INFO - Setting next_dagrun for example_weekday_branch_operator to 2025-12-13 00:00:00+00:00, run_after=2025-12-14 00:00:00+00:00
[2025-12-14T04:31:04.362+0000] {processor.py:183} INFO - Processing /home/airflow/.local/lib/python3.12/site-packages/airflow/example_dags/example_branch_day_of_week_operator.py took 0.068 seconds
[2025-12-14T04:31:34.697+0000] {processor.py:161} INFO - Started process (PID=1340) to work on /home/airflow/.local/lib/python3.12/site-packages/airflow/example_dags/example_branch_day_of_week_operator.py
[2025-12-14T04:31:34.697+0000] {processor.py:830} INFO - Processing file /home/airflow/.local/lib/python3.12/site-packages/airflow/example_dags/example_branch_day_of_week_operator.py for tasks to queue
[2025-12-14T04:31:34.700+0000] {logging_mixin.py:188} INFO - [2025-12-14T04:31:34.699+0000] {dagbag.py:545} INFO - Filling up the DagBag from /home/airflow/.local/lib/python3.12/site-packages/airflow/example_dags/example_branch_day_of_week_operator.py
[2025-12-14T04:31:34.706+0000] {processor.py:840} INFO - DAG(s) 'example_weekday_branch_operator' retrieved from /home/airflow/.local/lib/python3.12/site-packages/airflow/example_dags/example_branch_day_of_week_operator.py
[2025-12-14T04:31:34.726+0000] {logging_mixin.py:188} INFO - [2025-12-14T04:31:34.726+0000] {dag.py:3089} INFO - Sync 1 DAGs
[2025-12-14T04:31:34.750+0000] {logging_mixin.py:188} INFO - [2025-12-14T04:31:34.749+0000] {dag.py:3947} INFO - Setting next_dagrun for example_weekday_branch_operator to 2025-12-13 00:00:00+00:00, run_after=2025-12-14 00:00:00+00:00
[2025-12-14T04:31:34.770+0000] {processor.py:183} INFO - Processing /home/airflow/.local/lib/python3.12/site-packages/airflow/example_dags/example_branch_day_of_week_operator.py took 0.079 seconds
[2025-12-14T08:41:05.212+0000] {processor.py:161} INFO - Started process (PID=58) to work on /home/airflow/.local/lib/python3.12/site-packages/airflow/example_dags/example_branch_day_of_week_operator.py
[2025-12-14T08:41:05.213+0000] {processor.py:830} INFO - Processing file /home/airflow/.local/lib/python3.12/site-packages/airflow/example_dags/example_branch_day_of_week_operator.py for tasks to queue
[2025-12-14T08:41:05.217+0000] {logging_mixin.py:188} INFO - [2025-12-14T08:41:05.216+0000] {dagbag.py:545} INFO - Filling up the DagBag from /home/airflow/.local/lib/python3.12/site-packages/airflow/example_dags/example_branch_day_of_week_operator.py
[2025-12-14T08:41:05.234+0000] {processor.py:840} INFO - DAG(s) 'example_weekday_branch_operator' retrieved from /home/airflow/.local/lib/python3.12/site-packages/airflow/example_dags/example_branch_day_of_week_operator.py
[2025-12-14T08:41:05.251+0000] {logging_mixin.py:188} INFO - [2025-12-14T08:41:05.251+0000] {dag.py:3089} INFO - Sync 1 DAGs
[2025-12-14T08:41:05.285+0000] {logging_mixin.py:188} INFO - [2025-12-14T08:41:05.285+0000] {dag.py:3947} INFO - Setting next_dagrun for example_weekday_branch_operator to 2025-12-13 00:00:00+00:00, run_after=2025-12-14 00:00:00+00:00
[2025-12-14T08:41:05.307+0000] {processor.py:183} INFO - Processing /home/airflow/.local/lib/python3.12/site-packages/airflow/example_dags/example_branch_day_of_week_operator.py took 0.104 seconds
[2025-12-14T08:41:36.150+0000] {processor.py:161} INFO - Started process (PID=122) to work on /home/airflow/.local/lib/python3.12/site-packages/airflow/example_dags/example_branch_day_of_week_operator.py
[2025-12-14T08:41:36.151+0000] {processor.py:830} INFO - Processing file /home/airflow/.local/lib/python3.12/site-packages/airflow/example_dags/example_branch_day_of_week_operator.py for tasks to queue
[2025-12-14T08:41:36.152+0000] {logging_mixin.py:188} INFO - [2025-12-14T08:41:36.152+0000] {dagbag.py:545} INFO - Filling up the DagBag from /home/airflow/.local/lib/python3.12/site-packages/airflow/example_dags/example_branch_day_of_week_operator.py
[2025-12-14T08:41:36.159+0000] {processor.py:840} INFO - DAG(s) 'example_weekday_branch_operator' retrieved from /home/airflow/.local/lib/python3.12/site-packages/airflow/example_dags/example_branch_day_of_week_operator.py
[2025-12-14T08:41:36.245+0000] {logging_mixin.py:188} INFO - [2025-12-14T08:41:36.245+0000] {dag.py:3089} INFO - Sync 1 DAGs
[2025-12-14T08:41:36.261+0000] {logging_mixin.py:188} INFO - [2025-12-14T08:41:36.261+0000] {dag.py:3947} INFO - Setting next_dagrun for example_weekday_branch_operator to 2025-12-13 00:00:00+00:00, run_after=2025-12-14 00:00:00+00:00
[2025-12-14T08:41:36.279+0000] {processor.py:183} INFO - Processing /home/airflow/.local/lib/python3.12/site-packages/airflow/example_dags/example_branch_day_of_week_operator.py took 0.134 seconds
[2025-12-14T08:42:06.567+0000] {processor.py:161} INFO - Started process (PID=180) to work on /home/airflow/.local/lib/python3.12/site-packages/airflow/example_dags/example_branch_day_of_week_operator.py
[2025-12-14T08:42:06.568+0000] {processor.py:830} INFO - Processing file /home/airflow/.local/lib/python3.12/site-packages/airflow/example_dags/example_branch_day_of_week_operator.py for tasks to queue
[2025-12-14T08:42:06.571+0000] {logging_mixin.py:188} INFO - [2025-12-14T08:42:06.570+0000] {dagbag.py:545} INFO - Filling up the DagBag from /home/airflow/.local/lib/python3.12/site-packages/airflow/example_dags/example_branch_day_of_week_operator.py
[2025-12-14T08:42:06.580+0000] {processor.py:840} INFO - DAG(s) 'example_weekday_branch_operator' retrieved from /home/airflow/.local/lib/python3.12/site-packages/airflow/example_dags/example_branch_day_of_week_operator.py
[2025-12-14T08:42:06.608+0000] {logging_mixin.py:188} INFO - [2025-12-14T08:42:06.608+0000] {dag.py:3089} INFO - Sync 1 DAGs
[2025-12-14T08:42:06.641+0000] {logging_mixin.py:188} INFO - [2025-12-14T08:42:06.641+0000] {dag.py:3947} INFO - Setting next_dagrun for example_weekday_branch_operator to 2025-12-13 00:00:00+00:00, run_after=2025-12-14 00:00:00+00:00
[2025-12-14T08:42:06.673+0000] {processor.py:183} INFO - Processing /home/airflow/.local/lib/python3.12/site-packages/airflow/example_dags/example_branch_day_of_week_operator.py took 0.113 seconds
[2025-12-14T08:42:36.748+0000] {processor.py:161} INFO - Started process (PID=238) to work on /home/airflow/.local/lib/python3.12/site-packages/airflow/example_dags/example_branch_day_of_week_operator.py
[2025-12-14T08:42:36.749+0000] {processor.py:830} INFO - Processing file /home/airflow/.local/lib/python3.12/site-packages/airflow/example_dags/example_branch_day_of_week_operator.py for tasks to queue
[2025-12-14T08:42:36.751+0000] {logging_mixin.py:188} INFO - [2025-12-14T08:42:36.750+0000] {dagbag.py:545} INFO - Filling up the DagBag from /home/airflow/.local/lib/python3.12/site-packages/airflow/example_dags/example_branch_day_of_week_operator.py
[2025-12-14T08:42:36.758+0000] {processor.py:840} INFO - DAG(s) 'example_weekday_branch_operator' retrieved from /home/airflow/.local/lib/python3.12/site-packages/airflow/example_dags/example_branch_day_of_week_operator.py
[2025-12-14T08:42:36.778+0000] {logging_mixin.py:188} INFO - [2025-12-14T08:42:36.778+0000] {dag.py:3089} INFO - Sync 1 DAGs
[2025-12-14T08:42:36.805+0000] {logging_mixin.py:188} INFO - [2025-12-14T08:42:36.804+0000] {dag.py:3947} INFO - Setting next_dagrun for example_weekday_branch_operator to 2025-12-13 00:00:00+00:00, run_after=2025-12-14 00:00:00+00:00
[2025-12-14T08:42:36.827+0000] {processor.py:183} INFO - Processing /home/airflow/.local/lib/python3.12/site-packages/airflow/example_dags/example_branch_day_of_week_operator.py took 0.085 seconds
[2025-12-14T08:43:07.395+0000] {processor.py:161} INFO - Started process (PID=297) to work on /home/airflow/.local/lib/python3.12/site-packages/airflow/example_dags/example_branch_day_of_week_operator.py
[2025-12-14T08:43:07.396+0000] {processor.py:830} INFO - Processing file /home/airflow/.local/lib/python3.12/site-packages/airflow/example_dags/example_branch_day_of_week_operator.py for tasks to queue
[2025-12-14T08:43:07.398+0000] {logging_mixin.py:188} INFO - [2025-12-14T08:43:07.397+0000] {dagbag.py:545} INFO - Filling up the DagBag from /home/airflow/.local/lib/python3.12/site-packages/airflow/example_dags/example_branch_day_of_week_operator.py
[2025-12-14T08:43:07.404+0000] {processor.py:840} INFO - DAG(s) 'example_weekday_branch_operator' retrieved from /home/airflow/.local/lib/python3.12/site-packages/airflow/example_dags/example_branch_day_of_week_operator.py
[2025-12-14T08:43:07.422+0000] {logging_mixin.py:188} INFO - [2025-12-14T08:43:07.422+0000] {dag.py:3089} INFO - Sync 1 DAGs
[2025-12-14T08:43:07.442+0000] {logging_mixin.py:188} INFO - [2025-12-14T08:43:07.442+0000] {dag.py:3947} INFO - Setting next_dagrun for example_weekday_branch_operator to 2025-12-13 00:00:00+00:00, run_after=2025-12-14 00:00:00+00:00
[2025-12-14T08:43:07.460+0000] {processor.py:183} INFO - Processing /home/airflow/.local/lib/python3.12/site-packages/airflow/example_dags/example_branch_day_of_week_operator.py took 0.070 seconds
[2025-12-14T08:43:38.008+0000] {processor.py:161} INFO - Started process (PID=355) to work on /home/airflow/.local/lib/python3.12/site-packages/airflow/example_dags/example_branch_day_of_week_operator.py
[2025-12-14T08:43:38.009+0000] {processor.py:830} INFO - Processing file /home/airflow/.local/lib/python3.12/site-packages/airflow/example_dags/example_branch_day_of_week_operator.py for tasks to queue
[2025-12-14T08:43:38.011+0000] {logging_mixin.py:188} INFO - [2025-12-14T08:43:38.011+0000] {dagbag.py:545} INFO - Filling up the DagBag from /home/airflow/.local/lib/python3.12/site-packages/airflow/example_dags/example_branch_day_of_week_operator.py
[2025-12-14T08:43:38.018+0000] {processor.py:840} INFO - DAG(s) 'example_weekday_branch_operator' retrieved from /home/airflow/.local/lib/python3.12/site-packages/airflow/example_dags/example_branch_day_of_week_operator.py
[2025-12-14T08:43:38.036+0000] {logging_mixin.py:188} INFO - [2025-12-14T08:43:38.036+0000] {dag.py:3089} INFO - Sync 1 DAGs
[2025-12-14T08:43:38.057+0000] {logging_mixin.py:188} INFO - [2025-12-14T08:43:38.057+0000] {dag.py:3947} INFO - Setting next_dagrun for example_weekday_branch_operator to 2025-12-13 00:00:00+00:00, run_after=2025-12-14 00:00:00+00:00
[2025-12-14T08:43:38.075+0000] {processor.py:183} INFO - Processing /home/airflow/.local/lib/python3.12/site-packages/airflow/example_dags/example_branch_day_of_week_operator.py took 0.072 seconds
[2025-12-14T08:44:08.274+0000] {processor.py:161} INFO - Started process (PID=413) to work on /home/airflow/.local/lib/python3.12/site-packages/airflow/example_dags/example_branch_day_of_week_operator.py
[2025-12-14T08:44:08.275+0000] {processor.py:830} INFO - Processing file /home/airflow/.local/lib/python3.12/site-packages/airflow/example_dags/example_branch_day_of_week_operator.py for tasks to queue
[2025-12-14T08:44:08.277+0000] {logging_mixin.py:188} INFO - [2025-12-14T08:44:08.276+0000] {dagbag.py:545} INFO - Filling up the DagBag from /home/airflow/.local/lib/python3.12/site-packages/airflow/example_dags/example_branch_day_of_week_operator.py
[2025-12-14T08:44:08.284+0000] {processor.py:840} INFO - DAG(s) 'example_weekday_branch_operator' retrieved from /home/airflow/.local/lib/python3.12/site-packages/airflow/example_dags/example_branch_day_of_week_operator.py
[2025-12-14T08:44:08.304+0000] {logging_mixin.py:188} INFO - [2025-12-14T08:44:08.303+0000] {dag.py:3089} INFO - Sync 1 DAGs
[2025-12-14T08:44:08.321+0000] {logging_mixin.py:188} INFO - [2025-12-14T08:44:08.321+0000] {dag.py:3947} INFO - Setting next_dagrun for example_weekday_branch_operator to 2025-12-13 00:00:00+00:00, run_after=2025-12-14 00:00:00+00:00
[2025-12-14T08:44:08.338+0000] {processor.py:183} INFO - Processing /home/airflow/.local/lib/python3.12/site-packages/airflow/example_dags/example_branch_day_of_week_operator.py took 0.071 seconds
[2025-12-14T09:34:02.958+0000] {processor.py:161} INFO - Started process (PID=58) to work on /home/airflow/.local/lib/python3.12/site-packages/airflow/example_dags/example_branch_day_of_week_operator.py
[2025-12-14T09:34:02.959+0000] {processor.py:830} INFO - Processing file /home/airflow/.local/lib/python3.12/site-packages/airflow/example_dags/example_branch_day_of_week_operator.py for tasks to queue
[2025-12-14T09:34:02.962+0000] {logging_mixin.py:188} INFO - [2025-12-14T09:34:02.962+0000] {dagbag.py:545} INFO - Filling up the DagBag from /home/airflow/.local/lib/python3.12/site-packages/airflow/example_dags/example_branch_day_of_week_operator.py
[2025-12-14T09:34:02.973+0000] {processor.py:840} INFO - DAG(s) 'example_weekday_branch_operator' retrieved from /home/airflow/.local/lib/python3.12/site-packages/airflow/example_dags/example_branch_day_of_week_operator.py
[2025-12-14T09:34:02.990+0000] {logging_mixin.py:188} INFO - [2025-12-14T09:34:02.990+0000] {dag.py:3089} INFO - Sync 1 DAGs
[2025-12-14T09:34:03.023+0000] {logging_mixin.py:188} INFO - [2025-12-14T09:34:03.023+0000] {dag.py:3947} INFO - Setting next_dagrun for example_weekday_branch_operator to 2025-12-13 00:00:00+00:00, run_after=2025-12-14 00:00:00+00:00
[2025-12-14T09:34:03.046+0000] {processor.py:183} INFO - Processing /home/airflow/.local/lib/python3.12/site-packages/airflow/example_dags/example_branch_day_of_week_operator.py took 0.097 seconds
[2025-12-14T14:28:51.762+0000] {processor.py:161} INFO - Started process (PID=58) to work on /home/airflow/.local/lib/python3.12/site-packages/airflow/example_dags/example_branch_day_of_week_operator.py
[2025-12-14T14:28:51.764+0000] {processor.py:830} INFO - Processing file /home/airflow/.local/lib/python3.12/site-packages/airflow/example_dags/example_branch_day_of_week_operator.py for tasks to queue
[2025-12-14T14:28:51.767+0000] {logging_mixin.py:188} INFO - [2025-12-14T14:28:51.766+0000] {dagbag.py:545} INFO - Filling up the DagBag from /home/airflow/.local/lib/python3.12/site-packages/airflow/example_dags/example_branch_day_of_week_operator.py
[2025-12-14T14:28:51.781+0000] {processor.py:840} INFO - DAG(s) 'example_weekday_branch_operator' retrieved from /home/airflow/.local/lib/python3.12/site-packages/airflow/example_dags/example_branch_day_of_week_operator.py
[2025-12-14T14:28:51.796+0000] {logging_mixin.py:188} INFO - [2025-12-14T14:28:51.796+0000] {dag.py:3089} INFO - Sync 1 DAGs
[2025-12-14T14:28:51.831+0000] {logging_mixin.py:188} INFO - [2025-12-14T14:28:51.831+0000] {dag.py:3947} INFO - Setting next_dagrun for example_weekday_branch_operator to 2025-12-13 00:00:00+00:00, run_after=2025-12-14 00:00:00+00:00
[2025-12-14T14:28:51.857+0000] {processor.py:183} INFO - Processing /home/airflow/.local/lib/python3.12/site-packages/airflow/example_dags/example_branch_day_of_week_operator.py took 0.102 seconds
[2025-12-14T14:29:22.446+0000] {processor.py:161} INFO - Started process (PID=116) to work on /home/airflow/.local/lib/python3.12/site-packages/airflow/example_dags/example_branch_day_of_week_operator.py
[2025-12-14T14:29:22.447+0000] {processor.py:830} INFO - Processing file /home/airflow/.local/lib/python3.12/site-packages/airflow/example_dags/example_branch_day_of_week_operator.py for tasks to queue
[2025-12-14T14:29:22.449+0000] {logging_mixin.py:188} INFO - [2025-12-14T14:29:22.449+0000] {dagbag.py:545} INFO - Filling up the DagBag from /home/airflow/.local/lib/python3.12/site-packages/airflow/example_dags/example_branch_day_of_week_operator.py
[2025-12-14T14:29:22.456+0000] {processor.py:840} INFO - DAG(s) 'example_weekday_branch_operator' retrieved from /home/airflow/.local/lib/python3.12/site-packages/airflow/example_dags/example_branch_day_of_week_operator.py
[2025-12-14T14:29:22.547+0000] {logging_mixin.py:188} INFO - [2025-12-14T14:29:22.547+0000] {dag.py:3089} INFO - Sync 1 DAGs
[2025-12-14T14:29:22.569+0000] {logging_mixin.py:188} INFO - [2025-12-14T14:29:22.569+0000] {dag.py:3947} INFO - Setting next_dagrun for example_weekday_branch_operator to 2025-12-13 00:00:00+00:00, run_after=2025-12-14 00:00:00+00:00
[2025-12-14T14:29:22.589+0000] {processor.py:183} INFO - Processing /home/airflow/.local/lib/python3.12/site-packages/airflow/example_dags/example_branch_day_of_week_operator.py took 0.147 seconds
