[2025-12-14T04:20:21.210+0000] {processor.py:161} INFO - Started process (PID=62) to work on /home/airflow/.local/lib/python3.12/site-packages/airflow/example_dags/example_local_kubernetes_executor.py
[2025-12-14T04:20:21.211+0000] {processor.py:830} INFO - Processing file /home/airflow/.local/lib/python3.12/site-packages/airflow/example_dags/example_local_kubernetes_executor.py for tasks to queue
[2025-12-14T04:20:21.215+0000] {logging_mixin.py:188} INFO - [2025-12-14T04:20:21.214+0000] {dagbag.py:545} INFO - Filling up the DagBag from /home/airflow/.local/lib/python3.12/site-packages/airflow/example_dags/example_local_kubernetes_executor.py
[2025-12-14T04:20:21.226+0000] {processor.py:840} INFO - DAG(s) 'example_local_kubernetes_executor' retrieved from /home/airflow/.local/lib/python3.12/site-packages/airflow/example_dags/example_local_kubernetes_executor.py
[2025-12-14T04:20:21.241+0000] {logging_mixin.py:188} INFO - [2025-12-14T04:20:21.241+0000] {dag.py:3089} INFO - Sync 1 DAGs
[2025-12-14T04:20:21.261+0000] {logging_mixin.py:188} INFO - [2025-12-14T04:20:21.261+0000] {dag.py:3947} INFO - Setting next_dagrun for example_local_kubernetes_executor to None, run_after=None
[2025-12-14T04:20:21.282+0000] {processor.py:183} INFO - Processing /home/airflow/.local/lib/python3.12/site-packages/airflow/example_dags/example_local_kubernetes_executor.py took 0.080 seconds
[2025-12-14T04:20:52.369+0000] {processor.py:161} INFO - Started process (PID=120) to work on /home/airflow/.local/lib/python3.12/site-packages/airflow/example_dags/example_local_kubernetes_executor.py
[2025-12-14T04:20:52.370+0000] {processor.py:830} INFO - Processing file /home/airflow/.local/lib/python3.12/site-packages/airflow/example_dags/example_local_kubernetes_executor.py for tasks to queue
[2025-12-14T04:20:52.371+0000] {logging_mixin.py:188} INFO - [2025-12-14T04:20:52.371+0000] {dagbag.py:545} INFO - Filling up the DagBag from /home/airflow/.local/lib/python3.12/site-packages/airflow/example_dags/example_local_kubernetes_executor.py
[2025-12-14T04:20:52.377+0000] {processor.py:840} INFO - DAG(s) 'example_local_kubernetes_executor' retrieved from /home/airflow/.local/lib/python3.12/site-packages/airflow/example_dags/example_local_kubernetes_executor.py
[2025-12-14T04:20:52.471+0000] {logging_mixin.py:188} INFO - [2025-12-14T04:20:52.471+0000] {dag.py:3089} INFO - Sync 1 DAGs
[2025-12-14T04:20:52.484+0000] {logging_mixin.py:188} INFO - [2025-12-14T04:20:52.483+0000] {dag.py:3947} INFO - Setting next_dagrun for example_local_kubernetes_executor to None, run_after=None
[2025-12-14T04:20:52.501+0000] {processor.py:183} INFO - Processing /home/airflow/.local/lib/python3.12/site-packages/airflow/example_dags/example_local_kubernetes_executor.py took 0.137 seconds
[2025-12-14T04:21:22.653+0000] {processor.py:161} INFO - Started process (PID=178) to work on /home/airflow/.local/lib/python3.12/site-packages/airflow/example_dags/example_local_kubernetes_executor.py
[2025-12-14T04:21:22.654+0000] {processor.py:830} INFO - Processing file /home/airflow/.local/lib/python3.12/site-packages/airflow/example_dags/example_local_kubernetes_executor.py for tasks to queue
[2025-12-14T04:21:22.655+0000] {logging_mixin.py:188} INFO - [2025-12-14T04:21:22.655+0000] {dagbag.py:545} INFO - Filling up the DagBag from /home/airflow/.local/lib/python3.12/site-packages/airflow/example_dags/example_local_kubernetes_executor.py
[2025-12-14T04:21:22.667+0000] {processor.py:840} INFO - DAG(s) 'example_local_kubernetes_executor' retrieved from /home/airflow/.local/lib/python3.12/site-packages/airflow/example_dags/example_local_kubernetes_executor.py
[2025-12-14T04:21:22.702+0000] {logging_mixin.py:188} INFO - [2025-12-14T04:21:22.702+0000] {dag.py:3089} INFO - Sync 1 DAGs
[2025-12-14T04:21:22.714+0000] {logging_mixin.py:188} INFO - [2025-12-14T04:21:22.714+0000] {dag.py:3947} INFO - Setting next_dagrun for example_local_kubernetes_executor to None, run_after=None
[2025-12-14T04:21:22.730+0000] {processor.py:183} INFO - Processing /home/airflow/.local/lib/python3.12/site-packages/airflow/example_dags/example_local_kubernetes_executor.py took 0.082 seconds
[2025-12-14T04:21:53.296+0000] {processor.py:161} INFO - Started process (PID=242) to work on /home/airflow/.local/lib/python3.12/site-packages/airflow/example_dags/example_local_kubernetes_executor.py
[2025-12-14T04:21:53.297+0000] {processor.py:830} INFO - Processing file /home/airflow/.local/lib/python3.12/site-packages/airflow/example_dags/example_local_kubernetes_executor.py for tasks to queue
[2025-12-14T04:21:53.299+0000] {logging_mixin.py:188} INFO - [2025-12-14T04:21:53.299+0000] {dagbag.py:545} INFO - Filling up the DagBag from /home/airflow/.local/lib/python3.12/site-packages/airflow/example_dags/example_local_kubernetes_executor.py
[2025-12-14T04:21:53.305+0000] {processor.py:840} INFO - DAG(s) 'example_local_kubernetes_executor' retrieved from /home/airflow/.local/lib/python3.12/site-packages/airflow/example_dags/example_local_kubernetes_executor.py
[2025-12-14T04:21:53.334+0000] {logging_mixin.py:188} INFO - [2025-12-14T04:21:53.333+0000] {dag.py:3089} INFO - Sync 1 DAGs
[2025-12-14T04:21:53.346+0000] {logging_mixin.py:188} INFO - [2025-12-14T04:21:53.346+0000] {dag.py:3947} INFO - Setting next_dagrun for example_local_kubernetes_executor to None, run_after=None
[2025-12-14T04:21:53.364+0000] {processor.py:183} INFO - Processing /home/airflow/.local/lib/python3.12/site-packages/airflow/example_dags/example_local_kubernetes_executor.py took 0.073 seconds
[2025-12-14T04:22:23.448+0000] {processor.py:161} INFO - Started process (PID=300) to work on /home/airflow/.local/lib/python3.12/site-packages/airflow/example_dags/example_local_kubernetes_executor.py
[2025-12-14T04:22:23.449+0000] {processor.py:830} INFO - Processing file /home/airflow/.local/lib/python3.12/site-packages/airflow/example_dags/example_local_kubernetes_executor.py for tasks to queue
[2025-12-14T04:22:23.450+0000] {logging_mixin.py:188} INFO - [2025-12-14T04:22:23.450+0000] {dagbag.py:545} INFO - Filling up the DagBag from /home/airflow/.local/lib/python3.12/site-packages/airflow/example_dags/example_local_kubernetes_executor.py
[2025-12-14T04:22:23.457+0000] {processor.py:840} INFO - DAG(s) 'example_local_kubernetes_executor' retrieved from /home/airflow/.local/lib/python3.12/site-packages/airflow/example_dags/example_local_kubernetes_executor.py
[2025-12-14T04:22:23.487+0000] {logging_mixin.py:188} INFO - [2025-12-14T04:22:23.487+0000] {dag.py:3089} INFO - Sync 1 DAGs
[2025-12-14T04:22:23.499+0000] {logging_mixin.py:188} INFO - [2025-12-14T04:22:23.499+0000] {dag.py:3947} INFO - Setting next_dagrun for example_local_kubernetes_executor to None, run_after=None
[2025-12-14T04:22:23.516+0000] {processor.py:183} INFO - Processing /home/airflow/.local/lib/python3.12/site-packages/airflow/example_dags/example_local_kubernetes_executor.py took 0.074 seconds
[2025-12-14T04:22:53.756+0000] {processor.py:161} INFO - Started process (PID=358) to work on /home/airflow/.local/lib/python3.12/site-packages/airflow/example_dags/example_local_kubernetes_executor.py
[2025-12-14T04:22:53.757+0000] {processor.py:830} INFO - Processing file /home/airflow/.local/lib/python3.12/site-packages/airflow/example_dags/example_local_kubernetes_executor.py for tasks to queue
[2025-12-14T04:22:53.759+0000] {logging_mixin.py:188} INFO - [2025-12-14T04:22:53.759+0000] {dagbag.py:545} INFO - Filling up the DagBag from /home/airflow/.local/lib/python3.12/site-packages/airflow/example_dags/example_local_kubernetes_executor.py
[2025-12-14T04:22:53.767+0000] {processor.py:840} INFO - DAG(s) 'example_local_kubernetes_executor' retrieved from /home/airflow/.local/lib/python3.12/site-packages/airflow/example_dags/example_local_kubernetes_executor.py
[2025-12-14T04:22:53.803+0000] {logging_mixin.py:188} INFO - [2025-12-14T04:22:53.802+0000] {dag.py:3089} INFO - Sync 1 DAGs
[2025-12-14T04:22:53.815+0000] {logging_mixin.py:188} INFO - [2025-12-14T04:22:53.815+0000] {dag.py:3947} INFO - Setting next_dagrun for example_local_kubernetes_executor to None, run_after=None
[2025-12-14T04:22:53.836+0000] {processor.py:183} INFO - Processing /home/airflow/.local/lib/python3.12/site-packages/airflow/example_dags/example_local_kubernetes_executor.py took 0.085 seconds
[2025-12-14T04:23:24.094+0000] {processor.py:161} INFO - Started process (PID=416) to work on /home/airflow/.local/lib/python3.12/site-packages/airflow/example_dags/example_local_kubernetes_executor.py
[2025-12-14T04:23:24.095+0000] {processor.py:830} INFO - Processing file /home/airflow/.local/lib/python3.12/site-packages/airflow/example_dags/example_local_kubernetes_executor.py for tasks to queue
[2025-12-14T04:23:24.098+0000] {logging_mixin.py:188} INFO - [2025-12-14T04:23:24.097+0000] {dagbag.py:545} INFO - Filling up the DagBag from /home/airflow/.local/lib/python3.12/site-packages/airflow/example_dags/example_local_kubernetes_executor.py
[2025-12-14T04:23:24.105+0000] {processor.py:840} INFO - DAG(s) 'example_local_kubernetes_executor' retrieved from /home/airflow/.local/lib/python3.12/site-packages/airflow/example_dags/example_local_kubernetes_executor.py
[2025-12-14T04:23:24.139+0000] {logging_mixin.py:188} INFO - [2025-12-14T04:23:24.138+0000] {dag.py:3089} INFO - Sync 1 DAGs
[2025-12-14T04:23:24.152+0000] {logging_mixin.py:188} INFO - [2025-12-14T04:23:24.151+0000] {dag.py:3947} INFO - Setting next_dagrun for example_local_kubernetes_executor to None, run_after=None
[2025-12-14T04:23:24.174+0000] {processor.py:183} INFO - Processing /home/airflow/.local/lib/python3.12/site-packages/airflow/example_dags/example_local_kubernetes_executor.py took 0.086 seconds
[2025-12-14T04:23:54.264+0000] {processor.py:161} INFO - Started process (PID=474) to work on /home/airflow/.local/lib/python3.12/site-packages/airflow/example_dags/example_local_kubernetes_executor.py
[2025-12-14T04:23:54.265+0000] {processor.py:830} INFO - Processing file /home/airflow/.local/lib/python3.12/site-packages/airflow/example_dags/example_local_kubernetes_executor.py for tasks to queue
[2025-12-14T04:23:54.267+0000] {logging_mixin.py:188} INFO - [2025-12-14T04:23:54.267+0000] {dagbag.py:545} INFO - Filling up the DagBag from /home/airflow/.local/lib/python3.12/site-packages/airflow/example_dags/example_local_kubernetes_executor.py
[2025-12-14T04:23:54.273+0000] {processor.py:840} INFO - DAG(s) 'example_local_kubernetes_executor' retrieved from /home/airflow/.local/lib/python3.12/site-packages/airflow/example_dags/example_local_kubernetes_executor.py
[2025-12-14T04:23:54.303+0000] {logging_mixin.py:188} INFO - [2025-12-14T04:23:54.302+0000] {dag.py:3089} INFO - Sync 1 DAGs
[2025-12-14T04:23:54.314+0000] {logging_mixin.py:188} INFO - [2025-12-14T04:23:54.313+0000] {dag.py:3947} INFO - Setting next_dagrun for example_local_kubernetes_executor to None, run_after=None
[2025-12-14T04:23:54.329+0000] {processor.py:183} INFO - Processing /home/airflow/.local/lib/python3.12/site-packages/airflow/example_dags/example_local_kubernetes_executor.py took 0.070 seconds
[2025-12-14T04:24:24.979+0000] {processor.py:161} INFO - Started process (PID=532) to work on /home/airflow/.local/lib/python3.12/site-packages/airflow/example_dags/example_local_kubernetes_executor.py
[2025-12-14T04:24:24.980+0000] {processor.py:830} INFO - Processing file /home/airflow/.local/lib/python3.12/site-packages/airflow/example_dags/example_local_kubernetes_executor.py for tasks to queue
[2025-12-14T04:24:24.982+0000] {logging_mixin.py:188} INFO - [2025-12-14T04:24:24.981+0000] {dagbag.py:545} INFO - Filling up the DagBag from /home/airflow/.local/lib/python3.12/site-packages/airflow/example_dags/example_local_kubernetes_executor.py
[2025-12-14T04:24:24.988+0000] {processor.py:840} INFO - DAG(s) 'example_local_kubernetes_executor' retrieved from /home/airflow/.local/lib/python3.12/site-packages/airflow/example_dags/example_local_kubernetes_executor.py
[2025-12-14T04:24:25.017+0000] {logging_mixin.py:188} INFO - [2025-12-14T04:24:25.016+0000] {dag.py:3089} INFO - Sync 1 DAGs
[2025-12-14T04:24:25.028+0000] {logging_mixin.py:188} INFO - [2025-12-14T04:24:25.028+0000] {dag.py:3947} INFO - Setting next_dagrun for example_local_kubernetes_executor to None, run_after=None
[2025-12-14T04:24:25.045+0000] {processor.py:183} INFO - Processing /home/airflow/.local/lib/python3.12/site-packages/airflow/example_dags/example_local_kubernetes_executor.py took 0.071 seconds
[2025-12-14T04:24:55.616+0000] {processor.py:161} INFO - Started process (PID=590) to work on /home/airflow/.local/lib/python3.12/site-packages/airflow/example_dags/example_local_kubernetes_executor.py
[2025-12-14T04:24:55.617+0000] {processor.py:830} INFO - Processing file /home/airflow/.local/lib/python3.12/site-packages/airflow/example_dags/example_local_kubernetes_executor.py for tasks to queue
[2025-12-14T04:24:55.619+0000] {logging_mixin.py:188} INFO - [2025-12-14T04:24:55.619+0000] {dagbag.py:545} INFO - Filling up the DagBag from /home/airflow/.local/lib/python3.12/site-packages/airflow/example_dags/example_local_kubernetes_executor.py
[2025-12-14T04:24:55.625+0000] {processor.py:840} INFO - DAG(s) 'example_local_kubernetes_executor' retrieved from /home/airflow/.local/lib/python3.12/site-packages/airflow/example_dags/example_local_kubernetes_executor.py
[2025-12-14T04:24:55.656+0000] {logging_mixin.py:188} INFO - [2025-12-14T04:24:55.655+0000] {dag.py:3089} INFO - Sync 1 DAGs
[2025-12-14T04:24:55.668+0000] {logging_mixin.py:188} INFO - [2025-12-14T04:24:55.668+0000] {dag.py:3947} INFO - Setting next_dagrun for example_local_kubernetes_executor to None, run_after=None
[2025-12-14T04:24:55.686+0000] {processor.py:183} INFO - Processing /home/airflow/.local/lib/python3.12/site-packages/airflow/example_dags/example_local_kubernetes_executor.py took 0.075 seconds
[2025-12-14T04:25:26.472+0000] {processor.py:161} INFO - Started process (PID=648) to work on /home/airflow/.local/lib/python3.12/site-packages/airflow/example_dags/example_local_kubernetes_executor.py
[2025-12-14T04:25:26.473+0000] {processor.py:830} INFO - Processing file /home/airflow/.local/lib/python3.12/site-packages/airflow/example_dags/example_local_kubernetes_executor.py for tasks to queue
[2025-12-14T04:25:26.475+0000] {logging_mixin.py:188} INFO - [2025-12-14T04:25:26.474+0000] {dagbag.py:545} INFO - Filling up the DagBag from /home/airflow/.local/lib/python3.12/site-packages/airflow/example_dags/example_local_kubernetes_executor.py
[2025-12-14T04:25:26.481+0000] {processor.py:840} INFO - DAG(s) 'example_local_kubernetes_executor' retrieved from /home/airflow/.local/lib/python3.12/site-packages/airflow/example_dags/example_local_kubernetes_executor.py
[2025-12-14T04:25:26.509+0000] {logging_mixin.py:188} INFO - [2025-12-14T04:25:26.509+0000] {dag.py:3089} INFO - Sync 1 DAGs
[2025-12-14T04:25:26.521+0000] {logging_mixin.py:188} INFO - [2025-12-14T04:25:26.521+0000] {dag.py:3947} INFO - Setting next_dagrun for example_local_kubernetes_executor to None, run_after=None
[2025-12-14T04:25:26.537+0000] {processor.py:183} INFO - Processing /home/airflow/.local/lib/python3.12/site-packages/airflow/example_dags/example_local_kubernetes_executor.py took 0.070 seconds
[2025-12-14T04:25:57.202+0000] {processor.py:161} INFO - Started process (PID=706) to work on /home/airflow/.local/lib/python3.12/site-packages/airflow/example_dags/example_local_kubernetes_executor.py
[2025-12-14T04:25:57.203+0000] {processor.py:830} INFO - Processing file /home/airflow/.local/lib/python3.12/site-packages/airflow/example_dags/example_local_kubernetes_executor.py for tasks to queue
[2025-12-14T04:25:57.205+0000] {logging_mixin.py:188} INFO - [2025-12-14T04:25:57.204+0000] {dagbag.py:545} INFO - Filling up the DagBag from /home/airflow/.local/lib/python3.12/site-packages/airflow/example_dags/example_local_kubernetes_executor.py
[2025-12-14T04:25:57.211+0000] {processor.py:840} INFO - DAG(s) 'example_local_kubernetes_executor' retrieved from /home/airflow/.local/lib/python3.12/site-packages/airflow/example_dags/example_local_kubernetes_executor.py
[2025-12-14T04:25:57.240+0000] {logging_mixin.py:188} INFO - [2025-12-14T04:25:57.240+0000] {dag.py:3089} INFO - Sync 1 DAGs
[2025-12-14T04:25:57.251+0000] {logging_mixin.py:188} INFO - [2025-12-14T04:25:57.250+0000] {dag.py:3947} INFO - Setting next_dagrun for example_local_kubernetes_executor to None, run_after=None
[2025-12-14T04:25:57.267+0000] {processor.py:183} INFO - Processing /home/airflow/.local/lib/python3.12/site-packages/airflow/example_dags/example_local_kubernetes_executor.py took 0.071 seconds
[2025-12-14T04:26:27.857+0000] {processor.py:161} INFO - Started process (PID=764) to work on /home/airflow/.local/lib/python3.12/site-packages/airflow/example_dags/example_local_kubernetes_executor.py
[2025-12-14T04:26:27.858+0000] {processor.py:830} INFO - Processing file /home/airflow/.local/lib/python3.12/site-packages/airflow/example_dags/example_local_kubernetes_executor.py for tasks to queue
[2025-12-14T04:26:27.859+0000] {logging_mixin.py:188} INFO - [2025-12-14T04:26:27.859+0000] {dagbag.py:545} INFO - Filling up the DagBag from /home/airflow/.local/lib/python3.12/site-packages/airflow/example_dags/example_local_kubernetes_executor.py
[2025-12-14T04:26:27.866+0000] {processor.py:840} INFO - DAG(s) 'example_local_kubernetes_executor' retrieved from /home/airflow/.local/lib/python3.12/site-packages/airflow/example_dags/example_local_kubernetes_executor.py
[2025-12-14T04:26:27.895+0000] {logging_mixin.py:188} INFO - [2025-12-14T04:26:27.895+0000] {dag.py:3089} INFO - Sync 1 DAGs
[2025-12-14T04:26:27.907+0000] {logging_mixin.py:188} INFO - [2025-12-14T04:26:27.907+0000] {dag.py:3947} INFO - Setting next_dagrun for example_local_kubernetes_executor to None, run_after=None
[2025-12-14T04:26:27.922+0000] {processor.py:183} INFO - Processing /home/airflow/.local/lib/python3.12/site-packages/airflow/example_dags/example_local_kubernetes_executor.py took 0.070 seconds
[2025-12-14T04:26:58.472+0000] {processor.py:161} INFO - Started process (PID=822) to work on /home/airflow/.local/lib/python3.12/site-packages/airflow/example_dags/example_local_kubernetes_executor.py
[2025-12-14T04:26:58.473+0000] {processor.py:830} INFO - Processing file /home/airflow/.local/lib/python3.12/site-packages/airflow/example_dags/example_local_kubernetes_executor.py for tasks to queue
[2025-12-14T04:26:58.475+0000] {logging_mixin.py:188} INFO - [2025-12-14T04:26:58.475+0000] {dagbag.py:545} INFO - Filling up the DagBag from /home/airflow/.local/lib/python3.12/site-packages/airflow/example_dags/example_local_kubernetes_executor.py
[2025-12-14T04:26:58.481+0000] {processor.py:840} INFO - DAG(s) 'example_local_kubernetes_executor' retrieved from /home/airflow/.local/lib/python3.12/site-packages/airflow/example_dags/example_local_kubernetes_executor.py
[2025-12-14T04:26:58.511+0000] {logging_mixin.py:188} INFO - [2025-12-14T04:26:58.511+0000] {dag.py:3089} INFO - Sync 1 DAGs
[2025-12-14T04:26:58.523+0000] {logging_mixin.py:188} INFO - [2025-12-14T04:26:58.523+0000] {dag.py:3947} INFO - Setting next_dagrun for example_local_kubernetes_executor to None, run_after=None
[2025-12-14T04:26:58.539+0000] {processor.py:183} INFO - Processing /home/airflow/.local/lib/python3.12/site-packages/airflow/example_dags/example_local_kubernetes_executor.py took 0.071 seconds
[2025-12-14T04:27:29.360+0000] {processor.py:161} INFO - Started process (PID=880) to work on /home/airflow/.local/lib/python3.12/site-packages/airflow/example_dags/example_local_kubernetes_executor.py
[2025-12-14T04:27:29.361+0000] {processor.py:830} INFO - Processing file /home/airflow/.local/lib/python3.12/site-packages/airflow/example_dags/example_local_kubernetes_executor.py for tasks to queue
[2025-12-14T04:27:29.362+0000] {logging_mixin.py:188} INFO - [2025-12-14T04:27:29.362+0000] {dagbag.py:545} INFO - Filling up the DagBag from /home/airflow/.local/lib/python3.12/site-packages/airflow/example_dags/example_local_kubernetes_executor.py
[2025-12-14T04:27:29.369+0000] {processor.py:840} INFO - DAG(s) 'example_local_kubernetes_executor' retrieved from /home/airflow/.local/lib/python3.12/site-packages/airflow/example_dags/example_local_kubernetes_executor.py
[2025-12-14T04:27:29.397+0000] {logging_mixin.py:188} INFO - [2025-12-14T04:27:29.396+0000] {dag.py:3089} INFO - Sync 1 DAGs
[2025-12-14T04:27:29.408+0000] {logging_mixin.py:188} INFO - [2025-12-14T04:27:29.407+0000] {dag.py:3947} INFO - Setting next_dagrun for example_local_kubernetes_executor to None, run_after=None
[2025-12-14T04:27:29.426+0000] {processor.py:183} INFO - Processing /home/airflow/.local/lib/python3.12/site-packages/airflow/example_dags/example_local_kubernetes_executor.py took 0.071 seconds
[2025-12-14T04:28:00.092+0000] {processor.py:161} INFO - Started process (PID=938) to work on /home/airflow/.local/lib/python3.12/site-packages/airflow/example_dags/example_local_kubernetes_executor.py
[2025-12-14T04:28:00.093+0000] {processor.py:830} INFO - Processing file /home/airflow/.local/lib/python3.12/site-packages/airflow/example_dags/example_local_kubernetes_executor.py for tasks to queue
[2025-12-14T04:28:00.094+0000] {logging_mixin.py:188} INFO - [2025-12-14T04:28:00.094+0000] {dagbag.py:545} INFO - Filling up the DagBag from /home/airflow/.local/lib/python3.12/site-packages/airflow/example_dags/example_local_kubernetes_executor.py
[2025-12-14T04:28:00.100+0000] {processor.py:840} INFO - DAG(s) 'example_local_kubernetes_executor' retrieved from /home/airflow/.local/lib/python3.12/site-packages/airflow/example_dags/example_local_kubernetes_executor.py
[2025-12-14T04:28:00.129+0000] {logging_mixin.py:188} INFO - [2025-12-14T04:28:00.129+0000] {dag.py:3089} INFO - Sync 1 DAGs
[2025-12-14T04:28:00.141+0000] {logging_mixin.py:188} INFO - [2025-12-14T04:28:00.140+0000] {dag.py:3947} INFO - Setting next_dagrun for example_local_kubernetes_executor to None, run_after=None
[2025-12-14T04:28:00.156+0000] {processor.py:183} INFO - Processing /home/airflow/.local/lib/python3.12/site-packages/airflow/example_dags/example_local_kubernetes_executor.py took 0.070 seconds
[2025-12-14T04:28:30.790+0000] {processor.py:161} INFO - Started process (PID=996) to work on /home/airflow/.local/lib/python3.12/site-packages/airflow/example_dags/example_local_kubernetes_executor.py
[2025-12-14T04:28:30.791+0000] {processor.py:830} INFO - Processing file /home/airflow/.local/lib/python3.12/site-packages/airflow/example_dags/example_local_kubernetes_executor.py for tasks to queue
[2025-12-14T04:28:30.792+0000] {logging_mixin.py:188} INFO - [2025-12-14T04:28:30.792+0000] {dagbag.py:545} INFO - Filling up the DagBag from /home/airflow/.local/lib/python3.12/site-packages/airflow/example_dags/example_local_kubernetes_executor.py
[2025-12-14T04:28:30.798+0000] {processor.py:840} INFO - DAG(s) 'example_local_kubernetes_executor' retrieved from /home/airflow/.local/lib/python3.12/site-packages/airflow/example_dags/example_local_kubernetes_executor.py
[2025-12-14T04:28:30.829+0000] {logging_mixin.py:188} INFO - [2025-12-14T04:28:30.829+0000] {dag.py:3089} INFO - Sync 1 DAGs
[2025-12-14T04:28:30.841+0000] {logging_mixin.py:188} INFO - [2025-12-14T04:28:30.840+0000] {dag.py:3947} INFO - Setting next_dagrun for example_local_kubernetes_executor to None, run_after=None
[2025-12-14T04:28:30.856+0000] {processor.py:183} INFO - Processing /home/airflow/.local/lib/python3.12/site-packages/airflow/example_dags/example_local_kubernetes_executor.py took 0.071 seconds
[2025-12-14T04:29:01.619+0000] {processor.py:161} INFO - Started process (PID=1054) to work on /home/airflow/.local/lib/python3.12/site-packages/airflow/example_dags/example_local_kubernetes_executor.py
[2025-12-14T04:29:01.621+0000] {processor.py:830} INFO - Processing file /home/airflow/.local/lib/python3.12/site-packages/airflow/example_dags/example_local_kubernetes_executor.py for tasks to queue
[2025-12-14T04:29:01.622+0000] {logging_mixin.py:188} INFO - [2025-12-14T04:29:01.622+0000] {dagbag.py:545} INFO - Filling up the DagBag from /home/airflow/.local/lib/python3.12/site-packages/airflow/example_dags/example_local_kubernetes_executor.py
[2025-12-14T04:29:01.629+0000] {processor.py:840} INFO - DAG(s) 'example_local_kubernetes_executor' retrieved from /home/airflow/.local/lib/python3.12/site-packages/airflow/example_dags/example_local_kubernetes_executor.py
[2025-12-14T04:29:01.661+0000] {logging_mixin.py:188} INFO - [2025-12-14T04:29:01.661+0000] {dag.py:3089} INFO - Sync 1 DAGs
[2025-12-14T04:29:01.675+0000] {logging_mixin.py:188} INFO - [2025-12-14T04:29:01.675+0000] {dag.py:3947} INFO - Setting next_dagrun for example_local_kubernetes_executor to None, run_after=None
[2025-12-14T04:29:01.696+0000] {processor.py:183} INFO - Processing /home/airflow/.local/lib/python3.12/site-packages/airflow/example_dags/example_local_kubernetes_executor.py took 0.082 seconds
[2025-12-14T04:29:32.506+0000] {processor.py:161} INFO - Started process (PID=1112) to work on /home/airflow/.local/lib/python3.12/site-packages/airflow/example_dags/example_local_kubernetes_executor.py
[2025-12-14T04:29:32.507+0000] {processor.py:830} INFO - Processing file /home/airflow/.local/lib/python3.12/site-packages/airflow/example_dags/example_local_kubernetes_executor.py for tasks to queue
[2025-12-14T04:29:32.510+0000] {logging_mixin.py:188} INFO - [2025-12-14T04:29:32.509+0000] {dagbag.py:545} INFO - Filling up the DagBag from /home/airflow/.local/lib/python3.12/site-packages/airflow/example_dags/example_local_kubernetes_executor.py
[2025-12-14T04:29:32.516+0000] {processor.py:840} INFO - DAG(s) 'example_local_kubernetes_executor' retrieved from /home/airflow/.local/lib/python3.12/site-packages/airflow/example_dags/example_local_kubernetes_executor.py
[2025-12-14T04:29:32.546+0000] {logging_mixin.py:188} INFO - [2025-12-14T04:29:32.546+0000] {dag.py:3089} INFO - Sync 1 DAGs
[2025-12-14T04:29:32.559+0000] {logging_mixin.py:188} INFO - [2025-12-14T04:29:32.559+0000] {dag.py:3947} INFO - Setting next_dagrun for example_local_kubernetes_executor to None, run_after=None
[2025-12-14T04:29:32.581+0000] {processor.py:183} INFO - Processing /home/airflow/.local/lib/python3.12/site-packages/airflow/example_dags/example_local_kubernetes_executor.py took 0.081 seconds
[2025-12-14T04:30:03.369+0000] {processor.py:161} INFO - Started process (PID=1170) to work on /home/airflow/.local/lib/python3.12/site-packages/airflow/example_dags/example_local_kubernetes_executor.py
[2025-12-14T04:30:03.370+0000] {processor.py:830} INFO - Processing file /home/airflow/.local/lib/python3.12/site-packages/airflow/example_dags/example_local_kubernetes_executor.py for tasks to queue
[2025-12-14T04:30:03.372+0000] {logging_mixin.py:188} INFO - [2025-12-14T04:30:03.371+0000] {dagbag.py:545} INFO - Filling up the DagBag from /home/airflow/.local/lib/python3.12/site-packages/airflow/example_dags/example_local_kubernetes_executor.py
[2025-12-14T04:30:03.378+0000] {processor.py:840} INFO - DAG(s) 'example_local_kubernetes_executor' retrieved from /home/airflow/.local/lib/python3.12/site-packages/airflow/example_dags/example_local_kubernetes_executor.py
[2025-12-14T04:30:03.409+0000] {logging_mixin.py:188} INFO - [2025-12-14T04:30:03.408+0000] {dag.py:3089} INFO - Sync 1 DAGs
[2025-12-14T04:30:03.421+0000] {logging_mixin.py:188} INFO - [2025-12-14T04:30:03.420+0000] {dag.py:3947} INFO - Setting next_dagrun for example_local_kubernetes_executor to None, run_after=None
[2025-12-14T04:30:03.438+0000] {processor.py:183} INFO - Processing /home/airflow/.local/lib/python3.12/site-packages/airflow/example_dags/example_local_kubernetes_executor.py took 0.075 seconds
[2025-12-14T04:30:34.394+0000] {processor.py:161} INFO - Started process (PID=1228) to work on /home/airflow/.local/lib/python3.12/site-packages/airflow/example_dags/example_local_kubernetes_executor.py
[2025-12-14T04:30:34.395+0000] {processor.py:830} INFO - Processing file /home/airflow/.local/lib/python3.12/site-packages/airflow/example_dags/example_local_kubernetes_executor.py for tasks to queue
[2025-12-14T04:30:34.397+0000] {logging_mixin.py:188} INFO - [2025-12-14T04:30:34.397+0000] {dagbag.py:545} INFO - Filling up the DagBag from /home/airflow/.local/lib/python3.12/site-packages/airflow/example_dags/example_local_kubernetes_executor.py
[2025-12-14T04:30:34.405+0000] {processor.py:840} INFO - DAG(s) 'example_local_kubernetes_executor' retrieved from /home/airflow/.local/lib/python3.12/site-packages/airflow/example_dags/example_local_kubernetes_executor.py
[2025-12-14T04:30:34.438+0000] {logging_mixin.py:188} INFO - [2025-12-14T04:30:34.437+0000] {dag.py:3089} INFO - Sync 1 DAGs
[2025-12-14T04:30:34.450+0000] {logging_mixin.py:188} INFO - [2025-12-14T04:30:34.450+0000] {dag.py:3947} INFO - Setting next_dagrun for example_local_kubernetes_executor to None, run_after=None
[2025-12-14T04:30:34.472+0000] {processor.py:183} INFO - Processing /home/airflow/.local/lib/python3.12/site-packages/airflow/example_dags/example_local_kubernetes_executor.py took 0.083 seconds
[2025-12-14T04:31:04.633+0000] {processor.py:161} INFO - Started process (PID=1286) to work on /home/airflow/.local/lib/python3.12/site-packages/airflow/example_dags/example_local_kubernetes_executor.py
[2025-12-14T04:31:04.634+0000] {processor.py:830} INFO - Processing file /home/airflow/.local/lib/python3.12/site-packages/airflow/example_dags/example_local_kubernetes_executor.py for tasks to queue
[2025-12-14T04:31:04.636+0000] {logging_mixin.py:188} INFO - [2025-12-14T04:31:04.636+0000] {dagbag.py:545} INFO - Filling up the DagBag from /home/airflow/.local/lib/python3.12/site-packages/airflow/example_dags/example_local_kubernetes_executor.py
[2025-12-14T04:31:04.643+0000] {processor.py:840} INFO - DAG(s) 'example_local_kubernetes_executor' retrieved from /home/airflow/.local/lib/python3.12/site-packages/airflow/example_dags/example_local_kubernetes_executor.py
[2025-12-14T04:31:04.672+0000] {logging_mixin.py:188} INFO - [2025-12-14T04:31:04.671+0000] {dag.py:3089} INFO - Sync 1 DAGs
[2025-12-14T04:31:04.682+0000] {logging_mixin.py:188} INFO - [2025-12-14T04:31:04.682+0000] {dag.py:3947} INFO - Setting next_dagrun for example_local_kubernetes_executor to None, run_after=None
[2025-12-14T04:31:04.700+0000] {processor.py:183} INFO - Processing /home/airflow/.local/lib/python3.12/site-packages/airflow/example_dags/example_local_kubernetes_executor.py took 0.072 seconds
[2025-12-14T04:31:34.931+0000] {processor.py:161} INFO - Started process (PID=1344) to work on /home/airflow/.local/lib/python3.12/site-packages/airflow/example_dags/example_local_kubernetes_executor.py
[2025-12-14T04:31:34.932+0000] {processor.py:830} INFO - Processing file /home/airflow/.local/lib/python3.12/site-packages/airflow/example_dags/example_local_kubernetes_executor.py for tasks to queue
[2025-12-14T04:31:34.934+0000] {logging_mixin.py:188} INFO - [2025-12-14T04:31:34.934+0000] {dagbag.py:545} INFO - Filling up the DagBag from /home/airflow/.local/lib/python3.12/site-packages/airflow/example_dags/example_local_kubernetes_executor.py
[2025-12-14T04:31:34.940+0000] {processor.py:840} INFO - DAG(s) 'example_local_kubernetes_executor' retrieved from /home/airflow/.local/lib/python3.12/site-packages/airflow/example_dags/example_local_kubernetes_executor.py
[2025-12-14T04:31:34.973+0000] {logging_mixin.py:188} INFO - [2025-12-14T04:31:34.972+0000] {dag.py:3089} INFO - Sync 1 DAGs
[2025-12-14T04:31:34.984+0000] {logging_mixin.py:188} INFO - [2025-12-14T04:31:34.984+0000] {dag.py:3947} INFO - Setting next_dagrun for example_local_kubernetes_executor to None, run_after=None
[2025-12-14T04:31:35.002+0000] {processor.py:183} INFO - Processing /home/airflow/.local/lib/python3.12/site-packages/airflow/example_dags/example_local_kubernetes_executor.py took 0.076 seconds
[2025-12-14T08:41:05.467+0000] {processor.py:161} INFO - Started process (PID=62) to work on /home/airflow/.local/lib/python3.12/site-packages/airflow/example_dags/example_local_kubernetes_executor.py
[2025-12-14T08:41:05.468+0000] {processor.py:830} INFO - Processing file /home/airflow/.local/lib/python3.12/site-packages/airflow/example_dags/example_local_kubernetes_executor.py for tasks to queue
[2025-12-14T08:41:05.470+0000] {logging_mixin.py:188} INFO - [2025-12-14T08:41:05.470+0000] {dagbag.py:545} INFO - Filling up the DagBag from /home/airflow/.local/lib/python3.12/site-packages/airflow/example_dags/example_local_kubernetes_executor.py
[2025-12-14T08:41:05.478+0000] {processor.py:840} INFO - DAG(s) 'example_local_kubernetes_executor' retrieved from /home/airflow/.local/lib/python3.12/site-packages/airflow/example_dags/example_local_kubernetes_executor.py
[2025-12-14T08:41:05.489+0000] {logging_mixin.py:188} INFO - [2025-12-14T08:41:05.488+0000] {dag.py:3089} INFO - Sync 1 DAGs
[2025-12-14T08:41:05.504+0000] {logging_mixin.py:188} INFO - [2025-12-14T08:41:05.504+0000] {dag.py:3947} INFO - Setting next_dagrun for example_local_kubernetes_executor to None, run_after=None
[2025-12-14T08:41:05.525+0000] {processor.py:183} INFO - Processing /home/airflow/.local/lib/python3.12/site-packages/airflow/example_dags/example_local_kubernetes_executor.py took 0.064 seconds
[2025-12-14T08:41:36.492+0000] {processor.py:161} INFO - Started process (PID=126) to work on /home/airflow/.local/lib/python3.12/site-packages/airflow/example_dags/example_local_kubernetes_executor.py
[2025-12-14T08:41:36.494+0000] {processor.py:830} INFO - Processing file /home/airflow/.local/lib/python3.12/site-packages/airflow/example_dags/example_local_kubernetes_executor.py for tasks to queue
[2025-12-14T08:41:36.496+0000] {logging_mixin.py:188} INFO - [2025-12-14T08:41:36.495+0000] {dagbag.py:545} INFO - Filling up the DagBag from /home/airflow/.local/lib/python3.12/site-packages/airflow/example_dags/example_local_kubernetes_executor.py
[2025-12-14T08:41:36.508+0000] {processor.py:840} INFO - DAG(s) 'example_local_kubernetes_executor' retrieved from /home/airflow/.local/lib/python3.12/site-packages/airflow/example_dags/example_local_kubernetes_executor.py
[2025-12-14T08:41:36.630+0000] {logging_mixin.py:188} INFO - [2025-12-14T08:41:36.630+0000] {dag.py:3089} INFO - Sync 1 DAGs
[2025-12-14T08:41:36.639+0000] {logging_mixin.py:188} INFO - [2025-12-14T08:41:36.639+0000] {dag.py:3947} INFO - Setting next_dagrun for example_local_kubernetes_executor to None, run_after=None
[2025-12-14T08:41:36.657+0000] {processor.py:183} INFO - Processing /home/airflow/.local/lib/python3.12/site-packages/airflow/example_dags/example_local_kubernetes_executor.py took 0.172 seconds
[2025-12-14T08:42:07.064+0000] {processor.py:161} INFO - Started process (PID=184) to work on /home/airflow/.local/lib/python3.12/site-packages/airflow/example_dags/example_local_kubernetes_executor.py
[2025-12-14T08:42:07.065+0000] {processor.py:830} INFO - Processing file /home/airflow/.local/lib/python3.12/site-packages/airflow/example_dags/example_local_kubernetes_executor.py for tasks to queue
[2025-12-14T08:42:07.068+0000] {logging_mixin.py:188} INFO - [2025-12-14T08:42:07.067+0000] {dagbag.py:545} INFO - Filling up the DagBag from /home/airflow/.local/lib/python3.12/site-packages/airflow/example_dags/example_local_kubernetes_executor.py
[2025-12-14T08:42:07.076+0000] {processor.py:840} INFO - DAG(s) 'example_local_kubernetes_executor' retrieved from /home/airflow/.local/lib/python3.12/site-packages/airflow/example_dags/example_local_kubernetes_executor.py
[2025-12-14T08:42:07.136+0000] {logging_mixin.py:188} INFO - [2025-12-14T08:42:07.136+0000] {dag.py:3089} INFO - Sync 1 DAGs
[2025-12-14T08:42:07.161+0000] {logging_mixin.py:188} INFO - [2025-12-14T08:42:07.160+0000] {dag.py:3947} INFO - Setting next_dagrun for example_local_kubernetes_executor to None, run_after=None
[2025-12-14T08:42:07.189+0000] {processor.py:183} INFO - Processing /home/airflow/.local/lib/python3.12/site-packages/airflow/example_dags/example_local_kubernetes_executor.py took 0.131 seconds
[2025-12-14T08:42:38.070+0000] {processor.py:161} INFO - Started process (PID=242) to work on /home/airflow/.local/lib/python3.12/site-packages/airflow/example_dags/example_local_kubernetes_executor.py
[2025-12-14T08:42:38.071+0000] {processor.py:830} INFO - Processing file /home/airflow/.local/lib/python3.12/site-packages/airflow/example_dags/example_local_kubernetes_executor.py for tasks to queue
[2025-12-14T08:42:38.073+0000] {logging_mixin.py:188} INFO - [2025-12-14T08:42:38.073+0000] {dagbag.py:545} INFO - Filling up the DagBag from /home/airflow/.local/lib/python3.12/site-packages/airflow/example_dags/example_local_kubernetes_executor.py
[2025-12-14T08:42:38.080+0000] {processor.py:840} INFO - DAG(s) 'example_local_kubernetes_executor' retrieved from /home/airflow/.local/lib/python3.12/site-packages/airflow/example_dags/example_local_kubernetes_executor.py
[2025-12-14T08:42:38.118+0000] {logging_mixin.py:188} INFO - [2025-12-14T08:42:38.117+0000] {dag.py:3089} INFO - Sync 1 DAGs
[2025-12-14T08:42:38.131+0000] {logging_mixin.py:188} INFO - [2025-12-14T08:42:38.131+0000] {dag.py:3947} INFO - Setting next_dagrun for example_local_kubernetes_executor to None, run_after=None
[2025-12-14T08:42:38.151+0000] {processor.py:183} INFO - Processing /home/airflow/.local/lib/python3.12/site-packages/airflow/example_dags/example_local_kubernetes_executor.py took 0.086 seconds
[2025-12-14T08:43:08.621+0000] {processor.py:161} INFO - Started process (PID=301) to work on /home/airflow/.local/lib/python3.12/site-packages/airflow/example_dags/example_local_kubernetes_executor.py
[2025-12-14T08:43:08.622+0000] {processor.py:830} INFO - Processing file /home/airflow/.local/lib/python3.12/site-packages/airflow/example_dags/example_local_kubernetes_executor.py for tasks to queue
[2025-12-14T08:43:08.624+0000] {logging_mixin.py:188} INFO - [2025-12-14T08:43:08.623+0000] {dagbag.py:545} INFO - Filling up the DagBag from /home/airflow/.local/lib/python3.12/site-packages/airflow/example_dags/example_local_kubernetes_executor.py
[2025-12-14T08:43:08.630+0000] {processor.py:840} INFO - DAG(s) 'example_local_kubernetes_executor' retrieved from /home/airflow/.local/lib/python3.12/site-packages/airflow/example_dags/example_local_kubernetes_executor.py
[2025-12-14T08:43:08.661+0000] {logging_mixin.py:188} INFO - [2025-12-14T08:43:08.661+0000] {dag.py:3089} INFO - Sync 1 DAGs
[2025-12-14T08:43:08.673+0000] {logging_mixin.py:188} INFO - [2025-12-14T08:43:08.673+0000] {dag.py:3947} INFO - Setting next_dagrun for example_local_kubernetes_executor to None, run_after=None
[2025-12-14T08:43:08.689+0000] {processor.py:183} INFO - Processing /home/airflow/.local/lib/python3.12/site-packages/airflow/example_dags/example_local_kubernetes_executor.py took 0.073 seconds
[2025-12-14T08:43:39.263+0000] {processor.py:161} INFO - Started process (PID=359) to work on /home/airflow/.local/lib/python3.12/site-packages/airflow/example_dags/example_local_kubernetes_executor.py
[2025-12-14T08:43:39.264+0000] {processor.py:830} INFO - Processing file /home/airflow/.local/lib/python3.12/site-packages/airflow/example_dags/example_local_kubernetes_executor.py for tasks to queue
[2025-12-14T08:43:39.265+0000] {logging_mixin.py:188} INFO - [2025-12-14T08:43:39.265+0000] {dagbag.py:545} INFO - Filling up the DagBag from /home/airflow/.local/lib/python3.12/site-packages/airflow/example_dags/example_local_kubernetes_executor.py
[2025-12-14T08:43:39.272+0000] {processor.py:840} INFO - DAG(s) 'example_local_kubernetes_executor' retrieved from /home/airflow/.local/lib/python3.12/site-packages/airflow/example_dags/example_local_kubernetes_executor.py
[2025-12-14T08:43:39.304+0000] {logging_mixin.py:188} INFO - [2025-12-14T08:43:39.303+0000] {dag.py:3089} INFO - Sync 1 DAGs
[2025-12-14T08:43:39.316+0000] {logging_mixin.py:188} INFO - [2025-12-14T08:43:39.315+0000] {dag.py:3947} INFO - Setting next_dagrun for example_local_kubernetes_executor to None, run_after=None
[2025-12-14T08:43:39.334+0000] {processor.py:183} INFO - Processing /home/airflow/.local/lib/python3.12/site-packages/airflow/example_dags/example_local_kubernetes_executor.py took 0.076 seconds
[2025-12-14T08:44:09.493+0000] {processor.py:161} INFO - Started process (PID=417) to work on /home/airflow/.local/lib/python3.12/site-packages/airflow/example_dags/example_local_kubernetes_executor.py
[2025-12-14T08:44:09.494+0000] {processor.py:830} INFO - Processing file /home/airflow/.local/lib/python3.12/site-packages/airflow/example_dags/example_local_kubernetes_executor.py for tasks to queue
[2025-12-14T08:44:09.496+0000] {logging_mixin.py:188} INFO - [2025-12-14T08:44:09.496+0000] {dagbag.py:545} INFO - Filling up the DagBag from /home/airflow/.local/lib/python3.12/site-packages/airflow/example_dags/example_local_kubernetes_executor.py
[2025-12-14T08:44:09.507+0000] {processor.py:840} INFO - DAG(s) 'example_local_kubernetes_executor' retrieved from /home/airflow/.local/lib/python3.12/site-packages/airflow/example_dags/example_local_kubernetes_executor.py
[2025-12-14T08:44:09.554+0000] {logging_mixin.py:188} INFO - [2025-12-14T08:44:09.553+0000] {dag.py:3089} INFO - Sync 1 DAGs
[2025-12-14T08:44:09.572+0000] {logging_mixin.py:188} INFO - [2025-12-14T08:44:09.571+0000] {dag.py:3947} INFO - Setting next_dagrun for example_local_kubernetes_executor to None, run_after=None
[2025-12-14T08:44:09.599+0000] {processor.py:183} INFO - Processing /home/airflow/.local/lib/python3.12/site-packages/airflow/example_dags/example_local_kubernetes_executor.py took 0.112 seconds
[2025-12-14T09:34:03.214+0000] {processor.py:161} INFO - Started process (PID=62) to work on /home/airflow/.local/lib/python3.12/site-packages/airflow/example_dags/example_local_kubernetes_executor.py
[2025-12-14T09:34:03.215+0000] {processor.py:830} INFO - Processing file /home/airflow/.local/lib/python3.12/site-packages/airflow/example_dags/example_local_kubernetes_executor.py for tasks to queue
[2025-12-14T09:34:03.218+0000] {logging_mixin.py:188} INFO - [2025-12-14T09:34:03.217+0000] {dagbag.py:545} INFO - Filling up the DagBag from /home/airflow/.local/lib/python3.12/site-packages/airflow/example_dags/example_local_kubernetes_executor.py
[2025-12-14T09:34:03.230+0000] {processor.py:840} INFO - DAG(s) 'example_local_kubernetes_executor' retrieved from /home/airflow/.local/lib/python3.12/site-packages/airflow/example_dags/example_local_kubernetes_executor.py
[2025-12-14T09:34:03.245+0000] {logging_mixin.py:188} INFO - [2025-12-14T09:34:03.244+0000] {dag.py:3089} INFO - Sync 1 DAGs
[2025-12-14T09:34:03.260+0000] {logging_mixin.py:188} INFO - [2025-12-14T09:34:03.260+0000] {dag.py:3947} INFO - Setting next_dagrun for example_local_kubernetes_executor to None, run_after=None
[2025-12-14T09:34:03.284+0000] {processor.py:183} INFO - Processing /home/airflow/.local/lib/python3.12/site-packages/airflow/example_dags/example_local_kubernetes_executor.py took 0.076 seconds
[2025-12-14T14:28:52.059+0000] {processor.py:161} INFO - Started process (PID=62) to work on /home/airflow/.local/lib/python3.12/site-packages/airflow/example_dags/example_local_kubernetes_executor.py
[2025-12-14T14:28:52.061+0000] {processor.py:830} INFO - Processing file /home/airflow/.local/lib/python3.12/site-packages/airflow/example_dags/example_local_kubernetes_executor.py for tasks to queue
[2025-12-14T14:28:52.063+0000] {logging_mixin.py:188} INFO - [2025-12-14T14:28:52.063+0000] {dagbag.py:545} INFO - Filling up the DagBag from /home/airflow/.local/lib/python3.12/site-packages/airflow/example_dags/example_local_kubernetes_executor.py
[2025-12-14T14:28:52.074+0000] {processor.py:840} INFO - DAG(s) 'example_local_kubernetes_executor' retrieved from /home/airflow/.local/lib/python3.12/site-packages/airflow/example_dags/example_local_kubernetes_executor.py
[2025-12-14T14:28:52.092+0000] {logging_mixin.py:188} INFO - [2025-12-14T14:28:52.092+0000] {dag.py:3089} INFO - Sync 1 DAGs
[2025-12-14T14:28:52.117+0000] {logging_mixin.py:188} INFO - [2025-12-14T14:28:52.117+0000] {dag.py:3947} INFO - Setting next_dagrun for example_local_kubernetes_executor to None, run_after=None
[2025-12-14T14:28:52.154+0000] {processor.py:183} INFO - Processing /home/airflow/.local/lib/python3.12/site-packages/airflow/example_dags/example_local_kubernetes_executor.py took 0.102 seconds
[2025-12-14T14:29:22.801+0000] {processor.py:161} INFO - Started process (PID=120) to work on /home/airflow/.local/lib/python3.12/site-packages/airflow/example_dags/example_local_kubernetes_executor.py
[2025-12-14T14:29:22.802+0000] {processor.py:830} INFO - Processing file /home/airflow/.local/lib/python3.12/site-packages/airflow/example_dags/example_local_kubernetes_executor.py for tasks to queue
[2025-12-14T14:29:22.804+0000] {logging_mixin.py:188} INFO - [2025-12-14T14:29:22.803+0000] {dagbag.py:545} INFO - Filling up the DagBag from /home/airflow/.local/lib/python3.12/site-packages/airflow/example_dags/example_local_kubernetes_executor.py
[2025-12-14T14:29:22.810+0000] {processor.py:840} INFO - DAG(s) 'example_local_kubernetes_executor' retrieved from /home/airflow/.local/lib/python3.12/site-packages/airflow/example_dags/example_local_kubernetes_executor.py
[2025-12-14T14:29:22.926+0000] {logging_mixin.py:188} INFO - [2025-12-14T14:29:22.925+0000] {dag.py:3089} INFO - Sync 1 DAGs
[2025-12-14T14:29:22.937+0000] {logging_mixin.py:188} INFO - [2025-12-14T14:29:22.937+0000] {dag.py:3947} INFO - Setting next_dagrun for example_local_kubernetes_executor to None, run_after=None
[2025-12-14T14:29:22.959+0000] {processor.py:183} INFO - Processing /home/airflow/.local/lib/python3.12/site-packages/airflow/example_dags/example_local_kubernetes_executor.py took 0.163 seconds
