[2025-12-14T04:20:22.709+0000] {processor.py:161} INFO - Started process (PID=82) to work on /home/airflow/.local/lib/python3.12/site-packages/airflow/example_dags/example_python_decorator.py
[2025-12-14T04:20:22.710+0000] {processor.py:830} INFO - Processing file /home/airflow/.local/lib/python3.12/site-packages/airflow/example_dags/example_python_decorator.py for tasks to queue
[2025-12-14T04:20:22.712+0000] {logging_mixin.py:188} INFO - [2025-12-14T04:20:22.712+0000] {dagbag.py:545} INFO - Filling up the DagBag from /home/airflow/.local/lib/python3.12/site-packages/airflow/example_dags/example_python_decorator.py
[2025-12-14T04:20:22.731+0000] {processor.py:840} INFO - DAG(s) 'example_python_decorator' retrieved from /home/airflow/.local/lib/python3.12/site-packages/airflow/example_dags/example_python_decorator.py
[2025-12-14T04:20:22.745+0000] {logging_mixin.py:188} INFO - [2025-12-14T04:20:22.745+0000] {dag.py:3089} INFO - Sync 1 DAGs
[2025-12-14T04:20:22.761+0000] {logging_mixin.py:188} INFO - [2025-12-14T04:20:22.760+0000] {dag.py:3947} INFO - Setting next_dagrun for example_python_decorator to None, run_after=None
[2025-12-14T04:20:22.783+0000] {processor.py:183} INFO - Processing /home/airflow/.local/lib/python3.12/site-packages/airflow/example_dags/example_python_decorator.py took 0.085 seconds
[2025-12-14T04:20:54.216+0000] {processor.py:161} INFO - Started process (PID=146) to work on /home/airflow/.local/lib/python3.12/site-packages/airflow/example_dags/example_python_decorator.py
[2025-12-14T04:20:54.216+0000] {processor.py:830} INFO - Processing file /home/airflow/.local/lib/python3.12/site-packages/airflow/example_dags/example_python_decorator.py for tasks to queue
[2025-12-14T04:20:54.219+0000] {logging_mixin.py:188} INFO - [2025-12-14T04:20:54.218+0000] {dagbag.py:545} INFO - Filling up the DagBag from /home/airflow/.local/lib/python3.12/site-packages/airflow/example_dags/example_python_decorator.py
[2025-12-14T04:20:54.231+0000] {processor.py:840} INFO - DAG(s) 'example_python_decorator' retrieved from /home/airflow/.local/lib/python3.12/site-packages/airflow/example_dags/example_python_decorator.py
[2025-12-14T04:20:54.310+0000] {logging_mixin.py:188} INFO - [2025-12-14T04:20:54.310+0000] {dag.py:3089} INFO - Sync 1 DAGs
[2025-12-14T04:20:54.319+0000] {logging_mixin.py:188} INFO - [2025-12-14T04:20:54.319+0000] {dag.py:3947} INFO - Setting next_dagrun for example_python_decorator to None, run_after=None
[2025-12-14T04:20:54.335+0000] {processor.py:183} INFO - Processing /home/airflow/.local/lib/python3.12/site-packages/airflow/example_dags/example_python_decorator.py took 0.127 seconds
[2025-12-14T04:21:24.685+0000] {processor.py:161} INFO - Started process (PID=204) to work on /home/airflow/.local/lib/python3.12/site-packages/airflow/example_dags/example_python_decorator.py
[2025-12-14T04:21:24.686+0000] {processor.py:830} INFO - Processing file /home/airflow/.local/lib/python3.12/site-packages/airflow/example_dags/example_python_decorator.py for tasks to queue
[2025-12-14T04:21:24.687+0000] {logging_mixin.py:188} INFO - [2025-12-14T04:21:24.687+0000] {dagbag.py:545} INFO - Filling up the DagBag from /home/airflow/.local/lib/python3.12/site-packages/airflow/example_dags/example_python_decorator.py
[2025-12-14T04:21:24.699+0000] {processor.py:840} INFO - DAG(s) 'example_python_decorator' retrieved from /home/airflow/.local/lib/python3.12/site-packages/airflow/example_dags/example_python_decorator.py
[2025-12-14T04:21:24.717+0000] {logging_mixin.py:188} INFO - [2025-12-14T04:21:24.717+0000] {dag.py:3089} INFO - Sync 1 DAGs
[2025-12-14T04:21:24.729+0000] {logging_mixin.py:188} INFO - [2025-12-14T04:21:24.729+0000] {dag.py:3947} INFO - Setting next_dagrun for example_python_decorator to None, run_after=None
[2025-12-14T04:21:24.745+0000] {processor.py:183} INFO - Processing /home/airflow/.local/lib/python3.12/site-packages/airflow/example_dags/example_python_decorator.py took 0.066 seconds
[2025-12-14T04:21:55.451+0000] {processor.py:161} INFO - Started process (PID=262) to work on /home/airflow/.local/lib/python3.12/site-packages/airflow/example_dags/example_python_decorator.py
[2025-12-14T04:21:55.452+0000] {processor.py:830} INFO - Processing file /home/airflow/.local/lib/python3.12/site-packages/airflow/example_dags/example_python_decorator.py for tasks to queue
[2025-12-14T04:21:55.454+0000] {logging_mixin.py:188} INFO - [2025-12-14T04:21:55.453+0000] {dagbag.py:545} INFO - Filling up the DagBag from /home/airflow/.local/lib/python3.12/site-packages/airflow/example_dags/example_python_decorator.py
[2025-12-14T04:21:55.469+0000] {processor.py:840} INFO - DAG(s) 'example_python_decorator' retrieved from /home/airflow/.local/lib/python3.12/site-packages/airflow/example_dags/example_python_decorator.py
[2025-12-14T04:21:55.490+0000] {logging_mixin.py:188} INFO - [2025-12-14T04:21:55.490+0000] {dag.py:3089} INFO - Sync 1 DAGs
[2025-12-14T04:21:55.501+0000] {logging_mixin.py:188} INFO - [2025-12-14T04:21:55.501+0000] {dag.py:3947} INFO - Setting next_dagrun for example_python_decorator to None, run_after=None
[2025-12-14T04:21:55.520+0000] {processor.py:183} INFO - Processing /home/airflow/.local/lib/python3.12/site-packages/airflow/example_dags/example_python_decorator.py took 0.074 seconds
[2025-12-14T04:22:25.572+0000] {processor.py:161} INFO - Started process (PID=320) to work on /home/airflow/.local/lib/python3.12/site-packages/airflow/example_dags/example_python_decorator.py
[2025-12-14T04:22:25.573+0000] {processor.py:830} INFO - Processing file /home/airflow/.local/lib/python3.12/site-packages/airflow/example_dags/example_python_decorator.py for tasks to queue
[2025-12-14T04:22:25.575+0000] {logging_mixin.py:188} INFO - [2025-12-14T04:22:25.574+0000] {dagbag.py:545} INFO - Filling up the DagBag from /home/airflow/.local/lib/python3.12/site-packages/airflow/example_dags/example_python_decorator.py
[2025-12-14T04:22:25.586+0000] {processor.py:840} INFO - DAG(s) 'example_python_decorator' retrieved from /home/airflow/.local/lib/python3.12/site-packages/airflow/example_dags/example_python_decorator.py
[2025-12-14T04:22:25.605+0000] {logging_mixin.py:188} INFO - [2025-12-14T04:22:25.605+0000] {dag.py:3089} INFO - Sync 1 DAGs
[2025-12-14T04:22:25.616+0000] {logging_mixin.py:188} INFO - [2025-12-14T04:22:25.615+0000] {dag.py:3947} INFO - Setting next_dagrun for example_python_decorator to None, run_after=None
[2025-12-14T04:22:25.633+0000] {processor.py:183} INFO - Processing /home/airflow/.local/lib/python3.12/site-packages/airflow/example_dags/example_python_decorator.py took 0.066 seconds
[2025-12-14T04:22:56.152+0000] {processor.py:161} INFO - Started process (PID=378) to work on /home/airflow/.local/lib/python3.12/site-packages/airflow/example_dags/example_python_decorator.py
[2025-12-14T04:22:56.153+0000] {processor.py:830} INFO - Processing file /home/airflow/.local/lib/python3.12/site-packages/airflow/example_dags/example_python_decorator.py for tasks to queue
[2025-12-14T04:22:56.155+0000] {logging_mixin.py:188} INFO - [2025-12-14T04:22:56.154+0000] {dagbag.py:545} INFO - Filling up the DagBag from /home/airflow/.local/lib/python3.12/site-packages/airflow/example_dags/example_python_decorator.py
[2025-12-14T04:22:56.168+0000] {processor.py:840} INFO - DAG(s) 'example_python_decorator' retrieved from /home/airflow/.local/lib/python3.12/site-packages/airflow/example_dags/example_python_decorator.py
[2025-12-14T04:22:56.194+0000] {logging_mixin.py:188} INFO - [2025-12-14T04:22:56.194+0000] {dag.py:3089} INFO - Sync 1 DAGs
[2025-12-14T04:22:56.212+0000] {logging_mixin.py:188} INFO - [2025-12-14T04:22:56.212+0000] {dag.py:3947} INFO - Setting next_dagrun for example_python_decorator to None, run_after=None
[2025-12-14T04:22:56.232+0000] {processor.py:183} INFO - Processing /home/airflow/.local/lib/python3.12/site-packages/airflow/example_dags/example_python_decorator.py took 0.086 seconds
[2025-12-14T04:23:26.359+0000] {processor.py:161} INFO - Started process (PID=436) to work on /home/airflow/.local/lib/python3.12/site-packages/airflow/example_dags/example_python_decorator.py
[2025-12-14T04:23:26.360+0000] {processor.py:830} INFO - Processing file /home/airflow/.local/lib/python3.12/site-packages/airflow/example_dags/example_python_decorator.py for tasks to queue
[2025-12-14T04:23:26.363+0000] {logging_mixin.py:188} INFO - [2025-12-14T04:23:26.362+0000] {dagbag.py:545} INFO - Filling up the DagBag from /home/airflow/.local/lib/python3.12/site-packages/airflow/example_dags/example_python_decorator.py
[2025-12-14T04:23:26.376+0000] {processor.py:840} INFO - DAG(s) 'example_python_decorator' retrieved from /home/airflow/.local/lib/python3.12/site-packages/airflow/example_dags/example_python_decorator.py
[2025-12-14T04:23:26.398+0000] {logging_mixin.py:188} INFO - [2025-12-14T04:23:26.398+0000] {dag.py:3089} INFO - Sync 1 DAGs
[2025-12-14T04:23:26.412+0000] {logging_mixin.py:188} INFO - [2025-12-14T04:23:26.412+0000] {dag.py:3947} INFO - Setting next_dagrun for example_python_decorator to None, run_after=None
[2025-12-14T04:23:26.433+0000] {processor.py:183} INFO - Processing /home/airflow/.local/lib/python3.12/site-packages/airflow/example_dags/example_python_decorator.py took 0.080 seconds
[2025-12-14T04:23:57.290+0000] {processor.py:161} INFO - Started process (PID=494) to work on /home/airflow/.local/lib/python3.12/site-packages/airflow/example_dags/example_python_decorator.py
[2025-12-14T04:23:57.290+0000] {processor.py:830} INFO - Processing file /home/airflow/.local/lib/python3.12/site-packages/airflow/example_dags/example_python_decorator.py for tasks to queue
[2025-12-14T04:23:57.292+0000] {logging_mixin.py:188} INFO - [2025-12-14T04:23:57.292+0000] {dagbag.py:545} INFO - Filling up the DagBag from /home/airflow/.local/lib/python3.12/site-packages/airflow/example_dags/example_python_decorator.py
[2025-12-14T04:23:57.304+0000] {processor.py:840} INFO - DAG(s) 'example_python_decorator' retrieved from /home/airflow/.local/lib/python3.12/site-packages/airflow/example_dags/example_python_decorator.py
[2025-12-14T04:23:57.323+0000] {logging_mixin.py:188} INFO - [2025-12-14T04:23:57.323+0000] {dag.py:3089} INFO - Sync 1 DAGs
[2025-12-14T04:23:57.334+0000] {logging_mixin.py:188} INFO - [2025-12-14T04:23:57.334+0000] {dag.py:3947} INFO - Setting next_dagrun for example_python_decorator to None, run_after=None
[2025-12-14T04:23:57.352+0000] {processor.py:183} INFO - Processing /home/airflow/.local/lib/python3.12/site-packages/airflow/example_dags/example_python_decorator.py took 0.068 seconds
[2025-12-14T04:24:27.911+0000] {processor.py:161} INFO - Started process (PID=552) to work on /home/airflow/.local/lib/python3.12/site-packages/airflow/example_dags/example_python_decorator.py
[2025-12-14T04:24:27.912+0000] {processor.py:830} INFO - Processing file /home/airflow/.local/lib/python3.12/site-packages/airflow/example_dags/example_python_decorator.py for tasks to queue
[2025-12-14T04:24:27.914+0000] {logging_mixin.py:188} INFO - [2025-12-14T04:24:27.914+0000] {dagbag.py:545} INFO - Filling up the DagBag from /home/airflow/.local/lib/python3.12/site-packages/airflow/example_dags/example_python_decorator.py
[2025-12-14T04:24:27.925+0000] {processor.py:840} INFO - DAG(s) 'example_python_decorator' retrieved from /home/airflow/.local/lib/python3.12/site-packages/airflow/example_dags/example_python_decorator.py
[2025-12-14T04:24:27.944+0000] {logging_mixin.py:188} INFO - [2025-12-14T04:24:27.944+0000] {dag.py:3089} INFO - Sync 1 DAGs
[2025-12-14T04:24:27.955+0000] {logging_mixin.py:188} INFO - [2025-12-14T04:24:27.954+0000] {dag.py:3947} INFO - Setting next_dagrun for example_python_decorator to None, run_after=None
[2025-12-14T04:24:27.972+0000] {processor.py:183} INFO - Processing /home/airflow/.local/lib/python3.12/site-packages/airflow/example_dags/example_python_decorator.py took 0.065 seconds
[2025-12-14T04:24:58.574+0000] {processor.py:161} INFO - Started process (PID=610) to work on /home/airflow/.local/lib/python3.12/site-packages/airflow/example_dags/example_python_decorator.py
[2025-12-14T04:24:58.575+0000] {processor.py:830} INFO - Processing file /home/airflow/.local/lib/python3.12/site-packages/airflow/example_dags/example_python_decorator.py for tasks to queue
[2025-12-14T04:24:58.577+0000] {logging_mixin.py:188} INFO - [2025-12-14T04:24:58.577+0000] {dagbag.py:545} INFO - Filling up the DagBag from /home/airflow/.local/lib/python3.12/site-packages/airflow/example_dags/example_python_decorator.py
[2025-12-14T04:24:58.588+0000] {processor.py:840} INFO - DAG(s) 'example_python_decorator' retrieved from /home/airflow/.local/lib/python3.12/site-packages/airflow/example_dags/example_python_decorator.py
[2025-12-14T04:24:58.608+0000] {logging_mixin.py:188} INFO - [2025-12-14T04:24:58.608+0000] {dag.py:3089} INFO - Sync 1 DAGs
[2025-12-14T04:24:58.619+0000] {logging_mixin.py:188} INFO - [2025-12-14T04:24:58.619+0000] {dag.py:3947} INFO - Setting next_dagrun for example_python_decorator to None, run_after=None
[2025-12-14T04:24:58.637+0000] {processor.py:183} INFO - Processing /home/airflow/.local/lib/python3.12/site-packages/airflow/example_dags/example_python_decorator.py took 0.068 seconds
[2025-12-14T04:25:29.459+0000] {processor.py:161} INFO - Started process (PID=668) to work on /home/airflow/.local/lib/python3.12/site-packages/airflow/example_dags/example_python_decorator.py
[2025-12-14T04:25:29.459+0000] {processor.py:830} INFO - Processing file /home/airflow/.local/lib/python3.12/site-packages/airflow/example_dags/example_python_decorator.py for tasks to queue
[2025-12-14T04:25:29.461+0000] {logging_mixin.py:188} INFO - [2025-12-14T04:25:29.461+0000] {dagbag.py:545} INFO - Filling up the DagBag from /home/airflow/.local/lib/python3.12/site-packages/airflow/example_dags/example_python_decorator.py
[2025-12-14T04:25:29.472+0000] {processor.py:840} INFO - DAG(s) 'example_python_decorator' retrieved from /home/airflow/.local/lib/python3.12/site-packages/airflow/example_dags/example_python_decorator.py
[2025-12-14T04:25:29.493+0000] {logging_mixin.py:188} INFO - [2025-12-14T04:25:29.492+0000] {dag.py:3089} INFO - Sync 1 DAGs
[2025-12-14T04:25:29.503+0000] {logging_mixin.py:188} INFO - [2025-12-14T04:25:29.503+0000] {dag.py:3947} INFO - Setting next_dagrun for example_python_decorator to None, run_after=None
[2025-12-14T04:25:29.521+0000] {processor.py:183} INFO - Processing /home/airflow/.local/lib/python3.12/site-packages/airflow/example_dags/example_python_decorator.py took 0.067 seconds
[2025-12-14T04:26:00.084+0000] {processor.py:161} INFO - Started process (PID=726) to work on /home/airflow/.local/lib/python3.12/site-packages/airflow/example_dags/example_python_decorator.py
[2025-12-14T04:26:00.085+0000] {processor.py:830} INFO - Processing file /home/airflow/.local/lib/python3.12/site-packages/airflow/example_dags/example_python_decorator.py for tasks to queue
[2025-12-14T04:26:00.086+0000] {logging_mixin.py:188} INFO - [2025-12-14T04:26:00.086+0000] {dagbag.py:545} INFO - Filling up the DagBag from /home/airflow/.local/lib/python3.12/site-packages/airflow/example_dags/example_python_decorator.py
[2025-12-14T04:26:00.097+0000] {processor.py:840} INFO - DAG(s) 'example_python_decorator' retrieved from /home/airflow/.local/lib/python3.12/site-packages/airflow/example_dags/example_python_decorator.py
[2025-12-14T04:26:00.116+0000] {logging_mixin.py:188} INFO - [2025-12-14T04:26:00.116+0000] {dag.py:3089} INFO - Sync 1 DAGs
[2025-12-14T04:26:00.127+0000] {logging_mixin.py:188} INFO - [2025-12-14T04:26:00.127+0000] {dag.py:3947} INFO - Setting next_dagrun for example_python_decorator to None, run_after=None
[2025-12-14T04:26:00.145+0000] {processor.py:183} INFO - Processing /home/airflow/.local/lib/python3.12/site-packages/airflow/example_dags/example_python_decorator.py took 0.066 seconds
[2025-12-14T04:26:30.808+0000] {processor.py:161} INFO - Started process (PID=784) to work on /home/airflow/.local/lib/python3.12/site-packages/airflow/example_dags/example_python_decorator.py
[2025-12-14T04:26:30.809+0000] {processor.py:830} INFO - Processing file /home/airflow/.local/lib/python3.12/site-packages/airflow/example_dags/example_python_decorator.py for tasks to queue
[2025-12-14T04:26:30.811+0000] {logging_mixin.py:188} INFO - [2025-12-14T04:26:30.811+0000] {dagbag.py:545} INFO - Filling up the DagBag from /home/airflow/.local/lib/python3.12/site-packages/airflow/example_dags/example_python_decorator.py
[2025-12-14T04:26:30.822+0000] {processor.py:840} INFO - DAG(s) 'example_python_decorator' retrieved from /home/airflow/.local/lib/python3.12/site-packages/airflow/example_dags/example_python_decorator.py
[2025-12-14T04:26:30.841+0000] {logging_mixin.py:188} INFO - [2025-12-14T04:26:30.841+0000] {dag.py:3089} INFO - Sync 1 DAGs
[2025-12-14T04:26:30.852+0000] {logging_mixin.py:188} INFO - [2025-12-14T04:26:30.852+0000] {dag.py:3947} INFO - Setting next_dagrun for example_python_decorator to None, run_after=None
[2025-12-14T04:26:30.869+0000] {processor.py:183} INFO - Processing /home/airflow/.local/lib/python3.12/site-packages/airflow/example_dags/example_python_decorator.py took 0.066 seconds
[2025-12-14T04:27:01.517+0000] {processor.py:161} INFO - Started process (PID=842) to work on /home/airflow/.local/lib/python3.12/site-packages/airflow/example_dags/example_python_decorator.py
[2025-12-14T04:27:01.518+0000] {processor.py:830} INFO - Processing file /home/airflow/.local/lib/python3.12/site-packages/airflow/example_dags/example_python_decorator.py for tasks to queue
[2025-12-14T04:27:01.520+0000] {logging_mixin.py:188} INFO - [2025-12-14T04:27:01.519+0000] {dagbag.py:545} INFO - Filling up the DagBag from /home/airflow/.local/lib/python3.12/site-packages/airflow/example_dags/example_python_decorator.py
[2025-12-14T04:27:01.532+0000] {processor.py:840} INFO - DAG(s) 'example_python_decorator' retrieved from /home/airflow/.local/lib/python3.12/site-packages/airflow/example_dags/example_python_decorator.py
[2025-12-14T04:27:01.550+0000] {logging_mixin.py:188} INFO - [2025-12-14T04:27:01.550+0000] {dag.py:3089} INFO - Sync 1 DAGs
[2025-12-14T04:27:01.561+0000] {logging_mixin.py:188} INFO - [2025-12-14T04:27:01.561+0000] {dag.py:3947} INFO - Setting next_dagrun for example_python_decorator to None, run_after=None
[2025-12-14T04:27:01.579+0000] {processor.py:183} INFO - Processing /home/airflow/.local/lib/python3.12/site-packages/airflow/example_dags/example_python_decorator.py took 0.068 seconds
[2025-12-14T04:27:32.298+0000] {processor.py:161} INFO - Started process (PID=900) to work on /home/airflow/.local/lib/python3.12/site-packages/airflow/example_dags/example_python_decorator.py
[2025-12-14T04:27:32.299+0000] {processor.py:830} INFO - Processing file /home/airflow/.local/lib/python3.12/site-packages/airflow/example_dags/example_python_decorator.py for tasks to queue
[2025-12-14T04:27:32.300+0000] {logging_mixin.py:188} INFO - [2025-12-14T04:27:32.300+0000] {dagbag.py:545} INFO - Filling up the DagBag from /home/airflow/.local/lib/python3.12/site-packages/airflow/example_dags/example_python_decorator.py
[2025-12-14T04:27:32.312+0000] {processor.py:840} INFO - DAG(s) 'example_python_decorator' retrieved from /home/airflow/.local/lib/python3.12/site-packages/airflow/example_dags/example_python_decorator.py
[2025-12-14T04:27:32.330+0000] {logging_mixin.py:188} INFO - [2025-12-14T04:27:32.330+0000] {dag.py:3089} INFO - Sync 1 DAGs
[2025-12-14T04:27:32.340+0000] {logging_mixin.py:188} INFO - [2025-12-14T04:27:32.340+0000] {dag.py:3947} INFO - Setting next_dagrun for example_python_decorator to None, run_after=None
[2025-12-14T04:27:32.356+0000] {processor.py:183} INFO - Processing /home/airflow/.local/lib/python3.12/site-packages/airflow/example_dags/example_python_decorator.py took 0.063 seconds
[2025-12-14T04:28:03.072+0000] {processor.py:161} INFO - Started process (PID=958) to work on /home/airflow/.local/lib/python3.12/site-packages/airflow/example_dags/example_python_decorator.py
[2025-12-14T04:28:03.073+0000] {processor.py:830} INFO - Processing file /home/airflow/.local/lib/python3.12/site-packages/airflow/example_dags/example_python_decorator.py for tasks to queue
[2025-12-14T04:28:03.075+0000] {logging_mixin.py:188} INFO - [2025-12-14T04:28:03.075+0000] {dagbag.py:545} INFO - Filling up the DagBag from /home/airflow/.local/lib/python3.12/site-packages/airflow/example_dags/example_python_decorator.py
[2025-12-14T04:28:03.086+0000] {processor.py:840} INFO - DAG(s) 'example_python_decorator' retrieved from /home/airflow/.local/lib/python3.12/site-packages/airflow/example_dags/example_python_decorator.py
[2025-12-14T04:28:03.107+0000] {logging_mixin.py:188} INFO - [2025-12-14T04:28:03.107+0000] {dag.py:3089} INFO - Sync 1 DAGs
[2025-12-14T04:28:03.118+0000] {logging_mixin.py:188} INFO - [2025-12-14T04:28:03.118+0000] {dag.py:3947} INFO - Setting next_dagrun for example_python_decorator to None, run_after=None
[2025-12-14T04:28:03.136+0000] {processor.py:183} INFO - Processing /home/airflow/.local/lib/python3.12/site-packages/airflow/example_dags/example_python_decorator.py took 0.069 seconds
[2025-12-14T04:28:33.743+0000] {processor.py:161} INFO - Started process (PID=1016) to work on /home/airflow/.local/lib/python3.12/site-packages/airflow/example_dags/example_python_decorator.py
[2025-12-14T04:28:33.744+0000] {processor.py:830} INFO - Processing file /home/airflow/.local/lib/python3.12/site-packages/airflow/example_dags/example_python_decorator.py for tasks to queue
[2025-12-14T04:28:33.746+0000] {logging_mixin.py:188} INFO - [2025-12-14T04:28:33.746+0000] {dagbag.py:545} INFO - Filling up the DagBag from /home/airflow/.local/lib/python3.12/site-packages/airflow/example_dags/example_python_decorator.py
[2025-12-14T04:28:33.757+0000] {processor.py:840} INFO - DAG(s) 'example_python_decorator' retrieved from /home/airflow/.local/lib/python3.12/site-packages/airflow/example_dags/example_python_decorator.py
[2025-12-14T04:28:33.778+0000] {logging_mixin.py:188} INFO - [2025-12-14T04:28:33.778+0000] {dag.py:3089} INFO - Sync 1 DAGs
[2025-12-14T04:28:33.790+0000] {logging_mixin.py:188} INFO - [2025-12-14T04:28:33.790+0000] {dag.py:3947} INFO - Setting next_dagrun for example_python_decorator to None, run_after=None
[2025-12-14T04:28:33.809+0000] {processor.py:183} INFO - Processing /home/airflow/.local/lib/python3.12/site-packages/airflow/example_dags/example_python_decorator.py took 0.070 seconds
[2025-12-14T04:29:04.605+0000] {processor.py:161} INFO - Started process (PID=1074) to work on /home/airflow/.local/lib/python3.12/site-packages/airflow/example_dags/example_python_decorator.py
[2025-12-14T04:29:04.606+0000] {processor.py:830} INFO - Processing file /home/airflow/.local/lib/python3.12/site-packages/airflow/example_dags/example_python_decorator.py for tasks to queue
[2025-12-14T04:29:04.608+0000] {logging_mixin.py:188} INFO - [2025-12-14T04:29:04.608+0000] {dagbag.py:545} INFO - Filling up the DagBag from /home/airflow/.local/lib/python3.12/site-packages/airflow/example_dags/example_python_decorator.py
[2025-12-14T04:29:04.620+0000] {processor.py:840} INFO - DAG(s) 'example_python_decorator' retrieved from /home/airflow/.local/lib/python3.12/site-packages/airflow/example_dags/example_python_decorator.py
[2025-12-14T04:29:04.640+0000] {logging_mixin.py:188} INFO - [2025-12-14T04:29:04.640+0000] {dag.py:3089} INFO - Sync 1 DAGs
[2025-12-14T04:29:04.652+0000] {logging_mixin.py:188} INFO - [2025-12-14T04:29:04.652+0000] {dag.py:3947} INFO - Setting next_dagrun for example_python_decorator to None, run_after=None
[2025-12-14T04:29:04.671+0000] {processor.py:183} INFO - Processing /home/airflow/.local/lib/python3.12/site-packages/airflow/example_dags/example_python_decorator.py took 0.071 seconds
[2025-12-14T04:29:35.524+0000] {processor.py:161} INFO - Started process (PID=1132) to work on /home/airflow/.local/lib/python3.12/site-packages/airflow/example_dags/example_python_decorator.py
[2025-12-14T04:29:35.525+0000] {processor.py:830} INFO - Processing file /home/airflow/.local/lib/python3.12/site-packages/airflow/example_dags/example_python_decorator.py for tasks to queue
[2025-12-14T04:29:35.526+0000] {logging_mixin.py:188} INFO - [2025-12-14T04:29:35.526+0000] {dagbag.py:545} INFO - Filling up the DagBag from /home/airflow/.local/lib/python3.12/site-packages/airflow/example_dags/example_python_decorator.py
[2025-12-14T04:29:35.537+0000] {processor.py:840} INFO - DAG(s) 'example_python_decorator' retrieved from /home/airflow/.local/lib/python3.12/site-packages/airflow/example_dags/example_python_decorator.py
[2025-12-14T04:29:35.557+0000] {logging_mixin.py:188} INFO - [2025-12-14T04:29:35.557+0000] {dag.py:3089} INFO - Sync 1 DAGs
[2025-12-14T04:29:35.569+0000] {logging_mixin.py:188} INFO - [2025-12-14T04:29:35.568+0000] {dag.py:3947} INFO - Setting next_dagrun for example_python_decorator to None, run_after=None
[2025-12-14T04:29:35.586+0000] {processor.py:183} INFO - Processing /home/airflow/.local/lib/python3.12/site-packages/airflow/example_dags/example_python_decorator.py took 0.068 seconds
[2025-12-14T04:30:06.417+0000] {processor.py:161} INFO - Started process (PID=1190) to work on /home/airflow/.local/lib/python3.12/site-packages/airflow/example_dags/example_python_decorator.py
[2025-12-14T04:30:06.419+0000] {processor.py:830} INFO - Processing file /home/airflow/.local/lib/python3.12/site-packages/airflow/example_dags/example_python_decorator.py for tasks to queue
[2025-12-14T04:30:06.420+0000] {logging_mixin.py:188} INFO - [2025-12-14T04:30:06.420+0000] {dagbag.py:545} INFO - Filling up the DagBag from /home/airflow/.local/lib/python3.12/site-packages/airflow/example_dags/example_python_decorator.py
[2025-12-14T04:30:06.434+0000] {processor.py:840} INFO - DAG(s) 'example_python_decorator' retrieved from /home/airflow/.local/lib/python3.12/site-packages/airflow/example_dags/example_python_decorator.py
[2025-12-14T04:30:06.458+0000] {logging_mixin.py:188} INFO - [2025-12-14T04:30:06.457+0000] {dag.py:3089} INFO - Sync 1 DAGs
[2025-12-14T04:30:06.472+0000] {logging_mixin.py:188} INFO - [2025-12-14T04:30:06.472+0000] {dag.py:3947} INFO - Setting next_dagrun for example_python_decorator to None, run_after=None
[2025-12-14T04:30:06.493+0000] {processor.py:183} INFO - Processing /home/airflow/.local/lib/python3.12/site-packages/airflow/example_dags/example_python_decorator.py took 0.082 seconds
[2025-12-14T04:30:37.613+0000] {processor.py:161} INFO - Started process (PID=1248) to work on /home/airflow/.local/lib/python3.12/site-packages/airflow/example_dags/example_python_decorator.py
[2025-12-14T04:30:37.614+0000] {processor.py:830} INFO - Processing file /home/airflow/.local/lib/python3.12/site-packages/airflow/example_dags/example_python_decorator.py for tasks to queue
[2025-12-14T04:30:37.616+0000] {logging_mixin.py:188} INFO - [2025-12-14T04:30:37.616+0000] {dagbag.py:545} INFO - Filling up the DagBag from /home/airflow/.local/lib/python3.12/site-packages/airflow/example_dags/example_python_decorator.py
[2025-12-14T04:30:37.629+0000] {processor.py:840} INFO - DAG(s) 'example_python_decorator' retrieved from /home/airflow/.local/lib/python3.12/site-packages/airflow/example_dags/example_python_decorator.py
[2025-12-14T04:30:37.652+0000] {logging_mixin.py:188} INFO - [2025-12-14T04:30:37.652+0000] {dag.py:3089} INFO - Sync 1 DAGs
[2025-12-14T04:30:37.665+0000] {logging_mixin.py:188} INFO - [2025-12-14T04:30:37.665+0000] {dag.py:3947} INFO - Setting next_dagrun for example_python_decorator to None, run_after=None
[2025-12-14T04:30:37.684+0000] {processor.py:183} INFO - Processing /home/airflow/.local/lib/python3.12/site-packages/airflow/example_dags/example_python_decorator.py took 0.077 seconds
[2025-12-14T04:31:07.792+0000] {processor.py:161} INFO - Started process (PID=1306) to work on /home/airflow/.local/lib/python3.12/site-packages/airflow/example_dags/example_python_decorator.py
[2025-12-14T04:31:07.793+0000] {processor.py:830} INFO - Processing file /home/airflow/.local/lib/python3.12/site-packages/airflow/example_dags/example_python_decorator.py for tasks to queue
[2025-12-14T04:31:07.794+0000] {logging_mixin.py:188} INFO - [2025-12-14T04:31:07.794+0000] {dagbag.py:545} INFO - Filling up the DagBag from /home/airflow/.local/lib/python3.12/site-packages/airflow/example_dags/example_python_decorator.py
[2025-12-14T04:31:07.806+0000] {processor.py:840} INFO - DAG(s) 'example_python_decorator' retrieved from /home/airflow/.local/lib/python3.12/site-packages/airflow/example_dags/example_python_decorator.py
[2025-12-14T04:31:07.826+0000] {logging_mixin.py:188} INFO - [2025-12-14T04:31:07.826+0000] {dag.py:3089} INFO - Sync 1 DAGs
[2025-12-14T04:31:07.837+0000] {logging_mixin.py:188} INFO - [2025-12-14T04:31:07.837+0000] {dag.py:3947} INFO - Setting next_dagrun for example_python_decorator to None, run_after=None
[2025-12-14T04:31:07.856+0000] {processor.py:183} INFO - Processing /home/airflow/.local/lib/python3.12/site-packages/airflow/example_dags/example_python_decorator.py took 0.069 seconds
[2025-12-14T04:31:37.941+0000] {processor.py:161} INFO - Started process (PID=1364) to work on /home/airflow/.local/lib/python3.12/site-packages/airflow/example_dags/example_python_decorator.py
[2025-12-14T04:31:37.942+0000] {processor.py:830} INFO - Processing file /home/airflow/.local/lib/python3.12/site-packages/airflow/example_dags/example_python_decorator.py for tasks to queue
[2025-12-14T04:31:37.944+0000] {logging_mixin.py:188} INFO - [2025-12-14T04:31:37.943+0000] {dagbag.py:545} INFO - Filling up the DagBag from /home/airflow/.local/lib/python3.12/site-packages/airflow/example_dags/example_python_decorator.py
[2025-12-14T04:31:37.954+0000] {processor.py:840} INFO - DAG(s) 'example_python_decorator' retrieved from /home/airflow/.local/lib/python3.12/site-packages/airflow/example_dags/example_python_decorator.py
[2025-12-14T04:31:37.976+0000] {logging_mixin.py:188} INFO - [2025-12-14T04:31:37.976+0000] {dag.py:3089} INFO - Sync 1 DAGs
[2025-12-14T04:31:37.987+0000] {logging_mixin.py:188} INFO - [2025-12-14T04:31:37.987+0000] {dag.py:3947} INFO - Setting next_dagrun for example_python_decorator to None, run_after=None
[2025-12-14T04:31:38.005+0000] {processor.py:183} INFO - Processing /home/airflow/.local/lib/python3.12/site-packages/airflow/example_dags/example_python_decorator.py took 0.069 seconds
[2025-12-14T08:41:07.752+0000] {processor.py:161} INFO - Started process (PID=88) to work on /home/airflow/.local/lib/python3.12/site-packages/airflow/example_dags/example_python_decorator.py
[2025-12-14T08:41:07.754+0000] {processor.py:830} INFO - Processing file /home/airflow/.local/lib/python3.12/site-packages/airflow/example_dags/example_python_decorator.py for tasks to queue
[2025-12-14T08:41:07.757+0000] {logging_mixin.py:188} INFO - [2025-12-14T08:41:07.756+0000] {dagbag.py:545} INFO - Filling up the DagBag from /home/airflow/.local/lib/python3.12/site-packages/airflow/example_dags/example_python_decorator.py
[2025-12-14T08:41:07.788+0000] {processor.py:840} INFO - DAG(s) 'example_python_decorator' retrieved from /home/airflow/.local/lib/python3.12/site-packages/airflow/example_dags/example_python_decorator.py
[2025-12-14T08:41:07.810+0000] {logging_mixin.py:188} INFO - [2025-12-14T08:41:07.810+0000] {dag.py:3089} INFO - Sync 1 DAGs
[2025-12-14T08:41:07.830+0000] {logging_mixin.py:188} INFO - [2025-12-14T08:41:07.829+0000] {dag.py:3947} INFO - Setting next_dagrun for example_python_decorator to None, run_after=None
[2025-12-14T08:41:07.851+0000] {processor.py:183} INFO - Processing /home/airflow/.local/lib/python3.12/site-packages/airflow/example_dags/example_python_decorator.py took 0.108 seconds
[2025-12-14T08:41:38.369+0000] {processor.py:161} INFO - Started process (PID=146) to work on /home/airflow/.local/lib/python3.12/site-packages/airflow/example_dags/example_python_decorator.py
[2025-12-14T08:41:38.370+0000] {processor.py:830} INFO - Processing file /home/airflow/.local/lib/python3.12/site-packages/airflow/example_dags/example_python_decorator.py for tasks to queue
[2025-12-14T08:41:38.371+0000] {logging_mixin.py:188} INFO - [2025-12-14T08:41:38.371+0000] {dagbag.py:545} INFO - Filling up the DagBag from /home/airflow/.local/lib/python3.12/site-packages/airflow/example_dags/example_python_decorator.py
[2025-12-14T08:41:38.383+0000] {processor.py:840} INFO - DAG(s) 'example_python_decorator' retrieved from /home/airflow/.local/lib/python3.12/site-packages/airflow/example_dags/example_python_decorator.py
[2025-12-14T08:41:38.474+0000] {logging_mixin.py:188} INFO - [2025-12-14T08:41:38.473+0000] {dag.py:3089} INFO - Sync 1 DAGs
[2025-12-14T08:41:38.484+0000] {logging_mixin.py:188} INFO - [2025-12-14T08:41:38.484+0000] {dag.py:3947} INFO - Setting next_dagrun for example_python_decorator to None, run_after=None
[2025-12-14T08:41:38.503+0000] {processor.py:183} INFO - Processing /home/airflow/.local/lib/python3.12/site-packages/airflow/example_dags/example_python_decorator.py took 0.139 seconds
[2025-12-14T08:42:08.556+0000] {processor.py:161} INFO - Started process (PID=204) to work on /home/airflow/.local/lib/python3.12/site-packages/airflow/example_dags/example_python_decorator.py
[2025-12-14T08:42:08.557+0000] {processor.py:830} INFO - Processing file /home/airflow/.local/lib/python3.12/site-packages/airflow/example_dags/example_python_decorator.py for tasks to queue
[2025-12-14T08:42:08.559+0000] {logging_mixin.py:188} INFO - [2025-12-14T08:42:08.558+0000] {dagbag.py:545} INFO - Filling up the DagBag from /home/airflow/.local/lib/python3.12/site-packages/airflow/example_dags/example_python_decorator.py
[2025-12-14T08:42:08.570+0000] {processor.py:840} INFO - DAG(s) 'example_python_decorator' retrieved from /home/airflow/.local/lib/python3.12/site-packages/airflow/example_dags/example_python_decorator.py
[2025-12-14T08:42:08.590+0000] {logging_mixin.py:188} INFO - [2025-12-14T08:42:08.589+0000] {dag.py:3089} INFO - Sync 1 DAGs
[2025-12-14T08:42:08.604+0000] {logging_mixin.py:188} INFO - [2025-12-14T08:42:08.604+0000] {dag.py:3947} INFO - Setting next_dagrun for example_python_decorator to None, run_after=None
[2025-12-14T08:42:08.631+0000] {processor.py:183} INFO - Processing /home/airflow/.local/lib/python3.12/site-packages/airflow/example_dags/example_python_decorator.py took 0.079 seconds
[2025-12-14T08:42:39.123+0000] {processor.py:161} INFO - Started process (PID=261) to work on /home/airflow/.local/lib/python3.12/site-packages/airflow/example_dags/example_python_decorator.py
[2025-12-14T08:42:39.124+0000] {processor.py:830} INFO - Processing file /home/airflow/.local/lib/python3.12/site-packages/airflow/example_dags/example_python_decorator.py for tasks to queue
[2025-12-14T08:42:39.126+0000] {logging_mixin.py:188} INFO - [2025-12-14T08:42:39.126+0000] {dagbag.py:545} INFO - Filling up the DagBag from /home/airflow/.local/lib/python3.12/site-packages/airflow/example_dags/example_python_decorator.py
[2025-12-14T08:42:39.141+0000] {processor.py:840} INFO - DAG(s) 'example_python_decorator' retrieved from /home/airflow/.local/lib/python3.12/site-packages/airflow/example_dags/example_python_decorator.py
[2025-12-14T08:42:39.178+0000] {logging_mixin.py:188} INFO - [2025-12-14T08:42:39.178+0000] {dag.py:3089} INFO - Sync 1 DAGs
[2025-12-14T08:42:39.191+0000] {logging_mixin.py:188} INFO - [2025-12-14T08:42:39.190+0000] {dag.py:3947} INFO - Setting next_dagrun for example_python_decorator to None, run_after=None
[2025-12-14T08:42:39.211+0000] {processor.py:183} INFO - Processing /home/airflow/.local/lib/python3.12/site-packages/airflow/example_dags/example_python_decorator.py took 0.093 seconds
[2025-12-14T08:43:09.470+0000] {processor.py:161} INFO - Started process (PID=320) to work on /home/airflow/.local/lib/python3.12/site-packages/airflow/example_dags/example_python_decorator.py
[2025-12-14T08:43:09.471+0000] {processor.py:830} INFO - Processing file /home/airflow/.local/lib/python3.12/site-packages/airflow/example_dags/example_python_decorator.py for tasks to queue
[2025-12-14T08:43:09.473+0000] {logging_mixin.py:188} INFO - [2025-12-14T08:43:09.473+0000] {dagbag.py:545} INFO - Filling up the DagBag from /home/airflow/.local/lib/python3.12/site-packages/airflow/example_dags/example_python_decorator.py
[2025-12-14T08:43:09.484+0000] {processor.py:840} INFO - DAG(s) 'example_python_decorator' retrieved from /home/airflow/.local/lib/python3.12/site-packages/airflow/example_dags/example_python_decorator.py
[2025-12-14T08:43:09.502+0000] {logging_mixin.py:188} INFO - [2025-12-14T08:43:09.502+0000] {dag.py:3089} INFO - Sync 1 DAGs
[2025-12-14T08:43:09.512+0000] {logging_mixin.py:188} INFO - [2025-12-14T08:43:09.512+0000] {dag.py:3947} INFO - Setting next_dagrun for example_python_decorator to None, run_after=None
[2025-12-14T08:43:09.530+0000] {processor.py:183} INFO - Processing /home/airflow/.local/lib/python3.12/site-packages/airflow/example_dags/example_python_decorator.py took 0.065 seconds
[2025-12-14T08:43:40.262+0000] {processor.py:161} INFO - Started process (PID=379) to work on /home/airflow/.local/lib/python3.12/site-packages/airflow/example_dags/example_python_decorator.py
[2025-12-14T08:43:40.263+0000] {processor.py:830} INFO - Processing file /home/airflow/.local/lib/python3.12/site-packages/airflow/example_dags/example_python_decorator.py for tasks to queue
[2025-12-14T08:43:40.265+0000] {logging_mixin.py:188} INFO - [2025-12-14T08:43:40.265+0000] {dagbag.py:545} INFO - Filling up the DagBag from /home/airflow/.local/lib/python3.12/site-packages/airflow/example_dags/example_python_decorator.py
[2025-12-14T08:43:40.278+0000] {processor.py:840} INFO - DAG(s) 'example_python_decorator' retrieved from /home/airflow/.local/lib/python3.12/site-packages/airflow/example_dags/example_python_decorator.py
[2025-12-14T08:43:40.299+0000] {logging_mixin.py:188} INFO - [2025-12-14T08:43:40.298+0000] {dag.py:3089} INFO - Sync 1 DAGs
[2025-12-14T08:43:40.311+0000] {logging_mixin.py:188} INFO - [2025-12-14T08:43:40.311+0000] {dag.py:3947} INFO - Setting next_dagrun for example_python_decorator to None, run_after=None
[2025-12-14T08:43:40.329+0000] {processor.py:183} INFO - Processing /home/airflow/.local/lib/python3.12/site-packages/airflow/example_dags/example_python_decorator.py took 0.072 seconds
[2025-12-14T09:34:04.519+0000] {processor.py:161} INFO - Started process (PID=82) to work on /home/airflow/.local/lib/python3.12/site-packages/airflow/example_dags/example_python_decorator.py
[2025-12-14T09:34:04.520+0000] {processor.py:830} INFO - Processing file /home/airflow/.local/lib/python3.12/site-packages/airflow/example_dags/example_python_decorator.py for tasks to queue
[2025-12-14T09:34:04.522+0000] {logging_mixin.py:188} INFO - [2025-12-14T09:34:04.522+0000] {dagbag.py:545} INFO - Filling up the DagBag from /home/airflow/.local/lib/python3.12/site-packages/airflow/example_dags/example_python_decorator.py
[2025-12-14T09:34:04.538+0000] {processor.py:840} INFO - DAG(s) 'example_python_decorator' retrieved from /home/airflow/.local/lib/python3.12/site-packages/airflow/example_dags/example_python_decorator.py
[2025-12-14T09:34:04.551+0000] {logging_mixin.py:188} INFO - [2025-12-14T09:34:04.551+0000] {dag.py:3089} INFO - Sync 1 DAGs
[2025-12-14T09:34:04.565+0000] {logging_mixin.py:188} INFO - [2025-12-14T09:34:04.565+0000] {dag.py:3947} INFO - Setting next_dagrun for example_python_decorator to None, run_after=None
[2025-12-14T09:34:04.593+0000] {processor.py:183} INFO - Processing /home/airflow/.local/lib/python3.12/site-packages/airflow/example_dags/example_python_decorator.py took 0.081 seconds
[2025-12-14T14:28:53.630+0000] {processor.py:161} INFO - Started process (PID=82) to work on /home/airflow/.local/lib/python3.12/site-packages/airflow/example_dags/example_python_decorator.py
[2025-12-14T14:28:53.632+0000] {processor.py:830} INFO - Processing file /home/airflow/.local/lib/python3.12/site-packages/airflow/example_dags/example_python_decorator.py for tasks to queue
[2025-12-14T14:28:53.635+0000] {logging_mixin.py:188} INFO - [2025-12-14T14:28:53.634+0000] {dagbag.py:545} INFO - Filling up the DagBag from /home/airflow/.local/lib/python3.12/site-packages/airflow/example_dags/example_python_decorator.py
[2025-12-14T14:28:53.655+0000] {processor.py:840} INFO - DAG(s) 'example_python_decorator' retrieved from /home/airflow/.local/lib/python3.12/site-packages/airflow/example_dags/example_python_decorator.py
[2025-12-14T14:28:53.674+0000] {logging_mixin.py:188} INFO - [2025-12-14T14:28:53.673+0000] {dag.py:3089} INFO - Sync 1 DAGs
[2025-12-14T14:28:53.693+0000] {logging_mixin.py:188} INFO - [2025-12-14T14:28:53.693+0000] {dag.py:3947} INFO - Setting next_dagrun for example_python_decorator to None, run_after=None
[2025-12-14T14:28:53.725+0000] {processor.py:183} INFO - Processing /home/airflow/.local/lib/python3.12/site-packages/airflow/example_dags/example_python_decorator.py took 0.104 seconds
[2025-12-14T14:29:24.629+0000] {processor.py:161} INFO - Started process (PID=140) to work on /home/airflow/.local/lib/python3.12/site-packages/airflow/example_dags/example_python_decorator.py
[2025-12-14T14:29:24.630+0000] {processor.py:830} INFO - Processing file /home/airflow/.local/lib/python3.12/site-packages/airflow/example_dags/example_python_decorator.py for tasks to queue
[2025-12-14T14:29:24.632+0000] {logging_mixin.py:188} INFO - [2025-12-14T14:29:24.632+0000] {dagbag.py:545} INFO - Filling up the DagBag from /home/airflow/.local/lib/python3.12/site-packages/airflow/example_dags/example_python_decorator.py
[2025-12-14T14:29:24.647+0000] {processor.py:840} INFO - DAG(s) 'example_python_decorator' retrieved from /home/airflow/.local/lib/python3.12/site-packages/airflow/example_dags/example_python_decorator.py
[2025-12-14T14:29:24.746+0000] {logging_mixin.py:188} INFO - [2025-12-14T14:29:24.745+0000] {dag.py:3089} INFO - Sync 1 DAGs
[2025-12-14T14:29:24.757+0000] {logging_mixin.py:188} INFO - [2025-12-14T14:29:24.757+0000] {dag.py:3947} INFO - Setting next_dagrun for example_python_decorator to None, run_after=None
[2025-12-14T14:29:24.778+0000] {processor.py:183} INFO - Processing /home/airflow/.local/lib/python3.12/site-packages/airflow/example_dags/example_python_decorator.py took 0.156 seconds
