[2026-01-01T08:55:46.395+0000] {local_task_job_runner.py:120} INFO - ::group::Pre task execution logs
[2026-01-01T08:55:46.436+0000] {taskinstance.py:2076} INFO - Dependencies all met for dep_context=non-requeueable deps ti=<TaskInstance: thongtin_cty_bctc.ingest_overview manual__2026-01-01T00:00:00+00:00 map_index=65 [queued]>
[2026-01-01T08:55:46.466+0000] {taskinstance.py:2076} INFO - Dependencies all met for dep_context=requeueable deps ti=<TaskInstance: thongtin_cty_bctc.ingest_overview manual__2026-01-01T00:00:00+00:00 map_index=65 [queued]>
[2026-01-01T08:55:46.466+0000] {taskinstance.py:2306} INFO - Starting attempt 1 of 2
[2026-01-01T08:55:46.485+0000] {taskinstance.py:2330} INFO - Executing <Mapped(DfToCsvOperator): ingest_overview> on 2026-01-01 00:00:00+00:00
[2026-01-01T08:55:46.496+0000] {warnings.py:112} WARNING - This process (pid=3154) is multi-threaded, use of fork() may lead to deadlocks in the child.

[2026-01-01T08:55:46.498+0000] {standard_task_runner.py:64} INFO - Started process 3208 to run task
[2026-01-01T08:55:46.499+0000] {standard_task_runner.py:90} INFO - Running: ['***', 'tasks', 'run', 'thongtin_cty_bctc', 'ingest_overview', 'manual__2026-01-01T00:00:00+00:00', '--job-id', '4039', '--raw', '--subdir', 'DAGS_FOLDER/tt_cty_bctc.py', '--cfg-path', '/tmp/tmpzi_6iowx', '--map-index', '65']
[2026-01-01T08:55:46.501+0000] {standard_task_runner.py:91} INFO - Job 4039: Subtask ingest_overview
[2026-01-01T08:55:46.548+0000] {task_command.py:426} INFO - Running <TaskInstance: thongtin_cty_bctc.ingest_overview manual__2026-01-01T00:00:00+00:00 map_index=65 [running]> on host b455963a0603
[2026-01-01T08:55:46.662+0000] {taskinstance.py:2648} INFO - Exporting env vars: AIRFLOW_CTX_DAG_OWNER='***' AIRFLOW_CTX_DAG_ID='thongtin_cty_bctc' AIRFLOW_CTX_TASK_ID='ingest_overview' AIRFLOW_CTX_EXECUTION_DATE='2026-01-01T00:00:00+00:00' AIRFLOW_CTX_TRY_NUMBER='1' AIRFLOW_CTX_DAG_RUN_ID='manual__2026-01-01T00:00:00+00:00'
[2026-01-01T08:55:46.664+0000] {taskinstance.py:430} INFO - ::endgroup::
[2026-01-01T08:55:47.016+0000] {warnings.py:112} WARNING - DataFrame.applymap has been deprecated. Use DataFrame.map instead.

[2026-01-01T08:55:48.314+0000] {warnings.py:112} WARNING - DataFrame.applymap has been deprecated. Use DataFrame.map instead.

[2026-01-01T08:55:53.871+0000] {logging_mixin.py:188} INFO - Err overview VAT: RetryError[<Future at 0x7f2684c8c410 state=finished raised AttributeError>]
[2026-01-01T08:55:54.894+0000] {base.py:84} INFO - Using connection ID 'minio_finance' for task execution.
[2026-01-01T08:55:54.895+0000] {connection_wrapper.py:384} INFO - AWS Connection (conn_id='minio_finance', conn_type='aws') credentials retrieved from login and password.
[2026-01-01T08:55:55.263+0000] {datalake_df2csv.py:53} INFO - ✅ Đã upload 2 dòng -> s3://thongtin-congty-va-bctc/overview/2026-01-01/batch_65.csv
[2026-01-01T08:55:55.264+0000] {taskinstance.py:441} INFO - ::group::Post task execution logs
[2026-01-01T08:55:55.285+0000] {taskinstance.py:1206} INFO - Marking task as SUCCESS. dag_id=thongtin_cty_bctc, task_id=ingest_overview, run_id=manual__2026-01-01T00:00:00+00:00, map_index=65, execution_date=20260101T000000, start_date=20260101T085546, end_date=20260101T085555
[2026-01-01T08:55:55.348+0000] {local_task_job_runner.py:243} INFO - Task exited with return code 0
[2026-01-01T08:55:55.584+0000] {taskinstance.py:3503} INFO - 0 downstream tasks scheduled from follow-on schedule check
[2026-01-01T08:55:55.587+0000] {local_task_job_runner.py:222} INFO - ::endgroup::
