[2026-01-11T13:10:52.596+0000] {local_task_job_runner.py:120} INFO - ::group::Pre task execution logs
[2026-01-11T13:10:52.622+0000] {taskinstance.py:2076} INFO - Dependencies all met for dep_context=non-requeueable deps ti=<TaskInstance: company_overview_to_minio.ingest_overview manual__2026-01-11T12:56:17.061685+00:00 map_index=49 [queued]>
[2026-01-11T13:10:52.637+0000] {taskinstance.py:2076} INFO - Dependencies all met for dep_context=requeueable deps ti=<TaskInstance: company_overview_to_minio.ingest_overview manual__2026-01-11T12:56:17.061685+00:00 map_index=49 [queued]>
[2026-01-11T13:10:52.637+0000] {taskinstance.py:2306} INFO - Starting attempt 1 of 2
[2026-01-11T13:10:52.651+0000] {taskinstance.py:2330} INFO - Executing <Mapped(DfToCsvOperator): ingest_overview> on 2026-01-11 12:56:17.061685+00:00
[2026-01-11T13:10:52.660+0000] {warnings.py:112} WARNING - This process (pid=3730) is multi-threaded, use of fork() may lead to deadlocks in the child.

[2026-01-11T13:10:52.662+0000] {standard_task_runner.py:64} INFO - Started process 3795 to run task
[2026-01-11T13:10:52.664+0000] {standard_task_runner.py:90} INFO - Running: ['***', 'tasks', 'run', 'company_overview_to_minio', 'ingest_overview', 'manual__2026-01-11T12:56:17.061685+00:00', '--job-id', '10614', '--raw', '--subdir', 'DAGS_FOLDER/company_overview_to_minio.py', '--cfg-path', '/tmp/tmpr1_fx2ul', '--map-index', '49']
[2026-01-11T13:10:52.666+0000] {standard_task_runner.py:91} INFO - Job 10614: Subtask ingest_overview
[2026-01-11T13:10:52.707+0000] {task_command.py:426} INFO - Running <TaskInstance: company_overview_to_minio.ingest_overview manual__2026-01-11T12:56:17.061685+00:00 map_index=49 [running]> on host 09a10a568fe6
[2026-01-11T13:10:52.805+0000] {taskinstance.py:2648} INFO - Exporting env vars: AIRFLOW_CTX_DAG_OWNER='***' AIRFLOW_CTX_DAG_ID='company_overview_to_minio' AIRFLOW_CTX_TASK_ID='ingest_overview' AIRFLOW_CTX_EXECUTION_DATE='2026-01-11T12:56:17.061685+00:00' AIRFLOW_CTX_TRY_NUMBER='1' AIRFLOW_CTX_DAG_RUN_ID='manual__2026-01-11T12:56:17.061685+00:00'
[2026-01-11T13:10:52.806+0000] {taskinstance.py:430} INFO - ::endgroup::
[2026-01-11T13:10:53.905+0000] {warnings.py:112} WARNING - DataFrame.applymap has been deprecated. Use DataFrame.map instead.

[2026-01-11T13:10:55.115+0000] {warnings.py:112} WARNING - DataFrame.applymap has been deprecated. Use DataFrame.map instead.

[2026-01-11T13:10:56.331+0000] {warnings.py:112} WARNING - DataFrame.applymap has been deprecated. Use DataFrame.map instead.

[2026-01-11T13:10:57.542+0000] {warnings.py:112} WARNING - DataFrame.applymap has been deprecated. Use DataFrame.map instead.

[2026-01-11T13:11:02.877+0000] {logging_mixin.py:188} INFO - Err overview KHL: RetryError[<Future at 0x7f6ea6600dd0 state=finished raised AttributeError>]
[2026-01-11T13:11:15.904+0000] {log.py:232} WARNING - 2026-01-11 13:11:15 - vnstock.core.utils.client - ERROR - API request failed: HTTPSConnectionPool(host='trading.vietcap.com.vn', port=443): Max retries exceeded with url: /data-mt/graphql (Caused by NameResolutionError("<urllib3.connection.HTTPSConnection object at 0x7f6ea02579b0>: Failed to resolve 'trading.vietcap.com.vn' ([Errno -3] Temporary failure in name resolution)"))
[2026-01-11T13:11:15.896+0000] {client.py:414} ERROR - API request failed: HTTPSConnectionPool(host='trading.vietcap.com.vn', port=443): Max retries exceeded with url: /data-mt/graphql (Caused by NameResolutionError("<urllib3.connection.HTTPSConnection object at 0x7f6ea02579b0>: Failed to resolve 'trading.vietcap.com.vn' ([Errno -3] Temporary failure in name resolution)"))
[2026-01-11T13:11:15.959+0000] {logging_mixin.py:188} INFO - Err overview KHG: API request failed: HTTPSConnectionPool(host='trading.vietcap.com.vn', port=443): Max retries exceeded with url: /data-mt/graphql (Caused by NameResolutionError("<urllib3.connection.HTTPSConnection object at 0x7f6ea02579b0>: Failed to resolve 'trading.vietcap.com.vn' ([Errno -3] Temporary failure in name resolution)"))
[2026-01-11T13:11:17.444+0000] {warnings.py:112} WARNING - DataFrame.applymap has been deprecated. Use DataFrame.map instead.

[2026-01-11T13:11:18.608+0000] {warnings.py:112} WARNING - DataFrame.applymap has been deprecated. Use DataFrame.map instead.

[2026-01-11T13:11:29.625+0000] {log.py:232} WARNING - 2026-01-11 13:11:29 - vnstock.core.utils.client - ERROR - API request failed: HTTPSConnectionPool(host='trading.vietcap.com.vn', port=443): Max retries exceeded with url: /data-mt/graphql (Caused by NameResolutionError("<urllib3.connection.HTTPSConnection object at 0x7f6ea02ba180>: Failed to resolve 'trading.vietcap.com.vn' ([Errno -3] Temporary failure in name resolution)"))
[2026-01-11T13:11:29.625+0000] {client.py:414} ERROR - API request failed: HTTPSConnectionPool(host='trading.vietcap.com.vn', port=443): Max retries exceeded with url: /data-mt/graphql (Caused by NameResolutionError("<urllib3.connection.HTTPSConnection object at 0x7f6ea02ba180>: Failed to resolve 'trading.vietcap.com.vn' ([Errno -3] Temporary failure in name resolution)"))
[2026-01-11T13:11:29.626+0000] {logging_mixin.py:188} INFO - Err overview KHA: API request failed: HTTPSConnectionPool(host='trading.vietcap.com.vn', port=443): Max retries exceeded with url: /data-mt/graphql (Caused by NameResolutionError("<urllib3.connection.HTTPSConnection object at 0x7f6ea02ba180>: Failed to resolve 'trading.vietcap.com.vn' ([Errno -3] Temporary failure in name resolution)"))
[2026-01-11T13:11:39.592+0000] {log.py:232} WARNING - 2026-01-11 13:11:39 - vnstock.core.utils.client - ERROR - API request failed: HTTPSConnectionPool(host='trading.vietcap.com.vn', port=443): Max retries exceeded with url: /data-mt/graphql (Caused by NameResolutionError("<urllib3.connection.HTTPSConnection object at 0x7f6e925a9fd0>: Failed to resolve 'trading.vietcap.com.vn' ([Errno -3] Temporary failure in name resolution)"))
[2026-01-11T13:11:39.592+0000] {client.py:414} ERROR - API request failed: HTTPSConnectionPool(host='trading.vietcap.com.vn', port=443): Max retries exceeded with url: /data-mt/graphql (Caused by NameResolutionError("<urllib3.connection.HTTPSConnection object at 0x7f6e925a9fd0>: Failed to resolve 'trading.vietcap.com.vn' ([Errno -3] Temporary failure in name resolution)"))
[2026-01-11T13:11:39.595+0000] {logging_mixin.py:188} INFO - Err overview KGM: API request failed: HTTPSConnectionPool(host='trading.vietcap.com.vn', port=443): Max retries exceeded with url: /data-mt/graphql (Caused by NameResolutionError("<urllib3.connection.HTTPSConnection object at 0x7f6e925a9fd0>: Failed to resolve 'trading.vietcap.com.vn' ([Errno -3] Temporary failure in name resolution)"))
[2026-01-11T13:11:40.917+0000] {warnings.py:112} WARNING - DataFrame.applymap has been deprecated. Use DataFrame.map instead.

[2026-01-11T13:11:42.166+0000] {warnings.py:112} WARNING - DataFrame.applymap has been deprecated. Use DataFrame.map instead.

[2026-01-11T13:11:43.599+0000] {warnings.py:112} WARNING - DataFrame.applymap has been deprecated. Use DataFrame.map instead.

[2026-01-11T13:11:44.782+0000] {warnings.py:112} WARNING - DataFrame.applymap has been deprecated. Use DataFrame.map instead.

[2026-01-11T13:11:46.352+0000] {warnings.py:112} WARNING - DataFrame.applymap has been deprecated. Use DataFrame.map instead.

[2026-01-11T13:11:47.620+0000] {warnings.py:112} WARNING - DataFrame.applymap has been deprecated. Use DataFrame.map instead.

[2026-01-11T13:11:52.899+0000] {logging_mixin.py:188} INFO - Err overview KAC: RetryError[<Future at 0x7f6ea03a5730 state=finished raised AttributeError>]
[2026-01-11T13:11:54.254+0000] {warnings.py:112} WARNING - DataFrame.applymap has been deprecated. Use DataFrame.map instead.

[2026-01-11T13:11:56.557+0000] {warnings.py:112} WARNING - DataFrame.applymap has been deprecated. Use DataFrame.map instead.

[2026-01-11T13:11:58.070+0000] {warnings.py:112} WARNING - DataFrame.applymap has been deprecated. Use DataFrame.map instead.

[2026-01-11T13:11:59.101+0000] {base.py:84} INFO - Using connection ID 'minio_finance' for task execution.
[2026-01-11T13:11:59.101+0000] {connection_wrapper.py:384} INFO - AWS Connection (conn_id='minio_finance', conn_type='aws') credentials retrieved from login and password.
[2026-01-11T13:11:59.553+0000] {datalake_df2csv.py:52} INFO - ✅ Đã upload 15 dòng -> s3://thongtin-congty-va-bctc/overview/date=2026-01-11/batch_49.csv
[2026-01-11T13:11:59.553+0000] {taskinstance.py:441} INFO - ::group::Post task execution logs
[2026-01-11T13:11:59.564+0000] {taskinstance.py:1206} INFO - Marking task as SUCCESS. dag_id=company_overview_to_minio, task_id=ingest_overview, run_id=manual__2026-01-11T12:56:17.061685+00:00, map_index=49, execution_date=20260111T125617, start_date=20260111T131052, end_date=20260111T131159
[2026-01-11T13:11:59.602+0000] {local_task_job_runner.py:243} INFO - Task exited with return code 0
[2026-01-11T13:11:59.642+0000] {taskinstance.py:3503} INFO - 0 downstream tasks scheduled from follow-on schedule check
[2026-01-11T13:11:59.644+0000] {local_task_job_runner.py:222} INFO - ::endgroup::
