[2026-01-01T02:34:38.991+0000] {local_task_job_runner.py:120} INFO - ::group::Pre task execution logs
[2026-01-01T02:34:39.076+0000] {taskinstance.py:2076} INFO - Dependencies all met for dep_context=non-requeueable deps ti=<TaskInstance: thongtin_cty_bctc.ingest_bctc scheduled__2025-12-30T00:00:00+00:00 map_index=6 [queued]>
[2026-01-01T02:34:39.147+0000] {taskinstance.py:2076} INFO - Dependencies all met for dep_context=requeueable deps ti=<TaskInstance: thongtin_cty_bctc.ingest_bctc scheduled__2025-12-30T00:00:00+00:00 map_index=6 [queued]>
[2026-01-01T02:34:39.147+0000] {taskinstance.py:2306} INFO - Starting attempt 3 of 4
[2026-01-01T02:34:39.172+0000] {taskinstance.py:2330} INFO - Executing <Mapped(DfToCsvOperator): ingest_bctc> on 2025-12-30 00:00:00+00:00
[2026-01-01T02:34:39.191+0000] {warnings.py:112} WARNING - This process (pid=14911) is multi-threaded, use of fork() may lead to deadlocks in the child.

[2026-01-01T02:34:39.195+0000] {standard_task_runner.py:64} INFO - Started process 15077 to run task
[2026-01-01T02:34:39.198+0000] {standard_task_runner.py:90} INFO - Running: ['***', 'tasks', 'run', 'thongtin_cty_bctc', 'ingest_bctc', 'scheduled__2025-12-30T00:00:00+00:00', '--job-id', '1900', '--raw', '--subdir', 'DAGS_FOLDER/tt_cty_bctc.py', '--cfg-path', '/tmp/tmpih4fhqzl', '--map-index', '6']
[2026-01-01T02:34:39.201+0000] {standard_task_runner.py:91} INFO - Job 1900: Subtask ingest_bctc
[2026-01-01T02:34:39.345+0000] {task_command.py:426} INFO - Running <TaskInstance: thongtin_cty_bctc.ingest_bctc scheduled__2025-12-30T00:00:00+00:00 map_index=6 [running]> on host 43b0a0f7606b
[2026-01-01T02:34:39.645+0000] {taskinstance.py:2648} INFO - Exporting env vars: AIRFLOW_CTX_DAG_OWNER='***' AIRFLOW_CTX_DAG_ID='thongtin_cty_bctc' AIRFLOW_CTX_TASK_ID='ingest_bctc' AIRFLOW_CTX_EXECUTION_DATE='2025-12-30T00:00:00+00:00' AIRFLOW_CTX_TRY_NUMBER='3' AIRFLOW_CTX_DAG_RUN_ID='scheduled__2025-12-30T00:00:00+00:00'
[2026-01-01T02:34:39.652+0000] {taskinstance.py:430} INFO - ::endgroup::
[2026-01-01T02:34:39.672+0000] {logging_mixin.py:188} INFO - Bắt đầu xử lý batch 20 mã: ['VIN', 'VIM', 'VIH', 'VIG', 'VIF', 'VIE', 'VID', 'VIC', 'VIB', 'VHM', 'VHL', 'VHI', 'VHH', 'VHG', 'VHF', 'VHE', 'VHD', 'VHC', 'VGV', 'VGT']
[2026-01-01T02:34:39.672+0000] {logging_mixin.py:188} INFO -  >> Đang lấy dữ liệu: VIN
[2026-01-01T02:34:39.865+0000] {logging_mixin.py:188} INFO -  Lỗi xử lý mã VIN: Failed to fetch data: 429 - Too Many Requests
[2026-01-01T02:34:39.867+0000] {logging_mixin.py:188} INFO -  >> Đang lấy dữ liệu: VIM
[2026-01-01T02:34:40.009+0000] {logging_mixin.py:188} INFO -  Lỗi xử lý mã VIM: Failed to fetch data: 429 - Too Many Requests
[2026-01-01T02:34:40.010+0000] {logging_mixin.py:188} INFO -  >> Đang lấy dữ liệu: VIH
[2026-01-01T02:34:40.139+0000] {logging_mixin.py:188} INFO -  Lỗi xử lý mã VIH: Failed to fetch data: 429 - Too Many Requests
[2026-01-01T02:34:40.140+0000] {logging_mixin.py:188} INFO -  >> Đang lấy dữ liệu: VIG
[2026-01-01T02:34:40.311+0000] {logging_mixin.py:188} INFO -  Lỗi xử lý mã VIG: Failed to fetch data: 429 - Too Many Requests
[2026-01-01T02:34:40.312+0000] {logging_mixin.py:188} INFO -  >> Đang lấy dữ liệu: VIF
[2026-01-01T02:34:40.485+0000] {logging_mixin.py:188} INFO -  Lỗi xử lý mã VIF: Failed to fetch data: 429 - Too Many Requests
[2026-01-01T02:34:40.487+0000] {logging_mixin.py:188} INFO -  >> Đang lấy dữ liệu: VIE
[2026-01-01T02:34:40.625+0000] {logging_mixin.py:188} INFO -  Lỗi xử lý mã VIE: Failed to fetch data: 429 - Too Many Requests
[2026-01-01T02:34:40.626+0000] {logging_mixin.py:188} INFO -  >> Đang lấy dữ liệu: VID
[2026-01-01T02:34:40.777+0000] {logging_mixin.py:188} INFO -  Lỗi xử lý mã VID: Failed to fetch data: 429 - Too Many Requests
[2026-01-01T02:34:40.778+0000] {logging_mixin.py:188} INFO -  >> Đang lấy dữ liệu: VIC
[2026-01-01T02:34:40.905+0000] {logging_mixin.py:188} INFO -  Lỗi xử lý mã VIC: Failed to fetch data: 429 - Too Many Requests
[2026-01-01T02:34:40.906+0000] {logging_mixin.py:188} INFO -  >> Đang lấy dữ liệu: VIB
[2026-01-01T02:34:41.055+0000] {logging_mixin.py:188} INFO -  Lỗi xử lý mã VIB: Failed to fetch data: 429 - Too Many Requests
[2026-01-01T02:34:41.056+0000] {logging_mixin.py:188} INFO -  >> Đang lấy dữ liệu: VHM
[2026-01-01T02:34:41.203+0000] {logging_mixin.py:188} INFO -  Lỗi xử lý mã VHM: Failed to fetch data: 429 - Too Many Requests
[2026-01-01T02:34:41.204+0000] {logging_mixin.py:188} INFO -  >> Đang lấy dữ liệu: VHL
[2026-01-01T02:34:41.351+0000] {logging_mixin.py:188} INFO -  Lỗi xử lý mã VHL: Failed to fetch data: 429 - Too Many Requests
[2026-01-01T02:34:41.352+0000] {logging_mixin.py:188} INFO -  >> Đang lấy dữ liệu: VHI
[2026-01-01T02:34:41.494+0000] {logging_mixin.py:188} INFO -  Lỗi xử lý mã VHI: Failed to fetch data: 429 - Too Many Requests
[2026-01-01T02:34:41.496+0000] {logging_mixin.py:188} INFO -  >> Đang lấy dữ liệu: VHH
[2026-01-01T02:34:41.670+0000] {logging_mixin.py:188} INFO -  Lỗi xử lý mã VHH: Failed to fetch data: 429 - Too Many Requests
[2026-01-01T02:34:41.671+0000] {logging_mixin.py:188} INFO -  >> Đang lấy dữ liệu: VHG
[2026-01-01T02:34:41.800+0000] {logging_mixin.py:188} INFO -  Lỗi xử lý mã VHG: Failed to fetch data: 429 - Too Many Requests
[2026-01-01T02:34:41.801+0000] {logging_mixin.py:188} INFO -  >> Đang lấy dữ liệu: VHF
[2026-01-01T02:34:41.962+0000] {logging_mixin.py:188} INFO -  Lỗi xử lý mã VHF: Failed to fetch data: 429 - Too Many Requests
[2026-01-01T02:34:41.963+0000] {logging_mixin.py:188} INFO -  >> Đang lấy dữ liệu: VHE
[2026-01-01T02:34:42.180+0000] {logging_mixin.py:188} INFO -  Lỗi xử lý mã VHE: Failed to fetch data: 429 - Too Many Requests
[2026-01-01T02:34:42.181+0000] {logging_mixin.py:188} INFO -  >> Đang lấy dữ liệu: VHD
[2026-01-01T02:34:42.350+0000] {logging_mixin.py:188} INFO -  Lỗi xử lý mã VHD: Failed to fetch data: 429 - Too Many Requests
[2026-01-01T02:34:42.351+0000] {logging_mixin.py:188} INFO -  >> Đang lấy dữ liệu: VHC
[2026-01-01T02:34:42.501+0000] {logging_mixin.py:188} INFO -  Lỗi xử lý mã VHC: Failed to fetch data: 429 - Too Many Requests
[2026-01-01T02:34:42.502+0000] {logging_mixin.py:188} INFO -  >> Đang lấy dữ liệu: VGV
[2026-01-01T02:34:42.674+0000] {logging_mixin.py:188} INFO -  Lỗi xử lý mã VGV: Failed to fetch data: 429 - Too Many Requests
[2026-01-01T02:34:42.675+0000] {logging_mixin.py:188} INFO -  >> Đang lấy dữ liệu: VGT
[2026-01-01T02:34:42.834+0000] {logging_mixin.py:188} INFO -  Lỗi xử lý mã VGT: Failed to fetch data: 429 - Too Many Requests
[2026-01-01T02:34:42.835+0000] {logging_mixin.py:188} INFO -  ⚠ Batch này không thu được dữ liệu nào.
[2026-01-01T02:34:42.839+0000] {datalake_df2csv.py:40} INFO - DataFrame rỗng, bỏ qua upload CSV.
[2026-01-01T02:34:42.840+0000] {taskinstance.py:441} INFO - ::group::Post task execution logs
[2026-01-01T02:34:42.853+0000] {taskinstance.py:1206} INFO - Marking task as SUCCESS. dag_id=thongtin_cty_bctc, task_id=ingest_bctc, run_id=scheduled__2025-12-30T00:00:00+00:00, map_index=6, execution_date=20251230T000000, start_date=20260101T023439, end_date=20260101T023442
[2026-01-01T02:34:42.914+0000] {local_task_job_runner.py:243} INFO - Task exited with return code 0
[2026-01-01T02:34:42.939+0000] {taskinstance.py:3503} INFO - 0 downstream tasks scheduled from follow-on schedule check
[2026-01-01T02:34:42.942+0000] {local_task_job_runner.py:222} INFO - ::endgroup::
