[2026-01-01T02:17:02.946+0000] {local_task_job_runner.py:120} INFO - ::group::Pre task execution logs
[2026-01-01T02:17:03.035+0000] {taskinstance.py:2076} INFO - Dependencies all met for dep_context=non-requeueable deps ti=<TaskInstance: thongtin_cty_bctc.ingest_bctc scheduled__2025-12-31T00:00:00+00:00 map_index=240 [queued]>
[2026-01-01T02:17:03.351+0000] {taskinstance.py:2076} INFO - Dependencies all met for dep_context=requeueable deps ti=<TaskInstance: thongtin_cty_bctc.ingest_bctc scheduled__2025-12-31T00:00:00+00:00 map_index=240 [queued]>
[2026-01-01T02:17:03.352+0000] {taskinstance.py:2306} INFO - Starting attempt 1 of 2
[2026-01-01T02:17:03.378+0000] {taskinstance.py:2330} INFO - Executing <Mapped(DfToCsvOperator): ingest_bctc> on 2025-12-31 00:00:00+00:00
[2026-01-01T02:17:03.396+0000] {warnings.py:112} WARNING - This process (pid=8716) is multi-threaded, use of fork() may lead to deadlocks in the child.

[2026-01-01T02:17:03.399+0000] {standard_task_runner.py:64} INFO - Started process 8855 to run task
[2026-01-01T02:17:03.401+0000] {standard_task_runner.py:90} INFO - Running: ['***', 'tasks', 'run', 'thongtin_cty_bctc', 'ingest_bctc', 'scheduled__2025-12-31T00:00:00+00:00', '--job-id', '1351', '--raw', '--subdir', 'DAGS_FOLDER/tt_cty_bctc.py', '--cfg-path', '/tmp/tmpsa3am561', '--map-index', '240']
[2026-01-01T02:17:03.404+0000] {standard_task_runner.py:91} INFO - Job 1351: Subtask ingest_bctc
[2026-01-01T02:17:03.490+0000] {task_command.py:426} INFO - Running <TaskInstance: thongtin_cty_bctc.ingest_bctc scheduled__2025-12-31T00:00:00+00:00 map_index=240 [running]> on host 43b0a0f7606b
[2026-01-01T02:17:03.656+0000] {taskinstance.py:2648} INFO - Exporting env vars: AIRFLOW_CTX_DAG_OWNER='***' AIRFLOW_CTX_DAG_ID='thongtin_cty_bctc' AIRFLOW_CTX_TASK_ID='ingest_bctc' AIRFLOW_CTX_EXECUTION_DATE='2025-12-31T00:00:00+00:00' AIRFLOW_CTX_TRY_NUMBER='1' AIRFLOW_CTX_DAG_RUN_ID='scheduled__2025-12-31T00:00:00+00:00'
[2026-01-01T02:17:03.658+0000] {taskinstance.py:430} INFO - ::endgroup::
[2026-01-01T02:17:03.669+0000] {logging_mixin.py:188} INFO - Bắt đầu xử lý batch 5 mã: ['GTA', 'GSP', 'GSM', 'GQN', 'GPC']
[2026-01-01T02:17:03.670+0000] {logging_mixin.py:188} INFO -  >> Đang lấy dữ liệu: GTA
[2026-01-01T02:17:03.784+0000] {logging_mixin.py:188} INFO -  Lỗi xử lý mã GTA: Failed to fetch data: 429 - Too Many Requests
[2026-01-01T02:17:03.785+0000] {logging_mixin.py:188} INFO -  >> Đang lấy dữ liệu: GSP
[2026-01-01T02:17:03.900+0000] {logging_mixin.py:188} INFO -  Lỗi xử lý mã GSP: Failed to fetch data: 429 - Too Many Requests
[2026-01-01T02:17:03.901+0000] {logging_mixin.py:188} INFO -  >> Đang lấy dữ liệu: GSM
[2026-01-01T02:17:04.015+0000] {logging_mixin.py:188} INFO -  Lỗi xử lý mã GSM: Failed to fetch data: 429 - Too Many Requests
[2026-01-01T02:17:04.016+0000] {logging_mixin.py:188} INFO -  >> Đang lấy dữ liệu: GQN
[2026-01-01T02:17:04.268+0000] {logging_mixin.py:188} INFO -  Lỗi xử lý mã GQN: Failed to fetch data: 429 - Too Many Requests
[2026-01-01T02:17:04.269+0000] {logging_mixin.py:188} INFO -  >> Đang lấy dữ liệu: GPC
[2026-01-01T02:17:04.415+0000] {logging_mixin.py:188} INFO -  Lỗi xử lý mã GPC: Failed to fetch data: 429 - Too Many Requests
[2026-01-01T02:17:04.416+0000] {logging_mixin.py:188} INFO -  ⚠ Batch này không thu được dữ liệu nào.
[2026-01-01T02:17:04.420+0000] {datalake_df2csv.py:40} INFO - DataFrame rỗng, bỏ qua upload CSV.
[2026-01-01T02:17:04.421+0000] {taskinstance.py:441} INFO - ::group::Post task execution logs
[2026-01-01T02:17:04.435+0000] {taskinstance.py:1206} INFO - Marking task as SUCCESS. dag_id=thongtin_cty_bctc, task_id=ingest_bctc, run_id=scheduled__2025-12-31T00:00:00+00:00, map_index=240, execution_date=20251231T000000, start_date=20260101T021703, end_date=20260101T021704
[2026-01-01T02:17:04.505+0000] {local_task_job_runner.py:243} INFO - Task exited with return code 0
[2026-01-01T02:17:04.522+0000] {local_task_job_runner.py:222} INFO - ::endgroup::
