[2026-01-11T03:23:22.925+0000] {local_task_job_runner.py:120} INFO - ::group::Pre task execution logs
[2026-01-11T03:23:22.953+0000] {taskinstance.py:2076} INFO - Dependencies all met for dep_context=non-requeueable deps ti=<TaskInstance: bctc.ingest_bctc scheduled__2026-01-04T00:00:00+00:00 map_index=32 [queued]>
[2026-01-11T03:23:22.965+0000] {taskinstance.py:2076} INFO - Dependencies all met for dep_context=requeueable deps ti=<TaskInstance: bctc.ingest_bctc scheduled__2026-01-04T00:00:00+00:00 map_index=32 [queued]>
[2026-01-11T03:23:22.966+0000] {taskinstance.py:2306} INFO - Starting attempt 1 of 2
[2026-01-11T03:23:22.984+0000] {taskinstance.py:2330} INFO - Executing <Mapped(DfToCsvOperator): ingest_bctc> on 2026-01-04 00:00:00+00:00
[2026-01-11T03:23:22.995+0000] {warnings.py:112} WARNING - This process (pid=2819) is multi-threaded, use of fork() may lead to deadlocks in the child.

[2026-01-11T03:23:22.996+0000] {standard_task_runner.py:64} INFO - Started process 2869 to run task
[2026-01-11T03:23:23.000+0000] {standard_task_runner.py:90} INFO - Running: ['***', 'tasks', 'run', 'bctc', 'ingest_bctc', 'scheduled__2026-01-04T00:00:00+00:00', '--job-id', '9855', '--raw', '--subdir', 'DAGS_FOLDER/tt_cty_bctc.py', '--cfg-path', '/tmp/tmpl_x6vmxh', '--map-index', '32']
[2026-01-11T03:23:23.002+0000] {standard_task_runner.py:91} INFO - Job 9855: Subtask ingest_bctc
[2026-01-11T03:23:23.064+0000] {task_command.py:426} INFO - Running <TaskInstance: bctc.ingest_bctc scheduled__2026-01-04T00:00:00+00:00 map_index=32 [running]> on host 3f2af93df813
[2026-01-11T03:23:23.182+0000] {taskinstance.py:2648} INFO - Exporting env vars: AIRFLOW_CTX_DAG_OWNER='***' AIRFLOW_CTX_DAG_ID='bctc' AIRFLOW_CTX_TASK_ID='ingest_bctc' AIRFLOW_CTX_EXECUTION_DATE='2026-01-04T00:00:00+00:00' AIRFLOW_CTX_TRY_NUMBER='1' AIRFLOW_CTX_DAG_RUN_ID='scheduled__2026-01-04T00:00:00+00:00'
[2026-01-11T03:23:23.183+0000] {taskinstance.py:430} INFO - ::endgroup::
[2026-01-11T03:23:23.191+0000] {logging_mixin.py:188} INFO - Bắt đầu xử lý batch 20 mã: ['PSN', 'PSL', 'PSI', 'PSH', 'PSG', 'PSE', 'PSD', 'PSC', 'PSB', 'PRT', 'PRO', 'PRE', 'PRC', 'PQN', 'PPY', 'PPT', 'PPS', 'PPP', 'PPI', 'PPH']
[2026-01-11T03:23:23.192+0000] {logging_mixin.py:188} INFO -  >> Đang lấy dữ liệu: PSN
[2026-01-11T03:23:23.294+0000] {logging_mixin.py:188} INFO -  Lỗi xử lý mã PSN: Failed to fetch data: 429 - Too Many Requests
[2026-01-11T03:23:23.295+0000] {logging_mixin.py:188} INFO -  >> Đang lấy dữ liệu: PSL
[2026-01-11T03:23:23.420+0000] {logging_mixin.py:188} INFO -  Lỗi xử lý mã PSL: Failed to fetch data: 429 - Too Many Requests
[2026-01-11T03:23:23.421+0000] {logging_mixin.py:188} INFO -  >> Đang lấy dữ liệu: PSI
[2026-01-11T03:23:23.836+0000] {logging_mixin.py:188} INFO -  Lỗi xử lý mã PSI: Failed to fetch data: 429 - Too Many Requests
[2026-01-11T03:23:23.837+0000] {logging_mixin.py:188} INFO -  >> Đang lấy dữ liệu: PSH
[2026-01-11T03:23:23.979+0000] {logging_mixin.py:188} INFO -  Lỗi xử lý mã PSH: Failed to fetch data: 429 - Too Many Requests
[2026-01-11T03:23:23.980+0000] {logging_mixin.py:188} INFO -  >> Đang lấy dữ liệu: PSG
[2026-01-11T03:23:24.340+0000] {logging_mixin.py:188} INFO -  Lỗi xử lý mã PSG: Failed to fetch data: 429 - Too Many Requests
[2026-01-11T03:23:24.341+0000] {logging_mixin.py:188} INFO -  >> Đang lấy dữ liệu: PSE
[2026-01-11T03:23:24.439+0000] {logging_mixin.py:188} INFO -  Lỗi xử lý mã PSE: Failed to fetch data: 429 - Too Many Requests
[2026-01-11T03:23:24.440+0000] {logging_mixin.py:188} INFO -  >> Đang lấy dữ liệu: PSD
[2026-01-11T03:23:24.532+0000] {logging_mixin.py:188} INFO -  Lỗi xử lý mã PSD: Failed to fetch data: 429 - Too Many Requests
[2026-01-11T03:23:24.533+0000] {logging_mixin.py:188} INFO -  >> Đang lấy dữ liệu: PSC
[2026-01-11T03:23:25.449+0000] {logging_mixin.py:188} INFO -  Lỗi xử lý mã PSC: Failed to fetch data: 429 - Too Many Requests
[2026-01-11T03:23:25.450+0000] {logging_mixin.py:188} INFO -  >> Đang lấy dữ liệu: PSB
[2026-01-11T03:23:25.699+0000] {logging_mixin.py:188} INFO -  Lỗi xử lý mã PSB: Failed to fetch data: 429 - Too Many Requests
[2026-01-11T03:23:25.700+0000] {logging_mixin.py:188} INFO -  >> Đang lấy dữ liệu: PRT
[2026-01-11T03:23:25.804+0000] {logging_mixin.py:188} INFO -  Lỗi xử lý mã PRT: Failed to fetch data: 429 - Too Many Requests
[2026-01-11T03:23:25.805+0000] {logging_mixin.py:188} INFO -  >> Đang lấy dữ liệu: PRO
[2026-01-11T03:23:26.294+0000] {logging_mixin.py:188} INFO -  Lỗi xử lý mã PRO: Failed to fetch data: 429 - Too Many Requests
[2026-01-11T03:23:26.295+0000] {logging_mixin.py:188} INFO -  >> Đang lấy dữ liệu: PRE
[2026-01-11T03:23:26.638+0000] {logging_mixin.py:188} INFO -  Lỗi xử lý mã PRE: Failed to fetch data: 429 - Too Many Requests
[2026-01-11T03:23:26.639+0000] {logging_mixin.py:188} INFO -  >> Đang lấy dữ liệu: PRC
[2026-01-11T03:23:26.738+0000] {logging_mixin.py:188} INFO -  Lỗi xử lý mã PRC: Failed to fetch data: 429 - Too Many Requests
[2026-01-11T03:23:26.740+0000] {logging_mixin.py:188} INFO -  >> Đang lấy dữ liệu: PQN
[2026-01-11T03:23:26.856+0000] {logging_mixin.py:188} INFO -  Lỗi xử lý mã PQN: Failed to fetch data: 429 - Too Many Requests
[2026-01-11T03:23:26.857+0000] {logging_mixin.py:188} INFO -  >> Đang lấy dữ liệu: PPY
[2026-01-11T03:23:26.972+0000] {logging_mixin.py:188} INFO -  Lỗi xử lý mã PPY: Failed to fetch data: 429 - Too Many Requests
[2026-01-11T03:23:26.973+0000] {logging_mixin.py:188} INFO -  >> Đang lấy dữ liệu: PPT
[2026-01-11T03:23:27.081+0000] {logging_mixin.py:188} INFO -  Lỗi xử lý mã PPT: Failed to fetch data: 429 - Too Many Requests
[2026-01-11T03:23:27.082+0000] {logging_mixin.py:188} INFO -  >> Đang lấy dữ liệu: PPS
[2026-01-11T03:23:27.252+0000] {logging_mixin.py:188} INFO -  Lỗi xử lý mã PPS: Failed to fetch data: 429 - Too Many Requests
[2026-01-11T03:23:27.254+0000] {logging_mixin.py:188} INFO -  >> Đang lấy dữ liệu: PPP
[2026-01-11T03:23:27.381+0000] {logging_mixin.py:188} INFO -  Lỗi xử lý mã PPP: Failed to fetch data: 429 - Too Many Requests
[2026-01-11T03:23:27.382+0000] {logging_mixin.py:188} INFO -  >> Đang lấy dữ liệu: PPI
[2026-01-11T03:23:27.515+0000] {logging_mixin.py:188} INFO -  Lỗi xử lý mã PPI: Failed to fetch data: 429 - Too Many Requests
[2026-01-11T03:23:27.516+0000] {logging_mixin.py:188} INFO -  >> Đang lấy dữ liệu: PPH
[2026-01-11T03:23:28.335+0000] {logging_mixin.py:188} INFO -  Lỗi xử lý mã PPH: Failed to fetch data: 429 - Too Many Requests
[2026-01-11T03:23:28.336+0000] {logging_mixin.py:188} INFO -  ⚠ Batch này không thu được dữ liệu nào.
[2026-01-11T03:23:28.339+0000] {datalake_df2csv.py:40} INFO - DataFrame rỗng, bỏ qua upload CSV.
[2026-01-11T03:23:28.340+0000] {taskinstance.py:441} INFO - ::group::Post task execution logs
[2026-01-11T03:23:28.354+0000] {taskinstance.py:1206} INFO - Marking task as SUCCESS. dag_id=bctc, task_id=ingest_bctc, run_id=scheduled__2026-01-04T00:00:00+00:00, map_index=32, execution_date=20260104T000000, start_date=20260111T032322, end_date=20260111T032328
[2026-01-11T03:23:28.710+0000] {local_task_job_runner.py:243} INFO - Task exited with return code 0
[2026-01-11T03:23:28.750+0000] {taskinstance.py:3503} INFO - 0 downstream tasks scheduled from follow-on schedule check
[2026-01-11T03:23:28.752+0000] {local_task_job_runner.py:222} INFO - ::endgroup::
