[2026-01-12T15:25:37.450+0000] {local_task_job_runner.py:120} INFO - ::group::Pre task execution logs
[2026-01-12T15:25:37.529+0000] {taskinstance.py:2076} INFO - Dependencies all met for dep_context=non-requeueable deps ti=<TaskInstance: financial_ratios_etl.ingest_financial_ratios manual__2026-01-12T15:14:43+00:00 map_index=689 [queued]>
[2026-01-12T15:25:37.608+0000] {taskinstance.py:2076} INFO - Dependencies all met for dep_context=requeueable deps ti=<TaskInstance: financial_ratios_etl.ingest_financial_ratios manual__2026-01-12T15:14:43+00:00 map_index=689 [queued]>
[2026-01-12T15:25:37.609+0000] {taskinstance.py:2306} INFO - Starting attempt 1 of 2
[2026-01-12T15:25:37.632+0000] {taskinstance.py:2330} INFO - Executing <Mapped(DfToCsvOperator): ingest_financial_ratios> on 2026-01-12 15:14:43+00:00
[2026-01-12T15:25:37.648+0000] {warnings.py:112} WARNING - This process (pid=9091) is multi-threaded, use of fork() may lead to deadlocks in the child.

[2026-01-12T15:25:37.650+0000] {standard_task_runner.py:64} INFO - Started process 9146 to run task
[2026-01-12T15:25:37.652+0000] {standard_task_runner.py:90} INFO - Running: ['***', 'tasks', 'run', 'financial_ratios_etl', 'ingest_financial_ratios', 'manual__2026-01-12T15:14:43+00:00', '--job-id', '14394', '--raw', '--subdir', 'DAGS_FOLDER/financial_ratios_etl.py', '--cfg-path', '/tmp/tmpt2b209eb', '--map-index', '689']
[2026-01-12T15:25:37.656+0000] {standard_task_runner.py:91} INFO - Job 14394: Subtask ingest_financial_ratios
[2026-01-12T15:25:37.726+0000] {task_command.py:426} INFO - Running <TaskInstance: financial_ratios_etl.ingest_financial_ratios manual__2026-01-12T15:14:43+00:00 map_index=689 [running]> on host 5a20a797a43c
[2026-01-12T15:25:37.920+0000] {taskinstance.py:2648} INFO - Exporting env vars: AIRFLOW_CTX_DAG_OWNER='***' AIRFLOW_CTX_DAG_ID='financial_ratios_etl' AIRFLOW_CTX_TASK_ID='ingest_financial_ratios' AIRFLOW_CTX_EXECUTION_DATE='2026-01-12T15:14:43+00:00' AIRFLOW_CTX_TRY_NUMBER='1' AIRFLOW_CTX_DAG_RUN_ID='manual__2026-01-12T15:14:43+00:00'
[2026-01-12T15:25:37.921+0000] {taskinstance.py:430} INFO - ::endgroup::
[2026-01-12T15:25:37.932+0000] {logging_mixin.py:188} INFO - [RATIO] Bắt đầu xử lý batch 2 mã: ['DHN', 'DHM']
[2026-01-12T15:25:37.933+0000] {logging_mixin.py:188} INFO - [RATIO] Kỳ dữ liệu: quarter
[2026-01-12T15:25:37.933+0000] {logging_mixin.py:188} INFO -  >> [RATIO] Đang lấy dữ liệu: DHN
[2026-01-12T15:25:42.713+0000] {logging_mixin.py:188} INFO - ❌ Lỗi DHN: RetryError[<Future at 0x7f68d6182de0 state=finished raised KeyError>]
[2026-01-12T15:25:42.716+0000] {logging_mixin.py:188} INFO -  ⚠️ [RATIO] DHN: No data from API
[2026-01-12T15:25:44.717+0000] {logging_mixin.py:188} INFO -  >> [RATIO] Đang lấy dữ liệu: DHM
[2026-01-12T15:25:45.514+0000] {logging_mixin.py:188} INFO -  ✓ [RATIO] DHM: 51 rows
[2026-01-12T15:25:47.515+0000] {logging_mixin.py:188} INFO -  ✅ [RATIO] Hoàn thành batch. Tổng số dòng: 51
[2026-01-12T15:25:47.541+0000] {base.py:84} INFO - Using connection ID 'minio_finance' for task execution.
[2026-01-12T15:25:47.542+0000] {connection_wrapper.py:384} INFO - AWS Connection (conn_id='minio_finance', conn_type='aws') credentials retrieved from login and password.
[2026-01-12T15:25:48.081+0000] {datalake_df2csv.py:52} INFO - ✅ Đã upload 51 dòng -> s3://thongtin-congty-va-bctc/financial_ratios/2026-01-12/batch_689.csv
[2026-01-12T15:25:48.082+0000] {taskinstance.py:441} INFO - ::group::Post task execution logs
[2026-01-12T15:25:48.093+0000] {taskinstance.py:1206} INFO - Marking task as SUCCESS. dag_id=financial_ratios_etl, task_id=ingest_financial_ratios, run_id=manual__2026-01-12T15:14:43+00:00, map_index=689, execution_date=20260112T151443, start_date=20260112T152537, end_date=20260112T152548
[2026-01-12T15:25:48.150+0000] {local_task_job_runner.py:243} INFO - Task exited with return code 0
[2026-01-12T15:25:48.167+0000] {taskinstance.py:3503} INFO - 0 downstream tasks scheduled from follow-on schedule check
[2026-01-12T15:25:48.170+0000] {local_task_job_runner.py:222} INFO - ::endgroup::
