[2026-01-01T02:17:18.215+0000] {local_task_job_runner.py:120} INFO - ::group::Pre task execution logs
[2026-01-01T02:17:18.337+0000] {taskinstance.py:2076} INFO - Dependencies all met for dep_context=non-requeueable deps ti=<TaskInstance: thongtin_cty_bctc.ingest_bctc scheduled__2025-12-31T00:00:00+00:00 map_index=250 [queued]>
[2026-01-01T02:17:18.675+0000] {taskinstance.py:2076} INFO - Dependencies all met for dep_context=requeueable deps ti=<TaskInstance: thongtin_cty_bctc.ingest_bctc scheduled__2025-12-31T00:00:00+00:00 map_index=250 [queued]>
[2026-01-01T02:17:18.679+0000] {taskinstance.py:2306} INFO - Starting attempt 1 of 2
[2026-01-01T02:17:18.701+0000] {taskinstance.py:2330} INFO - Executing <Mapped(DfToCsvOperator): ingest_bctc> on 2025-12-31 00:00:00+00:00
[2026-01-01T02:17:18.719+0000] {warnings.py:112} WARNING - This process (pid=9059) is multi-threaded, use of fork() may lead to deadlocks in the child.

[2026-01-01T02:17:18.723+0000] {standard_task_runner.py:64} INFO - Started process 9213 to run task
[2026-01-01T02:17:18.731+0000] {standard_task_runner.py:90} INFO - Running: ['***', 'tasks', 'run', 'thongtin_cty_bctc', 'ingest_bctc', 'scheduled__2025-12-31T00:00:00+00:00', '--job-id', '1384', '--raw', '--subdir', 'DAGS_FOLDER/tt_cty_bctc.py', '--cfg-path', '/tmp/tmpwzk_stma', '--map-index', '250']
[2026-01-01T02:17:18.733+0000] {standard_task_runner.py:91} INFO - Job 1384: Subtask ingest_bctc
[2026-01-01T02:17:18.828+0000] {task_command.py:426} INFO - Running <TaskInstance: thongtin_cty_bctc.ingest_bctc scheduled__2025-12-31T00:00:00+00:00 map_index=250 [running]> on host 43b0a0f7606b
[2026-01-01T02:17:19.010+0000] {taskinstance.py:2648} INFO - Exporting env vars: AIRFLOW_CTX_DAG_OWNER='***' AIRFLOW_CTX_DAG_ID='thongtin_cty_bctc' AIRFLOW_CTX_TASK_ID='ingest_bctc' AIRFLOW_CTX_EXECUTION_DATE='2025-12-31T00:00:00+00:00' AIRFLOW_CTX_TRY_NUMBER='1' AIRFLOW_CTX_DAG_RUN_ID='scheduled__2025-12-31T00:00:00+00:00'
[2026-01-01T02:17:19.012+0000] {taskinstance.py:430} INFO - ::endgroup::
[2026-01-01T02:17:19.023+0000] {logging_mixin.py:188} INFO - Bắt đầu xử lý batch 5 mã: ['FIC', 'FHS', 'FHN', 'FGL', 'FDG']
[2026-01-01T02:17:19.024+0000] {logging_mixin.py:188} INFO -  >> Đang lấy dữ liệu: FIC
[2026-01-01T02:17:19.308+0000] {logging_mixin.py:188} INFO -  Lỗi xử lý mã FIC: Failed to fetch data: 429 - Too Many Requests
[2026-01-01T02:17:19.311+0000] {logging_mixin.py:188} INFO -  >> Đang lấy dữ liệu: FHS
[2026-01-01T02:17:19.424+0000] {logging_mixin.py:188} INFO -  Lỗi xử lý mã FHS: Failed to fetch data: 429 - Too Many Requests
[2026-01-01T02:17:19.425+0000] {logging_mixin.py:188} INFO -  >> Đang lấy dữ liệu: FHN
[2026-01-01T02:17:19.543+0000] {logging_mixin.py:188} INFO -  Lỗi xử lý mã FHN: Failed to fetch data: 429 - Too Many Requests
[2026-01-01T02:17:19.544+0000] {logging_mixin.py:188} INFO -  >> Đang lấy dữ liệu: FGL
[2026-01-01T02:17:19.674+0000] {logging_mixin.py:188} INFO -  Lỗi xử lý mã FGL: Failed to fetch data: 429 - Too Many Requests
[2026-01-01T02:17:19.676+0000] {logging_mixin.py:188} INFO -  >> Đang lấy dữ liệu: FDG
[2026-01-01T02:17:19.821+0000] {logging_mixin.py:188} INFO -  Lỗi xử lý mã FDG: Failed to fetch data: 429 - Too Many Requests
[2026-01-01T02:17:19.824+0000] {logging_mixin.py:188} INFO -  ⚠ Batch này không thu được dữ liệu nào.
[2026-01-01T02:17:19.840+0000] {datalake_df2csv.py:40} INFO - DataFrame rỗng, bỏ qua upload CSV.
[2026-01-01T02:17:19.862+0000] {taskinstance.py:441} INFO - ::group::Post task execution logs
[2026-01-01T02:17:19.895+0000] {taskinstance.py:1206} INFO - Marking task as SUCCESS. dag_id=thongtin_cty_bctc, task_id=ingest_bctc, run_id=scheduled__2025-12-31T00:00:00+00:00, map_index=250, execution_date=20251231T000000, start_date=20260101T021718, end_date=20260101T021719
[2026-01-01T02:17:19.951+0000] {local_task_job_runner.py:243} INFO - Task exited with return code 0
[2026-01-01T02:17:19.969+0000] {local_task_job_runner.py:222} INFO - ::endgroup::
