[2025-12-30T01:56:35.473+0000] {local_task_job_runner.py:120} INFO - ::group::Pre task execution logs
[2025-12-30T01:56:35.537+0000] {taskinstance.py:2076} INFO - Dependencies all met for dep_context=non-requeueable deps ti=<TaskInstance: thongtin_cty_bctc.ingest_overview scheduled__2025-12-28T00:00:00+00:00 map_index=20 [queued]>
[2025-12-30T01:56:35.587+0000] {taskinstance.py:2076} INFO - Dependencies all met for dep_context=requeueable deps ti=<TaskInstance: thongtin_cty_bctc.ingest_overview scheduled__2025-12-28T00:00:00+00:00 map_index=20 [queued]>
[2025-12-30T01:56:35.628+0000] {taskinstance.py:2306} INFO - Starting attempt 1 of 2
[2025-12-30T01:56:35.678+0000] {taskinstance.py:2330} INFO - Executing <Mapped(DfToDbOperator): ingest_overview> on 2025-12-28 00:00:00+00:00
[2025-12-30T01:56:35.696+0000] {warnings.py:112} WARNING - This process (pid=718) is multi-threaded, use of fork() may lead to deadlocks in the child.

[2025-12-30T01:56:35.699+0000] {standard_task_runner.py:64} INFO - Started process 789 to run task
[2025-12-30T01:56:35.702+0000] {standard_task_runner.py:90} INFO - Running: ['***', 'tasks', 'run', 'thongtin_cty_bctc', 'ingest_overview', 'scheduled__2025-12-28T00:00:00+00:00', '--job-id', '53', '--raw', '--subdir', 'DAGS_FOLDER/tt_cty_bctc.py', '--cfg-path', '/tmp/tmpgv635ne2', '--map-index', '20']
[2025-12-30T01:56:35.704+0000] {standard_task_runner.py:91} INFO - Job 53: Subtask ingest_overview
[2025-12-30T01:56:35.789+0000] {task_command.py:426} INFO - Running <TaskInstance: thongtin_cty_bctc.ingest_overview scheduled__2025-12-28T00:00:00+00:00 map_index=20 [running]> on host c6df485552f0
[2025-12-30T01:56:36.132+0000] {taskinstance.py:2648} INFO - Exporting env vars: AIRFLOW_CTX_DAG_OWNER='***' AIRFLOW_CTX_DAG_ID='thongtin_cty_bctc' AIRFLOW_CTX_TASK_ID='ingest_overview' AIRFLOW_CTX_EXECUTION_DATE='2025-12-28T00:00:00+00:00' AIRFLOW_CTX_TRY_NUMBER='1' AIRFLOW_CTX_DAG_RUN_ID='scheduled__2025-12-28T00:00:00+00:00'
[2025-12-30T01:56:36.140+0000] {taskinstance.py:430} INFO - ::endgroup::
[2025-12-30T01:56:36.549+0000] {warnings.py:112} WARNING - DataFrame.applymap has been deprecated. Use DataFrame.map instead.

[2025-12-30T01:56:36.773+0000] {warnings.py:112} WARNING - DataFrame.applymap has been deprecated. Use DataFrame.map instead.

[2025-12-30T01:56:36.989+0000] {warnings.py:112} WARNING - DataFrame.applymap has been deprecated. Use DataFrame.map instead.

[2025-12-30T01:56:37.239+0000] {warnings.py:112} WARNING - DataFrame.applymap has been deprecated. Use DataFrame.map instead.

[2025-12-30T01:56:37.539+0000] {warnings.py:112} WARNING - DataFrame.applymap has been deprecated. Use DataFrame.map instead.

[2025-12-30T01:56:37.829+0000] {warnings.py:112} WARNING - DataFrame.applymap has been deprecated. Use DataFrame.map instead.

[2025-12-30T01:56:42.085+0000] {logging_mixin.py:188} INFO - Err overview STL: RetryError[<Future at 0x7f428f5ccfb0 state=finished raised AttributeError>]
[2025-12-30T01:56:42.259+0000] {warnings.py:112} WARNING - DataFrame.applymap has been deprecated. Use DataFrame.map instead.

[2025-12-30T01:56:42.408+0000] {warnings.py:112} WARNING - DataFrame.applymap has been deprecated. Use DataFrame.map instead.

[2025-12-30T01:56:42.590+0000] {warnings.py:112} WARNING - DataFrame.applymap has been deprecated. Use DataFrame.map instead.

[2025-12-30T01:56:42.793+0000] {warnings.py:112} WARNING - DataFrame.applymap has been deprecated. Use DataFrame.map instead.

[2025-12-30T01:56:42.981+0000] {warnings.py:112} WARNING - DataFrame.applymap has been deprecated. Use DataFrame.map instead.

[2025-12-30T01:56:43.132+0000] {warnings.py:112} WARNING - DataFrame.applymap has been deprecated. Use DataFrame.map instead.

[2025-12-30T01:56:43.286+0000] {warnings.py:112} WARNING - DataFrame.applymap has been deprecated. Use DataFrame.map instead.

[2025-12-30T01:56:43.483+0000] {warnings.py:112} WARNING - DataFrame.applymap has been deprecated. Use DataFrame.map instead.

[2025-12-30T01:56:43.678+0000] {warnings.py:112} WARNING - DataFrame.applymap has been deprecated. Use DataFrame.map instead.

[2025-12-30T01:56:43.849+0000] {warnings.py:112} WARNING - DataFrame.applymap has been deprecated. Use DataFrame.map instead.

[2025-12-30T01:56:43.993+0000] {warnings.py:112} WARNING - DataFrame.applymap has been deprecated. Use DataFrame.map instead.

[2025-12-30T01:56:44.155+0000] {warnings.py:112} WARNING - DataFrame.applymap has been deprecated. Use DataFrame.map instead.

[2025-12-30T01:56:44.310+0000] {warnings.py:112} WARNING - DataFrame.applymap has been deprecated. Use DataFrame.map instead.

[2025-12-30T01:56:44.322+0000] {df_to_db.py:60} INFO - Chuẩn bị insert 19 dòng vào bảng company_overview...
[2025-12-30T01:56:44.335+0000] {taskinstance.py:441} INFO - ::group::Post task execution logs
[2025-12-30T01:56:44.349+0000] {taskinstance.py:2905} ERROR - Task failed with exception
Traceback (most recent call last):
  File "/home/airflow/.local/lib/python3.12/site-packages/airflow/models/taskinstance.py", line 465, in _execute_task
    result = _execute_callable(context=context, **execute_callable_kwargs)
             ^^^^^^^^^^^^^^^^^^^^^^^^^^^^^^^^^^^^^^^^^^^^^^^^^^^^^^^^^^^^^
  File "/home/airflow/.local/lib/python3.12/site-packages/airflow/models/taskinstance.py", line 432, in _execute_callable
    return execute_callable(context=context, **execute_callable_kwargs)
           ^^^^^^^^^^^^^^^^^^^^^^^^^^^^^^^^^^^^^^^^^^^^^^^^^^^^^^^^^^^^
  File "/home/airflow/.local/lib/python3.12/site-packages/airflow/models/baseoperator.py", line 401, in wrapper
    return func(self, *args, **kwargs)
           ^^^^^^^^^^^^^^^^^^^^^^^^^^^
  File "/opt/airflow/plugins/function/df_to_db.py", line 63, in execute
    cnx = self._get_mysql_connection()
          ^^^^^^^^^^^^^^^^^^^^^^^^^^^^
  File "/opt/airflow/plugins/function/df_to_db.py", line 100, in _get_mysql_connection
    conn = BaseHook.get_connection(self.conn_id)
           ^^^^^^^^^^^^^^^^^^^^^^^^^^^^^^^^^^^^^
  File "/home/airflow/.local/lib/python3.12/site-packages/airflow/hooks/base.py", line 83, in get_connection
    conn = Connection.get_connection_from_secrets(conn_id)
           ^^^^^^^^^^^^^^^^^^^^^^^^^^^^^^^^^^^^^^^^^^^^^^^
  File "/home/airflow/.local/lib/python3.12/site-packages/airflow/models/connection.py", line 519, in get_connection_from_secrets
    raise AirflowNotFoundException(f"The conn_id `{conn_id}` isn't defined")
airflow.exceptions.AirflowNotFoundException: The conn_id `postgres_default` isn't defined
[2025-12-30T01:56:44.360+0000] {taskinstance.py:1206} INFO - Marking task as UP_FOR_RETRY. dag_id=thongtin_cty_bctc, task_id=ingest_overview, run_id=scheduled__2025-12-28T00:00:00+00:00, map_index=20, execution_date=20251228T000000, start_date=20251230T015635, end_date=20251230T015644
[2025-12-30T01:56:44.602+0000] {standard_task_runner.py:110} ERROR - Failed to execute job 53 for task ingest_overview (The conn_id `postgres_default` isn't defined; 789)
[2025-12-30T01:56:44.619+0000] {local_task_job_runner.py:243} INFO - Task exited with return code 1
[2025-12-30T01:56:44.641+0000] {taskinstance.py:3503} INFO - 0 downstream tasks scheduled from follow-on schedule check
[2025-12-30T01:56:44.644+0000] {local_task_job_runner.py:222} INFO - ::endgroup::
