[2026-01-12T15:21:07.589+0000] {local_task_job_runner.py:120} INFO - ::group::Pre task execution logs
[2026-01-12T15:21:07.665+0000] {taskinstance.py:2076} INFO - Dependencies all met for dep_context=non-requeueable deps ti=<TaskInstance: financial_ratios_etl.ingest_financial_ratios manual__2026-01-12T15:14:43+00:00 map_index=382 [queued]>
[2026-01-12T15:21:07.723+0000] {taskinstance.py:2076} INFO - Dependencies all met for dep_context=requeueable deps ti=<TaskInstance: financial_ratios_etl.ingest_financial_ratios manual__2026-01-12T15:14:43+00:00 map_index=382 [queued]>
[2026-01-12T15:21:07.724+0000] {taskinstance.py:2306} INFO - Starting attempt 1 of 2
[2026-01-12T15:21:07.751+0000] {taskinstance.py:2330} INFO - Executing <Mapped(DfToCsvOperator): ingest_financial_ratios> on 2026-01-12 15:14:43+00:00
[2026-01-12T15:21:07.773+0000] {warnings.py:112} WARNING - This process (pid=5086) is multi-threaded, use of fork() may lead to deadlocks in the child.

[2026-01-12T15:21:07.775+0000] {standard_task_runner.py:64} INFO - Started process 5163 to run task
[2026-01-12T15:21:07.782+0000] {standard_task_runner.py:90} INFO - Running: ['***', 'tasks', 'run', 'financial_ratios_etl', 'ingest_financial_ratios', 'manual__2026-01-12T15:14:43+00:00', '--job-id', '14087', '--raw', '--subdir', 'DAGS_FOLDER/financial_ratios_etl.py', '--cfg-path', '/tmp/tmp5bseoqpe', '--map-index', '382']
[2026-01-12T15:21:07.787+0000] {standard_task_runner.py:91} INFO - Job 14087: Subtask ingest_financial_ratios
[2026-01-12T15:21:07.868+0000] {task_command.py:426} INFO - Running <TaskInstance: financial_ratios_etl.ingest_financial_ratios manual__2026-01-12T15:14:43+00:00 map_index=382 [running]> on host 5a20a797a43c
[2026-01-12T15:21:08.024+0000] {taskinstance.py:2648} INFO - Exporting env vars: AIRFLOW_CTX_DAG_OWNER='***' AIRFLOW_CTX_DAG_ID='financial_ratios_etl' AIRFLOW_CTX_TASK_ID='ingest_financial_ratios' AIRFLOW_CTX_EXECUTION_DATE='2026-01-12T15:14:43+00:00' AIRFLOW_CTX_TRY_NUMBER='1' AIRFLOW_CTX_DAG_RUN_ID='manual__2026-01-12T15:14:43+00:00'
[2026-01-12T15:21:08.028+0000] {taskinstance.py:430} INFO - ::endgroup::
[2026-01-12T15:21:08.057+0000] {logging_mixin.py:188} INFO - [RATIO] Bắt đầu xử lý batch 2 mã: ['NTB', 'NT2']
[2026-01-12T15:21:08.057+0000] {logging_mixin.py:188} INFO - [RATIO] Kỳ dữ liệu: quarter
[2026-01-12T15:21:08.058+0000] {logging_mixin.py:188} INFO -  >> [RATIO] Đang lấy dữ liệu: NTB
[2026-01-12T15:21:09.000+0000] {logging_mixin.py:188} INFO -  ✓ [RATIO] NTB: 16 rows
[2026-01-12T15:21:11.001+0000] {logging_mixin.py:188} INFO -  >> [RATIO] Đang lấy dữ liệu: NT2
[2026-01-12T15:21:11.841+0000] {logging_mixin.py:188} INFO -  ✓ [RATIO] NT2: 51 rows
[2026-01-12T15:21:13.847+0000] {logging_mixin.py:188} INFO -  ✅ [RATIO] Hoàn thành batch. Tổng số dòng: 67
[2026-01-12T15:21:13.873+0000] {base.py:84} INFO - Using connection ID 'minio_finance' for task execution.
[2026-01-12T15:21:13.874+0000] {connection_wrapper.py:384} INFO - AWS Connection (conn_id='minio_finance', conn_type='aws') credentials retrieved from login and password.
[2026-01-12T15:21:14.603+0000] {datalake_df2csv.py:52} INFO - ✅ Đã upload 67 dòng -> s3://thongtin-congty-va-bctc/financial_ratios/2026-01-12/batch_382.csv
[2026-01-12T15:21:14.604+0000] {taskinstance.py:441} INFO - ::group::Post task execution logs
[2026-01-12T15:21:14.619+0000] {taskinstance.py:1206} INFO - Marking task as SUCCESS. dag_id=financial_ratios_etl, task_id=ingest_financial_ratios, run_id=manual__2026-01-12T15:14:43+00:00, map_index=382, execution_date=20260112T151443, start_date=20260112T152107, end_date=20260112T152114
[2026-01-12T15:21:14.709+0000] {local_task_job_runner.py:243} INFO - Task exited with return code 0
[2026-01-12T15:21:14.724+0000] {local_task_job_runner.py:222} INFO - ::endgroup::
