[2026-01-11T12:57:34.344+0000] {local_task_job_runner.py:120} INFO - ::group::Pre task execution logs
[2026-01-11T12:57:34.378+0000] {taskinstance.py:2076} INFO - Dependencies all met for dep_context=non-requeueable deps ti=<TaskInstance: company_people_to_minio.ingest_people scheduled__2026-01-04T00:00:00+00:00 map_index=0 [queued]>
[2026-01-11T12:57:34.401+0000] {taskinstance.py:2076} INFO - Dependencies all met for dep_context=requeueable deps ti=<TaskInstance: company_people_to_minio.ingest_people scheduled__2026-01-04T00:00:00+00:00 map_index=0 [queued]>
[2026-01-11T12:57:34.401+0000] {taskinstance.py:2306} INFO - Starting attempt 1 of 2
[2026-01-11T12:57:34.427+0000] {taskinstance.py:2330} INFO - Executing <Mapped(DfToCsvOperator): ingest_people> on 2026-01-04 00:00:00+00:00
[2026-01-11T12:57:34.439+0000] {warnings.py:112} WARNING - This process (pid=755) is multi-threaded, use of fork() may lead to deadlocks in the child.

[2026-01-11T12:57:34.442+0000] {standard_task_runner.py:64} INFO - Started process 848 to run task
[2026-01-11T12:57:34.445+0000] {standard_task_runner.py:90} INFO - Running: ['***', 'tasks', 'run', 'company_people_to_minio', 'ingest_people', 'scheduled__2026-01-04T00:00:00+00:00', '--job-id', '10410', '--raw', '--subdir', 'DAGS_FOLDER/company_people_to_minio.py', '--cfg-path', '/tmp/tmpdkd0zxy3', '--map-index', '0']
[2026-01-11T12:57:34.447+0000] {standard_task_runner.py:91} INFO - Job 10410: Subtask ingest_people
[2026-01-11T12:57:34.521+0000] {task_command.py:426} INFO - Running <TaskInstance: company_people_to_minio.ingest_people scheduled__2026-01-04T00:00:00+00:00 map_index=0 [running]> on host 09a10a568fe6
[2026-01-11T12:57:34.697+0000] {taskinstance.py:2648} INFO - Exporting env vars: AIRFLOW_CTX_DAG_OWNER='***' AIRFLOW_CTX_DAG_ID='company_people_to_minio' AIRFLOW_CTX_TASK_ID='ingest_people' AIRFLOW_CTX_EXECUTION_DATE='2026-01-04T00:00:00+00:00' AIRFLOW_CTX_TRY_NUMBER='1' AIRFLOW_CTX_DAG_RUN_ID='scheduled__2026-01-04T00:00:00+00:00'
[2026-01-11T12:57:34.699+0000] {taskinstance.py:430} INFO - ::endgroup::
[2026-01-11T12:57:56.395+0000] {logging_mixin.py:188} INFO - officers XDC: RetryError[<Future at 0x7f6ec6c89130 state=finished raised KeyError>]
[2026-01-11T12:58:15.617+0000] {base.py:84} INFO - Using connection ID 'minio_finance' for task execution.
[2026-01-11T12:58:15.618+0000] {connection_wrapper.py:384} INFO - AWS Connection (conn_id='minio_finance', conn_type='aws') credentials retrieved from login and password.
[2026-01-11T12:58:16.167+0000] {datalake_df2csv.py:52} INFO - ✅ Đã upload 483 dòng -> s3://thongtin-congty-va-bctc/people/date=2026-01-04/batch_0.csv
[2026-01-11T12:58:16.168+0000] {taskinstance.py:441} INFO - ::group::Post task execution logs
[2026-01-11T12:58:16.183+0000] {taskinstance.py:1206} INFO - Marking task as SUCCESS. dag_id=company_people_to_minio, task_id=ingest_people, run_id=scheduled__2026-01-04T00:00:00+00:00, map_index=0, execution_date=20260104T000000, start_date=20260111T125734, end_date=20260111T125816
[2026-01-11T12:58:16.236+0000] {local_task_job_runner.py:243} INFO - Task exited with return code 0
[2026-01-11T12:58:16.250+0000] {local_task_job_runner.py:222} INFO - ::endgroup::
