[2026-01-11T03:25:11.545+0000] {local_task_job_runner.py:120} INFO - ::group::Pre task execution logs
[2026-01-11T03:25:11.587+0000] {taskinstance.py:2076} INFO - Dependencies all met for dep_context=non-requeueable deps ti=<TaskInstance: bctc.ingest_bctc manual__2026-01-11T03:22:36.146797+00:00 map_index=61 [queued]>
[2026-01-11T03:25:11.606+0000] {taskinstance.py:2076} INFO - Dependencies all met for dep_context=requeueable deps ti=<TaskInstance: bctc.ingest_bctc manual__2026-01-11T03:22:36.146797+00:00 map_index=61 [queued]>
[2026-01-11T03:25:11.607+0000] {taskinstance.py:2306} INFO - Starting attempt 1 of 2
[2026-01-11T03:25:11.630+0000] {taskinstance.py:2330} INFO - Executing <Mapped(DfToCsvOperator): ingest_bctc> on 2026-01-11 03:22:36.146797+00:00
[2026-01-11T03:25:11.643+0000] {warnings.py:112} WARNING - This process (pid=4103) is multi-threaded, use of fork() may lead to deadlocks in the child.

[2026-01-11T03:25:11.646+0000] {standard_task_runner.py:64} INFO - Started process 4180 to run task
[2026-01-11T03:25:11.648+0000] {standard_task_runner.py:90} INFO - Running: ['***', 'tasks', 'run', 'bctc', 'ingest_bctc', 'manual__2026-01-11T03:22:36.146797+00:00', '--job-id', '9973', '--raw', '--subdir', 'DAGS_FOLDER/tt_cty_bctc.py', '--cfg-path', '/tmp/tmpbzyg_ebf', '--map-index', '61']
[2026-01-11T03:25:11.650+0000] {standard_task_runner.py:91} INFO - Job 9973: Subtask ingest_bctc
[2026-01-11T03:25:11.716+0000] {task_command.py:426} INFO - Running <TaskInstance: bctc.ingest_bctc manual__2026-01-11T03:22:36.146797+00:00 map_index=61 [running]> on host 3f2af93df813
[2026-01-11T03:25:11.866+0000] {taskinstance.py:2648} INFO - Exporting env vars: AIRFLOW_CTX_DAG_OWNER='***' AIRFLOW_CTX_DAG_ID='bctc' AIRFLOW_CTX_TASK_ID='ingest_bctc' AIRFLOW_CTX_EXECUTION_DATE='2026-01-11T03:22:36.146797+00:00' AIRFLOW_CTX_TRY_NUMBER='1' AIRFLOW_CTX_DAG_RUN_ID='manual__2026-01-11T03:22:36.146797+00:00'
[2026-01-11T03:25:11.868+0000] {taskinstance.py:430} INFO - ::endgroup::
[2026-01-11T03:25:11.878+0000] {logging_mixin.py:188} INFO - Bắt đầu xử lý batch 20 mã: ['GEX', 'GER', 'GEG', 'GEE', 'GE2', 'GDW', 'GDT', 'GDA', 'GCF', 'GCB', 'GAS', 'GAB', 'G36', 'G20', 'FTS', 'FTM', 'FTI', 'FT1', 'FSO', 'FRT']
[2026-01-11T03:25:11.878+0000] {logging_mixin.py:188} INFO -  >> Đang lấy dữ liệu: GEX
[2026-01-11T03:25:12.037+0000] {logging_mixin.py:188} INFO -  Lỗi xử lý mã GEX: Failed to fetch data: 429 - Too Many Requests
[2026-01-11T03:25:12.038+0000] {logging_mixin.py:188} INFO -  >> Đang lấy dữ liệu: GER
[2026-01-11T03:25:12.531+0000] {logging_mixin.py:188} INFO -  Lỗi xử lý mã GER: Failed to fetch data: 429 - Too Many Requests
[2026-01-11T03:25:12.532+0000] {logging_mixin.py:188} INFO -  >> Đang lấy dữ liệu: GEG
[2026-01-11T03:25:13.913+0000] {logging_mixin.py:188} INFO -  Lỗi xử lý mã GEG: Failed to fetch data: 429 - Too Many Requests
[2026-01-11T03:25:13.914+0000] {logging_mixin.py:188} INFO -  >> Đang lấy dữ liệu: GEE
[2026-01-11T03:25:14.433+0000] {logging_mixin.py:188} INFO -  Lỗi xử lý mã GEE: Failed to fetch data: 429 - Too Many Requests
[2026-01-11T03:25:14.434+0000] {logging_mixin.py:188} INFO -  >> Đang lấy dữ liệu: GE2
[2026-01-11T03:25:14.616+0000] {logging_mixin.py:188} INFO -  Lỗi xử lý mã GE2: Failed to fetch data: 429 - Too Many Requests
[2026-01-11T03:25:14.617+0000] {logging_mixin.py:188} INFO -  >> Đang lấy dữ liệu: GDW
[2026-01-11T03:25:14.821+0000] {logging_mixin.py:188} INFO -  Lỗi xử lý mã GDW: Failed to fetch data: 429 - Too Many Requests
[2026-01-11T03:25:14.822+0000] {logging_mixin.py:188} INFO -  >> Đang lấy dữ liệu: GDT
[2026-01-11T03:25:14.989+0000] {logging_mixin.py:188} INFO -  Lỗi xử lý mã GDT: Failed to fetch data: 429 - Too Many Requests
[2026-01-11T03:25:14.990+0000] {logging_mixin.py:188} INFO -  >> Đang lấy dữ liệu: GDA
[2026-01-11T03:25:15.151+0000] {logging_mixin.py:188} INFO -  Lỗi xử lý mã GDA: Failed to fetch data: 429 - Too Many Requests
[2026-01-11T03:25:15.153+0000] {logging_mixin.py:188} INFO -  >> Đang lấy dữ liệu: GCF
[2026-01-11T03:25:15.309+0000] {logging_mixin.py:188} INFO -  Lỗi xử lý mã GCF: Failed to fetch data: 429 - Too Many Requests
[2026-01-11T03:25:15.310+0000] {logging_mixin.py:188} INFO -  >> Đang lấy dữ liệu: GCB
[2026-01-11T03:25:15.450+0000] {logging_mixin.py:188} INFO -  Lỗi xử lý mã GCB: Failed to fetch data: 429 - Too Many Requests
[2026-01-11T03:25:15.451+0000] {logging_mixin.py:188} INFO -  >> Đang lấy dữ liệu: GAS
[2026-01-11T03:25:15.725+0000] {logging_mixin.py:188} INFO -  Lỗi xử lý mã GAS: Failed to fetch data: 429 - Too Many Requests
[2026-01-11T03:25:15.726+0000] {logging_mixin.py:188} INFO -  >> Đang lấy dữ liệu: GAB
[2026-01-11T03:25:16.031+0000] {logging_mixin.py:188} INFO -  Lỗi xử lý mã GAB: Failed to fetch data: 429 - Too Many Requests
[2026-01-11T03:25:16.032+0000] {logging_mixin.py:188} INFO -  >> Đang lấy dữ liệu: G36
[2026-01-11T03:25:16.190+0000] {logging_mixin.py:188} INFO -  Lỗi xử lý mã G36: Failed to fetch data: 429 - Too Many Requests
[2026-01-11T03:25:16.191+0000] {logging_mixin.py:188} INFO -  >> Đang lấy dữ liệu: G20
[2026-01-11T03:25:16.779+0000] {logging_mixin.py:188} INFO -  Lỗi xử lý mã G20: Failed to fetch data: 429 - Too Many Requests
[2026-01-11T03:25:16.780+0000] {logging_mixin.py:188} INFO -  >> Đang lấy dữ liệu: FTS
[2026-01-11T03:25:16.980+0000] {logging_mixin.py:188} INFO -  Lỗi xử lý mã FTS: Failed to fetch data: 429 - Too Many Requests
[2026-01-11T03:25:16.981+0000] {logging_mixin.py:188} INFO -  >> Đang lấy dữ liệu: FTM
[2026-01-11T03:25:17.132+0000] {logging_mixin.py:188} INFO -  Lỗi xử lý mã FTM: Failed to fetch data: 429 - Too Many Requests
[2026-01-11T03:25:17.133+0000] {logging_mixin.py:188} INFO -  >> Đang lấy dữ liệu: FTI
[2026-01-11T03:25:17.299+0000] {logging_mixin.py:188} INFO -  Lỗi xử lý mã FTI: Failed to fetch data: 429 - Too Many Requests
[2026-01-11T03:25:17.300+0000] {logging_mixin.py:188} INFO -  >> Đang lấy dữ liệu: FT1
[2026-01-11T03:25:17.513+0000] {logging_mixin.py:188} INFO -  Lỗi xử lý mã FT1: Failed to fetch data: 429 - Too Many Requests
[2026-01-11T03:25:17.514+0000] {logging_mixin.py:188} INFO -  >> Đang lấy dữ liệu: FSO
[2026-01-11T03:25:17.867+0000] {logging_mixin.py:188} INFO -  Lỗi xử lý mã FSO: Failed to fetch data: 429 - Too Many Requests
[2026-01-11T03:25:17.868+0000] {logging_mixin.py:188} INFO -  >> Đang lấy dữ liệu: FRT
[2026-01-11T03:25:18.235+0000] {logging_mixin.py:188} INFO -  Lỗi xử lý mã FRT: Failed to fetch data: 429 - Too Many Requests
[2026-01-11T03:25:18.236+0000] {logging_mixin.py:188} INFO -  ⚠ Batch này không thu được dữ liệu nào.
[2026-01-11T03:25:18.240+0000] {datalake_df2csv.py:40} INFO - DataFrame rỗng, bỏ qua upload CSV.
[2026-01-11T03:25:18.240+0000] {taskinstance.py:441} INFO - ::group::Post task execution logs
[2026-01-11T03:25:18.513+0000] {taskinstance.py:1206} INFO - Marking task as SUCCESS. dag_id=bctc, task_id=ingest_bctc, run_id=manual__2026-01-11T03:22:36.146797+00:00, map_index=61, execution_date=20260111T032236, start_date=20260111T032511, end_date=20260111T032518
[2026-01-11T03:25:18.568+0000] {local_task_job_runner.py:243} INFO - Task exited with return code 0
[2026-01-11T03:25:18.611+0000] {taskinstance.py:3503} INFO - 0 downstream tasks scheduled from follow-on schedule check
[2026-01-11T03:25:18.614+0000] {local_task_job_runner.py:222} INFO - ::endgroup::
