[2026-01-12T13:57:20.692+0000] {local_task_job_runner.py:120} INFO - ::group::Pre task execution logs
[2026-01-12T13:57:20.765+0000] {taskinstance.py:2076} INFO - Dependencies all met for dep_context=non-requeueable deps ti=<TaskInstance: daily_price_minio.ingest_daily_price manual__2026-01-12T13:47:34.140161+00:00 map_index=235 [queued]>
[2026-01-12T13:57:20.818+0000] {taskinstance.py:2076} INFO - Dependencies all met for dep_context=requeueable deps ti=<TaskInstance: daily_price_minio.ingest_daily_price manual__2026-01-12T13:47:34.140161+00:00 map_index=235 [queued]>
[2026-01-12T13:57:20.819+0000] {taskinstance.py:2306} INFO - Starting attempt 1 of 2
[2026-01-12T13:57:20.854+0000] {taskinstance.py:2330} INFO - Executing <Mapped(DfToCsvOperator): ingest_daily_price> on 2026-01-12 13:47:34.140161+00:00
[2026-01-12T13:57:20.870+0000] {warnings.py:112} WARNING - This process (pid=18599) is multi-threaded, use of fork() may lead to deadlocks in the child.

[2026-01-12T13:57:20.873+0000] {standard_task_runner.py:64} INFO - Started process 18701 to run task
[2026-01-12T13:57:20.880+0000] {standard_task_runner.py:90} INFO - Running: ['***', 'tasks', 'run', 'daily_price_minio', 'ingest_daily_price', 'manual__2026-01-12T13:47:34.140161+00:00', '--job-id', '12202', '--raw', '--subdir', 'DAGS_FOLDER/daily_price_minio.py', '--cfg-path', '/tmp/tmpgvo5ok47', '--map-index', '235']
[2026-01-12T13:57:20.885+0000] {standard_task_runner.py:91} INFO - Job 12202: Subtask ingest_daily_price
[2026-01-12T13:57:20.983+0000] {task_command.py:426} INFO - Running <TaskInstance: daily_price_minio.ingest_daily_price manual__2026-01-12T13:47:34.140161+00:00 map_index=235 [running]> on host 5a20a797a43c
[2026-01-12T13:57:21.210+0000] {taskinstance.py:2648} INFO - Exporting env vars: AIRFLOW_CTX_DAG_OWNER='***' AIRFLOW_CTX_DAG_ID='daily_price_minio' AIRFLOW_CTX_TASK_ID='ingest_daily_price' AIRFLOW_CTX_EXECUTION_DATE='2026-01-12T13:47:34.140161+00:00' AIRFLOW_CTX_TRY_NUMBER='1' AIRFLOW_CTX_DAG_RUN_ID='manual__2026-01-12T13:47:34.140161+00:00'
[2026-01-12T13:57:21.212+0000] {taskinstance.py:430} INFO - ::endgroup::
[2026-01-12T13:57:27.491+0000] {logging_mixin.py:188} INFO - HAW: RetryError[<Future at 0x7fef4c4d4c50 state=finished raised ValueError>]
[2026-01-12T13:57:29.453+0000] {base.py:84} INFO - Using connection ID 'minio_finance' for task execution.
[2026-01-12T13:57:29.457+0000] {connection_wrapper.py:384} INFO - AWS Connection (conn_id='minio_finance', conn_type='aws') credentials retrieved from login and password.
[2026-01-12T13:57:30.490+0000] {datalake_df2csv.py:52} INFO - ✅ Đã upload 12 dòng -> s3://thongtinn-congty-va-bctc/daily_price/2026-01-12/batch_235.csv
[2026-01-12T13:57:30.494+0000] {taskinstance.py:441} INFO - ::group::Post task execution logs
[2026-01-12T13:57:30.509+0000] {taskinstance.py:1206} INFO - Marking task as SUCCESS. dag_id=daily_price_minio, task_id=ingest_daily_price, run_id=manual__2026-01-12T13:47:34.140161+00:00, map_index=235, execution_date=20260112T134734, start_date=20260112T135720, end_date=20260112T135730
[2026-01-12T13:57:30.599+0000] {local_task_job_runner.py:243} INFO - Task exited with return code 0
[2026-01-12T13:57:30.631+0000] {taskinstance.py:3503} INFO - 0 downstream tasks scheduled from follow-on schedule check
[2026-01-12T13:57:30.634+0000] {local_task_job_runner.py:222} INFO - ::endgroup::
