[2026-01-01T02:17:20.647+0000] {local_task_job_runner.py:120} INFO - ::group::Pre task execution logs
[2026-01-01T02:17:20.780+0000] {taskinstance.py:2076} INFO - Dependencies all met for dep_context=non-requeueable deps ti=<TaskInstance: thongtin_cty_bctc.ingest_overview scheduled__2025-12-31T00:00:00+00:00 map_index=253 [queued]>
[2026-01-01T02:17:21.203+0000] {taskinstance.py:2076} INFO - Dependencies all met for dep_context=requeueable deps ti=<TaskInstance: thongtin_cty_bctc.ingest_overview scheduled__2025-12-31T00:00:00+00:00 map_index=253 [queued]>
[2026-01-01T02:17:21.204+0000] {taskinstance.py:2306} INFO - Starting attempt 1 of 2
[2026-01-01T02:17:21.240+0000] {taskinstance.py:2330} INFO - Executing <Mapped(DfToCsvOperator): ingest_overview> on 2025-12-31 00:00:00+00:00
[2026-01-01T02:17:21.262+0000] {warnings.py:112} WARNING - This process (pid=9135) is multi-threaded, use of fork() may lead to deadlocks in the child.

[2026-01-01T02:17:21.264+0000] {standard_task_runner.py:64} INFO - Started process 9277 to run task
[2026-01-01T02:17:21.268+0000] {standard_task_runner.py:90} INFO - Running: ['***', 'tasks', 'run', 'thongtin_cty_bctc', 'ingest_overview', 'scheduled__2025-12-31T00:00:00+00:00', '--job-id', '1388', '--raw', '--subdir', 'DAGS_FOLDER/tt_cty_bctc.py', '--cfg-path', '/tmp/tmp3qdpo8xl', '--map-index', '253']
[2026-01-01T02:17:21.270+0000] {standard_task_runner.py:91} INFO - Job 1388: Subtask ingest_overview
[2026-01-01T02:17:21.359+0000] {task_command.py:426} INFO - Running <TaskInstance: thongtin_cty_bctc.ingest_overview scheduled__2025-12-31T00:00:00+00:00 map_index=253 [running]> on host 43b0a0f7606b
[2026-01-01T02:17:21.543+0000] {taskinstance.py:2648} INFO - Exporting env vars: AIRFLOW_CTX_DAG_OWNER='***' AIRFLOW_CTX_DAG_ID='thongtin_cty_bctc' AIRFLOW_CTX_TASK_ID='ingest_overview' AIRFLOW_CTX_EXECUTION_DATE='2025-12-31T00:00:00+00:00' AIRFLOW_CTX_TRY_NUMBER='1' AIRFLOW_CTX_DAG_RUN_ID='scheduled__2025-12-31T00:00:00+00:00'
[2026-01-01T02:17:21.546+0000] {taskinstance.py:430} INFO - ::endgroup::
[2026-01-01T02:17:21.805+0000] {logging_mixin.py:188} INFO - Err overview EVF: Failed to fetch data: 429 - Too Many Requests
[2026-01-01T02:17:21.975+0000] {logging_mixin.py:188} INFO - Err overview EVE: Failed to fetch data: 429 - Too Many Requests
[2026-01-01T02:17:22.121+0000] {logging_mixin.py:188} INFO - Err overview EPH: Failed to fetch data: 429 - Too Many Requests
[2026-01-01T02:17:22.306+0000] {logging_mixin.py:188} INFO - Err overview EPC: Failed to fetch data: 429 - Too Many Requests
[2026-01-01T02:17:22.470+0000] {logging_mixin.py:188} INFO - Err overview EMS: Failed to fetch data: 429 - Too Many Requests
[2026-01-01T02:17:22.481+0000] {datalake_df2csv.py:40} INFO - DataFrame rỗng, bỏ qua upload CSV.
[2026-01-01T02:17:22.492+0000] {taskinstance.py:441} INFO - ::group::Post task execution logs
[2026-01-01T02:17:22.528+0000] {taskinstance.py:1206} INFO - Marking task as SUCCESS. dag_id=thongtin_cty_bctc, task_id=ingest_overview, run_id=scheduled__2025-12-31T00:00:00+00:00, map_index=253, execution_date=20251231T000000, start_date=20260101T021720, end_date=20260101T021722
[2026-01-01T02:17:22.613+0000] {local_task_job_runner.py:243} INFO - Task exited with return code 0
[2026-01-01T02:17:22.638+0000] {taskinstance.py:3503} INFO - 0 downstream tasks scheduled from follow-on schedule check
[2026-01-01T02:17:22.641+0000] {local_task_job_runner.py:222} INFO - ::endgroup::
