[2026-01-01T03:14:24.202+0000] {local_task_job_runner.py:120} INFO - ::group::Pre task execution logs
[2026-01-01T03:14:24.240+0000] {taskinstance.py:2076} INFO - Dependencies all met for dep_context=non-requeueable deps ti=<TaskInstance: thongtin_cty_bctc.ingest_people scheduled__2025-12-30T00:00:00+00:00 map_index=32 [queued]>
[2026-01-01T03:14:24.267+0000] {taskinstance.py:2076} INFO - Dependencies all met for dep_context=requeueable deps ti=<TaskInstance: thongtin_cty_bctc.ingest_people scheduled__2025-12-30T00:00:00+00:00 map_index=32 [queued]>
[2026-01-01T03:14:24.268+0000] {taskinstance.py:2306} INFO - Starting attempt 3 of 4
[2026-01-01T03:14:24.288+0000] {taskinstance.py:2330} INFO - Executing <Mapped(DfToCsvOperator): ingest_people> on 2025-12-30 00:00:00+00:00
[2026-01-01T03:14:24.300+0000] {warnings.py:112} WARNING - This process (pid=33952) is multi-threaded, use of fork() may lead to deadlocks in the child.

[2026-01-01T03:14:24.302+0000] {standard_task_runner.py:64} INFO - Started process 33977 to run task
[2026-01-01T03:14:24.305+0000] {standard_task_runner.py:90} INFO - Running: ['***', 'tasks', 'run', 'thongtin_cty_bctc', 'ingest_people', 'scheduled__2025-12-30T00:00:00+00:00', '--job-id', '3559', '--raw', '--subdir', 'DAGS_FOLDER/tt_cty_bctc.py', '--cfg-path', '/tmp/tmp_47fqith', '--map-index', '32']
[2026-01-01T03:14:24.307+0000] {standard_task_runner.py:91} INFO - Job 3559: Subtask ingest_people
[2026-01-01T03:14:24.389+0000] {task_command.py:426} INFO - Running <TaskInstance: thongtin_cty_bctc.ingest_people scheduled__2025-12-30T00:00:00+00:00 map_index=32 [running]> on host 43b0a0f7606b
[2026-01-01T03:14:24.557+0000] {taskinstance.py:2648} INFO - Exporting env vars: AIRFLOW_CTX_DAG_OWNER='***' AIRFLOW_CTX_DAG_ID='thongtin_cty_bctc' AIRFLOW_CTX_TASK_ID='ingest_people' AIRFLOW_CTX_EXECUTION_DATE='2025-12-30T00:00:00+00:00' AIRFLOW_CTX_TRY_NUMBER='3' AIRFLOW_CTX_DAG_RUN_ID='scheduled__2025-12-30T00:00:00+00:00'
[2026-01-01T03:14:24.559+0000] {taskinstance.py:430} INFO - ::endgroup::
[2026-01-01T03:14:28.792+0000] {logging_mixin.py:188} INFO - officers VMK: RetryError[<Future at 0x7f8847ca7500 state=finished raised KeyError>]
[2026-01-01T03:14:32.262+0000] {base.py:84} INFO - Using connection ID 'minio_finance' for task execution.
[2026-01-01T03:14:32.263+0000] {connection_wrapper.py:384} INFO - AWS Connection (conn_id='minio_finance', conn_type='aws') credentials retrieved from login and password.
[2026-01-01T03:14:33.047+0000] {datalake_df2csv.py:53} INFO - ✅ Đã upload 60 dòng -> s3://thongtin-congty-va-bctc/people/2025-12-30/batch_32.csv
[2026-01-01T03:14:33.056+0000] {taskinstance.py:441} INFO - ::group::Post task execution logs
[2026-01-01T03:14:33.071+0000] {taskinstance.py:1206} INFO - Marking task as SUCCESS. dag_id=thongtin_cty_bctc, task_id=ingest_people, run_id=scheduled__2025-12-30T00:00:00+00:00, map_index=32, execution_date=20251230T000000, start_date=20260101T031424, end_date=20260101T031433
[2026-01-01T03:14:33.160+0000] {local_task_job_runner.py:243} INFO - Task exited with return code 0
[2026-01-01T03:14:33.181+0000] {taskinstance.py:3503} INFO - 0 downstream tasks scheduled from follow-on schedule check
[2026-01-01T03:14:33.184+0000] {local_task_job_runner.py:222} INFO - ::endgroup::
