[2025-12-31T15:11:22.202+0000] {local_task_job_runner.py:120} INFO - ::group::Pre task execution logs
[2025-12-31T15:11:22.215+0000] {taskinstance.py:2076} INFO - Dependencies all met for dep_context=non-requeueable deps ti=<TaskInstance: thongtin_cty_bctc.get_batches manual__2025-12-31T15:11:19+00:00 [queued]>
[2025-12-31T15:11:22.221+0000] {taskinstance.py:2076} INFO - Dependencies all met for dep_context=requeueable deps ti=<TaskInstance: thongtin_cty_bctc.get_batches manual__2025-12-31T15:11:19+00:00 [queued]>
[2025-12-31T15:11:22.222+0000] {taskinstance.py:2306} INFO - Starting attempt 1 of 2
[2025-12-31T15:11:22.232+0000] {taskinstance.py:2330} INFO - Executing <Task(_PythonDecoratedOperator): get_batches> on 2025-12-31 15:11:19+00:00
[2025-12-31T15:11:22.239+0000] {warnings.py:112} WARNING - This process (pid=7230) is multi-threaded, use of fork() may lead to deadlocks in the child.

[2025-12-31T15:11:22.240+0000] {standard_task_runner.py:64} INFO - Started process 7240 to run task
[2025-12-31T15:11:22.242+0000] {standard_task_runner.py:90} INFO - Running: ['***', 'tasks', 'run', 'thongtin_cty_bctc', 'get_batches', 'manual__2025-12-31T15:11:19+00:00', '--job-id', '565', '--raw', '--subdir', 'DAGS_FOLDER/tt_cty_bctc.py', '--cfg-path', '/tmp/tmpzcvce104']
[2025-12-31T15:11:22.243+0000] {standard_task_runner.py:91} INFO - Job 565: Subtask get_batches
[2025-12-31T15:11:22.281+0000] {task_command.py:426} INFO - Running <TaskInstance: thongtin_cty_bctc.get_batches manual__2025-12-31T15:11:19+00:00 [running]> on host 8bc7f11ea9a4
[2025-12-31T15:11:22.355+0000] {taskinstance.py:2648} INFO - Exporting env vars: AIRFLOW_CTX_DAG_OWNER='***' AIRFLOW_CTX_DAG_ID='thongtin_cty_bctc' AIRFLOW_CTX_TASK_ID='get_batches' AIRFLOW_CTX_EXECUTION_DATE='2025-12-31T15:11:19+00:00' AIRFLOW_CTX_TRY_NUMBER='1' AIRFLOW_CTX_DAG_RUN_ID='manual__2025-12-31T15:11:19+00:00'
[2025-12-31T15:11:22.356+0000] {taskinstance.py:430} INFO - ::endgroup::
[2025-12-31T15:11:26.822+0000] {logging_mixin.py:188} INFO - Lỗi lấy danh sách mã: RetryError[<Future at 0x7f68ac9bb740 state=finished raised ConnectionError>]
[2025-12-31T15:11:26.822+0000] {python.py:237} INFO - Done. Returned value was: []
[2025-12-31T15:11:26.823+0000] {taskinstance.py:441} INFO - ::group::Post task execution logs
[2025-12-31T15:11:26.856+0000] {taskinstance.py:1206} INFO - Marking task as SUCCESS. dag_id=thongtin_cty_bctc, task_id=get_batches, run_id=manual__2025-12-31T15:11:19+00:00, execution_date=20251231T151119, start_date=20251231T151122, end_date=20251231T151126
[2025-12-31T15:11:26.916+0000] {local_task_job_runner.py:243} INFO - Task exited with return code 0
[2025-12-31T15:11:26.951+0000] {abstractoperator.py:588} INFO - Marking <TaskInstance: thongtin_cty_bctc.ingest_bctc manual__2025-12-31T15:11:19+00:00 [None]> as SKIPPED since the map has 0 values to expand
[2025-12-31T15:11:26.967+0000] {abstractoperator.py:588} INFO - Marking <TaskInstance: thongtin_cty_bctc.ingest_overview manual__2025-12-31T15:11:19+00:00 [None]> as SKIPPED since the map has 0 values to expand
[2025-12-31T15:11:26.978+0000] {abstractoperator.py:588} INFO - Marking <TaskInstance: thongtin_cty_bctc.ingest_people manual__2025-12-31T15:11:19+00:00 [None]> as SKIPPED since the map has 0 values to expand
[2025-12-31T15:11:26.981+0000] {taskinstance.py:3503} INFO - 0 downstream tasks scheduled from follow-on schedule check
[2025-12-31T15:11:26.984+0000] {local_task_job_runner.py:222} INFO - ::endgroup::
