[2026-01-01T03:18:05.040+0000] {local_task_job_runner.py:120} INFO - ::group::Pre task execution logs
[2026-01-01T03:18:05.135+0000] {taskinstance.py:2076} INFO - Dependencies all met for dep_context=non-requeueable deps ti=<TaskInstance: thongtin_cty_bctc.ingest_people scheduled__2025-12-30T00:00:00+00:00 map_index=87 [queued]>
[2026-01-01T03:18:05.184+0000] {taskinstance.py:2076} INFO - Dependencies all met for dep_context=requeueable deps ti=<TaskInstance: thongtin_cty_bctc.ingest_people scheduled__2025-12-30T00:00:00+00:00 map_index=87 [queued]>
[2026-01-01T03:18:05.185+0000] {taskinstance.py:2306} INFO - Starting attempt 1 of 2
[2026-01-01T03:18:05.221+0000] {taskinstance.py:2330} INFO - Executing <Mapped(DfToCsvOperator): ingest_people> on 2025-12-30 00:00:00+00:00
[2026-01-01T03:18:05.245+0000] {warnings.py:112} WARNING - This process (pid=36155) is multi-threaded, use of fork() may lead to deadlocks in the child.

[2026-01-01T03:18:05.258+0000] {standard_task_runner.py:64} INFO - Started process 36220 to run task
[2026-01-01T03:18:05.258+0000] {standard_task_runner.py:90} INFO - Running: ['***', 'tasks', 'run', 'thongtin_cty_bctc', 'ingest_people', 'scheduled__2025-12-30T00:00:00+00:00', '--job-id', '3726', '--raw', '--subdir', 'DAGS_FOLDER/tt_cty_bctc.py', '--cfg-path', '/tmp/tmpv76bimya', '--map-index', '87']
[2026-01-01T03:18:05.267+0000] {standard_task_runner.py:91} INFO - Job 3726: Subtask ingest_people
[2026-01-01T03:18:05.440+0000] {task_command.py:426} INFO - Running <TaskInstance: thongtin_cty_bctc.ingest_people scheduled__2025-12-30T00:00:00+00:00 map_index=87 [running]> on host 43b0a0f7606b
[2026-01-01T03:18:06.277+0000] {taskinstance.py:2648} INFO - Exporting env vars: AIRFLOW_CTX_DAG_OWNER='***' AIRFLOW_CTX_DAG_ID='thongtin_cty_bctc' AIRFLOW_CTX_TASK_ID='ingest_people' AIRFLOW_CTX_EXECUTION_DATE='2025-12-30T00:00:00+00:00' AIRFLOW_CTX_TRY_NUMBER='1' AIRFLOW_CTX_DAG_RUN_ID='scheduled__2025-12-30T00:00:00+00:00'
[2026-01-01T03:18:06.281+0000] {taskinstance.py:430} INFO - ::endgroup::
[2026-01-01T03:18:10.712+0000] {logging_mixin.py:188} INFO - shareholders TS5: RetryError[<Future at 0x7f8847bee870 state=finished raised KeyError>]
[2026-01-01T03:18:14.724+0000] {logging_mixin.py:188} INFO - officers TS5: RetryError[<Future at 0x7f8847c3c0b0 state=finished raised KeyError>]
[2026-01-01T03:18:18.163+0000] {base.py:84} INFO - Using connection ID 'minio_finance' for task execution.
[2026-01-01T03:18:18.167+0000] {connection_wrapper.py:384} INFO - AWS Connection (conn_id='minio_finance', conn_type='aws') credentials retrieved from login and password.
[2026-01-01T03:18:18.805+0000] {datalake_df2csv.py:53} INFO - ✅ Đã upload 60 dòng -> s3://thongtin-congty-va-bctc/people/2025-12-30/batch_87.csv
[2026-01-01T03:18:18.807+0000] {taskinstance.py:441} INFO - ::group::Post task execution logs
[2026-01-01T03:18:18.822+0000] {taskinstance.py:1206} INFO - Marking task as SUCCESS. dag_id=thongtin_cty_bctc, task_id=ingest_people, run_id=scheduled__2025-12-30T00:00:00+00:00, map_index=87, execution_date=20251230T000000, start_date=20260101T031805, end_date=20260101T031818
[2026-01-01T03:18:20.300+0000] {local_task_job_runner.py:243} INFO - Task exited with return code 0
[2026-01-01T03:18:20.321+0000] {taskinstance.py:3503} INFO - 0 downstream tasks scheduled from follow-on schedule check
[2026-01-01T03:18:20.324+0000] {local_task_job_runner.py:222} INFO - ::endgroup::
