[2026-01-01T09:09:25.573+0000] {local_task_job_runner.py:120} INFO - ::group::Pre task execution logs
[2026-01-01T09:09:25.631+0000] {taskinstance.py:2076} INFO - Dependencies all met for dep_context=non-requeueable deps ti=<TaskInstance: thongtin_cty_bctc.ingest_bctc scheduled__2025-12-30T00:00:00+00:00 map_index=109 [queued]>
[2026-01-01T09:09:25.671+0000] {taskinstance.py:2076} INFO - Dependencies all met for dep_context=requeueable deps ti=<TaskInstance: thongtin_cty_bctc.ingest_bctc scheduled__2025-12-30T00:00:00+00:00 map_index=109 [queued]>
[2026-01-01T09:09:25.672+0000] {taskinstance.py:2306} INFO - Starting attempt 2 of 3
[2026-01-01T09:09:25.691+0000] {taskinstance.py:2330} INFO - Executing <Mapped(DfToCsvOperator): ingest_bctc> on 2025-12-30 00:00:00+00:00
[2026-01-01T09:09:25.705+0000] {warnings.py:112} WARNING - This process (pid=12605) is multi-threaded, use of fork() may lead to deadlocks in the child.

[2026-01-01T09:09:25.707+0000] {standard_task_runner.py:64} INFO - Started process 12644 to run task
[2026-01-01T09:09:25.710+0000] {standard_task_runner.py:90} INFO - Running: ['***', 'tasks', 'run', 'thongtin_cty_bctc', 'ingest_bctc', 'scheduled__2025-12-30T00:00:00+00:00', '--job-id', '4756', '--raw', '--subdir', 'DAGS_FOLDER/tt_cty_bctc.py', '--cfg-path', '/tmp/tmp963xwc9_', '--map-index', '109']
[2026-01-01T09:09:25.712+0000] {standard_task_runner.py:91} INFO - Job 4756: Subtask ingest_bctc
[2026-01-01T09:09:25.789+0000] {task_command.py:426} INFO - Running <TaskInstance: thongtin_cty_bctc.ingest_bctc scheduled__2025-12-30T00:00:00+00:00 map_index=109 [running]> on host b455963a0603
[2026-01-01T09:09:26.253+0000] {taskinstance.py:2648} INFO - Exporting env vars: AIRFLOW_CTX_DAG_OWNER='***' AIRFLOW_CTX_DAG_ID='thongtin_cty_bctc' AIRFLOW_CTX_TASK_ID='ingest_bctc' AIRFLOW_CTX_EXECUTION_DATE='2025-12-30T00:00:00+00:00' AIRFLOW_CTX_TRY_NUMBER='2' AIRFLOW_CTX_DAG_RUN_ID='scheduled__2025-12-30T00:00:00+00:00'
[2026-01-01T09:09:26.255+0000] {taskinstance.py:430} INFO - ::endgroup::
[2026-01-01T09:09:26.262+0000] {logging_mixin.py:188} INFO - Bắt đầu xử lý batch 3 mã: ['THM', 'THI', 'THG']
[2026-01-01T09:09:26.263+0000] {logging_mixin.py:188} INFO -  >> Đang lấy dữ liệu: THM
[2026-01-01T09:09:29.505+0000] {logging_mixin.py:188} INFO -  >> Đang lấy dữ liệu: THI
[2026-01-01T09:09:35.153+0000] {logging_mixin.py:188} INFO -  >> Đang lấy dữ liệu: THG
[2026-01-01T09:10:02.972+0000] {logging_mixin.py:188} INFO -  ✓ Hoàn thành batch. Tổng số dòng: 7657
[2026-01-01T09:10:03.022+0000] {base.py:84} INFO - Using connection ID 'minio_finance' for task execution.
[2026-01-01T09:10:03.023+0000] {connection_wrapper.py:384} INFO - AWS Connection (conn_id='minio_finance', conn_type='aws') credentials retrieved from login and password.
[2026-01-01T09:10:03.474+0000] {datalake_df2csv.py:53} INFO - ✅ Đã upload 7657 dòng -> s3://thongtin-congty-va-bctc/bctc/2025-12-30/batch_109.csv
[2026-01-01T09:10:03.476+0000] {taskinstance.py:441} INFO - ::group::Post task execution logs
[2026-01-01T09:10:03.488+0000] {taskinstance.py:1206} INFO - Marking task as SUCCESS. dag_id=thongtin_cty_bctc, task_id=ingest_bctc, run_id=scheduled__2025-12-30T00:00:00+00:00, map_index=109, execution_date=20251230T000000, start_date=20260101T090925, end_date=20260101T091003
[2026-01-01T09:10:03.558+0000] {local_task_job_runner.py:243} INFO - Task exited with return code 0
[2026-01-01T09:10:03.881+0000] {taskinstance.py:3503} INFO - 0 downstream tasks scheduled from follow-on schedule check
[2026-01-01T09:10:03.886+0000] {local_task_job_runner.py:222} INFO - ::endgroup::
