[2026-01-11T13:00:05.649+0000] {local_task_job_runner.py:120} INFO - ::group::Pre task execution logs
[2026-01-11T13:00:05.675+0000] {taskinstance.py:2076} INFO - Dependencies all met for dep_context=non-requeueable deps ti=<TaskInstance: company_people_to_minio.ingest_people scheduled__2026-01-04T00:00:00+00:00 map_index=25 [queued]>
[2026-01-11T13:00:05.685+0000] {taskinstance.py:2076} INFO - Dependencies all met for dep_context=requeueable deps ti=<TaskInstance: company_people_to_minio.ingest_people scheduled__2026-01-04T00:00:00+00:00 map_index=25 [queued]>
[2026-01-11T13:00:05.686+0000] {taskinstance.py:2306} INFO - Starting attempt 1 of 2
[2026-01-11T13:00:05.701+0000] {taskinstance.py:2330} INFO - Executing <Mapped(DfToCsvOperator): ingest_people> on 2026-01-04 00:00:00+00:00
[2026-01-11T13:00:05.711+0000] {warnings.py:112} WARNING - This process (pid=1311) is multi-threaded, use of fork() may lead to deadlocks in the child.

[2026-01-11T13:00:05.713+0000] {standard_task_runner.py:64} INFO - Started process 1361 to run task
[2026-01-11T13:00:05.715+0000] {standard_task_runner.py:90} INFO - Running: ['***', 'tasks', 'run', 'company_people_to_minio', 'ingest_people', 'scheduled__2026-01-04T00:00:00+00:00', '--job-id', '10448', '--raw', '--subdir', 'DAGS_FOLDER/company_people_to_minio.py', '--cfg-path', '/tmp/tmpv3hoa3a0', '--map-index', '25']
[2026-01-11T13:00:05.717+0000] {standard_task_runner.py:91} INFO - Job 10448: Subtask ingest_people
[2026-01-11T13:00:05.765+0000] {task_command.py:426} INFO - Running <TaskInstance: company_people_to_minio.ingest_people scheduled__2026-01-04T00:00:00+00:00 map_index=25 [running]> on host 09a10a568fe6
[2026-01-11T13:00:05.865+0000] {taskinstance.py:2648} INFO - Exporting env vars: AIRFLOW_CTX_DAG_OWNER='***' AIRFLOW_CTX_DAG_ID='company_people_to_minio' AIRFLOW_CTX_TASK_ID='ingest_people' AIRFLOW_CTX_EXECUTION_DATE='2026-01-04T00:00:00+00:00' AIRFLOW_CTX_TRY_NUMBER='1' AIRFLOW_CTX_DAG_RUN_ID='scheduled__2026-01-04T00:00:00+00:00'
[2026-01-11T13:00:05.867+0000] {taskinstance.py:430} INFO - ::endgroup::
[2026-01-11T13:00:24.778+0000] {log.py:232} WARNING - 2026-01-11 13:00:24 - vnstock.core.utils.client - ERROR - API request failed: HTTPSConnectionPool(host='trading.vietcap.com.vn', port=443): Max retries exceeded with url: /data-mt/graphql (Caused by NameResolutionError("<urllib3.connection.HTTPSConnection object at 0x7f6ecad9a510>: Failed to resolve 'trading.vietcap.com.vn' ([Errno -3] Temporary failure in name resolution)"))
[2026-01-11T13:00:24.769+0000] {client.py:414} ERROR - API request failed: HTTPSConnectionPool(host='trading.vietcap.com.vn', port=443): Max retries exceeded with url: /data-mt/graphql (Caused by NameResolutionError("<urllib3.connection.HTTPSConnection object at 0x7f6ecad9a510>: Failed to resolve 'trading.vietcap.com.vn' ([Errno -3] Temporary failure in name resolution)"))
[2026-01-11T13:00:35.824+0000] {log.py:232} WARNING - 2026-01-11 13:00:35 - vnstock.core.utils.client - ERROR - API request failed: HTTPSConnectionPool(host='trading.vietcap.com.vn', port=443): Max retries exceeded with url: /data-mt/graphql (Caused by NameResolutionError("<urllib3.connection.HTTPSConnection object at 0x7f6ea04ac380>: Failed to resolve 'trading.vietcap.com.vn' ([Errno -3] Temporary failure in name resolution)"))
[2026-01-11T13:00:35.823+0000] {client.py:414} ERROR - API request failed: HTTPSConnectionPool(host='trading.vietcap.com.vn', port=443): Max retries exceeded with url: /data-mt/graphql (Caused by NameResolutionError("<urllib3.connection.HTTPSConnection object at 0x7f6ea04ac380>: Failed to resolve 'trading.vietcap.com.vn' ([Errno -3] Temporary failure in name resolution)"))
[2026-01-11T13:00:42.265+0000] {log.py:232} WARNING - 2026-01-11 13:00:42 - vnstock.core.utils.client - ERROR - API request failed: HTTPSConnectionPool(host='trading.vietcap.com.vn', port=443): Max retries exceeded with url: /data-mt/graphql (Caused by NameResolutionError("<urllib3.connection.HTTPSConnection object at 0x7f6ea026cec0>: Failed to resolve 'trading.vietcap.com.vn' ([Errno -5] No address associated with hostname)"))
[2026-01-11T13:00:42.265+0000] {client.py:414} ERROR - API request failed: HTTPSConnectionPool(host='trading.vietcap.com.vn', port=443): Max retries exceeded with url: /data-mt/graphql (Caused by NameResolutionError("<urllib3.connection.HTTPSConnection object at 0x7f6ea026cec0>: Failed to resolve 'trading.vietcap.com.vn' ([Errno -5] No address associated with hostname)"))
[2026-01-11T13:00:59.945+0000] {base.py:84} INFO - Using connection ID 'minio_finance' for task execution.
[2026-01-11T13:00:59.947+0000] {connection_wrapper.py:384} INFO - AWS Connection (conn_id='minio_finance', conn_type='aws') credentials retrieved from login and password.
[2026-01-11T13:01:00.406+0000] {datalake_df2csv.py:52} INFO - ✅ Đã upload 482 dòng -> s3://thongtin-congty-va-bctc/people/date=2026-01-04/batch_25.csv
[2026-01-11T13:01:00.407+0000] {taskinstance.py:441} INFO - ::group::Post task execution logs
[2026-01-11T13:01:00.419+0000] {taskinstance.py:1206} INFO - Marking task as SUCCESS. dag_id=company_people_to_minio, task_id=ingest_people, run_id=scheduled__2026-01-04T00:00:00+00:00, map_index=25, execution_date=20260104T000000, start_date=20260111T130005, end_date=20260111T130100
[2026-01-11T13:01:00.474+0000] {local_task_job_runner.py:243} INFO - Task exited with return code 0
[2026-01-11T13:01:00.512+0000] {taskinstance.py:3503} INFO - 0 downstream tasks scheduled from follow-on schedule check
[2026-01-11T13:01:00.514+0000] {local_task_job_runner.py:222} INFO - ::endgroup::
