[2026-01-11T03:06:32.321+0000] {local_task_job_runner.py:120} INFO - ::group::Pre task execution logs
[2026-01-11T03:06:32.369+0000] {taskinstance.py:2076} INFO - Dependencies all met for dep_context=non-requeueable deps ti=<TaskInstance: thongtin_cty_bctc.ingest_bctc scheduled__2026-01-04T00:00:00+00:00 map_index=68 [queued]>
[2026-01-11T03:06:32.392+0000] {taskinstance.py:2076} INFO - Dependencies all met for dep_context=requeueable deps ti=<TaskInstance: thongtin_cty_bctc.ingest_bctc scheduled__2026-01-04T00:00:00+00:00 map_index=68 [queued]>
[2026-01-11T03:06:32.393+0000] {taskinstance.py:2306} INFO - Starting attempt 1 of 2
[2026-01-11T03:06:32.416+0000] {taskinstance.py:2330} INFO - Executing <Mapped(DfToCsvOperator): ingest_bctc> on 2026-01-04 00:00:00+00:00
[2026-01-11T03:06:32.431+0000] {warnings.py:112} WARNING - This process (pid=1011) is multi-threaded, use of fork() may lead to deadlocks in the child.

[2026-01-11T03:06:32.435+0000] {standard_task_runner.py:64} INFO - Started process 1095 to run task
[2026-01-11T03:06:32.436+0000] {standard_task_runner.py:90} INFO - Running: ['***', 'tasks', 'run', 'thongtin_cty_bctc', 'ingest_bctc', 'scheduled__2026-01-04T00:00:00+00:00', '--job-id', '9712', '--raw', '--subdir', 'DAGS_FOLDER/tt_cty_bctc.py', '--cfg-path', '/tmp/tmpbj9imnj6', '--map-index', '68']
[2026-01-11T03:06:32.438+0000] {standard_task_runner.py:91} INFO - Job 9712: Subtask ingest_bctc
[2026-01-11T03:06:32.519+0000] {task_command.py:426} INFO - Running <TaskInstance: thongtin_cty_bctc.ingest_bctc scheduled__2026-01-04T00:00:00+00:00 map_index=68 [running]> on host 3f2af93df813
[2026-01-11T03:06:32.656+0000] {taskinstance.py:2648} INFO - Exporting env vars: AIRFLOW_CTX_DAG_OWNER='***' AIRFLOW_CTX_DAG_ID='thongtin_cty_bctc' AIRFLOW_CTX_TASK_ID='ingest_bctc' AIRFLOW_CTX_EXECUTION_DATE='2026-01-04T00:00:00+00:00' AIRFLOW_CTX_TRY_NUMBER='1' AIRFLOW_CTX_DAG_RUN_ID='scheduled__2026-01-04T00:00:00+00:00'
[2026-01-11T03:06:32.657+0000] {taskinstance.py:430} INFO - ::endgroup::
[2026-01-11T03:06:32.668+0000] {logging_mixin.py:188} INFO - Bắt đầu xử lý batch 20 mã: ['DMC', 'DM7', 'DLT', 'DLR', 'DLM', 'DLG', 'DLD', 'DL1', 'DKW', 'DKH', 'DKG', 'DKC', 'DIH', 'DIG', 'DID', 'DIC', 'DHT', 'DHP', 'DHN', 'DHM']
[2026-01-11T03:06:32.668+0000] {logging_mixin.py:188} INFO -  >> Đang lấy dữ liệu: DMC
[2026-01-11T03:06:33.046+0000] {logging_mixin.py:188} INFO -  Lỗi xử lý mã DMC: Failed to fetch data: 429 - Too Many Requests
[2026-01-11T03:06:33.047+0000] {logging_mixin.py:188} INFO -  >> Đang lấy dữ liệu: DM7
[2026-01-11T03:06:33.161+0000] {logging_mixin.py:188} INFO -  Lỗi xử lý mã DM7: Failed to fetch data: 429 - Too Many Requests
[2026-01-11T03:06:33.162+0000] {logging_mixin.py:188} INFO -  >> Đang lấy dữ liệu: DLT
[2026-01-11T03:06:33.307+0000] {logging_mixin.py:188} INFO -  Lỗi xử lý mã DLT: Failed to fetch data: 429 - Too Many Requests
[2026-01-11T03:06:33.308+0000] {logging_mixin.py:188} INFO -  >> Đang lấy dữ liệu: DLR
[2026-01-11T03:06:34.119+0000] {logging_mixin.py:188} INFO -  Lỗi xử lý mã DLR: Failed to fetch data: 429 - Too Many Requests
[2026-01-11T03:06:34.120+0000] {logging_mixin.py:188} INFO -  >> Đang lấy dữ liệu: DLM
[2026-01-11T03:06:34.265+0000] {logging_mixin.py:188} INFO -  Lỗi xử lý mã DLM: Failed to fetch data: 429 - Too Many Requests
[2026-01-11T03:06:34.266+0000] {logging_mixin.py:188} INFO -  >> Đang lấy dữ liệu: DLG
[2026-01-11T03:06:34.405+0000] {logging_mixin.py:188} INFO -  Lỗi xử lý mã DLG: Failed to fetch data: 429 - Too Many Requests
[2026-01-11T03:06:34.406+0000] {logging_mixin.py:188} INFO -  >> Đang lấy dữ liệu: DLD
[2026-01-11T03:06:34.526+0000] {logging_mixin.py:188} INFO -  Lỗi xử lý mã DLD: Failed to fetch data: 429 - Too Many Requests
[2026-01-11T03:06:34.527+0000] {logging_mixin.py:188} INFO -  >> Đang lấy dữ liệu: DL1
[2026-01-11T03:06:34.648+0000] {logging_mixin.py:188} INFO -  Lỗi xử lý mã DL1: Failed to fetch data: 429 - Too Many Requests
[2026-01-11T03:06:34.650+0000] {logging_mixin.py:188} INFO -  >> Đang lấy dữ liệu: DKW
[2026-01-11T03:06:34.977+0000] {logging_mixin.py:188} INFO -  Lỗi xử lý mã DKW: Failed to fetch data: 429 - Too Many Requests
[2026-01-11T03:06:34.979+0000] {logging_mixin.py:188} INFO -  >> Đang lấy dữ liệu: DKH
[2026-01-11T03:06:35.277+0000] {logging_mixin.py:188} INFO -  Lỗi xử lý mã DKH: Failed to fetch data: 429 - Too Many Requests
[2026-01-11T03:06:35.278+0000] {logging_mixin.py:188} INFO -  >> Đang lấy dữ liệu: DKG
[2026-01-11T03:06:35.438+0000] {logging_mixin.py:188} INFO -  Lỗi xử lý mã DKG: Failed to fetch data: 429 - Too Many Requests
[2026-01-11T03:06:35.440+0000] {logging_mixin.py:188} INFO -  >> Đang lấy dữ liệu: DKC
[2026-01-11T03:06:35.820+0000] {logging_mixin.py:188} INFO -  Lỗi xử lý mã DKC: Failed to fetch data: 429 - Too Many Requests
[2026-01-11T03:06:35.821+0000] {logging_mixin.py:188} INFO -  >> Đang lấy dữ liệu: DIH
[2026-01-11T03:06:36.197+0000] {logging_mixin.py:188} INFO -  Lỗi xử lý mã DIH: Failed to fetch data: 429 - Too Many Requests
[2026-01-11T03:06:36.199+0000] {logging_mixin.py:188} INFO -  >> Đang lấy dữ liệu: DIG
[2026-01-11T03:06:36.928+0000] {logging_mixin.py:188} INFO -  Lỗi xử lý mã DIG: Failed to fetch data: 429 - Too Many Requests
[2026-01-11T03:06:36.929+0000] {logging_mixin.py:188} INFO -  >> Đang lấy dữ liệu: DID
[2026-01-11T03:06:38.754+0000] {logging_mixin.py:188} INFO -  Lỗi xử lý mã DID: Failed to fetch data: 429 - Too Many Requests
[2026-01-11T03:06:38.755+0000] {logging_mixin.py:188} INFO -  >> Đang lấy dữ liệu: DIC
[2026-01-11T03:06:39.010+0000] {logging_mixin.py:188} INFO -  Lỗi xử lý mã DIC: Failed to fetch data: 429 - Too Many Requests
[2026-01-11T03:06:39.012+0000] {logging_mixin.py:188} INFO -  >> Đang lấy dữ liệu: DHT
[2026-01-11T03:06:39.225+0000] {logging_mixin.py:188} INFO -  Lỗi xử lý mã DHT: Failed to fetch data: 429 - Too Many Requests
[2026-01-11T03:06:39.226+0000] {logging_mixin.py:188} INFO -  >> Đang lấy dữ liệu: DHP
[2026-01-11T03:06:39.347+0000] {logging_mixin.py:188} INFO -  Lỗi xử lý mã DHP: Failed to fetch data: 429 - Too Many Requests
[2026-01-11T03:06:39.348+0000] {logging_mixin.py:188} INFO -  >> Đang lấy dữ liệu: DHN
[2026-01-11T03:06:39.501+0000] {logging_mixin.py:188} INFO -  Lỗi xử lý mã DHN: Failed to fetch data: 429 - Too Many Requests
[2026-01-11T03:06:39.502+0000] {logging_mixin.py:188} INFO -  >> Đang lấy dữ liệu: DHM
[2026-01-11T03:06:39.667+0000] {logging_mixin.py:188} INFO -  Lỗi xử lý mã DHM: Failed to fetch data: 429 - Too Many Requests
[2026-01-11T03:06:39.668+0000] {logging_mixin.py:188} INFO -  ⚠ Batch này không thu được dữ liệu nào.
[2026-01-11T03:06:39.672+0000] {datalake_df2csv.py:40} INFO - DataFrame rỗng, bỏ qua upload CSV.
[2026-01-11T03:06:39.672+0000] {taskinstance.py:441} INFO - ::group::Post task execution logs
[2026-01-11T03:06:39.987+0000] {taskinstance.py:1206} INFO - Marking task as SUCCESS. dag_id=thongtin_cty_bctc, task_id=ingest_bctc, run_id=scheduled__2026-01-04T00:00:00+00:00, map_index=68, execution_date=20260104T000000, start_date=20260111T030632, end_date=20260111T030639
[2026-01-11T03:06:40.047+0000] {local_task_job_runner.py:243} INFO - Task exited with return code 0
[2026-01-11T03:06:40.064+0000] {local_task_job_runner.py:222} INFO - ::endgroup::
