[2026-01-13T13:18:19.296+0000] {local_task_job_runner.py:120} INFO - ::group::Pre task execution logs
[2026-01-13T13:18:19.327+0000] {taskinstance.py:2076} INFO - Dependencies all met for dep_context=non-requeueable deps ti=<TaskInstance: bctc.ingest_bctc manual__2026-01-13T13:17:52+00:00 map_index=4 [queued]>
[2026-01-13T13:18:19.358+0000] {taskinstance.py:2076} INFO - Dependencies all met for dep_context=requeueable deps ti=<TaskInstance: bctc.ingest_bctc manual__2026-01-13T13:17:52+00:00 map_index=4 [queued]>
[2026-01-13T13:18:19.358+0000] {taskinstance.py:2306} INFO - Starting attempt 1 of 2
[2026-01-13T13:18:19.390+0000] {taskinstance.py:2330} INFO - Executing <Mapped(DfToCsvOperator): ingest_bctc> on 2026-01-13 13:17:52+00:00
[2026-01-13T13:18:19.407+0000] {warnings.py:112} WARNING - This process (pid=592) is multi-threaded, use of fork() may lead to deadlocks in the child.

[2026-01-13T13:18:19.410+0000] {standard_task_runner.py:64} INFO - Started process 730 to run task
[2026-01-13T13:18:19.414+0000] {standard_task_runner.py:90} INFO - Running: ['***', 'tasks', 'run', 'bctc', 'ingest_bctc', 'manual__2026-01-13T13:17:52+00:00', '--job-id', '14950', '--raw', '--subdir', 'DAGS_FOLDER/tt_cty_bctc.py', '--cfg-path', '/tmp/tmpd253lhky', '--map-index', '4']
[2026-01-13T13:18:19.420+0000] {standard_task_runner.py:91} INFO - Job 14950: Subtask ingest_bctc
[2026-01-13T13:18:19.512+0000] {task_command.py:426} INFO - Running <TaskInstance: bctc.ingest_bctc manual__2026-01-13T13:17:52+00:00 map_index=4 [running]> on host 03cf7cc79cc9
[2026-01-13T13:18:19.682+0000] {taskinstance.py:2648} INFO - Exporting env vars: AIRFLOW_CTX_DAG_OWNER='***' AIRFLOW_CTX_DAG_ID='bctc' AIRFLOW_CTX_TASK_ID='ingest_bctc' AIRFLOW_CTX_EXECUTION_DATE='2026-01-13T13:17:52+00:00' AIRFLOW_CTX_TRY_NUMBER='1' AIRFLOW_CTX_DAG_RUN_ID='manual__2026-01-13T13:17:52+00:00'
[2026-01-13T13:18:19.683+0000] {taskinstance.py:430} INFO - ::endgroup::
[2026-01-13T13:18:19.698+0000] {logging_mixin.py:188} INFO - Bắt đầu xử lý batch 20 mã: ['VNS', 'VNR', 'VNP', 'VNM', 'VNL', 'VNI', 'VNH', 'VNG', 'VNF', 'VNE', 'VND', 'VNC', 'VNB', 'VNA', 'VMT', 'VMS', 'VMK', 'VMI', 'VMG', 'VMD']
[2026-01-13T13:18:19.699+0000] {logging_mixin.py:188} INFO -  >> Đang lấy dữ liệu: VNS
[2026-01-13T13:18:30.775+0000] {logging_mixin.py:188} INFO -  >> Đang lấy dữ liệu: VNR
[2026-01-13T13:18:40.324+0000] {logging_mixin.py:188} INFO -  >> Đang lấy dữ liệu: VNP
[2026-01-13T13:18:49.689+0000] {logging_mixin.py:188} INFO -  >> Đang lấy dữ liệu: VNM
[2026-01-13T13:19:03.179+0000] {logging_mixin.py:188} INFO -  >> Đang lấy dữ liệu: VNL
[2026-01-13T13:19:12.725+0000] {logging_mixin.py:188} INFO -  >> Đang lấy dữ liệu: VNI
[2026-01-13T13:19:23.661+0000] {logging_mixin.py:188} INFO -  >> Đang lấy dữ liệu: VNH
[2026-01-13T13:19:35.243+0000] {logging_mixin.py:188} INFO -  >> Đang lấy dữ liệu: VNG
[2026-01-13T13:19:45.077+0000] {logging_mixin.py:188} INFO -  >> Đang lấy dữ liệu: VNF
[2026-01-13T13:19:57.295+0000] {logging_mixin.py:188} INFO -  >> Đang lấy dữ liệu: VNE
[2026-01-13T13:20:09.717+0000] {logging_mixin.py:188} INFO -  >> Đang lấy dữ liệu: VND
[2026-01-13T13:20:22.591+0000] {logging_mixin.py:188} INFO -  >> Đang lấy dữ liệu: VNC
[2026-01-13T13:20:31.613+0000] {logging_mixin.py:188} INFO -  >> Đang lấy dữ liệu: VNB
[2026-01-13T13:20:40.729+0000] {logging_mixin.py:188} INFO -  >> Đang lấy dữ liệu: VNA
[2026-01-13T13:20:51.697+0000] {logging_mixin.py:188} INFO -  >> Đang lấy dữ liệu: VMT
[2026-01-13T13:20:56.518+0000] {logging_mixin.py:188} INFO - ❌ Lỗi income_statement: RetryError[<Future at 0x7fb998c56420 state=finished raised KeyError>]
[2026-01-13T13:21:02.471+0000] {logging_mixin.py:188} INFO - ❌ Lỗi balance_sheet: RetryError[<Future at 0x7fb998c565d0 state=finished raised KeyError>]
[2026-01-13T13:21:08.542+0000] {logging_mixin.py:188} INFO - ❌ Lỗi cash_flow: RetryError[<Future at 0x7fb998c541d0 state=finished raised KeyError>]
[2026-01-13T13:21:12.043+0000] {logging_mixin.py:188} INFO -  >> Đang lấy dữ liệu: VMS
[2026-01-13T13:21:13.251+0000] {logging_mixin.py:188} INFO -  Lỗi xử lý mã VMS: Failed to fetch data: 502 - Bad Gateway
[2026-01-13T13:21:13.257+0000] {logging_mixin.py:188} INFO -  >> Đang lấy dữ liệu: VMK
[2026-01-13T13:21:18.919+0000] {logging_mixin.py:188} INFO - ❌ Lỗi income_statement: RetryError[<Future at 0x7fb998c54b60 state=finished raised KeyError>]
[2026-01-13T13:21:24.892+0000] {logging_mixin.py:188} INFO - ❌ Lỗi balance_sheet: RetryError[<Future at 0x7fb998c0b7d0 state=finished raised KeyError>]
[2026-01-13T13:21:31.584+0000] {logging_mixin.py:188} INFO - ❌ Lỗi cash_flow: RetryError[<Future at 0x7fb998c55a60 state=finished raised KeyError>]
[2026-01-13T13:21:35.085+0000] {logging_mixin.py:188} INFO -  >> Đang lấy dữ liệu: VMI
[2026-01-13T13:21:45.937+0000] {logging_mixin.py:188} INFO -  >> Đang lấy dữ liệu: VMG
[2026-01-13T13:21:52.949+0000] {log.py:232} WARNING - 2026-01-13 13:21:52 - vnstock.core.utils.client - ERROR - API request failed: HTTPSConnectionPool(host='trading.vietcap.com.vn', port=443): Max retries exceeded with url: /data-mt/graphql (Caused by NameResolutionError("<urllib3.connection.HTTPSConnection object at 0x7fb998c57620>: Failed to resolve 'trading.vietcap.com.vn' ([Errno -2] Name or service not known)"))
[2026-01-13T13:21:52.948+0000] {client.py:414} ERROR - API request failed: HTTPSConnectionPool(host='trading.vietcap.com.vn', port=443): Max retries exceeded with url: /data-mt/graphql (Caused by NameResolutionError("<urllib3.connection.HTTPSConnection object at 0x7fb998c57620>: Failed to resolve 'trading.vietcap.com.vn' ([Errno -2] Name or service not known)"))
[2026-01-13T13:21:55.053+0000] {log.py:232} WARNING - 2026-01-13 13:21:55 - vnstock.core.utils.client - ERROR - API request failed: HTTPSConnectionPool(host='trading.vietcap.com.vn', port=443): Max retries exceeded with url: /data-mt/graphql (Caused by NameResolutionError("<urllib3.connection.HTTPSConnection object at 0x7fb9d3319f70>: Failed to resolve 'trading.vietcap.com.vn' ([Errno -2] Name or service not known)"))
[2026-01-13T13:21:55.053+0000] {client.py:414} ERROR - API request failed: HTTPSConnectionPool(host='trading.vietcap.com.vn', port=443): Max retries exceeded with url: /data-mt/graphql (Caused by NameResolutionError("<urllib3.connection.HTTPSConnection object at 0x7fb9d3319f70>: Failed to resolve 'trading.vietcap.com.vn' ([Errno -2] Name or service not known)"))
[2026-01-13T13:21:57.060+0000] {log.py:232} WARNING - 2026-01-13 13:21:57 - vnstock.core.utils.client - ERROR - API request failed: HTTPSConnectionPool(host='trading.vietcap.com.vn', port=443): Max retries exceeded with url: /data-mt/graphql (Caused by NameResolutionError("<urllib3.connection.HTTPSConnection object at 0x7fb9d34d2630>: Failed to resolve 'trading.vietcap.com.vn' ([Errno -2] Name or service not known)"))
[2026-01-13T13:21:57.060+0000] {client.py:414} ERROR - API request failed: HTTPSConnectionPool(host='trading.vietcap.com.vn', port=443): Max retries exceeded with url: /data-mt/graphql (Caused by NameResolutionError("<urllib3.connection.HTTPSConnection object at 0x7fb9d34d2630>: Failed to resolve 'trading.vietcap.com.vn' ([Errno -2] Name or service not known)"))
[2026-01-13T13:21:57.062+0000] {logging_mixin.py:188} INFO - ❌ Lỗi cash_flow: RetryError[<Future at 0x7fb998c57dd0 state=finished raised ConnectionError>]
[2026-01-13T13:22:00.563+0000] {logging_mixin.py:188} INFO -  >> Đang lấy dữ liệu: VMD
[2026-01-13T13:22:00.584+0000] {log.py:232} WARNING - 2026-01-13 13:22:00 - vnstock.core.utils.client - ERROR - API request failed: HTTPSConnectionPool(host='trading.vietcap.com.vn', port=443): Max retries exceeded with url: /data-mt/graphql (Caused by NameResolutionError("<urllib3.connection.HTTPSConnection object at 0x7fb998c54e00>: Failed to resolve 'trading.vietcap.com.vn' ([Errno -2] Name or service not known)"))
[2026-01-13T13:22:00.583+0000] {client.py:414} ERROR - API request failed: HTTPSConnectionPool(host='trading.vietcap.com.vn', port=443): Max retries exceeded with url: /data-mt/graphql (Caused by NameResolutionError("<urllib3.connection.HTTPSConnection object at 0x7fb998c54e00>: Failed to resolve 'trading.vietcap.com.vn' ([Errno -2] Name or service not known)"))
[2026-01-13T13:22:00.589+0000] {logging_mixin.py:188} INFO -  Lỗi xử lý mã VMD: API request failed: HTTPSConnectionPool(host='trading.vietcap.com.vn', port=443): Max retries exceeded with url: /data-mt/graphql (Caused by NameResolutionError("<urllib3.connection.HTTPSConnection object at 0x7fb998c54e00>: Failed to resolve 'trading.vietcap.com.vn' ([Errno -2] Name or service not known)"))
[2026-01-13T13:22:00.591+0000] {logging_mixin.py:188} INFO -  ⚠ Batch này không thu được dữ liệu nào.
[2026-01-13T13:22:00.593+0000] {datalake_df2csv.py:40} INFO - DataFrame rỗng, bỏ qua upload CSV.
[2026-01-13T13:22:00.596+0000] {taskinstance.py:441} INFO - ::group::Post task execution logs
[2026-01-13T13:22:00.614+0000] {taskinstance.py:1206} INFO - Marking task as SUCCESS. dag_id=bctc, task_id=ingest_bctc, run_id=manual__2026-01-13T13:17:52+00:00, map_index=4, execution_date=20260113T131752, start_date=20260113T131819, end_date=20260113T132200
[2026-01-13T13:22:00.675+0000] {local_task_job_runner.py:243} INFO - Task exited with return code 0
[2026-01-13T13:22:00.745+0000] {taskinstance.py:3503} INFO - 0 downstream tasks scheduled from follow-on schedule check
[2026-01-13T13:22:00.749+0000] {local_task_job_runner.py:222} INFO - ::endgroup::
