[2026-01-11T13:11:52.455+0000] {local_task_job_runner.py:120} INFO - ::group::Pre task execution logs
[2026-01-11T13:11:52.476+0000] {taskinstance.py:2076} INFO - Dependencies all met for dep_context=non-requeueable deps ti=<TaskInstance: company_overview_to_minio.ingest_overview manual__2026-01-11T12:56:17.061685+00:00 map_index=60 [queued]>
[2026-01-11T13:11:52.489+0000] {taskinstance.py:2076} INFO - Dependencies all met for dep_context=requeueable deps ti=<TaskInstance: company_overview_to_minio.ingest_overview manual__2026-01-11T12:56:17.061685+00:00 map_index=60 [queued]>
[2026-01-11T13:11:52.489+0000] {taskinstance.py:2306} INFO - Starting attempt 1 of 2
[2026-01-11T13:11:52.502+0000] {taskinstance.py:2330} INFO - Executing <Mapped(DfToCsvOperator): ingest_overview> on 2026-01-11 12:56:17.061685+00:00
[2026-01-11T13:11:52.512+0000] {warnings.py:112} WARNING - This process (pid=3900) is multi-threaded, use of fork() may lead to deadlocks in the child.

[2026-01-11T13:11:52.514+0000] {standard_task_runner.py:64} INFO - Started process 3931 to run task
[2026-01-11T13:11:52.515+0000] {standard_task_runner.py:90} INFO - Running: ['***', 'tasks', 'run', 'company_overview_to_minio', 'ingest_overview', 'manual__2026-01-11T12:56:17.061685+00:00', '--job-id', '10624', '--raw', '--subdir', 'DAGS_FOLDER/company_overview_to_minio.py', '--cfg-path', '/tmp/tmp88o8xo_b', '--map-index', '60']
[2026-01-11T13:11:52.517+0000] {standard_task_runner.py:91} INFO - Job 10624: Subtask ingest_overview
[2026-01-11T13:11:52.557+0000] {task_command.py:426} INFO - Running <TaskInstance: company_overview_to_minio.ingest_overview manual__2026-01-11T12:56:17.061685+00:00 map_index=60 [running]> on host 09a10a568fe6
[2026-01-11T13:11:52.642+0000] {taskinstance.py:2648} INFO - Exporting env vars: AIRFLOW_CTX_DAG_OWNER='***' AIRFLOW_CTX_DAG_ID='company_overview_to_minio' AIRFLOW_CTX_TASK_ID='ingest_overview' AIRFLOW_CTX_EXECUTION_DATE='2026-01-11T12:56:17.061685+00:00' AIRFLOW_CTX_TRY_NUMBER='1' AIRFLOW_CTX_DAG_RUN_ID='manual__2026-01-11T12:56:17.061685+00:00'
[2026-01-11T13:11:52.644+0000] {taskinstance.py:430} INFO - ::endgroup::
[2026-01-11T13:11:58.249+0000] {warnings.py:112} WARNING - DataFrame.applymap has been deprecated. Use DataFrame.map instead.

[2026-01-11T13:11:59.481+0000] {warnings.py:112} WARNING - DataFrame.applymap has been deprecated. Use DataFrame.map instead.

[2026-01-11T13:12:00.720+0000] {warnings.py:112} WARNING - DataFrame.applymap has been deprecated. Use DataFrame.map instead.

[2026-01-11T13:12:05.944+0000] {logging_mixin.py:188} INFO - Err overview GQN: RetryError[<Future at 0x7f6e9255cf80 state=finished raised AttributeError>]
[2026-01-11T13:12:07.114+0000] {warnings.py:112} WARNING - DataFrame.applymap has been deprecated. Use DataFrame.map instead.

[2026-01-11T13:12:08.290+0000] {warnings.py:112} WARNING - DataFrame.applymap has been deprecated. Use DataFrame.map instead.

[2026-01-11T13:12:09.615+0000] {warnings.py:112} WARNING - DataFrame.applymap has been deprecated. Use DataFrame.map instead.

[2026-01-11T13:12:10.840+0000] {warnings.py:112} WARNING - DataFrame.applymap has been deprecated. Use DataFrame.map instead.

[2026-01-11T13:12:12.034+0000] {warnings.py:112} WARNING - DataFrame.applymap has been deprecated. Use DataFrame.map instead.

[2026-01-11T13:12:13.266+0000] {warnings.py:112} WARNING - DataFrame.applymap has been deprecated. Use DataFrame.map instead.

[2026-01-11T13:12:15.031+0000] {warnings.py:112} WARNING - DataFrame.applymap has been deprecated. Use DataFrame.map instead.

[2026-01-11T13:12:16.434+0000] {warnings.py:112} WARNING - DataFrame.applymap has been deprecated. Use DataFrame.map instead.

[2026-01-11T13:12:17.615+0000] {warnings.py:112} WARNING - DataFrame.applymap has been deprecated. Use DataFrame.map instead.

[2026-01-11T13:12:19.037+0000] {warnings.py:112} WARNING - DataFrame.applymap has been deprecated. Use DataFrame.map instead.

[2026-01-11T13:12:20.816+0000] {warnings.py:112} WARNING - DataFrame.applymap has been deprecated. Use DataFrame.map instead.

[2026-01-11T13:12:22.095+0000] {warnings.py:112} WARNING - DataFrame.applymap has been deprecated. Use DataFrame.map instead.

[2026-01-11T13:12:23.250+0000] {warnings.py:112} WARNING - DataFrame.applymap has been deprecated. Use DataFrame.map instead.

[2026-01-11T13:12:24.410+0000] {warnings.py:112} WARNING - DataFrame.applymap has been deprecated. Use DataFrame.map instead.

[2026-01-11T13:12:25.810+0000] {warnings.py:112} WARNING - DataFrame.applymap has been deprecated. Use DataFrame.map instead.

[2026-01-11T13:12:27.096+0000] {warnings.py:112} WARNING - DataFrame.applymap has been deprecated. Use DataFrame.map instead.

[2026-01-11T13:12:28.126+0000] {base.py:84} INFO - Using connection ID 'minio_finance' for task execution.
[2026-01-11T13:12:28.126+0000] {connection_wrapper.py:384} INFO - AWS Connection (conn_id='minio_finance', conn_type='aws') credentials retrieved from login and password.
[2026-01-11T13:12:28.470+0000] {datalake_df2csv.py:52} INFO - ✅ Đã upload 19 dòng -> s3://thongtin-congty-va-bctc/overview/date=2026-01-11/batch_60.csv
[2026-01-11T13:12:28.471+0000] {taskinstance.py:441} INFO - ::group::Post task execution logs
[2026-01-11T13:12:28.479+0000] {taskinstance.py:1206} INFO - Marking task as SUCCESS. dag_id=company_overview_to_minio, task_id=ingest_overview, run_id=manual__2026-01-11T12:56:17.061685+00:00, map_index=60, execution_date=20260111T125617, start_date=20260111T131152, end_date=20260111T131228
[2026-01-11T13:12:28.537+0000] {local_task_job_runner.py:243} INFO - Task exited with return code 0
[2026-01-11T13:12:28.565+0000] {taskinstance.py:3503} INFO - 0 downstream tasks scheduled from follow-on schedule check
[2026-01-11T13:12:28.638+0000] {local_task_job_runner.py:222} INFO - ::endgroup::
