[2026-01-11T13:09:19.341+0000] {local_task_job_runner.py:120} INFO - ::group::Pre task execution logs
[2026-01-11T13:09:19.380+0000] {taskinstance.py:2076} INFO - Dependencies all met for dep_context=non-requeueable deps ti=<TaskInstance: company_overview_to_minio.ingest_overview manual__2026-01-11T12:56:17.061685+00:00 map_index=27 [queued]>
[2026-01-11T13:09:19.394+0000] {taskinstance.py:2076} INFO - Dependencies all met for dep_context=requeueable deps ti=<TaskInstance: company_overview_to_minio.ingest_overview manual__2026-01-11T12:56:17.061685+00:00 map_index=27 [queued]>
[2026-01-11T13:09:19.395+0000] {taskinstance.py:2306} INFO - Starting attempt 1 of 2
[2026-01-11T13:09:19.414+0000] {taskinstance.py:2330} INFO - Executing <Mapped(DfToCsvOperator): ingest_overview> on 2026-01-11 12:56:17.061685+00:00
[2026-01-11T13:09:19.424+0000] {warnings.py:112} WARNING - This process (pid=3456) is multi-threaded, use of fork() may lead to deadlocks in the child.

[2026-01-11T13:09:19.426+0000] {standard_task_runner.py:64} INFO - Started process 3475 to run task
[2026-01-11T13:09:19.428+0000] {standard_task_runner.py:90} INFO - Running: ['***', 'tasks', 'run', 'company_overview_to_minio', 'ingest_overview', 'manual__2026-01-11T12:56:17.061685+00:00', '--job-id', '10592', '--raw', '--subdir', 'DAGS_FOLDER/company_overview_to_minio.py', '--cfg-path', '/tmp/tmprus82df6', '--map-index', '27']
[2026-01-11T13:09:19.429+0000] {standard_task_runner.py:91} INFO - Job 10592: Subtask ingest_overview
[2026-01-11T13:09:19.479+0000] {task_command.py:426} INFO - Running <TaskInstance: company_overview_to_minio.ingest_overview manual__2026-01-11T12:56:17.061685+00:00 map_index=27 [running]> on host 09a10a568fe6
[2026-01-11T13:09:19.578+0000] {taskinstance.py:2648} INFO - Exporting env vars: AIRFLOW_CTX_DAG_OWNER='***' AIRFLOW_CTX_DAG_ID='company_overview_to_minio' AIRFLOW_CTX_TASK_ID='ingest_overview' AIRFLOW_CTX_EXECUTION_DATE='2026-01-11T12:56:17.061685+00:00' AIRFLOW_CTX_TRY_NUMBER='1' AIRFLOW_CTX_DAG_RUN_ID='manual__2026-01-11T12:56:17.061685+00:00'
[2026-01-11T13:09:19.579+0000] {taskinstance.py:430} INFO - ::endgroup::
[2026-01-11T13:09:20.700+0000] {warnings.py:112} WARNING - DataFrame.applymap has been deprecated. Use DataFrame.map instead.

[2026-01-11T13:09:21.836+0000] {warnings.py:112} WARNING - DataFrame.applymap has been deprecated. Use DataFrame.map instead.

[2026-01-11T13:09:23.774+0000] {warnings.py:112} WARNING - DataFrame.applymap has been deprecated. Use DataFrame.map instead.

[2026-01-11T13:09:25.299+0000] {warnings.py:112} WARNING - DataFrame.applymap has been deprecated. Use DataFrame.map instead.

[2026-01-11T13:09:26.446+0000] {warnings.py:112} WARNING - DataFrame.applymap has been deprecated. Use DataFrame.map instead.

[2026-01-11T13:09:27.600+0000] {warnings.py:112} WARNING - DataFrame.applymap has been deprecated. Use DataFrame.map instead.

[2026-01-11T13:09:29.084+0000] {warnings.py:112} WARNING - DataFrame.applymap has been deprecated. Use DataFrame.map instead.

[2026-01-11T13:09:30.253+0000] {warnings.py:112} WARNING - DataFrame.applymap has been deprecated. Use DataFrame.map instead.

[2026-01-11T13:09:55.859+0000] {log.py:232} WARNING - 2026-01-11 13:09:42 - vnstock.core.utils.client - ERROR - API request failed: HTTPSConnectionPool(host='trading.vietcap.com.vn', port=443): Max retries exceeded with url: /data-mt/graphql (Caused by NameResolutionError("<urllib3.connection.HTTPSConnection object at 0x7f6e925a7440>: Failed to resolve 'trading.vietcap.com.vn' ([Errno -3] Temporary failure in name resolution)"))
[2026-01-11T13:09:42.568+0000] {client.py:414} ERROR - API request failed: HTTPSConnectionPool(host='trading.vietcap.com.vn', port=443): Max retries exceeded with url: /data-mt/graphql (Caused by NameResolutionError("<urllib3.connection.HTTPSConnection object at 0x7f6e925a7440>: Failed to resolve 'trading.vietcap.com.vn' ([Errno -3] Temporary failure in name resolution)"))
[2026-01-11T13:09:55.862+0000] {logging_mixin.py:188} INFO - Err overview SAL: API request failed: HTTPSConnectionPool(host='trading.vietcap.com.vn', port=443): Max retries exceeded with url: /data-mt/graphql (Caused by NameResolutionError("<urllib3.connection.HTTPSConnection object at 0x7f6e925a7440>: Failed to resolve 'trading.vietcap.com.vn' ([Errno -3] Temporary failure in name resolution)"))
[2026-01-11T13:09:57.281+0000] {warnings.py:112} WARNING - DataFrame.applymap has been deprecated. Use DataFrame.map instead.

[2026-01-11T13:09:58.520+0000] {warnings.py:112} WARNING - DataFrame.applymap has been deprecated. Use DataFrame.map instead.

[2026-01-11T13:10:10.014+0000] {warnings.py:112} WARNING - DataFrame.applymap has been deprecated. Use DataFrame.map instead.

[2026-01-11T13:10:11.162+0000] {warnings.py:112} WARNING - DataFrame.applymap has been deprecated. Use DataFrame.map instead.

[2026-01-11T13:10:16.307+0000] {logging_mixin.py:188} INFO - Err overview S96: RetryError[<Future at 0x7f6ea0465520 state=finished raised AttributeError>]
[2026-01-11T13:10:18.831+0000] {warnings.py:112} WARNING - DataFrame.applymap has been deprecated. Use DataFrame.map instead.

[2026-01-11T13:10:19.965+0000] {warnings.py:112} WARNING - DataFrame.applymap has been deprecated. Use DataFrame.map instead.

[2026-01-11T13:10:21.123+0000] {warnings.py:112} WARNING - DataFrame.applymap has been deprecated. Use DataFrame.map instead.

[2026-01-11T13:10:22.287+0000] {warnings.py:112} WARNING - DataFrame.applymap has been deprecated. Use DataFrame.map instead.

[2026-01-11T13:10:33.261+0000] {logging_mixin.py:188} INFO - Err overview S27: RetryError[<Future at 0x7f6ea04e85c0 state=finished raised AttributeError>]
[2026-01-11T13:10:37.278+0000] {warnings.py:112} WARNING - DataFrame.applymap has been deprecated. Use DataFrame.map instead.

[2026-01-11T13:10:38.320+0000] {base.py:84} INFO - Using connection ID 'minio_finance' for task execution.
[2026-01-11T13:10:38.321+0000] {connection_wrapper.py:384} INFO - AWS Connection (conn_id='minio_finance', conn_type='aws') credentials retrieved from login and password.
[2026-01-11T13:10:39.152+0000] {datalake_df2csv.py:52} INFO - ✅ Đã upload 17 dòng -> s3://thongtin-congty-va-bctc/overview/date=2026-01-11/batch_27.csv
[2026-01-11T13:10:39.153+0000] {taskinstance.py:441} INFO - ::group::Post task execution logs
[2026-01-11T13:10:39.166+0000] {taskinstance.py:1206} INFO - Marking task as SUCCESS. dag_id=company_overview_to_minio, task_id=ingest_overview, run_id=manual__2026-01-11T12:56:17.061685+00:00, map_index=27, execution_date=20260111T125617, start_date=20260111T130919, end_date=20260111T131039
[2026-01-11T13:10:39.227+0000] {local_task_job_runner.py:243} INFO - Task exited with return code 0
[2026-01-11T13:10:39.256+0000] {taskinstance.py:3503} INFO - 0 downstream tasks scheduled from follow-on schedule check
[2026-01-11T13:10:39.261+0000] {local_task_job_runner.py:222} INFO - ::endgroup::
