[2026-01-01T03:14:14.638+0000] {local_task_job_runner.py:120} INFO - ::group::Pre task execution logs
[2026-01-01T03:14:14.676+0000] {taskinstance.py:2076} INFO - Dependencies all met for dep_context=non-requeueable deps ti=<TaskInstance: thongtin_cty_bctc.ingest_bctc scheduled__2025-12-30T00:00:00+00:00 map_index=29 [queued]>
[2026-01-01T03:14:14.699+0000] {taskinstance.py:2076} INFO - Dependencies all met for dep_context=requeueable deps ti=<TaskInstance: thongtin_cty_bctc.ingest_bctc scheduled__2025-12-30T00:00:00+00:00 map_index=29 [queued]>
[2026-01-01T03:14:14.700+0000] {taskinstance.py:2306} INFO - Starting attempt 4 of 5
[2026-01-01T03:14:14.724+0000] {taskinstance.py:2330} INFO - Executing <Mapped(DfToCsvOperator): ingest_bctc> on 2025-12-30 00:00:00+00:00
[2026-01-01T03:14:14.736+0000] {warnings.py:112} WARNING - This process (pid=33803) is multi-threaded, use of fork() may lead to deadlocks in the child.

[2026-01-01T03:14:14.738+0000] {standard_task_runner.py:64} INFO - Started process 33890 to run task
[2026-01-01T03:14:14.742+0000] {standard_task_runner.py:90} INFO - Running: ['***', 'tasks', 'run', 'thongtin_cty_bctc', 'ingest_bctc', 'scheduled__2025-12-30T00:00:00+00:00', '--job-id', '3552', '--raw', '--subdir', 'DAGS_FOLDER/tt_cty_bctc.py', '--cfg-path', '/tmp/tmp3uzr2yxa', '--map-index', '29']
[2026-01-01T03:14:14.745+0000] {standard_task_runner.py:91} INFO - Job 3552: Subtask ingest_bctc
[2026-01-01T03:14:14.830+0000] {task_command.py:426} INFO - Running <TaskInstance: thongtin_cty_bctc.ingest_bctc scheduled__2025-12-30T00:00:00+00:00 map_index=29 [running]> on host 43b0a0f7606b
[2026-01-01T03:14:14.951+0000] {taskinstance.py:2648} INFO - Exporting env vars: AIRFLOW_CTX_DAG_OWNER='***' AIRFLOW_CTX_DAG_ID='thongtin_cty_bctc' AIRFLOW_CTX_TASK_ID='ingest_bctc' AIRFLOW_CTX_EXECUTION_DATE='2025-12-30T00:00:00+00:00' AIRFLOW_CTX_TRY_NUMBER='4' AIRFLOW_CTX_DAG_RUN_ID='scheduled__2025-12-30T00:00:00+00:00'
[2026-01-01T03:14:14.953+0000] {taskinstance.py:430} INFO - ::endgroup::
[2026-01-01T03:14:14.964+0000] {logging_mixin.py:188} INFO - Bắt đầu xử lý batch 3 mã: ['VNG', 'VNF', 'VNE']
[2026-01-01T03:14:14.965+0000] {logging_mixin.py:188} INFO -  >> Đang lấy dữ liệu: VNG
[2026-01-01T03:14:18.504+0000] {logging_mixin.py:188} INFO -  >> Đang lấy dữ liệu: VNF
[2026-01-01T03:14:21.773+0000] {logging_mixin.py:188} INFO -  >> Đang lấy dữ liệu: VNE
[2026-01-01T03:14:24.919+0000] {logging_mixin.py:188} INFO -  ✓ Hoàn thành batch. Tổng số dòng: 14739
[2026-01-01T03:14:25.018+0000] {base.py:84} INFO - Using connection ID 'minio_finance' for task execution.
[2026-01-01T03:14:25.019+0000] {connection_wrapper.py:384} INFO - AWS Connection (conn_id='minio_finance', conn_type='aws') credentials retrieved from login and password.
[2026-01-01T03:14:25.648+0000] {datalake_df2csv.py:53} INFO - ✅ Đã upload 14739 dòng -> s3://thongtin-congty-va-bctc/bctc/2025-12-30/batch_29.csv
[2026-01-01T03:14:25.651+0000] {taskinstance.py:441} INFO - ::group::Post task execution logs
[2026-01-01T03:14:25.670+0000] {taskinstance.py:1206} INFO - Marking task as SUCCESS. dag_id=thongtin_cty_bctc, task_id=ingest_bctc, run_id=scheduled__2025-12-30T00:00:00+00:00, map_index=29, execution_date=20251230T000000, start_date=20260101T031414, end_date=20260101T031425
[2026-01-01T03:14:26.785+0000] {local_task_job_runner.py:243} INFO - Task exited with return code 0
[2026-01-01T03:14:26.798+0000] {local_task_job_runner.py:222} INFO - ::endgroup::
