[2026-01-13T13:22:15.218+0000] {local_task_job_runner.py:120} INFO - ::group::Pre task execution logs
[2026-01-13T13:22:15.247+0000] {taskinstance.py:2076} INFO - Dependencies all met for dep_context=non-requeueable deps ti=<TaskInstance: company_overview_to_minio.ingest_overview manual__2026-01-13T13:18:09.120057+00:00 map_index=6 [queued]>
[2026-01-13T13:22:15.265+0000] {taskinstance.py:2076} INFO - Dependencies all met for dep_context=requeueable deps ti=<TaskInstance: company_overview_to_minio.ingest_overview manual__2026-01-13T13:18:09.120057+00:00 map_index=6 [queued]>
[2026-01-13T13:22:15.265+0000] {taskinstance.py:2306} INFO - Starting attempt 1 of 2
[2026-01-13T13:22:15.290+0000] {taskinstance.py:2330} INFO - Executing <Mapped(DfToCsvOperator): ingest_overview> on 2026-01-13 13:18:09.120057+00:00
[2026-01-13T13:22:15.318+0000] {warnings.py:112} WARNING - This process (pid=1283) is multi-threaded, use of fork() may lead to deadlocks in the child.

[2026-01-13T13:22:15.321+0000] {standard_task_runner.py:64} INFO - Started process 1364 to run task
[2026-01-13T13:22:15.323+0000] {standard_task_runner.py:90} INFO - Running: ['***', 'tasks', 'run', 'company_overview_to_minio', 'ingest_overview', 'manual__2026-01-13T13:18:09.120057+00:00', '--job-id', '14976', '--raw', '--subdir', 'DAGS_FOLDER/company_overview_to_minio.py', '--cfg-path', '/tmp/tmprowp5yp6', '--map-index', '6']
[2026-01-13T13:22:15.337+0000] {standard_task_runner.py:91} INFO - Job 14976: Subtask ingest_overview
[2026-01-13T13:22:15.426+0000] {task_command.py:426} INFO - Running <TaskInstance: company_overview_to_minio.ingest_overview manual__2026-01-13T13:18:09.120057+00:00 map_index=6 [running]> on host 03cf7cc79cc9
[2026-01-13T13:22:15.699+0000] {taskinstance.py:2648} INFO - Exporting env vars: AIRFLOW_CTX_DAG_OWNER='***' AIRFLOW_CTX_DAG_ID='company_overview_to_minio' AIRFLOW_CTX_TASK_ID='ingest_overview' AIRFLOW_CTX_EXECUTION_DATE='2026-01-13T13:18:09.120057+00:00' AIRFLOW_CTX_TRY_NUMBER='1' AIRFLOW_CTX_DAG_RUN_ID='manual__2026-01-13T13:18:09.120057+00:00'
[2026-01-13T13:22:15.704+0000] {taskinstance.py:430} INFO - ::endgroup::
[2026-01-13T13:22:15.757+0000] {log.py:232} WARNING - 2026-01-13 13:22:15 - vnstock.core.utils.client - ERROR - API request failed: HTTPSConnectionPool(host='trading.vietcap.com.vn', port=443): Max retries exceeded with url: /data-mt/graphql (Caused by NameResolutionError("<urllib3.connection.HTTPSConnection object at 0x7fb998d81a90>: Failed to resolve 'trading.vietcap.com.vn' ([Errno -2] Name or service not known)"))
[2026-01-13T13:22:15.756+0000] {client.py:414} ERROR - API request failed: HTTPSConnectionPool(host='trading.vietcap.com.vn', port=443): Max retries exceeded with url: /data-mt/graphql (Caused by NameResolutionError("<urllib3.connection.HTTPSConnection object at 0x7fb998d81a90>: Failed to resolve 'trading.vietcap.com.vn' ([Errno -2] Name or service not known)"))
[2026-01-13T13:22:17.771+0000] {log.py:232} WARNING - 2026-01-13 13:22:17 - vnstock.core.utils.client - ERROR - API request failed: HTTPSConnectionPool(host='trading.vietcap.com.vn', port=443): Max retries exceeded with url: /data-mt/graphql (Caused by NameResolutionError("<urllib3.connection.HTTPSConnection object at 0x7fb998d83110>: Failed to resolve 'trading.vietcap.com.vn' ([Errno -2] Name or service not known)"))
[2026-01-13T13:22:17.771+0000] {client.py:414} ERROR - API request failed: HTTPSConnectionPool(host='trading.vietcap.com.vn', port=443): Max retries exceeded with url: /data-mt/graphql (Caused by NameResolutionError("<urllib3.connection.HTTPSConnection object at 0x7fb998d83110>: Failed to resolve 'trading.vietcap.com.vn' ([Errno -2] Name or service not known)"))
[2026-01-13T13:22:19.789+0000] {log.py:232} WARNING - 2026-01-13 13:22:19 - vnstock.core.utils.client - ERROR - API request failed: HTTPSConnectionPool(host='trading.vietcap.com.vn', port=443): Max retries exceeded with url: /data-mt/graphql (Caused by NameResolutionError("<urllib3.connection.HTTPSConnection object at 0x7fb998d83ec0>: Failed to resolve 'trading.vietcap.com.vn' ([Errno -2] Name or service not known)"))
[2026-01-13T13:22:19.789+0000] {client.py:414} ERROR - API request failed: HTTPSConnectionPool(host='trading.vietcap.com.vn', port=443): Max retries exceeded with url: /data-mt/graphql (Caused by NameResolutionError("<urllib3.connection.HTTPSConnection object at 0x7fb998d83ec0>: Failed to resolve 'trading.vietcap.com.vn' ([Errno -2] Name or service not known)"))
[2026-01-13T13:22:19.793+0000] {logging_mixin.py:188} INFO - Listing metadata error: RetryError[<Future at 0x7fb998d83a70 state=finished raised ConnectionError>]
[2026-01-13T13:22:19.833+0000] {log.py:232} WARNING - 2026-01-13 13:22:19 - vnstock.core.utils.client - ERROR - API request failed: HTTPSConnectionPool(host='trading.vietcap.com.vn', port=443): Max retries exceeded with url: /data-mt/graphql (Caused by NameResolutionError("<urllib3.connection.HTTPSConnection object at 0x7fb998d81bb0>: Failed to resolve 'trading.vietcap.com.vn' ([Errno -2] Name or service not known)"))
[2026-01-13T13:22:19.833+0000] {client.py:414} ERROR - API request failed: HTTPSConnectionPool(host='trading.vietcap.com.vn', port=443): Max retries exceeded with url: /data-mt/graphql (Caused by NameResolutionError("<urllib3.connection.HTTPSConnection object at 0x7fb998d81bb0>: Failed to resolve 'trading.vietcap.com.vn' ([Errno -2] Name or service not known)"))
[2026-01-13T13:22:19.836+0000] {logging_mixin.py:188} INFO - Err overview VIN: API request failed: HTTPSConnectionPool(host='trading.vietcap.com.vn', port=443): Max retries exceeded with url: /data-mt/graphql (Caused by NameResolutionError("<urllib3.connection.HTTPSConnection object at 0x7fb998d81bb0>: Failed to resolve 'trading.vietcap.com.vn' ([Errno -2] Name or service not known)"))
[2026-01-13T13:22:20.862+0000] {log.py:232} WARNING - 2026-01-13 13:22:20 - vnstock.core.utils.client - ERROR - API request failed: HTTPSConnectionPool(host='trading.vietcap.com.vn', port=443): Max retries exceeded with url: /data-mt/graphql (Caused by NameResolutionError("<urllib3.connection.HTTPSConnection object at 0x7fb998dc8a40>: Failed to resolve 'trading.vietcap.com.vn' ([Errno -2] Name or service not known)"))
[2026-01-13T13:22:20.862+0000] {client.py:414} ERROR - API request failed: HTTPSConnectionPool(host='trading.vietcap.com.vn', port=443): Max retries exceeded with url: /data-mt/graphql (Caused by NameResolutionError("<urllib3.connection.HTTPSConnection object at 0x7fb998dc8a40>: Failed to resolve 'trading.vietcap.com.vn' ([Errno -2] Name or service not known)"))
[2026-01-13T13:22:20.865+0000] {logging_mixin.py:188} INFO - Err overview VIM: API request failed: HTTPSConnectionPool(host='trading.vietcap.com.vn', port=443): Max retries exceeded with url: /data-mt/graphql (Caused by NameResolutionError("<urllib3.connection.HTTPSConnection object at 0x7fb998dc8a40>: Failed to resolve 'trading.vietcap.com.vn' ([Errno -2] Name or service not known)"))
[2026-01-13T13:22:21.887+0000] {log.py:232} WARNING - 2026-01-13 13:22:21 - vnstock.core.utils.client - ERROR - API request failed: HTTPSConnectionPool(host='trading.vietcap.com.vn', port=443): Max retries exceeded with url: /data-mt/graphql (Caused by NameResolutionError("<urllib3.connection.HTTPSConnection object at 0x7fb998dc9bb0>: Failed to resolve 'trading.vietcap.com.vn' ([Errno -2] Name or service not known)"))
[2026-01-13T13:22:21.887+0000] {client.py:414} ERROR - API request failed: HTTPSConnectionPool(host='trading.vietcap.com.vn', port=443): Max retries exceeded with url: /data-mt/graphql (Caused by NameResolutionError("<urllib3.connection.HTTPSConnection object at 0x7fb998dc9bb0>: Failed to resolve 'trading.vietcap.com.vn' ([Errno -2] Name or service not known)"))
[2026-01-13T13:22:21.889+0000] {logging_mixin.py:188} INFO - Err overview VIH: API request failed: HTTPSConnectionPool(host='trading.vietcap.com.vn', port=443): Max retries exceeded with url: /data-mt/graphql (Caused by NameResolutionError("<urllib3.connection.HTTPSConnection object at 0x7fb998dc9bb0>: Failed to resolve 'trading.vietcap.com.vn' ([Errno -2] Name or service not known)"))
[2026-01-13T13:22:24.957+0000] {warnings.py:112} WARNING - DataFrame.applymap has been deprecated. Use DataFrame.map instead.

[2026-01-13T13:22:27.224+0000] {warnings.py:112} WARNING - DataFrame.applymap has been deprecated. Use DataFrame.map instead.

[2026-01-13T13:22:29.450+0000] {warnings.py:112} WARNING - DataFrame.applymap has been deprecated. Use DataFrame.map instead.

[2026-01-13T13:22:46.238+0000] {warnings.py:112} WARNING - DataFrame.applymap has been deprecated. Use DataFrame.map instead.

[2026-01-13T13:22:47.463+0000] {warnings.py:112} WARNING - DataFrame.applymap has been deprecated. Use DataFrame.map instead.

[2026-01-13T13:22:48.640+0000] {warnings.py:112} WARNING - DataFrame.applymap has been deprecated. Use DataFrame.map instead.

[2026-01-13T13:22:50.202+0000] {warnings.py:112} WARNING - DataFrame.applymap has been deprecated. Use DataFrame.map instead.

[2026-01-13T13:22:52.006+0000] {warnings.py:112} WARNING - DataFrame.applymap has been deprecated. Use DataFrame.map instead.

[2026-01-13T13:22:57.230+0000] {logging_mixin.py:188} INFO - Err overview VHI: RetryError[<Future at 0x7fb9d331a330 state=finished raised AttributeError>]
[2026-01-13T13:22:58.474+0000] {warnings.py:112} WARNING - DataFrame.applymap has been deprecated. Use DataFrame.map instead.

[2026-01-13T13:22:59.669+0000] {warnings.py:112} WARNING - DataFrame.applymap has been deprecated. Use DataFrame.map instead.

[2026-01-13T13:23:01.804+0000] {warnings.py:112} WARNING - DataFrame.applymap has been deprecated. Use DataFrame.map instead.

[2026-01-13T13:23:03.217+0000] {warnings.py:112} WARNING - DataFrame.applymap has been deprecated. Use DataFrame.map instead.

[2026-01-13T13:23:04.710+0000] {warnings.py:112} WARNING - DataFrame.applymap has been deprecated. Use DataFrame.map instead.

[2026-01-13T13:23:05.896+0000] {warnings.py:112} WARNING - DataFrame.applymap has been deprecated. Use DataFrame.map instead.

[2026-01-13T13:23:24.091+0000] {log.py:232} WARNING - 2026-01-13 13:23:24 - vnstock.core.utils.client - ERROR - API request failed: ("Connection broken: InvalidChunkLength(got length b'', 0 bytes read)", InvalidChunkLength(got length b'', 0 bytes read))
[2026-01-13T13:23:24.090+0000] {client.py:414} ERROR - API request failed: ("Connection broken: InvalidChunkLength(got length b'', 0 bytes read)", InvalidChunkLength(got length b'', 0 bytes read))
[2026-01-13T13:23:24.108+0000] {logging_mixin.py:188} INFO - Err overview VGV: API request failed: ("Connection broken: InvalidChunkLength(got length b'', 0 bytes read)", InvalidChunkLength(got length b'', 0 bytes read))
[2026-01-13T13:23:25.303+0000] {warnings.py:112} WARNING - DataFrame.applymap has been deprecated. Use DataFrame.map instead.

[2026-01-13T13:23:26.360+0000] {base.py:84} INFO - Using connection ID 'minio_finance' for task execution.
[2026-01-13T13:23:26.361+0000] {connection_wrapper.py:384} INFO - AWS Connection (conn_id='minio_finance', conn_type='aws') credentials retrieved from login and password.
[2026-01-13T13:23:27.123+0000] {datalake_df2csv.py:52} INFO - ✅ Đã upload 15 dòng -> s3://thongtin-congty-va-bctc/overview/date=2026-01-13/batch_6.csv
[2026-01-13T13:23:27.124+0000] {taskinstance.py:441} INFO - ::group::Post task execution logs
[2026-01-13T13:23:27.145+0000] {taskinstance.py:1206} INFO - Marking task as SUCCESS. dag_id=company_overview_to_minio, task_id=ingest_overview, run_id=manual__2026-01-13T13:18:09.120057+00:00, map_index=6, execution_date=20260113T131809, start_date=20260113T132215, end_date=20260113T132327
[2026-01-13T13:23:27.179+0000] {local_task_job_runner.py:243} INFO - Task exited with return code 0
[2026-01-13T13:23:27.214+0000] {taskinstance.py:3503} INFO - 0 downstream tasks scheduled from follow-on schedule check
[2026-01-13T13:23:27.216+0000] {local_task_job_runner.py:222} INFO - ::endgroup::
