[2026-01-01T02:12:09.821+0000] {local_task_job_runner.py:120} INFO - ::group::Pre task execution logs
[2026-01-01T02:12:09.963+0000] {taskinstance.py:2076} INFO - Dependencies all met for dep_context=non-requeueable deps ti=<TaskInstance: thongtin_cty_bctc.ingest_overview scheduled__2025-12-31T00:00:00+00:00 map_index=92 [queued]>
[2026-01-01T02:12:10.021+0000] {taskinstance.py:2076} INFO - Dependencies all met for dep_context=requeueable deps ti=<TaskInstance: thongtin_cty_bctc.ingest_overview scheduled__2025-12-31T00:00:00+00:00 map_index=92 [queued]>
[2026-01-01T02:12:10.021+0000] {taskinstance.py:2306} INFO - Starting attempt 1 of 2
[2026-01-01T02:12:10.073+0000] {taskinstance.py:2330} INFO - Executing <Mapped(DfToCsvOperator): ingest_overview> on 2025-12-31 00:00:00+00:00
[2026-01-01T02:12:10.102+0000] {warnings.py:112} WARNING - This process (pid=3083) is multi-threaded, use of fork() may lead to deadlocks in the child.

[2026-01-01T02:12:10.105+0000] {standard_task_runner.py:64} INFO - Started process 3230 to run task
[2026-01-01T02:12:10.108+0000] {standard_task_runner.py:90} INFO - Running: ['***', 'tasks', 'run', 'thongtin_cty_bctc', 'ingest_overview', 'scheduled__2025-12-31T00:00:00+00:00', '--job-id', '845', '--raw', '--subdir', 'DAGS_FOLDER/tt_cty_bctc.py', '--cfg-path', '/tmp/tmpf0r90ljv', '--map-index', '92']
[2026-01-01T02:12:10.112+0000] {standard_task_runner.py:91} INFO - Job 845: Subtask ingest_overview
[2026-01-01T02:12:10.224+0000] {task_command.py:426} INFO - Running <TaskInstance: thongtin_cty_bctc.ingest_overview scheduled__2025-12-31T00:00:00+00:00 map_index=92 [running]> on host 43b0a0f7606b
[2026-01-01T02:12:10.546+0000] {taskinstance.py:2648} INFO - Exporting env vars: AIRFLOW_CTX_DAG_OWNER='***' AIRFLOW_CTX_DAG_ID='thongtin_cty_bctc' AIRFLOW_CTX_TASK_ID='ingest_overview' AIRFLOW_CTX_EXECUTION_DATE='2025-12-31T00:00:00+00:00' AIRFLOW_CTX_TRY_NUMBER='1' AIRFLOW_CTX_DAG_RUN_ID='scheduled__2025-12-31T00:00:00+00:00'
[2026-01-01T02:12:10.550+0000] {taskinstance.py:430} INFO - ::endgroup::
[2026-01-01T02:12:10.726+0000] {logging_mixin.py:188} INFO - Err overview SIV: Failed to fetch data: 429 - Too Many Requests
[2026-01-01T02:12:10.922+0000] {logging_mixin.py:188} INFO - Err overview SIP: Failed to fetch data: 429 - Too Many Requests
[2026-01-01T02:12:11.059+0000] {logging_mixin.py:188} INFO - Err overview SII: Failed to fetch data: 429 - Too Many Requests
[2026-01-01T02:12:11.230+0000] {logging_mixin.py:188} INFO - Err overview SIG: Failed to fetch data: 429 - Too Many Requests
[2026-01-01T02:12:11.410+0000] {logging_mixin.py:188} INFO - Err overview SID: Failed to fetch data: 429 - Too Many Requests
[2026-01-01T02:12:11.421+0000] {datalake_df2csv.py:40} INFO - DataFrame rỗng, bỏ qua upload CSV.
[2026-01-01T02:12:11.422+0000] {taskinstance.py:441} INFO - ::group::Post task execution logs
[2026-01-01T02:12:11.461+0000] {taskinstance.py:1206} INFO - Marking task as SUCCESS. dag_id=thongtin_cty_bctc, task_id=ingest_overview, run_id=scheduled__2025-12-31T00:00:00+00:00, map_index=92, execution_date=20251231T000000, start_date=20260101T021209, end_date=20260101T021211
[2026-01-01T02:12:11.634+0000] {local_task_job_runner.py:243} INFO - Task exited with return code 0
[2026-01-01T02:12:11.662+0000] {taskinstance.py:3503} INFO - 0 downstream tasks scheduled from follow-on schedule check
[2026-01-01T02:12:11.721+0000] {local_task_job_runner.py:222} INFO - ::endgroup::
