[2026-01-11T04:03:02.552+0000] {local_task_job_runner.py:120} INFO - ::group::Pre task execution logs
[2026-01-11T04:03:02.671+0000] {taskinstance.py:2076} INFO - Dependencies all met for dep_context=non-requeueable deps ti=<TaskInstance: bctc.ingest_bctc manual__2026-01-11T04:01:06+00:00 map_index=65 [queued]>
[2026-01-11T04:03:02.712+0000] {taskinstance.py:2076} INFO - Dependencies all met for dep_context=requeueable deps ti=<TaskInstance: bctc.ingest_bctc manual__2026-01-11T04:01:06+00:00 map_index=65 [queued]>
[2026-01-11T04:03:02.717+0000] {taskinstance.py:2306} INFO - Starting attempt 1 of 2
[2026-01-11T04:03:02.766+0000] {taskinstance.py:2330} INFO - Executing <Mapped(DfToCsvOperator): ingest_bctc> on 2026-01-11 04:01:06+00:00
[2026-01-11T04:03:02.801+0000] {warnings.py:112} WARNING - This process (pid=1964) is multi-threaded, use of fork() may lead to deadlocks in the child.

[2026-01-11T04:03:02.814+0000] {standard_task_runner.py:90} INFO - Running: ['***', 'tasks', 'run', 'bctc', 'ingest_bctc', 'manual__2026-01-11T04:01:06+00:00', '--job-id', '10251', '--raw', '--subdir', 'DAGS_FOLDER/tt_cty_bctc.py', '--cfg-path', '/tmp/tmplsd2p97e', '--map-index', '65']
[2026-01-11T04:03:02.806+0000] {standard_task_runner.py:64} INFO - Started process 2038 to run task
[2026-01-11T04:03:02.819+0000] {standard_task_runner.py:91} INFO - Job 10251: Subtask ingest_bctc
[2026-01-11T04:03:02.927+0000] {task_command.py:426} INFO - Running <TaskInstance: bctc.ingest_bctc manual__2026-01-11T04:01:06+00:00 map_index=65 [running]> on host 3f2af93df813
[2026-01-11T04:03:03.804+0000] {taskinstance.py:2648} INFO - Exporting env vars: AIRFLOW_CTX_DAG_OWNER='***' AIRFLOW_CTX_DAG_ID='bctc' AIRFLOW_CTX_TASK_ID='ingest_bctc' AIRFLOW_CTX_EXECUTION_DATE='2026-01-11T04:01:06+00:00' AIRFLOW_CTX_TRY_NUMBER='1' AIRFLOW_CTX_DAG_RUN_ID='manual__2026-01-11T04:01:06+00:00'
[2026-01-11T04:03:03.805+0000] {taskinstance.py:430} INFO - ::endgroup::
[2026-01-11T04:03:03.827+0000] {logging_mixin.py:188} INFO - Bắt đầu xử lý batch 20 mã: ['DVG', 'DVC', 'DUS', 'DTV', 'DTT', 'DTP', 'DTL', 'DTK', 'DTI', 'DTH', 'DTG', 'DTE', 'DTD', 'DTC', 'DTB', 'DTA', 'DT4', 'DSV', 'DST', 'DSP']
[2026-01-11T04:03:03.828+0000] {logging_mixin.py:188} INFO -  >> Đang lấy dữ liệu: DVG
[2026-01-11T04:03:03.998+0000] {logging_mixin.py:188} INFO -  Lỗi xử lý mã DVG: Failed to fetch data: 429 - Too Many Requests
[2026-01-11T04:03:04.000+0000] {logging_mixin.py:188} INFO -  >> Đang lấy dữ liệu: DVC
[2026-01-11T04:03:04.187+0000] {logging_mixin.py:188} INFO -  Lỗi xử lý mã DVC: Failed to fetch data: 429 - Too Many Requests
[2026-01-11T04:03:04.189+0000] {logging_mixin.py:188} INFO -  >> Đang lấy dữ liệu: DUS
[2026-01-11T04:03:04.329+0000] {logging_mixin.py:188} INFO -  Lỗi xử lý mã DUS: Failed to fetch data: 429 - Too Many Requests
[2026-01-11T04:03:04.330+0000] {logging_mixin.py:188} INFO -  >> Đang lấy dữ liệu: DTV
[2026-01-11T04:03:04.457+0000] {logging_mixin.py:188} INFO -  Lỗi xử lý mã DTV: Failed to fetch data: 429 - Too Many Requests
[2026-01-11T04:03:04.462+0000] {logging_mixin.py:188} INFO -  >> Đang lấy dữ liệu: DTT
[2026-01-11T04:03:04.592+0000] {logging_mixin.py:188} INFO -  Lỗi xử lý mã DTT: Failed to fetch data: 429 - Too Many Requests
[2026-01-11T04:03:04.594+0000] {logging_mixin.py:188} INFO -  >> Đang lấy dữ liệu: DTP
[2026-01-11T04:03:04.711+0000] {logging_mixin.py:188} INFO -  Lỗi xử lý mã DTP: Failed to fetch data: 429 - Too Many Requests
[2026-01-11T04:03:04.713+0000] {logging_mixin.py:188} INFO -  >> Đang lấy dữ liệu: DTL
[2026-01-11T04:03:04.842+0000] {logging_mixin.py:188} INFO -  Lỗi xử lý mã DTL: Failed to fetch data: 429 - Too Many Requests
[2026-01-11T04:03:04.843+0000] {logging_mixin.py:188} INFO -  >> Đang lấy dữ liệu: DTK
[2026-01-11T04:03:05.077+0000] {logging_mixin.py:188} INFO -  Lỗi xử lý mã DTK: Failed to fetch data: 429 - Too Many Requests
[2026-01-11T04:03:05.081+0000] {logging_mixin.py:188} INFO -  >> Đang lấy dữ liệu: DTI
[2026-01-11T04:03:05.231+0000] {logging_mixin.py:188} INFO -  Lỗi xử lý mã DTI: Failed to fetch data: 429 - Too Many Requests
[2026-01-11T04:03:05.232+0000] {logging_mixin.py:188} INFO -  >> Đang lấy dữ liệu: DTH
[2026-01-11T04:03:05.365+0000] {logging_mixin.py:188} INFO -  Lỗi xử lý mã DTH: Failed to fetch data: 429 - Too Many Requests
[2026-01-11T04:03:05.368+0000] {logging_mixin.py:188} INFO -  >> Đang lấy dữ liệu: DTG
[2026-01-11T04:03:05.495+0000] {logging_mixin.py:188} INFO -  Lỗi xử lý mã DTG: Failed to fetch data: 429 - Too Many Requests
[2026-01-11T04:03:05.496+0000] {logging_mixin.py:188} INFO -  >> Đang lấy dữ liệu: DTE
[2026-01-11T04:03:05.611+0000] {logging_mixin.py:188} INFO -  Lỗi xử lý mã DTE: Failed to fetch data: 429 - Too Many Requests
[2026-01-11T04:03:05.613+0000] {logging_mixin.py:188} INFO -  >> Đang lấy dữ liệu: DTD
[2026-01-11T04:03:05.736+0000] {logging_mixin.py:188} INFO -  Lỗi xử lý mã DTD: Failed to fetch data: 429 - Too Many Requests
[2026-01-11T04:03:05.740+0000] {logging_mixin.py:188} INFO -  >> Đang lấy dữ liệu: DTC
[2026-01-11T04:03:05.885+0000] {logging_mixin.py:188} INFO -  Lỗi xử lý mã DTC: Failed to fetch data: 429 - Too Many Requests
[2026-01-11T04:03:05.886+0000] {logging_mixin.py:188} INFO -  >> Đang lấy dữ liệu: DTB
[2026-01-11T04:03:06.013+0000] {logging_mixin.py:188} INFO -  Lỗi xử lý mã DTB: Failed to fetch data: 429 - Too Many Requests
[2026-01-11T04:03:06.014+0000] {logging_mixin.py:188} INFO -  >> Đang lấy dữ liệu: DTA
[2026-01-11T04:03:06.139+0000] {logging_mixin.py:188} INFO -  Lỗi xử lý mã DTA: Failed to fetch data: 429 - Too Many Requests
[2026-01-11T04:03:06.140+0000] {logging_mixin.py:188} INFO -  >> Đang lấy dữ liệu: DT4
[2026-01-11T04:03:06.276+0000] {logging_mixin.py:188} INFO -  Lỗi xử lý mã DT4: Failed to fetch data: 429 - Too Many Requests
[2026-01-11T04:03:06.277+0000] {logging_mixin.py:188} INFO -  >> Đang lấy dữ liệu: DSV
[2026-01-11T04:03:06.412+0000] {logging_mixin.py:188} INFO -  Lỗi xử lý mã DSV: Failed to fetch data: 429 - Too Many Requests
[2026-01-11T04:03:06.416+0000] {logging_mixin.py:188} INFO -  >> Đang lấy dữ liệu: DST
[2026-01-11T04:03:06.552+0000] {logging_mixin.py:188} INFO -  Lỗi xử lý mã DST: Failed to fetch data: 429 - Too Many Requests
[2026-01-11T04:03:06.554+0000] {logging_mixin.py:188} INFO -  >> Đang lấy dữ liệu: DSP
[2026-01-11T04:03:06.721+0000] {logging_mixin.py:188} INFO -  Lỗi xử lý mã DSP: Failed to fetch data: 429 - Too Many Requests
[2026-01-11T04:03:06.723+0000] {logging_mixin.py:188} INFO -  ⚠ Batch này không thu được dữ liệu nào.
[2026-01-11T04:03:06.729+0000] {datalake_df2csv.py:40} INFO - DataFrame rỗng, bỏ qua upload CSV.
[2026-01-11T04:03:06.734+0000] {taskinstance.py:441} INFO - ::group::Post task execution logs
[2026-01-11T04:03:06.761+0000] {taskinstance.py:1206} INFO - Marking task as SUCCESS. dag_id=bctc, task_id=ingest_bctc, run_id=manual__2026-01-11T04:01:06+00:00, map_index=65, execution_date=20260111T040106, start_date=20260111T040302, end_date=20260111T040306
[2026-01-11T04:03:06.858+0000] {local_task_job_runner.py:243} INFO - Task exited with return code 0
[2026-01-11T04:03:06.956+0000] {taskinstance.py:3503} INFO - 0 downstream tasks scheduled from follow-on schedule check
[2026-01-11T04:03:06.966+0000] {local_task_job_runner.py:222} INFO - ::endgroup::
