[2026-01-12T13:48:35.105+0000] {local_task_job_runner.py:120} INFO - ::group::Pre task execution logs
[2026-01-12T13:48:35.155+0000] {taskinstance.py:2076} INFO - Dependencies all met for dep_context=non-requeueable deps ti=<TaskInstance: daily_price_minio.ingest_daily_price scheduled__2026-01-08T16:00:00+00:00 map_index=23 [queued]>
[2026-01-12T13:48:35.179+0000] {taskinstance.py:2076} INFO - Dependencies all met for dep_context=requeueable deps ti=<TaskInstance: daily_price_minio.ingest_daily_price scheduled__2026-01-08T16:00:00+00:00 map_index=23 [queued]>
[2026-01-12T13:48:35.180+0000] {taskinstance.py:2306} INFO - Starting attempt 1 of 2
[2026-01-12T13:48:35.231+0000] {taskinstance.py:2330} INFO - Executing <Mapped(DfToCsvOperator): ingest_daily_price> on 2026-01-08 16:00:00+00:00
[2026-01-12T13:48:35.253+0000] {warnings.py:112} WARNING - This process (pid=11072) is multi-threaded, use of fork() may lead to deadlocks in the child.

[2026-01-12T13:48:35.255+0000] {standard_task_runner.py:64} INFO - Started process 11218 to run task
[2026-01-12T13:48:35.260+0000] {standard_task_runner.py:90} INFO - Running: ['***', 'tasks', 'run', 'daily_price_minio', 'ingest_daily_price', 'scheduled__2026-01-08T16:00:00+00:00', '--job-id', '11633', '--raw', '--subdir', 'DAGS_FOLDER/daily_price_minio.py', '--cfg-path', '/tmp/tmp6_914t49', '--map-index', '23']
[2026-01-12T13:48:35.266+0000] {standard_task_runner.py:91} INFO - Job 11633: Subtask ingest_daily_price
[2026-01-12T13:48:35.428+0000] {task_command.py:426} INFO - Running <TaskInstance: daily_price_minio.ingest_daily_price scheduled__2026-01-08T16:00:00+00:00 map_index=23 [running]> on host 5a20a797a43c
[2026-01-12T13:48:35.642+0000] {taskinstance.py:2648} INFO - Exporting env vars: AIRFLOW_CTX_DAG_OWNER='***' AIRFLOW_CTX_DAG_ID='daily_price_minio' AIRFLOW_CTX_TASK_ID='ingest_daily_price' AIRFLOW_CTX_EXECUTION_DATE='2026-01-08T16:00:00+00:00' AIRFLOW_CTX_TRY_NUMBER='1' AIRFLOW_CTX_DAG_RUN_ID='scheduled__2026-01-08T16:00:00+00:00'
[2026-01-12T13:48:35.644+0000] {taskinstance.py:430} INFO - ::endgroup::
[2026-01-12T13:48:42.124+0000] {logging_mixin.py:188} INFO - VIS: RetryError[<Future at 0x7fef4fd5b2f0 state=finished raised ValueError>]
[2026-01-12T13:48:44.285+0000] {base.py:84} INFO - Using connection ID 'minio_finance' for task execution.
[2026-01-12T13:48:44.301+0000] {connection_wrapper.py:384} INFO - AWS Connection (conn_id='minio_finance', conn_type='aws') credentials retrieved from login and password.
[2026-01-12T13:48:46.462+0000] {datalake_df2csv.py:52} INFO - ✅ Đã upload 12 dòng -> s3://thongtinn-congty-va-bctc/daily_price/2026-01-08/batch_23.csv
[2026-01-12T13:48:46.465+0000] {taskinstance.py:441} INFO - ::group::Post task execution logs
[2026-01-12T13:48:46.501+0000] {taskinstance.py:1206} INFO - Marking task as SUCCESS. dag_id=daily_price_minio, task_id=ingest_daily_price, run_id=scheduled__2026-01-08T16:00:00+00:00, map_index=23, execution_date=20260108T160000, start_date=20260112T134835, end_date=20260112T134846
[2026-01-12T13:48:46.624+0000] {local_task_job_runner.py:243} INFO - Task exited with return code 0
[2026-01-12T13:48:46.680+0000] {local_task_job_runner.py:222} INFO - ::endgroup::
