[2026-01-12T14:09:22.242+0000] {local_task_job_runner.py:120} INFO - ::group::Pre task execution logs
[2026-01-12T14:09:22.300+0000] {taskinstance.py:2076} INFO - Dependencies all met for dep_context=non-requeueable deps ti=<TaskInstance: daily_price_minio.ingest_daily_price manual__2026-01-12T14:07:40.988868+00:00 map_index=70 [queued]>
[2026-01-12T14:09:22.346+0000] {taskinstance.py:2076} INFO - Dependencies all met for dep_context=requeueable deps ti=<TaskInstance: daily_price_minio.ingest_daily_price manual__2026-01-12T14:07:40.988868+00:00 map_index=70 [queued]>
[2026-01-12T14:09:22.347+0000] {taskinstance.py:2306} INFO - Starting attempt 1 of 2
[2026-01-12T14:09:22.384+0000] {taskinstance.py:2330} INFO - Executing <Mapped(DfToCsvOperator): ingest_daily_price> on 2026-01-12 14:07:40.988868+00:00
[2026-01-12T14:09:22.412+0000] {warnings.py:112} WARNING - This process (pid=1257) is multi-threaded, use of fork() may lead to deadlocks in the child.

[2026-01-12T14:09:22.416+0000] {standard_task_runner.py:64} INFO - Started process 1402 to run task
[2026-01-12T14:09:22.420+0000] {standard_task_runner.py:90} INFO - Running: ['***', 'tasks', 'run', 'daily_price_minio', 'ingest_daily_price', 'manual__2026-01-12T14:07:40.988868+00:00', '--job-id', '12404', '--raw', '--subdir', 'DAGS_FOLDER/daily_price_minio.py', '--cfg-path', '/tmp/tmpyibdry67', '--map-index', '70']
[2026-01-12T14:09:22.426+0000] {standard_task_runner.py:91} INFO - Job 12404: Subtask ingest_daily_price
[2026-01-12T14:09:22.609+0000] {task_command.py:426} INFO - Running <TaskInstance: daily_price_minio.ingest_daily_price manual__2026-01-12T14:07:40.988868+00:00 map_index=70 [running]> on host 5a20a797a43c
[2026-01-12T14:09:22.837+0000] {taskinstance.py:2648} INFO - Exporting env vars: AIRFLOW_CTX_DAG_OWNER='***' AIRFLOW_CTX_DAG_ID='daily_price_minio' AIRFLOW_CTX_TASK_ID='ingest_daily_price' AIRFLOW_CTX_EXECUTION_DATE='2026-01-12T14:07:40.988868+00:00' AIRFLOW_CTX_TRY_NUMBER='1' AIRFLOW_CTX_DAG_RUN_ID='manual__2026-01-12T14:07:40.988868+00:00'
[2026-01-12T14:09:22.838+0000] {taskinstance.py:430} INFO - ::endgroup::
[2026-01-12T14:09:26.568+0000] {base.py:84} INFO - Using connection ID 'minio_finance' for task execution.
[2026-01-12T14:09:26.569+0000] {connection_wrapper.py:384} INFO - AWS Connection (conn_id='minio_finance', conn_type='aws') credentials retrieved from login and password.
[2026-01-12T14:09:27.304+0000] {datalake_df2csv.py:52} INFO - ✅ Đã upload 20 dòng -> s3://thongtin-congty-va-bctc/daily_price/2026-01-12/batch_70.csv
[2026-01-12T14:09:27.307+0000] {taskinstance.py:441} INFO - ::group::Post task execution logs
[2026-01-12T14:09:27.322+0000] {taskinstance.py:1206} INFO - Marking task as SUCCESS. dag_id=daily_price_minio, task_id=ingest_daily_price, run_id=manual__2026-01-12T14:07:40.988868+00:00, map_index=70, execution_date=20260112T140740, start_date=20260112T140922, end_date=20260112T140927
[2026-01-12T14:09:27.409+0000] {local_task_job_runner.py:243} INFO - Task exited with return code 0
[2026-01-12T14:09:27.433+0000] {taskinstance.py:3503} INFO - 0 downstream tasks scheduled from follow-on schedule check
[2026-01-12T14:09:27.437+0000] {local_task_job_runner.py:222} INFO - ::endgroup::
