[2026-01-12T15:19:54.392+0000] {local_task_job_runner.py:120} INFO - ::group::Pre task execution logs
[2026-01-12T15:19:54.448+0000] {taskinstance.py:2076} INFO - Dependencies all met for dep_context=non-requeueable deps ti=<TaskInstance: financial_ratios_etl.ingest_financial_ratios manual__2026-01-12T15:14:43+00:00 map_index=310 [queued]>
[2026-01-12T15:19:54.494+0000] {taskinstance.py:2076} INFO - Dependencies all met for dep_context=requeueable deps ti=<TaskInstance: financial_ratios_etl.ingest_financial_ratios manual__2026-01-12T15:14:43+00:00 map_index=310 [queued]>
[2026-01-12T15:19:54.496+0000] {taskinstance.py:2306} INFO - Starting attempt 1 of 2
[2026-01-12T15:19:54.520+0000] {taskinstance.py:2330} INFO - Executing <Mapped(DfToCsvOperator): ingest_financial_ratios> on 2026-01-12 15:14:43+00:00
[2026-01-12T15:19:54.537+0000] {warnings.py:112} WARNING - This process (pid=4110) is multi-threaded, use of fork() may lead to deadlocks in the child.

[2026-01-12T15:19:54.539+0000] {standard_task_runner.py:64} INFO - Started process 4212 to run task
[2026-01-12T15:19:54.542+0000] {standard_task_runner.py:90} INFO - Running: ['***', 'tasks', 'run', 'financial_ratios_etl', 'ingest_financial_ratios', 'manual__2026-01-12T15:14:43+00:00', '--job-id', '14015', '--raw', '--subdir', 'DAGS_FOLDER/financial_ratios_etl.py', '--cfg-path', '/tmp/tmp5riqhxjx', '--map-index', '310']
[2026-01-12T15:19:54.546+0000] {standard_task_runner.py:91} INFO - Job 14015: Subtask ingest_financial_ratios
[2026-01-12T15:19:54.615+0000] {task_command.py:426} INFO - Running <TaskInstance: financial_ratios_etl.ingest_financial_ratios manual__2026-01-12T15:14:43+00:00 map_index=310 [running]> on host 5a20a797a43c
[2026-01-12T15:19:54.788+0000] {taskinstance.py:2648} INFO - Exporting env vars: AIRFLOW_CTX_DAG_OWNER='***' AIRFLOW_CTX_DAG_ID='financial_ratios_etl' AIRFLOW_CTX_TASK_ID='ingest_financial_ratios' AIRFLOW_CTX_EXECUTION_DATE='2026-01-12T15:14:43+00:00' AIRFLOW_CTX_TRY_NUMBER='1' AIRFLOW_CTX_DAG_RUN_ID='manual__2026-01-12T15:14:43+00:00'
[2026-01-12T15:19:54.789+0000] {taskinstance.py:430} INFO - ::endgroup::
[2026-01-12T15:19:54.799+0000] {logging_mixin.py:188} INFO - [RATIO] Bắt đầu xử lý batch 2 mã: ['PVA', 'PV2']
[2026-01-12T15:19:54.799+0000] {logging_mixin.py:188} INFO - [RATIO] Kỳ dữ liệu: quarter
[2026-01-12T15:19:54.800+0000] {logging_mixin.py:188} INFO -  >> [RATIO] Đang lấy dữ liệu: PVA
[2026-01-12T15:19:55.890+0000] {logging_mixin.py:188} INFO -  ✓ [RATIO] PVA: 38 rows
[2026-01-12T15:19:57.889+0000] {logging_mixin.py:188} INFO -  >> [RATIO] Đang lấy dữ liệu: PV2
[2026-01-12T15:19:59.590+0000] {logging_mixin.py:188} INFO -  ✓ [RATIO] PV2: 51 rows
[2026-01-12T15:20:01.594+0000] {logging_mixin.py:188} INFO -  ✅ [RATIO] Hoàn thành batch. Tổng số dòng: 89
[2026-01-12T15:20:01.628+0000] {base.py:84} INFO - Using connection ID 'minio_finance' for task execution.
[2026-01-12T15:20:01.630+0000] {connection_wrapper.py:384} INFO - AWS Connection (conn_id='minio_finance', conn_type='aws') credentials retrieved from login and password.
[2026-01-12T15:20:02.734+0000] {datalake_df2csv.py:52} INFO - ✅ Đã upload 89 dòng -> s3://thongtin-congty-va-bctc/financial_ratios/2026-01-12/batch_310.csv
[2026-01-12T15:20:02.736+0000] {taskinstance.py:441} INFO - ::group::Post task execution logs
[2026-01-12T15:20:02.759+0000] {taskinstance.py:1206} INFO - Marking task as SUCCESS. dag_id=financial_ratios_etl, task_id=ingest_financial_ratios, run_id=manual__2026-01-12T15:14:43+00:00, map_index=310, execution_date=20260112T151443, start_date=20260112T151954, end_date=20260112T152002
[2026-01-12T15:20:02.845+0000] {local_task_job_runner.py:243} INFO - Task exited with return code 0
[2026-01-12T15:20:02.859+0000] {local_task_job_runner.py:222} INFO - ::endgroup::
