[2026-01-01T02:35:42.569+0000] {local_task_job_runner.py:120} INFO - ::group::Pre task execution logs
[2026-01-01T02:35:42.592+0000] {taskinstance.py:2076} INFO - Dependencies all met for dep_context=non-requeueable deps ti=<TaskInstance: thongtin_cty_bctc.ingest_overview scheduled__2025-12-30T00:00:00+00:00 map_index=24 [queued]>
[2026-01-01T02:35:42.605+0000] {taskinstance.py:2076} INFO - Dependencies all met for dep_context=requeueable deps ti=<TaskInstance: thongtin_cty_bctc.ingest_overview scheduled__2025-12-30T00:00:00+00:00 map_index=24 [queued]>
[2026-01-01T02:35:42.606+0000] {taskinstance.py:2306} INFO - Starting attempt 2 of 3
[2026-01-01T02:35:42.618+0000] {taskinstance.py:2330} INFO - Executing <Mapped(DfToCsvOperator): ingest_overview> on 2025-12-30 00:00:00+00:00
[2026-01-01T02:35:42.626+0000] {warnings.py:112} WARNING - This process (pid=15938) is multi-threaded, use of fork() may lead to deadlocks in the child.

[2026-01-01T02:35:42.628+0000] {standard_task_runner.py:64} INFO - Started process 15971 to run task
[2026-01-01T02:35:42.630+0000] {standard_task_runner.py:90} INFO - Running: ['***', 'tasks', 'run', 'thongtin_cty_bctc', 'ingest_overview', 'scheduled__2025-12-30T00:00:00+00:00', '--job-id', '1982', '--raw', '--subdir', 'DAGS_FOLDER/tt_cty_bctc.py', '--cfg-path', '/tmp/tmp5j_l53fm', '--map-index', '24']
[2026-01-01T02:35:42.631+0000] {standard_task_runner.py:91} INFO - Job 1982: Subtask ingest_overview
[2026-01-01T02:35:42.671+0000] {task_command.py:426} INFO - Running <TaskInstance: thongtin_cty_bctc.ingest_overview scheduled__2025-12-30T00:00:00+00:00 map_index=24 [running]> on host 43b0a0f7606b
[2026-01-01T02:35:42.754+0000] {taskinstance.py:2648} INFO - Exporting env vars: AIRFLOW_CTX_DAG_OWNER='***' AIRFLOW_CTX_DAG_ID='thongtin_cty_bctc' AIRFLOW_CTX_TASK_ID='ingest_overview' AIRFLOW_CTX_EXECUTION_DATE='2025-12-30T00:00:00+00:00' AIRFLOW_CTX_TRY_NUMBER='2' AIRFLOW_CTX_DAG_RUN_ID='scheduled__2025-12-30T00:00:00+00:00'
[2026-01-01T02:35:42.755+0000] {taskinstance.py:430} INFO - ::endgroup::
[2026-01-01T02:35:42.879+0000] {logging_mixin.py:188} INFO - Err overview SGO: Failed to fetch data: 429 - Too Many Requests
[2026-01-01T02:35:42.990+0000] {logging_mixin.py:188} INFO - Err overview SGN: Failed to fetch data: 429 - Too Many Requests
[2026-01-01T02:35:43.109+0000] {logging_mixin.py:188} INFO - Err overview SGI: Failed to fetch data: 429 - Too Many Requests
[2026-01-01T02:35:43.249+0000] {logging_mixin.py:188} INFO - Err overview SGH: Failed to fetch data: 429 - Too Many Requests
[2026-01-01T02:35:43.376+0000] {logging_mixin.py:188} INFO - Err overview SGD: Failed to fetch data: 429 - Too Many Requests
[2026-01-01T02:35:43.498+0000] {logging_mixin.py:188} INFO - Err overview SGC: Failed to fetch data: 429 - Too Many Requests
[2026-01-01T02:35:43.634+0000] {logging_mixin.py:188} INFO - Err overview SGB: Failed to fetch data: 429 - Too Many Requests
[2026-01-01T02:35:43.755+0000] {logging_mixin.py:188} INFO - Err overview SFN: Failed to fetch data: 429 - Too Many Requests
[2026-01-01T02:35:43.878+0000] {logging_mixin.py:188} INFO - Err overview SFI: Failed to fetch data: 429 - Too Many Requests
[2026-01-01T02:35:44.011+0000] {logging_mixin.py:188} INFO - Err overview SFG: Failed to fetch data: 429 - Too Many Requests
[2026-01-01T02:35:44.143+0000] {logging_mixin.py:188} INFO - Err overview SFC: Failed to fetch data: 429 - Too Many Requests
[2026-01-01T02:35:44.279+0000] {logging_mixin.py:188} INFO - Err overview SEP: Failed to fetch data: 429 - Too Many Requests
[2026-01-01T02:35:44.415+0000] {logging_mixin.py:188} INFO - Err overview SED: Failed to fetch data: 429 - Too Many Requests
[2026-01-01T02:35:44.547+0000] {logging_mixin.py:188} INFO - Err overview SEB: Failed to fetch data: 429 - Too Many Requests
[2026-01-01T02:35:44.672+0000] {logging_mixin.py:188} INFO - Err overview SEA: Failed to fetch data: 429 - Too Many Requests
[2026-01-01T02:35:44.782+0000] {logging_mixin.py:188} INFO - Err overview SDY: Failed to fetch data: 429 - Too Many Requests
[2026-01-01T02:35:44.906+0000] {logging_mixin.py:188} INFO - Err overview SDX: Failed to fetch data: 429 - Too Many Requests
[2026-01-01T02:35:45.038+0000] {logging_mixin.py:188} INFO - Err overview SDV: Failed to fetch data: 429 - Too Many Requests
[2026-01-01T02:35:45.155+0000] {logging_mixin.py:188} INFO - Err overview SDU: Failed to fetch data: 429 - Too Many Requests
[2026-01-01T02:35:45.274+0000] {logging_mixin.py:188} INFO - Err overview SDT: Failed to fetch data: 429 - Too Many Requests
[2026-01-01T02:35:45.277+0000] {datalake_df2csv.py:40} INFO - DataFrame rỗng, bỏ qua upload CSV.
[2026-01-01T02:35:45.277+0000] {taskinstance.py:441} INFO - ::group::Post task execution logs
[2026-01-01T02:35:45.286+0000] {taskinstance.py:1206} INFO - Marking task as SUCCESS. dag_id=thongtin_cty_bctc, task_id=ingest_overview, run_id=scheduled__2025-12-30T00:00:00+00:00, map_index=24, execution_date=20251230T000000, start_date=20260101T023542, end_date=20260101T023545
[2026-01-01T02:35:45.331+0000] {local_task_job_runner.py:243} INFO - Task exited with return code 0
[2026-01-01T02:35:45.344+0000] {taskinstance.py:3503} INFO - 0 downstream tasks scheduled from follow-on schedule check
[2026-01-01T02:35:45.346+0000] {local_task_job_runner.py:222} INFO - ::endgroup::
