[2026-01-01T02:58:44.748+0000] {local_task_job_runner.py:120} INFO - ::group::Pre task execution logs
[2026-01-01T02:58:44.834+0000] {taskinstance.py:2076} INFO - Dependencies all met for dep_context=non-requeueable deps ti=<TaskInstance: thongtin_cty_bctc.ingest_overview scheduled__2025-12-30T00:00:00+00:00 map_index=24 [queued]>
[2026-01-01T02:58:44.917+0000] {taskinstance.py:2076} INFO - Dependencies all met for dep_context=requeueable deps ti=<TaskInstance: thongtin_cty_bctc.ingest_overview scheduled__2025-12-30T00:00:00+00:00 map_index=24 [queued]>
[2026-01-01T02:58:44.918+0000] {taskinstance.py:2306} INFO - Starting attempt 3 of 4
[2026-01-01T02:58:44.967+0000] {taskinstance.py:2330} INFO - Executing <Mapped(DfToCsvOperator): ingest_overview> on 2025-12-30 00:00:00+00:00
[2026-01-01T02:58:44.988+0000] {warnings.py:112} WARNING - This process (pid=21013) is multi-threaded, use of fork() may lead to deadlocks in the child.

[2026-01-01T02:58:44.995+0000] {standard_task_runner.py:64} INFO - Started process 21126 to run task
[2026-01-01T02:58:44.994+0000] {standard_task_runner.py:90} INFO - Running: ['***', 'tasks', 'run', 'thongtin_cty_bctc', 'ingest_overview', 'scheduled__2025-12-30T00:00:00+00:00', '--job-id', '2423', '--raw', '--subdir', 'DAGS_FOLDER/tt_cty_bctc.py', '--cfg-path', '/tmp/tmpgaavjs0m', '--map-index', '24']
[2026-01-01T02:58:44.997+0000] {standard_task_runner.py:91} INFO - Job 2423: Subtask ingest_overview
[2026-01-01T02:58:45.149+0000] {task_command.py:426} INFO - Running <TaskInstance: thongtin_cty_bctc.ingest_overview scheduled__2025-12-30T00:00:00+00:00 map_index=24 [running]> on host 43b0a0f7606b
[2026-01-01T02:58:45.387+0000] {taskinstance.py:2648} INFO - Exporting env vars: AIRFLOW_CTX_DAG_OWNER='***' AIRFLOW_CTX_DAG_ID='thongtin_cty_bctc' AIRFLOW_CTX_TASK_ID='ingest_overview' AIRFLOW_CTX_EXECUTION_DATE='2025-12-30T00:00:00+00:00' AIRFLOW_CTX_TRY_NUMBER='3' AIRFLOW_CTX_DAG_RUN_ID='scheduled__2025-12-30T00:00:00+00:00'
[2026-01-01T02:58:45.389+0000] {taskinstance.py:430} INFO - ::endgroup::
[2026-01-01T02:58:45.615+0000] {logging_mixin.py:188} INFO - Err overview HHV: Failed to fetch data: 429 - Too Many Requests
[2026-01-01T02:58:46.780+0000] {logging_mixin.py:188} INFO - Err overview VTO: Failed to fetch data: 429 - Too Many Requests
[2026-01-01T02:58:47.945+0000] {logging_mixin.py:188} INFO - Err overview ANV: Failed to fetch data: 429 - Too Many Requests
[2026-01-01T02:58:48.952+0000] {datalake_df2csv.py:40} INFO - DataFrame rỗng, bỏ qua upload CSV.
[2026-01-01T02:58:48.953+0000] {taskinstance.py:441} INFO - ::group::Post task execution logs
[2026-01-01T02:58:48.968+0000] {taskinstance.py:1206} INFO - Marking task as SUCCESS. dag_id=thongtin_cty_bctc, task_id=ingest_overview, run_id=scheduled__2025-12-30T00:00:00+00:00, map_index=24, execution_date=20251230T000000, start_date=20260101T025844, end_date=20260101T025848
[2026-01-01T02:58:49.556+0000] {local_task_job_runner.py:243} INFO - Task exited with return code 0
[2026-01-01T02:58:49.603+0000] {taskinstance.py:3503} INFO - 0 downstream tasks scheduled from follow-on schedule check
[2026-01-01T02:58:49.612+0000] {local_task_job_runner.py:222} INFO - ::endgroup::
