[2026-01-01T02:17:22.449+0000] {local_task_job_runner.py:120} INFO - ::group::Pre task execution logs
[2026-01-01T02:17:22.613+0000] {taskinstance.py:2076} INFO - Dependencies all met for dep_context=non-requeueable deps ti=<TaskInstance: thongtin_cty_bctc.ingest_bctc scheduled__2025-12-31T00:00:00+00:00 map_index=254 [queued]>
[2026-01-01T02:17:23.032+0000] {taskinstance.py:2076} INFO - Dependencies all met for dep_context=requeueable deps ti=<TaskInstance: thongtin_cty_bctc.ingest_bctc scheduled__2025-12-31T00:00:00+00:00 map_index=254 [queued]>
[2026-01-01T02:17:23.033+0000] {taskinstance.py:2306} INFO - Starting attempt 1 of 2
[2026-01-01T02:17:23.065+0000] {taskinstance.py:2330} INFO - Executing <Mapped(DfToCsvOperator): ingest_bctc> on 2025-12-31 00:00:00+00:00
[2026-01-01T02:17:23.083+0000] {warnings.py:112} WARNING - This process (pid=9190) is multi-threaded, use of fork() may lead to deadlocks in the child.

[2026-01-01T02:17:23.085+0000] {standard_task_runner.py:64} INFO - Started process 9307 to run task
[2026-01-01T02:17:23.093+0000] {standard_task_runner.py:90} INFO - Running: ['***', 'tasks', 'run', 'thongtin_cty_bctc', 'ingest_bctc', 'scheduled__2025-12-31T00:00:00+00:00', '--job-id', '1390', '--raw', '--subdir', 'DAGS_FOLDER/tt_cty_bctc.py', '--cfg-path', '/tmp/tmpskyddtq4', '--map-index', '254']
[2026-01-01T02:17:23.095+0000] {standard_task_runner.py:91} INFO - Job 1390: Subtask ingest_bctc
[2026-01-01T02:17:23.178+0000] {task_command.py:426} INFO - Running <TaskInstance: thongtin_cty_bctc.ingest_bctc scheduled__2025-12-31T00:00:00+00:00 map_index=254 [running]> on host 43b0a0f7606b
[2026-01-01T02:17:23.357+0000] {taskinstance.py:2648} INFO - Exporting env vars: AIRFLOW_CTX_DAG_OWNER='***' AIRFLOW_CTX_DAG_ID='thongtin_cty_bctc' AIRFLOW_CTX_TASK_ID='ingest_bctc' AIRFLOW_CTX_EXECUTION_DATE='2025-12-31T00:00:00+00:00' AIRFLOW_CTX_TRY_NUMBER='1' AIRFLOW_CTX_DAG_RUN_ID='scheduled__2025-12-31T00:00:00+00:00'
[2026-01-01T02:17:23.358+0000] {taskinstance.py:430} INFO - ::endgroup::
[2026-01-01T02:17:23.367+0000] {logging_mixin.py:188} INFO - Bắt đầu xử lý batch 5 mã: ['EMG', 'EME', 'EMC', 'ELC', 'EIN']
[2026-01-01T02:17:23.367+0000] {logging_mixin.py:188} INFO -  >> Đang lấy dữ liệu: EMG
[2026-01-01T02:17:23.484+0000] {logging_mixin.py:188} INFO -  Lỗi xử lý mã EMG: Failed to fetch data: 429 - Too Many Requests
[2026-01-01T02:17:23.485+0000] {logging_mixin.py:188} INFO -  >> Đang lấy dữ liệu: EME
[2026-01-01T02:17:23.598+0000] {logging_mixin.py:188} INFO -  Lỗi xử lý mã EME: Failed to fetch data: 429 - Too Many Requests
[2026-01-01T02:17:23.600+0000] {logging_mixin.py:188} INFO -  >> Đang lấy dữ liệu: EMC
[2026-01-01T02:17:23.708+0000] {logging_mixin.py:188} INFO -  Lỗi xử lý mã EMC: Failed to fetch data: 429 - Too Many Requests
[2026-01-01T02:17:23.709+0000] {logging_mixin.py:188} INFO -  >> Đang lấy dữ liệu: ELC
[2026-01-01T02:17:23.823+0000] {logging_mixin.py:188} INFO -  Lỗi xử lý mã ELC: Failed to fetch data: 429 - Too Many Requests
[2026-01-01T02:17:23.825+0000] {logging_mixin.py:188} INFO -  >> Đang lấy dữ liệu: EIN
[2026-01-01T02:17:23.955+0000] {logging_mixin.py:188} INFO -  Lỗi xử lý mã EIN: Failed to fetch data: 429 - Too Many Requests
[2026-01-01T02:17:23.958+0000] {logging_mixin.py:188} INFO -  ⚠ Batch này không thu được dữ liệu nào.
[2026-01-01T02:17:23.966+0000] {datalake_df2csv.py:40} INFO - DataFrame rỗng, bỏ qua upload CSV.
[2026-01-01T02:17:23.967+0000] {taskinstance.py:441} INFO - ::group::Post task execution logs
[2026-01-01T02:17:24.010+0000] {taskinstance.py:1206} INFO - Marking task as SUCCESS. dag_id=thongtin_cty_bctc, task_id=ingest_bctc, run_id=scheduled__2025-12-31T00:00:00+00:00, map_index=254, execution_date=20251231T000000, start_date=20260101T021722, end_date=20260101T021724
[2026-01-01T02:17:24.068+0000] {local_task_job_runner.py:243} INFO - Task exited with return code 0
[2026-01-01T02:17:24.083+0000] {local_task_job_runner.py:222} INFO - ::endgroup::
