[2026-01-01T09:10:50.636+0000] {local_task_job_runner.py:120} INFO - ::group::Pre task execution logs
[2026-01-01T09:10:50.692+0000] {taskinstance.py:2076} INFO - Dependencies all met for dep_context=non-requeueable deps ti=<TaskInstance: thongtin_cty_bctc.ingest_overview scheduled__2025-12-30T00:00:00+00:00 map_index=128 [queued]>
[2026-01-01T09:10:50.737+0000] {taskinstance.py:2076} INFO - Dependencies all met for dep_context=requeueable deps ti=<TaskInstance: thongtin_cty_bctc.ingest_overview scheduled__2025-12-30T00:00:00+00:00 map_index=128 [queued]>
[2026-01-01T09:10:50.738+0000] {taskinstance.py:2306} INFO - Starting attempt 1 of 2
[2026-01-01T09:10:50.754+0000] {taskinstance.py:2330} INFO - Executing <Mapped(DfToCsvOperator): ingest_overview> on 2025-12-30 00:00:00+00:00
[2026-01-01T09:10:50.767+0000] {warnings.py:112} WARNING - This process (pid=13322) is multi-threaded, use of fork() may lead to deadlocks in the child.

[2026-01-01T09:10:50.769+0000] {standard_task_runner.py:64} INFO - Started process 13357 to run task
[2026-01-01T09:10:50.772+0000] {standard_task_runner.py:90} INFO - Running: ['***', 'tasks', 'run', 'thongtin_cty_bctc', 'ingest_overview', 'scheduled__2025-12-30T00:00:00+00:00', '--job-id', '4809', '--raw', '--subdir', 'DAGS_FOLDER/tt_cty_bctc.py', '--cfg-path', '/tmp/tmpo8mzj102', '--map-index', '128']
[2026-01-01T09:10:50.774+0000] {standard_task_runner.py:91} INFO - Job 4809: Subtask ingest_overview
[2026-01-01T09:10:50.837+0000] {task_command.py:426} INFO - Running <TaskInstance: thongtin_cty_bctc.ingest_overview scheduled__2025-12-30T00:00:00+00:00 map_index=128 [running]> on host b455963a0603
[2026-01-01T09:10:51.312+0000] {taskinstance.py:2648} INFO - Exporting env vars: AIRFLOW_CTX_DAG_OWNER='***' AIRFLOW_CTX_DAG_ID='thongtin_cty_bctc' AIRFLOW_CTX_TASK_ID='ingest_overview' AIRFLOW_CTX_EXECUTION_DATE='2025-12-30T00:00:00+00:00' AIRFLOW_CTX_TRY_NUMBER='1' AIRFLOW_CTX_DAG_RUN_ID='scheduled__2025-12-30T00:00:00+00:00'
[2026-01-01T09:10:51.321+0000] {taskinstance.py:430} INFO - ::endgroup::
[2026-01-01T09:10:51.599+0000] {warnings.py:112} WARNING - DataFrame.applymap has been deprecated. Use DataFrame.map instead.

[2026-01-01T09:10:52.805+0000] {warnings.py:112} WARNING - DataFrame.applymap has been deprecated. Use DataFrame.map instead.

[2026-01-01T09:10:54.079+0000] {warnings.py:112} WARNING - DataFrame.applymap has been deprecated. Use DataFrame.map instead.

[2026-01-01T09:10:55.137+0000] {base.py:84} INFO - Using connection ID 'minio_finance' for task execution.
[2026-01-01T09:10:55.140+0000] {connection_wrapper.py:384} INFO - AWS Connection (conn_id='minio_finance', conn_type='aws') credentials retrieved from login and password.
[2026-01-01T09:10:55.886+0000] {datalake_df2csv.py:53} INFO - ✅ Đã upload 3 dòng -> s3://thongtin-congty-va-bctc/overview/2025-12-30/batch_128.csv
[2026-01-01T09:10:55.888+0000] {taskinstance.py:441} INFO - ::group::Post task execution logs
[2026-01-01T09:10:55.900+0000] {taskinstance.py:1206} INFO - Marking task as SUCCESS. dag_id=thongtin_cty_bctc, task_id=ingest_overview, run_id=scheduled__2025-12-30T00:00:00+00:00, map_index=128, execution_date=20251230T000000, start_date=20260101T091050, end_date=20260101T091055
[2026-01-01T09:10:55.964+0000] {local_task_job_runner.py:243} INFO - Task exited with return code 0
[2026-01-01T09:10:56.259+0000] {taskinstance.py:3503} INFO - 0 downstream tasks scheduled from follow-on schedule check
[2026-01-01T09:10:56.346+0000] {local_task_job_runner.py:222} INFO - ::endgroup::
