[2026-01-01T03:11:29.771+0000] {local_task_job_runner.py:120} INFO - ::group::Pre task execution logs
[2026-01-01T03:11:29.858+0000] {taskinstance.py:2076} INFO - Dependencies all met for dep_context=non-requeueable deps ti=<TaskInstance: thongtin_cty_bctc.ingest_overview manual__2026-01-01T02:33:01.279885+00:00 map_index=4 [queued]>
[2026-01-01T03:11:29.888+0000] {taskinstance.py:2076} INFO - Dependencies all met for dep_context=requeueable deps ti=<TaskInstance: thongtin_cty_bctc.ingest_overview manual__2026-01-01T02:33:01.279885+00:00 map_index=4 [queued]>
[2026-01-01T03:11:29.890+0000] {taskinstance.py:2306} INFO - Starting attempt 2 of 3
[2026-01-01T03:11:29.951+0000] {taskinstance.py:2330} INFO - Executing <Mapped(DfToCsvOperator): ingest_overview> on 2026-01-01 02:33:01.279885+00:00
[2026-01-01T03:11:29.974+0000] {standard_task_runner.py:90} INFO - Running: ['***', 'tasks', 'run', 'thongtin_cty_bctc', 'ingest_overview', 'manual__2026-01-01T02:33:01.279885+00:00', '--job-id', '3448', '--raw', '--subdir', 'DAGS_FOLDER/tt_cty_bctc.py', '--cfg-path', '/tmp/tmpipj1b_67', '--map-index', '4']
[2026-01-01T03:11:29.978+0000] {standard_task_runner.py:91} INFO - Job 3448: Subtask ingest_overview
[2026-01-01T03:11:29.978+0000] {warnings.py:112} WARNING - This process (pid=32479) is multi-threaded, use of fork() may lead to deadlocks in the child.

[2026-01-01T03:11:29.979+0000] {standard_task_runner.py:64} INFO - Started process 32633 to run task
[2026-01-01T03:11:30.165+0000] {task_command.py:426} INFO - Running <TaskInstance: thongtin_cty_bctc.ingest_overview manual__2026-01-01T02:33:01.279885+00:00 map_index=4 [running]> on host 43b0a0f7606b
[2026-01-01T03:11:30.498+0000] {taskinstance.py:2648} INFO - Exporting env vars: AIRFLOW_CTX_DAG_OWNER='***' AIRFLOW_CTX_DAG_ID='thongtin_cty_bctc' AIRFLOW_CTX_TASK_ID='ingest_overview' AIRFLOW_CTX_EXECUTION_DATE='2026-01-01T02:33:01.279885+00:00' AIRFLOW_CTX_TRY_NUMBER='2' AIRFLOW_CTX_DAG_RUN_ID='manual__2026-01-01T02:33:01.279885+00:00'
[2026-01-01T03:11:30.502+0000] {taskinstance.py:430} INFO - ::endgroup::
[2026-01-01T03:11:30.918+0000] {warnings.py:112} WARNING - DataFrame.applymap has been deprecated. Use DataFrame.map instead.

[2026-01-01T03:11:32.282+0000] {warnings.py:112} WARNING - DataFrame.applymap has been deprecated. Use DataFrame.map instead.

[2026-01-01T03:11:33.438+0000] {warnings.py:112} WARNING - DataFrame.applymap has been deprecated. Use DataFrame.map instead.

[2026-01-01T03:11:34.484+0000] {base.py:84} INFO - Using connection ID 'minio_finance' for task execution.
[2026-01-01T03:11:34.486+0000] {connection_wrapper.py:384} INFO - AWS Connection (conn_id='minio_finance', conn_type='aws') credentials retrieved from login and password.
[2026-01-01T03:11:37.340+0000] {datalake_df2csv.py:53} INFO - ✅ Đã upload 3 dòng -> s3://thongtin-congty-va-bctc/overview/2026-01-01/batch_4.csv
[2026-01-01T03:11:37.343+0000] {taskinstance.py:441} INFO - ::group::Post task execution logs
[2026-01-01T03:11:37.397+0000] {taskinstance.py:1206} INFO - Marking task as SUCCESS. dag_id=thongtin_cty_bctc, task_id=ingest_overview, run_id=manual__2026-01-01T02:33:01.279885+00:00, map_index=4, execution_date=20260101T023301, start_date=20260101T031129, end_date=20260101T031137
[2026-01-01T03:11:37.509+0000] {local_task_job_runner.py:243} INFO - Task exited with return code 0
[2026-01-01T03:11:37.525+0000] {local_task_job_runner.py:222} INFO - ::endgroup::
