[2026-01-01T09:15:38.226+0000] {local_task_job_runner.py:120} INFO - ::group::Pre task execution logs
[2026-01-01T09:15:38.324+0000] {taskinstance.py:2076} INFO - Dependencies all met for dep_context=non-requeueable deps ti=<TaskInstance: thongtin_cty_bctc.ingest_overview scheduled__2025-12-30T00:00:00+00:00 map_index=214 [queued]>
[2026-01-01T09:15:38.626+0000] {taskinstance.py:2076} INFO - Dependencies all met for dep_context=requeueable deps ti=<TaskInstance: thongtin_cty_bctc.ingest_overview scheduled__2025-12-30T00:00:00+00:00 map_index=214 [queued]>
[2026-01-01T09:15:38.627+0000] {taskinstance.py:2306} INFO - Starting attempt 1 of 2
[2026-01-01T09:15:38.658+0000] {taskinstance.py:2330} INFO - Executing <Mapped(DfToCsvOperator): ingest_overview> on 2025-12-30 00:00:00+00:00
[2026-01-01T09:15:38.679+0000] {warnings.py:112} WARNING - This process (pid=16789) is multi-threaded, use of fork() may lead to deadlocks in the child.

[2026-01-01T09:15:38.681+0000] {standard_task_runner.py:64} INFO - Started process 16817 to run task
[2026-01-01T09:15:38.684+0000] {standard_task_runner.py:90} INFO - Running: ['***', 'tasks', 'run', 'thongtin_cty_bctc', 'ingest_overview', 'scheduled__2025-12-30T00:00:00+00:00', '--job-id', '5072', '--raw', '--subdir', 'DAGS_FOLDER/tt_cty_bctc.py', '--cfg-path', '/tmp/tmp557e_yrc', '--map-index', '214']
[2026-01-01T09:15:38.689+0000] {standard_task_runner.py:91} INFO - Job 5072: Subtask ingest_overview
[2026-01-01T09:15:38.777+0000] {task_command.py:426} INFO - Running <TaskInstance: thongtin_cty_bctc.ingest_overview scheduled__2025-12-30T00:00:00+00:00 map_index=214 [running]> on host b455963a0603
[2026-01-01T09:15:38.974+0000] {taskinstance.py:2648} INFO - Exporting env vars: AIRFLOW_CTX_DAG_OWNER='***' AIRFLOW_CTX_DAG_ID='thongtin_cty_bctc' AIRFLOW_CTX_TASK_ID='ingest_overview' AIRFLOW_CTX_EXECUTION_DATE='2025-12-30T00:00:00+00:00' AIRFLOW_CTX_TRY_NUMBER='1' AIRFLOW_CTX_DAG_RUN_ID='scheduled__2025-12-30T00:00:00+00:00'
[2026-01-01T09:15:38.975+0000] {taskinstance.py:430} INFO - ::endgroup::
[2026-01-01T09:15:39.324+0000] {warnings.py:112} WARNING - DataFrame.applymap has been deprecated. Use DataFrame.map instead.

[2026-01-01T09:15:40.586+0000] {warnings.py:112} WARNING - DataFrame.applymap has been deprecated. Use DataFrame.map instead.

[2026-01-01T09:15:45.870+0000] {logging_mixin.py:188} INFO - Err overview PSG: RetryError[<Future at 0x7f268410c3e0 state=finished raised AttributeError>]
[2026-01-01T09:15:46.907+0000] {base.py:84} INFO - Using connection ID 'minio_finance' for task execution.
[2026-01-01T09:15:46.908+0000] {connection_wrapper.py:384} INFO - AWS Connection (conn_id='minio_finance', conn_type='aws') credentials retrieved from login and password.
[2026-01-01T09:15:47.689+0000] {datalake_df2csv.py:53} INFO - ✅ Đã upload 2 dòng -> s3://thongtin-congty-va-bctc/overview/2025-12-30/batch_214.csv
[2026-01-01T09:15:47.690+0000] {taskinstance.py:441} INFO - ::group::Post task execution logs
[2026-01-01T09:15:47.705+0000] {taskinstance.py:1206} INFO - Marking task as SUCCESS. dag_id=thongtin_cty_bctc, task_id=ingest_overview, run_id=scheduled__2025-12-30T00:00:00+00:00, map_index=214, execution_date=20251230T000000, start_date=20260101T091538, end_date=20260101T091547
[2026-01-01T09:15:47.761+0000] {local_task_job_runner.py:243} INFO - Task exited with return code 0
[2026-01-01T09:15:47.816+0000] {local_task_job_runner.py:222} INFO - ::endgroup::
