[2026-01-01T09:15:48.320+0000] {local_task_job_runner.py:120} INFO - ::group::Pre task execution logs
[2026-01-01T09:15:48.515+0000] {taskinstance.py:2076} INFO - Dependencies all met for dep_context=non-requeueable deps ti=<TaskInstance: thongtin_cty_bctc.ingest_overview scheduled__2025-12-30T00:00:00+00:00 map_index=216 [queued]>
[2026-01-01T09:15:48.873+0000] {taskinstance.py:2076} INFO - Dependencies all met for dep_context=requeueable deps ti=<TaskInstance: thongtin_cty_bctc.ingest_overview scheduled__2025-12-30T00:00:00+00:00 map_index=216 [queued]>
[2026-01-01T09:15:48.874+0000] {taskinstance.py:2306} INFO - Starting attempt 1 of 2
[2026-01-01T09:15:48.897+0000] {taskinstance.py:2330} INFO - Executing <Mapped(DfToCsvOperator): ingest_overview> on 2025-12-30 00:00:00+00:00
[2026-01-01T09:15:48.917+0000] {warnings.py:112} WARNING - This process (pid=16875) is multi-threaded, use of fork() may lead to deadlocks in the child.

[2026-01-01T09:15:48.919+0000] {standard_task_runner.py:64} INFO - Started process 16945 to run task
[2026-01-01T09:15:48.923+0000] {standard_task_runner.py:90} INFO - Running: ['***', 'tasks', 'run', 'thongtin_cty_bctc', 'ingest_overview', 'scheduled__2025-12-30T00:00:00+00:00', '--job-id', '5083', '--raw', '--subdir', 'DAGS_FOLDER/tt_cty_bctc.py', '--cfg-path', '/tmp/tmp6bmhiibr', '--map-index', '216']
[2026-01-01T09:15:48.926+0000] {standard_task_runner.py:91} INFO - Job 5083: Subtask ingest_overview
[2026-01-01T09:15:49.034+0000] {task_command.py:426} INFO - Running <TaskInstance: thongtin_cty_bctc.ingest_overview scheduled__2025-12-30T00:00:00+00:00 map_index=216 [running]> on host b455963a0603
[2026-01-01T09:15:49.267+0000] {taskinstance.py:2648} INFO - Exporting env vars: AIRFLOW_CTX_DAG_OWNER='***' AIRFLOW_CTX_DAG_ID='thongtin_cty_bctc' AIRFLOW_CTX_TASK_ID='ingest_overview' AIRFLOW_CTX_EXECUTION_DATE='2025-12-30T00:00:00+00:00' AIRFLOW_CTX_TRY_NUMBER='1' AIRFLOW_CTX_DAG_RUN_ID='scheduled__2025-12-30T00:00:00+00:00'
[2026-01-01T09:15:49.269+0000] {taskinstance.py:430} INFO - ::endgroup::
[2026-01-01T09:15:49.514+0000] {warnings.py:112} WARNING - DataFrame.applymap has been deprecated. Use DataFrame.map instead.

[2026-01-01T09:15:50.854+0000] {warnings.py:112} WARNING - DataFrame.applymap has been deprecated. Use DataFrame.map instead.

[2026-01-01T09:15:52.165+0000] {warnings.py:112} WARNING - DataFrame.applymap has been deprecated. Use DataFrame.map instead.

[2026-01-01T09:15:53.212+0000] {base.py:84} INFO - Using connection ID 'minio_finance' for task execution.
[2026-01-01T09:15:53.214+0000] {connection_wrapper.py:384} INFO - AWS Connection (conn_id='minio_finance', conn_type='aws') credentials retrieved from login and password.
[2026-01-01T09:15:54.333+0000] {datalake_df2csv.py:53} INFO - ✅ Đã upload 3 dòng -> s3://thongtin-congty-va-bctc/overview/2025-12-30/batch_216.csv
[2026-01-01T09:15:54.334+0000] {taskinstance.py:441} INFO - ::group::Post task execution logs
[2026-01-01T09:15:54.355+0000] {taskinstance.py:1206} INFO - Marking task as SUCCESS. dag_id=thongtin_cty_bctc, task_id=ingest_overview, run_id=scheduled__2025-12-30T00:00:00+00:00, map_index=216, execution_date=20251230T000000, start_date=20260101T091548, end_date=20260101T091554
[2026-01-01T09:15:54.453+0000] {local_task_job_runner.py:243} INFO - Task exited with return code 0
[2026-01-01T09:15:54.488+0000] {local_task_job_runner.py:222} INFO - ::endgroup::
