[2026-01-01T02:12:24.584+0000] {local_task_job_runner.py:120} INFO - ::group::Pre task execution logs
[2026-01-01T02:12:24.673+0000] {taskinstance.py:2076} INFO - Dependencies all met for dep_context=non-requeueable deps ti=<TaskInstance: thongtin_cty_bctc.ingest_overview scheduled__2025-12-31T00:00:00+00:00 map_index=100 [queued]>
[2026-01-01T02:12:24.750+0000] {taskinstance.py:2076} INFO - Dependencies all met for dep_context=requeueable deps ti=<TaskInstance: thongtin_cty_bctc.ingest_overview scheduled__2025-12-31T00:00:00+00:00 map_index=100 [queued]>
[2026-01-01T02:12:24.753+0000] {taskinstance.py:2306} INFO - Starting attempt 1 of 2
[2026-01-01T02:12:24.790+0000] {taskinstance.py:2330} INFO - Executing <Mapped(DfToCsvOperator): ingest_overview> on 2025-12-31 00:00:00+00:00
[2026-01-01T02:12:24.811+0000] {warnings.py:112} WARNING - This process (pid=3429) is multi-threaded, use of fork() may lead to deadlocks in the child.

[2026-01-01T02:12:24.812+0000] {standard_task_runner.py:64} INFO - Started process 3546 to run task
[2026-01-01T02:12:24.839+0000] {standard_task_runner.py:90} INFO - Running: ['***', 'tasks', 'run', 'thongtin_cty_bctc', 'ingest_overview', 'scheduled__2025-12-31T00:00:00+00:00', '--job-id', '875', '--raw', '--subdir', 'DAGS_FOLDER/tt_cty_bctc.py', '--cfg-path', '/tmp/tmpe5ve3rxw', '--map-index', '100']
[2026-01-01T02:12:24.842+0000] {standard_task_runner.py:91} INFO - Job 875: Subtask ingest_overview
[2026-01-01T02:12:24.996+0000] {task_command.py:426} INFO - Running <TaskInstance: thongtin_cty_bctc.ingest_overview scheduled__2025-12-31T00:00:00+00:00 map_index=100 [running]> on host 43b0a0f7606b
[2026-01-01T02:12:25.895+0000] {taskinstance.py:2648} INFO - Exporting env vars: AIRFLOW_CTX_DAG_OWNER='***' AIRFLOW_CTX_DAG_ID='thongtin_cty_bctc' AIRFLOW_CTX_TASK_ID='ingest_overview' AIRFLOW_CTX_EXECUTION_DATE='2025-12-31T00:00:00+00:00' AIRFLOW_CTX_TRY_NUMBER='1' AIRFLOW_CTX_DAG_RUN_ID='scheduled__2025-12-31T00:00:00+00:00'
[2026-01-01T02:12:25.899+0000] {taskinstance.py:430} INFO - ::endgroup::
[2026-01-01T02:12:26.192+0000] {logging_mixin.py:188} INFO - Err overview SDP: Failed to fetch data: 429 - Too Many Requests
[2026-01-01T02:12:26.343+0000] {logging_mixin.py:188} INFO - Err overview SDN: Failed to fetch data: 429 - Too Many Requests
[2026-01-01T02:12:26.522+0000] {logging_mixin.py:188} INFO - Err overview SDK: Failed to fetch data: 429 - Too Many Requests
[2026-01-01T02:12:26.803+0000] {logging_mixin.py:188} INFO - Err overview SDJ: Failed to fetch data: 429 - Too Many Requests
[2026-01-01T02:12:26.955+0000] {logging_mixin.py:188} INFO - Err overview SDH: Failed to fetch data: 429 - Too Many Requests
[2026-01-01T02:12:26.962+0000] {datalake_df2csv.py:40} INFO - DataFrame rỗng, bỏ qua upload CSV.
[2026-01-01T02:12:26.965+0000] {taskinstance.py:441} INFO - ::group::Post task execution logs
[2026-01-01T02:12:27.003+0000] {taskinstance.py:1206} INFO - Marking task as SUCCESS. dag_id=thongtin_cty_bctc, task_id=ingest_overview, run_id=scheduled__2025-12-31T00:00:00+00:00, map_index=100, execution_date=20251231T000000, start_date=20260101T021224, end_date=20260101T021227
[2026-01-01T02:12:27.431+0000] {local_task_job_runner.py:243} INFO - Task exited with return code 0
[2026-01-01T02:12:27.475+0000] {taskinstance.py:3503} INFO - 0 downstream tasks scheduled from follow-on schedule check
[2026-01-01T02:12:27.494+0000] {local_task_job_runner.py:222} INFO - ::endgroup::
