[2026-01-12T13:35:13.760+0000] {local_task_job_runner.py:120} INFO - ::group::Pre task execution logs
[2026-01-12T13:35:13.779+0000] {taskinstance.py:2076} INFO - Dependencies all met for dep_context=non-requeueable deps ti=<TaskInstance: company_people_to_minio.ingest_people manual__2026-01-12T13:29:01.549010+00:00 map_index=67 [queued]>
[2026-01-12T13:35:13.790+0000] {taskinstance.py:2076} INFO - Dependencies all met for dep_context=requeueable deps ti=<TaskInstance: company_people_to_minio.ingest_people manual__2026-01-12T13:29:01.549010+00:00 map_index=67 [queued]>
[2026-01-12T13:35:13.791+0000] {taskinstance.py:2306} INFO - Starting attempt 1 of 2
[2026-01-12T13:35:13.801+0000] {taskinstance.py:2330} INFO - Executing <Mapped(DfToCsvOperator): ingest_people> on 2026-01-12 13:29:01.549010+00:00
[2026-01-12T13:35:13.811+0000] {warnings.py:112} WARNING - This process (pid=2548) is multi-threaded, use of fork() may lead to deadlocks in the child.

[2026-01-12T13:35:13.813+0000] {standard_task_runner.py:64} INFO - Started process 2583 to run task
[2026-01-12T13:35:13.814+0000] {standard_task_runner.py:90} INFO - Running: ['***', 'tasks', 'run', 'company_people_to_minio', 'ingest_people', 'manual__2026-01-12T13:29:01.549010+00:00', '--job-id', '10888', '--raw', '--subdir', 'DAGS_FOLDER/company_people_to_minio.py', '--cfg-path', '/tmp/tmp8bj2veix', '--map-index', '67']
[2026-01-12T13:35:13.817+0000] {standard_task_runner.py:91} INFO - Job 10888: Subtask ingest_people
[2026-01-12T13:35:13.854+0000] {task_command.py:426} INFO - Running <TaskInstance: company_people_to_minio.ingest_people manual__2026-01-12T13:29:01.549010+00:00 map_index=67 [running]> on host 5a20a797a43c
[2026-01-12T13:35:13.940+0000] {taskinstance.py:2648} INFO - Exporting env vars: AIRFLOW_CTX_DAG_OWNER='***' AIRFLOW_CTX_DAG_ID='company_people_to_minio' AIRFLOW_CTX_TASK_ID='ingest_people' AIRFLOW_CTX_EXECUTION_DATE='2026-01-12T13:29:01.549010+00:00' AIRFLOW_CTX_TRY_NUMBER='1' AIRFLOW_CTX_DAG_RUN_ID='manual__2026-01-12T13:29:01.549010+00:00'
[2026-01-12T13:35:13.941+0000] {taskinstance.py:430} INFO - ::endgroup::
[2026-01-12T13:35:40.020+0000] {logging_mixin.py:188} INFO - officers DMS: RetryError[<Future at 0x7fef4c4db950 state=finished raised KeyError>]
[2026-01-12T13:35:45.295+0000] {logging_mixin.py:188} INFO - officers DMN: RetryError[<Future at 0x7fef4c3d48f0 state=finished raised KeyError>]
[2026-01-12T13:35:46.322+0000] {base.py:84} INFO - Using connection ID 'minio_finance' for task execution.
[2026-01-12T13:35:46.323+0000] {connection_wrapper.py:384} INFO - AWS Connection (conn_id='minio_finance', conn_type='aws') credentials retrieved from login and password.
[2026-01-12T13:35:46.828+0000] {datalake_df2csv.py:52} INFO - ✅ Đã upload 476 dòng -> s3://thongtin-congty-va-bctc/people/date=2026-01-12/batch_67.csv
[2026-01-12T13:35:46.829+0000] {taskinstance.py:441} INFO - ::group::Post task execution logs
[2026-01-12T13:35:46.838+0000] {taskinstance.py:1206} INFO - Marking task as SUCCESS. dag_id=company_people_to_minio, task_id=ingest_people, run_id=manual__2026-01-12T13:29:01.549010+00:00, map_index=67, execution_date=20260112T132901, start_date=20260112T133513, end_date=20260112T133546
[2026-01-12T13:35:46.900+0000] {local_task_job_runner.py:243} INFO - Task exited with return code 0
[2026-01-12T13:35:46.934+0000] {taskinstance.py:3503} INFO - 0 downstream tasks scheduled from follow-on schedule check
[2026-01-12T13:35:46.936+0000] {local_task_job_runner.py:222} INFO - ::endgroup::
