[2026-01-01T02:14:52.426+0000] {local_task_job_runner.py:120} INFO - ::group::Pre task execution logs
[2026-01-01T02:14:52.511+0000] {taskinstance.py:2076} INFO - Dependencies all met for dep_context=non-requeueable deps ti=<TaskInstance: thongtin_cty_bctc.ingest_overview scheduled__2025-12-31T00:00:00+00:00 map_index=10 [queued]>
[2026-01-01T02:14:52.569+0000] {taskinstance.py:2076} INFO - Dependencies all met for dep_context=requeueable deps ti=<TaskInstance: thongtin_cty_bctc.ingest_overview scheduled__2025-12-31T00:00:00+00:00 map_index=10 [queued]>
[2026-01-01T02:14:52.570+0000] {taskinstance.py:2306} INFO - Starting attempt 2 of 2
[2026-01-01T02:14:52.601+0000] {taskinstance.py:2330} INFO - Executing <Mapped(DfToCsvOperator): ingest_overview> on 2025-12-31 00:00:00+00:00
[2026-01-01T02:14:52.634+0000] {warnings.py:112} WARNING - This process (pid=5939) is multi-threaded, use of fork() may lead to deadlocks in the child.

[2026-01-01T02:14:52.640+0000] {standard_task_runner.py:64} INFO - Started process 6088 to run task
[2026-01-01T02:14:52.638+0000] {standard_task_runner.py:90} INFO - Running: ['***', 'tasks', 'run', 'thongtin_cty_bctc', 'ingest_overview', 'scheduled__2025-12-31T00:00:00+00:00', '--job-id', '1105', '--raw', '--subdir', 'DAGS_FOLDER/tt_cty_bctc.py', '--cfg-path', '/tmp/tmpihzfm8w6', '--map-index', '10']
[2026-01-01T02:14:52.641+0000] {standard_task_runner.py:91} INFO - Job 1105: Subtask ingest_overview
[2026-01-01T02:14:52.741+0000] {task_command.py:426} INFO - Running <TaskInstance: thongtin_cty_bctc.ingest_overview scheduled__2025-12-31T00:00:00+00:00 map_index=10 [running]> on host 43b0a0f7606b
[2026-01-01T02:14:52.880+0000] {taskinstance.py:2648} INFO - Exporting env vars: AIRFLOW_CTX_DAG_OWNER='***' AIRFLOW_CTX_DAG_ID='thongtin_cty_bctc' AIRFLOW_CTX_TASK_ID='ingest_overview' AIRFLOW_CTX_EXECUTION_DATE='2025-12-31T00:00:00+00:00' AIRFLOW_CTX_TRY_NUMBER='2' AIRFLOW_CTX_DAG_RUN_ID='scheduled__2025-12-31T00:00:00+00:00'
[2026-01-01T02:14:52.883+0000] {taskinstance.py:430} INFO - ::endgroup::
[2026-01-01T02:14:53.029+0000] {logging_mixin.py:188} INFO - Err overview VSM: Failed to fetch data: 429 - Too Many Requests
[2026-01-01T02:14:53.160+0000] {logging_mixin.py:188} INFO - Err overview VSI: Failed to fetch data: 429 - Too Many Requests
[2026-01-01T02:14:53.292+0000] {logging_mixin.py:188} INFO - Err overview VSH: Failed to fetch data: 429 - Too Many Requests
[2026-01-01T02:14:53.421+0000] {logging_mixin.py:188} INFO - Err overview VSG: Failed to fetch data: 429 - Too Many Requests
[2026-01-01T02:14:53.582+0000] {logging_mixin.py:188} INFO - Err overview VSF: Failed to fetch data: 429 - Too Many Requests
[2026-01-01T02:14:53.587+0000] {datalake_df2csv.py:40} INFO - DataFrame rỗng, bỏ qua upload CSV.
[2026-01-01T02:14:53.588+0000] {taskinstance.py:441} INFO - ::group::Post task execution logs
[2026-01-01T02:14:53.607+0000] {taskinstance.py:1206} INFO - Marking task as SUCCESS. dag_id=thongtin_cty_bctc, task_id=ingest_overview, run_id=scheduled__2025-12-31T00:00:00+00:00, map_index=10, execution_date=20251231T000000, start_date=20260101T021452, end_date=20260101T021453
[2026-01-01T02:14:53.704+0000] {local_task_job_runner.py:243} INFO - Task exited with return code 0
[2026-01-01T02:14:53.733+0000] {taskinstance.py:3503} INFO - 0 downstream tasks scheduled from follow-on schedule check
[2026-01-01T02:14:53.742+0000] {local_task_job_runner.py:222} INFO - ::endgroup::
