[2026-01-01T03:05:10.899+0000] {local_task_job_runner.py:120} INFO - ::group::Pre task execution logs
[2026-01-01T03:05:10.964+0000] {taskinstance.py:2076} INFO - Dependencies all met for dep_context=non-requeueable deps ti=<TaskInstance: thongtin_cty_bctc.ingest_overview manual__2026-01-01T02:50:50+00:00 map_index=21 [queued]>
[2026-01-01T03:05:10.990+0000] {taskinstance.py:2076} INFO - Dependencies all met for dep_context=requeueable deps ti=<TaskInstance: thongtin_cty_bctc.ingest_overview manual__2026-01-01T02:50:50+00:00 map_index=21 [queued]>
[2026-01-01T03:05:10.991+0000] {taskinstance.py:2306} INFO - Starting attempt 1 of 2
[2026-01-01T03:05:11.043+0000] {taskinstance.py:2330} INFO - Executing <Mapped(DfToCsvOperator): ingest_overview> on 2026-01-01 02:50:50+00:00
[2026-01-01T03:05:11.061+0000] {warnings.py:112} WARNING - This process (pid=28935) is multi-threaded, use of fork() may lead to deadlocks in the child.

[2026-01-01T03:05:11.072+0000] {standard_task_runner.py:64} INFO - Started process 29035 to run task
[2026-01-01T03:05:11.068+0000] {standard_task_runner.py:90} INFO - Running: ['***', 'tasks', 'run', 'thongtin_cty_bctc', 'ingest_overview', 'manual__2026-01-01T02:50:50+00:00', '--job-id', '3137', '--raw', '--subdir', 'DAGS_FOLDER/tt_cty_bctc.py', '--cfg-path', '/tmp/tmpk56d1ma6', '--map-index', '21']
[2026-01-01T03:05:11.078+0000] {standard_task_runner.py:91} INFO - Job 3137: Subtask ingest_overview
[2026-01-01T03:05:11.204+0000] {task_command.py:426} INFO - Running <TaskInstance: thongtin_cty_bctc.ingest_overview manual__2026-01-01T02:50:50+00:00 map_index=21 [running]> on host 43b0a0f7606b
[2026-01-01T03:05:11.429+0000] {taskinstance.py:2648} INFO - Exporting env vars: AIRFLOW_CTX_DAG_OWNER='***' AIRFLOW_CTX_DAG_ID='thongtin_cty_bctc' AIRFLOW_CTX_TASK_ID='ingest_overview' AIRFLOW_CTX_EXECUTION_DATE='2026-01-01T02:50:50+00:00' AIRFLOW_CTX_TRY_NUMBER='1' AIRFLOW_CTX_DAG_RUN_ID='manual__2026-01-01T02:50:50+00:00'
[2026-01-01T03:05:11.434+0000] {taskinstance.py:430} INFO - ::endgroup::
[2026-01-01T03:05:11.628+0000] {logging_mixin.py:188} INFO - Err overview GMD: Failed to fetch data: 429 - Too Many Requests
[2026-01-01T03:05:12.757+0000] {logging_mixin.py:188} INFO - Err overview VSC: Failed to fetch data: 429 - Too Many Requests
[2026-01-01T03:05:13.903+0000] {logging_mixin.py:188} INFO - Err overview NT2: Failed to fetch data: 429 - Too Many Requests
[2026-01-01T03:05:14.910+0000] {datalake_df2csv.py:40} INFO - DataFrame rỗng, bỏ qua upload CSV.
[2026-01-01T03:05:14.912+0000] {taskinstance.py:441} INFO - ::group::Post task execution logs
[2026-01-01T03:05:14.934+0000] {taskinstance.py:1206} INFO - Marking task as SUCCESS. dag_id=thongtin_cty_bctc, task_id=ingest_overview, run_id=manual__2026-01-01T02:50:50+00:00, map_index=21, execution_date=20260101T025050, start_date=20260101T030510, end_date=20260101T030514
[2026-01-01T03:05:15.042+0000] {local_task_job_runner.py:243} INFO - Task exited with return code 0
[2026-01-01T03:05:15.068+0000] {taskinstance.py:3503} INFO - 0 downstream tasks scheduled from follow-on schedule check
[2026-01-01T03:05:15.081+0000] {local_task_job_runner.py:222} INFO - ::endgroup::
