[2026-01-01T02:19:58.335+0000] {local_task_job_runner.py:120} INFO - ::group::Pre task execution logs
[2026-01-01T02:19:58.504+0000] {taskinstance.py:2076} INFO - Dependencies all met for dep_context=non-requeueable deps ti=<TaskInstance: thongtin_cty_bctc.ingest_bctc scheduled__2025-12-31T00:00:00+00:00 map_index=341 [queued]>
[2026-01-01T02:19:59.059+0000] {taskinstance.py:2076} INFO - Dependencies all met for dep_context=requeueable deps ti=<TaskInstance: thongtin_cty_bctc.ingest_bctc scheduled__2025-12-31T00:00:00+00:00 map_index=341 [queued]>
[2026-01-01T02:19:59.077+0000] {taskinstance.py:2306} INFO - Starting attempt 1 of 2
[2026-01-01T02:19:59.148+0000] {taskinstance.py:2330} INFO - Executing <Mapped(DfToCsvOperator): ingest_bctc> on 2025-12-31 00:00:00+00:00
[2026-01-01T02:19:59.200+0000] {warnings.py:112} WARNING - This process (pid=12083) is multi-threaded, use of fork() may lead to deadlocks in the child.

[2026-01-01T02:19:59.227+0000] {standard_task_runner.py:64} INFO - Started process 12202 to run task
[2026-01-01T02:19:59.211+0000] {standard_task_runner.py:90} INFO - Running: ['***', 'tasks', 'run', 'thongtin_cty_bctc', 'ingest_bctc', 'scheduled__2025-12-31T00:00:00+00:00', '--job-id', '1653', '--raw', '--subdir', 'DAGS_FOLDER/tt_cty_bctc.py', '--cfg-path', '/tmp/tmpc98blhbq', '--map-index', '341']
[2026-01-01T02:19:59.251+0000] {standard_task_runner.py:91} INFO - Job 1653: Subtask ingest_bctc
[2026-01-01T02:19:59.520+0000] {task_command.py:426} INFO - Running <TaskInstance: thongtin_cty_bctc.ingest_bctc scheduled__2025-12-31T00:00:00+00:00 map_index=341 [running]> on host 43b0a0f7606b
[2026-01-01T02:19:59.799+0000] {taskinstance.py:2648} INFO - Exporting env vars: AIRFLOW_CTX_DAG_OWNER='***' AIRFLOW_CTX_DAG_ID='thongtin_cty_bctc' AIRFLOW_CTX_TASK_ID='ingest_bctc' AIRFLOW_CTX_EXECUTION_DATE='2025-12-31T00:00:00+00:00' AIRFLOW_CTX_TRY_NUMBER='1' AIRFLOW_CTX_DAG_RUN_ID='scheduled__2025-12-31T00:00:00+00:00'
[2026-01-01T02:19:59.809+0000] {taskinstance.py:430} INFO - ::endgroup::
[2026-01-01T02:19:59.817+0000] {taskinstance.py:441} INFO - ::group::Post task execution logs
[2026-01-01T02:19:59.835+0000] {taskinstance.py:2905} ERROR - Task failed with exception
Traceback (most recent call last):
  File "/home/airflow/.local/lib/python3.12/site-packages/airflow/models/taskinstance.py", line 465, in _execute_task
    result = _execute_callable(context=context, **execute_callable_kwargs)
             ^^^^^^^^^^^^^^^^^^^^^^^^^^^^^^^^^^^^^^^^^^^^^^^^^^^^^^^^^^^^^
  File "/home/airflow/.local/lib/python3.12/site-packages/airflow/models/taskinstance.py", line 432, in _execute_callable
    return execute_callable(context=context, **execute_callable_kwargs)
           ^^^^^^^^^^^^^^^^^^^^^^^^^^^^^^^^^^^^^^^^^^^^^^^^^^^^^^^^^^^^
  File "/home/airflow/.local/lib/python3.12/site-packages/airflow/models/baseoperator.py", line 401, in wrapper
    return func(self, *args, **kwargs)
           ^^^^^^^^^^^^^^^^^^^^^^^^^^^
  File "/opt/airflow/plugins/function/datalake_df2csv.py", line 38, in execute
    df = self._load_dataframe()
         ^^^^^^^^^^^^^^^^^^^^^^
  File "/opt/airflow/plugins/function/datalake_df2csv.py", line 60, in _load_dataframe
    raise AirflowException(f"Logic file not found: {module_path}")
airflow.exceptions.AirflowException: Logic file not found: /opt/***/plugins/logic/bctc.py
[2026-01-01T02:19:59.874+0000] {taskinstance.py:1206} INFO - Marking task as UP_FOR_RETRY. dag_id=thongtin_cty_bctc, task_id=ingest_bctc, run_id=scheduled__2025-12-31T00:00:00+00:00, map_index=341, execution_date=20251231T000000, start_date=20260101T021958, end_date=20260101T021959
[2026-01-01T02:19:59.914+0000] {standard_task_runner.py:110} ERROR - Failed to execute job 1653 for task ingest_bctc (Logic file not found: /opt/***/plugins/logic/bctc.py; 12202)
[2026-01-01T02:19:59.953+0000] {local_task_job_runner.py:243} INFO - Task exited with return code 1
[2026-01-01T02:19:59.977+0000] {local_task_job_runner.py:222} INFO - ::endgroup::
