[2026-01-12T13:51:18.720+0000] {local_task_job_runner.py:120} INFO - ::group::Pre task execution logs
[2026-01-12T13:51:18.776+0000] {taskinstance.py:2076} INFO - Dependencies all met for dep_context=non-requeueable deps ti=<TaskInstance: daily_price_minio.ingest_daily_price scheduled__2026-01-08T16:00:00+00:00 map_index=199 [queued]>
[2026-01-12T13:51:18.813+0000] {taskinstance.py:2076} INFO - Dependencies all met for dep_context=requeueable deps ti=<TaskInstance: daily_price_minio.ingest_daily_price scheduled__2026-01-08T16:00:00+00:00 map_index=199 [queued]>
[2026-01-12T13:51:18.814+0000] {taskinstance.py:2306} INFO - Starting attempt 1 of 2
[2026-01-12T13:51:18.838+0000] {taskinstance.py:2330} INFO - Executing <Mapped(DfToCsvOperator): ingest_daily_price> on 2026-01-08 16:00:00+00:00
[2026-01-12T13:51:18.853+0000] {warnings.py:112} WARNING - This process (pid=13430) is multi-threaded, use of fork() may lead to deadlocks in the child.

[2026-01-12T13:51:18.855+0000] {standard_task_runner.py:64} INFO - Started process 13513 to run task
[2026-01-12T13:51:18.859+0000] {standard_task_runner.py:90} INFO - Running: ['***', 'tasks', 'run', 'daily_price_minio', 'ingest_daily_price', 'scheduled__2026-01-08T16:00:00+00:00', '--job-id', '11809', '--raw', '--subdir', 'DAGS_FOLDER/daily_price_minio.py', '--cfg-path', '/tmp/tmprvg1d0rn', '--map-index', '199']
[2026-01-12T13:51:18.865+0000] {standard_task_runner.py:91} INFO - Job 11809: Subtask ingest_daily_price
[2026-01-12T13:51:18.974+0000] {task_command.py:426} INFO - Running <TaskInstance: daily_price_minio.ingest_daily_price scheduled__2026-01-08T16:00:00+00:00 map_index=199 [running]> on host 5a20a797a43c
[2026-01-12T13:51:19.177+0000] {taskinstance.py:2648} INFO - Exporting env vars: AIRFLOW_CTX_DAG_OWNER='***' AIRFLOW_CTX_DAG_ID='daily_price_minio' AIRFLOW_CTX_TASK_ID='ingest_daily_price' AIRFLOW_CTX_EXECUTION_DATE='2026-01-08T16:00:00+00:00' AIRFLOW_CTX_TRY_NUMBER='1' AIRFLOW_CTX_DAG_RUN_ID='scheduled__2026-01-08T16:00:00+00:00'
[2026-01-12T13:51:19.182+0000] {taskinstance.py:430} INFO - ::endgroup::
[2026-01-12T13:51:22.825+0000] {base.py:84} INFO - Using connection ID 'minio_finance' for task execution.
[2026-01-12T13:51:22.829+0000] {connection_wrapper.py:384} INFO - AWS Connection (conn_id='minio_finance', conn_type='aws') credentials retrieved from login and password.
[2026-01-12T13:51:24.201+0000] {datalake_df2csv.py:52} INFO - ✅ Đã upload 15 dòng -> s3://thongtinn-congty-va-bctc/daily_price/2026-01-08/batch_199.csv
[2026-01-12T13:51:24.205+0000] {taskinstance.py:441} INFO - ::group::Post task execution logs
[2026-01-12T13:51:24.223+0000] {taskinstance.py:1206} INFO - Marking task as SUCCESS. dag_id=daily_price_minio, task_id=ingest_daily_price, run_id=scheduled__2026-01-08T16:00:00+00:00, map_index=199, execution_date=20260108T160000, start_date=20260112T135118, end_date=20260112T135124
[2026-01-12T13:51:24.526+0000] {local_task_job_runner.py:243} INFO - Task exited with return code 0
[2026-01-12T13:51:24.564+0000] {taskinstance.py:3503} INFO - 0 downstream tasks scheduled from follow-on schedule check
[2026-01-12T13:51:24.568+0000] {local_task_job_runner.py:222} INFO - ::endgroup::
