[2026-01-11T04:07:16.255+0000] {local_task_job_runner.py:120} INFO - ::group::Pre task execution logs
[2026-01-11T04:07:16.318+0000] {taskinstance.py:2076} INFO - Dependencies all met for dep_context=non-requeueable deps ti=<TaskInstance: bctc.ingest_bctc manual__2026-01-11T04:06:44+00:00 map_index=7 [queued]>
[2026-01-11T04:07:16.407+0000] {taskinstance.py:2076} INFO - Dependencies all met for dep_context=requeueable deps ti=<TaskInstance: bctc.ingest_bctc manual__2026-01-11T04:06:44+00:00 map_index=7 [queued]>
[2026-01-11T04:07:16.411+0000] {taskinstance.py:2306} INFO - Starting attempt 1 of 2
[2026-01-11T04:07:16.486+0000] {taskinstance.py:2330} INFO - Executing <Mapped(DfToCsvOperator): ingest_bctc> on 2026-01-11 04:06:44+00:00
[2026-01-11T04:07:16.509+0000] {warnings.py:112} WARNING - This process (pid=2322) is multi-threaded, use of fork() may lead to deadlocks in the child.

[2026-01-11T04:07:16.516+0000] {standard_task_runner.py:90} INFO - Running: ['***', 'tasks', 'run', 'bctc', 'ingest_bctc', 'manual__2026-01-11T04:06:44+00:00', '--job-id', '10283', '--raw', '--subdir', 'DAGS_FOLDER/tt_cty_bctc.py', '--cfg-path', '/tmp/tmpmfsrifu6', '--map-index', '7']
[2026-01-11T04:07:16.520+0000] {standard_task_runner.py:91} INFO - Job 10283: Subtask ingest_bctc
[2026-01-11T04:07:16.514+0000] {standard_task_runner.py:64} INFO - Started process 2484 to run task
[2026-01-11T04:07:16.641+0000] {task_command.py:426} INFO - Running <TaskInstance: bctc.ingest_bctc manual__2026-01-11T04:06:44+00:00 map_index=7 [running]> on host 3f2af93df813
[2026-01-11T04:07:16.878+0000] {taskinstance.py:2648} INFO - Exporting env vars: AIRFLOW_CTX_DAG_OWNER='***' AIRFLOW_CTX_DAG_ID='bctc' AIRFLOW_CTX_TASK_ID='ingest_bctc' AIRFLOW_CTX_EXECUTION_DATE='2026-01-11T04:06:44+00:00' AIRFLOW_CTX_TRY_NUMBER='1' AIRFLOW_CTX_DAG_RUN_ID='manual__2026-01-11T04:06:44+00:00'
[2026-01-11T04:07:16.882+0000] {taskinstance.py:430} INFO - ::endgroup::
[2026-01-11T04:07:16.909+0000] {logging_mixin.py:188} INFO - Bắt đầu xử lý batch 20 mã: ['VGS', 'VGR', 'VGP', 'VGL', 'VGI', 'VGG', 'VGC', 'VFS', 'VFR', 'VFG', 'VFC', 'VET', 'VES', 'VEF', 'VEC', 'VEA', 'VE9', 'VE8', 'VE4', 'VE3']
[2026-01-11T04:07:16.913+0000] {logging_mixin.py:188} INFO -  >> Đang lấy dữ liệu: VGS
[2026-01-11T04:07:33.733+0000] {log.py:232} WARNING - 2026-01-11 04:07:33 - vnstock.core.utils.client - ERROR - API request failed: HTTPSConnectionPool(host='trading.vietcap.com.vn', port=443): Max retries exceeded with url: /data-mt/graphql (Caused by NameResolutionError("<urllib3.connection.HTTPSConnection object at 0x7f49d4d257f0>: Failed to resolve 'trading.vietcap.com.vn' ([Errno -3] Temporary failure in name resolution)"))
[2026-01-11T04:07:33.732+0000] {client.py:414} ERROR - API request failed: HTTPSConnectionPool(host='trading.vietcap.com.vn', port=443): Max retries exceeded with url: /data-mt/graphql (Caused by NameResolutionError("<urllib3.connection.HTTPSConnection object at 0x7f49d4d257f0>: Failed to resolve 'trading.vietcap.com.vn' ([Errno -3] Temporary failure in name resolution)"))
[2026-01-11T04:08:09.264+0000] {log.py:232} WARNING - 2026-01-11 04:08:09 - vnstock.core.utils.client - ERROR - API request failed: HTTPSConnectionPool(host='trading.vietcap.com.vn', port=443): Read timed out. (read timeout=30)
[2026-01-11T04:08:09.261+0000] {client.py:414} ERROR - API request failed: HTTPSConnectionPool(host='trading.vietcap.com.vn', port=443): Read timed out. (read timeout=30)
[2026-01-11T04:08:22.849+0000] {logging_mixin.py:188} INFO -  >> Đang lấy dữ liệu: VGR
[2026-01-11T04:08:31.664+0000] {logging_mixin.py:188} INFO -  >> Đang lấy dữ liệu: VGP
[2026-01-11T04:08:40.832+0000] {logging_mixin.py:188} INFO -  >> Đang lấy dữ liệu: VGL
[2026-01-11T04:08:49.323+0000] {logging_mixin.py:188} INFO -  >> Đang lấy dữ liệu: VGI
[2026-01-11T04:09:02.204+0000] {log.py:232} WARNING - 2026-01-11 04:09:02 - vnstock.core.utils.client - ERROR - API request failed: HTTPSConnectionPool(host='trading.vietcap.com.vn', port=443): Max retries exceeded with url: /data-mt/graphql (Caused by NameResolutionError("<urllib3.connection.HTTPSConnection object at 0x7f49d4b90ef0>: Failed to resolve 'trading.vietcap.com.vn' ([Errno -3] Temporary failure in name resolution)"))
[2026-01-11T04:09:02.199+0000] {client.py:414} ERROR - API request failed: HTTPSConnectionPool(host='trading.vietcap.com.vn', port=443): Max retries exceeded with url: /data-mt/graphql (Caused by NameResolutionError("<urllib3.connection.HTTPSConnection object at 0x7f49d4b90ef0>: Failed to resolve 'trading.vietcap.com.vn' ([Errno -3] Temporary failure in name resolution)"))
[2026-01-11T04:09:13.498+0000] {logging_mixin.py:188} INFO -  >> Đang lấy dữ liệu: VGG
[2026-01-11T04:09:22.307+0000] {logging_mixin.py:188} INFO -  >> Đang lấy dữ liệu: VGC
[2026-01-11T04:09:31.928+0000] {logging_mixin.py:188} INFO -  >> Đang lấy dữ liệu: VFS
[2026-01-11T04:09:40.348+0000] {logging_mixin.py:188} INFO -  >> Đang lấy dữ liệu: VFR
[2026-01-11T04:10:06.474+0000] {log.py:232} WARNING - 2026-01-11 04:10:06 - vnstock.core.utils.client - ERROR - API request failed: HTTPSConnectionPool(host='trading.vietcap.com.vn', port=443): Max retries exceeded with url: /data-mt/graphql (Caused by NameResolutionError("<urllib3.connection.HTTPSConnection object at 0x7f49d4a8e240>: Failed to resolve 'trading.vietcap.com.vn' ([Errno -3] Temporary failure in name resolution)"))
[2026-01-11T04:10:06.473+0000] {client.py:414} ERROR - API request failed: HTTPSConnectionPool(host='trading.vietcap.com.vn', port=443): Max retries exceeded with url: /data-mt/graphql (Caused by NameResolutionError("<urllib3.connection.HTTPSConnection object at 0x7f49d4a8e240>: Failed to resolve 'trading.vietcap.com.vn' ([Errno -3] Temporary failure in name resolution)"))
[2026-01-11T04:10:06.867+0000] {logging_mixin.py:188} INFO -  Lỗi xử lý mã VFR: API request failed: HTTPSConnectionPool(host='trading.vietcap.com.vn', port=443): Max retries exceeded with url: /data-mt/graphql (Caused by NameResolutionError("<urllib3.connection.HTTPSConnection object at 0x7f49d4a8e240>: Failed to resolve 'trading.vietcap.com.vn' ([Errno -3] Temporary failure in name resolution)"))
[2026-01-11T04:10:06.869+0000] {logging_mixin.py:188} INFO -  >> Đang lấy dữ liệu: VFG
[2026-01-11T04:10:17.219+0000] {log.py:232} WARNING - 2026-01-11 04:10:16 - vnstock.core.utils.client - ERROR - API request failed: HTTPSConnectionPool(host='trading.vietcap.com.vn', port=443): Max retries exceeded with url: /data-mt/graphql (Caused by NameResolutionError("<urllib3.connection.HTTPSConnection object at 0x7f49d4a8fd10>: Failed to resolve 'trading.vietcap.com.vn' ([Errno -3] Temporary failure in name resolution)"))
[2026-01-11T04:10:16.944+0000] {client.py:414} ERROR - API request failed: HTTPSConnectionPool(host='trading.vietcap.com.vn', port=443): Max retries exceeded with url: /data-mt/graphql (Caused by NameResolutionError("<urllib3.connection.HTTPSConnection object at 0x7f49d4a8fd10>: Failed to resolve 'trading.vietcap.com.vn' ([Errno -3] Temporary failure in name resolution)"))
[2026-01-11T04:10:33.759+0000] {logging_mixin.py:188} INFO -  Lỗi xử lý mã VFG: API request failed: HTTPSConnectionPool(host='trading.vietcap.com.vn', port=443): Max retries exceeded with url: /data-mt/graphql (Caused by NameResolutionError("<urllib3.connection.HTTPSConnection object at 0x7f49d4a8fd10>: Failed to resolve 'trading.vietcap.com.vn' ([Errno -3] Temporary failure in name resolution)"))
[2026-01-11T04:10:33.760+0000] {logging_mixin.py:188} INFO -  >> Đang lấy dữ liệu: VFC
[2026-01-11T04:10:43.768+0000] {log.py:232} WARNING - 2026-01-11 04:10:43 - vnstock.core.utils.client - ERROR - API request failed: HTTPSConnectionPool(host='trading.vietcap.com.vn', port=443): Max retries exceeded with url: /data-mt/graphql (Caused by NameResolutionError("<urllib3.connection.HTTPSConnection object at 0x7f49d4a8f350>: Failed to resolve 'trading.vietcap.com.vn' ([Errno -3] Temporary failure in name resolution)"))
[2026-01-11T04:10:43.768+0000] {client.py:414} ERROR - API request failed: HTTPSConnectionPool(host='trading.vietcap.com.vn', port=443): Max retries exceeded with url: /data-mt/graphql (Caused by NameResolutionError("<urllib3.connection.HTTPSConnection object at 0x7f49d4a8f350>: Failed to resolve 'trading.vietcap.com.vn' ([Errno -3] Temporary failure in name resolution)"))
[2026-01-11T04:10:43.770+0000] {logging_mixin.py:188} INFO -  Lỗi xử lý mã VFC: API request failed: HTTPSConnectionPool(host='trading.vietcap.com.vn', port=443): Max retries exceeded with url: /data-mt/graphql (Caused by NameResolutionError("<urllib3.connection.HTTPSConnection object at 0x7f49d4a8f350>: Failed to resolve 'trading.vietcap.com.vn' ([Errno -3] Temporary failure in name resolution)"))
[2026-01-11T04:10:43.770+0000] {logging_mixin.py:188} INFO -  >> Đang lấy dữ liệu: VET
[2026-01-11T04:10:57.384+0000] {logging_mixin.py:188} INFO -  >> Đang lấy dữ liệu: VES
[2026-01-11T04:11:02.345+0000] {logging_mixin.py:188} INFO -  Lỗi xử lý mã VES: 'year'
[2026-01-11T04:11:02.346+0000] {logging_mixin.py:188} INFO -  >> Đang lấy dữ liệu: VEF
[2026-01-11T04:11:10.857+0000] {logging_mixin.py:188} INFO -  >> Đang lấy dữ liệu: VEC
[2026-01-11T04:11:20.889+0000] {logging_mixin.py:188} INFO -  >> Đang lấy dữ liệu: VEA
[2026-01-11T04:11:30.604+0000] {logging_mixin.py:188} INFO -  >> Đang lấy dữ liệu: VE9
[2026-01-11T04:11:39.184+0000] {logging_mixin.py:188} INFO -  >> Đang lấy dữ liệu: VE8
[2026-01-11T04:11:48.640+0000] {logging_mixin.py:188} INFO -  >> Đang lấy dữ liệu: VE4
[2026-01-11T04:11:58.447+0000] {logging_mixin.py:188} INFO -  >> Đang lấy dữ liệu: VE3
[2026-01-11T04:11:58.894+0000] {logging_mixin.py:188} INFO -  Lỗi xử lý mã VE3: Failed to fetch data: 429 - Too Many Requests
[2026-01-11T04:11:58.902+0000] {logging_mixin.py:188} INFO -  ✓ Hoàn thành batch. Tổng số dòng: 4752
[2026-01-11T04:11:58.966+0000] {base.py:84} INFO - Using connection ID 'minio_finance' for task execution.
[2026-01-11T04:11:58.966+0000] {connection_wrapper.py:384} INFO - AWS Connection (conn_id='minio_finance', conn_type='aws') credentials retrieved from login and password.
[2026-01-11T04:11:59.411+0000] {datalake_df2csv.py:52} INFO - ✅ Đã upload 4752 dòng -> s3://thongtin-congty-va-bctc/bctc/date=2026-01-11/year=2024/batch_7.csv
[2026-01-11T04:11:59.412+0000] {taskinstance.py:441} INFO - ::group::Post task execution logs
[2026-01-11T04:11:59.422+0000] {taskinstance.py:1206} INFO - Marking task as SUCCESS. dag_id=bctc, task_id=ingest_bctc, run_id=manual__2026-01-11T04:06:44+00:00, map_index=7, execution_date=20260111T040644, start_date=20260111T040716, end_date=20260111T041159
[2026-01-11T04:11:59.486+0000] {local_task_job_runner.py:243} INFO - Task exited with return code 0
[2026-01-11T04:11:59.565+0000] {taskinstance.py:3503} INFO - 0 downstream tasks scheduled from follow-on schedule check
[2026-01-11T04:11:59.567+0000] {local_task_job_runner.py:222} INFO - ::endgroup::
