[2026-01-10T15:10:15.769+0000] {local_task_job_runner.py:120} INFO - ::group::Pre task execution logs
[2026-01-10T15:10:15.878+0000] {taskinstance.py:2076} INFO - Dependencies all met for dep_context=non-requeueable deps ti=<TaskInstance: thongtin_cty_bctc.ingest_bctc scheduled__2025-12-30T00:00:00+00:00 map_index=318 [queued]>
[2026-01-10T15:10:16.202+0000] {taskinstance.py:2076} INFO - Dependencies all met for dep_context=requeueable deps ti=<TaskInstance: thongtin_cty_bctc.ingest_bctc scheduled__2025-12-30T00:00:00+00:00 map_index=318 [queued]>
[2026-01-10T15:10:16.203+0000] {taskinstance.py:2306} INFO - Starting attempt 1 of 2
[2026-01-10T15:10:16.228+0000] {taskinstance.py:2330} INFO - Executing <Mapped(DfToCsvOperator): ingest_bctc> on 2025-12-30 00:00:00+00:00
[2026-01-10T15:10:16.246+0000] {warnings.py:112} WARNING - This process (pid=4817) is multi-threaded, use of fork() may lead to deadlocks in the child.

[2026-01-10T15:10:16.248+0000] {standard_task_runner.py:64} INFO - Started process 4888 to run task
[2026-01-10T15:10:16.256+0000] {standard_task_runner.py:90} INFO - Running: ['***', 'tasks', 'run', 'thongtin_cty_bctc', 'ingest_bctc', 'scheduled__2025-12-30T00:00:00+00:00', '--job-id', '9054', '--raw', '--subdir', 'DAGS_FOLDER/tt_cty_bctc.py', '--cfg-path', '/tmp/tmpfr3ozo9t', '--map-index', '318']
[2026-01-10T15:10:16.260+0000] {standard_task_runner.py:91} INFO - Job 9054: Subtask ingest_bctc
[2026-01-10T15:10:16.378+0000] {task_command.py:426} INFO - Running <TaskInstance: thongtin_cty_bctc.ingest_bctc scheduled__2025-12-30T00:00:00+00:00 map_index=318 [running]> on host c44bcb92a951
[2026-01-10T15:10:16.541+0000] {taskinstance.py:2648} INFO - Exporting env vars: AIRFLOW_CTX_DAG_OWNER='***' AIRFLOW_CTX_DAG_ID='thongtin_cty_bctc' AIRFLOW_CTX_TASK_ID='ingest_bctc' AIRFLOW_CTX_EXECUTION_DATE='2025-12-30T00:00:00+00:00' AIRFLOW_CTX_TRY_NUMBER='1' AIRFLOW_CTX_DAG_RUN_ID='scheduled__2025-12-30T00:00:00+00:00'
[2026-01-10T15:10:16.543+0000] {taskinstance.py:430} INFO - ::endgroup::
[2026-01-10T15:10:16.552+0000] {logging_mixin.py:188} INFO - Bắt đầu xử lý batch 3 mã: ['L14', 'L12', 'L10']
[2026-01-10T15:10:16.552+0000] {logging_mixin.py:188} INFO -  >> Đang lấy dữ liệu: L14
[2026-01-10T15:10:19.269+0000] {logging_mixin.py:188} INFO -  >> Đang lấy dữ liệu: L12
[2026-01-10T15:10:21.769+0000] {logging_mixin.py:188} INFO -  >> Đang lấy dữ liệu: L10
[2026-01-10T15:10:24.685+0000] {logging_mixin.py:188} INFO -  ✓ Hoàn thành batch. Tổng số dòng: 8487
[2026-01-10T15:10:24.740+0000] {base.py:84} INFO - Using connection ID 'minio_finance' for task execution.
[2026-01-10T15:10:24.741+0000] {connection_wrapper.py:384} INFO - AWS Connection (conn_id='minio_finance', conn_type='aws') credentials retrieved from login and password.
[2026-01-10T15:10:25.376+0000] {datalake_df2csv.py:52} INFO - ✅ Đã upload 8487 dòng -> s3://thongtin-congty-va-bctc/bctc/2025-12-30/batch_318.csv
[2026-01-10T15:10:25.378+0000] {taskinstance.py:441} INFO - ::group::Post task execution logs
[2026-01-10T15:10:25.395+0000] {taskinstance.py:1206} INFO - Marking task as SUCCESS. dag_id=thongtin_cty_bctc, task_id=ingest_bctc, run_id=scheduled__2025-12-30T00:00:00+00:00, map_index=318, execution_date=20251230T000000, start_date=20260110T151015, end_date=20260110T151025
[2026-01-10T15:10:25.453+0000] {local_task_job_runner.py:243} INFO - Task exited with return code 0
[2026-01-10T15:10:25.465+0000] {local_task_job_runner.py:222} INFO - ::endgroup::
