[2026-01-01T03:01:33.222+0000] {local_task_job_runner.py:120} INFO - ::group::Pre task execution logs
[2026-01-01T03:01:33.256+0000] {taskinstance.py:2076} INFO - Dependencies all met for dep_context=non-requeueable deps ti=<TaskInstance: thongtin_cty_bctc.ingest_bctc manual__2026-01-01T02:33:01.279885+00:00 map_index=6 [queued]>
[2026-01-01T03:01:33.274+0000] {taskinstance.py:2076} INFO - Dependencies all met for dep_context=requeueable deps ti=<TaskInstance: thongtin_cty_bctc.ingest_bctc manual__2026-01-01T02:33:01.279885+00:00 map_index=6 [queued]>
[2026-01-01T03:01:33.275+0000] {taskinstance.py:2306} INFO - Starting attempt 1 of 2
[2026-01-01T03:01:33.304+0000] {taskinstance.py:2330} INFO - Executing <Mapped(DfToCsvOperator): ingest_bctc> on 2026-01-01 02:33:01.279885+00:00
[2026-01-01T03:01:33.320+0000] {warnings.py:112} WARNING - This process (pid=24419) is multi-threaded, use of fork() may lead to deadlocks in the child.

[2026-01-01T03:01:33.323+0000] {standard_task_runner.py:64} INFO - Started process 24592 to run task
[2026-01-01T03:01:33.352+0000] {standard_task_runner.py:90} INFO - Running: ['***', 'tasks', 'run', 'thongtin_cty_bctc', 'ingest_bctc', 'manual__2026-01-01T02:33:01.279885+00:00', '--job-id', '2736', '--raw', '--subdir', 'DAGS_FOLDER/tt_cty_bctc.py', '--cfg-path', '/tmp/tmppf2h56e5', '--map-index', '6']
[2026-01-01T03:01:33.354+0000] {standard_task_runner.py:91} INFO - Job 2736: Subtask ingest_bctc
[2026-01-01T03:01:33.526+0000] {task_command.py:426} INFO - Running <TaskInstance: thongtin_cty_bctc.ingest_bctc manual__2026-01-01T02:33:01.279885+00:00 map_index=6 [running]> on host 43b0a0f7606b
[2026-01-01T03:01:33.970+0000] {taskinstance.py:2648} INFO - Exporting env vars: AIRFLOW_CTX_DAG_OWNER='***' AIRFLOW_CTX_DAG_ID='thongtin_cty_bctc' AIRFLOW_CTX_TASK_ID='ingest_bctc' AIRFLOW_CTX_EXECUTION_DATE='2026-01-01T02:33:01.279885+00:00' AIRFLOW_CTX_TRY_NUMBER='1' AIRFLOW_CTX_DAG_RUN_ID='manual__2026-01-01T02:33:01.279885+00:00'
[2026-01-01T03:01:33.973+0000] {taskinstance.py:430} INFO - ::endgroup::
[2026-01-01T03:01:34.010+0000] {logging_mixin.py:188} INFO - Bắt đầu xử lý batch 3 mã: ['MSN', 'GAS', 'PLX']
[2026-01-01T03:01:34.011+0000] {logging_mixin.py:188} INFO -  >> Đang lấy dữ liệu: MSN
[2026-01-01T03:01:34.261+0000] {logging_mixin.py:188} INFO -  Lỗi xử lý mã MSN: Failed to fetch data: 429 - Too Many Requests
[2026-01-01T03:01:34.263+0000] {logging_mixin.py:188} INFO -  >> Đang lấy dữ liệu: GAS
[2026-01-01T03:01:34.426+0000] {logging_mixin.py:188} INFO -  Lỗi xử lý mã GAS: Failed to fetch data: 429 - Too Many Requests
[2026-01-01T03:01:34.427+0000] {logging_mixin.py:188} INFO -  >> Đang lấy dữ liệu: PLX
[2026-01-01T03:01:34.638+0000] {logging_mixin.py:188} INFO -  Lỗi xử lý mã PLX: Failed to fetch data: 429 - Too Many Requests
[2026-01-01T03:01:34.639+0000] {logging_mixin.py:188} INFO -  ⚠ Batch này không thu được dữ liệu nào.
[2026-01-01T03:01:34.644+0000] {datalake_df2csv.py:40} INFO - DataFrame rỗng, bỏ qua upload CSV.
[2026-01-01T03:01:34.648+0000] {taskinstance.py:441} INFO - ::group::Post task execution logs
[2026-01-01T03:01:34.665+0000] {taskinstance.py:1206} INFO - Marking task as SUCCESS. dag_id=thongtin_cty_bctc, task_id=ingest_bctc, run_id=manual__2026-01-01T02:33:01.279885+00:00, map_index=6, execution_date=20260101T023301, start_date=20260101T030133, end_date=20260101T030134
[2026-01-01T03:01:34.708+0000] {local_task_job_runner.py:243} INFO - Task exited with return code 0
[2026-01-01T03:01:34.733+0000] {local_task_job_runner.py:222} INFO - ::endgroup::
