[2026-01-12T15:23:08.869+0000] {local_task_job_runner.py:120} INFO - ::group::Pre task execution logs
[2026-01-12T15:23:08.987+0000] {taskinstance.py:2076} INFO - Dependencies all met for dep_context=non-requeueable deps ti=<TaskInstance: financial_ratios_etl.ingest_financial_ratios manual__2026-01-12T15:14:43+00:00 map_index=517 [queued]>
[2026-01-12T15:23:09.069+0000] {taskinstance.py:2076} INFO - Dependencies all met for dep_context=requeueable deps ti=<TaskInstance: financial_ratios_etl.ingest_financial_ratios manual__2026-01-12T15:14:43+00:00 map_index=517 [queued]>
[2026-01-12T15:23:09.070+0000] {taskinstance.py:2306} INFO - Starting attempt 1 of 2
[2026-01-12T15:23:09.094+0000] {taskinstance.py:2330} INFO - Executing <Mapped(DfToCsvOperator): ingest_financial_ratios> on 2026-01-12 15:14:43+00:00
[2026-01-12T15:23:09.111+0000] {warnings.py:112} WARNING - This process (pid=6814) is multi-threaded, use of fork() may lead to deadlocks in the child.

[2026-01-12T15:23:09.114+0000] {standard_task_runner.py:64} INFO - Started process 6911 to run task
[2026-01-12T15:23:09.117+0000] {standard_task_runner.py:90} INFO - Running: ['***', 'tasks', 'run', 'financial_ratios_etl', 'ingest_financial_ratios', 'manual__2026-01-12T15:14:43+00:00', '--job-id', '14220', '--raw', '--subdir', 'DAGS_FOLDER/financial_ratios_etl.py', '--cfg-path', '/tmp/tmp7ml6y1mw', '--map-index', '517']
[2026-01-12T15:23:09.121+0000] {standard_task_runner.py:91} INFO - Job 14220: Subtask ingest_financial_ratios
[2026-01-12T15:23:09.194+0000] {task_command.py:426} INFO - Running <TaskInstance: financial_ratios_etl.ingest_financial_ratios manual__2026-01-12T15:14:43+00:00 map_index=517 [running]> on host 5a20a797a43c
[2026-01-12T15:23:09.415+0000] {taskinstance.py:2648} INFO - Exporting env vars: AIRFLOW_CTX_DAG_OWNER='***' AIRFLOW_CTX_DAG_ID='financial_ratios_etl' AIRFLOW_CTX_TASK_ID='ingest_financial_ratios' AIRFLOW_CTX_EXECUTION_DATE='2026-01-12T15:14:43+00:00' AIRFLOW_CTX_TRY_NUMBER='1' AIRFLOW_CTX_DAG_RUN_ID='manual__2026-01-12T15:14:43+00:00'
[2026-01-12T15:23:09.416+0000] {taskinstance.py:430} INFO - ::endgroup::
[2026-01-12T15:23:09.426+0000] {logging_mixin.py:188} INFO - [RATIO] Bắt đầu xử lý batch 2 mã: ['ICC', 'IBN']
[2026-01-12T15:23:09.426+0000] {logging_mixin.py:188} INFO - [RATIO] Kỳ dữ liệu: quarter
[2026-01-12T15:23:09.427+0000] {logging_mixin.py:188} INFO -  >> [RATIO] Đang lấy dữ liệu: ICC
[2026-01-12T15:23:14.364+0000] {logging_mixin.py:188} INFO - ❌ Lỗi ICC: RetryError[<Future at 0x7f68d606f3b0 state=finished raised KeyError>]
[2026-01-12T15:23:14.366+0000] {logging_mixin.py:188} INFO -  ⚠️ [RATIO] ICC: No data from API
[2026-01-12T15:23:16.368+0000] {logging_mixin.py:188} INFO -  >> [RATIO] Đang lấy dữ liệu: IBN
[2026-01-12T15:23:21.283+0000] {logging_mixin.py:188} INFO - ❌ Lỗi IBN: RetryError[<Future at 0x7f68d5ede300 state=finished raised KeyError>]
[2026-01-12T15:23:21.285+0000] {logging_mixin.py:188} INFO -  ⚠️ [RATIO] IBN: No data from API
[2026-01-12T15:23:23.285+0000] {logging_mixin.py:188} INFO -  ⚠ [RATIO] Batch này không thu được dữ liệu nào.
[2026-01-12T15:23:23.287+0000] {datalake_df2csv.py:40} INFO - DataFrame rỗng, bỏ qua upload CSV.
[2026-01-12T15:23:23.288+0000] {taskinstance.py:441} INFO - ::group::Post task execution logs
[2026-01-12T15:23:23.301+0000] {taskinstance.py:1206} INFO - Marking task as SUCCESS. dag_id=financial_ratios_etl, task_id=ingest_financial_ratios, run_id=manual__2026-01-12T15:14:43+00:00, map_index=517, execution_date=20260112T151443, start_date=20260112T152308, end_date=20260112T152323
[2026-01-12T15:23:23.377+0000] {local_task_job_runner.py:243} INFO - Task exited with return code 0
[2026-01-12T15:23:23.397+0000] {taskinstance.py:3503} INFO - 0 downstream tasks scheduled from follow-on schedule check
[2026-01-12T15:23:23.400+0000] {local_task_job_runner.py:222} INFO - ::endgroup::
