[2026-01-12T14:09:35.312+0000] {local_task_job_runner.py:120} INFO - ::group::Pre task execution logs
[2026-01-12T14:09:35.379+0000] {taskinstance.py:2076} INFO - Dependencies all met for dep_context=non-requeueable deps ti=<TaskInstance: daily_price_minio.ingest_daily_price manual__2026-01-12T14:07:40.988868+00:00 map_index=87 [queued]>
[2026-01-12T14:09:35.426+0000] {taskinstance.py:2076} INFO - Dependencies all met for dep_context=requeueable deps ti=<TaskInstance: daily_price_minio.ingest_daily_price manual__2026-01-12T14:07:40.988868+00:00 map_index=87 [queued]>
[2026-01-12T14:09:35.427+0000] {taskinstance.py:2306} INFO - Starting attempt 1 of 2
[2026-01-12T14:09:35.464+0000] {taskinstance.py:2330} INFO - Executing <Mapped(DfToCsvOperator): ingest_daily_price> on 2026-01-12 14:07:40.988868+00:00
[2026-01-12T14:09:35.489+0000] {warnings.py:112} WARNING - This process (pid=1464) is multi-threaded, use of fork() may lead to deadlocks in the child.

[2026-01-12T14:09:35.500+0000] {standard_task_runner.py:64} INFO - Started process 1567 to run task
[2026-01-12T14:09:35.512+0000] {standard_task_runner.py:90} INFO - Running: ['***', 'tasks', 'run', 'daily_price_minio', 'ingest_daily_price', 'manual__2026-01-12T14:07:40.988868+00:00', '--job-id', '12418', '--raw', '--subdir', 'DAGS_FOLDER/daily_price_minio.py', '--cfg-path', '/tmp/tmp77adyyqi', '--map-index', '87']
[2026-01-12T14:09:35.535+0000] {standard_task_runner.py:91} INFO - Job 12418: Subtask ingest_daily_price
[2026-01-12T14:09:35.645+0000] {task_command.py:426} INFO - Running <TaskInstance: daily_price_minio.ingest_daily_price manual__2026-01-12T14:07:40.988868+00:00 map_index=87 [running]> on host 5a20a797a43c
[2026-01-12T14:09:35.835+0000] {taskinstance.py:2648} INFO - Exporting env vars: AIRFLOW_CTX_DAG_OWNER='***' AIRFLOW_CTX_DAG_ID='daily_price_minio' AIRFLOW_CTX_TASK_ID='ingest_daily_price' AIRFLOW_CTX_EXECUTION_DATE='2026-01-12T14:07:40.988868+00:00' AIRFLOW_CTX_TRY_NUMBER='1' AIRFLOW_CTX_DAG_RUN_ID='manual__2026-01-12T14:07:40.988868+00:00'
[2026-01-12T14:09:35.839+0000] {taskinstance.py:430} INFO - ::endgroup::
[2026-01-12T14:09:44.308+0000] {logging_mixin.py:188} INFO - SON: RetryError[<Future at 0x7feef6f2f0e0 state=finished raised ValueError>]
[2026-01-12T14:09:45.624+0000] {base.py:84} INFO - Using connection ID 'minio_finance' for task execution.
[2026-01-12T14:09:45.625+0000] {connection_wrapper.py:384} INFO - AWS Connection (conn_id='minio_finance', conn_type='aws') credentials retrieved from login and password.
[2026-01-12T14:09:46.737+0000] {datalake_df2csv.py:52} INFO - ✅ Đã upload 16 dòng -> s3://thongtin-congty-va-bctc/daily_price/2026-01-12/batch_87.csv
[2026-01-12T14:09:46.741+0000] {taskinstance.py:441} INFO - ::group::Post task execution logs
[2026-01-12T14:09:46.755+0000] {taskinstance.py:1206} INFO - Marking task as SUCCESS. dag_id=daily_price_minio, task_id=ingest_daily_price, run_id=manual__2026-01-12T14:07:40.988868+00:00, map_index=87, execution_date=20260112T140740, start_date=20260112T140935, end_date=20260112T140946
[2026-01-12T14:09:46.809+0000] {local_task_job_runner.py:243} INFO - Task exited with return code 0
[2026-01-12T14:09:46.834+0000] {taskinstance.py:3503} INFO - 0 downstream tasks scheduled from follow-on schedule check
[2026-01-12T14:09:46.842+0000] {local_task_job_runner.py:222} INFO - ::endgroup::
