[2026-01-11T04:02:55.187+0000] {local_task_job_runner.py:120} INFO - ::group::Pre task execution logs
[2026-01-11T04:02:55.217+0000] {taskinstance.py:2076} INFO - Dependencies all met for dep_context=non-requeueable deps ti=<TaskInstance: bctc.ingest_bctc manual__2026-01-11T04:01:06+00:00 map_index=57 [queued]>
[2026-01-11T04:02:55.235+0000] {taskinstance.py:2076} INFO - Dependencies all met for dep_context=requeueable deps ti=<TaskInstance: bctc.ingest_bctc manual__2026-01-11T04:01:06+00:00 map_index=57 [queued]>
[2026-01-11T04:02:55.235+0000] {taskinstance.py:2306} INFO - Starting attempt 1 of 2
[2026-01-11T04:02:55.250+0000] {taskinstance.py:2330} INFO - Executing <Mapped(DfToCsvOperator): ingest_bctc> on 2026-01-11 04:01:06+00:00
[2026-01-11T04:02:55.263+0000] {warnings.py:112} WARNING - This process (pid=1854) is multi-threaded, use of fork() may lead to deadlocks in the child.

[2026-01-11T04:02:55.268+0000] {standard_task_runner.py:64} INFO - Started process 1934 to run task
[2026-01-11T04:02:55.275+0000] {standard_task_runner.py:90} INFO - Running: ['***', 'tasks', 'run', 'bctc', 'ingest_bctc', 'manual__2026-01-11T04:01:06+00:00', '--job-id', '10243', '--raw', '--subdir', 'DAGS_FOLDER/tt_cty_bctc.py', '--cfg-path', '/tmp/tmp88u0z0b5', '--map-index', '57']
[2026-01-11T04:02:55.277+0000] {standard_task_runner.py:91} INFO - Job 10243: Subtask ingest_bctc
[2026-01-11T04:02:55.372+0000] {task_command.py:426} INFO - Running <TaskInstance: bctc.ingest_bctc manual__2026-01-11T04:01:06+00:00 map_index=57 [running]> on host 3f2af93df813
[2026-01-11T04:02:56.280+0000] {taskinstance.py:2648} INFO - Exporting env vars: AIRFLOW_CTX_DAG_OWNER='***' AIRFLOW_CTX_DAG_ID='bctc' AIRFLOW_CTX_TASK_ID='ingest_bctc' AIRFLOW_CTX_EXECUTION_DATE='2026-01-11T04:01:06+00:00' AIRFLOW_CTX_TRY_NUMBER='1' AIRFLOW_CTX_DAG_RUN_ID='manual__2026-01-11T04:01:06+00:00'
[2026-01-11T04:02:56.281+0000] {taskinstance.py:430} INFO - ::endgroup::
[2026-01-11T04:02:56.298+0000] {logging_mixin.py:188} INFO - Bắt đầu xử lý batch 20 mã: ['HGM', 'HGC', 'HGA', 'HFX', 'HFC', 'HFB', 'HEV', 'HES', 'HEP', 'HEM', 'HEJ', 'HEC', 'HDW', 'HDS', 'HDP', 'HDO', 'HDM', 'HDG', 'HDC', 'HDB']
[2026-01-11T04:02:56.299+0000] {logging_mixin.py:188} INFO -  >> Đang lấy dữ liệu: HGM
[2026-01-11T04:02:56.457+0000] {logging_mixin.py:188} INFO -  Lỗi xử lý mã HGM: Failed to fetch data: 429 - Too Many Requests
[2026-01-11T04:02:56.467+0000] {logging_mixin.py:188} INFO -  >> Đang lấy dữ liệu: HGC
[2026-01-11T04:02:56.619+0000] {logging_mixin.py:188} INFO -  Lỗi xử lý mã HGC: Failed to fetch data: 429 - Too Many Requests
[2026-01-11T04:02:56.621+0000] {logging_mixin.py:188} INFO -  >> Đang lấy dữ liệu: HGA
[2026-01-11T04:02:56.765+0000] {logging_mixin.py:188} INFO -  Lỗi xử lý mã HGA: Failed to fetch data: 429 - Too Many Requests
[2026-01-11T04:02:56.766+0000] {logging_mixin.py:188} INFO -  >> Đang lấy dữ liệu: HFX
[2026-01-11T04:02:57.114+0000] {logging_mixin.py:188} INFO -  Lỗi xử lý mã HFX: Failed to fetch data: 429 - Too Many Requests
[2026-01-11T04:02:57.116+0000] {logging_mixin.py:188} INFO -  >> Đang lấy dữ liệu: HFC
[2026-01-11T04:02:57.506+0000] {logging_mixin.py:188} INFO -  Lỗi xử lý mã HFC: Failed to fetch data: 429 - Too Many Requests
[2026-01-11T04:02:57.514+0000] {logging_mixin.py:188} INFO -  >> Đang lấy dữ liệu: HFB
[2026-01-11T04:02:57.641+0000] {logging_mixin.py:188} INFO -  Lỗi xử lý mã HFB: Failed to fetch data: 429 - Too Many Requests
[2026-01-11T04:02:57.643+0000] {logging_mixin.py:188} INFO -  >> Đang lấy dữ liệu: HEV
[2026-01-11T04:02:57.820+0000] {logging_mixin.py:188} INFO -  Lỗi xử lý mã HEV: Failed to fetch data: 429 - Too Many Requests
[2026-01-11T04:02:57.823+0000] {logging_mixin.py:188} INFO -  >> Đang lấy dữ liệu: HES
[2026-01-11T04:02:57.951+0000] {logging_mixin.py:188} INFO -  Lỗi xử lý mã HES: Failed to fetch data: 429 - Too Many Requests
[2026-01-11T04:02:57.952+0000] {logging_mixin.py:188} INFO -  >> Đang lấy dữ liệu: HEP
[2026-01-11T04:02:58.076+0000] {logging_mixin.py:188} INFO -  Lỗi xử lý mã HEP: Failed to fetch data: 429 - Too Many Requests
[2026-01-11T04:02:58.078+0000] {logging_mixin.py:188} INFO -  >> Đang lấy dữ liệu: HEM
[2026-01-11T04:02:58.227+0000] {logging_mixin.py:188} INFO -  Lỗi xử lý mã HEM: Failed to fetch data: 429 - Too Many Requests
[2026-01-11T04:02:58.229+0000] {logging_mixin.py:188} INFO -  >> Đang lấy dữ liệu: HEJ
[2026-01-11T04:02:58.396+0000] {logging_mixin.py:188} INFO -  Lỗi xử lý mã HEJ: Failed to fetch data: 429 - Too Many Requests
[2026-01-11T04:02:58.398+0000] {logging_mixin.py:188} INFO -  >> Đang lấy dữ liệu: HEC
[2026-01-11T04:02:58.593+0000] {logging_mixin.py:188} INFO -  Lỗi xử lý mã HEC: Failed to fetch data: 429 - Too Many Requests
[2026-01-11T04:02:58.595+0000] {logging_mixin.py:188} INFO -  >> Đang lấy dữ liệu: HDW
[2026-01-11T04:02:58.720+0000] {logging_mixin.py:188} INFO -  Lỗi xử lý mã HDW: Failed to fetch data: 429 - Too Many Requests
[2026-01-11T04:02:58.723+0000] {logging_mixin.py:188} INFO -  >> Đang lấy dữ liệu: HDS
[2026-01-11T04:02:59.123+0000] {logging_mixin.py:188} INFO -  Lỗi xử lý mã HDS: Failed to fetch data: 429 - Too Many Requests
[2026-01-11T04:02:59.124+0000] {logging_mixin.py:188} INFO -  >> Đang lấy dữ liệu: HDP
[2026-01-11T04:02:59.479+0000] {logging_mixin.py:188} INFO -  Lỗi xử lý mã HDP: Failed to fetch data: 429 - Too Many Requests
[2026-01-11T04:02:59.487+0000] {logging_mixin.py:188} INFO -  >> Đang lấy dữ liệu: HDO
[2026-01-11T04:02:59.805+0000] {logging_mixin.py:188} INFO -  Lỗi xử lý mã HDO: Failed to fetch data: 429 - Too Many Requests
[2026-01-11T04:02:59.807+0000] {logging_mixin.py:188} INFO -  >> Đang lấy dữ liệu: HDM
[2026-01-11T04:02:59.971+0000] {logging_mixin.py:188} INFO -  Lỗi xử lý mã HDM: Failed to fetch data: 429 - Too Many Requests
[2026-01-11T04:02:59.972+0000] {logging_mixin.py:188} INFO -  >> Đang lấy dữ liệu: HDG
[2026-01-11T04:03:00.109+0000] {logging_mixin.py:188} INFO -  Lỗi xử lý mã HDG: Failed to fetch data: 429 - Too Many Requests
[2026-01-11T04:03:00.111+0000] {logging_mixin.py:188} INFO -  >> Đang lấy dữ liệu: HDC
[2026-01-11T04:03:00.236+0000] {logging_mixin.py:188} INFO -  Lỗi xử lý mã HDC: Failed to fetch data: 429 - Too Many Requests
[2026-01-11T04:03:00.238+0000] {logging_mixin.py:188} INFO -  >> Đang lấy dữ liệu: HDB
[2026-01-11T04:03:00.354+0000] {logging_mixin.py:188} INFO -  Lỗi xử lý mã HDB: Failed to fetch data: 429 - Too Many Requests
[2026-01-11T04:03:00.356+0000] {logging_mixin.py:188} INFO -  ⚠ Batch này không thu được dữ liệu nào.
[2026-01-11T04:03:00.365+0000] {datalake_df2csv.py:40} INFO - DataFrame rỗng, bỏ qua upload CSV.
[2026-01-11T04:03:00.366+0000] {taskinstance.py:441} INFO - ::group::Post task execution logs
[2026-01-11T04:03:00.384+0000] {taskinstance.py:1206} INFO - Marking task as SUCCESS. dag_id=bctc, task_id=ingest_bctc, run_id=manual__2026-01-11T04:01:06+00:00, map_index=57, execution_date=20260111T040106, start_date=20260111T040255, end_date=20260111T040300
[2026-01-11T04:03:00.463+0000] {local_task_job_runner.py:243} INFO - Task exited with return code 0
[2026-01-11T04:03:00.531+0000] {taskinstance.py:3503} INFO - 0 downstream tasks scheduled from follow-on schedule check
[2026-01-11T04:03:00.534+0000] {local_task_job_runner.py:222} INFO - ::endgroup::
