[2026-01-01T03:00:17.085+0000] {local_task_job_runner.py:120} INFO - ::group::Pre task execution logs
[2026-01-01T03:00:17.142+0000] {taskinstance.py:2076} INFO - Dependencies all met for dep_context=non-requeueable deps ti=<TaskInstance: thongtin_cty_bctc.ingest_overview manual__2025-12-31T15:06:58.367608+00:00 map_index=19 [queued]>
[2026-01-01T03:00:17.184+0000] {taskinstance.py:2076} INFO - Dependencies all met for dep_context=requeueable deps ti=<TaskInstance: thongtin_cty_bctc.ingest_overview manual__2025-12-31T15:06:58.367608+00:00 map_index=19 [queued]>
[2026-01-01T03:00:17.187+0000] {taskinstance.py:2306} INFO - Starting attempt 1 of 2
[2026-01-01T03:00:17.222+0000] {taskinstance.py:2330} INFO - Executing <Mapped(DfToCsvOperator): ingest_overview> on 2025-12-31 15:06:58.367608+00:00
[2026-01-01T03:00:17.235+0000] {warnings.py:112} WARNING - This process (pid=22868) is multi-threaded, use of fork() may lead to deadlocks in the child.

[2026-01-01T03:00:17.239+0000] {standard_task_runner.py:64} INFO - Started process 22996 to run task
[2026-01-01T03:00:17.243+0000] {standard_task_runner.py:90} INFO - Running: ['***', 'tasks', 'run', 'thongtin_cty_bctc', 'ingest_overview', 'manual__2025-12-31T15:06:58.367608+00:00', '--job-id', '2591', '--raw', '--subdir', 'DAGS_FOLDER/tt_cty_bctc.py', '--cfg-path', '/tmp/tmppyt6x_9r', '--map-index', '19']
[2026-01-01T03:00:17.247+0000] {standard_task_runner.py:91} INFO - Job 2591: Subtask ingest_overview
[2026-01-01T03:00:17.331+0000] {task_command.py:426} INFO - Running <TaskInstance: thongtin_cty_bctc.ingest_overview manual__2025-12-31T15:06:58.367608+00:00 map_index=19 [running]> on host 43b0a0f7606b
[2026-01-01T03:00:17.507+0000] {taskinstance.py:2648} INFO - Exporting env vars: AIRFLOW_CTX_DAG_OWNER='***' AIRFLOW_CTX_DAG_ID='thongtin_cty_bctc' AIRFLOW_CTX_TASK_ID='ingest_overview' AIRFLOW_CTX_EXECUTION_DATE='2025-12-31T15:06:58.367608+00:00' AIRFLOW_CTX_TRY_NUMBER='1' AIRFLOW_CTX_DAG_RUN_ID='manual__2025-12-31T15:06:58.367608+00:00'
[2026-01-01T03:00:17.509+0000] {taskinstance.py:430} INFO - ::endgroup::
[2026-01-01T03:00:17.690+0000] {logging_mixin.py:188} INFO - Err overview CTR: Failed to fetch data: 429 - Too Many Requests
[2026-01-01T03:00:18.843+0000] {logging_mixin.py:188} INFO - Err overview IDC: Failed to fetch data: 429 - Too Many Requests
[2026-01-01T03:00:20.011+0000] {logging_mixin.py:188} INFO - Err overview SZC: Failed to fetch data: 429 - Too Many Requests
[2026-01-01T03:00:21.019+0000] {datalake_df2csv.py:40} INFO - DataFrame rỗng, bỏ qua upload CSV.
[2026-01-01T03:00:21.031+0000] {taskinstance.py:441} INFO - ::group::Post task execution logs
[2026-01-01T03:00:21.050+0000] {taskinstance.py:1206} INFO - Marking task as SUCCESS. dag_id=thongtin_cty_bctc, task_id=ingest_overview, run_id=manual__2025-12-31T15:06:58.367608+00:00, map_index=19, execution_date=20251231T150658, start_date=20260101T030017, end_date=20260101T030021
[2026-01-01T03:00:21.139+0000] {local_task_job_runner.py:243} INFO - Task exited with return code 0
[2026-01-01T03:00:21.155+0000] {local_task_job_runner.py:222} INFO - ::endgroup::
