[2026-01-01T09:04:21.679+0000] {local_task_job_runner.py:120} INFO - ::group::Pre task execution logs
[2026-01-01T09:04:21.726+0000] {taskinstance.py:2076} INFO - Dependencies all met for dep_context=non-requeueable deps ti=<TaskInstance: thongtin_cty_bctc.ingest_bctc scheduled__2025-12-30T00:00:00+00:00 map_index=18 [queued]>
[2026-01-01T09:04:21.753+0000] {taskinstance.py:2076} INFO - Dependencies all met for dep_context=requeueable deps ti=<TaskInstance: thongtin_cty_bctc.ingest_bctc scheduled__2025-12-30T00:00:00+00:00 map_index=18 [queued]>
[2026-01-01T09:04:21.755+0000] {taskinstance.py:2306} INFO - Starting attempt 5 of 6
[2026-01-01T09:04:21.784+0000] {taskinstance.py:2330} INFO - Executing <Mapped(DfToCsvOperator): ingest_bctc> on 2025-12-30 00:00:00+00:00
[2026-01-01T09:04:21.800+0000] {warnings.py:112} WARNING - This process (pid=8910) is multi-threaded, use of fork() may lead to deadlocks in the child.

[2026-01-01T09:04:21.806+0000] {standard_task_runner.py:64} INFO - Started process 8993 to run task
[2026-01-01T09:04:21.807+0000] {standard_task_runner.py:90} INFO - Running: ['***', 'tasks', 'run', 'thongtin_cty_bctc', 'ingest_bctc', 'scheduled__2025-12-30T00:00:00+00:00', '--job-id', '4479', '--raw', '--subdir', 'DAGS_FOLDER/tt_cty_bctc.py', '--cfg-path', '/tmp/tmpegp3r05g', '--map-index', '18']
[2026-01-01T09:04:21.812+0000] {standard_task_runner.py:91} INFO - Job 4479: Subtask ingest_bctc
[2026-01-01T09:04:21.948+0000] {task_command.py:426} INFO - Running <TaskInstance: thongtin_cty_bctc.ingest_bctc scheduled__2025-12-30T00:00:00+00:00 map_index=18 [running]> on host b455963a0603
[2026-01-01T09:04:22.178+0000] {taskinstance.py:2648} INFO - Exporting env vars: AIRFLOW_CTX_DAG_OWNER='***' AIRFLOW_CTX_DAG_ID='thongtin_cty_bctc' AIRFLOW_CTX_TASK_ID='ingest_bctc' AIRFLOW_CTX_EXECUTION_DATE='2025-12-30T00:00:00+00:00' AIRFLOW_CTX_TRY_NUMBER='5' AIRFLOW_CTX_DAG_RUN_ID='scheduled__2025-12-30T00:00:00+00:00'
[2026-01-01T09:04:22.182+0000] {taskinstance.py:430} INFO - ::endgroup::
[2026-01-01T09:04:22.203+0000] {logging_mixin.py:188} INFO - Bắt đầu xử lý batch 3 mã: ['VSF', 'VSE', 'VSC']
[2026-01-01T09:04:22.205+0000] {logging_mixin.py:188} INFO -  >> Đang lấy dữ liệu: VSF
[2026-01-01T09:04:24.876+0000] {logging_mixin.py:188} INFO -  >> Đang lấy dữ liệu: VSE
[2026-01-01T09:04:29.513+0000] {logging_mixin.py:188} INFO - ❌ Lỗi income_statement: RetryError[<Future at 0x7f266ee99760 state=finished raised KeyError>]
[2026-01-01T09:04:33.989+0000] {logging_mixin.py:188} INFO - ❌ Lỗi balance_sheet: RetryError[<Future at 0x7f266ee9bf50 state=finished raised KeyError>]
[2026-01-01T09:04:38.554+0000] {logging_mixin.py:188} INFO - ❌ Lỗi cash_flow: RetryError[<Future at 0x7f266ee9ba10 state=finished raised KeyError>]
[2026-01-01T09:04:39.555+0000] {logging_mixin.py:188} INFO -  >> Đang lấy dữ liệu: VSC
[2026-01-01T09:04:42.522+0000] {logging_mixin.py:188} INFO -  ✓ Hoàn thành batch. Tổng số dòng: 6774
[2026-01-01T09:04:42.584+0000] {base.py:84} INFO - Using connection ID 'minio_finance' for task execution.
[2026-01-01T09:04:42.586+0000] {connection_wrapper.py:384} INFO - AWS Connection (conn_id='minio_finance', conn_type='aws') credentials retrieved from login and password.
[2026-01-01T09:04:43.495+0000] {datalake_df2csv.py:53} INFO - ✅ Đã upload 6774 dòng -> s3://thongtin-congty-va-bctc/bctc/2025-12-30/batch_18.csv
[2026-01-01T09:04:43.498+0000] {taskinstance.py:441} INFO - ::group::Post task execution logs
[2026-01-01T09:04:43.519+0000] {taskinstance.py:1206} INFO - Marking task as SUCCESS. dag_id=thongtin_cty_bctc, task_id=ingest_bctc, run_id=scheduled__2025-12-30T00:00:00+00:00, map_index=18, execution_date=20251230T000000, start_date=20260101T090421, end_date=20260101T090443
[2026-01-01T09:04:43.589+0000] {local_task_job_runner.py:243} INFO - Task exited with return code 0
[2026-01-01T09:04:43.603+0000] {local_task_job_runner.py:222} INFO - ::endgroup::
