[2026-01-01T02:34:50.827+0000] {local_task_job_runner.py:120} INFO - ::group::Pre task execution logs
[2026-01-01T02:34:50.907+0000] {taskinstance.py:2076} INFO - Dependencies all met for dep_context=non-requeueable deps ti=<TaskInstance: thongtin_cty_bctc.ingest_bctc scheduled__2025-12-30T00:00:00+00:00 map_index=22 [queued]>
[2026-01-01T02:34:50.951+0000] {taskinstance.py:2076} INFO - Dependencies all met for dep_context=requeueable deps ti=<TaskInstance: thongtin_cty_bctc.ingest_bctc scheduled__2025-12-30T00:00:00+00:00 map_index=22 [queued]>
[2026-01-01T02:34:50.952+0000] {taskinstance.py:2306} INFO - Starting attempt 2 of 3
[2026-01-01T02:34:50.990+0000] {taskinstance.py:2330} INFO - Executing <Mapped(DfToCsvOperator): ingest_bctc> on 2025-12-30 00:00:00+00:00
[2026-01-01T02:34:51.044+0000] {warnings.py:112} WARNING - This process (pid=15088) is multi-threaded, use of fork() may lead to deadlocks in the child.

[2026-01-01T02:34:51.060+0000] {standard_task_runner.py:64} INFO - Started process 15261 to run task
[2026-01-01T02:34:51.062+0000] {standard_task_runner.py:90} INFO - Running: ['***', 'tasks', 'run', 'thongtin_cty_bctc', 'ingest_bctc', 'scheduled__2025-12-30T00:00:00+00:00', '--job-id', '1916', '--raw', '--subdir', 'DAGS_FOLDER/tt_cty_bctc.py', '--cfg-path', '/tmp/tmp0p8wtguv', '--map-index', '22']
[2026-01-01T02:34:51.065+0000] {standard_task_runner.py:91} INFO - Job 1916: Subtask ingest_bctc
[2026-01-01T02:34:51.307+0000] {task_command.py:426} INFO - Running <TaskInstance: thongtin_cty_bctc.ingest_bctc scheduled__2025-12-30T00:00:00+00:00 map_index=22 [running]> on host 43b0a0f7606b
[2026-01-01T02:34:51.610+0000] {taskinstance.py:2648} INFO - Exporting env vars: AIRFLOW_CTX_DAG_OWNER='***' AIRFLOW_CTX_DAG_ID='thongtin_cty_bctc' AIRFLOW_CTX_TASK_ID='ingest_bctc' AIRFLOW_CTX_EXECUTION_DATE='2025-12-30T00:00:00+00:00' AIRFLOW_CTX_TRY_NUMBER='2' AIRFLOW_CTX_DAG_RUN_ID='scheduled__2025-12-30T00:00:00+00:00'
[2026-01-01T02:34:51.613+0000] {taskinstance.py:430} INFO - ::endgroup::
[2026-01-01T02:34:51.634+0000] {logging_mixin.py:188} INFO - Bắt đầu xử lý batch 20 mã: ['SNC', 'SMT', 'SMN', 'SMC', 'SMB', 'SMA', 'SLS', 'SLD', 'SKV', 'SKN', 'SKH', 'SKG', 'SJS', 'SJM', 'SJG', 'SJF', 'SJE', 'SJD', 'SJC', 'SJ1']
[2026-01-01T02:34:51.635+0000] {logging_mixin.py:188} INFO -  >> Đang lấy dữ liệu: SNC
[2026-01-01T02:34:51.843+0000] {logging_mixin.py:188} INFO -  Lỗi xử lý mã SNC: Failed to fetch data: 429 - Too Many Requests
[2026-01-01T02:34:51.850+0000] {logging_mixin.py:188} INFO -  >> Đang lấy dữ liệu: SMT
[2026-01-01T02:34:52.022+0000] {logging_mixin.py:188} INFO -  Lỗi xử lý mã SMT: Failed to fetch data: 429 - Too Many Requests
[2026-01-01T02:34:52.023+0000] {logging_mixin.py:188} INFO -  >> Đang lấy dữ liệu: SMN
[2026-01-01T02:34:52.184+0000] {logging_mixin.py:188} INFO -  Lỗi xử lý mã SMN: Failed to fetch data: 429 - Too Many Requests
[2026-01-01T02:34:52.185+0000] {logging_mixin.py:188} INFO -  >> Đang lấy dữ liệu: SMC
[2026-01-01T02:34:52.311+0000] {logging_mixin.py:188} INFO -  Lỗi xử lý mã SMC: Failed to fetch data: 429 - Too Many Requests
[2026-01-01T02:34:52.313+0000] {logging_mixin.py:188} INFO -  >> Đang lấy dữ liệu: SMB
[2026-01-01T02:34:52.550+0000] {logging_mixin.py:188} INFO -  Lỗi xử lý mã SMB: Failed to fetch data: 429 - Too Many Requests
[2026-01-01T02:34:52.551+0000] {logging_mixin.py:188} INFO -  >> Đang lấy dữ liệu: SMA
[2026-01-01T02:34:52.692+0000] {logging_mixin.py:188} INFO -  Lỗi xử lý mã SMA: Failed to fetch data: 429 - Too Many Requests
[2026-01-01T02:34:52.694+0000] {logging_mixin.py:188} INFO -  >> Đang lấy dữ liệu: SLS
[2026-01-01T02:34:52.871+0000] {logging_mixin.py:188} INFO -  Lỗi xử lý mã SLS: Failed to fetch data: 429 - Too Many Requests
[2026-01-01T02:34:52.872+0000] {logging_mixin.py:188} INFO -  >> Đang lấy dữ liệu: SLD
[2026-01-01T02:34:53.022+0000] {logging_mixin.py:188} INFO -  Lỗi xử lý mã SLD: Failed to fetch data: 429 - Too Many Requests
[2026-01-01T02:34:53.024+0000] {logging_mixin.py:188} INFO -  >> Đang lấy dữ liệu: SKV
[2026-01-01T02:34:53.175+0000] {logging_mixin.py:188} INFO -  Lỗi xử lý mã SKV: Failed to fetch data: 429 - Too Many Requests
[2026-01-01T02:34:53.176+0000] {logging_mixin.py:188} INFO -  >> Đang lấy dữ liệu: SKN
[2026-01-01T02:34:53.305+0000] {logging_mixin.py:188} INFO -  Lỗi xử lý mã SKN: Failed to fetch data: 429 - Too Many Requests
[2026-01-01T02:34:53.306+0000] {logging_mixin.py:188} INFO -  >> Đang lấy dữ liệu: SKH
[2026-01-01T02:34:53.424+0000] {logging_mixin.py:188} INFO -  Lỗi xử lý mã SKH: Failed to fetch data: 429 - Too Many Requests
[2026-01-01T02:34:53.425+0000] {logging_mixin.py:188} INFO -  >> Đang lấy dữ liệu: SKG
[2026-01-01T02:34:53.575+0000] {logging_mixin.py:188} INFO -  Lỗi xử lý mã SKG: Failed to fetch data: 429 - Too Many Requests
[2026-01-01T02:34:53.576+0000] {logging_mixin.py:188} INFO -  >> Đang lấy dữ liệu: SJS
[2026-01-01T02:34:53.714+0000] {logging_mixin.py:188} INFO -  Lỗi xử lý mã SJS: Failed to fetch data: 429 - Too Many Requests
[2026-01-01T02:34:53.715+0000] {logging_mixin.py:188} INFO -  >> Đang lấy dữ liệu: SJM
[2026-01-01T02:34:53.868+0000] {logging_mixin.py:188} INFO -  Lỗi xử lý mã SJM: Failed to fetch data: 429 - Too Many Requests
[2026-01-01T02:34:53.870+0000] {logging_mixin.py:188} INFO -  >> Đang lấy dữ liệu: SJG
[2026-01-01T02:34:54.017+0000] {logging_mixin.py:188} INFO -  Lỗi xử lý mã SJG: Failed to fetch data: 429 - Too Many Requests
[2026-01-01T02:34:54.018+0000] {logging_mixin.py:188} INFO -  >> Đang lấy dữ liệu: SJF
[2026-01-01T02:34:54.227+0000] {logging_mixin.py:188} INFO -  Lỗi xử lý mã SJF: Failed to fetch data: 429 - Too Many Requests
[2026-01-01T02:34:54.228+0000] {logging_mixin.py:188} INFO -  >> Đang lấy dữ liệu: SJE
[2026-01-01T02:34:54.377+0000] {logging_mixin.py:188} INFO -  Lỗi xử lý mã SJE: Failed to fetch data: 429 - Too Many Requests
[2026-01-01T02:34:54.378+0000] {logging_mixin.py:188} INFO -  >> Đang lấy dữ liệu: SJD
[2026-01-01T02:34:54.508+0000] {logging_mixin.py:188} INFO -  Lỗi xử lý mã SJD: Failed to fetch data: 429 - Too Many Requests
[2026-01-01T02:34:54.509+0000] {logging_mixin.py:188} INFO -  >> Đang lấy dữ liệu: SJC
[2026-01-01T02:34:54.647+0000] {logging_mixin.py:188} INFO -  Lỗi xử lý mã SJC: Failed to fetch data: 429 - Too Many Requests
[2026-01-01T02:34:54.648+0000] {logging_mixin.py:188} INFO -  >> Đang lấy dữ liệu: SJ1
[2026-01-01T02:34:54.802+0000] {logging_mixin.py:188} INFO -  Lỗi xử lý mã SJ1: Failed to fetch data: 429 - Too Many Requests
[2026-01-01T02:34:54.803+0000] {logging_mixin.py:188} INFO -  ⚠ Batch này không thu được dữ liệu nào.
[2026-01-01T02:34:54.808+0000] {datalake_df2csv.py:40} INFO - DataFrame rỗng, bỏ qua upload CSV.
[2026-01-01T02:34:54.808+0000] {taskinstance.py:441} INFO - ::group::Post task execution logs
[2026-01-01T02:34:54.825+0000] {taskinstance.py:1206} INFO - Marking task as SUCCESS. dag_id=thongtin_cty_bctc, task_id=ingest_bctc, run_id=scheduled__2025-12-30T00:00:00+00:00, map_index=22, execution_date=20251230T000000, start_date=20260101T023450, end_date=20260101T023454
[2026-01-01T02:34:54.868+0000] {local_task_job_runner.py:243} INFO - Task exited with return code 0
[2026-01-01T02:34:54.880+0000] {local_task_job_runner.py:222} INFO - ::endgroup::
