[2025-12-30T01:55:44.326+0000] {local_task_job_runner.py:120} INFO - ::group::Pre task execution logs
[2025-12-30T01:55:44.411+0000] {taskinstance.py:2076} INFO - Dependencies all met for dep_context=non-requeueable deps ti=<TaskInstance: thongtin_cty_bctc.ingest_people scheduled__2025-12-28T00:00:00+00:00 map_index=9 [queued]>
[2025-12-30T01:55:44.445+0000] {taskinstance.py:2076} INFO - Dependencies all met for dep_context=requeueable deps ti=<TaskInstance: thongtin_cty_bctc.ingest_people scheduled__2025-12-28T00:00:00+00:00 map_index=9 [queued]>
[2025-12-30T01:55:44.446+0000] {taskinstance.py:2306} INFO - Starting attempt 1 of 2
[2025-12-30T01:55:44.520+0000] {taskinstance.py:2330} INFO - Executing <Mapped(DfToDbOperator): ingest_people> on 2025-12-28 00:00:00+00:00
[2025-12-30T01:55:44.571+0000] {warnings.py:112} WARNING - This process (pid=140) is multi-threaded, use of fork() may lead to deadlocks in the child.

[2025-12-30T01:55:44.577+0000] {standard_task_runner.py:64} INFO - Started process 329 to run task
[2025-12-30T01:55:44.576+0000] {standard_task_runner.py:90} INFO - Running: ['***', 'tasks', 'run', 'thongtin_cty_bctc', 'ingest_people', 'scheduled__2025-12-28T00:00:00+00:00', '--job-id', '14', '--raw', '--subdir', 'DAGS_FOLDER/tt_cty_bctc.py', '--cfg-path', '/tmp/tmpzldfk9m4', '--map-index', '9']
[2025-12-30T01:55:44.583+0000] {standard_task_runner.py:91} INFO - Job 14: Subtask ingest_people
[2025-12-30T01:55:44.837+0000] {task_command.py:426} INFO - Running <TaskInstance: thongtin_cty_bctc.ingest_people scheduled__2025-12-28T00:00:00+00:00 map_index=9 [running]> on host c6df485552f0
[2025-12-30T01:55:45.149+0000] {taskinstance.py:2648} INFO - Exporting env vars: AIRFLOW_CTX_DAG_OWNER='***' AIRFLOW_CTX_DAG_ID='thongtin_cty_bctc' AIRFLOW_CTX_TASK_ID='ingest_people' AIRFLOW_CTX_EXECUTION_DATE='2025-12-28T00:00:00+00:00' AIRFLOW_CTX_TRY_NUMBER='1' AIRFLOW_CTX_DAG_RUN_ID='scheduled__2025-12-28T00:00:00+00:00'
[2025-12-30T01:55:45.152+0000] {taskinstance.py:430} INFO - ::endgroup::
[2025-12-30T01:55:49.677+0000] {df_to_db.py:60} INFO - Chuẩn bị insert 653 dòng vào bảng company_people...
[2025-12-30T01:55:49.687+0000] {taskinstance.py:441} INFO - ::group::Post task execution logs
[2025-12-30T01:55:49.698+0000] {taskinstance.py:2905} ERROR - Task failed with exception
Traceback (most recent call last):
  File "/home/airflow/.local/lib/python3.12/site-packages/airflow/models/taskinstance.py", line 465, in _execute_task
    result = _execute_callable(context=context, **execute_callable_kwargs)
             ^^^^^^^^^^^^^^^^^^^^^^^^^^^^^^^^^^^^^^^^^^^^^^^^^^^^^^^^^^^^^
  File "/home/airflow/.local/lib/python3.12/site-packages/airflow/models/taskinstance.py", line 432, in _execute_callable
    return execute_callable(context=context, **execute_callable_kwargs)
           ^^^^^^^^^^^^^^^^^^^^^^^^^^^^^^^^^^^^^^^^^^^^^^^^^^^^^^^^^^^^
  File "/home/airflow/.local/lib/python3.12/site-packages/airflow/models/baseoperator.py", line 401, in wrapper
    return func(self, *args, **kwargs)
           ^^^^^^^^^^^^^^^^^^^^^^^^^^^
  File "/opt/airflow/plugins/function/df_to_db.py", line 63, in execute
    cnx = self._get_mysql_connection()
          ^^^^^^^^^^^^^^^^^^^^^^^^^^^^
  File "/opt/airflow/plugins/function/df_to_db.py", line 100, in _get_mysql_connection
    conn = BaseHook.get_connection(self.conn_id)
           ^^^^^^^^^^^^^^^^^^^^^^^^^^^^^^^^^^^^^
  File "/home/airflow/.local/lib/python3.12/site-packages/airflow/hooks/base.py", line 83, in get_connection
    conn = Connection.get_connection_from_secrets(conn_id)
           ^^^^^^^^^^^^^^^^^^^^^^^^^^^^^^^^^^^^^^^^^^^^^^^
  File "/home/airflow/.local/lib/python3.12/site-packages/airflow/models/connection.py", line 519, in get_connection_from_secrets
    raise AirflowNotFoundException(f"The conn_id `{conn_id}` isn't defined")
airflow.exceptions.AirflowNotFoundException: The conn_id `postgres_default` isn't defined
[2025-12-30T01:55:49.706+0000] {taskinstance.py:1206} INFO - Marking task as UP_FOR_RETRY. dag_id=thongtin_cty_bctc, task_id=ingest_people, run_id=scheduled__2025-12-28T00:00:00+00:00, map_index=9, execution_date=20251228T000000, start_date=20251230T015544, end_date=20251230T015549
[2025-12-30T01:55:49.721+0000] {standard_task_runner.py:110} ERROR - Failed to execute job 14 for task ingest_people (The conn_id `postgres_default` isn't defined; 329)
[2025-12-30T01:55:49.761+0000] {local_task_job_runner.py:243} INFO - Task exited with return code 1
[2025-12-30T01:55:49.771+0000] {local_task_job_runner.py:222} INFO - ::endgroup::
