[2026-01-11T03:04:31.096+0000] {local_task_job_runner.py:120} INFO - ::group::Pre task execution logs
[2026-01-11T03:04:31.140+0000] {taskinstance.py:2076} INFO - Dependencies all met for dep_context=non-requeueable deps ti=<TaskInstance: thongtin_cty_bctc.ingest_bctc scheduled__2026-01-04T00:00:00+00:00 map_index=5 [queued]>
[2026-01-11T03:04:31.156+0000] {taskinstance.py:2076} INFO - Dependencies all met for dep_context=requeueable deps ti=<TaskInstance: thongtin_cty_bctc.ingest_bctc scheduled__2026-01-04T00:00:00+00:00 map_index=5 [queued]>
[2026-01-11T03:04:31.157+0000] {taskinstance.py:2306} INFO - Starting attempt 1 of 2
[2026-01-11T03:04:31.187+0000] {taskinstance.py:2330} INFO - Executing <Mapped(DfToCsvOperator): ingest_bctc> on 2026-01-04 00:00:00+00:00
[2026-01-11T03:04:31.203+0000] {warnings.py:112} WARNING - This process (pid=139) is multi-threaded, use of fork() may lead to deadlocks in the child.

[2026-01-11T03:04:31.209+0000] {standard_task_runner.py:64} INFO - Started process 266 to run task
[2026-01-11T03:04:31.211+0000] {standard_task_runner.py:90} INFO - Running: ['***', 'tasks', 'run', 'thongtin_cty_bctc', 'ingest_bctc', 'scheduled__2026-01-04T00:00:00+00:00', '--job-id', '9645', '--raw', '--subdir', 'DAGS_FOLDER/tt_cty_bctc.py', '--cfg-path', '/tmp/tmprn1rbi65', '--map-index', '5']
[2026-01-11T03:04:31.214+0000] {standard_task_runner.py:91} INFO - Job 9645: Subtask ingest_bctc
[2026-01-11T03:04:31.353+0000] {task_command.py:426} INFO - Running <TaskInstance: thongtin_cty_bctc.ingest_bctc scheduled__2026-01-04T00:00:00+00:00 map_index=5 [running]> on host 3f2af93df813
[2026-01-11T03:04:31.616+0000] {taskinstance.py:2648} INFO - Exporting env vars: AIRFLOW_CTX_DAG_OWNER='***' AIRFLOW_CTX_DAG_ID='thongtin_cty_bctc' AIRFLOW_CTX_TASK_ID='ingest_bctc' AIRFLOW_CTX_EXECUTION_DATE='2026-01-04T00:00:00+00:00' AIRFLOW_CTX_TRY_NUMBER='1' AIRFLOW_CTX_DAG_RUN_ID='scheduled__2026-01-04T00:00:00+00:00'
[2026-01-11T03:04:31.618+0000] {taskinstance.py:430} INFO - ::endgroup::
[2026-01-11T03:04:31.627+0000] {logging_mixin.py:188} INFO - Bắt đầu xử lý batch 20 mã: ['VMC', 'VMA', 'VLW', 'VLS', 'VLP', 'VLG', 'VLF', 'VLC', 'VLB', 'VLA', 'VKP', 'VKD', 'VKC', 'VJC', 'VIX', 'VIW', 'VIT', 'VIS', 'VIR', 'VIP']
[2026-01-11T03:04:31.629+0000] {logging_mixin.py:188} INFO -  >> Đang lấy dữ liệu: VMC
[2026-01-11T03:04:51.080+0000] {logging_mixin.py:188} INFO -  >> Đang lấy dữ liệu: VMA
[2026-01-11T03:04:54.340+0000] {logging_mixin.py:188} INFO -  >> Đang lấy dữ liệu: VLW
[2026-01-11T03:05:01.377+0000] {logging_mixin.py:188} INFO -  >> Đang lấy dữ liệu: VLS
[2026-01-11T03:05:08.061+0000] {logging_mixin.py:188} INFO - ❌ Lỗi income_statement: RetryError[<Future at 0x7f8ff91d9be0 state=finished raised KeyError>]
[2026-01-11T03:05:12.834+0000] {logging_mixin.py:188} INFO - ❌ Lỗi balance_sheet: RetryError[<Future at 0x7f8ff8fd3650 state=finished raised KeyError>]
[2026-01-11T03:05:18.744+0000] {logging_mixin.py:188} INFO - ❌ Lỗi cash_flow: RetryError[<Future at 0x7f8ff8fd3b60 state=finished raised KeyError>]
[2026-01-11T03:05:19.750+0000] {logging_mixin.py:188} INFO -  >> Đang lấy dữ liệu: VLP
[2026-01-11T03:05:20.063+0000] {logging_mixin.py:188} INFO -  Lỗi xử lý mã VLP: Failed to fetch data: 429 - Too Many Requests
[2026-01-11T03:05:20.064+0000] {logging_mixin.py:188} INFO -  >> Đang lấy dữ liệu: VLG
[2026-01-11T03:05:20.970+0000] {logging_mixin.py:188} INFO -  Lỗi xử lý mã VLG: Failed to fetch data: 429 - Too Many Requests
[2026-01-11T03:05:20.971+0000] {logging_mixin.py:188} INFO -  >> Đang lấy dữ liệu: VLF
[2026-01-11T03:05:21.568+0000] {logging_mixin.py:188} INFO -  Lỗi xử lý mã VLF: Failed to fetch data: 429 - Too Many Requests
[2026-01-11T03:05:21.570+0000] {logging_mixin.py:188} INFO -  >> Đang lấy dữ liệu: VLC
[2026-01-11T03:05:23.701+0000] {logging_mixin.py:188} INFO -  Lỗi xử lý mã VLC: Failed to fetch data: 429 - Too Many Requests
[2026-01-11T03:05:23.702+0000] {logging_mixin.py:188} INFO -  >> Đang lấy dữ liệu: VLB
[2026-01-11T03:05:23.831+0000] {logging_mixin.py:188} INFO -  Lỗi xử lý mã VLB: Failed to fetch data: 429 - Too Many Requests
[2026-01-11T03:05:23.832+0000] {logging_mixin.py:188} INFO -  >> Đang lấy dữ liệu: VLA
[2026-01-11T03:05:23.970+0000] {logging_mixin.py:188} INFO -  Lỗi xử lý mã VLA: Failed to fetch data: 429 - Too Many Requests
[2026-01-11T03:05:23.971+0000] {logging_mixin.py:188} INFO -  >> Đang lấy dữ liệu: VKP
[2026-01-11T03:05:24.169+0000] {logging_mixin.py:188} INFO -  Lỗi xử lý mã VKP: Failed to fetch data: 429 - Too Many Requests
[2026-01-11T03:05:24.170+0000] {logging_mixin.py:188} INFO -  >> Đang lấy dữ liệu: VKD
[2026-01-11T03:05:24.566+0000] {logging_mixin.py:188} INFO -  Lỗi xử lý mã VKD: Failed to fetch data: 429 - Too Many Requests
[2026-01-11T03:05:24.567+0000] {logging_mixin.py:188} INFO -  >> Đang lấy dữ liệu: VKC
[2026-01-11T03:05:24.658+0000] {logging_mixin.py:188} INFO -  Lỗi xử lý mã VKC: Failed to fetch data: 429 - Too Many Requests
[2026-01-11T03:05:24.659+0000] {logging_mixin.py:188} INFO -  >> Đang lấy dữ liệu: VJC
[2026-01-11T03:05:25.461+0000] {logging_mixin.py:188} INFO -  Lỗi xử lý mã VJC: Failed to fetch data: 429 - Too Many Requests
[2026-01-11T03:05:25.462+0000] {logging_mixin.py:188} INFO -  >> Đang lấy dữ liệu: VIX
[2026-01-11T03:05:26.097+0000] {logging_mixin.py:188} INFO -  Lỗi xử lý mã VIX: Failed to fetch data: 429 - Too Many Requests
[2026-01-11T03:05:26.099+0000] {logging_mixin.py:188} INFO -  >> Đang lấy dữ liệu: VIW
[2026-01-11T03:05:26.966+0000] {logging_mixin.py:188} INFO -  Lỗi xử lý mã VIW: Failed to fetch data: 429 - Too Many Requests
[2026-01-11T03:05:26.967+0000] {logging_mixin.py:188} INFO -  >> Đang lấy dữ liệu: VIT
[2026-01-11T03:05:27.196+0000] {logging_mixin.py:188} INFO -  Lỗi xử lý mã VIT: Failed to fetch data: 429 - Too Many Requests
[2026-01-11T03:05:27.197+0000] {logging_mixin.py:188} INFO -  >> Đang lấy dữ liệu: VIS
[2026-01-11T03:05:28.100+0000] {logging_mixin.py:188} INFO -  Lỗi xử lý mã VIS: Failed to fetch data: 429 - Too Many Requests
[2026-01-11T03:05:28.101+0000] {logging_mixin.py:188} INFO -  >> Đang lấy dữ liệu: VIR
[2026-01-11T03:05:28.187+0000] {logging_mixin.py:188} INFO -  Lỗi xử lý mã VIR: Failed to fetch data: 429 - Too Many Requests
[2026-01-11T03:05:28.188+0000] {logging_mixin.py:188} INFO -  >> Đang lấy dữ liệu: VIP
[2026-01-11T03:05:29.107+0000] {logging_mixin.py:188} INFO -  Lỗi xử lý mã VIP: Failed to fetch data: 429 - Too Many Requests
[2026-01-11T03:05:29.113+0000] {logging_mixin.py:188} INFO -  ✓ Hoàn thành batch. Tổng số dòng: 7509
[2026-01-11T03:05:29.206+0000] {base.py:84} INFO - Using connection ID 'minio_finance' for task execution.
[2026-01-11T03:05:29.207+0000] {connection_wrapper.py:384} INFO - AWS Connection (conn_id='minio_finance', conn_type='aws') credentials retrieved from login and password.
[2026-01-11T03:05:29.761+0000] {datalake_df2csv.py:52} INFO - ✅ Đã upload 7509 dòng -> s3://thongtin-congty-va-bctc/bctc/2026-01-04/batch_5.csv
[2026-01-11T03:05:29.763+0000] {taskinstance.py:441} INFO - ::group::Post task execution logs
[2026-01-11T03:05:29.773+0000] {taskinstance.py:1206} INFO - Marking task as SUCCESS. dag_id=thongtin_cty_bctc, task_id=ingest_bctc, run_id=scheduled__2026-01-04T00:00:00+00:00, map_index=5, execution_date=20260104T000000, start_date=20260111T030431, end_date=20260111T030529
[2026-01-11T03:05:29.809+0000] {local_task_job_runner.py:243} INFO - Task exited with return code 0
[2026-01-11T03:05:29.824+0000] {taskinstance.py:3503} INFO - 0 downstream tasks scheduled from follow-on schedule check
[2026-01-11T03:05:29.827+0000] {local_task_job_runner.py:222} INFO - ::endgroup::
