[2026-01-11T03:04:32.917+0000] {local_task_job_runner.py:120} INFO - ::group::Pre task execution logs
[2026-01-11T03:04:32.943+0000] {taskinstance.py:2076} INFO - Dependencies all met for dep_context=non-requeueable deps ti=<TaskInstance: thongtin_cty_bctc.ingest_bctc scheduled__2026-01-04T00:00:00+00:00 map_index=4 [queued]>
[2026-01-11T03:04:32.964+0000] {taskinstance.py:2076} INFO - Dependencies all met for dep_context=requeueable deps ti=<TaskInstance: thongtin_cty_bctc.ingest_bctc scheduled__2026-01-04T00:00:00+00:00 map_index=4 [queued]>
[2026-01-11T03:04:32.965+0000] {taskinstance.py:2306} INFO - Starting attempt 1 of 2
[2026-01-11T03:04:32.987+0000] {taskinstance.py:2330} INFO - Executing <Mapped(DfToCsvOperator): ingest_bctc> on 2026-01-04 00:00:00+00:00
[2026-01-11T03:04:32.997+0000] {warnings.py:112} WARNING - This process (pid=137) is multi-threaded, use of fork() may lead to deadlocks in the child.

[2026-01-11T03:04:33.004+0000] {standard_task_runner.py:64} INFO - Started process 298 to run task
[2026-01-11T03:04:33.011+0000] {standard_task_runner.py:90} INFO - Running: ['***', 'tasks', 'run', 'thongtin_cty_bctc', 'ingest_bctc', 'scheduled__2026-01-04T00:00:00+00:00', '--job-id', '9654', '--raw', '--subdir', 'DAGS_FOLDER/tt_cty_bctc.py', '--cfg-path', '/tmp/tmpdu597nt4', '--map-index', '4']
[2026-01-11T03:04:33.014+0000] {standard_task_runner.py:91} INFO - Job 9654: Subtask ingest_bctc
[2026-01-11T03:04:33.105+0000] {task_command.py:426} INFO - Running <TaskInstance: thongtin_cty_bctc.ingest_bctc scheduled__2026-01-04T00:00:00+00:00 map_index=4 [running]> on host 3f2af93df813
[2026-01-11T03:04:33.264+0000] {taskinstance.py:2648} INFO - Exporting env vars: AIRFLOW_CTX_DAG_OWNER='***' AIRFLOW_CTX_DAG_ID='thongtin_cty_bctc' AIRFLOW_CTX_TASK_ID='ingest_bctc' AIRFLOW_CTX_EXECUTION_DATE='2026-01-04T00:00:00+00:00' AIRFLOW_CTX_TRY_NUMBER='1' AIRFLOW_CTX_DAG_RUN_ID='scheduled__2026-01-04T00:00:00+00:00'
[2026-01-11T03:04:33.266+0000] {taskinstance.py:430} INFO - ::endgroup::
[2026-01-11T03:04:33.272+0000] {logging_mixin.py:188} INFO - Bắt đầu xử lý batch 20 mã: ['VNS', 'VNR', 'VNP', 'VNM', 'VNL', 'VNI', 'VNH', 'VNG', 'VNF', 'VNE', 'VND', 'VNC', 'VNB', 'VNA', 'VMT', 'VMS', 'VMK', 'VMI', 'VMG', 'VMD']
[2026-01-11T03:04:33.273+0000] {logging_mixin.py:188} INFO -  >> Đang lấy dữ liệu: VNS
[2026-01-11T03:04:44.613+0000] {logging_mixin.py:188} INFO -  >> Đang lấy dữ liệu: VNR
[2026-01-11T03:04:51.088+0000] {logging_mixin.py:188} INFO -  >> Đang lấy dữ liệu: VNP
[2026-01-11T03:04:56.738+0000] {logging_mixin.py:188} INFO -  >> Đang lấy dữ liệu: VNM
[2026-01-11T03:05:02.851+0000] {logging_mixin.py:188} INFO -  >> Đang lấy dữ liệu: VNL
[2026-01-11T03:05:06.431+0000] {logging_mixin.py:188} INFO -  >> Đang lấy dữ liệu: VNI
[2026-01-11T03:05:12.232+0000] {logging_mixin.py:188} INFO -  >> Đang lấy dữ liệu: VNH
[2026-01-11T03:05:17.799+0000] {logging_mixin.py:188} INFO -  >> Đang lấy dữ liệu: VNG
[2026-01-11T03:05:26.359+0000] {logging_mixin.py:188} INFO - ❌ Lỗi balance_sheet: RetryError[<Future at 0x7f8ff8f19a90 state=finished raised ConnectionError>]
[2026-01-11T03:05:32.375+0000] {logging_mixin.py:188} INFO - ❌ Lỗi cash_flow: RetryError[<Future at 0x7f8ffae0cec0 state=finished raised ConnectionError>]
[2026-01-11T03:05:33.376+0000] {logging_mixin.py:188} INFO -  >> Đang lấy dữ liệu: VNF
[2026-01-11T03:05:33.810+0000] {logging_mixin.py:188} INFO -  Lỗi xử lý mã VNF: Failed to fetch data: 429 - Too Many Requests
[2026-01-11T03:05:33.812+0000] {logging_mixin.py:188} INFO -  >> Đang lấy dữ liệu: VNE
[2026-01-11T03:05:33.940+0000] {logging_mixin.py:188} INFO -  Lỗi xử lý mã VNE: Failed to fetch data: 429 - Too Many Requests
[2026-01-11T03:05:33.941+0000] {logging_mixin.py:188} INFO -  >> Đang lấy dữ liệu: VND
[2026-01-11T03:05:34.438+0000] {logging_mixin.py:188} INFO -  Lỗi xử lý mã VND: Failed to fetch data: 429 - Too Many Requests
[2026-01-11T03:05:34.439+0000] {logging_mixin.py:188} INFO -  >> Đang lấy dữ liệu: VNC
[2026-01-11T03:05:34.534+0000] {logging_mixin.py:188} INFO -  Lỗi xử lý mã VNC: Failed to fetch data: 429 - Too Many Requests
[2026-01-11T03:05:34.535+0000] {logging_mixin.py:188} INFO -  >> Đang lấy dữ liệu: VNB
[2026-01-11T03:05:34.653+0000] {logging_mixin.py:188} INFO -  Lỗi xử lý mã VNB: Failed to fetch data: 429 - Too Many Requests
[2026-01-11T03:05:34.654+0000] {logging_mixin.py:188} INFO -  >> Đang lấy dữ liệu: VNA
[2026-01-11T03:05:34.765+0000] {logging_mixin.py:188} INFO -  Lỗi xử lý mã VNA: Failed to fetch data: 429 - Too Many Requests
[2026-01-11T03:05:34.765+0000] {logging_mixin.py:188} INFO -  >> Đang lấy dữ liệu: VMT
[2026-01-11T03:05:35.478+0000] {logging_mixin.py:188} INFO -  Lỗi xử lý mã VMT: Failed to fetch data: 429 - Too Many Requests
[2026-01-11T03:05:35.479+0000] {logging_mixin.py:188} INFO -  >> Đang lấy dữ liệu: VMS
[2026-01-11T03:05:35.775+0000] {logging_mixin.py:188} INFO -  Lỗi xử lý mã VMS: Failed to fetch data: 429 - Too Many Requests
[2026-01-11T03:05:35.776+0000] {logging_mixin.py:188} INFO -  >> Đang lấy dữ liệu: VMK
[2026-01-11T03:05:35.967+0000] {logging_mixin.py:188} INFO -  Lỗi xử lý mã VMK: Failed to fetch data: 429 - Too Many Requests
[2026-01-11T03:05:35.968+0000] {logging_mixin.py:188} INFO -  >> Đang lấy dữ liệu: VMI
[2026-01-11T03:05:36.307+0000] {logging_mixin.py:188} INFO -  Lỗi xử lý mã VMI: Failed to fetch data: 429 - Too Many Requests
[2026-01-11T03:05:36.312+0000] {logging_mixin.py:188} INFO -  >> Đang lấy dữ liệu: VMG
[2026-01-11T03:05:37.581+0000] {logging_mixin.py:188} INFO -  Lỗi xử lý mã VMG: Failed to fetch data: 429 - Too Many Requests
[2026-01-11T03:05:37.588+0000] {logging_mixin.py:188} INFO -  >> Đang lấy dữ liệu: VMD
[2026-01-11T03:05:37.986+0000] {logging_mixin.py:188} INFO -  Lỗi xử lý mã VMD: Failed to fetch data: 429 - Too Many Requests
[2026-01-11T03:05:37.997+0000] {logging_mixin.py:188} INFO -  ✓ Hoàn thành batch. Tổng số dòng: 24707
[2026-01-11T03:05:38.312+0000] {base.py:84} INFO - Using connection ID 'minio_finance' for task execution.
[2026-01-11T03:05:38.313+0000] {connection_wrapper.py:384} INFO - AWS Connection (conn_id='minio_finance', conn_type='aws') credentials retrieved from login and password.
[2026-01-11T03:05:38.848+0000] {datalake_df2csv.py:52} INFO - ✅ Đã upload 24707 dòng -> s3://thongtin-congty-va-bctc/bctc/2026-01-04/batch_4.csv
[2026-01-11T03:05:38.848+0000] {taskinstance.py:441} INFO - ::group::Post task execution logs
[2026-01-11T03:05:38.871+0000] {taskinstance.py:1206} INFO - Marking task as SUCCESS. dag_id=thongtin_cty_bctc, task_id=ingest_bctc, run_id=scheduled__2026-01-04T00:00:00+00:00, map_index=4, execution_date=20260104T000000, start_date=20260111T030432, end_date=20260111T030538
[2026-01-11T03:05:38.902+0000] {local_task_job_runner.py:243} INFO - Task exited with return code 0
[2026-01-11T03:05:38.918+0000] {taskinstance.py:3503} INFO - 0 downstream tasks scheduled from follow-on schedule check
[2026-01-11T03:05:38.922+0000] {local_task_job_runner.py:222} INFO - ::endgroup::
