[2026-01-01T02:49:27.670+0000] {local_task_job_runner.py:120} INFO - ::group::Pre task execution logs
[2026-01-01T02:49:27.746+0000] {taskinstance.py:2076} INFO - Dependencies all met for dep_context=non-requeueable deps ti=<TaskInstance: thongtin_cty_bctc.ingest_bctc manual__2025-12-31T15:11:19+00:00 map_index=0 [queued]>
[2026-01-01T02:49:27.782+0000] {taskinstance.py:2076} INFO - Dependencies all met for dep_context=requeueable deps ti=<TaskInstance: thongtin_cty_bctc.ingest_bctc manual__2025-12-31T15:11:19+00:00 map_index=0 [queued]>
[2026-01-01T02:49:27.783+0000] {taskinstance.py:2306} INFO - Starting attempt 1 of 2
[2026-01-01T02:49:27.830+0000] {taskinstance.py:2330} INFO - Executing <Mapped(DfToCsvOperator): ingest_bctc> on 2025-12-31 15:11:19+00:00
[2026-01-01T02:49:27.851+0000] {warnings.py:112} WARNING - This process (pid=17897) is multi-threaded, use of fork() may lead to deadlocks in the child.

[2026-01-01T02:49:27.853+0000] {standard_task_runner.py:64} INFO - Started process 18053 to run task
[2026-01-01T02:49:27.928+0000] {standard_task_runner.py:90} INFO - Running: ['***', 'tasks', 'run', 'thongtin_cty_bctc', 'ingest_bctc', 'manual__2025-12-31T15:11:19+00:00', '--job-id', '2148', '--raw', '--subdir', 'DAGS_FOLDER/tt_cty_bctc.py', '--cfg-path', '/tmp/tmpplypnl7_', '--map-index', '0']
[2026-01-01T02:49:27.946+0000] {standard_task_runner.py:91} INFO - Job 2148: Subtask ingest_bctc
[2026-01-01T02:49:28.257+0000] {task_command.py:426} INFO - Running <TaskInstance: thongtin_cty_bctc.ingest_bctc manual__2025-12-31T15:11:19+00:00 map_index=0 [running]> on host 43b0a0f7606b
[2026-01-01T02:49:28.682+0000] {taskinstance.py:2648} INFO - Exporting env vars: AIRFLOW_CTX_DAG_OWNER='***' AIRFLOW_CTX_DAG_ID='thongtin_cty_bctc' AIRFLOW_CTX_TASK_ID='ingest_bctc' AIRFLOW_CTX_EXECUTION_DATE='2025-12-31T15:11:19+00:00' AIRFLOW_CTX_TRY_NUMBER='1' AIRFLOW_CTX_DAG_RUN_ID='manual__2025-12-31T15:11:19+00:00'
[2026-01-01T02:49:28.691+0000] {taskinstance.py:430} INFO - ::endgroup::
[2026-01-01T02:49:28.756+0000] {logging_mixin.py:188} INFO - Bắt đầu xử lý batch 10 mã: ['VNM', 'FPT', 'HPG', 'VIC', 'VHM', 'VCB', 'CTG', 'TPB', 'MWG', 'SSI']
[2026-01-01T02:49:28.759+0000] {logging_mixin.py:188} INFO -  >> Đang lấy dữ liệu: VNM
[2026-01-01T02:49:29.156+0000] {logging_mixin.py:188} INFO -  Lỗi xử lý mã VNM: Failed to fetch data: 429 - Too Many Requests
[2026-01-01T02:49:29.159+0000] {logging_mixin.py:188} INFO -  >> Đang lấy dữ liệu: FPT
[2026-01-01T02:49:29.330+0000] {logging_mixin.py:188} INFO -  Lỗi xử lý mã FPT: Failed to fetch data: 429 - Too Many Requests
[2026-01-01T02:49:29.331+0000] {logging_mixin.py:188} INFO -  >> Đang lấy dữ liệu: HPG
[2026-01-01T02:49:29.484+0000] {logging_mixin.py:188} INFO -  Lỗi xử lý mã HPG: Failed to fetch data: 429 - Too Many Requests
[2026-01-01T02:49:29.494+0000] {logging_mixin.py:188} INFO -  >> Đang lấy dữ liệu: VIC
[2026-01-01T02:49:29.698+0000] {logging_mixin.py:188} INFO -  Lỗi xử lý mã VIC: Failed to fetch data: 429 - Too Many Requests
[2026-01-01T02:49:29.701+0000] {logging_mixin.py:188} INFO -  >> Đang lấy dữ liệu: VHM
[2026-01-01T02:49:29.914+0000] {logging_mixin.py:188} INFO -  Lỗi xử lý mã VHM: Failed to fetch data: 429 - Too Many Requests
[2026-01-01T02:49:29.915+0000] {logging_mixin.py:188} INFO -  >> Đang lấy dữ liệu: VCB
[2026-01-01T02:49:30.133+0000] {logging_mixin.py:188} INFO -  Lỗi xử lý mã VCB: Failed to fetch data: 429 - Too Many Requests
[2026-01-01T02:49:30.135+0000] {logging_mixin.py:188} INFO -  >> Đang lấy dữ liệu: CTG
[2026-01-01T02:49:30.407+0000] {logging_mixin.py:188} INFO -  Lỗi xử lý mã CTG: Failed to fetch data: 429 - Too Many Requests
[2026-01-01T02:49:30.409+0000] {logging_mixin.py:188} INFO -  >> Đang lấy dữ liệu: TPB
[2026-01-01T02:49:30.613+0000] {logging_mixin.py:188} INFO -  Lỗi xử lý mã TPB: Failed to fetch data: 429 - Too Many Requests
[2026-01-01T02:49:30.614+0000] {logging_mixin.py:188} INFO -  >> Đang lấy dữ liệu: MWG
[2026-01-01T02:49:30.888+0000] {logging_mixin.py:188} INFO -  Lỗi xử lý mã MWG: Failed to fetch data: 429 - Too Many Requests
[2026-01-01T02:49:30.891+0000] {logging_mixin.py:188} INFO -  >> Đang lấy dữ liệu: SSI
[2026-01-01T02:49:31.076+0000] {logging_mixin.py:188} INFO -  Lỗi xử lý mã SSI: Failed to fetch data: 429 - Too Many Requests
[2026-01-01T02:49:31.080+0000] {logging_mixin.py:188} INFO -  ⚠ Batch này không thu được dữ liệu nào.
[2026-01-01T02:49:31.087+0000] {datalake_df2csv.py:40} INFO - DataFrame rỗng, bỏ qua upload CSV.
[2026-01-01T02:49:31.088+0000] {taskinstance.py:441} INFO - ::group::Post task execution logs
[2026-01-01T02:49:31.121+0000] {taskinstance.py:1206} INFO - Marking task as SUCCESS. dag_id=thongtin_cty_bctc, task_id=ingest_bctc, run_id=manual__2025-12-31T15:11:19+00:00, map_index=0, execution_date=20251231T151119, start_date=20260101T024927, end_date=20260101T024931
[2026-01-01T02:49:31.191+0000] {local_task_job_runner.py:243} INFO - Task exited with return code 0
[2026-01-01T02:49:31.220+0000] {taskinstance.py:3503} INFO - 0 downstream tasks scheduled from follow-on schedule check
[2026-01-01T02:49:31.226+0000] {local_task_job_runner.py:222} INFO - ::endgroup::
