[2026-01-01T03:01:48.731+0000] {local_task_job_runner.py:120} INFO - ::group::Pre task execution logs
[2026-01-01T03:01:48.783+0000] {taskinstance.py:2076} INFO - Dependencies all met for dep_context=non-requeueable deps ti=<TaskInstance: thongtin_cty_bctc.ingest_bctc manual__2026-01-01T02:33:01.279885+00:00 map_index=17 [queued]>
[2026-01-01T03:01:48.821+0000] {taskinstance.py:2076} INFO - Dependencies all met for dep_context=requeueable deps ti=<TaskInstance: thongtin_cty_bctc.ingest_bctc manual__2026-01-01T02:33:01.279885+00:00 map_index=17 [queued]>
[2026-01-01T03:01:48.822+0000] {taskinstance.py:2306} INFO - Starting attempt 1 of 2
[2026-01-01T03:01:48.852+0000] {taskinstance.py:2330} INFO - Executing <Mapped(DfToCsvOperator): ingest_bctc> on 2026-01-01 02:33:01.279885+00:00
[2026-01-01T03:01:48.866+0000] {warnings.py:112} WARNING - This process (pid=24802) is multi-threaded, use of fork() may lead to deadlocks in the child.

[2026-01-01T03:01:48.869+0000] {standard_task_runner.py:64} INFO - Started process 24916 to run task
[2026-01-01T03:01:48.890+0000] {standard_task_runner.py:90} INFO - Running: ['***', 'tasks', 'run', 'thongtin_cty_bctc', 'ingest_bctc', 'manual__2026-01-01T02:33:01.279885+00:00', '--job-id', '2763', '--raw', '--subdir', 'DAGS_FOLDER/tt_cty_bctc.py', '--cfg-path', '/tmp/tmp576m7i1q', '--map-index', '17']
[2026-01-01T03:01:48.893+0000] {standard_task_runner.py:91} INFO - Job 2763: Subtask ingest_bctc
[2026-01-01T03:01:48.993+0000] {task_command.py:426} INFO - Running <TaskInstance: thongtin_cty_bctc.ingest_bctc manual__2026-01-01T02:33:01.279885+00:00 map_index=17 [running]> on host 43b0a0f7606b
[2026-01-01T03:01:49.169+0000] {taskinstance.py:2648} INFO - Exporting env vars: AIRFLOW_CTX_DAG_OWNER='***' AIRFLOW_CTX_DAG_ID='thongtin_cty_bctc' AIRFLOW_CTX_TASK_ID='ingest_bctc' AIRFLOW_CTX_EXECUTION_DATE='2026-01-01T02:33:01.279885+00:00' AIRFLOW_CTX_TRY_NUMBER='1' AIRFLOW_CTX_DAG_RUN_ID='manual__2026-01-01T02:33:01.279885+00:00'
[2026-01-01T03:01:49.171+0000] {taskinstance.py:430} INFO - ::endgroup::
[2026-01-01T03:01:49.188+0000] {logging_mixin.py:188} INFO - Bắt đầu xử lý batch 3 mã: ['SAB', 'BVH', 'PNJ']
[2026-01-01T03:01:49.188+0000] {logging_mixin.py:188} INFO -  >> Đang lấy dữ liệu: SAB
[2026-01-01T03:01:49.345+0000] {logging_mixin.py:188} INFO -  Lỗi xử lý mã SAB: Failed to fetch data: 429 - Too Many Requests
[2026-01-01T03:01:49.347+0000] {logging_mixin.py:188} INFO -  >> Đang lấy dữ liệu: BVH
[2026-01-01T03:01:49.484+0000] {logging_mixin.py:188} INFO -  Lỗi xử lý mã BVH: Failed to fetch data: 429 - Too Many Requests
[2026-01-01T03:01:49.487+0000] {logging_mixin.py:188} INFO -  >> Đang lấy dữ liệu: PNJ
[2026-01-01T03:01:49.618+0000] {logging_mixin.py:188} INFO -  Lỗi xử lý mã PNJ: Failed to fetch data: 429 - Too Many Requests
[2026-01-01T03:01:49.620+0000] {logging_mixin.py:188} INFO -  ⚠ Batch này không thu được dữ liệu nào.
[2026-01-01T03:01:49.626+0000] {datalake_df2csv.py:40} INFO - DataFrame rỗng, bỏ qua upload CSV.
[2026-01-01T03:01:49.628+0000] {taskinstance.py:441} INFO - ::group::Post task execution logs
[2026-01-01T03:01:49.651+0000] {taskinstance.py:1206} INFO - Marking task as SUCCESS. dag_id=thongtin_cty_bctc, task_id=ingest_bctc, run_id=manual__2026-01-01T02:33:01.279885+00:00, map_index=17, execution_date=20260101T023301, start_date=20260101T030148, end_date=20260101T030149
[2026-01-01T03:01:49.698+0000] {local_task_job_runner.py:243} INFO - Task exited with return code 0
[2026-01-01T03:01:49.719+0000] {local_task_job_runner.py:222} INFO - ::endgroup::
