[2026-01-01T02:15:06.798+0000] {local_task_job_runner.py:120} INFO - ::group::Pre task execution logs
[2026-01-01T02:15:06.869+0000] {taskinstance.py:2076} INFO - Dependencies all met for dep_context=non-requeueable deps ti=<TaskInstance: thongtin_cty_bctc.ingest_overview scheduled__2025-12-31T00:00:00+00:00 map_index=175 [queued]>
[2026-01-01T02:15:06.920+0000] {taskinstance.py:2076} INFO - Dependencies all met for dep_context=requeueable deps ti=<TaskInstance: thongtin_cty_bctc.ingest_overview scheduled__2025-12-31T00:00:00+00:00 map_index=175 [queued]>
[2026-01-01T02:15:06.921+0000] {taskinstance.py:2306} INFO - Starting attempt 1 of 2
[2026-01-01T02:15:06.942+0000] {taskinstance.py:2330} INFO - Executing <Mapped(DfToCsvOperator): ingest_overview> on 2025-12-31 00:00:00+00:00
[2026-01-01T02:15:06.957+0000] {warnings.py:112} WARNING - This process (pid=6299) is multi-threaded, use of fork() may lead to deadlocks in the child.

[2026-01-01T02:15:06.959+0000] {standard_task_runner.py:64} INFO - Started process 6418 to run task
[2026-01-01T02:15:06.964+0000] {standard_task_runner.py:90} INFO - Running: ['***', 'tasks', 'run', 'thongtin_cty_bctc', 'ingest_overview', 'scheduled__2025-12-31T00:00:00+00:00', '--job-id', '1134', '--raw', '--subdir', 'DAGS_FOLDER/tt_cty_bctc.py', '--cfg-path', '/tmp/tmpb79k8959', '--map-index', '175']
[2026-01-01T02:15:06.966+0000] {standard_task_runner.py:91} INFO - Job 1134: Subtask ingest_overview
[2026-01-01T02:15:07.028+0000] {task_command.py:426} INFO - Running <TaskInstance: thongtin_cty_bctc.ingest_overview scheduled__2025-12-31T00:00:00+00:00 map_index=175 [running]> on host 43b0a0f7606b
[2026-01-01T02:15:07.170+0000] {taskinstance.py:2648} INFO - Exporting env vars: AIRFLOW_CTX_DAG_OWNER='***' AIRFLOW_CTX_DAG_ID='thongtin_cty_bctc' AIRFLOW_CTX_TASK_ID='ingest_overview' AIRFLOW_CTX_EXECUTION_DATE='2025-12-31T00:00:00+00:00' AIRFLOW_CTX_TRY_NUMBER='1' AIRFLOW_CTX_DAG_RUN_ID='scheduled__2025-12-31T00:00:00+00:00'
[2026-01-01T02:15:07.172+0000] {taskinstance.py:430} INFO - ::endgroup::
[2026-01-01T02:15:07.359+0000] {logging_mixin.py:188} INFO - Err overview MEC: Failed to fetch data: 429 - Too Many Requests
[2026-01-01T02:15:07.512+0000] {logging_mixin.py:188} INFO - Err overview MDG: Failed to fetch data: 429 - Too Many Requests
[2026-01-01T02:15:07.665+0000] {logging_mixin.py:188} INFO - Err overview MDF: Failed to fetch data: 429 - Too Many Requests
[2026-01-01T02:15:07.854+0000] {logging_mixin.py:188} INFO - Err overview MDC: Failed to fetch data: 429 - Too Many Requests
[2026-01-01T02:15:08.015+0000] {logging_mixin.py:188} INFO - Err overview MDA: Failed to fetch data: 429 - Too Many Requests
[2026-01-01T02:15:08.056+0000] {datalake_df2csv.py:40} INFO - DataFrame rỗng, bỏ qua upload CSV.
[2026-01-01T02:15:08.057+0000] {taskinstance.py:441} INFO - ::group::Post task execution logs
[2026-01-01T02:15:08.117+0000] {taskinstance.py:1206} INFO - Marking task as SUCCESS. dag_id=thongtin_cty_bctc, task_id=ingest_overview, run_id=scheduled__2025-12-31T00:00:00+00:00, map_index=175, execution_date=20251231T000000, start_date=20260101T021506, end_date=20260101T021508
[2026-01-01T02:15:08.255+0000] {local_task_job_runner.py:243} INFO - Task exited with return code 0
[2026-01-01T02:15:08.323+0000] {local_task_job_runner.py:222} INFO - ::endgroup::
