[2026-01-01T02:14:06.484+0000] {local_task_job_runner.py:120} INFO - ::group::Pre task execution logs
[2026-01-01T02:14:06.585+0000] {taskinstance.py:2076} INFO - Dependencies all met for dep_context=non-requeueable deps ti=<TaskInstance: thongtin_cty_bctc.ingest_bctc scheduled__2025-12-31T00:00:00+00:00 map_index=159 [queued]>
[2026-01-01T02:14:06.686+0000] {taskinstance.py:2076} INFO - Dependencies all met for dep_context=requeueable deps ti=<TaskInstance: thongtin_cty_bctc.ingest_bctc scheduled__2025-12-31T00:00:00+00:00 map_index=159 [queued]>
[2026-01-01T02:14:06.687+0000] {taskinstance.py:2306} INFO - Starting attempt 1 of 2
[2026-01-01T02:14:06.718+0000] {taskinstance.py:2330} INFO - Executing <Mapped(DfToCsvOperator): ingest_bctc> on 2025-12-31 00:00:00+00:00
[2026-01-01T02:14:06.769+0000] {warnings.py:112} WARNING - This process (pid=5371) is multi-threaded, use of fork() may lead to deadlocks in the child.

[2026-01-01T02:14:06.776+0000] {standard_task_runner.py:90} INFO - Running: ['***', 'tasks', 'run', 'thongtin_cty_bctc', 'ingest_bctc', 'scheduled__2025-12-31T00:00:00+00:00', '--job-id', '1044', '--raw', '--subdir', 'DAGS_FOLDER/tt_cty_bctc.py', '--cfg-path', '/tmp/tmprpvcytx_', '--map-index', '159']
[2026-01-01T02:14:06.782+0000] {standard_task_runner.py:91} INFO - Job 1044: Subtask ingest_bctc
[2026-01-01T02:14:06.773+0000] {standard_task_runner.py:64} INFO - Started process 5495 to run task
[2026-01-01T02:14:06.939+0000] {task_command.py:426} INFO - Running <TaskInstance: thongtin_cty_bctc.ingest_bctc scheduled__2025-12-31T00:00:00+00:00 map_index=159 [running]> on host 43b0a0f7606b
[2026-01-01T02:14:07.725+0000] {taskinstance.py:2648} INFO - Exporting env vars: AIRFLOW_CTX_DAG_OWNER='***' AIRFLOW_CTX_DAG_ID='thongtin_cty_bctc' AIRFLOW_CTX_TASK_ID='ingest_bctc' AIRFLOW_CTX_EXECUTION_DATE='2025-12-31T00:00:00+00:00' AIRFLOW_CTX_TRY_NUMBER='1' AIRFLOW_CTX_DAG_RUN_ID='scheduled__2025-12-31T00:00:00+00:00'
[2026-01-01T02:14:07.731+0000] {taskinstance.py:430} INFO - ::endgroup::
[2026-01-01T02:14:07.747+0000] {logging_mixin.py:188} INFO - Bắt đầu xử lý batch 5 mã: ['NFC', 'NET', 'NEM', 'NED', 'NDX']
[2026-01-01T02:14:07.750+0000] {logging_mixin.py:188} INFO -  >> Đang lấy dữ liệu: NFC
[2026-01-01T02:14:07.956+0000] {logging_mixin.py:188} INFO -  Lỗi xử lý mã NFC: Failed to fetch data: 429 - Too Many Requests
[2026-01-01T02:14:07.957+0000] {logging_mixin.py:188} INFO -  >> Đang lấy dữ liệu: NET
[2026-01-01T02:14:08.139+0000] {logging_mixin.py:188} INFO -  Lỗi xử lý mã NET: Failed to fetch data: 429 - Too Many Requests
[2026-01-01T02:14:08.145+0000] {logging_mixin.py:188} INFO -  >> Đang lấy dữ liệu: NEM
[2026-01-01T02:14:08.311+0000] {logging_mixin.py:188} INFO -  Lỗi xử lý mã NEM: Failed to fetch data: 429 - Too Many Requests
[2026-01-01T02:14:08.313+0000] {logging_mixin.py:188} INFO -  >> Đang lấy dữ liệu: NED
[2026-01-01T02:14:08.619+0000] {logging_mixin.py:188} INFO -  Lỗi xử lý mã NED: Failed to fetch data: 429 - Too Many Requests
[2026-01-01T02:14:08.620+0000] {logging_mixin.py:188} INFO -  >> Đang lấy dữ liệu: NDX
[2026-01-01T02:14:08.994+0000] {logging_mixin.py:188} INFO -  Lỗi xử lý mã NDX: Failed to fetch data: 429 - Too Many Requests
[2026-01-01T02:14:08.997+0000] {logging_mixin.py:188} INFO -  ⚠ Batch này không thu được dữ liệu nào.
[2026-01-01T02:14:09.018+0000] {datalake_df2csv.py:40} INFO - DataFrame rỗng, bỏ qua upload CSV.
[2026-01-01T02:14:09.726+0000] {taskinstance.py:441} INFO - ::group::Post task execution logs
[2026-01-01T02:14:27.450+0000] {taskinstance.py:1206} INFO - Marking task as SUCCESS. dag_id=thongtin_cty_bctc, task_id=ingest_bctc, run_id=scheduled__2025-12-31T00:00:00+00:00, map_index=159, execution_date=20251231T000000, start_date=20260101T021406, end_date=20260101T021427
[2026-01-01T02:14:27.499+0000] {local_task_job_runner.py:243} INFO - Task exited with return code 0
[2026-01-01T02:14:27.530+0000] {local_task_job_runner.py:222} INFO - ::endgroup::
