[2025-12-31T14:39:04.407+0000] {local_task_job_runner.py:120} INFO - ::group::Pre task execution logs
[2025-12-31T14:39:04.446+0000] {taskinstance.py:2076} INFO - Dependencies all met for dep_context=non-requeueable deps ti=<TaskInstance: thongtin_cty_bctc.ingest_overview manual__2025-12-31T14:34:21.190447+00:00 map_index=4 [queued]>
[2025-12-31T14:39:04.466+0000] {taskinstance.py:2076} INFO - Dependencies all met for dep_context=requeueable deps ti=<TaskInstance: thongtin_cty_bctc.ingest_overview manual__2025-12-31T14:34:21.190447+00:00 map_index=4 [queued]>
[2025-12-31T14:39:04.468+0000] {taskinstance.py:2306} INFO - Starting attempt 1 of 2
[2025-12-31T14:39:04.492+0000] {taskinstance.py:2330} INFO - Executing <Mapped(DfToCsvOperator): ingest_overview> on 2025-12-31 14:34:21.190447+00:00
[2025-12-31T14:39:04.511+0000] {warnings.py:112} WARNING - This process (pid=3645) is multi-threaded, use of fork() may lead to deadlocks in the child.

[2025-12-31T14:39:04.513+0000] {standard_task_runner.py:64} INFO - Started process 3737 to run task
[2025-12-31T14:39:04.514+0000] {standard_task_runner.py:90} INFO - Running: ['***', 'tasks', 'run', 'thongtin_cty_bctc', 'ingest_overview', 'manual__2025-12-31T14:34:21.190447+00:00', '--job-id', '281', '--raw', '--subdir', 'DAGS_FOLDER/tt_cty_bctc.py', '--cfg-path', '/tmp/tmp9wpzqw0h', '--map-index', '4']
[2025-12-31T14:39:04.516+0000] {standard_task_runner.py:91} INFO - Job 281: Subtask ingest_overview
[2025-12-31T14:39:04.587+0000] {task_command.py:426} INFO - Running <TaskInstance: thongtin_cty_bctc.ingest_overview manual__2025-12-31T14:34:21.190447+00:00 map_index=4 [running]> on host 8bc7f11ea9a4
[2025-12-31T14:39:04.743+0000] {taskinstance.py:2648} INFO - Exporting env vars: AIRFLOW_CTX_DAG_OWNER='***' AIRFLOW_CTX_DAG_ID='thongtin_cty_bctc' AIRFLOW_CTX_TASK_ID='ingest_overview' AIRFLOW_CTX_EXECUTION_DATE='2025-12-31T14:34:21.190447+00:00' AIRFLOW_CTX_TRY_NUMBER='1' AIRFLOW_CTX_DAG_RUN_ID='manual__2025-12-31T14:34:21.190447+00:00'
[2025-12-31T14:39:04.745+0000] {taskinstance.py:430} INFO - ::endgroup::
[2025-12-31T14:39:04.918+0000] {logging_mixin.py:188} INFO - Err overview VNS: Failed to fetch data: 429 - Too Many Requests
[2025-12-31T14:39:05.071+0000] {logging_mixin.py:188} INFO - Err overview VNR: Failed to fetch data: 429 - Too Many Requests
[2025-12-31T14:39:05.319+0000] {logging_mixin.py:188} INFO - Err overview VNP: Failed to fetch data: 429 - Too Many Requests
[2025-12-31T14:39:05.512+0000] {logging_mixin.py:188} INFO - Err overview VNM: Failed to fetch data: 429 - Too Many Requests
[2025-12-31T14:39:05.633+0000] {logging_mixin.py:188} INFO - Err overview VNL: Failed to fetch data: 429 - Too Many Requests
[2025-12-31T14:39:05.796+0000] {logging_mixin.py:188} INFO - Err overview VNI: Failed to fetch data: 429 - Too Many Requests
[2025-12-31T14:39:05.947+0000] {logging_mixin.py:188} INFO - Err overview VNH: Failed to fetch data: 429 - Too Many Requests
[2025-12-31T14:39:06.105+0000] {logging_mixin.py:188} INFO - Err overview VNG: Failed to fetch data: 429 - Too Many Requests
[2025-12-31T14:39:06.342+0000] {logging_mixin.py:188} INFO - Err overview VNF: Failed to fetch data: 429 - Too Many Requests
[2025-12-31T14:39:06.704+0000] {logging_mixin.py:188} INFO - Err overview VNE: Failed to fetch data: 429 - Too Many Requests
[2025-12-31T14:39:06.937+0000] {logging_mixin.py:188} INFO - Err overview VND: Failed to fetch data: 429 - Too Many Requests
[2025-12-31T14:39:07.076+0000] {logging_mixin.py:188} INFO - Err overview VNC: Failed to fetch data: 429 - Too Many Requests
[2025-12-31T14:39:07.323+0000] {logging_mixin.py:188} INFO - Err overview VNB: Failed to fetch data: 429 - Too Many Requests
[2025-12-31T14:39:07.513+0000] {logging_mixin.py:188} INFO - Err overview VNA: Failed to fetch data: 429 - Too Many Requests
[2025-12-31T14:39:07.624+0000] {logging_mixin.py:188} INFO - Err overview VMT: Failed to fetch data: 429 - Too Many Requests
[2025-12-31T14:39:07.737+0000] {logging_mixin.py:188} INFO - Err overview VMS: Failed to fetch data: 429 - Too Many Requests
[2025-12-31T14:39:07.937+0000] {logging_mixin.py:188} INFO - Err overview VMK: Failed to fetch data: 429 - Too Many Requests
[2025-12-31T14:39:08.057+0000] {logging_mixin.py:188} INFO - Err overview VMI: Failed to fetch data: 429 - Too Many Requests
[2025-12-31T14:39:08.276+0000] {logging_mixin.py:188} INFO - Err overview VMG: Failed to fetch data: 429 - Too Many Requests
[2025-12-31T14:39:08.421+0000] {logging_mixin.py:188} INFO - Err overview VMD: Failed to fetch data: 429 - Too Many Requests
[2025-12-31T14:39:08.426+0000] {datalake_df2csv.py:40} INFO - DataFrame rỗng, bỏ qua upload CSV.
[2025-12-31T14:39:08.427+0000] {taskinstance.py:441} INFO - ::group::Post task execution logs
[2025-12-31T14:39:08.440+0000] {taskinstance.py:1206} INFO - Marking task as SUCCESS. dag_id=thongtin_cty_bctc, task_id=ingest_overview, run_id=manual__2025-12-31T14:34:21.190447+00:00, map_index=4, execution_date=20251231T143421, start_date=20251231T143904, end_date=20251231T143908
[2025-12-31T14:39:08.510+0000] {local_task_job_runner.py:243} INFO - Task exited with return code 0
[2025-12-31T14:39:08.545+0000] {taskinstance.py:3503} INFO - 0 downstream tasks scheduled from follow-on schedule check
[2025-12-31T14:39:08.550+0000] {local_task_job_runner.py:222} INFO - ::endgroup::
