[2026-01-01T02:25:15.669+0000] {local_task_job_runner.py:120} INFO - ::group::Pre task execution logs
[2026-01-01T02:25:17.268+0000] {taskinstance.py:2076} INFO - Dependencies all met for dep_context=non-requeueable deps ti=<TaskInstance: thongtin_cty_bctc.ingest_overview scheduled__2025-12-31T00:00:00+00:00 map_index=337 [queued]>
[2026-01-01T02:25:17.719+0000] {taskinstance.py:2076} INFO - Dependencies all met for dep_context=requeueable deps ti=<TaskInstance: thongtin_cty_bctc.ingest_overview scheduled__2025-12-31T00:00:00+00:00 map_index=337 [queued]>
[2026-01-01T02:25:17.724+0000] {taskinstance.py:2306} INFO - Starting attempt 2 of 2
[2026-01-01T02:25:17.817+0000] {taskinstance.py:2330} INFO - Executing <Mapped(DfToCsvOperator): ingest_overview> on 2025-12-31 00:00:00+00:00
[2026-01-01T02:25:17.890+0000] {warnings.py:112} WARNING - This process (pid=14352) is multi-threaded, use of fork() may lead to deadlocks in the child.

[2026-01-01T02:25:17.919+0000] {standard_task_runner.py:64} INFO - Started process 14496 to run task
[2026-01-01T02:25:17.927+0000] {standard_task_runner.py:90} INFO - Running: ['***', 'tasks', 'run', 'thongtin_cty_bctc', 'ingest_overview', 'scheduled__2025-12-31T00:00:00+00:00', '--job-id', '1854', '--raw', '--subdir', 'DAGS_FOLDER/tt_cty_bctc.py', '--cfg-path', '/tmp/tmpf558aql7', '--map-index', '337']
[2026-01-01T02:25:17.969+0000] {standard_task_runner.py:91} INFO - Job 1854: Subtask ingest_overview
[2026-01-01T02:25:18.184+0000] {task_command.py:426} INFO - Running <TaskInstance: thongtin_cty_bctc.ingest_overview scheduled__2025-12-31T00:00:00+00:00 map_index=337 [running]> on host 43b0a0f7606b
[2026-01-01T02:25:18.636+0000] {taskinstance.py:2648} INFO - Exporting env vars: AIRFLOW_CTX_DAG_OWNER='***' AIRFLOW_CTX_DAG_ID='thongtin_cty_bctc' AIRFLOW_CTX_TASK_ID='ingest_overview' AIRFLOW_CTX_EXECUTION_DATE='2025-12-31T00:00:00+00:00' AIRFLOW_CTX_TRY_NUMBER='2' AIRFLOW_CTX_DAG_RUN_ID='scheduled__2025-12-31T00:00:00+00:00'
[2026-01-01T02:25:18.652+0000] {taskinstance.py:430} INFO - ::endgroup::
[2026-01-01T02:25:18.670+0000] {taskinstance.py:441} INFO - ::group::Post task execution logs
[2026-01-01T02:25:18.684+0000] {taskinstance.py:2905} ERROR - Task failed with exception
Traceback (most recent call last):
  File "/home/airflow/.local/lib/python3.12/site-packages/airflow/models/taskinstance.py", line 465, in _execute_task
    result = _execute_callable(context=context, **execute_callable_kwargs)
             ^^^^^^^^^^^^^^^^^^^^^^^^^^^^^^^^^^^^^^^^^^^^^^^^^^^^^^^^^^^^^
  File "/home/airflow/.local/lib/python3.12/site-packages/airflow/models/taskinstance.py", line 432, in _execute_callable
    return execute_callable(context=context, **execute_callable_kwargs)
           ^^^^^^^^^^^^^^^^^^^^^^^^^^^^^^^^^^^^^^^^^^^^^^^^^^^^^^^^^^^^
  File "/home/airflow/.local/lib/python3.12/site-packages/airflow/models/baseoperator.py", line 401, in wrapper
    return func(self, *args, **kwargs)
           ^^^^^^^^^^^^^^^^^^^^^^^^^^^
  File "/opt/airflow/plugins/function/datalake_df2csv.py", line 38, in execute
    df = self._load_dataframe()
         ^^^^^^^^^^^^^^^^^^^^^^
  File "/opt/airflow/plugins/function/datalake_df2csv.py", line 60, in _load_dataframe
    raise AirflowException(f"Logic file not found: {module_path}")
airflow.exceptions.AirflowException: Logic file not found: /opt/***/plugins/logic/thongtincongty.py
[2026-01-01T02:25:18.884+0000] {taskinstance.py:1206} INFO - Marking task as FAILED. dag_id=thongtin_cty_bctc, task_id=ingest_overview, run_id=scheduled__2025-12-31T00:00:00+00:00, map_index=337, execution_date=20251231T000000, start_date=20260101T022517, end_date=20260101T022518
[2026-01-01T02:25:18.973+0000] {standard_task_runner.py:110} ERROR - Failed to execute job 1854 for task ingest_overview (Logic file not found: /opt/***/plugins/logic/thongtincongty.py; 14496)
[2026-01-01T02:25:19.036+0000] {local_task_job_runner.py:243} INFO - Task exited with return code 1
[2026-01-01T02:25:19.151+0000] {taskinstance.py:3503} INFO - 0 downstream tasks scheduled from follow-on schedule check
[2026-01-01T02:25:19.216+0000] {local_task_job_runner.py:222} INFO - ::endgroup::
