[2026-01-01T02:16:26.542+0000] {local_task_job_runner.py:120} INFO - ::group::Pre task execution logs
[2026-01-01T02:16:26.640+0000] {taskinstance.py:2076} INFO - Dependencies all met for dep_context=non-requeueable deps ti=<TaskInstance: thongtin_cty_bctc.ingest_overview scheduled__2025-12-31T00:00:00+00:00 map_index=216 [queued]>
[2026-01-01T02:16:26.973+0000] {taskinstance.py:2076} INFO - Dependencies all met for dep_context=requeueable deps ti=<TaskInstance: thongtin_cty_bctc.ingest_overview scheduled__2025-12-31T00:00:00+00:00 map_index=216 [queued]>
[2026-01-01T02:16:26.974+0000] {taskinstance.py:2306} INFO - Starting attempt 1 of 2
[2026-01-01T02:16:26.998+0000] {taskinstance.py:2330} INFO - Executing <Mapped(DfToCsvOperator): ingest_overview> on 2025-12-31 00:00:00+00:00
[2026-01-01T02:16:27.016+0000] {warnings.py:112} WARNING - This process (pid=7916) is multi-threaded, use of fork() may lead to deadlocks in the child.

[2026-01-01T02:16:27.018+0000] {standard_task_runner.py:64} INFO - Started process 8029 to run task
[2026-01-01T02:16:27.021+0000] {standard_task_runner.py:90} INFO - Running: ['***', 'tasks', 'run', 'thongtin_cty_bctc', 'ingest_overview', 'scheduled__2025-12-31T00:00:00+00:00', '--job-id', '1276', '--raw', '--subdir', 'DAGS_FOLDER/tt_cty_bctc.py', '--cfg-path', '/tmp/tmpwerkqkm9', '--map-index', '216']
[2026-01-01T02:16:27.024+0000] {standard_task_runner.py:91} INFO - Job 1276: Subtask ingest_overview
[2026-01-01T02:16:27.141+0000] {task_command.py:426} INFO - Running <TaskInstance: thongtin_cty_bctc.ingest_overview scheduled__2025-12-31T00:00:00+00:00 map_index=216 [running]> on host 43b0a0f7606b
[2026-01-01T02:16:27.314+0000] {taskinstance.py:2648} INFO - Exporting env vars: AIRFLOW_CTX_DAG_OWNER='***' AIRFLOW_CTX_DAG_ID='thongtin_cty_bctc' AIRFLOW_CTX_TASK_ID='ingest_overview' AIRFLOW_CTX_EXECUTION_DATE='2025-12-31T00:00:00+00:00' AIRFLOW_CTX_TRY_NUMBER='1' AIRFLOW_CTX_DAG_RUN_ID='scheduled__2025-12-31T00:00:00+00:00'
[2026-01-01T02:16:27.319+0000] {taskinstance.py:430} INFO - ::endgroup::
[2026-01-01T02:16:27.621+0000] {logging_mixin.py:188} INFO - Err overview HPW: Failed to fetch data: 429 - Too Many Requests
[2026-01-01T02:16:27.756+0000] {logging_mixin.py:188} INFO - Err overview HPT: Failed to fetch data: 429 - Too Many Requests
[2026-01-01T02:16:27.922+0000] {logging_mixin.py:188} INFO - Err overview HPP: Failed to fetch data: 429 - Too Many Requests
[2026-01-01T02:16:28.054+0000] {logging_mixin.py:188} INFO - Err overview HPO: Failed to fetch data: 429 - Too Many Requests
[2026-01-01T02:16:28.255+0000] {logging_mixin.py:188} INFO - Err overview HPM: Failed to fetch data: 429 - Too Many Requests
[2026-01-01T02:16:28.261+0000] {datalake_df2csv.py:40} INFO - DataFrame rỗng, bỏ qua upload CSV.
[2026-01-01T02:16:28.263+0000] {taskinstance.py:441} INFO - ::group::Post task execution logs
[2026-01-01T02:16:28.294+0000] {taskinstance.py:1206} INFO - Marking task as SUCCESS. dag_id=thongtin_cty_bctc, task_id=ingest_overview, run_id=scheduled__2025-12-31T00:00:00+00:00, map_index=216, execution_date=20251231T000000, start_date=20260101T021626, end_date=20260101T021628
[2026-01-01T02:16:28.399+0000] {local_task_job_runner.py:243} INFO - Task exited with return code 0
[2026-01-01T02:16:28.422+0000] {local_task_job_runner.py:222} INFO - ::endgroup::
