[2026-01-01T09:07:07.069+0000] {local_task_job_runner.py:120} INFO - ::group::Pre task execution logs
[2026-01-01T09:07:07.123+0000] {taskinstance.py:2076} INFO - Dependencies all met for dep_context=non-requeueable deps ti=<TaskInstance: thongtin_cty_bctc.ingest_bctc scheduled__2025-12-30T00:00:00+00:00 map_index=69 [queued]>
[2026-01-01T09:07:07.153+0000] {taskinstance.py:2076} INFO - Dependencies all met for dep_context=requeueable deps ti=<TaskInstance: thongtin_cty_bctc.ingest_bctc scheduled__2025-12-30T00:00:00+00:00 map_index=69 [queued]>
[2026-01-01T09:07:07.154+0000] {taskinstance.py:2306} INFO - Starting attempt 4 of 5
[2026-01-01T09:07:07.173+0000] {taskinstance.py:2330} INFO - Executing <Mapped(DfToCsvOperator): ingest_bctc> on 2025-12-30 00:00:00+00:00
[2026-01-01T09:07:07.187+0000] {warnings.py:112} WARNING - This process (pid=11017) is multi-threaded, use of fork() may lead to deadlocks in the child.

[2026-01-01T09:07:07.189+0000] {standard_task_runner.py:64} INFO - Started process 11066 to run task
[2026-01-01T09:07:07.192+0000] {standard_task_runner.py:90} INFO - Running: ['***', 'tasks', 'run', 'thongtin_cty_bctc', 'ingest_bctc', 'scheduled__2025-12-30T00:00:00+00:00', '--job-id', '4636', '--raw', '--subdir', 'DAGS_FOLDER/tt_cty_bctc.py', '--cfg-path', '/tmp/tmpbyhvc6bn', '--map-index', '69']
[2026-01-01T09:07:07.194+0000] {standard_task_runner.py:91} INFO - Job 4636: Subtask ingest_bctc
[2026-01-01T09:07:07.266+0000] {task_command.py:426} INFO - Running <TaskInstance: thongtin_cty_bctc.ingest_bctc scheduled__2025-12-30T00:00:00+00:00 map_index=69 [running]> on host b455963a0603
[2026-01-01T09:07:07.425+0000] {taskinstance.py:2648} INFO - Exporting env vars: AIRFLOW_CTX_DAG_OWNER='***' AIRFLOW_CTX_DAG_ID='thongtin_cty_bctc' AIRFLOW_CTX_TASK_ID='ingest_bctc' AIRFLOW_CTX_EXECUTION_DATE='2025-12-30T00:00:00+00:00' AIRFLOW_CTX_TRY_NUMBER='4' AIRFLOW_CTX_DAG_RUN_ID='scheduled__2025-12-30T00:00:00+00:00'
[2026-01-01T09:07:07.427+0000] {taskinstance.py:430} INFO - ::endgroup::
[2026-01-01T09:07:07.437+0000] {logging_mixin.py:188} INFO - Bắt đầu xử lý batch 3 mã: ['USC', 'UPH', 'UPC']
[2026-01-01T09:07:07.438+0000] {logging_mixin.py:188} INFO -  >> Đang lấy dữ liệu: USC
[2026-01-01T09:07:12.709+0000] {logging_mixin.py:188} INFO - ❌ Lỗi income_statement: RetryError[<Future at 0x7f266ef101d0 state=finished raised KeyError>]
[2026-01-01T09:07:18.524+0000] {logging_mixin.py:188} INFO - ❌ Lỗi balance_sheet: RetryError[<Future at 0x7f2684119040 state=finished raised KeyError>]
[2026-01-01T09:07:23.090+0000] {logging_mixin.py:188} INFO - ❌ Lỗi cash_flow: RetryError[<Future at 0x7f266efb7b00 state=finished raised KeyError>]
[2026-01-01T09:07:24.091+0000] {logging_mixin.py:188} INFO -  >> Đang lấy dữ liệu: UPH
[2026-01-01T09:07:29.352+0000] {logging_mixin.py:188} INFO -  >> Đang lấy dữ liệu: UPC
[2026-01-01T09:07:35.874+0000] {logging_mixin.py:188} INFO - ❌ Lỗi income_statement: RetryError[<Future at 0x7f266eef2390 state=finished raised KeyError>]
[2026-01-01T09:07:40.456+0000] {logging_mixin.py:188} INFO - ❌ Lỗi balance_sheet: RetryError[<Future at 0x7f266eef3770 state=finished raised KeyError>]
[2026-01-01T09:07:45.196+0000] {logging_mixin.py:188} INFO - ❌ Lỗi cash_flow: RetryError[<Future at 0x7f266eef26f0 state=finished raised KeyError>]
[2026-01-01T09:07:46.199+0000] {logging_mixin.py:188} INFO -  ✓ Hoàn thành batch. Tổng số dòng: 3827
[2026-01-01T09:07:46.249+0000] {base.py:84} INFO - Using connection ID 'minio_finance' for task execution.
[2026-01-01T09:07:46.253+0000] {connection_wrapper.py:384} INFO - AWS Connection (conn_id='minio_finance', conn_type='aws') credentials retrieved from login and password.
[2026-01-01T09:07:46.795+0000] {datalake_df2csv.py:53} INFO - ✅ Đã upload 3827 dòng -> s3://thongtin-congty-va-bctc/bctc/2025-12-30/batch_69.csv
[2026-01-01T09:07:46.797+0000] {taskinstance.py:441} INFO - ::group::Post task execution logs
[2026-01-01T09:07:46.809+0000] {taskinstance.py:1206} INFO - Marking task as SUCCESS. dag_id=thongtin_cty_bctc, task_id=ingest_bctc, run_id=scheduled__2025-12-30T00:00:00+00:00, map_index=69, execution_date=20251230T000000, start_date=20260101T090707, end_date=20260101T090746
[2026-01-01T09:07:47.202+0000] {local_task_job_runner.py:243} INFO - Task exited with return code 0
[2026-01-01T09:07:47.489+0000] {taskinstance.py:3503} INFO - 0 downstream tasks scheduled from follow-on schedule check
[2026-01-01T09:07:47.493+0000] {local_task_job_runner.py:222} INFO - ::endgroup::
