[2026-01-12T15:24:33.607+0000] {local_task_job_runner.py:120} INFO - ::group::Pre task execution logs
[2026-01-12T15:24:33.670+0000] {taskinstance.py:2076} INFO - Dependencies all met for dep_context=non-requeueable deps ti=<TaskInstance: financial_ratios_etl.ingest_financial_ratios manual__2026-01-12T15:14:43+00:00 map_index=616 [queued]>
[2026-01-12T15:24:33.721+0000] {taskinstance.py:2076} INFO - Dependencies all met for dep_context=requeueable deps ti=<TaskInstance: financial_ratios_etl.ingest_financial_ratios manual__2026-01-12T15:14:43+00:00 map_index=616 [queued]>
[2026-01-12T15:24:33.721+0000] {taskinstance.py:2306} INFO - Starting attempt 1 of 2
[2026-01-12T15:24:33.739+0000] {taskinstance.py:2330} INFO - Executing <Mapped(DfToCsvOperator): ingest_financial_ratios> on 2026-01-12 15:14:43+00:00
[2026-01-12T15:24:33.753+0000] {warnings.py:112} WARNING - This process (pid=8132) is multi-threaded, use of fork() may lead to deadlocks in the child.

[2026-01-12T15:24:33.754+0000] {standard_task_runner.py:64} INFO - Started process 8189 to run task
[2026-01-12T15:24:33.758+0000] {standard_task_runner.py:90} INFO - Running: ['***', 'tasks', 'run', 'financial_ratios_etl', 'ingest_financial_ratios', 'manual__2026-01-12T15:14:43+00:00', '--job-id', '14320', '--raw', '--subdir', 'DAGS_FOLDER/financial_ratios_etl.py', '--cfg-path', '/tmp/tmpcvk30ymv', '--map-index', '616']
[2026-01-12T15:24:33.762+0000] {standard_task_runner.py:91} INFO - Job 14320: Subtask ingest_financial_ratios
[2026-01-12T15:24:33.818+0000] {task_command.py:426} INFO - Running <TaskInstance: financial_ratios_etl.ingest_financial_ratios manual__2026-01-12T15:14:43+00:00 map_index=616 [running]> on host 5a20a797a43c
[2026-01-12T15:24:33.940+0000] {taskinstance.py:2648} INFO - Exporting env vars: AIRFLOW_CTX_DAG_OWNER='***' AIRFLOW_CTX_DAG_ID='financial_ratios_etl' AIRFLOW_CTX_TASK_ID='ingest_financial_ratios' AIRFLOW_CTX_EXECUTION_DATE='2026-01-12T15:14:43+00:00' AIRFLOW_CTX_TRY_NUMBER='1' AIRFLOW_CTX_DAG_RUN_ID='manual__2026-01-12T15:14:43+00:00'
[2026-01-12T15:24:33.941+0000] {taskinstance.py:430} INFO - ::endgroup::
[2026-01-12T15:24:33.948+0000] {logging_mixin.py:188} INFO - [RATIO] Bắt đầu xử lý batch 2 mã: ['G36', 'G20']
[2026-01-12T15:24:33.949+0000] {logging_mixin.py:188} INFO - [RATIO] Kỳ dữ liệu: quarter
[2026-01-12T15:24:33.950+0000] {logging_mixin.py:188} INFO -  >> [RATIO] Đang lấy dữ liệu: G36
[2026-01-12T15:24:34.850+0000] {logging_mixin.py:188} INFO -  ✓ [RATIO] G36: 38 rows
[2026-01-12T15:24:36.851+0000] {logging_mixin.py:188} INFO -  >> [RATIO] Đang lấy dữ liệu: G20
[2026-01-12T15:24:37.838+0000] {logging_mixin.py:188} INFO -  ✓ [RATIO] G20: 16 rows
[2026-01-12T15:24:39.842+0000] {logging_mixin.py:188} INFO -  ✅ [RATIO] Hoàn thành batch. Tổng số dòng: 54
[2026-01-12T15:24:39.863+0000] {base.py:84} INFO - Using connection ID 'minio_finance' for task execution.
[2026-01-12T15:24:39.865+0000] {connection_wrapper.py:384} INFO - AWS Connection (conn_id='minio_finance', conn_type='aws') credentials retrieved from login and password.
[2026-01-12T15:24:40.580+0000] {datalake_df2csv.py:52} INFO - ✅ Đã upload 54 dòng -> s3://thongtin-congty-va-bctc/financial_ratios/2026-01-12/batch_616.csv
[2026-01-12T15:24:40.583+0000] {taskinstance.py:441} INFO - ::group::Post task execution logs
[2026-01-12T15:24:40.594+0000] {taskinstance.py:1206} INFO - Marking task as SUCCESS. dag_id=financial_ratios_etl, task_id=ingest_financial_ratios, run_id=manual__2026-01-12T15:14:43+00:00, map_index=616, execution_date=20260112T151443, start_date=20260112T152433, end_date=20260112T152440
[2026-01-12T15:24:40.670+0000] {local_task_job_runner.py:243} INFO - Task exited with return code 0
[2026-01-12T15:24:40.689+0000] {taskinstance.py:3503} INFO - 0 downstream tasks scheduled from follow-on schedule check
[2026-01-12T15:24:40.691+0000] {local_task_job_runner.py:222} INFO - ::endgroup::
