[2026-01-01T03:06:16.257+0000] {local_task_job_runner.py:120} INFO - ::group::Pre task execution logs
[2026-01-01T03:06:16.296+0000] {taskinstance.py:2076} INFO - Dependencies all met for dep_context=non-requeueable deps ti=<TaskInstance: thongtin_cty_bctc.ingest_overview manual__2026-01-01T02:57:10+00:00 map_index=6 [queued]>
[2026-01-01T03:06:16.312+0000] {taskinstance.py:2076} INFO - Dependencies all met for dep_context=requeueable deps ti=<TaskInstance: thongtin_cty_bctc.ingest_overview manual__2026-01-01T02:57:10+00:00 map_index=6 [queued]>
[2026-01-01T03:06:16.313+0000] {taskinstance.py:2306} INFO - Starting attempt 1 of 2
[2026-01-01T03:06:16.334+0000] {taskinstance.py:2330} INFO - Executing <Mapped(DfToCsvOperator): ingest_overview> on 2026-01-01 02:57:10+00:00
[2026-01-01T03:06:16.349+0000] {warnings.py:112} WARNING - This process (pid=30432) is multi-threaded, use of fork() may lead to deadlocks in the child.

[2026-01-01T03:06:16.351+0000] {standard_task_runner.py:64} INFO - Started process 30528 to run task
[2026-01-01T03:06:16.356+0000] {standard_task_runner.py:90} INFO - Running: ['***', 'tasks', 'run', 'thongtin_cty_bctc', 'ingest_overview', 'manual__2026-01-01T02:57:10+00:00', '--job-id', '3270', '--raw', '--subdir', 'DAGS_FOLDER/tt_cty_bctc.py', '--cfg-path', '/tmp/tmpexf2m8wv', '--map-index', '6']
[2026-01-01T03:06:16.358+0000] {standard_task_runner.py:91} INFO - Job 3270: Subtask ingest_overview
[2026-01-01T03:06:16.439+0000] {task_command.py:426} INFO - Running <TaskInstance: thongtin_cty_bctc.ingest_overview manual__2026-01-01T02:57:10+00:00 map_index=6 [running]> on host 43b0a0f7606b
[2026-01-01T03:06:16.639+0000] {taskinstance.py:2648} INFO - Exporting env vars: AIRFLOW_CTX_DAG_OWNER='***' AIRFLOW_CTX_DAG_ID='thongtin_cty_bctc' AIRFLOW_CTX_TASK_ID='ingest_overview' AIRFLOW_CTX_EXECUTION_DATE='2026-01-01T02:57:10+00:00' AIRFLOW_CTX_TRY_NUMBER='1' AIRFLOW_CTX_DAG_RUN_ID='manual__2026-01-01T02:57:10+00:00'
[2026-01-01T03:06:16.641+0000] {taskinstance.py:430} INFO - ::endgroup::
[2026-01-01T03:06:16.832+0000] {logging_mixin.py:188} INFO - Err overview MSN: Failed to fetch data: 429 - Too Many Requests
[2026-01-01T03:06:17.969+0000] {logging_mixin.py:188} INFO - Err overview GAS: Failed to fetch data: 429 - Too Many Requests
[2026-01-01T03:06:19.117+0000] {logging_mixin.py:188} INFO - Err overview PLX: Failed to fetch data: 429 - Too Many Requests
[2026-01-01T03:06:20.122+0000] {datalake_df2csv.py:40} INFO - DataFrame rỗng, bỏ qua upload CSV.
[2026-01-01T03:06:20.123+0000] {taskinstance.py:441} INFO - ::group::Post task execution logs
[2026-01-01T03:06:20.147+0000] {taskinstance.py:1206} INFO - Marking task as SUCCESS. dag_id=thongtin_cty_bctc, task_id=ingest_overview, run_id=manual__2026-01-01T02:57:10+00:00, map_index=6, execution_date=20260101T025710, start_date=20260101T030616, end_date=20260101T030620
[2026-01-01T03:06:20.207+0000] {local_task_job_runner.py:243} INFO - Task exited with return code 0
[2026-01-01T03:06:20.238+0000] {taskinstance.py:3503} INFO - 0 downstream tasks scheduled from follow-on schedule check
[2026-01-01T03:06:20.245+0000] {local_task_job_runner.py:222} INFO - ::endgroup::
