[2026-01-10T15:17:43.058+0000] {local_task_job_runner.py:120} INFO - ::group::Pre task execution logs
[2026-01-10T15:17:43.403+0000] {taskinstance.py:2076} INFO - Dependencies all met for dep_context=non-requeueable deps ti=<TaskInstance: thongtin_cty_bctc.ingest_people scheduled__2025-12-30T00:00:00+00:00 map_index=456 [queued]>
[2026-01-10T15:17:43.541+0000] {taskinstance.py:2076} INFO - Dependencies all met for dep_context=requeueable deps ti=<TaskInstance: thongtin_cty_bctc.ingest_people scheduled__2025-12-30T00:00:00+00:00 map_index=456 [queued]>
[2026-01-10T15:17:43.542+0000] {taskinstance.py:2306} INFO - Starting attempt 1 of 2
[2026-01-10T15:17:45.994+0000] {taskinstance.py:2330} INFO - Executing <Mapped(DfToCsvOperator): ingest_people> on 2025-12-30 00:00:00+00:00
[2026-01-10T15:17:46.009+0000] {warnings.py:112} WARNING - This process (pid=10372) is multi-threaded, use of fork() may lead to deadlocks in the child.

[2026-01-10T15:17:46.011+0000] {standard_task_runner.py:64} INFO - Started process 10462 to run task
[2026-01-10T15:17:46.014+0000] {standard_task_runner.py:90} INFO - Running: ['***', 'tasks', 'run', 'thongtin_cty_bctc', 'ingest_people', 'scheduled__2025-12-30T00:00:00+00:00', '--job-id', '9471', '--raw', '--subdir', 'DAGS_FOLDER/tt_cty_bctc.py', '--cfg-path', '/tmp/tmp1daoh1do', '--map-index', '456']
[2026-01-10T15:17:46.017+0000] {standard_task_runner.py:91} INFO - Job 9471: Subtask ingest_people
[2026-01-10T15:17:46.116+0000] {task_command.py:426} INFO - Running <TaskInstance: thongtin_cty_bctc.ingest_people scheduled__2025-12-30T00:00:00+00:00 map_index=456 [running]> on host c44bcb92a951
[2026-01-10T15:17:46.281+0000] {taskinstance.py:2648} INFO - Exporting env vars: AIRFLOW_CTX_DAG_OWNER='***' AIRFLOW_CTX_DAG_ID='thongtin_cty_bctc' AIRFLOW_CTX_TASK_ID='ingest_people' AIRFLOW_CTX_EXECUTION_DATE='2025-12-30T00:00:00+00:00' AIRFLOW_CTX_TRY_NUMBER='1' AIRFLOW_CTX_DAG_RUN_ID='scheduled__2025-12-30T00:00:00+00:00'
[2026-01-10T15:17:46.283+0000] {taskinstance.py:430} INFO - ::endgroup::
[2026-01-10T15:17:50.560+0000] {logging_mixin.py:188} INFO - officers DKW: RetryError[<Future at 0x7f17d50d5a90 state=finished raised KeyError>]
[2026-01-10T15:17:55.991+0000] {logging_mixin.py:188} INFO - shareholders DKH: RetryError[<Future at 0x7f17d522a570 state=finished raised KeyError>]
[2026-01-10T15:17:59.999+0000] {logging_mixin.py:188} INFO - officers DKH: RetryError[<Future at 0x7f17d50d74a0 state=finished raised KeyError>]
[2026-01-10T15:18:05.271+0000] {logging_mixin.py:188} INFO - officers DKG: RetryError[<Future at 0x7f17d50d7f80 state=finished raised KeyError>]
[2026-01-10T15:18:06.294+0000] {base.py:84} INFO - Using connection ID 'minio_finance' for task execution.
[2026-01-10T15:18:06.295+0000] {connection_wrapper.py:384} INFO - AWS Connection (conn_id='minio_finance', conn_type='aws') credentials retrieved from login and password.
[2026-01-10T15:18:06.895+0000] {datalake_df2csv.py:52} INFO - ✅ Đã upload 26 dòng -> s3://thongtin-congty-va-bctc/people/2025-12-30/batch_456.csv
[2026-01-10T15:18:06.896+0000] {taskinstance.py:441} INFO - ::group::Post task execution logs
[2026-01-10T15:18:06.906+0000] {taskinstance.py:1206} INFO - Marking task as SUCCESS. dag_id=thongtin_cty_bctc, task_id=ingest_people, run_id=scheduled__2025-12-30T00:00:00+00:00, map_index=456, execution_date=20251230T000000, start_date=20260110T151743, end_date=20260110T151806
[2026-01-10T15:18:08.092+0000] {local_task_job_runner.py:243} INFO - Task exited with return code 0
[2026-01-10T15:18:08.167+0000] {taskinstance.py:3503} INFO - 0 downstream tasks scheduled from follow-on schedule check
[2026-01-10T15:18:08.171+0000] {local_task_job_runner.py:222} INFO - ::endgroup::
