[2026-01-01T03:01:00.515+0000] {local_task_job_runner.py:120} INFO - ::group::Pre task execution logs
[2026-01-01T03:01:00.559+0000] {taskinstance.py:2076} INFO - Dependencies all met for dep_context=non-requeueable deps ti=<TaskInstance: thongtin_cty_bctc.ingest_bctc manual__2025-12-31T15:11:19+00:00 map_index=17 [queued]>
[2026-01-01T03:01:00.585+0000] {taskinstance.py:2076} INFO - Dependencies all met for dep_context=requeueable deps ti=<TaskInstance: thongtin_cty_bctc.ingest_bctc manual__2025-12-31T15:11:19+00:00 map_index=17 [queued]>
[2026-01-01T03:01:00.586+0000] {taskinstance.py:2306} INFO - Starting attempt 1 of 2
[2026-01-01T03:01:00.618+0000] {taskinstance.py:2330} INFO - Executing <Mapped(DfToCsvOperator): ingest_bctc> on 2025-12-31 15:11:19+00:00
[2026-01-01T03:01:00.635+0000] {warnings.py:112} WARNING - This process (pid=23815) is multi-threaded, use of fork() may lead to deadlocks in the child.

[2026-01-01T03:01:00.637+0000] {standard_task_runner.py:64} INFO - Started process 23920 to run task
[2026-01-01T03:01:00.640+0000] {standard_task_runner.py:90} INFO - Running: ['***', 'tasks', 'run', 'thongtin_cty_bctc', 'ingest_bctc', 'manual__2025-12-31T15:11:19+00:00', '--job-id', '2674', '--raw', '--subdir', 'DAGS_FOLDER/tt_cty_bctc.py', '--cfg-path', '/tmp/tmpgkkbku2_', '--map-index', '17']
[2026-01-01T03:01:00.642+0000] {standard_task_runner.py:91} INFO - Job 2674: Subtask ingest_bctc
[2026-01-01T03:01:00.762+0000] {task_command.py:426} INFO - Running <TaskInstance: thongtin_cty_bctc.ingest_bctc manual__2025-12-31T15:11:19+00:00 map_index=17 [running]> on host 43b0a0f7606b
[2026-01-01T03:01:01.025+0000] {taskinstance.py:2648} INFO - Exporting env vars: AIRFLOW_CTX_DAG_OWNER='***' AIRFLOW_CTX_DAG_ID='thongtin_cty_bctc' AIRFLOW_CTX_TASK_ID='ingest_bctc' AIRFLOW_CTX_EXECUTION_DATE='2025-12-31T15:11:19+00:00' AIRFLOW_CTX_TRY_NUMBER='1' AIRFLOW_CTX_DAG_RUN_ID='manual__2025-12-31T15:11:19+00:00'
[2026-01-01T03:01:01.027+0000] {taskinstance.py:430} INFO - ::endgroup::
[2026-01-01T03:01:01.076+0000] {logging_mixin.py:188} INFO - Bắt đầu xử lý batch 3 mã: ['SAB', 'BVH', 'PNJ']
[2026-01-01T03:01:01.077+0000] {logging_mixin.py:188} INFO -  >> Đang lấy dữ liệu: SAB
[2026-01-01T03:01:01.224+0000] {logging_mixin.py:188} INFO -  Lỗi xử lý mã SAB: Failed to fetch data: 429 - Too Many Requests
[2026-01-01T03:01:01.226+0000] {logging_mixin.py:188} INFO -  >> Đang lấy dữ liệu: BVH
[2026-01-01T03:01:01.384+0000] {logging_mixin.py:188} INFO -  Lỗi xử lý mã BVH: Failed to fetch data: 429 - Too Many Requests
[2026-01-01T03:01:01.387+0000] {logging_mixin.py:188} INFO -  >> Đang lấy dữ liệu: PNJ
[2026-01-01T03:01:01.598+0000] {logging_mixin.py:188} INFO -  Lỗi xử lý mã PNJ: Failed to fetch data: 429 - Too Many Requests
[2026-01-01T03:01:01.599+0000] {logging_mixin.py:188} INFO -  ⚠ Batch này không thu được dữ liệu nào.
[2026-01-01T03:01:01.608+0000] {datalake_df2csv.py:40} INFO - DataFrame rỗng, bỏ qua upload CSV.
[2026-01-01T03:01:01.614+0000] {taskinstance.py:441} INFO - ::group::Post task execution logs
[2026-01-01T03:01:01.635+0000] {taskinstance.py:1206} INFO - Marking task as SUCCESS. dag_id=thongtin_cty_bctc, task_id=ingest_bctc, run_id=manual__2025-12-31T15:11:19+00:00, map_index=17, execution_date=20251231T151119, start_date=20260101T030100, end_date=20260101T030101
[2026-01-01T03:01:01.713+0000] {local_task_job_runner.py:243} INFO - Task exited with return code 0
[2026-01-01T03:01:01.751+0000] {taskinstance.py:3503} INFO - 0 downstream tasks scheduled from follow-on schedule check
[2026-01-01T03:01:01.756+0000] {local_task_job_runner.py:222} INFO - ::endgroup::
