[2025-12-30T01:55:55.599+0000] {local_task_job_runner.py:120} INFO - ::group::Pre task execution logs
[2025-12-30T01:55:55.636+0000] {taskinstance.py:2076} INFO - Dependencies all met for dep_context=non-requeueable deps ti=<TaskInstance: thongtin_cty_bctc.ingest_overview scheduled__2025-12-28T00:00:00+00:00 map_index=12 [queued]>
[2025-12-30T01:55:55.656+0000] {taskinstance.py:2076} INFO - Dependencies all met for dep_context=requeueable deps ti=<TaskInstance: thongtin_cty_bctc.ingest_overview scheduled__2025-12-28T00:00:00+00:00 map_index=12 [queued]>
[2025-12-30T01:55:55.656+0000] {taskinstance.py:2306} INFO - Starting attempt 1 of 2
[2025-12-30T01:55:55.682+0000] {taskinstance.py:2330} INFO - Executing <Mapped(DfToDbOperator): ingest_overview> on 2025-12-28 00:00:00+00:00
[2025-12-30T01:55:55.693+0000] {warnings.py:112} WARNING - This process (pid=335) is multi-threaded, use of fork() may lead to deadlocks in the child.

[2025-12-30T01:55:55.695+0000] {standard_task_runner.py:64} INFO - Started process 407 to run task
[2025-12-30T01:55:55.700+0000] {standard_task_runner.py:90} INFO - Running: ['***', 'tasks', 'run', 'thongtin_cty_bctc', 'ingest_overview', 'scheduled__2025-12-28T00:00:00+00:00', '--job-id', '25', '--raw', '--subdir', 'DAGS_FOLDER/tt_cty_bctc.py', '--cfg-path', '/tmp/tmpjwkzbv8k', '--map-index', '12']
[2025-12-30T01:55:55.702+0000] {standard_task_runner.py:91} INFO - Job 25: Subtask ingest_overview
[2025-12-30T01:55:55.783+0000] {task_command.py:426} INFO - Running <TaskInstance: thongtin_cty_bctc.ingest_overview scheduled__2025-12-28T00:00:00+00:00 map_index=12 [running]> on host c6df485552f0
[2025-12-30T01:55:55.958+0000] {taskinstance.py:2648} INFO - Exporting env vars: AIRFLOW_CTX_DAG_OWNER='***' AIRFLOW_CTX_DAG_ID='thongtin_cty_bctc' AIRFLOW_CTX_TASK_ID='ingest_overview' AIRFLOW_CTX_EXECUTION_DATE='2025-12-28T00:00:00+00:00' AIRFLOW_CTX_TRY_NUMBER='1' AIRFLOW_CTX_DAG_RUN_ID='scheduled__2025-12-28T00:00:00+00:00'
[2025-12-30T01:55:55.960+0000] {taskinstance.py:430} INFO - ::endgroup::
[2025-12-30T01:55:56.231+0000] {warnings.py:112} WARNING - DataFrame.applymap has been deprecated. Use DataFrame.map instead.

[2025-12-30T01:55:56.438+0000] {warnings.py:112} WARNING - DataFrame.applymap has been deprecated. Use DataFrame.map instead.

[2025-12-30T01:55:56.693+0000] {warnings.py:112} WARNING - DataFrame.applymap has been deprecated. Use DataFrame.map instead.

[2025-12-30T01:55:56.844+0000] {warnings.py:112} WARNING - DataFrame.applymap has been deprecated. Use DataFrame.map instead.

[2025-12-30T01:55:56.985+0000] {warnings.py:112} WARNING - DataFrame.applymap has been deprecated. Use DataFrame.map instead.

[2025-12-30T01:55:57.129+0000] {warnings.py:112} WARNING - DataFrame.applymap has been deprecated. Use DataFrame.map instead.

[2025-12-30T01:55:57.283+0000] {warnings.py:112} WARNING - DataFrame.applymap has been deprecated. Use DataFrame.map instead.

[2025-12-30T01:55:57.461+0000] {warnings.py:112} WARNING - DataFrame.applymap has been deprecated. Use DataFrame.map instead.

[2025-12-30T01:55:57.613+0000] {warnings.py:112} WARNING - DataFrame.applymap has been deprecated. Use DataFrame.map instead.

[2025-12-30T01:55:57.796+0000] {warnings.py:112} WARNING - DataFrame.applymap has been deprecated. Use DataFrame.map instead.

[2025-12-30T01:55:57.994+0000] {warnings.py:112} WARNING - DataFrame.applymap has been deprecated. Use DataFrame.map instead.

[2025-12-30T01:55:58.164+0000] {warnings.py:112} WARNING - DataFrame.applymap has been deprecated. Use DataFrame.map instead.

[2025-12-30T01:55:58.364+0000] {warnings.py:112} WARNING - DataFrame.applymap has been deprecated. Use DataFrame.map instead.

[2025-12-30T01:55:58.536+0000] {warnings.py:112} WARNING - DataFrame.applymap has been deprecated. Use DataFrame.map instead.

[2025-12-30T01:55:58.664+0000] {warnings.py:112} WARNING - DataFrame.applymap has been deprecated. Use DataFrame.map instead.

[2025-12-30T01:55:58.799+0000] {warnings.py:112} WARNING - DataFrame.applymap has been deprecated. Use DataFrame.map instead.

[2025-12-30T01:55:59.004+0000] {warnings.py:112} WARNING - DataFrame.applymap has been deprecated. Use DataFrame.map instead.

[2025-12-30T01:55:59.142+0000] {warnings.py:112} WARNING - DataFrame.applymap has been deprecated. Use DataFrame.map instead.

[2025-12-30T01:55:59.337+0000] {warnings.py:112} WARNING - DataFrame.applymap has been deprecated. Use DataFrame.map instead.

[2025-12-30T01:55:59.490+0000] {warnings.py:112} WARNING - DataFrame.applymap has been deprecated. Use DataFrame.map instead.

[2025-12-30T01:55:59.515+0000] {df_to_db.py:60} INFO - Chuẩn bị insert 20 dòng vào bảng company_overview...
[2025-12-30T01:55:59.528+0000] {taskinstance.py:441} INFO - ::group::Post task execution logs
[2025-12-30T01:55:59.541+0000] {taskinstance.py:2905} ERROR - Task failed with exception
Traceback (most recent call last):
  File "/home/airflow/.local/lib/python3.12/site-packages/airflow/models/taskinstance.py", line 465, in _execute_task
    result = _execute_callable(context=context, **execute_callable_kwargs)
             ^^^^^^^^^^^^^^^^^^^^^^^^^^^^^^^^^^^^^^^^^^^^^^^^^^^^^^^^^^^^^
  File "/home/airflow/.local/lib/python3.12/site-packages/airflow/models/taskinstance.py", line 432, in _execute_callable
    return execute_callable(context=context, **execute_callable_kwargs)
           ^^^^^^^^^^^^^^^^^^^^^^^^^^^^^^^^^^^^^^^^^^^^^^^^^^^^^^^^^^^^
  File "/home/airflow/.local/lib/python3.12/site-packages/airflow/models/baseoperator.py", line 401, in wrapper
    return func(self, *args, **kwargs)
           ^^^^^^^^^^^^^^^^^^^^^^^^^^^
  File "/opt/airflow/plugins/function/df_to_db.py", line 63, in execute
    cnx = self._get_mysql_connection()
          ^^^^^^^^^^^^^^^^^^^^^^^^^^^^
  File "/opt/airflow/plugins/function/df_to_db.py", line 100, in _get_mysql_connection
    conn = BaseHook.get_connection(self.conn_id)
           ^^^^^^^^^^^^^^^^^^^^^^^^^^^^^^^^^^^^^
  File "/home/airflow/.local/lib/python3.12/site-packages/airflow/hooks/base.py", line 83, in get_connection
    conn = Connection.get_connection_from_secrets(conn_id)
           ^^^^^^^^^^^^^^^^^^^^^^^^^^^^^^^^^^^^^^^^^^^^^^^
  File "/home/airflow/.local/lib/python3.12/site-packages/airflow/models/connection.py", line 519, in get_connection_from_secrets
    raise AirflowNotFoundException(f"The conn_id `{conn_id}` isn't defined")
airflow.exceptions.AirflowNotFoundException: The conn_id `postgres_default` isn't defined
[2025-12-30T01:55:59.561+0000] {taskinstance.py:1206} INFO - Marking task as UP_FOR_RETRY. dag_id=thongtin_cty_bctc, task_id=ingest_overview, run_id=scheduled__2025-12-28T00:00:00+00:00, map_index=12, execution_date=20251228T000000, start_date=20251230T015555, end_date=20251230T015559
[2025-12-30T01:55:59.581+0000] {standard_task_runner.py:110} ERROR - Failed to execute job 25 for task ingest_overview (The conn_id `postgres_default` isn't defined; 407)
[2025-12-30T01:55:59.637+0000] {local_task_job_runner.py:243} INFO - Task exited with return code 1
[2025-12-30T01:55:59.668+0000] {taskinstance.py:3503} INFO - 0 downstream tasks scheduled from follow-on schedule check
[2025-12-30T01:55:59.671+0000] {local_task_job_runner.py:222} INFO - ::endgroup::
