[2026-01-01T03:18:55.600+0000] {local_task_job_runner.py:120} INFO - ::group::Pre task execution logs
[2026-01-01T03:18:55.657+0000] {taskinstance.py:2076} INFO - Dependencies all met for dep_context=non-requeueable deps ti=<TaskInstance: thongtin_cty_bctc.ingest_overview scheduled__2025-12-30T00:00:00+00:00 map_index=103 [queued]>
[2026-01-01T03:18:55.703+0000] {taskinstance.py:2076} INFO - Dependencies all met for dep_context=requeueable deps ti=<TaskInstance: thongtin_cty_bctc.ingest_overview scheduled__2025-12-30T00:00:00+00:00 map_index=103 [queued]>
[2026-01-01T03:18:55.700+0000] {taskinstance.py:2306} INFO - Starting attempt 1 of 2
[2026-01-01T03:18:55.719+0000] {taskinstance.py:2330} INFO - Executing <Mapped(DfToCsvOperator): ingest_overview> on 2025-12-30 00:00:00+00:00
[2026-01-01T03:18:55.733+0000] {warnings.py:112} WARNING - This process (pid=36748) is multi-threaded, use of fork() may lead to deadlocks in the child.

[2026-01-01T03:18:55.735+0000] {standard_task_runner.py:64} INFO - Started process 36801 to run task
[2026-01-01T03:18:55.739+0000] {standard_task_runner.py:90} INFO - Running: ['***', 'tasks', 'run', 'thongtin_cty_bctc', 'ingest_overview', 'scheduled__2025-12-30T00:00:00+00:00', '--job-id', '3772', '--raw', '--subdir', 'DAGS_FOLDER/tt_cty_bctc.py', '--cfg-path', '/tmp/tmp_ya_38fa', '--map-index', '103']
[2026-01-01T03:18:55.742+0000] {standard_task_runner.py:91} INFO - Job 3772: Subtask ingest_overview
[2026-01-01T03:18:55.833+0000] {task_command.py:426} INFO - Running <TaskInstance: thongtin_cty_bctc.ingest_overview scheduled__2025-12-30T00:00:00+00:00 map_index=103 [running]> on host 43b0a0f7606b
[2026-01-01T03:18:56.365+0000] {taskinstance.py:2648} INFO - Exporting env vars: AIRFLOW_CTX_DAG_OWNER='***' AIRFLOW_CTX_DAG_ID='thongtin_cty_bctc' AIRFLOW_CTX_TASK_ID='ingest_overview' AIRFLOW_CTX_EXECUTION_DATE='2025-12-30T00:00:00+00:00' AIRFLOW_CTX_TRY_NUMBER='1' AIRFLOW_CTX_DAG_RUN_ID='scheduled__2025-12-30T00:00:00+00:00'
[2026-01-01T03:18:56.366+0000] {taskinstance.py:430} INFO - ::endgroup::
[2026-01-01T03:18:56.816+0000] {logging_mixin.py:188} INFO - Err overview TKU: Failed to fetch data: 502 - Bad Gateway
[2026-01-01T03:18:58.037+0000] {warnings.py:112} WARNING - DataFrame.applymap has been deprecated. Use DataFrame.map instead.

[2026-01-01T03:18:59.213+0000] {warnings.py:112} WARNING - DataFrame.applymap has been deprecated. Use DataFrame.map instead.

[2026-01-01T03:19:00.249+0000] {base.py:84} INFO - Using connection ID 'minio_finance' for task execution.
[2026-01-01T03:19:00.251+0000] {connection_wrapper.py:384} INFO - AWS Connection (conn_id='minio_finance', conn_type='aws') credentials retrieved from login and password.
[2026-01-01T03:19:00.964+0000] {datalake_df2csv.py:53} INFO - ✅ Đã upload 2 dòng -> s3://thongtin-congty-va-bctc/overview/2025-12-30/batch_103.csv
[2026-01-01T03:19:00.977+0000] {taskinstance.py:441} INFO - ::group::Post task execution logs
[2026-01-01T03:19:01.015+0000] {taskinstance.py:1206} INFO - Marking task as SUCCESS. dag_id=thongtin_cty_bctc, task_id=ingest_overview, run_id=scheduled__2025-12-30T00:00:00+00:00, map_index=103, execution_date=20251230T000000, start_date=20260101T031855, end_date=20260101T031901
[2026-01-01T03:19:03.167+0000] {local_task_job_runner.py:243} INFO - Task exited with return code 0
[2026-01-01T03:19:03.198+0000] {taskinstance.py:3503} INFO - 0 downstream tasks scheduled from follow-on schedule check
[2026-01-01T03:19:03.200+0000] {local_task_job_runner.py:222} INFO - ::endgroup::
