[2026-01-12T13:37:03.858+0000] {local_task_job_runner.py:120} INFO - ::group::Pre task execution logs
[2026-01-12T13:37:03.895+0000] {taskinstance.py:2076} INFO - Dependencies all met for dep_context=non-requeueable deps ti=<TaskInstance: daily_price_collection.persist_daily_price_batch manual__2026-01-12T13:29:07+00:00 map_index=78 [queued]>
[2026-01-12T13:37:03.916+0000] {taskinstance.py:2076} INFO - Dependencies all met for dep_context=requeueable deps ti=<TaskInstance: daily_price_collection.persist_daily_price_batch manual__2026-01-12T13:29:07+00:00 map_index=78 [queued]>
[2026-01-12T13:37:03.918+0000] {taskinstance.py:2306} INFO - Starting attempt 1 of 2
[2026-01-12T13:37:03.946+0000] {taskinstance.py:2330} INFO - Executing <Mapped(_PythonDecoratedOperator): persist_daily_price_batch> on 2026-01-12 13:29:07+00:00
[2026-01-12T13:37:03.966+0000] {warnings.py:112} WARNING - This process (pid=3843) is multi-threaded, use of fork() may lead to deadlocks in the child.

[2026-01-12T13:37:03.969+0000] {standard_task_runner.py:64} INFO - Started process 4022 to run task
[2026-01-12T13:37:03.991+0000] {standard_task_runner.py:90} INFO - Running: ['***', 'tasks', 'run', 'daily_price_collection', 'persist_daily_price_batch', 'manual__2026-01-12T13:29:07+00:00', '--job-id', '10993', '--raw', '--subdir', 'DAGS_FOLDER/daily_price_collection.py', '--cfg-path', '/tmp/tmprfy3rsjs', '--map-index', '78']
[2026-01-12T13:37:04.005+0000] {standard_task_runner.py:91} INFO - Job 10993: Subtask persist_daily_price_batch
[2026-01-12T13:37:04.135+0000] {task_command.py:426} INFO - Running <TaskInstance: daily_price_collection.persist_daily_price_batch manual__2026-01-12T13:29:07+00:00 map_index=78 [running]> on host 5a20a797a43c
[2026-01-12T13:37:04.258+0000] {taskinstance.py:2905} ERROR - Task failed with exception
Traceback (most recent call last):
  File "/home/airflow/.local/lib/python3.12/site-packages/airflow/models/taskinstance.py", line 2479, in _run_raw_task
    self._execute_task_with_callbacks(context, test_mode, session=session)
  File "/home/airflow/.local/lib/python3.12/site-packages/airflow/models/taskinstance.py", line 2633, in _execute_task_with_callbacks
    task_orig = self.render_templates(context=context, jinja_env=jinja_env)
                ^^^^^^^^^^^^^^^^^^^^^^^^^^^^^^^^^^^^^^^^^^^^^^^^^^^^^^^^^^^
  File "/home/airflow/.local/lib/python3.12/site-packages/airflow/models/taskinstance.py", line 3094, in render_templates
    original_task.render_template_fields(context, jinja_env)
  File "/home/airflow/.local/lib/python3.12/site-packages/airflow/models/mappedoperator.py", line 830, in render_template_fields
    unmapped_task = self.unmap(mapped_kwargs)
                    ^^^^^^^^^^^^^^^^^^^^^^^^^
  File "/home/airflow/.local/lib/python3.12/site-packages/airflow/models/mappedoperator.py", line 747, in unmap
    op = self.operator_class(**kwargs, _airflow_from_mapped=True)
         ^^^^^^^^^^^^^^^^^^^^^^^^^^^^^^^^^^^^^^^^^^^^^^^^^^^^^^^^
  File "/home/airflow/.local/lib/python3.12/site-packages/airflow/models/baseoperator.py", line 485, in apply_defaults
    result = func(self, **kwargs, default_args=default_args)
             ^^^^^^^^^^^^^^^^^^^^^^^^^^^^^^^^^^^^^^^^^^^^^^^
  File "/home/airflow/.local/lib/python3.12/site-packages/airflow/decorators/python.py", line 52, in __init__
    super().__init__(
  File "/home/airflow/.local/lib/python3.12/site-packages/airflow/models/baseoperator.py", line 485, in apply_defaults
    result = func(self, **kwargs, default_args=default_args)
             ^^^^^^^^^^^^^^^^^^^^^^^^^^^^^^^^^^^^^^^^^^^^^^^
  File "/home/airflow/.local/lib/python3.12/site-packages/airflow/decorators/base.py", line 253, in __init__
    signature.bind(*op_args, **op_kwargs)
  File "/usr/local/lib/python3.12/inspect.py", line 3267, in bind
    return self._bind(args, kwargs)
           ^^^^^^^^^^^^^^^^^^^^^^^^
  File "/usr/local/lib/python3.12/inspect.py", line 3180, in _bind
    raise TypeError(msg) from None
TypeError: missing a required argument: 'symbols'
[2026-01-12T13:37:04.276+0000] {taskinstance.py:2953} ERROR - Unable to unmap task to determine if we need to send an alert email
[2026-01-12T13:37:04.277+0000] {taskinstance.py:1206} INFO - Marking task as UP_FOR_RETRY. dag_id=daily_price_collection, task_id=persist_daily_price_batch, run_id=manual__2026-01-12T13:29:07+00:00, map_index=78, execution_date=20260112T132907, start_date=20260112T133703, end_date=20260112T133704
[2026-01-12T13:37:04.291+0000] {standard_task_runner.py:110} ERROR - Failed to execute job 10993 for task persist_daily_price_batch (missing a required argument: 'symbols'; 4022)
[2026-01-12T13:37:04.310+0000] {local_task_job_runner.py:243} INFO - Task exited with return code 1
[2026-01-12T13:37:04.329+0000] {taskinstance.py:3503} INFO - 0 downstream tasks scheduled from follow-on schedule check
[2026-01-12T13:37:04.331+0000] {local_task_job_runner.py:222} INFO - ::endgroup::
