[2026-01-01T02:18:39.790+0000] {local_task_job_runner.py:120} INFO - ::group::Pre task execution logs
[2026-01-01T02:18:39.977+0000] {taskinstance.py:2076} INFO - Dependencies all met for dep_context=non-requeueable deps ti=<TaskInstance: thongtin_cty_bctc.ingest_people scheduled__2025-12-31T00:00:00+00:00 map_index=302 [queued]>
[2026-01-01T02:18:40.460+0000] {taskinstance.py:2076} INFO - Dependencies all met for dep_context=requeueable deps ti=<TaskInstance: thongtin_cty_bctc.ingest_people scheduled__2025-12-31T00:00:00+00:00 map_index=302 [queued]>
[2026-01-01T02:18:40.462+0000] {taskinstance.py:2306} INFO - Starting attempt 1 of 2
[2026-01-01T02:18:40.489+0000] {taskinstance.py:2330} INFO - Executing <Mapped(DfToCsvOperator): ingest_people> on 2025-12-31 00:00:00+00:00
[2026-01-01T02:18:40.511+0000] {warnings.py:112} WARNING - This process (pid=10789) is multi-threaded, use of fork() may lead to deadlocks in the child.

[2026-01-01T02:18:40.513+0000] {standard_task_runner.py:64} INFO - Started process 10925 to run task
[2026-01-01T02:18:40.519+0000] {standard_task_runner.py:90} INFO - Running: ['***', 'tasks', 'run', 'thongtin_cty_bctc', 'ingest_people', 'scheduled__2025-12-31T00:00:00+00:00', '--job-id', '1537', '--raw', '--subdir', 'DAGS_FOLDER/tt_cty_bctc.py', '--cfg-path', '/tmp/tmpi6nsgkye', '--map-index', '302']
[2026-01-01T02:18:40.522+0000] {standard_task_runner.py:91} INFO - Job 1537: Subtask ingest_people
[2026-01-01T02:18:40.666+0000] {task_command.py:426} INFO - Running <TaskInstance: thongtin_cty_bctc.ingest_people scheduled__2025-12-31T00:00:00+00:00 map_index=302 [running]> on host 43b0a0f7606b
[2026-01-01T02:18:41.030+0000] {taskinstance.py:2648} INFO - Exporting env vars: AIRFLOW_CTX_DAG_OWNER='***' AIRFLOW_CTX_DAG_ID='thongtin_cty_bctc' AIRFLOW_CTX_TASK_ID='ingest_people' AIRFLOW_CTX_EXECUTION_DATE='2025-12-31T00:00:00+00:00' AIRFLOW_CTX_TRY_NUMBER='1' AIRFLOW_CTX_DAG_RUN_ID='scheduled__2025-12-31T00:00:00+00:00'
[2026-01-01T02:18:41.037+0000] {taskinstance.py:430} INFO - ::endgroup::
[2026-01-01T02:18:41.042+0000] {taskinstance.py:441} INFO - ::group::Post task execution logs
[2026-01-01T02:18:41.068+0000] {taskinstance.py:2905} ERROR - Task failed with exception
Traceback (most recent call last):
  File "/home/airflow/.local/lib/python3.12/site-packages/airflow/models/taskinstance.py", line 465, in _execute_task
    result = _execute_callable(context=context, **execute_callable_kwargs)
             ^^^^^^^^^^^^^^^^^^^^^^^^^^^^^^^^^^^^^^^^^^^^^^^^^^^^^^^^^^^^^
  File "/home/airflow/.local/lib/python3.12/site-packages/airflow/models/taskinstance.py", line 432, in _execute_callable
    return execute_callable(context=context, **execute_callable_kwargs)
           ^^^^^^^^^^^^^^^^^^^^^^^^^^^^^^^^^^^^^^^^^^^^^^^^^^^^^^^^^^^^
  File "/home/airflow/.local/lib/python3.12/site-packages/airflow/models/baseoperator.py", line 401, in wrapper
    return func(self, *args, **kwargs)
           ^^^^^^^^^^^^^^^^^^^^^^^^^^^
  File "/opt/airflow/plugins/function/datalake_df2csv.py", line 38, in execute
    df = self._load_dataframe()
         ^^^^^^^^^^^^^^^^^^^^^^
  File "/opt/airflow/plugins/function/datalake_df2csv.py", line 60, in _load_dataframe
    raise AirflowException(f"Logic file not found: {module_path}")
airflow.exceptions.AirflowException: Logic file not found: /opt/***/plugins/logic/thongtincongty.py
[2026-01-01T02:18:41.096+0000] {taskinstance.py:1206} INFO - Marking task as UP_FOR_RETRY. dag_id=thongtin_cty_bctc, task_id=ingest_people, run_id=scheduled__2025-12-31T00:00:00+00:00, map_index=302, execution_date=20251231T000000, start_date=20260101T021839, end_date=20260101T021841
[2026-01-01T02:18:41.877+0000] {standard_task_runner.py:110} ERROR - Failed to execute job 1537 for task ingest_people (Logic file not found: /opt/***/plugins/logic/thongtincongty.py; 10925)
[2026-01-01T02:18:41.952+0000] {local_task_job_runner.py:243} INFO - Task exited with return code 1
[2026-01-01T02:18:42.014+0000] {taskinstance.py:3503} INFO - 0 downstream tasks scheduled from follow-on schedule check
[2026-01-01T02:18:42.035+0000] {local_task_job_runner.py:222} INFO - ::endgroup::
