[2026-01-11T04:02:51.692+0000] {local_task_job_runner.py:120} INFO - ::group::Pre task execution logs
[2026-01-11T04:02:51.740+0000] {taskinstance.py:2076} INFO - Dependencies all met for dep_context=non-requeueable deps ti=<TaskInstance: bctc.ingest_bctc manual__2026-01-11T04:01:06+00:00 map_index=48 [queued]>
[2026-01-11T04:02:51.766+0000] {taskinstance.py:2076} INFO - Dependencies all met for dep_context=requeueable deps ti=<TaskInstance: bctc.ingest_bctc manual__2026-01-11T04:01:06+00:00 map_index=48 [queued]>
[2026-01-11T04:02:51.768+0000] {taskinstance.py:2306} INFO - Starting attempt 1 of 2
[2026-01-11T04:02:51.793+0000] {taskinstance.py:2330} INFO - Executing <Mapped(DfToCsvOperator): ingest_bctc> on 2026-01-11 04:01:06+00:00
[2026-01-11T04:02:51.810+0000] {warnings.py:112} WARNING - This process (pid=1784) is multi-threaded, use of fork() may lead to deadlocks in the child.

[2026-01-11T04:02:51.813+0000] {standard_task_runner.py:64} INFO - Started process 1882 to run task
[2026-01-11T04:02:51.816+0000] {standard_task_runner.py:90} INFO - Running: ['***', 'tasks', 'run', 'bctc', 'ingest_bctc', 'manual__2026-01-11T04:01:06+00:00', '--job-id', '10235', '--raw', '--subdir', 'DAGS_FOLDER/tt_cty_bctc.py', '--cfg-path', '/tmp/tmperi54qod', '--map-index', '48']
[2026-01-11T04:02:51.825+0000] {standard_task_runner.py:91} INFO - Job 10235: Subtask ingest_bctc
[2026-01-11T04:02:51.942+0000] {task_command.py:426} INFO - Running <TaskInstance: bctc.ingest_bctc manual__2026-01-11T04:01:06+00:00 map_index=48 [running]> on host 3f2af93df813
[2026-01-11T04:02:52.771+0000] {taskinstance.py:2648} INFO - Exporting env vars: AIRFLOW_CTX_DAG_OWNER='***' AIRFLOW_CTX_DAG_ID='bctc' AIRFLOW_CTX_TASK_ID='ingest_bctc' AIRFLOW_CTX_EXECUTION_DATE='2026-01-11T04:01:06+00:00' AIRFLOW_CTX_TRY_NUMBER='1' AIRFLOW_CTX_DAG_RUN_ID='manual__2026-01-11T04:01:06+00:00'
[2026-01-11T04:02:52.773+0000] {taskinstance.py:430} INFO - ::endgroup::
[2026-01-11T04:02:52.791+0000] {logging_mixin.py:188} INFO - Bắt đầu xử lý batch 20 mã: ['KTT', 'KTS', 'KTL', 'KTC', 'KSV', 'KST', 'KSS', 'KSQ', 'KSH', 'KSF', 'KSD', 'KSB', 'KPF', 'KOS', 'KMT', 'KMR', 'KLM', 'KLF', 'KLB', 'KKC']
[2026-01-11T04:02:52.792+0000] {logging_mixin.py:188} INFO -  >> Đang lấy dữ liệu: KTT
[2026-01-11T04:02:53.253+0000] {logging_mixin.py:188} INFO -  Lỗi xử lý mã KTT: Failed to fetch data: 429 - Too Many Requests
[2026-01-11T04:02:53.256+0000] {logging_mixin.py:188} INFO -  >> Đang lấy dữ liệu: KTS
[2026-01-11T04:02:53.639+0000] {logging_mixin.py:188} INFO -  Lỗi xử lý mã KTS: Failed to fetch data: 429 - Too Many Requests
[2026-01-11T04:02:53.640+0000] {logging_mixin.py:188} INFO -  >> Đang lấy dữ liệu: KTL
[2026-01-11T04:02:53.954+0000] {logging_mixin.py:188} INFO -  Lỗi xử lý mã KTL: Failed to fetch data: 429 - Too Many Requests
[2026-01-11T04:02:53.955+0000] {logging_mixin.py:188} INFO -  >> Đang lấy dữ liệu: KTC
[2026-01-11T04:02:54.172+0000] {logging_mixin.py:188} INFO -  Lỗi xử lý mã KTC: Failed to fetch data: 429 - Too Many Requests
[2026-01-11T04:02:54.173+0000] {logging_mixin.py:188} INFO -  >> Đang lấy dữ liệu: KSV
[2026-01-11T04:02:54.290+0000] {logging_mixin.py:188} INFO -  Lỗi xử lý mã KSV: Failed to fetch data: 429 - Too Many Requests
[2026-01-11T04:02:54.291+0000] {logging_mixin.py:188} INFO -  >> Đang lấy dữ liệu: KST
[2026-01-11T04:02:54.410+0000] {logging_mixin.py:188} INFO -  Lỗi xử lý mã KST: Failed to fetch data: 429 - Too Many Requests
[2026-01-11T04:02:54.411+0000] {logging_mixin.py:188} INFO -  >> Đang lấy dữ liệu: KSS
[2026-01-11T04:02:54.535+0000] {logging_mixin.py:188} INFO -  Lỗi xử lý mã KSS: Failed to fetch data: 429 - Too Many Requests
[2026-01-11T04:02:54.536+0000] {logging_mixin.py:188} INFO -  >> Đang lấy dữ liệu: KSQ
[2026-01-11T04:02:54.651+0000] {logging_mixin.py:188} INFO -  Lỗi xử lý mã KSQ: Failed to fetch data: 429 - Too Many Requests
[2026-01-11T04:02:54.653+0000] {logging_mixin.py:188} INFO -  >> Đang lấy dữ liệu: KSH
[2026-01-11T04:02:54.787+0000] {logging_mixin.py:188} INFO -  Lỗi xử lý mã KSH: Failed to fetch data: 429 - Too Many Requests
[2026-01-11T04:02:54.789+0000] {logging_mixin.py:188} INFO -  >> Đang lấy dữ liệu: KSF
[2026-01-11T04:02:54.914+0000] {logging_mixin.py:188} INFO -  Lỗi xử lý mã KSF: Failed to fetch data: 429 - Too Many Requests
[2026-01-11T04:02:54.916+0000] {logging_mixin.py:188} INFO -  >> Đang lấy dữ liệu: KSD
[2026-01-11T04:02:55.033+0000] {logging_mixin.py:188} INFO -  Lỗi xử lý mã KSD: Failed to fetch data: 429 - Too Many Requests
[2026-01-11T04:02:55.034+0000] {logging_mixin.py:188} INFO -  >> Đang lấy dữ liệu: KSB
[2026-01-11T04:02:55.150+0000] {logging_mixin.py:188} INFO -  Lỗi xử lý mã KSB: Failed to fetch data: 429 - Too Many Requests
[2026-01-11T04:02:55.151+0000] {logging_mixin.py:188} INFO -  >> Đang lấy dữ liệu: KPF
[2026-01-11T04:02:55.280+0000] {logging_mixin.py:188} INFO -  Lỗi xử lý mã KPF: Failed to fetch data: 429 - Too Many Requests
[2026-01-11T04:02:55.281+0000] {logging_mixin.py:188} INFO -  >> Đang lấy dữ liệu: KOS
[2026-01-11T04:02:55.446+0000] {logging_mixin.py:188} INFO -  Lỗi xử lý mã KOS: Failed to fetch data: 429 - Too Many Requests
[2026-01-11T04:02:55.447+0000] {logging_mixin.py:188} INFO -  >> Đang lấy dữ liệu: KMT
[2026-01-11T04:02:55.597+0000] {logging_mixin.py:188} INFO -  Lỗi xử lý mã KMT: Failed to fetch data: 429 - Too Many Requests
[2026-01-11T04:02:55.598+0000] {logging_mixin.py:188} INFO -  >> Đang lấy dữ liệu: KMR
[2026-01-11T04:02:55.784+0000] {logging_mixin.py:188} INFO -  Lỗi xử lý mã KMR: Failed to fetch data: 429 - Too Many Requests
[2026-01-11T04:02:55.785+0000] {logging_mixin.py:188} INFO -  >> Đang lấy dữ liệu: KLM
[2026-01-11T04:02:55.911+0000] {logging_mixin.py:188} INFO -  Lỗi xử lý mã KLM: Failed to fetch data: 429 - Too Many Requests
[2026-01-11T04:02:55.913+0000] {logging_mixin.py:188} INFO -  >> Đang lấy dữ liệu: KLF
[2026-01-11T04:02:56.024+0000] {logging_mixin.py:188} INFO -  Lỗi xử lý mã KLF: Failed to fetch data: 429 - Too Many Requests
[2026-01-11T04:02:56.025+0000] {logging_mixin.py:188} INFO -  >> Đang lấy dữ liệu: KLB
[2026-01-11T04:02:56.158+0000] {logging_mixin.py:188} INFO -  Lỗi xử lý mã KLB: Failed to fetch data: 429 - Too Many Requests
[2026-01-11T04:02:56.159+0000] {logging_mixin.py:188} INFO -  >> Đang lấy dữ liệu: KKC
[2026-01-11T04:02:56.379+0000] {logging_mixin.py:188} INFO -  Lỗi xử lý mã KKC: Failed to fetch data: 429 - Too Many Requests
[2026-01-11T04:02:56.380+0000] {logging_mixin.py:188} INFO -  ⚠ Batch này không thu được dữ liệu nào.
[2026-01-11T04:02:56.383+0000] {datalake_df2csv.py:40} INFO - DataFrame rỗng, bỏ qua upload CSV.
[2026-01-11T04:02:56.384+0000] {taskinstance.py:441} INFO - ::group::Post task execution logs
[2026-01-11T04:02:56.404+0000] {taskinstance.py:1206} INFO - Marking task as SUCCESS. dag_id=bctc, task_id=ingest_bctc, run_id=manual__2026-01-11T04:01:06+00:00, map_index=48, execution_date=20260111T040106, start_date=20260111T040251, end_date=20260111T040256
[2026-01-11T04:02:56.506+0000] {local_task_job_runner.py:243} INFO - Task exited with return code 0
[2026-01-11T04:02:56.560+0000] {taskinstance.py:3503} INFO - 0 downstream tasks scheduled from follow-on schedule check
[2026-01-11T04:02:56.563+0000] {local_task_job_runner.py:222} INFO - ::endgroup::
