[2025-12-31T14:39:14.624+0000] {local_task_job_runner.py:120} INFO - ::group::Pre task execution logs
[2025-12-31T14:39:14.659+0000] {taskinstance.py:2076} INFO - Dependencies all met for dep_context=non-requeueable deps ti=<TaskInstance: thongtin_cty_bctc.ingest_bctc manual__2025-12-31T14:34:21.190447+00:00 map_index=9 [queued]>
[2025-12-31T14:39:14.676+0000] {taskinstance.py:2076} INFO - Dependencies all met for dep_context=requeueable deps ti=<TaskInstance: thongtin_cty_bctc.ingest_bctc manual__2025-12-31T14:34:21.190447+00:00 map_index=9 [queued]>
[2025-12-31T14:39:14.677+0000] {taskinstance.py:2306} INFO - Starting attempt 1 of 2
[2025-12-31T14:39:14.702+0000] {taskinstance.py:2330} INFO - Executing <Mapped(DfToCsvOperator): ingest_bctc> on 2025-12-31 14:34:21.190447+00:00
[2025-12-31T14:39:14.714+0000] {warnings.py:112} WARNING - This process (pid=3844) is multi-threaded, use of fork() may lead to deadlocks in the child.

[2025-12-31T14:39:14.716+0000] {standard_task_runner.py:64} INFO - Started process 3895 to run task
[2025-12-31T14:39:14.718+0000] {standard_task_runner.py:90} INFO - Running: ['***', 'tasks', 'run', 'thongtin_cty_bctc', 'ingest_bctc', 'manual__2025-12-31T14:34:21.190447+00:00', '--job-id', '298', '--raw', '--subdir', 'DAGS_FOLDER/tt_cty_bctc.py', '--cfg-path', '/tmp/tmpvzd70d83', '--map-index', '9']
[2025-12-31T14:39:14.720+0000] {standard_task_runner.py:91} INFO - Job 298: Subtask ingest_bctc
[2025-12-31T14:39:14.785+0000] {task_command.py:426} INFO - Running <TaskInstance: thongtin_cty_bctc.ingest_bctc manual__2025-12-31T14:34:21.190447+00:00 map_index=9 [running]> on host 8bc7f11ea9a4
[2025-12-31T14:39:14.916+0000] {taskinstance.py:2648} INFO - Exporting env vars: AIRFLOW_CTX_DAG_OWNER='***' AIRFLOW_CTX_DAG_ID='thongtin_cty_bctc' AIRFLOW_CTX_TASK_ID='ingest_bctc' AIRFLOW_CTX_EXECUTION_DATE='2025-12-31T14:34:21.190447+00:00' AIRFLOW_CTX_TRY_NUMBER='1' AIRFLOW_CTX_DAG_RUN_ID='manual__2025-12-31T14:34:21.190447+00:00'
[2025-12-31T14:39:14.917+0000] {taskinstance.py:430} INFO - ::endgroup::
[2025-12-31T14:39:14.926+0000] {logging_mixin.py:188} INFO - Bắt đầu xử lý batch 20 mã: ['VCF', 'VCE', 'VCC', 'VCB', 'VCA', 'VC9', 'VC7', 'VC6', 'VC5', 'VC3', 'VC2', 'VC1', 'VBH', 'VBG', 'VBC', 'VBB', 'VAV', 'VAT', 'VAF', 'VAB']
[2025-12-31T14:39:14.927+0000] {logging_mixin.py:188} INFO -  >> Đang lấy dữ liệu: VCF
[2025-12-31T14:39:15.184+0000] {logging_mixin.py:188} INFO -  Lỗi xử lý mã VCF: Failed to fetch data: 429 - Too Many Requests
[2025-12-31T14:39:15.185+0000] {logging_mixin.py:188} INFO -  >> Đang lấy dữ liệu: VCE
[2025-12-31T14:39:15.437+0000] {logging_mixin.py:188} INFO -  Lỗi xử lý mã VCE: Failed to fetch data: 429 - Too Many Requests
[2025-12-31T14:39:15.439+0000] {logging_mixin.py:188} INFO -  >> Đang lấy dữ liệu: VCC
[2025-12-31T14:39:15.699+0000] {logging_mixin.py:188} INFO -  Lỗi xử lý mã VCC: Failed to fetch data: 429 - Too Many Requests
[2025-12-31T14:39:15.700+0000] {logging_mixin.py:188} INFO -  >> Đang lấy dữ liệu: VCB
[2025-12-31T14:39:15.914+0000] {logging_mixin.py:188} INFO -  Lỗi xử lý mã VCB: Failed to fetch data: 429 - Too Many Requests
[2025-12-31T14:39:15.915+0000] {logging_mixin.py:188} INFO -  >> Đang lấy dữ liệu: VCA
[2025-12-31T14:39:16.136+0000] {logging_mixin.py:188} INFO -  Lỗi xử lý mã VCA: Failed to fetch data: 429 - Too Many Requests
[2025-12-31T14:39:16.137+0000] {logging_mixin.py:188} INFO -  >> Đang lấy dữ liệu: VC9
[2025-12-31T14:39:16.325+0000] {logging_mixin.py:188} INFO -  Lỗi xử lý mã VC9: Failed to fetch data: 429 - Too Many Requests
[2025-12-31T14:39:16.326+0000] {logging_mixin.py:188} INFO -  >> Đang lấy dữ liệu: VC7
[2025-12-31T14:39:16.532+0000] {logging_mixin.py:188} INFO -  Lỗi xử lý mã VC7: Failed to fetch data: 429 - Too Many Requests
[2025-12-31T14:39:16.533+0000] {logging_mixin.py:188} INFO -  >> Đang lấy dữ liệu: VC6
[2025-12-31T14:39:16.693+0000] {logging_mixin.py:188} INFO -  Lỗi xử lý mã VC6: Failed to fetch data: 429 - Too Many Requests
[2025-12-31T14:39:16.694+0000] {logging_mixin.py:188} INFO -  >> Đang lấy dữ liệu: VC5
[2025-12-31T14:39:16.933+0000] {logging_mixin.py:188} INFO -  Lỗi xử lý mã VC5: Failed to fetch data: 429 - Too Many Requests
[2025-12-31T14:39:16.934+0000] {logging_mixin.py:188} INFO -  >> Đang lấy dữ liệu: VC3
[2025-12-31T14:39:17.128+0000] {logging_mixin.py:188} INFO -  Lỗi xử lý mã VC3: Failed to fetch data: 429 - Too Many Requests
[2025-12-31T14:39:17.129+0000] {logging_mixin.py:188} INFO -  >> Đang lấy dữ liệu: VC2
[2025-12-31T14:39:17.339+0000] {logging_mixin.py:188} INFO -  Lỗi xử lý mã VC2: Failed to fetch data: 429 - Too Many Requests
[2025-12-31T14:39:17.340+0000] {logging_mixin.py:188} INFO -  >> Đang lấy dữ liệu: VC1
[2025-12-31T14:39:17.459+0000] {logging_mixin.py:188} INFO -  Lỗi xử lý mã VC1: Failed to fetch data: 429 - Too Many Requests
[2025-12-31T14:39:17.460+0000] {logging_mixin.py:188} INFO -  >> Đang lấy dữ liệu: VBH
[2025-12-31T14:39:17.584+0000] {logging_mixin.py:188} INFO -  Lỗi xử lý mã VBH: Failed to fetch data: 429 - Too Many Requests
[2025-12-31T14:39:17.585+0000] {logging_mixin.py:188} INFO -  >> Đang lấy dữ liệu: VBG
[2025-12-31T14:39:17.701+0000] {logging_mixin.py:188} INFO -  Lỗi xử lý mã VBG: Failed to fetch data: 429 - Too Many Requests
[2025-12-31T14:39:17.702+0000] {logging_mixin.py:188} INFO -  >> Đang lấy dữ liệu: VBC
[2025-12-31T14:39:17.863+0000] {logging_mixin.py:188} INFO -  Lỗi xử lý mã VBC: Failed to fetch data: 429 - Too Many Requests
[2025-12-31T14:39:17.864+0000] {logging_mixin.py:188} INFO -  >> Đang lấy dữ liệu: VBB
[2025-12-31T14:39:17.976+0000] {logging_mixin.py:188} INFO -  Lỗi xử lý mã VBB: Failed to fetch data: 429 - Too Many Requests
[2025-12-31T14:39:17.977+0000] {logging_mixin.py:188} INFO -  >> Đang lấy dữ liệu: VAV
[2025-12-31T14:39:18.101+0000] {logging_mixin.py:188} INFO -  Lỗi xử lý mã VAV: Failed to fetch data: 429 - Too Many Requests
[2025-12-31T14:39:18.102+0000] {logging_mixin.py:188} INFO -  >> Đang lấy dữ liệu: VAT
[2025-12-31T14:39:18.220+0000] {logging_mixin.py:188} INFO -  Lỗi xử lý mã VAT: Failed to fetch data: 429 - Too Many Requests
[2025-12-31T14:39:18.221+0000] {logging_mixin.py:188} INFO -  >> Đang lấy dữ liệu: VAF
[2025-12-31T14:39:18.340+0000] {logging_mixin.py:188} INFO -  Lỗi xử lý mã VAF: Failed to fetch data: 429 - Too Many Requests
[2025-12-31T14:39:18.341+0000] {logging_mixin.py:188} INFO -  >> Đang lấy dữ liệu: VAB
[2025-12-31T14:39:18.465+0000] {logging_mixin.py:188} INFO -  Lỗi xử lý mã VAB: Failed to fetch data: 429 - Too Many Requests
[2025-12-31T14:39:18.466+0000] {logging_mixin.py:188} INFO -  ⚠ Batch này không thu được dữ liệu nào.
[2025-12-31T14:39:18.470+0000] {datalake_df2csv.py:40} INFO - DataFrame rỗng, bỏ qua upload CSV.
[2025-12-31T14:39:18.470+0000] {taskinstance.py:441} INFO - ::group::Post task execution logs
[2025-12-31T14:39:18.483+0000] {taskinstance.py:1206} INFO - Marking task as SUCCESS. dag_id=thongtin_cty_bctc, task_id=ingest_bctc, run_id=manual__2025-12-31T14:34:21.190447+00:00, map_index=9, execution_date=20251231T143421, start_date=20251231T143914, end_date=20251231T143918
[2025-12-31T14:39:18.546+0000] {local_task_job_runner.py:243} INFO - Task exited with return code 0
[2025-12-31T14:39:18.569+0000] {taskinstance.py:3503} INFO - 0 downstream tasks scheduled from follow-on schedule check
[2025-12-31T14:39:18.571+0000] {local_task_job_runner.py:222} INFO - ::endgroup::
