[2025-12-31T14:35:55.102+0000] {local_task_job_runner.py:120} INFO - ::group::Pre task execution logs
[2025-12-31T14:35:55.125+0000] {taskinstance.py:2076} INFO - Dependencies all met for dep_context=non-requeueable deps ti=<TaskInstance: thongtin_cty_bctc.ingest_bctc scheduled__2025-12-30T00:00:00+00:00 map_index=23 [queued]>
[2025-12-31T14:35:55.136+0000] {taskinstance.py:2076} INFO - Dependencies all met for dep_context=requeueable deps ti=<TaskInstance: thongtin_cty_bctc.ingest_bctc scheduled__2025-12-30T00:00:00+00:00 map_index=23 [queued]>
[2025-12-31T14:35:55.137+0000] {taskinstance.py:2306} INFO - Starting attempt 1 of 2
[2025-12-31T14:35:55.152+0000] {taskinstance.py:2330} INFO - Executing <Mapped(DfToCsvOperator): ingest_bctc> on 2025-12-30 00:00:00+00:00
[2025-12-31T14:35:55.161+0000] {warnings.py:112} WARNING - This process (pid=1408) is multi-threaded, use of fork() may lead to deadlocks in the child.

[2025-12-31T14:35:55.162+0000] {standard_task_runner.py:64} INFO - Started process 1472 to run task
[2025-12-31T14:35:55.164+0000] {standard_task_runner.py:90} INFO - Running: ['***', 'tasks', 'run', 'thongtin_cty_bctc', 'ingest_bctc', 'scheduled__2025-12-30T00:00:00+00:00', '--job-id', '82', '--raw', '--subdir', 'DAGS_FOLDER/tt_cty_bctc.py', '--cfg-path', '/tmp/tmp4escco6i', '--map-index', '23']
[2025-12-31T14:35:55.165+0000] {standard_task_runner.py:91} INFO - Job 82: Subtask ingest_bctc
[2025-12-31T14:35:55.215+0000] {task_command.py:426} INFO - Running <TaskInstance: thongtin_cty_bctc.ingest_bctc scheduled__2025-12-30T00:00:00+00:00 map_index=23 [running]> on host 8bc7f11ea9a4
[2025-12-31T14:35:55.310+0000] {taskinstance.py:2648} INFO - Exporting env vars: AIRFLOW_CTX_DAG_OWNER='***' AIRFLOW_CTX_DAG_ID='thongtin_cty_bctc' AIRFLOW_CTX_TASK_ID='ingest_bctc' AIRFLOW_CTX_EXECUTION_DATE='2025-12-30T00:00:00+00:00' AIRFLOW_CTX_TRY_NUMBER='1' AIRFLOW_CTX_DAG_RUN_ID='scheduled__2025-12-30T00:00:00+00:00'
[2025-12-31T14:35:55.312+0000] {taskinstance.py:430} INFO - ::endgroup::
[2025-12-31T14:35:55.320+0000] {logging_mixin.py:188} INFO - Bắt đầu xử lý batch 20 mã: ['SIV', 'SIP', 'SII', 'SIG', 'SID', 'SIC', 'SHX', 'SHS', 'SHP', 'SHN', 'SHI', 'SHG', 'SHE', 'SHC', 'SHB', 'SHA', 'SGT', 'SGS', 'SGR', 'SGP']
[2025-12-31T14:35:55.320+0000] {logging_mixin.py:188} INFO -  >> Đang lấy dữ liệu: SIV
[2025-12-31T14:35:55.483+0000] {logging_mixin.py:188} INFO -  Lỗi xử lý mã SIV: Failed to fetch data: 429 - Too Many Requests
[2025-12-31T14:35:55.484+0000] {logging_mixin.py:188} INFO -  >> Đang lấy dữ liệu: SIP
[2025-12-31T14:35:55.626+0000] {logging_mixin.py:188} INFO -  Lỗi xử lý mã SIP: Failed to fetch data: 429 - Too Many Requests
[2025-12-31T14:35:55.627+0000] {logging_mixin.py:188} INFO -  >> Đang lấy dữ liệu: SII
[2025-12-31T14:35:55.790+0000] {logging_mixin.py:188} INFO -  Lỗi xử lý mã SII: Failed to fetch data: 429 - Too Many Requests
[2025-12-31T14:35:55.791+0000] {logging_mixin.py:188} INFO -  >> Đang lấy dữ liệu: SIG
[2025-12-31T14:35:55.923+0000] {logging_mixin.py:188} INFO -  Lỗi xử lý mã SIG: Failed to fetch data: 429 - Too Many Requests
[2025-12-31T14:35:55.924+0000] {logging_mixin.py:188} INFO -  >> Đang lấy dữ liệu: SID
[2025-12-31T14:35:56.048+0000] {logging_mixin.py:188} INFO -  Lỗi xử lý mã SID: Failed to fetch data: 429 - Too Many Requests
[2025-12-31T14:35:56.049+0000] {logging_mixin.py:188} INFO -  >> Đang lấy dữ liệu: SIC
[2025-12-31T14:35:56.195+0000] {logging_mixin.py:188} INFO -  Lỗi xử lý mã SIC: Failed to fetch data: 429 - Too Many Requests
[2025-12-31T14:35:56.196+0000] {logging_mixin.py:188} INFO -  >> Đang lấy dữ liệu: SHX
[2025-12-31T14:35:56.338+0000] {logging_mixin.py:188} INFO -  Lỗi xử lý mã SHX: Failed to fetch data: 429 - Too Many Requests
[2025-12-31T14:35:56.338+0000] {logging_mixin.py:188} INFO -  >> Đang lấy dữ liệu: SHS
[2025-12-31T14:35:56.480+0000] {logging_mixin.py:188} INFO -  Lỗi xử lý mã SHS: Failed to fetch data: 429 - Too Many Requests
[2025-12-31T14:35:56.481+0000] {logging_mixin.py:188} INFO -  >> Đang lấy dữ liệu: SHP
[2025-12-31T14:35:56.636+0000] {logging_mixin.py:188} INFO -  Lỗi xử lý mã SHP: Failed to fetch data: 429 - Too Many Requests
[2025-12-31T14:35:56.637+0000] {logging_mixin.py:188} INFO -  >> Đang lấy dữ liệu: SHN
[2025-12-31T14:35:56.763+0000] {logging_mixin.py:188} INFO -  Lỗi xử lý mã SHN: Failed to fetch data: 429 - Too Many Requests
[2025-12-31T14:35:56.764+0000] {logging_mixin.py:188} INFO -  >> Đang lấy dữ liệu: SHI
[2025-12-31T14:35:56.900+0000] {logging_mixin.py:188} INFO -  Lỗi xử lý mã SHI: Failed to fetch data: 429 - Too Many Requests
[2025-12-31T14:35:56.901+0000] {logging_mixin.py:188} INFO -  >> Đang lấy dữ liệu: SHG
[2025-12-31T14:35:57.052+0000] {logging_mixin.py:188} INFO -  Lỗi xử lý mã SHG: Failed to fetch data: 429 - Too Many Requests
[2025-12-31T14:35:57.052+0000] {logging_mixin.py:188} INFO -  >> Đang lấy dữ liệu: SHE
[2025-12-31T14:35:57.242+0000] {logging_mixin.py:188} INFO -  Lỗi xử lý mã SHE: Failed to fetch data: 429 - Too Many Requests
[2025-12-31T14:35:57.243+0000] {logging_mixin.py:188} INFO -  >> Đang lấy dữ liệu: SHC
[2025-12-31T14:35:57.403+0000] {logging_mixin.py:188} INFO -  Lỗi xử lý mã SHC: Failed to fetch data: 429 - Too Many Requests
[2025-12-31T14:35:57.404+0000] {logging_mixin.py:188} INFO -  >> Đang lấy dữ liệu: SHB
[2025-12-31T14:35:57.570+0000] {logging_mixin.py:188} INFO -  Lỗi xử lý mã SHB: Failed to fetch data: 429 - Too Many Requests
[2025-12-31T14:35:57.572+0000] {logging_mixin.py:188} INFO -  >> Đang lấy dữ liệu: SHA
[2025-12-31T14:35:57.713+0000] {logging_mixin.py:188} INFO -  Lỗi xử lý mã SHA: Failed to fetch data: 429 - Too Many Requests
[2025-12-31T14:35:57.714+0000] {logging_mixin.py:188} INFO -  >> Đang lấy dữ liệu: SGT
[2025-12-31T14:35:57.861+0000] {logging_mixin.py:188} INFO -  Lỗi xử lý mã SGT: Failed to fetch data: 429 - Too Many Requests
[2025-12-31T14:35:57.862+0000] {logging_mixin.py:188} INFO -  >> Đang lấy dữ liệu: SGS
[2025-12-31T14:35:58.012+0000] {logging_mixin.py:188} INFO -  Lỗi xử lý mã SGS: Failed to fetch data: 429 - Too Many Requests
[2025-12-31T14:35:58.013+0000] {logging_mixin.py:188} INFO -  >> Đang lấy dữ liệu: SGR
[2025-12-31T14:35:58.166+0000] {logging_mixin.py:188} INFO -  Lỗi xử lý mã SGR: Failed to fetch data: 429 - Too Many Requests
[2025-12-31T14:35:58.167+0000] {logging_mixin.py:188} INFO -  >> Đang lấy dữ liệu: SGP
[2025-12-31T14:35:58.305+0000] {logging_mixin.py:188} INFO -  Lỗi xử lý mã SGP: Failed to fetch data: 429 - Too Many Requests
[2025-12-31T14:35:58.306+0000] {logging_mixin.py:188} INFO -  ⚠ Batch này không thu được dữ liệu nào.
[2025-12-31T14:35:58.309+0000] {datalake_df2csv.py:40} INFO - DataFrame rỗng, bỏ qua upload CSV.
[2025-12-31T14:35:58.310+0000] {taskinstance.py:441} INFO - ::group::Post task execution logs
[2025-12-31T14:35:58.318+0000] {taskinstance.py:1206} INFO - Marking task as SUCCESS. dag_id=thongtin_cty_bctc, task_id=ingest_bctc, run_id=scheduled__2025-12-30T00:00:00+00:00, map_index=23, execution_date=20251230T000000, start_date=20251231T143555, end_date=20251231T143558
[2025-12-31T14:35:58.386+0000] {local_task_job_runner.py:243} INFO - Task exited with return code 0
[2025-12-31T14:35:58.401+0000] {taskinstance.py:3503} INFO - 0 downstream tasks scheduled from follow-on schedule check
[2025-12-31T14:35:58.405+0000] {local_task_job_runner.py:222} INFO - ::endgroup::
