[2026-01-01T03:13:53.178+0000] {local_task_job_runner.py:120} INFO - ::group::Pre task execution logs
[2026-01-01T03:13:53.203+0000] {taskinstance.py:2076} INFO - Dependencies all met for dep_context=non-requeueable deps ti=<TaskInstance: thongtin_cty_bctc.ingest_bctc scheduled__2025-12-30T00:00:00+00:00 map_index=23 [queued]>
[2026-01-01T03:13:53.216+0000] {taskinstance.py:2076} INFO - Dependencies all met for dep_context=requeueable deps ti=<TaskInstance: thongtin_cty_bctc.ingest_bctc scheduled__2025-12-30T00:00:00+00:00 map_index=23 [queued]>
[2026-01-01T03:13:53.217+0000] {taskinstance.py:2306} INFO - Starting attempt 4 of 5
[2026-01-01T03:13:53.233+0000] {taskinstance.py:2330} INFO - Executing <Mapped(DfToCsvOperator): ingest_bctc> on 2025-12-30 00:00:00+00:00
[2026-01-01T03:13:53.243+0000] {warnings.py:112} WARNING - This process (pid=33557) is multi-threaded, use of fork() may lead to deadlocks in the child.

[2026-01-01T03:13:53.245+0000] {standard_task_runner.py:64} INFO - Started process 33617 to run task
[2026-01-01T03:13:53.247+0000] {standard_task_runner.py:90} INFO - Running: ['***', 'tasks', 'run', 'thongtin_cty_bctc', 'ingest_bctc', 'scheduled__2025-12-30T00:00:00+00:00', '--job-id', '3532', '--raw', '--subdir', 'DAGS_FOLDER/tt_cty_bctc.py', '--cfg-path', '/tmp/tmpvk9oigku', '--map-index', '23']
[2026-01-01T03:13:53.248+0000] {standard_task_runner.py:91} INFO - Job 3532: Subtask ingest_bctc
[2026-01-01T03:13:53.305+0000] {task_command.py:426} INFO - Running <TaskInstance: thongtin_cty_bctc.ingest_bctc scheduled__2025-12-30T00:00:00+00:00 map_index=23 [running]> on host 43b0a0f7606b
[2026-01-01T03:13:53.410+0000] {taskinstance.py:2648} INFO - Exporting env vars: AIRFLOW_CTX_DAG_OWNER='***' AIRFLOW_CTX_DAG_ID='thongtin_cty_bctc' AIRFLOW_CTX_TASK_ID='ingest_bctc' AIRFLOW_CTX_EXECUTION_DATE='2025-12-30T00:00:00+00:00' AIRFLOW_CTX_TRY_NUMBER='4' AIRFLOW_CTX_DAG_RUN_ID='scheduled__2025-12-30T00:00:00+00:00'
[2026-01-01T03:13:53.411+0000] {taskinstance.py:430} INFO - ::endgroup::
[2026-01-01T03:13:53.421+0000] {logging_mixin.py:188} INFO - Bắt đầu xử lý batch 3 mã: ['VPG', 'VPD', 'VPC']
[2026-01-01T03:13:53.422+0000] {logging_mixin.py:188} INFO -  >> Đang lấy dữ liệu: VPG
[2026-01-01T03:13:56.455+0000] {logging_mixin.py:188} INFO -  >> Đang lấy dữ liệu: VPD
[2026-01-01T03:14:00.555+0000] {logging_mixin.py:188} INFO -  >> Đang lấy dữ liệu: VPC
[2026-01-01T03:14:03.593+0000] {logging_mixin.py:188} INFO -  ✓ Hoàn thành batch. Tổng số dòng: 6566
[2026-01-01T03:14:03.663+0000] {base.py:84} INFO - Using connection ID 'minio_finance' for task execution.
[2026-01-01T03:14:03.664+0000] {connection_wrapper.py:384} INFO - AWS Connection (conn_id='minio_finance', conn_type='aws') credentials retrieved from login and password.
[2026-01-01T03:14:04.348+0000] {datalake_df2csv.py:53} INFO - ✅ Đã upload 6566 dòng -> s3://thongtin-congty-va-bctc/bctc/2025-12-30/batch_23.csv
[2026-01-01T03:14:04.350+0000] {taskinstance.py:441} INFO - ::group::Post task execution logs
[2026-01-01T03:14:04.364+0000] {taskinstance.py:1206} INFO - Marking task as SUCCESS. dag_id=thongtin_cty_bctc, task_id=ingest_bctc, run_id=scheduled__2025-12-30T00:00:00+00:00, map_index=23, execution_date=20251230T000000, start_date=20260101T031353, end_date=20260101T031404
[2026-01-01T03:14:07.355+0000] {local_task_job_runner.py:243} INFO - Task exited with return code 0
[2026-01-01T03:14:07.436+0000] {taskinstance.py:3503} INFO - 0 downstream tasks scheduled from follow-on schedule check
[2026-01-01T03:14:07.446+0000] {local_task_job_runner.py:222} INFO - ::endgroup::
