[2026-01-12T15:17:26.172+0000] {local_task_job_runner.py:120} INFO - ::group::Pre task execution logs
[2026-01-12T15:17:26.202+0000] {taskinstance.py:2076} INFO - Dependencies all met for dep_context=non-requeueable deps ti=<TaskInstance: financial_ratios_etl.ingest_financial_ratios manual__2026-01-12T15:14:43+00:00 map_index=147 [queued]>
[2026-01-12T15:17:26.221+0000] {taskinstance.py:2076} INFO - Dependencies all met for dep_context=requeueable deps ti=<TaskInstance: financial_ratios_etl.ingest_financial_ratios manual__2026-01-12T15:14:43+00:00 map_index=147 [queued]>
[2026-01-12T15:17:26.222+0000] {taskinstance.py:2306} INFO - Starting attempt 1 of 2
[2026-01-12T15:17:26.240+0000] {taskinstance.py:2330} INFO - Executing <Mapped(DfToCsvOperator): ingest_financial_ratios> on 2026-01-12 15:14:43+00:00
[2026-01-12T15:17:26.254+0000] {warnings.py:112} WARNING - This process (pid=1964) is multi-threaded, use of fork() may lead to deadlocks in the child.

[2026-01-12T15:17:26.255+0000] {standard_task_runner.py:64} INFO - Started process 2026 to run task
[2026-01-12T15:17:26.258+0000] {standard_task_runner.py:90} INFO - Running: ['***', 'tasks', 'run', 'financial_ratios_etl', 'ingest_financial_ratios', 'manual__2026-01-12T15:14:43+00:00', '--job-id', '13851', '--raw', '--subdir', 'DAGS_FOLDER/financial_ratios_etl.py', '--cfg-path', '/tmp/tmp2q8lfjg5', '--map-index', '147']
[2026-01-12T15:17:26.263+0000] {standard_task_runner.py:91} INFO - Job 13851: Subtask ingest_financial_ratios
[2026-01-12T15:17:26.319+0000] {task_command.py:426} INFO - Running <TaskInstance: financial_ratios_etl.ingest_financial_ratios manual__2026-01-12T15:14:43+00:00 map_index=147 [running]> on host 5a20a797a43c
[2026-01-12T15:17:26.438+0000] {taskinstance.py:2648} INFO - Exporting env vars: AIRFLOW_CTX_DAG_OWNER='***' AIRFLOW_CTX_DAG_ID='financial_ratios_etl' AIRFLOW_CTX_TASK_ID='ingest_financial_ratios' AIRFLOW_CTX_EXECUTION_DATE='2026-01-12T15:14:43+00:00' AIRFLOW_CTX_TRY_NUMBER='1' AIRFLOW_CTX_DAG_RUN_ID='manual__2026-01-12T15:14:43+00:00'
[2026-01-12T15:17:26.439+0000] {taskinstance.py:430} INFO - ::endgroup::
[2026-01-12T15:17:26.445+0000] {logging_mixin.py:188} INFO - [RATIO] Bắt đầu xử lý batch 2 mã: ['TMX', 'TMW']
[2026-01-12T15:17:26.445+0000] {logging_mixin.py:188} INFO - [RATIO] Kỳ dữ liệu: quarter
[2026-01-12T15:17:26.446+0000] {logging_mixin.py:188} INFO -  >> [RATIO] Đang lấy dữ liệu: TMX
[2026-01-12T15:17:27.535+0000] {logging_mixin.py:188} INFO -  ✓ [RATIO] TMX: 51 rows
[2026-01-12T15:17:29.537+0000] {logging_mixin.py:188} INFO -  >> [RATIO] Đang lấy dữ liệu: TMW
[2026-01-12T15:17:36.839+0000] {logging_mixin.py:188} INFO - ❌ Lỗi TMW: RetryError[<Future at 0x7f68d5dcb230 state=finished raised KeyError>]
[2026-01-12T15:17:36.840+0000] {logging_mixin.py:188} INFO -  ⚠️ [RATIO] TMW: No data from API
[2026-01-12T15:17:38.842+0000] {logging_mixin.py:188} INFO -  ✅ [RATIO] Hoàn thành batch. Tổng số dòng: 51
[2026-01-12T15:17:38.864+0000] {base.py:84} INFO - Using connection ID 'minio_finance' for task execution.
[2026-01-12T15:17:38.865+0000] {connection_wrapper.py:384} INFO - AWS Connection (conn_id='minio_finance', conn_type='aws') credentials retrieved from login and password.
[2026-01-12T15:17:39.579+0000] {datalake_df2csv.py:52} INFO - ✅ Đã upload 51 dòng -> s3://thongtin-congty-va-bctc/financial_ratios/2026-01-12/batch_147.csv
[2026-01-12T15:17:39.581+0000] {taskinstance.py:441} INFO - ::group::Post task execution logs
[2026-01-12T15:17:39.593+0000] {taskinstance.py:1206} INFO - Marking task as SUCCESS. dag_id=financial_ratios_etl, task_id=ingest_financial_ratios, run_id=manual__2026-01-12T15:14:43+00:00, map_index=147, execution_date=20260112T151443, start_date=20260112T151726, end_date=20260112T151739
[2026-01-12T15:17:39.652+0000] {local_task_job_runner.py:243} INFO - Task exited with return code 0
[2026-01-12T15:17:39.668+0000] {taskinstance.py:3503} INFO - 0 downstream tasks scheduled from follow-on schedule check
[2026-01-12T15:17:39.680+0000] {local_task_job_runner.py:222} INFO - ::endgroup::
