[2026-01-01T03:07:10.708+0000] {local_task_job_runner.py:120} INFO - ::group::Pre task execution logs
[2026-01-01T03:07:10.772+0000] {taskinstance.py:2076} INFO - Dependencies all met for dep_context=non-requeueable deps ti=<TaskInstance: thongtin_cty_bctc.ingest_bctc manual__2026-01-01T02:57:59+00:00 map_index=13 [queued]>
[2026-01-01T03:07:10.815+0000] {taskinstance.py:2076} INFO - Dependencies all met for dep_context=requeueable deps ti=<TaskInstance: thongtin_cty_bctc.ingest_bctc manual__2026-01-01T02:57:59+00:00 map_index=13 [queued]>
[2026-01-01T03:07:10.816+0000] {taskinstance.py:2306} INFO - Starting attempt 1 of 2
[2026-01-01T03:07:10.861+0000] {taskinstance.py:2330} INFO - Executing <Mapped(DfToCsvOperator): ingest_bctc> on 2026-01-01 02:57:59+00:00
[2026-01-01T03:07:10.874+0000] {warnings.py:112} WARNING - This process (pid=31664) is multi-threaded, use of fork() may lead to deadlocks in the child.

[2026-01-01T03:07:10.877+0000] {standard_task_runner.py:64} INFO - Started process 31767 to run task
[2026-01-01T03:07:10.880+0000] {standard_task_runner.py:90} INFO - Running: ['***', 'tasks', 'run', 'thongtin_cty_bctc', 'ingest_bctc', 'manual__2026-01-01T02:57:59+00:00', '--job-id', '3383', '--raw', '--subdir', 'DAGS_FOLDER/tt_cty_bctc.py', '--cfg-path', '/tmp/tmp87__3ko9', '--map-index', '13']
[2026-01-01T03:07:10.886+0000] {standard_task_runner.py:91} INFO - Job 3383: Subtask ingest_bctc
[2026-01-01T03:07:11.030+0000] {task_command.py:426} INFO - Running <TaskInstance: thongtin_cty_bctc.ingest_bctc manual__2026-01-01T02:57:59+00:00 map_index=13 [running]> on host 43b0a0f7606b
[2026-01-01T03:07:11.261+0000] {taskinstance.py:2648} INFO - Exporting env vars: AIRFLOW_CTX_DAG_OWNER='***' AIRFLOW_CTX_DAG_ID='thongtin_cty_bctc' AIRFLOW_CTX_TASK_ID='ingest_bctc' AIRFLOW_CTX_EXECUTION_DATE='2026-01-01T02:57:59+00:00' AIRFLOW_CTX_TRY_NUMBER='1' AIRFLOW_CTX_DAG_RUN_ID='manual__2026-01-01T02:57:59+00:00'
[2026-01-01T03:07:11.276+0000] {taskinstance.py:430} INFO - ::endgroup::
[2026-01-01T03:07:11.291+0000] {logging_mixin.py:188} INFO - Bắt đầu xử lý batch 3 mã: ['CTS', 'ORS', 'AGR']
[2026-01-01T03:07:11.293+0000] {logging_mixin.py:188} INFO -  >> Đang lấy dữ liệu: CTS
[2026-01-01T03:07:11.462+0000] {logging_mixin.py:188} INFO -  Lỗi xử lý mã CTS: Failed to fetch data: 429 - Too Many Requests
[2026-01-01T03:07:11.464+0000] {logging_mixin.py:188} INFO -  >> Đang lấy dữ liệu: ORS
[2026-01-01T03:07:11.654+0000] {logging_mixin.py:188} INFO -  Lỗi xử lý mã ORS: Failed to fetch data: 429 - Too Many Requests
[2026-01-01T03:07:11.655+0000] {logging_mixin.py:188} INFO -  >> Đang lấy dữ liệu: AGR
[2026-01-01T03:07:11.830+0000] {logging_mixin.py:188} INFO -  Lỗi xử lý mã AGR: Failed to fetch data: 429 - Too Many Requests
[2026-01-01T03:07:11.832+0000] {logging_mixin.py:188} INFO -  ⚠ Batch này không thu được dữ liệu nào.
[2026-01-01T03:07:11.837+0000] {datalake_df2csv.py:40} INFO - DataFrame rỗng, bỏ qua upload CSV.
[2026-01-01T03:07:11.838+0000] {taskinstance.py:441} INFO - ::group::Post task execution logs
[2026-01-01T03:07:11.852+0000] {taskinstance.py:1206} INFO - Marking task as SUCCESS. dag_id=thongtin_cty_bctc, task_id=ingest_bctc, run_id=manual__2026-01-01T02:57:59+00:00, map_index=13, execution_date=20260101T025759, start_date=20260101T030710, end_date=20260101T030711
[2026-01-01T03:07:11.916+0000] {local_task_job_runner.py:243} INFO - Task exited with return code 0
[2026-01-01T03:07:11.937+0000] {taskinstance.py:3503} INFO - 0 downstream tasks scheduled from follow-on schedule check
[2026-01-01T03:07:11.940+0000] {local_task_job_runner.py:222} INFO - ::endgroup::
