[2026-01-11T03:06:16.937+0000] {local_task_job_runner.py:120} INFO - ::group::Pre task execution logs
[2026-01-11T03:06:16.964+0000] {taskinstance.py:2076} INFO - Dependencies all met for dep_context=non-requeueable deps ti=<TaskInstance: thongtin_cty_bctc.ingest_bctc scheduled__2026-01-04T00:00:00+00:00 map_index=52 [queued]>
[2026-01-11T03:06:16.978+0000] {taskinstance.py:2076} INFO - Dependencies all met for dep_context=requeueable deps ti=<TaskInstance: thongtin_cty_bctc.ingest_bctc scheduled__2026-01-04T00:00:00+00:00 map_index=52 [queued]>
[2026-01-11T03:06:16.979+0000] {taskinstance.py:2306} INFO - Starting attempt 1 of 2
[2026-01-11T03:06:17.001+0000] {taskinstance.py:2330} INFO - Executing <Mapped(DfToCsvOperator): ingest_bctc> on 2026-01-04 00:00:00+00:00
[2026-01-11T03:06:17.016+0000] {warnings.py:112} WARNING - This process (pid=840) is multi-threaded, use of fork() may lead to deadlocks in the child.

[2026-01-11T03:06:17.018+0000] {standard_task_runner.py:64} INFO - Started process 929 to run task
[2026-01-11T03:06:17.021+0000] {standard_task_runner.py:90} INFO - Running: ['***', 'tasks', 'run', 'thongtin_cty_bctc', 'ingest_bctc', 'scheduled__2026-01-04T00:00:00+00:00', '--job-id', '9695', '--raw', '--subdir', 'DAGS_FOLDER/tt_cty_bctc.py', '--cfg-path', '/tmp/tmp8rxt_j8m', '--map-index', '52']
[2026-01-11T03:06:17.023+0000] {standard_task_runner.py:91} INFO - Job 9695: Subtask ingest_bctc
[2026-01-11T03:06:17.108+0000] {task_command.py:426} INFO - Running <TaskInstance: thongtin_cty_bctc.ingest_bctc scheduled__2026-01-04T00:00:00+00:00 map_index=52 [running]> on host 3f2af93df813
[2026-01-11T03:06:17.297+0000] {taskinstance.py:2648} INFO - Exporting env vars: AIRFLOW_CTX_DAG_OWNER='***' AIRFLOW_CTX_DAG_ID='thongtin_cty_bctc' AIRFLOW_CTX_TASK_ID='ingest_bctc' AIRFLOW_CTX_EXECUTION_DATE='2026-01-04T00:00:00+00:00' AIRFLOW_CTX_TRY_NUMBER='1' AIRFLOW_CTX_DAG_RUN_ID='scheduled__2026-01-04T00:00:00+00:00'
[2026-01-11T03:06:17.299+0000] {taskinstance.py:430} INFO - ::endgroup::
[2026-01-11T03:06:17.314+0000] {logging_mixin.py:188} INFO - Bắt đầu xử lý batch 20 mã: ['HVT', 'HVN', 'HVH', 'HVG', 'HVA', 'HUX', 'HUT', 'HUG', 'HUB', 'HU6', 'HU4', 'HU3', 'HU1', 'HTW', 'HTV', 'HTT', 'HTR', 'HTP', 'HTN', 'HTM']
[2026-01-11T03:06:17.316+0000] {logging_mixin.py:188} INFO -  >> Đang lấy dữ liệu: HVT
[2026-01-11T03:06:17.466+0000] {logging_mixin.py:188} INFO -  Lỗi xử lý mã HVT: Failed to fetch data: 429 - Too Many Requests
[2026-01-11T03:06:17.467+0000] {logging_mixin.py:188} INFO -  >> Đang lấy dữ liệu: HVN
[2026-01-11T03:06:17.615+0000] {logging_mixin.py:188} INFO -  Lỗi xử lý mã HVN: Failed to fetch data: 429 - Too Many Requests
[2026-01-11T03:06:17.617+0000] {logging_mixin.py:188} INFO -  >> Đang lấy dữ liệu: HVH
[2026-01-11T03:06:17.818+0000] {logging_mixin.py:188} INFO -  Lỗi xử lý mã HVH: Failed to fetch data: 429 - Too Many Requests
[2026-01-11T03:06:17.819+0000] {logging_mixin.py:188} INFO -  >> Đang lấy dữ liệu: HVG
[2026-01-11T03:06:18.355+0000] {logging_mixin.py:188} INFO -  Lỗi xử lý mã HVG: Failed to fetch data: 429 - Too Many Requests
[2026-01-11T03:06:18.356+0000] {logging_mixin.py:188} INFO -  >> Đang lấy dữ liệu: HVA
[2026-01-11T03:06:19.533+0000] {logging_mixin.py:188} INFO -  Lỗi xử lý mã HVA: Failed to fetch data: 429 - Too Many Requests
[2026-01-11T03:06:19.534+0000] {logging_mixin.py:188} INFO -  >> Đang lấy dữ liệu: HUX
[2026-01-11T03:06:20.460+0000] {logging_mixin.py:188} INFO -  Lỗi xử lý mã HUX: Failed to fetch data: 429 - Too Many Requests
[2026-01-11T03:06:20.461+0000] {logging_mixin.py:188} INFO -  >> Đang lấy dữ liệu: HUT
[2026-01-11T03:06:21.082+0000] {logging_mixin.py:188} INFO -  Lỗi xử lý mã HUT: Failed to fetch data: 429 - Too Many Requests
[2026-01-11T03:06:21.083+0000] {logging_mixin.py:188} INFO -  >> Đang lấy dữ liệu: HUG
[2026-01-11T03:06:21.210+0000] {logging_mixin.py:188} INFO -  Lỗi xử lý mã HUG: Failed to fetch data: 429 - Too Many Requests
[2026-01-11T03:06:21.211+0000] {logging_mixin.py:188} INFO -  >> Đang lấy dữ liệu: HUB
[2026-01-11T03:06:23.469+0000] {logging_mixin.py:188} INFO -  Lỗi xử lý mã HUB: Failed to fetch data: 429 - Too Many Requests
[2026-01-11T03:06:23.470+0000] {logging_mixin.py:188} INFO -  >> Đang lấy dữ liệu: HU6
[2026-01-11T03:06:23.615+0000] {logging_mixin.py:188} INFO -  Lỗi xử lý mã HU6: Failed to fetch data: 429 - Too Many Requests
[2026-01-11T03:06:23.616+0000] {logging_mixin.py:188} INFO -  >> Đang lấy dữ liệu: HU4
[2026-01-11T03:06:23.753+0000] {logging_mixin.py:188} INFO -  Lỗi xử lý mã HU4: Failed to fetch data: 429 - Too Many Requests
[2026-01-11T03:06:23.754+0000] {logging_mixin.py:188} INFO -  >> Đang lấy dữ liệu: HU3
[2026-01-11T03:06:23.989+0000] {logging_mixin.py:188} INFO -  Lỗi xử lý mã HU3: Failed to fetch data: 429 - Too Many Requests
[2026-01-11T03:06:23.991+0000] {logging_mixin.py:188} INFO -  >> Đang lấy dữ liệu: HU1
[2026-01-11T03:06:24.664+0000] {logging_mixin.py:188} INFO -  Lỗi xử lý mã HU1: Failed to fetch data: 429 - Too Many Requests
[2026-01-11T03:06:24.665+0000] {logging_mixin.py:188} INFO -  >> Đang lấy dữ liệu: HTW
[2026-01-11T03:06:24.806+0000] {logging_mixin.py:188} INFO -  Lỗi xử lý mã HTW: Failed to fetch data: 429 - Too Many Requests
[2026-01-11T03:06:24.807+0000] {logging_mixin.py:188} INFO -  >> Đang lấy dữ liệu: HTV
[2026-01-11T03:06:24.971+0000] {logging_mixin.py:188} INFO -  Lỗi xử lý mã HTV: Failed to fetch data: 429 - Too Many Requests
[2026-01-11T03:06:24.972+0000] {logging_mixin.py:188} INFO -  >> Đang lấy dữ liệu: HTT
[2026-01-11T03:06:25.140+0000] {logging_mixin.py:188} INFO -  Lỗi xử lý mã HTT: Failed to fetch data: 429 - Too Many Requests
[2026-01-11T03:06:25.142+0000] {logging_mixin.py:188} INFO -  >> Đang lấy dữ liệu: HTR
[2026-01-11T03:06:25.282+0000] {logging_mixin.py:188} INFO -  Lỗi xử lý mã HTR: Failed to fetch data: 429 - Too Many Requests
[2026-01-11T03:06:25.284+0000] {logging_mixin.py:188} INFO -  >> Đang lấy dữ liệu: HTP
[2026-01-11T03:06:25.604+0000] {logging_mixin.py:188} INFO -  Lỗi xử lý mã HTP: Failed to fetch data: 429 - Too Many Requests
[2026-01-11T03:06:25.605+0000] {logging_mixin.py:188} INFO -  >> Đang lấy dữ liệu: HTN
[2026-01-11T03:06:26.411+0000] {logging_mixin.py:188} INFO -  Lỗi xử lý mã HTN: Failed to fetch data: 429 - Too Many Requests
[2026-01-11T03:06:26.413+0000] {logging_mixin.py:188} INFO -  >> Đang lấy dữ liệu: HTM
[2026-01-11T03:06:27.558+0000] {logging_mixin.py:188} INFO -  Lỗi xử lý mã HTM: Failed to fetch data: 429 - Too Many Requests
[2026-01-11T03:06:27.560+0000] {logging_mixin.py:188} INFO -  ⚠ Batch này không thu được dữ liệu nào.
[2026-01-11T03:06:27.566+0000] {datalake_df2csv.py:40} INFO - DataFrame rỗng, bỏ qua upload CSV.
[2026-01-11T03:06:27.567+0000] {taskinstance.py:441} INFO - ::group::Post task execution logs
[2026-01-11T03:06:27.583+0000] {taskinstance.py:1206} INFO - Marking task as SUCCESS. dag_id=thongtin_cty_bctc, task_id=ingest_bctc, run_id=scheduled__2026-01-04T00:00:00+00:00, map_index=52, execution_date=20260104T000000, start_date=20260111T030616, end_date=20260111T030627
[2026-01-11T03:06:27.962+0000] {local_task_job_runner.py:243} INFO - Task exited with return code 0
[2026-01-11T03:06:27.984+0000] {taskinstance.py:3503} INFO - 0 downstream tasks scheduled from follow-on schedule check
[2026-01-11T03:06:27.988+0000] {local_task_job_runner.py:222} INFO - ::endgroup::
