[2026-01-01T09:07:19.629+0000] {local_task_job_runner.py:120} INFO - ::group::Pre task execution logs
[2026-01-01T09:07:19.669+0000] {taskinstance.py:2076} INFO - Dependencies all met for dep_context=non-requeueable deps ti=<TaskInstance: thongtin_cty_bctc.ingest_people scheduled__2025-12-30T00:00:00+00:00 map_index=73 [queued]>
[2026-01-01T09:07:19.699+0000] {taskinstance.py:2076} INFO - Dependencies all met for dep_context=requeueable deps ti=<TaskInstance: thongtin_cty_bctc.ingest_people scheduled__2025-12-30T00:00:00+00:00 map_index=73 [queued]>
[2026-01-01T09:07:19.700+0000] {taskinstance.py:2306} INFO - Starting attempt 4 of 5
[2026-01-01T09:07:19.716+0000] {taskinstance.py:2330} INFO - Executing <Mapped(DfToCsvOperator): ingest_people> on 2025-12-30 00:00:00+00:00
[2026-01-01T09:07:19.728+0000] {warnings.py:112} WARNING - This process (pid=11135) is multi-threaded, use of fork() may lead to deadlocks in the child.

[2026-01-01T09:07:19.730+0000] {standard_task_runner.py:64} INFO - Started process 11202 to run task
[2026-01-01T09:07:19.732+0000] {standard_task_runner.py:90} INFO - Running: ['***', 'tasks', 'run', 'thongtin_cty_bctc', 'ingest_people', 'scheduled__2025-12-30T00:00:00+00:00', '--job-id', '4643', '--raw', '--subdir', 'DAGS_FOLDER/tt_cty_bctc.py', '--cfg-path', '/tmp/tmpfznlkaqz', '--map-index', '73']
[2026-01-01T09:07:19.734+0000] {standard_task_runner.py:91} INFO - Job 4643: Subtask ingest_people
[2026-01-01T09:07:19.800+0000] {task_command.py:426} INFO - Running <TaskInstance: thongtin_cty_bctc.ingest_people scheduled__2025-12-30T00:00:00+00:00 map_index=73 [running]> on host b455963a0603
[2026-01-01T09:07:19.938+0000] {taskinstance.py:2648} INFO - Exporting env vars: AIRFLOW_CTX_DAG_OWNER='***' AIRFLOW_CTX_DAG_ID='thongtin_cty_bctc' AIRFLOW_CTX_TASK_ID='ingest_people' AIRFLOW_CTX_EXECUTION_DATE='2025-12-30T00:00:00+00:00' AIRFLOW_CTX_TRY_NUMBER='4' AIRFLOW_CTX_DAG_RUN_ID='scheduled__2025-12-30T00:00:00+00:00'
[2026-01-01T09:07:19.940+0000] {taskinstance.py:430} INFO - ::endgroup::
[2026-01-01T09:07:23.638+0000] {base.py:84} INFO - Using connection ID 'minio_finance' for task execution.
[2026-01-01T09:07:23.639+0000] {connection_wrapper.py:384} INFO - AWS Connection (conn_id='minio_finance', conn_type='aws') credentials retrieved from login and password.
[2026-01-01T09:07:24.488+0000] {datalake_df2csv.py:53} INFO - ✅ Đã upload 64 dòng -> s3://thongtin-congty-va-bctc/people/2025-12-30/batch_73.csv
[2026-01-01T09:07:24.489+0000] {taskinstance.py:441} INFO - ::group::Post task execution logs
[2026-01-01T09:07:24.503+0000] {taskinstance.py:1206} INFO - Marking task as SUCCESS. dag_id=thongtin_cty_bctc, task_id=ingest_people, run_id=scheduled__2025-12-30T00:00:00+00:00, map_index=73, execution_date=20251230T000000, start_date=20260101T090719, end_date=20260101T090724
[2026-01-01T09:07:26.456+0000] {local_task_job_runner.py:243} INFO - Task exited with return code 0
[2026-01-01T09:07:26.777+0000] {taskinstance.py:3503} INFO - 0 downstream tasks scheduled from follow-on schedule check
[2026-01-01T09:07:26.795+0000] {local_task_job_runner.py:222} INFO - ::endgroup::
