[2026-01-01T03:18:55.576+0000] {local_task_job_runner.py:120} INFO - ::group::Pre task execution logs
[2026-01-01T03:18:55.622+0000] {taskinstance.py:2076} INFO - Dependencies all met for dep_context=non-requeueable deps ti=<TaskInstance: thongtin_cty_bctc.ingest_bctc scheduled__2025-12-30T00:00:00+00:00 map_index=103 [queued]>
[2026-01-01T03:18:55.659+0000] {taskinstance.py:2076} INFO - Dependencies all met for dep_context=requeueable deps ti=<TaskInstance: thongtin_cty_bctc.ingest_bctc scheduled__2025-12-30T00:00:00+00:00 map_index=103 [queued]>
[2026-01-01T03:18:55.660+0000] {taskinstance.py:2306} INFO - Starting attempt 1 of 2
[2026-01-01T03:18:55.680+0000] {taskinstance.py:2330} INFO - Executing <Mapped(DfToCsvOperator): ingest_bctc> on 2025-12-30 00:00:00+00:00
[2026-01-01T03:18:55.697+0000] {warnings.py:112} WARNING - This process (pid=36749) is multi-threaded, use of fork() may lead to deadlocks in the child.

[2026-01-01T03:18:55.699+0000] {standard_task_runner.py:64} INFO - Started process 36799 to run task
[2026-01-01T03:18:55.702+0000] {standard_task_runner.py:90} INFO - Running: ['***', 'tasks', 'run', 'thongtin_cty_bctc', 'ingest_bctc', 'scheduled__2025-12-30T00:00:00+00:00', '--job-id', '3770', '--raw', '--subdir', 'DAGS_FOLDER/tt_cty_bctc.py', '--cfg-path', '/tmp/tmp0bxetpss', '--map-index', '103']
[2026-01-01T03:18:55.700+0000] {standard_task_runner.py:91} INFO - Job 3770: Subtask ingest_bctc
[2026-01-01T03:18:55.773+0000] {task_command.py:426} INFO - Running <TaskInstance: thongtin_cty_bctc.ingest_bctc scheduled__2025-12-30T00:00:00+00:00 map_index=103 [running]> on host 43b0a0f7606b
[2026-01-01T03:18:56.254+0000] {taskinstance.py:2648} INFO - Exporting env vars: AIRFLOW_CTX_DAG_OWNER='***' AIRFLOW_CTX_DAG_ID='thongtin_cty_bctc' AIRFLOW_CTX_TASK_ID='ingest_bctc' AIRFLOW_CTX_EXECUTION_DATE='2025-12-30T00:00:00+00:00' AIRFLOW_CTX_TRY_NUMBER='1' AIRFLOW_CTX_DAG_RUN_ID='scheduled__2025-12-30T00:00:00+00:00'
[2026-01-01T03:18:56.259+0000] {taskinstance.py:430} INFO - ::endgroup::
[2026-01-01T03:18:56.269+0000] {logging_mixin.py:188} INFO - Bắt đầu xử lý batch 3 mã: ['TKU', 'TKG', 'TKC']
[2026-01-01T03:18:56.270+0000] {logging_mixin.py:188} INFO -  >> Đang lấy dữ liệu: TKU
[2026-01-01T03:18:59.671+0000] {logging_mixin.py:188} INFO -  >> Đang lấy dữ liệu: TKG
[2026-01-01T03:19:02.664+0000] {logging_mixin.py:188} INFO -  >> Đang lấy dữ liệu: TKC
[2026-01-01T03:19:06.146+0000] {logging_mixin.py:188} INFO -  ✓ Hoàn thành batch. Tổng số dòng: 8355
[2026-01-01T03:19:06.197+0000] {base.py:84} INFO - Using connection ID 'minio_finance' for task execution.
[2026-01-01T03:19:06.198+0000] {connection_wrapper.py:384} INFO - AWS Connection (conn_id='minio_finance', conn_type='aws') credentials retrieved from login and password.
[2026-01-01T03:19:06.653+0000] {datalake_df2csv.py:53} INFO - ✅ Đã upload 8355 dòng -> s3://thongtin-congty-va-bctc/bctc/2025-12-30/batch_103.csv
[2026-01-01T03:19:06.655+0000] {taskinstance.py:441} INFO - ::group::Post task execution logs
[2026-01-01T03:19:06.666+0000] {taskinstance.py:1206} INFO - Marking task as SUCCESS. dag_id=thongtin_cty_bctc, task_id=ingest_bctc, run_id=scheduled__2025-12-30T00:00:00+00:00, map_index=103, execution_date=20251230T000000, start_date=20260101T031855, end_date=20260101T031906
[2026-01-01T03:19:06.744+0000] {local_task_job_runner.py:243} INFO - Task exited with return code 0
[2026-01-01T03:19:06.768+0000] {taskinstance.py:3503} INFO - 0 downstream tasks scheduled from follow-on schedule check
[2026-01-01T03:19:06.771+0000] {local_task_job_runner.py:222} INFO - ::endgroup::
