[2026-01-11T04:02:24.001+0000] {local_task_job_runner.py:120} INFO - ::group::Pre task execution logs
[2026-01-11T04:02:24.060+0000] {taskinstance.py:2076} INFO - Dependencies all met for dep_context=non-requeueable deps ti=<TaskInstance: bctc.ingest_bctc manual__2026-01-11T04:01:06+00:00 map_index=3 [queued]>
[2026-01-11T04:02:24.086+0000] {taskinstance.py:2076} INFO - Dependencies all met for dep_context=requeueable deps ti=<TaskInstance: bctc.ingest_bctc manual__2026-01-11T04:01:06+00:00 map_index=3 [queued]>
[2026-01-11T04:02:24.089+0000] {taskinstance.py:2306} INFO - Starting attempt 1 of 2
[2026-01-11T04:02:24.153+0000] {taskinstance.py:2330} INFO - Executing <Mapped(DfToCsvOperator): ingest_bctc> on 2026-01-11 04:01:06+00:00
[2026-01-11T04:02:24.175+0000] {warnings.py:112} WARNING - This process (pid=1257) is multi-threaded, use of fork() may lead to deadlocks in the child.

[2026-01-11T04:02:24.179+0000] {standard_task_runner.py:64} INFO - Started process 1388 to run task
[2026-01-11T04:02:24.186+0000] {standard_task_runner.py:90} INFO - Running: ['***', 'tasks', 'run', 'bctc', 'ingest_bctc', 'manual__2026-01-11T04:01:06+00:00', '--job-id', '10189', '--raw', '--subdir', 'DAGS_FOLDER/tt_cty_bctc.py', '--cfg-path', '/tmp/tmpe7v4bh2j', '--map-index', '3']
[2026-01-11T04:02:24.199+0000] {standard_task_runner.py:91} INFO - Job 10189: Subtask ingest_bctc
[2026-01-11T04:02:24.466+0000] {task_command.py:426} INFO - Running <TaskInstance: bctc.ingest_bctc manual__2026-01-11T04:01:06+00:00 map_index=3 [running]> on host 3f2af93df813
[2026-01-11T04:02:24.751+0000] {taskinstance.py:2648} INFO - Exporting env vars: AIRFLOW_CTX_DAG_OWNER='***' AIRFLOW_CTX_DAG_ID='bctc' AIRFLOW_CTX_TASK_ID='ingest_bctc' AIRFLOW_CTX_EXECUTION_DATE='2026-01-11T04:01:06+00:00' AIRFLOW_CTX_TRY_NUMBER='1' AIRFLOW_CTX_DAG_RUN_ID='manual__2026-01-11T04:01:06+00:00'
[2026-01-11T04:02:24.756+0000] {taskinstance.py:430} INFO - ::endgroup::
[2026-01-11T04:02:24.770+0000] {logging_mixin.py:188} INFO - Bắt đầu xử lý batch 20 mã: ['VRC', 'VQC', 'VPX', 'VPW', 'VPS', 'VPR', 'VPL', 'VPI', 'VPH', 'VPG', 'VPD', 'VPC', 'VPB', 'VPA', 'VOS', 'VOC', 'VNZ', 'VNY', 'VNX', 'VNT']
[2026-01-11T04:02:24.771+0000] {logging_mixin.py:188} INFO -  >> Đang lấy dữ liệu: VRC
[2026-01-11T04:02:24.964+0000] {logging_mixin.py:188} INFO -  Lỗi xử lý mã VRC: Failed to fetch data: 429 - Too Many Requests
[2026-01-11T04:02:24.965+0000] {logging_mixin.py:188} INFO -  >> Đang lấy dữ liệu: VQC
[2026-01-11T04:02:25.112+0000] {logging_mixin.py:188} INFO -  Lỗi xử lý mã VQC: Failed to fetch data: 429 - Too Many Requests
[2026-01-11T04:02:25.115+0000] {logging_mixin.py:188} INFO -  >> Đang lấy dữ liệu: VPX
[2026-01-11T04:02:25.305+0000] {logging_mixin.py:188} INFO -  Lỗi xử lý mã VPX: Failed to fetch data: 429 - Too Many Requests
[2026-01-11T04:02:25.307+0000] {logging_mixin.py:188} INFO -  >> Đang lấy dữ liệu: VPW
[2026-01-11T04:02:25.486+0000] {logging_mixin.py:188} INFO -  Lỗi xử lý mã VPW: Failed to fetch data: 429 - Too Many Requests
[2026-01-11T04:02:25.487+0000] {logging_mixin.py:188} INFO -  >> Đang lấy dữ liệu: VPS
[2026-01-11T04:02:25.624+0000] {logging_mixin.py:188} INFO -  Lỗi xử lý mã VPS: Failed to fetch data: 429 - Too Many Requests
[2026-01-11T04:02:25.625+0000] {logging_mixin.py:188} INFO -  >> Đang lấy dữ liệu: VPR
[2026-01-11T04:02:25.806+0000] {logging_mixin.py:188} INFO -  Lỗi xử lý mã VPR: Failed to fetch data: 429 - Too Many Requests
[2026-01-11T04:02:25.807+0000] {logging_mixin.py:188} INFO -  >> Đang lấy dữ liệu: VPL
[2026-01-11T04:02:26.095+0000] {logging_mixin.py:188} INFO -  Lỗi xử lý mã VPL: Failed to fetch data: 429 - Too Many Requests
[2026-01-11T04:02:26.096+0000] {logging_mixin.py:188} INFO -  >> Đang lấy dữ liệu: VPI
[2026-01-11T04:02:26.238+0000] {logging_mixin.py:188} INFO -  Lỗi xử lý mã VPI: Failed to fetch data: 429 - Too Many Requests
[2026-01-11T04:02:26.239+0000] {logging_mixin.py:188} INFO -  >> Đang lấy dữ liệu: VPH
[2026-01-11T04:02:26.372+0000] {logging_mixin.py:188} INFO -  Lỗi xử lý mã VPH: Failed to fetch data: 429 - Too Many Requests
[2026-01-11T04:02:26.373+0000] {logging_mixin.py:188} INFO -  >> Đang lấy dữ liệu: VPG
[2026-01-11T04:02:26.540+0000] {logging_mixin.py:188} INFO -  Lỗi xử lý mã VPG: Failed to fetch data: 429 - Too Many Requests
[2026-01-11T04:02:26.540+0000] {logging_mixin.py:188} INFO -  >> Đang lấy dữ liệu: VPD
[2026-01-11T04:02:26.648+0000] {logging_mixin.py:188} INFO -  Lỗi xử lý mã VPD: Failed to fetch data: 429 - Too Many Requests
[2026-01-11T04:02:26.649+0000] {logging_mixin.py:188} INFO -  >> Đang lấy dữ liệu: VPC
[2026-01-11T04:02:26.804+0000] {logging_mixin.py:188} INFO -  Lỗi xử lý mã VPC: Failed to fetch data: 429 - Too Many Requests
[2026-01-11T04:02:26.806+0000] {logging_mixin.py:188} INFO -  >> Đang lấy dữ liệu: VPB
[2026-01-11T04:02:26.966+0000] {logging_mixin.py:188} INFO -  Lỗi xử lý mã VPB: Failed to fetch data: 429 - Too Many Requests
[2026-01-11T04:02:26.967+0000] {logging_mixin.py:188} INFO -  >> Đang lấy dữ liệu: VPA
[2026-01-11T04:02:27.114+0000] {logging_mixin.py:188} INFO -  Lỗi xử lý mã VPA: Failed to fetch data: 429 - Too Many Requests
[2026-01-11T04:02:27.115+0000] {logging_mixin.py:188} INFO -  >> Đang lấy dữ liệu: VOS
[2026-01-11T04:02:27.378+0000] {logging_mixin.py:188} INFO -  Lỗi xử lý mã VOS: Failed to fetch data: 429 - Too Many Requests
[2026-01-11T04:02:27.378+0000] {logging_mixin.py:188} INFO -  >> Đang lấy dữ liệu: VOC
[2026-01-11T04:02:27.491+0000] {logging_mixin.py:188} INFO -  Lỗi xử lý mã VOC: Failed to fetch data: 429 - Too Many Requests
[2026-01-11T04:02:27.492+0000] {logging_mixin.py:188} INFO -  >> Đang lấy dữ liệu: VNZ
[2026-01-11T04:02:27.644+0000] {logging_mixin.py:188} INFO -  Lỗi xử lý mã VNZ: Failed to fetch data: 429 - Too Many Requests
[2026-01-11T04:02:27.645+0000] {logging_mixin.py:188} INFO -  >> Đang lấy dữ liệu: VNY
[2026-01-11T04:02:27.770+0000] {logging_mixin.py:188} INFO -  Lỗi xử lý mã VNY: Failed to fetch data: 429 - Too Many Requests
[2026-01-11T04:02:27.771+0000] {logging_mixin.py:188} INFO -  >> Đang lấy dữ liệu: VNX
[2026-01-11T04:02:27.930+0000] {logging_mixin.py:188} INFO -  Lỗi xử lý mã VNX: Failed to fetch data: 429 - Too Many Requests
[2026-01-11T04:02:27.931+0000] {logging_mixin.py:188} INFO -  >> Đang lấy dữ liệu: VNT
[2026-01-11T04:02:28.061+0000] {logging_mixin.py:188} INFO -  Lỗi xử lý mã VNT: Failed to fetch data: 429 - Too Many Requests
[2026-01-11T04:02:28.063+0000] {logging_mixin.py:188} INFO -  ⚠ Batch này không thu được dữ liệu nào.
[2026-01-11T04:02:28.567+0000] {datalake_df2csv.py:40} INFO - DataFrame rỗng, bỏ qua upload CSV.
[2026-01-11T04:02:28.568+0000] {taskinstance.py:441} INFO - ::group::Post task execution logs
[2026-01-11T04:02:28.579+0000] {taskinstance.py:1206} INFO - Marking task as SUCCESS. dag_id=bctc, task_id=ingest_bctc, run_id=manual__2026-01-11T04:01:06+00:00, map_index=3, execution_date=20260111T040106, start_date=20260111T040224, end_date=20260111T040228
[2026-01-11T04:02:28.614+0000] {local_task_job_runner.py:243} INFO - Task exited with return code 0
[2026-01-11T04:02:28.635+0000] {local_task_job_runner.py:222} INFO - ::endgroup::
