[2026-01-11T03:06:18.664+0000] {local_task_job_runner.py:120} INFO - ::group::Pre task execution logs
[2026-01-11T03:06:18.693+0000] {taskinstance.py:2076} INFO - Dependencies all met for dep_context=non-requeueable deps ti=<TaskInstance: thongtin_cty_bctc.ingest_bctc scheduled__2026-01-04T00:00:00+00:00 map_index=56 [queued]>
[2026-01-11T03:06:18.712+0000] {taskinstance.py:2076} INFO - Dependencies all met for dep_context=requeueable deps ti=<TaskInstance: thongtin_cty_bctc.ingest_bctc scheduled__2026-01-04T00:00:00+00:00 map_index=56 [queued]>
[2026-01-11T03:06:18.712+0000] {taskinstance.py:2306} INFO - Starting attempt 1 of 2
[2026-01-11T03:06:18.734+0000] {taskinstance.py:2330} INFO - Executing <Mapped(DfToCsvOperator): ingest_bctc> on 2026-01-04 00:00:00+00:00
[2026-01-11T03:06:18.746+0000] {warnings.py:112} WARNING - This process (pid=853) is multi-threaded, use of fork() may lead to deadlocks in the child.

[2026-01-11T03:06:18.747+0000] {standard_task_runner.py:64} INFO - Started process 954 to run task
[2026-01-11T03:06:18.750+0000] {standard_task_runner.py:90} INFO - Running: ['***', 'tasks', 'run', 'thongtin_cty_bctc', 'ingest_bctc', 'scheduled__2026-01-04T00:00:00+00:00', '--job-id', '9701', '--raw', '--subdir', 'DAGS_FOLDER/tt_cty_bctc.py', '--cfg-path', '/tmp/tmp2clt_d0r', '--map-index', '56']
[2026-01-11T03:06:18.751+0000] {standard_task_runner.py:91} INFO - Job 9701: Subtask ingest_bctc
[2026-01-11T03:06:18.813+0000] {task_command.py:426} INFO - Running <TaskInstance: thongtin_cty_bctc.ingest_bctc scheduled__2026-01-04T00:00:00+00:00 map_index=56 [running]> on host 3f2af93df813
[2026-01-11T03:06:18.927+0000] {taskinstance.py:2648} INFO - Exporting env vars: AIRFLOW_CTX_DAG_OWNER='***' AIRFLOW_CTX_DAG_ID='thongtin_cty_bctc' AIRFLOW_CTX_TASK_ID='ingest_bctc' AIRFLOW_CTX_EXECUTION_DATE='2026-01-04T00:00:00+00:00' AIRFLOW_CTX_TRY_NUMBER='1' AIRFLOW_CTX_DAG_RUN_ID='scheduled__2026-01-04T00:00:00+00:00'
[2026-01-11T03:06:18.929+0000] {taskinstance.py:430} INFO - ::endgroup::
[2026-01-11T03:06:18.939+0000] {logging_mixin.py:188} INFO - Bắt đầu xử lý batch 20 mã: ['HKT', 'HKP', 'HKB', 'HJS', 'HJC', 'HIO', 'HII', 'HIG', 'HID', 'HHV', 'HHS', 'HHR', 'HHP', 'HHN', 'HHG', 'HHC', 'HHB', 'HGW', 'HGT', 'HGR']
[2026-01-11T03:06:18.940+0000] {logging_mixin.py:188} INFO -  >> Đang lấy dữ liệu: HKT
[2026-01-11T03:06:19.131+0000] {logging_mixin.py:188} INFO -  Lỗi xử lý mã HKT: Failed to fetch data: 429 - Too Many Requests
[2026-01-11T03:06:19.132+0000] {logging_mixin.py:188} INFO -  >> Đang lấy dữ liệu: HKP
[2026-01-11T03:06:19.265+0000] {logging_mixin.py:188} INFO -  Lỗi xử lý mã HKP: Failed to fetch data: 429 - Too Many Requests
[2026-01-11T03:06:19.266+0000] {logging_mixin.py:188} INFO -  >> Đang lấy dữ liệu: HKB
[2026-01-11T03:06:19.420+0000] {logging_mixin.py:188} INFO -  Lỗi xử lý mã HKB: Failed to fetch data: 429 - Too Many Requests
[2026-01-11T03:06:19.421+0000] {logging_mixin.py:188} INFO -  >> Đang lấy dữ liệu: HJS
[2026-01-11T03:06:19.533+0000] {logging_mixin.py:188} INFO -  Lỗi xử lý mã HJS: Failed to fetch data: 429 - Too Many Requests
[2026-01-11T03:06:19.534+0000] {logging_mixin.py:188} INFO -  >> Đang lấy dữ liệu: HJC
[2026-01-11T03:06:19.676+0000] {logging_mixin.py:188} INFO -  Lỗi xử lý mã HJC: Failed to fetch data: 429 - Too Many Requests
[2026-01-11T03:06:19.677+0000] {logging_mixin.py:188} INFO -  >> Đang lấy dữ liệu: HIO
[2026-01-11T03:06:20.831+0000] {logging_mixin.py:188} INFO -  Lỗi xử lý mã HIO: Failed to fetch data: 429 - Too Many Requests
[2026-01-11T03:06:20.833+0000] {logging_mixin.py:188} INFO -  >> Đang lấy dữ liệu: HII
[2026-01-11T03:06:21.548+0000] {logging_mixin.py:188} INFO -  Lỗi xử lý mã HII: Failed to fetch data: 429 - Too Many Requests
[2026-01-11T03:06:21.549+0000] {logging_mixin.py:188} INFO -  >> Đang lấy dữ liệu: HIG
[2026-01-11T03:06:21.712+0000] {logging_mixin.py:188} INFO -  Lỗi xử lý mã HIG: Failed to fetch data: 429 - Too Many Requests
[2026-01-11T03:06:21.713+0000] {logging_mixin.py:188} INFO -  >> Đang lấy dữ liệu: HID
[2026-01-11T03:06:22.828+0000] {logging_mixin.py:188} INFO -  Lỗi xử lý mã HID: Failed to fetch data: 429 - Too Many Requests
[2026-01-11T03:06:22.829+0000] {logging_mixin.py:188} INFO -  >> Đang lấy dữ liệu: HHV
[2026-01-11T03:06:22.971+0000] {logging_mixin.py:188} INFO -  Lỗi xử lý mã HHV: Failed to fetch data: 429 - Too Many Requests
[2026-01-11T03:06:22.972+0000] {logging_mixin.py:188} INFO -  >> Đang lấy dữ liệu: HHS
[2026-01-11T03:06:23.124+0000] {logging_mixin.py:188} INFO -  Lỗi xử lý mã HHS: Failed to fetch data: 429 - Too Many Requests
[2026-01-11T03:06:23.125+0000] {logging_mixin.py:188} INFO -  >> Đang lấy dữ liệu: HHR
[2026-01-11T03:06:23.243+0000] {logging_mixin.py:188} INFO -  Lỗi xử lý mã HHR: Failed to fetch data: 429 - Too Many Requests
[2026-01-11T03:06:23.244+0000] {logging_mixin.py:188} INFO -  >> Đang lấy dữ liệu: HHP
[2026-01-11T03:06:23.401+0000] {logging_mixin.py:188} INFO -  Lỗi xử lý mã HHP: Failed to fetch data: 429 - Too Many Requests
[2026-01-11T03:06:23.402+0000] {logging_mixin.py:188} INFO -  >> Đang lấy dữ liệu: HHN
[2026-01-11T03:06:23.545+0000] {logging_mixin.py:188} INFO -  Lỗi xử lý mã HHN: Failed to fetch data: 429 - Too Many Requests
[2026-01-11T03:06:23.546+0000] {logging_mixin.py:188} INFO -  >> Đang lấy dữ liệu: HHG
[2026-01-11T03:06:23.692+0000] {logging_mixin.py:188} INFO -  Lỗi xử lý mã HHG: Failed to fetch data: 429 - Too Many Requests
[2026-01-11T03:06:23.693+0000] {logging_mixin.py:188} INFO -  >> Đang lấy dữ liệu: HHC
[2026-01-11T03:06:24.626+0000] {logging_mixin.py:188} INFO -  Lỗi xử lý mã HHC: Failed to fetch data: 429 - Too Many Requests
[2026-01-11T03:06:24.628+0000] {logging_mixin.py:188} INFO -  >> Đang lấy dữ liệu: HHB
[2026-01-11T03:06:25.508+0000] {logging_mixin.py:188} INFO -  Lỗi xử lý mã HHB: Failed to fetch data: 429 - Too Many Requests
[2026-01-11T03:06:25.510+0000] {logging_mixin.py:188} INFO -  >> Đang lấy dữ liệu: HGW
[2026-01-11T03:06:25.724+0000] {logging_mixin.py:188} INFO -  Lỗi xử lý mã HGW: Failed to fetch data: 429 - Too Many Requests
[2026-01-11T03:06:25.725+0000] {logging_mixin.py:188} INFO -  >> Đang lấy dữ liệu: HGT
[2026-01-11T03:06:26.214+0000] {logging_mixin.py:188} INFO -  Lỗi xử lý mã HGT: Failed to fetch data: 429 - Too Many Requests
[2026-01-11T03:06:26.215+0000] {logging_mixin.py:188} INFO -  >> Đang lấy dữ liệu: HGR
[2026-01-11T03:06:26.464+0000] {logging_mixin.py:188} INFO -  Lỗi xử lý mã HGR: Failed to fetch data: 429 - Too Many Requests
[2026-01-11T03:06:26.465+0000] {logging_mixin.py:188} INFO -  ⚠ Batch này không thu được dữ liệu nào.
[2026-01-11T03:06:26.472+0000] {datalake_df2csv.py:40} INFO - DataFrame rỗng, bỏ qua upload CSV.
[2026-01-11T03:06:26.473+0000] {taskinstance.py:441} INFO - ::group::Post task execution logs
[2026-01-11T03:06:26.490+0000] {taskinstance.py:1206} INFO - Marking task as SUCCESS. dag_id=thongtin_cty_bctc, task_id=ingest_bctc, run_id=scheduled__2026-01-04T00:00:00+00:00, map_index=56, execution_date=20260104T000000, start_date=20260111T030618, end_date=20260111T030626
[2026-01-11T03:06:26.839+0000] {local_task_job_runner.py:243} INFO - Task exited with return code 0
[2026-01-11T03:06:26.850+0000] {local_task_job_runner.py:222} INFO - ::endgroup::
