[2026-01-10T15:18:04.433+0000] {local_task_job_runner.py:120} INFO - ::group::Pre task execution logs
[2026-01-10T15:18:04.771+0000] {taskinstance.py:2076} INFO - Dependencies all met for dep_context=non-requeueable deps ti=<TaskInstance: thongtin_cty_bctc.ingest_bctc scheduled__2025-12-30T00:00:00+00:00 map_index=463 [queued]>
[2026-01-10T15:18:04.919+0000] {taskinstance.py:2076} INFO - Dependencies all met for dep_context=requeueable deps ti=<TaskInstance: thongtin_cty_bctc.ingest_bctc scheduled__2025-12-30T00:00:00+00:00 map_index=463 [queued]>
[2026-01-10T15:18:04.920+0000] {taskinstance.py:2306} INFO - Starting attempt 1 of 2
[2026-01-10T15:18:04.940+0000] {taskinstance.py:2330} INFO - Executing <Mapped(DfToCsvOperator): ingest_bctc> on 2025-12-30 00:00:00+00:00
[2026-01-10T15:18:04.959+0000] {warnings.py:112} WARNING - This process (pid=10625) is multi-threaded, use of fork() may lead to deadlocks in the child.

[2026-01-10T15:18:04.961+0000] {standard_task_runner.py:64} INFO - Started process 10688 to run task
[2026-01-10T15:18:04.976+0000] {standard_task_runner.py:90} INFO - Running: ['***', 'tasks', 'run', 'thongtin_cty_bctc', 'ingest_bctc', 'scheduled__2025-12-30T00:00:00+00:00', '--job-id', '9493', '--raw', '--subdir', 'DAGS_FOLDER/tt_cty_bctc.py', '--cfg-path', '/tmp/tmp0ym3zi4e', '--map-index', '463']
[2026-01-10T15:18:04.979+0000] {standard_task_runner.py:91} INFO - Job 9493: Subtask ingest_bctc
[2026-01-10T15:18:05.072+0000] {task_command.py:426} INFO - Running <TaskInstance: thongtin_cty_bctc.ingest_bctc scheduled__2025-12-30T00:00:00+00:00 map_index=463 [running]> on host c44bcb92a951
[2026-01-10T15:18:05.236+0000] {taskinstance.py:2648} INFO - Exporting env vars: AIRFLOW_CTX_DAG_OWNER='***' AIRFLOW_CTX_DAG_ID='thongtin_cty_bctc' AIRFLOW_CTX_TASK_ID='ingest_bctc' AIRFLOW_CTX_EXECUTION_DATE='2025-12-30T00:00:00+00:00' AIRFLOW_CTX_TRY_NUMBER='1' AIRFLOW_CTX_DAG_RUN_ID='scheduled__2025-12-30T00:00:00+00:00'
[2026-01-10T15:18:05.238+0000] {taskinstance.py:430} INFO - ::endgroup::
[2026-01-10T15:18:05.249+0000] {logging_mixin.py:188} INFO - Bắt đầu xử lý batch 3 mã: ['DFC', 'DDV', 'DDN']
[2026-01-10T15:18:05.250+0000] {logging_mixin.py:188} INFO -  >> Đang lấy dữ liệu: DFC
[2026-01-10T15:18:08.697+0000] {logging_mixin.py:188} INFO -  >> Đang lấy dữ liệu: DDV
[2026-01-10T15:18:12.343+0000] {logging_mixin.py:188} INFO -  >> Đang lấy dữ liệu: DDN
[2026-01-10T15:18:15.978+0000] {logging_mixin.py:188} INFO -  ✓ Hoàn thành batch. Tổng số dòng: 5640
[2026-01-10T15:18:16.027+0000] {base.py:84} INFO - Using connection ID 'minio_finance' for task execution.
[2026-01-10T15:18:16.028+0000] {connection_wrapper.py:384} INFO - AWS Connection (conn_id='minio_finance', conn_type='aws') credentials retrieved from login and password.
[2026-01-10T15:18:16.609+0000] {datalake_df2csv.py:52} INFO - ✅ Đã upload 5640 dòng -> s3://thongtin-congty-va-bctc/bctc/2025-12-30/batch_463.csv
[2026-01-10T15:18:16.611+0000] {taskinstance.py:441} INFO - ::group::Post task execution logs
[2026-01-10T15:18:16.622+0000] {taskinstance.py:1206} INFO - Marking task as SUCCESS. dag_id=thongtin_cty_bctc, task_id=ingest_bctc, run_id=scheduled__2025-12-30T00:00:00+00:00, map_index=463, execution_date=20251230T000000, start_date=20260110T151804, end_date=20260110T151816
[2026-01-10T15:18:17.585+0000] {local_task_job_runner.py:243} INFO - Task exited with return code 0
[2026-01-10T15:18:17.596+0000] {local_task_job_runner.py:222} INFO - ::endgroup::
