[2026-01-11T03:53:02.073+0000] {local_task_job_runner.py:120} INFO - ::group::Pre task execution logs
[2026-01-11T03:53:02.121+0000] {taskinstance.py:2076} INFO - Dependencies all met for dep_context=non-requeueable deps ti=<TaskInstance: bctc.ingest_bctc manual__2026-01-11T03:52:02+00:00 map_index=37 [queued]>
[2026-01-11T03:53:02.150+0000] {taskinstance.py:2076} INFO - Dependencies all met for dep_context=requeueable deps ti=<TaskInstance: bctc.ingest_bctc manual__2026-01-11T03:52:02+00:00 map_index=37 [queued]>
[2026-01-11T03:53:02.151+0000] {taskinstance.py:2306} INFO - Starting attempt 1 of 2
[2026-01-11T03:53:02.187+0000] {taskinstance.py:2330} INFO - Executing <Mapped(DfToCsvOperator): ingest_bctc> on 2026-01-11 03:52:02+00:00
[2026-01-11T03:53:02.204+0000] {warnings.py:112} WARNING - This process (pid=490) is multi-threaded, use of fork() may lead to deadlocks in the child.

[2026-01-11T03:53:02.206+0000] {standard_task_runner.py:64} INFO - Started process 593 to run task
[2026-01-11T03:53:02.210+0000] {standard_task_runner.py:90} INFO - Running: ['***', 'tasks', 'run', 'bctc', 'ingest_bctc', 'manual__2026-01-11T03:52:02+00:00', '--job-id', '10133', '--raw', '--subdir', 'DAGS_FOLDER/tt_cty_bctc.py', '--cfg-path', '/tmp/tmpg8f70v3w', '--map-index', '37']
[2026-01-11T03:53:02.212+0000] {standard_task_runner.py:91} INFO - Job 10133: Subtask ingest_bctc
[2026-01-11T03:53:02.298+0000] {task_command.py:426} INFO - Running <TaskInstance: bctc.ingest_bctc manual__2026-01-11T03:52:02+00:00 map_index=37 [running]> on host 3f2af93df813
[2026-01-11T03:53:02.502+0000] {taskinstance.py:2648} INFO - Exporting env vars: AIRFLOW_CTX_DAG_OWNER='***' AIRFLOW_CTX_DAG_ID='bctc' AIRFLOW_CTX_TASK_ID='ingest_bctc' AIRFLOW_CTX_EXECUTION_DATE='2026-01-11T03:52:02+00:00' AIRFLOW_CTX_TRY_NUMBER='1' AIRFLOW_CTX_DAG_RUN_ID='manual__2026-01-11T03:52:02+00:00'
[2026-01-11T03:53:02.504+0000] {taskinstance.py:430} INFO - ::endgroup::
[2026-01-11T03:53:02.515+0000] {logging_mixin.py:188} INFO - Bắt đầu xử lý batch 20 mã: ['PAC', 'ORS', 'OPC', 'ONW', 'ONE', 'OIL', 'OGC', 'ODE', 'OCH', 'OCB', 'NXT', 'NWT', 'NVT', 'NVP', 'NVL', 'NVB', 'NUE', 'NTW', 'NTT', 'NTP']
[2026-01-11T03:53:02.516+0000] {logging_mixin.py:188} INFO -  >> Đang lấy dữ liệu: PAC
[2026-01-11T03:53:02.914+0000] {logging_mixin.py:188} INFO -  Lỗi xử lý mã PAC: Failed to fetch data: 429 - Too Many Requests
[2026-01-11T03:53:02.915+0000] {logging_mixin.py:188} INFO -  >> Đang lấy dữ liệu: ORS
[2026-01-11T03:53:03.343+0000] {logging_mixin.py:188} INFO -  Lỗi xử lý mã ORS: Failed to fetch data: 429 - Too Many Requests
[2026-01-11T03:53:03.344+0000] {logging_mixin.py:188} INFO -  >> Đang lấy dữ liệu: OPC
[2026-01-11T03:53:04.607+0000] {logging_mixin.py:188} INFO -  Lỗi xử lý mã OPC: Failed to fetch data: 429 - Too Many Requests
[2026-01-11T03:53:04.609+0000] {logging_mixin.py:188} INFO -  >> Đang lấy dữ liệu: ONW
[2026-01-11T03:53:04.891+0000] {logging_mixin.py:188} INFO -  Lỗi xử lý mã ONW: Failed to fetch data: 429 - Too Many Requests
[2026-01-11T03:53:04.892+0000] {logging_mixin.py:188} INFO -  >> Đang lấy dữ liệu: ONE
[2026-01-11T03:53:05.034+0000] {logging_mixin.py:188} INFO -  Lỗi xử lý mã ONE: Failed to fetch data: 429 - Too Many Requests
[2026-01-11T03:53:05.035+0000] {logging_mixin.py:188} INFO -  >> Đang lấy dữ liệu: OIL
[2026-01-11T03:53:05.165+0000] {logging_mixin.py:188} INFO -  Lỗi xử lý mã OIL: Failed to fetch data: 429 - Too Many Requests
[2026-01-11T03:53:05.167+0000] {logging_mixin.py:188} INFO -  >> Đang lấy dữ liệu: OGC
[2026-01-11T03:53:05.310+0000] {logging_mixin.py:188} INFO -  Lỗi xử lý mã OGC: Failed to fetch data: 429 - Too Many Requests
[2026-01-11T03:53:05.311+0000] {logging_mixin.py:188} INFO -  >> Đang lấy dữ liệu: ODE
[2026-01-11T03:53:05.458+0000] {logging_mixin.py:188} INFO -  Lỗi xử lý mã ODE: Failed to fetch data: 429 - Too Many Requests
[2026-01-11T03:53:05.459+0000] {logging_mixin.py:188} INFO -  >> Đang lấy dữ liệu: OCH
[2026-01-11T03:53:07.328+0000] {logging_mixin.py:188} INFO -  Lỗi xử lý mã OCH: Failed to fetch data: 429 - Too Many Requests
[2026-01-11T03:53:07.330+0000] {logging_mixin.py:188} INFO -  >> Đang lấy dữ liệu: OCB
[2026-01-11T03:53:07.787+0000] {logging_mixin.py:188} INFO -  Lỗi xử lý mã OCB: Failed to fetch data: 429 - Too Many Requests
[2026-01-11T03:53:07.789+0000] {logging_mixin.py:188} INFO -  >> Đang lấy dữ liệu: NXT
[2026-01-11T03:53:07.956+0000] {logging_mixin.py:188} INFO -  Lỗi xử lý mã NXT: Failed to fetch data: 429 - Too Many Requests
[2026-01-11T03:53:07.957+0000] {logging_mixin.py:188} INFO -  >> Đang lấy dữ liệu: NWT
[2026-01-11T03:53:08.380+0000] {logging_mixin.py:188} INFO -  Lỗi xử lý mã NWT: Failed to fetch data: 429 - Too Many Requests
[2026-01-11T03:53:08.386+0000] {logging_mixin.py:188} INFO -  >> Đang lấy dữ liệu: NVT
[2026-01-11T03:53:11.463+0000] {logging_mixin.py:188} INFO -  Lỗi xử lý mã NVT: Failed to fetch data: 429 - Too Many Requests
[2026-01-11T03:53:11.464+0000] {logging_mixin.py:188} INFO -  >> Đang lấy dữ liệu: NVP
[2026-01-11T03:53:11.877+0000] {logging_mixin.py:188} INFO -  Lỗi xử lý mã NVP: Failed to fetch data: 429 - Too Many Requests
[2026-01-11T03:53:11.878+0000] {logging_mixin.py:188} INFO -  >> Đang lấy dữ liệu: NVL
[2026-01-11T03:53:12.560+0000] {logging_mixin.py:188} INFO -  Lỗi xử lý mã NVL: Failed to fetch data: 429 - Too Many Requests
[2026-01-11T03:53:12.561+0000] {logging_mixin.py:188} INFO -  >> Đang lấy dữ liệu: NVB
[2026-01-11T03:53:12.969+0000] {logging_mixin.py:188} INFO -  Lỗi xử lý mã NVB: Failed to fetch data: 429 - Too Many Requests
[2026-01-11T03:53:12.970+0000] {logging_mixin.py:188} INFO -  >> Đang lấy dữ liệu: NUE
[2026-01-11T03:53:13.118+0000] {logging_mixin.py:188} INFO -  Lỗi xử lý mã NUE: Failed to fetch data: 429 - Too Many Requests
[2026-01-11T03:53:13.119+0000] {logging_mixin.py:188} INFO -  >> Đang lấy dữ liệu: NTW
[2026-01-11T03:53:13.565+0000] {logging_mixin.py:188} INFO -  Lỗi xử lý mã NTW: Failed to fetch data: 429 - Too Many Requests
[2026-01-11T03:53:13.566+0000] {logging_mixin.py:188} INFO -  >> Đang lấy dữ liệu: NTT
[2026-01-11T03:53:13.721+0000] {logging_mixin.py:188} INFO -  Lỗi xử lý mã NTT: Failed to fetch data: 429 - Too Many Requests
[2026-01-11T03:53:13.722+0000] {logging_mixin.py:188} INFO -  >> Đang lấy dữ liệu: NTP
[2026-01-11T03:53:13.848+0000] {logging_mixin.py:188} INFO -  Lỗi xử lý mã NTP: Failed to fetch data: 429 - Too Many Requests
[2026-01-11T03:53:13.850+0000] {logging_mixin.py:188} INFO -  ⚠ Batch này không thu được dữ liệu nào.
[2026-01-11T03:53:14.189+0000] {datalake_df2csv.py:40} INFO - DataFrame rỗng, bỏ qua upload CSV.
[2026-01-11T03:53:14.190+0000] {taskinstance.py:441} INFO - ::group::Post task execution logs
[2026-01-11T03:53:14.203+0000] {taskinstance.py:1206} INFO - Marking task as SUCCESS. dag_id=bctc, task_id=ingest_bctc, run_id=manual__2026-01-11T03:52:02+00:00, map_index=37, execution_date=20260111T035202, start_date=20260111T035302, end_date=20260111T035314
[2026-01-11T03:53:14.277+0000] {local_task_job_runner.py:243} INFO - Task exited with return code 0
[2026-01-11T03:53:14.323+0000] {taskinstance.py:3503} INFO - 0 downstream tasks scheduled from follow-on schedule check
[2026-01-11T03:53:14.325+0000] {local_task_job_runner.py:222} INFO - ::endgroup::
