[2026-01-01T02:13:48.616+0000] {local_task_job_runner.py:120} INFO - ::group::Pre task execution logs
[2026-01-01T02:13:48.688+0000] {taskinstance.py:2076} INFO - Dependencies all met for dep_context=non-requeueable deps ti=<TaskInstance: thongtin_cty_bctc.ingest_bctc scheduled__2025-12-31T00:00:00+00:00 map_index=148 [queued]>
[2026-01-01T02:13:48.756+0000] {taskinstance.py:2076} INFO - Dependencies all met for dep_context=requeueable deps ti=<TaskInstance: thongtin_cty_bctc.ingest_bctc scheduled__2025-12-31T00:00:00+00:00 map_index=148 [queued]>
[2026-01-01T02:13:48.757+0000] {taskinstance.py:2306} INFO - Starting attempt 1 of 2
[2026-01-01T02:13:48.795+0000] {taskinstance.py:2330} INFO - Executing <Mapped(DfToCsvOperator): ingest_bctc> on 2025-12-31 00:00:00+00:00
[2026-01-01T02:13:48.815+0000] {warnings.py:112} WARNING - This process (pid=5015) is multi-threaded, use of fork() may lead to deadlocks in the child.

[2026-01-01T02:13:48.817+0000] {standard_task_runner.py:64} INFO - Started process 5157 to run task
[2026-01-01T02:13:48.820+0000] {standard_task_runner.py:90} INFO - Running: ['***', 'tasks', 'run', 'thongtin_cty_bctc', 'ingest_bctc', 'scheduled__2025-12-31T00:00:00+00:00', '--job-id', '1017', '--raw', '--subdir', 'DAGS_FOLDER/tt_cty_bctc.py', '--cfg-path', '/tmp/tmpuezs3ssz', '--map-index', '148']
[2026-01-01T02:13:48.824+0000] {standard_task_runner.py:91} INFO - Job 1017: Subtask ingest_bctc
[2026-01-01T02:13:48.918+0000] {task_command.py:426} INFO - Running <TaskInstance: thongtin_cty_bctc.ingest_bctc scheduled__2025-12-31T00:00:00+00:00 map_index=148 [running]> on host 43b0a0f7606b
[2026-01-01T02:13:49.452+0000] {taskinstance.py:2648} INFO - Exporting env vars: AIRFLOW_CTX_DAG_OWNER='***' AIRFLOW_CTX_DAG_ID='thongtin_cty_bctc' AIRFLOW_CTX_TASK_ID='ingest_bctc' AIRFLOW_CTX_EXECUTION_DATE='2025-12-31T00:00:00+00:00' AIRFLOW_CTX_TRY_NUMBER='1' AIRFLOW_CTX_DAG_RUN_ID='scheduled__2025-12-31T00:00:00+00:00'
[2026-01-01T02:13:49.455+0000] {taskinstance.py:430} INFO - ::endgroup::
[2026-01-01T02:13:49.464+0000] {logging_mixin.py:188} INFO - Bắt đầu xử lý batch 5 mã: ['PAC', 'ORS', 'OPC', 'ONW', 'ONE']
[2026-01-01T02:13:49.465+0000] {logging_mixin.py:188} INFO -  >> Đang lấy dữ liệu: PAC
[2026-01-01T02:13:49.667+0000] {logging_mixin.py:188} INFO -  Lỗi xử lý mã PAC: Failed to fetch data: 429 - Too Many Requests
[2026-01-01T02:13:49.668+0000] {logging_mixin.py:188} INFO -  >> Đang lấy dữ liệu: ORS
[2026-01-01T02:13:49.912+0000] {logging_mixin.py:188} INFO -  Lỗi xử lý mã ORS: Failed to fetch data: 429 - Too Many Requests
[2026-01-01T02:13:49.915+0000] {logging_mixin.py:188} INFO -  >> Đang lấy dữ liệu: OPC
[2026-01-01T02:13:50.107+0000] {logging_mixin.py:188} INFO -  Lỗi xử lý mã OPC: Failed to fetch data: 429 - Too Many Requests
[2026-01-01T02:13:50.109+0000] {logging_mixin.py:188} INFO -  >> Đang lấy dữ liệu: ONW
[2026-01-01T02:13:50.251+0000] {logging_mixin.py:188} INFO -  Lỗi xử lý mã ONW: Failed to fetch data: 429 - Too Many Requests
[2026-01-01T02:13:50.252+0000] {logging_mixin.py:188} INFO -  >> Đang lấy dữ liệu: ONE
[2026-01-01T02:13:50.616+0000] {logging_mixin.py:188} INFO -  Lỗi xử lý mã ONE: Failed to fetch data: 429 - Too Many Requests
[2026-01-01T02:13:50.625+0000] {logging_mixin.py:188} INFO -  ⚠ Batch này không thu được dữ liệu nào.
[2026-01-01T02:13:50.672+0000] {datalake_df2csv.py:40} INFO - DataFrame rỗng, bỏ qua upload CSV.
[2026-01-01T02:13:50.678+0000] {taskinstance.py:441} INFO - ::group::Post task execution logs
[2026-01-01T02:13:50.769+0000] {taskinstance.py:1206} INFO - Marking task as SUCCESS. dag_id=thongtin_cty_bctc, task_id=ingest_bctc, run_id=scheduled__2025-12-31T00:00:00+00:00, map_index=148, execution_date=20251231T000000, start_date=20260101T021348, end_date=20260101T021350
[2026-01-01T02:13:50.908+0000] {local_task_job_runner.py:243} INFO - Task exited with return code 0
[2026-01-01T02:13:50.945+0000] {local_task_job_runner.py:222} INFO - ::endgroup::
