[2026-01-01T02:15:20.619+0000] {local_task_job_runner.py:120} INFO - ::group::Pre task execution logs
[2026-01-01T02:15:20.708+0000] {taskinstance.py:2076} INFO - Dependencies all met for dep_context=non-requeueable deps ti=<TaskInstance: thongtin_cty_bctc.ingest_overview scheduled__2025-12-31T00:00:00+00:00 map_index=19 [queued]>
[2026-01-01T02:15:20.771+0000] {taskinstance.py:2076} INFO - Dependencies all met for dep_context=requeueable deps ti=<TaskInstance: thongtin_cty_bctc.ingest_overview scheduled__2025-12-31T00:00:00+00:00 map_index=19 [queued]>
[2026-01-01T02:15:20.774+0000] {taskinstance.py:2306} INFO - Starting attempt 2 of 2
[2026-01-01T02:15:20.797+0000] {taskinstance.py:2330} INFO - Executing <Mapped(DfToCsvOperator): ingest_overview> on 2025-12-31 00:00:00+00:00
[2026-01-01T02:15:20.811+0000] {warnings.py:112} WARNING - This process (pid=6616) is multi-threaded, use of fork() may lead to deadlocks in the child.

[2026-01-01T02:15:20.813+0000] {standard_task_runner.py:64} INFO - Started process 6767 to run task
[2026-01-01T02:15:20.817+0000] {standard_task_runner.py:90} INFO - Running: ['***', 'tasks', 'run', 'thongtin_cty_bctc', 'ingest_overview', 'scheduled__2025-12-31T00:00:00+00:00', '--job-id', '1166', '--raw', '--subdir', 'DAGS_FOLDER/tt_cty_bctc.py', '--cfg-path', '/tmp/tmpfvtx6yl5', '--map-index', '19']
[2026-01-01T02:15:20.819+0000] {standard_task_runner.py:91} INFO - Job 1166: Subtask ingest_overview
[2026-01-01T02:15:20.891+0000] {task_command.py:426} INFO - Running <TaskInstance: thongtin_cty_bctc.ingest_overview scheduled__2025-12-31T00:00:00+00:00 map_index=19 [running]> on host 43b0a0f7606b
[2026-01-01T02:15:21.042+0000] {taskinstance.py:2648} INFO - Exporting env vars: AIRFLOW_CTX_DAG_OWNER='***' AIRFLOW_CTX_DAG_ID='thongtin_cty_bctc' AIRFLOW_CTX_TASK_ID='ingest_overview' AIRFLOW_CTX_EXECUTION_DATE='2025-12-31T00:00:00+00:00' AIRFLOW_CTX_TRY_NUMBER='2' AIRFLOW_CTX_DAG_RUN_ID='scheduled__2025-12-31T00:00:00+00:00'
[2026-01-01T02:15:21.044+0000] {taskinstance.py:430} INFO - ::endgroup::
[2026-01-01T02:15:21.253+0000] {logging_mixin.py:188} INFO - Err overview VMS: Failed to fetch data: 429 - Too Many Requests
[2026-01-01T02:15:21.450+0000] {logging_mixin.py:188} INFO - Err overview VMK: Failed to fetch data: 429 - Too Many Requests
[2026-01-01T02:15:21.596+0000] {logging_mixin.py:188} INFO - Err overview VMI: Failed to fetch data: 429 - Too Many Requests
[2026-01-01T02:15:21.874+0000] {logging_mixin.py:188} INFO - Err overview VMG: Failed to fetch data: 429 - Too Many Requests
[2026-01-01T02:15:22.193+0000] {logging_mixin.py:188} INFO - Err overview VMD: Failed to fetch data: 429 - Too Many Requests
[2026-01-01T02:15:22.205+0000] {datalake_df2csv.py:40} INFO - DataFrame rỗng, bỏ qua upload CSV.
[2026-01-01T02:15:22.210+0000] {taskinstance.py:441} INFO - ::group::Post task execution logs
[2026-01-01T02:15:22.301+0000] {taskinstance.py:1206} INFO - Marking task as SUCCESS. dag_id=thongtin_cty_bctc, task_id=ingest_overview, run_id=scheduled__2025-12-31T00:00:00+00:00, map_index=19, execution_date=20251231T000000, start_date=20260101T021520, end_date=20260101T021522
[2026-01-01T02:15:22.371+0000] {local_task_job_runner.py:243} INFO - Task exited with return code 0
[2026-01-01T02:15:22.414+0000] {taskinstance.py:3503} INFO - 0 downstream tasks scheduled from follow-on schedule check
[2026-01-01T02:15:22.432+0000] {local_task_job_runner.py:222} INFO - ::endgroup::
