[2026-01-10T15:05:06.182+0000] {local_task_job_runner.py:120} INFO - ::group::Pre task execution logs
[2026-01-10T15:05:06.398+0000] {taskinstance.py:2076} INFO - Dependencies all met for dep_context=non-requeueable deps ti=<TaskInstance: thongtin_cty_bctc.ingest_overview scheduled__2025-12-30T00:00:00+00:00 map_index=222 [queued]>
[2026-01-10T15:05:06.619+0000] {taskinstance.py:2076} INFO - Dependencies all met for dep_context=requeueable deps ti=<TaskInstance: thongtin_cty_bctc.ingest_overview scheduled__2025-12-30T00:00:00+00:00 map_index=222 [queued]>
[2026-01-10T15:05:06.624+0000] {taskinstance.py:2306} INFO - Starting attempt 1 of 2
[2026-01-10T15:05:07.068+0000] {taskinstance.py:2330} INFO - Executing <Mapped(DfToCsvOperator): ingest_overview> on 2025-12-30 00:00:00+00:00
[2026-01-10T15:05:07.091+0000] {warnings.py:112} WARNING - This process (pid=1002) is multi-threaded, use of fork() may lead to deadlocks in the child.

[2026-01-10T15:05:07.100+0000] {standard_task_runner.py:64} INFO - Started process 1167 to run task
[2026-01-10T15:05:07.116+0000] {standard_task_runner.py:90} INFO - Running: ['***', 'tasks', 'run', 'thongtin_cty_bctc', 'ingest_overview', 'scheduled__2025-12-30T00:00:00+00:00', '--job-id', '8771', '--raw', '--subdir', 'DAGS_FOLDER/tt_cty_bctc.py', '--cfg-path', '/tmp/tmpmncxr2ac', '--map-index', '222']
[2026-01-10T15:05:07.120+0000] {standard_task_runner.py:91} INFO - Job 8771: Subtask ingest_overview
[2026-01-10T15:05:07.299+0000] {task_command.py:426} INFO - Running <TaskInstance: thongtin_cty_bctc.ingest_overview scheduled__2025-12-30T00:00:00+00:00 map_index=222 [running]> on host c44bcb92a951
[2026-01-10T15:05:07.617+0000] {taskinstance.py:2648} INFO - Exporting env vars: AIRFLOW_CTX_DAG_OWNER='***' AIRFLOW_CTX_DAG_ID='thongtin_cty_bctc' AIRFLOW_CTX_TASK_ID='ingest_overview' AIRFLOW_CTX_EXECUTION_DATE='2025-12-30T00:00:00+00:00' AIRFLOW_CTX_TRY_NUMBER='1' AIRFLOW_CTX_DAG_RUN_ID='scheduled__2025-12-30T00:00:00+00:00'
[2026-01-10T15:05:07.623+0000] {taskinstance.py:430} INFO - ::endgroup::
[2026-01-10T15:05:07.968+0000] {warnings.py:112} WARNING - DataFrame.applymap has been deprecated. Use DataFrame.map instead.

[2026-01-10T15:05:09.248+0000] {warnings.py:112} WARNING - DataFrame.applymap has been deprecated. Use DataFrame.map instead.

[2026-01-10T15:05:10.466+0000] {warnings.py:112} WARNING - DataFrame.applymap has been deprecated. Use DataFrame.map instead.

[2026-01-10T15:05:11.490+0000] {base.py:84} INFO - Using connection ID 'minio_finance' for task execution.
[2026-01-10T15:05:11.491+0000] {connection_wrapper.py:384} INFO - AWS Connection (conn_id='minio_finance', conn_type='aws') credentials retrieved from login and password.
[2026-01-10T15:05:12.085+0000] {datalake_df2csv.py:52} INFO - ✅ Đã upload 3 dòng -> s3://thongtin-congty-va-bctc/overview/2025-12-30/batch_222.csv
[2026-01-10T15:05:12.087+0000] {taskinstance.py:441} INFO - ::group::Post task execution logs
[2026-01-10T15:05:12.099+0000] {taskinstance.py:1206} INFO - Marking task as SUCCESS. dag_id=thongtin_cty_bctc, task_id=ingest_overview, run_id=scheduled__2025-12-30T00:00:00+00:00, map_index=222, execution_date=20251230T000000, start_date=20260110T150506, end_date=20260110T150512
[2026-01-10T15:05:13.817+0000] {local_task_job_runner.py:243} INFO - Task exited with return code 0
[2026-01-10T15:05:13.827+0000] {local_task_job_runner.py:222} INFO - ::endgroup::
