[2026-01-10T15:12:26.328+0000] {local_task_job_runner.py:120} INFO - ::group::Pre task execution logs
[2026-01-10T15:12:26.421+0000] {taskinstance.py:2076} INFO - Dependencies all met for dep_context=non-requeueable deps ti=<TaskInstance: thongtin_cty_bctc.ingest_bctc scheduled__2025-12-30T00:00:00+00:00 map_index=360 [queued]>
[2026-01-10T15:12:26.693+0000] {taskinstance.py:2076} INFO - Dependencies all met for dep_context=requeueable deps ti=<TaskInstance: thongtin_cty_bctc.ingest_bctc scheduled__2025-12-30T00:00:00+00:00 map_index=360 [queued]>
[2026-01-10T15:12:26.694+0000] {taskinstance.py:2306} INFO - Starting attempt 1 of 2
[2026-01-10T15:12:26.712+0000] {taskinstance.py:2330} INFO - Executing <Mapped(DfToCsvOperator): ingest_bctc> on 2025-12-30 00:00:00+00:00
[2026-01-10T15:12:26.729+0000] {warnings.py:112} WARNING - This process (pid=6547) is multi-threaded, use of fork() may lead to deadlocks in the child.

[2026-01-10T15:12:26.731+0000] {standard_task_runner.py:64} INFO - Started process 6578 to run task
[2026-01-10T15:12:26.734+0000] {standard_task_runner.py:90} INFO - Running: ['***', 'tasks', 'run', 'thongtin_cty_bctc', 'ingest_bctc', 'scheduled__2025-12-30T00:00:00+00:00', '--job-id', '9181', '--raw', '--subdir', 'DAGS_FOLDER/tt_cty_bctc.py', '--cfg-path', '/tmp/tmp3ep011yd', '--map-index', '360']
[2026-01-10T15:12:26.736+0000] {standard_task_runner.py:91} INFO - Job 9181: Subtask ingest_bctc
[2026-01-10T15:12:26.791+0000] {task_command.py:426} INFO - Running <TaskInstance: thongtin_cty_bctc.ingest_bctc scheduled__2025-12-30T00:00:00+00:00 map_index=360 [running]> on host c44bcb92a951
[2026-01-10T15:12:26.905+0000] {taskinstance.py:2648} INFO - Exporting env vars: AIRFLOW_CTX_DAG_OWNER='***' AIRFLOW_CTX_DAG_ID='thongtin_cty_bctc' AIRFLOW_CTX_TASK_ID='ingest_bctc' AIRFLOW_CTX_EXECUTION_DATE='2025-12-30T00:00:00+00:00' AIRFLOW_CTX_TRY_NUMBER='1' AIRFLOW_CTX_DAG_RUN_ID='scheduled__2025-12-30T00:00:00+00:00'
[2026-01-10T15:12:26.907+0000] {taskinstance.py:430} INFO - ::endgroup::
[2026-01-10T15:12:26.915+0000] {logging_mixin.py:188} INFO - Bắt đầu xử lý batch 3 mã: ['HPW', 'HPT', 'HPP']
[2026-01-10T15:12:26.916+0000] {logging_mixin.py:188} INFO -  >> Đang lấy dữ liệu: HPW
[2026-01-10T15:12:29.653+0000] {logging_mixin.py:188} INFO -  >> Đang lấy dữ liệu: HPT
[2026-01-10T15:12:34.428+0000] {logging_mixin.py:188} INFO - ❌ Lỗi income_statement: RetryError[<Future at 0x7f17d5001880 state=finished raised KeyError>]
[2026-01-10T15:12:38.791+0000] {logging_mixin.py:188} INFO - ❌ Lỗi balance_sheet: RetryError[<Future at 0x7f17d5000dd0 state=finished raised KeyError>]
[2026-01-10T15:12:43.328+0000] {logging_mixin.py:188} INFO - ❌ Lỗi cash_flow: RetryError[<Future at 0x7f17d5001850 state=finished raised KeyError>]
[2026-01-10T15:12:44.330+0000] {logging_mixin.py:188} INFO -  >> Đang lấy dữ liệu: HPP
[2026-01-10T15:12:49.077+0000] {logging_mixin.py:188} INFO - ❌ Lỗi income_statement: RetryError[<Future at 0x7f17d5016c90 state=finished raised KeyError>]
[2026-01-10T15:12:53.518+0000] {logging_mixin.py:188} INFO - ❌ Lỗi balance_sheet: RetryError[<Future at 0x7f17d50170e0 state=finished raised KeyError>]
[2026-01-10T15:12:57.972+0000] {logging_mixin.py:188} INFO - ❌ Lỗi cash_flow: RetryError[<Future at 0x7f17d5017050 state=finished raised KeyError>]
[2026-01-10T15:12:58.975+0000] {logging_mixin.py:188} INFO -  ✓ Hoàn thành batch. Tổng số dòng: 3024
[2026-01-10T15:12:58.999+0000] {base.py:84} INFO - Using connection ID 'minio_finance' for task execution.
[2026-01-10T15:12:59.000+0000] {connection_wrapper.py:384} INFO - AWS Connection (conn_id='minio_finance', conn_type='aws') credentials retrieved from login and password.
[2026-01-10T15:12:59.577+0000] {datalake_df2csv.py:52} INFO - ✅ Đã upload 3024 dòng -> s3://thongtin-congty-va-bctc/bctc/2025-12-30/batch_360.csv
[2026-01-10T15:12:59.578+0000] {taskinstance.py:441} INFO - ::group::Post task execution logs
[2026-01-10T15:12:59.585+0000] {taskinstance.py:1206} INFO - Marking task as SUCCESS. dag_id=thongtin_cty_bctc, task_id=ingest_bctc, run_id=scheduled__2025-12-30T00:00:00+00:00, map_index=360, execution_date=20251230T000000, start_date=20260110T151226, end_date=20260110T151259
[2026-01-10T15:12:59.633+0000] {local_task_job_runner.py:243} INFO - Task exited with return code 0
[2026-01-10T15:12:59.677+0000] {taskinstance.py:3503} INFO - 0 downstream tasks scheduled from follow-on schedule check
[2026-01-10T15:12:59.680+0000] {local_task_job_runner.py:222} INFO - ::endgroup::
