[2026-01-01T02:23:03.424+0000] {local_task_job_runner.py:120} INFO - ::group::Pre task execution logs
[2026-01-01T02:23:03.558+0000] {taskinstance.py:2076} INFO - Dependencies all met for dep_context=non-requeueable deps ti=<TaskInstance: thongtin_cty_bctc.ingest_overview scheduled__2025-12-31T00:00:00+00:00 map_index=276 [queued]>
[2026-01-01T02:23:03.992+0000] {taskinstance.py:2076} INFO - Dependencies all met for dep_context=requeueable deps ti=<TaskInstance: thongtin_cty_bctc.ingest_overview scheduled__2025-12-31T00:00:00+00:00 map_index=276 [queued]>
[2026-01-01T02:23:04.003+0000] {taskinstance.py:2306} INFO - Starting attempt 2 of 2
[2026-01-01T02:23:05.291+0000] {taskinstance.py:2330} INFO - Executing <Mapped(DfToCsvOperator): ingest_overview> on 2025-12-31 00:00:00+00:00
[2026-01-01T02:23:05.310+0000] {warnings.py:112} WARNING - This process (pid=12394) is multi-threaded, use of fork() may lead to deadlocks in the child.

[2026-01-01T02:23:05.312+0000] {standard_task_runner.py:64} INFO - Started process 12544 to run task
[2026-01-01T02:23:05.316+0000] {standard_task_runner.py:90} INFO - Running: ['***', 'tasks', 'run', 'thongtin_cty_bctc', 'ingest_overview', 'scheduled__2025-12-31T00:00:00+00:00', '--job-id', '1681', '--raw', '--subdir', 'DAGS_FOLDER/tt_cty_bctc.py', '--cfg-path', '/tmp/tmp5xzokver', '--map-index', '276']
[2026-01-01T02:23:05.318+0000] {standard_task_runner.py:91} INFO - Job 1681: Subtask ingest_overview
[2026-01-01T02:23:05.433+0000] {task_command.py:426} INFO - Running <TaskInstance: thongtin_cty_bctc.ingest_overview scheduled__2025-12-31T00:00:00+00:00 map_index=276 [running]> on host 43b0a0f7606b
[2026-01-01T02:23:05.765+0000] {taskinstance.py:2648} INFO - Exporting env vars: AIRFLOW_CTX_DAG_OWNER='***' AIRFLOW_CTX_DAG_ID='thongtin_cty_bctc' AIRFLOW_CTX_TASK_ID='ingest_overview' AIRFLOW_CTX_EXECUTION_DATE='2025-12-31T00:00:00+00:00' AIRFLOW_CTX_TRY_NUMBER='2' AIRFLOW_CTX_DAG_RUN_ID='scheduled__2025-12-31T00:00:00+00:00'
[2026-01-01T02:23:05.791+0000] {taskinstance.py:430} INFO - ::endgroup::
[2026-01-01T02:23:05.809+0000] {taskinstance.py:441} INFO - ::group::Post task execution logs
[2026-01-01T02:23:05.840+0000] {taskinstance.py:2905} ERROR - Task failed with exception
Traceback (most recent call last):
  File "/home/airflow/.local/lib/python3.12/site-packages/airflow/models/taskinstance.py", line 465, in _execute_task
    result = _execute_callable(context=context, **execute_callable_kwargs)
             ^^^^^^^^^^^^^^^^^^^^^^^^^^^^^^^^^^^^^^^^^^^^^^^^^^^^^^^^^^^^^
  File "/home/airflow/.local/lib/python3.12/site-packages/airflow/models/taskinstance.py", line 432, in _execute_callable
    return execute_callable(context=context, **execute_callable_kwargs)
           ^^^^^^^^^^^^^^^^^^^^^^^^^^^^^^^^^^^^^^^^^^^^^^^^^^^^^^^^^^^^
  File "/home/airflow/.local/lib/python3.12/site-packages/airflow/models/baseoperator.py", line 401, in wrapper
    return func(self, *args, **kwargs)
           ^^^^^^^^^^^^^^^^^^^^^^^^^^^
  File "/opt/airflow/plugins/function/datalake_df2csv.py", line 38, in execute
    df = self._load_dataframe()
         ^^^^^^^^^^^^^^^^^^^^^^
  File "/opt/airflow/plugins/function/datalake_df2csv.py", line 60, in _load_dataframe
    raise AirflowException(f"Logic file not found: {module_path}")
airflow.exceptions.AirflowException: Logic file not found: /opt/***/plugins/logic/thongtincongty.py
[2026-01-01T02:23:05.868+0000] {taskinstance.py:1206} INFO - Marking task as FAILED. dag_id=thongtin_cty_bctc, task_id=ingest_overview, run_id=scheduled__2025-12-31T00:00:00+00:00, map_index=276, execution_date=20251231T000000, start_date=20260101T022303, end_date=20260101T022305
[2026-01-01T02:23:05.909+0000] {standard_task_runner.py:110} ERROR - Failed to execute job 1681 for task ingest_overview (Logic file not found: /opt/***/plugins/logic/thongtincongty.py; 12544)
[2026-01-01T02:23:05.981+0000] {local_task_job_runner.py:243} INFO - Task exited with return code 1
[2026-01-01T02:23:06.083+0000] {taskinstance.py:3503} INFO - 0 downstream tasks scheduled from follow-on schedule check
[2026-01-01T02:23:06.115+0000] {local_task_job_runner.py:222} INFO - ::endgroup::
