[2026-01-01T03:00:56.489+0000] {local_task_job_runner.py:120} INFO - ::group::Pre task execution logs
[2026-01-01T03:00:56.533+0000] {taskinstance.py:2076} INFO - Dependencies all met for dep_context=non-requeueable deps ti=<TaskInstance: thongtin_cty_bctc.ingest_bctc manual__2025-12-31T15:11:19+00:00 map_index=15 [queued]>
[2026-01-01T03:00:56.551+0000] {taskinstance.py:2076} INFO - Dependencies all met for dep_context=requeueable deps ti=<TaskInstance: thongtin_cty_bctc.ingest_bctc manual__2025-12-31T15:11:19+00:00 map_index=15 [queued]>
[2026-01-01T03:00:56.552+0000] {taskinstance.py:2306} INFO - Starting attempt 1 of 2
[2026-01-01T03:00:56.575+0000] {taskinstance.py:2330} INFO - Executing <Mapped(DfToCsvOperator): ingest_bctc> on 2025-12-31 15:11:19+00:00
[2026-01-01T03:00:56.593+0000] {warnings.py:112} WARNING - This process (pid=23729) is multi-threaded, use of fork() may lead to deadlocks in the child.

[2026-01-01T03:00:56.601+0000] {standard_task_runner.py:64} INFO - Started process 23840 to run task
[2026-01-01T03:00:56.600+0000] {standard_task_runner.py:90} INFO - Running: ['***', 'tasks', 'run', 'thongtin_cty_bctc', 'ingest_bctc', 'manual__2025-12-31T15:11:19+00:00', '--job-id', '2669', '--raw', '--subdir', 'DAGS_FOLDER/tt_cty_bctc.py', '--cfg-path', '/tmp/tmp59fawb0h', '--map-index', '15']
[2026-01-01T03:00:56.602+0000] {standard_task_runner.py:91} INFO - Job 2669: Subtask ingest_bctc
[2026-01-01T03:00:56.690+0000] {task_command.py:426} INFO - Running <TaskInstance: thongtin_cty_bctc.ingest_bctc manual__2025-12-31T15:11:19+00:00 map_index=15 [running]> on host 43b0a0f7606b
[2026-01-01T03:00:56.873+0000] {taskinstance.py:2648} INFO - Exporting env vars: AIRFLOW_CTX_DAG_OWNER='***' AIRFLOW_CTX_DAG_ID='thongtin_cty_bctc' AIRFLOW_CTX_TASK_ID='ingest_bctc' AIRFLOW_CTX_EXECUTION_DATE='2025-12-31T15:11:19+00:00' AIRFLOW_CTX_TRY_NUMBER='1' AIRFLOW_CTX_DAG_RUN_ID='manual__2025-12-31T15:11:19+00:00'
[2026-01-01T03:00:56.875+0000] {taskinstance.py:430} INFO - ::endgroup::
[2026-01-01T03:00:56.887+0000] {logging_mixin.py:188} INFO - Bắt đầu xử lý batch 3 mã: ['VGC', 'GVR', 'HAG']
[2026-01-01T03:00:56.888+0000] {logging_mixin.py:188} INFO -  >> Đang lấy dữ liệu: VGC
[2026-01-01T03:00:57.095+0000] {logging_mixin.py:188} INFO -  Lỗi xử lý mã VGC: Failed to fetch data: 429 - Too Many Requests
[2026-01-01T03:00:57.098+0000] {logging_mixin.py:188} INFO -  >> Đang lấy dữ liệu: GVR
[2026-01-01T03:00:57.271+0000] {logging_mixin.py:188} INFO -  Lỗi xử lý mã GVR: Failed to fetch data: 429 - Too Many Requests
[2026-01-01T03:00:57.273+0000] {logging_mixin.py:188} INFO -  >> Đang lấy dữ liệu: HAG
[2026-01-01T03:00:57.485+0000] {logging_mixin.py:188} INFO -  Lỗi xử lý mã HAG: Failed to fetch data: 429 - Too Many Requests
[2026-01-01T03:00:57.488+0000] {logging_mixin.py:188} INFO -  ⚠ Batch này không thu được dữ liệu nào.
[2026-01-01T03:00:57.497+0000] {datalake_df2csv.py:40} INFO - DataFrame rỗng, bỏ qua upload CSV.
[2026-01-01T03:00:57.502+0000] {taskinstance.py:441} INFO - ::group::Post task execution logs
[2026-01-01T03:00:57.530+0000] {taskinstance.py:1206} INFO - Marking task as SUCCESS. dag_id=thongtin_cty_bctc, task_id=ingest_bctc, run_id=manual__2025-12-31T15:11:19+00:00, map_index=15, execution_date=20251231T151119, start_date=20260101T030056, end_date=20260101T030057
[2026-01-01T03:00:57.688+0000] {local_task_job_runner.py:243} INFO - Task exited with return code 0
[2026-01-01T03:00:57.713+0000] {taskinstance.py:3503} INFO - 0 downstream tasks scheduled from follow-on schedule check
[2026-01-01T03:00:57.731+0000] {local_task_job_runner.py:222} INFO - ::endgroup::
