[2026-01-11T03:53:00.479+0000] {local_task_job_runner.py:120} INFO - ::group::Pre task execution logs
[2026-01-11T03:53:00.522+0000] {taskinstance.py:2076} INFO - Dependencies all met for dep_context=non-requeueable deps ti=<TaskInstance: bctc.ingest_bctc manual__2026-01-11T03:52:02+00:00 map_index=33 [queued]>
[2026-01-11T03:53:00.547+0000] {taskinstance.py:2076} INFO - Dependencies all met for dep_context=requeueable deps ti=<TaskInstance: bctc.ingest_bctc manual__2026-01-11T03:52:02+00:00 map_index=33 [queued]>
[2026-01-11T03:53:00.548+0000] {taskinstance.py:2306} INFO - Starting attempt 1 of 2
[2026-01-11T03:53:00.572+0000] {taskinstance.py:2330} INFO - Executing <Mapped(DfToCsvOperator): ingest_bctc> on 2026-01-11 03:52:02+00:00
[2026-01-11T03:53:00.592+0000] {warnings.py:112} WARNING - This process (pid=480) is multi-threaded, use of fork() may lead to deadlocks in the child.

[2026-01-11T03:53:00.595+0000] {standard_task_runner.py:64} INFO - Started process 574 to run task
[2026-01-11T03:53:00.605+0000] {standard_task_runner.py:90} INFO - Running: ['***', 'tasks', 'run', 'bctc', 'ingest_bctc', 'manual__2026-01-11T03:52:02+00:00', '--job-id', '10129', '--raw', '--subdir', 'DAGS_FOLDER/tt_cty_bctc.py', '--cfg-path', '/tmp/tmpa9y3um8m', '--map-index', '33']
[2026-01-11T03:53:00.608+0000] {standard_task_runner.py:91} INFO - Job 10129: Subtask ingest_bctc
[2026-01-11T03:53:00.799+0000] {task_command.py:426} INFO - Running <TaskInstance: bctc.ingest_bctc manual__2026-01-11T03:52:02+00:00 map_index=33 [running]> on host 3f2af93df813
[2026-01-11T03:53:01.053+0000] {taskinstance.py:2648} INFO - Exporting env vars: AIRFLOW_CTX_DAG_OWNER='***' AIRFLOW_CTX_DAG_ID='bctc' AIRFLOW_CTX_TASK_ID='ingest_bctc' AIRFLOW_CTX_EXECUTION_DATE='2026-01-11T03:52:02+00:00' AIRFLOW_CTX_TRY_NUMBER='1' AIRFLOW_CTX_DAG_RUN_ID='manual__2026-01-11T03:52:02+00:00'
[2026-01-11T03:53:01.056+0000] {taskinstance.py:430} INFO - ::endgroup::
[2026-01-11T03:53:01.076+0000] {logging_mixin.py:188} INFO - Bắt đầu xử lý batch 20 mã: ['PPE', 'PPC', 'POW', 'POV', 'POT', 'POS', 'POM', 'POB', 'PNT', 'PNP', 'PNJ', 'PNG', 'PND', 'PNC', 'PMW', 'PMT', 'PMS', 'PMP', 'PMJ', 'PMG']
[2026-01-11T03:53:01.077+0000] {logging_mixin.py:188} INFO -  >> Đang lấy dữ liệu: PPE
[2026-01-11T03:53:01.425+0000] {logging_mixin.py:188} INFO -  Lỗi xử lý mã PPE: Failed to fetch data: 429 - Too Many Requests
[2026-01-11T03:53:01.427+0000] {logging_mixin.py:188} INFO -  >> Đang lấy dữ liệu: PPC
[2026-01-11T03:53:02.074+0000] {logging_mixin.py:188} INFO -  Lỗi xử lý mã PPC: Failed to fetch data: 429 - Too Many Requests
[2026-01-11T03:53:02.075+0000] {logging_mixin.py:188} INFO -  >> Đang lấy dữ liệu: POW
[2026-01-11T03:53:02.586+0000] {logging_mixin.py:188} INFO -  Lỗi xử lý mã POW: Failed to fetch data: 429 - Too Many Requests
[2026-01-11T03:53:02.587+0000] {logging_mixin.py:188} INFO -  >> Đang lấy dữ liệu: POV
[2026-01-11T03:53:02.902+0000] {logging_mixin.py:188} INFO -  Lỗi xử lý mã POV: Failed to fetch data: 429 - Too Many Requests
[2026-01-11T03:53:02.903+0000] {logging_mixin.py:188} INFO -  >> Đang lấy dữ liệu: POT
[2026-01-11T03:53:03.065+0000] {logging_mixin.py:188} INFO -  Lỗi xử lý mã POT: Failed to fetch data: 429 - Too Many Requests
[2026-01-11T03:53:03.066+0000] {logging_mixin.py:188} INFO -  >> Đang lấy dữ liệu: POS
[2026-01-11T03:53:03.313+0000] {logging_mixin.py:188} INFO -  Lỗi xử lý mã POS: Failed to fetch data: 429 - Too Many Requests
[2026-01-11T03:53:03.315+0000] {logging_mixin.py:188} INFO -  >> Đang lấy dữ liệu: POM
[2026-01-11T03:53:03.502+0000] {logging_mixin.py:188} INFO -  Lỗi xử lý mã POM: Failed to fetch data: 429 - Too Many Requests
[2026-01-11T03:53:03.504+0000] {logging_mixin.py:188} INFO -  >> Đang lấy dữ liệu: POB
[2026-01-11T03:53:03.641+0000] {logging_mixin.py:188} INFO -  Lỗi xử lý mã POB: Failed to fetch data: 429 - Too Many Requests
[2026-01-11T03:53:03.642+0000] {logging_mixin.py:188} INFO -  >> Đang lấy dữ liệu: PNT
[2026-01-11T03:53:03.814+0000] {logging_mixin.py:188} INFO -  Lỗi xử lý mã PNT: Failed to fetch data: 429 - Too Many Requests
[2026-01-11T03:53:03.815+0000] {logging_mixin.py:188} INFO -  >> Đang lấy dữ liệu: PNP
[2026-01-11T03:53:03.974+0000] {logging_mixin.py:188} INFO -  Lỗi xử lý mã PNP: Failed to fetch data: 429 - Too Many Requests
[2026-01-11T03:53:03.975+0000] {logging_mixin.py:188} INFO -  >> Đang lấy dữ liệu: PNJ
[2026-01-11T03:53:04.231+0000] {logging_mixin.py:188} INFO -  Lỗi xử lý mã PNJ: Failed to fetch data: 429 - Too Many Requests
[2026-01-11T03:53:04.232+0000] {logging_mixin.py:188} INFO -  >> Đang lấy dữ liệu: PNG
[2026-01-11T03:53:04.734+0000] {logging_mixin.py:188} INFO -  Lỗi xử lý mã PNG: Failed to fetch data: 429 - Too Many Requests
[2026-01-11T03:53:04.735+0000] {logging_mixin.py:188} INFO -  >> Đang lấy dữ liệu: PND
[2026-01-11T03:53:04.891+0000] {logging_mixin.py:188} INFO -  Lỗi xử lý mã PND: Failed to fetch data: 429 - Too Many Requests
[2026-01-11T03:53:04.892+0000] {logging_mixin.py:188} INFO -  >> Đang lấy dữ liệu: PNC
[2026-01-11T03:53:05.727+0000] {logging_mixin.py:188} INFO -  Lỗi xử lý mã PNC: Failed to fetch data: 429 - Too Many Requests
[2026-01-11T03:53:05.728+0000] {logging_mixin.py:188} INFO -  >> Đang lấy dữ liệu: PMW
[2026-01-11T03:53:05.853+0000] {logging_mixin.py:188} INFO -  Lỗi xử lý mã PMW: Failed to fetch data: 429 - Too Many Requests
[2026-01-11T03:53:05.854+0000] {logging_mixin.py:188} INFO -  >> Đang lấy dữ liệu: PMT
[2026-01-11T03:53:05.990+0000] {logging_mixin.py:188} INFO -  Lỗi xử lý mã PMT: Failed to fetch data: 429 - Too Many Requests
[2026-01-11T03:53:05.991+0000] {logging_mixin.py:188} INFO -  >> Đang lấy dữ liệu: PMS
[2026-01-11T03:53:06.337+0000] {logging_mixin.py:188} INFO -  Lỗi xử lý mã PMS: Failed to fetch data: 429 - Too Many Requests
[2026-01-11T03:53:06.339+0000] {logging_mixin.py:188} INFO -  >> Đang lấy dữ liệu: PMP
[2026-01-11T03:53:07.194+0000] {logging_mixin.py:188} INFO -  Lỗi xử lý mã PMP: Failed to fetch data: 429 - Too Many Requests
[2026-01-11T03:53:07.195+0000] {logging_mixin.py:188} INFO -  >> Đang lấy dữ liệu: PMJ
[2026-01-11T03:53:07.322+0000] {logging_mixin.py:188} INFO -  Lỗi xử lý mã PMJ: Failed to fetch data: 429 - Too Many Requests
[2026-01-11T03:53:07.323+0000] {logging_mixin.py:188} INFO -  >> Đang lấy dữ liệu: PMG
[2026-01-11T03:53:08.036+0000] {logging_mixin.py:188} INFO -  Lỗi xử lý mã PMG: Failed to fetch data: 429 - Too Many Requests
[2026-01-11T03:53:08.037+0000] {logging_mixin.py:188} INFO -  ⚠ Batch này không thu được dữ liệu nào.
[2026-01-11T03:53:08.635+0000] {datalake_df2csv.py:40} INFO - DataFrame rỗng, bỏ qua upload CSV.
[2026-01-11T03:53:08.636+0000] {taskinstance.py:441} INFO - ::group::Post task execution logs
[2026-01-11T03:53:08.652+0000] {taskinstance.py:1206} INFO - Marking task as SUCCESS. dag_id=bctc, task_id=ingest_bctc, run_id=manual__2026-01-11T03:52:02+00:00, map_index=33, execution_date=20260111T035202, start_date=20260111T035300, end_date=20260111T035308
[2026-01-11T03:53:08.739+0000] {local_task_job_runner.py:243} INFO - Task exited with return code 0
[2026-01-11T03:53:08.795+0000] {taskinstance.py:3503} INFO - 0 downstream tasks scheduled from follow-on schedule check
[2026-01-11T03:53:08.798+0000] {local_task_job_runner.py:222} INFO - ::endgroup::
