[2026-01-12T13:29:19.521+0000] {local_task_job_runner.py:120} INFO - ::group::Pre task execution logs
[2026-01-12T13:29:19.567+0000] {taskinstance.py:2076} INFO - Dependencies all met for dep_context=non-requeueable deps ti=<TaskInstance: company_overview_to_minio.ingest_overview manual__2026-01-12T13:28:56.907705+00:00 map_index=3 [queued]>
[2026-01-12T13:29:19.596+0000] {taskinstance.py:2076} INFO - Dependencies all met for dep_context=requeueable deps ti=<TaskInstance: company_overview_to_minio.ingest_overview manual__2026-01-12T13:28:56.907705+00:00 map_index=3 [queued]>
[2026-01-12T13:29:19.600+0000] {taskinstance.py:2306} INFO - Starting attempt 1 of 2
[2026-01-12T13:29:19.644+0000] {taskinstance.py:2330} INFO - Executing <Mapped(DfToCsvOperator): ingest_overview> on 2026-01-12 13:28:56.907705+00:00
[2026-01-12T13:29:19.680+0000] {warnings.py:112} WARNING - This process (pid=334) is multi-threaded, use of fork() may lead to deadlocks in the child.

[2026-01-12T13:29:19.710+0000] {standard_task_runner.py:64} INFO - Started process 483 to run task
[2026-01-12T13:29:19.715+0000] {standard_task_runner.py:90} INFO - Running: ['***', 'tasks', 'run', 'company_overview_to_minio', 'ingest_overview', 'manual__2026-01-12T13:28:56.907705+00:00', '--job-id', '10738', '--raw', '--subdir', 'DAGS_FOLDER/company_overview_to_minio.py', '--cfg-path', '/tmp/tmpc0338jgn', '--map-index', '3']
[2026-01-12T13:29:19.752+0000] {standard_task_runner.py:91} INFO - Job 10738: Subtask ingest_overview
[2026-01-12T13:29:19.965+0000] {task_command.py:426} INFO - Running <TaskInstance: company_overview_to_minio.ingest_overview manual__2026-01-12T13:28:56.907705+00:00 map_index=3 [running]> on host 5a20a797a43c
[2026-01-12T13:29:20.354+0000] {taskinstance.py:2648} INFO - Exporting env vars: AIRFLOW_CTX_DAG_OWNER='***' AIRFLOW_CTX_DAG_ID='company_overview_to_minio' AIRFLOW_CTX_TASK_ID='ingest_overview' AIRFLOW_CTX_EXECUTION_DATE='2026-01-12T13:28:56.907705+00:00' AIRFLOW_CTX_TRY_NUMBER='1' AIRFLOW_CTX_DAG_RUN_ID='manual__2026-01-12T13:28:56.907705+00:00'
[2026-01-12T13:29:20.361+0000] {taskinstance.py:430} INFO - ::endgroup::
[2026-01-12T13:29:23.786+0000] {warnings.py:112} WARNING - DataFrame.applymap has been deprecated. Use DataFrame.map instead.

[2026-01-12T13:29:25.063+0000] {warnings.py:112} WARNING - DataFrame.applymap has been deprecated. Use DataFrame.map instead.

[2026-01-12T13:29:26.351+0000] {warnings.py:112} WARNING - DataFrame.applymap has been deprecated. Use DataFrame.map instead.

[2026-01-12T13:29:27.670+0000] {warnings.py:112} WARNING - DataFrame.applymap has been deprecated. Use DataFrame.map instead.

[2026-01-12T13:29:29.087+0000] {warnings.py:112} WARNING - DataFrame.applymap has been deprecated. Use DataFrame.map instead.

[2026-01-12T13:29:30.392+0000] {warnings.py:112} WARNING - DataFrame.applymap has been deprecated. Use DataFrame.map instead.

[2026-01-12T13:29:31.780+0000] {warnings.py:112} WARNING - DataFrame.applymap has been deprecated. Use DataFrame.map instead.

[2026-01-12T13:29:33.109+0000] {warnings.py:112} WARNING - DataFrame.applymap has been deprecated. Use DataFrame.map instead.

[2026-01-12T13:29:34.525+0000] {warnings.py:112} WARNING - DataFrame.applymap has been deprecated. Use DataFrame.map instead.

[2026-01-12T13:29:35.794+0000] {warnings.py:112} WARNING - DataFrame.applymap has been deprecated. Use DataFrame.map instead.

[2026-01-12T13:29:37.060+0000] {warnings.py:112} WARNING - DataFrame.applymap has been deprecated. Use DataFrame.map instead.

[2026-01-12T13:29:38.320+0000] {warnings.py:112} WARNING - DataFrame.applymap has been deprecated. Use DataFrame.map instead.

[2026-01-12T13:29:39.613+0000] {warnings.py:112} WARNING - DataFrame.applymap has been deprecated. Use DataFrame.map instead.

[2026-01-12T13:29:40.852+0000] {warnings.py:112} WARNING - DataFrame.applymap has been deprecated. Use DataFrame.map instead.

[2026-01-12T13:29:42.143+0000] {warnings.py:112} WARNING - DataFrame.applymap has been deprecated. Use DataFrame.map instead.

[2026-01-12T13:29:43.424+0000] {warnings.py:112} WARNING - DataFrame.applymap has been deprecated. Use DataFrame.map instead.

[2026-01-12T13:29:44.867+0000] {warnings.py:112} WARNING - DataFrame.applymap has been deprecated. Use DataFrame.map instead.

[2026-01-12T13:29:46.441+0000] {warnings.py:112} WARNING - DataFrame.applymap has been deprecated. Use DataFrame.map instead.

[2026-01-12T13:29:47.740+0000] {warnings.py:112} WARNING - DataFrame.applymap has been deprecated. Use DataFrame.map instead.

[2026-01-12T13:29:49.067+0000] {warnings.py:112} WARNING - DataFrame.applymap has been deprecated. Use DataFrame.map instead.

[2026-01-12T13:29:50.097+0000] {base.py:84} INFO - Using connection ID 'minio_finance' for task execution.
[2026-01-12T13:29:50.098+0000] {connection_wrapper.py:384} INFO - AWS Connection (conn_id='minio_finance', conn_type='aws') credentials retrieved from login and password.
[2026-01-12T13:29:50.681+0000] {datalake_df2csv.py:52} INFO - ✅ Đã upload 20 dòng -> s3://thongtin-congty-va-bctc/overview/date=2026-01-12/batch_3.csv
[2026-01-12T13:29:50.682+0000] {taskinstance.py:441} INFO - ::group::Post task execution logs
[2026-01-12T13:29:50.693+0000] {taskinstance.py:1206} INFO - Marking task as SUCCESS. dag_id=company_overview_to_minio, task_id=ingest_overview, run_id=manual__2026-01-12T13:28:56.907705+00:00, map_index=3, execution_date=20260112T132856, start_date=20260112T132919, end_date=20260112T132950
[2026-01-12T13:29:50.756+0000] {local_task_job_runner.py:243} INFO - Task exited with return code 0
[2026-01-12T13:29:50.789+0000] {taskinstance.py:3503} INFO - 0 downstream tasks scheduled from follow-on schedule check
[2026-01-12T13:29:50.793+0000] {local_task_job_runner.py:222} INFO - ::endgroup::
