[2026-01-08T15:48:49.967+0000] {local_task_job_runner.py:120} INFO - ::group::Pre task execution logs
[2026-01-08T15:48:50.014+0000] {taskinstance.py:2076} INFO - Dependencies all met for dep_context=non-requeueable deps ti=<TaskInstance: history_price.ingest_history_price manual__2026-01-08T15:44:05+00:00 map_index=19 [queued]>
[2026-01-08T15:48:50.041+0000] {taskinstance.py:2076} INFO - Dependencies all met for dep_context=requeueable deps ti=<TaskInstance: history_price.ingest_history_price manual__2026-01-08T15:44:05+00:00 map_index=19 [queued]>
[2026-01-08T15:48:50.043+0000] {taskinstance.py:2306} INFO - Starting attempt 1 of 2
[2026-01-08T15:48:50.372+0000] {taskinstance.py:2330} INFO - Executing <Mapped(DfToCsvOperator): ingest_history_price> on 2026-01-08 15:44:05+00:00
[2026-01-08T15:48:50.390+0000] {warnings.py:112} WARNING - This process (pid=7336) is multi-threaded, use of fork() may lead to deadlocks in the child.

[2026-01-08T15:48:50.392+0000] {standard_task_runner.py:64} INFO - Started process 7430 to run task
[2026-01-08T15:48:50.409+0000] {standard_task_runner.py:90} INFO - Running: ['***', 'tasks', 'run', 'history_price', 'ingest_history_price', 'manual__2026-01-08T15:44:05+00:00', '--job-id', '7602', '--raw', '--subdir', 'DAGS_FOLDER/history_price.py', '--cfg-path', '/tmp/tmp_p9okk6_', '--map-index', '19']
[2026-01-08T15:48:50.412+0000] {standard_task_runner.py:91} INFO - Job 7602: Subtask ingest_history_price
[2026-01-08T15:48:50.535+0000] {task_command.py:426} INFO - Running <TaskInstance: history_price.ingest_history_price manual__2026-01-08T15:44:05+00:00 map_index=19 [running]> on host 7568acf023da
[2026-01-08T15:48:50.749+0000] {taskinstance.py:2648} INFO - Exporting env vars: AIRFLOW_CTX_DAG_OWNER='***' AIRFLOW_CTX_DAG_ID='history_price' AIRFLOW_CTX_TASK_ID='ingest_history_price' AIRFLOW_CTX_EXECUTION_DATE='2026-01-08T15:44:05+00:00' AIRFLOW_CTX_TRY_NUMBER='1' AIRFLOW_CTX_DAG_RUN_ID='manual__2026-01-08T15:44:05+00:00'
[2026-01-08T15:48:50.754+0000] {taskinstance.py:430} INFO - ::endgroup::
[2026-01-08T15:48:54.287+0000] {base.py:84} INFO - Using connection ID 'minio_finance' for task execution.
[2026-01-08T15:48:54.291+0000] {connection_wrapper.py:384} INFO - AWS Connection (conn_id='minio_finance', conn_type='aws') credentials retrieved from login and password.
[2026-01-08T15:48:55.034+0000] {datalake_df2csv.py:52} INFO - ✅ Đã upload 40 dòng -> s3://thongtin-congty-va-bctc/history_price/2026-01-08/batch_19.csv
[2026-01-08T15:48:55.035+0000] {taskinstance.py:441} INFO - ::group::Post task execution logs
[2026-01-08T15:48:55.060+0000] {taskinstance.py:1206} INFO - Marking task as SUCCESS. dag_id=history_price, task_id=ingest_history_price, run_id=manual__2026-01-08T15:44:05+00:00, map_index=19, execution_date=20260108T154405, start_date=20260108T154850, end_date=20260108T154855
[2026-01-08T15:48:55.130+0000] {local_task_job_runner.py:243} INFO - Task exited with return code 0
[2026-01-08T15:48:55.150+0000] {taskinstance.py:3503} INFO - 0 downstream tasks scheduled from follow-on schedule check
[2026-01-08T15:48:55.153+0000] {local_task_job_runner.py:222} INFO - ::endgroup::
