[2026-01-01T09:08:02.104+0000] {local_task_job_runner.py:120} INFO - ::group::Pre task execution logs
[2026-01-01T09:08:02.154+0000] {taskinstance.py:2076} INFO - Dependencies all met for dep_context=non-requeueable deps ti=<TaskInstance: thongtin_cty_bctc.ingest_bctc scheduled__2025-12-30T00:00:00+00:00 map_index=85 [queued]>
[2026-01-01T09:08:02.184+0000] {taskinstance.py:2076} INFO - Dependencies all met for dep_context=requeueable deps ti=<TaskInstance: thongtin_cty_bctc.ingest_bctc scheduled__2025-12-30T00:00:00+00:00 map_index=85 [queued]>
[2026-01-01T09:08:02.185+0000] {taskinstance.py:2306} INFO - Starting attempt 3 of 4
[2026-01-01T09:08:02.203+0000] {taskinstance.py:2330} INFO - Executing <Mapped(DfToCsvOperator): ingest_bctc> on 2025-12-30 00:00:00+00:00
[2026-01-01T09:08:02.216+0000] {warnings.py:112} WARNING - This process (pid=11648) is multi-threaded, use of fork() may lead to deadlocks in the child.

[2026-01-01T09:08:02.217+0000] {standard_task_runner.py:64} INFO - Started process 11680 to run task
[2026-01-01T09:08:02.220+0000] {standard_task_runner.py:90} INFO - Running: ['***', 'tasks', 'run', 'thongtin_cty_bctc', 'ingest_bctc', 'scheduled__2025-12-30T00:00:00+00:00', '--job-id', '4684', '--raw', '--subdir', 'DAGS_FOLDER/tt_cty_bctc.py', '--cfg-path', '/tmp/tmp04fqo1f3', '--map-index', '85']
[2026-01-01T09:08:02.222+0000] {standard_task_runner.py:91} INFO - Job 4684: Subtask ingest_bctc
[2026-01-01T09:08:02.278+0000] {task_command.py:426} INFO - Running <TaskInstance: thongtin_cty_bctc.ingest_bctc scheduled__2025-12-30T00:00:00+00:00 map_index=85 [running]> on host b455963a0603
[2026-01-01T09:08:02.621+0000] {taskinstance.py:2648} INFO - Exporting env vars: AIRFLOW_CTX_DAG_OWNER='***' AIRFLOW_CTX_DAG_ID='thongtin_cty_bctc' AIRFLOW_CTX_TASK_ID='ingest_bctc' AIRFLOW_CTX_EXECUTION_DATE='2025-12-30T00:00:00+00:00' AIRFLOW_CTX_TRY_NUMBER='3' AIRFLOW_CTX_DAG_RUN_ID='scheduled__2025-12-30T00:00:00+00:00'
[2026-01-01T09:08:02.622+0000] {taskinstance.py:430} INFO - ::endgroup::
[2026-01-01T09:08:02.633+0000] {logging_mixin.py:188} INFO - Bắt đầu xử lý batch 3 mã: ['TSJ', 'TSG', 'TSD']
[2026-01-01T09:08:02.633+0000] {logging_mixin.py:188} INFO -  >> Đang lấy dữ liệu: TSJ
[2026-01-01T09:08:05.573+0000] {logging_mixin.py:188} INFO -  >> Đang lấy dữ liệu: TSG
[2026-01-01T09:08:08.793+0000] {logging_mixin.py:188} INFO -  >> Đang lấy dữ liệu: TSD
[2026-01-01T09:08:34.748+0000] {logging_mixin.py:188} INFO - ❌ Lỗi income_statement: RetryError[<Future at 0x7f2684289250 state=finished raised KeyError>]
[2026-01-01T09:08:39.307+0000] {logging_mixin.py:188} INFO - ❌ Lỗi balance_sheet: RetryError[<Future at 0x7f266ef769f0 state=finished raised KeyError>]
[2026-01-01T09:08:43.795+0000] {logging_mixin.py:188} INFO - ❌ Lỗi cash_flow: RetryError[<Future at 0x7f266ef76c90 state=finished raised KeyError>]
[2026-01-01T09:08:44.799+0000] {logging_mixin.py:188} INFO -  ✓ Hoàn thành batch. Tổng số dòng: 2874
[2026-01-01T09:08:44.842+0000] {base.py:84} INFO - Using connection ID 'minio_finance' for task execution.
[2026-01-01T09:08:44.843+0000] {connection_wrapper.py:384} INFO - AWS Connection (conn_id='minio_finance', conn_type='aws') credentials retrieved from login and password.
[2026-01-01T09:08:45.371+0000] {datalake_df2csv.py:53} INFO - ✅ Đã upload 2874 dòng -> s3://thongtin-congty-va-bctc/bctc/2025-12-30/batch_85.csv
[2026-01-01T09:08:45.373+0000] {taskinstance.py:441} INFO - ::group::Post task execution logs
[2026-01-01T09:08:45.386+0000] {taskinstance.py:1206} INFO - Marking task as SUCCESS. dag_id=thongtin_cty_bctc, task_id=ingest_bctc, run_id=scheduled__2025-12-30T00:00:00+00:00, map_index=85, execution_date=20251230T000000, start_date=20260101T090802, end_date=20260101T090845
[2026-01-01T09:08:45.446+0000] {local_task_job_runner.py:243} INFO - Task exited with return code 0
[2026-01-01T09:08:45.699+0000] {taskinstance.py:3503} INFO - 0 downstream tasks scheduled from follow-on schedule check
[2026-01-01T09:08:45.703+0000] {local_task_job_runner.py:222} INFO - ::endgroup::
