[2026-01-11T04:03:08.005+0000] {local_task_job_runner.py:120} INFO - ::group::Pre task execution logs
[2026-01-11T04:03:08.110+0000] {taskinstance.py:2076} INFO - Dependencies all met for dep_context=non-requeueable deps ti=<TaskInstance: bctc.ingest_bctc manual__2026-01-11T04:01:06+00:00 map_index=77 [queued]>
[2026-01-11T04:03:08.178+0000] {taskinstance.py:2076} INFO - Dependencies all met for dep_context=requeueable deps ti=<TaskInstance: bctc.ingest_bctc manual__2026-01-11T04:01:06+00:00 map_index=77 [queued]>
[2026-01-11T04:03:08.180+0000] {taskinstance.py:2306} INFO - Starting attempt 1 of 2
[2026-01-11T04:03:08.209+0000] {taskinstance.py:2330} INFO - Executing <Mapped(DfToCsvOperator): ingest_bctc> on 2026-01-11 04:01:06+00:00
[2026-01-11T04:03:08.227+0000] {warnings.py:112} WARNING - This process (pid=2026) is multi-threaded, use of fork() may lead to deadlocks in the child.

[2026-01-11T04:03:08.232+0000] {standard_task_runner.py:64} INFO - Started process 2138 to run task
[2026-01-11T04:03:08.236+0000] {standard_task_runner.py:90} INFO - Running: ['***', 'tasks', 'run', 'bctc', 'ingest_bctc', 'manual__2026-01-11T04:01:06+00:00', '--job-id', '10261', '--raw', '--subdir', 'DAGS_FOLDER/tt_cty_bctc.py', '--cfg-path', '/tmp/tmprj9yz51u', '--map-index', '77']
[2026-01-11T04:03:08.239+0000] {standard_task_runner.py:91} INFO - Job 10261: Subtask ingest_bctc
[2026-01-11T04:03:08.411+0000] {task_command.py:426} INFO - Running <TaskInstance: bctc.ingest_bctc manual__2026-01-11T04:01:06+00:00 map_index=77 [running]> on host 3f2af93df813
[2026-01-11T04:03:09.051+0000] {taskinstance.py:2648} INFO - Exporting env vars: AIRFLOW_CTX_DAG_OWNER='***' AIRFLOW_CTX_DAG_ID='bctc' AIRFLOW_CTX_TASK_ID='ingest_bctc' AIRFLOW_CTX_EXECUTION_DATE='2026-01-11T04:01:06+00:00' AIRFLOW_CTX_TRY_NUMBER='1' AIRFLOW_CTX_DAG_RUN_ID='manual__2026-01-11T04:01:06+00:00'
[2026-01-11T04:03:09.052+0000] {taskinstance.py:430} INFO - ::endgroup::
[2026-01-11T04:03:09.069+0000] {logging_mixin.py:188} INFO - Bắt đầu xử lý batch 20 mã: ['CAD', 'CAB', 'C92', 'C69', 'C4G', 'C47', 'C32', 'C22', 'C21', 'C12', 'BXT', 'BXH', 'BWS', 'BWE', 'BWA', 'BVS', 'BVN', 'BVL', 'BVH', 'BVG']
[2026-01-11T04:03:09.070+0000] {logging_mixin.py:188} INFO -  >> Đang lấy dữ liệu: CAD
[2026-01-11T04:03:09.184+0000] {logging_mixin.py:188} INFO -  Lỗi xử lý mã CAD: Failed to fetch data: 429 - Too Many Requests
[2026-01-11T04:03:09.186+0000] {logging_mixin.py:188} INFO -  >> Đang lấy dữ liệu: CAB
[2026-01-11T04:03:09.311+0000] {logging_mixin.py:188} INFO -  Lỗi xử lý mã CAB: Failed to fetch data: 429 - Too Many Requests
[2026-01-11T04:03:09.312+0000] {logging_mixin.py:188} INFO -  >> Đang lấy dữ liệu: C92
[2026-01-11T04:03:09.429+0000] {logging_mixin.py:188} INFO -  Lỗi xử lý mã C92: Failed to fetch data: 429 - Too Many Requests
[2026-01-11T04:03:09.430+0000] {logging_mixin.py:188} INFO -  >> Đang lấy dữ liệu: C69
[2026-01-11T04:03:09.647+0000] {logging_mixin.py:188} INFO -  Lỗi xử lý mã C69: Failed to fetch data: 429 - Too Many Requests
[2026-01-11T04:03:09.648+0000] {logging_mixin.py:188} INFO -  >> Đang lấy dữ liệu: C4G
[2026-01-11T04:03:09.805+0000] {logging_mixin.py:188} INFO -  Lỗi xử lý mã C4G: Failed to fetch data: 429 - Too Many Requests
[2026-01-11T04:03:09.806+0000] {logging_mixin.py:188} INFO -  >> Đang lấy dữ liệu: C47
[2026-01-11T04:03:09.987+0000] {logging_mixin.py:188} INFO -  Lỗi xử lý mã C47: Failed to fetch data: 429 - Too Many Requests
[2026-01-11T04:03:09.989+0000] {logging_mixin.py:188} INFO -  >> Đang lấy dữ liệu: C32
[2026-01-11T04:03:10.103+0000] {logging_mixin.py:188} INFO -  Lỗi xử lý mã C32: Failed to fetch data: 429 - Too Many Requests
[2026-01-11T04:03:10.104+0000] {logging_mixin.py:188} INFO -  >> Đang lấy dữ liệu: C22
[2026-01-11T04:03:10.226+0000] {logging_mixin.py:188} INFO -  Lỗi xử lý mã C22: Failed to fetch data: 429 - Too Many Requests
[2026-01-11T04:03:10.230+0000] {logging_mixin.py:188} INFO -  >> Đang lấy dữ liệu: C21
[2026-01-11T04:03:10.376+0000] {logging_mixin.py:188} INFO -  Lỗi xử lý mã C21: Failed to fetch data: 429 - Too Many Requests
[2026-01-11T04:03:10.377+0000] {logging_mixin.py:188} INFO -  >> Đang lấy dữ liệu: C12
[2026-01-11T04:03:10.512+0000] {logging_mixin.py:188} INFO -  Lỗi xử lý mã C12: Failed to fetch data: 429 - Too Many Requests
[2026-01-11T04:03:10.513+0000] {logging_mixin.py:188} INFO -  >> Đang lấy dữ liệu: BXT
[2026-01-11T04:03:10.629+0000] {logging_mixin.py:188} INFO -  Lỗi xử lý mã BXT: Failed to fetch data: 429 - Too Many Requests
[2026-01-11T04:03:10.630+0000] {logging_mixin.py:188} INFO -  >> Đang lấy dữ liệu: BXH
[2026-01-11T04:03:10.772+0000] {logging_mixin.py:188} INFO -  Lỗi xử lý mã BXH: Failed to fetch data: 429 - Too Many Requests
[2026-01-11T04:03:10.773+0000] {logging_mixin.py:188} INFO -  >> Đang lấy dữ liệu: BWS
[2026-01-11T04:03:10.871+0000] {logging_mixin.py:188} INFO -  Lỗi xử lý mã BWS: Failed to fetch data: 429 - Too Many Requests
[2026-01-11T04:03:10.873+0000] {logging_mixin.py:188} INFO -  >> Đang lấy dữ liệu: BWE
[2026-01-11T04:03:10.987+0000] {logging_mixin.py:188} INFO -  Lỗi xử lý mã BWE: Failed to fetch data: 429 - Too Many Requests
[2026-01-11T04:03:10.989+0000] {logging_mixin.py:188} INFO -  >> Đang lấy dữ liệu: BWA
[2026-01-11T04:03:11.099+0000] {logging_mixin.py:188} INFO -  Lỗi xử lý mã BWA: Failed to fetch data: 429 - Too Many Requests
[2026-01-11T04:03:11.101+0000] {logging_mixin.py:188} INFO -  >> Đang lấy dữ liệu: BVS
[2026-01-11T04:03:11.280+0000] {logging_mixin.py:188} INFO -  Lỗi xử lý mã BVS: Failed to fetch data: 429 - Too Many Requests
[2026-01-11T04:03:11.281+0000] {logging_mixin.py:188} INFO -  >> Đang lấy dữ liệu: BVN
[2026-01-11T04:03:11.450+0000] {logging_mixin.py:188} INFO -  Lỗi xử lý mã BVN: Failed to fetch data: 429 - Too Many Requests
[2026-01-11T04:03:11.452+0000] {logging_mixin.py:188} INFO -  >> Đang lấy dữ liệu: BVL
[2026-01-11T04:03:11.564+0000] {logging_mixin.py:188} INFO -  Lỗi xử lý mã BVL: Failed to fetch data: 429 - Too Many Requests
[2026-01-11T04:03:11.566+0000] {logging_mixin.py:188} INFO -  >> Đang lấy dữ liệu: BVH
[2026-01-11T04:03:11.713+0000] {logging_mixin.py:188} INFO -  Lỗi xử lý mã BVH: Failed to fetch data: 429 - Too Many Requests
[2026-01-11T04:03:11.715+0000] {logging_mixin.py:188} INFO -  >> Đang lấy dữ liệu: BVG
[2026-01-11T04:03:11.839+0000] {logging_mixin.py:188} INFO -  Lỗi xử lý mã BVG: Failed to fetch data: 429 - Too Many Requests
[2026-01-11T04:03:11.840+0000] {logging_mixin.py:188} INFO -  ⚠ Batch này không thu được dữ liệu nào.
[2026-01-11T04:03:11.844+0000] {datalake_df2csv.py:40} INFO - DataFrame rỗng, bỏ qua upload CSV.
[2026-01-11T04:03:11.845+0000] {taskinstance.py:441} INFO - ::group::Post task execution logs
[2026-01-11T04:03:11.857+0000] {taskinstance.py:1206} INFO - Marking task as SUCCESS. dag_id=bctc, task_id=ingest_bctc, run_id=manual__2026-01-11T04:01:06+00:00, map_index=77, execution_date=20260111T040106, start_date=20260111T040308, end_date=20260111T040311
[2026-01-11T04:03:11.925+0000] {local_task_job_runner.py:243} INFO - Task exited with return code 0
[2026-01-11T04:03:11.987+0000] {taskinstance.py:3503} INFO - 0 downstream tasks scheduled from follow-on schedule check
[2026-01-11T04:03:11.991+0000] {local_task_job_runner.py:222} INFO - ::endgroup::
