[2026-01-11T04:02:43.572+0000] {local_task_job_runner.py:120} INFO - ::group::Pre task execution logs
[2026-01-11T04:02:43.653+0000] {taskinstance.py:2076} INFO - Dependencies all met for dep_context=non-requeueable deps ti=<TaskInstance: bctc.ingest_bctc manual__2026-01-11T04:01:06+00:00 map_index=33 [queued]>
[2026-01-11T04:02:43.711+0000] {taskinstance.py:2076} INFO - Dependencies all met for dep_context=requeueable deps ti=<TaskInstance: bctc.ingest_bctc manual__2026-01-11T04:01:06+00:00 map_index=33 [queued]>
[2026-01-11T04:02:43.713+0000] {taskinstance.py:2306} INFO - Starting attempt 1 of 2
[2026-01-11T04:02:43.749+0000] {taskinstance.py:2330} INFO - Executing <Mapped(DfToCsvOperator): ingest_bctc> on 2026-01-11 04:01:06+00:00
[2026-01-11T04:02:43.768+0000] {warnings.py:112} WARNING - This process (pid=1613) is multi-threaded, use of fork() may lead to deadlocks in the child.

[2026-01-11T04:02:43.772+0000] {standard_task_runner.py:64} INFO - Started process 1726 to run task
[2026-01-11T04:02:43.776+0000] {standard_task_runner.py:90} INFO - Running: ['***', 'tasks', 'run', 'bctc', 'ingest_bctc', 'manual__2026-01-11T04:01:06+00:00', '--job-id', '10220', '--raw', '--subdir', 'DAGS_FOLDER/tt_cty_bctc.py', '--cfg-path', '/tmp/tmpst236yai', '--map-index', '33']
[2026-01-11T04:02:43.779+0000] {standard_task_runner.py:91} INFO - Job 10220: Subtask ingest_bctc
[2026-01-11T04:02:43.909+0000] {task_command.py:426} INFO - Running <TaskInstance: bctc.ingest_bctc manual__2026-01-11T04:01:06+00:00 map_index=33 [running]> on host 3f2af93df813
[2026-01-11T04:02:44.143+0000] {taskinstance.py:2648} INFO - Exporting env vars: AIRFLOW_CTX_DAG_OWNER='***' AIRFLOW_CTX_DAG_ID='bctc' AIRFLOW_CTX_TASK_ID='ingest_bctc' AIRFLOW_CTX_EXECUTION_DATE='2026-01-11T04:01:06+00:00' AIRFLOW_CTX_TRY_NUMBER='1' AIRFLOW_CTX_DAG_RUN_ID='manual__2026-01-11T04:01:06+00:00'
[2026-01-11T04:02:44.147+0000] {taskinstance.py:430} INFO - ::endgroup::
[2026-01-11T04:02:44.161+0000] {logging_mixin.py:188} INFO - Bắt đầu xử lý batch 20 mã: ['PPE', 'PPC', 'POW', 'POV', 'POT', 'POS', 'POM', 'POB', 'PNT', 'PNP', 'PNJ', 'PNG', 'PND', 'PNC', 'PMW', 'PMT', 'PMS', 'PMP', 'PMJ', 'PMG']
[2026-01-11T04:02:44.161+0000] {logging_mixin.py:188} INFO -  >> Đang lấy dữ liệu: PPE
[2026-01-11T04:02:44.327+0000] {logging_mixin.py:188} INFO -  Lỗi xử lý mã PPE: Failed to fetch data: 429 - Too Many Requests
[2026-01-11T04:02:44.328+0000] {logging_mixin.py:188} INFO -  >> Đang lấy dữ liệu: PPC
[2026-01-11T04:02:44.561+0000] {logging_mixin.py:188} INFO -  Lỗi xử lý mã PPC: Failed to fetch data: 429 - Too Many Requests
[2026-01-11T04:02:44.562+0000] {logging_mixin.py:188} INFO -  >> Đang lấy dữ liệu: POW
[2026-01-11T04:02:44.700+0000] {logging_mixin.py:188} INFO -  Lỗi xử lý mã POW: Failed to fetch data: 429 - Too Many Requests
[2026-01-11T04:02:44.701+0000] {logging_mixin.py:188} INFO -  >> Đang lấy dữ liệu: POV
[2026-01-11T04:02:44.814+0000] {logging_mixin.py:188} INFO -  Lỗi xử lý mã POV: Failed to fetch data: 429 - Too Many Requests
[2026-01-11T04:02:44.815+0000] {logging_mixin.py:188} INFO -  >> Đang lấy dữ liệu: POT
[2026-01-11T04:02:44.930+0000] {logging_mixin.py:188} INFO -  Lỗi xử lý mã POT: Failed to fetch data: 429 - Too Many Requests
[2026-01-11T04:02:44.931+0000] {logging_mixin.py:188} INFO -  >> Đang lấy dữ liệu: POS
[2026-01-11T04:02:45.039+0000] {logging_mixin.py:188} INFO -  Lỗi xử lý mã POS: Failed to fetch data: 429 - Too Many Requests
[2026-01-11T04:02:45.041+0000] {logging_mixin.py:188} INFO -  >> Đang lấy dữ liệu: POM
[2026-01-11T04:02:45.156+0000] {logging_mixin.py:188} INFO -  Lỗi xử lý mã POM: Failed to fetch data: 429 - Too Many Requests
[2026-01-11T04:02:45.157+0000] {logging_mixin.py:188} INFO -  >> Đang lấy dữ liệu: POB
[2026-01-11T04:02:45.325+0000] {logging_mixin.py:188} INFO -  Lỗi xử lý mã POB: Failed to fetch data: 429 - Too Many Requests
[2026-01-11T04:02:45.326+0000] {logging_mixin.py:188} INFO -  >> Đang lấy dữ liệu: PNT
[2026-01-11T04:02:45.492+0000] {logging_mixin.py:188} INFO -  Lỗi xử lý mã PNT: Failed to fetch data: 429 - Too Many Requests
[2026-01-11T04:02:45.493+0000] {logging_mixin.py:188} INFO -  >> Đang lấy dữ liệu: PNP
[2026-01-11T04:02:45.624+0000] {logging_mixin.py:188} INFO -  Lỗi xử lý mã PNP: Failed to fetch data: 429 - Too Many Requests
[2026-01-11T04:02:45.625+0000] {logging_mixin.py:188} INFO -  >> Đang lấy dữ liệu: PNJ
[2026-01-11T04:02:45.758+0000] {logging_mixin.py:188} INFO -  Lỗi xử lý mã PNJ: Failed to fetch data: 429 - Too Many Requests
[2026-01-11T04:02:45.759+0000] {logging_mixin.py:188} INFO -  >> Đang lấy dữ liệu: PNG
[2026-01-11T04:02:45.907+0000] {logging_mixin.py:188} INFO -  Lỗi xử lý mã PNG: Failed to fetch data: 429 - Too Many Requests
[2026-01-11T04:02:45.908+0000] {logging_mixin.py:188} INFO -  >> Đang lấy dữ liệu: PND
[2026-01-11T04:02:46.029+0000] {logging_mixin.py:188} INFO -  Lỗi xử lý mã PND: Failed to fetch data: 429 - Too Many Requests
[2026-01-11T04:02:46.030+0000] {logging_mixin.py:188} INFO -  >> Đang lấy dữ liệu: PNC
[2026-01-11T04:02:46.153+0000] {logging_mixin.py:188} INFO -  Lỗi xử lý mã PNC: Failed to fetch data: 429 - Too Many Requests
[2026-01-11T04:02:46.154+0000] {logging_mixin.py:188} INFO -  >> Đang lấy dữ liệu: PMW
[2026-01-11T04:02:46.279+0000] {logging_mixin.py:188} INFO -  Lỗi xử lý mã PMW: Failed to fetch data: 429 - Too Many Requests
[2026-01-11T04:02:46.280+0000] {logging_mixin.py:188} INFO -  >> Đang lấy dữ liệu: PMT
[2026-01-11T04:02:46.426+0000] {logging_mixin.py:188} INFO -  Lỗi xử lý mã PMT: Failed to fetch data: 429 - Too Many Requests
[2026-01-11T04:02:46.427+0000] {logging_mixin.py:188} INFO -  >> Đang lấy dữ liệu: PMS
[2026-01-11T04:02:46.582+0000] {logging_mixin.py:188} INFO -  Lỗi xử lý mã PMS: Failed to fetch data: 429 - Too Many Requests
[2026-01-11T04:02:46.583+0000] {logging_mixin.py:188} INFO -  >> Đang lấy dữ liệu: PMP
[2026-01-11T04:02:46.718+0000] {logging_mixin.py:188} INFO -  Lỗi xử lý mã PMP: Failed to fetch data: 429 - Too Many Requests
[2026-01-11T04:02:46.719+0000] {logging_mixin.py:188} INFO -  >> Đang lấy dữ liệu: PMJ
[2026-01-11T04:02:46.885+0000] {logging_mixin.py:188} INFO -  Lỗi xử lý mã PMJ: Failed to fetch data: 429 - Too Many Requests
[2026-01-11T04:02:46.886+0000] {logging_mixin.py:188} INFO -  >> Đang lấy dữ liệu: PMG
[2026-01-11T04:02:47.086+0000] {logging_mixin.py:188} INFO -  Lỗi xử lý mã PMG: Failed to fetch data: 429 - Too Many Requests
[2026-01-11T04:02:47.087+0000] {logging_mixin.py:188} INFO -  ⚠ Batch này không thu được dữ liệu nào.
[2026-01-11T04:02:47.388+0000] {datalake_df2csv.py:40} INFO - DataFrame rỗng, bỏ qua upload CSV.
[2026-01-11T04:02:47.389+0000] {taskinstance.py:441} INFO - ::group::Post task execution logs
[2026-01-11T04:02:47.403+0000] {taskinstance.py:1206} INFO - Marking task as SUCCESS. dag_id=bctc, task_id=ingest_bctc, run_id=manual__2026-01-11T04:01:06+00:00, map_index=33, execution_date=20260111T040106, start_date=20260111T040243, end_date=20260111T040247
[2026-01-11T04:02:47.449+0000] {local_task_job_runner.py:243} INFO - Task exited with return code 0
[2026-01-11T04:02:47.461+0000] {local_task_job_runner.py:222} INFO - ::endgroup::
