[2026-01-01T02:34:59.749+0000] {local_task_job_runner.py:120} INFO - ::group::Pre task execution logs
[2026-01-01T02:34:59.816+0000] {taskinstance.py:2076} INFO - Dependencies all met for dep_context=non-requeueable deps ti=<TaskInstance: thongtin_cty_bctc.ingest_bctc scheduled__2025-12-30T00:00:00+00:00 map_index=35 [queued]>
[2026-01-01T02:34:59.856+0000] {taskinstance.py:2076} INFO - Dependencies all met for dep_context=requeueable deps ti=<TaskInstance: thongtin_cty_bctc.ingest_bctc scheduled__2025-12-30T00:00:00+00:00 map_index=35 [queued]>
[2026-01-01T02:34:59.857+0000] {taskinstance.py:2306} INFO - Starting attempt 2 of 3
[2026-01-01T02:34:59.890+0000] {taskinstance.py:2330} INFO - Executing <Mapped(DfToCsvOperator): ingest_bctc> on 2025-12-30 00:00:00+00:00
[2026-01-01T02:34:59.909+0000] {warnings.py:112} WARNING - This process (pid=15279) is multi-threaded, use of fork() may lead to deadlocks in the child.

[2026-01-01T02:34:59.911+0000] {standard_task_runner.py:64} INFO - Started process 15400 to run task
[2026-01-01T02:34:59.916+0000] {standard_task_runner.py:90} INFO - Running: ['***', 'tasks', 'run', 'thongtin_cty_bctc', 'ingest_bctc', 'scheduled__2025-12-30T00:00:00+00:00', '--job-id', '1925', '--raw', '--subdir', 'DAGS_FOLDER/tt_cty_bctc.py', '--cfg-path', '/tmp/tmpdxj90ynt', '--map-index', '35']
[2026-01-01T02:34:59.919+0000] {standard_task_runner.py:91} INFO - Job 1925: Subtask ingest_bctc
[2026-01-01T02:35:00.029+0000] {task_command.py:426} INFO - Running <TaskInstance: thongtin_cty_bctc.ingest_bctc scheduled__2025-12-30T00:00:00+00:00 map_index=35 [running]> on host 43b0a0f7606b
[2026-01-01T02:35:00.275+0000] {taskinstance.py:2648} INFO - Exporting env vars: AIRFLOW_CTX_DAG_OWNER='***' AIRFLOW_CTX_DAG_ID='thongtin_cty_bctc' AIRFLOW_CTX_TASK_ID='ingest_bctc' AIRFLOW_CTX_EXECUTION_DATE='2025-12-30T00:00:00+00:00' AIRFLOW_CTX_TRY_NUMBER='2' AIRFLOW_CTX_DAG_RUN_ID='scheduled__2025-12-30T00:00:00+00:00'
[2026-01-01T02:35:00.278+0000] {taskinstance.py:430} INFO - ::endgroup::
[2026-01-01T02:35:00.298+0000] {logging_mixin.py:188} INFO - Bắt đầu xử lý batch 20 mã: ['PHN', 'PHH', 'PHC', 'PGV', 'PGT', 'PGS', 'PGN', 'PGI', 'PGD', 'PGC', 'PGB', 'PFL', 'PET', 'PEQ', 'PEN', 'PEG', 'PEC', 'PDV', 'PDT', 'PDR']
[2026-01-01T02:35:00.299+0000] {logging_mixin.py:188} INFO -  >> Đang lấy dữ liệu: PHN
[2026-01-01T02:35:00.445+0000] {logging_mixin.py:188} INFO -  Lỗi xử lý mã PHN: Failed to fetch data: 429 - Too Many Requests
[2026-01-01T02:35:00.447+0000] {logging_mixin.py:188} INFO -  >> Đang lấy dữ liệu: PHH
[2026-01-01T02:35:00.587+0000] {logging_mixin.py:188} INFO -  Lỗi xử lý mã PHH: Failed to fetch data: 429 - Too Many Requests
[2026-01-01T02:35:00.588+0000] {logging_mixin.py:188} INFO -  >> Đang lấy dữ liệu: PHC
[2026-01-01T02:35:00.745+0000] {logging_mixin.py:188} INFO -  Lỗi xử lý mã PHC: Failed to fetch data: 429 - Too Many Requests
[2026-01-01T02:35:00.747+0000] {logging_mixin.py:188} INFO -  >> Đang lấy dữ liệu: PGV
[2026-01-01T02:35:00.901+0000] {logging_mixin.py:188} INFO -  Lỗi xử lý mã PGV: Failed to fetch data: 429 - Too Many Requests
[2026-01-01T02:35:00.902+0000] {logging_mixin.py:188} INFO -  >> Đang lấy dữ liệu: PGT
[2026-01-01T02:35:01.034+0000] {logging_mixin.py:188} INFO -  Lỗi xử lý mã PGT: Failed to fetch data: 429 - Too Many Requests
[2026-01-01T02:35:01.035+0000] {logging_mixin.py:188} INFO -  >> Đang lấy dữ liệu: PGS
[2026-01-01T02:35:01.185+0000] {logging_mixin.py:188} INFO -  Lỗi xử lý mã PGS: Failed to fetch data: 429 - Too Many Requests
[2026-01-01T02:35:01.186+0000] {logging_mixin.py:188} INFO -  >> Đang lấy dữ liệu: PGN
[2026-01-01T02:35:01.334+0000] {logging_mixin.py:188} INFO -  Lỗi xử lý mã PGN: Failed to fetch data: 429 - Too Many Requests
[2026-01-01T02:35:01.335+0000] {logging_mixin.py:188} INFO -  >> Đang lấy dữ liệu: PGI
[2026-01-01T02:35:01.476+0000] {logging_mixin.py:188} INFO -  Lỗi xử lý mã PGI: Failed to fetch data: 429 - Too Many Requests
[2026-01-01T02:35:01.477+0000] {logging_mixin.py:188} INFO -  >> Đang lấy dữ liệu: PGD
[2026-01-01T02:35:01.635+0000] {logging_mixin.py:188} INFO -  Lỗi xử lý mã PGD: Failed to fetch data: 429 - Too Many Requests
[2026-01-01T02:35:01.636+0000] {logging_mixin.py:188} INFO -  >> Đang lấy dữ liệu: PGC
[2026-01-01T02:35:01.780+0000] {logging_mixin.py:188} INFO -  Lỗi xử lý mã PGC: Failed to fetch data: 429 - Too Many Requests
[2026-01-01T02:35:01.782+0000] {logging_mixin.py:188} INFO -  >> Đang lấy dữ liệu: PGB
[2026-01-01T02:35:01.965+0000] {logging_mixin.py:188} INFO -  Lỗi xử lý mã PGB: Failed to fetch data: 429 - Too Many Requests
[2026-01-01T02:35:01.966+0000] {logging_mixin.py:188} INFO -  >> Đang lấy dữ liệu: PFL
[2026-01-01T02:35:02.101+0000] {logging_mixin.py:188} INFO -  Lỗi xử lý mã PFL: Failed to fetch data: 429 - Too Many Requests
[2026-01-01T02:35:02.103+0000] {logging_mixin.py:188} INFO -  >> Đang lấy dữ liệu: PET
[2026-01-01T02:35:02.247+0000] {logging_mixin.py:188} INFO -  Lỗi xử lý mã PET: Failed to fetch data: 429 - Too Many Requests
[2026-01-01T02:35:02.249+0000] {logging_mixin.py:188} INFO -  >> Đang lấy dữ liệu: PEQ
[2026-01-01T02:35:02.423+0000] {logging_mixin.py:188} INFO -  Lỗi xử lý mã PEQ: Failed to fetch data: 429 - Too Many Requests
[2026-01-01T02:35:02.424+0000] {logging_mixin.py:188} INFO -  >> Đang lấy dữ liệu: PEN
[2026-01-01T02:35:02.558+0000] {logging_mixin.py:188} INFO -  Lỗi xử lý mã PEN: Failed to fetch data: 429 - Too Many Requests
[2026-01-01T02:35:02.559+0000] {logging_mixin.py:188} INFO -  >> Đang lấy dữ liệu: PEG
[2026-01-01T02:35:02.740+0000] {logging_mixin.py:188} INFO -  Lỗi xử lý mã PEG: Failed to fetch data: 429 - Too Many Requests
[2026-01-01T02:35:02.741+0000] {logging_mixin.py:188} INFO -  >> Đang lấy dữ liệu: PEC
[2026-01-01T02:35:02.882+0000] {logging_mixin.py:188} INFO -  Lỗi xử lý mã PEC: Failed to fetch data: 429 - Too Many Requests
[2026-01-01T02:35:02.883+0000] {logging_mixin.py:188} INFO -  >> Đang lấy dữ liệu: PDV
[2026-01-01T02:35:03.034+0000] {logging_mixin.py:188} INFO -  Lỗi xử lý mã PDV: Failed to fetch data: 429 - Too Many Requests
[2026-01-01T02:35:03.035+0000] {logging_mixin.py:188} INFO -  >> Đang lấy dữ liệu: PDT
[2026-01-01T02:35:03.180+0000] {logging_mixin.py:188} INFO -  Lỗi xử lý mã PDT: Failed to fetch data: 429 - Too Many Requests
[2026-01-01T02:35:03.181+0000] {logging_mixin.py:188} INFO -  >> Đang lấy dữ liệu: PDR
[2026-01-01T02:35:03.308+0000] {logging_mixin.py:188} INFO -  Lỗi xử lý mã PDR: Failed to fetch data: 429 - Too Many Requests
[2026-01-01T02:35:03.309+0000] {logging_mixin.py:188} INFO -  ⚠ Batch này không thu được dữ liệu nào.
[2026-01-01T02:35:03.312+0000] {datalake_df2csv.py:40} INFO - DataFrame rỗng, bỏ qua upload CSV.
[2026-01-01T02:35:03.313+0000] {taskinstance.py:441} INFO - ::group::Post task execution logs
[2026-01-01T02:35:03.324+0000] {taskinstance.py:1206} INFO - Marking task as SUCCESS. dag_id=thongtin_cty_bctc, task_id=ingest_bctc, run_id=scheduled__2025-12-30T00:00:00+00:00, map_index=35, execution_date=20251230T000000, start_date=20260101T023459, end_date=20260101T023503
[2026-01-01T02:35:03.431+0000] {local_task_job_runner.py:243} INFO - Task exited with return code 0
[2026-01-01T02:35:03.457+0000] {taskinstance.py:3503} INFO - 0 downstream tasks scheduled from follow-on schedule check
[2026-01-01T02:35:03.459+0000] {local_task_job_runner.py:222} INFO - ::endgroup::
