[2026-01-01T09:12:29.196+0000] {local_task_job_runner.py:120} INFO - ::group::Pre task execution logs
[2026-01-01T09:12:29.282+0000] {taskinstance.py:2076} INFO - Dependencies all met for dep_context=non-requeueable deps ti=<TaskInstance: thongtin_cty_bctc.ingest_bctc scheduled__2025-12-30T00:00:00+00:00 map_index=155 [queued]>
[2026-01-01T09:12:29.348+0000] {taskinstance.py:2076} INFO - Dependencies all met for dep_context=requeueable deps ti=<TaskInstance: thongtin_cty_bctc.ingest_bctc scheduled__2025-12-30T00:00:00+00:00 map_index=155 [queued]>
[2026-01-01T09:12:29.351+0000] {taskinstance.py:2306} INFO - Starting attempt 1 of 2
[2026-01-01T09:12:29.407+0000] {taskinstance.py:2330} INFO - Executing <Mapped(DfToCsvOperator): ingest_bctc> on 2025-12-30 00:00:00+00:00
[2026-01-01T09:12:29.442+0000] {warnings.py:112} WARNING - This process (pid=14404) is multi-threaded, use of fork() may lead to deadlocks in the child.

[2026-01-01T09:12:29.445+0000] {standard_task_runner.py:64} INFO - Started process 14530 to run task
[2026-01-01T09:12:29.449+0000] {standard_task_runner.py:90} INFO - Running: ['***', 'tasks', 'run', 'thongtin_cty_bctc', 'ingest_bctc', 'scheduled__2025-12-30T00:00:00+00:00', '--job-id', '4895', '--raw', '--subdir', 'DAGS_FOLDER/tt_cty_bctc.py', '--cfg-path', '/tmp/tmpyelu8rzn', '--map-index', '155']
[2026-01-01T09:12:29.451+0000] {standard_task_runner.py:91} INFO - Job 4895: Subtask ingest_bctc
[2026-01-01T09:12:29.537+0000] {task_command.py:426} INFO - Running <TaskInstance: thongtin_cty_bctc.ingest_bctc scheduled__2025-12-30T00:00:00+00:00 map_index=155 [running]> on host b455963a0603
[2026-01-01T09:12:29.977+0000] {taskinstance.py:2648} INFO - Exporting env vars: AIRFLOW_CTX_DAG_OWNER='***' AIRFLOW_CTX_DAG_ID='thongtin_cty_bctc' AIRFLOW_CTX_TASK_ID='ingest_bctc' AIRFLOW_CTX_EXECUTION_DATE='2025-12-30T00:00:00+00:00' AIRFLOW_CTX_TRY_NUMBER='1' AIRFLOW_CTX_DAG_RUN_ID='scheduled__2025-12-30T00:00:00+00:00'
[2026-01-01T09:12:29.979+0000] {taskinstance.py:430} INFO - ::endgroup::
[2026-01-01T09:12:29.992+0000] {logging_mixin.py:188} INFO - Bắt đầu xử lý batch 3 mã: ['SIC', 'SHX', 'SHS']
[2026-01-01T09:12:29.993+0000] {logging_mixin.py:188} INFO -  >> Đang lấy dữ liệu: SIC
[2026-01-01T09:12:34.756+0000] {logging_mixin.py:188} INFO -  >> Đang lấy dữ liệu: SHX
[2026-01-01T09:12:39.757+0000] {logging_mixin.py:188} INFO - ❌ Lỗi income_statement: RetryError[<Future at 0x7f266efbe570 state=finished raised KeyError>]
[2026-01-01T09:12:44.265+0000] {logging_mixin.py:188} INFO - ❌ Lỗi balance_sheet: RetryError[<Future at 0x7f266efbd490 state=finished raised KeyError>]
[2026-01-01T09:12:48.755+0000] {logging_mixin.py:188} INFO - ❌ Lỗi cash_flow: RetryError[<Future at 0x7f266efbc3e0 state=finished raised KeyError>]
[2026-01-01T09:12:49.757+0000] {logging_mixin.py:188} INFO -  >> Đang lấy dữ liệu: SHS
[2026-01-01T09:12:53.050+0000] {logging_mixin.py:188} INFO -  ✓ Hoàn thành batch. Tổng số dòng: 7933
[2026-01-01T09:12:53.128+0000] {base.py:84} INFO - Using connection ID 'minio_finance' for task execution.
[2026-01-01T09:12:53.129+0000] {connection_wrapper.py:384} INFO - AWS Connection (conn_id='minio_finance', conn_type='aws') credentials retrieved from login and password.
[2026-01-01T09:12:53.889+0000] {datalake_df2csv.py:53} INFO - ✅ Đã upload 7933 dòng -> s3://thongtin-congty-va-bctc/bctc/2025-12-30/batch_155.csv
[2026-01-01T09:12:53.902+0000] {taskinstance.py:441} INFO - ::group::Post task execution logs
[2026-01-01T09:12:53.919+0000] {taskinstance.py:1206} INFO - Marking task as SUCCESS. dag_id=thongtin_cty_bctc, task_id=ingest_bctc, run_id=scheduled__2025-12-30T00:00:00+00:00, map_index=155, execution_date=20251230T000000, start_date=20260101T091229, end_date=20260101T091253
[2026-01-01T09:12:54.745+0000] {local_task_job_runner.py:243} INFO - Task exited with return code 0
[2026-01-01T09:12:54.775+0000] {local_task_job_runner.py:222} INFO - ::endgroup::
