[2026-01-01T02:13:58.923+0000] {local_task_job_runner.py:120} INFO - ::group::Pre task execution logs
[2026-01-01T02:13:59.034+0000] {taskinstance.py:2076} INFO - Dependencies all met for dep_context=non-requeueable deps ti=<TaskInstance: thongtin_cty_bctc.ingest_overview scheduled__2025-12-31T00:00:00+00:00 map_index=155 [queued]>
[2026-01-01T02:13:59.099+0000] {taskinstance.py:2076} INFO - Dependencies all met for dep_context=requeueable deps ti=<TaskInstance: thongtin_cty_bctc.ingest_overview scheduled__2025-12-31T00:00:00+00:00 map_index=155 [queued]>
[2026-01-01T02:13:59.100+0000] {taskinstance.py:2306} INFO - Starting attempt 1 of 2
[2026-01-01T02:13:59.129+0000] {taskinstance.py:2330} INFO - Executing <Mapped(DfToCsvOperator): ingest_overview> on 2025-12-31 00:00:00+00:00
[2026-01-01T02:13:59.152+0000] {warnings.py:112} WARNING - This process (pid=5177) is multi-threaded, use of fork() may lead to deadlocks in the child.

[2026-01-01T02:13:59.154+0000] {standard_task_runner.py:64} INFO - Started process 5335 to run task
[2026-01-01T02:13:59.161+0000] {standard_task_runner.py:90} INFO - Running: ['***', 'tasks', 'run', 'thongtin_cty_bctc', 'ingest_overview', 'scheduled__2025-12-31T00:00:00+00:00', '--job-id', '1032', '--raw', '--subdir', 'DAGS_FOLDER/tt_cty_bctc.py', '--cfg-path', '/tmp/tmpm14ir_c0', '--map-index', '155']
[2026-01-01T02:13:59.163+0000] {standard_task_runner.py:91} INFO - Job 1032: Subtask ingest_overview
[2026-01-01T02:13:59.287+0000] {task_command.py:426} INFO - Running <TaskInstance: thongtin_cty_bctc.ingest_overview scheduled__2025-12-31T00:00:00+00:00 map_index=155 [running]> on host 43b0a0f7606b
[2026-01-01T02:14:00.055+0000] {taskinstance.py:2648} INFO - Exporting env vars: AIRFLOW_CTX_DAG_OWNER='***' AIRFLOW_CTX_DAG_ID='thongtin_cty_bctc' AIRFLOW_CTX_TASK_ID='ingest_overview' AIRFLOW_CTX_EXECUTION_DATE='2025-12-31T00:00:00+00:00' AIRFLOW_CTX_TRY_NUMBER='1' AIRFLOW_CTX_DAG_RUN_ID='scheduled__2025-12-31T00:00:00+00:00'
[2026-01-01T02:14:00.059+0000] {taskinstance.py:430} INFO - ::endgroup::
[2026-01-01T02:14:00.243+0000] {logging_mixin.py:188} INFO - Err overview NQT: Failed to fetch data: 429 - Too Many Requests
[2026-01-01T02:14:00.657+0000] {logging_mixin.py:188} INFO - Err overview NQN: Failed to fetch data: 429 - Too Many Requests
[2026-01-01T02:14:00.965+0000] {logging_mixin.py:188} INFO - Err overview NQB: Failed to fetch data: 429 - Too Many Requests
[2026-01-01T02:14:01.101+0000] {logging_mixin.py:188} INFO - Err overview NOS: Failed to fetch data: 429 - Too Many Requests
[2026-01-01T02:14:01.261+0000] {logging_mixin.py:188} INFO - Err overview NO1: Failed to fetch data: 429 - Too Many Requests
[2026-01-01T02:14:01.265+0000] {datalake_df2csv.py:40} INFO - DataFrame rỗng, bỏ qua upload CSV.
[2026-01-01T02:14:01.266+0000] {taskinstance.py:441} INFO - ::group::Post task execution logs
[2026-01-01T02:14:01.289+0000] {taskinstance.py:1206} INFO - Marking task as SUCCESS. dag_id=thongtin_cty_bctc, task_id=ingest_overview, run_id=scheduled__2025-12-31T00:00:00+00:00, map_index=155, execution_date=20251231T000000, start_date=20260101T021359, end_date=20260101T021401
[2026-01-01T02:14:01.361+0000] {local_task_job_runner.py:243} INFO - Task exited with return code 0
[2026-01-01T02:14:01.383+0000] {local_task_job_runner.py:222} INFO - ::endgroup::
