[2025-12-31T14:37:45.337+0000] {local_task_job_runner.py:120} INFO - ::group::Pre task execution logs
[2025-12-31T14:37:45.370+0000] {taskinstance.py:2076} INFO - Dependencies all met for dep_context=non-requeueable deps ti=<TaskInstance: thongtin_cty_bctc.ingest_bctc scheduled__2025-12-30T00:00:00+00:00 map_index=60 [queued]>
[2025-12-31T14:37:45.395+0000] {taskinstance.py:2076} INFO - Dependencies all met for dep_context=requeueable deps ti=<TaskInstance: thongtin_cty_bctc.ingest_bctc scheduled__2025-12-30T00:00:00+00:00 map_index=60 [queued]>
[2025-12-31T14:37:45.395+0000] {taskinstance.py:2306} INFO - Starting attempt 1 of 2
[2025-12-31T14:37:45.412+0000] {taskinstance.py:2330} INFO - Executing <Mapped(DfToCsvOperator): ingest_bctc> on 2025-12-30 00:00:00+00:00
[2025-12-31T14:37:45.424+0000] {warnings.py:112} WARNING - This process (pid=2660) is multi-threaded, use of fork() may lead to deadlocks in the child.

[2025-12-31T14:37:45.426+0000] {standard_task_runner.py:64} INFO - Started process 2691 to run task
[2025-12-31T14:37:45.428+0000] {standard_task_runner.py:90} INFO - Running: ['***', 'tasks', 'run', 'thongtin_cty_bctc', 'ingest_bctc', 'scheduled__2025-12-30T00:00:00+00:00', '--job-id', '189', '--raw', '--subdir', 'DAGS_FOLDER/tt_cty_bctc.py', '--cfg-path', '/tmp/tmprqoxu20_', '--map-index', '60']
[2025-12-31T14:37:45.430+0000] {standard_task_runner.py:91} INFO - Job 189: Subtask ingest_bctc
[2025-12-31T14:37:45.490+0000] {task_command.py:426} INFO - Running <TaskInstance: thongtin_cty_bctc.ingest_bctc scheduled__2025-12-30T00:00:00+00:00 map_index=60 [running]> on host 8bc7f11ea9a4
[2025-12-31T14:37:45.624+0000] {taskinstance.py:2648} INFO - Exporting env vars: AIRFLOW_CTX_DAG_OWNER='***' AIRFLOW_CTX_DAG_ID='thongtin_cty_bctc' AIRFLOW_CTX_TASK_ID='ingest_bctc' AIRFLOW_CTX_EXECUTION_DATE='2025-12-30T00:00:00+00:00' AIRFLOW_CTX_TRY_NUMBER='1' AIRFLOW_CTX_DAG_RUN_ID='scheduled__2025-12-30T00:00:00+00:00'
[2025-12-31T14:37:45.626+0000] {taskinstance.py:430} INFO - ::endgroup::
[2025-12-31T14:37:45.633+0000] {logging_mixin.py:188} INFO - Bắt đầu xử lý batch 20 mã: ['GTA', 'GSP', 'GSM', 'GQN', 'GPC', 'GND', 'GMX', 'GMH', 'GMD', 'GMC', 'GMA', 'GLW', 'GLT', 'GLC', 'GKM', 'GIL', 'GIC', 'GHC', 'GH3', 'GGG']
[2025-12-31T14:37:45.633+0000] {logging_mixin.py:188} INFO -  >> Đang lấy dữ liệu: GTA
[2025-12-31T14:37:45.987+0000] {logging_mixin.py:188} INFO -  Lỗi xử lý mã GTA: Failed to fetch data: 429 - Too Many Requests
[2025-12-31T14:37:45.989+0000] {logging_mixin.py:188} INFO -  >> Đang lấy dữ liệu: GSP
[2025-12-31T14:37:46.349+0000] {logging_mixin.py:188} INFO -  Lỗi xử lý mã GSP: Failed to fetch data: 429 - Too Many Requests
[2025-12-31T14:37:46.350+0000] {logging_mixin.py:188} INFO -  >> Đang lấy dữ liệu: GSM
[2025-12-31T14:37:46.527+0000] {logging_mixin.py:188} INFO -  Lỗi xử lý mã GSM: Failed to fetch data: 429 - Too Many Requests
[2025-12-31T14:37:46.528+0000] {logging_mixin.py:188} INFO -  >> Đang lấy dữ liệu: GQN
[2025-12-31T14:37:46.694+0000] {logging_mixin.py:188} INFO -  Lỗi xử lý mã GQN: Failed to fetch data: 429 - Too Many Requests
[2025-12-31T14:37:46.695+0000] {logging_mixin.py:188} INFO -  >> Đang lấy dữ liệu: GPC
[2025-12-31T14:37:46.834+0000] {logging_mixin.py:188} INFO -  Lỗi xử lý mã GPC: Failed to fetch data: 429 - Too Many Requests
[2025-12-31T14:37:46.835+0000] {logging_mixin.py:188} INFO -  >> Đang lấy dữ liệu: GND
[2025-12-31T14:37:46.980+0000] {logging_mixin.py:188} INFO -  Lỗi xử lý mã GND: Failed to fetch data: 429 - Too Many Requests
[2025-12-31T14:37:46.981+0000] {logging_mixin.py:188} INFO -  >> Đang lấy dữ liệu: GMX
[2025-12-31T14:37:47.114+0000] {logging_mixin.py:188} INFO -  Lỗi xử lý mã GMX: Failed to fetch data: 429 - Too Many Requests
[2025-12-31T14:37:47.115+0000] {logging_mixin.py:188} INFO -  >> Đang lấy dữ liệu: GMH
[2025-12-31T14:37:47.244+0000] {logging_mixin.py:188} INFO -  Lỗi xử lý mã GMH: Failed to fetch data: 429 - Too Many Requests
[2025-12-31T14:37:47.245+0000] {logging_mixin.py:188} INFO -  >> Đang lấy dữ liệu: GMD
[2025-12-31T14:37:47.382+0000] {logging_mixin.py:188} INFO -  Lỗi xử lý mã GMD: Failed to fetch data: 429 - Too Many Requests
[2025-12-31T14:37:47.383+0000] {logging_mixin.py:188} INFO -  >> Đang lấy dữ liệu: GMC
[2025-12-31T14:37:47.497+0000] {logging_mixin.py:188} INFO -  Lỗi xử lý mã GMC: Failed to fetch data: 429 - Too Many Requests
[2025-12-31T14:37:47.498+0000] {logging_mixin.py:188} INFO -  >> Đang lấy dữ liệu: GMA
[2025-12-31T14:37:47.627+0000] {logging_mixin.py:188} INFO -  Lỗi xử lý mã GMA: Failed to fetch data: 429 - Too Many Requests
[2025-12-31T14:37:47.628+0000] {logging_mixin.py:188} INFO -  >> Đang lấy dữ liệu: GLW
[2025-12-31T14:37:47.764+0000] {logging_mixin.py:188} INFO -  Lỗi xử lý mã GLW: Failed to fetch data: 429 - Too Many Requests
[2025-12-31T14:37:47.765+0000] {logging_mixin.py:188} INFO -  >> Đang lấy dữ liệu: GLT
[2025-12-31T14:37:47.901+0000] {logging_mixin.py:188} INFO -  Lỗi xử lý mã GLT: Failed to fetch data: 429 - Too Many Requests
[2025-12-31T14:37:47.902+0000] {logging_mixin.py:188} INFO -  >> Đang lấy dữ liệu: GLC
[2025-12-31T14:37:48.036+0000] {logging_mixin.py:188} INFO -  Lỗi xử lý mã GLC: Failed to fetch data: 429 - Too Many Requests
[2025-12-31T14:37:48.037+0000] {logging_mixin.py:188} INFO -  >> Đang lấy dữ liệu: GKM
[2025-12-31T14:38:09.077+0000] {log.py:232} WARNING - 2025-12-31 14:38:09 - vnstock.core.utils.client - ERROR - API request failed: HTTPSConnectionPool(host='trading.vietcap.com.vn', port=443): Max retries exceeded with url: /data-mt/graphql (Caused by NewConnectionError('<urllib3.connection.HTTPSConnection object at 0x7f68aca80230>: Failed to establish a new connection: [Errno 111] Connection refused'))
[2025-12-31T14:38:09.076+0000] {client.py:414} ERROR - API request failed: HTTPSConnectionPool(host='trading.vietcap.com.vn', port=443): Max retries exceeded with url: /data-mt/graphql (Caused by NewConnectionError('<urllib3.connection.HTTPSConnection object at 0x7f68aca80230>: Failed to establish a new connection: [Errno 111] Connection refused'))
[2025-12-31T14:38:09.078+0000] {logging_mixin.py:188} INFO -  Lỗi xử lý mã GKM: API request failed: HTTPSConnectionPool(host='trading.vietcap.com.vn', port=443): Max retries exceeded with url: /data-mt/graphql (Caused by NewConnectionError('<urllib3.connection.HTTPSConnection object at 0x7f68aca80230>: Failed to establish a new connection: [Errno 111] Connection refused'))
[2025-12-31T14:38:09.079+0000] {logging_mixin.py:188} INFO -  >> Đang lấy dữ liệu: GIL
[2025-12-31T14:38:09.226+0000] {logging_mixin.py:188} INFO -  Lỗi xử lý mã GIL: Failed to fetch data: 429 - Too Many Requests
[2025-12-31T14:38:09.227+0000] {logging_mixin.py:188} INFO -  >> Đang lấy dữ liệu: GIC
[2025-12-31T14:38:09.370+0000] {logging_mixin.py:188} INFO -  Lỗi xử lý mã GIC: Failed to fetch data: 429 - Too Many Requests
[2025-12-31T14:38:09.371+0000] {logging_mixin.py:188} INFO -  >> Đang lấy dữ liệu: GHC
[2025-12-31T14:38:09.584+0000] {logging_mixin.py:188} INFO -  Lỗi xử lý mã GHC: Failed to fetch data: 429 - Too Many Requests
[2025-12-31T14:38:09.585+0000] {logging_mixin.py:188} INFO -  >> Đang lấy dữ liệu: GH3
[2025-12-31T14:38:09.721+0000] {logging_mixin.py:188} INFO -  Lỗi xử lý mã GH3: Failed to fetch data: 429 - Too Many Requests
[2025-12-31T14:38:09.722+0000] {logging_mixin.py:188} INFO -  >> Đang lấy dữ liệu: GGG
[2025-12-31T14:38:09.862+0000] {logging_mixin.py:188} INFO -  Lỗi xử lý mã GGG: Failed to fetch data: 429 - Too Many Requests
[2025-12-31T14:38:09.863+0000] {logging_mixin.py:188} INFO -  ⚠ Batch này không thu được dữ liệu nào.
[2025-12-31T14:38:09.867+0000] {datalake_df2csv.py:40} INFO - DataFrame rỗng, bỏ qua upload CSV.
[2025-12-31T14:38:09.868+0000] {taskinstance.py:441} INFO - ::group::Post task execution logs
[2025-12-31T14:38:09.882+0000] {taskinstance.py:1206} INFO - Marking task as SUCCESS. dag_id=thongtin_cty_bctc, task_id=ingest_bctc, run_id=scheduled__2025-12-30T00:00:00+00:00, map_index=60, execution_date=20251230T000000, start_date=20251231T143745, end_date=20251231T143809
[2025-12-31T14:38:09.917+0000] {local_task_job_runner.py:243} INFO - Task exited with return code 0
[2025-12-31T14:38:09.932+0000] {taskinstance.py:3503} INFO - 0 downstream tasks scheduled from follow-on schedule check
[2025-12-31T14:38:09.934+0000] {local_task_job_runner.py:222} INFO - ::endgroup::
