[2026-01-12T15:22:10.408+0000] {local_task_job_runner.py:120} INFO - ::group::Pre task execution logs
[2026-01-12T15:22:10.475+0000] {taskinstance.py:2076} INFO - Dependencies all met for dep_context=non-requeueable deps ti=<TaskInstance: financial_ratios_etl.ingest_financial_ratios manual__2026-01-12T15:14:43+00:00 map_index=450 [queued]>
[2026-01-12T15:22:10.522+0000] {taskinstance.py:2076} INFO - Dependencies all met for dep_context=requeueable deps ti=<TaskInstance: financial_ratios_etl.ingest_financial_ratios manual__2026-01-12T15:14:43+00:00 map_index=450 [queued]>
[2026-01-12T15:22:10.523+0000] {taskinstance.py:2306} INFO - Starting attempt 1 of 2
[2026-01-12T15:22:10.543+0000] {taskinstance.py:2330} INFO - Executing <Mapped(DfToCsvOperator): ingest_financial_ratios> on 2026-01-12 15:14:43+00:00
[2026-01-12T15:22:10.557+0000] {warnings.py:112} WARNING - This process (pid=5942) is multi-threaded, use of fork() may lead to deadlocks in the child.

[2026-01-12T15:22:10.559+0000] {standard_task_runner.py:64} INFO - Started process 6020 to run task
[2026-01-12T15:22:10.562+0000] {standard_task_runner.py:90} INFO - Running: ['***', 'tasks', 'run', 'financial_ratios_etl', 'ingest_financial_ratios', 'manual__2026-01-12T15:14:43+00:00', '--job-id', '14155', '--raw', '--subdir', 'DAGS_FOLDER/financial_ratios_etl.py', '--cfg-path', '/tmp/tmpmrk4jzt1', '--map-index', '450']
[2026-01-12T15:22:10.567+0000] {standard_task_runner.py:91} INFO - Job 14155: Subtask ingest_financial_ratios
[2026-01-12T15:22:10.634+0000] {task_command.py:426} INFO - Running <TaskInstance: financial_ratios_etl.ingest_financial_ratios manual__2026-01-12T15:14:43+00:00 map_index=450 [running]> on host 5a20a797a43c
[2026-01-12T15:22:10.850+0000] {taskinstance.py:2648} INFO - Exporting env vars: AIRFLOW_CTX_DAG_OWNER='***' AIRFLOW_CTX_DAG_ID='financial_ratios_etl' AIRFLOW_CTX_TASK_ID='ingest_financial_ratios' AIRFLOW_CTX_EXECUTION_DATE='2026-01-12T15:14:43+00:00' AIRFLOW_CTX_TRY_NUMBER='1' AIRFLOW_CTX_DAG_RUN_ID='manual__2026-01-12T15:14:43+00:00'
[2026-01-12T15:22:10.852+0000] {taskinstance.py:430} INFO - ::endgroup::
[2026-01-12T15:22:10.864+0000] {logging_mixin.py:188} INFO - [RATIO] Bắt đầu xử lý batch 2 mã: ['LWS', 'LUT']
[2026-01-12T15:22:10.865+0000] {logging_mixin.py:188} INFO - [RATIO] Kỳ dữ liệu: quarter
[2026-01-12T15:22:10.865+0000] {logging_mixin.py:188} INFO -  >> [RATIO] Đang lấy dữ liệu: LWS
[2026-01-12T15:22:13.352+0000] {logging_mixin.py:188} INFO -  ✓ [RATIO] LWS: 25 rows
[2026-01-12T15:22:15.354+0000] {logging_mixin.py:188} INFO -  >> [RATIO] Đang lấy dữ liệu: LUT
[2026-01-12T15:22:16.183+0000] {logging_mixin.py:188} INFO -  ✓ [RATIO] LUT: 44 rows
[2026-01-12T15:22:18.185+0000] {logging_mixin.py:188} INFO -  ✅ [RATIO] Hoàn thành batch. Tổng số dòng: 69
[2026-01-12T15:22:18.199+0000] {base.py:84} INFO - Using connection ID 'minio_finance' for task execution.
[2026-01-12T15:22:18.200+0000] {connection_wrapper.py:384} INFO - AWS Connection (conn_id='minio_finance', conn_type='aws') credentials retrieved from login and password.
[2026-01-12T15:22:18.805+0000] {datalake_df2csv.py:52} INFO - ✅ Đã upload 69 dòng -> s3://thongtin-congty-va-bctc/financial_ratios/2026-01-12/batch_450.csv
[2026-01-12T15:22:18.808+0000] {taskinstance.py:441} INFO - ::group::Post task execution logs
[2026-01-12T15:22:18.833+0000] {taskinstance.py:1206} INFO - Marking task as SUCCESS. dag_id=financial_ratios_etl, task_id=ingest_financial_ratios, run_id=manual__2026-01-12T15:14:43+00:00, map_index=450, execution_date=20260112T151443, start_date=20260112T152210, end_date=20260112T152218
[2026-01-12T15:22:18.936+0000] {local_task_job_runner.py:243} INFO - Task exited with return code 0
[2026-01-12T15:22:18.958+0000] {taskinstance.py:3503} INFO - 0 downstream tasks scheduled from follow-on schedule check
[2026-01-12T15:22:18.961+0000] {local_task_job_runner.py:222} INFO - ::endgroup::
