[2026-01-11T03:53:42.420+0000] {local_task_job_runner.py:120} INFO - ::group::Pre task execution logs
[2026-01-11T03:53:42.453+0000] {taskinstance.py:2076} INFO - Dependencies all met for dep_context=non-requeueable deps ti=<TaskInstance: bctc.ingest_bctc manual__2026-01-11T03:52:02+00:00 map_index=77 [queued]>
[2026-01-11T03:53:42.468+0000] {taskinstance.py:2076} INFO - Dependencies all met for dep_context=requeueable deps ti=<TaskInstance: bctc.ingest_bctc manual__2026-01-11T03:52:02+00:00 map_index=77 [queued]>
[2026-01-11T03:53:42.469+0000] {taskinstance.py:2306} INFO - Starting attempt 1 of 2
[2026-01-11T03:53:42.559+0000] {taskinstance.py:2330} INFO - Executing <Mapped(DfToCsvOperator): ingest_bctc> on 2026-01-11 03:52:02+00:00
[2026-01-11T03:53:42.570+0000] {warnings.py:112} WARNING - This process (pid=942) is multi-threaded, use of fork() may lead to deadlocks in the child.

[2026-01-11T03:53:42.573+0000] {standard_task_runner.py:64} INFO - Started process 1000 to run task
[2026-01-11T03:53:42.575+0000] {standard_task_runner.py:90} INFO - Running: ['***', 'tasks', 'run', 'bctc', 'ingest_bctc', 'manual__2026-01-11T03:52:02+00:00', '--job-id', '10172', '--raw', '--subdir', 'DAGS_FOLDER/tt_cty_bctc.py', '--cfg-path', '/tmp/tmpwd15wj0c', '--map-index', '77']
[2026-01-11T03:53:42.576+0000] {standard_task_runner.py:91} INFO - Job 10172: Subtask ingest_bctc
[2026-01-11T03:53:42.638+0000] {task_command.py:426} INFO - Running <TaskInstance: bctc.ingest_bctc manual__2026-01-11T03:52:02+00:00 map_index=77 [running]> on host 3f2af93df813
[2026-01-11T03:53:43.064+0000] {taskinstance.py:2648} INFO - Exporting env vars: AIRFLOW_CTX_DAG_OWNER='***' AIRFLOW_CTX_DAG_ID='bctc' AIRFLOW_CTX_TASK_ID='ingest_bctc' AIRFLOW_CTX_EXECUTION_DATE='2026-01-11T03:52:02+00:00' AIRFLOW_CTX_TRY_NUMBER='1' AIRFLOW_CTX_DAG_RUN_ID='manual__2026-01-11T03:52:02+00:00'
[2026-01-11T03:53:43.065+0000] {taskinstance.py:430} INFO - ::endgroup::
[2026-01-11T03:53:43.074+0000] {logging_mixin.py:188} INFO - Bắt đầu xử lý batch 20 mã: ['CAD', 'CAB', 'C92', 'C69', 'C4G', 'C47', 'C32', 'C22', 'C21', 'C12', 'BXT', 'BXH', 'BWS', 'BWE', 'BWA', 'BVS', 'BVN', 'BVL', 'BVH', 'BVG']
[2026-01-11T03:53:43.075+0000] {logging_mixin.py:188} INFO -  >> Đang lấy dữ liệu: CAD
[2026-01-11T03:53:43.277+0000] {logging_mixin.py:188} INFO -  Lỗi xử lý mã CAD: Failed to fetch data: 429 - Too Many Requests
[2026-01-11T03:53:43.279+0000] {logging_mixin.py:188} INFO -  >> Đang lấy dữ liệu: CAB
[2026-01-11T03:53:43.735+0000] {logging_mixin.py:188} INFO -  Lỗi xử lý mã CAB: Failed to fetch data: 429 - Too Many Requests
[2026-01-11T03:53:43.736+0000] {logging_mixin.py:188} INFO -  >> Đang lấy dữ liệu: C92
[2026-01-11T03:53:43.871+0000] {logging_mixin.py:188} INFO -  Lỗi xử lý mã C92: Failed to fetch data: 429 - Too Many Requests
[2026-01-11T03:53:43.873+0000] {logging_mixin.py:188} INFO -  >> Đang lấy dữ liệu: C69
[2026-01-11T03:53:44.005+0000] {logging_mixin.py:188} INFO -  Lỗi xử lý mã C69: Failed to fetch data: 429 - Too Many Requests
[2026-01-11T03:53:44.005+0000] {logging_mixin.py:188} INFO -  >> Đang lấy dữ liệu: C4G
[2026-01-11T03:53:45.291+0000] {logging_mixin.py:188} INFO -  Lỗi xử lý mã C4G: Failed to fetch data: 429 - Too Many Requests
[2026-01-11T03:53:45.292+0000] {logging_mixin.py:188} INFO -  >> Đang lấy dữ liệu: C47
[2026-01-11T03:53:45.493+0000] {logging_mixin.py:188} INFO -  Lỗi xử lý mã C47: Failed to fetch data: 429 - Too Many Requests
[2026-01-11T03:53:45.494+0000] {logging_mixin.py:188} INFO -  >> Đang lấy dữ liệu: C32
[2026-01-11T03:53:45.633+0000] {logging_mixin.py:188} INFO -  Lỗi xử lý mã C32: Failed to fetch data: 429 - Too Many Requests
[2026-01-11T03:53:45.635+0000] {logging_mixin.py:188} INFO -  >> Đang lấy dữ liệu: C22
[2026-01-11T03:53:45.780+0000] {logging_mixin.py:188} INFO -  Lỗi xử lý mã C22: Failed to fetch data: 429 - Too Many Requests
[2026-01-11T03:53:45.781+0000] {logging_mixin.py:188} INFO -  >> Đang lấy dữ liệu: C21
[2026-01-11T03:53:46.133+0000] {logging_mixin.py:188} INFO -  Lỗi xử lý mã C21: Failed to fetch data: 429 - Too Many Requests
[2026-01-11T03:53:46.134+0000] {logging_mixin.py:188} INFO -  >> Đang lấy dữ liệu: C12
[2026-01-11T03:53:51.462+0000] {logging_mixin.py:188} INFO -  Lỗi xử lý mã C12: Failed to fetch data: 429 - Too Many Requests
[2026-01-11T03:53:51.463+0000] {logging_mixin.py:188} INFO -  >> Đang lấy dữ liệu: BXT
[2026-01-11T03:53:51.924+0000] {logging_mixin.py:188} INFO -  Lỗi xử lý mã BXT: Failed to fetch data: 429 - Too Many Requests
[2026-01-11T03:53:51.926+0000] {logging_mixin.py:188} INFO -  >> Đang lấy dữ liệu: BXH
[2026-01-11T03:53:52.089+0000] {logging_mixin.py:188} INFO -  Lỗi xử lý mã BXH: Failed to fetch data: 429 - Too Many Requests
[2026-01-11T03:53:52.090+0000] {logging_mixin.py:188} INFO -  >> Đang lấy dữ liệu: BWS
[2026-01-11T03:53:52.271+0000] {logging_mixin.py:188} INFO -  Lỗi xử lý mã BWS: Failed to fetch data: 429 - Too Many Requests
[2026-01-11T03:53:52.272+0000] {logging_mixin.py:188} INFO -  >> Đang lấy dữ liệu: BWE
[2026-01-11T03:53:52.477+0000] {logging_mixin.py:188} INFO -  Lỗi xử lý mã BWE: Failed to fetch data: 429 - Too Many Requests
[2026-01-11T03:53:52.478+0000] {logging_mixin.py:188} INFO -  >> Đang lấy dữ liệu: BWA
[2026-01-11T03:53:52.615+0000] {logging_mixin.py:188} INFO -  Lỗi xử lý mã BWA: Failed to fetch data: 429 - Too Many Requests
[2026-01-11T03:53:52.616+0000] {logging_mixin.py:188} INFO -  >> Đang lấy dữ liệu: BVS
[2026-01-11T03:53:52.769+0000] {logging_mixin.py:188} INFO -  Lỗi xử lý mã BVS: Failed to fetch data: 429 - Too Many Requests
[2026-01-11T03:53:52.771+0000] {logging_mixin.py:188} INFO -  >> Đang lấy dữ liệu: BVN
[2026-01-11T03:53:52.973+0000] {logging_mixin.py:188} INFO -  Lỗi xử lý mã BVN: Failed to fetch data: 429 - Too Many Requests
[2026-01-11T03:53:52.974+0000] {logging_mixin.py:188} INFO -  >> Đang lấy dữ liệu: BVL
[2026-01-11T03:53:53.116+0000] {logging_mixin.py:188} INFO -  Lỗi xử lý mã BVL: Failed to fetch data: 429 - Too Many Requests
[2026-01-11T03:53:53.118+0000] {logging_mixin.py:188} INFO -  >> Đang lấy dữ liệu: BVH
[2026-01-11T03:53:53.359+0000] {logging_mixin.py:188} INFO -  Lỗi xử lý mã BVH: Failed to fetch data: 429 - Too Many Requests
[2026-01-11T03:53:53.360+0000] {logging_mixin.py:188} INFO -  >> Đang lấy dữ liệu: BVG
[2026-01-11T03:53:53.595+0000] {logging_mixin.py:188} INFO -  Lỗi xử lý mã BVG: Failed to fetch data: 429 - Too Many Requests
[2026-01-11T03:53:53.597+0000] {logging_mixin.py:188} INFO -  ⚠ Batch này không thu được dữ liệu nào.
[2026-01-11T03:53:53.602+0000] {datalake_df2csv.py:40} INFO - DataFrame rỗng, bỏ qua upload CSV.
[2026-01-11T03:53:53.603+0000] {taskinstance.py:441} INFO - ::group::Post task execution logs
[2026-01-11T03:53:53.621+0000] {taskinstance.py:1206} INFO - Marking task as SUCCESS. dag_id=bctc, task_id=ingest_bctc, run_id=manual__2026-01-11T03:52:02+00:00, map_index=77, execution_date=20260111T035202, start_date=20260111T035342, end_date=20260111T035353
[2026-01-11T03:53:53.697+0000] {local_task_job_runner.py:243} INFO - Task exited with return code 0
[2026-01-11T03:53:53.744+0000] {taskinstance.py:3503} INFO - 0 downstream tasks scheduled from follow-on schedule check
[2026-01-11T03:53:53.749+0000] {local_task_job_runner.py:222} INFO - ::endgroup::
