[2026-01-01T09:10:24.035+0000] {local_task_job_runner.py:120} INFO - ::group::Pre task execution logs
[2026-01-01T09:10:24.116+0000] {taskinstance.py:2076} INFO - Dependencies all met for dep_context=non-requeueable deps ti=<TaskInstance: thongtin_cty_bctc.ingest_bctc scheduled__2025-12-30T00:00:00+00:00 map_index=119 [queued]>
[2026-01-01T09:10:24.175+0000] {taskinstance.py:2076} INFO - Dependencies all met for dep_context=requeueable deps ti=<TaskInstance: thongtin_cty_bctc.ingest_bctc scheduled__2025-12-30T00:00:00+00:00 map_index=119 [queued]>
[2026-01-01T09:10:24.176+0000] {taskinstance.py:2306} INFO - Starting attempt 2 of 3
[2026-01-01T09:10:24.197+0000] {taskinstance.py:2330} INFO - Executing <Mapped(DfToCsvOperator): ingest_bctc> on 2025-12-30 00:00:00+00:00
[2026-01-01T09:10:24.212+0000] {warnings.py:112} WARNING - This process (pid=12980) is multi-threaded, use of fork() may lead to deadlocks in the child.

[2026-01-01T09:10:24.214+0000] {standard_task_runner.py:64} INFO - Started process 13070 to run task
[2026-01-01T09:10:24.217+0000] {standard_task_runner.py:90} INFO - Running: ['***', 'tasks', 'run', 'thongtin_cty_bctc', 'ingest_bctc', 'scheduled__2025-12-30T00:00:00+00:00', '--job-id', '4789', '--raw', '--subdir', 'DAGS_FOLDER/tt_cty_bctc.py', '--cfg-path', '/tmp/tmphaopqtia', '--map-index', '119']
[2026-01-01T09:10:24.219+0000] {standard_task_runner.py:91} INFO - Job 4789: Subtask ingest_bctc
[2026-01-01T09:10:24.317+0000] {task_command.py:426} INFO - Running <TaskInstance: thongtin_cty_bctc.ingest_bctc scheduled__2025-12-30T00:00:00+00:00 map_index=119 [running]> on host b455963a0603
[2026-01-01T09:10:24.918+0000] {taskinstance.py:2648} INFO - Exporting env vars: AIRFLOW_CTX_DAG_OWNER='***' AIRFLOW_CTX_DAG_ID='thongtin_cty_bctc' AIRFLOW_CTX_TASK_ID='ingest_bctc' AIRFLOW_CTX_EXECUTION_DATE='2025-12-30T00:00:00+00:00' AIRFLOW_CTX_TRY_NUMBER='2' AIRFLOW_CTX_DAG_RUN_ID='scheduled__2025-12-30T00:00:00+00:00'
[2026-01-01T09:10:24.919+0000] {taskinstance.py:430} INFO - ::endgroup::
[2026-01-01T09:10:24.925+0000] {logging_mixin.py:188} INFO - Bắt đầu xử lý batch 3 mã: ['TCR', 'TCO', 'TCM']
[2026-01-01T09:10:24.926+0000] {logging_mixin.py:188} INFO -  >> Đang lấy dữ liệu: TCR
[2026-01-01T09:10:28.007+0000] {logging_mixin.py:188} INFO -  >> Đang lấy dữ liệu: TCO
[2026-01-01T09:10:31.321+0000] {logging_mixin.py:188} INFO -  >> Đang lấy dữ liệu: TCM
[2026-01-01T09:10:34.651+0000] {logging_mixin.py:188} INFO -  ✓ Hoàn thành batch. Tổng số dòng: 14025
[2026-01-01T09:10:34.830+0000] {base.py:84} INFO - Using connection ID 'minio_finance' for task execution.
[2026-01-01T09:10:34.835+0000] {connection_wrapper.py:384} INFO - AWS Connection (conn_id='minio_finance', conn_type='aws') credentials retrieved from login and password.
[2026-01-01T09:10:35.663+0000] {datalake_df2csv.py:53} INFO - ✅ Đã upload 14025 dòng -> s3://thongtin-congty-va-bctc/bctc/2025-12-30/batch_119.csv
[2026-01-01T09:10:35.667+0000] {taskinstance.py:441} INFO - ::group::Post task execution logs
[2026-01-01T09:10:35.684+0000] {taskinstance.py:1206} INFO - Marking task as SUCCESS. dag_id=thongtin_cty_bctc, task_id=ingest_bctc, run_id=scheduled__2025-12-30T00:00:00+00:00, map_index=119, execution_date=20251230T000000, start_date=20260101T091024, end_date=20260101T091035
[2026-01-01T09:10:39.895+0000] {local_task_job_runner.py:243} INFO - Task exited with return code 0
[2026-01-01T09:10:40.367+0000] {taskinstance.py:3503} INFO - 0 downstream tasks scheduled from follow-on schedule check
[2026-01-01T09:10:40.370+0000] {local_task_job_runner.py:222} INFO - ::endgroup::
