[2026-01-11T03:53:29.447+0000] {local_task_job_runner.py:120} INFO - ::group::Pre task execution logs
[2026-01-11T03:53:29.480+0000] {taskinstance.py:2076} INFO - Dependencies all met for dep_context=non-requeueable deps ti=<TaskInstance: bctc.ingest_bctc manual__2026-01-11T03:52:02+00:00 map_index=64 [queued]>
[2026-01-11T03:53:29.494+0000] {taskinstance.py:2076} INFO - Dependencies all met for dep_context=requeueable deps ti=<TaskInstance: bctc.ingest_bctc manual__2026-01-11T03:52:02+00:00 map_index=64 [queued]>
[2026-01-11T03:53:29.494+0000] {taskinstance.py:2306} INFO - Starting attempt 1 of 2
[2026-01-11T03:53:29.508+0000] {taskinstance.py:2330} INFO - Executing <Mapped(DfToCsvOperator): ingest_bctc> on 2026-01-11 03:52:02+00:00
[2026-01-11T03:53:29.517+0000] {warnings.py:112} WARNING - This process (pid=822) is multi-threaded, use of fork() may lead to deadlocks in the child.

[2026-01-11T03:53:29.519+0000] {standard_task_runner.py:64} INFO - Started process 862 to run task
[2026-01-11T03:53:29.521+0000] {standard_task_runner.py:90} INFO - Running: ['***', 'tasks', 'run', 'bctc', 'ingest_bctc', 'manual__2026-01-11T03:52:02+00:00', '--job-id', '10160', '--raw', '--subdir', 'DAGS_FOLDER/tt_cty_bctc.py', '--cfg-path', '/tmp/tmpg_1j90wg', '--map-index', '64']
[2026-01-11T03:53:29.523+0000] {standard_task_runner.py:91} INFO - Job 10160: Subtask ingest_bctc
[2026-01-11T03:53:29.579+0000] {task_command.py:426} INFO - Running <TaskInstance: bctc.ingest_bctc manual__2026-01-11T03:52:02+00:00 map_index=64 [running]> on host 3f2af93df813
[2026-01-11T03:53:29.979+0000] {taskinstance.py:2648} INFO - Exporting env vars: AIRFLOW_CTX_DAG_OWNER='***' AIRFLOW_CTX_DAG_ID='bctc' AIRFLOW_CTX_TASK_ID='ingest_bctc' AIRFLOW_CTX_EXECUTION_DATE='2026-01-11T03:52:02+00:00' AIRFLOW_CTX_TRY_NUMBER='1' AIRFLOW_CTX_DAG_RUN_ID='manual__2026-01-11T03:52:02+00:00'
[2026-01-11T03:53:29.980+0000] {taskinstance.py:430} INFO - ::endgroup::
[2026-01-11T03:53:29.988+0000] {logging_mixin.py:188} INFO - Bắt đầu xử lý batch 20 mã: ['ECO', 'ECI', 'EBS', 'EAD', 'E29', 'E12', 'DZM', 'DXV', 'DXS', 'DXP', 'DXL', 'DXG', 'DX2', 'DWS', 'DWC', 'DVW', 'DVT', 'DVP', 'DVN', 'DVM']
[2026-01-11T03:53:29.988+0000] {logging_mixin.py:188} INFO -  >> Đang lấy dữ liệu: ECO
[2026-01-11T03:53:30.296+0000] {logging_mixin.py:188} INFO -  Lỗi xử lý mã ECO: Failed to fetch data: 429 - Too Many Requests
[2026-01-11T03:53:30.297+0000] {logging_mixin.py:188} INFO -  >> Đang lấy dữ liệu: ECI
[2026-01-11T03:53:30.661+0000] {logging_mixin.py:188} INFO -  Lỗi xử lý mã ECI: Failed to fetch data: 429 - Too Many Requests
[2026-01-11T03:53:30.663+0000] {logging_mixin.py:188} INFO -  >> Đang lấy dữ liệu: EBS
[2026-01-11T03:53:30.825+0000] {logging_mixin.py:188} INFO -  Lỗi xử lý mã EBS: Failed to fetch data: 429 - Too Many Requests
[2026-01-11T03:53:30.826+0000] {logging_mixin.py:188} INFO -  >> Đang lấy dữ liệu: EAD
[2026-01-11T03:53:31.019+0000] {logging_mixin.py:188} INFO -  Lỗi xử lý mã EAD: Failed to fetch data: 429 - Too Many Requests
[2026-01-11T03:53:31.020+0000] {logging_mixin.py:188} INFO -  >> Đang lấy dữ liệu: E29
[2026-01-11T03:53:31.198+0000] {logging_mixin.py:188} INFO -  Lỗi xử lý mã E29: Failed to fetch data: 429 - Too Many Requests
[2026-01-11T03:53:31.199+0000] {logging_mixin.py:188} INFO -  >> Đang lấy dữ liệu: E12
[2026-01-11T03:53:31.556+0000] {logging_mixin.py:188} INFO -  Lỗi xử lý mã E12: Failed to fetch data: 429 - Too Many Requests
[2026-01-11T03:53:31.557+0000] {logging_mixin.py:188} INFO -  >> Đang lấy dữ liệu: DZM
[2026-01-11T03:53:31.681+0000] {logging_mixin.py:188} INFO -  Lỗi xử lý mã DZM: Failed to fetch data: 429 - Too Many Requests
[2026-01-11T03:53:31.682+0000] {logging_mixin.py:188} INFO -  >> Đang lấy dữ liệu: DXV
[2026-01-11T03:53:32.060+0000] {logging_mixin.py:188} INFO -  Lỗi xử lý mã DXV: Failed to fetch data: 429 - Too Many Requests
[2026-01-11T03:53:32.062+0000] {logging_mixin.py:188} INFO -  >> Đang lấy dữ liệu: DXS
[2026-01-11T03:53:32.226+0000] {logging_mixin.py:188} INFO -  Lỗi xử lý mã DXS: Failed to fetch data: 429 - Too Many Requests
[2026-01-11T03:53:32.227+0000] {logging_mixin.py:188} INFO -  >> Đang lấy dữ liệu: DXP
[2026-01-11T03:53:32.385+0000] {logging_mixin.py:188} INFO -  Lỗi xử lý mã DXP: Failed to fetch data: 429 - Too Many Requests
[2026-01-11T03:53:32.386+0000] {logging_mixin.py:188} INFO -  >> Đang lấy dữ liệu: DXL
[2026-01-11T03:53:33.278+0000] {logging_mixin.py:188} INFO -  Lỗi xử lý mã DXL: Failed to fetch data: 429 - Too Many Requests
[2026-01-11T03:53:33.279+0000] {logging_mixin.py:188} INFO -  >> Đang lấy dữ liệu: DXG
[2026-01-11T03:53:33.415+0000] {logging_mixin.py:188} INFO -  Lỗi xử lý mã DXG: Failed to fetch data: 429 - Too Many Requests
[2026-01-11T03:53:33.418+0000] {logging_mixin.py:188} INFO -  >> Đang lấy dữ liệu: DX2
[2026-01-11T03:53:33.768+0000] {logging_mixin.py:188} INFO -  Lỗi xử lý mã DX2: Failed to fetch data: 429 - Too Many Requests
[2026-01-11T03:53:33.770+0000] {logging_mixin.py:188} INFO -  >> Đang lấy dữ liệu: DWS
[2026-01-11T03:53:37.476+0000] {logging_mixin.py:188} INFO -  Lỗi xử lý mã DWS: Failed to fetch data: 429 - Too Many Requests
[2026-01-11T03:53:37.477+0000] {logging_mixin.py:188} INFO -  >> Đang lấy dữ liệu: DWC
[2026-01-11T03:53:38.389+0000] {logging_mixin.py:188} INFO -  Lỗi xử lý mã DWC: Failed to fetch data: 429 - Too Many Requests
[2026-01-11T03:53:38.390+0000] {logging_mixin.py:188} INFO -  >> Đang lấy dữ liệu: DVW
[2026-01-11T03:53:39.851+0000] {logging_mixin.py:188} INFO -  Lỗi xử lý mã DVW: Failed to fetch data: 429 - Too Many Requests
[2026-01-11T03:53:39.852+0000] {logging_mixin.py:188} INFO -  >> Đang lấy dữ liệu: DVT
[2026-01-11T03:53:40.005+0000] {logging_mixin.py:188} INFO -  Lỗi xử lý mã DVT: Failed to fetch data: 429 - Too Many Requests
[2026-01-11T03:53:40.005+0000] {logging_mixin.py:188} INFO -  >> Đang lấy dữ liệu: DVP
[2026-01-11T03:53:41.835+0000] {logging_mixin.py:188} INFO -  Lỗi xử lý mã DVP: Failed to fetch data: 429 - Too Many Requests
[2026-01-11T03:53:41.836+0000] {logging_mixin.py:188} INFO -  >> Đang lấy dữ liệu: DVN
[2026-01-11T03:53:42.731+0000] {logging_mixin.py:188} INFO -  Lỗi xử lý mã DVN: Failed to fetch data: 429 - Too Many Requests
[2026-01-11T03:53:42.772+0000] {logging_mixin.py:188} INFO -  >> Đang lấy dữ liệu: DVM
[2026-01-11T03:53:43.059+0000] {logging_mixin.py:188} INFO -  Lỗi xử lý mã DVM: Failed to fetch data: 429 - Too Many Requests
[2026-01-11T03:53:43.059+0000] {logging_mixin.py:188} INFO -  ⚠ Batch này không thu được dữ liệu nào.
[2026-01-11T03:53:43.063+0000] {datalake_df2csv.py:40} INFO - DataFrame rỗng, bỏ qua upload CSV.
[2026-01-11T03:53:43.064+0000] {taskinstance.py:441} INFO - ::group::Post task execution logs
[2026-01-11T03:53:43.076+0000] {taskinstance.py:1206} INFO - Marking task as SUCCESS. dag_id=bctc, task_id=ingest_bctc, run_id=manual__2026-01-11T03:52:02+00:00, map_index=64, execution_date=20260111T035202, start_date=20260111T035329, end_date=20260111T035343
[2026-01-11T03:53:43.138+0000] {local_task_job_runner.py:243} INFO - Task exited with return code 0
[2026-01-11T03:53:43.188+0000] {taskinstance.py:3503} INFO - 0 downstream tasks scheduled from follow-on schedule check
[2026-01-11T03:53:43.196+0000] {local_task_job_runner.py:222} INFO - ::endgroup::
