[2026-01-01T03:02:57.769+0000] {local_task_job_runner.py:120} INFO - ::group::Pre task execution logs
[2026-01-01T03:02:57.837+0000] {taskinstance.py:2076} INFO - Dependencies all met for dep_context=non-requeueable deps ti=<TaskInstance: thongtin_cty_bctc.ingest_bctc manual__2026-01-01T02:33:43.210877+00:00 map_index=29 [queued]>
[2026-01-01T03:02:57.871+0000] {taskinstance.py:2076} INFO - Dependencies all met for dep_context=requeueable deps ti=<TaskInstance: thongtin_cty_bctc.ingest_bctc manual__2026-01-01T02:33:43.210877+00:00 map_index=29 [queued]>
[2026-01-01T03:02:57.889+0000] {taskinstance.py:2306} INFO - Starting attempt 1 of 2
[2026-01-01T03:02:57.935+0000] {taskinstance.py:2330} INFO - Executing <Mapped(DfToCsvOperator): ingest_bctc> on 2026-01-01 02:33:43.210877+00:00
[2026-01-01T03:02:57.967+0000] {warnings.py:112} WARNING - This process (pid=26212) is multi-threaded, use of fork() may lead to deadlocks in the child.

[2026-01-01T03:02:57.969+0000] {standard_task_runner.py:64} INFO - Started process 26316 to run task
[2026-01-01T03:02:57.990+0000] {standard_task_runner.py:90} INFO - Running: ['***', 'tasks', 'run', 'thongtin_cty_bctc', 'ingest_bctc', 'manual__2026-01-01T02:33:43.210877+00:00', '--job-id', '2888', '--raw', '--subdir', 'DAGS_FOLDER/tt_cty_bctc.py', '--cfg-path', '/tmp/tmp1wj_hulg', '--map-index', '29']
[2026-01-01T03:02:57.996+0000] {standard_task_runner.py:91} INFO - Job 2888: Subtask ingest_bctc
[2026-01-01T03:02:58.185+0000] {task_command.py:426} INFO - Running <TaskInstance: thongtin_cty_bctc.ingest_bctc manual__2026-01-01T02:33:43.210877+00:00 map_index=29 [running]> on host 43b0a0f7606b
[2026-01-01T03:02:58.561+0000] {taskinstance.py:2648} INFO - Exporting env vars: AIRFLOW_CTX_DAG_OWNER='***' AIRFLOW_CTX_DAG_ID='thongtin_cty_bctc' AIRFLOW_CTX_TASK_ID='ingest_bctc' AIRFLOW_CTX_EXECUTION_DATE='2026-01-01T02:33:43.210877+00:00' AIRFLOW_CTX_TRY_NUMBER='1' AIRFLOW_CTX_DAG_RUN_ID='manual__2026-01-01T02:33:43.210877+00:00'
[2026-01-01T03:02:58.564+0000] {taskinstance.py:430} INFO - ::endgroup::
[2026-01-01T03:02:58.576+0000] {logging_mixin.py:188} INFO - Bắt đầu xử lý batch 1 mã: ['ITC']
[2026-01-01T03:02:58.577+0000] {logging_mixin.py:188} INFO -  >> Đang lấy dữ liệu: ITC
[2026-01-01T03:02:58.783+0000] {logging_mixin.py:188} INFO -  Lỗi xử lý mã ITC: Failed to fetch data: 429 - Too Many Requests
[2026-01-01T03:02:58.786+0000] {logging_mixin.py:188} INFO -  ⚠ Batch này không thu được dữ liệu nào.
[2026-01-01T03:02:58.813+0000] {datalake_df2csv.py:40} INFO - DataFrame rỗng, bỏ qua upload CSV.
[2026-01-01T03:02:58.814+0000] {taskinstance.py:441} INFO - ::group::Post task execution logs
[2026-01-01T03:02:58.835+0000] {taskinstance.py:1206} INFO - Marking task as SUCCESS. dag_id=thongtin_cty_bctc, task_id=ingest_bctc, run_id=manual__2026-01-01T02:33:43.210877+00:00, map_index=29, execution_date=20260101T023343, start_date=20260101T030257, end_date=20260101T030258
[2026-01-01T03:02:58.908+0000] {local_task_job_runner.py:243} INFO - Task exited with return code 0
[2026-01-01T03:02:58.927+0000] {local_task_job_runner.py:222} INFO - ::endgroup::
