[2025-12-31T14:37:31.347+0000] {local_task_job_runner.py:120} INFO - ::group::Pre task execution logs
[2025-12-31T14:37:31.381+0000] {taskinstance.py:2076} INFO - Dependencies all met for dep_context=non-requeueable deps ti=<TaskInstance: thongtin_cty_bctc.ingest_overview scheduled__2025-12-30T00:00:00+00:00 map_index=57 [queued]>
[2025-12-31T14:37:31.398+0000] {taskinstance.py:2076} INFO - Dependencies all met for dep_context=requeueable deps ti=<TaskInstance: thongtin_cty_bctc.ingest_overview scheduled__2025-12-30T00:00:00+00:00 map_index=57 [queued]>
[2025-12-31T14:37:31.399+0000] {taskinstance.py:2306} INFO - Starting attempt 1 of 2
[2025-12-31T14:37:31.412+0000] {taskinstance.py:2330} INFO - Executing <Mapped(DfToCsvOperator): ingest_overview> on 2025-12-30 00:00:00+00:00
[2025-12-31T14:37:31.423+0000] {warnings.py:112} WARNING - This process (pid=2560) is multi-threaded, use of fork() may lead to deadlocks in the child.

[2025-12-31T14:37:31.425+0000] {standard_task_runner.py:64} INFO - Started process 2592 to run task
[2025-12-31T14:37:31.427+0000] {standard_task_runner.py:90} INFO - Running: ['***', 'tasks', 'run', 'thongtin_cty_bctc', 'ingest_overview', 'scheduled__2025-12-30T00:00:00+00:00', '--job-id', '180', '--raw', '--subdir', 'DAGS_FOLDER/tt_cty_bctc.py', '--cfg-path', '/tmp/tmp3qn9o16v', '--map-index', '57']
[2025-12-31T14:37:31.428+0000] {standard_task_runner.py:91} INFO - Job 180: Subtask ingest_overview
[2025-12-31T14:37:31.483+0000] {task_command.py:426} INFO - Running <TaskInstance: thongtin_cty_bctc.ingest_overview scheduled__2025-12-30T00:00:00+00:00 map_index=57 [running]> on host 8bc7f11ea9a4
[2025-12-31T14:37:31.592+0000] {taskinstance.py:2648} INFO - Exporting env vars: AIRFLOW_CTX_DAG_OWNER='***' AIRFLOW_CTX_DAG_ID='thongtin_cty_bctc' AIRFLOW_CTX_TASK_ID='ingest_overview' AIRFLOW_CTX_EXECUTION_DATE='2025-12-30T00:00:00+00:00' AIRFLOW_CTX_TRY_NUMBER='1' AIRFLOW_CTX_DAG_RUN_ID='scheduled__2025-12-30T00:00:00+00:00'
[2025-12-31T14:37:31.594+0000] {taskinstance.py:430} INFO - ::endgroup::
[2025-12-31T14:37:31.777+0000] {logging_mixin.py:188} INFO - Err overview HGM: Failed to fetch data: 429 - Too Many Requests
[2025-12-31T14:37:32.069+0000] {logging_mixin.py:188} INFO - Err overview HGC: Failed to fetch data: 429 - Too Many Requests
[2025-12-31T14:37:32.217+0000] {logging_mixin.py:188} INFO - Err overview HGA: Failed to fetch data: 429 - Too Many Requests
[2025-12-31T14:37:32.361+0000] {logging_mixin.py:188} INFO - Err overview HFX: Failed to fetch data: 429 - Too Many Requests
[2025-12-31T14:37:32.567+0000] {logging_mixin.py:188} INFO - Err overview HFC: Failed to fetch data: 429 - Too Many Requests
[2025-12-31T14:37:32.729+0000] {logging_mixin.py:188} INFO - Err overview HFB: Failed to fetch data: 429 - Too Many Requests
[2025-12-31T14:37:32.888+0000] {logging_mixin.py:188} INFO - Err overview HEV: Failed to fetch data: 429 - Too Many Requests
[2025-12-31T14:37:33.031+0000] {logging_mixin.py:188} INFO - Err overview HES: Failed to fetch data: 429 - Too Many Requests
[2025-12-31T14:37:33.155+0000] {logging_mixin.py:188} INFO - Err overview HEP: Failed to fetch data: 429 - Too Many Requests
[2025-12-31T14:37:33.317+0000] {logging_mixin.py:188} INFO - Err overview HEM: Failed to fetch data: 429 - Too Many Requests
[2025-12-31T14:37:33.453+0000] {logging_mixin.py:188} INFO - Err overview HEJ: Failed to fetch data: 429 - Too Many Requests
[2025-12-31T14:37:33.605+0000] {logging_mixin.py:188} INFO - Err overview HEC: Failed to fetch data: 429 - Too Many Requests
[2025-12-31T14:37:33.802+0000] {logging_mixin.py:188} INFO - Err overview HDW: Failed to fetch data: 429 - Too Many Requests
[2025-12-31T14:37:33.962+0000] {logging_mixin.py:188} INFO - Err overview HDS: Failed to fetch data: 429 - Too Many Requests
[2025-12-31T14:37:34.171+0000] {logging_mixin.py:188} INFO - Err overview HDP: Failed to fetch data: 429 - Too Many Requests
[2025-12-31T14:37:34.492+0000] {logging_mixin.py:188} INFO - Err overview HDO: Failed to fetch data: 429 - Too Many Requests
[2025-12-31T14:37:34.898+0000] {logging_mixin.py:188} INFO - Err overview HDM: Failed to fetch data: 429 - Too Many Requests
[2025-12-31T14:37:35.263+0000] {logging_mixin.py:188} INFO - Err overview HDG: Failed to fetch data: 429 - Too Many Requests
[2025-12-31T14:37:35.581+0000] {logging_mixin.py:188} INFO - Err overview HDC: Failed to fetch data: 429 - Too Many Requests
[2025-12-31T14:37:35.732+0000] {logging_mixin.py:188} INFO - Err overview HDB: Failed to fetch data: 429 - Too Many Requests
[2025-12-31T14:37:35.736+0000] {datalake_df2csv.py:40} INFO - DataFrame rỗng, bỏ qua upload CSV.
[2025-12-31T14:37:35.736+0000] {taskinstance.py:441} INFO - ::group::Post task execution logs
[2025-12-31T14:37:35.744+0000] {taskinstance.py:1206} INFO - Marking task as SUCCESS. dag_id=thongtin_cty_bctc, task_id=ingest_overview, run_id=scheduled__2025-12-30T00:00:00+00:00, map_index=57, execution_date=20251230T000000, start_date=20251231T143731, end_date=20251231T143735
[2025-12-31T14:37:35.773+0000] {local_task_job_runner.py:243} INFO - Task exited with return code 0
[2025-12-31T14:37:35.789+0000] {taskinstance.py:3503} INFO - 0 downstream tasks scheduled from follow-on schedule check
[2025-12-31T14:37:35.791+0000] {local_task_job_runner.py:222} INFO - ::endgroup::
