[2026-01-01T09:10:24.026+0000] {local_task_job_runner.py:120} INFO - ::group::Pre task execution logs
[2026-01-01T09:10:24.107+0000] {taskinstance.py:2076} INFO - Dependencies all met for dep_context=non-requeueable deps ti=<TaskInstance: thongtin_cty_bctc.ingest_overview scheduled__2025-12-30T00:00:00+00:00 map_index=119 [queued]>
[2026-01-01T09:10:24.156+0000] {taskinstance.py:2076} INFO - Dependencies all met for dep_context=requeueable deps ti=<TaskInstance: thongtin_cty_bctc.ingest_overview scheduled__2025-12-30T00:00:00+00:00 map_index=119 [queued]>
[2026-01-01T09:10:24.156+0000] {taskinstance.py:2306} INFO - Starting attempt 2 of 3
[2026-01-01T09:10:24.183+0000] {taskinstance.py:2330} INFO - Executing <Mapped(DfToCsvOperator): ingest_overview> on 2025-12-30 00:00:00+00:00
[2026-01-01T09:10:24.205+0000] {warnings.py:112} WARNING - This process (pid=12982) is multi-threaded, use of fork() may lead to deadlocks in the child.

[2026-01-01T09:10:24.208+0000] {standard_task_runner.py:64} INFO - Started process 13069 to run task
[2026-01-01T09:10:24.210+0000] {standard_task_runner.py:90} INFO - Running: ['***', 'tasks', 'run', 'thongtin_cty_bctc', 'ingest_overview', 'scheduled__2025-12-30T00:00:00+00:00', '--job-id', '4788', '--raw', '--subdir', 'DAGS_FOLDER/tt_cty_bctc.py', '--cfg-path', '/tmp/tmp9ikrhxbe', '--map-index', '119']
[2026-01-01T09:10:24.215+0000] {standard_task_runner.py:91} INFO - Job 4788: Subtask ingest_overview
[2026-01-01T09:10:24.315+0000] {task_command.py:426} INFO - Running <TaskInstance: thongtin_cty_bctc.ingest_overview scheduled__2025-12-30T00:00:00+00:00 map_index=119 [running]> on host b455963a0603
[2026-01-01T09:10:24.562+0000] {taskinstance.py:2648} INFO - Exporting env vars: AIRFLOW_CTX_DAG_OWNER='***' AIRFLOW_CTX_DAG_ID='thongtin_cty_bctc' AIRFLOW_CTX_TASK_ID='ingest_overview' AIRFLOW_CTX_EXECUTION_DATE='2025-12-30T00:00:00+00:00' AIRFLOW_CTX_TRY_NUMBER='2' AIRFLOW_CTX_DAG_RUN_ID='scheduled__2025-12-30T00:00:00+00:00'
[2026-01-01T09:10:24.567+0000] {taskinstance.py:430} INFO - ::endgroup::
[2026-01-01T09:10:25.216+0000] {warnings.py:112} WARNING - DataFrame.applymap has been deprecated. Use DataFrame.map instead.

[2026-01-01T09:10:26.441+0000] {warnings.py:112} WARNING - DataFrame.applymap has been deprecated. Use DataFrame.map instead.

[2026-01-01T09:10:27.640+0000] {warnings.py:112} WARNING - DataFrame.applymap has been deprecated. Use DataFrame.map instead.

[2026-01-01T09:10:28.675+0000] {base.py:84} INFO - Using connection ID 'minio_finance' for task execution.
[2026-01-01T09:10:28.677+0000] {connection_wrapper.py:384} INFO - AWS Connection (conn_id='minio_finance', conn_type='aws') credentials retrieved from login and password.
[2026-01-01T09:10:29.686+0000] {datalake_df2csv.py:53} INFO - ✅ Đã upload 3 dòng -> s3://thongtin-congty-va-bctc/overview/2025-12-30/batch_119.csv
[2026-01-01T09:10:29.688+0000] {taskinstance.py:441} INFO - ::group::Post task execution logs
[2026-01-01T09:10:29.737+0000] {taskinstance.py:1206} INFO - Marking task as SUCCESS. dag_id=thongtin_cty_bctc, task_id=ingest_overview, run_id=scheduled__2025-12-30T00:00:00+00:00, map_index=119, execution_date=20251230T000000, start_date=20260101T091024, end_date=20260101T091029
[2026-01-01T09:10:29.884+0000] {local_task_job_runner.py:243} INFO - Task exited with return code 0
[2026-01-01T09:10:29.946+0000] {local_task_job_runner.py:222} INFO - ::endgroup::
