[2026-01-01T02:15:53.515+0000] {local_task_job_runner.py:120} INFO - ::group::Pre task execution logs
[2026-01-01T02:15:53.816+0000] {taskinstance.py:2076} INFO - Dependencies all met for dep_context=non-requeueable deps ti=<TaskInstance: thongtin_cty_bctc.ingest_bctc scheduled__2025-12-31T00:00:00+00:00 map_index=196 [queued]>
[2026-01-01T02:15:54.470+0000] {taskinstance.py:2076} INFO - Dependencies all met for dep_context=requeueable deps ti=<TaskInstance: thongtin_cty_bctc.ingest_bctc scheduled__2025-12-31T00:00:00+00:00 map_index=196 [queued]>
[2026-01-01T02:15:54.492+0000] {taskinstance.py:2306} INFO - Starting attempt 1 of 2
[2026-01-01T02:15:54.573+0000] {taskinstance.py:2330} INFO - Executing <Mapped(DfToCsvOperator): ingest_bctc> on 2025-12-31 00:00:00+00:00
[2026-01-01T02:15:54.603+0000] {warnings.py:112} WARNING - This process (pid=7235) is multi-threaded, use of fork() may lead to deadlocks in the child.

[2026-01-01T02:15:54.614+0000] {standard_task_runner.py:64} INFO - Started process 7358 to run task
[2026-01-01T02:15:54.643+0000] {standard_task_runner.py:90} INFO - Running: ['***', 'tasks', 'run', 'thongtin_cty_bctc', 'ingest_bctc', 'scheduled__2025-12-31T00:00:00+00:00', '--job-id', '1216', '--raw', '--subdir', 'DAGS_FOLDER/tt_cty_bctc.py', '--cfg-path', '/tmp/tmp5aa6eqa4', '--map-index', '196']
[2026-01-01T02:15:54.662+0000] {standard_task_runner.py:91} INFO - Job 1216: Subtask ingest_bctc
[2026-01-01T02:15:54.869+0000] {task_command.py:426} INFO - Running <TaskInstance: thongtin_cty_bctc.ingest_bctc scheduled__2025-12-31T00:00:00+00:00 map_index=196 [running]> on host 43b0a0f7606b
[2026-01-01T02:15:55.070+0000] {taskinstance.py:2648} INFO - Exporting env vars: AIRFLOW_CTX_DAG_OWNER='***' AIRFLOW_CTX_DAG_ID='thongtin_cty_bctc' AIRFLOW_CTX_TASK_ID='ingest_bctc' AIRFLOW_CTX_EXECUTION_DATE='2025-12-31T00:00:00+00:00' AIRFLOW_CTX_TRY_NUMBER='1' AIRFLOW_CTX_DAG_RUN_ID='scheduled__2025-12-31T00:00:00+00:00'
[2026-01-01T02:15:55.075+0000] {taskinstance.py:430} INFO - ::endgroup::
[2026-01-01T02:15:55.088+0000] {logging_mixin.py:188} INFO - Bắt đầu xử lý batch 5 mã: ['KIP', 'KHW', 'KHS', 'KHP', 'KHL']
[2026-01-01T02:15:55.089+0000] {logging_mixin.py:188} INFO -  >> Đang lấy dữ liệu: KIP
[2026-01-01T02:15:55.251+0000] {logging_mixin.py:188} INFO -  Lỗi xử lý mã KIP: Failed to fetch data: 429 - Too Many Requests
[2026-01-01T02:15:55.252+0000] {logging_mixin.py:188} INFO -  >> Đang lấy dữ liệu: KHW
[2026-01-01T02:15:55.394+0000] {logging_mixin.py:188} INFO -  Lỗi xử lý mã KHW: Failed to fetch data: 429 - Too Many Requests
[2026-01-01T02:15:55.395+0000] {logging_mixin.py:188} INFO -  >> Đang lấy dữ liệu: KHS
[2026-01-01T02:15:55.558+0000] {logging_mixin.py:188} INFO -  Lỗi xử lý mã KHS: Failed to fetch data: 429 - Too Many Requests
[2026-01-01T02:15:55.559+0000] {logging_mixin.py:188} INFO -  >> Đang lấy dữ liệu: KHP
[2026-01-01T02:15:55.754+0000] {logging_mixin.py:188} INFO -  Lỗi xử lý mã KHP: Failed to fetch data: 429 - Too Many Requests
[2026-01-01T02:15:55.756+0000] {logging_mixin.py:188} INFO -  >> Đang lấy dữ liệu: KHL
[2026-01-01T02:15:55.900+0000] {logging_mixin.py:188} INFO -  Lỗi xử lý mã KHL: Failed to fetch data: 429 - Too Many Requests
[2026-01-01T02:15:55.901+0000] {logging_mixin.py:188} INFO -  ⚠ Batch này không thu được dữ liệu nào.
[2026-01-01T02:15:55.906+0000] {datalake_df2csv.py:40} INFO - DataFrame rỗng, bỏ qua upload CSV.
[2026-01-01T02:15:55.908+0000] {taskinstance.py:441} INFO - ::group::Post task execution logs
[2026-01-01T02:15:55.939+0000] {taskinstance.py:1206} INFO - Marking task as SUCCESS. dag_id=thongtin_cty_bctc, task_id=ingest_bctc, run_id=scheduled__2025-12-31T00:00:00+00:00, map_index=196, execution_date=20251231T000000, start_date=20260101T021553, end_date=20260101T021555
[2026-01-01T02:15:56.042+0000] {local_task_job_runner.py:243} INFO - Task exited with return code 0
[2026-01-01T02:15:56.061+0000] {local_task_job_runner.py:222} INFO - ::endgroup::
