[2026-01-10T15:15:02.261+0000] {local_task_job_runner.py:120} INFO - ::group::Pre task execution logs
[2026-01-10T15:15:02.562+0000] {taskinstance.py:2076} INFO - Dependencies all met for dep_context=non-requeueable deps ti=<TaskInstance: thongtin_cty_bctc.ingest_bctc scheduled__2025-12-30T00:00:00+00:00 map_index=406 [queued]>
[2026-01-10T15:15:02.691+0000] {taskinstance.py:2076} INFO - Dependencies all met for dep_context=requeueable deps ti=<TaskInstance: thongtin_cty_bctc.ingest_bctc scheduled__2025-12-30T00:00:00+00:00 map_index=406 [queued]>
[2026-01-10T15:15:02.692+0000] {taskinstance.py:2306} INFO - Starting attempt 1 of 2
[2026-01-10T15:15:02.729+0000] {taskinstance.py:2330} INFO - Executing <Mapped(DfToCsvOperator): ingest_bctc> on 2025-12-30 00:00:00+00:00
[2026-01-10T15:15:02.750+0000] {warnings.py:112} WARNING - This process (pid=8390) is multi-threaded, use of fork() may lead to deadlocks in the child.

[2026-01-10T15:15:02.753+0000] {standard_task_runner.py:64} INFO - Started process 8438 to run task
[2026-01-10T15:15:02.759+0000] {standard_task_runner.py:90} INFO - Running: ['***', 'tasks', 'run', 'thongtin_cty_bctc', 'ingest_bctc', 'scheduled__2025-12-30T00:00:00+00:00', '--job-id', '9322', '--raw', '--subdir', 'DAGS_FOLDER/tt_cty_bctc.py', '--cfg-path', '/tmp/tmpem9gcjsw', '--map-index', '406']
[2026-01-10T15:15:02.761+0000] {standard_task_runner.py:91} INFO - Job 9322: Subtask ingest_bctc
[2026-01-10T15:15:02.861+0000] {task_command.py:426} INFO - Running <TaskInstance: thongtin_cty_bctc.ingest_bctc scheduled__2025-12-30T00:00:00+00:00 map_index=406 [running]> on host c44bcb92a951
[2026-01-10T15:15:03.035+0000] {taskinstance.py:2648} INFO - Exporting env vars: AIRFLOW_CTX_DAG_OWNER='***' AIRFLOW_CTX_DAG_ID='thongtin_cty_bctc' AIRFLOW_CTX_TASK_ID='ingest_bctc' AIRFLOW_CTX_EXECUTION_DATE='2025-12-30T00:00:00+00:00' AIRFLOW_CTX_TRY_NUMBER='1' AIRFLOW_CTX_DAG_RUN_ID='scheduled__2025-12-30T00:00:00+00:00'
[2026-01-10T15:15:03.036+0000] {taskinstance.py:430} INFO - ::endgroup::
[2026-01-10T15:15:03.049+0000] {logging_mixin.py:188} INFO - Bắt đầu xử lý batch 3 mã: ['GH3', 'GGG', 'GEX']
[2026-01-10T15:15:03.050+0000] {logging_mixin.py:188} INFO -  >> Đang lấy dữ liệu: GH3
[2026-01-10T15:15:07.918+0000] {logging_mixin.py:188} INFO - ❌ Lỗi income_statement: RetryError[<Future at 0x7f17d50d0800 state=finished raised KeyError>]
[2026-01-10T15:15:12.432+0000] {logging_mixin.py:188} INFO - ❌ Lỗi balance_sheet: RetryError[<Future at 0x7f17d50d0ec0 state=finished raised KeyError>]
[2026-01-10T15:15:16.871+0000] {logging_mixin.py:188} INFO - ❌ Lỗi cash_flow: RetryError[<Future at 0x7f17d50d0e30 state=finished raised KeyError>]
[2026-01-10T15:15:17.873+0000] {logging_mixin.py:188} INFO -  >> Đang lấy dữ liệu: GGG
[2026-01-10T15:15:20.506+0000] {logging_mixin.py:188} INFO -  >> Đang lấy dữ liệu: GEX
[2026-01-10T15:15:23.601+0000] {logging_mixin.py:188} INFO -  ✓ Hoàn thành batch. Tổng số dòng: 6354
[2026-01-10T15:15:23.704+0000] {base.py:84} INFO - Using connection ID 'minio_finance' for task execution.
[2026-01-10T15:15:23.705+0000] {connection_wrapper.py:384} INFO - AWS Connection (conn_id='minio_finance', conn_type='aws') credentials retrieved from login and password.
[2026-01-10T15:15:24.435+0000] {datalake_df2csv.py:52} INFO - ✅ Đã upload 6354 dòng -> s3://thongtin-congty-va-bctc/bctc/2025-12-30/batch_406.csv
[2026-01-10T15:15:24.437+0000] {taskinstance.py:441} INFO - ::group::Post task execution logs
[2026-01-10T15:15:24.449+0000] {taskinstance.py:1206} INFO - Marking task as SUCCESS. dag_id=thongtin_cty_bctc, task_id=ingest_bctc, run_id=scheduled__2025-12-30T00:00:00+00:00, map_index=406, execution_date=20251230T000000, start_date=20260110T151502, end_date=20260110T151524
[2026-01-10T15:15:26.686+0000] {local_task_job_runner.py:243} INFO - Task exited with return code 0
[2026-01-10T15:15:26.776+0000] {taskinstance.py:3503} INFO - 0 downstream tasks scheduled from follow-on schedule check
[2026-01-10T15:15:26.780+0000] {local_task_job_runner.py:222} INFO - ::endgroup::
