[2026-01-13T13:23:23.456+0000] {local_task_job_runner.py:120} INFO - ::group::Pre task execution logs
[2026-01-13T13:23:23.488+0000] {taskinstance.py:2076} INFO - Dependencies all met for dep_context=non-requeueable deps ti=<TaskInstance: bctc.ingest_bctc manual__2026-01-13T13:17:52+00:00 map_index=31 [queued]>
[2026-01-13T13:23:23.505+0000] {taskinstance.py:2076} INFO - Dependencies all met for dep_context=requeueable deps ti=<TaskInstance: bctc.ingest_bctc manual__2026-01-13T13:17:52+00:00 map_index=31 [queued]>
[2026-01-13T13:23:23.506+0000] {taskinstance.py:2306} INFO - Starting attempt 1 of 2
[2026-01-13T13:23:23.521+0000] {taskinstance.py:2330} INFO - Executing <Mapped(DfToCsvOperator): ingest_bctc> on 2026-01-13 13:17:52+00:00
[2026-01-13T13:23:23.538+0000] {warnings.py:112} WARNING - This process (pid=1539) is multi-threaded, use of fork() may lead to deadlocks in the child.

[2026-01-13T13:23:23.540+0000] {standard_task_runner.py:64} INFO - Started process 1572 to run task
[2026-01-13T13:23:23.542+0000] {standard_task_runner.py:90} INFO - Running: ['***', 'tasks', 'run', 'bctc', 'ingest_bctc', 'manual__2026-01-13T13:17:52+00:00', '--job-id', '14992', '--raw', '--subdir', 'DAGS_FOLDER/tt_cty_bctc.py', '--cfg-path', '/tmp/tmpvlg_py6p', '--map-index', '31']
[2026-01-13T13:23:23.546+0000] {standard_task_runner.py:91} INFO - Job 14992: Subtask ingest_bctc
[2026-01-13T13:23:23.599+0000] {task_command.py:426} INFO - Running <TaskInstance: bctc.ingest_bctc manual__2026-01-13T13:17:52+00:00 map_index=31 [running]> on host 03cf7cc79cc9
[2026-01-13T13:23:23.704+0000] {taskinstance.py:2648} INFO - Exporting env vars: AIRFLOW_CTX_DAG_OWNER='***' AIRFLOW_CTX_DAG_ID='bctc' AIRFLOW_CTX_TASK_ID='ingest_bctc' AIRFLOW_CTX_EXECUTION_DATE='2026-01-13T13:17:52+00:00' AIRFLOW_CTX_TRY_NUMBER='1' AIRFLOW_CTX_DAG_RUN_ID='manual__2026-01-13T13:17:52+00:00'
[2026-01-13T13:23:23.706+0000] {taskinstance.py:430} INFO - ::endgroup::
[2026-01-13T13:23:23.712+0000] {logging_mixin.py:188} INFO - Bắt đầu xử lý batch 20 mã: ['PVA', 'PV2', 'PTX', 'PTV', 'PTT', 'PTS', 'PTP', 'PTO', 'PTN', 'PTM', 'PTL', 'PTI', 'PTH', 'PTG', 'PTE', 'PTD', 'PTC', 'PTB', 'PSW', 'PSP']
[2026-01-13T13:23:23.713+0000] {logging_mixin.py:188} INFO -  >> Đang lấy dữ liệu: PVA
[2026-01-13T13:23:23.723+0000] {log.py:232} WARNING - 2026-01-13 13:23:23 - vnstock.core.utils.client - ERROR - API request failed: HTTPSConnectionPool(host='trading.vietcap.com.vn', port=443): Max retries exceeded with url: /data-mt/graphql (Caused by NameResolutionError("<urllib3.connection.HTTPSConnection object at 0x7fb998d70740>: Failed to resolve 'trading.vietcap.com.vn' ([Errno -2] Name or service not known)"))
[2026-01-13T13:23:23.723+0000] {client.py:414} ERROR - API request failed: HTTPSConnectionPool(host='trading.vietcap.com.vn', port=443): Max retries exceeded with url: /data-mt/graphql (Caused by NameResolutionError("<urllib3.connection.HTTPSConnection object at 0x7fb998d70740>: Failed to resolve 'trading.vietcap.com.vn' ([Errno -2] Name or service not known)"))
[2026-01-13T13:23:23.725+0000] {logging_mixin.py:188} INFO -  Lỗi xử lý mã PVA: API request failed: HTTPSConnectionPool(host='trading.vietcap.com.vn', port=443): Max retries exceeded with url: /data-mt/graphql (Caused by NameResolutionError("<urllib3.connection.HTTPSConnection object at 0x7fb998d70740>: Failed to resolve 'trading.vietcap.com.vn' ([Errno -2] Name or service not known)"))
[2026-01-13T13:23:23.725+0000] {logging_mixin.py:188} INFO -  >> Đang lấy dữ liệu: PV2
[2026-01-13T13:23:23.729+0000] {log.py:232} WARNING - 2026-01-13 13:23:23 - vnstock.core.utils.client - ERROR - API request failed: HTTPSConnectionPool(host='trading.vietcap.com.vn', port=443): Max retries exceeded with url: /data-mt/graphql (Caused by NameResolutionError("<urllib3.connection.HTTPSConnection object at 0x7fb998d81430>: Failed to resolve 'trading.vietcap.com.vn' ([Errno -2] Name or service not known)"))
[2026-01-13T13:23:23.729+0000] {client.py:414} ERROR - API request failed: HTTPSConnectionPool(host='trading.vietcap.com.vn', port=443): Max retries exceeded with url: /data-mt/graphql (Caused by NameResolutionError("<urllib3.connection.HTTPSConnection object at 0x7fb998d81430>: Failed to resolve 'trading.vietcap.com.vn' ([Errno -2] Name or service not known)"))
[2026-01-13T13:23:23.730+0000] {logging_mixin.py:188} INFO -  Lỗi xử lý mã PV2: API request failed: HTTPSConnectionPool(host='trading.vietcap.com.vn', port=443): Max retries exceeded with url: /data-mt/graphql (Caused by NameResolutionError("<urllib3.connection.HTTPSConnection object at 0x7fb998d81430>: Failed to resolve 'trading.vietcap.com.vn' ([Errno -2] Name or service not known)"))
[2026-01-13T13:23:23.730+0000] {logging_mixin.py:188} INFO -  >> Đang lấy dữ liệu: PTX
[2026-01-13T13:23:23.734+0000] {log.py:232} WARNING - 2026-01-13 13:23:23 - vnstock.core.utils.client - ERROR - API request failed: HTTPSConnectionPool(host='trading.vietcap.com.vn', port=443): Max retries exceeded with url: /data-mt/graphql (Caused by NameResolutionError("<urllib3.connection.HTTPSConnection object at 0x7fb998d82c90>: Failed to resolve 'trading.vietcap.com.vn' ([Errno -2] Name or service not known)"))
[2026-01-13T13:23:23.734+0000] {client.py:414} ERROR - API request failed: HTTPSConnectionPool(host='trading.vietcap.com.vn', port=443): Max retries exceeded with url: /data-mt/graphql (Caused by NameResolutionError("<urllib3.connection.HTTPSConnection object at 0x7fb998d82c90>: Failed to resolve 'trading.vietcap.com.vn' ([Errno -2] Name or service not known)"))
[2026-01-13T13:23:23.735+0000] {logging_mixin.py:188} INFO -  Lỗi xử lý mã PTX: API request failed: HTTPSConnectionPool(host='trading.vietcap.com.vn', port=443): Max retries exceeded with url: /data-mt/graphql (Caused by NameResolutionError("<urllib3.connection.HTTPSConnection object at 0x7fb998d82c90>: Failed to resolve 'trading.vietcap.com.vn' ([Errno -2] Name or service not known)"))
[2026-01-13T13:23:23.735+0000] {logging_mixin.py:188} INFO -  >> Đang lấy dữ liệu: PTV
[2026-01-13T13:23:23.739+0000] {log.py:232} WARNING - 2026-01-13 13:23:23 - vnstock.core.utils.client - ERROR - API request failed: HTTPSConnectionPool(host='trading.vietcap.com.vn', port=443): Max retries exceeded with url: /data-mt/graphql (Caused by NameResolutionError("<urllib3.connection.HTTPSConnection object at 0x7fb998d4fa10>: Failed to resolve 'trading.vietcap.com.vn' ([Errno -2] Name or service not known)"))
[2026-01-13T13:23:23.739+0000] {client.py:414} ERROR - API request failed: HTTPSConnectionPool(host='trading.vietcap.com.vn', port=443): Max retries exceeded with url: /data-mt/graphql (Caused by NameResolutionError("<urllib3.connection.HTTPSConnection object at 0x7fb998d4fa10>: Failed to resolve 'trading.vietcap.com.vn' ([Errno -2] Name or service not known)"))
[2026-01-13T13:23:23.740+0000] {logging_mixin.py:188} INFO -  Lỗi xử lý mã PTV: API request failed: HTTPSConnectionPool(host='trading.vietcap.com.vn', port=443): Max retries exceeded with url: /data-mt/graphql (Caused by NameResolutionError("<urllib3.connection.HTTPSConnection object at 0x7fb998d4fa10>: Failed to resolve 'trading.vietcap.com.vn' ([Errno -2] Name or service not known)"))
[2026-01-13T13:23:23.740+0000] {logging_mixin.py:188} INFO -  >> Đang lấy dữ liệu: PTT
[2026-01-13T13:23:23.744+0000] {log.py:232} WARNING - 2026-01-13 13:23:23 - vnstock.core.utils.client - ERROR - API request failed: HTTPSConnectionPool(host='trading.vietcap.com.vn', port=443): Max retries exceeded with url: /data-mt/graphql (Caused by NameResolutionError("<urllib3.connection.HTTPSConnection object at 0x7fb998d824b0>: Failed to resolve 'trading.vietcap.com.vn' ([Errno -2] Name or service not known)"))
[2026-01-13T13:23:23.744+0000] {client.py:414} ERROR - API request failed: HTTPSConnectionPool(host='trading.vietcap.com.vn', port=443): Max retries exceeded with url: /data-mt/graphql (Caused by NameResolutionError("<urllib3.connection.HTTPSConnection object at 0x7fb998d824b0>: Failed to resolve 'trading.vietcap.com.vn' ([Errno -2] Name or service not known)"))
[2026-01-13T13:23:23.745+0000] {logging_mixin.py:188} INFO -  Lỗi xử lý mã PTT: API request failed: HTTPSConnectionPool(host='trading.vietcap.com.vn', port=443): Max retries exceeded with url: /data-mt/graphql (Caused by NameResolutionError("<urllib3.connection.HTTPSConnection object at 0x7fb998d824b0>: Failed to resolve 'trading.vietcap.com.vn' ([Errno -2] Name or service not known)"))
[2026-01-13T13:23:23.746+0000] {logging_mixin.py:188} INFO -  >> Đang lấy dữ liệu: PTS
[2026-01-13T13:23:23.749+0000] {log.py:232} WARNING - 2026-01-13 13:23:23 - vnstock.core.utils.client - ERROR - API request failed: HTTPSConnectionPool(host='trading.vietcap.com.vn', port=443): Max retries exceeded with url: /data-mt/graphql (Caused by NameResolutionError("<urllib3.connection.HTTPSConnection object at 0x7fb998d838f0>: Failed to resolve 'trading.vietcap.com.vn' ([Errno -2] Name or service not known)"))
[2026-01-13T13:23:23.749+0000] {client.py:414} ERROR - API request failed: HTTPSConnectionPool(host='trading.vietcap.com.vn', port=443): Max retries exceeded with url: /data-mt/graphql (Caused by NameResolutionError("<urllib3.connection.HTTPSConnection object at 0x7fb998d838f0>: Failed to resolve 'trading.vietcap.com.vn' ([Errno -2] Name or service not known)"))
[2026-01-13T13:23:23.750+0000] {logging_mixin.py:188} INFO -  Lỗi xử lý mã PTS: API request failed: HTTPSConnectionPool(host='trading.vietcap.com.vn', port=443): Max retries exceeded with url: /data-mt/graphql (Caused by NameResolutionError("<urllib3.connection.HTTPSConnection object at 0x7fb998d838f0>: Failed to resolve 'trading.vietcap.com.vn' ([Errno -2] Name or service not known)"))
[2026-01-13T13:23:23.751+0000] {logging_mixin.py:188} INFO -  >> Đang lấy dữ liệu: PTP
[2026-01-13T13:23:23.755+0000] {log.py:232} WARNING - 2026-01-13 13:23:23 - vnstock.core.utils.client - ERROR - API request failed: HTTPSConnectionPool(host='trading.vietcap.com.vn', port=443): Max retries exceeded with url: /data-mt/graphql (Caused by NameResolutionError("<urllib3.connection.HTTPSConnection object at 0x7fb998dd08f0>: Failed to resolve 'trading.vietcap.com.vn' ([Errno -2] Name or service not known)"))
[2026-01-13T13:23:23.755+0000] {client.py:414} ERROR - API request failed: HTTPSConnectionPool(host='trading.vietcap.com.vn', port=443): Max retries exceeded with url: /data-mt/graphql (Caused by NameResolutionError("<urllib3.connection.HTTPSConnection object at 0x7fb998dd08f0>: Failed to resolve 'trading.vietcap.com.vn' ([Errno -2] Name or service not known)"))
[2026-01-13T13:23:23.756+0000] {logging_mixin.py:188} INFO -  Lỗi xử lý mã PTP: API request failed: HTTPSConnectionPool(host='trading.vietcap.com.vn', port=443): Max retries exceeded with url: /data-mt/graphql (Caused by NameResolutionError("<urllib3.connection.HTTPSConnection object at 0x7fb998dd08f0>: Failed to resolve 'trading.vietcap.com.vn' ([Errno -2] Name or service not known)"))
[2026-01-13T13:23:23.756+0000] {logging_mixin.py:188} INFO -  >> Đang lấy dữ liệu: PTO
[2026-01-13T13:23:23.760+0000] {log.py:232} WARNING - 2026-01-13 13:23:23 - vnstock.core.utils.client - ERROR - API request failed: HTTPSConnectionPool(host='trading.vietcap.com.vn', port=443): Max retries exceeded with url: /data-mt/graphql (Caused by NameResolutionError("<urllib3.connection.HTTPSConnection object at 0x7fb998dd1610>: Failed to resolve 'trading.vietcap.com.vn' ([Errno -2] Name or service not known)"))
[2026-01-13T13:23:23.760+0000] {client.py:414} ERROR - API request failed: HTTPSConnectionPool(host='trading.vietcap.com.vn', port=443): Max retries exceeded with url: /data-mt/graphql (Caused by NameResolutionError("<urllib3.connection.HTTPSConnection object at 0x7fb998dd1610>: Failed to resolve 'trading.vietcap.com.vn' ([Errno -2] Name or service not known)"))
[2026-01-13T13:23:23.761+0000] {logging_mixin.py:188} INFO -  Lỗi xử lý mã PTO: API request failed: HTTPSConnectionPool(host='trading.vietcap.com.vn', port=443): Max retries exceeded with url: /data-mt/graphql (Caused by NameResolutionError("<urllib3.connection.HTTPSConnection object at 0x7fb998dd1610>: Failed to resolve 'trading.vietcap.com.vn' ([Errno -2] Name or service not known)"))
[2026-01-13T13:23:23.762+0000] {logging_mixin.py:188} INFO -  >> Đang lấy dữ liệu: PTN
[2026-01-13T13:23:23.766+0000] {log.py:232} WARNING - 2026-01-13 13:23:23 - vnstock.core.utils.client - ERROR - API request failed: HTTPSConnectionPool(host='trading.vietcap.com.vn', port=443): Max retries exceeded with url: /data-mt/graphql (Caused by NameResolutionError("<urllib3.connection.HTTPSConnection object at 0x7fb998d812b0>: Failed to resolve 'trading.vietcap.com.vn' ([Errno -2] Name or service not known)"))
[2026-01-13T13:23:23.766+0000] {client.py:414} ERROR - API request failed: HTTPSConnectionPool(host='trading.vietcap.com.vn', port=443): Max retries exceeded with url: /data-mt/graphql (Caused by NameResolutionError("<urllib3.connection.HTTPSConnection object at 0x7fb998d812b0>: Failed to resolve 'trading.vietcap.com.vn' ([Errno -2] Name or service not known)"))
[2026-01-13T13:23:23.767+0000] {logging_mixin.py:188} INFO -  Lỗi xử lý mã PTN: API request failed: HTTPSConnectionPool(host='trading.vietcap.com.vn', port=443): Max retries exceeded with url: /data-mt/graphql (Caused by NameResolutionError("<urllib3.connection.HTTPSConnection object at 0x7fb998d812b0>: Failed to resolve 'trading.vietcap.com.vn' ([Errno -2] Name or service not known)"))
[2026-01-13T13:23:23.767+0000] {logging_mixin.py:188} INFO -  >> Đang lấy dữ liệu: PTM
[2026-01-13T13:23:23.771+0000] {log.py:232} WARNING - 2026-01-13 13:23:23 - vnstock.core.utils.client - ERROR - API request failed: HTTPSConnectionPool(host='trading.vietcap.com.vn', port=443): Max retries exceeded with url: /data-mt/graphql (Caused by NameResolutionError("<urllib3.connection.HTTPSConnection object at 0x7fb998d827b0>: Failed to resolve 'trading.vietcap.com.vn' ([Errno -2] Name or service not known)"))
[2026-01-13T13:23:23.771+0000] {client.py:414} ERROR - API request failed: HTTPSConnectionPool(host='trading.vietcap.com.vn', port=443): Max retries exceeded with url: /data-mt/graphql (Caused by NameResolutionError("<urllib3.connection.HTTPSConnection object at 0x7fb998d827b0>: Failed to resolve 'trading.vietcap.com.vn' ([Errno -2] Name or service not known)"))
[2026-01-13T13:23:23.772+0000] {logging_mixin.py:188} INFO -  Lỗi xử lý mã PTM: API request failed: HTTPSConnectionPool(host='trading.vietcap.com.vn', port=443): Max retries exceeded with url: /data-mt/graphql (Caused by NameResolutionError("<urllib3.connection.HTTPSConnection object at 0x7fb998d827b0>: Failed to resolve 'trading.vietcap.com.vn' ([Errno -2] Name or service not known)"))
[2026-01-13T13:23:23.772+0000] {logging_mixin.py:188} INFO -  >> Đang lấy dữ liệu: PTL
[2026-01-13T13:23:23.776+0000] {log.py:232} WARNING - 2026-01-13 13:23:23 - vnstock.core.utils.client - ERROR - API request failed: HTTPSConnectionPool(host='trading.vietcap.com.vn', port=443): Max retries exceeded with url: /data-mt/graphql (Caused by NameResolutionError("<urllib3.connection.HTTPSConnection object at 0x7fb998d705c0>: Failed to resolve 'trading.vietcap.com.vn' ([Errno -2] Name or service not known)"))
[2026-01-13T13:23:23.776+0000] {client.py:414} ERROR - API request failed: HTTPSConnectionPool(host='trading.vietcap.com.vn', port=443): Max retries exceeded with url: /data-mt/graphql (Caused by NameResolutionError("<urllib3.connection.HTTPSConnection object at 0x7fb998d705c0>: Failed to resolve 'trading.vietcap.com.vn' ([Errno -2] Name or service not known)"))
[2026-01-13T13:23:23.777+0000] {logging_mixin.py:188} INFO -  Lỗi xử lý mã PTL: API request failed: HTTPSConnectionPool(host='trading.vietcap.com.vn', port=443): Max retries exceeded with url: /data-mt/graphql (Caused by NameResolutionError("<urllib3.connection.HTTPSConnection object at 0x7fb998d705c0>: Failed to resolve 'trading.vietcap.com.vn' ([Errno -2] Name or service not known)"))
[2026-01-13T13:23:23.777+0000] {logging_mixin.py:188} INFO -  >> Đang lấy dữ liệu: PTI
[2026-01-13T13:23:23.782+0000] {log.py:232} WARNING - 2026-01-13 13:23:23 - vnstock.core.utils.client - ERROR - API request failed: HTTPSConnectionPool(host='trading.vietcap.com.vn', port=443): Max retries exceeded with url: /data-mt/graphql (Caused by NameResolutionError("<urllib3.connection.HTTPSConnection object at 0x7fb998dd1460>: Failed to resolve 'trading.vietcap.com.vn' ([Errno -2] Name or service not known)"))
[2026-01-13T13:23:23.782+0000] {client.py:414} ERROR - API request failed: HTTPSConnectionPool(host='trading.vietcap.com.vn', port=443): Max retries exceeded with url: /data-mt/graphql (Caused by NameResolutionError("<urllib3.connection.HTTPSConnection object at 0x7fb998dd1460>: Failed to resolve 'trading.vietcap.com.vn' ([Errno -2] Name or service not known)"))
[2026-01-13T13:23:23.783+0000] {logging_mixin.py:188} INFO -  Lỗi xử lý mã PTI: API request failed: HTTPSConnectionPool(host='trading.vietcap.com.vn', port=443): Max retries exceeded with url: /data-mt/graphql (Caused by NameResolutionError("<urllib3.connection.HTTPSConnection object at 0x7fb998dd1460>: Failed to resolve 'trading.vietcap.com.vn' ([Errno -2] Name or service not known)"))
[2026-01-13T13:23:23.783+0000] {logging_mixin.py:188} INFO -  >> Đang lấy dữ liệu: PTH
[2026-01-13T13:23:23.787+0000] {log.py:232} WARNING - 2026-01-13 13:23:23 - vnstock.core.utils.client - ERROR - API request failed: HTTPSConnectionPool(host='trading.vietcap.com.vn', port=443): Max retries exceeded with url: /data-mt/graphql (Caused by NameResolutionError("<urllib3.connection.HTTPSConnection object at 0x7fb998dd0140>: Failed to resolve 'trading.vietcap.com.vn' ([Errno -2] Name or service not known)"))
[2026-01-13T13:23:23.787+0000] {client.py:414} ERROR - API request failed: HTTPSConnectionPool(host='trading.vietcap.com.vn', port=443): Max retries exceeded with url: /data-mt/graphql (Caused by NameResolutionError("<urllib3.connection.HTTPSConnection object at 0x7fb998dd0140>: Failed to resolve 'trading.vietcap.com.vn' ([Errno -2] Name or service not known)"))
[2026-01-13T13:23:23.789+0000] {logging_mixin.py:188} INFO -  Lỗi xử lý mã PTH: API request failed: HTTPSConnectionPool(host='trading.vietcap.com.vn', port=443): Max retries exceeded with url: /data-mt/graphql (Caused by NameResolutionError("<urllib3.connection.HTTPSConnection object at 0x7fb998dd0140>: Failed to resolve 'trading.vietcap.com.vn' ([Errno -2] Name or service not known)"))
[2026-01-13T13:23:23.789+0000] {logging_mixin.py:188} INFO -  >> Đang lấy dữ liệu: PTG
[2026-01-13T13:23:23.794+0000] {log.py:232} WARNING - 2026-01-13 13:23:23 - vnstock.core.utils.client - ERROR - API request failed: HTTPSConnectionPool(host='trading.vietcap.com.vn', port=443): Max retries exceeded with url: /data-mt/graphql (Caused by NameResolutionError("<urllib3.connection.HTTPSConnection object at 0x7fb998dd2a50>: Failed to resolve 'trading.vietcap.com.vn' ([Errno -2] Name or service not known)"))
[2026-01-13T13:23:23.794+0000] {client.py:414} ERROR - API request failed: HTTPSConnectionPool(host='trading.vietcap.com.vn', port=443): Max retries exceeded with url: /data-mt/graphql (Caused by NameResolutionError("<urllib3.connection.HTTPSConnection object at 0x7fb998dd2a50>: Failed to resolve 'trading.vietcap.com.vn' ([Errno -2] Name or service not known)"))
[2026-01-13T13:23:23.796+0000] {logging_mixin.py:188} INFO -  Lỗi xử lý mã PTG: API request failed: HTTPSConnectionPool(host='trading.vietcap.com.vn', port=443): Max retries exceeded with url: /data-mt/graphql (Caused by NameResolutionError("<urllib3.connection.HTTPSConnection object at 0x7fb998dd2a50>: Failed to resolve 'trading.vietcap.com.vn' ([Errno -2] Name or service not known)"))
[2026-01-13T13:23:23.796+0000] {logging_mixin.py:188} INFO -  >> Đang lấy dữ liệu: PTE
[2026-01-13T13:23:23.800+0000] {log.py:232} WARNING - 2026-01-13 13:23:23 - vnstock.core.utils.client - ERROR - API request failed: HTTPSConnectionPool(host='trading.vietcap.com.vn', port=443): Max retries exceeded with url: /data-mt/graphql (Caused by NameResolutionError("<urllib3.connection.HTTPSConnection object at 0x7fb998d833e0>: Failed to resolve 'trading.vietcap.com.vn' ([Errno -2] Name or service not known)"))
[2026-01-13T13:23:23.800+0000] {client.py:414} ERROR - API request failed: HTTPSConnectionPool(host='trading.vietcap.com.vn', port=443): Max retries exceeded with url: /data-mt/graphql (Caused by NameResolutionError("<urllib3.connection.HTTPSConnection object at 0x7fb998d833e0>: Failed to resolve 'trading.vietcap.com.vn' ([Errno -2] Name or service not known)"))
[2026-01-13T13:23:23.802+0000] {logging_mixin.py:188} INFO -  Lỗi xử lý mã PTE: API request failed: HTTPSConnectionPool(host='trading.vietcap.com.vn', port=443): Max retries exceeded with url: /data-mt/graphql (Caused by NameResolutionError("<urllib3.connection.HTTPSConnection object at 0x7fb998d833e0>: Failed to resolve 'trading.vietcap.com.vn' ([Errno -2] Name or service not known)"))
[2026-01-13T13:23:23.802+0000] {logging_mixin.py:188} INFO -  >> Đang lấy dữ liệu: PTD
[2026-01-13T13:23:23.807+0000] {log.py:232} WARNING - 2026-01-13 13:23:23 - vnstock.core.utils.client - ERROR - API request failed: HTTPSConnectionPool(host='trading.vietcap.com.vn', port=443): Max retries exceeded with url: /data-mt/graphql (Caused by NameResolutionError("<urllib3.connection.HTTPSConnection object at 0x7fb998d81220>: Failed to resolve 'trading.vietcap.com.vn' ([Errno -2] Name or service not known)"))
[2026-01-13T13:23:23.807+0000] {client.py:414} ERROR - API request failed: HTTPSConnectionPool(host='trading.vietcap.com.vn', port=443): Max retries exceeded with url: /data-mt/graphql (Caused by NameResolutionError("<urllib3.connection.HTTPSConnection object at 0x7fb998d81220>: Failed to resolve 'trading.vietcap.com.vn' ([Errno -2] Name or service not known)"))
[2026-01-13T13:23:23.808+0000] {logging_mixin.py:188} INFO -  Lỗi xử lý mã PTD: API request failed: HTTPSConnectionPool(host='trading.vietcap.com.vn', port=443): Max retries exceeded with url: /data-mt/graphql (Caused by NameResolutionError("<urllib3.connection.HTTPSConnection object at 0x7fb998d81220>: Failed to resolve 'trading.vietcap.com.vn' ([Errno -2] Name or service not known)"))
[2026-01-13T13:23:23.808+0000] {logging_mixin.py:188} INFO -  >> Đang lấy dữ liệu: PTC
[2026-01-13T13:23:23.814+0000] {log.py:232} WARNING - 2026-01-13 13:23:23 - vnstock.core.utils.client - ERROR - API request failed: HTTPSConnectionPool(host='trading.vietcap.com.vn', port=443): Max retries exceeded with url: /data-mt/graphql (Caused by NameResolutionError("<urllib3.connection.HTTPSConnection object at 0x7fb998dd0950>: Failed to resolve 'trading.vietcap.com.vn' ([Errno -2] Name or service not known)"))
[2026-01-13T13:23:23.814+0000] {client.py:414} ERROR - API request failed: HTTPSConnectionPool(host='trading.vietcap.com.vn', port=443): Max retries exceeded with url: /data-mt/graphql (Caused by NameResolutionError("<urllib3.connection.HTTPSConnection object at 0x7fb998dd0950>: Failed to resolve 'trading.vietcap.com.vn' ([Errno -2] Name or service not known)"))
[2026-01-13T13:23:23.815+0000] {logging_mixin.py:188} INFO -  Lỗi xử lý mã PTC: API request failed: HTTPSConnectionPool(host='trading.vietcap.com.vn', port=443): Max retries exceeded with url: /data-mt/graphql (Caused by NameResolutionError("<urllib3.connection.HTTPSConnection object at 0x7fb998dd0950>: Failed to resolve 'trading.vietcap.com.vn' ([Errno -2] Name or service not known)"))
[2026-01-13T13:23:23.815+0000] {logging_mixin.py:188} INFO -  >> Đang lấy dữ liệu: PTB
[2026-01-13T13:23:23.819+0000] {log.py:232} WARNING - 2026-01-13 13:23:23 - vnstock.core.utils.client - ERROR - API request failed: HTTPSConnectionPool(host='trading.vietcap.com.vn', port=443): Max retries exceeded with url: /data-mt/graphql (Caused by NameResolutionError("<urllib3.connection.HTTPSConnection object at 0x7fb998dd09b0>: Failed to resolve 'trading.vietcap.com.vn' ([Errno -2] Name or service not known)"))
[2026-01-13T13:23:23.819+0000] {client.py:414} ERROR - API request failed: HTTPSConnectionPool(host='trading.vietcap.com.vn', port=443): Max retries exceeded with url: /data-mt/graphql (Caused by NameResolutionError("<urllib3.connection.HTTPSConnection object at 0x7fb998dd09b0>: Failed to resolve 'trading.vietcap.com.vn' ([Errno -2] Name or service not known)"))
[2026-01-13T13:23:23.821+0000] {logging_mixin.py:188} INFO -  Lỗi xử lý mã PTB: API request failed: HTTPSConnectionPool(host='trading.vietcap.com.vn', port=443): Max retries exceeded with url: /data-mt/graphql (Caused by NameResolutionError("<urllib3.connection.HTTPSConnection object at 0x7fb998dd09b0>: Failed to resolve 'trading.vietcap.com.vn' ([Errno -2] Name or service not known)"))
[2026-01-13T13:23:23.821+0000] {logging_mixin.py:188} INFO -  >> Đang lấy dữ liệu: PSW
[2026-01-13T13:23:23.826+0000] {log.py:232} WARNING - 2026-01-13 13:23:23 - vnstock.core.utils.client - ERROR - API request failed: HTTPSConnectionPool(host='trading.vietcap.com.vn', port=443): Max retries exceeded with url: /data-mt/graphql (Caused by NameResolutionError("<urllib3.connection.HTTPSConnection object at 0x7fb998dd2ea0>: Failed to resolve 'trading.vietcap.com.vn' ([Errno -2] Name or service not known)"))
[2026-01-13T13:23:23.826+0000] {client.py:414} ERROR - API request failed: HTTPSConnectionPool(host='trading.vietcap.com.vn', port=443): Max retries exceeded with url: /data-mt/graphql (Caused by NameResolutionError("<urllib3.connection.HTTPSConnection object at 0x7fb998dd2ea0>: Failed to resolve 'trading.vietcap.com.vn' ([Errno -2] Name or service not known)"))
[2026-01-13T13:23:23.827+0000] {logging_mixin.py:188} INFO -  Lỗi xử lý mã PSW: API request failed: HTTPSConnectionPool(host='trading.vietcap.com.vn', port=443): Max retries exceeded with url: /data-mt/graphql (Caused by NameResolutionError("<urllib3.connection.HTTPSConnection object at 0x7fb998dd2ea0>: Failed to resolve 'trading.vietcap.com.vn' ([Errno -2] Name or service not known)"))
[2026-01-13T13:23:23.827+0000] {logging_mixin.py:188} INFO -  >> Đang lấy dữ liệu: PSP
[2026-01-13T13:23:23.832+0000] {log.py:232} WARNING - 2026-01-13 13:23:23 - vnstock.core.utils.client - ERROR - API request failed: HTTPSConnectionPool(host='trading.vietcap.com.vn', port=443): Max retries exceeded with url: /data-mt/graphql (Caused by NameResolutionError("<urllib3.connection.HTTPSConnection object at 0x7fb998d80800>: Failed to resolve 'trading.vietcap.com.vn' ([Errno -2] Name or service not known)"))
[2026-01-13T13:23:23.832+0000] {client.py:414} ERROR - API request failed: HTTPSConnectionPool(host='trading.vietcap.com.vn', port=443): Max retries exceeded with url: /data-mt/graphql (Caused by NameResolutionError("<urllib3.connection.HTTPSConnection object at 0x7fb998d80800>: Failed to resolve 'trading.vietcap.com.vn' ([Errno -2] Name or service not known)"))
[2026-01-13T13:23:23.833+0000] {logging_mixin.py:188} INFO -  Lỗi xử lý mã PSP: API request failed: HTTPSConnectionPool(host='trading.vietcap.com.vn', port=443): Max retries exceeded with url: /data-mt/graphql (Caused by NameResolutionError("<urllib3.connection.HTTPSConnection object at 0x7fb998d80800>: Failed to resolve 'trading.vietcap.com.vn' ([Errno -2] Name or service not known)"))
[2026-01-13T13:23:23.834+0000] {logging_mixin.py:188} INFO -  ⚠ Batch này không thu được dữ liệu nào.
[2026-01-13T13:23:23.837+0000] {datalake_df2csv.py:40} INFO - DataFrame rỗng, bỏ qua upload CSV.
[2026-01-13T13:23:23.838+0000] {taskinstance.py:441} INFO - ::group::Post task execution logs
[2026-01-13T13:23:23.847+0000] {taskinstance.py:1206} INFO - Marking task as SUCCESS. dag_id=bctc, task_id=ingest_bctc, run_id=manual__2026-01-13T13:17:52+00:00, map_index=31, execution_date=20260113T131752, start_date=20260113T132323, end_date=20260113T132323
[2026-01-13T13:23:23.876+0000] {local_task_job_runner.py:243} INFO - Task exited with return code 0
[2026-01-13T13:23:23.914+0000] {taskinstance.py:3503} INFO - 0 downstream tasks scheduled from follow-on schedule check
[2026-01-13T13:23:23.916+0000] {local_task_job_runner.py:222} INFO - ::endgroup::
