[2026-01-11T03:53:20.547+0000] {local_task_job_runner.py:120} INFO - ::group::Pre task execution logs
[2026-01-11T03:53:20.594+0000] {taskinstance.py:2076} INFO - Dependencies all met for dep_context=non-requeueable deps ti=<TaskInstance: bctc.ingest_bctc manual__2026-01-11T03:52:02+00:00 map_index=58 [queued]>
[2026-01-11T03:53:20.617+0000] {taskinstance.py:2076} INFO - Dependencies all met for dep_context=requeueable deps ti=<TaskInstance: bctc.ingest_bctc manual__2026-01-11T03:52:02+00:00 map_index=58 [queued]>
[2026-01-11T03:53:20.618+0000] {taskinstance.py:2306} INFO - Starting attempt 1 of 2
[2026-01-11T03:53:20.650+0000] {taskinstance.py:2330} INFO - Executing <Mapped(DfToCsvOperator): ingest_bctc> on 2026-01-11 03:52:02+00:00
[2026-01-11T03:53:20.663+0000] {warnings.py:112} WARNING - This process (pid=732) is multi-threaded, use of fork() may lead to deadlocks in the child.

[2026-01-11T03:53:20.665+0000] {standard_task_runner.py:64} INFO - Started process 796 to run task
[2026-01-11T03:53:20.668+0000] {standard_task_runner.py:90} INFO - Running: ['***', 'tasks', 'run', 'bctc', 'ingest_bctc', 'manual__2026-01-11T03:52:02+00:00', '--job-id', '10151', '--raw', '--subdir', 'DAGS_FOLDER/tt_cty_bctc.py', '--cfg-path', '/tmp/tmpn3ren95h', '--map-index', '58']
[2026-01-11T03:53:20.670+0000] {standard_task_runner.py:91} INFO - Job 10151: Subtask ingest_bctc
[2026-01-11T03:53:20.733+0000] {task_command.py:426} INFO - Running <TaskInstance: bctc.ingest_bctc manual__2026-01-11T03:52:02+00:00 map_index=58 [running]> on host 3f2af93df813
[2026-01-11T03:53:21.167+0000] {taskinstance.py:2648} INFO - Exporting env vars: AIRFLOW_CTX_DAG_OWNER='***' AIRFLOW_CTX_DAG_ID='bctc' AIRFLOW_CTX_TASK_ID='ingest_bctc' AIRFLOW_CTX_EXECUTION_DATE='2026-01-11T03:52:02+00:00' AIRFLOW_CTX_TRY_NUMBER='1' AIRFLOW_CTX_DAG_RUN_ID='manual__2026-01-11T03:52:02+00:00'
[2026-01-11T03:53:21.168+0000] {taskinstance.py:430} INFO - ::endgroup::
[2026-01-11T03:53:21.176+0000] {logging_mixin.py:188} INFO - Bắt đầu xử lý batch 20 mã: ['HDA', 'HD8', 'HD6', 'HD2', 'HCT', 'HCM', 'HCI', 'HCD', 'HCC', 'HCB', 'HC3', 'HC1', 'HBS', 'HBH', 'HBD', 'HBC', 'HAX', 'HAW', 'HAV', 'HAT']
[2026-01-11T03:53:21.177+0000] {logging_mixin.py:188} INFO -  >> Đang lấy dữ liệu: HDA
[2026-01-11T03:53:21.555+0000] {logging_mixin.py:188} INFO -  Lỗi xử lý mã HDA: Failed to fetch data: 429 - Too Many Requests
[2026-01-11T03:53:21.557+0000] {logging_mixin.py:188} INFO -  >> Đang lấy dữ liệu: HD8
[2026-01-11T03:53:21.722+0000] {logging_mixin.py:188} INFO -  Lỗi xử lý mã HD8: Failed to fetch data: 429 - Too Many Requests
[2026-01-11T03:53:21.724+0000] {logging_mixin.py:188} INFO -  >> Đang lấy dữ liệu: HD6
[2026-01-11T03:53:22.418+0000] {logging_mixin.py:188} INFO -  Lỗi xử lý mã HD6: Failed to fetch data: 429 - Too Many Requests
[2026-01-11T03:53:22.419+0000] {logging_mixin.py:188} INFO -  >> Đang lấy dữ liệu: HD2
[2026-01-11T03:53:23.261+0000] {logging_mixin.py:188} INFO -  Lỗi xử lý mã HD2: Failed to fetch data: 429 - Too Many Requests
[2026-01-11T03:53:23.265+0000] {logging_mixin.py:188} INFO -  >> Đang lấy dữ liệu: HCT
[2026-01-11T03:53:23.984+0000] {logging_mixin.py:188} INFO -  Lỗi xử lý mã HCT: Failed to fetch data: 429 - Too Many Requests
[2026-01-11T03:53:23.985+0000] {logging_mixin.py:188} INFO -  >> Đang lấy dữ liệu: HCM
[2026-01-11T03:53:24.287+0000] {logging_mixin.py:188} INFO -  Lỗi xử lý mã HCM: Failed to fetch data: 429 - Too Many Requests
[2026-01-11T03:53:24.289+0000] {logging_mixin.py:188} INFO -  >> Đang lấy dữ liệu: HCI
[2026-01-11T03:53:24.579+0000] {logging_mixin.py:188} INFO -  Lỗi xử lý mã HCI: Failed to fetch data: 429 - Too Many Requests
[2026-01-11T03:53:24.580+0000] {logging_mixin.py:188} INFO -  >> Đang lấy dữ liệu: HCD
[2026-01-11T03:53:24.857+0000] {logging_mixin.py:188} INFO -  Lỗi xử lý mã HCD: Failed to fetch data: 429 - Too Many Requests
[2026-01-11T03:53:24.859+0000] {logging_mixin.py:188} INFO -  >> Đang lấy dữ liệu: HCC
[2026-01-11T03:53:25.042+0000] {logging_mixin.py:188} INFO -  Lỗi xử lý mã HCC: Failed to fetch data: 429 - Too Many Requests
[2026-01-11T03:53:25.043+0000] {logging_mixin.py:188} INFO -  >> Đang lấy dữ liệu: HCB
[2026-01-11T03:53:25.265+0000] {logging_mixin.py:188} INFO -  Lỗi xử lý mã HCB: Failed to fetch data: 429 - Too Many Requests
[2026-01-11T03:53:25.266+0000] {logging_mixin.py:188} INFO -  >> Đang lấy dữ liệu: HC3
[2026-01-11T03:53:26.005+0000] {logging_mixin.py:188} INFO -  Lỗi xử lý mã HC3: Failed to fetch data: 429 - Too Many Requests
[2026-01-11T03:53:26.006+0000] {logging_mixin.py:188} INFO -  >> Đang lấy dữ liệu: HC1
[2026-01-11T03:53:26.483+0000] {logging_mixin.py:188} INFO -  Lỗi xử lý mã HC1: Failed to fetch data: 429 - Too Many Requests
[2026-01-11T03:53:26.485+0000] {logging_mixin.py:188} INFO -  >> Đang lấy dữ liệu: HBS
[2026-01-11T03:53:26.871+0000] {logging_mixin.py:188} INFO -  Lỗi xử lý mã HBS: Failed to fetch data: 429 - Too Many Requests
[2026-01-11T03:53:26.872+0000] {logging_mixin.py:188} INFO -  >> Đang lấy dữ liệu: HBH
[2026-01-11T03:53:29.416+0000] {logging_mixin.py:188} INFO -  Lỗi xử lý mã HBH: Failed to fetch data: 429 - Too Many Requests
[2026-01-11T03:53:29.417+0000] {logging_mixin.py:188} INFO -  >> Đang lấy dữ liệu: HBD
[2026-01-11T03:53:29.634+0000] {logging_mixin.py:188} INFO -  Lỗi xử lý mã HBD: Failed to fetch data: 429 - Too Many Requests
[2026-01-11T03:53:29.635+0000] {logging_mixin.py:188} INFO -  >> Đang lấy dữ liệu: HBC
[2026-01-11T03:53:29.922+0000] {logging_mixin.py:188} INFO -  Lỗi xử lý mã HBC: Failed to fetch data: 429 - Too Many Requests
[2026-01-11T03:53:29.923+0000] {logging_mixin.py:188} INFO -  >> Đang lấy dữ liệu: HAX
[2026-01-11T03:53:30.066+0000] {logging_mixin.py:188} INFO -  Lỗi xử lý mã HAX: Failed to fetch data: 429 - Too Many Requests
[2026-01-11T03:53:30.068+0000] {logging_mixin.py:188} INFO -  >> Đang lấy dữ liệu: HAW
[2026-01-11T03:53:30.367+0000] {logging_mixin.py:188} INFO -  Lỗi xử lý mã HAW: Failed to fetch data: 429 - Too Many Requests
[2026-01-11T03:53:30.369+0000] {logging_mixin.py:188} INFO -  >> Đang lấy dữ liệu: HAV
[2026-01-11T03:53:31.198+0000] {logging_mixin.py:188} INFO -  Lỗi xử lý mã HAV: Failed to fetch data: 429 - Too Many Requests
[2026-01-11T03:53:31.199+0000] {logging_mixin.py:188} INFO -  >> Đang lấy dữ liệu: HAT
[2026-01-11T03:53:32.154+0000] {logging_mixin.py:188} INFO -  Lỗi xử lý mã HAT: Failed to fetch data: 429 - Too Many Requests
[2026-01-11T03:53:32.155+0000] {logging_mixin.py:188} INFO -  ⚠ Batch này không thu được dữ liệu nào.
[2026-01-11T03:53:32.160+0000] {datalake_df2csv.py:40} INFO - DataFrame rỗng, bỏ qua upload CSV.
[2026-01-11T03:53:32.161+0000] {taskinstance.py:441} INFO - ::group::Post task execution logs
[2026-01-11T03:53:32.176+0000] {taskinstance.py:1206} INFO - Marking task as SUCCESS. dag_id=bctc, task_id=ingest_bctc, run_id=manual__2026-01-11T03:52:02+00:00, map_index=58, execution_date=20260111T035202, start_date=20260111T035320, end_date=20260111T035332
[2026-01-11T03:53:32.244+0000] {local_task_job_runner.py:243} INFO - Task exited with return code 0
[2026-01-11T03:53:32.297+0000] {taskinstance.py:3503} INFO - 0 downstream tasks scheduled from follow-on schedule check
[2026-01-11T03:53:32.300+0000] {local_task_job_runner.py:222} INFO - ::endgroup::
