[2026-01-01T03:05:52.135+0000] {local_task_job_runner.py:120} INFO - ::group::Pre task execution logs
[2026-01-01T03:05:52.168+0000] {taskinstance.py:2076} INFO - Dependencies all met for dep_context=non-requeueable deps ti=<TaskInstance: thongtin_cty_bctc.ingest_bctc manual__2026-01-01T02:54:43+00:00 map_index=19 [queued]>
[2026-01-01T03:05:52.194+0000] {taskinstance.py:2076} INFO - Dependencies all met for dep_context=requeueable deps ti=<TaskInstance: thongtin_cty_bctc.ingest_bctc manual__2026-01-01T02:54:43+00:00 map_index=19 [queued]>
[2026-01-01T03:05:52.195+0000] {taskinstance.py:2306} INFO - Starting attempt 1 of 2
[2026-01-01T03:05:52.239+0000] {taskinstance.py:2330} INFO - Executing <Mapped(DfToCsvOperator): ingest_bctc> on 2026-01-01 02:54:43+00:00
[2026-01-01T03:05:52.252+0000] {warnings.py:112} WARNING - This process (pid=29865) is multi-threaded, use of fork() may lead to deadlocks in the child.

[2026-01-01T03:05:52.259+0000] {standard_task_runner.py:64} INFO - Started process 29987 to run task
[2026-01-01T03:05:52.257+0000] {standard_task_runner.py:90} INFO - Running: ['***', 'tasks', 'run', 'thongtin_cty_bctc', 'ingest_bctc', 'manual__2026-01-01T02:54:43+00:00', '--job-id', '3220', '--raw', '--subdir', 'DAGS_FOLDER/tt_cty_bctc.py', '--cfg-path', '/tmp/tmp_zshiax7', '--map-index', '19']
[2026-01-01T03:05:52.261+0000] {standard_task_runner.py:91} INFO - Job 3220: Subtask ingest_bctc
[2026-01-01T03:05:52.373+0000] {task_command.py:426} INFO - Running <TaskInstance: thongtin_cty_bctc.ingest_bctc manual__2026-01-01T02:54:43+00:00 map_index=19 [running]> on host 43b0a0f7606b
[2026-01-01T03:05:52.666+0000] {taskinstance.py:2648} INFO - Exporting env vars: AIRFLOW_CTX_DAG_OWNER='***' AIRFLOW_CTX_DAG_ID='thongtin_cty_bctc' AIRFLOW_CTX_TASK_ID='ingest_bctc' AIRFLOW_CTX_EXECUTION_DATE='2026-01-01T02:54:43+00:00' AIRFLOW_CTX_TRY_NUMBER='1' AIRFLOW_CTX_DAG_RUN_ID='manual__2026-01-01T02:54:43+00:00'
[2026-01-01T03:05:52.673+0000] {taskinstance.py:430} INFO - ::endgroup::
[2026-01-01T03:05:52.709+0000] {logging_mixin.py:188} INFO - Bắt đầu xử lý batch 3 mã: ['CTR', 'IDC', 'SZC']
[2026-01-01T03:05:52.711+0000] {logging_mixin.py:188} INFO -  >> Đang lấy dữ liệu: CTR
[2026-01-01T03:05:52.913+0000] {logging_mixin.py:188} INFO -  Lỗi xử lý mã CTR: Failed to fetch data: 429 - Too Many Requests
[2026-01-01T03:05:52.946+0000] {logging_mixin.py:188} INFO -  >> Đang lấy dữ liệu: IDC
[2026-01-01T03:05:53.213+0000] {logging_mixin.py:188} INFO -  Lỗi xử lý mã IDC: Failed to fetch data: 429 - Too Many Requests
[2026-01-01T03:05:53.215+0000] {logging_mixin.py:188} INFO -  >> Đang lấy dữ liệu: SZC
[2026-01-01T03:05:53.474+0000] {logging_mixin.py:188} INFO -  Lỗi xử lý mã SZC: Failed to fetch data: 429 - Too Many Requests
[2026-01-01T03:05:53.476+0000] {logging_mixin.py:188} INFO -  ⚠ Batch này không thu được dữ liệu nào.
[2026-01-01T03:05:53.485+0000] {datalake_df2csv.py:40} INFO - DataFrame rỗng, bỏ qua upload CSV.
[2026-01-01T03:05:53.491+0000] {taskinstance.py:441} INFO - ::group::Post task execution logs
[2026-01-01T03:05:53.516+0000] {taskinstance.py:1206} INFO - Marking task as SUCCESS. dag_id=thongtin_cty_bctc, task_id=ingest_bctc, run_id=manual__2026-01-01T02:54:43+00:00, map_index=19, execution_date=20260101T025443, start_date=20260101T030552, end_date=20260101T030553
[2026-01-01T03:05:53.634+0000] {local_task_job_runner.py:243} INFO - Task exited with return code 0
[2026-01-01T03:05:53.673+0000] {taskinstance.py:3503} INFO - 0 downstream tasks scheduled from follow-on schedule check
[2026-01-01T03:05:53.680+0000] {local_task_job_runner.py:222} INFO - ::endgroup::
