[2026-01-01T03:04:05.914+0000] {local_task_job_runner.py:120} INFO - ::group::Pre task execution logs
[2026-01-01T03:04:05.991+0000] {taskinstance.py:2076} INFO - Dependencies all met for dep_context=non-requeueable deps ti=<TaskInstance: thongtin_cty_bctc.ingest_bctc manual__2026-01-01T02:49:15+00:00 map_index=10 [queued]>
[2026-01-01T03:04:06.021+0000] {taskinstance.py:2076} INFO - Dependencies all met for dep_context=requeueable deps ti=<TaskInstance: thongtin_cty_bctc.ingest_bctc manual__2026-01-01T02:49:15+00:00 map_index=10 [queued]>
[2026-01-01T03:04:06.022+0000] {taskinstance.py:2306} INFO - Starting attempt 1 of 2
[2026-01-01T03:04:06.070+0000] {taskinstance.py:2330} INFO - Executing <Mapped(DfToCsvOperator): ingest_bctc> on 2026-01-01 02:49:15+00:00
[2026-01-01T03:04:06.095+0000] {warnings.py:112} WARNING - This process (pid=27534) is multi-threaded, use of fork() may lead to deadlocks in the child.

[2026-01-01T03:04:06.102+0000] {standard_task_runner.py:90} INFO - Running: ['***', 'tasks', 'run', 'thongtin_cty_bctc', 'ingest_bctc', 'manual__2026-01-01T02:49:15+00:00', '--job-id', '3010', '--raw', '--subdir', 'DAGS_FOLDER/tt_cty_bctc.py', '--cfg-path', '/tmp/tmppuoi32gz', '--map-index', '10']
[2026-01-01T03:04:06.114+0000] {standard_task_runner.py:64} INFO - Started process 27663 to run task
[2026-01-01T03:04:06.114+0000] {standard_task_runner.py:91} INFO - Job 3010: Subtask ingest_bctc
[2026-01-01T03:04:06.253+0000] {task_command.py:426} INFO - Running <TaskInstance: thongtin_cty_bctc.ingest_bctc manual__2026-01-01T02:49:15+00:00 map_index=10 [running]> on host 43b0a0f7606b
[2026-01-01T03:04:06.502+0000] {taskinstance.py:2648} INFO - Exporting env vars: AIRFLOW_CTX_DAG_OWNER='***' AIRFLOW_CTX_DAG_ID='thongtin_cty_bctc' AIRFLOW_CTX_TASK_ID='ingest_bctc' AIRFLOW_CTX_EXECUTION_DATE='2026-01-01T02:49:15+00:00' AIRFLOW_CTX_TRY_NUMBER='1' AIRFLOW_CTX_DAG_RUN_ID='manual__2026-01-01T02:49:15+00:00'
[2026-01-01T03:04:06.504+0000] {taskinstance.py:430} INFO - ::endgroup::
[2026-01-01T03:04:06.525+0000] {logging_mixin.py:188} INFO - Bắt đầu xử lý batch 3 mã: ['NVL', 'SHB', 'EIB']
[2026-01-01T03:04:06.526+0000] {logging_mixin.py:188} INFO -  >> Đang lấy dữ liệu: NVL
[2026-01-01T03:04:06.740+0000] {logging_mixin.py:188} INFO -  Lỗi xử lý mã NVL: Failed to fetch data: 429 - Too Many Requests
[2026-01-01T03:04:06.753+0000] {logging_mixin.py:188} INFO -  >> Đang lấy dữ liệu: SHB
[2026-01-01T03:04:06.934+0000] {logging_mixin.py:188} INFO -  Lỗi xử lý mã SHB: Failed to fetch data: 429 - Too Many Requests
[2026-01-01T03:04:06.938+0000] {logging_mixin.py:188} INFO -  >> Đang lấy dữ liệu: EIB
[2026-01-01T03:04:07.133+0000] {logging_mixin.py:188} INFO -  Lỗi xử lý mã EIB: Failed to fetch data: 429 - Too Many Requests
[2026-01-01T03:04:07.137+0000] {logging_mixin.py:188} INFO -  ⚠ Batch này không thu được dữ liệu nào.
[2026-01-01T03:04:07.157+0000] {datalake_df2csv.py:40} INFO - DataFrame rỗng, bỏ qua upload CSV.
[2026-01-01T03:04:07.169+0000] {taskinstance.py:441} INFO - ::group::Post task execution logs
[2026-01-01T03:04:07.227+0000] {taskinstance.py:1206} INFO - Marking task as SUCCESS. dag_id=thongtin_cty_bctc, task_id=ingest_bctc, run_id=manual__2026-01-01T02:49:15+00:00, map_index=10, execution_date=20260101T024915, start_date=20260101T030405, end_date=20260101T030407
[2026-01-01T03:04:07.318+0000] {local_task_job_runner.py:243} INFO - Task exited with return code 0
[2026-01-01T03:04:07.369+0000] {taskinstance.py:3503} INFO - 0 downstream tasks scheduled from follow-on schedule check
[2026-01-01T03:04:07.389+0000] {local_task_job_runner.py:222} INFO - ::endgroup::
