[2026-01-12T15:27:21.602+0000] {local_task_job_runner.py:120} INFO - ::group::Pre task execution logs
[2026-01-12T15:27:21.713+0000] {taskinstance.py:2076} INFO - Dependencies all met for dep_context=non-requeueable deps ti=<TaskInstance: financial_ratios_etl.ingest_financial_ratios manual__2026-01-12T15:14:43+00:00 map_index=814 [queued]>
[2026-01-12T15:27:21.795+0000] {taskinstance.py:2076} INFO - Dependencies all met for dep_context=requeueable deps ti=<TaskInstance: financial_ratios_etl.ingest_financial_ratios manual__2026-01-12T15:14:43+00:00 map_index=814 [queued]>
[2026-01-12T15:27:21.796+0000] {taskinstance.py:2306} INFO - Starting attempt 1 of 2
[2026-01-12T15:27:21.817+0000] {taskinstance.py:2330} INFO - Executing <Mapped(DfToCsvOperator): ingest_financial_ratios> on 2026-01-12 15:14:43+00:00
[2026-01-12T15:27:21.833+0000] {warnings.py:112} WARNING - This process (pid=10679) is multi-threaded, use of fork() may lead to deadlocks in the child.

[2026-01-12T15:27:21.834+0000] {standard_task_runner.py:64} INFO - Started process 10759 to run task
[2026-01-12T15:27:21.838+0000] {standard_task_runner.py:90} INFO - Running: ['***', 'tasks', 'run', 'financial_ratios_etl', 'ingest_financial_ratios', 'manual__2026-01-12T15:14:43+00:00', '--job-id', '14516', '--raw', '--subdir', 'DAGS_FOLDER/financial_ratios_etl.py', '--cfg-path', '/tmp/tmpdtme91m7', '--map-index', '814']
[2026-01-12T15:27:21.843+0000] {standard_task_runner.py:91} INFO - Job 14516: Subtask ingest_financial_ratios
[2026-01-12T15:27:21.911+0000] {task_command.py:426} INFO - Running <TaskInstance: financial_ratios_etl.ingest_financial_ratios manual__2026-01-12T15:14:43+00:00 map_index=814 [running]> on host 5a20a797a43c
[2026-01-12T15:27:22.051+0000] {taskinstance.py:2648} INFO - Exporting env vars: AIRFLOW_CTX_DAG_OWNER='***' AIRFLOW_CTX_DAG_ID='financial_ratios_etl' AIRFLOW_CTX_TASK_ID='ingest_financial_ratios' AIRFLOW_CTX_EXECUTION_DATE='2026-01-12T15:14:43+00:00' AIRFLOW_CTX_TRY_NUMBER='1' AIRFLOW_CTX_DAG_RUN_ID='manual__2026-01-12T15:14:43+00:00'
[2026-01-12T15:27:22.053+0000] {taskinstance.py:430} INFO - ::endgroup::
[2026-01-12T15:27:22.062+0000] {logging_mixin.py:188} INFO - [RATIO] Bắt đầu xử lý batch 2 mã: ['BHC', 'BHA']
[2026-01-12T15:27:22.062+0000] {logging_mixin.py:188} INFO - [RATIO] Kỳ dữ liệu: quarter
[2026-01-12T15:27:22.063+0000] {logging_mixin.py:188} INFO -  >> [RATIO] Đang lấy dữ liệu: BHC
[2026-01-12T15:27:22.720+0000] {logging_mixin.py:188} INFO -  ✓ [RATIO] BHC: 12 rows
[2026-01-12T15:27:24.721+0000] {logging_mixin.py:188} INFO -  >> [RATIO] Đang lấy dữ liệu: BHA
[2026-01-12T15:27:25.472+0000] {logging_mixin.py:188} INFO -  ✓ [RATIO] BHA: 35 rows
[2026-01-12T15:27:27.475+0000] {logging_mixin.py:188} INFO -  ✅ [RATIO] Hoàn thành batch. Tổng số dòng: 47
[2026-01-12T15:27:27.516+0000] {base.py:84} INFO - Using connection ID 'minio_finance' for task execution.
[2026-01-12T15:27:27.518+0000] {connection_wrapper.py:384} INFO - AWS Connection (conn_id='minio_finance', conn_type='aws') credentials retrieved from login and password.
[2026-01-12T15:27:28.288+0000] {datalake_df2csv.py:52} INFO - ✅ Đã upload 47 dòng -> s3://thongtin-congty-va-bctc/financial_ratios/2026-01-12/batch_814.csv
[2026-01-12T15:27:28.289+0000] {taskinstance.py:441} INFO - ::group::Post task execution logs
[2026-01-12T15:27:28.302+0000] {taskinstance.py:1206} INFO - Marking task as SUCCESS. dag_id=financial_ratios_etl, task_id=ingest_financial_ratios, run_id=manual__2026-01-12T15:14:43+00:00, map_index=814, execution_date=20260112T151443, start_date=20260112T152721, end_date=20260112T152728
[2026-01-12T15:27:28.397+0000] {local_task_job_runner.py:243} INFO - Task exited with return code 0
[2026-01-12T15:27:28.420+0000] {taskinstance.py:3503} INFO - 0 downstream tasks scheduled from follow-on schedule check
[2026-01-12T15:27:28.426+0000] {local_task_job_runner.py:222} INFO - ::endgroup::
