[2026-01-01T03:02:58.950+0000] {local_task_job_runner.py:120} INFO - ::group::Pre task execution logs
[2026-01-01T03:02:59.043+0000] {taskinstance.py:2076} INFO - Dependencies all met for dep_context=non-requeueable deps ti=<TaskInstance: thongtin_cty_bctc.ingest_bctc manual__2026-01-01T02:45:18+00:00 map_index=0 [queued]>
[2026-01-01T03:02:59.073+0000] {taskinstance.py:2076} INFO - Dependencies all met for dep_context=requeueable deps ti=<TaskInstance: thongtin_cty_bctc.ingest_bctc manual__2026-01-01T02:45:18+00:00 map_index=0 [queued]>
[2026-01-01T03:02:59.074+0000] {taskinstance.py:2306} INFO - Starting attempt 3 of 4
[2026-01-01T03:02:59.112+0000] {taskinstance.py:2330} INFO - Executing <Mapped(DfToCsvOperator): ingest_bctc> on 2026-01-01 02:45:18+00:00
[2026-01-01T03:02:59.132+0000] {warnings.py:112} WARNING - This process (pid=26231) is multi-threaded, use of fork() may lead to deadlocks in the child.

[2026-01-01T03:02:59.134+0000] {standard_task_runner.py:64} INFO - Started process 26338 to run task
[2026-01-01T03:02:59.139+0000] {standard_task_runner.py:90} INFO - Running: ['***', 'tasks', 'run', 'thongtin_cty_bctc', 'ingest_bctc', 'manual__2026-01-01T02:45:18+00:00', '--job-id', '2893', '--raw', '--subdir', 'DAGS_FOLDER/tt_cty_bctc.py', '--cfg-path', '/tmp/tmpclknkjfw', '--map-index', '0']
[2026-01-01T03:02:59.141+0000] {standard_task_runner.py:91} INFO - Job 2893: Subtask ingest_bctc
[2026-01-01T03:02:59.241+0000] {task_command.py:426} INFO - Running <TaskInstance: thongtin_cty_bctc.ingest_bctc manual__2026-01-01T02:45:18+00:00 map_index=0 [running]> on host 43b0a0f7606b
[2026-01-01T03:02:59.421+0000] {taskinstance.py:2648} INFO - Exporting env vars: AIRFLOW_CTX_DAG_OWNER='***' AIRFLOW_CTX_DAG_ID='thongtin_cty_bctc' AIRFLOW_CTX_TASK_ID='ingest_bctc' AIRFLOW_CTX_EXECUTION_DATE='2026-01-01T02:45:18+00:00' AIRFLOW_CTX_TRY_NUMBER='3' AIRFLOW_CTX_DAG_RUN_ID='manual__2026-01-01T02:45:18+00:00'
[2026-01-01T03:02:59.423+0000] {taskinstance.py:430} INFO - ::endgroup::
[2026-01-01T03:02:59.433+0000] {logging_mixin.py:188} INFO - Bắt đầu xử lý batch 3 mã: ['VNM', 'FPT', 'HPG']
[2026-01-01T03:02:59.434+0000] {logging_mixin.py:188} INFO -  >> Đang lấy dữ liệu: VNM
[2026-01-01T03:02:59.581+0000] {logging_mixin.py:188} INFO -  Lỗi xử lý mã VNM: Failed to fetch data: 429 - Too Many Requests
[2026-01-01T03:02:59.583+0000] {logging_mixin.py:188} INFO -  >> Đang lấy dữ liệu: FPT
[2026-01-01T03:02:59.724+0000] {logging_mixin.py:188} INFO -  Lỗi xử lý mã FPT: Failed to fetch data: 429 - Too Many Requests
[2026-01-01T03:02:59.725+0000] {logging_mixin.py:188} INFO -  >> Đang lấy dữ liệu: HPG
[2026-01-01T03:02:59.878+0000] {logging_mixin.py:188} INFO -  Lỗi xử lý mã HPG: Failed to fetch data: 429 - Too Many Requests
[2026-01-01T03:02:59.880+0000] {logging_mixin.py:188} INFO -  ⚠ Batch này không thu được dữ liệu nào.
[2026-01-01T03:02:59.885+0000] {datalake_df2csv.py:40} INFO - DataFrame rỗng, bỏ qua upload CSV.
[2026-01-01T03:02:59.886+0000] {taskinstance.py:441} INFO - ::group::Post task execution logs
[2026-01-01T03:02:59.907+0000] {taskinstance.py:1206} INFO - Marking task as SUCCESS. dag_id=thongtin_cty_bctc, task_id=ingest_bctc, run_id=manual__2026-01-01T02:45:18+00:00, map_index=0, execution_date=20260101T024518, start_date=20260101T030259, end_date=20260101T030259
[2026-01-01T03:02:59.954+0000] {local_task_job_runner.py:243} INFO - Task exited with return code 0
[2026-01-01T03:02:59.981+0000] {taskinstance.py:3503} INFO - 0 downstream tasks scheduled from follow-on schedule check
[2026-01-01T03:02:59.984+0000] {local_task_job_runner.py:222} INFO - ::endgroup::
