[2026-01-01T03:03:10.827+0000] {local_task_job_runner.py:120} INFO - ::group::Pre task execution logs
[2026-01-01T03:03:10.871+0000] {taskinstance.py:2076} INFO - Dependencies all met for dep_context=non-requeueable deps ti=<TaskInstance: thongtin_cty_bctc.ingest_bctc manual__2026-01-01T02:45:18+00:00 map_index=7 [queued]>
[2026-01-01T03:03:10.892+0000] {taskinstance.py:2076} INFO - Dependencies all met for dep_context=requeueable deps ti=<TaskInstance: thongtin_cty_bctc.ingest_bctc manual__2026-01-01T02:45:18+00:00 map_index=7 [queued]>
[2026-01-01T03:03:10.893+0000] {taskinstance.py:2306} INFO - Starting attempt 1 of 2
[2026-01-01T03:03:10.919+0000] {taskinstance.py:2330} INFO - Executing <Mapped(DfToCsvOperator): ingest_bctc> on 2026-01-01 02:45:18+00:00
[2026-01-01T03:03:10.939+0000] {warnings.py:112} WARNING - This process (pid=26489) is multi-threaded, use of fork() may lead to deadlocks in the child.

[2026-01-01T03:03:10.941+0000] {standard_task_runner.py:64} INFO - Started process 26586 to run task
[2026-01-01T03:03:10.945+0000] {standard_task_runner.py:90} INFO - Running: ['***', 'tasks', 'run', 'thongtin_cty_bctc', 'ingest_bctc', 'manual__2026-01-01T02:45:18+00:00', '--job-id', '2915', '--raw', '--subdir', 'DAGS_FOLDER/tt_cty_bctc.py', '--cfg-path', '/tmp/tmpchxob8t9', '--map-index', '7']
[2026-01-01T03:03:10.947+0000] {standard_task_runner.py:91} INFO - Job 2915: Subtask ingest_bctc
[2026-01-01T03:03:11.081+0000] {task_command.py:426} INFO - Running <TaskInstance: thongtin_cty_bctc.ingest_bctc manual__2026-01-01T02:45:18+00:00 map_index=7 [running]> on host 43b0a0f7606b
[2026-01-01T03:03:11.314+0000] {taskinstance.py:2648} INFO - Exporting env vars: AIRFLOW_CTX_DAG_OWNER='***' AIRFLOW_CTX_DAG_ID='thongtin_cty_bctc' AIRFLOW_CTX_TASK_ID='ingest_bctc' AIRFLOW_CTX_EXECUTION_DATE='2026-01-01T02:45:18+00:00' AIRFLOW_CTX_TRY_NUMBER='1' AIRFLOW_CTX_DAG_RUN_ID='manual__2026-01-01T02:45:18+00:00'
[2026-01-01T03:03:11.317+0000] {taskinstance.py:430} INFO - ::endgroup::
[2026-01-01T03:03:11.351+0000] {logging_mixin.py:188} INFO - Bắt đầu xử lý batch 3 mã: ['POW', 'PVD', 'PVS']
[2026-01-01T03:03:11.352+0000] {logging_mixin.py:188} INFO -  >> Đang lấy dữ liệu: POW
[2026-01-01T03:03:11.506+0000] {logging_mixin.py:188} INFO -  Lỗi xử lý mã POW: Failed to fetch data: 429 - Too Many Requests
[2026-01-01T03:03:11.507+0000] {logging_mixin.py:188} INFO -  >> Đang lấy dữ liệu: PVD
[2026-01-01T03:03:11.659+0000] {logging_mixin.py:188} INFO -  Lỗi xử lý mã PVD: Failed to fetch data: 429 - Too Many Requests
[2026-01-01T03:03:11.662+0000] {logging_mixin.py:188} INFO -  >> Đang lấy dữ liệu: PVS
[2026-01-01T03:03:12.082+0000] {logging_mixin.py:188} INFO -  Lỗi xử lý mã PVS: Failed to fetch data: 429 - Too Many Requests
[2026-01-01T03:03:12.084+0000] {logging_mixin.py:188} INFO -  ⚠ Batch này không thu được dữ liệu nào.
[2026-01-01T03:03:12.089+0000] {datalake_df2csv.py:40} INFO - DataFrame rỗng, bỏ qua upload CSV.
[2026-01-01T03:03:12.090+0000] {taskinstance.py:441} INFO - ::group::Post task execution logs
[2026-01-01T03:03:12.110+0000] {taskinstance.py:1206} INFO - Marking task as SUCCESS. dag_id=thongtin_cty_bctc, task_id=ingest_bctc, run_id=manual__2026-01-01T02:45:18+00:00, map_index=7, execution_date=20260101T024518, start_date=20260101T030310, end_date=20260101T030312
[2026-01-01T03:03:12.273+0000] {local_task_job_runner.py:243} INFO - Task exited with return code 0
[2026-01-01T03:03:12.332+0000] {taskinstance.py:3503} INFO - 0 downstream tasks scheduled from follow-on schedule check
[2026-01-01T03:03:12.336+0000] {local_task_job_runner.py:222} INFO - ::endgroup::
