[2026-01-11T03:24:41.432+0000] {local_task_job_runner.py:120} INFO - ::group::Pre task execution logs
[2026-01-11T03:24:41.464+0000] {taskinstance.py:2076} INFO - Dependencies all met for dep_context=non-requeueable deps ti=<TaskInstance: bctc.ingest_bctc manual__2026-01-11T03:22:36.146797+00:00 map_index=31 [queued]>
[2026-01-11T03:24:41.479+0000] {taskinstance.py:2076} INFO - Dependencies all met for dep_context=requeueable deps ti=<TaskInstance: bctc.ingest_bctc manual__2026-01-11T03:22:36.146797+00:00 map_index=31 [queued]>
[2026-01-11T03:24:41.480+0000] {taskinstance.py:2306} INFO - Starting attempt 1 of 2
[2026-01-11T03:24:41.500+0000] {taskinstance.py:2330} INFO - Executing <Mapped(DfToCsvOperator): ingest_bctc> on 2026-01-11 03:22:36.146797+00:00
[2026-01-11T03:24:41.511+0000] {warnings.py:112} WARNING - This process (pid=3772) is multi-threaded, use of fork() may lead to deadlocks in the child.

[2026-01-11T03:24:41.513+0000] {standard_task_runner.py:64} INFO - Started process 3842 to run task
[2026-01-11T03:24:41.515+0000] {standard_task_runner.py:90} INFO - Running: ['***', 'tasks', 'run', 'bctc', 'ingest_bctc', 'manual__2026-01-11T03:22:36.146797+00:00', '--job-id', '9941', '--raw', '--subdir', 'DAGS_FOLDER/tt_cty_bctc.py', '--cfg-path', '/tmp/tmp8bulyqr4', '--map-index', '31']
[2026-01-11T03:24:41.517+0000] {standard_task_runner.py:91} INFO - Job 9941: Subtask ingest_bctc
[2026-01-11T03:24:41.583+0000] {task_command.py:426} INFO - Running <TaskInstance: bctc.ingest_bctc manual__2026-01-11T03:22:36.146797+00:00 map_index=31 [running]> on host 3f2af93df813
[2026-01-11T03:24:41.710+0000] {taskinstance.py:2648} INFO - Exporting env vars: AIRFLOW_CTX_DAG_OWNER='***' AIRFLOW_CTX_DAG_ID='bctc' AIRFLOW_CTX_TASK_ID='ingest_bctc' AIRFLOW_CTX_EXECUTION_DATE='2026-01-11T03:22:36.146797+00:00' AIRFLOW_CTX_TRY_NUMBER='1' AIRFLOW_CTX_DAG_RUN_ID='manual__2026-01-11T03:22:36.146797+00:00'
[2026-01-11T03:24:41.711+0000] {taskinstance.py:430} INFO - ::endgroup::
[2026-01-11T03:24:41.722+0000] {logging_mixin.py:188} INFO - Bắt đầu xử lý batch 20 mã: ['PVA', 'PV2', 'PTX', 'PTV', 'PTT', 'PTS', 'PTP', 'PTO', 'PTN', 'PTM', 'PTL', 'PTI', 'PTH', 'PTG', 'PTE', 'PTD', 'PTC', 'PTB', 'PSW', 'PSP']
[2026-01-11T03:24:41.723+0000] {logging_mixin.py:188} INFO -  >> Đang lấy dữ liệu: PVA
[2026-01-11T03:24:41.856+0000] {logging_mixin.py:188} INFO -  Lỗi xử lý mã PVA: Failed to fetch data: 429 - Too Many Requests
[2026-01-11T03:24:41.857+0000] {logging_mixin.py:188} INFO -  >> Đang lấy dữ liệu: PV2
[2026-01-11T03:24:42.009+0000] {logging_mixin.py:188} INFO -  Lỗi xử lý mã PV2: Failed to fetch data: 429 - Too Many Requests
[2026-01-11T03:24:42.010+0000] {logging_mixin.py:188} INFO -  >> Đang lấy dữ liệu: PTX
[2026-01-11T03:24:42.181+0000] {logging_mixin.py:188} INFO -  Lỗi xử lý mã PTX: Failed to fetch data: 429 - Too Many Requests
[2026-01-11T03:24:42.183+0000] {logging_mixin.py:188} INFO -  >> Đang lấy dữ liệu: PTV
[2026-01-11T03:24:42.339+0000] {logging_mixin.py:188} INFO -  Lỗi xử lý mã PTV: Failed to fetch data: 429 - Too Many Requests
[2026-01-11T03:24:42.340+0000] {logging_mixin.py:188} INFO -  >> Đang lấy dữ liệu: PTT
[2026-01-11T03:24:42.470+0000] {logging_mixin.py:188} INFO -  Lỗi xử lý mã PTT: Failed to fetch data: 429 - Too Many Requests
[2026-01-11T03:24:42.471+0000] {logging_mixin.py:188} INFO -  >> Đang lấy dữ liệu: PTS
[2026-01-11T03:24:43.382+0000] {logging_mixin.py:188} INFO -  Lỗi xử lý mã PTS: Failed to fetch data: 429 - Too Many Requests
[2026-01-11T03:24:43.383+0000] {logging_mixin.py:188} INFO -  >> Đang lấy dữ liệu: PTP
[2026-01-11T03:24:43.489+0000] {logging_mixin.py:188} INFO -  Lỗi xử lý mã PTP: Failed to fetch data: 429 - Too Many Requests
[2026-01-11T03:24:43.490+0000] {logging_mixin.py:188} INFO -  >> Đang lấy dữ liệu: PTO
[2026-01-11T03:24:43.629+0000] {logging_mixin.py:188} INFO -  Lỗi xử lý mã PTO: Failed to fetch data: 429 - Too Many Requests
[2026-01-11T03:24:43.630+0000] {logging_mixin.py:188} INFO -  >> Đang lấy dữ liệu: PTN
[2026-01-11T03:24:43.730+0000] {logging_mixin.py:188} INFO -  Lỗi xử lý mã PTN: Failed to fetch data: 429 - Too Many Requests
[2026-01-11T03:24:43.731+0000] {logging_mixin.py:188} INFO -  >> Đang lấy dữ liệu: PTM
[2026-01-11T03:24:44.272+0000] {logging_mixin.py:188} INFO -  Lỗi xử lý mã PTM: Failed to fetch data: 429 - Too Many Requests
[2026-01-11T03:24:44.275+0000] {logging_mixin.py:188} INFO -  >> Đang lấy dữ liệu: PTL
[2026-01-11T03:24:44.460+0000] {logging_mixin.py:188} INFO -  Lỗi xử lý mã PTL: Failed to fetch data: 429 - Too Many Requests
[2026-01-11T03:24:44.461+0000] {logging_mixin.py:188} INFO -  >> Đang lấy dữ liệu: PTI
[2026-01-11T03:24:44.621+0000] {logging_mixin.py:188} INFO -  Lỗi xử lý mã PTI: Failed to fetch data: 429 - Too Many Requests
[2026-01-11T03:24:44.622+0000] {logging_mixin.py:188} INFO -  >> Đang lấy dữ liệu: PTH
[2026-01-11T03:24:46.007+0000] {logging_mixin.py:188} INFO -  Lỗi xử lý mã PTH: Failed to fetch data: 429 - Too Many Requests
[2026-01-11T03:24:46.008+0000] {logging_mixin.py:188} INFO -  >> Đang lấy dữ liệu: PTG
[2026-01-11T03:24:46.218+0000] {logging_mixin.py:188} INFO -  Lỗi xử lý mã PTG: Failed to fetch data: 429 - Too Many Requests
[2026-01-11T03:24:46.220+0000] {logging_mixin.py:188} INFO -  >> Đang lấy dữ liệu: PTE
[2026-01-11T03:24:46.370+0000] {logging_mixin.py:188} INFO -  Lỗi xử lý mã PTE: Failed to fetch data: 429 - Too Many Requests
[2026-01-11T03:24:46.370+0000] {logging_mixin.py:188} INFO -  >> Đang lấy dữ liệu: PTD
[2026-01-11T03:24:47.383+0000] {logging_mixin.py:188} INFO -  Lỗi xử lý mã PTD: Failed to fetch data: 429 - Too Many Requests
[2026-01-11T03:24:47.384+0000] {logging_mixin.py:188} INFO -  >> Đang lấy dữ liệu: PTC
[2026-01-11T03:24:47.676+0000] {logging_mixin.py:188} INFO -  Lỗi xử lý mã PTC: Failed to fetch data: 429 - Too Many Requests
[2026-01-11T03:24:47.689+0000] {logging_mixin.py:188} INFO -  >> Đang lấy dữ liệu: PTB
[2026-01-11T03:24:48.234+0000] {logging_mixin.py:188} INFO -  Lỗi xử lý mã PTB: Failed to fetch data: 429 - Too Many Requests
[2026-01-11T03:24:48.236+0000] {logging_mixin.py:188} INFO -  >> Đang lấy dữ liệu: PSW
[2026-01-11T03:24:48.629+0000] {logging_mixin.py:188} INFO -  Lỗi xử lý mã PSW: Failed to fetch data: 429 - Too Many Requests
[2026-01-11T03:24:48.630+0000] {logging_mixin.py:188} INFO -  >> Đang lấy dữ liệu: PSP
[2026-01-11T03:24:52.661+0000] {logging_mixin.py:188} INFO -  Lỗi xử lý mã PSP: Failed to fetch data: 429 - Too Many Requests
[2026-01-11T03:24:52.662+0000] {logging_mixin.py:188} INFO -  ⚠ Batch này không thu được dữ liệu nào.
[2026-01-11T03:24:52.668+0000] {datalake_df2csv.py:40} INFO - DataFrame rỗng, bỏ qua upload CSV.
[2026-01-11T03:24:52.669+0000] {taskinstance.py:441} INFO - ::group::Post task execution logs
[2026-01-11T03:24:52.686+0000] {taskinstance.py:1206} INFO - Marking task as SUCCESS. dag_id=bctc, task_id=ingest_bctc, run_id=manual__2026-01-11T03:22:36.146797+00:00, map_index=31, execution_date=20260111T032236, start_date=20260111T032441, end_date=20260111T032452
[2026-01-11T03:24:53.063+0000] {local_task_job_runner.py:243} INFO - Task exited with return code 0
[2026-01-11T03:24:53.114+0000] {taskinstance.py:3503} INFO - 0 downstream tasks scheduled from follow-on schedule check
[2026-01-11T03:24:53.118+0000] {local_task_job_runner.py:222} INFO - ::endgroup::
