[2026-01-01T09:09:03.023+0000] {local_task_job_runner.py:120} INFO - ::group::Pre task execution logs
[2026-01-01T09:09:03.091+0000] {taskinstance.py:2076} INFO - Dependencies all met for dep_context=non-requeueable deps ti=<TaskInstance: thongtin_cty_bctc.ingest_people scheduled__2025-12-30T00:00:00+00:00 map_index=102 [queued]>
[2026-01-01T09:09:03.151+0000] {taskinstance.py:2076} INFO - Dependencies all met for dep_context=requeueable deps ti=<TaskInstance: thongtin_cty_bctc.ingest_people scheduled__2025-12-30T00:00:00+00:00 map_index=102 [queued]>
[2026-01-01T09:09:03.152+0000] {taskinstance.py:2306} INFO - Starting attempt 2 of 3
[2026-01-01T09:09:03.172+0000] {taskinstance.py:2330} INFO - Executing <Mapped(DfToCsvOperator): ingest_people> on 2025-12-30 00:00:00+00:00
[2026-01-01T09:09:03.186+0000] {warnings.py:112} WARNING - This process (pid=12323) is multi-threaded, use of fork() may lead to deadlocks in the child.

[2026-01-01T09:09:03.191+0000] {standard_task_runner.py:90} INFO - Running: ['***', 'tasks', 'run', 'thongtin_cty_bctc', 'ingest_people', 'scheduled__2025-12-30T00:00:00+00:00', '--job-id', '4733', '--raw', '--subdir', 'DAGS_FOLDER/tt_cty_bctc.py', '--cfg-path', '/tmp/tmp8zpwqcqs', '--map-index', '102']
[2026-01-01T09:09:03.197+0000] {standard_task_runner.py:64} INFO - Started process 12363 to run task
[2026-01-01T09:09:03.197+0000] {standard_task_runner.py:91} INFO - Job 4733: Subtask ingest_people
[2026-01-01T09:09:03.266+0000] {task_command.py:426} INFO - Running <TaskInstance: thongtin_cty_bctc.ingest_people scheduled__2025-12-30T00:00:00+00:00 map_index=102 [running]> on host b455963a0603
[2026-01-01T09:09:03.797+0000] {taskinstance.py:2648} INFO - Exporting env vars: AIRFLOW_CTX_DAG_OWNER='***' AIRFLOW_CTX_DAG_ID='thongtin_cty_bctc' AIRFLOW_CTX_TASK_ID='ingest_people' AIRFLOW_CTX_EXECUTION_DATE='2025-12-30T00:00:00+00:00' AIRFLOW_CTX_TRY_NUMBER='2' AIRFLOW_CTX_DAG_RUN_ID='scheduled__2025-12-30T00:00:00+00:00'
[2026-01-01T09:09:03.801+0000] {taskinstance.py:430} INFO - ::endgroup::
[2026-01-01T09:09:07.442+0000] {base.py:84} INFO - Using connection ID 'minio_finance' for task execution.
[2026-01-01T09:09:07.444+0000] {connection_wrapper.py:384} INFO - AWS Connection (conn_id='minio_finance', conn_type='aws') credentials retrieved from login and password.
[2026-01-01T09:09:08.098+0000] {datalake_df2csv.py:53} INFO - ✅ Đã upload 143 dòng -> s3://thongtin-congty-va-bctc/people/2025-12-30/batch_102.csv
[2026-01-01T09:09:08.100+0000] {taskinstance.py:441} INFO - ::group::Post task execution logs
[2026-01-01T09:09:08.122+0000] {taskinstance.py:1206} INFO - Marking task as SUCCESS. dag_id=thongtin_cty_bctc, task_id=ingest_people, run_id=scheduled__2025-12-30T00:00:00+00:00, map_index=102, execution_date=20251230T000000, start_date=20260101T090903, end_date=20260101T090908
[2026-01-01T09:09:10.863+0000] {local_task_job_runner.py:243} INFO - Task exited with return code 0
[2026-01-01T09:09:11.181+0000] {taskinstance.py:3503} INFO - 0 downstream tasks scheduled from follow-on schedule check
[2026-01-01T09:09:11.185+0000] {local_task_job_runner.py:222} INFO - ::endgroup::
