[2026-01-12T15:27:08.356+0000] {local_task_job_runner.py:120} INFO - ::group::Pre task execution logs
[2026-01-12T15:27:08.464+0000] {taskinstance.py:2076} INFO - Dependencies all met for dep_context=non-requeueable deps ti=<TaskInstance: financial_ratios_etl.ingest_financial_ratios manual__2026-01-12T15:14:43+00:00 map_index=796 [queued]>
[2026-01-12T15:27:08.568+0000] {taskinstance.py:2076} INFO - Dependencies all met for dep_context=requeueable deps ti=<TaskInstance: financial_ratios_etl.ingest_financial_ratios manual__2026-01-12T15:14:43+00:00 map_index=796 [queued]>
[2026-01-12T15:27:08.569+0000] {taskinstance.py:2306} INFO - Starting attempt 1 of 2
[2026-01-12T15:27:08.592+0000] {taskinstance.py:2330} INFO - Executing <Mapped(DfToCsvOperator): ingest_financial_ratios> on 2026-01-12 15:14:43+00:00
[2026-01-12T15:27:08.609+0000] {warnings.py:112} WARNING - This process (pid=10480) is multi-threaded, use of fork() may lead to deadlocks in the child.

[2026-01-12T15:27:08.611+0000] {standard_task_runner.py:64} INFO - Started process 10551 to run task
[2026-01-12T15:27:08.614+0000] {standard_task_runner.py:90} INFO - Running: ['***', 'tasks', 'run', 'financial_ratios_etl', 'ingest_financial_ratios', 'manual__2026-01-12T15:14:43+00:00', '--job-id', '14500', '--raw', '--subdir', 'DAGS_FOLDER/financial_ratios_etl.py', '--cfg-path', '/tmp/tmpu6f129lo', '--map-index', '796']
[2026-01-12T15:27:08.619+0000] {standard_task_runner.py:91} INFO - Job 14500: Subtask ingest_financial_ratios
[2026-01-12T15:27:08.710+0000] {task_command.py:426} INFO - Running <TaskInstance: financial_ratios_etl.ingest_financial_ratios manual__2026-01-12T15:14:43+00:00 map_index=796 [running]> on host 5a20a797a43c
[2026-01-12T15:27:08.905+0000] {taskinstance.py:2648} INFO - Exporting env vars: AIRFLOW_CTX_DAG_OWNER='***' AIRFLOW_CTX_DAG_ID='financial_ratios_etl' AIRFLOW_CTX_TASK_ID='ingest_financial_ratios' AIRFLOW_CTX_EXECUTION_DATE='2026-01-12T15:14:43+00:00' AIRFLOW_CTX_TRY_NUMBER='1' AIRFLOW_CTX_DAG_RUN_ID='manual__2026-01-12T15:14:43+00:00'
[2026-01-12T15:27:08.912+0000] {taskinstance.py:430} INFO - ::endgroup::
[2026-01-12T15:27:08.939+0000] {logging_mixin.py:188} INFO - [RATIO] Bắt đầu xử lý batch 2 mã: ['BPC', 'BOT']
[2026-01-12T15:27:08.940+0000] {logging_mixin.py:188} INFO - [RATIO] Kỳ dữ liệu: quarter
[2026-01-12T15:27:08.942+0000] {logging_mixin.py:188} INFO -  >> [RATIO] Đang lấy dữ liệu: BPC
[2026-01-12T15:27:09.763+0000] {logging_mixin.py:188} INFO -  ✓ [RATIO] BPC: 51 rows
[2026-01-12T15:27:11.764+0000] {logging_mixin.py:188} INFO -  >> [RATIO] Đang lấy dữ liệu: BOT
[2026-01-12T15:27:12.469+0000] {logging_mixin.py:188} INFO -  ✓ [RATIO] BOT: 27 rows
[2026-01-12T15:27:14.474+0000] {logging_mixin.py:188} INFO -  ✅ [RATIO] Hoàn thành batch. Tổng số dòng: 78
[2026-01-12T15:27:14.499+0000] {base.py:84} INFO - Using connection ID 'minio_finance' for task execution.
[2026-01-12T15:27:14.500+0000] {connection_wrapper.py:384} INFO - AWS Connection (conn_id='minio_finance', conn_type='aws') credentials retrieved from login and password.
[2026-01-12T15:27:15.693+0000] {datalake_df2csv.py:52} INFO - ✅ Đã upload 78 dòng -> s3://thongtin-congty-va-bctc/financial_ratios/2026-01-12/batch_796.csv
[2026-01-12T15:27:15.695+0000] {taskinstance.py:441} INFO - ::group::Post task execution logs
[2026-01-12T15:27:15.710+0000] {taskinstance.py:1206} INFO - Marking task as SUCCESS. dag_id=financial_ratios_etl, task_id=ingest_financial_ratios, run_id=manual__2026-01-12T15:14:43+00:00, map_index=796, execution_date=20260112T151443, start_date=20260112T152708, end_date=20260112T152715
[2026-01-12T15:27:15.775+0000] {local_task_job_runner.py:243} INFO - Task exited with return code 0
[2026-01-12T15:27:15.813+0000] {taskinstance.py:3503} INFO - 0 downstream tasks scheduled from follow-on schedule check
[2026-01-12T15:27:15.828+0000] {local_task_job_runner.py:222} INFO - ::endgroup::
