[2025-12-31T14:40:33.413+0000] {local_task_job_runner.py:120} INFO - ::group::Pre task execution logs
[2025-12-31T14:40:33.449+0000] {taskinstance.py:2076} INFO - Dependencies all met for dep_context=non-requeueable deps ti=<TaskInstance: thongtin_cty_bctc.ingest_bctc scheduled__2025-12-30T00:00:00+00:00 map_index=2 [queued]>
[2025-12-31T14:40:33.475+0000] {taskinstance.py:2076} INFO - Dependencies all met for dep_context=requeueable deps ti=<TaskInstance: thongtin_cty_bctc.ingest_bctc scheduled__2025-12-30T00:00:00+00:00 map_index=2 [queued]>
[2025-12-31T14:40:33.476+0000] {taskinstance.py:2306} INFO - Starting attempt 2 of 2
[2025-12-31T14:40:33.493+0000] {taskinstance.py:2330} INFO - Executing <Mapped(DfToCsvOperator): ingest_bctc> on 2025-12-30 00:00:00+00:00
[2025-12-31T14:40:33.505+0000] {warnings.py:112} WARNING - This process (pid=4669) is multi-threaded, use of fork() may lead to deadlocks in the child.

[2025-12-31T14:40:33.507+0000] {standard_task_runner.py:64} INFO - Started process 4731 to run task
[2025-12-31T14:40:33.509+0000] {standard_task_runner.py:90} INFO - Running: ['***', 'tasks', 'run', 'thongtin_cty_bctc', 'ingest_bctc', 'scheduled__2025-12-30T00:00:00+00:00', '--job-id', '372', '--raw', '--subdir', 'DAGS_FOLDER/tt_cty_bctc.py', '--cfg-path', '/tmp/tmpb4pbsva6', '--map-index', '2']
[2025-12-31T14:40:33.510+0000] {standard_task_runner.py:91} INFO - Job 372: Subtask ingest_bctc
[2025-12-31T14:40:33.573+0000] {task_command.py:426} INFO - Running <TaskInstance: thongtin_cty_bctc.ingest_bctc scheduled__2025-12-30T00:00:00+00:00 map_index=2 [running]> on host 8bc7f11ea9a4
[2025-12-31T14:40:33.691+0000] {taskinstance.py:2648} INFO - Exporting env vars: AIRFLOW_CTX_DAG_OWNER='***' AIRFLOW_CTX_DAG_ID='thongtin_cty_bctc' AIRFLOW_CTX_TASK_ID='ingest_bctc' AIRFLOW_CTX_EXECUTION_DATE='2025-12-30T00:00:00+00:00' AIRFLOW_CTX_TRY_NUMBER='2' AIRFLOW_CTX_DAG_RUN_ID='scheduled__2025-12-30T00:00:00+00:00'
[2025-12-31T14:40:33.692+0000] {taskinstance.py:430} INFO - ::endgroup::
[2025-12-31T14:40:33.703+0000] {logging_mixin.py:188} INFO - Bắt đầu xử lý batch 20 mã: ['VTH', 'VTG', 'VTE', 'VTD', 'VTC', 'VTB', 'VTA', 'VST', 'VSP', 'VSN', 'VSM', 'VSI', 'VSH', 'VSG', 'VSF', 'VSE', 'VSC', 'VSA', 'VRG', 'VRE']
[2025-12-31T14:40:33.703+0000] {logging_mixin.py:188} INFO -  >> Đang lấy dữ liệu: VTH
[2025-12-31T14:40:33.846+0000] {logging_mixin.py:188} INFO -  Lỗi xử lý mã VTH: Failed to fetch data: 429 - Too Many Requests
[2025-12-31T14:40:33.847+0000] {logging_mixin.py:188} INFO -  >> Đang lấy dữ liệu: VTG
[2025-12-31T14:40:33.954+0000] {logging_mixin.py:188} INFO -  Lỗi xử lý mã VTG: Failed to fetch data: 429 - Too Many Requests
[2025-12-31T14:40:33.955+0000] {logging_mixin.py:188} INFO -  >> Đang lấy dữ liệu: VTE
[2025-12-31T14:40:34.069+0000] {logging_mixin.py:188} INFO -  Lỗi xử lý mã VTE: Failed to fetch data: 429 - Too Many Requests
[2025-12-31T14:40:34.070+0000] {logging_mixin.py:188} INFO -  >> Đang lấy dữ liệu: VTD
[2025-12-31T14:40:34.181+0000] {logging_mixin.py:188} INFO -  Lỗi xử lý mã VTD: Failed to fetch data: 429 - Too Many Requests
[2025-12-31T14:40:34.182+0000] {logging_mixin.py:188} INFO -  >> Đang lấy dữ liệu: VTC
[2025-12-31T14:40:34.291+0000] {logging_mixin.py:188} INFO -  Lỗi xử lý mã VTC: Failed to fetch data: 429 - Too Many Requests
[2025-12-31T14:40:34.292+0000] {logging_mixin.py:188} INFO -  >> Đang lấy dữ liệu: VTB
[2025-12-31T14:40:34.407+0000] {logging_mixin.py:188} INFO -  Lỗi xử lý mã VTB: Failed to fetch data: 429 - Too Many Requests
[2025-12-31T14:40:34.408+0000] {logging_mixin.py:188} INFO -  >> Đang lấy dữ liệu: VTA
[2025-12-31T14:40:34.549+0000] {logging_mixin.py:188} INFO -  Lỗi xử lý mã VTA: Failed to fetch data: 429 - Too Many Requests
[2025-12-31T14:40:34.550+0000] {logging_mixin.py:188} INFO -  >> Đang lấy dữ liệu: VST
[2025-12-31T14:40:34.676+0000] {logging_mixin.py:188} INFO -  Lỗi xử lý mã VST: Failed to fetch data: 429 - Too Many Requests
[2025-12-31T14:40:34.677+0000] {logging_mixin.py:188} INFO -  >> Đang lấy dữ liệu: VSP
[2025-12-31T14:40:34.806+0000] {logging_mixin.py:188} INFO -  Lỗi xử lý mã VSP: Failed to fetch data: 429 - Too Many Requests
[2025-12-31T14:40:34.807+0000] {logging_mixin.py:188} INFO -  >> Đang lấy dữ liệu: VSN
[2025-12-31T14:40:34.919+0000] {logging_mixin.py:188} INFO -  Lỗi xử lý mã VSN: Failed to fetch data: 429 - Too Many Requests
[2025-12-31T14:40:34.920+0000] {logging_mixin.py:188} INFO -  >> Đang lấy dữ liệu: VSM
[2025-12-31T14:40:35.052+0000] {logging_mixin.py:188} INFO -  Lỗi xử lý mã VSM: Failed to fetch data: 429 - Too Many Requests
[2025-12-31T14:40:35.053+0000] {logging_mixin.py:188} INFO -  >> Đang lấy dữ liệu: VSI
[2025-12-31T14:40:56.284+0000] {logging_mixin.py:188} INFO -  Lỗi xử lý mã VSI: Failed to fetch data: 429 - Too Many Requests
[2025-12-31T14:40:56.285+0000] {logging_mixin.py:188} INFO -  >> Đang lấy dữ liệu: VSH
[2025-12-31T14:40:56.454+0000] {logging_mixin.py:188} INFO -  Lỗi xử lý mã VSH: Failed to fetch data: 429 - Too Many Requests
[2025-12-31T14:40:56.455+0000] {logging_mixin.py:188} INFO -  >> Đang lấy dữ liệu: VSG
[2025-12-31T14:40:56.603+0000] {logging_mixin.py:188} INFO -  Lỗi xử lý mã VSG: Failed to fetch data: 429 - Too Many Requests
[2025-12-31T14:40:56.604+0000] {logging_mixin.py:188} INFO -  >> Đang lấy dữ liệu: VSF
[2025-12-31T14:40:56.768+0000] {logging_mixin.py:188} INFO -  Lỗi xử lý mã VSF: Failed to fetch data: 429 - Too Many Requests
[2025-12-31T14:40:56.770+0000] {logging_mixin.py:188} INFO -  >> Đang lấy dữ liệu: VSE
[2025-12-31T14:40:56.931+0000] {logging_mixin.py:188} INFO -  Lỗi xử lý mã VSE: Failed to fetch data: 429 - Too Many Requests
[2025-12-31T14:40:56.932+0000] {logging_mixin.py:188} INFO -  >> Đang lấy dữ liệu: VSC
[2025-12-31T14:40:57.065+0000] {logging_mixin.py:188} INFO -  Lỗi xử lý mã VSC: Failed to fetch data: 429 - Too Many Requests
[2025-12-31T14:40:57.066+0000] {logging_mixin.py:188} INFO -  >> Đang lấy dữ liệu: VSA
[2025-12-31T14:40:57.207+0000] {logging_mixin.py:188} INFO -  Lỗi xử lý mã VSA: Failed to fetch data: 429 - Too Many Requests
[2025-12-31T14:40:57.208+0000] {logging_mixin.py:188} INFO -  >> Đang lấy dữ liệu: VRG
[2025-12-31T14:40:57.358+0000] {logging_mixin.py:188} INFO -  Lỗi xử lý mã VRG: Failed to fetch data: 429 - Too Many Requests
[2025-12-31T14:40:57.359+0000] {logging_mixin.py:188} INFO -  >> Đang lấy dữ liệu: VRE
[2025-12-31T14:40:57.543+0000] {logging_mixin.py:188} INFO -  Lỗi xử lý mã VRE: Failed to fetch data: 429 - Too Many Requests
[2025-12-31T14:40:57.544+0000] {logging_mixin.py:188} INFO -  ⚠ Batch này không thu được dữ liệu nào.
[2025-12-31T14:40:57.550+0000] {datalake_df2csv.py:40} INFO - DataFrame rỗng, bỏ qua upload CSV.
[2025-12-31T14:40:57.551+0000] {taskinstance.py:441} INFO - ::group::Post task execution logs
[2025-12-31T14:40:57.562+0000] {taskinstance.py:1206} INFO - Marking task as SUCCESS. dag_id=thongtin_cty_bctc, task_id=ingest_bctc, run_id=scheduled__2025-12-30T00:00:00+00:00, map_index=2, execution_date=20251230T000000, start_date=20251231T144033, end_date=20251231T144057
[2025-12-31T14:40:57.898+0000] {local_task_job_runner.py:243} INFO - Task exited with return code 0
[2025-12-31T14:40:57.909+0000] {local_task_job_runner.py:222} INFO - ::endgroup::
