[2026-01-10T15:05:44.364+0000] {local_task_job_runner.py:120} INFO - ::group::Pre task execution logs
[2026-01-10T15:05:44.499+0000] {taskinstance.py:2076} INFO - Dependencies all met for dep_context=non-requeueable deps ti=<TaskInstance: thongtin_cty_bctc.ingest_overview scheduled__2025-12-30T00:00:00+00:00 map_index=233 [queued]>
[2026-01-10T15:05:44.592+0000] {taskinstance.py:2076} INFO - Dependencies all met for dep_context=requeueable deps ti=<TaskInstance: thongtin_cty_bctc.ingest_overview scheduled__2025-12-30T00:00:00+00:00 map_index=233 [queued]>
[2026-01-10T15:05:44.593+0000] {taskinstance.py:2306} INFO - Starting attempt 1 of 2
[2026-01-10T15:05:44.826+0000] {taskinstance.py:2330} INFO - Executing <Mapped(DfToCsvOperator): ingest_overview> on 2025-12-30 00:00:00+00:00
[2026-01-10T15:05:44.836+0000] {warnings.py:112} WARNING - This process (pid=1465) is multi-threaded, use of fork() may lead to deadlocks in the child.

[2026-01-10T15:05:44.838+0000] {standard_task_runner.py:64} INFO - Started process 1524 to run task
[2026-01-10T15:05:44.841+0000] {standard_task_runner.py:90} INFO - Running: ['***', 'tasks', 'run', 'thongtin_cty_bctc', 'ingest_overview', 'scheduled__2025-12-30T00:00:00+00:00', '--job-id', '8800', '--raw', '--subdir', 'DAGS_FOLDER/tt_cty_bctc.py', '--cfg-path', '/tmp/tmp506rrl3l', '--map-index', '233']
[2026-01-10T15:05:44.842+0000] {standard_task_runner.py:91} INFO - Job 8800: Subtask ingest_overview
[2026-01-10T15:05:44.907+0000] {task_command.py:426} INFO - Running <TaskInstance: thongtin_cty_bctc.ingest_overview scheduled__2025-12-30T00:00:00+00:00 map_index=233 [running]> on host c44bcb92a951
[2026-01-10T15:05:44.998+0000] {taskinstance.py:2648} INFO - Exporting env vars: AIRFLOW_CTX_DAG_OWNER='***' AIRFLOW_CTX_DAG_ID='thongtin_cty_bctc' AIRFLOW_CTX_TASK_ID='ingest_overview' AIRFLOW_CTX_EXECUTION_DATE='2025-12-30T00:00:00+00:00' AIRFLOW_CTX_TRY_NUMBER='1' AIRFLOW_CTX_DAG_RUN_ID='scheduled__2025-12-30T00:00:00+00:00'
[2026-01-10T15:05:44.999+0000] {taskinstance.py:430} INFO - ::endgroup::
[2026-01-10T15:05:45.175+0000] {warnings.py:112} WARNING - DataFrame.applymap has been deprecated. Use DataFrame.map instead.

[2026-01-10T15:05:47.076+0000] {warnings.py:112} WARNING - DataFrame.applymap has been deprecated. Use DataFrame.map instead.

[2026-01-10T15:05:48.236+0000] {warnings.py:112} WARNING - DataFrame.applymap has been deprecated. Use DataFrame.map instead.

[2026-01-10T15:05:49.262+0000] {base.py:84} INFO - Using connection ID 'minio_finance' for task execution.
[2026-01-10T15:05:49.263+0000] {connection_wrapper.py:384} INFO - AWS Connection (conn_id='minio_finance', conn_type='aws') credentials retrieved from login and password.
[2026-01-10T15:05:50.095+0000] {datalake_df2csv.py:52} INFO - ✅ Đã upload 3 dòng -> s3://thongtin-congty-va-bctc/overview/2025-12-30/batch_233.csv
[2026-01-10T15:05:50.097+0000] {taskinstance.py:441} INFO - ::group::Post task execution logs
[2026-01-10T15:05:50.116+0000] {taskinstance.py:1206} INFO - Marking task as SUCCESS. dag_id=thongtin_cty_bctc, task_id=ingest_overview, run_id=scheduled__2025-12-30T00:00:00+00:00, map_index=233, execution_date=20251230T000000, start_date=20260110T150544, end_date=20260110T150550
[2026-01-10T15:05:51.055+0000] {local_task_job_runner.py:243} INFO - Task exited with return code 0
[2026-01-10T15:05:51.080+0000] {local_task_job_runner.py:222} INFO - ::endgroup::
