[2026-01-11T03:53:22.711+0000] {local_task_job_runner.py:120} INFO - ::group::Pre task execution logs
[2026-01-11T03:53:22.759+0000] {taskinstance.py:2076} INFO - Dependencies all met for dep_context=non-requeueable deps ti=<TaskInstance: bctc.ingest_bctc manual__2026-01-11T03:52:02+00:00 map_index=59 [queued]>
[2026-01-11T03:53:22.782+0000] {taskinstance.py:2076} INFO - Dependencies all met for dep_context=requeueable deps ti=<TaskInstance: bctc.ingest_bctc manual__2026-01-11T03:52:02+00:00 map_index=59 [queued]>
[2026-01-11T03:53:22.783+0000] {taskinstance.py:2306} INFO - Starting attempt 1 of 2
[2026-01-11T03:53:22.808+0000] {taskinstance.py:2330} INFO - Executing <Mapped(DfToCsvOperator): ingest_bctc> on 2026-01-11 03:52:02+00:00
[2026-01-11T03:53:22.821+0000] {warnings.py:112} WARNING - This process (pid=739) is multi-threaded, use of fork() may lead to deadlocks in the child.

[2026-01-11T03:53:22.824+0000] {standard_task_runner.py:64} INFO - Started process 815 to run task
[2026-01-11T03:53:22.827+0000] {standard_task_runner.py:90} INFO - Running: ['***', 'tasks', 'run', 'bctc', 'ingest_bctc', 'manual__2026-01-11T03:52:02+00:00', '--job-id', '10154', '--raw', '--subdir', 'DAGS_FOLDER/tt_cty_bctc.py', '--cfg-path', '/tmp/tmp09dy54gj', '--map-index', '59']
[2026-01-11T03:53:22.830+0000] {standard_task_runner.py:91} INFO - Job 10154: Subtask ingest_bctc
[2026-01-11T03:53:22.912+0000] {task_command.py:426} INFO - Running <TaskInstance: bctc.ingest_bctc manual__2026-01-11T03:52:02+00:00 map_index=59 [running]> on host 3f2af93df813
[2026-01-11T03:53:23.537+0000] {taskinstance.py:2648} INFO - Exporting env vars: AIRFLOW_CTX_DAG_OWNER='***' AIRFLOW_CTX_DAG_ID='bctc' AIRFLOW_CTX_TASK_ID='ingest_bctc' AIRFLOW_CTX_EXECUTION_DATE='2026-01-11T03:52:02+00:00' AIRFLOW_CTX_TRY_NUMBER='1' AIRFLOW_CTX_DAG_RUN_ID='manual__2026-01-11T03:52:02+00:00'
[2026-01-11T03:53:23.543+0000] {taskinstance.py:430} INFO - ::endgroup::
[2026-01-11T03:53:23.556+0000] {logging_mixin.py:188} INFO - Bắt đầu xử lý batch 20 mã: ['HAS', 'HAR', 'HAP', 'HAN', 'HAM', 'HAI', 'HAH', 'HAG', 'HAF', 'HAD', 'HAC', 'HAB', 'H11', 'GVT', 'GVR', 'GTT', 'GTS', 'GTK', 'GTH', 'GTD']
[2026-01-11T03:53:23.557+0000] {logging_mixin.py:188} INFO -  >> Đang lấy dữ liệu: HAS
[2026-01-11T03:53:23.702+0000] {logging_mixin.py:188} INFO -  Lỗi xử lý mã HAS: Failed to fetch data: 429 - Too Many Requests
[2026-01-11T03:53:23.703+0000] {logging_mixin.py:188} INFO -  >> Đang lấy dữ liệu: HAR
[2026-01-11T03:53:23.840+0000] {logging_mixin.py:188} INFO -  Lỗi xử lý mã HAR: Failed to fetch data: 429 - Too Many Requests
[2026-01-11T03:53:23.842+0000] {logging_mixin.py:188} INFO -  >> Đang lấy dữ liệu: HAP
[2026-01-11T03:53:24.379+0000] {logging_mixin.py:188} INFO -  Lỗi xử lý mã HAP: Failed to fetch data: 429 - Too Many Requests
[2026-01-11T03:53:24.381+0000] {logging_mixin.py:188} INFO -  >> Đang lấy dữ liệu: HAN
[2026-01-11T03:53:24.856+0000] {logging_mixin.py:188} INFO -  Lỗi xử lý mã HAN: Failed to fetch data: 429 - Too Many Requests
[2026-01-11T03:53:24.858+0000] {logging_mixin.py:188} INFO -  >> Đang lấy dữ liệu: HAM
[2026-01-11T03:53:25.053+0000] {logging_mixin.py:188} INFO -  Lỗi xử lý mã HAM: Failed to fetch data: 429 - Too Many Requests
[2026-01-11T03:53:25.055+0000] {logging_mixin.py:188} INFO -  >> Đang lấy dữ liệu: HAI
[2026-01-11T03:53:25.585+0000] {logging_mixin.py:188} INFO -  Lỗi xử lý mã HAI: Failed to fetch data: 429 - Too Many Requests
[2026-01-11T03:53:25.586+0000] {logging_mixin.py:188} INFO -  >> Đang lấy dữ liệu: HAH
[2026-01-11T03:53:25.734+0000] {logging_mixin.py:188} INFO -  Lỗi xử lý mã HAH: Failed to fetch data: 429 - Too Many Requests
[2026-01-11T03:53:25.735+0000] {logging_mixin.py:188} INFO -  >> Đang lấy dữ liệu: HAG
[2026-01-11T03:53:25.919+0000] {logging_mixin.py:188} INFO -  Lỗi xử lý mã HAG: Failed to fetch data: 429 - Too Many Requests
[2026-01-11T03:53:25.920+0000] {logging_mixin.py:188} INFO -  >> Đang lấy dữ liệu: HAF
[2026-01-11T03:53:26.059+0000] {logging_mixin.py:188} INFO -  Lỗi xử lý mã HAF: Failed to fetch data: 429 - Too Many Requests
[2026-01-11T03:53:26.060+0000] {logging_mixin.py:188} INFO -  >> Đang lấy dữ liệu: HAD
[2026-01-11T03:53:26.203+0000] {logging_mixin.py:188} INFO -  Lỗi xử lý mã HAD: Failed to fetch data: 429 - Too Many Requests
[2026-01-11T03:53:26.205+0000] {logging_mixin.py:188} INFO -  >> Đang lấy dữ liệu: HAC
[2026-01-11T03:53:27.133+0000] {logging_mixin.py:188} INFO -  Lỗi xử lý mã HAC: Failed to fetch data: 429 - Too Many Requests
[2026-01-11T03:53:27.135+0000] {logging_mixin.py:188} INFO -  >> Đang lấy dữ liệu: HAB
[2026-01-11T03:53:28.287+0000] {logging_mixin.py:188} INFO -  Lỗi xử lý mã HAB: Failed to fetch data: 429 - Too Many Requests
[2026-01-11T03:53:28.287+0000] {logging_mixin.py:188} INFO -  >> Đang lấy dữ liệu: H11
[2026-01-11T03:53:28.414+0000] {logging_mixin.py:188} INFO -  Lỗi xử lý mã H11: Failed to fetch data: 429 - Too Many Requests
[2026-01-11T03:53:28.415+0000] {logging_mixin.py:188} INFO -  >> Đang lấy dữ liệu: GVT
[2026-01-11T03:53:28.550+0000] {logging_mixin.py:188} INFO -  Lỗi xử lý mã GVT: Failed to fetch data: 429 - Too Many Requests
[2026-01-11T03:53:28.551+0000] {logging_mixin.py:188} INFO -  >> Đang lấy dữ liệu: GVR
[2026-01-11T03:53:28.759+0000] {logging_mixin.py:188} INFO -  Lỗi xử lý mã GVR: Failed to fetch data: 429 - Too Many Requests
[2026-01-11T03:53:28.760+0000] {logging_mixin.py:188} INFO -  >> Đang lấy dữ liệu: GTT
[2026-01-11T03:53:29.920+0000] {logging_mixin.py:188} INFO -  Lỗi xử lý mã GTT: Failed to fetch data: 429 - Too Many Requests
[2026-01-11T03:53:29.921+0000] {logging_mixin.py:188} INFO -  >> Đang lấy dữ liệu: GTS
[2026-01-11T03:53:30.056+0000] {logging_mixin.py:188} INFO -  Lỗi xử lý mã GTS: Failed to fetch data: 429 - Too Many Requests
[2026-01-11T03:53:30.058+0000] {logging_mixin.py:188} INFO -  >> Đang lấy dữ liệu: GTK
[2026-01-11T03:53:30.345+0000] {logging_mixin.py:188} INFO -  Lỗi xử lý mã GTK: Failed to fetch data: 429 - Too Many Requests
[2026-01-11T03:53:30.346+0000] {logging_mixin.py:188} INFO -  >> Đang lấy dữ liệu: GTH
[2026-01-11T03:53:30.782+0000] {logging_mixin.py:188} INFO -  Lỗi xử lý mã GTH: Failed to fetch data: 429 - Too Many Requests
[2026-01-11T03:53:30.783+0000] {logging_mixin.py:188} INFO -  >> Đang lấy dữ liệu: GTD
[2026-01-11T03:53:32.592+0000] {logging_mixin.py:188} INFO -  Lỗi xử lý mã GTD: Failed to fetch data: 429 - Too Many Requests
[2026-01-11T03:53:32.594+0000] {logging_mixin.py:188} INFO -  ⚠ Batch này không thu được dữ liệu nào.
[2026-01-11T03:53:32.598+0000] {datalake_df2csv.py:40} INFO - DataFrame rỗng, bỏ qua upload CSV.
[2026-01-11T03:53:32.599+0000] {taskinstance.py:441} INFO - ::group::Post task execution logs
[2026-01-11T03:53:32.613+0000] {taskinstance.py:1206} INFO - Marking task as SUCCESS. dag_id=bctc, task_id=ingest_bctc, run_id=manual__2026-01-11T03:52:02+00:00, map_index=59, execution_date=20260111T035202, start_date=20260111T035322, end_date=20260111T035332
[2026-01-11T03:53:32.675+0000] {local_task_job_runner.py:243} INFO - Task exited with return code 0
[2026-01-11T03:53:32.731+0000] {taskinstance.py:3503} INFO - 0 downstream tasks scheduled from follow-on schedule check
[2026-01-11T03:53:32.735+0000] {local_task_job_runner.py:222} INFO - ::endgroup::
