[2026-01-10T15:09:36.386+0000] {local_task_job_runner.py:120} INFO - ::group::Pre task execution logs
[2026-01-10T15:09:36.569+0000] {taskinstance.py:2076} INFO - Dependencies all met for dep_context=non-requeueable deps ti=<TaskInstance: thongtin_cty_bctc.ingest_people scheduled__2025-12-30T00:00:00+00:00 map_index=306 [queued]>
[2026-01-10T15:09:36.880+0000] {taskinstance.py:2076} INFO - Dependencies all met for dep_context=requeueable deps ti=<TaskInstance: thongtin_cty_bctc.ingest_people scheduled__2025-12-30T00:00:00+00:00 map_index=306 [queued]>
[2026-01-10T15:09:36.881+0000] {taskinstance.py:2306} INFO - Starting attempt 1 of 2
[2026-01-10T15:09:36.902+0000] {taskinstance.py:2330} INFO - Executing <Mapped(DfToCsvOperator): ingest_people> on 2025-12-30 00:00:00+00:00
[2026-01-10T15:09:36.919+0000] {warnings.py:112} WARNING - This process (pid=4381) is multi-threaded, use of fork() may lead to deadlocks in the child.

[2026-01-10T15:09:36.921+0000] {standard_task_runner.py:64} INFO - Started process 4423 to run task
[2026-01-10T15:09:36.924+0000] {standard_task_runner.py:90} INFO - Running: ['***', 'tasks', 'run', 'thongtin_cty_bctc', 'ingest_people', 'scheduled__2025-12-30T00:00:00+00:00', '--job-id', '9017', '--raw', '--subdir', 'DAGS_FOLDER/tt_cty_bctc.py', '--cfg-path', '/tmp/tmp6jipoyc1', '--map-index', '306']
[2026-01-10T15:09:36.927+0000] {standard_task_runner.py:91} INFO - Job 9017: Subtask ingest_people
[2026-01-10T15:09:37.001+0000] {task_command.py:426} INFO - Running <TaskInstance: thongtin_cty_bctc.ingest_people scheduled__2025-12-30T00:00:00+00:00 map_index=306 [running]> on host c44bcb92a951
[2026-01-10T15:09:37.171+0000] {taskinstance.py:2648} INFO - Exporting env vars: AIRFLOW_CTX_DAG_OWNER='***' AIRFLOW_CTX_DAG_ID='thongtin_cty_bctc' AIRFLOW_CTX_TASK_ID='ingest_people' AIRFLOW_CTX_EXECUTION_DATE='2025-12-30T00:00:00+00:00' AIRFLOW_CTX_TRY_NUMBER='1' AIRFLOW_CTX_DAG_RUN_ID='scheduled__2025-12-30T00:00:00+00:00'
[2026-01-10T15:09:37.174+0000] {taskinstance.py:430} INFO - ::endgroup::
[2026-01-10T15:09:42.175+0000] {base.py:84} INFO - Using connection ID 'minio_finance' for task execution.
[2026-01-10T15:09:42.176+0000] {connection_wrapper.py:384} INFO - AWS Connection (conn_id='minio_finance', conn_type='aws') credentials retrieved from login and password.
[2026-01-10T15:09:42.700+0000] {datalake_df2csv.py:52} INFO - ✅ Đã upload 98 dòng -> s3://thongtin-congty-va-bctc/people/2025-12-30/batch_306.csv
[2026-01-10T15:09:42.701+0000] {taskinstance.py:441} INFO - ::group::Post task execution logs
[2026-01-10T15:09:42.711+0000] {taskinstance.py:1206} INFO - Marking task as SUCCESS. dag_id=thongtin_cty_bctc, task_id=ingest_people, run_id=scheduled__2025-12-30T00:00:00+00:00, map_index=306, execution_date=20251230T000000, start_date=20260110T150936, end_date=20260110T150942
[2026-01-10T15:09:43.530+0000] {local_task_job_runner.py:243} INFO - Task exited with return code 0
[2026-01-10T15:09:43.601+0000] {taskinstance.py:3503} INFO - 0 downstream tasks scheduled from follow-on schedule check
[2026-01-10T15:09:43.604+0000] {local_task_job_runner.py:222} INFO - ::endgroup::
