[2026-01-01T02:19:35.556+0000] {local_task_job_runner.py:120} INFO - ::group::Pre task execution logs
[2026-01-01T02:19:35.701+0000] {taskinstance.py:2076} INFO - Dependencies all met for dep_context=non-requeueable deps ti=<TaskInstance: thongtin_cty_bctc.ingest_people scheduled__2025-12-31T00:00:00+00:00 map_index=326 [queued]>
[2026-01-01T02:19:36.216+0000] {taskinstance.py:2076} INFO - Dependencies all met for dep_context=requeueable deps ti=<TaskInstance: thongtin_cty_bctc.ingest_people scheduled__2025-12-31T00:00:00+00:00 map_index=326 [queued]>
[2026-01-01T02:19:36.218+0000] {taskinstance.py:2306} INFO - Starting attempt 1 of 2
[2026-01-01T02:19:36.279+0000] {taskinstance.py:2330} INFO - Executing <Mapped(DfToCsvOperator): ingest_people> on 2025-12-31 00:00:00+00:00
[2026-01-01T02:19:36.302+0000] {warnings.py:112} WARNING - This process (pid=11604) is multi-threaded, use of fork() may lead to deadlocks in the child.

[2026-01-01T02:19:36.305+0000] {standard_task_runner.py:64} INFO - Started process 11740 to run task
[2026-01-01T02:19:36.332+0000] {standard_task_runner.py:90} INFO - Running: ['***', 'tasks', 'run', 'thongtin_cty_bctc', 'ingest_people', 'scheduled__2025-12-31T00:00:00+00:00', '--job-id', '1612', '--raw', '--subdir', 'DAGS_FOLDER/tt_cty_bctc.py', '--cfg-path', '/tmp/tmp1t4b066x', '--map-index', '326']
[2026-01-01T02:19:36.335+0000] {standard_task_runner.py:91} INFO - Job 1612: Subtask ingest_people
[2026-01-01T02:19:36.432+0000] {task_command.py:426} INFO - Running <TaskInstance: thongtin_cty_bctc.ingest_people scheduled__2025-12-31T00:00:00+00:00 map_index=326 [running]> on host 43b0a0f7606b
[2026-01-01T02:19:36.707+0000] {taskinstance.py:2648} INFO - Exporting env vars: AIRFLOW_CTX_DAG_OWNER='***' AIRFLOW_CTX_DAG_ID='thongtin_cty_bctc' AIRFLOW_CTX_TASK_ID='ingest_people' AIRFLOW_CTX_EXECUTION_DATE='2025-12-31T00:00:00+00:00' AIRFLOW_CTX_TRY_NUMBER='1' AIRFLOW_CTX_DAG_RUN_ID='scheduled__2025-12-31T00:00:00+00:00'
[2026-01-01T02:19:36.711+0000] {taskinstance.py:430} INFO - ::endgroup::
[2026-01-01T02:19:36.722+0000] {taskinstance.py:441} INFO - ::group::Post task execution logs
[2026-01-01T02:19:36.779+0000] {taskinstance.py:2905} ERROR - Task failed with exception
Traceback (most recent call last):
  File "/home/airflow/.local/lib/python3.12/site-packages/airflow/models/taskinstance.py", line 465, in _execute_task
    result = _execute_callable(context=context, **execute_callable_kwargs)
             ^^^^^^^^^^^^^^^^^^^^^^^^^^^^^^^^^^^^^^^^^^^^^^^^^^^^^^^^^^^^^
  File "/home/airflow/.local/lib/python3.12/site-packages/airflow/models/taskinstance.py", line 432, in _execute_callable
    return execute_callable(context=context, **execute_callable_kwargs)
           ^^^^^^^^^^^^^^^^^^^^^^^^^^^^^^^^^^^^^^^^^^^^^^^^^^^^^^^^^^^^
  File "/home/airflow/.local/lib/python3.12/site-packages/airflow/models/baseoperator.py", line 401, in wrapper
    return func(self, *args, **kwargs)
           ^^^^^^^^^^^^^^^^^^^^^^^^^^^
  File "/opt/airflow/plugins/function/datalake_df2csv.py", line 38, in execute
    df = self._load_dataframe()
         ^^^^^^^^^^^^^^^^^^^^^^
  File "/opt/airflow/plugins/function/datalake_df2csv.py", line 60, in _load_dataframe
    raise AirflowException(f"Logic file not found: {module_path}")
airflow.exceptions.AirflowException: Logic file not found: /opt/***/plugins/logic/thongtincongty.py
[2026-01-01T02:19:36.793+0000] {taskinstance.py:1206} INFO - Marking task as UP_FOR_RETRY. dag_id=thongtin_cty_bctc, task_id=ingest_people, run_id=scheduled__2025-12-31T00:00:00+00:00, map_index=326, execution_date=20251231T000000, start_date=20260101T021935, end_date=20260101T021936
[2026-01-01T02:19:36.851+0000] {standard_task_runner.py:110} ERROR - Failed to execute job 1612 for task ingest_people (Logic file not found: /opt/***/plugins/logic/thongtincongty.py; 11740)
[2026-01-01T02:19:36.890+0000] {local_task_job_runner.py:243} INFO - Task exited with return code 1
[2026-01-01T02:19:36.944+0000] {taskinstance.py:3503} INFO - 0 downstream tasks scheduled from follow-on schedule check
[2026-01-01T02:19:36.955+0000] {local_task_job_runner.py:222} INFO - ::endgroup::
