[2026-01-01T09:00:41.034+0000] {local_task_job_runner.py:120} INFO - ::group::Pre task execution logs
[2026-01-01T09:00:41.100+0000] {taskinstance.py:2076} INFO - Dependencies all met for dep_context=non-requeueable deps ti=<TaskInstance: thongtin_cty_bctc.ingest_bctc manual__2026-01-01T00:00:00+00:00 map_index=160 [queued]>
[2026-01-01T09:00:41.145+0000] {taskinstance.py:2076} INFO - Dependencies all met for dep_context=requeueable deps ti=<TaskInstance: thongtin_cty_bctc.ingest_bctc manual__2026-01-01T00:00:00+00:00 map_index=160 [queued]>
[2026-01-01T09:00:41.146+0000] {taskinstance.py:2306} INFO - Starting attempt 1 of 2
[2026-01-01T09:00:41.165+0000] {taskinstance.py:2330} INFO - Executing <Mapped(DfToCsvOperator): ingest_bctc> on 2026-01-01 00:00:00+00:00
[2026-01-01T09:00:41.177+0000] {warnings.py:112} WARNING - This process (pid=6914) is multi-threaded, use of fork() may lead to deadlocks in the child.

[2026-01-01T09:00:41.178+0000] {standard_task_runner.py:64} INFO - Started process 6939 to run task
[2026-01-01T09:00:41.180+0000] {standard_task_runner.py:90} INFO - Running: ['***', 'tasks', 'run', 'thongtin_cty_bctc', 'ingest_bctc', 'manual__2026-01-01T00:00:00+00:00', '--job-id', '4322', '--raw', '--subdir', 'DAGS_FOLDER/tt_cty_bctc.py', '--cfg-path', '/tmp/tmpq6zm97fw', '--map-index', '160']
[2026-01-01T09:00:41.181+0000] {standard_task_runner.py:91} INFO - Job 4322: Subtask ingest_bctc
[2026-01-01T09:00:41.233+0000] {task_command.py:426} INFO - Running <TaskInstance: thongtin_cty_bctc.ingest_bctc manual__2026-01-01T00:00:00+00:00 map_index=160 [running]> on host b455963a0603
[2026-01-01T09:00:41.376+0000] {taskinstance.py:2648} INFO - Exporting env vars: AIRFLOW_CTX_DAG_OWNER='***' AIRFLOW_CTX_DAG_ID='thongtin_cty_bctc' AIRFLOW_CTX_TASK_ID='ingest_bctc' AIRFLOW_CTX_EXECUTION_DATE='2026-01-01T00:00:00+00:00' AIRFLOW_CTX_TRY_NUMBER='1' AIRFLOW_CTX_DAG_RUN_ID='manual__2026-01-01T00:00:00+00:00'
[2026-01-01T09:00:41.379+0000] {taskinstance.py:430} INFO - ::endgroup::
[2026-01-01T09:00:41.388+0000] {logging_mixin.py:188} INFO - Bắt đầu xử lý batch 3 mã: ['SGO', 'SGN', 'SGI']
[2026-01-01T09:00:41.388+0000] {logging_mixin.py:188} INFO -  >> Đang lấy dữ liệu: SGO
[2026-01-01T09:00:44.488+0000] {logging_mixin.py:188} INFO -  >> Đang lấy dữ liệu: SGN
[2026-01-01T09:00:47.413+0000] {logging_mixin.py:188} INFO -  >> Đang lấy dữ liệu: SGI
[2026-01-01T09:00:50.329+0000] {logging_mixin.py:188} INFO -  ✓ Hoàn thành batch. Tổng số dòng: 6182
[2026-01-01T09:00:50.388+0000] {base.py:84} INFO - Using connection ID 'minio_finance' for task execution.
[2026-01-01T09:00:50.389+0000] {connection_wrapper.py:384} INFO - AWS Connection (conn_id='minio_finance', conn_type='aws') credentials retrieved from login and password.
[2026-01-01T09:00:50.978+0000] {datalake_df2csv.py:53} INFO - ✅ Đã upload 6182 dòng -> s3://thongtin-congty-va-bctc/bctc/2026-01-01/batch_160.csv
[2026-01-01T09:00:50.980+0000] {taskinstance.py:441} INFO - ::group::Post task execution logs
[2026-01-01T09:00:50.993+0000] {taskinstance.py:1206} INFO - Marking task as SUCCESS. dag_id=thongtin_cty_bctc, task_id=ingest_bctc, run_id=manual__2026-01-01T00:00:00+00:00, map_index=160, execution_date=20260101T000000, start_date=20260101T090041, end_date=20260101T090050
[2026-01-01T09:00:51.051+0000] {local_task_job_runner.py:243} INFO - Task exited with return code 0
[2026-01-01T09:00:51.062+0000] {local_task_job_runner.py:222} INFO - ::endgroup::
