[2026-01-01T02:37:02.246+0000] {local_task_job_runner.py:120} INFO - ::group::Pre task execution logs
[2026-01-01T02:37:02.280+0000] {taskinstance.py:2076} INFO - Dependencies all met for dep_context=non-requeueable deps ti=<TaskInstance: thongtin_cty_bctc.ingest_bctc scheduled__2025-12-30T00:00:00+00:00 map_index=56 [queued]>
[2026-01-01T02:37:02.302+0000] {taskinstance.py:2076} INFO - Dependencies all met for dep_context=requeueable deps ti=<TaskInstance: thongtin_cty_bctc.ingest_bctc scheduled__2025-12-30T00:00:00+00:00 map_index=56 [queued]>
[2026-01-01T02:37:02.303+0000] {taskinstance.py:2306} INFO - Starting attempt 2 of 3
[2026-01-01T02:37:02.321+0000] {taskinstance.py:2330} INFO - Executing <Mapped(DfToCsvOperator): ingest_bctc> on 2025-12-30 00:00:00+00:00
[2026-01-01T02:37:02.332+0000] {warnings.py:112} WARNING - This process (pid=16780) is multi-threaded, use of fork() may lead to deadlocks in the child.

[2026-01-01T02:37:02.334+0000] {standard_task_runner.py:64} INFO - Started process 16804 to run task
[2026-01-01T02:37:02.336+0000] {standard_task_runner.py:90} INFO - Running: ['***', 'tasks', 'run', 'thongtin_cty_bctc', 'ingest_bctc', 'scheduled__2025-12-30T00:00:00+00:00', '--job-id', '2056', '--raw', '--subdir', 'DAGS_FOLDER/tt_cty_bctc.py', '--cfg-path', '/tmp/tmpqgckj6h8', '--map-index', '56']
[2026-01-01T02:37:02.338+0000] {standard_task_runner.py:91} INFO - Job 2056: Subtask ingest_bctc
[2026-01-01T02:37:02.395+0000] {task_command.py:426} INFO - Running <TaskInstance: thongtin_cty_bctc.ingest_bctc scheduled__2025-12-30T00:00:00+00:00 map_index=56 [running]> on host 43b0a0f7606b
[2026-01-01T02:37:02.503+0000] {taskinstance.py:2648} INFO - Exporting env vars: AIRFLOW_CTX_DAG_OWNER='***' AIRFLOW_CTX_DAG_ID='thongtin_cty_bctc' AIRFLOW_CTX_TASK_ID='ingest_bctc' AIRFLOW_CTX_EXECUTION_DATE='2025-12-30T00:00:00+00:00' AIRFLOW_CTX_TRY_NUMBER='2' AIRFLOW_CTX_DAG_RUN_ID='scheduled__2025-12-30T00:00:00+00:00'
[2026-01-01T02:37:02.504+0000] {taskinstance.py:430} INFO - ::endgroup::
[2026-01-01T02:37:02.512+0000] {logging_mixin.py:188} INFO - Bắt đầu xử lý batch 20 mã: ['HKT', 'HKP', 'HKB', 'HJS', 'HJC', 'HIO', 'HII', 'HIG', 'HID', 'HHV', 'HHS', 'HHR', 'HHP', 'HHN', 'HHG', 'HHC', 'HHB', 'HGW', 'HGT', 'HGR']
[2026-01-01T02:37:02.513+0000] {logging_mixin.py:188} INFO -  >> Đang lấy dữ liệu: HKT
[2026-01-01T02:37:02.654+0000] {logging_mixin.py:188} INFO -  Lỗi xử lý mã HKT: Failed to fetch data: 429 - Too Many Requests
[2026-01-01T02:37:02.655+0000] {logging_mixin.py:188} INFO -  >> Đang lấy dữ liệu: HKP
[2026-01-01T02:37:02.780+0000] {logging_mixin.py:188} INFO -  Lỗi xử lý mã HKP: Failed to fetch data: 429 - Too Many Requests
[2026-01-01T02:37:02.781+0000] {logging_mixin.py:188} INFO -  >> Đang lấy dữ liệu: HKB
[2026-01-01T02:37:02.906+0000] {logging_mixin.py:188} INFO -  Lỗi xử lý mã HKB: Failed to fetch data: 429 - Too Many Requests
[2026-01-01T02:37:02.907+0000] {logging_mixin.py:188} INFO -  >> Đang lấy dữ liệu: HJS
[2026-01-01T02:37:03.023+0000] {logging_mixin.py:188} INFO -  Lỗi xử lý mã HJS: Failed to fetch data: 429 - Too Many Requests
[2026-01-01T02:37:03.024+0000] {logging_mixin.py:188} INFO -  >> Đang lấy dữ liệu: HJC
[2026-01-01T02:37:03.166+0000] {logging_mixin.py:188} INFO -  Lỗi xử lý mã HJC: Failed to fetch data: 429 - Too Many Requests
[2026-01-01T02:37:03.167+0000] {logging_mixin.py:188} INFO -  >> Đang lấy dữ liệu: HIO
[2026-01-01T02:37:03.288+0000] {logging_mixin.py:188} INFO -  Lỗi xử lý mã HIO: Failed to fetch data: 429 - Too Many Requests
[2026-01-01T02:37:03.289+0000] {logging_mixin.py:188} INFO -  >> Đang lấy dữ liệu: HII
[2026-01-01T02:37:03.415+0000] {logging_mixin.py:188} INFO -  Lỗi xử lý mã HII: Failed to fetch data: 429 - Too Many Requests
[2026-01-01T02:37:03.416+0000] {logging_mixin.py:188} INFO -  >> Đang lấy dữ liệu: HIG
[2026-01-01T02:37:03.538+0000] {logging_mixin.py:188} INFO -  Lỗi xử lý mã HIG: Failed to fetch data: 429 - Too Many Requests
[2026-01-01T02:37:03.539+0000] {logging_mixin.py:188} INFO -  >> Đang lấy dữ liệu: HID
[2026-01-01T02:37:03.665+0000] {logging_mixin.py:188} INFO -  Lỗi xử lý mã HID: Failed to fetch data: 429 - Too Many Requests
[2026-01-01T02:37:03.666+0000] {logging_mixin.py:188} INFO -  >> Đang lấy dữ liệu: HHV
[2026-01-01T02:37:03.807+0000] {logging_mixin.py:188} INFO -  Lỗi xử lý mã HHV: Failed to fetch data: 429 - Too Many Requests
[2026-01-01T02:37:03.807+0000] {logging_mixin.py:188} INFO -  >> Đang lấy dữ liệu: HHS
[2026-01-01T02:37:03.935+0000] {logging_mixin.py:188} INFO -  Lỗi xử lý mã HHS: Failed to fetch data: 429 - Too Many Requests
[2026-01-01T02:37:03.937+0000] {logging_mixin.py:188} INFO -  >> Đang lấy dữ liệu: HHR
[2026-01-01T02:37:04.057+0000] {logging_mixin.py:188} INFO -  Lỗi xử lý mã HHR: Failed to fetch data: 429 - Too Many Requests
[2026-01-01T02:37:04.058+0000] {logging_mixin.py:188} INFO -  >> Đang lấy dữ liệu: HHP
[2026-01-01T02:37:04.185+0000] {logging_mixin.py:188} INFO -  Lỗi xử lý mã HHP: Failed to fetch data: 429 - Too Many Requests
[2026-01-01T02:37:04.186+0000] {logging_mixin.py:188} INFO -  >> Đang lấy dữ liệu: HHN
[2026-01-01T02:37:04.314+0000] {logging_mixin.py:188} INFO -  Lỗi xử lý mã HHN: Failed to fetch data: 429 - Too Many Requests
[2026-01-01T02:37:04.315+0000] {logging_mixin.py:188} INFO -  >> Đang lấy dữ liệu: HHG
[2026-01-01T02:37:04.439+0000] {logging_mixin.py:188} INFO -  Lỗi xử lý mã HHG: Failed to fetch data: 429 - Too Many Requests
[2026-01-01T02:37:04.440+0000] {logging_mixin.py:188} INFO -  >> Đang lấy dữ liệu: HHC
[2026-01-01T02:37:04.575+0000] {logging_mixin.py:188} INFO -  Lỗi xử lý mã HHC: Failed to fetch data: 429 - Too Many Requests
[2026-01-01T02:37:04.576+0000] {logging_mixin.py:188} INFO -  >> Đang lấy dữ liệu: HHB
[2026-01-01T02:37:04.695+0000] {logging_mixin.py:188} INFO -  Lỗi xử lý mã HHB: Failed to fetch data: 429 - Too Many Requests
[2026-01-01T02:37:04.696+0000] {logging_mixin.py:188} INFO -  >> Đang lấy dữ liệu: HGW
[2026-01-01T02:37:04.824+0000] {logging_mixin.py:188} INFO -  Lỗi xử lý mã HGW: Failed to fetch data: 429 - Too Many Requests
[2026-01-01T02:37:04.825+0000] {logging_mixin.py:188} INFO -  >> Đang lấy dữ liệu: HGT
[2026-01-01T02:37:04.983+0000] {logging_mixin.py:188} INFO -  Lỗi xử lý mã HGT: Failed to fetch data: 429 - Too Many Requests
[2026-01-01T02:37:04.984+0000] {logging_mixin.py:188} INFO -  >> Đang lấy dữ liệu: HGR
[2026-01-01T02:37:05.100+0000] {logging_mixin.py:188} INFO -  Lỗi xử lý mã HGR: Failed to fetch data: 429 - Too Many Requests
[2026-01-01T02:37:05.101+0000] {logging_mixin.py:188} INFO -  ⚠ Batch này không thu được dữ liệu nào.
[2026-01-01T02:37:05.105+0000] {datalake_df2csv.py:40} INFO - DataFrame rỗng, bỏ qua upload CSV.
[2026-01-01T02:37:05.105+0000] {taskinstance.py:441} INFO - ::group::Post task execution logs
[2026-01-01T02:37:05.118+0000] {taskinstance.py:1206} INFO - Marking task as SUCCESS. dag_id=thongtin_cty_bctc, task_id=ingest_bctc, run_id=scheduled__2025-12-30T00:00:00+00:00, map_index=56, execution_date=20251230T000000, start_date=20260101T023702, end_date=20260101T023705
[2026-01-01T02:37:05.599+0000] {local_task_job_runner.py:243} INFO - Task exited with return code 0
[2026-01-01T02:37:05.621+0000] {taskinstance.py:3503} INFO - 0 downstream tasks scheduled from follow-on schedule check
[2026-01-01T02:37:05.623+0000] {local_task_job_runner.py:222} INFO - ::endgroup::
