[2025-12-30T01:55:57.807+0000] {local_task_job_runner.py:120} INFO - ::group::Pre task execution logs
[2025-12-30T01:55:57.858+0000] {taskinstance.py:2076} INFO - Dependencies all met for dep_context=non-requeueable deps ti=<TaskInstance: thongtin_cty_bctc.ingest_bctc scheduled__2025-12-28T00:00:00+00:00 map_index=11 [queued]>
[2025-12-30T01:55:57.883+0000] {taskinstance.py:2076} INFO - Dependencies all met for dep_context=requeueable deps ti=<TaskInstance: thongtin_cty_bctc.ingest_bctc scheduled__2025-12-28T00:00:00+00:00 map_index=11 [queued]>
[2025-12-30T01:55:57.884+0000] {taskinstance.py:2306} INFO - Starting attempt 1 of 2
[2025-12-30T01:55:57.913+0000] {taskinstance.py:2330} INFO - Executing <Mapped(DfToDbOperator): ingest_bctc> on 2025-12-28 00:00:00+00:00
[2025-12-30T01:55:57.929+0000] {warnings.py:112} WARNING - This process (pid=338) is multi-threaded, use of fork() may lead to deadlocks in the child.

[2025-12-30T01:55:57.930+0000] {standard_task_runner.py:64} INFO - Started process 431 to run task
[2025-12-30T01:55:57.933+0000] {standard_task_runner.py:90} INFO - Running: ['***', 'tasks', 'run', 'thongtin_cty_bctc', 'ingest_bctc', 'scheduled__2025-12-28T00:00:00+00:00', '--job-id', '29', '--raw', '--subdir', 'DAGS_FOLDER/tt_cty_bctc.py', '--cfg-path', '/tmp/tmpbexcdn54', '--map-index', '11']
[2025-12-30T01:55:57.935+0000] {standard_task_runner.py:91} INFO - Job 29: Subtask ingest_bctc
[2025-12-30T01:55:58.037+0000] {task_command.py:426} INFO - Running <TaskInstance: thongtin_cty_bctc.ingest_bctc scheduled__2025-12-28T00:00:00+00:00 map_index=11 [running]> on host c6df485552f0
[2025-12-30T01:55:58.243+0000] {taskinstance.py:2648} INFO - Exporting env vars: AIRFLOW_CTX_DAG_OWNER='***' AIRFLOW_CTX_DAG_ID='thongtin_cty_bctc' AIRFLOW_CTX_TASK_ID='ingest_bctc' AIRFLOW_CTX_EXECUTION_DATE='2025-12-28T00:00:00+00:00' AIRFLOW_CTX_TRY_NUMBER='1' AIRFLOW_CTX_DAG_RUN_ID='scheduled__2025-12-28T00:00:00+00:00'
[2025-12-30T01:55:58.245+0000] {taskinstance.py:430} INFO - ::endgroup::
[2025-12-30T01:55:58.253+0000] {logging_mixin.py:188} INFO - Bắt đầu xử lý batch 20 mã: ['TW3', 'TVW', 'TVT', 'TVS', 'TVP', 'TVN', 'TVM', 'TVH', 'TVG', 'TVD', 'TVC', 'TVB', 'TVA', 'TV6', 'TV4', 'TV3', 'TV2', 'TV1', 'TUG', 'TTZ']
[2025-12-30T01:55:58.254+0000] {logging_mixin.py:188} INFO -  >> Đang lấy dữ liệu: TW3
[2025-12-30T01:56:02.996+0000] {logging_mixin.py:188} INFO - ❌ Lỗi khi gọi income_statement: RetryError[<Future at 0x7f428f5a31a0 state=finished raised KeyError>]
[2025-12-30T01:56:08.327+0000] {logging_mixin.py:188} INFO - ❌ Lỗi khi gọi balance_sheet: RetryError[<Future at 0x7f428f447ec0 state=finished raised KeyError>]
[2025-12-30T01:56:12.790+0000] {logging_mixin.py:188} INFO - ❌ Lỗi khi gọi cash_flow: RetryError[<Future at 0x7f428f446b10 state=finished raised KeyError>]
[2025-12-30T01:56:12.791+0000] {logging_mixin.py:188} INFO -  >> Đang lấy dữ liệu: TVW
[2025-12-30T01:56:14.597+0000] {logging_mixin.py:188} INFO -  >> Đang lấy dữ liệu: TVT
[2025-12-30T01:56:16.595+0000] {logging_mixin.py:188} INFO -  >> Đang lấy dữ liệu: TVS
[2025-12-30T01:56:18.476+0000] {logging_mixin.py:188} INFO -  >> Đang lấy dữ liệu: TVP
[2025-12-30T01:56:19.902+0000] {logging_mixin.py:188} INFO -  >> Đang lấy dữ liệu: TVN
[2025-12-30T01:56:21.702+0000] {logging_mixin.py:188} INFO -  >> Đang lấy dữ liệu: TVM
[2025-12-30T01:56:23.296+0000] {logging_mixin.py:188} INFO -  >> Đang lấy dữ liệu: TVH
[2025-12-30T01:56:28.159+0000] {logging_mixin.py:188} INFO - ❌ Lỗi khi gọi income_statement: RetryError[<Future at 0x7f428f334560 state=finished raised KeyError>]
[2025-12-30T01:56:28.199+0000] {logging_mixin.py:188} INFO - 
⚠️ Bạn đã gửi quá nhiều request tới VCI. Vui lòng thử lại sau 32 giây.
[2025-12-30T01:56:28.201+0000] {taskinstance.py:441} INFO - ::group::Post task execution logs
[2025-12-30T01:56:28.204+0000] {taskinstance.py:2907} ERROR - Task failed due to SystemExit(Rate limit exceeded. Bạn đã gửi quá nhiều request tới VCI. Vui lòng thử lại sau 32 giây. Process terminated.)
[2025-12-30T01:56:28.220+0000] {taskinstance.py:1206} INFO - Marking task as UP_FOR_RETRY. dag_id=thongtin_cty_bctc, task_id=ingest_bctc, run_id=scheduled__2025-12-28T00:00:00+00:00, map_index=11, execution_date=20251228T000000, start_date=20251230T015557, end_date=20251230T015628
[2025-12-30T01:56:28.249+0000] {standard_task_runner.py:110} ERROR - Failed to execute job 29 for task ingest_bctc (Task failed due to SystemExit(Rate limit exceeded. Bạn đã gửi quá nhiều request tới VCI. Vui lòng thử lại sau 32 giây. Process terminated.); 431)
[2025-12-30T01:56:28.285+0000] {local_task_job_runner.py:243} INFO - Task exited with return code 1
[2025-12-30T01:56:28.309+0000] {taskinstance.py:3503} INFO - 0 downstream tasks scheduled from follow-on schedule check
[2025-12-30T01:56:28.312+0000] {local_task_job_runner.py:222} INFO - ::endgroup::
