[2025-12-31T14:42:58.336+0000] {local_task_job_runner.py:120} INFO - ::group::Pre task execution logs
[2025-12-31T14:42:58.386+0000] {taskinstance.py:2076} INFO - Dependencies all met for dep_context=non-requeueable deps ti=<TaskInstance: thongtin_cty_bctc.ingest_bctc manual__2025-12-31T14:34:21.190447+00:00 map_index=72 [queued]>
[2025-12-31T14:42:58.421+0000] {taskinstance.py:2076} INFO - Dependencies all met for dep_context=requeueable deps ti=<TaskInstance: thongtin_cty_bctc.ingest_bctc manual__2025-12-31T14:34:21.190447+00:00 map_index=72 [queued]>
[2025-12-31T14:42:58.422+0000] {taskinstance.py:2306} INFO - Starting attempt 1 of 2
[2025-12-31T14:42:58.442+0000] {taskinstance.py:2330} INFO - Executing <Mapped(DfToCsvOperator): ingest_bctc> on 2025-12-31 14:34:21.190447+00:00
[2025-12-31T14:42:58.455+0000] {warnings.py:112} WARNING - This process (pid=6341) is multi-threaded, use of fork() may lead to deadlocks in the child.

[2025-12-31T14:42:58.457+0000] {standard_task_runner.py:64} INFO - Started process 6428 to run task
[2025-12-31T14:42:58.460+0000] {standard_task_runner.py:90} INFO - Running: ['***', 'tasks', 'run', 'thongtin_cty_bctc', 'ingest_bctc', 'manual__2025-12-31T14:34:21.190447+00:00', '--job-id', '518', '--raw', '--subdir', 'DAGS_FOLDER/tt_cty_bctc.py', '--cfg-path', '/tmp/tmpb2nnfenq', '--map-index', '72']
[2025-12-31T14:42:58.461+0000] {standard_task_runner.py:91} INFO - Job 518: Subtask ingest_bctc
[2025-12-31T14:42:58.535+0000] {task_command.py:426} INFO - Running <TaskInstance: thongtin_cty_bctc.ingest_bctc manual__2025-12-31T14:34:21.190447+00:00 map_index=72 [running]> on host 8bc7f11ea9a4
[2025-12-31T14:42:58.687+0000] {taskinstance.py:2648} INFO - Exporting env vars: AIRFLOW_CTX_DAG_OWNER='***' AIRFLOW_CTX_DAG_ID='thongtin_cty_bctc' AIRFLOW_CTX_TASK_ID='ingest_bctc' AIRFLOW_CTX_EXECUTION_DATE='2025-12-31T14:34:21.190447+00:00' AIRFLOW_CTX_TRY_NUMBER='1' AIRFLOW_CTX_DAG_RUN_ID='manual__2025-12-31T14:34:21.190447+00:00'
[2025-12-31T14:42:58.689+0000] {taskinstance.py:430} INFO - ::endgroup::
[2025-12-31T14:42:58.700+0000] {logging_mixin.py:188} INFO - Bắt đầu xử lý batch 20 mã: ['CTD', 'CTC', 'CTB', 'CTA', 'CT6', 'CT5', 'CT3', 'CSV', 'CST', 'CSM', 'CSI', 'CSC', 'CRV', 'CRE', 'CRC', 'CQT', 'CQN', 'CPI', 'CPH', 'CPC']
[2025-12-31T14:42:58.701+0000] {logging_mixin.py:188} INFO -  >> Đang lấy dữ liệu: CTD
[2025-12-31T14:42:58.815+0000] {logging_mixin.py:188} INFO -  Lỗi xử lý mã CTD: Failed to fetch data: 429 - Too Many Requests
[2025-12-31T14:42:58.816+0000] {logging_mixin.py:188} INFO -  >> Đang lấy dữ liệu: CTC
[2025-12-31T14:42:58.927+0000] {logging_mixin.py:188} INFO -  Lỗi xử lý mã CTC: Failed to fetch data: 429 - Too Many Requests
[2025-12-31T14:42:58.929+0000] {logging_mixin.py:188} INFO -  >> Đang lấy dữ liệu: CTB
[2025-12-31T14:42:59.039+0000] {logging_mixin.py:188} INFO -  Lỗi xử lý mã CTB: Failed to fetch data: 429 - Too Many Requests
[2025-12-31T14:42:59.040+0000] {logging_mixin.py:188} INFO -  >> Đang lấy dữ liệu: CTA
[2025-12-31T14:42:59.141+0000] {logging_mixin.py:188} INFO -  Lỗi xử lý mã CTA: Failed to fetch data: 429 - Too Many Requests
[2025-12-31T14:42:59.142+0000] {logging_mixin.py:188} INFO -  >> Đang lấy dữ liệu: CT6
[2025-12-31T14:42:59.244+0000] {logging_mixin.py:188} INFO -  Lỗi xử lý mã CT6: Failed to fetch data: 429 - Too Many Requests
[2025-12-31T14:42:59.244+0000] {logging_mixin.py:188} INFO -  >> Đang lấy dữ liệu: CT5
[2025-12-31T14:42:59.351+0000] {logging_mixin.py:188} INFO -  Lỗi xử lý mã CT5: Failed to fetch data: 429 - Too Many Requests
[2025-12-31T14:42:59.352+0000] {logging_mixin.py:188} INFO -  >> Đang lấy dữ liệu: CT3
[2025-12-31T14:42:59.451+0000] {logging_mixin.py:188} INFO -  Lỗi xử lý mã CT3: Failed to fetch data: 429 - Too Many Requests
[2025-12-31T14:42:59.451+0000] {logging_mixin.py:188} INFO -  >> Đang lấy dữ liệu: CSV
[2025-12-31T14:42:59.563+0000] {logging_mixin.py:188} INFO -  Lỗi xử lý mã CSV: Failed to fetch data: 429 - Too Many Requests
[2025-12-31T14:42:59.567+0000] {logging_mixin.py:188} INFO -  >> Đang lấy dữ liệu: CST
[2025-12-31T14:42:59.672+0000] {logging_mixin.py:188} INFO -  Lỗi xử lý mã CST: Failed to fetch data: 429 - Too Many Requests
[2025-12-31T14:42:59.673+0000] {logging_mixin.py:188} INFO -  >> Đang lấy dữ liệu: CSM
[2025-12-31T14:42:59.776+0000] {logging_mixin.py:188} INFO -  Lỗi xử lý mã CSM: Failed to fetch data: 429 - Too Many Requests
[2025-12-31T14:42:59.777+0000] {logging_mixin.py:188} INFO -  >> Đang lấy dữ liệu: CSI
[2025-12-31T14:42:59.886+0000] {logging_mixin.py:188} INFO -  Lỗi xử lý mã CSI: Failed to fetch data: 429 - Too Many Requests
[2025-12-31T14:42:59.887+0000] {logging_mixin.py:188} INFO -  >> Đang lấy dữ liệu: CSC
[2025-12-31T14:42:59.998+0000] {logging_mixin.py:188} INFO -  Lỗi xử lý mã CSC: Failed to fetch data: 429 - Too Many Requests
[2025-12-31T14:42:59.999+0000] {logging_mixin.py:188} INFO -  >> Đang lấy dữ liệu: CRV
[2025-12-31T14:43:21.174+0000] {logging_mixin.py:188} INFO -  Lỗi xử lý mã CRV: Failed to fetch data: 429 - Too Many Requests
[2025-12-31T14:43:21.177+0000] {logging_mixin.py:188} INFO -  >> Đang lấy dữ liệu: CRE
[2025-12-31T14:43:21.349+0000] {logging_mixin.py:188} INFO -  Lỗi xử lý mã CRE: Failed to fetch data: 429 - Too Many Requests
[2025-12-31T14:43:21.350+0000] {logging_mixin.py:188} INFO -  >> Đang lấy dữ liệu: CRC
[2025-12-31T14:43:21.466+0000] {logging_mixin.py:188} INFO -  Lỗi xử lý mã CRC: Failed to fetch data: 429 - Too Many Requests
[2025-12-31T14:43:21.467+0000] {logging_mixin.py:188} INFO -  >> Đang lấy dữ liệu: CQT
[2025-12-31T14:43:21.634+0000] {logging_mixin.py:188} INFO -  Lỗi xử lý mã CQT: Failed to fetch data: 429 - Too Many Requests
[2025-12-31T14:43:21.638+0000] {logging_mixin.py:188} INFO -  >> Đang lấy dữ liệu: CQN
[2025-12-31T14:43:21.864+0000] {logging_mixin.py:188} INFO -  Lỗi xử lý mã CQN: Failed to fetch data: 429 - Too Many Requests
[2025-12-31T14:43:21.865+0000] {logging_mixin.py:188} INFO -  >> Đang lấy dữ liệu: CPI
[2025-12-31T14:43:22.121+0000] {logging_mixin.py:188} INFO -  Lỗi xử lý mã CPI: Failed to fetch data: 429 - Too Many Requests
[2025-12-31T14:43:22.123+0000] {logging_mixin.py:188} INFO -  >> Đang lấy dữ liệu: CPH
[2025-12-31T14:43:22.426+0000] {logging_mixin.py:188} INFO -  Lỗi xử lý mã CPH: Failed to fetch data: 429 - Too Many Requests
[2025-12-31T14:43:22.427+0000] {logging_mixin.py:188} INFO -  >> Đang lấy dữ liệu: CPC
[2025-12-31T14:43:22.661+0000] {logging_mixin.py:188} INFO -  Lỗi xử lý mã CPC: Failed to fetch data: 429 - Too Many Requests
[2025-12-31T14:43:22.662+0000] {logging_mixin.py:188} INFO -  ⚠ Batch này không thu được dữ liệu nào.
[2025-12-31T14:43:22.666+0000] {datalake_df2csv.py:40} INFO - DataFrame rỗng, bỏ qua upload CSV.
[2025-12-31T14:43:22.667+0000] {taskinstance.py:441} INFO - ::group::Post task execution logs
[2025-12-31T14:43:22.978+0000] {taskinstance.py:1206} INFO - Marking task as SUCCESS. dag_id=thongtin_cty_bctc, task_id=ingest_bctc, run_id=manual__2025-12-31T14:34:21.190447+00:00, map_index=72, execution_date=20251231T143421, start_date=20251231T144258, end_date=20251231T144322
[2025-12-31T14:43:23.077+0000] {local_task_job_runner.py:243} INFO - Task exited with return code 0
[2025-12-31T14:43:23.106+0000] {taskinstance.py:3503} INFO - 0 downstream tasks scheduled from follow-on schedule check
[2025-12-31T14:43:23.114+0000] {local_task_job_runner.py:222} INFO - ::endgroup::
