[2026-01-01T09:10:46.438+0000] {local_task_job_runner.py:120} INFO - ::group::Pre task execution logs
[2026-01-01T09:10:46.503+0000] {taskinstance.py:2076} INFO - Dependencies all met for dep_context=non-requeueable deps ti=<TaskInstance: thongtin_cty_bctc.ingest_overview scheduled__2025-12-30T00:00:00+00:00 map_index=127 [queued]>
[2026-01-01T09:10:46.548+0000] {taskinstance.py:2076} INFO - Dependencies all met for dep_context=requeueable deps ti=<TaskInstance: thongtin_cty_bctc.ingest_overview scheduled__2025-12-30T00:00:00+00:00 map_index=127 [queued]>
[2026-01-01T09:10:46.548+0000] {taskinstance.py:2306} INFO - Starting attempt 1 of 2
[2026-01-01T09:10:46.570+0000] {taskinstance.py:2330} INFO - Executing <Mapped(DfToCsvOperator): ingest_overview> on 2025-12-30 00:00:00+00:00
[2026-01-01T09:10:46.584+0000] {warnings.py:112} WARNING - This process (pid=13264) is multi-threaded, use of fork() may lead to deadlocks in the child.

[2026-01-01T09:10:46.586+0000] {standard_task_runner.py:64} INFO - Started process 13316 to run task
[2026-01-01T09:10:46.589+0000] {standard_task_runner.py:90} INFO - Running: ['***', 'tasks', 'run', 'thongtin_cty_bctc', 'ingest_overview', 'scheduled__2025-12-30T00:00:00+00:00', '--job-id', '4808', '--raw', '--subdir', 'DAGS_FOLDER/tt_cty_bctc.py', '--cfg-path', '/tmp/tmpjbww3li7', '--map-index', '127']
[2026-01-01T09:10:46.591+0000] {standard_task_runner.py:91} INFO - Job 4808: Subtask ingest_overview
[2026-01-01T09:10:46.670+0000] {task_command.py:426} INFO - Running <TaskInstance: thongtin_cty_bctc.ingest_overview scheduled__2025-12-30T00:00:00+00:00 map_index=127 [running]> on host b455963a0603
[2026-01-01T09:10:47.129+0000] {taskinstance.py:2648} INFO - Exporting env vars: AIRFLOW_CTX_DAG_OWNER='***' AIRFLOW_CTX_DAG_ID='thongtin_cty_bctc' AIRFLOW_CTX_TASK_ID='ingest_overview' AIRFLOW_CTX_EXECUTION_DATE='2025-12-30T00:00:00+00:00' AIRFLOW_CTX_TRY_NUMBER='1' AIRFLOW_CTX_DAG_RUN_ID='scheduled__2025-12-30T00:00:00+00:00'
[2026-01-01T09:10:47.131+0000] {taskinstance.py:430} INFO - ::endgroup::
[2026-01-01T09:10:47.335+0000] {warnings.py:112} WARNING - DataFrame.applymap has been deprecated. Use DataFrame.map instead.

[2026-01-01T09:10:52.655+0000] {logging_mixin.py:188} INFO - Err overview TAC: RetryError[<Future at 0x7f2684412720 state=finished raised AttributeError>]
[2026-01-01T09:10:53.924+0000] {warnings.py:112} WARNING - DataFrame.applymap has been deprecated. Use DataFrame.map instead.

[2026-01-01T09:10:54.961+0000] {base.py:84} INFO - Using connection ID 'minio_finance' for task execution.
[2026-01-01T09:10:54.962+0000] {connection_wrapper.py:384} INFO - AWS Connection (conn_id='minio_finance', conn_type='aws') credentials retrieved from login and password.
[2026-01-01T09:10:55.600+0000] {datalake_df2csv.py:53} INFO - ✅ Đã upload 2 dòng -> s3://thongtin-congty-va-bctc/overview/2025-12-30/batch_127.csv
[2026-01-01T09:10:55.602+0000] {taskinstance.py:441} INFO - ::group::Post task execution logs
[2026-01-01T09:10:55.623+0000] {taskinstance.py:1206} INFO - Marking task as SUCCESS. dag_id=thongtin_cty_bctc, task_id=ingest_overview, run_id=scheduled__2025-12-30T00:00:00+00:00, map_index=127, execution_date=20251230T000000, start_date=20260101T091046, end_date=20260101T091055
[2026-01-01T09:10:55.707+0000] {local_task_job_runner.py:243} INFO - Task exited with return code 0
[2026-01-01T09:10:55.724+0000] {local_task_job_runner.py:222} INFO - ::endgroup::
