[2026-01-11T03:06:50.396+0000] {local_task_job_runner.py:120} INFO - ::group::Pre task execution logs
[2026-01-11T03:06:50.444+0000] {taskinstance.py:2076} INFO - Dependencies all met for dep_context=non-requeueable deps ti=<TaskInstance: thongtin_cty_bctc.ingest_bctc scheduled__2026-01-04T00:00:00+00:00 map_index=86 [queued]>
[2026-01-11T03:06:50.475+0000] {taskinstance.py:2076} INFO - Dependencies all met for dep_context=requeueable deps ti=<TaskInstance: thongtin_cty_bctc.ingest_bctc scheduled__2026-01-04T00:00:00+00:00 map_index=86 [queued]>
[2026-01-11T03:06:50.476+0000] {taskinstance.py:2306} INFO - Starting attempt 1 of 2
[2026-01-11T03:06:50.501+0000] {taskinstance.py:2330} INFO - Executing <Mapped(DfToCsvOperator): ingest_bctc> on 2026-01-04 00:00:00+00:00
[2026-01-11T03:06:50.516+0000] {warnings.py:112} WARNING - This process (pid=1221) is multi-threaded, use of fork() may lead to deadlocks in the child.

[2026-01-11T03:06:50.519+0000] {standard_task_runner.py:64} INFO - Started process 1308 to run task
[2026-01-11T03:06:50.525+0000] {standard_task_runner.py:90} INFO - Running: ['***', 'tasks', 'run', 'thongtin_cty_bctc', 'ingest_bctc', 'scheduled__2026-01-04T00:00:00+00:00', '--job-id', '9733', '--raw', '--subdir', 'DAGS_FOLDER/tt_cty_bctc.py', '--cfg-path', '/tmp/tmp2ab25si_', '--map-index', '86']
[2026-01-11T03:06:50.527+0000] {standard_task_runner.py:91} INFO - Job 9733: Subtask ingest_bctc
[2026-01-11T03:06:50.603+0000] {task_command.py:426} INFO - Running <TaskInstance: thongtin_cty_bctc.ingest_bctc scheduled__2026-01-04T00:00:00+00:00 map_index=86 [running]> on host 3f2af93df813
[2026-01-11T03:06:50.744+0000] {taskinstance.py:2648} INFO - Exporting env vars: AIRFLOW_CTX_DAG_OWNER='***' AIRFLOW_CTX_DAG_ID='thongtin_cty_bctc' AIRFLOW_CTX_TASK_ID='ingest_bctc' AIRFLOW_CTX_EXECUTION_DATE='2026-01-04T00:00:00+00:00' AIRFLOW_CTX_TRY_NUMBER='1' AIRFLOW_CTX_DAG_RUN_ID='scheduled__2026-01-04T00:00:00+00:00'
[2026-01-11T03:06:50.746+0000] {taskinstance.py:430} INFO - ::endgroup::
[2026-01-11T03:06:50.756+0000] {logging_mixin.py:188} INFO - Bắt đầu xử lý batch 11 mã: ['ABR', 'ABI', 'ABC', 'ABB', 'AAV', 'AAT', 'AAS', 'AAM', 'AAH', 'AAA', 'A32']
[2026-01-11T03:06:50.757+0000] {logging_mixin.py:188} INFO -  >> Đang lấy dữ liệu: ABR
[2026-01-11T03:06:51.215+0000] {logging_mixin.py:188} INFO -  Lỗi xử lý mã ABR: Failed to fetch data: 429 - Too Many Requests
[2026-01-11T03:06:51.217+0000] {logging_mixin.py:188} INFO -  >> Đang lấy dữ liệu: ABI
[2026-01-11T03:06:51.742+0000] {logging_mixin.py:188} INFO -  Lỗi xử lý mã ABI: Failed to fetch data: 429 - Too Many Requests
[2026-01-11T03:06:51.744+0000] {logging_mixin.py:188} INFO -  >> Đang lấy dữ liệu: ABC
[2026-01-11T03:06:51.904+0000] {logging_mixin.py:188} INFO -  Lỗi xử lý mã ABC: Failed to fetch data: 429 - Too Many Requests
[2026-01-11T03:06:51.905+0000] {logging_mixin.py:188} INFO -  >> Đang lấy dữ liệu: ABB
[2026-01-11T03:06:52.335+0000] {logging_mixin.py:188} INFO -  Lỗi xử lý mã ABB: Failed to fetch data: 429 - Too Many Requests
[2026-01-11T03:06:52.336+0000] {logging_mixin.py:188} INFO -  >> Đang lấy dữ liệu: AAV
[2026-01-11T03:06:52.826+0000] {logging_mixin.py:188} INFO -  Lỗi xử lý mã AAV: Failed to fetch data: 429 - Too Many Requests
[2026-01-11T03:06:52.827+0000] {logging_mixin.py:188} INFO -  >> Đang lấy dữ liệu: AAT
[2026-01-11T03:06:52.950+0000] {logging_mixin.py:188} INFO -  Lỗi xử lý mã AAT: Failed to fetch data: 429 - Too Many Requests
[2026-01-11T03:06:52.952+0000] {logging_mixin.py:188} INFO -  >> Đang lấy dữ liệu: AAS
[2026-01-11T03:06:53.288+0000] {logging_mixin.py:188} INFO -  Lỗi xử lý mã AAS: Failed to fetch data: 429 - Too Many Requests
[2026-01-11T03:06:53.289+0000] {logging_mixin.py:188} INFO -  >> Đang lấy dữ liệu: AAM
[2026-01-11T03:06:53.594+0000] {logging_mixin.py:188} INFO -  Lỗi xử lý mã AAM: Failed to fetch data: 429 - Too Many Requests
[2026-01-11T03:06:53.595+0000] {logging_mixin.py:188} INFO -  >> Đang lấy dữ liệu: AAH
[2026-01-11T03:06:53.744+0000] {logging_mixin.py:188} INFO -  Lỗi xử lý mã AAH: Failed to fetch data: 429 - Too Many Requests
[2026-01-11T03:06:53.745+0000] {logging_mixin.py:188} INFO -  >> Đang lấy dữ liệu: AAA
[2026-01-11T03:06:54.001+0000] {logging_mixin.py:188} INFO -  Lỗi xử lý mã AAA: Failed to fetch data: 429 - Too Many Requests
[2026-01-11T03:06:54.002+0000] {logging_mixin.py:188} INFO -  >> Đang lấy dữ liệu: A32
[2026-01-11T03:06:54.221+0000] {logging_mixin.py:188} INFO -  Lỗi xử lý mã A32: Failed to fetch data: 429 - Too Many Requests
[2026-01-11T03:06:54.222+0000] {logging_mixin.py:188} INFO -  ⚠ Batch này không thu được dữ liệu nào.
[2026-01-11T03:06:54.227+0000] {datalake_df2csv.py:40} INFO - DataFrame rỗng, bỏ qua upload CSV.
[2026-01-11T03:06:54.228+0000] {taskinstance.py:441} INFO - ::group::Post task execution logs
[2026-01-11T03:06:54.547+0000] {taskinstance.py:1206} INFO - Marking task as SUCCESS. dag_id=thongtin_cty_bctc, task_id=ingest_bctc, run_id=scheduled__2026-01-04T00:00:00+00:00, map_index=86, execution_date=20260104T000000, start_date=20260111T030650, end_date=20260111T030654
[2026-01-11T03:06:54.594+0000] {local_task_job_runner.py:243} INFO - Task exited with return code 0
[2026-01-11T03:06:54.614+0000] {taskinstance.py:3503} INFO - 0 downstream tasks scheduled from follow-on schedule check
[2026-01-11T03:06:54.618+0000] {local_task_job_runner.py:222} INFO - ::endgroup::
