[2025-12-31T14:41:11.127+0000] {local_task_job_runner.py:120} INFO - ::group::Pre task execution logs
[2025-12-31T14:41:11.169+0000] {taskinstance.py:2076} INFO - Dependencies all met for dep_context=non-requeueable deps ti=<TaskInstance: thongtin_cty_bctc.ingest_bctc manual__2025-12-31T14:34:21.190447+00:00 map_index=38 [queued]>
[2025-12-31T14:41:11.199+0000] {taskinstance.py:2076} INFO - Dependencies all met for dep_context=requeueable deps ti=<TaskInstance: thongtin_cty_bctc.ingest_bctc manual__2025-12-31T14:34:21.190447+00:00 map_index=38 [queued]>
[2025-12-31T14:41:11.201+0000] {taskinstance.py:2306} INFO - Starting attempt 1 of 2
[2025-12-31T14:41:11.229+0000] {taskinstance.py:2330} INFO - Executing <Mapped(DfToCsvOperator): ingest_bctc> on 2025-12-31 14:34:21.190447+00:00
[2025-12-31T14:41:11.245+0000] {warnings.py:112} WARNING - This process (pid=5159) is multi-threaded, use of fork() may lead to deadlocks in the child.

[2025-12-31T14:41:11.247+0000] {standard_task_runner.py:64} INFO - Started process 5247 to run task
[2025-12-31T14:41:11.251+0000] {standard_task_runner.py:90} INFO - Running: ['***', 'tasks', 'run', 'thongtin_cty_bctc', 'ingest_bctc', 'manual__2025-12-31T14:34:21.190447+00:00', '--job-id', '414', '--raw', '--subdir', 'DAGS_FOLDER/tt_cty_bctc.py', '--cfg-path', '/tmp/tmp85cgcc0q', '--map-index', '38']
[2025-12-31T14:41:11.253+0000] {standard_task_runner.py:91} INFO - Job 414: Subtask ingest_bctc
[2025-12-31T14:41:11.331+0000] {task_command.py:426} INFO - Running <TaskInstance: thongtin_cty_bctc.ingest_bctc manual__2025-12-31T14:34:21.190447+00:00 map_index=38 [running]> on host 8bc7f11ea9a4
[2025-12-31T14:41:11.512+0000] {taskinstance.py:2648} INFO - Exporting env vars: AIRFLOW_CTX_DAG_OWNER='***' AIRFLOW_CTX_DAG_ID='thongtin_cty_bctc' AIRFLOW_CTX_TASK_ID='ingest_bctc' AIRFLOW_CTX_EXECUTION_DATE='2025-12-31T14:34:21.190447+00:00' AIRFLOW_CTX_TRY_NUMBER='1' AIRFLOW_CTX_DAG_RUN_ID='manual__2025-12-31T14:34:21.190447+00:00'
[2025-12-31T14:41:11.515+0000] {taskinstance.py:430} INFO - ::endgroup::
[2025-12-31T14:41:11.529+0000] {logging_mixin.py:188} INFO - Bắt đầu xử lý batch 20 mã: ['NTL', 'NTH', 'NTF', 'NTC', 'NTB', 'NT2', 'NST', 'NSS', 'NSL', 'NSH', 'NSG', 'NSC', 'NS3', 'NS2', 'NRC', 'NQT', 'NQN', 'NQB', 'NOS', 'NO1']
[2025-12-31T14:41:11.530+0000] {logging_mixin.py:188} INFO -  >> Đang lấy dữ liệu: NTL
[2025-12-31T14:41:11.712+0000] {logging_mixin.py:188} INFO -  Lỗi xử lý mã NTL: Failed to fetch data: 429 - Too Many Requests
[2025-12-31T14:41:11.713+0000] {logging_mixin.py:188} INFO -  >> Đang lấy dữ liệu: NTH
[2025-12-31T14:41:11.899+0000] {logging_mixin.py:188} INFO -  Lỗi xử lý mã NTH: Failed to fetch data: 429 - Too Many Requests
[2025-12-31T14:41:11.900+0000] {logging_mixin.py:188} INFO -  >> Đang lấy dữ liệu: NTF
[2025-12-31T14:41:12.149+0000] {logging_mixin.py:188} INFO -  Lỗi xử lý mã NTF: Failed to fetch data: 429 - Too Many Requests
[2025-12-31T14:41:12.150+0000] {logging_mixin.py:188} INFO -  >> Đang lấy dữ liệu: NTC
[2025-12-31T14:41:12.370+0000] {logging_mixin.py:188} INFO -  Lỗi xử lý mã NTC: Failed to fetch data: 429 - Too Many Requests
[2025-12-31T14:41:12.371+0000] {logging_mixin.py:188} INFO -  >> Đang lấy dữ liệu: NTB
[2025-12-31T14:41:12.502+0000] {logging_mixin.py:188} INFO -  Lỗi xử lý mã NTB: Failed to fetch data: 429 - Too Many Requests
[2025-12-31T14:41:12.503+0000] {logging_mixin.py:188} INFO -  >> Đang lấy dữ liệu: NT2
[2025-12-31T14:41:12.643+0000] {logging_mixin.py:188} INFO -  Lỗi xử lý mã NT2: Failed to fetch data: 429 - Too Many Requests
[2025-12-31T14:41:12.644+0000] {logging_mixin.py:188} INFO -  >> Đang lấy dữ liệu: NST
[2025-12-31T14:41:12.766+0000] {logging_mixin.py:188} INFO -  Lỗi xử lý mã NST: Failed to fetch data: 429 - Too Many Requests
[2025-12-31T14:41:12.767+0000] {logging_mixin.py:188} INFO -  >> Đang lấy dữ liệu: NSS
[2025-12-31T14:41:12.887+0000] {logging_mixin.py:188} INFO -  Lỗi xử lý mã NSS: Failed to fetch data: 429 - Too Many Requests
[2025-12-31T14:41:12.888+0000] {logging_mixin.py:188} INFO -  >> Đang lấy dữ liệu: NSL
[2025-12-31T14:41:13.036+0000] {logging_mixin.py:188} INFO -  Lỗi xử lý mã NSL: Failed to fetch data: 429 - Too Many Requests
[2025-12-31T14:41:13.037+0000] {logging_mixin.py:188} INFO -  >> Đang lấy dữ liệu: NSH
[2025-12-31T14:41:13.200+0000] {logging_mixin.py:188} INFO -  Lỗi xử lý mã NSH: Failed to fetch data: 429 - Too Many Requests
[2025-12-31T14:41:13.201+0000] {logging_mixin.py:188} INFO -  >> Đang lấy dữ liệu: NSG
[2025-12-31T14:41:13.339+0000] {logging_mixin.py:188} INFO -  Lỗi xử lý mã NSG: Failed to fetch data: 429 - Too Many Requests
[2025-12-31T14:41:13.340+0000] {logging_mixin.py:188} INFO -  >> Đang lấy dữ liệu: NSC
[2025-12-31T14:41:13.460+0000] {logging_mixin.py:188} INFO -  Lỗi xử lý mã NSC: Failed to fetch data: 429 - Too Many Requests
[2025-12-31T14:41:13.461+0000] {logging_mixin.py:188} INFO -  >> Đang lấy dữ liệu: NS3
[2025-12-31T14:41:13.609+0000] {logging_mixin.py:188} INFO -  Lỗi xử lý mã NS3: Failed to fetch data: 429 - Too Many Requests
[2025-12-31T14:41:13.610+0000] {logging_mixin.py:188} INFO -  >> Đang lấy dữ liệu: NS2
[2025-12-31T14:41:13.769+0000] {logging_mixin.py:188} INFO -  Lỗi xử lý mã NS2: Failed to fetch data: 429 - Too Many Requests
[2025-12-31T14:41:13.770+0000] {logging_mixin.py:188} INFO -  >> Đang lấy dữ liệu: NRC
[2025-12-31T14:41:13.925+0000] {logging_mixin.py:188} INFO -  Lỗi xử lý mã NRC: Failed to fetch data: 429 - Too Many Requests
[2025-12-31T14:41:13.927+0000] {logging_mixin.py:188} INFO -  >> Đang lấy dữ liệu: NQT
[2025-12-31T14:41:14.080+0000] {logging_mixin.py:188} INFO -  Lỗi xử lý mã NQT: Failed to fetch data: 429 - Too Many Requests
[2025-12-31T14:41:14.081+0000] {logging_mixin.py:188} INFO -  >> Đang lấy dữ liệu: NQN
[2025-12-31T14:41:14.211+0000] {logging_mixin.py:188} INFO -  Lỗi xử lý mã NQN: Failed to fetch data: 429 - Too Many Requests
[2025-12-31T14:41:14.212+0000] {logging_mixin.py:188} INFO -  >> Đang lấy dữ liệu: NQB
[2025-12-31T14:41:14.384+0000] {logging_mixin.py:188} INFO -  Lỗi xử lý mã NQB: Failed to fetch data: 429 - Too Many Requests
[2025-12-31T14:41:14.385+0000] {logging_mixin.py:188} INFO -  >> Đang lấy dữ liệu: NOS
[2025-12-31T14:41:14.532+0000] {logging_mixin.py:188} INFO -  Lỗi xử lý mã NOS: Failed to fetch data: 429 - Too Many Requests
[2025-12-31T14:41:14.533+0000] {logging_mixin.py:188} INFO -  >> Đang lấy dữ liệu: NO1
[2025-12-31T14:41:14.671+0000] {logging_mixin.py:188} INFO -  Lỗi xử lý mã NO1: Failed to fetch data: 429 - Too Many Requests
[2025-12-31T14:41:14.672+0000] {logging_mixin.py:188} INFO -  ⚠ Batch này không thu được dữ liệu nào.
[2025-12-31T14:41:14.675+0000] {datalake_df2csv.py:40} INFO - DataFrame rỗng, bỏ qua upload CSV.
[2025-12-31T14:41:14.676+0000] {taskinstance.py:441} INFO - ::group::Post task execution logs
[2025-12-31T14:41:14.686+0000] {taskinstance.py:1206} INFO - Marking task as SUCCESS. dag_id=thongtin_cty_bctc, task_id=ingest_bctc, run_id=manual__2025-12-31T14:34:21.190447+00:00, map_index=38, execution_date=20251231T143421, start_date=20251231T144111, end_date=20251231T144114
[2025-12-31T14:41:14.715+0000] {local_task_job_runner.py:243} INFO - Task exited with return code 0
[2025-12-31T14:41:14.731+0000] {taskinstance.py:3503} INFO - 0 downstream tasks scheduled from follow-on schedule check
[2025-12-31T14:41:14.734+0000] {local_task_job_runner.py:222} INFO - ::endgroup::
