[2026-01-01T02:12:49.376+0000] {local_task_job_runner.py:120} INFO - ::group::Pre task execution logs
[2026-01-01T02:12:49.514+0000] {taskinstance.py:2076} INFO - Dependencies all met for dep_context=non-requeueable deps ti=<TaskInstance: thongtin_cty_bctc.ingest_bctc scheduled__2025-12-31T00:00:00+00:00 map_index=115 [queued]>
[2026-01-01T02:12:49.604+0000] {taskinstance.py:2076} INFO - Dependencies all met for dep_context=requeueable deps ti=<TaskInstance: thongtin_cty_bctc.ingest_bctc scheduled__2025-12-31T00:00:00+00:00 map_index=115 [queued]>
[2026-01-01T02:12:49.605+0000] {taskinstance.py:2306} INFO - Starting attempt 1 of 2
[2026-01-01T02:12:49.999+0000] {taskinstance.py:2330} INFO - Executing <Mapped(DfToCsvOperator): ingest_bctc> on 2025-12-31 00:00:00+00:00
[2026-01-01T02:12:50.021+0000] {warnings.py:112} WARNING - This process (pid=3877) is multi-threaded, use of fork() may lead to deadlocks in the child.

[2026-01-01T02:12:50.033+0000] {standard_task_runner.py:64} INFO - Started process 4003 to run task
[2026-01-01T02:12:50.029+0000] {standard_task_runner.py:90} INFO - Running: ['***', 'tasks', 'run', 'thongtin_cty_bctc', 'ingest_bctc', 'scheduled__2025-12-31T00:00:00+00:00', '--job-id', '914', '--raw', '--subdir', 'DAGS_FOLDER/tt_cty_bctc.py', '--cfg-path', '/tmp/tmpy0gnrd04', '--map-index', '115']
[2026-01-01T02:12:50.036+0000] {standard_task_runner.py:91} INFO - Job 914: Subtask ingest_bctc
[2026-01-01T02:12:50.133+0000] {task_command.py:426} INFO - Running <TaskInstance: thongtin_cty_bctc.ingest_bctc scheduled__2025-12-31T00:00:00+00:00 map_index=115 [running]> on host 43b0a0f7606b
[2026-01-01T02:12:50.777+0000] {taskinstance.py:2648} INFO - Exporting env vars: AIRFLOW_CTX_DAG_OWNER='***' AIRFLOW_CTX_DAG_ID='thongtin_cty_bctc' AIRFLOW_CTX_TASK_ID='ingest_bctc' AIRFLOW_CTX_EXECUTION_DATE='2025-12-31T00:00:00+00:00' AIRFLOW_CTX_TRY_NUMBER='1' AIRFLOW_CTX_DAG_RUN_ID='scheduled__2025-12-31T00:00:00+00:00'
[2026-01-01T02:12:50.783+0000] {taskinstance.py:430} INFO - ::endgroup::
[2026-01-01T02:12:50.793+0000] {logging_mixin.py:188} INFO - Bắt đầu xử lý batch 5 mã: ['QTC', 'QST', 'QSP', 'QPH', 'QNW']
[2026-01-01T02:12:50.794+0000] {logging_mixin.py:188} INFO -  >> Đang lấy dữ liệu: QTC
[2026-01-01T02:12:51.171+0000] {logging_mixin.py:188} INFO -  Lỗi xử lý mã QTC: Failed to fetch data: 429 - Too Many Requests
[2026-01-01T02:12:51.172+0000] {logging_mixin.py:188} INFO -  >> Đang lấy dữ liệu: QST
[2026-01-01T02:12:51.310+0000] {logging_mixin.py:188} INFO -  Lỗi xử lý mã QST: Failed to fetch data: 429 - Too Many Requests
[2026-01-01T02:12:51.311+0000] {logging_mixin.py:188} INFO -  >> Đang lấy dữ liệu: QSP
[2026-01-01T02:12:51.439+0000] {logging_mixin.py:188} INFO -  Lỗi xử lý mã QSP: Failed to fetch data: 429 - Too Many Requests
[2026-01-01T02:12:51.442+0000] {logging_mixin.py:188} INFO -  >> Đang lấy dữ liệu: QPH
[2026-01-01T02:12:51.614+0000] {logging_mixin.py:188} INFO -  Lỗi xử lý mã QPH: Failed to fetch data: 429 - Too Many Requests
[2026-01-01T02:12:51.616+0000] {logging_mixin.py:188} INFO -  >> Đang lấy dữ liệu: QNW
[2026-01-01T02:12:51.751+0000] {logging_mixin.py:188} INFO -  Lỗi xử lý mã QNW: Failed to fetch data: 429 - Too Many Requests
[2026-01-01T02:12:51.752+0000] {logging_mixin.py:188} INFO -  ⚠ Batch này không thu được dữ liệu nào.
[2026-01-01T02:12:51.757+0000] {datalake_df2csv.py:40} INFO - DataFrame rỗng, bỏ qua upload CSV.
[2026-01-01T02:12:51.758+0000] {taskinstance.py:441} INFO - ::group::Post task execution logs
[2026-01-01T02:12:51.775+0000] {taskinstance.py:1206} INFO - Marking task as SUCCESS. dag_id=thongtin_cty_bctc, task_id=ingest_bctc, run_id=scheduled__2025-12-31T00:00:00+00:00, map_index=115, execution_date=20251231T000000, start_date=20260101T021249, end_date=20260101T021251
[2026-01-01T02:12:51.866+0000] {local_task_job_runner.py:243} INFO - Task exited with return code 0
[2026-01-01T02:12:51.882+0000] {local_task_job_runner.py:222} INFO - ::endgroup::
