[2026-01-01T02:10:19.891+0000] {local_task_job_runner.py:120} INFO - ::group::Pre task execution logs
[2026-01-01T02:10:19.935+0000] {taskinstance.py:2076} INFO - Dependencies all met for dep_context=non-requeueable deps ti=<TaskInstance: thongtin_cty_bctc.ingest_bctc scheduled__2025-12-31T00:00:00+00:00 map_index=24 [queued]>
[2026-01-01T02:10:19.954+0000] {taskinstance.py:2076} INFO - Dependencies all met for dep_context=requeueable deps ti=<TaskInstance: thongtin_cty_bctc.ingest_bctc scheduled__2025-12-31T00:00:00+00:00 map_index=24 [queued]>
[2026-01-01T02:10:19.959+0000] {taskinstance.py:2306} INFO - Starting attempt 1 of 2
[2026-01-01T02:10:19.997+0000] {taskinstance.py:2330} INFO - Executing <Mapped(DfToCsvOperator): ingest_bctc> on 2025-12-31 00:00:00+00:00
[2026-01-01T02:10:20.026+0000] {warnings.py:112} WARNING - This process (pid=880) is multi-threaded, use of fork() may lead to deadlocks in the child.

[2026-01-01T02:10:20.031+0000] {standard_task_runner.py:64} INFO - Started process 951 to run task
[2026-01-01T02:10:20.037+0000] {standard_task_runner.py:90} INFO - Running: ['***', 'tasks', 'run', 'thongtin_cty_bctc', 'ingest_bctc', 'scheduled__2025-12-31T00:00:00+00:00', '--job-id', '641', '--raw', '--subdir', 'DAGS_FOLDER/tt_cty_bctc.py', '--cfg-path', '/tmp/tmp2gxg2d6_', '--map-index', '24']
[2026-01-01T02:10:20.057+0000] {standard_task_runner.py:91} INFO - Job 641: Subtask ingest_bctc
[2026-01-01T02:10:20.149+0000] {task_command.py:426} INFO - Running <TaskInstance: thongtin_cty_bctc.ingest_bctc scheduled__2025-12-31T00:00:00+00:00 map_index=24 [running]> on host 43b0a0f7606b
[2026-01-01T02:10:20.369+0000] {taskinstance.py:2648} INFO - Exporting env vars: AIRFLOW_CTX_DAG_OWNER='***' AIRFLOW_CTX_DAG_ID='thongtin_cty_bctc' AIRFLOW_CTX_TASK_ID='ingest_bctc' AIRFLOW_CTX_EXECUTION_DATE='2025-12-31T00:00:00+00:00' AIRFLOW_CTX_TRY_NUMBER='1' AIRFLOW_CTX_DAG_RUN_ID='scheduled__2025-12-31T00:00:00+00:00'
[2026-01-01T02:10:20.375+0000] {taskinstance.py:430} INFO - ::endgroup::
[2026-01-01T02:10:20.386+0000] {logging_mixin.py:188} INFO - Bắt đầu xử lý batch 5 mã: ['VIN', 'VIM', 'VIH', 'VIG', 'VIF']
[2026-01-01T02:10:20.387+0000] {logging_mixin.py:188} INFO -  >> Đang lấy dữ liệu: VIN
[2026-01-01T02:10:20.543+0000] {logging_mixin.py:188} INFO -  Lỗi xử lý mã VIN: Failed to fetch data: 429 - Too Many Requests
[2026-01-01T02:10:20.548+0000] {logging_mixin.py:188} INFO -  >> Đang lấy dữ liệu: VIM
[2026-01-01T02:10:20.686+0000] {logging_mixin.py:188} INFO -  Lỗi xử lý mã VIM: Failed to fetch data: 429 - Too Many Requests
[2026-01-01T02:10:20.687+0000] {logging_mixin.py:188} INFO -  >> Đang lấy dữ liệu: VIH
[2026-01-01T02:10:20.880+0000] {logging_mixin.py:188} INFO -  Lỗi xử lý mã VIH: Failed to fetch data: 429 - Too Many Requests
[2026-01-01T02:10:20.881+0000] {logging_mixin.py:188} INFO -  >> Đang lấy dữ liệu: VIG
[2026-01-01T02:10:21.015+0000] {logging_mixin.py:188} INFO -  Lỗi xử lý mã VIG: Failed to fetch data: 429 - Too Many Requests
[2026-01-01T02:10:21.016+0000] {logging_mixin.py:188} INFO -  >> Đang lấy dữ liệu: VIF
[2026-01-01T02:10:21.122+0000] {logging_mixin.py:188} INFO -  Lỗi xử lý mã VIF: Failed to fetch data: 429 - Too Many Requests
[2026-01-01T02:10:21.123+0000] {logging_mixin.py:188} INFO -  ⚠ Batch này không thu được dữ liệu nào.
[2026-01-01T02:10:21.128+0000] {datalake_df2csv.py:40} INFO - DataFrame rỗng, bỏ qua upload CSV.
[2026-01-01T02:10:21.129+0000] {taskinstance.py:441} INFO - ::group::Post task execution logs
[2026-01-01T02:10:21.143+0000] {taskinstance.py:1206} INFO - Marking task as SUCCESS. dag_id=thongtin_cty_bctc, task_id=ingest_bctc, run_id=scheduled__2025-12-31T00:00:00+00:00, map_index=24, execution_date=20251231T000000, start_date=20260101T021019, end_date=20260101T021021
[2026-01-01T02:10:21.252+0000] {local_task_job_runner.py:243} INFO - Task exited with return code 0
[2026-01-01T02:10:21.264+0000] {local_task_job_runner.py:222} INFO - ::endgroup::
