[2026-01-01T09:14:50.899+0000] {local_task_job_runner.py:120} INFO - ::group::Pre task execution logs
[2026-01-01T09:14:50.953+0000] {taskinstance.py:2076} INFO - Dependencies all met for dep_context=non-requeueable deps ti=<TaskInstance: thongtin_cty_bctc.ingest_people scheduled__2025-12-30T00:00:00+00:00 map_index=200 [queued]>
[2026-01-01T09:14:51.216+0000] {taskinstance.py:2076} INFO - Dependencies all met for dep_context=requeueable deps ti=<TaskInstance: thongtin_cty_bctc.ingest_people scheduled__2025-12-30T00:00:00+00:00 map_index=200 [queued]>
[2026-01-01T09:14:51.217+0000] {taskinstance.py:2306} INFO - Starting attempt 1 of 2
[2026-01-01T09:14:51.234+0000] {taskinstance.py:2330} INFO - Executing <Mapped(DfToCsvOperator): ingest_people> on 2025-12-30 00:00:00+00:00
[2026-01-01T09:14:51.247+0000] {warnings.py:112} WARNING - This process (pid=16206) is multi-threaded, use of fork() may lead to deadlocks in the child.

[2026-01-01T09:14:51.249+0000] {standard_task_runner.py:64} INFO - Started process 16237 to run task
[2026-01-01T09:14:51.251+0000] {standard_task_runner.py:90} INFO - Running: ['***', 'tasks', 'run', 'thongtin_cty_bctc', 'ingest_people', 'scheduled__2025-12-30T00:00:00+00:00', '--job-id', '5028', '--raw', '--subdir', 'DAGS_FOLDER/tt_cty_bctc.py', '--cfg-path', '/tmp/tmpcz4etdvs', '--map-index', '200']
[2026-01-01T09:14:51.253+0000] {standard_task_runner.py:91} INFO - Job 5028: Subtask ingest_people
[2026-01-01T09:14:51.314+0000] {task_command.py:426} INFO - Running <TaskInstance: thongtin_cty_bctc.ingest_people scheduled__2025-12-30T00:00:00+00:00 map_index=200 [running]> on host b455963a0603
[2026-01-01T09:14:51.448+0000] {taskinstance.py:2648} INFO - Exporting env vars: AIRFLOW_CTX_DAG_OWNER='***' AIRFLOW_CTX_DAG_ID='thongtin_cty_bctc' AIRFLOW_CTX_TASK_ID='ingest_people' AIRFLOW_CTX_EXECUTION_DATE='2025-12-30T00:00:00+00:00' AIRFLOW_CTX_TRY_NUMBER='1' AIRFLOW_CTX_DAG_RUN_ID='scheduled__2025-12-30T00:00:00+00:00'
[2026-01-01T09:14:51.449+0000] {taskinstance.py:430} INFO - ::endgroup::
[2026-01-01T09:14:55.066+0000] {base.py:84} INFO - Using connection ID 'minio_finance' for task execution.
[2026-01-01T09:14:55.067+0000] {connection_wrapper.py:384} INFO - AWS Connection (conn_id='minio_finance', conn_type='aws') credentials retrieved from login and password.
[2026-01-01T09:14:55.694+0000] {datalake_df2csv.py:53} INFO - ✅ Đã upload 56 dòng -> s3://thongtin-congty-va-bctc/people/2025-12-30/batch_200.csv
[2026-01-01T09:14:55.696+0000] {taskinstance.py:441} INFO - ::group::Post task execution logs
[2026-01-01T09:14:55.735+0000] {taskinstance.py:1206} INFO - Marking task as SUCCESS. dag_id=thongtin_cty_bctc, task_id=ingest_people, run_id=scheduled__2025-12-30T00:00:00+00:00, map_index=200, execution_date=20251230T000000, start_date=20260101T091450, end_date=20260101T091455
[2026-01-01T09:14:59.174+0000] {local_task_job_runner.py:243} INFO - Task exited with return code 0
[2026-01-01T09:14:59.304+0000] {taskinstance.py:3503} INFO - 0 downstream tasks scheduled from follow-on schedule check
[2026-01-01T09:14:59.320+0000] {local_task_job_runner.py:222} INFO - ::endgroup::
