[2026-01-13T13:24:11.856+0000] {local_task_job_runner.py:120} INFO - ::group::Pre task execution logs
[2026-01-13T13:24:11.873+0000] {taskinstance.py:2076} INFO - Dependencies all met for dep_context=non-requeueable deps ti=<TaskInstance: company_overview_to_minio.ingest_overview manual__2026-01-13T13:18:09.120057+00:00 map_index=20 [queued]>
[2026-01-13T13:24:11.883+0000] {taskinstance.py:2076} INFO - Dependencies all met for dep_context=requeueable deps ti=<TaskInstance: company_overview_to_minio.ingest_overview manual__2026-01-13T13:18:09.120057+00:00 map_index=20 [queued]>
[2026-01-13T13:24:11.884+0000] {taskinstance.py:2306} INFO - Starting attempt 1 of 2
[2026-01-13T13:24:11.895+0000] {taskinstance.py:2330} INFO - Executing <Mapped(DfToCsvOperator): ingest_overview> on 2026-01-13 13:18:09.120057+00:00
[2026-01-13T13:24:11.904+0000] {warnings.py:112} WARNING - This process (pid=1767) is multi-threaded, use of fork() may lead to deadlocks in the child.

[2026-01-13T13:24:11.905+0000] {standard_task_runner.py:64} INFO - Started process 1803 to run task
[2026-01-13T13:24:11.907+0000] {standard_task_runner.py:90} INFO - Running: ['***', 'tasks', 'run', 'company_overview_to_minio', 'ingest_overview', 'manual__2026-01-13T13:18:09.120057+00:00', '--job-id', '15011', '--raw', '--subdir', 'DAGS_FOLDER/company_overview_to_minio.py', '--cfg-path', '/tmp/tmpsuwjfedh', '--map-index', '20']
[2026-01-13T13:24:11.911+0000] {standard_task_runner.py:91} INFO - Job 15011: Subtask ingest_overview
[2026-01-13T13:24:11.965+0000] {task_command.py:426} INFO - Running <TaskInstance: company_overview_to_minio.ingest_overview manual__2026-01-13T13:18:09.120057+00:00 map_index=20 [running]> on host 03cf7cc79cc9
[2026-01-13T13:24:12.064+0000] {taskinstance.py:2648} INFO - Exporting env vars: AIRFLOW_CTX_DAG_OWNER='***' AIRFLOW_CTX_DAG_ID='company_overview_to_minio' AIRFLOW_CTX_TASK_ID='ingest_overview' AIRFLOW_CTX_EXECUTION_DATE='2026-01-13T13:18:09.120057+00:00' AIRFLOW_CTX_TRY_NUMBER='1' AIRFLOW_CTX_DAG_RUN_ID='manual__2026-01-13T13:18:09.120057+00:00'
[2026-01-13T13:24:12.069+0000] {taskinstance.py:430} INFO - ::endgroup::
[2026-01-13T13:24:13.038+0000] {warnings.py:112} WARNING - DataFrame.applymap has been deprecated. Use DataFrame.map instead.

[2026-01-13T13:24:14.191+0000] {warnings.py:112} WARNING - DataFrame.applymap has been deprecated. Use DataFrame.map instead.

[2026-01-13T13:24:15.642+0000] {warnings.py:112} WARNING - DataFrame.applymap has been deprecated. Use DataFrame.map instead.

[2026-01-13T13:24:16.785+0000] {warnings.py:112} WARNING - DataFrame.applymap has been deprecated. Use DataFrame.map instead.

[2026-01-13T13:24:18.009+0000] {warnings.py:112} WARNING - DataFrame.applymap has been deprecated. Use DataFrame.map instead.

[2026-01-13T13:24:19.184+0000] {warnings.py:112} WARNING - DataFrame.applymap has been deprecated. Use DataFrame.map instead.

[2026-01-13T13:24:24.366+0000] {logging_mixin.py:188} INFO - Err overview STL: RetryError[<Future at 0x7fb998fb7410 state=finished raised AttributeError>]
[2026-01-13T13:24:25.531+0000] {warnings.py:112} WARNING - DataFrame.applymap has been deprecated. Use DataFrame.map instead.

[2026-01-13T13:24:27.026+0000] {warnings.py:112} WARNING - DataFrame.applymap has been deprecated. Use DataFrame.map instead.

[2026-01-13T13:24:28.524+0000] {warnings.py:112} WARNING - DataFrame.applymap has been deprecated. Use DataFrame.map instead.

[2026-01-13T13:24:30.068+0000] {warnings.py:112} WARNING - DataFrame.applymap has been deprecated. Use DataFrame.map instead.

[2026-01-13T13:24:31.363+0000] {warnings.py:112} WARNING - DataFrame.applymap has been deprecated. Use DataFrame.map instead.

[2026-01-13T13:24:32.520+0000] {warnings.py:112} WARNING - DataFrame.applymap has been deprecated. Use DataFrame.map instead.

[2026-01-13T13:24:33.654+0000] {warnings.py:112} WARNING - DataFrame.applymap has been deprecated. Use DataFrame.map instead.

[2026-01-13T13:24:34.824+0000] {warnings.py:112} WARNING - DataFrame.applymap has been deprecated. Use DataFrame.map instead.

[2026-01-13T13:24:35.955+0000] {warnings.py:112} WARNING - DataFrame.applymap has been deprecated. Use DataFrame.map instead.

[2026-01-13T13:24:37.175+0000] {warnings.py:112} WARNING - DataFrame.applymap has been deprecated. Use DataFrame.map instead.

[2026-01-13T13:24:40.517+0000] {warnings.py:112} WARNING - DataFrame.applymap has been deprecated. Use DataFrame.map instead.

[2026-01-13T13:24:42.013+0000] {warnings.py:112} WARNING - DataFrame.applymap has been deprecated. Use DataFrame.map instead.

[2026-01-13T13:24:43.319+0000] {warnings.py:112} WARNING - DataFrame.applymap has been deprecated. Use DataFrame.map instead.

[2026-01-13T13:24:44.365+0000] {base.py:84} INFO - Using connection ID 'minio_finance' for task execution.
[2026-01-13T13:24:44.366+0000] {connection_wrapper.py:384} INFO - AWS Connection (conn_id='minio_finance', conn_type='aws') credentials retrieved from login and password.
[2026-01-13T13:24:44.774+0000] {datalake_df2csv.py:52} INFO - ✅ Đã upload 19 dòng -> s3://thongtin-congty-va-bctc/overview/date=2026-01-13/batch_20.csv
[2026-01-13T13:24:44.775+0000] {taskinstance.py:441} INFO - ::group::Post task execution logs
[2026-01-13T13:24:44.783+0000] {taskinstance.py:1206} INFO - Marking task as SUCCESS. dag_id=company_overview_to_minio, task_id=ingest_overview, run_id=manual__2026-01-13T13:18:09.120057+00:00, map_index=20, execution_date=20260113T131809, start_date=20260113T132411, end_date=20260113T132444
[2026-01-13T13:24:44.839+0000] {local_task_job_runner.py:243} INFO - Task exited with return code 0
[2026-01-13T13:24:44.867+0000] {taskinstance.py:3503} INFO - 0 downstream tasks scheduled from follow-on schedule check
[2026-01-13T13:24:44.871+0000] {local_task_job_runner.py:222} INFO - ::endgroup::
