[2026-01-11T03:24:27.756+0000] {local_task_job_runner.py:120} INFO - ::group::Pre task execution logs
[2026-01-11T03:24:27.796+0000] {taskinstance.py:2076} INFO - Dependencies all met for dep_context=non-requeueable deps ti=<TaskInstance: bctc.ingest_bctc manual__2026-01-11T03:22:36.146797+00:00 map_index=20 [queued]>
[2026-01-11T03:24:27.815+0000] {taskinstance.py:2076} INFO - Dependencies all met for dep_context=requeueable deps ti=<TaskInstance: bctc.ingest_bctc manual__2026-01-11T03:22:36.146797+00:00 map_index=20 [queued]>
[2026-01-11T03:24:27.816+0000] {taskinstance.py:2306} INFO - Starting attempt 1 of 2
[2026-01-11T03:24:27.845+0000] {taskinstance.py:2330} INFO - Executing <Mapped(DfToCsvOperator): ingest_bctc> on 2026-01-11 03:22:36.146797+00:00
[2026-01-11T03:24:27.855+0000] {warnings.py:112} WARNING - This process (pid=3626) is multi-threaded, use of fork() may lead to deadlocks in the child.

[2026-01-11T03:24:27.858+0000] {standard_task_runner.py:64} INFO - Started process 3689 to run task
[2026-01-11T03:24:27.861+0000] {standard_task_runner.py:90} INFO - Running: ['***', 'tasks', 'run', 'bctc', 'ingest_bctc', 'manual__2026-01-11T03:22:36.146797+00:00', '--job-id', '9930', '--raw', '--subdir', 'DAGS_FOLDER/tt_cty_bctc.py', '--cfg-path', '/tmp/tmpakx0pymw', '--map-index', '20']
[2026-01-11T03:24:27.863+0000] {standard_task_runner.py:91} INFO - Job 9930: Subtask ingest_bctc
[2026-01-11T03:24:27.942+0000] {task_command.py:426} INFO - Running <TaskInstance: bctc.ingest_bctc manual__2026-01-11T03:22:36.146797+00:00 map_index=20 [running]> on host 3f2af93df813
[2026-01-11T03:24:28.093+0000] {taskinstance.py:2648} INFO - Exporting env vars: AIRFLOW_CTX_DAG_OWNER='***' AIRFLOW_CTX_DAG_ID='bctc' AIRFLOW_CTX_TASK_ID='ingest_bctc' AIRFLOW_CTX_EXECUTION_DATE='2026-01-11T03:22:36.146797+00:00' AIRFLOW_CTX_TRY_NUMBER='1' AIRFLOW_CTX_DAG_RUN_ID='manual__2026-01-11T03:22:36.146797+00:00'
[2026-01-11T03:24:28.095+0000] {taskinstance.py:430} INFO - ::endgroup::
[2026-01-11T03:24:28.105+0000] {logging_mixin.py:188} INFO - Bắt đầu xử lý batch 20 mã: ['SVD', 'SVC', 'STW', 'STT', 'STS', 'STP', 'STL', 'STK', 'STH', 'STG', 'STC', 'STB', 'ST8', 'SSU', 'SSN', 'SSM', 'SSI', 'SSH', 'SSG', 'SSF']
[2026-01-11T03:24:28.106+0000] {logging_mixin.py:188} INFO -  >> Đang lấy dữ liệu: SVD
[2026-01-11T03:24:28.261+0000] {logging_mixin.py:188} INFO -  Lỗi xử lý mã SVD: Failed to fetch data: 429 - Too Many Requests
[2026-01-11T03:24:28.262+0000] {logging_mixin.py:188} INFO -  >> Đang lấy dữ liệu: SVC
[2026-01-11T03:24:28.402+0000] {logging_mixin.py:188} INFO -  Lỗi xử lý mã SVC: Failed to fetch data: 429 - Too Many Requests
[2026-01-11T03:24:28.404+0000] {logging_mixin.py:188} INFO -  >> Đang lấy dữ liệu: STW
[2026-01-11T03:24:28.551+0000] {logging_mixin.py:188} INFO -  Lỗi xử lý mã STW: Failed to fetch data: 429 - Too Many Requests
[2026-01-11T03:24:28.552+0000] {logging_mixin.py:188} INFO -  >> Đang lấy dữ liệu: STT
[2026-01-11T03:24:28.719+0000] {logging_mixin.py:188} INFO -  Lỗi xử lý mã STT: Failed to fetch data: 429 - Too Many Requests
[2026-01-11T03:24:28.720+0000] {logging_mixin.py:188} INFO -  >> Đang lấy dữ liệu: STS
[2026-01-11T03:24:28.837+0000] {logging_mixin.py:188} INFO -  Lỗi xử lý mã STS: Failed to fetch data: 429 - Too Many Requests
[2026-01-11T03:24:28.838+0000] {logging_mixin.py:188} INFO -  >> Đang lấy dữ liệu: STP
[2026-01-11T03:24:29.062+0000] {logging_mixin.py:188} INFO -  Lỗi xử lý mã STP: Failed to fetch data: 429 - Too Many Requests
[2026-01-11T03:24:29.063+0000] {logging_mixin.py:188} INFO -  >> Đang lấy dữ liệu: STL
[2026-01-11T03:24:29.272+0000] {logging_mixin.py:188} INFO -  Lỗi xử lý mã STL: Failed to fetch data: 429 - Too Many Requests
[2026-01-11T03:24:29.273+0000] {logging_mixin.py:188} INFO -  >> Đang lấy dữ liệu: STK
[2026-01-11T03:24:32.148+0000] {logging_mixin.py:188} INFO -  Lỗi xử lý mã STK: Failed to fetch data: 429 - Too Many Requests
[2026-01-11T03:24:32.149+0000] {logging_mixin.py:188} INFO -  >> Đang lấy dữ liệu: STH
[2026-01-11T03:24:32.680+0000] {logging_mixin.py:188} INFO -  Lỗi xử lý mã STH: Failed to fetch data: 429 - Too Many Requests
[2026-01-11T03:24:32.681+0000] {logging_mixin.py:188} INFO -  >> Đang lấy dữ liệu: STG
[2026-01-11T03:24:32.839+0000] {logging_mixin.py:188} INFO -  Lỗi xử lý mã STG: Failed to fetch data: 429 - Too Many Requests
[2026-01-11T03:24:32.840+0000] {logging_mixin.py:188} INFO -  >> Đang lấy dữ liệu: STC
[2026-01-11T03:24:32.971+0000] {logging_mixin.py:188} INFO -  Lỗi xử lý mã STC: Failed to fetch data: 429 - Too Many Requests
[2026-01-11T03:24:32.972+0000] {logging_mixin.py:188} INFO -  >> Đang lấy dữ liệu: STB
[2026-01-11T03:24:33.089+0000] {logging_mixin.py:188} INFO -  Lỗi xử lý mã STB: Failed to fetch data: 429 - Too Many Requests
[2026-01-11T03:24:33.090+0000] {logging_mixin.py:188} INFO -  >> Đang lấy dữ liệu: ST8
[2026-01-11T03:24:33.209+0000] {logging_mixin.py:188} INFO -  Lỗi xử lý mã ST8: Failed to fetch data: 429 - Too Many Requests
[2026-01-11T03:24:33.210+0000] {logging_mixin.py:188} INFO -  >> Đang lấy dữ liệu: SSU
[2026-01-11T03:24:33.923+0000] {logging_mixin.py:188} INFO -  Lỗi xử lý mã SSU: Failed to fetch data: 429 - Too Many Requests
[2026-01-11T03:24:33.924+0000] {logging_mixin.py:188} INFO -  >> Đang lấy dữ liệu: SSN
[2026-01-11T03:24:34.167+0000] {logging_mixin.py:188} INFO -  Lỗi xử lý mã SSN: Failed to fetch data: 429 - Too Many Requests
[2026-01-11T03:24:34.168+0000] {logging_mixin.py:188} INFO -  >> Đang lấy dữ liệu: SSM
[2026-01-11T03:24:34.751+0000] {logging_mixin.py:188} INFO -  Lỗi xử lý mã SSM: Failed to fetch data: 429 - Too Many Requests
[2026-01-11T03:24:34.752+0000] {logging_mixin.py:188} INFO -  >> Đang lấy dữ liệu: SSI
[2026-01-11T03:24:35.002+0000] {logging_mixin.py:188} INFO -  Lỗi xử lý mã SSI: Failed to fetch data: 429 - Too Many Requests
[2026-01-11T03:24:35.003+0000] {logging_mixin.py:188} INFO -  >> Đang lấy dữ liệu: SSH
[2026-01-11T03:24:35.161+0000] {logging_mixin.py:188} INFO -  Lỗi xử lý mã SSH: Failed to fetch data: 429 - Too Many Requests
[2026-01-11T03:24:35.164+0000] {logging_mixin.py:188} INFO -  >> Đang lấy dữ liệu: SSG
[2026-01-11T03:24:35.690+0000] {logging_mixin.py:188} INFO -  Lỗi xử lý mã SSG: Failed to fetch data: 429 - Too Many Requests
[2026-01-11T03:24:35.691+0000] {logging_mixin.py:188} INFO -  >> Đang lấy dữ liệu: SSF
[2026-01-11T03:24:36.648+0000] {logging_mixin.py:188} INFO -  Lỗi xử lý mã SSF: Failed to fetch data: 429 - Too Many Requests
[2026-01-11T03:24:36.650+0000] {logging_mixin.py:188} INFO -  ⚠ Batch này không thu được dữ liệu nào.
[2026-01-11T03:24:36.657+0000] {datalake_df2csv.py:40} INFO - DataFrame rỗng, bỏ qua upload CSV.
[2026-01-11T03:24:36.657+0000] {taskinstance.py:441} INFO - ::group::Post task execution logs
[2026-01-11T03:24:36.677+0000] {taskinstance.py:1206} INFO - Marking task as SUCCESS. dag_id=bctc, task_id=ingest_bctc, run_id=manual__2026-01-11T03:22:36.146797+00:00, map_index=20, execution_date=20260111T032236, start_date=20260111T032427, end_date=20260111T032436
[2026-01-11T03:24:37.159+0000] {local_task_job_runner.py:243} INFO - Task exited with return code 0
[2026-01-11T03:24:37.219+0000] {taskinstance.py:3503} INFO - 0 downstream tasks scheduled from follow-on schedule check
[2026-01-11T03:24:37.224+0000] {local_task_job_runner.py:222} INFO - ::endgroup::
