[2026-01-12T15:16:24.850+0000] {local_task_job_runner.py:120} INFO - ::group::Pre task execution logs
[2026-01-12T15:16:24.922+0000] {taskinstance.py:2076} INFO - Dependencies all met for dep_context=non-requeueable deps ti=<TaskInstance: financial_ratios_etl.ingest_financial_ratios manual__2026-01-12T15:14:43+00:00 map_index=83 [queued]>
[2026-01-12T15:16:24.958+0000] {taskinstance.py:2076} INFO - Dependencies all met for dep_context=requeueable deps ti=<TaskInstance: financial_ratios_etl.ingest_financial_ratios manual__2026-01-12T15:14:43+00:00 map_index=83 [queued]>
[2026-01-12T15:16:24.964+0000] {taskinstance.py:2306} INFO - Starting attempt 1 of 2
[2026-01-12T15:16:24.999+0000] {taskinstance.py:2330} INFO - Executing <Mapped(DfToCsvOperator): ingest_financial_ratios> on 2026-01-12 15:14:43+00:00
[2026-01-12T15:16:25.018+0000] {warnings.py:112} WARNING - This process (pid=1146) is multi-threaded, use of fork() may lead to deadlocks in the child.

[2026-01-12T15:16:25.020+0000] {standard_task_runner.py:64} INFO - Started process 1259 to run task
[2026-01-12T15:16:25.024+0000] {standard_task_runner.py:90} INFO - Running: ['***', 'tasks', 'run', 'financial_ratios_etl', 'ingest_financial_ratios', 'manual__2026-01-12T15:14:43+00:00', '--job-id', '13787', '--raw', '--subdir', 'DAGS_FOLDER/financial_ratios_etl.py', '--cfg-path', '/tmp/tmptx1r7ajy', '--map-index', '83']
[2026-01-12T15:16:25.030+0000] {standard_task_runner.py:91} INFO - Job 13787: Subtask ingest_financial_ratios
[2026-01-12T15:16:25.134+0000] {task_command.py:426} INFO - Running <TaskInstance: financial_ratios_etl.ingest_financial_ratios manual__2026-01-12T15:14:43+00:00 map_index=83 [running]> on host 5a20a797a43c
[2026-01-12T15:16:25.363+0000] {taskinstance.py:2648} INFO - Exporting env vars: AIRFLOW_CTX_DAG_OWNER='***' AIRFLOW_CTX_DAG_ID='financial_ratios_etl' AIRFLOW_CTX_TASK_ID='ingest_financial_ratios' AIRFLOW_CTX_EXECUTION_DATE='2026-01-12T15:14:43+00:00' AIRFLOW_CTX_TRY_NUMBER='1' AIRFLOW_CTX_DAG_RUN_ID='manual__2026-01-12T15:14:43+00:00'
[2026-01-12T15:16:25.364+0000] {taskinstance.py:430} INFO - ::endgroup::
[2026-01-12T15:16:25.393+0000] {logging_mixin.py:188} INFO - [RATIO] Bắt đầu xử lý batch 2 mã: ['VDM', 'VDL']
[2026-01-12T15:16:25.395+0000] {logging_mixin.py:188} INFO - [RATIO] Kỳ dữ liệu: quarter
[2026-01-12T15:16:25.397+0000] {logging_mixin.py:188} INFO -  >> [RATIO] Đang lấy dữ liệu: VDM
[2026-01-12T15:16:30.382+0000] {logging_mixin.py:188} INFO - ❌ Lỗi VDM: RetryError[<Future at 0x7f69183d9af0 state=finished raised KeyError>]
[2026-01-12T15:16:30.383+0000] {logging_mixin.py:188} INFO -  ⚠️ [RATIO] VDM: No data from API
[2026-01-12T15:16:32.384+0000] {logging_mixin.py:188} INFO -  >> [RATIO] Đang lấy dữ liệu: VDL
[2026-01-12T15:16:33.309+0000] {logging_mixin.py:188} INFO -  ✓ [RATIO] VDL: 53 rows
[2026-01-12T15:16:35.310+0000] {logging_mixin.py:188} INFO -  ✅ [RATIO] Hoàn thành batch. Tổng số dòng: 53
[2026-01-12T15:16:35.337+0000] {base.py:84} INFO - Using connection ID 'minio_finance' for task execution.
[2026-01-12T15:16:35.340+0000] {connection_wrapper.py:384} INFO - AWS Connection (conn_id='minio_finance', conn_type='aws') credentials retrieved from login and password.
[2026-01-12T15:16:36.257+0000] {datalake_df2csv.py:52} INFO - ✅ Đã upload 53 dòng -> s3://thongtin-congty-va-bctc/financial_ratios/2026-01-12/batch_83.csv
[2026-01-12T15:16:36.259+0000] {taskinstance.py:441} INFO - ::group::Post task execution logs
[2026-01-12T15:16:36.275+0000] {taskinstance.py:1206} INFO - Marking task as SUCCESS. dag_id=financial_ratios_etl, task_id=ingest_financial_ratios, run_id=manual__2026-01-12T15:14:43+00:00, map_index=83, execution_date=20260112T151443, start_date=20260112T151624, end_date=20260112T151636
[2026-01-12T15:16:36.363+0000] {local_task_job_runner.py:243} INFO - Task exited with return code 0
[2026-01-12T15:16:36.377+0000] {local_task_job_runner.py:222} INFO - ::endgroup::
