[2026-01-01T08:56:15.842+0000] {local_task_job_runner.py:120} INFO - ::group::Pre task execution logs
[2026-01-01T08:56:15.894+0000] {taskinstance.py:2076} INFO - Dependencies all met for dep_context=non-requeueable deps ti=<TaskInstance: thongtin_cty_bctc.ingest_bctc manual__2026-01-01T00:00:00+00:00 map_index=75 [queued]>
[2026-01-01T08:56:15.935+0000] {taskinstance.py:2076} INFO - Dependencies all met for dep_context=requeueable deps ti=<TaskInstance: thongtin_cty_bctc.ingest_bctc manual__2026-01-01T00:00:00+00:00 map_index=75 [queued]>
[2026-01-01T08:56:15.936+0000] {taskinstance.py:2306} INFO - Starting attempt 1 of 2
[2026-01-01T08:56:15.972+0000] {taskinstance.py:2330} INFO - Executing <Mapped(DfToCsvOperator): ingest_bctc> on 2026-01-01 00:00:00+00:00
[2026-01-01T08:56:15.989+0000] {warnings.py:112} WARNING - This process (pid=3480) is multi-threaded, use of fork() may lead to deadlocks in the child.

[2026-01-01T08:56:15.994+0000] {standard_task_runner.py:64} INFO - Started process 3559 to run task
[2026-01-01T08:56:15.996+0000] {standard_task_runner.py:90} INFO - Running: ['***', 'tasks', 'run', 'thongtin_cty_bctc', 'ingest_bctc', 'manual__2026-01-01T00:00:00+00:00', '--job-id', '4064', '--raw', '--subdir', 'DAGS_FOLDER/tt_cty_bctc.py', '--cfg-path', '/tmp/tmptn8gimug', '--map-index', '75']
[2026-01-01T08:56:15.998+0000] {standard_task_runner.py:91} INFO - Job 4064: Subtask ingest_bctc
[2026-01-01T08:56:16.070+0000] {task_command.py:426} INFO - Running <TaskInstance: thongtin_cty_bctc.ingest_bctc manual__2026-01-01T00:00:00+00:00 map_index=75 [running]> on host b455963a0603
[2026-01-01T08:56:16.197+0000] {taskinstance.py:2648} INFO - Exporting env vars: AIRFLOW_CTX_DAG_OWNER='***' AIRFLOW_CTX_DAG_ID='thongtin_cty_bctc' AIRFLOW_CTX_TASK_ID='ingest_bctc' AIRFLOW_CTX_EXECUTION_DATE='2026-01-01T00:00:00+00:00' AIRFLOW_CTX_TRY_NUMBER='1' AIRFLOW_CTX_DAG_RUN_ID='manual__2026-01-01T00:00:00+00:00'
[2026-01-01T08:56:16.199+0000] {taskinstance.py:430} INFO - ::endgroup::
[2026-01-01T08:56:16.208+0000] {logging_mixin.py:188} INFO - Bắt đầu xử lý batch 3 mã: ['TVN', 'TVM', 'TVH']
[2026-01-01T08:56:16.208+0000] {logging_mixin.py:188} INFO -  >> Đang lấy dữ liệu: TVN
[2026-01-01T08:56:19.512+0000] {logging_mixin.py:188} INFO -  >> Đang lấy dữ liệu: TVM
[2026-01-01T08:56:22.354+0000] {logging_mixin.py:188} INFO -  >> Đang lấy dữ liệu: TVH
[2026-01-01T08:56:27.407+0000] {logging_mixin.py:188} INFO - ❌ Lỗi income_statement: RetryError[<Future at 0x7f266efc2bd0 state=finished raised KeyError>]
[2026-01-01T08:56:31.883+0000] {logging_mixin.py:188} INFO - ❌ Lỗi balance_sheet: RetryError[<Future at 0x7f266ef7f7a0 state=finished raised KeyError>]
[2026-01-01T08:56:36.317+0000] {logging_mixin.py:188} INFO - ❌ Lỗi cash_flow: RetryError[<Future at 0x7f266efc28d0 state=finished raised KeyError>]
[2026-01-01T08:56:37.322+0000] {logging_mixin.py:188} INFO -  ✓ Hoàn thành batch. Tổng số dòng: 5122
[2026-01-01T08:56:37.459+0000] {base.py:84} INFO - Using connection ID 'minio_finance' for task execution.
[2026-01-01T08:56:37.465+0000] {connection_wrapper.py:384} INFO - AWS Connection (conn_id='minio_finance', conn_type='aws') credentials retrieved from login and password.
[2026-01-01T08:56:38.264+0000] {datalake_df2csv.py:53} INFO - ✅ Đã upload 5122 dòng -> s3://thongtin-congty-va-bctc/bctc/2026-01-01/batch_75.csv
[2026-01-01T08:56:38.266+0000] {taskinstance.py:441} INFO - ::group::Post task execution logs
[2026-01-01T08:56:38.288+0000] {taskinstance.py:1206} INFO - Marking task as SUCCESS. dag_id=thongtin_cty_bctc, task_id=ingest_bctc, run_id=manual__2026-01-01T00:00:00+00:00, map_index=75, execution_date=20260101T000000, start_date=20260101T085615, end_date=20260101T085638
[2026-01-01T08:56:38.390+0000] {local_task_job_runner.py:243} INFO - Task exited with return code 0
[2026-01-01T08:56:38.784+0000] {taskinstance.py:3503} INFO - 0 downstream tasks scheduled from follow-on schedule check
[2026-01-01T08:56:38.788+0000] {local_task_job_runner.py:222} INFO - ::endgroup::
