[2026-01-11T03:24:48.672+0000] {local_task_job_runner.py:120} INFO - ::group::Pre task execution logs
[2026-01-11T03:24:48.705+0000] {taskinstance.py:2076} INFO - Dependencies all met for dep_context=non-requeueable deps ti=<TaskInstance: bctc.ingest_bctc manual__2026-01-11T03:22:36.146797+00:00 map_index=37 [queued]>
[2026-01-11T03:24:48.725+0000] {taskinstance.py:2076} INFO - Dependencies all met for dep_context=requeueable deps ti=<TaskInstance: bctc.ingest_bctc manual__2026-01-11T03:22:36.146797+00:00 map_index=37 [queued]>
[2026-01-11T03:24:48.727+0000] {taskinstance.py:2306} INFO - Starting attempt 1 of 2
[2026-01-11T03:24:48.748+0000] {taskinstance.py:2330} INFO - Executing <Mapped(DfToCsvOperator): ingest_bctc> on 2026-01-11 03:22:36.146797+00:00
[2026-01-11T03:24:48.762+0000] {warnings.py:112} WARNING - This process (pid=3817) is multi-threaded, use of fork() may lead to deadlocks in the child.

[2026-01-11T03:24:48.764+0000] {standard_task_runner.py:64} INFO - Started process 3902 to run task
[2026-01-11T03:24:48.766+0000] {standard_task_runner.py:90} INFO - Running: ['***', 'tasks', 'run', 'bctc', 'ingest_bctc', 'manual__2026-01-11T03:22:36.146797+00:00', '--job-id', '9948', '--raw', '--subdir', 'DAGS_FOLDER/tt_cty_bctc.py', '--cfg-path', '/tmp/tmpaxgtsxzf', '--map-index', '37']
[2026-01-11T03:24:48.767+0000] {standard_task_runner.py:91} INFO - Job 9948: Subtask ingest_bctc
[2026-01-11T03:24:48.833+0000] {task_command.py:426} INFO - Running <TaskInstance: bctc.ingest_bctc manual__2026-01-11T03:22:36.146797+00:00 map_index=37 [running]> on host 3f2af93df813
[2026-01-11T03:24:48.969+0000] {taskinstance.py:2648} INFO - Exporting env vars: AIRFLOW_CTX_DAG_OWNER='***' AIRFLOW_CTX_DAG_ID='bctc' AIRFLOW_CTX_TASK_ID='ingest_bctc' AIRFLOW_CTX_EXECUTION_DATE='2026-01-11T03:22:36.146797+00:00' AIRFLOW_CTX_TRY_NUMBER='1' AIRFLOW_CTX_DAG_RUN_ID='manual__2026-01-11T03:22:36.146797+00:00'
[2026-01-11T03:24:48.971+0000] {taskinstance.py:430} INFO - ::endgroup::
[2026-01-11T03:24:48.990+0000] {logging_mixin.py:188} INFO - Bắt đầu xử lý batch 20 mã: ['PAC', 'ORS', 'OPC', 'ONW', 'ONE', 'OIL', 'OGC', 'ODE', 'OCH', 'OCB', 'NXT', 'NWT', 'NVT', 'NVP', 'NVL', 'NVB', 'NUE', 'NTW', 'NTT', 'NTP']
[2026-01-11T03:24:48.991+0000] {logging_mixin.py:188} INFO -  >> Đang lấy dữ liệu: PAC
[2026-01-11T03:24:49.198+0000] {logging_mixin.py:188} INFO -  Lỗi xử lý mã PAC: Failed to fetch data: 429 - Too Many Requests
[2026-01-11T03:24:49.199+0000] {logging_mixin.py:188} INFO -  >> Đang lấy dữ liệu: ORS
[2026-01-11T03:24:49.328+0000] {logging_mixin.py:188} INFO -  Lỗi xử lý mã ORS: Failed to fetch data: 429 - Too Many Requests
[2026-01-11T03:24:49.329+0000] {logging_mixin.py:188} INFO -  >> Đang lấy dữ liệu: OPC
[2026-01-11T03:24:49.506+0000] {logging_mixin.py:188} INFO -  Lỗi xử lý mã OPC: Failed to fetch data: 429 - Too Many Requests
[2026-01-11T03:24:49.507+0000] {logging_mixin.py:188} INFO -  >> Đang lấy dữ liệu: ONW
[2026-01-11T03:24:49.668+0000] {logging_mixin.py:188} INFO -  Lỗi xử lý mã ONW: Failed to fetch data: 429 - Too Many Requests
[2026-01-11T03:24:49.669+0000] {logging_mixin.py:188} INFO -  >> Đang lấy dữ liệu: ONE
[2026-01-11T03:24:49.807+0000] {logging_mixin.py:188} INFO -  Lỗi xử lý mã ONE: Failed to fetch data: 429 - Too Many Requests
[2026-01-11T03:24:49.808+0000] {logging_mixin.py:188} INFO -  >> Đang lấy dữ liệu: OIL
[2026-01-11T03:24:49.920+0000] {logging_mixin.py:188} INFO -  Lỗi xử lý mã OIL: Failed to fetch data: 429 - Too Many Requests
[2026-01-11T03:24:49.921+0000] {logging_mixin.py:188} INFO -  >> Đang lấy dữ liệu: OGC
[2026-01-11T03:24:50.181+0000] {logging_mixin.py:188} INFO -  Lỗi xử lý mã OGC: Failed to fetch data: 429 - Too Many Requests
[2026-01-11T03:24:50.182+0000] {logging_mixin.py:188} INFO -  >> Đang lấy dữ liệu: ODE
[2026-01-11T03:24:50.348+0000] {logging_mixin.py:188} INFO -  Lỗi xử lý mã ODE: Failed to fetch data: 429 - Too Many Requests
[2026-01-11T03:24:50.349+0000] {logging_mixin.py:188} INFO -  >> Đang lấy dữ liệu: OCH
[2026-01-11T03:24:50.464+0000] {logging_mixin.py:188} INFO -  Lỗi xử lý mã OCH: Failed to fetch data: 429 - Too Many Requests
[2026-01-11T03:24:50.465+0000] {logging_mixin.py:188} INFO -  >> Đang lấy dữ liệu: OCB
[2026-01-11T03:24:51.450+0000] {logging_mixin.py:188} INFO -  Lỗi xử lý mã OCB: Failed to fetch data: 429 - Too Many Requests
[2026-01-11T03:24:51.452+0000] {logging_mixin.py:188} INFO -  >> Đang lấy dữ liệu: NXT
[2026-01-11T03:24:51.937+0000] {logging_mixin.py:188} INFO -  Lỗi xử lý mã NXT: Failed to fetch data: 429 - Too Many Requests
[2026-01-11T03:24:51.938+0000] {logging_mixin.py:188} INFO -  >> Đang lấy dữ liệu: NWT
[2026-01-11T03:24:52.462+0000] {logging_mixin.py:188} INFO -  Lỗi xử lý mã NWT: Failed to fetch data: 429 - Too Many Requests
[2026-01-11T03:24:52.463+0000] {logging_mixin.py:188} INFO -  >> Đang lấy dữ liệu: NVT
[2026-01-11T03:24:52.716+0000] {logging_mixin.py:188} INFO -  Lỗi xử lý mã NVT: Failed to fetch data: 429 - Too Many Requests
[2026-01-11T03:24:52.718+0000] {logging_mixin.py:188} INFO -  >> Đang lấy dữ liệu: NVP
[2026-01-11T03:24:53.097+0000] {logging_mixin.py:188} INFO -  Lỗi xử lý mã NVP: Failed to fetch data: 429 - Too Many Requests
[2026-01-11T03:24:53.099+0000] {logging_mixin.py:188} INFO -  >> Đang lấy dữ liệu: NVL
[2026-01-11T03:24:54.505+0000] {logging_mixin.py:188} INFO -  Lỗi xử lý mã NVL: Failed to fetch data: 429 - Too Many Requests
[2026-01-11T03:24:54.506+0000] {logging_mixin.py:188} INFO -  >> Đang lấy dữ liệu: NVB
[2026-01-11T03:24:55.592+0000] {logging_mixin.py:188} INFO -  Lỗi xử lý mã NVB: Failed to fetch data: 429 - Too Many Requests
[2026-01-11T03:24:55.594+0000] {logging_mixin.py:188} INFO -  >> Đang lấy dữ liệu: NUE
[2026-01-11T03:24:55.732+0000] {logging_mixin.py:188} INFO -  Lỗi xử lý mã NUE: Failed to fetch data: 429 - Too Many Requests
[2026-01-11T03:24:55.733+0000] {logging_mixin.py:188} INFO -  >> Đang lấy dữ liệu: NTW
[2026-01-11T03:24:56.122+0000] {logging_mixin.py:188} INFO -  Lỗi xử lý mã NTW: Failed to fetch data: 429 - Too Many Requests
[2026-01-11T03:24:56.123+0000] {logging_mixin.py:188} INFO -  >> Đang lấy dữ liệu: NTT
[2026-01-11T03:24:56.305+0000] {logging_mixin.py:188} INFO -  Lỗi xử lý mã NTT: Failed to fetch data: 429 - Too Many Requests
[2026-01-11T03:24:56.306+0000] {logging_mixin.py:188} INFO -  >> Đang lấy dữ liệu: NTP
[2026-01-11T03:24:56.433+0000] {logging_mixin.py:188} INFO -  Lỗi xử lý mã NTP: Failed to fetch data: 429 - Too Many Requests
[2026-01-11T03:24:56.434+0000] {logging_mixin.py:188} INFO -  ⚠ Batch này không thu được dữ liệu nào.
[2026-01-11T03:24:56.439+0000] {datalake_df2csv.py:40} INFO - DataFrame rỗng, bỏ qua upload CSV.
[2026-01-11T03:24:56.439+0000] {taskinstance.py:441} INFO - ::group::Post task execution logs
[2026-01-11T03:24:56.455+0000] {taskinstance.py:1206} INFO - Marking task as SUCCESS. dag_id=bctc, task_id=ingest_bctc, run_id=manual__2026-01-11T03:22:36.146797+00:00, map_index=37, execution_date=20260111T032236, start_date=20260111T032448, end_date=20260111T032456
[2026-01-11T03:24:56.556+0000] {local_task_job_runner.py:243} INFO - Task exited with return code 0
[2026-01-11T03:24:56.620+0000] {taskinstance.py:3503} INFO - 0 downstream tasks scheduled from follow-on schedule check
[2026-01-11T03:24:56.623+0000] {local_task_job_runner.py:222} INFO - ::endgroup::
