[2026-01-01T09:04:01.985+0000] {local_task_job_runner.py:120} INFO - ::group::Pre task execution logs
[2026-01-01T09:04:02.010+0000] {taskinstance.py:2076} INFO - Dependencies all met for dep_context=non-requeueable deps ti=<TaskInstance: thongtin_cty_bctc.ingest_overview scheduled__2025-12-30T00:00:00+00:00 map_index=10 [queued]>
[2026-01-01T09:04:02.022+0000] {taskinstance.py:2076} INFO - Dependencies all met for dep_context=requeueable deps ti=<TaskInstance: thongtin_cty_bctc.ingest_overview scheduled__2025-12-30T00:00:00+00:00 map_index=10 [queued]>
[2026-01-01T09:04:02.023+0000] {taskinstance.py:2306} INFO - Starting attempt 6 of 7
[2026-01-01T09:04:02.038+0000] {taskinstance.py:2330} INFO - Executing <Mapped(DfToCsvOperator): ingest_overview> on 2025-12-30 00:00:00+00:00
[2026-01-01T09:04:02.049+0000] {warnings.py:112} WARNING - This process (pid=8667) is multi-threaded, use of fork() may lead to deadlocks in the child.

[2026-01-01T09:04:02.050+0000] {standard_task_runner.py:64} INFO - Started process 8706 to run task
[2026-01-01T09:04:02.052+0000] {standard_task_runner.py:90} INFO - Running: ['***', 'tasks', 'run', 'thongtin_cty_bctc', 'ingest_overview', 'scheduled__2025-12-30T00:00:00+00:00', '--job-id', '4457', '--raw', '--subdir', 'DAGS_FOLDER/tt_cty_bctc.py', '--cfg-path', '/tmp/tmp12l1vf10', '--map-index', '10']
[2026-01-01T09:04:02.054+0000] {standard_task_runner.py:91} INFO - Job 4457: Subtask ingest_overview
[2026-01-01T09:04:02.117+0000] {task_command.py:426} INFO - Running <TaskInstance: thongtin_cty_bctc.ingest_overview scheduled__2025-12-30T00:00:00+00:00 map_index=10 [running]> on host b455963a0603
[2026-01-01T09:04:02.230+0000] {taskinstance.py:2648} INFO - Exporting env vars: AIRFLOW_CTX_DAG_OWNER='***' AIRFLOW_CTX_DAG_ID='thongtin_cty_bctc' AIRFLOW_CTX_TASK_ID='ingest_overview' AIRFLOW_CTX_EXECUTION_DATE='2025-12-30T00:00:00+00:00' AIRFLOW_CTX_TRY_NUMBER='6' AIRFLOW_CTX_DAG_RUN_ID='scheduled__2025-12-30T00:00:00+00:00'
[2026-01-01T09:04:02.231+0000] {taskinstance.py:430} INFO - ::endgroup::
[2026-01-01T09:04:02.367+0000] {warnings.py:112} WARNING - DataFrame.applymap has been deprecated. Use DataFrame.map instead.

[2026-01-01T09:04:03.528+0000] {warnings.py:112} WARNING - DataFrame.applymap has been deprecated. Use DataFrame.map instead.

[2026-01-01T09:04:04.981+0000] {warnings.py:112} WARNING - DataFrame.applymap has been deprecated. Use DataFrame.map instead.

[2026-01-01T09:04:06.047+0000] {base.py:84} INFO - Using connection ID 'minio_finance' for task execution.
[2026-01-01T09:04:06.048+0000] {connection_wrapper.py:384} INFO - AWS Connection (conn_id='minio_finance', conn_type='aws') credentials retrieved from login and password.
[2026-01-01T09:04:07.243+0000] {datalake_df2csv.py:53} INFO - ✅ Đã upload 3 dòng -> s3://thongtin-congty-va-bctc/overview/2025-12-30/batch_10.csv
[2026-01-01T09:04:07.246+0000] {taskinstance.py:441} INFO - ::group::Post task execution logs
[2026-01-01T09:04:07.266+0000] {taskinstance.py:1206} INFO - Marking task as SUCCESS. dag_id=thongtin_cty_bctc, task_id=ingest_overview, run_id=scheduled__2025-12-30T00:00:00+00:00, map_index=10, execution_date=20251230T000000, start_date=20260101T090402, end_date=20260101T090407
[2026-01-01T09:04:07.351+0000] {local_task_job_runner.py:243} INFO - Task exited with return code 0
[2026-01-01T09:04:07.466+0000] {taskinstance.py:3503} INFO - 0 downstream tasks scheduled from follow-on schedule check
[2026-01-01T09:04:07.475+0000] {local_task_job_runner.py:222} INFO - ::endgroup::
