[2026-01-01T03:13:13.265+0000] {local_task_job_runner.py:120} INFO - ::group::Pre task execution logs
[2026-01-01T03:13:13.316+0000] {taskinstance.py:2076} INFO - Dependencies all met for dep_context=non-requeueable deps ti=<TaskInstance: thongtin_cty_bctc.ingest_overview scheduled__2025-12-30T00:00:00+00:00 map_index=10 [queued]>
[2026-01-01T03:13:13.332+0000] {taskinstance.py:2076} INFO - Dependencies all met for dep_context=requeueable deps ti=<TaskInstance: thongtin_cty_bctc.ingest_overview scheduled__2025-12-30T00:00:00+00:00 map_index=10 [queued]>
[2026-01-01T03:13:13.333+0000] {taskinstance.py:2306} INFO - Starting attempt 5 of 6
[2026-01-01T03:13:13.354+0000] {taskinstance.py:2330} INFO - Executing <Mapped(DfToCsvOperator): ingest_overview> on 2025-12-30 00:00:00+00:00
[2026-01-01T03:13:13.367+0000] {warnings.py:112} WARNING - This process (pid=33061) is multi-threaded, use of fork() may lead to deadlocks in the child.

[2026-01-01T03:13:13.369+0000] {standard_task_runner.py:64} INFO - Started process 33109 to run task
[2026-01-01T03:13:13.372+0000] {standard_task_runner.py:90} INFO - Running: ['***', 'tasks', 'run', 'thongtin_cty_bctc', 'ingest_overview', 'scheduled__2025-12-30T00:00:00+00:00', '--job-id', '3491', '--raw', '--subdir', 'DAGS_FOLDER/tt_cty_bctc.py', '--cfg-path', '/tmp/tmpnzx4qbqa', '--map-index', '10']
[2026-01-01T03:13:13.374+0000] {standard_task_runner.py:91} INFO - Job 3491: Subtask ingest_overview
[2026-01-01T03:13:13.452+0000] {task_command.py:426} INFO - Running <TaskInstance: thongtin_cty_bctc.ingest_overview scheduled__2025-12-30T00:00:00+00:00 map_index=10 [running]> on host 43b0a0f7606b
[2026-01-01T03:13:13.604+0000] {taskinstance.py:2648} INFO - Exporting env vars: AIRFLOW_CTX_DAG_OWNER='***' AIRFLOW_CTX_DAG_ID='thongtin_cty_bctc' AIRFLOW_CTX_TASK_ID='ingest_overview' AIRFLOW_CTX_EXECUTION_DATE='2025-12-30T00:00:00+00:00' AIRFLOW_CTX_TRY_NUMBER='5' AIRFLOW_CTX_DAG_RUN_ID='scheduled__2025-12-30T00:00:00+00:00'
[2026-01-01T03:13:13.606+0000] {taskinstance.py:430} INFO - ::endgroup::
[2026-01-01T03:13:13.981+0000] {warnings.py:112} WARNING - DataFrame.applymap has been deprecated. Use DataFrame.map instead.

[2026-01-01T03:13:15.333+0000] {warnings.py:112} WARNING - DataFrame.applymap has been deprecated. Use DataFrame.map instead.

[2026-01-01T03:13:16.629+0000] {warnings.py:112} WARNING - DataFrame.applymap has been deprecated. Use DataFrame.map instead.

[2026-01-01T03:13:17.667+0000] {base.py:84} INFO - Using connection ID 'minio_finance' for task execution.
[2026-01-01T03:13:17.669+0000] {connection_wrapper.py:384} INFO - AWS Connection (conn_id='minio_finance', conn_type='aws') credentials retrieved from login and password.
[2026-01-01T03:13:18.668+0000] {datalake_df2csv.py:53} INFO - ✅ Đã upload 3 dòng -> s3://thongtin-congty-va-bctc/overview/2025-12-30/batch_10.csv
[2026-01-01T03:13:18.669+0000] {taskinstance.py:441} INFO - ::group::Post task execution logs
[2026-01-01T03:13:18.679+0000] {taskinstance.py:1206} INFO - Marking task as SUCCESS. dag_id=thongtin_cty_bctc, task_id=ingest_overview, run_id=scheduled__2025-12-30T00:00:00+00:00, map_index=10, execution_date=20251230T000000, start_date=20260101T031313, end_date=20260101T031318
[2026-01-01T03:13:19.438+0000] {local_task_job_runner.py:243} INFO - Task exited with return code 0
[2026-01-01T03:13:19.461+0000] {taskinstance.py:3503} INFO - 0 downstream tasks scheduled from follow-on schedule check
[2026-01-01T03:13:19.464+0000] {local_task_job_runner.py:222} INFO - ::endgroup::
