[2026-01-01T08:56:44.986+0000] {local_task_job_runner.py:120} INFO - ::group::Pre task execution logs
[2026-01-01T08:56:45.044+0000] {taskinstance.py:2076} INFO - Dependencies all met for dep_context=non-requeueable deps ti=<TaskInstance: thongtin_cty_bctc.ingest_bctc manual__2026-01-01T00:00:00+00:00 map_index=84 [queued]>
[2026-01-01T08:56:45.097+0000] {taskinstance.py:2076} INFO - Dependencies all met for dep_context=requeueable deps ti=<TaskInstance: thongtin_cty_bctc.ingest_bctc manual__2026-01-01T00:00:00+00:00 map_index=84 [queued]>
[2026-01-01T08:56:45.099+0000] {taskinstance.py:2306} INFO - Starting attempt 1 of 2
[2026-01-01T08:56:45.138+0000] {taskinstance.py:2330} INFO - Executing <Mapped(DfToCsvOperator): ingest_bctc> on 2026-01-01 00:00:00+00:00
[2026-01-01T08:56:45.156+0000] {warnings.py:112} WARNING - This process (pid=3841) is multi-threaded, use of fork() may lead to deadlocks in the child.

[2026-01-01T08:56:45.158+0000] {standard_task_runner.py:64} INFO - Started process 3929 to run task
[2026-01-01T08:56:45.166+0000] {standard_task_runner.py:90} INFO - Running: ['***', 'tasks', 'run', 'thongtin_cty_bctc', 'ingest_bctc', 'manual__2026-01-01T00:00:00+00:00', '--job-id', '4094', '--raw', '--subdir', 'DAGS_FOLDER/tt_cty_bctc.py', '--cfg-path', '/tmp/tmpsh0qm420', '--map-index', '84']
[2026-01-01T08:56:45.168+0000] {standard_task_runner.py:91} INFO - Job 4094: Subtask ingest_bctc
[2026-01-01T08:56:45.230+0000] {task_command.py:426} INFO - Running <TaskInstance: thongtin_cty_bctc.ingest_bctc manual__2026-01-01T00:00:00+00:00 map_index=84 [running]> on host b455963a0603
[2026-01-01T08:56:45.786+0000] {taskinstance.py:2648} INFO - Exporting env vars: AIRFLOW_CTX_DAG_OWNER='***' AIRFLOW_CTX_DAG_ID='thongtin_cty_bctc' AIRFLOW_CTX_TASK_ID='ingest_bctc' AIRFLOW_CTX_EXECUTION_DATE='2026-01-01T00:00:00+00:00' AIRFLOW_CTX_TRY_NUMBER='1' AIRFLOW_CTX_DAG_RUN_ID='manual__2026-01-01T00:00:00+00:00'
[2026-01-01T08:56:45.787+0000] {taskinstance.py:430} INFO - ::endgroup::
[2026-01-01T08:56:45.797+0000] {logging_mixin.py:188} INFO - Bắt đầu xử lý batch 3 mã: ['TTA', 'TT6', 'TST']
[2026-01-01T08:56:45.798+0000] {logging_mixin.py:188} INFO -  >> Đang lấy dữ liệu: TTA
[2026-01-01T08:56:48.327+0000] {logging_mixin.py:188} INFO -  >> Đang lấy dữ liệu: TT6
[2026-01-01T08:56:50.792+0000] {logging_mixin.py:188} INFO -  >> Đang lấy dữ liệu: TST
[2026-01-01T08:56:53.670+0000] {logging_mixin.py:188} INFO -  ✓ Hoàn thành batch. Tổng số dòng: 6332
[2026-01-01T08:56:53.726+0000] {base.py:84} INFO - Using connection ID 'minio_finance' for task execution.
[2026-01-01T08:56:53.727+0000] {connection_wrapper.py:384} INFO - AWS Connection (conn_id='minio_finance', conn_type='aws') credentials retrieved from login and password.
[2026-01-01T08:56:54.264+0000] {datalake_df2csv.py:53} INFO - ✅ Đã upload 6332 dòng -> s3://thongtin-congty-va-bctc/bctc/2026-01-01/batch_84.csv
[2026-01-01T08:56:54.266+0000] {taskinstance.py:441} INFO - ::group::Post task execution logs
[2026-01-01T08:56:54.279+0000] {taskinstance.py:1206} INFO - Marking task as SUCCESS. dag_id=thongtin_cty_bctc, task_id=ingest_bctc, run_id=manual__2026-01-01T00:00:00+00:00, map_index=84, execution_date=20260101T000000, start_date=20260101T085645, end_date=20260101T085654
[2026-01-01T08:56:54.339+0000] {local_task_job_runner.py:243} INFO - Task exited with return code 0
[2026-01-01T08:56:54.353+0000] {local_task_job_runner.py:222} INFO - ::endgroup::
