[2026-01-01T03:04:52.358+0000] {local_task_job_runner.py:120} INFO - ::group::Pre task execution logs
[2026-01-01T03:04:52.405+0000] {taskinstance.py:2076} INFO - Dependencies all met for dep_context=non-requeueable deps ti=<TaskInstance: thongtin_cty_bctc.ingest_overview manual__2026-01-01T02:50:50+00:00 map_index=8 [queued]>
[2026-01-01T03:04:52.428+0000] {taskinstance.py:2076} INFO - Dependencies all met for dep_context=requeueable deps ti=<TaskInstance: thongtin_cty_bctc.ingest_overview manual__2026-01-01T02:50:50+00:00 map_index=8 [queued]>
[2026-01-01T03:04:52.430+0000] {taskinstance.py:2306} INFO - Starting attempt 1 of 2
[2026-01-01T03:04:52.466+0000] {taskinstance.py:2330} INFO - Executing <Mapped(DfToCsvOperator): ingest_overview> on 2026-01-01 02:50:50+00:00
[2026-01-01T03:04:52.490+0000] {warnings.py:112} WARNING - This process (pid=28502) is multi-threaded, use of fork() may lead to deadlocks in the child.

[2026-01-01T03:04:52.493+0000] {standard_task_runner.py:64} INFO - Started process 28631 to run task
[2026-01-01T03:04:52.508+0000] {standard_task_runner.py:90} INFO - Running: ['***', 'tasks', 'run', 'thongtin_cty_bctc', 'ingest_overview', 'manual__2026-01-01T02:50:50+00:00', '--job-id', '3096', '--raw', '--subdir', 'DAGS_FOLDER/tt_cty_bctc.py', '--cfg-path', '/tmp/tmpv7bqz17z', '--map-index', '8']
[2026-01-01T03:04:52.513+0000] {standard_task_runner.py:91} INFO - Job 3096: Subtask ingest_overview
[2026-01-01T03:04:52.659+0000] {task_command.py:426} INFO - Running <TaskInstance: thongtin_cty_bctc.ingest_overview manual__2026-01-01T02:50:50+00:00 map_index=8 [running]> on host 43b0a0f7606b
[2026-01-01T03:04:52.926+0000] {taskinstance.py:2648} INFO - Exporting env vars: AIRFLOW_CTX_DAG_OWNER='***' AIRFLOW_CTX_DAG_ID='thongtin_cty_bctc' AIRFLOW_CTX_TASK_ID='ingest_overview' AIRFLOW_CTX_EXECUTION_DATE='2026-01-01T02:50:50+00:00' AIRFLOW_CTX_TRY_NUMBER='1' AIRFLOW_CTX_DAG_RUN_ID='manual__2026-01-01T02:50:50+00:00'
[2026-01-01T03:04:52.936+0000] {taskinstance.py:430} INFO - ::endgroup::
[2026-01-01T03:04:53.115+0000] {logging_mixin.py:188} INFO - Err overview DXG: Failed to fetch data: 429 - Too Many Requests
[2026-01-01T03:04:54.287+0000] {logging_mixin.py:188} INFO - Err overview KBC: Failed to fetch data: 429 - Too Many Requests
[2026-01-01T03:04:55.516+0000] {logging_mixin.py:188} INFO - Err overview NLG: Failed to fetch data: 429 - Too Many Requests
[2026-01-01T03:04:56.530+0000] {datalake_df2csv.py:40} INFO - DataFrame rỗng, bỏ qua upload CSV.
[2026-01-01T03:04:56.531+0000] {taskinstance.py:441} INFO - ::group::Post task execution logs
[2026-01-01T03:04:56.556+0000] {taskinstance.py:1206} INFO - Marking task as SUCCESS. dag_id=thongtin_cty_bctc, task_id=ingest_overview, run_id=manual__2026-01-01T02:50:50+00:00, map_index=8, execution_date=20260101T025050, start_date=20260101T030452, end_date=20260101T030456
[2026-01-01T03:04:56.617+0000] {local_task_job_runner.py:243} INFO - Task exited with return code 0
[2026-01-01T03:04:56.646+0000] {taskinstance.py:3503} INFO - 0 downstream tasks scheduled from follow-on schedule check
[2026-01-01T03:04:56.656+0000] {local_task_job_runner.py:222} INFO - ::endgroup::
