[2026-01-11T03:44:27.037+0000] {local_task_job_runner.py:120} INFO - ::group::Pre task execution logs
[2026-01-11T03:44:27.074+0000] {taskinstance.py:2076} INFO - Dependencies all met for dep_context=non-requeueable deps ti=<TaskInstance: bctc.ingest_bctc manual__2026-01-11T03:43:48.138068+00:00 map_index=19 [queued]>
[2026-01-11T03:44:27.097+0000] {taskinstance.py:2076} INFO - Dependencies all met for dep_context=requeueable deps ti=<TaskInstance: bctc.ingest_bctc manual__2026-01-11T03:43:48.138068+00:00 map_index=19 [queued]>
[2026-01-11T03:44:27.098+0000] {taskinstance.py:2306} INFO - Starting attempt 1 of 2
[2026-01-11T03:44:27.122+0000] {taskinstance.py:2330} INFO - Executing <Mapped(DfToCsvOperator): ingest_bctc> on 2026-01-11 03:43:48.138068+00:00
[2026-01-11T03:44:27.134+0000] {warnings.py:112} WARNING - This process (pid=4893) is multi-threaded, use of fork() may lead to deadlocks in the child.

[2026-01-11T03:44:27.136+0000] {standard_task_runner.py:64} INFO - Started process 4977 to run task
[2026-01-11T03:44:27.139+0000] {standard_task_runner.py:90} INFO - Running: ['***', 'tasks', 'run', 'bctc', 'ingest_bctc', 'manual__2026-01-11T03:43:48.138068+00:00', '--job-id', '10020', '--raw', '--subdir', 'DAGS_FOLDER/tt_cty_bctc.py', '--cfg-path', '/tmp/tmpufspjppx', '--map-index', '19']
[2026-01-11T03:44:27.141+0000] {standard_task_runner.py:91} INFO - Job 10020: Subtask ingest_bctc
[2026-01-11T03:44:27.207+0000] {task_command.py:426} INFO - Running <TaskInstance: bctc.ingest_bctc manual__2026-01-11T03:43:48.138068+00:00 map_index=19 [running]> on host 3f2af93df813
[2026-01-11T03:44:27.348+0000] {taskinstance.py:2648} INFO - Exporting env vars: AIRFLOW_CTX_DAG_OWNER='***' AIRFLOW_CTX_DAG_ID='bctc' AIRFLOW_CTX_TASK_ID='ingest_bctc' AIRFLOW_CTX_EXECUTION_DATE='2026-01-11T03:43:48.138068+00:00' AIRFLOW_CTX_TRY_NUMBER='1' AIRFLOW_CTX_DAG_RUN_ID='manual__2026-01-11T03:43:48.138068+00:00'
[2026-01-11T03:44:27.350+0000] {taskinstance.py:430} INFO - ::endgroup::
[2026-01-11T03:44:27.361+0000] {logging_mixin.py:188} INFO - Bắt đầu xử lý batch 20 mã: ['TAL', 'TAG', 'TAC', 'TAB', 'TA9', 'TA6', 'TA3', 'T12', 'SZL', 'SZG', 'SZE', 'SZC', 'SZB', 'SWC', 'SVT', 'SVN', 'SVL', 'SVI', 'SVH', 'SVG']
[2026-01-11T03:44:27.362+0000] {logging_mixin.py:188} INFO -  >> Đang lấy dữ liệu: TAL
[2026-01-11T03:44:27.621+0000] {logging_mixin.py:188} INFO -  Lỗi xử lý mã TAL: Failed to fetch data: 429 - Too Many Requests
[2026-01-11T03:44:27.622+0000] {logging_mixin.py:188} INFO -  >> Đang lấy dữ liệu: TAG
[2026-01-11T03:44:29.106+0000] {logging_mixin.py:188} INFO -  Lỗi xử lý mã TAG: Failed to fetch data: 429 - Too Many Requests
[2026-01-11T03:44:29.107+0000] {logging_mixin.py:188} INFO -  >> Đang lấy dữ liệu: TAC
[2026-01-11T03:44:29.846+0000] {logging_mixin.py:188} INFO -  Lỗi xử lý mã TAC: Failed to fetch data: 429 - Too Many Requests
[2026-01-11T03:44:29.847+0000] {logging_mixin.py:188} INFO -  >> Đang lấy dữ liệu: TAB
[2026-01-11T03:44:30.105+0000] {logging_mixin.py:188} INFO -  Lỗi xử lý mã TAB: Failed to fetch data: 429 - Too Many Requests
[2026-01-11T03:44:30.106+0000] {logging_mixin.py:188} INFO -  >> Đang lấy dữ liệu: TA9
[2026-01-11T03:44:30.341+0000] {logging_mixin.py:188} INFO -  Lỗi xử lý mã TA9: Failed to fetch data: 429 - Too Many Requests
[2026-01-11T03:44:30.343+0000] {logging_mixin.py:188} INFO -  >> Đang lấy dữ liệu: TA6
[2026-01-11T03:44:30.585+0000] {logging_mixin.py:188} INFO -  Lỗi xử lý mã TA6: Failed to fetch data: 429 - Too Many Requests
[2026-01-11T03:44:30.586+0000] {logging_mixin.py:188} INFO -  >> Đang lấy dữ liệu: TA3
[2026-01-11T03:44:30.845+0000] {logging_mixin.py:188} INFO -  Lỗi xử lý mã TA3: Failed to fetch data: 429 - Too Many Requests
[2026-01-11T03:44:30.847+0000] {logging_mixin.py:188} INFO -  >> Đang lấy dữ liệu: T12
[2026-01-11T03:44:31.142+0000] {logging_mixin.py:188} INFO -  Lỗi xử lý mã T12: Failed to fetch data: 429 - Too Many Requests
[2026-01-11T03:44:31.143+0000] {logging_mixin.py:188} INFO -  >> Đang lấy dữ liệu: SZL
[2026-01-11T03:44:31.895+0000] {logging_mixin.py:188} INFO -  Lỗi xử lý mã SZL: Failed to fetch data: 429 - Too Many Requests
[2026-01-11T03:44:31.897+0000] {logging_mixin.py:188} INFO -  >> Đang lấy dữ liệu: SZG
[2026-01-11T03:44:32.117+0000] {logging_mixin.py:188} INFO -  Lỗi xử lý mã SZG: Failed to fetch data: 429 - Too Many Requests
[2026-01-11T03:44:32.119+0000] {logging_mixin.py:188} INFO -  >> Đang lấy dữ liệu: SZE
[2026-01-11T03:44:32.519+0000] {logging_mixin.py:188} INFO -  Lỗi xử lý mã SZE: Failed to fetch data: 429 - Too Many Requests
[2026-01-11T03:44:32.520+0000] {logging_mixin.py:188} INFO -  >> Đang lấy dữ liệu: SZC
[2026-01-11T03:44:33.316+0000] {logging_mixin.py:188} INFO -  Lỗi xử lý mã SZC: Failed to fetch data: 429 - Too Many Requests
[2026-01-11T03:44:33.317+0000] {logging_mixin.py:188} INFO -  >> Đang lấy dữ liệu: SZB
[2026-01-11T03:44:33.548+0000] {logging_mixin.py:188} INFO -  Lỗi xử lý mã SZB: Failed to fetch data: 429 - Too Many Requests
[2026-01-11T03:44:33.549+0000] {logging_mixin.py:188} INFO -  >> Đang lấy dữ liệu: SWC
[2026-01-11T03:44:33.778+0000] {logging_mixin.py:188} INFO -  Lỗi xử lý mã SWC: Failed to fetch data: 429 - Too Many Requests
[2026-01-11T03:44:33.779+0000] {logging_mixin.py:188} INFO -  >> Đang lấy dữ liệu: SVT
[2026-01-11T03:44:34.108+0000] {logging_mixin.py:188} INFO -  Lỗi xử lý mã SVT: Failed to fetch data: 429 - Too Many Requests
[2026-01-11T03:44:34.109+0000] {logging_mixin.py:188} INFO -  >> Đang lấy dữ liệu: SVN
[2026-01-11T03:44:34.334+0000] {logging_mixin.py:188} INFO -  Lỗi xử lý mã SVN: Failed to fetch data: 429 - Too Many Requests
[2026-01-11T03:44:34.335+0000] {logging_mixin.py:188} INFO -  >> Đang lấy dữ liệu: SVL
[2026-01-11T03:44:34.539+0000] {logging_mixin.py:188} INFO -  Lỗi xử lý mã SVL: Failed to fetch data: 429 - Too Many Requests
[2026-01-11T03:44:34.539+0000] {logging_mixin.py:188} INFO -  >> Đang lấy dữ liệu: SVI
[2026-01-11T03:44:36.435+0000] {logging_mixin.py:188} INFO -  Lỗi xử lý mã SVI: Failed to fetch data: 429 - Too Many Requests
[2026-01-11T03:44:36.437+0000] {logging_mixin.py:188} INFO -  >> Đang lấy dữ liệu: SVH
[2026-01-11T03:44:36.699+0000] {logging_mixin.py:188} INFO -  Lỗi xử lý mã SVH: Failed to fetch data: 429 - Too Many Requests
[2026-01-11T03:44:36.700+0000] {logging_mixin.py:188} INFO -  >> Đang lấy dữ liệu: SVG
[2026-01-11T03:44:37.368+0000] {logging_mixin.py:188} INFO -  Lỗi xử lý mã SVG: Failed to fetch data: 429 - Too Many Requests
[2026-01-11T03:44:37.369+0000] {logging_mixin.py:188} INFO -  ⚠ Batch này không thu được dữ liệu nào.
[2026-01-11T03:44:37.372+0000] {datalake_df2csv.py:40} INFO - DataFrame rỗng, bỏ qua upload CSV.
[2026-01-11T03:44:37.373+0000] {taskinstance.py:441} INFO - ::group::Post task execution logs
[2026-01-11T03:44:37.656+0000] {taskinstance.py:1206} INFO - Marking task as SUCCESS. dag_id=bctc, task_id=ingest_bctc, run_id=manual__2026-01-11T03:43:48.138068+00:00, map_index=19, execution_date=20260111T034348, start_date=20260111T034427, end_date=20260111T034437
[2026-01-11T03:44:37.716+0000] {local_task_job_runner.py:243} INFO - Task exited with return code 0
[2026-01-11T03:44:37.751+0000] {taskinstance.py:3503} INFO - 0 downstream tasks scheduled from follow-on schedule check
[2026-01-11T03:44:37.753+0000] {local_task_job_runner.py:222} INFO - ::endgroup::
