[2026-01-01T09:05:32.061+0000] {local_task_job_runner.py:120} INFO - ::group::Pre task execution logs
[2026-01-01T09:05:32.107+0000] {taskinstance.py:2076} INFO - Dependencies all met for dep_context=non-requeueable deps ti=<TaskInstance: thongtin_cty_bctc.ingest_bctc scheduled__2025-12-30T00:00:00+00:00 map_index=39 [queued]>
[2026-01-01T09:05:32.137+0000] {taskinstance.py:2076} INFO - Dependencies all met for dep_context=requeueable deps ti=<TaskInstance: thongtin_cty_bctc.ingest_bctc scheduled__2025-12-30T00:00:00+00:00 map_index=39 [queued]>
[2026-01-01T09:05:32.137+0000] {taskinstance.py:2306} INFO - Starting attempt 5 of 6
[2026-01-01T09:05:32.160+0000] {taskinstance.py:2330} INFO - Executing <Mapped(DfToCsvOperator): ingest_bctc> on 2025-12-30 00:00:00+00:00
[2026-01-01T09:05:32.176+0000] {warnings.py:112} WARNING - This process (pid=9821) is multi-threaded, use of fork() may lead to deadlocks in the child.

[2026-01-01T09:05:32.178+0000] {standard_task_runner.py:64} INFO - Started process 9933 to run task
[2026-01-01T09:05:32.186+0000] {standard_task_runner.py:90} INFO - Running: ['***', 'tasks', 'run', 'thongtin_cty_bctc', 'ingest_bctc', 'scheduled__2025-12-30T00:00:00+00:00', '--job-id', '4548', '--raw', '--subdir', 'DAGS_FOLDER/tt_cty_bctc.py', '--cfg-path', '/tmp/tmpdwjz1luk', '--map-index', '39']
[2026-01-01T09:05:32.195+0000] {standard_task_runner.py:91} INFO - Job 4548: Subtask ingest_bctc
[2026-01-01T09:05:32.304+0000] {task_command.py:426} INFO - Running <TaskInstance: thongtin_cty_bctc.ingest_bctc scheduled__2025-12-30T00:00:00+00:00 map_index=39 [running]> on host b455963a0603
[2026-01-01T09:05:32.481+0000] {taskinstance.py:2648} INFO - Exporting env vars: AIRFLOW_CTX_DAG_OWNER='***' AIRFLOW_CTX_DAG_ID='thongtin_cty_bctc' AIRFLOW_CTX_TASK_ID='ingest_bctc' AIRFLOW_CTX_EXECUTION_DATE='2025-12-30T00:00:00+00:00' AIRFLOW_CTX_TRY_NUMBER='5' AIRFLOW_CTX_DAG_RUN_ID='scheduled__2025-12-30T00:00:00+00:00'
[2026-01-01T09:05:32.487+0000] {taskinstance.py:430} INFO - ::endgroup::
[2026-01-01T09:05:32.498+0000] {logging_mixin.py:188} INFO - Bắt đầu xử lý batch 3 mã: ['VIS', 'VIR', 'VIP']
[2026-01-01T09:05:32.499+0000] {logging_mixin.py:188} INFO -  >> Đang lấy dữ liệu: VIS
[2026-01-01T09:05:35.776+0000] {logging_mixin.py:188} INFO -  >> Đang lấy dữ liệu: VIR
[2026-01-01T09:05:40.599+0000] {logging_mixin.py:188} INFO - ❌ Lỗi income_statement: RetryError[<Future at 0x7f2684047ef0 state=finished raised KeyError>]
[2026-01-01T09:05:45.122+0000] {logging_mixin.py:188} INFO - ❌ Lỗi balance_sheet: RetryError[<Future at 0x7f266ef687a0 state=finished raised KeyError>]
[2026-01-01T09:05:49.593+0000] {logging_mixin.py:188} INFO - ❌ Lỗi cash_flow: RetryError[<Future at 0x7f26aa33b740 state=finished raised KeyError>]
[2026-01-01T09:05:50.594+0000] {logging_mixin.py:188} INFO -  >> Đang lấy dữ liệu: VIP
[2026-01-01T09:05:53.508+0000] {logging_mixin.py:188} INFO -  ✓ Hoàn thành batch. Tổng số dòng: 8050
[2026-01-01T09:05:53.564+0000] {base.py:84} INFO - Using connection ID 'minio_finance' for task execution.
[2026-01-01T09:05:53.565+0000] {connection_wrapper.py:384} INFO - AWS Connection (conn_id='minio_finance', conn_type='aws') credentials retrieved from login and password.
[2026-01-01T09:05:53.983+0000] {datalake_df2csv.py:53} INFO - ✅ Đã upload 8050 dòng -> s3://thongtin-congty-va-bctc/bctc/2025-12-30/batch_39.csv
[2026-01-01T09:05:53.985+0000] {taskinstance.py:441} INFO - ::group::Post task execution logs
[2026-01-01T09:05:53.996+0000] {taskinstance.py:1206} INFO - Marking task as SUCCESS. dag_id=thongtin_cty_bctc, task_id=ingest_bctc, run_id=scheduled__2025-12-30T00:00:00+00:00, map_index=39, execution_date=20251230T000000, start_date=20260101T090532, end_date=20260101T090553
[2026-01-01T09:05:55.402+0000] {local_task_job_runner.py:243} INFO - Task exited with return code 0
[2026-01-01T09:05:55.419+0000] {local_task_job_runner.py:222} INFO - ::endgroup::
