[2026-01-10T15:18:59.683+0000] {local_task_job_runner.py:120} INFO - ::group::Pre task execution logs
[2026-01-10T15:19:00.012+0000] {taskinstance.py:2076} INFO - Dependencies all met for dep_context=non-requeueable deps ti=<TaskInstance: thongtin_cty_bctc.ingest_bctc scheduled__2025-12-30T00:00:00+00:00 map_index=481 [queued]>
[2026-01-10T15:19:00.187+0000] {taskinstance.py:2076} INFO - Dependencies all met for dep_context=requeueable deps ti=<TaskInstance: thongtin_cty_bctc.ingest_bctc scheduled__2025-12-30T00:00:00+00:00 map_index=481 [queued]>
[2026-01-10T15:19:00.188+0000] {taskinstance.py:2306} INFO - Starting attempt 1 of 2
[2026-01-10T15:19:03.545+0000] {taskinstance.py:2330} INFO - Executing <Mapped(DfToCsvOperator): ingest_bctc> on 2025-12-30 00:00:00+00:00
[2026-01-10T15:19:03.564+0000] {warnings.py:112} WARNING - This process (pid=11325) is multi-threaded, use of fork() may lead to deadlocks in the child.

[2026-01-10T15:19:03.566+0000] {standard_task_runner.py:64} INFO - Started process 11409 to run task
[2026-01-10T15:19:03.568+0000] {standard_task_runner.py:90} INFO - Running: ['***', 'tasks', 'run', 'thongtin_cty_bctc', 'ingest_bctc', 'scheduled__2025-12-30T00:00:00+00:00', '--job-id', '9545', '--raw', '--subdir', 'DAGS_FOLDER/tt_cty_bctc.py', '--cfg-path', '/tmp/tmp_q3e6prg', '--map-index', '481']
[2026-01-10T15:19:03.569+0000] {standard_task_runner.py:91} INFO - Job 9545: Subtask ingest_bctc
[2026-01-10T15:19:03.633+0000] {task_command.py:426} INFO - Running <TaskInstance: thongtin_cty_bctc.ingest_bctc scheduled__2025-12-30T00:00:00+00:00 map_index=481 [running]> on host c44bcb92a951
[2026-01-10T15:19:03.781+0000] {taskinstance.py:2648} INFO - Exporting env vars: AIRFLOW_CTX_DAG_OWNER='***' AIRFLOW_CTX_DAG_ID='thongtin_cty_bctc' AIRFLOW_CTX_TASK_ID='ingest_bctc' AIRFLOW_CTX_EXECUTION_DATE='2025-12-30T00:00:00+00:00' AIRFLOW_CTX_TRY_NUMBER='1' AIRFLOW_CTX_DAG_RUN_ID='scheduled__2025-12-30T00:00:00+00:00'
[2026-01-10T15:19:03.783+0000] {taskinstance.py:430} INFO - ::endgroup::
[2026-01-10T15:19:03.794+0000] {logging_mixin.py:188} INFO - Bắt đầu xử lý batch 3 mã: ['CTA', 'CT6', 'CT5']
[2026-01-10T15:19:03.794+0000] {logging_mixin.py:188} INFO -  >> Đang lấy dữ liệu: CTA
[2026-01-10T15:19:06.447+0000] {logging_mixin.py:188} INFO -  >> Đang lấy dữ liệu: CT6
[2026-01-10T15:19:09.245+0000] {logging_mixin.py:188} INFO -  >> Đang lấy dữ liệu: CT5
[2026-01-10T15:19:09.795+0000] {logging_mixin.py:188} INFO -  Lỗi xử lý mã CT5: 'NoneType' object is not subscriptable
[2026-01-10T15:19:09.798+0000] {logging_mixin.py:188} INFO -  ✓ Hoàn thành batch. Tổng số dòng: 4515
[2026-01-10T15:19:09.847+0000] {base.py:84} INFO - Using connection ID 'minio_finance' for task execution.
[2026-01-10T15:19:09.849+0000] {connection_wrapper.py:384} INFO - AWS Connection (conn_id='minio_finance', conn_type='aws') credentials retrieved from login and password.
[2026-01-10T15:19:10.895+0000] {datalake_df2csv.py:52} INFO - ✅ Đã upload 4515 dòng -> s3://thongtin-congty-va-bctc/bctc/2025-12-30/batch_481.csv
[2026-01-10T15:19:10.898+0000] {taskinstance.py:441} INFO - ::group::Post task execution logs
[2026-01-10T15:19:10.941+0000] {taskinstance.py:1206} INFO - Marking task as SUCCESS. dag_id=thongtin_cty_bctc, task_id=ingest_bctc, run_id=scheduled__2025-12-30T00:00:00+00:00, map_index=481, execution_date=20251230T000000, start_date=20260110T151900, end_date=20260110T151910
[2026-01-10T15:19:14.586+0000] {local_task_job_runner.py:243} INFO - Task exited with return code 0
[2026-01-10T15:19:14.610+0000] {local_task_job_runner.py:222} INFO - ::endgroup::
