[2026-01-01T03:17:16.086+0000] {local_task_job_runner.py:120} INFO - ::group::Pre task execution logs
[2026-01-01T03:17:16.129+0000] {taskinstance.py:2076} INFO - Dependencies all met for dep_context=non-requeueable deps ti=<TaskInstance: thongtin_cty_bctc.ingest_overview scheduled__2025-12-30T00:00:00+00:00 map_index=76 [queued]>
[2026-01-01T03:17:16.158+0000] {taskinstance.py:2076} INFO - Dependencies all met for dep_context=requeueable deps ti=<TaskInstance: thongtin_cty_bctc.ingest_overview scheduled__2025-12-30T00:00:00+00:00 map_index=76 [queued]>
[2026-01-01T03:17:16.158+0000] {taskinstance.py:2306} INFO - Starting attempt 2 of 3
[2026-01-01T03:17:16.181+0000] {taskinstance.py:2330} INFO - Executing <Mapped(DfToCsvOperator): ingest_overview> on 2025-12-30 00:00:00+00:00
[2026-01-01T03:17:16.193+0000] {warnings.py:112} WARNING - This process (pid=35647) is multi-threaded, use of fork() may lead to deadlocks in the child.

[2026-01-01T03:17:16.195+0000] {standard_task_runner.py:64} INFO - Started process 35699 to run task
[2026-01-01T03:17:16.198+0000] {standard_task_runner.py:90} INFO - Running: ['***', 'tasks', 'run', 'thongtin_cty_bctc', 'ingest_overview', 'scheduled__2025-12-30T00:00:00+00:00', '--job-id', '3687', '--raw', '--subdir', 'DAGS_FOLDER/tt_cty_bctc.py', '--cfg-path', '/tmp/tmpwkk68rwq', '--map-index', '76']
[2026-01-01T03:17:16.200+0000] {standard_task_runner.py:91} INFO - Job 3687: Subtask ingest_overview
[2026-01-01T03:17:16.268+0000] {task_command.py:426} INFO - Running <TaskInstance: thongtin_cty_bctc.ingest_overview scheduled__2025-12-30T00:00:00+00:00 map_index=76 [running]> on host 43b0a0f7606b
[2026-01-01T03:17:16.401+0000] {taskinstance.py:2648} INFO - Exporting env vars: AIRFLOW_CTX_DAG_OWNER='***' AIRFLOW_CTX_DAG_ID='thongtin_cty_bctc' AIRFLOW_CTX_TASK_ID='ingest_overview' AIRFLOW_CTX_EXECUTION_DATE='2025-12-30T00:00:00+00:00' AIRFLOW_CTX_TRY_NUMBER='2' AIRFLOW_CTX_DAG_RUN_ID='scheduled__2025-12-30T00:00:00+00:00'
[2026-01-01T03:17:16.403+0000] {taskinstance.py:430} INFO - ::endgroup::
[2026-01-01T03:17:16.623+0000] {warnings.py:112} WARNING - DataFrame.applymap has been deprecated. Use DataFrame.map instead.

[2026-01-01T03:17:17.824+0000] {warnings.py:112} WARNING - DataFrame.applymap has been deprecated. Use DataFrame.map instead.

[2026-01-01T03:17:19.321+0000] {warnings.py:112} WARNING - DataFrame.applymap has been deprecated. Use DataFrame.map instead.

[2026-01-01T03:17:20.352+0000] {base.py:84} INFO - Using connection ID 'minio_finance' for task execution.
[2026-01-01T03:17:20.353+0000] {connection_wrapper.py:384} INFO - AWS Connection (conn_id='minio_finance', conn_type='aws') credentials retrieved from login and password.
[2026-01-01T03:17:20.905+0000] {datalake_df2csv.py:53} INFO - ✅ Đã upload 3 dòng -> s3://thongtin-congty-va-bctc/overview/2025-12-30/batch_76.csv
[2026-01-01T03:17:20.906+0000] {taskinstance.py:441} INFO - ::group::Post task execution logs
[2026-01-01T03:17:20.918+0000] {taskinstance.py:1206} INFO - Marking task as SUCCESS. dag_id=thongtin_cty_bctc, task_id=ingest_overview, run_id=scheduled__2025-12-30T00:00:00+00:00, map_index=76, execution_date=20251230T000000, start_date=20260101T031716, end_date=20260101T031720
[2026-01-01T03:17:21.901+0000] {local_task_job_runner.py:243} INFO - Task exited with return code 0
[2026-01-01T03:17:21.932+0000] {taskinstance.py:3503} INFO - 0 downstream tasks scheduled from follow-on schedule check
[2026-01-01T03:17:21.951+0000] {local_task_job_runner.py:222} INFO - ::endgroup::
