[2026-01-01T02:13:17.075+0000] {local_task_job_runner.py:120} INFO - ::group::Pre task execution logs
[2026-01-01T02:13:17.157+0000] {taskinstance.py:2076} INFO - Dependencies all met for dep_context=non-requeueable deps ti=<TaskInstance: thongtin_cty_bctc.ingest_overview scheduled__2025-12-31T00:00:00+00:00 map_index=130 [queued]>
[2026-01-01T02:13:17.213+0000] {taskinstance.py:2076} INFO - Dependencies all met for dep_context=requeueable deps ti=<TaskInstance: thongtin_cty_bctc.ingest_overview scheduled__2025-12-31T00:00:00+00:00 map_index=130 [queued]>
[2026-01-01T02:13:17.214+0000] {taskinstance.py:2306} INFO - Starting attempt 1 of 2
[2026-01-01T02:13:17.252+0000] {taskinstance.py:2330} INFO - Executing <Mapped(DfToCsvOperator): ingest_overview> on 2025-12-31 00:00:00+00:00
[2026-01-01T02:13:17.272+0000] {warnings.py:112} WARNING - This process (pid=4383) is multi-threaded, use of fork() may lead to deadlocks in the child.

[2026-01-01T02:13:17.274+0000] {standard_task_runner.py:64} INFO - Started process 4507 to run task
[2026-01-01T02:13:17.280+0000] {standard_task_runner.py:90} INFO - Running: ['***', 'tasks', 'run', 'thongtin_cty_bctc', 'ingest_overview', 'scheduled__2025-12-31T00:00:00+00:00', '--job-id', '960', '--raw', '--subdir', 'DAGS_FOLDER/tt_cty_bctc.py', '--cfg-path', '/tmp/tmpkrsj78j1', '--map-index', '130']
[2026-01-01T02:13:17.285+0000] {standard_task_runner.py:91} INFO - Job 960: Subtask ingest_overview
[2026-01-01T02:13:17.464+0000] {task_command.py:426} INFO - Running <TaskInstance: thongtin_cty_bctc.ingest_overview scheduled__2025-12-31T00:00:00+00:00 map_index=130 [running]> on host 43b0a0f7606b
[2026-01-01T02:13:18.252+0000] {taskinstance.py:2648} INFO - Exporting env vars: AIRFLOW_CTX_DAG_OWNER='***' AIRFLOW_CTX_DAG_ID='thongtin_cty_bctc' AIRFLOW_CTX_TASK_ID='ingest_overview' AIRFLOW_CTX_EXECUTION_DATE='2025-12-31T00:00:00+00:00' AIRFLOW_CTX_TRY_NUMBER='1' AIRFLOW_CTX_DAG_RUN_ID='scheduled__2025-12-31T00:00:00+00:00'
[2026-01-01T02:13:18.254+0000] {taskinstance.py:430} INFO - ::endgroup::
[2026-01-01T02:13:18.574+0000] {logging_mixin.py:188} INFO - Err overview PRO: Failed to fetch data: 429 - Too Many Requests
[2026-01-01T02:13:18.750+0000] {logging_mixin.py:188} INFO - Err overview PRE: Failed to fetch data: 429 - Too Many Requests
[2026-01-01T02:13:18.954+0000] {logging_mixin.py:188} INFO - Err overview PRC: Failed to fetch data: 429 - Too Many Requests
[2026-01-01T02:13:19.105+0000] {logging_mixin.py:188} INFO - Err overview PQN: Failed to fetch data: 429 - Too Many Requests
[2026-01-01T02:13:19.297+0000] {logging_mixin.py:188} INFO - Err overview PPY: Failed to fetch data: 429 - Too Many Requests
[2026-01-01T02:13:19.303+0000] {datalake_df2csv.py:40} INFO - DataFrame rỗng, bỏ qua upload CSV.
[2026-01-01T02:13:19.304+0000] {taskinstance.py:441} INFO - ::group::Post task execution logs
[2026-01-01T02:13:19.363+0000] {taskinstance.py:1206} INFO - Marking task as SUCCESS. dag_id=thongtin_cty_bctc, task_id=ingest_overview, run_id=scheduled__2025-12-31T00:00:00+00:00, map_index=130, execution_date=20251231T000000, start_date=20260101T021317, end_date=20260101T021319
[2026-01-01T02:13:19.520+0000] {local_task_job_runner.py:243} INFO - Task exited with return code 0
[2026-01-01T02:13:19.591+0000] {taskinstance.py:3503} INFO - 0 downstream tasks scheduled from follow-on schedule check
[2026-01-01T02:13:19.619+0000] {local_task_job_runner.py:222} INFO - ::endgroup::
