[2026-01-11T03:24:42.539+0000] {local_task_job_runner.py:120} INFO - ::group::Pre task execution logs
[2026-01-11T03:24:42.566+0000] {taskinstance.py:2076} INFO - Dependencies all met for dep_context=non-requeueable deps ti=<TaskInstance: bctc.ingest_bctc manual__2026-01-11T03:22:36.146797+00:00 map_index=34 [queued]>
[2026-01-11T03:24:42.581+0000] {taskinstance.py:2076} INFO - Dependencies all met for dep_context=requeueable deps ti=<TaskInstance: bctc.ingest_bctc manual__2026-01-11T03:22:36.146797+00:00 map_index=34 [queued]>
[2026-01-11T03:24:42.582+0000] {taskinstance.py:2306} INFO - Starting attempt 1 of 2
[2026-01-11T03:24:42.599+0000] {taskinstance.py:2330} INFO - Executing <Mapped(DfToCsvOperator): ingest_bctc> on 2026-01-11 03:22:36.146797+00:00
[2026-01-11T03:24:42.609+0000] {warnings.py:112} WARNING - This process (pid=3784) is multi-threaded, use of fork() may lead to deadlocks in the child.

[2026-01-11T03:24:42.611+0000] {standard_task_runner.py:64} INFO - Started process 3855 to run task
[2026-01-11T03:24:42.613+0000] {standard_task_runner.py:90} INFO - Running: ['***', 'tasks', 'run', 'bctc', 'ingest_bctc', 'manual__2026-01-11T03:22:36.146797+00:00', '--job-id', '9944', '--raw', '--subdir', 'DAGS_FOLDER/tt_cty_bctc.py', '--cfg-path', '/tmp/tmpvyzc2iua', '--map-index', '34']
[2026-01-11T03:24:42.614+0000] {standard_task_runner.py:91} INFO - Job 9944: Subtask ingest_bctc
[2026-01-11T03:24:42.668+0000] {task_command.py:426} INFO - Running <TaskInstance: bctc.ingest_bctc manual__2026-01-11T03:22:36.146797+00:00 map_index=34 [running]> on host 3f2af93df813
[2026-01-11T03:24:42.786+0000] {taskinstance.py:2648} INFO - Exporting env vars: AIRFLOW_CTX_DAG_OWNER='***' AIRFLOW_CTX_DAG_ID='bctc' AIRFLOW_CTX_TASK_ID='ingest_bctc' AIRFLOW_CTX_EXECUTION_DATE='2026-01-11T03:22:36.146797+00:00' AIRFLOW_CTX_TRY_NUMBER='1' AIRFLOW_CTX_DAG_RUN_ID='manual__2026-01-11T03:22:36.146797+00:00'
[2026-01-11T03:24:42.787+0000] {taskinstance.py:430} INFO - ::endgroup::
[2026-01-11T03:24:42.796+0000] {logging_mixin.py:188} INFO - Bắt đầu xử lý batch 20 mã: ['PMC', 'PMB', 'PLX', 'PLP', 'PLO', 'PLE', 'PLC', 'PLA', 'PJT', 'PJS', 'PJC', 'PIV', 'PIT', 'PIS', 'PID', 'PIC', 'PIA', 'PHS', 'PHR', 'PHP']
[2026-01-11T03:24:42.797+0000] {logging_mixin.py:188} INFO -  >> Đang lấy dữ liệu: PMC
[2026-01-11T03:24:42.929+0000] {logging_mixin.py:188} INFO -  Lỗi xử lý mã PMC: Failed to fetch data: 429 - Too Many Requests
[2026-01-11T03:24:42.930+0000] {logging_mixin.py:188} INFO -  >> Đang lấy dữ liệu: PMB
[2026-01-11T03:24:43.054+0000] {logging_mixin.py:188} INFO -  Lỗi xử lý mã PMB: Failed to fetch data: 429 - Too Many Requests
[2026-01-11T03:24:43.055+0000] {logging_mixin.py:188} INFO -  >> Đang lấy dữ liệu: PLX
[2026-01-11T03:24:43.174+0000] {logging_mixin.py:188} INFO -  Lỗi xử lý mã PLX: Failed to fetch data: 429 - Too Many Requests
[2026-01-11T03:24:43.174+0000] {logging_mixin.py:188} INFO -  >> Đang lấy dữ liệu: PLP
[2026-01-11T03:24:43.295+0000] {logging_mixin.py:188} INFO -  Lỗi xử lý mã PLP: Failed to fetch data: 429 - Too Many Requests
[2026-01-11T03:24:43.296+0000] {logging_mixin.py:188} INFO -  >> Đang lấy dữ liệu: PLO
[2026-01-11T03:24:43.431+0000] {logging_mixin.py:188} INFO -  Lỗi xử lý mã PLO: Failed to fetch data: 429 - Too Many Requests
[2026-01-11T03:24:43.432+0000] {logging_mixin.py:188} INFO -  >> Đang lấy dữ liệu: PLE
[2026-01-11T03:24:43.533+0000] {logging_mixin.py:188} INFO -  Lỗi xử lý mã PLE: Failed to fetch data: 429 - Too Many Requests
[2026-01-11T03:24:43.534+0000] {logging_mixin.py:188} INFO -  >> Đang lấy dữ liệu: PLC
[2026-01-11T03:24:43.854+0000] {logging_mixin.py:188} INFO -  Lỗi xử lý mã PLC: Failed to fetch data: 429 - Too Many Requests
[2026-01-11T03:24:43.856+0000] {logging_mixin.py:188} INFO -  >> Đang lấy dữ liệu: PLA
[2026-01-11T03:24:44.007+0000] {logging_mixin.py:188} INFO -  Lỗi xử lý mã PLA: Failed to fetch data: 429 - Too Many Requests
[2026-01-11T03:24:44.008+0000] {logging_mixin.py:188} INFO -  >> Đang lấy dữ liệu: PJT
[2026-01-11T03:24:45.990+0000] {logging_mixin.py:188} INFO -  Lỗi xử lý mã PJT: Failed to fetch data: 429 - Too Many Requests
[2026-01-11T03:24:45.991+0000] {logging_mixin.py:188} INFO -  >> Đang lấy dữ liệu: PJS
[2026-01-11T03:24:46.430+0000] {logging_mixin.py:188} INFO -  Lỗi xử lý mã PJS: Failed to fetch data: 429 - Too Many Requests
[2026-01-11T03:24:46.431+0000] {logging_mixin.py:188} INFO -  >> Đang lấy dữ liệu: PJC
[2026-01-11T03:24:46.617+0000] {logging_mixin.py:188} INFO -  Lỗi xử lý mã PJC: Failed to fetch data: 429 - Too Many Requests
[2026-01-11T03:24:46.619+0000] {logging_mixin.py:188} INFO -  >> Đang lấy dữ liệu: PIV
[2026-01-11T03:24:46.852+0000] {logging_mixin.py:188} INFO -  Lỗi xử lý mã PIV: Failed to fetch data: 429 - Too Many Requests
[2026-01-11T03:24:46.853+0000] {logging_mixin.py:188} INFO -  >> Đang lấy dữ liệu: PIT
[2026-01-11T03:24:47.365+0000] {logging_mixin.py:188} INFO -  Lỗi xử lý mã PIT: Failed to fetch data: 429 - Too Many Requests
[2026-01-11T03:24:47.366+0000] {logging_mixin.py:188} INFO -  >> Đang lấy dữ liệu: PIS
[2026-01-11T03:24:47.671+0000] {logging_mixin.py:188} INFO -  Lỗi xử lý mã PIS: Failed to fetch data: 429 - Too Many Requests
[2026-01-11T03:24:47.681+0000] {logging_mixin.py:188} INFO -  >> Đang lấy dữ liệu: PID
[2026-01-11T03:24:47.993+0000] {logging_mixin.py:188} INFO -  Lỗi xử lý mã PID: Failed to fetch data: 429 - Too Many Requests
[2026-01-11T03:24:47.994+0000] {logging_mixin.py:188} INFO -  >> Đang lấy dữ liệu: PIC
[2026-01-11T03:24:48.979+0000] {logging_mixin.py:188} INFO -  Lỗi xử lý mã PIC: Failed to fetch data: 429 - Too Many Requests
[2026-01-11T03:24:48.980+0000] {logging_mixin.py:188} INFO -  >> Đang lấy dữ liệu: PIA
[2026-01-11T03:24:50.354+0000] {logging_mixin.py:188} INFO -  Lỗi xử lý mã PIA: Failed to fetch data: 429 - Too Many Requests
[2026-01-11T03:24:50.355+0000] {logging_mixin.py:188} INFO -  >> Đang lấy dữ liệu: PHS
[2026-01-11T03:24:50.553+0000] {logging_mixin.py:188} INFO -  Lỗi xử lý mã PHS: Failed to fetch data: 429 - Too Many Requests
[2026-01-11T03:24:50.554+0000] {logging_mixin.py:188} INFO -  >> Đang lấy dữ liệu: PHR
[2026-01-11T03:24:50.754+0000] {logging_mixin.py:188} INFO -  Lỗi xử lý mã PHR: Failed to fetch data: 429 - Too Many Requests
[2026-01-11T03:24:50.755+0000] {logging_mixin.py:188} INFO -  >> Đang lấy dữ liệu: PHP
[2026-01-11T03:24:50.902+0000] {logging_mixin.py:188} INFO -  Lỗi xử lý mã PHP: Failed to fetch data: 429 - Too Many Requests
[2026-01-11T03:24:50.903+0000] {logging_mixin.py:188} INFO -  ⚠ Batch này không thu được dữ liệu nào.
[2026-01-11T03:24:50.908+0000] {datalake_df2csv.py:40} INFO - DataFrame rỗng, bỏ qua upload CSV.
[2026-01-11T03:24:50.908+0000] {taskinstance.py:441} INFO - ::group::Post task execution logs
[2026-01-11T03:24:50.928+0000] {taskinstance.py:1206} INFO - Marking task as SUCCESS. dag_id=bctc, task_id=ingest_bctc, run_id=manual__2026-01-11T03:22:36.146797+00:00, map_index=34, execution_date=20260111T032236, start_date=20260111T032442, end_date=20260111T032450
[2026-01-11T03:24:51.230+0000] {local_task_job_runner.py:243} INFO - Task exited with return code 0
[2026-01-11T03:24:51.265+0000] {taskinstance.py:3503} INFO - 0 downstream tasks scheduled from follow-on schedule check
[2026-01-11T03:24:51.267+0000] {local_task_job_runner.py:222} INFO - ::endgroup::
