[2026-01-01T09:04:35.065+0000] {local_task_job_runner.py:120} INFO - ::group::Pre task execution logs
[2026-01-01T09:04:35.100+0000] {taskinstance.py:2076} INFO - Dependencies all met for dep_context=non-requeueable deps ti=<TaskInstance: thongtin_cty_bctc.ingest_bctc scheduled__2025-12-30T00:00:00+00:00 map_index=21 [queued]>
[2026-01-01T09:04:35.126+0000] {taskinstance.py:2076} INFO - Dependencies all met for dep_context=requeueable deps ti=<TaskInstance: thongtin_cty_bctc.ingest_bctc scheduled__2025-12-30T00:00:00+00:00 map_index=21 [queued]>
[2026-01-01T09:04:35.127+0000] {taskinstance.py:2306} INFO - Starting attempt 5 of 6
[2026-01-01T09:04:35.148+0000] {taskinstance.py:2330} INFO - Executing <Mapped(DfToCsvOperator): ingest_bctc> on 2025-12-30 00:00:00+00:00
[2026-01-01T09:04:35.161+0000] {warnings.py:112} WARNING - This process (pid=9091) is multi-threaded, use of fork() may lead to deadlocks in the child.

[2026-01-01T09:04:35.163+0000] {standard_task_runner.py:64} INFO - Started process 9162 to run task
[2026-01-01T09:04:35.165+0000] {standard_task_runner.py:90} INFO - Running: ['***', 'tasks', 'run', 'thongtin_cty_bctc', 'ingest_bctc', 'scheduled__2025-12-30T00:00:00+00:00', '--job-id', '4488', '--raw', '--subdir', 'DAGS_FOLDER/tt_cty_bctc.py', '--cfg-path', '/tmp/tmprks0_sa9', '--map-index', '21']
[2026-01-01T09:04:35.167+0000] {standard_task_runner.py:91} INFO - Job 4488: Subtask ingest_bctc
[2026-01-01T09:04:35.273+0000] {task_command.py:426} INFO - Running <TaskInstance: thongtin_cty_bctc.ingest_bctc scheduled__2025-12-30T00:00:00+00:00 map_index=21 [running]> on host b455963a0603
[2026-01-01T09:04:35.412+0000] {taskinstance.py:2648} INFO - Exporting env vars: AIRFLOW_CTX_DAG_OWNER='***' AIRFLOW_CTX_DAG_ID='thongtin_cty_bctc' AIRFLOW_CTX_TASK_ID='ingest_bctc' AIRFLOW_CTX_EXECUTION_DATE='2025-12-30T00:00:00+00:00' AIRFLOW_CTX_TRY_NUMBER='5' AIRFLOW_CTX_DAG_RUN_ID='scheduled__2025-12-30T00:00:00+00:00'
[2026-01-01T09:04:35.415+0000] {taskinstance.py:430} INFO - ::endgroup::
[2026-01-01T09:04:35.425+0000] {logging_mixin.py:188} INFO - Bắt đầu xử lý batch 3 mã: ['VPW', 'VPS', 'VPR']
[2026-01-01T09:04:35.426+0000] {logging_mixin.py:188} INFO -  >> Đang lấy dữ liệu: VPW
[2026-01-01T09:04:40.292+0000] {logging_mixin.py:188} INFO - ❌ Lỗi income_statement: RetryError[<Future at 0x7f266ee0fb30 state=finished raised KeyError>]
[2026-01-01T09:04:44.703+0000] {logging_mixin.py:188} INFO - ❌ Lỗi balance_sheet: RetryError[<Future at 0x7f266ee0fdd0 state=finished raised KeyError>]
[2026-01-01T09:04:49.208+0000] {logging_mixin.py:188} INFO - ❌ Lỗi cash_flow: RetryError[<Future at 0x7f266ee28380 state=finished raised KeyError>]
[2026-01-01T09:04:50.209+0000] {logging_mixin.py:188} INFO -  >> Đang lấy dữ liệu: VPS
[2026-01-01T09:04:53.240+0000] {logging_mixin.py:188} INFO -  >> Đang lấy dữ liệu: VPR
[2026-01-01T09:04:58.018+0000] {logging_mixin.py:188} INFO - ❌ Lỗi income_statement: RetryError[<Future at 0x7f266eed20c0 state=finished raised KeyError>]
[2026-01-01T09:05:02.498+0000] {logging_mixin.py:188} INFO - ❌ Lỗi balance_sheet: RetryError[<Future at 0x7f266eed0440 state=finished raised KeyError>]
[2026-01-01T09:05:07.106+0000] {logging_mixin.py:188} INFO - ❌ Lỗi cash_flow: RetryError[<Future at 0x7f266eed11f0 state=finished raised KeyError>]
[2026-01-01T09:05:08.108+0000] {logging_mixin.py:188} INFO -  ✓ Hoàn thành batch. Tổng số dòng: 4042
[2026-01-01T09:05:08.151+0000] {base.py:84} INFO - Using connection ID 'minio_finance' for task execution.
[2026-01-01T09:05:08.166+0000] {connection_wrapper.py:384} INFO - AWS Connection (conn_id='minio_finance', conn_type='aws') credentials retrieved from login and password.
[2026-01-01T09:05:08.799+0000] {datalake_df2csv.py:53} INFO - ✅ Đã upload 4042 dòng -> s3://thongtin-congty-va-bctc/bctc/2025-12-30/batch_21.csv
[2026-01-01T09:05:08.800+0000] {taskinstance.py:441} INFO - ::group::Post task execution logs
[2026-01-01T09:05:08.811+0000] {taskinstance.py:1206} INFO - Marking task as SUCCESS. dag_id=thongtin_cty_bctc, task_id=ingest_bctc, run_id=scheduled__2025-12-30T00:00:00+00:00, map_index=21, execution_date=20251230T000000, start_date=20260101T090435, end_date=20260101T090508
[2026-01-01T09:05:08.897+0000] {local_task_job_runner.py:243} INFO - Task exited with return code 0
[2026-01-01T09:05:09.137+0000] {taskinstance.py:3503} INFO - 0 downstream tasks scheduled from follow-on schedule check
[2026-01-01T09:05:09.141+0000] {local_task_job_runner.py:222} INFO - ::endgroup::
