[2025-12-31T14:35:43.813+0000] {local_task_job_runner.py:120} INFO - ::group::Pre task execution logs
[2025-12-31T14:35:43.841+0000] {taskinstance.py:2076} INFO - Dependencies all met for dep_context=non-requeueable deps ti=<TaskInstance: thongtin_cty_bctc.ingest_bctc scheduled__2025-12-30T00:00:00+00:00 map_index=21 [queued]>
[2025-12-31T14:35:43.857+0000] {taskinstance.py:2076} INFO - Dependencies all met for dep_context=requeueable deps ti=<TaskInstance: thongtin_cty_bctc.ingest_bctc scheduled__2025-12-30T00:00:00+00:00 map_index=21 [queued]>
[2025-12-31T14:35:43.857+0000] {taskinstance.py:2306} INFO - Starting attempt 1 of 2
[2025-12-31T14:35:43.877+0000] {taskinstance.py:2330} INFO - Executing <Mapped(DfToCsvOperator): ingest_bctc> on 2025-12-30 00:00:00+00:00
[2025-12-31T14:35:43.889+0000] {warnings.py:112} WARNING - This process (pid=1330) is multi-threaded, use of fork() may lead to deadlocks in the child.

[2025-12-31T14:35:43.891+0000] {standard_task_runner.py:64} INFO - Started process 1382 to run task
[2025-12-31T14:35:43.894+0000] {standard_task_runner.py:90} INFO - Running: ['***', 'tasks', 'run', 'thongtin_cty_bctc', 'ingest_bctc', 'scheduled__2025-12-30T00:00:00+00:00', '--job-id', '72', '--raw', '--subdir', 'DAGS_FOLDER/tt_cty_bctc.py', '--cfg-path', '/tmp/tmpf3j_w6kw', '--map-index', '21']
[2025-12-31T14:35:43.895+0000] {standard_task_runner.py:91} INFO - Job 72: Subtask ingest_bctc
[2025-12-31T14:35:43.964+0000] {task_command.py:426} INFO - Running <TaskInstance: thongtin_cty_bctc.ingest_bctc scheduled__2025-12-30T00:00:00+00:00 map_index=21 [running]> on host 8bc7f11ea9a4
[2025-12-31T14:35:44.097+0000] {taskinstance.py:2648} INFO - Exporting env vars: AIRFLOW_CTX_DAG_OWNER='***' AIRFLOW_CTX_DAG_ID='thongtin_cty_bctc' AIRFLOW_CTX_TASK_ID='ingest_bctc' AIRFLOW_CTX_EXECUTION_DATE='2025-12-30T00:00:00+00:00' AIRFLOW_CTX_TRY_NUMBER='1' AIRFLOW_CTX_DAG_RUN_ID='scheduled__2025-12-30T00:00:00+00:00'
[2025-12-31T14:35:44.098+0000] {taskinstance.py:430} INFO - ::endgroup::
[2025-12-31T14:35:44.110+0000] {logging_mixin.py:188} INFO - Bắt đầu xử lý batch 20 mã: ['SSC', 'SSB', 'SRT', 'SRF', 'SRC', 'SRB', 'SRA', 'SQC', 'SPV', 'SPP', 'SPM', 'SPI', 'SPH', 'SPD', 'SPC', 'SPB', 'SPA', 'SP2', 'SON', 'SNZ']
[2025-12-31T14:35:44.111+0000] {logging_mixin.py:188} INFO -  >> Đang lấy dữ liệu: SSC
[2025-12-31T14:35:44.390+0000] {logging_mixin.py:188} INFO -  Lỗi xử lý mã SSC: Failed to fetch data: 429 - Too Many Requests
[2025-12-31T14:35:44.391+0000] {logging_mixin.py:188} INFO -  >> Đang lấy dữ liệu: SSB
[2025-12-31T14:35:44.545+0000] {logging_mixin.py:188} INFO -  Lỗi xử lý mã SSB: Failed to fetch data: 429 - Too Many Requests
[2025-12-31T14:35:44.546+0000] {logging_mixin.py:188} INFO -  >> Đang lấy dữ liệu: SRT
[2025-12-31T14:35:44.697+0000] {logging_mixin.py:188} INFO -  Lỗi xử lý mã SRT: Failed to fetch data: 429 - Too Many Requests
[2025-12-31T14:35:44.698+0000] {logging_mixin.py:188} INFO -  >> Đang lấy dữ liệu: SRF
[2025-12-31T14:35:44.854+0000] {logging_mixin.py:188} INFO -  Lỗi xử lý mã SRF: Failed to fetch data: 429 - Too Many Requests
[2025-12-31T14:35:44.855+0000] {logging_mixin.py:188} INFO -  >> Đang lấy dữ liệu: SRC
[2025-12-31T14:35:45.051+0000] {logging_mixin.py:188} INFO -  Lỗi xử lý mã SRC: Failed to fetch data: 429 - Too Many Requests
[2025-12-31T14:35:45.052+0000] {logging_mixin.py:188} INFO -  >> Đang lấy dữ liệu: SRB
[2025-12-31T14:35:45.271+0000] {logging_mixin.py:188} INFO -  Lỗi xử lý mã SRB: Failed to fetch data: 429 - Too Many Requests
[2025-12-31T14:35:45.273+0000] {logging_mixin.py:188} INFO -  >> Đang lấy dữ liệu: SRA
[2025-12-31T14:35:45.557+0000] {logging_mixin.py:188} INFO -  Lỗi xử lý mã SRA: Failed to fetch data: 429 - Too Many Requests
[2025-12-31T14:35:45.559+0000] {logging_mixin.py:188} INFO -  >> Đang lấy dữ liệu: SQC
[2025-12-31T14:35:45.707+0000] {logging_mixin.py:188} INFO -  Lỗi xử lý mã SQC: Failed to fetch data: 429 - Too Many Requests
[2025-12-31T14:35:45.709+0000] {logging_mixin.py:188} INFO -  >> Đang lấy dữ liệu: SPV
[2025-12-31T14:35:45.971+0000] {logging_mixin.py:188} INFO -  Lỗi xử lý mã SPV: Failed to fetch data: 429 - Too Many Requests
[2025-12-31T14:35:45.972+0000] {logging_mixin.py:188} INFO -  >> Đang lấy dữ liệu: SPP
[2025-12-31T14:35:46.118+0000] {logging_mixin.py:188} INFO -  Lỗi xử lý mã SPP: Failed to fetch data: 429 - Too Many Requests
[2025-12-31T14:35:46.119+0000] {logging_mixin.py:188} INFO -  >> Đang lấy dữ liệu: SPM
[2025-12-31T14:35:46.276+0000] {logging_mixin.py:188} INFO -  Lỗi xử lý mã SPM: Failed to fetch data: 429 - Too Many Requests
[2025-12-31T14:35:46.277+0000] {logging_mixin.py:188} INFO -  >> Đang lấy dữ liệu: SPI
[2025-12-31T14:35:46.452+0000] {logging_mixin.py:188} INFO -  Lỗi xử lý mã SPI: Failed to fetch data: 429 - Too Many Requests
[2025-12-31T14:35:46.454+0000] {logging_mixin.py:188} INFO -  >> Đang lấy dữ liệu: SPH
[2025-12-31T14:35:46.680+0000] {logging_mixin.py:188} INFO -  Lỗi xử lý mã SPH: Failed to fetch data: 429 - Too Many Requests
[2025-12-31T14:35:46.681+0000] {logging_mixin.py:188} INFO -  >> Đang lấy dữ liệu: SPD
[2025-12-31T14:35:46.904+0000] {logging_mixin.py:188} INFO -  Lỗi xử lý mã SPD: Failed to fetch data: 429 - Too Many Requests
[2025-12-31T14:35:46.904+0000] {logging_mixin.py:188} INFO -  >> Đang lấy dữ liệu: SPC
[2025-12-31T14:35:47.059+0000] {logging_mixin.py:188} INFO -  Lỗi xử lý mã SPC: Failed to fetch data: 429 - Too Many Requests
[2025-12-31T14:35:47.060+0000] {logging_mixin.py:188} INFO -  >> Đang lấy dữ liệu: SPB
[2025-12-31T14:35:47.228+0000] {logging_mixin.py:188} INFO -  Lỗi xử lý mã SPB: Failed to fetch data: 429 - Too Many Requests
[2025-12-31T14:35:47.229+0000] {logging_mixin.py:188} INFO -  >> Đang lấy dữ liệu: SPA
[2025-12-31T14:35:47.384+0000] {logging_mixin.py:188} INFO -  Lỗi xử lý mã SPA: Failed to fetch data: 429 - Too Many Requests
[2025-12-31T14:35:47.385+0000] {logging_mixin.py:188} INFO -  >> Đang lấy dữ liệu: SP2
[2025-12-31T14:35:47.553+0000] {logging_mixin.py:188} INFO -  Lỗi xử lý mã SP2: Failed to fetch data: 429 - Too Many Requests
[2025-12-31T14:35:47.554+0000] {logging_mixin.py:188} INFO -  >> Đang lấy dữ liệu: SON
[2025-12-31T14:35:47.700+0000] {logging_mixin.py:188} INFO -  Lỗi xử lý mã SON: Failed to fetch data: 429 - Too Many Requests
[2025-12-31T14:35:47.701+0000] {logging_mixin.py:188} INFO -  >> Đang lấy dữ liệu: SNZ
[2025-12-31T14:35:47.893+0000] {logging_mixin.py:188} INFO -  Lỗi xử lý mã SNZ: Failed to fetch data: 429 - Too Many Requests
[2025-12-31T14:35:47.894+0000] {logging_mixin.py:188} INFO -  ⚠ Batch này không thu được dữ liệu nào.
[2025-12-31T14:35:47.898+0000] {datalake_df2csv.py:40} INFO - DataFrame rỗng, bỏ qua upload CSV.
[2025-12-31T14:35:47.900+0000] {taskinstance.py:441} INFO - ::group::Post task execution logs
[2025-12-31T14:35:47.912+0000] {taskinstance.py:1206} INFO - Marking task as SUCCESS. dag_id=thongtin_cty_bctc, task_id=ingest_bctc, run_id=scheduled__2025-12-30T00:00:00+00:00, map_index=21, execution_date=20251230T000000, start_date=20251231T143543, end_date=20251231T143547
[2025-12-31T14:35:47.959+0000] {local_task_job_runner.py:243} INFO - Task exited with return code 0
[2025-12-31T14:35:47.968+0000] {local_task_job_runner.py:222} INFO - ::endgroup::
