[2026-01-13T13:23:39.573+0000] {local_task_job_runner.py:120} INFO - ::group::Pre task execution logs
[2026-01-13T13:23:39.616+0000] {taskinstance.py:2076} INFO - Dependencies all met for dep_context=non-requeueable deps ti=<TaskInstance: bctc.ingest_bctc manual__2026-01-13T13:17:52+00:00 map_index=40 [queued]>
[2026-01-13T13:23:39.637+0000] {taskinstance.py:2076} INFO - Dependencies all met for dep_context=requeueable deps ti=<TaskInstance: bctc.ingest_bctc manual__2026-01-13T13:17:52+00:00 map_index=40 [queued]>
[2026-01-13T13:23:39.638+0000] {taskinstance.py:2306} INFO - Starting attempt 1 of 2
[2026-01-13T13:23:39.661+0000] {taskinstance.py:2330} INFO - Executing <Mapped(DfToCsvOperator): ingest_bctc> on 2026-01-13 13:17:52+00:00
[2026-01-13T13:23:39.675+0000] {warnings.py:112} WARNING - This process (pid=1681) is multi-threaded, use of fork() may lead to deadlocks in the child.

[2026-01-13T13:23:39.677+0000] {standard_task_runner.py:64} INFO - Started process 1745 to run task
[2026-01-13T13:23:39.681+0000] {standard_task_runner.py:90} INFO - Running: ['***', 'tasks', 'run', 'bctc', 'ingest_bctc', 'manual__2026-01-13T13:17:52+00:00', '--job-id', '15006', '--raw', '--subdir', 'DAGS_FOLDER/tt_cty_bctc.py', '--cfg-path', '/tmp/tmp9p4wed5p', '--map-index', '40']
[2026-01-13T13:23:39.685+0000] {standard_task_runner.py:91} INFO - Job 15006: Subtask ingest_bctc
[2026-01-13T13:23:39.766+0000] {task_command.py:426} INFO - Running <TaskInstance: bctc.ingest_bctc manual__2026-01-13T13:17:52+00:00 map_index=40 [running]> on host 03cf7cc79cc9
[2026-01-13T13:23:39.905+0000] {taskinstance.py:2648} INFO - Exporting env vars: AIRFLOW_CTX_DAG_OWNER='***' AIRFLOW_CTX_DAG_ID='bctc' AIRFLOW_CTX_TASK_ID='ingest_bctc' AIRFLOW_CTX_EXECUTION_DATE='2026-01-13T13:17:52+00:00' AIRFLOW_CTX_TRY_NUMBER='1' AIRFLOW_CTX_DAG_RUN_ID='manual__2026-01-13T13:17:52+00:00'
[2026-01-13T13:23:39.907+0000] {taskinstance.py:430} INFO - ::endgroup::
[2026-01-13T13:23:39.919+0000] {logging_mixin.py:188} INFO - Bắt đầu xử lý batch 20 mã: ['NDW', 'NDT', 'NDP', 'NDN', 'NDF', 'NDC', 'ND2', 'NCT', 'NCS', 'NCG', 'NBW', 'NBT', 'NBP', 'NBE', 'NBC', 'NBB', 'NAW', 'NAV', 'NAU', 'NAS']
[2026-01-13T13:23:39.921+0000] {logging_mixin.py:188} INFO -  >> Đang lấy dữ liệu: NDW
[2026-01-13T13:23:48.642+0000] {logging_mixin.py:188} INFO -  >> Đang lấy dữ liệu: NDT
[2026-01-13T13:23:59.090+0000] {logging_mixin.py:188} INFO -  >> Đang lấy dữ liệu: NDP
[2026-01-13T13:24:07.971+0000] {logging_mixin.py:188} INFO -  >> Đang lấy dữ liệu: NDN
[2026-01-13T13:24:17.645+0000] {logging_mixin.py:188} INFO -  >> Đang lấy dữ liệu: NDF
[2026-01-13T13:24:27.013+0000] {logging_mixin.py:188} INFO -  >> Đang lấy dữ liệu: NDC
[2026-01-13T13:24:33.122+0000] {logging_mixin.py:188} INFO - ❌ Lỗi income_statement: RetryError[<Future at 0x7fb998c42810 state=finished raised KeyError>]
[2026-01-13T13:24:39.420+0000] {logging_mixin.py:188} INFO - ❌ Lỗi balance_sheet: RetryError[<Future at 0x7fb998c43bc0 state=finished raised KeyError>]
[2026-01-13T13:24:45.688+0000] {logging_mixin.py:188} INFO - ❌ Lỗi cash_flow: RetryError[<Future at 0x7fb998c16180 state=finished raised KeyError>]
[2026-01-13T13:24:49.189+0000] {logging_mixin.py:188} INFO -  >> Đang lấy dữ liệu: ND2
[2026-01-13T13:24:58.301+0000] {logging_mixin.py:188} INFO -  >> Đang lấy dữ liệu: NCT
[2026-01-13T13:25:08.419+0000] {logging_mixin.py:188} INFO -  >> Đang lấy dữ liệu: NCS
[2026-01-13T13:25:17.518+0000] {logging_mixin.py:188} INFO -  >> Đang lấy dữ liệu: NCG
[2026-01-13T13:25:26.677+0000] {logging_mixin.py:188} INFO -  >> Đang lấy dữ liệu: NBW
[2026-01-13T13:25:38.587+0000] {logging_mixin.py:188} INFO -  >> Đang lấy dữ liệu: NBT
[2026-01-13T13:25:47.787+0000] {logging_mixin.py:188} INFO -  >> Đang lấy dữ liệu: NBP
[2026-01-13T13:25:56.235+0000] {logging_mixin.py:188} INFO -  >> Đang lấy dữ liệu: NBE
[2026-01-13T13:26:00.992+0000] {logging_mixin.py:188} INFO - ❌ Lỗi income_statement: RetryError[<Future at 0x7fb998c9a750 state=finished raised KeyError>]
[2026-01-13T13:26:07.265+0000] {logging_mixin.py:188} INFO - ❌ Lỗi balance_sheet: RetryError[<Future at 0x7fb998c9b620 state=finished raised KeyError>]
[2026-01-13T13:26:13.367+0000] {logging_mixin.py:188} INFO - ❌ Lỗi cash_flow: RetryError[<Future at 0x7fb998c9a870 state=finished raised KeyError>]
[2026-01-13T13:26:16.868+0000] {logging_mixin.py:188} INFO -  >> Đang lấy dữ liệu: NBC
[2026-01-13T13:26:27.395+0000] {logging_mixin.py:188} INFO -  >> Đang lấy dữ liệu: NBB
[2026-01-13T13:26:38.393+0000] {logging_mixin.py:188} INFO -  >> Đang lấy dữ liệu: NAW
[2026-01-13T13:26:48.686+0000] {logging_mixin.py:188} INFO -  >> Đang lấy dữ liệu: NAV
[2026-01-13T13:26:58.570+0000] {logging_mixin.py:188} INFO -  >> Đang lấy dữ liệu: NAU
[2026-01-13T13:27:03.395+0000] {logging_mixin.py:188} INFO - ❌ Lỗi income_statement: RetryError[<Future at 0x7fb998c9a720 state=finished raised KeyError>]
[2026-01-13T13:27:11.293+0000] {logging_mixin.py:188} INFO - ❌ Lỗi balance_sheet: RetryError[<Future at 0x7fb998c9a2d0 state=finished raised KeyError>]
[2026-01-13T13:27:17.290+0000] {logging_mixin.py:188} INFO - ❌ Lỗi cash_flow: RetryError[<Future at 0x7fb998c98dd0 state=finished raised KeyError>]
[2026-01-13T13:27:20.792+0000] {logging_mixin.py:188} INFO -  >> Đang lấy dữ liệu: NAS
[2026-01-13T13:27:31.345+0000] {logging_mixin.py:188} INFO -  ⚠ Batch này không thu được dữ liệu nào.
[2026-01-13T13:27:31.347+0000] {datalake_df2csv.py:40} INFO - DataFrame rỗng, bỏ qua upload CSV.
[2026-01-13T13:27:31.348+0000] {taskinstance.py:441} INFO - ::group::Post task execution logs
[2026-01-13T13:27:31.363+0000] {taskinstance.py:1206} INFO - Marking task as SUCCESS. dag_id=bctc, task_id=ingest_bctc, run_id=manual__2026-01-13T13:17:52+00:00, map_index=40, execution_date=20260113T131752, start_date=20260113T132339, end_date=20260113T132731
[2026-01-13T13:27:31.396+0000] {local_task_job_runner.py:243} INFO - Task exited with return code 0
[2026-01-13T13:27:31.435+0000] {taskinstance.py:3503} INFO - 0 downstream tasks scheduled from follow-on schedule check
[2026-01-13T13:27:31.438+0000] {local_task_job_runner.py:222} INFO - ::endgroup::
