[2026-01-01T02:17:10.048+0000] {local_task_job_runner.py:120} INFO - ::group::Pre task execution logs
[2026-01-01T02:17:10.201+0000] {taskinstance.py:2076} INFO - Dependencies all met for dep_context=non-requeueable deps ti=<TaskInstance: thongtin_cty_bctc.ingest_overview scheduled__2025-12-31T00:00:00+00:00 map_index=245 [queued]>
[2026-01-01T02:17:10.675+0000] {taskinstance.py:2076} INFO - Dependencies all met for dep_context=requeueable deps ti=<TaskInstance: thongtin_cty_bctc.ingest_overview scheduled__2025-12-31T00:00:00+00:00 map_index=245 [queued]>
[2026-01-01T02:17:10.676+0000] {taskinstance.py:2306} INFO - Starting attempt 1 of 2
[2026-01-01T02:17:10.849+0000] {taskinstance.py:2330} INFO - Executing <Mapped(DfToCsvOperator): ingest_overview> on 2025-12-31 00:00:00+00:00
[2026-01-01T02:17:10.873+0000] {warnings.py:112} WARNING - This process (pid=8873) is multi-threaded, use of fork() may lead to deadlocks in the child.

[2026-01-01T02:17:10.874+0000] {standard_task_runner.py:64} INFO - Started process 9027 to run task
[2026-01-01T02:17:10.894+0000] {standard_task_runner.py:90} INFO - Running: ['***', 'tasks', 'run', 'thongtin_cty_bctc', 'ingest_overview', 'scheduled__2025-12-31T00:00:00+00:00', '--job-id', '1363', '--raw', '--subdir', 'DAGS_FOLDER/tt_cty_bctc.py', '--cfg-path', '/tmp/tmpsnrq9o__', '--map-index', '245']
[2026-01-01T02:17:10.899+0000] {standard_task_runner.py:91} INFO - Job 1363: Subtask ingest_overview
[2026-01-01T02:17:11.081+0000] {task_command.py:426} INFO - Running <TaskInstance: thongtin_cty_bctc.ingest_overview scheduled__2025-12-31T00:00:00+00:00 map_index=245 [running]> on host 43b0a0f7606b
[2026-01-01T02:17:11.301+0000] {taskinstance.py:2648} INFO - Exporting env vars: AIRFLOW_CTX_DAG_OWNER='***' AIRFLOW_CTX_DAG_ID='thongtin_cty_bctc' AIRFLOW_CTX_TASK_ID='ingest_overview' AIRFLOW_CTX_EXECUTION_DATE='2025-12-31T00:00:00+00:00' AIRFLOW_CTX_TRY_NUMBER='1' AIRFLOW_CTX_DAG_RUN_ID='scheduled__2025-12-31T00:00:00+00:00'
[2026-01-01T02:17:11.306+0000] {taskinstance.py:430} INFO - ::endgroup::
[2026-01-01T02:17:11.431+0000] {logging_mixin.py:188} INFO - Err overview GDW: Failed to fetch data: 429 - Too Many Requests
[2026-01-01T02:17:11.572+0000] {logging_mixin.py:188} INFO - Err overview GDT: Failed to fetch data: 429 - Too Many Requests
[2026-01-01T02:17:11.883+0000] {logging_mixin.py:188} INFO - Err overview GDA: Failed to fetch data: 429 - Too Many Requests
[2026-01-01T02:17:12.013+0000] {logging_mixin.py:188} INFO - Err overview GCF: Failed to fetch data: 429 - Too Many Requests
[2026-01-01T02:17:12.134+0000] {logging_mixin.py:188} INFO - Err overview GCB: Failed to fetch data: 429 - Too Many Requests
[2026-01-01T02:17:12.139+0000] {datalake_df2csv.py:40} INFO - DataFrame rỗng, bỏ qua upload CSV.
[2026-01-01T02:17:12.139+0000] {taskinstance.py:441} INFO - ::group::Post task execution logs
[2026-01-01T02:17:12.154+0000] {taskinstance.py:1206} INFO - Marking task as SUCCESS. dag_id=thongtin_cty_bctc, task_id=ingest_overview, run_id=scheduled__2025-12-31T00:00:00+00:00, map_index=245, execution_date=20251231T000000, start_date=20260101T021710, end_date=20260101T021712
[2026-01-01T02:17:12.236+0000] {local_task_job_runner.py:243} INFO - Task exited with return code 0
[2026-01-01T02:17:12.304+0000] {taskinstance.py:3503} INFO - 0 downstream tasks scheduled from follow-on schedule check
[2026-01-01T02:17:12.333+0000] {local_task_job_runner.py:222} INFO - ::endgroup::
