[2026-01-12T15:27:37.518+0000] {local_task_job_runner.py:120} INFO - ::group::Pre task execution logs
[2026-01-12T15:27:37.593+0000] {taskinstance.py:2076} INFO - Dependencies all met for dep_context=non-requeueable deps ti=<TaskInstance: financial_ratios_etl.ingest_financial_ratios manual__2026-01-12T15:14:43+00:00 map_index=831 [queued]>
[2026-01-12T15:27:37.658+0000] {taskinstance.py:2076} INFO - Dependencies all met for dep_context=requeueable deps ti=<TaskInstance: financial_ratios_etl.ingest_financial_ratios manual__2026-01-12T15:14:43+00:00 map_index=831 [queued]>
[2026-01-12T15:27:37.659+0000] {taskinstance.py:2306} INFO - Starting attempt 1 of 2
[2026-01-12T15:27:37.676+0000] {taskinstance.py:2330} INFO - Executing <Mapped(DfToCsvOperator): ingest_financial_ratios> on 2026-01-12 15:14:43+00:00
[2026-01-12T15:27:37.692+0000] {warnings.py:112} WARNING - This process (pid=10944) is multi-threaded, use of fork() may lead to deadlocks in the child.

[2026-01-12T15:27:37.694+0000] {standard_task_runner.py:64} INFO - Started process 10989 to run task
[2026-01-12T15:27:37.697+0000] {standard_task_runner.py:90} INFO - Running: ['***', 'tasks', 'run', 'financial_ratios_etl', 'ingest_financial_ratios', 'manual__2026-01-12T15:14:43+00:00', '--job-id', '14536', '--raw', '--subdir', 'DAGS_FOLDER/financial_ratios_etl.py', '--cfg-path', '/tmp/tmp_k1unuud', '--map-index', '831']
[2026-01-12T15:27:37.700+0000] {standard_task_runner.py:91} INFO - Job 14536: Subtask ingest_financial_ratios
[2026-01-12T15:27:37.753+0000] {task_command.py:426} INFO - Running <TaskInstance: financial_ratios_etl.ingest_financial_ratios manual__2026-01-12T15:14:43+00:00 map_index=831 [running]> on host 5a20a797a43c
[2026-01-12T15:27:37.883+0000] {taskinstance.py:2648} INFO - Exporting env vars: AIRFLOW_CTX_DAG_OWNER='***' AIRFLOW_CTX_DAG_ID='financial_ratios_etl' AIRFLOW_CTX_TASK_ID='ingest_financial_ratios' AIRFLOW_CTX_EXECUTION_DATE='2026-01-12T15:14:43+00:00' AIRFLOW_CTX_TRY_NUMBER='1' AIRFLOW_CTX_DAG_RUN_ID='manual__2026-01-12T15:14:43+00:00'
[2026-01-12T15:27:37.884+0000] {taskinstance.py:430} INFO - ::endgroup::
[2026-01-12T15:27:37.892+0000] {logging_mixin.py:188} INFO - [RATIO] Bắt đầu xử lý batch 2 mã: ['AVC', 'AUM']
[2026-01-12T15:27:37.892+0000] {logging_mixin.py:188} INFO - [RATIO] Kỳ dữ liệu: quarter
[2026-01-12T15:27:37.892+0000] {logging_mixin.py:188} INFO -  >> [RATIO] Đang lấy dữ liệu: AVC
[2026-01-12T15:27:38.702+0000] {logging_mixin.py:188} INFO -  ✓ [RATIO] AVC: 34 rows
[2026-01-12T15:27:40.703+0000] {logging_mixin.py:188} INFO -  >> [RATIO] Đang lấy dữ liệu: AUM
[2026-01-12T15:27:41.782+0000] {logging_mixin.py:188} INFO -  ✓ [RATIO] AUM: 15 rows
[2026-01-12T15:27:43.793+0000] {logging_mixin.py:188} INFO -  ✅ [RATIO] Hoàn thành batch. Tổng số dòng: 49
[2026-01-12T15:27:43.814+0000] {base.py:84} INFO - Using connection ID 'minio_finance' for task execution.
[2026-01-12T15:27:43.815+0000] {connection_wrapper.py:384} INFO - AWS Connection (conn_id='minio_finance', conn_type='aws') credentials retrieved from login and password.
[2026-01-12T15:27:44.506+0000] {datalake_df2csv.py:52} INFO - ✅ Đã upload 49 dòng -> s3://thongtin-congty-va-bctc/financial_ratios/2026-01-12/batch_831.csv
[2026-01-12T15:27:44.508+0000] {taskinstance.py:441} INFO - ::group::Post task execution logs
[2026-01-12T15:27:44.523+0000] {taskinstance.py:1206} INFO - Marking task as SUCCESS. dag_id=financial_ratios_etl, task_id=ingest_financial_ratios, run_id=manual__2026-01-12T15:14:43+00:00, map_index=831, execution_date=20260112T151443, start_date=20260112T152737, end_date=20260112T152744
[2026-01-12T15:27:44.581+0000] {local_task_job_runner.py:243} INFO - Task exited with return code 0
[2026-01-12T15:27:44.601+0000] {taskinstance.py:3503} INFO - 0 downstream tasks scheduled from follow-on schedule check
[2026-01-12T15:27:44.604+0000] {local_task_job_runner.py:222} INFO - ::endgroup::
