[2026-01-07T14:01:24.850+0000] {processor.py:161} INFO - Started process (PID=62) to work on /opt/airflow/dags/history_price_minio_to_postgres.py
[2026-01-07T14:01:24.852+0000] {processor.py:830} INFO - Processing file /opt/airflow/dags/history_price_minio_to_postgres.py for tasks to queue
[2026-01-07T14:01:24.853+0000] {logging_mixin.py:188} INFO - [2026-01-07T14:01:24.852+0000] {dagbag.py:545} INFO - Filling up the DagBag from /opt/airflow/dags/history_price_minio_to_postgres.py
[2026-01-07T14:01:24.896+0000] {processor.py:840} INFO - DAG(s) 'history_price_minio_to_postgres' retrieved from /opt/airflow/dags/history_price_minio_to_postgres.py
[2026-01-07T14:01:25.031+0000] {logging_mixin.py:188} INFO - [2026-01-07T14:01:25.030+0000] {override.py:1858} INFO - Created Permission View: can read on DAG:history_price_minio_to_postgres
[2026-01-07T14:01:25.044+0000] {logging_mixin.py:188} INFO - [2026-01-07T14:01:25.043+0000] {override.py:1858} INFO - Created Permission View: can edit on DAG:history_price_minio_to_postgres
[2026-01-07T14:01:25.052+0000] {logging_mixin.py:188} INFO - [2026-01-07T14:01:25.052+0000] {override.py:1858} INFO - Created Permission View: can delete on DAG:history_price_minio_to_postgres
[2026-01-07T14:01:25.053+0000] {logging_mixin.py:188} INFO - [2026-01-07T14:01:25.053+0000] {dag.py:3089} INFO - Sync 1 DAGs
[2026-01-07T14:01:25.068+0000] {logging_mixin.py:188} INFO - [2026-01-07T14:01:25.067+0000] {dag.py:3111} INFO - Creating ORM DAG for history_price_minio_to_postgres
[2026-01-07T14:01:25.069+0000] {logging_mixin.py:188} INFO - [2026-01-07T14:01:25.068+0000] {dag.py:3947} INFO - Setting next_dagrun for history_price_minio_to_postgres to None, run_after=None
[2026-01-07T14:01:25.098+0000] {processor.py:183} INFO - Processing /opt/airflow/dags/history_price_minio_to_postgres.py took 0.258 seconds
[2026-01-07T14:01:55.320+0000] {processor.py:161} INFO - Started process (PID=77) to work on /opt/airflow/dags/history_price_minio_to_postgres.py
[2026-01-07T14:01:55.320+0000] {processor.py:830} INFO - Processing file /opt/airflow/dags/history_price_minio_to_postgres.py for tasks to queue
[2026-01-07T14:01:55.321+0000] {logging_mixin.py:188} INFO - [2026-01-07T14:01:55.321+0000] {dagbag.py:545} INFO - Filling up the DagBag from /opt/airflow/dags/history_price_minio_to_postgres.py
[2026-01-07T14:01:55.342+0000] {processor.py:840} INFO - DAG(s) 'history_price_minio_to_postgres' retrieved from /opt/airflow/dags/history_price_minio_to_postgres.py
[2026-01-07T14:01:55.361+0000] {logging_mixin.py:188} INFO - [2026-01-07T14:01:55.361+0000] {dag.py:3089} INFO - Sync 1 DAGs
[2026-01-07T14:01:55.372+0000] {logging_mixin.py:188} INFO - [2026-01-07T14:01:55.372+0000] {dag.py:3947} INFO - Setting next_dagrun for history_price_minio_to_postgres to None, run_after=None
[2026-01-07T14:01:55.393+0000] {processor.py:183} INFO - Processing /opt/airflow/dags/history_price_minio_to_postgres.py took 0.078 seconds
[2026-01-07T14:02:26.273+0000] {processor.py:161} INFO - Started process (PID=92) to work on /opt/airflow/dags/history_price_minio_to_postgres.py
[2026-01-07T14:02:26.274+0000] {processor.py:830} INFO - Processing file /opt/airflow/dags/history_price_minio_to_postgres.py for tasks to queue
[2026-01-07T14:02:26.275+0000] {logging_mixin.py:188} INFO - [2026-01-07T14:02:26.275+0000] {dagbag.py:545} INFO - Filling up the DagBag from /opt/airflow/dags/history_price_minio_to_postgres.py
[2026-01-07T14:02:26.305+0000] {processor.py:840} INFO - DAG(s) 'history_price_minio_to_postgres' retrieved from /opt/airflow/dags/history_price_minio_to_postgres.py
[2026-01-07T14:02:26.328+0000] {logging_mixin.py:188} INFO - [2026-01-07T14:02:26.328+0000] {dag.py:3089} INFO - Sync 1 DAGs
[2026-01-07T14:02:26.340+0000] {logging_mixin.py:188} INFO - [2026-01-07T14:02:26.340+0000] {dag.py:3947} INFO - Setting next_dagrun for history_price_minio_to_postgres to None, run_after=None
[2026-01-07T14:02:26.358+0000] {processor.py:183} INFO - Processing /opt/airflow/dags/history_price_minio_to_postgres.py took 0.091 seconds
[2026-01-07T14:02:57.116+0000] {processor.py:161} INFO - Started process (PID=108) to work on /opt/airflow/dags/history_price_minio_to_postgres.py
[2026-01-07T14:02:57.117+0000] {processor.py:830} INFO - Processing file /opt/airflow/dags/history_price_minio_to_postgres.py for tasks to queue
[2026-01-07T14:02:57.118+0000] {logging_mixin.py:188} INFO - [2026-01-07T14:02:57.118+0000] {dagbag.py:545} INFO - Filling up the DagBag from /opt/airflow/dags/history_price_minio_to_postgres.py
[2026-01-07T14:02:57.143+0000] {processor.py:840} INFO - DAG(s) 'history_price_minio_to_postgres' retrieved from /opt/airflow/dags/history_price_minio_to_postgres.py
[2026-01-07T14:02:57.163+0000] {logging_mixin.py:188} INFO - [2026-01-07T14:02:57.163+0000] {dag.py:3089} INFO - Sync 1 DAGs
[2026-01-07T14:02:57.175+0000] {logging_mixin.py:188} INFO - [2026-01-07T14:02:57.175+0000] {dag.py:3947} INFO - Setting next_dagrun for history_price_minio_to_postgres to None, run_after=None
[2026-01-07T14:02:57.192+0000] {processor.py:183} INFO - Processing /opt/airflow/dags/history_price_minio_to_postgres.py took 0.082 seconds
[2026-01-07T14:03:28.024+0000] {processor.py:161} INFO - Started process (PID=129) to work on /opt/airflow/dags/history_price_minio_to_postgres.py
[2026-01-07T14:03:28.025+0000] {processor.py:830} INFO - Processing file /opt/airflow/dags/history_price_minio_to_postgres.py for tasks to queue
[2026-01-07T14:03:28.025+0000] {logging_mixin.py:188} INFO - [2026-01-07T14:03:28.025+0000] {dagbag.py:545} INFO - Filling up the DagBag from /opt/airflow/dags/history_price_minio_to_postgres.py
[2026-01-07T14:03:28.049+0000] {processor.py:840} INFO - DAG(s) 'history_price_minio_to_postgres' retrieved from /opt/airflow/dags/history_price_minio_to_postgres.py
[2026-01-07T14:03:28.067+0000] {logging_mixin.py:188} INFO - [2026-01-07T14:03:28.067+0000] {dag.py:3089} INFO - Sync 1 DAGs
[2026-01-07T14:03:28.077+0000] {logging_mixin.py:188} INFO - [2026-01-07T14:03:28.077+0000] {dag.py:3947} INFO - Setting next_dagrun for history_price_minio_to_postgres to None, run_after=None
[2026-01-07T14:03:28.098+0000] {processor.py:183} INFO - Processing /opt/airflow/dags/history_price_minio_to_postgres.py took 0.078 seconds
[2026-01-07T14:03:58.869+0000] {processor.py:161} INFO - Started process (PID=144) to work on /opt/airflow/dags/history_price_minio_to_postgres.py
[2026-01-07T14:03:58.870+0000] {processor.py:830} INFO - Processing file /opt/airflow/dags/history_price_minio_to_postgres.py for tasks to queue
[2026-01-07T14:03:58.870+0000] {logging_mixin.py:188} INFO - [2026-01-07T14:03:58.870+0000] {dagbag.py:545} INFO - Filling up the DagBag from /opt/airflow/dags/history_price_minio_to_postgres.py
[2026-01-07T14:03:58.892+0000] {processor.py:840} INFO - DAG(s) 'history_price_minio_to_postgres' retrieved from /opt/airflow/dags/history_price_minio_to_postgres.py
[2026-01-07T14:03:58.911+0000] {logging_mixin.py:188} INFO - [2026-01-07T14:03:58.911+0000] {dag.py:3089} INFO - Sync 1 DAGs
[2026-01-07T14:03:58.921+0000] {logging_mixin.py:188} INFO - [2026-01-07T14:03:58.921+0000] {dag.py:3947} INFO - Setting next_dagrun for history_price_minio_to_postgres to None, run_after=None
[2026-01-07T14:03:58.944+0000] {processor.py:183} INFO - Processing /opt/airflow/dags/history_price_minio_to_postgres.py took 0.079 seconds
[2026-01-07T14:04:29.718+0000] {processor.py:161} INFO - Started process (PID=159) to work on /opt/airflow/dags/history_price_minio_to_postgres.py
[2026-01-07T14:04:29.719+0000] {processor.py:830} INFO - Processing file /opt/airflow/dags/history_price_minio_to_postgres.py for tasks to queue
[2026-01-07T14:04:29.720+0000] {logging_mixin.py:188} INFO - [2026-01-07T14:04:29.719+0000] {dagbag.py:545} INFO - Filling up the DagBag from /opt/airflow/dags/history_price_minio_to_postgres.py
[2026-01-07T14:04:29.742+0000] {processor.py:840} INFO - DAG(s) 'history_price_minio_to_postgres' retrieved from /opt/airflow/dags/history_price_minio_to_postgres.py
[2026-01-07T14:04:29.761+0000] {logging_mixin.py:188} INFO - [2026-01-07T14:04:29.761+0000] {dag.py:3089} INFO - Sync 1 DAGs
[2026-01-07T14:04:29.772+0000] {logging_mixin.py:188} INFO - [2026-01-07T14:04:29.771+0000] {dag.py:3947} INFO - Setting next_dagrun for history_price_minio_to_postgres to None, run_after=None
[2026-01-07T14:04:29.789+0000] {processor.py:183} INFO - Processing /opt/airflow/dags/history_price_minio_to_postgres.py took 0.075 seconds
[2026-01-07T14:05:00.517+0000] {processor.py:161} INFO - Started process (PID=174) to work on /opt/airflow/dags/history_price_minio_to_postgres.py
[2026-01-07T14:05:00.518+0000] {processor.py:830} INFO - Processing file /opt/airflow/dags/history_price_minio_to_postgres.py for tasks to queue
[2026-01-07T14:05:00.519+0000] {logging_mixin.py:188} INFO - [2026-01-07T14:05:00.518+0000] {dagbag.py:545} INFO - Filling up the DagBag from /opt/airflow/dags/history_price_minio_to_postgres.py
[2026-01-07T14:05:00.544+0000] {processor.py:840} INFO - DAG(s) 'history_price_minio_to_postgres' retrieved from /opt/airflow/dags/history_price_minio_to_postgres.py
[2026-01-07T14:05:00.567+0000] {logging_mixin.py:188} INFO - [2026-01-07T14:05:00.567+0000] {dag.py:3089} INFO - Sync 1 DAGs
[2026-01-07T14:05:00.579+0000] {logging_mixin.py:188} INFO - [2026-01-07T14:05:00.579+0000] {dag.py:3947} INFO - Setting next_dagrun for history_price_minio_to_postgres to None, run_after=None
[2026-01-07T14:05:00.598+0000] {processor.py:183} INFO - Processing /opt/airflow/dags/history_price_minio_to_postgres.py took 0.086 seconds
[2026-01-07T14:05:31.313+0000] {processor.py:161} INFO - Started process (PID=189) to work on /opt/airflow/dags/history_price_minio_to_postgres.py
[2026-01-07T14:05:31.314+0000] {processor.py:830} INFO - Processing file /opt/airflow/dags/history_price_minio_to_postgres.py for tasks to queue
[2026-01-07T14:05:31.315+0000] {logging_mixin.py:188} INFO - [2026-01-07T14:05:31.314+0000] {dagbag.py:545} INFO - Filling up the DagBag from /opt/airflow/dags/history_price_minio_to_postgres.py
[2026-01-07T14:05:31.339+0000] {processor.py:840} INFO - DAG(s) 'history_price_minio_to_postgres' retrieved from /opt/airflow/dags/history_price_minio_to_postgres.py
[2026-01-07T14:05:31.358+0000] {logging_mixin.py:188} INFO - [2026-01-07T14:05:31.358+0000] {dag.py:3089} INFO - Sync 1 DAGs
[2026-01-07T14:05:31.370+0000] {logging_mixin.py:188} INFO - [2026-01-07T14:05:31.370+0000] {dag.py:3947} INFO - Setting next_dagrun for history_price_minio_to_postgres to None, run_after=None
[2026-01-07T14:05:31.390+0000] {processor.py:183} INFO - Processing /opt/airflow/dags/history_price_minio_to_postgres.py took 0.081 seconds
