[2026-01-01T02:13:01.394+0000] {local_task_job_runner.py:120} INFO - ::group::Pre task execution logs
[2026-01-01T02:13:01.476+0000] {taskinstance.py:2076} INFO - Dependencies all met for dep_context=non-requeueable deps ti=<TaskInstance: thongtin_cty_bctc.ingest_overview scheduled__2025-12-31T00:00:00+00:00 map_index=121 [queued]>
[2026-01-01T02:13:01.548+0000] {taskinstance.py:2076} INFO - Dependencies all met for dep_context=requeueable deps ti=<TaskInstance: thongtin_cty_bctc.ingest_overview scheduled__2025-12-31T00:00:00+00:00 map_index=121 [queued]>
[2026-01-01T02:13:01.549+0000] {taskinstance.py:2306} INFO - Starting attempt 1 of 2
[2026-01-01T02:13:01.905+0000] {taskinstance.py:2330} INFO - Executing <Mapped(DfToCsvOperator): ingest_overview> on 2025-12-31 00:00:00+00:00
[2026-01-01T02:13:01.922+0000] {warnings.py:112} WARNING - This process (pid=4089) is multi-threaded, use of fork() may lead to deadlocks in the child.

[2026-01-01T02:13:01.925+0000] {standard_task_runner.py:64} INFO - Started process 4231 to run task
[2026-01-01T02:13:01.927+0000] {standard_task_runner.py:90} INFO - Running: ['***', 'tasks', 'run', 'thongtin_cty_bctc', 'ingest_overview', 'scheduled__2025-12-31T00:00:00+00:00', '--job-id', '936', '--raw', '--subdir', 'DAGS_FOLDER/tt_cty_bctc.py', '--cfg-path', '/tmp/tmpt8vx_elc', '--map-index', '121']
[2026-01-01T02:13:01.929+0000] {standard_task_runner.py:91} INFO - Job 936: Subtask ingest_overview
[2026-01-01T02:13:02.047+0000] {task_command.py:426} INFO - Running <TaskInstance: thongtin_cty_bctc.ingest_overview scheduled__2025-12-31T00:00:00+00:00 map_index=121 [running]> on host 43b0a0f7606b
[2026-01-01T02:13:02.938+0000] {taskinstance.py:2648} INFO - Exporting env vars: AIRFLOW_CTX_DAG_OWNER='***' AIRFLOW_CTX_DAG_ID='thongtin_cty_bctc' AIRFLOW_CTX_TASK_ID='ingest_overview' AIRFLOW_CTX_EXECUTION_DATE='2025-12-31T00:00:00+00:00' AIRFLOW_CTX_TRY_NUMBER='1' AIRFLOW_CTX_DAG_RUN_ID='scheduled__2025-12-31T00:00:00+00:00'
[2026-01-01T02:13:02.940+0000] {taskinstance.py:430} INFO - ::endgroup::
[2026-01-01T02:13:03.267+0000] {logging_mixin.py:188} INFO - Err overview PVV: Failed to fetch data: 429 - Too Many Requests
[2026-01-01T02:13:03.479+0000] {logging_mixin.py:188} INFO - Err overview PVT: Failed to fetch data: 429 - Too Many Requests
[2026-01-01T02:13:03.658+0000] {logging_mixin.py:188} INFO - Err overview PVS: Failed to fetch data: 429 - Too Many Requests
[2026-01-01T02:13:03.889+0000] {logging_mixin.py:188} INFO - Err overview PVR: Failed to fetch data: 429 - Too Many Requests
[2026-01-01T02:13:04.016+0000] {logging_mixin.py:188} INFO - Err overview PVP: Failed to fetch data: 429 - Too Many Requests
[2026-01-01T02:13:04.019+0000] {datalake_df2csv.py:40} INFO - DataFrame rỗng, bỏ qua upload CSV.
[2026-01-01T02:13:04.020+0000] {taskinstance.py:441} INFO - ::group::Post task execution logs
[2026-01-01T02:13:04.032+0000] {taskinstance.py:1206} INFO - Marking task as SUCCESS. dag_id=thongtin_cty_bctc, task_id=ingest_overview, run_id=scheduled__2025-12-31T00:00:00+00:00, map_index=121, execution_date=20251231T000000, start_date=20260101T021301, end_date=20260101T021304
[2026-01-01T02:13:04.104+0000] {local_task_job_runner.py:243} INFO - Task exited with return code 0
[2026-01-01T02:13:04.118+0000] {local_task_job_runner.py:222} INFO - ::endgroup::
