[2026-01-10T15:16:18.005+0000] {local_task_job_runner.py:120} INFO - ::group::Pre task execution logs
[2026-01-10T15:16:18.351+0000] {taskinstance.py:2076} INFO - Dependencies all met for dep_context=non-requeueable deps ti=<TaskInstance: thongtin_cty_bctc.ingest_bctc scheduled__2025-12-30T00:00:00+00:00 map_index=432 [queued]>
[2026-01-10T15:16:18.477+0000] {taskinstance.py:2076} INFO - Dependencies all met for dep_context=requeueable deps ti=<TaskInstance: thongtin_cty_bctc.ingest_bctc scheduled__2025-12-30T00:00:00+00:00 map_index=432 [queued]>
[2026-01-10T15:16:18.478+0000] {taskinstance.py:2306} INFO - Starting attempt 1 of 2
[2026-01-10T15:16:18.501+0000] {taskinstance.py:2330} INFO - Executing <Mapped(DfToCsvOperator): ingest_bctc> on 2025-12-30 00:00:00+00:00
[2026-01-10T15:16:18.521+0000] {warnings.py:112} WARNING - This process (pid=9336) is multi-threaded, use of fork() may lead to deadlocks in the child.

[2026-01-10T15:16:18.525+0000] {standard_task_runner.py:64} INFO - Started process 9406 to run task
[2026-01-10T15:16:18.531+0000] {standard_task_runner.py:90} INFO - Running: ['***', 'tasks', 'run', 'thongtin_cty_bctc', 'ingest_bctc', 'scheduled__2025-12-30T00:00:00+00:00', '--job-id', '9396', '--raw', '--subdir', 'DAGS_FOLDER/tt_cty_bctc.py', '--cfg-path', '/tmp/tmpo7cgd1y4', '--map-index', '432']
[2026-01-10T15:16:18.533+0000] {standard_task_runner.py:91} INFO - Job 9396: Subtask ingest_bctc
[2026-01-10T15:16:18.618+0000] {task_command.py:426} INFO - Running <TaskInstance: thongtin_cty_bctc.ingest_bctc scheduled__2025-12-30T00:00:00+00:00 map_index=432 [running]> on host c44bcb92a951
[2026-01-10T15:16:18.756+0000] {taskinstance.py:2648} INFO - Exporting env vars: AIRFLOW_CTX_DAG_OWNER='***' AIRFLOW_CTX_DAG_ID='thongtin_cty_bctc' AIRFLOW_CTX_TASK_ID='ingest_bctc' AIRFLOW_CTX_EXECUTION_DATE='2025-12-30T00:00:00+00:00' AIRFLOW_CTX_TRY_NUMBER='1' AIRFLOW_CTX_DAG_RUN_ID='scheduled__2025-12-30T00:00:00+00:00'
[2026-01-10T15:16:18.758+0000] {taskinstance.py:430} INFO - ::endgroup::
[2026-01-10T15:16:18.771+0000] {logging_mixin.py:188} INFO - Bắt đầu xử lý batch 3 mã: ['DVT', 'DVP', 'DVN']
[2026-01-10T15:16:18.772+0000] {logging_mixin.py:188} INFO -  >> Đang lấy dữ liệu: DVT
[2026-01-10T15:16:23.492+0000] {logging_mixin.py:188} INFO - ❌ Lỗi income_statement: RetryError[<Future at 0x7f17d50d6a50 state=finished raised KeyError>]
[2026-01-10T15:16:28.009+0000] {logging_mixin.py:188} INFO - ❌ Lỗi balance_sheet: RetryError[<Future at 0x7f17d50d52b0 state=finished raised KeyError>]
[2026-01-10T15:16:32.408+0000] {logging_mixin.py:188} INFO - ❌ Lỗi cash_flow: RetryError[<Future at 0x7f17d50d61e0 state=finished raised KeyError>]
[2026-01-10T15:16:33.408+0000] {logging_mixin.py:188} INFO -  >> Đang lấy dữ liệu: DVP
[2026-01-10T15:16:36.306+0000] {logging_mixin.py:188} INFO -  >> Đang lấy dữ liệu: DVN
[2026-01-10T15:16:39.197+0000] {logging_mixin.py:188} INFO -  ✓ Hoàn thành batch. Tổng số dòng: 7539
[2026-01-10T15:16:39.288+0000] {base.py:84} INFO - Using connection ID 'minio_finance' for task execution.
[2026-01-10T15:16:39.289+0000] {connection_wrapper.py:384} INFO - AWS Connection (conn_id='minio_finance', conn_type='aws') credentials retrieved from login and password.
[2026-01-10T15:16:39.785+0000] {datalake_df2csv.py:52} INFO - ✅ Đã upload 7539 dòng -> s3://thongtin-congty-va-bctc/bctc/2025-12-30/batch_432.csv
[2026-01-10T15:16:39.786+0000] {taskinstance.py:441} INFO - ::group::Post task execution logs
[2026-01-10T15:16:39.794+0000] {taskinstance.py:1206} INFO - Marking task as SUCCESS. dag_id=thongtin_cty_bctc, task_id=ingest_bctc, run_id=scheduled__2025-12-30T00:00:00+00:00, map_index=432, execution_date=20251230T000000, start_date=20260110T151618, end_date=20260110T151639
[2026-01-10T15:16:39.845+0000] {local_task_job_runner.py:243} INFO - Task exited with return code 0
[2026-01-10T15:16:39.896+0000] {taskinstance.py:3503} INFO - 0 downstream tasks scheduled from follow-on schedule check
[2026-01-10T15:16:39.899+0000] {local_task_job_runner.py:222} INFO - ::endgroup::
