[2026-01-12T13:29:19.739+0000] {local_task_job_runner.py:120} INFO - ::group::Pre task execution logs
[2026-01-12T13:29:19.825+0000] {taskinstance.py:2076} INFO - Dependencies all met for dep_context=non-requeueable deps ti=<TaskInstance: company_overview_to_minio.ingest_overview manual__2026-01-12T13:28:56.907705+00:00 map_index=5 [queued]>
[2026-01-12T13:29:19.862+0000] {taskinstance.py:2076} INFO - Dependencies all met for dep_context=requeueable deps ti=<TaskInstance: company_overview_to_minio.ingest_overview manual__2026-01-12T13:28:56.907705+00:00 map_index=5 [queued]>
[2026-01-12T13:29:19.877+0000] {taskinstance.py:2306} INFO - Starting attempt 1 of 2
[2026-01-12T13:29:19.979+0000] {taskinstance.py:2330} INFO - Executing <Mapped(DfToCsvOperator): ingest_overview> on 2026-01-12 13:28:56.907705+00:00
[2026-01-12T13:29:20.028+0000] {warnings.py:112} WARNING - This process (pid=336) is multi-threaded, use of fork() may lead to deadlocks in the child.

[2026-01-12T13:29:20.035+0000] {standard_task_runner.py:64} INFO - Started process 484 to run task
[2026-01-12T13:29:20.043+0000] {standard_task_runner.py:90} INFO - Running: ['***', 'tasks', 'run', 'company_overview_to_minio', 'ingest_overview', 'manual__2026-01-12T13:28:56.907705+00:00', '--job-id', '10739', '--raw', '--subdir', 'DAGS_FOLDER/company_overview_to_minio.py', '--cfg-path', '/tmp/tmpm2z1pb3y', '--map-index', '5']
[2026-01-12T13:29:20.066+0000] {standard_task_runner.py:91} INFO - Job 10739: Subtask ingest_overview
[2026-01-12T13:29:20.267+0000] {task_command.py:426} INFO - Running <TaskInstance: company_overview_to_minio.ingest_overview manual__2026-01-12T13:28:56.907705+00:00 map_index=5 [running]> on host 5a20a797a43c
[2026-01-12T13:29:20.552+0000] {taskinstance.py:2648} INFO - Exporting env vars: AIRFLOW_CTX_DAG_OWNER='***' AIRFLOW_CTX_DAG_ID='company_overview_to_minio' AIRFLOW_CTX_TASK_ID='ingest_overview' AIRFLOW_CTX_EXECUTION_DATE='2026-01-12T13:28:56.907705+00:00' AIRFLOW_CTX_TRY_NUMBER='1' AIRFLOW_CTX_DAG_RUN_ID='manual__2026-01-12T13:28:56.907705+00:00'
[2026-01-12T13:29:20.560+0000] {taskinstance.py:430} INFO - ::endgroup::
[2026-01-12T13:29:23.814+0000] {warnings.py:112} WARNING - DataFrame.applymap has been deprecated. Use DataFrame.map instead.

[2026-01-12T13:29:25.191+0000] {warnings.py:112} WARNING - DataFrame.applymap has been deprecated. Use DataFrame.map instead.

[2026-01-12T13:29:26.462+0000] {warnings.py:112} WARNING - DataFrame.applymap has been deprecated. Use DataFrame.map instead.

[2026-01-12T13:29:31.779+0000] {logging_mixin.py:188} INFO - Err overview VLS: RetryError[<Future at 0x7fef4c4b8620 state=finished raised AttributeError>]
[2026-01-12T13:29:33.054+0000] {warnings.py:112} WARNING - DataFrame.applymap has been deprecated. Use DataFrame.map instead.

[2026-01-12T13:29:34.373+0000] {warnings.py:112} WARNING - DataFrame.applymap has been deprecated. Use DataFrame.map instead.

[2026-01-12T13:29:39.737+0000] {logging_mixin.py:188} INFO - Err overview VLF: RetryError[<Future at 0x7fef37f4fb60 state=finished raised AttributeError>]
[2026-01-12T13:29:41.079+0000] {warnings.py:112} WARNING - DataFrame.applymap has been deprecated. Use DataFrame.map instead.

[2026-01-12T13:29:42.353+0000] {warnings.py:112} WARNING - DataFrame.applymap has been deprecated. Use DataFrame.map instead.

[2026-01-12T13:29:43.792+0000] {warnings.py:112} WARNING - DataFrame.applymap has been deprecated. Use DataFrame.map instead.

[2026-01-12T13:29:49.042+0000] {logging_mixin.py:188} INFO - Err overview VKP: RetryError[<Future at 0x7fef37f4f080 state=finished raised AttributeError>]
[2026-01-12T13:29:50.366+0000] {warnings.py:112} WARNING - DataFrame.applymap has been deprecated. Use DataFrame.map instead.

[2026-01-12T13:29:51.940+0000] {warnings.py:112} WARNING - DataFrame.applymap has been deprecated. Use DataFrame.map instead.

[2026-01-12T13:29:53.621+0000] {warnings.py:112} WARNING - DataFrame.applymap has been deprecated. Use DataFrame.map instead.

[2026-01-12T13:29:55.202+0000] {warnings.py:112} WARNING - DataFrame.applymap has been deprecated. Use DataFrame.map instead.

[2026-01-12T13:29:57.212+0000] {warnings.py:112} WARNING - DataFrame.applymap has been deprecated. Use DataFrame.map instead.

[2026-01-12T13:29:59.160+0000] {warnings.py:112} WARNING - DataFrame.applymap has been deprecated. Use DataFrame.map instead.

[2026-01-12T13:30:00.548+0000] {warnings.py:112} WARNING - DataFrame.applymap has been deprecated. Use DataFrame.map instead.

[2026-01-12T13:30:02.054+0000] {warnings.py:112} WARNING - DataFrame.applymap has been deprecated. Use DataFrame.map instead.

[2026-01-12T13:30:03.654+0000] {warnings.py:112} WARNING - DataFrame.applymap has been deprecated. Use DataFrame.map instead.

[2026-01-12T13:30:04.751+0000] {base.py:84} INFO - Using connection ID 'minio_finance' for task execution.
[2026-01-12T13:30:04.753+0000] {connection_wrapper.py:384} INFO - AWS Connection (conn_id='minio_finance', conn_type='aws') credentials retrieved from login and password.
[2026-01-12T13:30:05.799+0000] {datalake_df2csv.py:52} INFO - ✅ Đã upload 17 dòng -> s3://thongtin-congty-va-bctc/overview/date=2026-01-12/batch_5.csv
[2026-01-12T13:30:05.800+0000] {taskinstance.py:441} INFO - ::group::Post task execution logs
[2026-01-12T13:30:05.819+0000] {taskinstance.py:1206} INFO - Marking task as SUCCESS. dag_id=company_overview_to_minio, task_id=ingest_overview, run_id=manual__2026-01-12T13:28:56.907705+00:00, map_index=5, execution_date=20260112T132856, start_date=20260112T132919, end_date=20260112T133005
[2026-01-12T13:30:06.658+0000] {local_task_job_runner.py:243} INFO - Task exited with return code 0
[2026-01-12T13:30:06.716+0000] {taskinstance.py:3503} INFO - 0 downstream tasks scheduled from follow-on schedule check
[2026-01-12T13:30:06.721+0000] {local_task_job_runner.py:222} INFO - ::endgroup::
