[2026-01-10T15:05:05.794+0000] {local_task_job_runner.py:120} INFO - ::group::Pre task execution logs
[2026-01-10T15:05:06.023+0000] {taskinstance.py:2076} INFO - Dependencies all met for dep_context=non-requeueable deps ti=<TaskInstance: thongtin_cty_bctc.ingest_overview scheduled__2025-12-30T00:00:00+00:00 map_index=220 [queued]>
[2026-01-10T15:05:06.173+0000] {taskinstance.py:2076} INFO - Dependencies all met for dep_context=requeueable deps ti=<TaskInstance: thongtin_cty_bctc.ingest_overview scheduled__2025-12-30T00:00:00+00:00 map_index=220 [queued]>
[2026-01-10T15:05:06.179+0000] {taskinstance.py:2306} INFO - Starting attempt 1 of 2
[2026-01-10T15:05:06.599+0000] {taskinstance.py:2330} INFO - Executing <Mapped(DfToCsvOperator): ingest_overview> on 2025-12-30 00:00:00+00:00
[2026-01-10T15:05:06.664+0000] {warnings.py:112} WARNING - This process (pid=997) is multi-threaded, use of fork() may lead to deadlocks in the child.

[2026-01-10T15:05:06.703+0000] {standard_task_runner.py:64} INFO - Started process 1164 to run task
[2026-01-10T15:05:06.687+0000] {standard_task_runner.py:90} INFO - Running: ['***', 'tasks', 'run', 'thongtin_cty_bctc', 'ingest_overview', 'scheduled__2025-12-30T00:00:00+00:00', '--job-id', '8769', '--raw', '--subdir', 'DAGS_FOLDER/tt_cty_bctc.py', '--cfg-path', '/tmp/tmpi2zo3728', '--map-index', '220']
[2026-01-10T15:05:06.711+0000] {standard_task_runner.py:91} INFO - Job 8769: Subtask ingest_overview
[2026-01-10T15:05:06.949+0000] {task_command.py:426} INFO - Running <TaskInstance: thongtin_cty_bctc.ingest_overview scheduled__2025-12-30T00:00:00+00:00 map_index=220 [running]> on host c44bcb92a951
[2026-01-10T15:05:09.849+0000] {taskinstance.py:2648} INFO - Exporting env vars: AIRFLOW_CTX_DAG_OWNER='***' AIRFLOW_CTX_DAG_ID='thongtin_cty_bctc' AIRFLOW_CTX_TASK_ID='ingest_overview' AIRFLOW_CTX_EXECUTION_DATE='2025-12-30T00:00:00+00:00' AIRFLOW_CTX_TRY_NUMBER='1' AIRFLOW_CTX_DAG_RUN_ID='scheduled__2025-12-30T00:00:00+00:00'
[2026-01-10T15:05:09.851+0000] {taskinstance.py:430} INFO - ::endgroup::
[2026-01-10T15:05:10.231+0000] {warnings.py:112} WARNING - DataFrame.applymap has been deprecated. Use DataFrame.map instead.

[2026-01-10T15:05:11.564+0000] {warnings.py:112} WARNING - DataFrame.applymap has been deprecated. Use DataFrame.map instead.

[2026-01-10T15:05:12.887+0000] {warnings.py:112} WARNING - DataFrame.applymap has been deprecated. Use DataFrame.map instead.

[2026-01-10T15:05:13.914+0000] {base.py:84} INFO - Using connection ID 'minio_finance' for task execution.
[2026-01-10T15:05:13.915+0000] {connection_wrapper.py:384} INFO - AWS Connection (conn_id='minio_finance', conn_type='aws') credentials retrieved from login and password.
[2026-01-10T15:05:14.506+0000] {datalake_df2csv.py:52} INFO - ✅ Đã upload 3 dòng -> s3://thongtin-congty-va-bctc/overview/2025-12-30/batch_220.csv
[2026-01-10T15:05:14.507+0000] {taskinstance.py:441} INFO - ::group::Post task execution logs
[2026-01-10T15:05:14.521+0000] {taskinstance.py:1206} INFO - Marking task as SUCCESS. dag_id=thongtin_cty_bctc, task_id=ingest_overview, run_id=scheduled__2025-12-30T00:00:00+00:00, map_index=220, execution_date=20251230T000000, start_date=20260110T150506, end_date=20260110T150514
[2026-01-10T15:05:17.717+0000] {local_task_job_runner.py:243} INFO - Task exited with return code 0
[2026-01-10T15:05:17.827+0000] {taskinstance.py:3503} INFO - 0 downstream tasks scheduled from follow-on schedule check
[2026-01-10T15:05:17.835+0000] {local_task_job_runner.py:222} INFO - ::endgroup::
