[2026-01-01T02:36:39.037+0000] {local_task_job_runner.py:120} INFO - ::group::Pre task execution logs
[2026-01-01T02:36:39.119+0000] {taskinstance.py:2076} INFO - Dependencies all met for dep_context=non-requeueable deps ti=<TaskInstance: thongtin_cty_bctc.ingest_bctc scheduled__2025-12-30T00:00:00+00:00 map_index=50 [queued]>
[2026-01-01T02:36:39.171+0000] {taskinstance.py:2076} INFO - Dependencies all met for dep_context=requeueable deps ti=<TaskInstance: thongtin_cty_bctc.ingest_bctc scheduled__2025-12-30T00:00:00+00:00 map_index=50 [queued]>
[2026-01-01T02:36:39.177+0000] {taskinstance.py:2306} INFO - Starting attempt 2 of 3
[2026-01-01T02:36:39.234+0000] {taskinstance.py:2330} INFO - Executing <Mapped(DfToCsvOperator): ingest_bctc> on 2025-12-30 00:00:00+00:00
[2026-01-01T02:36:39.259+0000] {warnings.py:112} WARNING - This process (pid=16501) is multi-threaded, use of fork() may lead to deadlocks in the child.

[2026-01-01T02:36:39.265+0000] {standard_task_runner.py:64} INFO - Started process 16604 to run task
[2026-01-01T02:36:39.277+0000] {standard_task_runner.py:90} INFO - Running: ['***', 'tasks', 'run', 'thongtin_cty_bctc', 'ingest_bctc', 'scheduled__2025-12-30T00:00:00+00:00', '--job-id', '2031', '--raw', '--subdir', 'DAGS_FOLDER/tt_cty_bctc.py', '--cfg-path', '/tmp/tmpnihus5dw', '--map-index', '50']
[2026-01-01T02:36:39.280+0000] {standard_task_runner.py:91} INFO - Job 2031: Subtask ingest_bctc
[2026-01-01T02:36:39.422+0000] {task_command.py:426} INFO - Running <TaskInstance: thongtin_cty_bctc.ingest_bctc scheduled__2025-12-30T00:00:00+00:00 map_index=50 [running]> on host 43b0a0f7606b
[2026-01-01T02:36:39.639+0000] {taskinstance.py:2648} INFO - Exporting env vars: AIRFLOW_CTX_DAG_OWNER='***' AIRFLOW_CTX_DAG_ID='thongtin_cty_bctc' AIRFLOW_CTX_TASK_ID='ingest_bctc' AIRFLOW_CTX_EXECUTION_DATE='2025-12-30T00:00:00+00:00' AIRFLOW_CTX_TRY_NUMBER='2' AIRFLOW_CTX_DAG_RUN_ID='scheduled__2025-12-30T00:00:00+00:00'
[2026-01-01T02:36:39.644+0000] {taskinstance.py:430} INFO - ::endgroup::
[2026-01-01T02:36:39.662+0000] {logging_mixin.py:188} INFO - Bắt đầu xử lý batch 20 mã: ['ITS', 'ITQ', 'ITD', 'ITC', 'ITA', 'IST', 'ISH', 'ISG', 'IRC', 'IPH', 'IPA', 'INN', 'ING', 'INC', 'IN4', 'IMP', 'IME', 'ILS', 'ILC', 'ILB']
[2026-01-01T02:36:39.663+0000] {logging_mixin.py:188} INFO -  >> Đang lấy dữ liệu: ITS
[2026-01-01T02:36:39.874+0000] {logging_mixin.py:188} INFO -  Lỗi xử lý mã ITS: Failed to fetch data: 429 - Too Many Requests
[2026-01-01T02:36:39.876+0000] {logging_mixin.py:188} INFO -  >> Đang lấy dữ liệu: ITQ
[2026-01-01T02:36:40.002+0000] {logging_mixin.py:188} INFO -  Lỗi xử lý mã ITQ: Failed to fetch data: 429 - Too Many Requests
[2026-01-01T02:36:40.004+0000] {logging_mixin.py:188} INFO -  >> Đang lấy dữ liệu: ITD
[2026-01-01T02:36:40.164+0000] {logging_mixin.py:188} INFO -  Lỗi xử lý mã ITD: Failed to fetch data: 429 - Too Many Requests
[2026-01-01T02:36:40.166+0000] {logging_mixin.py:188} INFO -  >> Đang lấy dữ liệu: ITC
[2026-01-01T02:37:01.321+0000] {logging_mixin.py:188} INFO -  Lỗi xử lý mã ITC: Failed to fetch data: 429 - Too Many Requests
[2026-01-01T02:37:01.323+0000] {logging_mixin.py:188} INFO -  >> Đang lấy dữ liệu: ITA
[2026-01-01T02:37:01.472+0000] {logging_mixin.py:188} INFO -  Lỗi xử lý mã ITA: Failed to fetch data: 429 - Too Many Requests
[2026-01-01T02:37:01.473+0000] {logging_mixin.py:188} INFO -  >> Đang lấy dữ liệu: IST
[2026-01-01T02:37:22.636+0000] {logging_mixin.py:188} INFO -  Lỗi xử lý mã IST: Failed to fetch data: 429 - Too Many Requests
[2026-01-01T02:37:22.637+0000] {logging_mixin.py:188} INFO -  >> Đang lấy dữ liệu: ISH
[2026-01-01T02:37:22.734+0000] {logging_mixin.py:188} INFO -  Lỗi xử lý mã ISH: Failed to fetch data: 429 - Too Many Requests
[2026-01-01T02:37:22.735+0000] {logging_mixin.py:188} INFO -  >> Đang lấy dữ liệu: ISG
[2026-01-01T02:37:22.838+0000] {logging_mixin.py:188} INFO -  Lỗi xử lý mã ISG: Failed to fetch data: 429 - Too Many Requests
[2026-01-01T02:37:22.839+0000] {logging_mixin.py:188} INFO -  >> Đang lấy dữ liệu: IRC
[2026-01-01T02:37:22.941+0000] {logging_mixin.py:188} INFO -  Lỗi xử lý mã IRC: Failed to fetch data: 429 - Too Many Requests
[2026-01-01T02:37:22.942+0000] {logging_mixin.py:188} INFO -  >> Đang lấy dữ liệu: IPH
[2026-01-01T02:37:23.049+0000] {logging_mixin.py:188} INFO -  Lỗi xử lý mã IPH: Failed to fetch data: 429 - Too Many Requests
[2026-01-01T02:37:23.050+0000] {logging_mixin.py:188} INFO -  >> Đang lấy dữ liệu: IPA
[2026-01-01T02:37:23.169+0000] {logging_mixin.py:188} INFO -  Lỗi xử lý mã IPA: Failed to fetch data: 429 - Too Many Requests
[2026-01-01T02:37:23.170+0000] {logging_mixin.py:188} INFO -  >> Đang lấy dữ liệu: INN
[2026-01-01T02:37:23.281+0000] {logging_mixin.py:188} INFO -  Lỗi xử lý mã INN: Failed to fetch data: 429 - Too Many Requests
[2026-01-01T02:37:23.282+0000] {logging_mixin.py:188} INFO -  >> Đang lấy dữ liệu: ING
[2026-01-01T02:37:23.386+0000] {logging_mixin.py:188} INFO -  Lỗi xử lý mã ING: Failed to fetch data: 429 - Too Many Requests
[2026-01-01T02:37:23.387+0000] {logging_mixin.py:188} INFO -  >> Đang lấy dữ liệu: INC
[2026-01-01T02:37:23.486+0000] {logging_mixin.py:188} INFO -  Lỗi xử lý mã INC: Failed to fetch data: 429 - Too Many Requests
[2026-01-01T02:37:23.487+0000] {logging_mixin.py:188} INFO -  >> Đang lấy dữ liệu: IN4
[2026-01-01T02:37:23.605+0000] {logging_mixin.py:188} INFO -  Lỗi xử lý mã IN4: Failed to fetch data: 429 - Too Many Requests
[2026-01-01T02:37:23.606+0000] {logging_mixin.py:188} INFO -  >> Đang lấy dữ liệu: IMP
[2026-01-01T02:37:23.725+0000] {logging_mixin.py:188} INFO -  Lỗi xử lý mã IMP: Failed to fetch data: 429 - Too Many Requests
[2026-01-01T02:37:23.727+0000] {logging_mixin.py:188} INFO -  >> Đang lấy dữ liệu: IME
[2026-01-01T02:37:23.886+0000] {logging_mixin.py:188} INFO -  Lỗi xử lý mã IME: Failed to fetch data: 429 - Too Many Requests
[2026-01-01T02:37:23.887+0000] {logging_mixin.py:188} INFO -  >> Đang lấy dữ liệu: ILS
[2026-01-01T02:37:24.037+0000] {logging_mixin.py:188} INFO -  Lỗi xử lý mã ILS: Failed to fetch data: 429 - Too Many Requests
[2026-01-01T02:37:24.040+0000] {logging_mixin.py:188} INFO -  >> Đang lấy dữ liệu: ILC
[2026-01-01T02:37:24.173+0000] {logging_mixin.py:188} INFO -  Lỗi xử lý mã ILC: Failed to fetch data: 429 - Too Many Requests
[2026-01-01T02:37:24.174+0000] {logging_mixin.py:188} INFO -  >> Đang lấy dữ liệu: ILB
[2026-01-01T02:37:24.302+0000] {logging_mixin.py:188} INFO -  Lỗi xử lý mã ILB: Failed to fetch data: 429 - Too Many Requests
[2026-01-01T02:37:24.303+0000] {logging_mixin.py:188} INFO -  ⚠ Batch này không thu được dữ liệu nào.
[2026-01-01T02:37:24.309+0000] {datalake_df2csv.py:40} INFO - DataFrame rỗng, bỏ qua upload CSV.
[2026-01-01T02:37:24.310+0000] {taskinstance.py:441} INFO - ::group::Post task execution logs
[2026-01-01T02:37:24.323+0000] {taskinstance.py:1206} INFO - Marking task as SUCCESS. dag_id=thongtin_cty_bctc, task_id=ingest_bctc, run_id=scheduled__2025-12-30T00:00:00+00:00, map_index=50, execution_date=20251230T000000, start_date=20260101T023639, end_date=20260101T023724
[2026-01-01T02:37:24.373+0000] {local_task_job_runner.py:243} INFO - Task exited with return code 0
[2026-01-01T02:37:24.387+0000] {local_task_job_runner.py:222} INFO - ::endgroup::
