[2025-12-31T14:34:38.873+0000] {local_task_job_runner.py:120} INFO - ::group::Pre task execution logs
[2025-12-31T14:34:38.929+0000] {taskinstance.py:2076} INFO - Dependencies all met for dep_context=non-requeueable deps ti=<TaskInstance: thongtin_cty_bctc.ingest_bctc scheduled__2025-12-30T00:00:00+00:00 map_index=1 [queued]>
[2025-12-31T14:34:38.952+0000] {taskinstance.py:2076} INFO - Dependencies all met for dep_context=requeueable deps ti=<TaskInstance: thongtin_cty_bctc.ingest_bctc scheduled__2025-12-30T00:00:00+00:00 map_index=1 [queued]>
[2025-12-31T14:34:38.953+0000] {taskinstance.py:2306} INFO - Starting attempt 1 of 2
[2025-12-31T14:34:38.975+0000] {taskinstance.py:2330} INFO - Executing <Mapped(DfToCsvOperator): ingest_bctc> on 2025-12-30 00:00:00+00:00
[2025-12-31T14:34:39.011+0000] {warnings.py:112} WARNING - This process (pid=594) is multi-threaded, use of fork() may lead to deadlocks in the child.

[2025-12-31T14:34:39.025+0000] {standard_task_runner.py:64} INFO - Started process 734 to run task
[2025-12-31T14:34:39.023+0000] {standard_task_runner.py:90} INFO - Running: ['***', 'tasks', 'run', 'thongtin_cty_bctc', 'ingest_bctc', 'scheduled__2025-12-30T00:00:00+00:00', '--job-id', '8', '--raw', '--subdir', 'DAGS_FOLDER/tt_cty_bctc.py', '--cfg-path', '/tmp/tmpo6qf3i__', '--map-index', '1']
[2025-12-31T14:34:39.046+0000] {standard_task_runner.py:91} INFO - Job 8: Subtask ingest_bctc
[2025-12-31T14:34:39.254+0000] {task_command.py:426} INFO - Running <TaskInstance: thongtin_cty_bctc.ingest_bctc scheduled__2025-12-30T00:00:00+00:00 map_index=1 [running]> on host 8bc7f11ea9a4
[2025-12-31T14:34:39.483+0000] {taskinstance.py:2648} INFO - Exporting env vars: AIRFLOW_CTX_DAG_OWNER='***' AIRFLOW_CTX_DAG_ID='thongtin_cty_bctc' AIRFLOW_CTX_TASK_ID='ingest_bctc' AIRFLOW_CTX_EXECUTION_DATE='2025-12-30T00:00:00+00:00' AIRFLOW_CTX_TRY_NUMBER='1' AIRFLOW_CTX_DAG_RUN_ID='scheduled__2025-12-30T00:00:00+00:00'
[2025-12-31T14:34:39.489+0000] {taskinstance.py:430} INFO - ::endgroup::
[2025-12-31T14:34:39.503+0000] {logging_mixin.py:188} INFO - Bắt đầu xử lý batch 20 mã: ['VXP', 'VXB', 'VWS', 'VW3', 'VVS', 'VVN', 'VUA', 'VTZ', 'VTX', 'VTV', 'VTS', 'VTR', 'VTQ', 'VTP', 'VTO', 'VTM', 'VTL', 'VTK', 'VTJ', 'VTI']
[2025-12-31T14:34:39.503+0000] {logging_mixin.py:188} INFO -  >> Đang lấy dữ liệu: VXP
[2025-12-31T14:34:42.892+0000] {logging_mixin.py:188} INFO -  >> Đang lấy dữ liệu: VXB
[2025-12-31T14:34:46.121+0000] {logging_mixin.py:188} INFO -  >> Đang lấy dữ liệu: VWS
[2025-12-31T14:34:51.414+0000] {logging_mixin.py:188} INFO - ❌ Lỗi khi gọi income_statement: RetryError[<Future at 0x7f68ac92da60 state=finished raised KeyError>]
[2025-12-31T14:34:56.332+0000] {logging_mixin.py:188} INFO - ❌ Lỗi khi gọi balance_sheet: RetryError[<Future at 0x7f68ac92e180 state=finished raised KeyError>]
[2025-12-31T14:35:01.012+0000] {logging_mixin.py:188} INFO - ❌ Lỗi khi gọi cash_flow: RetryError[<Future at 0x7f68ac92d010 state=finished raised KeyError>]
[2025-12-31T14:35:01.013+0000] {logging_mixin.py:188} INFO -  >> Đang lấy dữ liệu: VW3
[2025-12-31T14:35:06.412+0000] {logging_mixin.py:188} INFO - ❌ Lỗi khi gọi income_statement: RetryError[<Future at 0x7f68ac92c260 state=finished raised KeyError>]
[2025-12-31T14:35:10.995+0000] {logging_mixin.py:188} INFO - ❌ Lỗi khi gọi balance_sheet: RetryError[<Future at 0x7f68ac92cd70 state=finished raised KeyError>]
[2025-12-31T14:35:15.521+0000] {logging_mixin.py:188} INFO - ❌ Lỗi khi gọi cash_flow: RetryError[<Future at 0x7f68ac92c320 state=finished raised KeyError>]
[2025-12-31T14:35:15.522+0000] {logging_mixin.py:188} INFO -  >> Đang lấy dữ liệu: VVS
[2025-12-31T14:35:20.759+0000] {logging_mixin.py:188} INFO - ❌ Lỗi khi gọi income_statement: RetryError[<Future at 0x7f68ac92e9c0 state=finished raised ConnectionError>]
[2025-12-31T14:35:25.300+0000] {logging_mixin.py:188} INFO - ❌ Lỗi khi gọi balance_sheet: RetryError[<Future at 0x7f68ac92cc20 state=finished raised ConnectionError>]
[2025-12-31T14:35:29.762+0000] {logging_mixin.py:188} INFO - ❌ Lỗi khi gọi cash_flow: RetryError[<Future at 0x7f68ac92ce60 state=finished raised ConnectionError>]
[2025-12-31T14:35:29.764+0000] {logging_mixin.py:188} INFO -  >> Đang lấy dữ liệu: VVN
[2025-12-31T14:35:29.923+0000] {logging_mixin.py:188} INFO -  Lỗi xử lý mã VVN: Failed to fetch data: 429 - Too Many Requests
[2025-12-31T14:35:29.924+0000] {logging_mixin.py:188} INFO -  >> Đang lấy dữ liệu: VUA
[2025-12-31T14:35:30.082+0000] {logging_mixin.py:188} INFO -  Lỗi xử lý mã VUA: Failed to fetch data: 429 - Too Many Requests
[2025-12-31T14:35:30.084+0000] {logging_mixin.py:188} INFO -  >> Đang lấy dữ liệu: VTZ
[2025-12-31T14:35:30.427+0000] {logging_mixin.py:188} INFO -  Lỗi xử lý mã VTZ: Failed to fetch data: 429 - Too Many Requests
[2025-12-31T14:35:30.428+0000] {logging_mixin.py:188} INFO -  >> Đang lấy dữ liệu: VTX
[2025-12-31T14:35:30.786+0000] {logging_mixin.py:188} INFO -  Lỗi xử lý mã VTX: Failed to fetch data: 429 - Too Many Requests
[2025-12-31T14:35:30.788+0000] {logging_mixin.py:188} INFO -  >> Đang lấy dữ liệu: VTV
[2025-12-31T14:35:31.180+0000] {logging_mixin.py:188} INFO -  Lỗi xử lý mã VTV: Failed to fetch data: 429 - Too Many Requests
[2025-12-31T14:35:31.182+0000] {logging_mixin.py:188} INFO -  >> Đang lấy dữ liệu: VTS
[2025-12-31T14:35:31.339+0000] {logging_mixin.py:188} INFO -  Lỗi xử lý mã VTS: Failed to fetch data: 429 - Too Many Requests
[2025-12-31T14:35:31.341+0000] {logging_mixin.py:188} INFO -  >> Đang lấy dữ liệu: VTR
[2025-12-31T14:35:31.775+0000] {logging_mixin.py:188} INFO -  Lỗi xử lý mã VTR: Failed to fetch data: 429 - Too Many Requests
[2025-12-31T14:35:31.777+0000] {logging_mixin.py:188} INFO -  >> Đang lấy dữ liệu: VTQ
[2025-12-31T14:35:32.021+0000] {logging_mixin.py:188} INFO -  Lỗi xử lý mã VTQ: Failed to fetch data: 429 - Too Many Requests
[2025-12-31T14:35:32.022+0000] {logging_mixin.py:188} INFO -  >> Đang lấy dữ liệu: VTP
[2025-12-31T14:35:32.263+0000] {logging_mixin.py:188} INFO -  Lỗi xử lý mã VTP: Failed to fetch data: 429 - Too Many Requests
[2025-12-31T14:35:32.264+0000] {logging_mixin.py:188} INFO -  >> Đang lấy dữ liệu: VTO
[2025-12-31T14:35:32.439+0000] {logging_mixin.py:188} INFO -  Lỗi xử lý mã VTO: Failed to fetch data: 429 - Too Many Requests
[2025-12-31T14:35:32.441+0000] {logging_mixin.py:188} INFO -  >> Đang lấy dữ liệu: VTM
[2025-12-31T14:35:32.668+0000] {logging_mixin.py:188} INFO -  Lỗi xử lý mã VTM: Failed to fetch data: 429 - Too Many Requests
[2025-12-31T14:35:32.669+0000] {logging_mixin.py:188} INFO -  >> Đang lấy dữ liệu: VTL
[2025-12-31T14:35:32.850+0000] {logging_mixin.py:188} INFO -  Lỗi xử lý mã VTL: Failed to fetch data: 429 - Too Many Requests
[2025-12-31T14:35:32.852+0000] {logging_mixin.py:188} INFO -  >> Đang lấy dữ liệu: VTK
[2025-12-31T14:35:33.027+0000] {logging_mixin.py:188} INFO -  Lỗi xử lý mã VTK: Failed to fetch data: 429 - Too Many Requests
[2025-12-31T14:35:33.029+0000] {logging_mixin.py:188} INFO -  >> Đang lấy dữ liệu: VTJ
[2025-12-31T14:35:33.204+0000] {logging_mixin.py:188} INFO -  Lỗi xử lý mã VTJ: Failed to fetch data: 429 - Too Many Requests
[2025-12-31T14:35:33.211+0000] {logging_mixin.py:188} INFO -  >> Đang lấy dữ liệu: VTI
[2025-12-31T14:35:33.431+0000] {logging_mixin.py:188} INFO -  Lỗi xử lý mã VTI: Failed to fetch data: 429 - Too Many Requests
[2025-12-31T14:35:33.435+0000] {logging_mixin.py:188} INFO -  ✓ Hoàn thành batch. Tổng số dòng: 2581
[2025-12-31T14:35:33.470+0000] {taskinstance.py:441} INFO - ::group::Post task execution logs
[2025-12-31T14:35:33.471+0000] {taskinstance.py:2905} ERROR - Task failed with exception
Traceback (most recent call last):
  File "/home/airflow/.local/lib/python3.12/site-packages/airflow/models/taskinstance.py", line 465, in _execute_task
    result = _execute_callable(context=context, **execute_callable_kwargs)
             ^^^^^^^^^^^^^^^^^^^^^^^^^^^^^^^^^^^^^^^^^^^^^^^^^^^^^^^^^^^^^
  File "/home/airflow/.local/lib/python3.12/site-packages/airflow/models/taskinstance.py", line 432, in _execute_callable
    return execute_callable(context=context, **execute_callable_kwargs)
           ^^^^^^^^^^^^^^^^^^^^^^^^^^^^^^^^^^^^^^^^^^^^^^^^^^^^^^^^^^^^
  File "/home/airflow/.local/lib/python3.12/site-packages/airflow/models/baseoperator.py", line 401, in wrapper
    return func(self, *args, **kwargs)
           ^^^^^^^^^^^^^^^^^^^^^^^^^^^
  File "/opt/airflow/plugins/function/datalake_df2csv.py", line 48, in execute
    hook.load_bytes(data=data, key=self.object_path, bucket_name=self.bucket_name, replace=True)
  File "/home/airflow/.local/lib/python3.12/site-packages/airflow/providers/amazon/aws/hooks/s3.py", line 120, in wrapper
    bound_args = function_signature.bind(*args, **kwargs)
                 ^^^^^^^^^^^^^^^^^^^^^^^^^^^^^^^^^^^^^^^^
  File "/usr/local/lib/python3.12/inspect.py", line 3267, in bind
    return self._bind(args, kwargs)
           ^^^^^^^^^^^^^^^^^^^^^^^^
  File "/usr/local/lib/python3.12/inspect.py", line 3180, in _bind
    raise TypeError(msg) from None
TypeError: missing a required argument: 'bytes_data'
[2025-12-31T14:35:33.494+0000] {taskinstance.py:1206} INFO - Marking task as UP_FOR_RETRY. dag_id=thongtin_cty_bctc, task_id=ingest_bctc, run_id=scheduled__2025-12-30T00:00:00+00:00, map_index=1, execution_date=20251230T000000, start_date=20251231T143438, end_date=20251231T143533
[2025-12-31T14:35:33.747+0000] {standard_task_runner.py:110} ERROR - Failed to execute job 8 for task ingest_bctc (missing a required argument: 'bytes_data'; 734)
[2025-12-31T14:35:33.785+0000] {local_task_job_runner.py:243} INFO - Task exited with return code 1
[2025-12-31T14:35:33.817+0000] {taskinstance.py:3503} INFO - 0 downstream tasks scheduled from follow-on schedule check
[2025-12-31T14:35:33.828+0000] {local_task_job_runner.py:222} INFO - ::endgroup::
