[2025-12-31T14:40:36.531+0000] {local_task_job_runner.py:120} INFO - ::group::Pre task execution logs
[2025-12-31T14:40:36.593+0000] {taskinstance.py:2076} INFO - Dependencies all met for dep_context=non-requeueable deps ti=<TaskInstance: thongtin_cty_bctc.ingest_bctc scheduled__2025-12-30T00:00:00+00:00 map_index=1 [queued]>
[2025-12-31T14:40:36.633+0000] {taskinstance.py:2076} INFO - Dependencies all met for dep_context=requeueable deps ti=<TaskInstance: thongtin_cty_bctc.ingest_bctc scheduled__2025-12-30T00:00:00+00:00 map_index=1 [queued]>
[2025-12-31T14:40:36.634+0000] {taskinstance.py:2306} INFO - Starting attempt 2 of 2
[2025-12-31T14:40:36.657+0000] {taskinstance.py:2330} INFO - Executing <Mapped(DfToCsvOperator): ingest_bctc> on 2025-12-30 00:00:00+00:00
[2025-12-31T14:40:36.673+0000] {warnings.py:112} WARNING - This process (pid=4736) is multi-threaded, use of fork() may lead to deadlocks in the child.

[2025-12-31T14:40:36.675+0000] {standard_task_runner.py:64} INFO - Started process 4770 to run task
[2025-12-31T14:40:36.678+0000] {standard_task_runner.py:90} INFO - Running: ['***', 'tasks', 'run', 'thongtin_cty_bctc', 'ingest_bctc', 'scheduled__2025-12-30T00:00:00+00:00', '--job-id', '375', '--raw', '--subdir', 'DAGS_FOLDER/tt_cty_bctc.py', '--cfg-path', '/tmp/tmphxzdcp5a', '--map-index', '1']
[2025-12-31T14:40:36.680+0000] {standard_task_runner.py:91} INFO - Job 375: Subtask ingest_bctc
[2025-12-31T14:40:36.756+0000] {task_command.py:426} INFO - Running <TaskInstance: thongtin_cty_bctc.ingest_bctc scheduled__2025-12-30T00:00:00+00:00 map_index=1 [running]> on host 8bc7f11ea9a4
[2025-12-31T14:40:36.889+0000] {taskinstance.py:2648} INFO - Exporting env vars: AIRFLOW_CTX_DAG_OWNER='***' AIRFLOW_CTX_DAG_ID='thongtin_cty_bctc' AIRFLOW_CTX_TASK_ID='ingest_bctc' AIRFLOW_CTX_EXECUTION_DATE='2025-12-30T00:00:00+00:00' AIRFLOW_CTX_TRY_NUMBER='2' AIRFLOW_CTX_DAG_RUN_ID='scheduled__2025-12-30T00:00:00+00:00'
[2025-12-31T14:40:36.890+0000] {taskinstance.py:430} INFO - ::endgroup::
[2025-12-31T14:40:36.900+0000] {logging_mixin.py:188} INFO - Bắt đầu xử lý batch 20 mã: ['VXP', 'VXB', 'VWS', 'VW3', 'VVS', 'VVN', 'VUA', 'VTZ', 'VTX', 'VTV', 'VTS', 'VTR', 'VTQ', 'VTP', 'VTO', 'VTM', 'VTL', 'VTK', 'VTJ', 'VTI']
[2025-12-31T14:40:36.901+0000] {logging_mixin.py:188} INFO -  >> Đang lấy dữ liệu: VXP
[2025-12-31T14:40:37.233+0000] {logging_mixin.py:188} INFO -  Lỗi xử lý mã VXP: Failed to fetch data: 429 - Too Many Requests
[2025-12-31T14:40:37.235+0000] {logging_mixin.py:188} INFO -  >> Đang lấy dữ liệu: VXB
[2025-12-31T14:40:37.748+0000] {logging_mixin.py:188} INFO -  Lỗi xử lý mã VXB: Failed to fetch data: 429 - Too Many Requests
[2025-12-31T14:40:37.749+0000] {logging_mixin.py:188} INFO -  >> Đang lấy dữ liệu: VWS
[2025-12-31T14:40:38.153+0000] {logging_mixin.py:188} INFO -  Lỗi xử lý mã VWS: Failed to fetch data: 429 - Too Many Requests
[2025-12-31T14:40:38.156+0000] {logging_mixin.py:188} INFO -  >> Đang lấy dữ liệu: VW3
[2025-12-31T14:40:59.567+0000] {logging_mixin.py:188} INFO -  Lỗi xử lý mã VW3: Failed to fetch data: 429 - Too Many Requests
[2025-12-31T14:40:59.569+0000] {logging_mixin.py:188} INFO -  >> Đang lấy dữ liệu: VVS
[2025-12-31T14:40:59.730+0000] {logging_mixin.py:188} INFO -  Lỗi xử lý mã VVS: Failed to fetch data: 429 - Too Many Requests
[2025-12-31T14:40:59.731+0000] {logging_mixin.py:188} INFO -  >> Đang lấy dữ liệu: VVN
[2025-12-31T14:40:59.902+0000] {logging_mixin.py:188} INFO -  Lỗi xử lý mã VVN: Failed to fetch data: 429 - Too Many Requests
[2025-12-31T14:40:59.903+0000] {logging_mixin.py:188} INFO -  >> Đang lấy dữ liệu: VUA
[2025-12-31T14:41:00.070+0000] {logging_mixin.py:188} INFO -  Lỗi xử lý mã VUA: Failed to fetch data: 429 - Too Many Requests
[2025-12-31T14:41:00.071+0000] {logging_mixin.py:188} INFO -  >> Đang lấy dữ liệu: VTZ
[2025-12-31T14:41:00.251+0000] {logging_mixin.py:188} INFO -  Lỗi xử lý mã VTZ: Failed to fetch data: 429 - Too Many Requests
[2025-12-31T14:41:00.252+0000] {logging_mixin.py:188} INFO -  >> Đang lấy dữ liệu: VTX
[2025-12-31T14:41:00.418+0000] {logging_mixin.py:188} INFO -  Lỗi xử lý mã VTX: Failed to fetch data: 429 - Too Many Requests
[2025-12-31T14:41:00.419+0000] {logging_mixin.py:188} INFO -  >> Đang lấy dữ liệu: VTV
[2025-12-31T14:41:00.561+0000] {logging_mixin.py:188} INFO -  Lỗi xử lý mã VTV: Failed to fetch data: 429 - Too Many Requests
[2025-12-31T14:41:00.564+0000] {logging_mixin.py:188} INFO -  >> Đang lấy dữ liệu: VTS
[2025-12-31T14:41:00.710+0000] {logging_mixin.py:188} INFO -  Lỗi xử lý mã VTS: Failed to fetch data: 429 - Too Many Requests
[2025-12-31T14:41:00.711+0000] {logging_mixin.py:188} INFO -  >> Đang lấy dữ liệu: VTR
[2025-12-31T14:41:00.856+0000] {logging_mixin.py:188} INFO -  Lỗi xử lý mã VTR: Failed to fetch data: 429 - Too Many Requests
[2025-12-31T14:41:00.857+0000] {logging_mixin.py:188} INFO -  >> Đang lấy dữ liệu: VTQ
[2025-12-31T14:41:00.996+0000] {logging_mixin.py:188} INFO -  Lỗi xử lý mã VTQ: Failed to fetch data: 429 - Too Many Requests
[2025-12-31T14:41:00.997+0000] {logging_mixin.py:188} INFO -  >> Đang lấy dữ liệu: VTP
[2025-12-31T14:41:01.132+0000] {logging_mixin.py:188} INFO -  Lỗi xử lý mã VTP: Failed to fetch data: 429 - Too Many Requests
[2025-12-31T14:41:01.134+0000] {logging_mixin.py:188} INFO -  >> Đang lấy dữ liệu: VTO
[2025-12-31T14:41:01.293+0000] {logging_mixin.py:188} INFO -  Lỗi xử lý mã VTO: Failed to fetch data: 429 - Too Many Requests
[2025-12-31T14:41:01.294+0000] {logging_mixin.py:188} INFO -  >> Đang lấy dữ liệu: VTM
[2025-12-31T14:41:01.514+0000] {logging_mixin.py:188} INFO -  Lỗi xử lý mã VTM: Failed to fetch data: 429 - Too Many Requests
[2025-12-31T14:41:01.515+0000] {logging_mixin.py:188} INFO -  >> Đang lấy dữ liệu: VTL
[2025-12-31T14:41:01.690+0000] {logging_mixin.py:188} INFO -  Lỗi xử lý mã VTL: Failed to fetch data: 429 - Too Many Requests
[2025-12-31T14:41:01.691+0000] {logging_mixin.py:188} INFO -  >> Đang lấy dữ liệu: VTK
[2025-12-31T14:41:01.909+0000] {logging_mixin.py:188} INFO -  Lỗi xử lý mã VTK: Failed to fetch data: 429 - Too Many Requests
[2025-12-31T14:41:01.918+0000] {logging_mixin.py:188} INFO -  >> Đang lấy dữ liệu: VTJ
[2025-12-31T14:41:02.169+0000] {logging_mixin.py:188} INFO -  Lỗi xử lý mã VTJ: Failed to fetch data: 429 - Too Many Requests
[2025-12-31T14:41:02.170+0000] {logging_mixin.py:188} INFO -  >> Đang lấy dữ liệu: VTI
[2025-12-31T14:41:02.451+0000] {logging_mixin.py:188} INFO -  Lỗi xử lý mã VTI: Failed to fetch data: 429 - Too Many Requests
[2025-12-31T14:41:02.454+0000] {logging_mixin.py:188} INFO -  ⚠ Batch này không thu được dữ liệu nào.
[2025-12-31T14:41:02.462+0000] {datalake_df2csv.py:40} INFO - DataFrame rỗng, bỏ qua upload CSV.
[2025-12-31T14:41:02.463+0000] {taskinstance.py:441} INFO - ::group::Post task execution logs
[2025-12-31T14:41:02.483+0000] {taskinstance.py:1206} INFO - Marking task as SUCCESS. dag_id=thongtin_cty_bctc, task_id=ingest_bctc, run_id=scheduled__2025-12-30T00:00:00+00:00, map_index=1, execution_date=20251230T000000, start_date=20251231T144036, end_date=20251231T144102
[2025-12-31T14:41:02.931+0000] {local_task_job_runner.py:243} INFO - Task exited with return code 0
[2025-12-31T14:41:02.955+0000] {taskinstance.py:3503} INFO - 0 downstream tasks scheduled from follow-on schedule check
[2025-12-31T14:41:02.957+0000] {local_task_job_runner.py:222} INFO - ::endgroup::
