[2026-01-10T15:17:54.715+0000] {local_task_job_runner.py:120} INFO - ::group::Pre task execution logs
[2026-01-10T15:17:55.025+0000] {taskinstance.py:2076} INFO - Dependencies all met for dep_context=non-requeueable deps ti=<TaskInstance: thongtin_cty_bctc.ingest_people scheduled__2025-12-30T00:00:00+00:00 map_index=461 [queued]>
[2026-01-10T15:17:55.153+0000] {taskinstance.py:2076} INFO - Dependencies all met for dep_context=requeueable deps ti=<TaskInstance: thongtin_cty_bctc.ingest_people scheduled__2025-12-30T00:00:00+00:00 map_index=461 [queued]>
[2026-01-10T15:17:55.154+0000] {taskinstance.py:2306} INFO - Starting attempt 1 of 2
[2026-01-10T15:17:55.170+0000] {taskinstance.py:2330} INFO - Executing <Mapped(DfToCsvOperator): ingest_people> on 2025-12-30 00:00:00+00:00
[2026-01-10T15:17:55.187+0000] {warnings.py:112} WARNING - This process (pid=10522) is multi-threaded, use of fork() may lead to deadlocks in the child.

[2026-01-10T15:17:55.188+0000] {standard_task_runner.py:64} INFO - Started process 10552 to run task
[2026-01-10T15:17:55.191+0000] {standard_task_runner.py:90} INFO - Running: ['***', 'tasks', 'run', 'thongtin_cty_bctc', 'ingest_people', 'scheduled__2025-12-30T00:00:00+00:00', '--job-id', '9482', '--raw', '--subdir', 'DAGS_FOLDER/tt_cty_bctc.py', '--cfg-path', '/tmp/tmph1_12m0t', '--map-index', '461']
[2026-01-10T15:17:55.193+0000] {standard_task_runner.py:91} INFO - Job 9482: Subtask ingest_people
[2026-01-10T15:17:55.267+0000] {task_command.py:426} INFO - Running <TaskInstance: thongtin_cty_bctc.ingest_people scheduled__2025-12-30T00:00:00+00:00 map_index=461 [running]> on host c44bcb92a951
[2026-01-10T15:17:55.391+0000] {taskinstance.py:2648} INFO - Exporting env vars: AIRFLOW_CTX_DAG_OWNER='***' AIRFLOW_CTX_DAG_ID='thongtin_cty_bctc' AIRFLOW_CTX_TASK_ID='ingest_people' AIRFLOW_CTX_EXECUTION_DATE='2025-12-30T00:00:00+00:00' AIRFLOW_CTX_TRY_NUMBER='1' AIRFLOW_CTX_DAG_RUN_ID='scheduled__2025-12-30T00:00:00+00:00'
[2026-01-10T15:17:55.392+0000] {taskinstance.py:430} INFO - ::endgroup::
[2026-01-10T15:18:00.156+0000] {base.py:84} INFO - Using connection ID 'minio_finance' for task execution.
[2026-01-10T15:18:00.157+0000] {connection_wrapper.py:384} INFO - AWS Connection (conn_id='minio_finance', conn_type='aws') credentials retrieved from login and password.
[2026-01-10T15:18:00.733+0000] {datalake_df2csv.py:52} INFO - ✅ Đã upload 86 dòng -> s3://thongtin-congty-va-bctc/people/2025-12-30/batch_461.csv
[2026-01-10T15:18:00.734+0000] {taskinstance.py:441} INFO - ::group::Post task execution logs
[2026-01-10T15:18:00.750+0000] {taskinstance.py:1206} INFO - Marking task as SUCCESS. dag_id=thongtin_cty_bctc, task_id=ingest_people, run_id=scheduled__2025-12-30T00:00:00+00:00, map_index=461, execution_date=20251230T000000, start_date=20260110T151755, end_date=20260110T151800
[2026-01-10T15:18:00.825+0000] {local_task_job_runner.py:243} INFO - Task exited with return code 0
[2026-01-10T15:18:00.921+0000] {taskinstance.py:3503} INFO - 0 downstream tasks scheduled from follow-on schedule check
[2026-01-10T15:18:00.928+0000] {local_task_job_runner.py:222} INFO - ::endgroup::
