[2026-01-11T03:53:51.107+0000] {local_task_job_runner.py:120} INFO - ::group::Pre task execution logs
[2026-01-11T03:53:51.166+0000] {taskinstance.py:2076} INFO - Dependencies all met for dep_context=non-requeueable deps ti=<TaskInstance: bctc.ingest_bctc manual__2026-01-11T03:52:02+00:00 map_index=81 [queued]>
[2026-01-11T03:53:51.208+0000] {taskinstance.py:2076} INFO - Dependencies all met for dep_context=requeueable deps ti=<TaskInstance: bctc.ingest_bctc manual__2026-01-11T03:52:02+00:00 map_index=81 [queued]>
[2026-01-11T03:53:51.209+0000] {taskinstance.py:2306} INFO - Starting attempt 1 of 2
[2026-01-11T03:53:51.254+0000] {taskinstance.py:2330} INFO - Executing <Mapped(DfToCsvOperator): ingest_bctc> on 2026-01-11 03:52:02+00:00
[2026-01-11T03:53:51.275+0000] {warnings.py:112} WARNING - This process (pid=1007) is multi-threaded, use of fork() may lead to deadlocks in the child.

[2026-01-11T03:53:51.281+0000] {standard_task_runner.py:64} INFO - Started process 1093 to run task
[2026-01-11T03:53:51.282+0000] {standard_task_runner.py:90} INFO - Running: ['***', 'tasks', 'run', 'bctc', 'ingest_bctc', 'manual__2026-01-11T03:52:02+00:00', '--job-id', '10178', '--raw', '--subdir', 'DAGS_FOLDER/tt_cty_bctc.py', '--cfg-path', '/tmp/tmp608s6ik4', '--map-index', '81']
[2026-01-11T03:53:51.287+0000] {standard_task_runner.py:91} INFO - Job 10178: Subtask ingest_bctc
[2026-01-11T03:53:51.386+0000] {task_command.py:426} INFO - Running <TaskInstance: bctc.ingest_bctc manual__2026-01-11T03:52:02+00:00 map_index=81 [running]> on host 3f2af93df813
[2026-01-11T03:53:51.627+0000] {taskinstance.py:2648} INFO - Exporting env vars: AIRFLOW_CTX_DAG_OWNER='***' AIRFLOW_CTX_DAG_ID='bctc' AIRFLOW_CTX_TASK_ID='ingest_bctc' AIRFLOW_CTX_EXECUTION_DATE='2026-01-11T03:52:02+00:00' AIRFLOW_CTX_TRY_NUMBER='1' AIRFLOW_CTX_DAG_RUN_ID='manual__2026-01-11T03:52:02+00:00'
[2026-01-11T03:53:51.629+0000] {taskinstance.py:430} INFO - ::endgroup::
[2026-01-11T03:53:51.642+0000] {logging_mixin.py:188} INFO - Bắt đầu xử lý batch 20 mã: ['BIC', 'BHT', 'BHP', 'BHN', 'BHK', 'BHI', 'BHH', 'BHG', 'BHC', 'BHA', 'BGW', 'BGE', 'BFC', 'BEL', 'BED', 'BDW', 'BDT', 'BDG', 'BDB', 'BCV']
[2026-01-11T03:53:51.643+0000] {logging_mixin.py:188} INFO -  >> Đang lấy dữ liệu: BIC
[2026-01-11T03:53:51.870+0000] {logging_mixin.py:188} INFO -  Lỗi xử lý mã BIC: Failed to fetch data: 429 - Too Many Requests
[2026-01-11T03:53:51.871+0000] {logging_mixin.py:188} INFO -  >> Đang lấy dữ liệu: BHT
[2026-01-11T03:53:52.083+0000] {logging_mixin.py:188} INFO -  Lỗi xử lý mã BHT: Failed to fetch data: 429 - Too Many Requests
[2026-01-11T03:53:52.084+0000] {logging_mixin.py:188} INFO -  >> Đang lấy dữ liệu: BHP
[2026-01-11T03:53:52.277+0000] {logging_mixin.py:188} INFO -  Lỗi xử lý mã BHP: Failed to fetch data: 429 - Too Many Requests
[2026-01-11T03:53:52.278+0000] {logging_mixin.py:188} INFO -  >> Đang lấy dữ liệu: BHN
[2026-01-11T03:53:52.788+0000] {logging_mixin.py:188} INFO -  Lỗi xử lý mã BHN: Failed to fetch data: 429 - Too Many Requests
[2026-01-11T03:53:52.790+0000] {logging_mixin.py:188} INFO -  >> Đang lấy dữ liệu: BHK
[2026-01-11T03:53:53.007+0000] {logging_mixin.py:188} INFO -  Lỗi xử lý mã BHK: Failed to fetch data: 429 - Too Many Requests
[2026-01-11T03:53:53.008+0000] {logging_mixin.py:188} INFO -  >> Đang lấy dữ liệu: BHI
[2026-01-11T03:53:53.156+0000] {logging_mixin.py:188} INFO -  Lỗi xử lý mã BHI: Failed to fetch data: 429 - Too Many Requests
[2026-01-11T03:53:53.158+0000] {logging_mixin.py:188} INFO -  >> Đang lấy dữ liệu: BHH
[2026-01-11T03:53:53.441+0000] {logging_mixin.py:188} INFO -  Lỗi xử lý mã BHH: Failed to fetch data: 429 - Too Many Requests
[2026-01-11T03:53:53.444+0000] {logging_mixin.py:188} INFO -  >> Đang lấy dữ liệu: BHG
[2026-01-11T03:53:53.596+0000] {logging_mixin.py:188} INFO -  Lỗi xử lý mã BHG: Failed to fetch data: 429 - Too Many Requests
[2026-01-11T03:53:53.597+0000] {logging_mixin.py:188} INFO -  >> Đang lấy dữ liệu: BHC
[2026-01-11T03:53:53.791+0000] {logging_mixin.py:188} INFO -  Lỗi xử lý mã BHC: Failed to fetch data: 429 - Too Many Requests
[2026-01-11T03:53:53.792+0000] {logging_mixin.py:188} INFO -  >> Đang lấy dữ liệu: BHA
[2026-01-11T03:53:54.165+0000] {logging_mixin.py:188} INFO -  Lỗi xử lý mã BHA: Failed to fetch data: 429 - Too Many Requests
[2026-01-11T03:53:54.166+0000] {logging_mixin.py:188} INFO -  >> Đang lấy dữ liệu: BGW
[2026-01-11T03:53:54.318+0000] {logging_mixin.py:188} INFO -  Lỗi xử lý mã BGW: Failed to fetch data: 429 - Too Many Requests
[2026-01-11T03:53:54.319+0000] {logging_mixin.py:188} INFO -  >> Đang lấy dữ liệu: BGE
[2026-01-11T03:53:54.453+0000] {logging_mixin.py:188} INFO -  Lỗi xử lý mã BGE: Failed to fetch data: 429 - Too Many Requests
[2026-01-11T03:53:54.454+0000] {logging_mixin.py:188} INFO -  >> Đang lấy dữ liệu: BFC
[2026-01-11T03:53:54.591+0000] {logging_mixin.py:188} INFO -  Lỗi xử lý mã BFC: Failed to fetch data: 429 - Too Many Requests
[2026-01-11T03:53:54.593+0000] {logging_mixin.py:188} INFO -  >> Đang lấy dữ liệu: BEL
[2026-01-11T03:53:54.705+0000] {logging_mixin.py:188} INFO -  Lỗi xử lý mã BEL: Failed to fetch data: 429 - Too Many Requests
[2026-01-11T03:53:54.706+0000] {logging_mixin.py:188} INFO -  >> Đang lấy dữ liệu: BED
[2026-01-11T03:53:54.843+0000] {logging_mixin.py:188} INFO -  Lỗi xử lý mã BED: Failed to fetch data: 429 - Too Many Requests
[2026-01-11T03:53:54.844+0000] {logging_mixin.py:188} INFO -  >> Đang lấy dữ liệu: BDW
[2026-01-11T03:53:54.963+0000] {logging_mixin.py:188} INFO -  Lỗi xử lý mã BDW: Failed to fetch data: 429 - Too Many Requests
[2026-01-11T03:53:54.964+0000] {logging_mixin.py:188} INFO -  >> Đang lấy dữ liệu: BDT
[2026-01-11T03:53:55.760+0000] {logging_mixin.py:188} INFO -  Lỗi xử lý mã BDT: Failed to fetch data: 429 - Too Many Requests
[2026-01-11T03:53:55.761+0000] {logging_mixin.py:188} INFO -  >> Đang lấy dữ liệu: BDG
[2026-01-11T03:53:55.887+0000] {logging_mixin.py:188} INFO -  Lỗi xử lý mã BDG: Failed to fetch data: 429 - Too Many Requests
[2026-01-11T03:53:55.888+0000] {logging_mixin.py:188} INFO -  >> Đang lấy dữ liệu: BDB
[2026-01-11T03:53:56.011+0000] {logging_mixin.py:188} INFO -  Lỗi xử lý mã BDB: Failed to fetch data: 429 - Too Many Requests
[2026-01-11T03:53:56.011+0000] {logging_mixin.py:188} INFO -  >> Đang lấy dữ liệu: BCV
[2026-01-11T03:53:56.154+0000] {logging_mixin.py:188} INFO -  Lỗi xử lý mã BCV: Failed to fetch data: 429 - Too Many Requests
[2026-01-11T03:53:56.155+0000] {logging_mixin.py:188} INFO -  ⚠ Batch này không thu được dữ liệu nào.
[2026-01-11T03:53:56.159+0000] {datalake_df2csv.py:40} INFO - DataFrame rỗng, bỏ qua upload CSV.
[2026-01-11T03:53:56.159+0000] {taskinstance.py:441} INFO - ::group::Post task execution logs
[2026-01-11T03:53:56.169+0000] {taskinstance.py:1206} INFO - Marking task as SUCCESS. dag_id=bctc, task_id=ingest_bctc, run_id=manual__2026-01-11T03:52:02+00:00, map_index=81, execution_date=20260111T035202, start_date=20260111T035351, end_date=20260111T035356
[2026-01-11T03:53:56.201+0000] {local_task_job_runner.py:243} INFO - Task exited with return code 0
[2026-01-11T03:53:56.235+0000] {taskinstance.py:3503} INFO - 0 downstream tasks scheduled from follow-on schedule check
[2026-01-11T03:53:56.239+0000] {local_task_job_runner.py:222} INFO - ::endgroup::
