[2026-01-10T15:13:19.747+0000] {local_task_job_runner.py:120} INFO - ::group::Pre task execution logs
[2026-01-10T15:13:20.088+0000] {taskinstance.py:2076} INFO - Dependencies all met for dep_context=non-requeueable deps ti=<TaskInstance: thongtin_cty_bctc.ingest_overview scheduled__2025-12-30T00:00:00+00:00 map_index=377 [queued]>
[2026-01-10T15:13:20.226+0000] {taskinstance.py:2076} INFO - Dependencies all met for dep_context=requeueable deps ti=<TaskInstance: thongtin_cty_bctc.ingest_overview scheduled__2025-12-30T00:00:00+00:00 map_index=377 [queued]>
[2026-01-10T15:13:20.227+0000] {taskinstance.py:2306} INFO - Starting attempt 1 of 2
[2026-01-10T15:13:20.259+0000] {taskinstance.py:2330} INFO - Executing <Mapped(DfToCsvOperator): ingest_overview> on 2025-12-30 00:00:00+00:00
[2026-01-10T15:13:20.278+0000] {warnings.py:112} WARNING - This process (pid=7141) is multi-threaded, use of fork() may lead to deadlocks in the child.

[2026-01-10T15:13:20.280+0000] {standard_task_runner.py:64} INFO - Started process 7213 to run task
[2026-01-10T15:13:20.288+0000] {standard_task_runner.py:90} INFO - Running: ['***', 'tasks', 'run', 'thongtin_cty_bctc', 'ingest_overview', 'scheduled__2025-12-30T00:00:00+00:00', '--job-id', '9227', '--raw', '--subdir', 'DAGS_FOLDER/tt_cty_bctc.py', '--cfg-path', '/tmp/tmpgqtphbey', '--map-index', '377']
[2026-01-10T15:13:20.290+0000] {standard_task_runner.py:91} INFO - Job 9227: Subtask ingest_overview
[2026-01-10T15:13:20.397+0000] {task_command.py:426} INFO - Running <TaskInstance: thongtin_cty_bctc.ingest_overview scheduled__2025-12-30T00:00:00+00:00 map_index=377 [running]> on host c44bcb92a951
[2026-01-10T15:13:20.588+0000] {taskinstance.py:2648} INFO - Exporting env vars: AIRFLOW_CTX_DAG_OWNER='***' AIRFLOW_CTX_DAG_ID='thongtin_cty_bctc' AIRFLOW_CTX_TASK_ID='ingest_overview' AIRFLOW_CTX_EXECUTION_DATE='2025-12-30T00:00:00+00:00' AIRFLOW_CTX_TRY_NUMBER='1' AIRFLOW_CTX_DAG_RUN_ID='scheduled__2025-12-30T00:00:00+00:00'
[2026-01-10T15:13:20.590+0000] {taskinstance.py:430} INFO - ::endgroup::
[2026-01-10T15:13:20.891+0000] {warnings.py:112} WARNING - DataFrame.applymap has been deprecated. Use DataFrame.map instead.

[2026-01-10T15:13:22.343+0000] {warnings.py:112} WARNING - DataFrame.applymap has been deprecated. Use DataFrame.map instead.

[2026-01-10T15:13:23.552+0000] {warnings.py:112} WARNING - DataFrame.applymap has been deprecated. Use DataFrame.map instead.

[2026-01-10T15:13:24.576+0000] {base.py:84} INFO - Using connection ID 'minio_finance' for task execution.
[2026-01-10T15:13:24.577+0000] {connection_wrapper.py:384} INFO - AWS Connection (conn_id='minio_finance', conn_type='aws') credentials retrieved from login and password.
[2026-01-10T15:13:25.073+0000] {datalake_df2csv.py:52} INFO - ✅ Đã upload 3 dòng -> s3://thongtin-congty-va-bctc/overview/2025-12-30/batch_377.csv
[2026-01-10T15:13:25.074+0000] {taskinstance.py:441} INFO - ::group::Post task execution logs
[2026-01-10T15:13:25.084+0000] {taskinstance.py:1206} INFO - Marking task as SUCCESS. dag_id=thongtin_cty_bctc, task_id=ingest_overview, run_id=scheduled__2025-12-30T00:00:00+00:00, map_index=377, execution_date=20251230T000000, start_date=20260110T151320, end_date=20260110T151325
[2026-01-10T15:13:26.202+0000] {local_task_job_runner.py:243} INFO - Task exited with return code 0
[2026-01-10T15:13:26.212+0000] {local_task_job_runner.py:222} INFO - ::endgroup::
