[2025-12-31T14:40:39.669+0000] {local_task_job_runner.py:120} INFO - ::group::Pre task execution logs
[2025-12-31T14:40:39.698+0000] {taskinstance.py:2076} INFO - Dependencies all met for dep_context=non-requeueable deps ti=<TaskInstance: thongtin_cty_bctc.ingest_overview manual__2025-12-31T14:34:21.190447+00:00 map_index=25 [queued]>
[2025-12-31T14:40:39.713+0000] {taskinstance.py:2076} INFO - Dependencies all met for dep_context=requeueable deps ti=<TaskInstance: thongtin_cty_bctc.ingest_overview manual__2025-12-31T14:34:21.190447+00:00 map_index=25 [queued]>
[2025-12-31T14:40:39.714+0000] {taskinstance.py:2306} INFO - Starting attempt 1 of 2
[2025-12-31T14:40:39.733+0000] {taskinstance.py:2330} INFO - Executing <Mapped(DfToCsvOperator): ingest_overview> on 2025-12-31 14:34:21.190447+00:00
[2025-12-31T14:40:39.745+0000] {warnings.py:112} WARNING - This process (pid=4758) is multi-threaded, use of fork() may lead to deadlocks in the child.

[2025-12-31T14:40:39.746+0000] {standard_task_runner.py:64} INFO - Started process 4809 to run task
[2025-12-31T14:40:39.749+0000] {standard_task_runner.py:90} INFO - Running: ['***', 'tasks', 'run', 'thongtin_cty_bctc', 'ingest_overview', 'manual__2025-12-31T14:34:21.190447+00:00', '--job-id', '379', '--raw', '--subdir', 'DAGS_FOLDER/tt_cty_bctc.py', '--cfg-path', '/tmp/tmpyv1g81jg', '--map-index', '25']
[2025-12-31T14:40:39.750+0000] {standard_task_runner.py:91} INFO - Job 379: Subtask ingest_overview
[2025-12-31T14:40:39.801+0000] {task_command.py:426} INFO - Running <TaskInstance: thongtin_cty_bctc.ingest_overview manual__2025-12-31T14:34:21.190447+00:00 map_index=25 [running]> on host 8bc7f11ea9a4
[2025-12-31T14:40:39.907+0000] {taskinstance.py:2648} INFO - Exporting env vars: AIRFLOW_CTX_DAG_OWNER='***' AIRFLOW_CTX_DAG_ID='thongtin_cty_bctc' AIRFLOW_CTX_TASK_ID='ingest_overview' AIRFLOW_CTX_EXECUTION_DATE='2025-12-31T14:34:21.190447+00:00' AIRFLOW_CTX_TRY_NUMBER='1' AIRFLOW_CTX_DAG_RUN_ID='manual__2025-12-31T14:34:21.190447+00:00'
[2025-12-31T14:40:39.908+0000] {taskinstance.py:430} INFO - ::endgroup::
[2025-12-31T14:40:40.028+0000] {logging_mixin.py:188} INFO - Err overview SDP: Failed to fetch data: 429 - Too Many Requests
[2025-12-31T14:40:40.133+0000] {logging_mixin.py:188} INFO - Err overview SDN: Failed to fetch data: 429 - Too Many Requests
[2025-12-31T14:40:40.250+0000] {logging_mixin.py:188} INFO - Err overview SDK: Failed to fetch data: 429 - Too Many Requests
[2025-12-31T14:40:40.374+0000] {logging_mixin.py:188} INFO - Err overview SDJ: Failed to fetch data: 429 - Too Many Requests
[2025-12-31T14:40:40.489+0000] {logging_mixin.py:188} INFO - Err overview SDH: Failed to fetch data: 429 - Too Many Requests
[2025-12-31T14:40:40.605+0000] {logging_mixin.py:188} INFO - Err overview SDG: Failed to fetch data: 429 - Too Many Requests
[2025-12-31T14:40:40.726+0000] {logging_mixin.py:188} INFO - Err overview SDD: Failed to fetch data: 429 - Too Many Requests
[2025-12-31T14:40:40.836+0000] {logging_mixin.py:188} INFO - Err overview SDC: Failed to fetch data: 429 - Too Many Requests
[2025-12-31T14:40:40.944+0000] {logging_mixin.py:188} INFO - Err overview SDB: Failed to fetch data: 429 - Too Many Requests
[2025-12-31T14:40:41.059+0000] {logging_mixin.py:188} INFO - Err overview SDA: Failed to fetch data: 429 - Too Many Requests
[2025-12-31T14:40:41.184+0000] {logging_mixin.py:188} INFO - Err overview SD9: Failed to fetch data: 429 - Too Many Requests
[2025-12-31T14:41:02.506+0000] {logging_mixin.py:188} INFO - Err overview SD8: Failed to fetch data: 429 - Too Many Requests
[2025-12-31T14:41:03.003+0000] {logging_mixin.py:188} INFO - Err overview SD7: Failed to fetch data: 429 - Too Many Requests
[2025-12-31T14:41:03.183+0000] {logging_mixin.py:188} INFO - Err overview SD6: Failed to fetch data: 429 - Too Many Requests
[2025-12-31T14:41:03.349+0000] {logging_mixin.py:188} INFO - Err overview SD5: Failed to fetch data: 429 - Too Many Requests
[2025-12-31T14:41:03.478+0000] {logging_mixin.py:188} INFO - Err overview SD4: Failed to fetch data: 429 - Too Many Requests
[2025-12-31T14:41:24.620+0000] {logging_mixin.py:188} INFO - Err overview SD3: Failed to fetch data: 429 - Too Many Requests
[2025-12-31T14:41:24.738+0000] {logging_mixin.py:188} INFO - Err overview SD2: Failed to fetch data: 429 - Too Many Requests
[2025-12-31T14:41:45.864+0000] {logging_mixin.py:188} INFO - Err overview SD1: Failed to fetch data: 429 - Too Many Requests
[2025-12-31T14:41:46.000+0000] {logging_mixin.py:188} INFO - Err overview SCY: Failed to fetch data: 429 - Too Many Requests
[2025-12-31T14:41:46.004+0000] {datalake_df2csv.py:40} INFO - DataFrame rỗng, bỏ qua upload CSV.
[2025-12-31T14:41:46.004+0000] {taskinstance.py:441} INFO - ::group::Post task execution logs
[2025-12-31T14:41:46.013+0000] {taskinstance.py:1206} INFO - Marking task as SUCCESS. dag_id=thongtin_cty_bctc, task_id=ingest_overview, run_id=manual__2025-12-31T14:34:21.190447+00:00, map_index=25, execution_date=20251231T143421, start_date=20251231T144039, end_date=20251231T144146
[2025-12-31T14:41:46.041+0000] {local_task_job_runner.py:243} INFO - Task exited with return code 0
[2025-12-31T14:41:46.060+0000] {taskinstance.py:3503} INFO - 0 downstream tasks scheduled from follow-on schedule check
[2025-12-31T14:41:46.063+0000] {local_task_job_runner.py:222} INFO - ::endgroup::
