[2026-01-01T02:15:28.419+0000] {local_task_job_runner.py:120} INFO - ::group::Pre task execution logs
[2026-01-01T02:15:28.487+0000] {taskinstance.py:2076} INFO - Dependencies all met for dep_context=non-requeueable deps ti=<TaskInstance: thongtin_cty_bctc.ingest_bctc scheduled__2025-12-31T00:00:00+00:00 map_index=184 [queued]>
[2026-01-01T02:15:28.530+0000] {taskinstance.py:2076} INFO - Dependencies all met for dep_context=requeueable deps ti=<TaskInstance: thongtin_cty_bctc.ingest_bctc scheduled__2025-12-31T00:00:00+00:00 map_index=184 [queued]>
[2026-01-01T02:15:28.531+0000] {taskinstance.py:2306} INFO - Starting attempt 1 of 2
[2026-01-01T02:15:28.556+0000] {taskinstance.py:2330} INFO - Executing <Mapped(DfToCsvOperator): ingest_bctc> on 2025-12-31 00:00:00+00:00
[2026-01-01T02:15:28.573+0000] {warnings.py:112} WARNING - This process (pid=6791) is multi-threaded, use of fork() may lead to deadlocks in the child.

[2026-01-01T02:15:28.575+0000] {standard_task_runner.py:64} INFO - Started process 6926 to run task
[2026-01-01T02:15:28.578+0000] {standard_task_runner.py:90} INFO - Running: ['***', 'tasks', 'run', 'thongtin_cty_bctc', 'ingest_bctc', 'scheduled__2025-12-31T00:00:00+00:00', '--job-id', '1178', '--raw', '--subdir', 'DAGS_FOLDER/tt_cty_bctc.py', '--cfg-path', '/tmp/tmpyoep230n', '--map-index', '184']
[2026-01-01T02:15:28.582+0000] {standard_task_runner.py:91} INFO - Job 1178: Subtask ingest_bctc
[2026-01-01T02:15:28.678+0000] {task_command.py:426} INFO - Running <TaskInstance: thongtin_cty_bctc.ingest_bctc scheduled__2025-12-31T00:00:00+00:00 map_index=184 [running]> on host 43b0a0f7606b
[2026-01-01T02:15:28.865+0000] {taskinstance.py:2648} INFO - Exporting env vars: AIRFLOW_CTX_DAG_OWNER='***' AIRFLOW_CTX_DAG_ID='thongtin_cty_bctc' AIRFLOW_CTX_TASK_ID='ingest_bctc' AIRFLOW_CTX_EXECUTION_DATE='2025-12-31T00:00:00+00:00' AIRFLOW_CTX_TRY_NUMBER='1' AIRFLOW_CTX_DAG_RUN_ID='scheduled__2025-12-31T00:00:00+00:00'
[2026-01-01T02:15:28.867+0000] {taskinstance.py:430} INFO - ::endgroup::
[2026-01-01T02:15:28.896+0000] {logging_mixin.py:188} INFO - Bắt đầu xử lý batch 5 mã: ['LIG', 'LIC', 'LHG', 'LHC', 'LGM']
[2026-01-01T02:15:28.898+0000] {logging_mixin.py:188} INFO -  >> Đang lấy dữ liệu: LIG
[2026-01-01T02:15:50.087+0000] {logging_mixin.py:188} INFO -  Lỗi xử lý mã LIG: Failed to fetch data: 429 - Too Many Requests
[2026-01-01T02:15:50.089+0000] {logging_mixin.py:188} INFO -  >> Đang lấy dữ liệu: LIC
[2026-01-01T02:15:50.294+0000] {logging_mixin.py:188} INFO -  Lỗi xử lý mã LIC: Failed to fetch data: 429 - Too Many Requests
[2026-01-01T02:15:50.302+0000] {logging_mixin.py:188} INFO -  >> Đang lấy dữ liệu: LHG
[2026-01-01T02:15:50.496+0000] {logging_mixin.py:188} INFO -  Lỗi xử lý mã LHG: Failed to fetch data: 429 - Too Many Requests
[2026-01-01T02:15:50.500+0000] {logging_mixin.py:188} INFO -  >> Đang lấy dữ liệu: LHC
[2026-01-01T02:15:50.647+0000] {logging_mixin.py:188} INFO -  Lỗi xử lý mã LHC: Failed to fetch data: 429 - Too Many Requests
[2026-01-01T02:15:50.649+0000] {logging_mixin.py:188} INFO -  >> Đang lấy dữ liệu: LGM
[2026-01-01T02:15:50.801+0000] {logging_mixin.py:188} INFO -  Lỗi xử lý mã LGM: Failed to fetch data: 429 - Too Many Requests
[2026-01-01T02:15:50.803+0000] {logging_mixin.py:188} INFO -  ⚠ Batch này không thu được dữ liệu nào.
[2026-01-01T02:15:50.844+0000] {datalake_df2csv.py:40} INFO - DataFrame rỗng, bỏ qua upload CSV.
[2026-01-01T02:15:50.855+0000] {taskinstance.py:441} INFO - ::group::Post task execution logs
[2026-01-01T02:15:50.931+0000] {taskinstance.py:1206} INFO - Marking task as SUCCESS. dag_id=thongtin_cty_bctc, task_id=ingest_bctc, run_id=scheduled__2025-12-31T00:00:00+00:00, map_index=184, execution_date=20251231T000000, start_date=20260101T021528, end_date=20260101T021550
[2026-01-01T02:15:51.008+0000] {local_task_job_runner.py:243} INFO - Task exited with return code 0
[2026-01-01T02:15:51.043+0000] {taskinstance.py:3503} INFO - 0 downstream tasks scheduled from follow-on schedule check
[2026-01-01T02:15:51.052+0000] {local_task_job_runner.py:222} INFO - ::endgroup::
