[2025-12-31T14:39:06.414+0000] {local_task_job_runner.py:120} INFO - ::group::Pre task execution logs
[2025-12-31T14:39:06.455+0000] {taskinstance.py:2076} INFO - Dependencies all met for dep_context=non-requeueable deps ti=<TaskInstance: thongtin_cty_bctc.ingest_overview manual__2025-12-31T14:34:21.190447+00:00 map_index=6 [queued]>
[2025-12-31T14:39:06.477+0000] {taskinstance.py:2076} INFO - Dependencies all met for dep_context=requeueable deps ti=<TaskInstance: thongtin_cty_bctc.ingest_overview manual__2025-12-31T14:34:21.190447+00:00 map_index=6 [queued]>
[2025-12-31T14:39:06.478+0000] {taskinstance.py:2306} INFO - Starting attempt 1 of 2
[2025-12-31T14:39:06.511+0000] {taskinstance.py:2330} INFO - Executing <Mapped(DfToCsvOperator): ingest_overview> on 2025-12-31 14:34:21.190447+00:00
[2025-12-31T14:39:06.535+0000] {warnings.py:112} WARNING - This process (pid=3690) is multi-threaded, use of fork() may lead to deadlocks in the child.

[2025-12-31T14:39:06.539+0000] {standard_task_runner.py:64} INFO - Started process 3774 to run task
[2025-12-31T14:39:06.542+0000] {standard_task_runner.py:90} INFO - Running: ['***', 'tasks', 'run', 'thongtin_cty_bctc', 'ingest_overview', 'manual__2025-12-31T14:34:21.190447+00:00', '--job-id', '285', '--raw', '--subdir', 'DAGS_FOLDER/tt_cty_bctc.py', '--cfg-path', '/tmp/tmpr5a1v798', '--map-index', '6']
[2025-12-31T14:39:06.545+0000] {standard_task_runner.py:91} INFO - Job 285: Subtask ingest_overview
[2025-12-31T14:39:06.717+0000] {task_command.py:426} INFO - Running <TaskInstance: thongtin_cty_bctc.ingest_overview manual__2025-12-31T14:34:21.190447+00:00 map_index=6 [running]> on host 8bc7f11ea9a4
[2025-12-31T14:39:06.968+0000] {taskinstance.py:2648} INFO - Exporting env vars: AIRFLOW_CTX_DAG_OWNER='***' AIRFLOW_CTX_DAG_ID='thongtin_cty_bctc' AIRFLOW_CTX_TASK_ID='ingest_overview' AIRFLOW_CTX_EXECUTION_DATE='2025-12-31T14:34:21.190447+00:00' AIRFLOW_CTX_TRY_NUMBER='1' AIRFLOW_CTX_DAG_RUN_ID='manual__2025-12-31T14:34:21.190447+00:00'
[2025-12-31T14:39:06.972+0000] {taskinstance.py:430} INFO - ::endgroup::
[2025-12-31T14:39:07.183+0000] {logging_mixin.py:188} INFO - Err overview VIN: Failed to fetch data: 429 - Too Many Requests
[2025-12-31T14:39:07.443+0000] {logging_mixin.py:188} INFO - Err overview VIM: Failed to fetch data: 429 - Too Many Requests
[2025-12-31T14:39:07.559+0000] {logging_mixin.py:188} INFO - Err overview VIH: Failed to fetch data: 429 - Too Many Requests
[2025-12-31T14:39:07.683+0000] {logging_mixin.py:188} INFO - Err overview VIG: Failed to fetch data: 429 - Too Many Requests
[2025-12-31T14:39:07.857+0000] {logging_mixin.py:188} INFO - Err overview VIF: Failed to fetch data: 429 - Too Many Requests
[2025-12-31T14:39:08.024+0000] {logging_mixin.py:188} INFO - Err overview VIE: Failed to fetch data: 429 - Too Many Requests
[2025-12-31T14:39:08.201+0000] {logging_mixin.py:188} INFO - Err overview VID: Failed to fetch data: 429 - Too Many Requests
[2025-12-31T14:39:29.382+0000] {logging_mixin.py:188} INFO - Err overview VIC: Failed to fetch data: 429 - Too Many Requests
[2025-12-31T14:39:29.539+0000] {logging_mixin.py:188} INFO - Err overview VIB: Failed to fetch data: 429 - Too Many Requests
[2025-12-31T14:39:29.674+0000] {logging_mixin.py:188} INFO - Err overview VHM: Failed to fetch data: 429 - Too Many Requests
[2025-12-31T14:39:29.778+0000] {logging_mixin.py:188} INFO - Err overview VHL: Failed to fetch data: 429 - Too Many Requests
[2025-12-31T14:39:29.893+0000] {logging_mixin.py:188} INFO - Err overview VHI: Failed to fetch data: 429 - Too Many Requests
[2025-12-31T14:39:30.050+0000] {logging_mixin.py:188} INFO - Err overview VHH: Failed to fetch data: 429 - Too Many Requests
[2025-12-31T14:39:30.183+0000] {logging_mixin.py:188} INFO - Err overview VHG: Failed to fetch data: 429 - Too Many Requests
[2025-12-31T14:39:30.331+0000] {logging_mixin.py:188} INFO - Err overview VHF: Failed to fetch data: 429 - Too Many Requests
[2025-12-31T14:39:30.474+0000] {logging_mixin.py:188} INFO - Err overview VHE: Failed to fetch data: 429 - Too Many Requests
[2025-12-31T14:39:30.666+0000] {logging_mixin.py:188} INFO - Err overview VHD: Failed to fetch data: 429 - Too Many Requests
[2025-12-31T14:39:30.780+0000] {logging_mixin.py:188} INFO - Err overview VHC: Failed to fetch data: 429 - Too Many Requests
[2025-12-31T14:39:30.898+0000] {logging_mixin.py:188} INFO - Err overview VGV: Failed to fetch data: 429 - Too Many Requests
[2025-12-31T14:39:31.051+0000] {logging_mixin.py:188} INFO - Err overview VGT: Failed to fetch data: 429 - Too Many Requests
[2025-12-31T14:39:31.055+0000] {datalake_df2csv.py:40} INFO - DataFrame rỗng, bỏ qua upload CSV.
[2025-12-31T14:39:31.055+0000] {taskinstance.py:441} INFO - ::group::Post task execution logs
[2025-12-31T14:39:31.064+0000] {taskinstance.py:1206} INFO - Marking task as SUCCESS. dag_id=thongtin_cty_bctc, task_id=ingest_overview, run_id=manual__2025-12-31T14:34:21.190447+00:00, map_index=6, execution_date=20251231T143421, start_date=20251231T143906, end_date=20251231T143931
[2025-12-31T14:39:31.089+0000] {local_task_job_runner.py:243} INFO - Task exited with return code 0
[2025-12-31T14:39:31.101+0000] {taskinstance.py:3503} INFO - 0 downstream tasks scheduled from follow-on schedule check
[2025-12-31T14:39:31.103+0000] {local_task_job_runner.py:222} INFO - ::endgroup::
