[2026-01-10T15:07:05.430+0000] {local_task_job_runner.py:120} INFO - ::group::Pre task execution logs
[2026-01-10T15:07:05.489+0000] {taskinstance.py:2076} INFO - Dependencies all met for dep_context=non-requeueable deps ti=<TaskInstance: thongtin_cty_bctc.ingest_bctc scheduled__2025-12-30T00:00:00+00:00 map_index=259 [queued]>
[2026-01-10T15:07:05.676+0000] {taskinstance.py:2076} INFO - Dependencies all met for dep_context=requeueable deps ti=<TaskInstance: thongtin_cty_bctc.ingest_bctc scheduled__2025-12-30T00:00:00+00:00 map_index=259 [queued]>
[2026-01-10T15:07:05.677+0000] {taskinstance.py:2306} INFO - Starting attempt 1 of 2
[2026-01-10T15:07:05.690+0000] {taskinstance.py:2330} INFO - Executing <Mapped(DfToCsvOperator): ingest_bctc> on 2025-12-30 00:00:00+00:00
[2026-01-10T15:07:05.700+0000] {warnings.py:112} WARNING - This process (pid=2520) is multi-threaded, use of fork() may lead to deadlocks in the child.

[2026-01-10T15:07:05.701+0000] {standard_task_runner.py:64} INFO - Started process 2562 to run task
[2026-01-10T15:07:05.703+0000] {standard_task_runner.py:90} INFO - Running: ['***', 'tasks', 'run', 'thongtin_cty_bctc', 'ingest_bctc', 'scheduled__2025-12-30T00:00:00+00:00', '--job-id', '8877', '--raw', '--subdir', 'DAGS_FOLDER/tt_cty_bctc.py', '--cfg-path', '/tmp/tmpcgy05s5n', '--map-index', '259']
[2026-01-10T15:07:05.704+0000] {standard_task_runner.py:91} INFO - Job 8877: Subtask ingest_bctc
[2026-01-10T15:07:05.752+0000] {task_command.py:426} INFO - Running <TaskInstance: thongtin_cty_bctc.ingest_bctc scheduled__2025-12-30T00:00:00+00:00 map_index=259 [running]> on host c44bcb92a951
[2026-01-10T15:07:05.847+0000] {taskinstance.py:2648} INFO - Exporting env vars: AIRFLOW_CTX_DAG_OWNER='***' AIRFLOW_CTX_DAG_ID='thongtin_cty_bctc' AIRFLOW_CTX_TASK_ID='ingest_bctc' AIRFLOW_CTX_EXECUTION_DATE='2025-12-30T00:00:00+00:00' AIRFLOW_CTX_TRY_NUMBER='1' AIRFLOW_CTX_DAG_RUN_ID='scheduled__2025-12-30T00:00:00+00:00'
[2026-01-10T15:07:05.848+0000] {taskinstance.py:430} INFO - ::endgroup::
[2026-01-10T15:07:05.854+0000] {logging_mixin.py:188} INFO - Bắt đầu xử lý batch 3 mã: ['NQB', 'NOS', 'NO1']
[2026-01-10T15:07:05.855+0000] {logging_mixin.py:188} INFO -  >> Đang lấy dữ liệu: NQB
[2026-01-10T15:07:08.589+0000] {logging_mixin.py:188} INFO -  >> Đang lấy dữ liệu: NOS
[2026-01-10T15:07:11.974+0000] {logging_mixin.py:188} INFO -  >> Đang lấy dữ liệu: NO1
[2026-01-10T15:07:14.677+0000] {logging_mixin.py:188} INFO -  ✓ Hoàn thành batch. Tổng số dòng: 7651
[2026-01-10T15:07:14.715+0000] {base.py:84} INFO - Using connection ID 'minio_finance' for task execution.
[2026-01-10T15:07:14.716+0000] {connection_wrapper.py:384} INFO - AWS Connection (conn_id='minio_finance', conn_type='aws') credentials retrieved from login and password.
[2026-01-10T15:07:15.201+0000] {datalake_df2csv.py:52} INFO - ✅ Đã upload 7651 dòng -> s3://thongtin-congty-va-bctc/bctc/2025-12-30/batch_259.csv
[2026-01-10T15:07:15.203+0000] {taskinstance.py:441} INFO - ::group::Post task execution logs
[2026-01-10T15:07:15.213+0000] {taskinstance.py:1206} INFO - Marking task as SUCCESS. dag_id=thongtin_cty_bctc, task_id=ingest_bctc, run_id=scheduled__2025-12-30T00:00:00+00:00, map_index=259, execution_date=20251230T000000, start_date=20260110T150705, end_date=20260110T150715
[2026-01-10T15:07:16.109+0000] {local_task_job_runner.py:243} INFO - Task exited with return code 0
[2026-01-10T15:07:16.117+0000] {local_task_job_runner.py:222} INFO - ::endgroup::
