[2026-01-01T08:55:06.496+0000] {local_task_job_runner.py:120} INFO - ::group::Pre task execution logs
[2026-01-01T08:55:06.567+0000] {taskinstance.py:2076} INFO - Dependencies all met for dep_context=non-requeueable deps ti=<TaskInstance: thongtin_cty_bctc.ingest_bctc manual__2026-01-01T00:00:00+00:00 map_index=54 [queued]>
[2026-01-01T08:55:06.599+0000] {taskinstance.py:2076} INFO - Dependencies all met for dep_context=requeueable deps ti=<TaskInstance: thongtin_cty_bctc.ingest_bctc manual__2026-01-01T00:00:00+00:00 map_index=54 [queued]>
[2026-01-01T08:55:06.600+0000] {taskinstance.py:2306} INFO - Starting attempt 1 of 2
[2026-01-01T08:55:06.623+0000] {taskinstance.py:2330} INFO - Executing <Mapped(DfToCsvOperator): ingest_bctc> on 2026-01-01 00:00:00+00:00
[2026-01-01T08:55:06.641+0000] {warnings.py:112} WARNING - This process (pid=2668) is multi-threaded, use of fork() may lead to deadlocks in the child.

[2026-01-01T08:55:06.643+0000] {standard_task_runner.py:64} INFO - Started process 2788 to run task
[2026-01-01T08:55:06.648+0000] {standard_task_runner.py:90} INFO - Running: ['***', 'tasks', 'run', 'thongtin_cty_bctc', 'ingest_bctc', 'manual__2026-01-01T00:00:00+00:00', '--job-id', '4005', '--raw', '--subdir', 'DAGS_FOLDER/tt_cty_bctc.py', '--cfg-path', '/tmp/tmpptl6onze', '--map-index', '54']
[2026-01-01T08:55:06.650+0000] {standard_task_runner.py:91} INFO - Job 4005: Subtask ingest_bctc
[2026-01-01T08:55:06.729+0000] {task_command.py:426} INFO - Running <TaskInstance: thongtin_cty_bctc.ingest_bctc manual__2026-01-01T00:00:00+00:00 map_index=54 [running]> on host b455963a0603
[2026-01-01T08:55:06.899+0000] {taskinstance.py:2648} INFO - Exporting env vars: AIRFLOW_CTX_DAG_OWNER='***' AIRFLOW_CTX_DAG_ID='thongtin_cty_bctc' AIRFLOW_CTX_TASK_ID='ingest_bctc' AIRFLOW_CTX_EXECUTION_DATE='2026-01-01T00:00:00+00:00' AIRFLOW_CTX_TRY_NUMBER='1' AIRFLOW_CTX_DAG_RUN_ID='manual__2026-01-01T00:00:00+00:00'
[2026-01-01T08:55:06.901+0000] {taskinstance.py:430} INFO - ::endgroup::
[2026-01-01T08:55:06.931+0000] {logging_mixin.py:188} INFO - Bắt đầu xử lý batch 3 mã: ['VDT', 'VDS', 'VDP']
[2026-01-01T08:55:06.932+0000] {logging_mixin.py:188} INFO -  >> Đang lấy dữ liệu: VDT
[2026-01-01T08:55:12.269+0000] {logging_mixin.py:188} INFO - ❌ Lỗi income_statement: RetryError[<Future at 0x7f266ee070e0 state=finished raised KeyError>]
[2026-01-01T08:55:16.817+0000] {logging_mixin.py:188} INFO - ❌ Lỗi balance_sheet: RetryError[<Future at 0x7f266ee077a0 state=finished raised KeyError>]
[2026-01-01T08:55:21.560+0000] {logging_mixin.py:188} INFO - ❌ Lỗi cash_flow: RetryError[<Future at 0x7f266ee07920 state=finished raised KeyError>]
[2026-01-01T08:55:22.566+0000] {logging_mixin.py:188} INFO -  >> Đang lấy dữ liệu: VDS
[2026-01-01T08:55:27.507+0000] {logging_mixin.py:188} INFO -  >> Đang lấy dữ liệu: VDP
[2026-01-01T08:55:30.727+0000] {logging_mixin.py:188} INFO -  ✓ Hoàn thành batch. Tổng số dòng: 7779
[2026-01-01T08:55:30.796+0000] {base.py:84} INFO - Using connection ID 'minio_finance' for task execution.
[2026-01-01T08:55:30.798+0000] {connection_wrapper.py:384} INFO - AWS Connection (conn_id='minio_finance', conn_type='aws') credentials retrieved from login and password.
[2026-01-01T08:55:31.601+0000] {datalake_df2csv.py:53} INFO - ✅ Đã upload 7779 dòng -> s3://thongtin-congty-va-bctc/bctc/2026-01-01/batch_54.csv
[2026-01-01T08:55:31.603+0000] {taskinstance.py:441} INFO - ::group::Post task execution logs
[2026-01-01T08:55:31.618+0000] {taskinstance.py:1206} INFO - Marking task as SUCCESS. dag_id=thongtin_cty_bctc, task_id=ingest_bctc, run_id=manual__2026-01-01T00:00:00+00:00, map_index=54, execution_date=20260101T000000, start_date=20260101T085506, end_date=20260101T085531
[2026-01-01T08:55:34.200+0000] {local_task_job_runner.py:243} INFO - Task exited with return code 0
[2026-01-01T08:55:34.260+0000] {taskinstance.py:3503} INFO - 0 downstream tasks scheduled from follow-on schedule check
[2026-01-01T08:55:34.265+0000] {local_task_job_runner.py:222} INFO - ::endgroup::
