[2026-01-12T15:25:39.462+0000] {local_task_job_runner.py:120} INFO - ::group::Pre task execution logs
[2026-01-12T15:25:39.576+0000] {taskinstance.py:2076} INFO - Dependencies all met for dep_context=non-requeueable deps ti=<TaskInstance: financial_ratios_etl.ingest_financial_ratios manual__2026-01-12T15:14:43+00:00 map_index=691 [queued]>
[2026-01-12T15:25:39.676+0000] {taskinstance.py:2076} INFO - Dependencies all met for dep_context=requeueable deps ti=<TaskInstance: financial_ratios_etl.ingest_financial_ratios manual__2026-01-12T15:14:43+00:00 map_index=691 [queued]>
[2026-01-12T15:25:39.677+0000] {taskinstance.py:2306} INFO - Starting attempt 1 of 2
[2026-01-12T15:25:39.724+0000] {taskinstance.py:2330} INFO - Executing <Mapped(DfToCsvOperator): ingest_financial_ratios> on 2026-01-12 15:14:43+00:00
[2026-01-12T15:25:39.743+0000] {warnings.py:112} WARNING - This process (pid=9106) is multi-threaded, use of fork() may lead to deadlocks in the child.

[2026-01-12T15:25:39.745+0000] {standard_task_runner.py:64} INFO - Started process 9187 to run task
[2026-01-12T15:25:39.750+0000] {standard_task_runner.py:90} INFO - Running: ['***', 'tasks', 'run', 'financial_ratios_etl', 'ingest_financial_ratios', 'manual__2026-01-12T15:14:43+00:00', '--job-id', '14396', '--raw', '--subdir', 'DAGS_FOLDER/financial_ratios_etl.py', '--cfg-path', '/tmp/tmpmb84hbq2', '--map-index', '691']
[2026-01-12T15:25:39.757+0000] {standard_task_runner.py:91} INFO - Job 14396: Subtask ingest_financial_ratios
[2026-01-12T15:25:39.890+0000] {task_command.py:426} INFO - Running <TaskInstance: financial_ratios_etl.ingest_financial_ratios manual__2026-01-12T15:14:43+00:00 map_index=691 [running]> on host 5a20a797a43c
[2026-01-12T15:25:40.089+0000] {taskinstance.py:2648} INFO - Exporting env vars: AIRFLOW_CTX_DAG_OWNER='***' AIRFLOW_CTX_DAG_ID='financial_ratios_etl' AIRFLOW_CTX_TASK_ID='ingest_financial_ratios' AIRFLOW_CTX_EXECUTION_DATE='2026-01-12T15:14:43+00:00' AIRFLOW_CTX_TRY_NUMBER='1' AIRFLOW_CTX_DAG_RUN_ID='manual__2026-01-12T15:14:43+00:00'
[2026-01-12T15:25:40.094+0000] {taskinstance.py:430} INFO - ::endgroup::
[2026-01-12T15:25:40.106+0000] {logging_mixin.py:188} INFO - [RATIO] Bắt đầu xử lý batch 2 mã: ['DHC', 'DHB']
[2026-01-12T15:25:40.106+0000] {logging_mixin.py:188} INFO - [RATIO] Kỳ dữ liệu: quarter
[2026-01-12T15:25:40.107+0000] {logging_mixin.py:188} INFO -  >> [RATIO] Đang lấy dữ liệu: DHC
[2026-01-12T15:25:41.118+0000] {logging_mixin.py:188} INFO -  ✓ [RATIO] DHC: 51 rows
[2026-01-12T15:25:43.119+0000] {logging_mixin.py:188} INFO -  >> [RATIO] Đang lấy dữ liệu: DHB
[2026-01-12T15:25:43.888+0000] {logging_mixin.py:188} INFO -  ✓ [RATIO] DHB: 33 rows
[2026-01-12T15:25:45.893+0000] {logging_mixin.py:188} INFO -  ✅ [RATIO] Hoàn thành batch. Tổng số dòng: 84
[2026-01-12T15:25:45.923+0000] {base.py:84} INFO - Using connection ID 'minio_finance' for task execution.
[2026-01-12T15:25:45.925+0000] {connection_wrapper.py:384} INFO - AWS Connection (conn_id='minio_finance', conn_type='aws') credentials retrieved from login and password.
[2026-01-12T15:25:46.656+0000] {datalake_df2csv.py:52} INFO - ✅ Đã upload 84 dòng -> s3://thongtin-congty-va-bctc/financial_ratios/2026-01-12/batch_691.csv
[2026-01-12T15:25:46.657+0000] {taskinstance.py:441} INFO - ::group::Post task execution logs
[2026-01-12T15:25:46.669+0000] {taskinstance.py:1206} INFO - Marking task as SUCCESS. dag_id=financial_ratios_etl, task_id=ingest_financial_ratios, run_id=manual__2026-01-12T15:14:43+00:00, map_index=691, execution_date=20260112T151443, start_date=20260112T152539, end_date=20260112T152546
[2026-01-12T15:25:46.718+0000] {local_task_job_runner.py:243} INFO - Task exited with return code 0
[2026-01-12T15:25:46.737+0000] {taskinstance.py:3503} INFO - 0 downstream tasks scheduled from follow-on schedule check
[2026-01-12T15:25:46.739+0000] {local_task_job_runner.py:222} INFO - ::endgroup::
