[2026-01-01T09:04:46.187+0000] {local_task_job_runner.py:120} INFO - ::group::Pre task execution logs
[2026-01-01T09:04:46.216+0000] {taskinstance.py:2076} INFO - Dependencies all met for dep_context=non-requeueable deps ti=<TaskInstance: thongtin_cty_bctc.ingest_people scheduled__2025-12-30T00:00:00+00:00 map_index=25 [queued]>
[2026-01-01T09:04:46.231+0000] {taskinstance.py:2076} INFO - Dependencies all met for dep_context=requeueable deps ti=<TaskInstance: thongtin_cty_bctc.ingest_people scheduled__2025-12-30T00:00:00+00:00 map_index=25 [queued]>
[2026-01-01T09:04:46.232+0000] {taskinstance.py:2306} INFO - Starting attempt 5 of 6
[2026-01-01T09:04:46.246+0000] {taskinstance.py:2330} INFO - Executing <Mapped(DfToCsvOperator): ingest_people> on 2025-12-30 00:00:00+00:00
[2026-01-01T09:04:46.259+0000] {warnings.py:112} WARNING - This process (pid=9261) is multi-threaded, use of fork() may lead to deadlocks in the child.

[2026-01-01T09:04:46.261+0000] {standard_task_runner.py:64} INFO - Started process 9317 to run task
[2026-01-01T09:04:46.263+0000] {standard_task_runner.py:90} INFO - Running: ['***', 'tasks', 'run', 'thongtin_cty_bctc', 'ingest_people', 'scheduled__2025-12-30T00:00:00+00:00', '--job-id', '4505', '--raw', '--subdir', 'DAGS_FOLDER/tt_cty_bctc.py', '--cfg-path', '/tmp/tmp557m5anb', '--map-index', '25']
[2026-01-01T09:04:46.265+0000] {standard_task_runner.py:91} INFO - Job 4505: Subtask ingest_people
[2026-01-01T09:04:46.324+0000] {task_command.py:426} INFO - Running <TaskInstance: thongtin_cty_bctc.ingest_people scheduled__2025-12-30T00:00:00+00:00 map_index=25 [running]> on host b455963a0603
[2026-01-01T09:04:46.435+0000] {taskinstance.py:2648} INFO - Exporting env vars: AIRFLOW_CTX_DAG_OWNER='***' AIRFLOW_CTX_DAG_ID='thongtin_cty_bctc' AIRFLOW_CTX_TASK_ID='ingest_people' AIRFLOW_CTX_EXECUTION_DATE='2025-12-30T00:00:00+00:00' AIRFLOW_CTX_TRY_NUMBER='5' AIRFLOW_CTX_DAG_RUN_ID='scheduled__2025-12-30T00:00:00+00:00'
[2026-01-01T09:04:46.437+0000] {taskinstance.py:430} INFO - ::endgroup::
[2026-01-01T09:04:51.865+0000] {logging_mixin.py:188} INFO - officers VNZ: RetryError[<Future at 0x7f266ee02c30 state=finished raised KeyError>]
[2026-01-01T09:04:54.066+0000] {base.py:84} INFO - Using connection ID 'minio_finance' for task execution.
[2026-01-01T09:04:54.068+0000] {connection_wrapper.py:384} INFO - AWS Connection (conn_id='minio_finance', conn_type='aws') credentials retrieved from login and password.
[2026-01-01T09:04:55.081+0000] {datalake_df2csv.py:53} INFO - ✅ Đã upload 60 dòng -> s3://thongtin-congty-va-bctc/people/2025-12-30/batch_25.csv
[2026-01-01T09:04:55.083+0000] {taskinstance.py:441} INFO - ::group::Post task execution logs
[2026-01-01T09:04:55.117+0000] {taskinstance.py:1206} INFO - Marking task as SUCCESS. dag_id=thongtin_cty_bctc, task_id=ingest_people, run_id=scheduled__2025-12-30T00:00:00+00:00, map_index=25, execution_date=20251230T000000, start_date=20260101T090446, end_date=20260101T090455
[2026-01-01T09:04:55.221+0000] {local_task_job_runner.py:243} INFO - Task exited with return code 0
[2026-01-01T09:04:55.240+0000] {local_task_job_runner.py:222} INFO - ::endgroup::
