[2025-12-31T14:42:39.925+0000] {local_task_job_runner.py:120} INFO - ::group::Pre task execution logs
[2025-12-31T14:42:39.980+0000] {taskinstance.py:2076} INFO - Dependencies all met for dep_context=non-requeueable deps ti=<TaskInstance: thongtin_cty_bctc.ingest_overview manual__2025-12-31T14:34:21.190447+00:00 map_index=62 [queued]>
[2025-12-31T14:42:40.017+0000] {taskinstance.py:2076} INFO - Dependencies all met for dep_context=requeueable deps ti=<TaskInstance: thongtin_cty_bctc.ingest_overview manual__2025-12-31T14:34:21.190447+00:00 map_index=62 [queued]>
[2025-12-31T14:42:40.018+0000] {taskinstance.py:2306} INFO - Starting attempt 1 of 2
[2025-12-31T14:42:40.040+0000] {taskinstance.py:2330} INFO - Executing <Mapped(DfToCsvOperator): ingest_overview> on 2025-12-31 14:34:21.190447+00:00
[2025-12-31T14:42:40.052+0000] {warnings.py:112} WARNING - This process (pid=6012) is multi-threaded, use of fork() may lead to deadlocks in the child.

[2025-12-31T14:42:40.054+0000] {standard_task_runner.py:64} INFO - Started process 6097 to run task
[2025-12-31T14:42:40.057+0000] {standard_task_runner.py:90} INFO - Running: ['***', 'tasks', 'run', 'thongtin_cty_bctc', 'ingest_overview', 'manual__2025-12-31T14:34:21.190447+00:00', '--job-id', '489', '--raw', '--subdir', 'DAGS_FOLDER/tt_cty_bctc.py', '--cfg-path', '/tmp/tmpxbahvz2w', '--map-index', '62']
[2025-12-31T14:42:40.059+0000] {standard_task_runner.py:91} INFO - Job 489: Subtask ingest_overview
[2025-12-31T14:42:40.123+0000] {task_command.py:426} INFO - Running <TaskInstance: thongtin_cty_bctc.ingest_overview manual__2025-12-31T14:34:21.190447+00:00 map_index=62 [running]> on host 8bc7f11ea9a4
[2025-12-31T14:42:40.264+0000] {taskinstance.py:2648} INFO - Exporting env vars: AIRFLOW_CTX_DAG_OWNER='***' AIRFLOW_CTX_DAG_ID='thongtin_cty_bctc' AIRFLOW_CTX_TASK_ID='ingest_overview' AIRFLOW_CTX_EXECUTION_DATE='2025-12-31T14:34:21.190447+00:00' AIRFLOW_CTX_TRY_NUMBER='1' AIRFLOW_CTX_DAG_RUN_ID='manual__2025-12-31T14:34:21.190447+00:00'
[2025-12-31T14:42:40.266+0000] {taskinstance.py:430} INFO - ::endgroup::
[2025-12-31T14:42:40.394+0000] {logging_mixin.py:188} INFO - Err overview FRM: Failed to fetch data: 429 - Too Many Requests
[2025-12-31T14:42:40.511+0000] {logging_mixin.py:188} INFO - Err overview FRC: Failed to fetch data: 429 - Too Many Requests
[2025-12-31T14:42:40.635+0000] {logging_mixin.py:188} INFO - Err overview FPT: Failed to fetch data: 429 - Too Many Requests
[2025-12-31T14:42:40.744+0000] {logging_mixin.py:188} INFO - Err overview FOX: Failed to fetch data: 429 - Too Many Requests
[2025-12-31T14:42:40.884+0000] {logging_mixin.py:188} INFO - Err overview FOC: Failed to fetch data: 429 - Too Many Requests
[2025-12-31T14:42:41.026+0000] {logging_mixin.py:188} INFO - Err overview FMC: Failed to fetch data: 429 - Too Many Requests
[2025-12-31T14:42:41.138+0000] {logging_mixin.py:188} INFO - Err overview FLC: Failed to fetch data: 429 - Too Many Requests
[2025-12-31T14:42:41.397+0000] {logging_mixin.py:188} INFO - Err overview FIT: Failed to fetch data: 429 - Too Many Requests
[2025-12-31T14:42:41.537+0000] {logging_mixin.py:188} INFO - Err overview FIR: Failed to fetch data: 429 - Too Many Requests
[2025-12-31T14:42:41.731+0000] {logging_mixin.py:188} INFO - Err overview FID: Failed to fetch data: 429 - Too Many Requests
[2025-12-31T14:42:41.883+0000] {logging_mixin.py:188} INFO - Err overview FIC: Failed to fetch data: 429 - Too Many Requests
[2025-12-31T14:42:42.124+0000] {logging_mixin.py:188} INFO - Err overview FHS: Failed to fetch data: 429 - Too Many Requests
[2025-12-31T14:42:42.259+0000] {logging_mixin.py:188} INFO - Err overview FHN: Failed to fetch data: 429 - Too Many Requests
[2025-12-31T14:42:42.360+0000] {logging_mixin.py:188} INFO - Err overview FGL: Failed to fetch data: 429 - Too Many Requests
[2025-12-31T14:42:42.525+0000] {logging_mixin.py:188} INFO - Err overview FDG: Failed to fetch data: 429 - Too Many Requests
[2025-12-31T14:42:42.636+0000] {logging_mixin.py:188} INFO - Err overview FDC: Failed to fetch data: 429 - Too Many Requests
[2025-12-31T14:42:42.986+0000] {logging_mixin.py:188} INFO - Err overview FCS: Failed to fetch data: 429 - Too Many Requests
[2025-12-31T14:42:43.104+0000] {logging_mixin.py:188} INFO - Err overview FCN: Failed to fetch data: 429 - Too Many Requests
[2025-12-31T14:42:43.217+0000] {logging_mixin.py:188} INFO - Err overview FCM: Failed to fetch data: 429 - Too Many Requests
[2025-12-31T14:42:43.335+0000] {logging_mixin.py:188} INFO - Err overview FCC: Failed to fetch data: 429 - Too Many Requests
[2025-12-31T14:42:43.338+0000] {datalake_df2csv.py:40} INFO - DataFrame rỗng, bỏ qua upload CSV.
[2025-12-31T14:42:43.339+0000] {taskinstance.py:441} INFO - ::group::Post task execution logs
[2025-12-31T14:42:43.347+0000] {taskinstance.py:1206} INFO - Marking task as SUCCESS. dag_id=thongtin_cty_bctc, task_id=ingest_overview, run_id=manual__2025-12-31T14:34:21.190447+00:00, map_index=62, execution_date=20251231T143421, start_date=20251231T144239, end_date=20251231T144243
[2025-12-31T14:42:43.374+0000] {local_task_job_runner.py:243} INFO - Task exited with return code 0
[2025-12-31T14:42:43.394+0000] {taskinstance.py:3503} INFO - 0 downstream tasks scheduled from follow-on schedule check
[2025-12-31T14:42:43.396+0000] {local_task_job_runner.py:222} INFO - ::endgroup::
