[2026-01-01T03:06:00.497+0000] {local_task_job_runner.py:120} INFO - ::group::Pre task execution logs
[2026-01-01T03:06:00.539+0000] {taskinstance.py:2076} INFO - Dependencies all met for dep_context=non-requeueable deps ti=<TaskInstance: thongtin_cty_bctc.ingest_overview manual__2026-01-01T02:54:43+00:00 map_index=25 [queued]>
[2026-01-01T03:06:00.565+0000] {taskinstance.py:2076} INFO - Dependencies all met for dep_context=requeueable deps ti=<TaskInstance: thongtin_cty_bctc.ingest_overview manual__2026-01-01T02:54:43+00:00 map_index=25 [queued]>
[2026-01-01T03:06:00.566+0000] {taskinstance.py:2306} INFO - Starting attempt 1 of 2
[2026-01-01T03:06:00.590+0000] {taskinstance.py:2330} INFO - Executing <Mapped(DfToCsvOperator): ingest_overview> on 2026-01-01 02:54:43+00:00
[2026-01-01T03:06:00.603+0000] {warnings.py:112} WARNING - This process (pid=30064) is multi-threaded, use of fork() may lead to deadlocks in the child.

[2026-01-01T03:06:00.605+0000] {standard_task_runner.py:64} INFO - Started process 30163 to run task
[2026-01-01T03:06:00.613+0000] {standard_task_runner.py:90} INFO - Running: ['***', 'tasks', 'run', 'thongtin_cty_bctc', 'ingest_overview', 'manual__2026-01-01T02:54:43+00:00', '--job-id', '3240', '--raw', '--subdir', 'DAGS_FOLDER/tt_cty_bctc.py', '--cfg-path', '/tmp/tmpb41tsc8r', '--map-index', '25']
[2026-01-01T03:06:00.616+0000] {standard_task_runner.py:91} INFO - Job 3240: Subtask ingest_overview
[2026-01-01T03:06:00.712+0000] {task_command.py:426} INFO - Running <TaskInstance: thongtin_cty_bctc.ingest_overview manual__2026-01-01T02:54:43+00:00 map_index=25 [running]> on host 43b0a0f7606b
[2026-01-01T03:06:00.951+0000] {taskinstance.py:2648} INFO - Exporting env vars: AIRFLOW_CTX_DAG_OWNER='***' AIRFLOW_CTX_DAG_ID='thongtin_cty_bctc' AIRFLOW_CTX_TASK_ID='ingest_overview' AIRFLOW_CTX_EXECUTION_DATE='2026-01-01T02:54:43+00:00' AIRFLOW_CTX_TRY_NUMBER='1' AIRFLOW_CTX_DAG_RUN_ID='manual__2026-01-01T02:54:43+00:00'
[2026-01-01T03:06:00.956+0000] {taskinstance.py:430} INFO - ::endgroup::
[2026-01-01T03:06:01.136+0000] {logging_mixin.py:188} INFO - Err overview VHC: Failed to fetch data: 429 - Too Many Requests
[2026-01-01T03:06:02.248+0000] {logging_mixin.py:188} INFO - Err overview DBC: Failed to fetch data: 429 - Too Many Requests
[2026-01-01T03:06:03.405+0000] {logging_mixin.py:188} INFO - Err overview MML: Failed to fetch data: 429 - Too Many Requests
[2026-01-01T03:06:04.412+0000] {datalake_df2csv.py:40} INFO - DataFrame rỗng, bỏ qua upload CSV.
[2026-01-01T03:06:04.413+0000] {taskinstance.py:441} INFO - ::group::Post task execution logs
[2026-01-01T03:06:04.442+0000] {taskinstance.py:1206} INFO - Marking task as SUCCESS. dag_id=thongtin_cty_bctc, task_id=ingest_overview, run_id=manual__2026-01-01T02:54:43+00:00, map_index=25, execution_date=20260101T025443, start_date=20260101T030600, end_date=20260101T030604
[2026-01-01T03:06:04.512+0000] {local_task_job_runner.py:243} INFO - Task exited with return code 0
[2026-01-01T03:06:04.539+0000] {local_task_job_runner.py:222} INFO - ::endgroup::
