[2026-01-12T13:57:46.966+0000] {local_task_job_runner.py:120} INFO - ::group::Pre task execution logs
[2026-01-12T13:57:47.016+0000] {taskinstance.py:2076} INFO - Dependencies all met for dep_context=non-requeueable deps ti=<TaskInstance: daily_price_minio.ingest_daily_price manual__2026-01-12T13:47:34.140161+00:00 map_index=264 [queued]>
[2026-01-12T13:57:47.057+0000] {taskinstance.py:2076} INFO - Dependencies all met for dep_context=requeueable deps ti=<TaskInstance: daily_price_minio.ingest_daily_price manual__2026-01-12T13:47:34.140161+00:00 map_index=264 [queued]>
[2026-01-12T13:57:47.058+0000] {taskinstance.py:2306} INFO - Starting attempt 1 of 2
[2026-01-12T13:57:47.079+0000] {taskinstance.py:2330} INFO - Executing <Mapped(DfToCsvOperator): ingest_daily_price> on 2026-01-12 13:47:34.140161+00:00
[2026-01-12T13:57:47.095+0000] {warnings.py:112} WARNING - This process (pid=18970) is multi-threaded, use of fork() may lead to deadlocks in the child.

[2026-01-12T13:57:47.098+0000] {standard_task_runner.py:64} INFO - Started process 19093 to run task
[2026-01-12T13:57:47.100+0000] {standard_task_runner.py:90} INFO - Running: ['***', 'tasks', 'run', 'daily_price_minio', 'ingest_daily_price', 'manual__2026-01-12T13:47:34.140161+00:00', '--job-id', '12232', '--raw', '--subdir', 'DAGS_FOLDER/daily_price_minio.py', '--cfg-path', '/tmp/tmpaf8p3spg', '--map-index', '264']
[2026-01-12T13:57:47.104+0000] {standard_task_runner.py:91} INFO - Job 12232: Subtask ingest_daily_price
[2026-01-12T13:57:47.169+0000] {task_command.py:426} INFO - Running <TaskInstance: daily_price_minio.ingest_daily_price manual__2026-01-12T13:47:34.140161+00:00 map_index=264 [running]> on host 5a20a797a43c
[2026-01-12T13:57:47.306+0000] {taskinstance.py:2648} INFO - Exporting env vars: AIRFLOW_CTX_DAG_OWNER='***' AIRFLOW_CTX_DAG_ID='daily_price_minio' AIRFLOW_CTX_TASK_ID='ingest_daily_price' AIRFLOW_CTX_EXECUTION_DATE='2026-01-12T13:47:34.140161+00:00' AIRFLOW_CTX_TRY_NUMBER='1' AIRFLOW_CTX_DAG_RUN_ID='manual__2026-01-12T13:47:34.140161+00:00'
[2026-01-12T13:57:47.308+0000] {taskinstance.py:430} INFO - ::endgroup::
[2026-01-12T13:57:51.249+0000] {base.py:84} INFO - Using connection ID 'minio_finance' for task execution.
[2026-01-12T13:57:51.251+0000] {connection_wrapper.py:384} INFO - AWS Connection (conn_id='minio_finance', conn_type='aws') credentials retrieved from login and password.
[2026-01-12T13:57:52.152+0000] {datalake_df2csv.py:52} INFO - ✅ Đã upload 15 dòng -> s3://thongtinn-congty-va-bctc/daily_price/2026-01-12/batch_264.csv
[2026-01-12T13:57:52.154+0000] {taskinstance.py:441} INFO - ::group::Post task execution logs
[2026-01-12T13:57:52.173+0000] {taskinstance.py:1206} INFO - Marking task as SUCCESS. dag_id=daily_price_minio, task_id=ingest_daily_price, run_id=manual__2026-01-12T13:47:34.140161+00:00, map_index=264, execution_date=20260112T134734, start_date=20260112T135747, end_date=20260112T135752
[2026-01-12T13:57:52.276+0000] {local_task_job_runner.py:243} INFO - Task exited with return code 0
[2026-01-12T13:57:52.313+0000] {taskinstance.py:3503} INFO - 0 downstream tasks scheduled from follow-on schedule check
[2026-01-12T13:57:52.321+0000] {local_task_job_runner.py:222} INFO - ::endgroup::
