[2026-01-12T13:32:17.211+0000] {local_task_job_runner.py:120} INFO - ::group::Pre task execution logs
[2026-01-12T13:32:17.234+0000] {taskinstance.py:2076} INFO - Dependencies all met for dep_context=non-requeueable deps ti=<TaskInstance: company_overview_to_minio.ingest_overview manual__2026-01-12T13:28:56.907705+00:00 map_index=46 [queued]>
[2026-01-12T13:32:17.247+0000] {taskinstance.py:2076} INFO - Dependencies all met for dep_context=requeueable deps ti=<TaskInstance: company_overview_to_minio.ingest_overview manual__2026-01-12T13:28:56.907705+00:00 map_index=46 [queued]>
[2026-01-12T13:32:17.248+0000] {taskinstance.py:2306} INFO - Starting attempt 1 of 2
[2026-01-12T13:32:17.262+0000] {taskinstance.py:2330} INFO - Executing <Mapped(DfToCsvOperator): ingest_overview> on 2026-01-12 13:28:56.907705+00:00
[2026-01-12T13:32:17.274+0000] {warnings.py:112} WARNING - This process (pid=1400) is multi-threaded, use of fork() may lead to deadlocks in the child.

[2026-01-12T13:32:17.276+0000] {standard_task_runner.py:64} INFO - Started process 1434 to run task
[2026-01-12T13:32:17.278+0000] {standard_task_runner.py:90} INFO - Running: ['***', 'tasks', 'run', 'company_overview_to_minio', 'ingest_overview', 'manual__2026-01-12T13:28:56.907705+00:00', '--job-id', '10811', '--raw', '--subdir', 'DAGS_FOLDER/company_overview_to_minio.py', '--cfg-path', '/tmp/tmp1dv5evap', '--map-index', '46']
[2026-01-12T13:32:17.282+0000] {standard_task_runner.py:91} INFO - Job 10811: Subtask ingest_overview
[2026-01-12T13:32:17.330+0000] {task_command.py:426} INFO - Running <TaskInstance: company_overview_to_minio.ingest_overview manual__2026-01-12T13:28:56.907705+00:00 map_index=46 [running]> on host 5a20a797a43c
[2026-01-12T13:32:17.432+0000] {taskinstance.py:2648} INFO - Exporting env vars: AIRFLOW_CTX_DAG_OWNER='***' AIRFLOW_CTX_DAG_ID='company_overview_to_minio' AIRFLOW_CTX_TASK_ID='ingest_overview' AIRFLOW_CTX_EXECUTION_DATE='2026-01-12T13:28:56.907705+00:00' AIRFLOW_CTX_TRY_NUMBER='1' AIRFLOW_CTX_DAG_RUN_ID='manual__2026-01-12T13:28:56.907705+00:00'
[2026-01-12T13:32:17.434+0000] {taskinstance.py:430} INFO - ::endgroup::
[2026-01-12T13:32:18.607+0000] {warnings.py:112} WARNING - DataFrame.applymap has been deprecated. Use DataFrame.map instead.

[2026-01-12T13:32:19.761+0000] {warnings.py:112} WARNING - DataFrame.applymap has been deprecated. Use DataFrame.map instead.

[2026-01-12T13:32:20.983+0000] {warnings.py:112} WARNING - DataFrame.applymap has been deprecated. Use DataFrame.map instead.

[2026-01-12T13:32:22.148+0000] {warnings.py:112} WARNING - DataFrame.applymap has been deprecated. Use DataFrame.map instead.

[2026-01-12T13:32:23.302+0000] {warnings.py:112} WARNING - DataFrame.applymap has been deprecated. Use DataFrame.map instead.

[2026-01-12T13:32:24.456+0000] {warnings.py:112} WARNING - DataFrame.applymap has been deprecated. Use DataFrame.map instead.

[2026-01-12T13:32:25.626+0000] {warnings.py:112} WARNING - DataFrame.applymap has been deprecated. Use DataFrame.map instead.

[2026-01-12T13:32:26.940+0000] {warnings.py:112} WARNING - DataFrame.applymap has been deprecated. Use DataFrame.map instead.

[2026-01-12T13:32:28.151+0000] {warnings.py:112} WARNING - DataFrame.applymap has been deprecated. Use DataFrame.map instead.

[2026-01-12T13:32:29.355+0000] {warnings.py:112} WARNING - DataFrame.applymap has been deprecated. Use DataFrame.map instead.

[2026-01-12T13:32:30.584+0000] {warnings.py:112} WARNING - DataFrame.applymap has been deprecated. Use DataFrame.map instead.

[2026-01-12T13:32:31.789+0000] {warnings.py:112} WARNING - DataFrame.applymap has been deprecated. Use DataFrame.map instead.

[2026-01-12T13:32:32.984+0000] {warnings.py:112} WARNING - DataFrame.applymap has been deprecated. Use DataFrame.map instead.

[2026-01-12T13:32:34.271+0000] {warnings.py:112} WARNING - DataFrame.applymap has been deprecated. Use DataFrame.map instead.

[2026-01-12T13:32:35.661+0000] {warnings.py:112} WARNING - DataFrame.applymap has been deprecated. Use DataFrame.map instead.

[2026-01-12T13:32:37.143+0000] {warnings.py:112} WARNING - DataFrame.applymap has been deprecated. Use DataFrame.map instead.

[2026-01-12T13:32:38.289+0000] {warnings.py:112} WARNING - DataFrame.applymap has been deprecated. Use DataFrame.map instead.

[2026-01-12T13:32:39.503+0000] {warnings.py:112} WARNING - DataFrame.applymap has been deprecated. Use DataFrame.map instead.

[2026-01-12T13:32:40.771+0000] {warnings.py:112} WARNING - DataFrame.applymap has been deprecated. Use DataFrame.map instead.

[2026-01-12T13:32:41.933+0000] {warnings.py:112} WARNING - DataFrame.applymap has been deprecated. Use DataFrame.map instead.

[2026-01-12T13:32:42.971+0000] {base.py:84} INFO - Using connection ID 'minio_finance' for task execution.
[2026-01-12T13:32:42.978+0000] {connection_wrapper.py:384} INFO - AWS Connection (conn_id='minio_finance', conn_type='aws') credentials retrieved from login and password.
[2026-01-12T13:32:43.500+0000] {datalake_df2csv.py:52} INFO - ✅ Đã upload 20 dòng -> s3://thongtin-congty-va-bctc/overview/date=2026-01-12/batch_46.csv
[2026-01-12T13:32:43.501+0000] {taskinstance.py:441} INFO - ::group::Post task execution logs
[2026-01-12T13:32:43.512+0000] {taskinstance.py:1206} INFO - Marking task as SUCCESS. dag_id=company_overview_to_minio, task_id=ingest_overview, run_id=manual__2026-01-12T13:28:56.907705+00:00, map_index=46, execution_date=20260112T132856, start_date=20260112T133217, end_date=20260112T133243
[2026-01-12T13:32:43.619+0000] {local_task_job_runner.py:243} INFO - Task exited with return code 0
[2026-01-12T13:32:43.645+0000] {taskinstance.py:3503} INFO - 0 downstream tasks scheduled from follow-on schedule check
[2026-01-12T13:32:43.647+0000] {local_task_job_runner.py:222} INFO - ::endgroup::
