[2026-01-01T08:55:21.066+0000] {local_task_job_runner.py:120} INFO - ::group::Pre task execution logs
[2026-01-01T08:55:21.129+0000] {taskinstance.py:2076} INFO - Dependencies all met for dep_context=non-requeueable deps ti=<TaskInstance: thongtin_cty_bctc.ingest_bctc manual__2026-01-01T00:00:00+00:00 map_index=59 [queued]>
[2026-01-01T08:55:21.170+0000] {taskinstance.py:2076} INFO - Dependencies all met for dep_context=requeueable deps ti=<TaskInstance: thongtin_cty_bctc.ingest_bctc manual__2026-01-01T00:00:00+00:00 map_index=59 [queued]>
[2026-01-01T08:55:21.173+0000] {taskinstance.py:2306} INFO - Starting attempt 1 of 2
[2026-01-01T08:55:21.206+0000] {taskinstance.py:2330} INFO - Executing <Mapped(DfToCsvOperator): ingest_bctc> on 2026-01-01 00:00:00+00:00
[2026-01-01T08:55:21.230+0000] {warnings.py:112} WARNING - This process (pid=2865) is multi-threaded, use of fork() may lead to deadlocks in the child.

[2026-01-01T08:55:21.243+0000] {standard_task_runner.py:90} INFO - Running: ['***', 'tasks', 'run', 'thongtin_cty_bctc', 'ingest_bctc', 'manual__2026-01-01T00:00:00+00:00', '--job-id', '4018', '--raw', '--subdir', 'DAGS_FOLDER/tt_cty_bctc.py', '--cfg-path', '/tmp/tmpng2d93s9', '--map-index', '59']
[2026-01-01T08:55:21.251+0000] {standard_task_runner.py:64} INFO - Started process 2953 to run task
[2026-01-01T08:55:21.272+0000] {standard_task_runner.py:91} INFO - Job 4018: Subtask ingest_bctc
[2026-01-01T08:55:21.463+0000] {task_command.py:426} INFO - Running <TaskInstance: thongtin_cty_bctc.ingest_bctc manual__2026-01-01T00:00:00+00:00 map_index=59 [running]> on host b455963a0603
[2026-01-01T08:55:21.685+0000] {taskinstance.py:2648} INFO - Exporting env vars: AIRFLOW_CTX_DAG_OWNER='***' AIRFLOW_CTX_DAG_ID='thongtin_cty_bctc' AIRFLOW_CTX_TASK_ID='ingest_bctc' AIRFLOW_CTX_EXECUTION_DATE='2026-01-01T00:00:00+00:00' AIRFLOW_CTX_TRY_NUMBER='1' AIRFLOW_CTX_DAG_RUN_ID='manual__2026-01-01T00:00:00+00:00'
[2026-01-01T08:55:21.707+0000] {taskinstance.py:430} INFO - ::endgroup::
[2026-01-01T08:55:21.786+0000] {logging_mixin.py:188} INFO - Bắt đầu xử lý batch 3 mã: ['VCK', 'VCI', 'VCG']
[2026-01-01T08:55:21.788+0000] {logging_mixin.py:188} INFO -  >> Đang lấy dữ liệu: VCK
[2026-01-01T08:55:26.860+0000] {logging_mixin.py:188} INFO -  >> Đang lấy dữ liệu: VCI
[2026-01-01T08:55:50.932+0000] {logging_mixin.py:188} INFO -  >> Đang lấy dữ liệu: VCG
[2026-01-01T08:55:53.639+0000] {logging_mixin.py:188} INFO -  ✓ Hoàn thành batch. Tổng số dòng: 14552
[2026-01-01T08:55:53.702+0000] {base.py:84} INFO - Using connection ID 'minio_finance' for task execution.
[2026-01-01T08:55:53.703+0000] {connection_wrapper.py:384} INFO - AWS Connection (conn_id='minio_finance', conn_type='aws') credentials retrieved from login and password.
[2026-01-01T08:55:54.077+0000] {datalake_df2csv.py:53} INFO - ✅ Đã upload 14552 dòng -> s3://thongtin-congty-va-bctc/bctc/2026-01-01/batch_59.csv
[2026-01-01T08:55:54.080+0000] {taskinstance.py:441} INFO - ::group::Post task execution logs
[2026-01-01T08:55:54.091+0000] {taskinstance.py:1206} INFO - Marking task as SUCCESS. dag_id=thongtin_cty_bctc, task_id=ingest_bctc, run_id=manual__2026-01-01T00:00:00+00:00, map_index=59, execution_date=20260101T000000, start_date=20260101T085521, end_date=20260101T085554
[2026-01-01T08:55:54.153+0000] {local_task_job_runner.py:243} INFO - Task exited with return code 0
[2026-01-01T08:55:54.460+0000] {taskinstance.py:3503} INFO - 0 downstream tasks scheduled from follow-on schedule check
[2026-01-01T08:55:54.464+0000] {local_task_job_runner.py:222} INFO - ::endgroup::
