[2026-01-12T15:21:50.008+0000] {local_task_job_runner.py:120} INFO - ::group::Pre task execution logs
[2026-01-12T15:21:50.066+0000] {taskinstance.py:2076} INFO - Dependencies all met for dep_context=non-requeueable deps ti=<TaskInstance: financial_ratios_etl.ingest_financial_ratios manual__2026-01-12T15:14:43+00:00 map_index=424 [queued]>
[2026-01-12T15:21:50.105+0000] {taskinstance.py:2076} INFO - Dependencies all met for dep_context=requeueable deps ti=<TaskInstance: financial_ratios_etl.ingest_financial_ratios manual__2026-01-12T15:14:43+00:00 map_index=424 [queued]>
[2026-01-12T15:21:50.106+0000] {taskinstance.py:2306} INFO - Starting attempt 1 of 2
[2026-01-12T15:21:50.123+0000] {taskinstance.py:2330} INFO - Executing <Mapped(DfToCsvOperator): ingest_financial_ratios> on 2026-01-12 15:14:43+00:00
[2026-01-12T15:21:50.138+0000] {warnings.py:112} WARNING - This process (pid=5642) is multi-threaded, use of fork() may lead to deadlocks in the child.

[2026-01-12T15:21:50.140+0000] {standard_task_runner.py:64} INFO - Started process 5712 to run task
[2026-01-12T15:21:50.142+0000] {standard_task_runner.py:90} INFO - Running: ['***', 'tasks', 'run', 'financial_ratios_etl', 'ingest_financial_ratios', 'manual__2026-01-12T15:14:43+00:00', '--job-id', '14131', '--raw', '--subdir', 'DAGS_FOLDER/financial_ratios_etl.py', '--cfg-path', '/tmp/tmp59y9vz0s', '--map-index', '424']
[2026-01-12T15:21:50.147+0000] {standard_task_runner.py:91} INFO - Job 14131: Subtask ingest_financial_ratios
[2026-01-12T15:21:50.210+0000] {task_command.py:426} INFO - Running <TaskInstance: financial_ratios_etl.ingest_financial_ratios manual__2026-01-12T15:14:43+00:00 map_index=424 [running]> on host 5a20a797a43c
[2026-01-12T15:21:50.334+0000] {taskinstance.py:2648} INFO - Exporting env vars: AIRFLOW_CTX_DAG_OWNER='***' AIRFLOW_CTX_DAG_ID='financial_ratios_etl' AIRFLOW_CTX_TASK_ID='ingest_financial_ratios' AIRFLOW_CTX_EXECUTION_DATE='2026-01-12T15:14:43+00:00' AIRFLOW_CTX_TRY_NUMBER='1' AIRFLOW_CTX_DAG_RUN_ID='manual__2026-01-12T15:14:43+00:00'
[2026-01-12T15:21:50.336+0000] {taskinstance.py:430} INFO - ::endgroup::
[2026-01-12T15:21:50.346+0000] {logging_mixin.py:188} INFO - [RATIO] Bắt đầu xử lý batch 2 mã: ['MQB', 'MPY']
[2026-01-12T15:21:50.347+0000] {logging_mixin.py:188} INFO - [RATIO] Kỳ dữ liệu: quarter
[2026-01-12T15:21:50.347+0000] {logging_mixin.py:188} INFO -  >> [RATIO] Đang lấy dữ liệu: MQB
[2026-01-12T15:21:51.109+0000] {logging_mixin.py:188} INFO -  ✓ [RATIO] MQB: 1 rows
[2026-01-12T15:21:53.110+0000] {logging_mixin.py:188} INFO -  >> [RATIO] Đang lấy dữ liệu: MPY
[2026-01-12T15:21:57.930+0000] {logging_mixin.py:188} INFO - ❌ Lỗi MPY: RetryError[<Future at 0x7f68d5faa360 state=finished raised KeyError>]
[2026-01-12T15:21:57.931+0000] {logging_mixin.py:188} INFO -  ⚠️ [RATIO] MPY: No data from API
[2026-01-12T15:21:59.933+0000] {logging_mixin.py:188} INFO -  ✅ [RATIO] Hoàn thành batch. Tổng số dòng: 1
[2026-01-12T15:21:59.952+0000] {base.py:84} INFO - Using connection ID 'minio_finance' for task execution.
[2026-01-12T15:21:59.953+0000] {connection_wrapper.py:384} INFO - AWS Connection (conn_id='minio_finance', conn_type='aws') credentials retrieved from login and password.
[2026-01-12T15:22:00.694+0000] {datalake_df2csv.py:52} INFO - ✅ Đã upload 1 dòng -> s3://thongtin-congty-va-bctc/financial_ratios/2026-01-12/batch_424.csv
[2026-01-12T15:22:00.696+0000] {taskinstance.py:441} INFO - ::group::Post task execution logs
[2026-01-12T15:22:00.708+0000] {taskinstance.py:1206} INFO - Marking task as SUCCESS. dag_id=financial_ratios_etl, task_id=ingest_financial_ratios, run_id=manual__2026-01-12T15:14:43+00:00, map_index=424, execution_date=20260112T151443, start_date=20260112T152150, end_date=20260112T152200
[2026-01-12T15:22:00.761+0000] {local_task_job_runner.py:243} INFO - Task exited with return code 0
[2026-01-12T15:22:00.775+0000] {taskinstance.py:3503} INFO - 0 downstream tasks scheduled from follow-on schedule check
[2026-01-12T15:22:00.777+0000] {local_task_job_runner.py:222} INFO - ::endgroup::
