[2026-01-01T08:59:33.710+0000] {local_task_job_runner.py:120} INFO - ::group::Pre task execution logs
[2026-01-01T08:59:33.771+0000] {taskinstance.py:2076} INFO - Dependencies all met for dep_context=non-requeueable deps ti=<TaskInstance: thongtin_cty_bctc.ingest_people manual__2026-01-01T00:00:00+00:00 map_index=136 [queued]>
[2026-01-01T08:59:33.821+0000] {taskinstance.py:2076} INFO - Dependencies all met for dep_context=requeueable deps ti=<TaskInstance: thongtin_cty_bctc.ingest_people manual__2026-01-01T00:00:00+00:00 map_index=136 [queued]>
[2026-01-01T08:59:33.822+0000] {taskinstance.py:2306} INFO - Starting attempt 1 of 2
[2026-01-01T08:59:33.844+0000] {taskinstance.py:2330} INFO - Executing <Mapped(DfToCsvOperator): ingest_people> on 2026-01-01 00:00:00+00:00
[2026-01-01T08:59:33.859+0000] {warnings.py:112} WARNING - This process (pid=5976) is multi-threaded, use of fork() may lead to deadlocks in the child.

[2026-01-01T08:59:33.861+0000] {standard_task_runner.py:64} INFO - Started process 6055 to run task
[2026-01-01T08:59:33.863+0000] {standard_task_runner.py:90} INFO - Running: ['***', 'tasks', 'run', 'thongtin_cty_bctc', 'ingest_people', 'manual__2026-01-01T00:00:00+00:00', '--job-id', '4249', '--raw', '--subdir', 'DAGS_FOLDER/tt_cty_bctc.py', '--cfg-path', '/tmp/tmpq_gco_o7', '--map-index', '136']
[2026-01-01T08:59:33.865+0000] {standard_task_runner.py:91} INFO - Job 4249: Subtask ingest_people
[2026-01-01T08:59:33.934+0000] {task_command.py:426} INFO - Running <TaskInstance: thongtin_cty_bctc.ingest_people manual__2026-01-01T00:00:00+00:00 map_index=136 [running]> on host b455963a0603
[2026-01-01T08:59:34.084+0000] {taskinstance.py:2648} INFO - Exporting env vars: AIRFLOW_CTX_DAG_OWNER='***' AIRFLOW_CTX_DAG_ID='thongtin_cty_bctc' AIRFLOW_CTX_TASK_ID='ingest_people' AIRFLOW_CTX_EXECUTION_DATE='2026-01-01T00:00:00+00:00' AIRFLOW_CTX_TRY_NUMBER='1' AIRFLOW_CTX_DAG_RUN_ID='manual__2026-01-01T00:00:00+00:00'
[2026-01-01T08:59:34.085+0000] {taskinstance.py:430} INFO - ::endgroup::
[2026-01-01T08:59:37.806+0000] {base.py:84} INFO - Using connection ID 'minio_finance' for task execution.
[2026-01-01T08:59:37.807+0000] {connection_wrapper.py:384} INFO - AWS Connection (conn_id='minio_finance', conn_type='aws') credentials retrieved from login and password.
[2026-01-01T08:59:38.743+0000] {datalake_df2csv.py:53} INFO - ✅ Đã upload 84 dòng -> s3://thongtin-congty-va-bctc/people/2026-01-01/batch_136.csv
[2026-01-01T08:59:38.745+0000] {taskinstance.py:441} INFO - ::group::Post task execution logs
[2026-01-01T08:59:38.760+0000] {taskinstance.py:1206} INFO - Marking task as SUCCESS. dag_id=thongtin_cty_bctc, task_id=ingest_people, run_id=manual__2026-01-01T00:00:00+00:00, map_index=136, execution_date=20260101T000000, start_date=20260101T085933, end_date=20260101T085938
[2026-01-01T08:59:42.350+0000] {local_task_job_runner.py:243} INFO - Task exited with return code 0
[2026-01-01T08:59:42.715+0000] {taskinstance.py:3503} INFO - 0 downstream tasks scheduled from follow-on schedule check
[2026-01-01T08:59:42.720+0000] {local_task_job_runner.py:222} INFO - ::endgroup::
