[2026-01-08T15:45:09.551+0000] {local_task_job_runner.py:120} INFO - ::group::Pre task execution logs
[2026-01-08T15:45:09.604+0000] {taskinstance.py:2076} INFO - Dependencies all met for dep_context=non-requeueable deps ti=<TaskInstance: history_price.ingest_history_price scheduled__2026-01-07T00:00:00+00:00 map_index=44 [queued]>
[2026-01-08T15:45:09.634+0000] {taskinstance.py:2076} INFO - Dependencies all met for dep_context=requeueable deps ti=<TaskInstance: history_price.ingest_history_price scheduled__2026-01-07T00:00:00+00:00 map_index=44 [queued]>
[2026-01-08T15:45:09.635+0000] {taskinstance.py:2306} INFO - Starting attempt 1 of 2
[2026-01-08T15:45:09.993+0000] {taskinstance.py:2330} INFO - Executing <Mapped(DfToCsvOperator): ingest_history_price> on 2026-01-07 00:00:00+00:00
[2026-01-08T15:45:10.015+0000] {warnings.py:112} WARNING - This process (pid=3009) is multi-threaded, use of fork() may lead to deadlocks in the child.

[2026-01-08T15:45:10.019+0000] {standard_task_runner.py:64} INFO - Started process 3137 to run task
[2026-01-08T15:45:10.022+0000] {standard_task_runner.py:90} INFO - Running: ['***', 'tasks', 'run', 'history_price', 'ingest_history_price', 'scheduled__2026-01-07T00:00:00+00:00', '--job-id', '7270', '--raw', '--subdir', 'DAGS_FOLDER/history_price.py', '--cfg-path', '/tmp/tmpl5lrmwd_', '--map-index', '44']
[2026-01-08T15:45:10.026+0000] {standard_task_runner.py:91} INFO - Job 7270: Subtask ingest_history_price
[2026-01-08T15:45:10.199+0000] {task_command.py:426} INFO - Running <TaskInstance: history_price.ingest_history_price scheduled__2026-01-07T00:00:00+00:00 map_index=44 [running]> on host 7568acf023da
[2026-01-08T15:45:10.466+0000] {taskinstance.py:2648} INFO - Exporting env vars: AIRFLOW_CTX_DAG_OWNER='***' AIRFLOW_CTX_DAG_ID='history_price' AIRFLOW_CTX_TASK_ID='ingest_history_price' AIRFLOW_CTX_EXECUTION_DATE='2026-01-07T00:00:00+00:00' AIRFLOW_CTX_TRY_NUMBER='1' AIRFLOW_CTX_DAG_RUN_ID='scheduled__2026-01-07T00:00:00+00:00'
[2026-01-08T15:45:10.474+0000] {taskinstance.py:430} INFO - ::endgroup::
[2026-01-08T15:45:14.143+0000] {base.py:84} INFO - Using connection ID 'minio_finance' for task execution.
[2026-01-08T15:45:14.144+0000] {connection_wrapper.py:384} INFO - AWS Connection (conn_id='minio_finance', conn_type='aws') credentials retrieved from login and password.
[2026-01-08T15:45:14.756+0000] {datalake_df2csv.py:52} INFO - ✅ Đã upload 40 dòng -> s3://thongtin-congty-va-bctc/history_price/2026-01-07/batch_44.csv
[2026-01-08T15:45:14.757+0000] {taskinstance.py:441} INFO - ::group::Post task execution logs
[2026-01-08T15:45:14.771+0000] {taskinstance.py:1206} INFO - Marking task as SUCCESS. dag_id=history_price, task_id=ingest_history_price, run_id=scheduled__2026-01-07T00:00:00+00:00, map_index=44, execution_date=20260107T000000, start_date=20260108T154509, end_date=20260108T154514
[2026-01-08T15:45:14.843+0000] {local_task_job_runner.py:243} INFO - Task exited with return code 0
[2026-01-08T15:45:14.867+0000] {taskinstance.py:3503} INFO - 0 downstream tasks scheduled from follow-on schedule check
[2026-01-08T15:45:14.871+0000] {local_task_job_runner.py:222} INFO - ::endgroup::
