[2026-01-12T16:02:25.081+0000] {local_task_job_runner.py:120} INFO - ::group::Pre task execution logs
[2026-01-12T16:02:25.144+0000] {taskinstance.py:2076} INFO - Dependencies all met for dep_context=non-requeueable deps ti=<TaskInstance: daily_price_minio.ingest_daily_price scheduled__2026-01-09T16:00:00+00:00 map_index=156 [queued]>
[2026-01-12T16:02:25.190+0000] {taskinstance.py:2076} INFO - Dependencies all met for dep_context=requeueable deps ti=<TaskInstance: daily_price_minio.ingest_daily_price scheduled__2026-01-09T16:00:00+00:00 map_index=156 [queued]>
[2026-01-12T16:02:25.191+0000] {taskinstance.py:2306} INFO - Starting attempt 1 of 2
[2026-01-12T16:02:25.213+0000] {taskinstance.py:2330} INFO - Executing <Mapped(DfToCsvOperator): ingest_daily_price> on 2026-01-09 16:00:00+00:00
[2026-01-12T16:02:25.231+0000] {warnings.py:112} WARNING - This process (pid=14027) is multi-threaded, use of fork() may lead to deadlocks in the child.

[2026-01-12T16:02:25.234+0000] {standard_task_runner.py:64} INFO - Started process 14194 to run task
[2026-01-12T16:02:25.258+0000] {standard_task_runner.py:90} INFO - Running: ['***', 'tasks', 'run', 'daily_price_minio', 'ingest_daily_price', 'scheduled__2026-01-09T16:00:00+00:00', '--job-id', '14728', '--raw', '--subdir', 'DAGS_FOLDER/daily_price_minio.py', '--cfg-path', '/tmp/tmpsn4225o2', '--map-index', '156']
[2026-01-12T16:02:25.280+0000] {standard_task_runner.py:91} INFO - Job 14728: Subtask ingest_daily_price
[2026-01-12T16:02:25.463+0000] {task_command.py:426} INFO - Running <TaskInstance: daily_price_minio.ingest_daily_price scheduled__2026-01-09T16:00:00+00:00 map_index=156 [running]> on host 5a20a797a43c
[2026-01-12T16:02:25.785+0000] {taskinstance.py:2648} INFO - Exporting env vars: AIRFLOW_CTX_DAG_OWNER='***' AIRFLOW_CTX_DAG_ID='daily_price_minio' AIRFLOW_CTX_TASK_ID='ingest_daily_price' AIRFLOW_CTX_EXECUTION_DATE='2026-01-09T16:00:00+00:00' AIRFLOW_CTX_TRY_NUMBER='1' AIRFLOW_CTX_DAG_RUN_ID='scheduled__2026-01-09T16:00:00+00:00'
[2026-01-12T16:02:25.790+0000] {taskinstance.py:430} INFO - ::endgroup::
[2026-01-12T16:02:31.141+0000] {logging_mixin.py:188} INFO - NNQ: RetryError[<Future at 0x7f68d6015c40 state=finished raised ValueError>]
[2026-01-12T16:02:34.171+0000] {base.py:84} INFO - Using connection ID 'minio_finance' for task execution.
[2026-01-12T16:02:34.173+0000] {connection_wrapper.py:384} INFO - AWS Connection (conn_id='minio_finance', conn_type='aws') credentials retrieved from login and password.
[2026-01-12T16:02:35.199+0000] {datalake_df2csv.py:52} INFO - ✅ Đã upload 8 dòng -> s3://thongtin-congty-va-bctc/daily_price/2026-01-09/batch_156.csv
[2026-01-12T16:02:35.201+0000] {taskinstance.py:441} INFO - ::group::Post task execution logs
[2026-01-12T16:02:35.220+0000] {taskinstance.py:1206} INFO - Marking task as SUCCESS. dag_id=daily_price_minio, task_id=ingest_daily_price, run_id=scheduled__2026-01-09T16:00:00+00:00, map_index=156, execution_date=20260109T160000, start_date=20260112T160225, end_date=20260112T160235
[2026-01-12T16:02:35.279+0000] {local_task_job_runner.py:243} INFO - Task exited with return code 0
[2026-01-12T16:02:35.308+0000] {taskinstance.py:3503} INFO - 0 downstream tasks scheduled from follow-on schedule check
[2026-01-12T16:02:35.311+0000] {local_task_job_runner.py:222} INFO - ::endgroup::
