[2026-01-11T03:24:56.707+0000] {local_task_job_runner.py:120} INFO - ::group::Pre task execution logs
[2026-01-11T03:24:56.748+0000] {taskinstance.py:2076} INFO - Dependencies all met for dep_context=non-requeueable deps ti=<TaskInstance: bctc.ingest_bctc manual__2026-01-11T03:22:36.146797+00:00 map_index=49 [queued]>
[2026-01-11T03:24:56.771+0000] {taskinstance.py:2076} INFO - Dependencies all met for dep_context=requeueable deps ti=<TaskInstance: bctc.ingest_bctc manual__2026-01-11T03:22:36.146797+00:00 map_index=49 [queued]>
[2026-01-11T03:24:56.772+0000] {taskinstance.py:2306} INFO - Starting attempt 1 of 2
[2026-01-11T03:24:56.798+0000] {taskinstance.py:2330} INFO - Executing <Mapped(DfToCsvOperator): ingest_bctc> on 2026-01-11 03:22:36.146797+00:00
[2026-01-11T03:24:56.813+0000] {warnings.py:112} WARNING - This process (pid=3952) is multi-threaded, use of fork() may lead to deadlocks in the child.

[2026-01-11T03:24:56.815+0000] {standard_task_runner.py:64} INFO - Started process 4005 to run task
[2026-01-11T03:24:56.818+0000] {standard_task_runner.py:90} INFO - Running: ['***', 'tasks', 'run', 'bctc', 'ingest_bctc', 'manual__2026-01-11T03:22:36.146797+00:00', '--job-id', '9956', '--raw', '--subdir', 'DAGS_FOLDER/tt_cty_bctc.py', '--cfg-path', '/tmp/tmp8_qdnu76', '--map-index', '49']
[2026-01-11T03:24:56.821+0000] {standard_task_runner.py:91} INFO - Job 9956: Subtask ingest_bctc
[2026-01-11T03:24:56.918+0000] {task_command.py:426} INFO - Running <TaskInstance: bctc.ingest_bctc manual__2026-01-11T03:22:36.146797+00:00 map_index=49 [running]> on host 3f2af93df813
[2026-01-11T03:24:57.107+0000] {taskinstance.py:2648} INFO - Exporting env vars: AIRFLOW_CTX_DAG_OWNER='***' AIRFLOW_CTX_DAG_ID='bctc' AIRFLOW_CTX_TASK_ID='ingest_bctc' AIRFLOW_CTX_EXECUTION_DATE='2026-01-11T03:22:36.146797+00:00' AIRFLOW_CTX_TRY_NUMBER='1' AIRFLOW_CTX_DAG_RUN_ID='manual__2026-01-11T03:22:36.146797+00:00'
[2026-01-11T03:24:57.109+0000] {taskinstance.py:430} INFO - ::endgroup::
[2026-01-11T03:24:57.121+0000] {logging_mixin.py:188} INFO - Bắt đầu xử lý batch 20 mã: ['KIP', 'KHW', 'KHS', 'KHP', 'KHL', 'KHG', 'KHD', 'KHB', 'KHA', 'KGM', 'KDM', 'KDH', 'KDC', 'KCE', 'KCB', 'KBC', 'KAC', 'JVC', 'JOS', 'IVS']
[2026-01-11T03:24:57.122+0000] {logging_mixin.py:188} INFO -  >> Đang lấy dữ liệu: KIP
[2026-01-11T03:24:57.368+0000] {logging_mixin.py:188} INFO -  Lỗi xử lý mã KIP: Failed to fetch data: 429 - Too Many Requests
[2026-01-11T03:24:57.370+0000] {logging_mixin.py:188} INFO -  >> Đang lấy dữ liệu: KHW
[2026-01-11T03:24:57.530+0000] {logging_mixin.py:188} INFO -  Lỗi xử lý mã KHW: Failed to fetch data: 429 - Too Many Requests
[2026-01-11T03:24:57.532+0000] {logging_mixin.py:188} INFO -  >> Đang lấy dữ liệu: KHS
[2026-01-11T03:24:57.790+0000] {logging_mixin.py:188} INFO -  Lỗi xử lý mã KHS: Failed to fetch data: 429 - Too Many Requests
[2026-01-11T03:24:57.791+0000] {logging_mixin.py:188} INFO -  >> Đang lấy dữ liệu: KHP
[2026-01-11T03:24:58.280+0000] {logging_mixin.py:188} INFO -  Lỗi xử lý mã KHP: Failed to fetch data: 429 - Too Many Requests
[2026-01-11T03:24:58.281+0000] {logging_mixin.py:188} INFO -  >> Đang lấy dữ liệu: KHL
[2026-01-11T03:24:58.718+0000] {logging_mixin.py:188} INFO -  Lỗi xử lý mã KHL: Failed to fetch data: 429 - Too Many Requests
[2026-01-11T03:24:58.719+0000] {logging_mixin.py:188} INFO -  >> Đang lấy dữ liệu: KHG
[2026-01-11T03:24:59.132+0000] {logging_mixin.py:188} INFO -  Lỗi xử lý mã KHG: Failed to fetch data: 429 - Too Many Requests
[2026-01-11T03:24:59.133+0000] {logging_mixin.py:188} INFO -  >> Đang lấy dữ liệu: KHD
[2026-01-11T03:25:00.418+0000] {logging_mixin.py:188} INFO -  Lỗi xử lý mã KHD: Failed to fetch data: 429 - Too Many Requests
[2026-01-11T03:25:00.419+0000] {logging_mixin.py:188} INFO -  >> Đang lấy dữ liệu: KHB
[2026-01-11T03:25:00.618+0000] {logging_mixin.py:188} INFO -  Lỗi xử lý mã KHB: Failed to fetch data: 429 - Too Many Requests
[2026-01-11T03:25:00.619+0000] {logging_mixin.py:188} INFO -  >> Đang lấy dữ liệu: KHA
[2026-01-11T03:25:01.000+0000] {logging_mixin.py:188} INFO -  Lỗi xử lý mã KHA: Failed to fetch data: 429 - Too Many Requests
[2026-01-11T03:25:01.001+0000] {logging_mixin.py:188} INFO -  >> Đang lấy dữ liệu: KGM
[2026-01-11T03:25:01.158+0000] {logging_mixin.py:188} INFO -  Lỗi xử lý mã KGM: Failed to fetch data: 429 - Too Many Requests
[2026-01-11T03:25:01.160+0000] {logging_mixin.py:188} INFO -  >> Đang lấy dữ liệu: KDM
[2026-01-11T03:25:01.619+0000] {logging_mixin.py:188} INFO -  Lỗi xử lý mã KDM: Failed to fetch data: 429 - Too Many Requests
[2026-01-11T03:25:01.620+0000] {logging_mixin.py:188} INFO -  >> Đang lấy dữ liệu: KDH
[2026-01-11T03:25:01.867+0000] {logging_mixin.py:188} INFO -  Lỗi xử lý mã KDH: Failed to fetch data: 429 - Too Many Requests
[2026-01-11T03:25:01.869+0000] {logging_mixin.py:188} INFO -  >> Đang lấy dữ liệu: KDC
[2026-01-11T03:25:04.328+0000] {logging_mixin.py:188} INFO -  Lỗi xử lý mã KDC: Failed to fetch data: 429 - Too Many Requests
[2026-01-11T03:25:04.329+0000] {logging_mixin.py:188} INFO -  >> Đang lấy dữ liệu: KCE
[2026-01-11T03:25:04.759+0000] {logging_mixin.py:188} INFO -  Lỗi xử lý mã KCE: Failed to fetch data: 429 - Too Many Requests
[2026-01-11T03:25:04.760+0000] {logging_mixin.py:188} INFO -  >> Đang lấy dữ liệu: KCB
[2026-01-11T03:25:04.924+0000] {logging_mixin.py:188} INFO -  Lỗi xử lý mã KCB: Failed to fetch data: 429 - Too Many Requests
[2026-01-11T03:25:04.925+0000] {logging_mixin.py:188} INFO -  >> Đang lấy dữ liệu: KBC
[2026-01-11T03:25:05.069+0000] {logging_mixin.py:188} INFO -  Lỗi xử lý mã KBC: Failed to fetch data: 429 - Too Many Requests
[2026-01-11T03:25:05.070+0000] {logging_mixin.py:188} INFO -  >> Đang lấy dữ liệu: KAC
[2026-01-11T03:25:05.521+0000] {logging_mixin.py:188} INFO -  Lỗi xử lý mã KAC: Failed to fetch data: 429 - Too Many Requests
[2026-01-11T03:25:05.522+0000] {logging_mixin.py:188} INFO -  >> Đang lấy dữ liệu: JVC
[2026-01-11T03:25:06.402+0000] {logging_mixin.py:188} INFO -  Lỗi xử lý mã JVC: Failed to fetch data: 429 - Too Many Requests
[2026-01-11T03:25:06.405+0000] {logging_mixin.py:188} INFO -  >> Đang lấy dữ liệu: JOS
[2026-01-11T03:25:06.962+0000] {logging_mixin.py:188} INFO -  Lỗi xử lý mã JOS: Failed to fetch data: 429 - Too Many Requests
[2026-01-11T03:25:06.965+0000] {logging_mixin.py:188} INFO -  >> Đang lấy dữ liệu: IVS
[2026-01-11T03:25:08.353+0000] {logging_mixin.py:188} INFO -  Lỗi xử lý mã IVS: Failed to fetch data: 429 - Too Many Requests
[2026-01-11T03:25:08.355+0000] {logging_mixin.py:188} INFO -  ⚠ Batch này không thu được dữ liệu nào.
[2026-01-11T03:25:08.361+0000] {datalake_df2csv.py:40} INFO - DataFrame rỗng, bỏ qua upload CSV.
[2026-01-11T03:25:08.362+0000] {taskinstance.py:441} INFO - ::group::Post task execution logs
[2026-01-11T03:25:08.379+0000] {taskinstance.py:1206} INFO - Marking task as SUCCESS. dag_id=bctc, task_id=ingest_bctc, run_id=manual__2026-01-11T03:22:36.146797+00:00, map_index=49, execution_date=20260111T032236, start_date=20260111T032456, end_date=20260111T032508
[2026-01-11T03:25:08.729+0000] {local_task_job_runner.py:243} INFO - Task exited with return code 0
[2026-01-11T03:25:08.739+0000] {local_task_job_runner.py:222} INFO - ::endgroup::
