[2026-01-01T03:07:24.185+0000] {local_task_job_runner.py:120} INFO - ::group::Pre task execution logs
[2026-01-01T03:07:24.228+0000] {taskinstance.py:2076} INFO - Dependencies all met for dep_context=non-requeueable deps ti=<TaskInstance: thongtin_cty_bctc.ingest_bctc manual__2026-01-01T02:57:59+00:00 map_index=22 [queued]>
[2026-01-01T03:07:24.252+0000] {taskinstance.py:2076} INFO - Dependencies all met for dep_context=requeueable deps ti=<TaskInstance: thongtin_cty_bctc.ingest_bctc manual__2026-01-01T02:57:59+00:00 map_index=22 [queued]>
[2026-01-01T03:07:24.253+0000] {taskinstance.py:2306} INFO - Starting attempt 1 of 2
[2026-01-01T03:07:24.285+0000] {taskinstance.py:2330} INFO - Executing <Mapped(DfToCsvOperator): ingest_bctc> on 2026-01-01 02:57:59+00:00
[2026-01-01T03:07:24.304+0000] {warnings.py:112} WARNING - This process (pid=31958) is multi-threaded, use of fork() may lead to deadlocks in the child.

[2026-01-01T03:07:24.306+0000] {standard_task_runner.py:64} INFO - Started process 32071 to run task
[2026-01-01T03:07:24.311+0000] {standard_task_runner.py:90} INFO - Running: ['***', 'tasks', 'run', 'thongtin_cty_bctc', 'ingest_bctc', 'manual__2026-01-01T02:57:59+00:00', '--job-id', '3408', '--raw', '--subdir', 'DAGS_FOLDER/tt_cty_bctc.py', '--cfg-path', '/tmp/tmp334reh07', '--map-index', '22']
[2026-01-01T03:07:24.314+0000] {standard_task_runner.py:91} INFO - Job 3408: Subtask ingest_bctc
[2026-01-01T03:07:24.408+0000] {task_command.py:426} INFO - Running <TaskInstance: thongtin_cty_bctc.ingest_bctc manual__2026-01-01T02:57:59+00:00 map_index=22 [running]> on host 43b0a0f7606b
[2026-01-01T03:07:24.620+0000] {taskinstance.py:2648} INFO - Exporting env vars: AIRFLOW_CTX_DAG_OWNER='***' AIRFLOW_CTX_DAG_ID='thongtin_cty_bctc' AIRFLOW_CTX_TASK_ID='ingest_bctc' AIRFLOW_CTX_EXECUTION_DATE='2026-01-01T02:57:59+00:00' AIRFLOW_CTX_TRY_NUMBER='1' AIRFLOW_CTX_DAG_RUN_ID='manual__2026-01-01T02:57:59+00:00'
[2026-01-01T03:07:24.624+0000] {taskinstance.py:430} INFO - ::endgroup::
[2026-01-01T03:07:24.670+0000] {logging_mixin.py:188} INFO - Bắt đầu xử lý batch 3 mã: ['QTP', 'PC1', 'AAA']
[2026-01-01T03:07:24.671+0000] {logging_mixin.py:188} INFO -  >> Đang lấy dữ liệu: QTP
[2026-01-01T03:07:24.817+0000] {logging_mixin.py:188} INFO -  Lỗi xử lý mã QTP: Failed to fetch data: 429 - Too Many Requests
[2026-01-01T03:07:24.819+0000] {logging_mixin.py:188} INFO -  >> Đang lấy dữ liệu: PC1
[2026-01-01T03:07:24.958+0000] {logging_mixin.py:188} INFO -  Lỗi xử lý mã PC1: Failed to fetch data: 429 - Too Many Requests
[2026-01-01T03:07:24.960+0000] {logging_mixin.py:188} INFO -  >> Đang lấy dữ liệu: AAA
[2026-01-01T03:07:25.145+0000] {logging_mixin.py:188} INFO -  Lỗi xử lý mã AAA: Failed to fetch data: 429 - Too Many Requests
[2026-01-01T03:07:25.147+0000] {logging_mixin.py:188} INFO -  ⚠ Batch này không thu được dữ liệu nào.
[2026-01-01T03:07:25.151+0000] {datalake_df2csv.py:40} INFO - DataFrame rỗng, bỏ qua upload CSV.
[2026-01-01T03:07:25.152+0000] {taskinstance.py:441} INFO - ::group::Post task execution logs
[2026-01-01T03:07:25.176+0000] {taskinstance.py:1206} INFO - Marking task as SUCCESS. dag_id=thongtin_cty_bctc, task_id=ingest_bctc, run_id=manual__2026-01-01T02:57:59+00:00, map_index=22, execution_date=20260101T025759, start_date=20260101T030724, end_date=20260101T030725
[2026-01-01T03:07:25.263+0000] {local_task_job_runner.py:243} INFO - Task exited with return code 0
[2026-01-01T03:07:25.291+0000] {taskinstance.py:3503} INFO - 0 downstream tasks scheduled from follow-on schedule check
[2026-01-01T03:07:25.299+0000] {local_task_job_runner.py:222} INFO - ::endgroup::
