[2026-01-01T09:15:55.015+0000] {local_task_job_runner.py:120} INFO - ::group::Pre task execution logs
[2026-01-01T09:15:55.147+0000] {taskinstance.py:2076} INFO - Dependencies all met for dep_context=non-requeueable deps ti=<TaskInstance: thongtin_cty_bctc.ingest_bctc scheduled__2025-12-30T00:00:00+00:00 map_index=218 [queued]>
[2026-01-01T09:15:55.452+0000] {taskinstance.py:2076} INFO - Dependencies all met for dep_context=requeueable deps ti=<TaskInstance: thongtin_cty_bctc.ingest_bctc scheduled__2025-12-30T00:00:00+00:00 map_index=218 [queued]>
[2026-01-01T09:15:55.453+0000] {taskinstance.py:2306} INFO - Starting attempt 1 of 2
[2026-01-01T09:15:55.475+0000] {taskinstance.py:2330} INFO - Executing <Mapped(DfToCsvOperator): ingest_bctc> on 2025-12-30 00:00:00+00:00
[2026-01-01T09:15:55.488+0000] {warnings.py:112} WARNING - This process (pid=16948) is multi-threaded, use of fork() may lead to deadlocks in the child.

[2026-01-01T09:15:55.490+0000] {standard_task_runner.py:64} INFO - Started process 17021 to run task
[2026-01-01T09:15:55.494+0000] {standard_task_runner.py:90} INFO - Running: ['***', 'tasks', 'run', 'thongtin_cty_bctc', 'ingest_bctc', 'scheduled__2025-12-30T00:00:00+00:00', '--job-id', '5088', '--raw', '--subdir', 'DAGS_FOLDER/tt_cty_bctc.py', '--cfg-path', '/tmp/tmpsis9v1p0', '--map-index', '218']
[2026-01-01T09:15:55.496+0000] {standard_task_runner.py:91} INFO - Job 5088: Subtask ingest_bctc
[2026-01-01T09:15:55.577+0000] {task_command.py:426} INFO - Running <TaskInstance: thongtin_cty_bctc.ingest_bctc scheduled__2025-12-30T00:00:00+00:00 map_index=218 [running]> on host b455963a0603
[2026-01-01T09:15:55.753+0000] {taskinstance.py:2648} INFO - Exporting env vars: AIRFLOW_CTX_DAG_OWNER='***' AIRFLOW_CTX_DAG_ID='thongtin_cty_bctc' AIRFLOW_CTX_TASK_ID='ingest_bctc' AIRFLOW_CTX_EXECUTION_DATE='2025-12-30T00:00:00+00:00' AIRFLOW_CTX_TRY_NUMBER='1' AIRFLOW_CTX_DAG_RUN_ID='scheduled__2025-12-30T00:00:00+00:00'
[2026-01-01T09:15:55.755+0000] {taskinstance.py:430} INFO - ::endgroup::
[2026-01-01T09:15:55.765+0000] {logging_mixin.py:188} INFO - Bắt đầu xử lý batch 3 mã: ['PPY', 'PPT', 'PPS']
[2026-01-01T09:15:55.765+0000] {logging_mixin.py:188} INFO -  >> Đang lấy dữ liệu: PPY
[2026-01-01T09:15:58.716+0000] {logging_mixin.py:188} INFO -  >> Đang lấy dữ liệu: PPT
[2026-01-01T09:16:01.405+0000] {logging_mixin.py:188} INFO -  >> Đang lấy dữ liệu: PPS
[2026-01-01T09:16:04.281+0000] {logging_mixin.py:188} INFO -  ✓ Hoàn thành batch. Tổng số dòng: 7938
[2026-01-01T09:16:04.324+0000] {base.py:84} INFO - Using connection ID 'minio_finance' for task execution.
[2026-01-01T09:16:04.325+0000] {connection_wrapper.py:384} INFO - AWS Connection (conn_id='minio_finance', conn_type='aws') credentials retrieved from login and password.
[2026-01-01T09:16:04.677+0000] {datalake_df2csv.py:53} INFO - ✅ Đã upload 7938 dòng -> s3://thongtin-congty-va-bctc/bctc/2025-12-30/batch_218.csv
[2026-01-01T09:16:04.679+0000] {taskinstance.py:441} INFO - ::group::Post task execution logs
[2026-01-01T09:16:04.687+0000] {taskinstance.py:1206} INFO - Marking task as SUCCESS. dag_id=thongtin_cty_bctc, task_id=ingest_bctc, run_id=scheduled__2025-12-30T00:00:00+00:00, map_index=218, execution_date=20251230T000000, start_date=20260101T091555, end_date=20260101T091604
[2026-01-01T09:16:04.713+0000] {local_task_job_runner.py:243} INFO - Task exited with return code 0
[2026-01-01T09:16:04.765+0000] {taskinstance.py:3503} INFO - 0 downstream tasks scheduled from follow-on schedule check
[2026-01-01T09:16:04.781+0000] {local_task_job_runner.py:222} INFO - ::endgroup::
