[2026-01-01T02:16:17.799+0000] {local_task_job_runner.py:120} INFO - ::group::Pre task execution logs
[2026-01-01T02:16:17.966+0000] {taskinstance.py:2076} INFO - Dependencies all met for dep_context=non-requeueable deps ti=<TaskInstance: thongtin_cty_bctc.ingest_overview scheduled__2025-12-31T00:00:00+00:00 map_index=211 [queued]>
[2026-01-01T02:16:18.469+0000] {taskinstance.py:2076} INFO - Dependencies all met for dep_context=requeueable deps ti=<TaskInstance: thongtin_cty_bctc.ingest_overview scheduled__2025-12-31T00:00:00+00:00 map_index=211 [queued]>
[2026-01-01T02:16:18.494+0000] {taskinstance.py:2306} INFO - Starting attempt 1 of 2
[2026-01-01T02:16:18.545+0000] {taskinstance.py:2330} INFO - Executing <Mapped(DfToCsvOperator): ingest_overview> on 2025-12-31 00:00:00+00:00
[2026-01-01T02:16:18.572+0000] {warnings.py:112} WARNING - This process (pid=7736) is multi-threaded, use of fork() may lead to deadlocks in the child.

[2026-01-01T02:16:18.574+0000] {standard_task_runner.py:64} INFO - Started process 7865 to run task
[2026-01-01T02:16:18.586+0000] {standard_task_runner.py:90} INFO - Running: ['***', 'tasks', 'run', 'thongtin_cty_bctc', 'ingest_overview', 'scheduled__2025-12-31T00:00:00+00:00', '--job-id', '1262', '--raw', '--subdir', 'DAGS_FOLDER/tt_cty_bctc.py', '--cfg-path', '/tmp/tmp63uc_fjg', '--map-index', '211']
[2026-01-01T02:16:18.591+0000] {standard_task_runner.py:91} INFO - Job 1262: Subtask ingest_overview
[2026-01-01T02:16:18.700+0000] {task_command.py:426} INFO - Running <TaskInstance: thongtin_cty_bctc.ingest_overview scheduled__2025-12-31T00:00:00+00:00 map_index=211 [running]> on host 43b0a0f7606b
[2026-01-01T02:16:18.944+0000] {taskinstance.py:2648} INFO - Exporting env vars: AIRFLOW_CTX_DAG_OWNER='***' AIRFLOW_CTX_DAG_ID='thongtin_cty_bctc' AIRFLOW_CTX_TASK_ID='ingest_overview' AIRFLOW_CTX_EXECUTION_DATE='2025-12-31T00:00:00+00:00' AIRFLOW_CTX_TRY_NUMBER='1' AIRFLOW_CTX_DAG_RUN_ID='scheduled__2025-12-31T00:00:00+00:00'
[2026-01-01T02:16:18.946+0000] {taskinstance.py:430} INFO - ::endgroup::
[2026-01-01T02:16:19.157+0000] {logging_mixin.py:188} INFO - Err overview HTT: Failed to fetch data: 429 - Too Many Requests
[2026-01-01T02:16:19.382+0000] {logging_mixin.py:188} INFO - Err overview HTR: Failed to fetch data: 429 - Too Many Requests
[2026-01-01T02:16:19.550+0000] {logging_mixin.py:188} INFO - Err overview HTP: Failed to fetch data: 429 - Too Many Requests
[2026-01-01T02:16:20.153+0000] {logging_mixin.py:188} INFO - Err overview HTN: Failed to fetch data: 429 - Too Many Requests
[2026-01-01T02:16:20.304+0000] {logging_mixin.py:188} INFO - Err overview HTM: Failed to fetch data: 429 - Too Many Requests
[2026-01-01T02:16:20.310+0000] {datalake_df2csv.py:40} INFO - DataFrame rỗng, bỏ qua upload CSV.
[2026-01-01T02:16:20.314+0000] {taskinstance.py:441} INFO - ::group::Post task execution logs
[2026-01-01T02:16:20.332+0000] {taskinstance.py:1206} INFO - Marking task as SUCCESS. dag_id=thongtin_cty_bctc, task_id=ingest_overview, run_id=scheduled__2025-12-31T00:00:00+00:00, map_index=211, execution_date=20251231T000000, start_date=20260101T021617, end_date=20260101T021620
[2026-01-01T02:16:20.394+0000] {local_task_job_runner.py:243} INFO - Task exited with return code 0
[2026-01-01T02:16:20.444+0000] {taskinstance.py:3503} INFO - 0 downstream tasks scheduled from follow-on schedule check
[2026-01-01T02:16:20.449+0000] {local_task_job_runner.py:222} INFO - ::endgroup::
