[2026-01-12T16:03:46.885+0000] {local_task_job_runner.py:120} INFO - ::group::Pre task execution logs
[2026-01-12T16:03:46.957+0000] {taskinstance.py:2076} INFO - Dependencies all met for dep_context=non-requeueable deps ti=<TaskInstance: daily_price_minio.ingest_daily_price scheduled__2026-01-09T16:00:00+00:00 map_index=254 [queued]>
[2026-01-12T16:03:46.994+0000] {taskinstance.py:2076} INFO - Dependencies all met for dep_context=requeueable deps ti=<TaskInstance: daily_price_minio.ingest_daily_price scheduled__2026-01-09T16:00:00+00:00 map_index=254 [queued]>
[2026-01-12T16:03:46.995+0000] {taskinstance.py:2306} INFO - Starting attempt 1 of 2
[2026-01-12T16:03:47.023+0000] {taskinstance.py:2330} INFO - Executing <Mapped(DfToCsvOperator): ingest_daily_price> on 2026-01-09 16:00:00+00:00
[2026-01-12T16:03:47.057+0000] {warnings.py:112} WARNING - This process (pid=15370) is multi-threaded, use of fork() may lead to deadlocks in the child.

[2026-01-12T16:03:47.059+0000] {standard_task_runner.py:90} INFO - Running: ['***', 'tasks', 'run', 'daily_price_minio', 'ingest_daily_price', 'scheduled__2026-01-09T16:00:00+00:00', '--job-id', '14828', '--raw', '--subdir', 'DAGS_FOLDER/daily_price_minio.py', '--cfg-path', '/tmp/tmpf8l1hs1p', '--map-index', '254']
[2026-01-12T16:03:47.072+0000] {standard_task_runner.py:64} INFO - Started process 15473 to run task
[2026-01-12T16:03:47.073+0000] {standard_task_runner.py:91} INFO - Job 14828: Subtask ingest_daily_price
[2026-01-12T16:03:47.163+0000] {task_command.py:426} INFO - Running <TaskInstance: daily_price_minio.ingest_daily_price scheduled__2026-01-09T16:00:00+00:00 map_index=254 [running]> on host 5a20a797a43c
[2026-01-12T16:03:47.369+0000] {taskinstance.py:2648} INFO - Exporting env vars: AIRFLOW_CTX_DAG_OWNER='***' AIRFLOW_CTX_DAG_ID='daily_price_minio' AIRFLOW_CTX_TASK_ID='ingest_daily_price' AIRFLOW_CTX_EXECUTION_DATE='2026-01-09T16:00:00+00:00' AIRFLOW_CTX_TRY_NUMBER='1' AIRFLOW_CTX_DAG_RUN_ID='scheduled__2026-01-09T16:00:00+00:00'
[2026-01-12T16:03:47.371+0000] {taskinstance.py:430} INFO - ::endgroup::
[2026-01-12T16:03:51.265+0000] {base.py:84} INFO - Using connection ID 'minio_finance' for task execution.
[2026-01-12T16:03:51.313+0000] {connection_wrapper.py:384} INFO - AWS Connection (conn_id='minio_finance', conn_type='aws') credentials retrieved from login and password.
[2026-01-12T16:03:52.482+0000] {datalake_df2csv.py:52} INFO - ✅ Đã upload 10 dòng -> s3://thongtin-congty-va-bctc/daily_price/2026-01-09/batch_254.csv
[2026-01-12T16:03:52.484+0000] {taskinstance.py:441} INFO - ::group::Post task execution logs
[2026-01-12T16:03:52.504+0000] {taskinstance.py:1206} INFO - Marking task as SUCCESS. dag_id=daily_price_minio, task_id=ingest_daily_price, run_id=scheduled__2026-01-09T16:00:00+00:00, map_index=254, execution_date=20260109T160000, start_date=20260112T160346, end_date=20260112T160352
[2026-01-12T16:03:52.585+0000] {local_task_job_runner.py:243} INFO - Task exited with return code 0
[2026-01-12T16:03:52.610+0000] {taskinstance.py:3503} INFO - 0 downstream tasks scheduled from follow-on schedule check
[2026-01-12T16:03:52.612+0000] {local_task_job_runner.py:222} INFO - ::endgroup::
