[2026-01-10T15:19:14.006+0000] {local_task_job_runner.py:120} INFO - ::group::Pre task execution logs
[2026-01-10T15:19:14.376+0000] {taskinstance.py:2076} INFO - Dependencies all met for dep_context=non-requeueable deps ti=<TaskInstance: thongtin_cty_bctc.ingest_overview scheduled__2025-12-30T00:00:00+00:00 map_index=484 [queued]>
[2026-01-10T15:19:14.530+0000] {taskinstance.py:2076} INFO - Dependencies all met for dep_context=requeueable deps ti=<TaskInstance: thongtin_cty_bctc.ingest_overview scheduled__2025-12-30T00:00:00+00:00 map_index=484 [queued]>
[2026-01-10T15:19:14.543+0000] {taskinstance.py:2306} INFO - Starting attempt 1 of 2
[2026-01-10T15:19:14.571+0000] {taskinstance.py:2330} INFO - Executing <Mapped(DfToCsvOperator): ingest_overview> on 2025-12-30 00:00:00+00:00
[2026-01-10T15:19:14.598+0000] {warnings.py:112} WARNING - This process (pid=11463) is multi-threaded, use of fork() may lead to deadlocks in the child.

[2026-01-10T15:19:14.604+0000] {standard_task_runner.py:64} INFO - Started process 11532 to run task
[2026-01-10T15:19:14.607+0000] {standard_task_runner.py:90} INFO - Running: ['***', 'tasks', 'run', 'thongtin_cty_bctc', 'ingest_overview', 'scheduled__2025-12-30T00:00:00+00:00', '--job-id', '9553', '--raw', '--subdir', 'DAGS_FOLDER/tt_cty_bctc.py', '--cfg-path', '/tmp/tmpl8p2a8sq', '--map-index', '484']
[2026-01-10T15:19:14.609+0000] {standard_task_runner.py:91} INFO - Job 9553: Subtask ingest_overview
[2026-01-10T15:19:14.724+0000] {task_command.py:426} INFO - Running <TaskInstance: thongtin_cty_bctc.ingest_overview scheduled__2025-12-30T00:00:00+00:00 map_index=484 [running]> on host c44bcb92a951
[2026-01-10T15:19:14.918+0000] {taskinstance.py:2648} INFO - Exporting env vars: AIRFLOW_CTX_DAG_OWNER='***' AIRFLOW_CTX_DAG_ID='thongtin_cty_bctc' AIRFLOW_CTX_TASK_ID='ingest_overview' AIRFLOW_CTX_EXECUTION_DATE='2025-12-30T00:00:00+00:00' AIRFLOW_CTX_TRY_NUMBER='1' AIRFLOW_CTX_DAG_RUN_ID='scheduled__2025-12-30T00:00:00+00:00'
[2026-01-10T15:19:14.923+0000] {taskinstance.py:430} INFO - ::endgroup::
[2026-01-10T15:19:15.184+0000] {warnings.py:112} WARNING - DataFrame.applymap has been deprecated. Use DataFrame.map instead.

[2026-01-10T15:19:16.399+0000] {warnings.py:112} WARNING - DataFrame.applymap has been deprecated. Use DataFrame.map instead.

[2026-01-10T15:19:17.543+0000] {warnings.py:112} WARNING - DataFrame.applymap has been deprecated. Use DataFrame.map instead.

[2026-01-10T15:19:18.574+0000] {base.py:84} INFO - Using connection ID 'minio_finance' for task execution.
[2026-01-10T15:19:18.576+0000] {connection_wrapper.py:384} INFO - AWS Connection (conn_id='minio_finance', conn_type='aws') credentials retrieved from login and password.
[2026-01-10T15:19:19.272+0000] {datalake_df2csv.py:52} INFO - ✅ Đã upload 3 dòng -> s3://thongtin-congty-va-bctc/overview/2025-12-30/batch_484.csv
[2026-01-10T15:19:19.273+0000] {taskinstance.py:441} INFO - ::group::Post task execution logs
[2026-01-10T15:19:19.286+0000] {taskinstance.py:1206} INFO - Marking task as SUCCESS. dag_id=thongtin_cty_bctc, task_id=ingest_overview, run_id=scheduled__2025-12-30T00:00:00+00:00, map_index=484, execution_date=20251230T000000, start_date=20260110T151914, end_date=20260110T151919
[2026-01-10T15:19:21.747+0000] {local_task_job_runner.py:243} INFO - Task exited with return code 0
[2026-01-10T15:19:21.770+0000] {local_task_job_runner.py:222} INFO - ::endgroup::
