[2026-01-12T15:27:48.130+0000] {local_task_job_runner.py:120} INFO - ::group::Pre task execution logs
[2026-01-12T15:27:48.237+0000] {taskinstance.py:2076} INFO - Dependencies all met for dep_context=non-requeueable deps ti=<TaskInstance: financial_ratios_etl.ingest_financial_ratios manual__2026-01-12T15:14:43+00:00 map_index=839 [queued]>
[2026-01-12T15:27:48.347+0000] {taskinstance.py:2076} INFO - Dependencies all met for dep_context=requeueable deps ti=<TaskInstance: financial_ratios_etl.ingest_financial_ratios manual__2026-01-12T15:14:43+00:00 map_index=839 [queued]>
[2026-01-12T15:27:48.349+0000] {taskinstance.py:2306} INFO - Starting attempt 1 of 2
[2026-01-12T15:27:48.375+0000] {taskinstance.py:2330} INFO - Executing <Mapped(DfToCsvOperator): ingest_financial_ratios> on 2026-01-12 15:14:43+00:00
[2026-01-12T15:27:48.398+0000] {warnings.py:112} WARNING - This process (pid=11039) is multi-threaded, use of fork() may lead to deadlocks in the child.

[2026-01-12T15:27:48.400+0000] {standard_task_runner.py:64} INFO - Started process 11154 to run task
[2026-01-12T15:27:48.416+0000] {standard_task_runner.py:90} INFO - Running: ['***', 'tasks', 'run', 'financial_ratios_etl', 'ingest_financial_ratios', 'manual__2026-01-12T15:14:43+00:00', '--job-id', '14544', '--raw', '--subdir', 'DAGS_FOLDER/financial_ratios_etl.py', '--cfg-path', '/tmp/tmpalpqr0ls', '--map-index', '839']
[2026-01-12T15:27:48.422+0000] {standard_task_runner.py:91} INFO - Job 14544: Subtask ingest_financial_ratios
[2026-01-12T15:27:48.516+0000] {task_command.py:426} INFO - Running <TaskInstance: financial_ratios_etl.ingest_financial_ratios manual__2026-01-12T15:14:43+00:00 map_index=839 [running]> on host 5a20a797a43c
[2026-01-12T15:27:48.697+0000] {taskinstance.py:2648} INFO - Exporting env vars: AIRFLOW_CTX_DAG_OWNER='***' AIRFLOW_CTX_DAG_ID='financial_ratios_etl' AIRFLOW_CTX_TASK_ID='ingest_financial_ratios' AIRFLOW_CTX_EXECUTION_DATE='2026-01-12T15:14:43+00:00' AIRFLOW_CTX_TRY_NUMBER='1' AIRFLOW_CTX_DAG_RUN_ID='manual__2026-01-12T15:14:43+00:00'
[2026-01-12T15:27:48.700+0000] {taskinstance.py:430} INFO - ::endgroup::
[2026-01-12T15:27:48.714+0000] {logging_mixin.py:188} INFO - [RATIO] Bắt đầu xử lý batch 2 mã: ['APL', 'API']
[2026-01-12T15:27:48.714+0000] {logging_mixin.py:188} INFO - [RATIO] Kỳ dữ liệu: quarter
[2026-01-12T15:27:48.723+0000] {logging_mixin.py:188} INFO -  >> [RATIO] Đang lấy dữ liệu: APL
[2026-01-12T15:27:53.745+0000] {logging_mixin.py:188} INFO - ❌ Lỗi APL: RetryError[<Future at 0x7f68d615c980 state=finished raised KeyError>]
[2026-01-12T15:27:53.747+0000] {logging_mixin.py:188} INFO -  ⚠️ [RATIO] APL: No data from API
[2026-01-12T15:27:55.748+0000] {logging_mixin.py:188} INFO -  >> [RATIO] Đang lấy dữ liệu: API
[2026-01-12T15:27:56.611+0000] {logging_mixin.py:188} INFO -  ✓ [RATIO] API: 51 rows
[2026-01-12T15:27:58.610+0000] {logging_mixin.py:188} INFO -  ✅ [RATIO] Hoàn thành batch. Tổng số dòng: 51
[2026-01-12T15:27:58.645+0000] {base.py:84} INFO - Using connection ID 'minio_finance' for task execution.
[2026-01-12T15:27:58.646+0000] {connection_wrapper.py:384} INFO - AWS Connection (conn_id='minio_finance', conn_type='aws') credentials retrieved from login and password.
[2026-01-12T15:27:59.924+0000] {datalake_df2csv.py:52} INFO - ✅ Đã upload 51 dòng -> s3://thongtin-congty-va-bctc/financial_ratios/2026-01-12/batch_839.csv
[2026-01-12T15:27:59.926+0000] {taskinstance.py:441} INFO - ::group::Post task execution logs
[2026-01-12T15:27:59.941+0000] {taskinstance.py:1206} INFO - Marking task as SUCCESS. dag_id=financial_ratios_etl, task_id=ingest_financial_ratios, run_id=manual__2026-01-12T15:14:43+00:00, map_index=839, execution_date=20260112T151443, start_date=20260112T152748, end_date=20260112T152759
[2026-01-12T15:28:00.017+0000] {local_task_job_runner.py:243} INFO - Task exited with return code 0
[2026-01-12T15:28:00.056+0000] {taskinstance.py:3503} INFO - 0 downstream tasks scheduled from follow-on schedule check
[2026-01-12T15:28:00.058+0000] {local_task_job_runner.py:222} INFO - ::endgroup::
