[2026-01-01T08:57:28.536+0000] {local_task_job_runner.py:120} INFO - ::group::Pre task execution logs
[2026-01-01T08:57:28.588+0000] {taskinstance.py:2076} INFO - Dependencies all met for dep_context=non-requeueable deps ti=<TaskInstance: thongtin_cty_bctc.ingest_bctc manual__2026-01-01T00:00:00+00:00 map_index=96 [queued]>
[2026-01-01T08:57:28.624+0000] {taskinstance.py:2076} INFO - Dependencies all met for dep_context=requeueable deps ti=<TaskInstance: thongtin_cty_bctc.ingest_bctc manual__2026-01-01T00:00:00+00:00 map_index=96 [queued]>
[2026-01-01T08:57:28.625+0000] {taskinstance.py:2306} INFO - Starting attempt 1 of 2
[2026-01-01T08:57:28.646+0000] {taskinstance.py:2330} INFO - Executing <Mapped(DfToCsvOperator): ingest_bctc> on 2026-01-01 00:00:00+00:00
[2026-01-01T08:57:28.658+0000] {warnings.py:112} WARNING - This process (pid=4388) is multi-threaded, use of fork() may lead to deadlocks in the child.

[2026-01-01T08:57:28.660+0000] {standard_task_runner.py:64} INFO - Started process 4433 to run task
[2026-01-01T08:57:28.663+0000] {standard_task_runner.py:90} INFO - Running: ['***', 'tasks', 'run', 'thongtin_cty_bctc', 'ingest_bctc', 'manual__2026-01-01T00:00:00+00:00', '--job-id', '4131', '--raw', '--subdir', 'DAGS_FOLDER/tt_cty_bctc.py', '--cfg-path', '/tmp/tmpovffn_tn', '--map-index', '96']
[2026-01-01T08:57:28.665+0000] {standard_task_runner.py:91} INFO - Job 4131: Subtask ingest_bctc
[2026-01-01T08:57:28.721+0000] {task_command.py:426} INFO - Running <TaskInstance: thongtin_cty_bctc.ingest_bctc manual__2026-01-01T00:00:00+00:00 map_index=96 [running]> on host b455963a0603
[2026-01-01T08:57:29.125+0000] {taskinstance.py:2648} INFO - Exporting env vars: AIRFLOW_CTX_DAG_OWNER='***' AIRFLOW_CTX_DAG_ID='thongtin_cty_bctc' AIRFLOW_CTX_TASK_ID='ingest_bctc' AIRFLOW_CTX_EXECUTION_DATE='2026-01-01T00:00:00+00:00' AIRFLOW_CTX_TRY_NUMBER='1' AIRFLOW_CTX_DAG_RUN_ID='manual__2026-01-01T00:00:00+00:00'
[2026-01-01T08:57:29.126+0000] {taskinstance.py:430} INFO - ::endgroup::
[2026-01-01T08:57:29.141+0000] {logging_mixin.py:188} INFO - Bắt đầu xử lý batch 3 mã: ['TNH', 'TNG', 'TNC']
[2026-01-01T08:57:29.143+0000] {logging_mixin.py:188} INFO -  >> Đang lấy dữ liệu: TNH
[2026-01-01T08:57:32.180+0000] {logging_mixin.py:188} INFO -  >> Đang lấy dữ liệu: TNG
[2026-01-01T08:57:35.171+0000] {logging_mixin.py:188} INFO -  >> Đang lấy dữ liệu: TNC
[2026-01-01T08:57:38.140+0000] {logging_mixin.py:188} INFO -  ✓ Hoàn thành batch. Tổng số dòng: 10150
[2026-01-01T08:57:38.195+0000] {base.py:84} INFO - Using connection ID 'minio_finance' for task execution.
[2026-01-01T08:57:38.196+0000] {connection_wrapper.py:384} INFO - AWS Connection (conn_id='minio_finance', conn_type='aws') credentials retrieved from login and password.
[2026-01-01T08:57:38.761+0000] {datalake_df2csv.py:53} INFO - ✅ Đã upload 10150 dòng -> s3://thongtin-congty-va-bctc/bctc/2026-01-01/batch_96.csv
[2026-01-01T08:57:38.764+0000] {taskinstance.py:441} INFO - ::group::Post task execution logs
[2026-01-01T08:57:38.779+0000] {taskinstance.py:1206} INFO - Marking task as SUCCESS. dag_id=thongtin_cty_bctc, task_id=ingest_bctc, run_id=manual__2026-01-01T00:00:00+00:00, map_index=96, execution_date=20260101T000000, start_date=20260101T085728, end_date=20260101T085738
[2026-01-01T08:57:41.689+0000] {local_task_job_runner.py:243} INFO - Task exited with return code 0
[2026-01-01T08:57:41.977+0000] {taskinstance.py:3503} INFO - 0 downstream tasks scheduled from follow-on schedule check
[2026-01-01T08:57:41.983+0000] {local_task_job_runner.py:222} INFO - ::endgroup::
