[2025-12-31T14:40:38.666+0000] {local_task_job_runner.py:120} INFO - ::group::Pre task execution logs
[2025-12-31T14:40:38.689+0000] {taskinstance.py:2076} INFO - Dependencies all met for dep_context=non-requeueable deps ti=<TaskInstance: thongtin_cty_bctc.ingest_overview manual__2025-12-31T14:34:21.190447+00:00 map_index=24 [queued]>
[2025-12-31T14:40:38.703+0000] {taskinstance.py:2076} INFO - Dependencies all met for dep_context=requeueable deps ti=<TaskInstance: thongtin_cty_bctc.ingest_overview manual__2025-12-31T14:34:21.190447+00:00 map_index=24 [queued]>
[2025-12-31T14:40:38.704+0000] {taskinstance.py:2306} INFO - Starting attempt 1 of 2
[2025-12-31T14:40:38.717+0000] {taskinstance.py:2330} INFO - Executing <Mapped(DfToCsvOperator): ingest_overview> on 2025-12-31 14:34:21.190447+00:00
[2025-12-31T14:40:38.727+0000] {warnings.py:112} WARNING - This process (pid=4743) is multi-threaded, use of fork() may lead to deadlocks in the child.

[2025-12-31T14:40:38.728+0000] {standard_task_runner.py:64} INFO - Started process 4793 to run task
[2025-12-31T14:40:38.730+0000] {standard_task_runner.py:90} INFO - Running: ['***', 'tasks', 'run', 'thongtin_cty_bctc', 'ingest_overview', 'manual__2025-12-31T14:34:21.190447+00:00', '--job-id', '377', '--raw', '--subdir', 'DAGS_FOLDER/tt_cty_bctc.py', '--cfg-path', '/tmp/tmpj102v28n', '--map-index', '24']
[2025-12-31T14:40:38.731+0000] {standard_task_runner.py:91} INFO - Job 377: Subtask ingest_overview
[2025-12-31T14:40:38.794+0000] {task_command.py:426} INFO - Running <TaskInstance: thongtin_cty_bctc.ingest_overview manual__2025-12-31T14:34:21.190447+00:00 map_index=24 [running]> on host 8bc7f11ea9a4
[2025-12-31T14:40:38.914+0000] {taskinstance.py:2648} INFO - Exporting env vars: AIRFLOW_CTX_DAG_OWNER='***' AIRFLOW_CTX_DAG_ID='thongtin_cty_bctc' AIRFLOW_CTX_TASK_ID='ingest_overview' AIRFLOW_CTX_EXECUTION_DATE='2025-12-31T14:34:21.190447+00:00' AIRFLOW_CTX_TRY_NUMBER='1' AIRFLOW_CTX_DAG_RUN_ID='manual__2025-12-31T14:34:21.190447+00:00'
[2025-12-31T14:40:38.916+0000] {taskinstance.py:430} INFO - ::endgroup::
[2025-12-31T14:40:39.130+0000] {logging_mixin.py:188} INFO - Err overview SGO: Failed to fetch data: 429 - Too Many Requests
[2025-12-31T14:40:39.298+0000] {logging_mixin.py:188} INFO - Err overview SGN: Failed to fetch data: 429 - Too Many Requests
[2025-12-31T14:40:39.451+0000] {logging_mixin.py:188} INFO - Err overview SGI: Failed to fetch data: 429 - Too Many Requests
[2025-12-31T14:41:00.610+0000] {logging_mixin.py:188} INFO - Err overview SGH: Failed to fetch data: 429 - Too Many Requests
[2025-12-31T14:41:00.766+0000] {logging_mixin.py:188} INFO - Err overview SGD: Failed to fetch data: 429 - Too Many Requests
[2025-12-31T14:41:00.898+0000] {logging_mixin.py:188} INFO - Err overview SGC: Failed to fetch data: 429 - Too Many Requests
[2025-12-31T14:41:01.099+0000] {logging_mixin.py:188} INFO - Err overview SGB: Failed to fetch data: 429 - Too Many Requests
[2025-12-31T14:41:01.251+0000] {logging_mixin.py:188} INFO - Err overview SFN: Failed to fetch data: 429 - Too Many Requests
[2025-12-31T14:41:01.534+0000] {logging_mixin.py:188} INFO - Err overview SFI: Failed to fetch data: 429 - Too Many Requests
[2025-12-31T14:41:01.709+0000] {logging_mixin.py:188} INFO - Err overview SFG: Failed to fetch data: 429 - Too Many Requests
[2025-12-31T14:41:01.928+0000] {logging_mixin.py:188} INFO - Err overview SFC: Failed to fetch data: 429 - Too Many Requests
[2025-12-31T14:41:02.147+0000] {logging_mixin.py:188} INFO - Err overview SEP: Failed to fetch data: 429 - Too Many Requests
[2025-12-31T14:41:02.338+0000] {logging_mixin.py:188} INFO - Err overview SED: Failed to fetch data: 429 - Too Many Requests
[2025-12-31T14:41:02.689+0000] {logging_mixin.py:188} INFO - Err overview SEB: Failed to fetch data: 429 - Too Many Requests
[2025-12-31T14:41:03.037+0000] {logging_mixin.py:188} INFO - Err overview SEA: Failed to fetch data: 429 - Too Many Requests
[2025-12-31T14:41:03.234+0000] {logging_mixin.py:188} INFO - Err overview SDY: Failed to fetch data: 429 - Too Many Requests
[2025-12-31T14:41:03.377+0000] {logging_mixin.py:188} INFO - Err overview SDX: Failed to fetch data: 429 - Too Many Requests
[2025-12-31T14:41:03.540+0000] {logging_mixin.py:188} INFO - Err overview SDV: Failed to fetch data: 429 - Too Many Requests
[2025-12-31T14:41:03.686+0000] {logging_mixin.py:188} INFO - Err overview SDU: Failed to fetch data: 429 - Too Many Requests
[2025-12-31T14:41:03.844+0000] {logging_mixin.py:188} INFO - Err overview SDT: Failed to fetch data: 429 - Too Many Requests
[2025-12-31T14:41:03.848+0000] {datalake_df2csv.py:40} INFO - DataFrame rỗng, bỏ qua upload CSV.
[2025-12-31T14:41:03.848+0000] {taskinstance.py:441} INFO - ::group::Post task execution logs
[2025-12-31T14:41:03.862+0000] {taskinstance.py:1206} INFO - Marking task as SUCCESS. dag_id=thongtin_cty_bctc, task_id=ingest_overview, run_id=manual__2025-12-31T14:34:21.190447+00:00, map_index=24, execution_date=20251231T143421, start_date=20251231T144038, end_date=20251231T144103
[2025-12-31T14:41:03.901+0000] {local_task_job_runner.py:243} INFO - Task exited with return code 0
[2025-12-31T14:41:03.918+0000] {taskinstance.py:3503} INFO - 0 downstream tasks scheduled from follow-on schedule check
[2025-12-31T14:41:03.920+0000] {local_task_job_runner.py:222} INFO - ::endgroup::
