[2026-01-12T14:07:15.523+0000] {local_task_job_runner.py:120} INFO - ::group::Pre task execution logs
[2026-01-12T14:07:15.544+0000] {taskinstance.py:2076} INFO - Dependencies all met for dep_context=non-requeueable deps ti=<TaskInstance: global_index_etl.ingest_usd_vnd manual__2026-01-12T14:07:10.254632+00:00 [queued]>
[2026-01-12T14:07:15.558+0000] {taskinstance.py:2076} INFO - Dependencies all met for dep_context=requeueable deps ti=<TaskInstance: global_index_etl.ingest_usd_vnd manual__2026-01-12T14:07:10.254632+00:00 [queued]>
[2026-01-12T14:07:15.559+0000] {taskinstance.py:2306} INFO - Starting attempt 1 of 2
[2026-01-12T14:07:15.584+0000] {taskinstance.py:2330} INFO - Executing <Task(DfToCsvOperator): ingest_usd_vnd> on 2026-01-12 14:07:10.254632+00:00
[2026-01-12T14:07:15.595+0000] {warnings.py:112} WARNING - This process (pid=269) is multi-threaded, use of fork() may lead to deadlocks in the child.

[2026-01-12T14:07:15.597+0000] {standard_task_runner.py:64} INFO - Started process 318 to run task
[2026-01-12T14:07:15.601+0000] {standard_task_runner.py:90} INFO - Running: ['***', 'tasks', 'run', 'global_index_etl', 'ingest_usd_vnd', 'manual__2026-01-12T14:07:10.254632+00:00', '--job-id', '12328', '--raw', '--subdir', 'DAGS_FOLDER/global_index_etl.py', '--cfg-path', '/tmp/tmpz91lc7m7']
[2026-01-12T14:07:15.607+0000] {standard_task_runner.py:91} INFO - Job 12328: Subtask ingest_usd_vnd
[2026-01-12T14:07:15.679+0000] {task_command.py:426} INFO - Running <TaskInstance: global_index_etl.ingest_usd_vnd manual__2026-01-12T14:07:10.254632+00:00 [running]> on host 5a20a797a43c
[2026-01-12T14:07:15.802+0000] {taskinstance.py:2648} INFO - Exporting env vars: AIRFLOW_CTX_DAG_OWNER='***' AIRFLOW_CTX_DAG_ID='global_index_etl' AIRFLOW_CTX_TASK_ID='ingest_usd_vnd' AIRFLOW_CTX_EXECUTION_DATE='2026-01-12T14:07:10.254632+00:00' AIRFLOW_CTX_TRY_NUMBER='1' AIRFLOW_CTX_DAG_RUN_ID='manual__2026-01-12T14:07:10.254632+00:00'
[2026-01-12T14:07:15.804+0000] {taskinstance.py:430} INFO - ::endgroup::
[2026-01-12T14:07:16.337+0000] {logging_mixin.py:188} INFO - ✅ Fetched 1 rows of USD/VND data from 2026-01-12 to 2026-01-13
[2026-01-12T14:07:16.357+0000] {base.py:84} INFO - Using connection ID 'minio_finance' for task execution.
[2026-01-12T14:07:16.358+0000] {connection_wrapper.py:384} INFO - AWS Connection (conn_id='minio_finance', conn_type='aws') credentials retrieved from login and password.
[2026-01-12T14:07:16.946+0000] {datalake_df2csv.py:52} INFO - ✅ Đã upload 1 dòng -> s3://thongtin-congty-va-bctc/global_index/usd_vnd/2026-01-12/data.csv
[2026-01-12T14:07:16.947+0000] {taskinstance.py:441} INFO - ::group::Post task execution logs
[2026-01-12T14:07:16.956+0000] {taskinstance.py:1206} INFO - Marking task as SUCCESS. dag_id=global_index_etl, task_id=ingest_usd_vnd, run_id=manual__2026-01-12T14:07:10.254632+00:00, execution_date=20260112T140710, start_date=20260112T140715, end_date=20260112T140716
[2026-01-12T14:07:17.017+0000] {local_task_job_runner.py:243} INFO - Task exited with return code 0
[2026-01-12T14:07:17.030+0000] {local_task_job_runner.py:222} INFO - ::endgroup::
