[2026-01-11T04:02:47.766+0000] {local_task_job_runner.py:120} INFO - ::group::Pre task execution logs
[2026-01-11T04:02:47.801+0000] {taskinstance.py:2076} INFO - Dependencies all met for dep_context=non-requeueable deps ti=<TaskInstance: bctc.ingest_bctc manual__2026-01-11T04:01:06+00:00 map_index=47 [queued]>
[2026-01-11T04:02:47.823+0000] {taskinstance.py:2076} INFO - Dependencies all met for dep_context=requeueable deps ti=<TaskInstance: bctc.ingest_bctc manual__2026-01-11T04:01:06+00:00 map_index=47 [queued]>
[2026-01-11T04:02:47.824+0000] {taskinstance.py:2306} INFO - Starting attempt 1 of 2
[2026-01-11T04:02:47.844+0000] {taskinstance.py:2330} INFO - Executing <Mapped(DfToCsvOperator): ingest_bctc> on 2026-01-11 04:01:06+00:00
[2026-01-11T04:02:47.857+0000] {warnings.py:112} WARNING - This process (pid=1734) is multi-threaded, use of fork() may lead to deadlocks in the child.

[2026-01-11T04:02:47.859+0000] {standard_task_runner.py:64} INFO - Started process 1794 to run task
[2026-01-11T04:02:47.862+0000] {standard_task_runner.py:90} INFO - Running: ['***', 'tasks', 'run', 'bctc', 'ingest_bctc', 'manual__2026-01-11T04:01:06+00:00', '--job-id', '10233', '--raw', '--subdir', 'DAGS_FOLDER/tt_cty_bctc.py', '--cfg-path', '/tmp/tmpvl5phrpj', '--map-index', '47']
[2026-01-11T04:02:47.864+0000] {standard_task_runner.py:91} INFO - Job 10233: Subtask ingest_bctc
[2026-01-11T04:02:47.935+0000] {task_command.py:426} INFO - Running <TaskInstance: bctc.ingest_bctc manual__2026-01-11T04:01:06+00:00 map_index=47 [running]> on host 3f2af93df813
[2026-01-11T04:02:48.130+0000] {taskinstance.py:2648} INFO - Exporting env vars: AIRFLOW_CTX_DAG_OWNER='***' AIRFLOW_CTX_DAG_ID='bctc' AIRFLOW_CTX_TASK_ID='ingest_bctc' AIRFLOW_CTX_EXECUTION_DATE='2026-01-11T04:01:06+00:00' AIRFLOW_CTX_TRY_NUMBER='1' AIRFLOW_CTX_DAG_RUN_ID='manual__2026-01-11T04:01:06+00:00'
[2026-01-11T04:02:48.135+0000] {taskinstance.py:430} INFO - ::endgroup::
[2026-01-11T04:02:48.150+0000] {logging_mixin.py:188} INFO - Bắt đầu xử lý batch 20 mã: ['LBC', 'LAW', 'LAS', 'LAI', 'LAF', 'L63', 'L62', 'L61', 'L45', 'L44', 'L43', 'L40', 'L35', 'L18', 'L14', 'L12', 'L10', 'KWA', 'KVC', 'KTW']
[2026-01-11T04:02:48.151+0000] {logging_mixin.py:188} INFO -  >> Đang lấy dữ liệu: LBC
[2026-01-11T04:02:48.292+0000] {logging_mixin.py:188} INFO -  Lỗi xử lý mã LBC: Failed to fetch data: 429 - Too Many Requests
[2026-01-11T04:02:48.294+0000] {logging_mixin.py:188} INFO -  >> Đang lấy dữ liệu: LAW
[2026-01-11T04:02:48.548+0000] {logging_mixin.py:188} INFO -  Lỗi xử lý mã LAW: Failed to fetch data: 429 - Too Many Requests
[2026-01-11T04:02:48.550+0000] {logging_mixin.py:188} INFO -  >> Đang lấy dữ liệu: LAS
[2026-01-11T04:02:48.676+0000] {logging_mixin.py:188} INFO -  Lỗi xử lý mã LAS: Failed to fetch data: 429 - Too Many Requests
[2026-01-11T04:02:48.678+0000] {logging_mixin.py:188} INFO -  >> Đang lấy dữ liệu: LAI
[2026-01-11T04:02:48.835+0000] {logging_mixin.py:188} INFO -  Lỗi xử lý mã LAI: Failed to fetch data: 429 - Too Many Requests
[2026-01-11T04:02:48.836+0000] {logging_mixin.py:188} INFO -  >> Đang lấy dữ liệu: LAF
[2026-01-11T04:02:49.179+0000] {logging_mixin.py:188} INFO -  Lỗi xử lý mã LAF: Failed to fetch data: 429 - Too Many Requests
[2026-01-11T04:02:49.181+0000] {logging_mixin.py:188} INFO -  >> Đang lấy dữ liệu: L63
[2026-01-11T04:02:49.331+0000] {logging_mixin.py:188} INFO -  Lỗi xử lý mã L63: Failed to fetch data: 429 - Too Many Requests
[2026-01-11T04:02:49.333+0000] {logging_mixin.py:188} INFO -  >> Đang lấy dữ liệu: L62
[2026-01-11T04:02:49.582+0000] {logging_mixin.py:188} INFO -  Lỗi xử lý mã L62: Failed to fetch data: 429 - Too Many Requests
[2026-01-11T04:02:49.592+0000] {logging_mixin.py:188} INFO -  >> Đang lấy dữ liệu: L61
[2026-01-11T04:02:49.787+0000] {logging_mixin.py:188} INFO -  Lỗi xử lý mã L61: Failed to fetch data: 429 - Too Many Requests
[2026-01-11T04:02:49.788+0000] {logging_mixin.py:188} INFO -  >> Đang lấy dữ liệu: L45
[2026-01-11T04:02:49.955+0000] {logging_mixin.py:188} INFO -  Lỗi xử lý mã L45: Failed to fetch data: 429 - Too Many Requests
[2026-01-11T04:02:49.957+0000] {logging_mixin.py:188} INFO -  >> Đang lấy dữ liệu: L44
[2026-01-11T04:02:50.191+0000] {logging_mixin.py:188} INFO -  Lỗi xử lý mã L44: Failed to fetch data: 429 - Too Many Requests
[2026-01-11T04:02:50.192+0000] {logging_mixin.py:188} INFO -  >> Đang lấy dữ liệu: L43
[2026-01-11T04:02:50.364+0000] {logging_mixin.py:188} INFO -  Lỗi xử lý mã L43: Failed to fetch data: 429 - Too Many Requests
[2026-01-11T04:02:50.366+0000] {logging_mixin.py:188} INFO -  >> Đang lấy dữ liệu: L40
[2026-01-11T04:02:50.499+0000] {logging_mixin.py:188} INFO -  Lỗi xử lý mã L40: Failed to fetch data: 429 - Too Many Requests
[2026-01-11T04:02:50.500+0000] {logging_mixin.py:188} INFO -  >> Đang lấy dữ liệu: L35
[2026-01-11T04:02:50.620+0000] {logging_mixin.py:188} INFO -  Lỗi xử lý mã L35: Failed to fetch data: 429 - Too Many Requests
[2026-01-11T04:02:50.621+0000] {logging_mixin.py:188} INFO -  >> Đang lấy dữ liệu: L18
[2026-01-11T04:02:50.774+0000] {logging_mixin.py:188} INFO -  Lỗi xử lý mã L18: Failed to fetch data: 429 - Too Many Requests
[2026-01-11T04:02:50.775+0000] {logging_mixin.py:188} INFO -  >> Đang lấy dữ liệu: L14
[2026-01-11T04:02:50.912+0000] {logging_mixin.py:188} INFO -  Lỗi xử lý mã L14: Failed to fetch data: 429 - Too Many Requests
[2026-01-11T04:02:50.913+0000] {logging_mixin.py:188} INFO -  >> Đang lấy dữ liệu: L12
[2026-01-11T04:02:51.071+0000] {logging_mixin.py:188} INFO -  Lỗi xử lý mã L12: Failed to fetch data: 429 - Too Many Requests
[2026-01-11T04:02:51.075+0000] {logging_mixin.py:188} INFO -  >> Đang lấy dữ liệu: L10
[2026-01-11T04:02:51.241+0000] {logging_mixin.py:188} INFO -  Lỗi xử lý mã L10: Failed to fetch data: 429 - Too Many Requests
[2026-01-11T04:02:51.243+0000] {logging_mixin.py:188} INFO -  >> Đang lấy dữ liệu: KWA
[2026-01-11T04:02:51.381+0000] {logging_mixin.py:188} INFO -  Lỗi xử lý mã KWA: Failed to fetch data: 429 - Too Many Requests
[2026-01-11T04:02:51.386+0000] {logging_mixin.py:188} INFO -  >> Đang lấy dữ liệu: KVC
[2026-01-11T04:02:51.667+0000] {logging_mixin.py:188} INFO -  Lỗi xử lý mã KVC: Failed to fetch data: 429 - Too Many Requests
[2026-01-11T04:02:51.668+0000] {logging_mixin.py:188} INFO -  >> Đang lấy dữ liệu: KTW
[2026-01-11T04:02:51.833+0000] {logging_mixin.py:188} INFO -  Lỗi xử lý mã KTW: Failed to fetch data: 429 - Too Many Requests
[2026-01-11T04:02:51.838+0000] {logging_mixin.py:188} INFO -  ⚠ Batch này không thu được dữ liệu nào.
[2026-01-11T04:02:51.843+0000] {datalake_df2csv.py:40} INFO - DataFrame rỗng, bỏ qua upload CSV.
[2026-01-11T04:02:51.844+0000] {taskinstance.py:441} INFO - ::group::Post task execution logs
[2026-01-11T04:02:52.278+0000] {taskinstance.py:1206} INFO - Marking task as SUCCESS. dag_id=bctc, task_id=ingest_bctc, run_id=manual__2026-01-11T04:01:06+00:00, map_index=47, execution_date=20260111T040106, start_date=20260111T040247, end_date=20260111T040252
[2026-01-11T04:02:52.436+0000] {local_task_job_runner.py:243} INFO - Task exited with return code 0
[2026-01-11T04:02:52.516+0000] {taskinstance.py:3503} INFO - 0 downstream tasks scheduled from follow-on schedule check
[2026-01-11T04:02:52.520+0000] {local_task_job_runner.py:222} INFO - ::endgroup::
