[2026-01-11T03:08:07.868+0000] {local_task_job_runner.py:120} INFO - ::group::Pre task execution logs
[2026-01-11T03:08:07.899+0000] {taskinstance.py:2076} INFO - Dependencies all met for dep_context=non-requeueable deps ti=<TaskInstance: thongtin_cty_bctc.ingest_bctc manual__2026-01-11T03:04:17.829778+00:00 map_index=73 [queued]>
[2026-01-11T03:08:07.916+0000] {taskinstance.py:2076} INFO - Dependencies all met for dep_context=requeueable deps ti=<TaskInstance: thongtin_cty_bctc.ingest_bctc manual__2026-01-11T03:04:17.829778+00:00 map_index=73 [queued]>
[2026-01-11T03:08:07.917+0000] {taskinstance.py:2306} INFO - Starting attempt 1 of 2
[2026-01-11T03:08:07.931+0000] {taskinstance.py:2330} INFO - Executing <Mapped(DfToCsvOperator): ingest_bctc> on 2026-01-11 03:04:17.829778+00:00
[2026-01-11T03:08:07.943+0000] {warnings.py:112} WARNING - This process (pid=2036) is multi-threaded, use of fork() may lead to deadlocks in the child.

[2026-01-11T03:08:07.944+0000] {standard_task_runner.py:64} INFO - Started process 2169 to run task
[2026-01-11T03:08:07.947+0000] {standard_task_runner.py:90} INFO - Running: ['***', 'tasks', 'run', 'thongtin_cty_bctc', 'ingest_bctc', 'manual__2026-01-11T03:04:17.829778+00:00', '--job-id', '9809', '--raw', '--subdir', 'DAGS_FOLDER/tt_cty_bctc.py', '--cfg-path', '/tmp/tmpp6jsjnoh', '--map-index', '73']
[2026-01-11T03:08:07.949+0000] {standard_task_runner.py:91} INFO - Job 9809: Subtask ingest_bctc
[2026-01-11T03:08:08.017+0000] {task_command.py:426} INFO - Running <TaskInstance: thongtin_cty_bctc.ingest_bctc manual__2026-01-11T03:04:17.829778+00:00 map_index=73 [running]> on host 3f2af93df813
[2026-01-11T03:08:08.153+0000] {taskinstance.py:2648} INFO - Exporting env vars: AIRFLOW_CTX_DAG_OWNER='***' AIRFLOW_CTX_DAG_ID='thongtin_cty_bctc' AIRFLOW_CTX_TASK_ID='ingest_bctc' AIRFLOW_CTX_EXECUTION_DATE='2026-01-11T03:04:17.829778+00:00' AIRFLOW_CTX_TRY_NUMBER='1' AIRFLOW_CTX_DAG_RUN_ID='manual__2026-01-11T03:04:17.829778+00:00'
[2026-01-11T03:08:08.155+0000] {taskinstance.py:430} INFO - ::endgroup::
[2026-01-11T03:08:08.166+0000] {logging_mixin.py:188} INFO - Bắt đầu xử lý batch 20 mã: ['CPA', 'COM', 'CNT', 'CNN', 'CNG', 'CNC', 'CNA', 'CMX', 'CMW', 'CMV', 'CMT', 'CMS', 'CMP', 'CMN', 'CMM', 'CMK', 'CMI', 'CMG', 'CMF', 'CMD']
[2026-01-11T03:08:08.167+0000] {logging_mixin.py:188} INFO -  >> Đang lấy dữ liệu: CPA
[2026-01-11T03:08:09.844+0000] {logging_mixin.py:188} INFO -  Lỗi xử lý mã CPA: Failed to fetch data: 429 - Too Many Requests
[2026-01-11T03:08:09.845+0000] {logging_mixin.py:188} INFO -  >> Đang lấy dữ liệu: COM
[2026-01-11T03:08:09.978+0000] {logging_mixin.py:188} INFO -  Lỗi xử lý mã COM: Failed to fetch data: 429 - Too Many Requests
[2026-01-11T03:08:09.979+0000] {logging_mixin.py:188} INFO -  >> Đang lấy dữ liệu: CNT
[2026-01-11T03:08:10.128+0000] {logging_mixin.py:188} INFO -  Lỗi xử lý mã CNT: Failed to fetch data: 429 - Too Many Requests
[2026-01-11T03:08:10.129+0000] {logging_mixin.py:188} INFO -  >> Đang lấy dữ liệu: CNN
[2026-01-11T03:08:10.778+0000] {logging_mixin.py:188} INFO -  Lỗi xử lý mã CNN: Failed to fetch data: 429 - Too Many Requests
[2026-01-11T03:08:10.779+0000] {logging_mixin.py:188} INFO -  >> Đang lấy dữ liệu: CNG
[2026-01-11T03:08:10.990+0000] {logging_mixin.py:188} INFO -  Lỗi xử lý mã CNG: Failed to fetch data: 429 - Too Many Requests
[2026-01-11T03:08:10.991+0000] {logging_mixin.py:188} INFO -  >> Đang lấy dữ liệu: CNC
[2026-01-11T03:08:11.602+0000] {logging_mixin.py:188} INFO -  Lỗi xử lý mã CNC: Failed to fetch data: 429 - Too Many Requests
[2026-01-11T03:08:11.603+0000] {logging_mixin.py:188} INFO -  >> Đang lấy dữ liệu: CNA
[2026-01-11T03:08:11.782+0000] {logging_mixin.py:188} INFO -  Lỗi xử lý mã CNA: Failed to fetch data: 429 - Too Many Requests
[2026-01-11T03:08:11.783+0000] {logging_mixin.py:188} INFO -  >> Đang lấy dữ liệu: CMX
[2026-01-11T03:08:11.941+0000] {logging_mixin.py:188} INFO -  Lỗi xử lý mã CMX: Failed to fetch data: 429 - Too Many Requests
[2026-01-11T03:08:11.942+0000] {logging_mixin.py:188} INFO -  >> Đang lấy dữ liệu: CMW
[2026-01-11T03:08:12.108+0000] {logging_mixin.py:188} INFO -  Lỗi xử lý mã CMW: Failed to fetch data: 429 - Too Many Requests
[2026-01-11T03:08:12.109+0000] {logging_mixin.py:188} INFO -  >> Đang lấy dữ liệu: CMV
[2026-01-11T03:08:12.259+0000] {logging_mixin.py:188} INFO -  Lỗi xử lý mã CMV: Failed to fetch data: 429 - Too Many Requests
[2026-01-11T03:08:12.260+0000] {logging_mixin.py:188} INFO -  >> Đang lấy dữ liệu: CMT
[2026-01-11T03:08:12.830+0000] {logging_mixin.py:188} INFO -  Lỗi xử lý mã CMT: Failed to fetch data: 429 - Too Many Requests
[2026-01-11T03:08:12.831+0000] {logging_mixin.py:188} INFO -  >> Đang lấy dữ liệu: CMS
[2026-01-11T03:08:13.208+0000] {logging_mixin.py:188} INFO -  Lỗi xử lý mã CMS: Failed to fetch data: 429 - Too Many Requests
[2026-01-11T03:08:13.209+0000] {logging_mixin.py:188} INFO -  >> Đang lấy dữ liệu: CMP
[2026-01-11T03:08:13.629+0000] {logging_mixin.py:188} INFO -  Lỗi xử lý mã CMP: Failed to fetch data: 429 - Too Many Requests
[2026-01-11T03:08:13.630+0000] {logging_mixin.py:188} INFO -  >> Đang lấy dữ liệu: CMN
[2026-01-11T03:08:14.069+0000] {logging_mixin.py:188} INFO -  Lỗi xử lý mã CMN: Failed to fetch data: 429 - Too Many Requests
[2026-01-11T03:08:14.070+0000] {logging_mixin.py:188} INFO -  >> Đang lấy dữ liệu: CMM
[2026-01-11T03:08:15.199+0000] {logging_mixin.py:188} INFO -  Lỗi xử lý mã CMM: Failed to fetch data: 429 - Too Many Requests
[2026-01-11T03:08:15.199+0000] {logging_mixin.py:188} INFO -  >> Đang lấy dữ liệu: CMK
[2026-01-11T03:08:15.303+0000] {logging_mixin.py:188} INFO -  Lỗi xử lý mã CMK: Failed to fetch data: 429 - Too Many Requests
[2026-01-11T03:08:15.305+0000] {logging_mixin.py:188} INFO -  >> Đang lấy dữ liệu: CMI
[2026-01-11T03:08:15.490+0000] {logging_mixin.py:188} INFO -  Lỗi xử lý mã CMI: Failed to fetch data: 429 - Too Many Requests
[2026-01-11T03:08:15.491+0000] {logging_mixin.py:188} INFO -  >> Đang lấy dữ liệu: CMG
[2026-01-11T03:08:15.691+0000] {logging_mixin.py:188} INFO -  Lỗi xử lý mã CMG: Failed to fetch data: 429 - Too Many Requests
[2026-01-11T03:08:15.692+0000] {logging_mixin.py:188} INFO -  >> Đang lấy dữ liệu: CMF
[2026-01-11T03:08:15.891+0000] {logging_mixin.py:188} INFO -  Lỗi xử lý mã CMF: Failed to fetch data: 429 - Too Many Requests
[2026-01-11T03:08:15.892+0000] {logging_mixin.py:188} INFO -  >> Đang lấy dữ liệu: CMD
[2026-01-11T03:08:16.082+0000] {logging_mixin.py:188} INFO -  Lỗi xử lý mã CMD: Failed to fetch data: 429 - Too Many Requests
[2026-01-11T03:08:16.084+0000] {logging_mixin.py:188} INFO -  ⚠ Batch này không thu được dữ liệu nào.
[2026-01-11T03:08:16.089+0000] {datalake_df2csv.py:40} INFO - DataFrame rỗng, bỏ qua upload CSV.
[2026-01-11T03:08:16.090+0000] {taskinstance.py:441} INFO - ::group::Post task execution logs
[2026-01-11T03:08:16.478+0000] {taskinstance.py:1206} INFO - Marking task as SUCCESS. dag_id=thongtin_cty_bctc, task_id=ingest_bctc, run_id=manual__2026-01-11T03:04:17.829778+00:00, map_index=73, execution_date=20260111T030417, start_date=20260111T030807, end_date=20260111T030816
[2026-01-11T03:08:16.586+0000] {local_task_job_runner.py:243} INFO - Task exited with return code 0
[2026-01-11T03:08:16.607+0000] {taskinstance.py:3503} INFO - 0 downstream tasks scheduled from follow-on schedule check
[2026-01-11T03:08:16.610+0000] {local_task_job_runner.py:222} INFO - ::endgroup::
