[2026-01-01T02:13:18.428+0000] {local_task_job_runner.py:120} INFO - ::group::Pre task execution logs
[2026-01-01T02:13:18.511+0000] {taskinstance.py:2076} INFO - Dependencies all met for dep_context=non-requeueable deps ti=<TaskInstance: thongtin_cty_bctc.ingest_bctc scheduled__2025-12-31T00:00:00+00:00 map_index=130 [queued]>
[2026-01-01T02:13:18.571+0000] {taskinstance.py:2076} INFO - Dependencies all met for dep_context=requeueable deps ti=<TaskInstance: thongtin_cty_bctc.ingest_bctc scheduled__2025-12-31T00:00:00+00:00 map_index=130 [queued]>
[2026-01-01T02:13:18.573+0000] {taskinstance.py:2306} INFO - Starting attempt 1 of 2
[2026-01-01T02:13:19.408+0000] {taskinstance.py:2330} INFO - Executing <Mapped(DfToCsvOperator): ingest_bctc> on 2025-12-31 00:00:00+00:00
[2026-01-01T02:13:19.461+0000] {warnings.py:112} WARNING - This process (pid=4434) is multi-threaded, use of fork() may lead to deadlocks in the child.

[2026-01-01T02:13:19.465+0000] {standard_task_runner.py:64} INFO - Started process 4565 to run task
[2026-01-01T02:13:19.476+0000] {standard_task_runner.py:90} INFO - Running: ['***', 'tasks', 'run', 'thongtin_cty_bctc', 'ingest_bctc', 'scheduled__2025-12-31T00:00:00+00:00', '--job-id', '961', '--raw', '--subdir', 'DAGS_FOLDER/tt_cty_bctc.py', '--cfg-path', '/tmp/tmpxlsbfixu', '--map-index', '130']
[2026-01-01T02:13:19.482+0000] {standard_task_runner.py:91} INFO - Job 961: Subtask ingest_bctc
[2026-01-01T02:13:19.655+0000] {task_command.py:426} INFO - Running <TaskInstance: thongtin_cty_bctc.ingest_bctc scheduled__2025-12-31T00:00:00+00:00 map_index=130 [running]> on host 43b0a0f7606b
[2026-01-01T02:13:20.959+0000] {taskinstance.py:2648} INFO - Exporting env vars: AIRFLOW_CTX_DAG_OWNER='***' AIRFLOW_CTX_DAG_ID='thongtin_cty_bctc' AIRFLOW_CTX_TASK_ID='ingest_bctc' AIRFLOW_CTX_EXECUTION_DATE='2025-12-31T00:00:00+00:00' AIRFLOW_CTX_TRY_NUMBER='1' AIRFLOW_CTX_DAG_RUN_ID='scheduled__2025-12-31T00:00:00+00:00'
[2026-01-01T02:13:20.969+0000] {taskinstance.py:430} INFO - ::endgroup::
[2026-01-01T02:13:21.122+0000] {logging_mixin.py:188} INFO - Bắt đầu xử lý batch 5 mã: ['PRO', 'PRE', 'PRC', 'PQN', 'PPY']
[2026-01-01T02:13:21.123+0000] {logging_mixin.py:188} INFO -  >> Đang lấy dữ liệu: PRO
[2026-01-01T02:13:21.349+0000] {logging_mixin.py:188} INFO -  Lỗi xử lý mã PRO: Failed to fetch data: 429 - Too Many Requests
[2026-01-01T02:13:21.366+0000] {logging_mixin.py:188} INFO -  >> Đang lấy dữ liệu: PRE
[2026-01-01T02:13:21.996+0000] {logging_mixin.py:188} INFO -  Lỗi xử lý mã PRE: Failed to fetch data: 429 - Too Many Requests
[2026-01-01T02:13:22.000+0000] {logging_mixin.py:188} INFO -  >> Đang lấy dữ liệu: PRC
[2026-01-01T02:13:22.340+0000] {logging_mixin.py:188} INFO -  Lỗi xử lý mã PRC: Failed to fetch data: 429 - Too Many Requests
[2026-01-01T02:13:22.341+0000] {logging_mixin.py:188} INFO -  >> Đang lấy dữ liệu: PQN
[2026-01-01T02:13:22.558+0000] {logging_mixin.py:188} INFO -  Lỗi xử lý mã PQN: Failed to fetch data: 429 - Too Many Requests
[2026-01-01T02:13:22.562+0000] {logging_mixin.py:188} INFO -  >> Đang lấy dữ liệu: PPY
[2026-01-01T02:13:22.852+0000] {logging_mixin.py:188} INFO -  Lỗi xử lý mã PPY: Failed to fetch data: 429 - Too Many Requests
[2026-01-01T02:13:22.853+0000] {logging_mixin.py:188} INFO -  ⚠ Batch này không thu được dữ liệu nào.
[2026-01-01T02:13:22.858+0000] {datalake_df2csv.py:40} INFO - DataFrame rỗng, bỏ qua upload CSV.
[2026-01-01T02:13:22.862+0000] {taskinstance.py:441} INFO - ::group::Post task execution logs
[2026-01-01T02:13:22.879+0000] {taskinstance.py:1206} INFO - Marking task as SUCCESS. dag_id=thongtin_cty_bctc, task_id=ingest_bctc, run_id=scheduled__2025-12-31T00:00:00+00:00, map_index=130, execution_date=20251231T000000, start_date=20260101T021318, end_date=20260101T021322
[2026-01-01T02:13:22.992+0000] {local_task_job_runner.py:243} INFO - Task exited with return code 0
[2026-01-01T02:13:23.018+0000] {local_task_job_runner.py:222} INFO - ::endgroup::
