[2025-12-31T14:40:38.581+0000] {local_task_job_runner.py:120} INFO - ::group::Pre task execution logs
[2025-12-31T14:40:38.628+0000] {taskinstance.py:2076} INFO - Dependencies all met for dep_context=non-requeueable deps ti=<TaskInstance: thongtin_cty_bctc.ingest_bctc scheduled__2025-12-30T00:00:00+00:00 map_index=8 [queued]>
[2025-12-31T14:40:38.656+0000] {taskinstance.py:2076} INFO - Dependencies all met for dep_context=requeueable deps ti=<TaskInstance: thongtin_cty_bctc.ingest_bctc scheduled__2025-12-30T00:00:00+00:00 map_index=8 [queued]>
[2025-12-31T14:40:38.657+0000] {taskinstance.py:2306} INFO - Starting attempt 2 of 2
[2025-12-31T14:40:38.672+0000] {taskinstance.py:2330} INFO - Executing <Mapped(DfToCsvOperator): ingest_bctc> on 2025-12-30 00:00:00+00:00
[2025-12-31T14:40:38.682+0000] {warnings.py:112} WARNING - This process (pid=4742) is multi-threaded, use of fork() may lead to deadlocks in the child.

[2025-12-31T14:40:38.684+0000] {standard_task_runner.py:64} INFO - Started process 4792 to run task
[2025-12-31T14:40:38.685+0000] {standard_task_runner.py:90} INFO - Running: ['***', 'tasks', 'run', 'thongtin_cty_bctc', 'ingest_bctc', 'scheduled__2025-12-30T00:00:00+00:00', '--job-id', '376', '--raw', '--subdir', 'DAGS_FOLDER/tt_cty_bctc.py', '--cfg-path', '/tmp/tmp0uomaz1u', '--map-index', '8']
[2025-12-31T14:40:38.687+0000] {standard_task_runner.py:91} INFO - Job 376: Subtask ingest_bctc
[2025-12-31T14:40:38.736+0000] {task_command.py:426} INFO - Running <TaskInstance: thongtin_cty_bctc.ingest_bctc scheduled__2025-12-30T00:00:00+00:00 map_index=8 [running]> on host 8bc7f11ea9a4
[2025-12-31T14:40:38.858+0000] {taskinstance.py:2648} INFO - Exporting env vars: AIRFLOW_CTX_DAG_OWNER='***' AIRFLOW_CTX_DAG_ID='thongtin_cty_bctc' AIRFLOW_CTX_TASK_ID='ingest_bctc' AIRFLOW_CTX_EXECUTION_DATE='2025-12-30T00:00:00+00:00' AIRFLOW_CTX_TRY_NUMBER='2' AIRFLOW_CTX_DAG_RUN_ID='scheduled__2025-12-30T00:00:00+00:00'
[2025-12-31T14:40:38.860+0000] {taskinstance.py:430} INFO - ::endgroup::
[2025-12-31T14:40:38.869+0000] {logging_mixin.py:188} INFO - Bắt đầu xử lý batch 20 mã: ['VE2', 'VE1', 'VDT', 'VDS', 'VDP', 'VDN', 'VDM', 'VDL', 'VDG', 'VDB', 'VCX', 'VCW', 'VCT', 'VCS', 'VCR', 'VCP', 'VCM', 'VCK', 'VCI', 'VCG']
[2025-12-31T14:40:38.869+0000] {logging_mixin.py:188} INFO -  >> Đang lấy dữ liệu: VE2
[2025-12-31T14:40:39.066+0000] {logging_mixin.py:188} INFO -  Lỗi xử lý mã VE2: Failed to fetch data: 429 - Too Many Requests
[2025-12-31T14:40:39.067+0000] {logging_mixin.py:188} INFO -  >> Đang lấy dữ liệu: VE1
[2025-12-31T14:40:39.241+0000] {logging_mixin.py:188} INFO -  Lỗi xử lý mã VE1: Failed to fetch data: 429 - Too Many Requests
[2025-12-31T14:40:39.243+0000] {logging_mixin.py:188} INFO -  >> Đang lấy dữ liệu: VDT
[2025-12-31T14:40:39.396+0000] {logging_mixin.py:188} INFO -  Lỗi xử lý mã VDT: Failed to fetch data: 429 - Too Many Requests
[2025-12-31T14:40:39.397+0000] {logging_mixin.py:188} INFO -  >> Đang lấy dữ liệu: VDS
[2025-12-31T14:40:39.518+0000] {logging_mixin.py:188} INFO -  Lỗi xử lý mã VDS: Failed to fetch data: 429 - Too Many Requests
[2025-12-31T14:40:39.519+0000] {logging_mixin.py:188} INFO -  >> Đang lấy dữ liệu: VDP
[2025-12-31T14:40:39.660+0000] {logging_mixin.py:188} INFO -  Lỗi xử lý mã VDP: Failed to fetch data: 429 - Too Many Requests
[2025-12-31T14:40:39.661+0000] {logging_mixin.py:188} INFO -  >> Đang lấy dữ liệu: VDN
[2025-12-31T14:40:39.805+0000] {logging_mixin.py:188} INFO -  Lỗi xử lý mã VDN: Failed to fetch data: 429 - Too Many Requests
[2025-12-31T14:40:39.806+0000] {logging_mixin.py:188} INFO -  >> Đang lấy dữ liệu: VDM
[2025-12-31T14:40:39.924+0000] {logging_mixin.py:188} INFO -  Lỗi xử lý mã VDM: Failed to fetch data: 429 - Too Many Requests
[2025-12-31T14:40:39.925+0000] {logging_mixin.py:188} INFO -  >> Đang lấy dữ liệu: VDL
[2025-12-31T14:40:40.038+0000] {logging_mixin.py:188} INFO -  Lỗi xử lý mã VDL: Failed to fetch data: 429 - Too Many Requests
[2025-12-31T14:40:40.039+0000] {logging_mixin.py:188} INFO -  >> Đang lấy dữ liệu: VDG
[2025-12-31T14:40:40.161+0000] {logging_mixin.py:188} INFO -  Lỗi xử lý mã VDG: Failed to fetch data: 429 - Too Many Requests
[2025-12-31T14:40:40.162+0000] {logging_mixin.py:188} INFO -  >> Đang lấy dữ liệu: VDB
[2025-12-31T14:40:40.285+0000] {logging_mixin.py:188} INFO -  Lỗi xử lý mã VDB: Failed to fetch data: 429 - Too Many Requests
[2025-12-31T14:40:40.286+0000] {logging_mixin.py:188} INFO -  >> Đang lấy dữ liệu: VCX
[2025-12-31T14:40:40.425+0000] {logging_mixin.py:188} INFO -  Lỗi xử lý mã VCX: Failed to fetch data: 429 - Too Many Requests
[2025-12-31T14:40:40.426+0000] {logging_mixin.py:188} INFO -  >> Đang lấy dữ liệu: VCW
[2025-12-31T14:40:40.543+0000] {logging_mixin.py:188} INFO -  Lỗi xử lý mã VCW: Failed to fetch data: 429 - Too Many Requests
[2025-12-31T14:40:40.544+0000] {logging_mixin.py:188} INFO -  >> Đang lấy dữ liệu: VCT
[2025-12-31T14:40:40.668+0000] {logging_mixin.py:188} INFO -  Lỗi xử lý mã VCT: Failed to fetch data: 429 - Too Many Requests
[2025-12-31T14:40:40.669+0000] {logging_mixin.py:188} INFO -  >> Đang lấy dữ liệu: VCS
[2025-12-31T14:40:40.781+0000] {logging_mixin.py:188} INFO -  Lỗi xử lý mã VCS: Failed to fetch data: 429 - Too Many Requests
[2025-12-31T14:40:40.782+0000] {logging_mixin.py:188} INFO -  >> Đang lấy dữ liệu: VCR
[2025-12-31T14:40:40.893+0000] {logging_mixin.py:188} INFO -  Lỗi xử lý mã VCR: Failed to fetch data: 429 - Too Many Requests
[2025-12-31T14:40:40.894+0000] {logging_mixin.py:188} INFO -  >> Đang lấy dữ liệu: VCP
[2025-12-31T14:40:40.999+0000] {logging_mixin.py:188} INFO -  Lỗi xử lý mã VCP: Failed to fetch data: 429 - Too Many Requests
[2025-12-31T14:40:41.000+0000] {logging_mixin.py:188} INFO -  >> Đang lấy dữ liệu: VCM
[2025-12-31T14:40:41.112+0000] {logging_mixin.py:188} INFO -  Lỗi xử lý mã VCM: Failed to fetch data: 429 - Too Many Requests
[2025-12-31T14:40:41.113+0000] {logging_mixin.py:188} INFO -  >> Đang lấy dữ liệu: VCK
[2025-12-31T14:40:41.244+0000] {logging_mixin.py:188} INFO -  Lỗi xử lý mã VCK: Failed to fetch data: 429 - Too Many Requests
[2025-12-31T14:40:41.245+0000] {logging_mixin.py:188} INFO -  >> Đang lấy dữ liệu: VCI
[2025-12-31T14:40:41.365+0000] {logging_mixin.py:188} INFO -  Lỗi xử lý mã VCI: Failed to fetch data: 429 - Too Many Requests
[2025-12-31T14:40:41.366+0000] {logging_mixin.py:188} INFO -  >> Đang lấy dữ liệu: VCG
[2025-12-31T14:40:41.486+0000] {logging_mixin.py:188} INFO -  Lỗi xử lý mã VCG: Failed to fetch data: 429 - Too Many Requests
[2025-12-31T14:40:41.487+0000] {logging_mixin.py:188} INFO -  ⚠ Batch này không thu được dữ liệu nào.
[2025-12-31T14:40:41.492+0000] {datalake_df2csv.py:40} INFO - DataFrame rỗng, bỏ qua upload CSV.
[2025-12-31T14:40:41.492+0000] {taskinstance.py:441} INFO - ::group::Post task execution logs
[2025-12-31T14:40:41.501+0000] {taskinstance.py:1206} INFO - Marking task as SUCCESS. dag_id=thongtin_cty_bctc, task_id=ingest_bctc, run_id=scheduled__2025-12-30T00:00:00+00:00, map_index=8, execution_date=20251230T000000, start_date=20251231T144038, end_date=20251231T144041
[2025-12-31T14:40:41.746+0000] {local_task_job_runner.py:243} INFO - Task exited with return code 0
[2025-12-31T14:40:41.760+0000] {taskinstance.py:3503} INFO - 0 downstream tasks scheduled from follow-on schedule check
[2025-12-31T14:40:41.762+0000] {local_task_job_runner.py:222} INFO - ::endgroup::
