[2026-01-12T15:26:33.099+0000] {local_task_job_runner.py:120} INFO - ::group::Pre task execution logs
[2026-01-12T15:26:33.166+0000] {taskinstance.py:2076} INFO - Dependencies all met for dep_context=non-requeueable deps ti=<TaskInstance: financial_ratios_etl.ingest_financial_ratios manual__2026-01-12T15:14:43+00:00 map_index=757 [queued]>
[2026-01-12T15:26:33.217+0000] {taskinstance.py:2076} INFO - Dependencies all met for dep_context=requeueable deps ti=<TaskInstance: financial_ratios_etl.ingest_financial_ratios manual__2026-01-12T15:14:43+00:00 map_index=757 [queued]>
[2026-01-12T15:26:33.218+0000] {taskinstance.py:2306} INFO - Starting attempt 1 of 2
[2026-01-12T15:26:33.231+0000] {taskinstance.py:2330} INFO - Executing <Mapped(DfToCsvOperator): ingest_financial_ratios> on 2026-01-12 15:14:43+00:00
[2026-01-12T15:26:33.243+0000] {warnings.py:112} WARNING - This process (pid=9978) is multi-threaded, use of fork() may lead to deadlocks in the child.

[2026-01-12T15:26:33.245+0000] {standard_task_runner.py:64} INFO - Started process 10043 to run task
[2026-01-12T15:26:33.247+0000] {standard_task_runner.py:90} INFO - Running: ['***', 'tasks', 'run', 'financial_ratios_etl', 'ingest_financial_ratios', 'manual__2026-01-12T15:14:43+00:00', '--job-id', '14463', '--raw', '--subdir', 'DAGS_FOLDER/financial_ratios_etl.py', '--cfg-path', '/tmp/tmp4onftr5r', '--map-index', '757']
[2026-01-12T15:26:33.250+0000] {standard_task_runner.py:91} INFO - Job 14463: Subtask ingest_financial_ratios
[2026-01-12T15:26:33.303+0000] {task_command.py:426} INFO - Running <TaskInstance: financial_ratios_etl.ingest_financial_ratios manual__2026-01-12T15:14:43+00:00 map_index=757 [running]> on host 5a20a797a43c
[2026-01-12T15:26:33.433+0000] {taskinstance.py:2648} INFO - Exporting env vars: AIRFLOW_CTX_DAG_OWNER='***' AIRFLOW_CTX_DAG_ID='financial_ratios_etl' AIRFLOW_CTX_TASK_ID='ingest_financial_ratios' AIRFLOW_CTX_EXECUTION_DATE='2026-01-12T15:14:43+00:00' AIRFLOW_CTX_TRY_NUMBER='1' AIRFLOW_CTX_DAG_RUN_ID='manual__2026-01-12T15:14:43+00:00'
[2026-01-12T15:26:33.435+0000] {taskinstance.py:430} INFO - ::endgroup::
[2026-01-12T15:26:33.443+0000] {logging_mixin.py:188} INFO - [RATIO] Bắt đầu xử lý batch 2 mã: ['CDR', 'CDP']
[2026-01-12T15:26:33.444+0000] {logging_mixin.py:188} INFO - [RATIO] Kỳ dữ liệu: quarter
[2026-01-12T15:26:33.444+0000] {logging_mixin.py:188} INFO -  >> [RATIO] Đang lấy dữ liệu: CDR
[2026-01-12T15:26:38.213+0000] {logging_mixin.py:188} INFO - ❌ Lỗi CDR: RetryError[<Future at 0x7f68d5f242c0 state=finished raised KeyError>]
[2026-01-12T15:26:38.214+0000] {logging_mixin.py:188} INFO -  ⚠️ [RATIO] CDR: No data from API
[2026-01-12T15:26:40.216+0000] {logging_mixin.py:188} INFO -  >> [RATIO] Đang lấy dữ liệu: CDP
[2026-01-12T15:26:40.924+0000] {logging_mixin.py:188} INFO -  ✓ [RATIO] CDP: 31 rows
[2026-01-12T15:26:42.925+0000] {logging_mixin.py:188} INFO -  ✅ [RATIO] Hoàn thành batch. Tổng số dòng: 31
[2026-01-12T15:26:42.946+0000] {base.py:84} INFO - Using connection ID 'minio_finance' for task execution.
[2026-01-12T15:26:42.947+0000] {connection_wrapper.py:384} INFO - AWS Connection (conn_id='minio_finance', conn_type='aws') credentials retrieved from login and password.
[2026-01-12T15:26:43.679+0000] {datalake_df2csv.py:52} INFO - ✅ Đã upload 31 dòng -> s3://thongtin-congty-va-bctc/financial_ratios/2026-01-12/batch_757.csv
[2026-01-12T15:26:43.680+0000] {taskinstance.py:441} INFO - ::group::Post task execution logs
[2026-01-12T15:26:43.692+0000] {taskinstance.py:1206} INFO - Marking task as SUCCESS. dag_id=financial_ratios_etl, task_id=ingest_financial_ratios, run_id=manual__2026-01-12T15:14:43+00:00, map_index=757, execution_date=20260112T151443, start_date=20260112T152633, end_date=20260112T152643
[2026-01-12T15:26:43.733+0000] {local_task_job_runner.py:243} INFO - Task exited with return code 0
[2026-01-12T15:26:43.749+0000] {taskinstance.py:3503} INFO - 0 downstream tasks scheduled from follow-on schedule check
[2026-01-12T15:26:43.752+0000] {local_task_job_runner.py:222} INFO - ::endgroup::
