[2026-01-11T03:25:33.209+0000] {local_task_job_runner.py:120} INFO - ::group::Pre task execution logs
[2026-01-11T03:25:33.235+0000] {taskinstance.py:2076} INFO - Dependencies all met for dep_context=non-requeueable deps ti=<TaskInstance: bctc.verify_upload scheduled__2026-01-04T00:00:00+00:00 [queued]>
[2026-01-11T03:25:33.253+0000] {taskinstance.py:2076} INFO - Dependencies all met for dep_context=requeueable deps ti=<TaskInstance: bctc.verify_upload scheduled__2026-01-04T00:00:00+00:00 [queued]>
[2026-01-11T03:25:33.253+0000] {taskinstance.py:2306} INFO - Starting attempt 1 of 2
[2026-01-11T03:25:33.269+0000] {taskinstance.py:2330} INFO - Executing <Task(_PythonDecoratedOperator): verify_upload> on 2026-01-04 00:00:00+00:00
[2026-01-11T03:25:33.281+0000] {warnings.py:112} WARNING - This process (pid=4398) is multi-threaded, use of fork() may lead to deadlocks in the child.

[2026-01-11T03:25:33.282+0000] {standard_task_runner.py:64} INFO - Started process 4421 to run task
[2026-01-11T03:25:33.285+0000] {standard_task_runner.py:90} INFO - Running: ['***', 'tasks', 'run', 'bctc', 'verify_upload', 'scheduled__2026-01-04T00:00:00+00:00', '--job-id', '9997', '--raw', '--subdir', 'DAGS_FOLDER/tt_cty_bctc.py', '--cfg-path', '/tmp/tmpvcph4wel']
[2026-01-11T03:25:33.286+0000] {standard_task_runner.py:91} INFO - Job 9997: Subtask verify_upload
[2026-01-11T03:25:33.338+0000] {task_command.py:426} INFO - Running <TaskInstance: bctc.verify_upload scheduled__2026-01-04T00:00:00+00:00 [running]> on host 3f2af93df813
[2026-01-11T03:25:33.421+0000] {taskinstance.py:2648} INFO - Exporting env vars: AIRFLOW_CTX_DAG_OWNER='***' AIRFLOW_CTX_DAG_ID='bctc' AIRFLOW_CTX_TASK_ID='verify_upload' AIRFLOW_CTX_EXECUTION_DATE='2026-01-04T00:00:00+00:00' AIRFLOW_CTX_TRY_NUMBER='1' AIRFLOW_CTX_DAG_RUN_ID='scheduled__2026-01-04T00:00:00+00:00'
[2026-01-11T03:25:33.422+0000] {taskinstance.py:430} INFO - ::endgroup::
[2026-01-11T03:25:33.431+0000] {base.py:84} INFO - Using connection ID 'minio_finance' for task execution.
[2026-01-11T03:25:33.432+0000] {connection_wrapper.py:384} INFO - AWS Connection (conn_id='minio_finance', conn_type='aws') credentials retrieved from login and password.
[2026-01-11T03:25:34.157+0000] {tt_cty_bctc.py:65} INFO - Kiểm tra upload batch 0 -> bctc/2026-01-04/batch_0.csv: MISSING
[2026-01-11T03:25:34.170+0000] {tt_cty_bctc.py:65} INFO - Kiểm tra upload batch 1 -> bctc/2026-01-04/batch_1.csv: OK
[2026-01-11T03:25:34.180+0000] {tt_cty_bctc.py:65} INFO - Kiểm tra upload batch 2 -> bctc/2026-01-04/batch_2.csv: OK
[2026-01-11T03:25:34.189+0000] {tt_cty_bctc.py:65} INFO - Kiểm tra upload batch 3 -> bctc/2026-01-04/batch_3.csv: OK
[2026-01-11T03:25:34.198+0000] {tt_cty_bctc.py:65} INFO - Kiểm tra upload batch 4 -> bctc/2026-01-04/batch_4.csv: OK
[2026-01-11T03:25:34.208+0000] {tt_cty_bctc.py:65} INFO - Kiểm tra upload batch 5 -> bctc/2026-01-04/batch_5.csv: OK
[2026-01-11T03:25:34.217+0000] {tt_cty_bctc.py:65} INFO - Kiểm tra upload batch 6 -> bctc/2026-01-04/batch_6.csv: OK
[2026-01-11T03:25:34.226+0000] {tt_cty_bctc.py:65} INFO - Kiểm tra upload batch 7 -> bctc/2026-01-04/batch_7.csv: OK
[2026-01-11T03:25:34.237+0000] {tt_cty_bctc.py:65} INFO - Kiểm tra upload batch 8 -> bctc/2026-01-04/batch_8.csv: OK
[2026-01-11T03:25:34.246+0000] {tt_cty_bctc.py:65} INFO - Kiểm tra upload batch 9 -> bctc/2026-01-04/batch_9.csv: OK
[2026-01-11T03:25:34.256+0000] {tt_cty_bctc.py:65} INFO - Kiểm tra upload batch 10 -> bctc/2026-01-04/batch_10.csv: OK
[2026-01-11T03:25:34.268+0000] {tt_cty_bctc.py:65} INFO - Kiểm tra upload batch 11 -> bctc/2026-01-04/batch_11.csv: OK
[2026-01-11T03:25:34.278+0000] {tt_cty_bctc.py:65} INFO - Kiểm tra upload batch 12 -> bctc/2026-01-04/batch_12.csv: OK
[2026-01-11T03:25:34.287+0000] {tt_cty_bctc.py:65} INFO - Kiểm tra upload batch 13 -> bctc/2026-01-04/batch_13.csv: OK
[2026-01-11T03:25:34.296+0000] {tt_cty_bctc.py:65} INFO - Kiểm tra upload batch 14 -> bctc/2026-01-04/batch_14.csv: OK
[2026-01-11T03:25:34.306+0000] {tt_cty_bctc.py:65} INFO - Kiểm tra upload batch 15 -> bctc/2026-01-04/batch_15.csv: OK
[2026-01-11T03:25:34.315+0000] {tt_cty_bctc.py:65} INFO - Kiểm tra upload batch 16 -> bctc/2026-01-04/batch_16.csv: MISSING
[2026-01-11T03:25:34.324+0000] {tt_cty_bctc.py:65} INFO - Kiểm tra upload batch 17 -> bctc/2026-01-04/batch_17.csv: MISSING
[2026-01-11T03:25:34.332+0000] {tt_cty_bctc.py:65} INFO - Kiểm tra upload batch 18 -> bctc/2026-01-04/batch_18.csv: MISSING
[2026-01-11T03:25:34.342+0000] {tt_cty_bctc.py:65} INFO - Kiểm tra upload batch 19 -> bctc/2026-01-04/batch_19.csv: MISSING
[2026-01-11T03:25:34.350+0000] {tt_cty_bctc.py:65} INFO - Kiểm tra upload batch 20 -> bctc/2026-01-04/batch_20.csv: MISSING
[2026-01-11T03:25:34.357+0000] {tt_cty_bctc.py:65} INFO - Kiểm tra upload batch 21 -> bctc/2026-01-04/batch_21.csv: MISSING
[2026-01-11T03:25:34.364+0000] {tt_cty_bctc.py:65} INFO - Kiểm tra upload batch 22 -> bctc/2026-01-04/batch_22.csv: MISSING
[2026-01-11T03:25:34.372+0000] {tt_cty_bctc.py:65} INFO - Kiểm tra upload batch 23 -> bctc/2026-01-04/batch_23.csv: MISSING
[2026-01-11T03:25:34.380+0000] {tt_cty_bctc.py:65} INFO - Kiểm tra upload batch 24 -> bctc/2026-01-04/batch_24.csv: MISSING
[2026-01-11T03:25:34.388+0000] {tt_cty_bctc.py:65} INFO - Kiểm tra upload batch 25 -> bctc/2026-01-04/batch_25.csv: MISSING
[2026-01-11T03:25:34.395+0000] {tt_cty_bctc.py:65} INFO - Kiểm tra upload batch 26 -> bctc/2026-01-04/batch_26.csv: MISSING
[2026-01-11T03:25:34.402+0000] {tt_cty_bctc.py:65} INFO - Kiểm tra upload batch 27 -> bctc/2026-01-04/batch_27.csv: MISSING
[2026-01-11T03:25:34.410+0000] {tt_cty_bctc.py:65} INFO - Kiểm tra upload batch 28 -> bctc/2026-01-04/batch_28.csv: MISSING
[2026-01-11T03:25:34.418+0000] {tt_cty_bctc.py:65} INFO - Kiểm tra upload batch 29 -> bctc/2026-01-04/batch_29.csv: MISSING
[2026-01-11T03:25:34.426+0000] {tt_cty_bctc.py:65} INFO - Kiểm tra upload batch 30 -> bctc/2026-01-04/batch_30.csv: MISSING
[2026-01-11T03:25:34.434+0000] {tt_cty_bctc.py:65} INFO - Kiểm tra upload batch 31 -> bctc/2026-01-04/batch_31.csv: MISSING
[2026-01-11T03:25:34.443+0000] {tt_cty_bctc.py:65} INFO - Kiểm tra upload batch 32 -> bctc/2026-01-04/batch_32.csv: MISSING
[2026-01-11T03:25:34.451+0000] {tt_cty_bctc.py:65} INFO - Kiểm tra upload batch 33 -> bctc/2026-01-04/batch_33.csv: MISSING
[2026-01-11T03:25:34.459+0000] {tt_cty_bctc.py:65} INFO - Kiểm tra upload batch 34 -> bctc/2026-01-04/batch_34.csv: MISSING
[2026-01-11T03:25:34.466+0000] {tt_cty_bctc.py:65} INFO - Kiểm tra upload batch 35 -> bctc/2026-01-04/batch_35.csv: MISSING
[2026-01-11T03:25:34.474+0000] {tt_cty_bctc.py:65} INFO - Kiểm tra upload batch 36 -> bctc/2026-01-04/batch_36.csv: MISSING
[2026-01-11T03:25:34.483+0000] {tt_cty_bctc.py:65} INFO - Kiểm tra upload batch 37 -> bctc/2026-01-04/batch_37.csv: MISSING
[2026-01-11T03:25:34.491+0000] {tt_cty_bctc.py:65} INFO - Kiểm tra upload batch 38 -> bctc/2026-01-04/batch_38.csv: MISSING
[2026-01-11T03:25:34.499+0000] {tt_cty_bctc.py:65} INFO - Kiểm tra upload batch 39 -> bctc/2026-01-04/batch_39.csv: MISSING
[2026-01-11T03:25:34.507+0000] {tt_cty_bctc.py:65} INFO - Kiểm tra upload batch 40 -> bctc/2026-01-04/batch_40.csv: MISSING
[2026-01-11T03:25:34.516+0000] {tt_cty_bctc.py:65} INFO - Kiểm tra upload batch 41 -> bctc/2026-01-04/batch_41.csv: MISSING
[2026-01-11T03:25:34.525+0000] {tt_cty_bctc.py:65} INFO - Kiểm tra upload batch 42 -> bctc/2026-01-04/batch_42.csv: MISSING
[2026-01-11T03:25:34.533+0000] {tt_cty_bctc.py:65} INFO - Kiểm tra upload batch 43 -> bctc/2026-01-04/batch_43.csv: MISSING
[2026-01-11T03:25:34.540+0000] {tt_cty_bctc.py:65} INFO - Kiểm tra upload batch 44 -> bctc/2026-01-04/batch_44.csv: MISSING
[2026-01-11T03:25:34.547+0000] {tt_cty_bctc.py:65} INFO - Kiểm tra upload batch 45 -> bctc/2026-01-04/batch_45.csv: MISSING
[2026-01-11T03:25:34.554+0000] {tt_cty_bctc.py:65} INFO - Kiểm tra upload batch 46 -> bctc/2026-01-04/batch_46.csv: MISSING
[2026-01-11T03:25:34.561+0000] {tt_cty_bctc.py:65} INFO - Kiểm tra upload batch 47 -> bctc/2026-01-04/batch_47.csv: MISSING
[2026-01-11T03:25:34.570+0000] {tt_cty_bctc.py:65} INFO - Kiểm tra upload batch 48 -> bctc/2026-01-04/batch_48.csv: MISSING
[2026-01-11T03:25:34.579+0000] {tt_cty_bctc.py:65} INFO - Kiểm tra upload batch 49 -> bctc/2026-01-04/batch_49.csv: MISSING
[2026-01-11T03:25:34.587+0000] {tt_cty_bctc.py:65} INFO - Kiểm tra upload batch 50 -> bctc/2026-01-04/batch_50.csv: MISSING
[2026-01-11T03:25:34.595+0000] {tt_cty_bctc.py:65} INFO - Kiểm tra upload batch 51 -> bctc/2026-01-04/batch_51.csv: MISSING
[2026-01-11T03:25:34.602+0000] {tt_cty_bctc.py:65} INFO - Kiểm tra upload batch 52 -> bctc/2026-01-04/batch_52.csv: MISSING
[2026-01-11T03:25:34.608+0000] {tt_cty_bctc.py:65} INFO - Kiểm tra upload batch 53 -> bctc/2026-01-04/batch_53.csv: MISSING
[2026-01-11T03:25:34.615+0000] {tt_cty_bctc.py:65} INFO - Kiểm tra upload batch 54 -> bctc/2026-01-04/batch_54.csv: MISSING
[2026-01-11T03:25:34.621+0000] {tt_cty_bctc.py:65} INFO - Kiểm tra upload batch 55 -> bctc/2026-01-04/batch_55.csv: MISSING
[2026-01-11T03:25:34.628+0000] {tt_cty_bctc.py:65} INFO - Kiểm tra upload batch 56 -> bctc/2026-01-04/batch_56.csv: MISSING
[2026-01-11T03:25:34.638+0000] {tt_cty_bctc.py:65} INFO - Kiểm tra upload batch 57 -> bctc/2026-01-04/batch_57.csv: MISSING
[2026-01-11T03:25:34.647+0000] {tt_cty_bctc.py:65} INFO - Kiểm tra upload batch 58 -> bctc/2026-01-04/batch_58.csv: MISSING
[2026-01-11T03:25:34.663+0000] {tt_cty_bctc.py:65} INFO - Kiểm tra upload batch 59 -> bctc/2026-01-04/batch_59.csv: MISSING
[2026-01-11T03:25:34.674+0000] {tt_cty_bctc.py:65} INFO - Kiểm tra upload batch 60 -> bctc/2026-01-04/batch_60.csv: MISSING
[2026-01-11T03:25:34.681+0000] {tt_cty_bctc.py:65} INFO - Kiểm tra upload batch 61 -> bctc/2026-01-04/batch_61.csv: MISSING
[2026-01-11T03:25:34.688+0000] {tt_cty_bctc.py:65} INFO - Kiểm tra upload batch 62 -> bctc/2026-01-04/batch_62.csv: MISSING
[2026-01-11T03:25:34.695+0000] {tt_cty_bctc.py:65} INFO - Kiểm tra upload batch 63 -> bctc/2026-01-04/batch_63.csv: MISSING
[2026-01-11T03:25:34.702+0000] {tt_cty_bctc.py:65} INFO - Kiểm tra upload batch 64 -> bctc/2026-01-04/batch_64.csv: MISSING
[2026-01-11T03:25:34.708+0000] {tt_cty_bctc.py:65} INFO - Kiểm tra upload batch 65 -> bctc/2026-01-04/batch_65.csv: MISSING
[2026-01-11T03:25:34.714+0000] {tt_cty_bctc.py:65} INFO - Kiểm tra upload batch 66 -> bctc/2026-01-04/batch_66.csv: MISSING
[2026-01-11T03:25:34.721+0000] {tt_cty_bctc.py:65} INFO - Kiểm tra upload batch 67 -> bctc/2026-01-04/batch_67.csv: MISSING
[2026-01-11T03:25:34.728+0000] {tt_cty_bctc.py:65} INFO - Kiểm tra upload batch 68 -> bctc/2026-01-04/batch_68.csv: MISSING
[2026-01-11T03:25:34.735+0000] {tt_cty_bctc.py:65} INFO - Kiểm tra upload batch 69 -> bctc/2026-01-04/batch_69.csv: MISSING
[2026-01-11T03:25:34.742+0000] {tt_cty_bctc.py:65} INFO - Kiểm tra upload batch 70 -> bctc/2026-01-04/batch_70.csv: MISSING
[2026-01-11T03:25:34.748+0000] {tt_cty_bctc.py:65} INFO - Kiểm tra upload batch 71 -> bctc/2026-01-04/batch_71.csv: MISSING
[2026-01-11T03:25:34.756+0000] {tt_cty_bctc.py:65} INFO - Kiểm tra upload batch 72 -> bctc/2026-01-04/batch_72.csv: MISSING
[2026-01-11T03:25:34.763+0000] {tt_cty_bctc.py:65} INFO - Kiểm tra upload batch 73 -> bctc/2026-01-04/batch_73.csv: MISSING
[2026-01-11T03:25:34.770+0000] {tt_cty_bctc.py:65} INFO - Kiểm tra upload batch 74 -> bctc/2026-01-04/batch_74.csv: MISSING
[2026-01-11T03:25:34.776+0000] {tt_cty_bctc.py:65} INFO - Kiểm tra upload batch 75 -> bctc/2026-01-04/batch_75.csv: MISSING
[2026-01-11T03:25:34.783+0000] {tt_cty_bctc.py:65} INFO - Kiểm tra upload batch 76 -> bctc/2026-01-04/batch_76.csv: MISSING
[2026-01-11T03:25:34.790+0000] {tt_cty_bctc.py:65} INFO - Kiểm tra upload batch 77 -> bctc/2026-01-04/batch_77.csv: MISSING
[2026-01-11T03:25:34.797+0000] {tt_cty_bctc.py:65} INFO - Kiểm tra upload batch 78 -> bctc/2026-01-04/batch_78.csv: MISSING
[2026-01-11T03:25:34.804+0000] {tt_cty_bctc.py:65} INFO - Kiểm tra upload batch 79 -> bctc/2026-01-04/batch_79.csv: MISSING
[2026-01-11T03:25:34.810+0000] {tt_cty_bctc.py:65} INFO - Kiểm tra upload batch 80 -> bctc/2026-01-04/batch_80.csv: MISSING
[2026-01-11T03:25:34.817+0000] {tt_cty_bctc.py:65} INFO - Kiểm tra upload batch 81 -> bctc/2026-01-04/batch_81.csv: MISSING
[2026-01-11T03:25:34.824+0000] {tt_cty_bctc.py:65} INFO - Kiểm tra upload batch 82 -> bctc/2026-01-04/batch_82.csv: MISSING
[2026-01-11T03:25:34.831+0000] {tt_cty_bctc.py:65} INFO - Kiểm tra upload batch 83 -> bctc/2026-01-04/batch_83.csv: MISSING
[2026-01-11T03:25:34.838+0000] {tt_cty_bctc.py:65} INFO - Kiểm tra upload batch 84 -> bctc/2026-01-04/batch_84.csv: MISSING
[2026-01-11T03:25:34.843+0000] {tt_cty_bctc.py:65} INFO - Kiểm tra upload batch 85 -> bctc/2026-01-04/batch_85.csv: MISSING
[2026-01-11T03:25:34.849+0000] {tt_cty_bctc.py:65} INFO - Kiểm tra upload batch 86 -> bctc/2026-01-04/batch_86.csv: MISSING
[2026-01-11T03:25:34.849+0000] {tt_cty_bctc.py:70} WARNING - Các file chưa thấy trên MinIO: ['bctc/2026-01-04/batch_0.csv', 'bctc/2026-01-04/batch_16.csv', 'bctc/2026-01-04/batch_17.csv', 'bctc/2026-01-04/batch_18.csv', 'bctc/2026-01-04/batch_19.csv', 'bctc/2026-01-04/batch_20.csv', 'bctc/2026-01-04/batch_21.csv', 'bctc/2026-01-04/batch_22.csv', 'bctc/2026-01-04/batch_23.csv', 'bctc/2026-01-04/batch_24.csv', 'bctc/2026-01-04/batch_25.csv', 'bctc/2026-01-04/batch_26.csv', 'bctc/2026-01-04/batch_27.csv', 'bctc/2026-01-04/batch_28.csv', 'bctc/2026-01-04/batch_29.csv', 'bctc/2026-01-04/batch_30.csv', 'bctc/2026-01-04/batch_31.csv', 'bctc/2026-01-04/batch_32.csv', 'bctc/2026-01-04/batch_33.csv', 'bctc/2026-01-04/batch_34.csv', 'bctc/2026-01-04/batch_35.csv', 'bctc/2026-01-04/batch_36.csv', 'bctc/2026-01-04/batch_37.csv', 'bctc/2026-01-04/batch_38.csv', 'bctc/2026-01-04/batch_39.csv', 'bctc/2026-01-04/batch_40.csv', 'bctc/2026-01-04/batch_41.csv', 'bctc/2026-01-04/batch_42.csv', 'bctc/2026-01-04/batch_43.csv', 'bctc/2026-01-04/batch_44.csv', 'bctc/2026-01-04/batch_45.csv', 'bctc/2026-01-04/batch_46.csv', 'bctc/2026-01-04/batch_47.csv', 'bctc/2026-01-04/batch_48.csv', 'bctc/2026-01-04/batch_49.csv', 'bctc/2026-01-04/batch_50.csv', 'bctc/2026-01-04/batch_51.csv', 'bctc/2026-01-04/batch_52.csv', 'bctc/2026-01-04/batch_53.csv', 'bctc/2026-01-04/batch_54.csv', 'bctc/2026-01-04/batch_55.csv', 'bctc/2026-01-04/batch_56.csv', 'bctc/2026-01-04/batch_57.csv', 'bctc/2026-01-04/batch_58.csv', 'bctc/2026-01-04/batch_59.csv', 'bctc/2026-01-04/batch_60.csv', 'bctc/2026-01-04/batch_61.csv', 'bctc/2026-01-04/batch_62.csv', 'bctc/2026-01-04/batch_63.csv', 'bctc/2026-01-04/batch_64.csv', 'bctc/2026-01-04/batch_65.csv', 'bctc/2026-01-04/batch_66.csv', 'bctc/2026-01-04/batch_67.csv', 'bctc/2026-01-04/batch_68.csv', 'bctc/2026-01-04/batch_69.csv', 'bctc/2026-01-04/batch_70.csv', 'bctc/2026-01-04/batch_71.csv', 'bctc/2026-01-04/batch_72.csv', 'bctc/2026-01-04/batch_73.csv', 'bctc/2026-01-04/batch_74.csv', 'bctc/2026-01-04/batch_75.csv', 'bctc/2026-01-04/batch_76.csv', 'bctc/2026-01-04/batch_77.csv', 'bctc/2026-01-04/batch_78.csv', 'bctc/2026-01-04/batch_79.csv', 'bctc/2026-01-04/batch_80.csv', 'bctc/2026-01-04/batch_81.csv', 'bctc/2026-01-04/batch_82.csv', 'bctc/2026-01-04/batch_83.csv', 'bctc/2026-01-04/batch_84.csv', 'bctc/2026-01-04/batch_85.csv', 'bctc/2026-01-04/batch_86.csv']
[2026-01-11T03:25:34.850+0000] {python.py:237} INFO - Done. Returned value was: None
[2026-01-11T03:25:34.850+0000] {taskinstance.py:441} INFO - ::group::Post task execution logs
[2026-01-11T03:25:34.857+0000] {taskinstance.py:1206} INFO - Marking task as SUCCESS. dag_id=bctc, task_id=verify_upload, run_id=scheduled__2026-01-04T00:00:00+00:00, execution_date=20260104T000000, start_date=20260111T032533, end_date=20260111T032534
[2026-01-11T03:25:34.902+0000] {local_task_job_runner.py:243} INFO - Task exited with return code 0
[2026-01-11T03:25:34.915+0000] {taskinstance.py:3503} INFO - 0 downstream tasks scheduled from follow-on schedule check
[2026-01-11T03:25:34.917+0000] {local_task_job_runner.py:222} INFO - ::endgroup::
