[2026-01-01T02:15:12.218+0000] {local_task_job_runner.py:120} INFO - ::group::Pre task execution logs
[2026-01-01T02:15:12.308+0000] {taskinstance.py:2076} INFO - Dependencies all met for dep_context=non-requeueable deps ti=<TaskInstance: thongtin_cty_bctc.ingest_bctc scheduled__2025-12-31T00:00:00+00:00 map_index=4 [queued]>
[2026-01-01T02:15:12.369+0000] {taskinstance.py:2076} INFO - Dependencies all met for dep_context=requeueable deps ti=<TaskInstance: thongtin_cty_bctc.ingest_bctc scheduled__2025-12-31T00:00:00+00:00 map_index=4 [queued]>
[2026-01-01T02:15:12.371+0000] {taskinstance.py:2306} INFO - Starting attempt 2 of 2
[2026-01-01T02:15:12.394+0000] {taskinstance.py:2330} INFO - Executing <Mapped(DfToCsvOperator): ingest_bctc> on 2025-12-31 00:00:00+00:00
[2026-01-01T02:15:12.409+0000] {warnings.py:112} WARNING - This process (pid=6422) is multi-threaded, use of fork() may lead to deadlocks in the child.

[2026-01-01T02:15:12.414+0000] {standard_task_runner.py:64} INFO - Started process 6559 to run task
[2026-01-01T02:15:12.413+0000] {standard_task_runner.py:90} INFO - Running: ['***', 'tasks', 'run', 'thongtin_cty_bctc', 'ingest_bctc', 'scheduled__2025-12-31T00:00:00+00:00', '--job-id', '1140', '--raw', '--subdir', 'DAGS_FOLDER/tt_cty_bctc.py', '--cfg-path', '/tmp/tmpsw9_jlmy', '--map-index', '4']
[2026-01-01T02:15:12.416+0000] {standard_task_runner.py:91} INFO - Job 1140: Subtask ingest_bctc
[2026-01-01T02:15:12.517+0000] {task_command.py:426} INFO - Running <TaskInstance: thongtin_cty_bctc.ingest_bctc scheduled__2025-12-31T00:00:00+00:00 map_index=4 [running]> on host 43b0a0f7606b
[2026-01-01T02:15:12.700+0000] {taskinstance.py:2648} INFO - Exporting env vars: AIRFLOW_CTX_DAG_OWNER='***' AIRFLOW_CTX_DAG_ID='thongtin_cty_bctc' AIRFLOW_CTX_TASK_ID='ingest_bctc' AIRFLOW_CTX_EXECUTION_DATE='2025-12-31T00:00:00+00:00' AIRFLOW_CTX_TRY_NUMBER='2' AIRFLOW_CTX_DAG_RUN_ID='scheduled__2025-12-31T00:00:00+00:00'
[2026-01-01T02:15:12.701+0000] {taskinstance.py:430} INFO - ::endgroup::
[2026-01-01T02:15:12.716+0000] {logging_mixin.py:188} INFO - Bắt đầu xử lý batch 5 mã: ['VXP', 'VXB', 'VWS', 'VW3', 'VVS']
[2026-01-01T02:15:12.717+0000] {logging_mixin.py:188} INFO -  >> Đang lấy dữ liệu: VXP
[2026-01-01T02:15:12.899+0000] {logging_mixin.py:188} INFO -  Lỗi xử lý mã VXP: Failed to fetch data: 429 - Too Many Requests
[2026-01-01T02:15:12.901+0000] {logging_mixin.py:188} INFO -  >> Đang lấy dữ liệu: VXB
[2026-01-01T02:15:13.023+0000] {logging_mixin.py:188} INFO -  Lỗi xử lý mã VXB: Failed to fetch data: 429 - Too Many Requests
[2026-01-01T02:15:13.024+0000] {logging_mixin.py:188} INFO -  >> Đang lấy dữ liệu: VWS
[2026-01-01T02:15:13.163+0000] {logging_mixin.py:188} INFO -  Lỗi xử lý mã VWS: Failed to fetch data: 429 - Too Many Requests
[2026-01-01T02:15:13.164+0000] {logging_mixin.py:188} INFO -  >> Đang lấy dữ liệu: VW3
[2026-01-01T02:15:13.319+0000] {logging_mixin.py:188} INFO -  Lỗi xử lý mã VW3: Failed to fetch data: 429 - Too Many Requests
[2026-01-01T02:15:13.321+0000] {logging_mixin.py:188} INFO -  >> Đang lấy dữ liệu: VVS
[2026-01-01T02:15:13.448+0000] {logging_mixin.py:188} INFO -  Lỗi xử lý mã VVS: Failed to fetch data: 429 - Too Many Requests
[2026-01-01T02:15:13.450+0000] {logging_mixin.py:188} INFO -  ⚠ Batch này không thu được dữ liệu nào.
[2026-01-01T02:15:13.454+0000] {datalake_df2csv.py:40} INFO - DataFrame rỗng, bỏ qua upload CSV.
[2026-01-01T02:15:13.457+0000] {taskinstance.py:441} INFO - ::group::Post task execution logs
[2026-01-01T02:15:13.471+0000] {taskinstance.py:1206} INFO - Marking task as SUCCESS. dag_id=thongtin_cty_bctc, task_id=ingest_bctc, run_id=scheduled__2025-12-31T00:00:00+00:00, map_index=4, execution_date=20251231T000000, start_date=20260101T021512, end_date=20260101T021513
[2026-01-01T02:15:13.532+0000] {local_task_job_runner.py:243} INFO - Task exited with return code 0
[2026-01-01T02:15:13.546+0000] {local_task_job_runner.py:222} INFO - ::endgroup::
