[2025-12-31T14:35:43.802+0000] {local_task_job_runner.py:120} INFO - ::group::Pre task execution logs
[2025-12-31T14:35:43.832+0000] {taskinstance.py:2076} INFO - Dependencies all met for dep_context=non-requeueable deps ti=<TaskInstance: thongtin_cty_bctc.ingest_overview scheduled__2025-12-30T00:00:00+00:00 map_index=21 [queued]>
[2025-12-31T14:35:43.847+0000] {taskinstance.py:2076} INFO - Dependencies all met for dep_context=requeueable deps ti=<TaskInstance: thongtin_cty_bctc.ingest_overview scheduled__2025-12-30T00:00:00+00:00 map_index=21 [queued]>
[2025-12-31T14:35:43.848+0000] {taskinstance.py:2306} INFO - Starting attempt 1 of 2
[2025-12-31T14:35:43.868+0000] {taskinstance.py:2330} INFO - Executing <Mapped(DfToCsvOperator): ingest_overview> on 2025-12-30 00:00:00+00:00
[2025-12-31T14:35:43.880+0000] {warnings.py:112} WARNING - This process (pid=1329) is multi-threaded, use of fork() may lead to deadlocks in the child.

[2025-12-31T14:35:43.881+0000] {standard_task_runner.py:64} INFO - Started process 1381 to run task
[2025-12-31T14:35:43.884+0000] {standard_task_runner.py:90} INFO - Running: ['***', 'tasks', 'run', 'thongtin_cty_bctc', 'ingest_overview', 'scheduled__2025-12-30T00:00:00+00:00', '--job-id', '71', '--raw', '--subdir', 'DAGS_FOLDER/tt_cty_bctc.py', '--cfg-path', '/tmp/tmpoom5rwzy', '--map-index', '21']
[2025-12-31T14:35:43.886+0000] {standard_task_runner.py:91} INFO - Job 71: Subtask ingest_overview
[2025-12-31T14:35:43.953+0000] {task_command.py:426} INFO - Running <TaskInstance: thongtin_cty_bctc.ingest_overview scheduled__2025-12-30T00:00:00+00:00 map_index=21 [running]> on host 8bc7f11ea9a4
[2025-12-31T14:35:44.087+0000] {taskinstance.py:2648} INFO - Exporting env vars: AIRFLOW_CTX_DAG_OWNER='***' AIRFLOW_CTX_DAG_ID='thongtin_cty_bctc' AIRFLOW_CTX_TASK_ID='ingest_overview' AIRFLOW_CTX_EXECUTION_DATE='2025-12-30T00:00:00+00:00' AIRFLOW_CTX_TRY_NUMBER='1' AIRFLOW_CTX_DAG_RUN_ID='scheduled__2025-12-30T00:00:00+00:00'
[2025-12-31T14:35:44.088+0000] {taskinstance.py:430} INFO - ::endgroup::
[2025-12-31T14:35:44.419+0000] {logging_mixin.py:188} INFO - Err overview SSC: Failed to fetch data: 429 - Too Many Requests
[2025-12-31T14:35:44.573+0000] {logging_mixin.py:188} INFO - Err overview SSB: Failed to fetch data: 429 - Too Many Requests
[2025-12-31T14:35:44.752+0000] {logging_mixin.py:188} INFO - Err overview SRT: Failed to fetch data: 429 - Too Many Requests
[2025-12-31T14:35:44.920+0000] {logging_mixin.py:188} INFO - Err overview SRF: Failed to fetch data: 429 - Too Many Requests
[2025-12-31T14:35:45.067+0000] {logging_mixin.py:188} INFO - Err overview SRC: Failed to fetch data: 429 - Too Many Requests
[2025-12-31T14:36:06.113+0000] {log.py:232} WARNING - 2025-12-31 14:36:06 - vnstock.core.utils.client - ERROR - API request failed: HTTPSConnectionPool(host='trading.vietcap.com.vn', port=443): Max retries exceeded with url: /data-mt/graphql (Caused by NewConnectionError('<urllib3.connection.HTTPSConnection object at 0x7f68aca80140>: Failed to establish a new connection: [Errno 111] Connection refused'))
[2025-12-31T14:36:06.113+0000] {client.py:414} ERROR - API request failed: HTTPSConnectionPool(host='trading.vietcap.com.vn', port=443): Max retries exceeded with url: /data-mt/graphql (Caused by NewConnectionError('<urllib3.connection.HTTPSConnection object at 0x7f68aca80140>: Failed to establish a new connection: [Errno 111] Connection refused'))
[2025-12-31T14:36:06.115+0000] {logging_mixin.py:188} INFO - Err overview SRB: API request failed: HTTPSConnectionPool(host='trading.vietcap.com.vn', port=443): Max retries exceeded with url: /data-mt/graphql (Caused by NewConnectionError('<urllib3.connection.HTTPSConnection object at 0x7f68aca80140>: Failed to establish a new connection: [Errno 111] Connection refused'))
[2025-12-31T14:36:06.431+0000] {logging_mixin.py:188} INFO - Err overview SRA: Failed to fetch data: 429 - Too Many Requests
[2025-12-31T14:36:06.902+0000] {logging_mixin.py:188} INFO - Err overview SQC: Failed to fetch data: 429 - Too Many Requests
[2025-12-31T14:36:07.227+0000] {logging_mixin.py:188} INFO - Err overview SPV: Failed to fetch data: 429 - Too Many Requests
[2025-12-31T14:36:07.528+0000] {logging_mixin.py:188} INFO - Err overview SPP: Failed to fetch data: 429 - Too Many Requests
[2025-12-31T14:36:07.727+0000] {logging_mixin.py:188} INFO - Err overview SPM: Failed to fetch data: 429 - Too Many Requests
[2025-12-31T14:36:07.933+0000] {logging_mixin.py:188} INFO - Err overview SPI: Failed to fetch data: 429 - Too Many Requests
[2025-12-31T14:36:08.213+0000] {logging_mixin.py:188} INFO - Err overview SPH: Failed to fetch data: 429 - Too Many Requests
[2025-12-31T14:36:08.393+0000] {logging_mixin.py:188} INFO - Err overview SPD: Failed to fetch data: 429 - Too Many Requests
[2025-12-31T14:36:08.572+0000] {logging_mixin.py:188} INFO - Err overview SPC: Failed to fetch data: 429 - Too Many Requests
[2025-12-31T14:36:08.745+0000] {logging_mixin.py:188} INFO - Err overview SPB: Failed to fetch data: 429 - Too Many Requests
[2025-12-31T14:36:09.336+0000] {logging_mixin.py:188} INFO - Err overview SPA: Failed to fetch data: 429 - Too Many Requests
[2025-12-31T14:36:09.515+0000] {logging_mixin.py:188} INFO - Err overview SP2: Failed to fetch data: 429 - Too Many Requests
[2025-12-31T14:36:09.743+0000] {logging_mixin.py:188} INFO - Err overview SON: Failed to fetch data: 429 - Too Many Requests
[2025-12-31T14:36:09.894+0000] {logging_mixin.py:188} INFO - Err overview SNZ: Failed to fetch data: 429 - Too Many Requests
[2025-12-31T14:36:09.899+0000] {datalake_df2csv.py:40} INFO - DataFrame rỗng, bỏ qua upload CSV.
[2025-12-31T14:36:09.900+0000] {taskinstance.py:441} INFO - ::group::Post task execution logs
[2025-12-31T14:36:09.914+0000] {taskinstance.py:1206} INFO - Marking task as SUCCESS. dag_id=thongtin_cty_bctc, task_id=ingest_overview, run_id=scheduled__2025-12-30T00:00:00+00:00, map_index=21, execution_date=20251230T000000, start_date=20251231T143543, end_date=20251231T143609
[2025-12-31T14:36:09.954+0000] {local_task_job_runner.py:243} INFO - Task exited with return code 0
[2025-12-31T14:36:09.978+0000] {taskinstance.py:3503} INFO - 0 downstream tasks scheduled from follow-on schedule check
[2025-12-31T14:36:09.983+0000] {local_task_job_runner.py:222} INFO - ::endgroup::
