[2026-01-01T08:56:29.951+0000] {local_task_job_runner.py:120} INFO - ::group::Pre task execution logs
[2026-01-01T08:56:29.992+0000] {taskinstance.py:2076} INFO - Dependencies all met for dep_context=non-requeueable deps ti=<TaskInstance: thongtin_cty_bctc.ingest_overview manual__2026-01-01T00:00:00+00:00 map_index=79 [queued]>
[2026-01-01T08:56:30.026+0000] {taskinstance.py:2076} INFO - Dependencies all met for dep_context=requeueable deps ti=<TaskInstance: thongtin_cty_bctc.ingest_overview manual__2026-01-01T00:00:00+00:00 map_index=79 [queued]>
[2026-01-01T08:56:30.026+0000] {taskinstance.py:2306} INFO - Starting attempt 1 of 2
[2026-01-01T08:56:30.045+0000] {taskinstance.py:2330} INFO - Executing <Mapped(DfToCsvOperator): ingest_overview> on 2026-01-01 00:00:00+00:00
[2026-01-01T08:56:30.059+0000] {warnings.py:112} WARNING - This process (pid=3672) is multi-threaded, use of fork() may lead to deadlocks in the child.

[2026-01-01T08:56:30.061+0000] {standard_task_runner.py:64} INFO - Started process 3714 to run task
[2026-01-01T08:56:30.063+0000] {standard_task_runner.py:90} INFO - Running: ['***', 'tasks', 'run', 'thongtin_cty_bctc', 'ingest_overview', 'manual__2026-01-01T00:00:00+00:00', '--job-id', '4077', '--raw', '--subdir', 'DAGS_FOLDER/tt_cty_bctc.py', '--cfg-path', '/tmp/tmpralvx06r', '--map-index', '79']
[2026-01-01T08:56:30.065+0000] {standard_task_runner.py:91} INFO - Job 4077: Subtask ingest_overview
[2026-01-01T08:56:30.121+0000] {task_command.py:426} INFO - Running <TaskInstance: thongtin_cty_bctc.ingest_overview manual__2026-01-01T00:00:00+00:00 map_index=79 [running]> on host b455963a0603
[2026-01-01T08:56:30.260+0000] {taskinstance.py:2648} INFO - Exporting env vars: AIRFLOW_CTX_DAG_OWNER='***' AIRFLOW_CTX_DAG_ID='thongtin_cty_bctc' AIRFLOW_CTX_TASK_ID='ingest_overview' AIRFLOW_CTX_EXECUTION_DATE='2026-01-01T00:00:00+00:00' AIRFLOW_CTX_TRY_NUMBER='1' AIRFLOW_CTX_DAG_RUN_ID='manual__2026-01-01T00:00:00+00:00'
[2026-01-01T08:56:30.261+0000] {taskinstance.py:430} INFO - ::endgroup::
[2026-01-01T08:56:30.568+0000] {warnings.py:112} WARNING - DataFrame.applymap has been deprecated. Use DataFrame.map instead.

[2026-01-01T08:56:31.906+0000] {warnings.py:112} WARNING - DataFrame.applymap has been deprecated. Use DataFrame.map instead.

[2026-01-01T08:56:33.206+0000] {warnings.py:112} WARNING - DataFrame.applymap has been deprecated. Use DataFrame.map instead.

[2026-01-01T08:56:34.468+0000] {base.py:84} INFO - Using connection ID 'minio_finance' for task execution.
[2026-01-01T08:56:34.469+0000] {connection_wrapper.py:384} INFO - AWS Connection (conn_id='minio_finance', conn_type='aws') credentials retrieved from login and password.
[2026-01-01T08:56:34.846+0000] {datalake_df2csv.py:53} INFO - ✅ Đã upload 3 dòng -> s3://thongtin-congty-va-bctc/overview/2026-01-01/batch_79.csv
[2026-01-01T08:56:34.847+0000] {taskinstance.py:441} INFO - ::group::Post task execution logs
[2026-01-01T08:56:34.857+0000] {taskinstance.py:1206} INFO - Marking task as SUCCESS. dag_id=thongtin_cty_bctc, task_id=ingest_overview, run_id=manual__2026-01-01T00:00:00+00:00, map_index=79, execution_date=20260101T000000, start_date=20260101T085629, end_date=20260101T085634
[2026-01-01T08:56:35.094+0000] {local_task_job_runner.py:243} INFO - Task exited with return code 0
[2026-01-01T08:56:35.383+0000] {taskinstance.py:3503} INFO - 0 downstream tasks scheduled from follow-on schedule check
[2026-01-01T08:56:35.387+0000] {local_task_job_runner.py:222} INFO - ::endgroup::
