[2026-01-12T15:15:04.575+0000] {local_task_job_runner.py:120} INFO - ::group::Pre task execution logs
[2026-01-12T15:15:04.624+0000] {taskinstance.py:2076} INFO - Dependencies all met for dep_context=non-requeueable deps ti=<TaskInstance: financial_ratios_etl.ingest_financial_ratios manual__2026-01-12T15:14:43+00:00 map_index=10 [queued]>
[2026-01-12T15:15:04.643+0000] {taskinstance.py:2076} INFO - Dependencies all met for dep_context=requeueable deps ti=<TaskInstance: financial_ratios_etl.ingest_financial_ratios manual__2026-01-12T15:14:43+00:00 map_index=10 [queued]>
[2026-01-12T15:15:04.644+0000] {taskinstance.py:2306} INFO - Starting attempt 1 of 2
[2026-01-12T15:15:04.678+0000] {taskinstance.py:2330} INFO - Executing <Mapped(DfToCsvOperator): ingest_financial_ratios> on 2026-01-12 15:14:43+00:00
[2026-01-12T15:15:04.693+0000] {warnings.py:112} WARNING - This process (pid=115) is multi-threaded, use of fork() may lead to deadlocks in the child.

[2026-01-12T15:15:04.694+0000] {standard_task_runner.py:64} INFO - Started process 286 to run task
[2026-01-12T15:15:04.699+0000] {standard_task_runner.py:90} INFO - Running: ['***', 'tasks', 'run', 'financial_ratios_etl', 'ingest_financial_ratios', 'manual__2026-01-12T15:14:43+00:00', '--job-id', '13718', '--raw', '--subdir', 'DAGS_FOLDER/financial_ratios_etl.py', '--cfg-path', '/tmp/tmpno198oaw', '--map-index', '10']
[2026-01-12T15:15:04.709+0000] {standard_task_runner.py:91} INFO - Job 13718: Subtask ingest_financial_ratios
[2026-01-12T15:15:04.797+0000] {task_command.py:426} INFO - Running <TaskInstance: financial_ratios_etl.ingest_financial_ratios manual__2026-01-12T15:14:43+00:00 map_index=10 [running]> on host 5a20a797a43c
[2026-01-12T15:15:04.947+0000] {taskinstance.py:2648} INFO - Exporting env vars: AIRFLOW_CTX_DAG_OWNER='***' AIRFLOW_CTX_DAG_ID='financial_ratios_etl' AIRFLOW_CTX_TASK_ID='ingest_financial_ratios' AIRFLOW_CTX_EXECUTION_DATE='2026-01-12T15:14:43+00:00' AIRFLOW_CTX_TRY_NUMBER='1' AIRFLOW_CTX_DAG_RUN_ID='manual__2026-01-12T15:14:43+00:00'
[2026-01-12T15:15:04.948+0000] {taskinstance.py:430} INFO - ::endgroup::
[2026-01-12T15:15:04.957+0000] {logging_mixin.py:188} INFO - [RATIO] Bắt đầu xử lý batch 2 mã: ['VXP', 'VXB']
[2026-01-12T15:15:04.957+0000] {logging_mixin.py:188} INFO - [RATIO] Kỳ dữ liệu: quarter
[2026-01-12T15:15:04.958+0000] {logging_mixin.py:188} INFO -  >> [RATIO] Đang lấy dữ liệu: VXP
[2026-01-12T15:15:06.217+0000] {logging_mixin.py:188} INFO -  ✓ [RATIO] VXP: 1 rows
[2026-01-12T15:15:08.218+0000] {logging_mixin.py:188} INFO -  >> [RATIO] Đang lấy dữ liệu: VXB
[2026-01-12T15:15:09.294+0000] {logging_mixin.py:188} INFO -  ✓ [RATIO] VXB: 37 rows
[2026-01-12T15:15:11.302+0000] {logging_mixin.py:188} INFO -  ✅ [RATIO] Hoàn thành batch. Tổng số dòng: 38
[2026-01-12T15:15:11.329+0000] {base.py:84} INFO - Using connection ID 'minio_finance' for task execution.
[2026-01-12T15:15:11.330+0000] {connection_wrapper.py:384} INFO - AWS Connection (conn_id='minio_finance', conn_type='aws') credentials retrieved from login and password.
[2026-01-12T15:15:12.082+0000] {datalake_df2csv.py:52} INFO - ✅ Đã upload 38 dòng -> s3://thongtin-congty-va-bctc/financial_ratios/2026-01-12/batch_10.csv
[2026-01-12T15:15:12.084+0000] {taskinstance.py:441} INFO - ::group::Post task execution logs
[2026-01-12T15:15:12.099+0000] {taskinstance.py:1206} INFO - Marking task as SUCCESS. dag_id=financial_ratios_etl, task_id=ingest_financial_ratios, run_id=manual__2026-01-12T15:14:43+00:00, map_index=10, execution_date=20260112T151443, start_date=20260112T151504, end_date=20260112T151512
[2026-01-12T15:15:12.170+0000] {local_task_job_runner.py:243} INFO - Task exited with return code 0
[2026-01-12T15:15:12.182+0000] {local_task_job_runner.py:222} INFO - ::endgroup::
