[2026-01-12T13:43:11.110+0000] {local_task_job_runner.py:120} INFO - ::group::Pre task execution logs
[2026-01-12T13:43:11.176+0000] {taskinstance.py:2076} INFO - Dependencies all met for dep_context=non-requeueable deps ti=<TaskInstance: daily_price_collection.persist_daily_price_batch manual__2026-01-12T13:29:07+00:00 map_index=160 [queued]>
[2026-01-12T13:43:11.238+0000] {taskinstance.py:2076} INFO - Dependencies all met for dep_context=requeueable deps ti=<TaskInstance: daily_price_collection.persist_daily_price_batch manual__2026-01-12T13:29:07+00:00 map_index=160 [queued]>
[2026-01-12T13:43:11.246+0000] {taskinstance.py:2306} INFO - Starting attempt 2 of 2
[2026-01-12T13:43:11.318+0000] {taskinstance.py:2330} INFO - Executing <Mapped(_PythonDecoratedOperator): persist_daily_price_batch> on 2026-01-12 13:29:07+00:00
[2026-01-12T13:43:11.347+0000] {warnings.py:112} WARNING - This process (pid=8710) is multi-threaded, use of fork() may lead to deadlocks in the child.

[2026-01-12T13:43:11.362+0000] {standard_task_runner.py:64} INFO - Started process 8868 to run task
[2026-01-12T13:43:11.366+0000] {standard_task_runner.py:90} INFO - Running: ['***', 'tasks', 'run', 'daily_price_collection', 'persist_daily_price_batch', 'manual__2026-01-12T13:29:07+00:00', '--job-id', '11425', '--raw', '--subdir', 'DAGS_FOLDER/daily_price_collection.py', '--cfg-path', '/tmp/tmp_6qv2rfk', '--map-index', '160']
[2026-01-12T13:43:11.383+0000] {standard_task_runner.py:91} INFO - Job 11425: Subtask persist_daily_price_batch
[2026-01-12T13:43:11.640+0000] {task_command.py:426} INFO - Running <TaskInstance: daily_price_collection.persist_daily_price_batch manual__2026-01-12T13:29:07+00:00 map_index=160 [running]> on host 5a20a797a43c
[2026-01-12T13:43:11.903+0000] {taskinstance.py:2905} ERROR - Task failed with exception
Traceback (most recent call last):
  File "/home/airflow/.local/lib/python3.12/site-packages/airflow/models/taskinstance.py", line 2479, in _run_raw_task
    self._execute_task_with_callbacks(context, test_mode, session=session)
  File "/home/airflow/.local/lib/python3.12/site-packages/airflow/models/taskinstance.py", line 2633, in _execute_task_with_callbacks
    task_orig = self.render_templates(context=context, jinja_env=jinja_env)
                ^^^^^^^^^^^^^^^^^^^^^^^^^^^^^^^^^^^^^^^^^^^^^^^^^^^^^^^^^^^
  File "/home/airflow/.local/lib/python3.12/site-packages/airflow/models/taskinstance.py", line 3094, in render_templates
    original_task.render_template_fields(context, jinja_env)
  File "/home/airflow/.local/lib/python3.12/site-packages/airflow/models/mappedoperator.py", line 830, in render_template_fields
    unmapped_task = self.unmap(mapped_kwargs)
                    ^^^^^^^^^^^^^^^^^^^^^^^^^
  File "/home/airflow/.local/lib/python3.12/site-packages/airflow/models/mappedoperator.py", line 747, in unmap
    op = self.operator_class(**kwargs, _airflow_from_mapped=True)
         ^^^^^^^^^^^^^^^^^^^^^^^^^^^^^^^^^^^^^^^^^^^^^^^^^^^^^^^^
  File "/home/airflow/.local/lib/python3.12/site-packages/airflow/models/baseoperator.py", line 485, in apply_defaults
    result = func(self, **kwargs, default_args=default_args)
             ^^^^^^^^^^^^^^^^^^^^^^^^^^^^^^^^^^^^^^^^^^^^^^^
  File "/home/airflow/.local/lib/python3.12/site-packages/airflow/decorators/python.py", line 52, in __init__
    super().__init__(
  File "/home/airflow/.local/lib/python3.12/site-packages/airflow/models/baseoperator.py", line 485, in apply_defaults
    result = func(self, **kwargs, default_args=default_args)
             ^^^^^^^^^^^^^^^^^^^^^^^^^^^^^^^^^^^^^^^^^^^^^^^
  File "/home/airflow/.local/lib/python3.12/site-packages/airflow/decorators/base.py", line 253, in __init__
    signature.bind(*op_args, **op_kwargs)
  File "/usr/local/lib/python3.12/inspect.py", line 3267, in bind
    return self._bind(args, kwargs)
           ^^^^^^^^^^^^^^^^^^^^^^^^
  File "/usr/local/lib/python3.12/inspect.py", line 3180, in _bind
    raise TypeError(msg) from None
TypeError: missing a required argument: 'symbols'
[2026-01-12T13:43:11.935+0000] {taskinstance.py:2953} ERROR - Unable to unmap task to determine if we need to send an alert email
[2026-01-12T13:43:11.938+0000] {taskinstance.py:1206} INFO - Marking task as FAILED. dag_id=daily_price_collection, task_id=persist_daily_price_batch, run_id=manual__2026-01-12T13:29:07+00:00, map_index=160, execution_date=20260112T132907, start_date=20260112T134311, end_date=20260112T134311
[2026-01-12T13:43:11.964+0000] {standard_task_runner.py:110} ERROR - Failed to execute job 11425 for task persist_daily_price_batch (missing a required argument: 'symbols'; 8868)
[2026-01-12T13:43:12.032+0000] {local_task_job_runner.py:243} INFO - Task exited with return code 1
[2026-01-12T13:43:12.099+0000] {taskinstance.py:3503} INFO - 0 downstream tasks scheduled from follow-on schedule check
[2026-01-12T13:43:12.103+0000] {local_task_job_runner.py:222} INFO - ::endgroup::
