[2026-01-01T08:56:03.393+0000] {local_task_job_runner.py:120} INFO - ::group::Pre task execution logs
[2026-01-01T08:56:03.436+0000] {taskinstance.py:2076} INFO - Dependencies all met for dep_context=non-requeueable deps ti=<TaskInstance: thongtin_cty_bctc.ingest_bctc manual__2026-01-01T00:00:00+00:00 map_index=71 [queued]>
[2026-01-01T08:56:03.464+0000] {taskinstance.py:2076} INFO - Dependencies all met for dep_context=requeueable deps ti=<TaskInstance: thongtin_cty_bctc.ingest_bctc manual__2026-01-01T00:00:00+00:00 map_index=71 [queued]>
[2026-01-01T08:56:03.465+0000] {taskinstance.py:2306} INFO - Starting attempt 1 of 2
[2026-01-01T08:56:03.482+0000] {taskinstance.py:2330} INFO - Executing <Mapped(DfToCsvOperator): ingest_bctc> on 2026-01-01 00:00:00+00:00
[2026-01-01T08:56:03.494+0000] {warnings.py:112} WARNING - This process (pid=3399) is multi-threaded, use of fork() may lead to deadlocks in the child.

[2026-01-01T08:56:03.496+0000] {standard_task_runner.py:64} INFO - Started process 3450 to run task
[2026-01-01T08:56:03.498+0000] {standard_task_runner.py:90} INFO - Running: ['***', 'tasks', 'run', 'thongtin_cty_bctc', 'ingest_bctc', 'manual__2026-01-01T00:00:00+00:00', '--job-id', '4056', '--raw', '--subdir', 'DAGS_FOLDER/tt_cty_bctc.py', '--cfg-path', '/tmp/tmp3pjlh606', '--map-index', '71']
[2026-01-01T08:56:03.500+0000] {standard_task_runner.py:91} INFO - Job 4056: Subtask ingest_bctc
[2026-01-01T08:56:03.560+0000] {task_command.py:426} INFO - Running <TaskInstance: thongtin_cty_bctc.ingest_bctc manual__2026-01-01T00:00:00+00:00 map_index=71 [running]> on host b455963a0603
[2026-01-01T08:56:03.684+0000] {taskinstance.py:2648} INFO - Exporting env vars: AIRFLOW_CTX_DAG_OWNER='***' AIRFLOW_CTX_DAG_ID='thongtin_cty_bctc' AIRFLOW_CTX_TASK_ID='ingest_bctc' AIRFLOW_CTX_EXECUTION_DATE='2026-01-01T00:00:00+00:00' AIRFLOW_CTX_TRY_NUMBER='1' AIRFLOW_CTX_DAG_RUN_ID='manual__2026-01-01T00:00:00+00:00'
[2026-01-01T08:56:03.685+0000] {taskinstance.py:430} INFO - ::endgroup::
[2026-01-01T08:56:03.694+0000] {logging_mixin.py:188} INFO - Bắt đầu xử lý batch 3 mã: ['UEM', 'UDL', 'UDJ']
[2026-01-01T08:56:03.695+0000] {logging_mixin.py:188} INFO -  >> Đang lấy dữ liệu: UEM
[2026-01-01T08:56:06.723+0000] {logging_mixin.py:188} INFO -  >> Đang lấy dữ liệu: UDL
[2026-01-01T08:56:11.615+0000] {logging_mixin.py:188} INFO - ❌ Lỗi income_statement: RetryError[<Future at 0x7f268546e8a0 state=finished raised KeyError>]
[2026-01-01T08:56:16.113+0000] {logging_mixin.py:188} INFO - ❌ Lỗi balance_sheet: RetryError[<Future at 0x7f2684047bc0 state=finished raised KeyError>]
[2026-01-01T08:56:20.542+0000] {logging_mixin.py:188} INFO - ❌ Lỗi cash_flow: RetryError[<Future at 0x7f2684046cf0 state=finished raised KeyError>]
[2026-01-01T08:56:21.543+0000] {logging_mixin.py:188} INFO -  >> Đang lấy dữ liệu: UDJ
[2026-01-01T08:56:24.517+0000] {logging_mixin.py:188} INFO -  ✓ Hoàn thành batch. Tổng số dòng: 4092
[2026-01-01T08:56:24.550+0000] {base.py:84} INFO - Using connection ID 'minio_finance' for task execution.
[2026-01-01T08:56:24.551+0000] {connection_wrapper.py:384} INFO - AWS Connection (conn_id='minio_finance', conn_type='aws') credentials retrieved from login and password.
[2026-01-01T08:56:25.011+0000] {datalake_df2csv.py:53} INFO - ✅ Đã upload 4092 dòng -> s3://thongtin-congty-va-bctc/bctc/2026-01-01/batch_71.csv
[2026-01-01T08:56:25.015+0000] {taskinstance.py:441} INFO - ::group::Post task execution logs
[2026-01-01T08:56:25.030+0000] {taskinstance.py:1206} INFO - Marking task as SUCCESS. dag_id=thongtin_cty_bctc, task_id=ingest_bctc, run_id=manual__2026-01-01T00:00:00+00:00, map_index=71, execution_date=20260101T000000, start_date=20260101T085603, end_date=20260101T085625
[2026-01-01T08:56:25.105+0000] {local_task_job_runner.py:243} INFO - Task exited with return code 0
[2026-01-01T08:56:25.117+0000] {local_task_job_runner.py:222} INFO - ::endgroup::
