[2026-01-08T15:46:16.745+0000] {local_task_job_runner.py:120} INFO - ::group::Pre task execution logs
[2026-01-08T15:46:17.141+0000] {taskinstance.py:2076} INFO - Dependencies all met for dep_context=non-requeueable deps ti=<TaskInstance: history_price.ingest_history_price scheduled__2026-01-07T00:00:00+00:00 map_index=136 [queued]>
[2026-01-08T15:46:17.196+0000] {taskinstance.py:2076} INFO - Dependencies all met for dep_context=requeueable deps ti=<TaskInstance: history_price.ingest_history_price scheduled__2026-01-07T00:00:00+00:00 map_index=136 [queued]>
[2026-01-08T15:46:17.197+0000] {taskinstance.py:2306} INFO - Starting attempt 1 of 2
[2026-01-08T15:46:17.230+0000] {taskinstance.py:2330} INFO - Executing <Mapped(DfToCsvOperator): ingest_history_price> on 2026-01-07 00:00:00+00:00
[2026-01-08T15:46:17.246+0000] {warnings.py:112} WARNING - This process (pid=4273) is multi-threaded, use of fork() may lead to deadlocks in the child.

[2026-01-08T15:46:17.249+0000] {standard_task_runner.py:64} INFO - Started process 4375 to run task
[2026-01-08T15:46:17.252+0000] {standard_task_runner.py:90} INFO - Running: ['***', 'tasks', 'run', 'history_price', 'ingest_history_price', 'scheduled__2026-01-07T00:00:00+00:00', '--job-id', '7371', '--raw', '--subdir', 'DAGS_FOLDER/history_price.py', '--cfg-path', '/tmp/tmpdg8lwnxf', '--map-index', '136']
[2026-01-08T15:46:17.255+0000] {standard_task_runner.py:91} INFO - Job 7371: Subtask ingest_history_price
[2026-01-08T15:46:17.398+0000] {task_command.py:426} INFO - Running <TaskInstance: history_price.ingest_history_price scheduled__2026-01-07T00:00:00+00:00 map_index=136 [running]> on host 7568acf023da
[2026-01-08T15:46:17.618+0000] {taskinstance.py:2648} INFO - Exporting env vars: AIRFLOW_CTX_DAG_OWNER='***' AIRFLOW_CTX_DAG_ID='history_price' AIRFLOW_CTX_TASK_ID='ingest_history_price' AIRFLOW_CTX_EXECUTION_DATE='2026-01-07T00:00:00+00:00' AIRFLOW_CTX_TRY_NUMBER='1' AIRFLOW_CTX_DAG_RUN_ID='scheduled__2026-01-07T00:00:00+00:00'
[2026-01-08T15:46:17.619+0000] {taskinstance.py:430} INFO - ::endgroup::
[2026-01-08T15:46:21.318+0000] {base.py:84} INFO - Using connection ID 'minio_finance' for task execution.
[2026-01-08T15:46:21.320+0000] {connection_wrapper.py:384} INFO - AWS Connection (conn_id='minio_finance', conn_type='aws') credentials retrieved from login and password.
[2026-01-08T15:46:22.046+0000] {datalake_df2csv.py:52} INFO - ✅ Đã upload 40 dòng -> s3://thongtin-congty-va-bctc/history_price/2026-01-07/batch_136.csv
[2026-01-08T15:46:22.047+0000] {taskinstance.py:441} INFO - ::group::Post task execution logs
[2026-01-08T15:46:22.062+0000] {taskinstance.py:1206} INFO - Marking task as SUCCESS. dag_id=history_price, task_id=ingest_history_price, run_id=scheduled__2026-01-07T00:00:00+00:00, map_index=136, execution_date=20260107T000000, start_date=20260108T154617, end_date=20260108T154622
[2026-01-08T15:46:22.222+0000] {local_task_job_runner.py:243} INFO - Task exited with return code 0
[2026-01-08T15:46:22.255+0000] {taskinstance.py:3503} INFO - 0 downstream tasks scheduled from follow-on schedule check
[2026-01-08T15:46:22.261+0000] {local_task_job_runner.py:222} INFO - ::endgroup::
