[2026-01-12T13:30:49.156+0000] {local_task_job_runner.py:120} INFO - ::group::Pre task execution logs
[2026-01-12T13:30:49.203+0000] {taskinstance.py:2076} INFO - Dependencies all met for dep_context=non-requeueable deps ti=<TaskInstance: company_overview_to_minio.ingest_overview manual__2026-01-12T13:28:56.907705+00:00 map_index=25 [queued]>
[2026-01-12T13:30:49.223+0000] {taskinstance.py:2076} INFO - Dependencies all met for dep_context=requeueable deps ti=<TaskInstance: company_overview_to_minio.ingest_overview manual__2026-01-12T13:28:56.907705+00:00 map_index=25 [queued]>
[2026-01-12T13:30:49.224+0000] {taskinstance.py:2306} INFO - Starting attempt 1 of 2
[2026-01-12T13:30:49.251+0000] {taskinstance.py:2330} INFO - Executing <Mapped(DfToCsvOperator): ingest_overview> on 2026-01-12 13:28:56.907705+00:00
[2026-01-12T13:30:49.266+0000] {warnings.py:112} WARNING - This process (pid=827) is multi-threaded, use of fork() may lead to deadlocks in the child.

[2026-01-12T13:30:49.268+0000] {standard_task_runner.py:64} INFO - Started process 919 to run task
[2026-01-12T13:30:49.274+0000] {standard_task_runner.py:90} INFO - Running: ['***', 'tasks', 'run', 'company_overview_to_minio', 'ingest_overview', 'manual__2026-01-12T13:28:56.907705+00:00', '--job-id', '10777', '--raw', '--subdir', 'DAGS_FOLDER/company_overview_to_minio.py', '--cfg-path', '/tmp/tmp__evx567', '--map-index', '25']
[2026-01-12T13:30:49.280+0000] {standard_task_runner.py:91} INFO - Job 10777: Subtask ingest_overview
[2026-01-12T13:30:49.392+0000] {task_command.py:426} INFO - Running <TaskInstance: company_overview_to_minio.ingest_overview manual__2026-01-12T13:28:56.907705+00:00 map_index=25 [running]> on host 5a20a797a43c
[2026-01-12T13:30:49.659+0000] {taskinstance.py:2648} INFO - Exporting env vars: AIRFLOW_CTX_DAG_OWNER='***' AIRFLOW_CTX_DAG_ID='company_overview_to_minio' AIRFLOW_CTX_TASK_ID='ingest_overview' AIRFLOW_CTX_EXECUTION_DATE='2026-01-12T13:28:56.907705+00:00' AIRFLOW_CTX_TRY_NUMBER='1' AIRFLOW_CTX_DAG_RUN_ID='manual__2026-01-12T13:28:56.907705+00:00'
[2026-01-12T13:30:49.662+0000] {taskinstance.py:430} INFO - ::endgroup::
[2026-01-12T13:30:51.126+0000] {warnings.py:112} WARNING - DataFrame.applymap has been deprecated. Use DataFrame.map instead.

[2026-01-12T13:30:52.328+0000] {warnings.py:112} WARNING - DataFrame.applymap has been deprecated. Use DataFrame.map instead.

[2026-01-12T13:30:53.544+0000] {warnings.py:112} WARNING - DataFrame.applymap has been deprecated. Use DataFrame.map instead.

[2026-01-12T13:30:55.017+0000] {warnings.py:112} WARNING - DataFrame.applymap has been deprecated. Use DataFrame.map instead.

[2026-01-12T13:31:00.163+0000] {logging_mixin.py:188} INFO - Err overview SDH: RetryError[<Future at 0x7fef4c6daa20 state=finished raised AttributeError>]
[2026-01-12T13:31:01.490+0000] {warnings.py:112} WARNING - DataFrame.applymap has been deprecated. Use DataFrame.map instead.

[2026-01-12T13:31:02.680+0000] {warnings.py:112} WARNING - DataFrame.applymap has been deprecated. Use DataFrame.map instead.

[2026-01-12T13:31:03.843+0000] {warnings.py:112} WARNING - DataFrame.applymap has been deprecated. Use DataFrame.map instead.

[2026-01-12T13:31:08.997+0000] {logging_mixin.py:188} INFO - Err overview SDB: RetryError[<Future at 0x7fef37f4c3e0 state=finished raised AttributeError>]
[2026-01-12T13:31:10.144+0000] {warnings.py:112} WARNING - DataFrame.applymap has been deprecated. Use DataFrame.map instead.

[2026-01-12T13:31:11.367+0000] {warnings.py:112} WARNING - DataFrame.applymap has been deprecated. Use DataFrame.map instead.

[2026-01-12T13:31:16.636+0000] {logging_mixin.py:188} INFO - Err overview SD8: RetryError[<Future at 0x7fef37f3b650 state=finished raised AttributeError>]
[2026-01-12T13:31:18.177+0000] {warnings.py:112} WARNING - DataFrame.applymap has been deprecated. Use DataFrame.map instead.

[2026-01-12T13:31:19.574+0000] {warnings.py:112} WARNING - DataFrame.applymap has been deprecated. Use DataFrame.map instead.

[2026-01-12T13:31:21.189+0000] {warnings.py:112} WARNING - DataFrame.applymap has been deprecated. Use DataFrame.map instead.

[2026-01-12T13:31:22.538+0000] {warnings.py:112} WARNING - DataFrame.applymap has been deprecated. Use DataFrame.map instead.

[2026-01-12T13:31:23.796+0000] {warnings.py:112} WARNING - DataFrame.applymap has been deprecated. Use DataFrame.map instead.

[2026-01-12T13:31:25.074+0000] {warnings.py:112} WARNING - DataFrame.applymap has been deprecated. Use DataFrame.map instead.

[2026-01-12T13:31:31.104+0000] {logging_mixin.py:188} INFO - Err overview SD1: RetryError[<Future at 0x7fef37f3bfb0 state=finished raised AttributeError>]
[2026-01-12T13:31:32.286+0000] {warnings.py:112} WARNING - DataFrame.applymap has been deprecated. Use DataFrame.map instead.

[2026-01-12T13:31:33.315+0000] {base.py:84} INFO - Using connection ID 'minio_finance' for task execution.
[2026-01-12T13:31:33.316+0000] {connection_wrapper.py:384} INFO - AWS Connection (conn_id='minio_finance', conn_type='aws') credentials retrieved from login and password.
[2026-01-12T13:31:33.686+0000] {datalake_df2csv.py:52} INFO - ✅ Đã upload 16 dòng -> s3://thongtin-congty-va-bctc/overview/date=2026-01-12/batch_25.csv
[2026-01-12T13:31:33.687+0000] {taskinstance.py:441} INFO - ::group::Post task execution logs
[2026-01-12T13:31:33.698+0000] {taskinstance.py:1206} INFO - Marking task as SUCCESS. dag_id=company_overview_to_minio, task_id=ingest_overview, run_id=manual__2026-01-12T13:28:56.907705+00:00, map_index=25, execution_date=20260112T132856, start_date=20260112T133049, end_date=20260112T133133
[2026-01-12T13:31:33.747+0000] {local_task_job_runner.py:243} INFO - Task exited with return code 0
[2026-01-12T13:31:33.771+0000] {taskinstance.py:3503} INFO - 0 downstream tasks scheduled from follow-on schedule check
[2026-01-12T13:31:33.774+0000] {local_task_job_runner.py:222} INFO - ::endgroup::
