[2026-01-11T04:22:13.974+0000] {local_task_job_runner.py:120} INFO - ::group::Pre task execution logs
[2026-01-11T04:22:14.025+0000] {taskinstance.py:2076} INFO - Dependencies all met for dep_context=non-requeueable deps ti=<TaskInstance: bctc.ingest_bctc manual__2026-01-11T04:06:44+00:00 map_index=55 [queued]>
[2026-01-11T04:22:14.064+0000] {taskinstance.py:2076} INFO - Dependencies all met for dep_context=requeueable deps ti=<TaskInstance: bctc.ingest_bctc manual__2026-01-11T04:06:44+00:00 map_index=55 [queued]>
[2026-01-11T04:22:14.065+0000] {taskinstance.py:2306} INFO - Starting attempt 1 of 2
[2026-01-11T04:22:14.088+0000] {taskinstance.py:2330} INFO - Executing <Mapped(DfToCsvOperator): ingest_bctc> on 2026-01-11 04:06:44+00:00
[2026-01-11T04:22:14.102+0000] {warnings.py:112} WARNING - This process (pid=4394) is multi-threaded, use of fork() may lead to deadlocks in the child.

[2026-01-11T04:22:14.105+0000] {standard_task_runner.py:64} INFO - Started process 4469 to run task
[2026-01-11T04:22:14.117+0000] {standard_task_runner.py:90} INFO - Running: ['***', 'tasks', 'run', 'bctc', 'ingest_bctc', 'manual__2026-01-11T04:06:44+00:00', '--job-id', '10337', '--raw', '--subdir', 'DAGS_FOLDER/tt_cty_bctc.py', '--cfg-path', '/tmp/tmpz14knl8x', '--map-index', '55']
[2026-01-11T04:22:14.122+0000] {standard_task_runner.py:91} INFO - Job 10337: Subtask ingest_bctc
[2026-01-11T04:22:14.263+0000] {task_command.py:426} INFO - Running <TaskInstance: bctc.ingest_bctc manual__2026-01-11T04:06:44+00:00 map_index=55 [running]> on host 3f2af93df813
[2026-01-11T04:22:15.069+0000] {taskinstance.py:2648} INFO - Exporting env vars: AIRFLOW_CTX_DAG_OWNER='***' AIRFLOW_CTX_DAG_ID='bctc' AIRFLOW_CTX_TASK_ID='ingest_bctc' AIRFLOW_CTX_EXECUTION_DATE='2026-01-11T04:06:44+00:00' AIRFLOW_CTX_TRY_NUMBER='1' AIRFLOW_CTX_DAG_RUN_ID='manual__2026-01-11T04:06:44+00:00'
[2026-01-11T04:22:15.070+0000] {taskinstance.py:430} INFO - ::endgroup::
[2026-01-11T04:22:15.080+0000] {logging_mixin.py:188} INFO - Bắt đầu xử lý batch 20 mã: ['HND', 'HNB', 'HNA', 'HMS', 'HMR', 'HMH', 'HMG', 'HMD', 'HMC', 'HLY', 'HLT', 'HLS', 'HLR', 'HLO', 'HLG', 'HLE', 'HLD', 'HLC', 'HLB', 'HLA']
[2026-01-11T04:22:15.081+0000] {logging_mixin.py:188} INFO -  >> Đang lấy dữ liệu: HND
[2026-01-11T04:22:23.792+0000] {logging_mixin.py:188} INFO -  >> Đang lấy dữ liệu: HNB
[2026-01-11T04:22:23.893+0000] {logging_mixin.py:188} INFO -  Lỗi xử lý mã HNB: Failed to fetch data: 429 - Too Many Requests
[2026-01-11T04:22:23.895+0000] {logging_mixin.py:188} INFO -  >> Đang lấy dữ liệu: HNA
[2026-01-11T04:22:24.000+0000] {logging_mixin.py:188} INFO -  Lỗi xử lý mã HNA: Failed to fetch data: 429 - Too Many Requests
[2026-01-11T04:22:24.001+0000] {logging_mixin.py:188} INFO -  >> Đang lấy dữ liệu: HMS
[2026-01-11T04:22:35.714+0000] {logging_mixin.py:188} INFO - ❌ Lỗi income_statement: RetryError[<Future at 0x7f49d4bad070 state=finished raised KeyError>]
[2026-01-11T04:22:54.402+0000] {log.py:232} WARNING - 2026-01-11 04:22:52 - vnstock.core.utils.client - ERROR - API request failed: HTTPSConnectionPool(host='trading.vietcap.com.vn', port=443): Max retries exceeded with url: /data-mt/graphql (Caused by NameResolutionError("<urllib3.connection.HTTPSConnection object at 0x7f49d4baf470>: Failed to resolve 'trading.vietcap.com.vn' ([Errno -3] Temporary failure in name resolution)"))
[2026-01-11T04:22:52.686+0000] {client.py:414} ERROR - API request failed: HTTPSConnectionPool(host='trading.vietcap.com.vn', port=443): Max retries exceeded with url: /data-mt/graphql (Caused by NameResolutionError("<urllib3.connection.HTTPSConnection object at 0x7f49d4baf470>: Failed to resolve 'trading.vietcap.com.vn' ([Errno -3] Temporary failure in name resolution)"))
[2026-01-11T04:22:56.851+0000] {logging_mixin.py:188} INFO - ❌ Lỗi balance_sheet: RetryError[<Future at 0x7f49ffd98290 state=finished raised ConnectionError>]
[2026-01-11T04:23:11.372+0000] {log.py:232} WARNING - 2026-01-11 04:23:11 - vnstock.core.utils.client - ERROR - API request failed: HTTPSConnectionPool(host='trading.vietcap.com.vn', port=443): Max retries exceeded with url: /data-mt/graphql (Caused by NameResolutionError("<urllib3.connection.HTTPSConnection object at 0x7f49d4bad5b0>: Failed to resolve 'trading.vietcap.com.vn' ([Errno -3] Temporary failure in name resolution)"))
[2026-01-11T04:23:11.370+0000] {client.py:414} ERROR - API request failed: HTTPSConnectionPool(host='trading.vietcap.com.vn', port=443): Max retries exceeded with url: /data-mt/graphql (Caused by NameResolutionError("<urllib3.connection.HTTPSConnection object at 0x7f49d4bad5b0>: Failed to resolve 'trading.vietcap.com.vn' ([Errno -3] Temporary failure in name resolution)"))
[2026-01-11T04:23:11.379+0000] {logging_mixin.py:188} INFO - ❌ Lỗi cash_flow: RetryError[<Future at 0x7f4a04ece660 state=finished raised ConnectionError>]
[2026-01-11T04:23:14.899+0000] {logging_mixin.py:188} INFO -  >> Đang lấy dữ liệu: HMR
[2026-01-11T04:23:32.953+0000] {logging_mixin.py:188} INFO -  >> Đang lấy dữ liệu: HMH
[2026-01-11T04:23:43.272+0000] {logging_mixin.py:188} INFO -  >> Đang lấy dữ liệu: HMG
[2026-01-11T04:23:43.369+0000] {logging_mixin.py:188} INFO -  Lỗi xử lý mã HMG: Failed to fetch data: 429 - Too Many Requests
[2026-01-11T04:23:43.370+0000] {logging_mixin.py:188} INFO -  >> Đang lấy dữ liệu: HMD
[2026-01-11T04:23:48.380+0000] {logging_mixin.py:188} INFO - ❌ Lỗi income_statement: RetryError[<Future at 0x7f49d4d27170 state=finished raised KeyError>]
[2026-01-11T04:24:05.113+0000] {log.py:232} WARNING - 2026-01-11 04:24:05 - vnstock.core.utils.client - ERROR - API request failed: HTTPSConnectionPool(host='trading.vietcap.com.vn', port=443): Max retries exceeded with url: /data-mt/graphql (Caused by NameResolutionError("<urllib3.connection.HTTPSConnection object at 0x7f49d49f89e0>: Failed to resolve 'trading.vietcap.com.vn' ([Errno -3] Temporary failure in name resolution)"))
[2026-01-11T04:24:05.110+0000] {client.py:414} ERROR - API request failed: HTTPSConnectionPool(host='trading.vietcap.com.vn', port=443): Max retries exceeded with url: /data-mt/graphql (Caused by NameResolutionError("<urllib3.connection.HTTPSConnection object at 0x7f49d49f89e0>: Failed to resolve 'trading.vietcap.com.vn' ([Errno -3] Temporary failure in name resolution)"))
[2026-01-11T04:24:05.169+0000] {logging_mixin.py:188} INFO - ❌ Lỗi balance_sheet: RetryError[<Future at 0x7f49d49f8530 state=finished raised ConnectionError>]
[2026-01-11T04:24:23.280+0000] {log.py:232} WARNING - 2026-01-11 04:24:23 - vnstock.core.utils.client - ERROR - API request failed: HTTPSConnectionPool(host='trading.vietcap.com.vn', port=443): Max retries exceeded with url: /data-mt/graphql (Caused by NameResolutionError("<urllib3.connection.HTTPSConnection object at 0x7f49d49e84d0>: Failed to resolve 'trading.vietcap.com.vn' ([Errno -3] Temporary failure in name resolution)"))
[2026-01-11T04:24:23.278+0000] {client.py:414} ERROR - API request failed: HTTPSConnectionPool(host='trading.vietcap.com.vn', port=443): Max retries exceeded with url: /data-mt/graphql (Caused by NameResolutionError("<urllib3.connection.HTTPSConnection object at 0x7f49d49e84d0>: Failed to resolve 'trading.vietcap.com.vn' ([Errno -3] Temporary failure in name resolution)"))
[2026-01-11T04:24:35.400+0000] {log.py:232} WARNING - 2026-01-11 04:24:35 - vnstock.core.utils.client - ERROR - API request failed: HTTPSConnectionPool(host='trading.vietcap.com.vn', port=443): Max retries exceeded with url: /data-mt/graphql (Caused by NameResolutionError("<urllib3.connection.HTTPSConnection object at 0x7f49d49ea3f0>: Failed to resolve 'trading.vietcap.com.vn' ([Errno -3] Temporary failure in name resolution)"))
[2026-01-11T04:24:35.378+0000] {client.py:414} ERROR - API request failed: HTTPSConnectionPool(host='trading.vietcap.com.vn', port=443): Max retries exceeded with url: /data-mt/graphql (Caused by NameResolutionError("<urllib3.connection.HTTPSConnection object at 0x7f49d49ea3f0>: Failed to resolve 'trading.vietcap.com.vn' ([Errno -3] Temporary failure in name resolution)"))
[2026-01-11T04:24:35.567+0000] {logging_mixin.py:188} INFO - ❌ Lỗi cash_flow: RetryError[<Future at 0x7f49d4bf88c0 state=finished raised ConnectionError>]
[2026-01-11T04:24:39.188+0000] {logging_mixin.py:188} INFO -  >> Đang lấy dữ liệu: HMC
[2026-01-11T04:24:39.430+0000] {logging_mixin.py:188} INFO -  Lỗi xử lý mã HMC: Failed to fetch data: 429 - Too Many Requests
[2026-01-11T04:24:39.431+0000] {logging_mixin.py:188} INFO -  >> Đang lấy dữ liệu: HLY
[2026-01-11T04:24:51.698+0000] {logging_mixin.py:188} INFO -  >> Đang lấy dữ liệu: HLT
[2026-01-11T04:24:52.291+0000] {logging_mixin.py:188} INFO -  Lỗi xử lý mã HLT: Failed to fetch data: 429 - Too Many Requests
[2026-01-11T04:24:52.292+0000] {logging_mixin.py:188} INFO -  >> Đang lấy dữ liệu: HLS
[2026-01-11T04:24:52.489+0000] {logging_mixin.py:188} INFO -  Lỗi xử lý mã HLS: Failed to fetch data: 429 - Too Many Requests
[2026-01-11T04:24:52.490+0000] {logging_mixin.py:188} INFO -  >> Đang lấy dữ liệu: HLR
[2026-01-11T04:25:01.209+0000] {logging_mixin.py:188} INFO -  Lỗi xử lý mã HLR: 'year'
[2026-01-11T04:25:01.210+0000] {logging_mixin.py:188} INFO -  >> Đang lấy dữ liệu: HLO
[2026-01-11T04:25:06.600+0000] {logging_mixin.py:188} INFO - ❌ Lỗi income_statement: RetryError[<Future at 0x7f49d4b76f60 state=finished raised KeyError>]
[2026-01-11T04:25:22.723+0000] {log.py:232} WARNING - 2026-01-11 04:25:22 - vnstock.core.utils.client - ERROR - API request failed: HTTPSConnectionPool(host='trading.vietcap.com.vn', port=443): Max retries exceeded with url: /data-mt/graphql (Caused by NameResolutionError("<urllib3.connection.HTTPSConnection object at 0x7f49d4b74f50>: Failed to resolve 'trading.vietcap.com.vn' ([Errno -3] Temporary failure in name resolution)"))
[2026-01-11T04:25:22.703+0000] {client.py:414} ERROR - API request failed: HTTPSConnectionPool(host='trading.vietcap.com.vn', port=443): Max retries exceeded with url: /data-mt/graphql (Caused by NameResolutionError("<urllib3.connection.HTTPSConnection object at 0x7f49d4b74f50>: Failed to resolve 'trading.vietcap.com.vn' ([Errno -3] Temporary failure in name resolution)"))
[2026-01-11T04:25:23.314+0000] {logging_mixin.py:188} INFO - ❌ Lỗi balance_sheet: RetryError[<Future at 0x7f49d4b75d30 state=finished raised ConnectionError>]
[2026-01-11T04:25:35.372+0000] {log.py:232} WARNING - 2026-01-11 04:25:35 - vnstock.core.utils.client - ERROR - API request failed: HTTPSConnectionPool(host='trading.vietcap.com.vn', port=443): Max retries exceeded with url: /data-mt/graphql (Caused by NameResolutionError("<urllib3.connection.HTTPSConnection object at 0x7f49d4b77c50>: Failed to resolve 'trading.vietcap.com.vn' ([Errno -3] Temporary failure in name resolution)"))
[2026-01-11T04:25:35.329+0000] {client.py:414} ERROR - API request failed: HTTPSConnectionPool(host='trading.vietcap.com.vn', port=443): Max retries exceeded with url: /data-mt/graphql (Caused by NameResolutionError("<urllib3.connection.HTTPSConnection object at 0x7f49d4b77c50>: Failed to resolve 'trading.vietcap.com.vn' ([Errno -3] Temporary failure in name resolution)"))
[2026-01-11T04:25:43.169+0000] {logging_mixin.py:188} INFO - ❌ Lỗi cash_flow: RetryError[<Future at 0x7f49d4b74d10 state=finished raised KeyError>]
[2026-01-11T04:25:46.680+0000] {logging_mixin.py:188} INFO -  >> Đang lấy dữ liệu: HLG
[2026-01-11T04:25:56.720+0000] {log.py:232} WARNING - 2026-01-11 04:25:56 - vnstock.core.utils.client - ERROR - API request failed: HTTPSConnectionPool(host='trading.vietcap.com.vn', port=443): Max retries exceeded with url: /data-mt/graphql (Caused by NameResolutionError("<urllib3.connection.HTTPSConnection object at 0x7f49d49d8590>: Failed to resolve 'trading.vietcap.com.vn' ([Errno -3] Temporary failure in name resolution)"))
[2026-01-11T04:25:56.716+0000] {client.py:414} ERROR - API request failed: HTTPSConnectionPool(host='trading.vietcap.com.vn', port=443): Max retries exceeded with url: /data-mt/graphql (Caused by NameResolutionError("<urllib3.connection.HTTPSConnection object at 0x7f49d49d8590>: Failed to resolve 'trading.vietcap.com.vn' ([Errno -3] Temporary failure in name resolution)"))
[2026-01-11T04:25:56.727+0000] {logging_mixin.py:188} INFO -  Lỗi xử lý mã HLG: API request failed: HTTPSConnectionPool(host='trading.vietcap.com.vn', port=443): Max retries exceeded with url: /data-mt/graphql (Caused by NameResolutionError("<urllib3.connection.HTTPSConnection object at 0x7f49d49d8590>: Failed to resolve 'trading.vietcap.com.vn' ([Errno -3] Temporary failure in name resolution)"))
[2026-01-11T04:25:56.739+0000] {logging_mixin.py:188} INFO -  >> Đang lấy dữ liệu: HLE
[2026-01-11T04:26:06.834+0000] {log.py:232} WARNING - 2026-01-11 04:26:06 - vnstock.core.utils.client - ERROR - API request failed: HTTPSConnectionPool(host='trading.vietcap.com.vn', port=443): Max retries exceeded with url: /data-mt/graphql (Caused by NameResolutionError("<urllib3.connection.HTTPSConnection object at 0x7f49d4b765d0>: Failed to resolve 'trading.vietcap.com.vn' ([Errno -3] Temporary failure in name resolution)"))
[2026-01-11T04:26:06.826+0000] {client.py:414} ERROR - API request failed: HTTPSConnectionPool(host='trading.vietcap.com.vn', port=443): Max retries exceeded with url: /data-mt/graphql (Caused by NameResolutionError("<urllib3.connection.HTTPSConnection object at 0x7f49d4b765d0>: Failed to resolve 'trading.vietcap.com.vn' ([Errno -3] Temporary failure in name resolution)"))
[2026-01-11T04:26:06.847+0000] {logging_mixin.py:188} INFO -  Lỗi xử lý mã HLE: API request failed: HTTPSConnectionPool(host='trading.vietcap.com.vn', port=443): Max retries exceeded with url: /data-mt/graphql (Caused by NameResolutionError("<urllib3.connection.HTTPSConnection object at 0x7f49d4b765d0>: Failed to resolve 'trading.vietcap.com.vn' ([Errno -3] Temporary failure in name resolution)"))
[2026-01-11T04:26:06.849+0000] {logging_mixin.py:188} INFO -  >> Đang lấy dữ liệu: HLD
[2026-01-11T04:26:18.450+0000] {log.py:232} WARNING - 2026-01-11 04:26:18 - vnstock.core.utils.client - ERROR - API request failed: HTTPSConnectionPool(host='trading.vietcap.com.vn', port=443): Max retries exceeded with url: /data-mt/graphql (Caused by NameResolutionError("<urllib3.connection.HTTPSConnection object at 0x7f49d49db080>: Failed to resolve 'trading.vietcap.com.vn' ([Errno -3] Temporary failure in name resolution)"))
[2026-01-11T04:26:18.449+0000] {client.py:414} ERROR - API request failed: HTTPSConnectionPool(host='trading.vietcap.com.vn', port=443): Max retries exceeded with url: /data-mt/graphql (Caused by NameResolutionError("<urllib3.connection.HTTPSConnection object at 0x7f49d49db080>: Failed to resolve 'trading.vietcap.com.vn' ([Errno -3] Temporary failure in name resolution)"))
[2026-01-11T04:26:18.453+0000] {logging_mixin.py:188} INFO -  Lỗi xử lý mã HLD: API request failed: HTTPSConnectionPool(host='trading.vietcap.com.vn', port=443): Max retries exceeded with url: /data-mt/graphql (Caused by NameResolutionError("<urllib3.connection.HTTPSConnection object at 0x7f49d49db080>: Failed to resolve 'trading.vietcap.com.vn' ([Errno -3] Temporary failure in name resolution)"))
[2026-01-11T04:26:18.454+0000] {logging_mixin.py:188} INFO -  >> Đang lấy dữ liệu: HLC
[2026-01-11T04:26:34.800+0000] {logging_mixin.py:188} INFO -  >> Đang lấy dữ liệu: HLB
[2026-01-11T04:26:39.905+0000] {logging_mixin.py:188} INFO - ❌ Lỗi income_statement: RetryError[<Future at 0x7f49d4cf9c70 state=finished raised KeyError>]
[2026-01-11T04:26:45.835+0000] {logging_mixin.py:188} INFO - ❌ Lỗi balance_sheet: RetryError[<Future at 0x7f49d4cfb980 state=finished raised ConnectionError>]
[2026-01-11T04:26:51.796+0000] {logging_mixin.py:188} INFO - ❌ Lỗi cash_flow: RetryError[<Future at 0x7f49d49e9640 state=finished raised KeyError>]
[2026-01-11T04:26:55.298+0000] {logging_mixin.py:188} INFO -  >> Đang lấy dữ liệu: HLA
[2026-01-11T04:27:07.835+0000] {log.py:232} WARNING - 2026-01-11 04:27:07 - vnstock.core.utils.client - ERROR - API request failed: HTTPSConnectionPool(host='trading.vietcap.com.vn', port=443): Max retries exceeded with url: /data-mt/graphql (Caused by NameResolutionError("<urllib3.connection.HTTPSConnection object at 0x7f49d4bad610>: Failed to resolve 'trading.vietcap.com.vn' ([Errno -3] Temporary failure in name resolution)"))
[2026-01-11T04:27:07.831+0000] {client.py:414} ERROR - API request failed: HTTPSConnectionPool(host='trading.vietcap.com.vn', port=443): Max retries exceeded with url: /data-mt/graphql (Caused by NameResolutionError("<urllib3.connection.HTTPSConnection object at 0x7f49d4bad610>: Failed to resolve 'trading.vietcap.com.vn' ([Errno -3] Temporary failure in name resolution)"))
[2026-01-11T04:27:20.985+0000] {logging_mixin.py:188} INFO -  ✓ Hoàn thành batch. Tổng số dòng: 1332
[2026-01-11T04:27:21.358+0000] {base.py:84} INFO - Using connection ID 'minio_finance' for task execution.
[2026-01-11T04:27:21.362+0000] {connection_wrapper.py:384} INFO - AWS Connection (conn_id='minio_finance', conn_type='aws') credentials retrieved from login and password.
[2026-01-11T04:27:22.652+0000] {datalake_df2csv.py:52} INFO - ✅ Đã upload 1332 dòng -> s3://thongtin-congty-va-bctc/bctc/date=2026-01-11/year=2024/batch_55.csv
[2026-01-11T04:27:22.653+0000] {taskinstance.py:441} INFO - ::group::Post task execution logs
[2026-01-11T04:27:22.673+0000] {taskinstance.py:1206} INFO - Marking task as SUCCESS. dag_id=bctc, task_id=ingest_bctc, run_id=manual__2026-01-11T04:06:44+00:00, map_index=55, execution_date=20260111T040644, start_date=20260111T042214, end_date=20260111T042722
[2026-01-11T04:27:22.709+0000] {local_task_job_runner.py:243} INFO - Task exited with return code 0
[2026-01-11T04:27:22.735+0000] {taskinstance.py:3503} INFO - 0 downstream tasks scheduled from follow-on schedule check
[2026-01-11T04:27:22.738+0000] {local_task_job_runner.py:222} INFO - ::endgroup::
