[2026-01-10T15:16:17.836+0000] {local_task_job_runner.py:120} INFO - ::group::Pre task execution logs
[2026-01-10T15:16:18.158+0000] {taskinstance.py:2076} INFO - Dependencies all met for dep_context=non-requeueable deps ti=<TaskInstance: thongtin_cty_bctc.ingest_people scheduled__2025-12-30T00:00:00+00:00 map_index=431 [queued]>
[2026-01-10T15:16:18.297+0000] {taskinstance.py:2076} INFO - Dependencies all met for dep_context=requeueable deps ti=<TaskInstance: thongtin_cty_bctc.ingest_people scheduled__2025-12-30T00:00:00+00:00 map_index=431 [queued]>
[2026-01-10T15:16:18.299+0000] {taskinstance.py:2306} INFO - Starting attempt 1 of 2
[2026-01-10T15:16:18.319+0000] {taskinstance.py:2330} INFO - Executing <Mapped(DfToCsvOperator): ingest_people> on 2025-12-30 00:00:00+00:00
[2026-01-10T15:16:18.355+0000] {warnings.py:112} WARNING - This process (pid=9337) is multi-threaded, use of fork() may lead to deadlocks in the child.

[2026-01-10T15:16:18.357+0000] {standard_task_runner.py:64} INFO - Started process 9404 to run task
[2026-01-10T15:16:18.365+0000] {standard_task_runner.py:90} INFO - Running: ['***', 'tasks', 'run', 'thongtin_cty_bctc', 'ingest_people', 'scheduled__2025-12-30T00:00:00+00:00', '--job-id', '9394', '--raw', '--subdir', 'DAGS_FOLDER/tt_cty_bctc.py', '--cfg-path', '/tmp/tmptwdm6qs5', '--map-index', '431']
[2026-01-10T15:16:18.368+0000] {standard_task_runner.py:91} INFO - Job 9394: Subtask ingest_people
[2026-01-10T15:16:18.446+0000] {task_command.py:426} INFO - Running <TaskInstance: thongtin_cty_bctc.ingest_people scheduled__2025-12-30T00:00:00+00:00 map_index=431 [running]> on host c44bcb92a951
[2026-01-10T15:16:18.605+0000] {taskinstance.py:2648} INFO - Exporting env vars: AIRFLOW_CTX_DAG_OWNER='***' AIRFLOW_CTX_DAG_ID='thongtin_cty_bctc' AIRFLOW_CTX_TASK_ID='ingest_people' AIRFLOW_CTX_EXECUTION_DATE='2025-12-30T00:00:00+00:00' AIRFLOW_CTX_TRY_NUMBER='1' AIRFLOW_CTX_DAG_RUN_ID='scheduled__2025-12-30T00:00:00+00:00'
[2026-01-10T15:16:18.607+0000] {taskinstance.py:430} INFO - ::endgroup::
[2026-01-10T15:16:23.970+0000] {logging_mixin.py:188} INFO - officers DWC: RetryError[<Future at 0x7f18001277a0 state=finished raised KeyError>]
[2026-01-10T15:16:26.196+0000] {base.py:84} INFO - Using connection ID 'minio_finance' for task execution.
[2026-01-10T15:16:26.197+0000] {connection_wrapper.py:384} INFO - AWS Connection (conn_id='minio_finance', conn_type='aws') credentials retrieved from login and password.
[2026-01-10T15:16:26.777+0000] {datalake_df2csv.py:52} INFO - ✅ Đã upload 55 dòng -> s3://thongtin-congty-va-bctc/people/2025-12-30/batch_431.csv
[2026-01-10T15:16:26.778+0000] {taskinstance.py:441} INFO - ::group::Post task execution logs
[2026-01-10T15:16:26.788+0000] {taskinstance.py:1206} INFO - Marking task as SUCCESS. dag_id=thongtin_cty_bctc, task_id=ingest_people, run_id=scheduled__2025-12-30T00:00:00+00:00, map_index=431, execution_date=20251230T000000, start_date=20260110T151618, end_date=20260110T151626
[2026-01-10T15:16:28.470+0000] {local_task_job_runner.py:243} INFO - Task exited with return code 0
[2026-01-10T15:16:28.532+0000] {taskinstance.py:3503} INFO - 0 downstream tasks scheduled from follow-on schedule check
[2026-01-10T15:16:28.536+0000] {local_task_job_runner.py:222} INFO - ::endgroup::
