[2026-01-11T03:45:44.520+0000] {local_task_job_runner.py:120} INFO - ::group::Pre task execution logs
[2026-01-11T03:45:44.540+0000] {taskinstance.py:2076} INFO - Dependencies all met for dep_context=non-requeueable deps ti=<TaskInstance: bctc.verify_upload manual__2026-01-11T03:43:48.138068+00:00 [queued]>
[2026-01-11T03:45:44.553+0000] {taskinstance.py:2076} INFO - Dependencies all met for dep_context=requeueable deps ti=<TaskInstance: bctc.verify_upload manual__2026-01-11T03:43:48.138068+00:00 [queued]>
[2026-01-11T03:45:44.554+0000] {taskinstance.py:2306} INFO - Starting attempt 1 of 2
[2026-01-11T03:45:44.566+0000] {taskinstance.py:2330} INFO - Executing <Task(_PythonDecoratedOperator): verify_upload> on 2026-01-11 03:43:48.138068+00:00
[2026-01-11T03:45:44.576+0000] {warnings.py:112} WARNING - This process (pid=5691) is multi-threaded, use of fork() may lead to deadlocks in the child.

[2026-01-11T03:45:44.578+0000] {standard_task_runner.py:64} INFO - Started process 5701 to run task
[2026-01-11T03:45:44.580+0000] {standard_task_runner.py:90} INFO - Running: ['***', 'tasks', 'run', 'bctc', 'verify_upload', 'manual__2026-01-11T03:43:48.138068+00:00', '--job-id', '10089', '--raw', '--subdir', 'DAGS_FOLDER/tt_cty_bctc.py', '--cfg-path', '/tmp/tmp2zs3eizu']
[2026-01-11T03:45:44.581+0000] {standard_task_runner.py:91} INFO - Job 10089: Subtask verify_upload
[2026-01-11T03:45:44.625+0000] {task_command.py:426} INFO - Running <TaskInstance: bctc.verify_upload manual__2026-01-11T03:43:48.138068+00:00 [running]> on host 3f2af93df813
[2026-01-11T03:45:44.720+0000] {taskinstance.py:2648} INFO - Exporting env vars: AIRFLOW_CTX_DAG_OWNER='***' AIRFLOW_CTX_DAG_ID='bctc' AIRFLOW_CTX_TASK_ID='verify_upload' AIRFLOW_CTX_EXECUTION_DATE='2026-01-11T03:43:48.138068+00:00' AIRFLOW_CTX_TRY_NUMBER='1' AIRFLOW_CTX_DAG_RUN_ID='manual__2026-01-11T03:43:48.138068+00:00'
[2026-01-11T03:45:44.721+0000] {taskinstance.py:430} INFO - ::endgroup::
[2026-01-11T03:45:44.732+0000] {base.py:84} INFO - Using connection ID 'minio_finance' for task execution.
[2026-01-11T03:45:44.733+0000] {connection_wrapper.py:384} INFO - AWS Connection (conn_id='minio_finance', conn_type='aws') credentials retrieved from login and password.
[2026-01-11T03:45:45.718+0000] {tt_cty_bctc.py:76} INFO - Kiểm tra upload batch 0 -> bctc/year=2026/batch_0.csv: MISSING
[2026-01-11T03:45:45.726+0000] {tt_cty_bctc.py:76} INFO - Kiểm tra upload batch 1 -> bctc/year=2026/batch_1.csv: MISSING
[2026-01-11T03:45:45.733+0000] {tt_cty_bctc.py:76} INFO - Kiểm tra upload batch 2 -> bctc/year=2026/batch_2.csv: MISSING
[2026-01-11T03:45:45.739+0000] {tt_cty_bctc.py:76} INFO - Kiểm tra upload batch 3 -> bctc/year=2026/batch_3.csv: MISSING
[2026-01-11T03:45:45.745+0000] {tt_cty_bctc.py:76} INFO - Kiểm tra upload batch 4 -> bctc/year=2026/batch_4.csv: MISSING
[2026-01-11T03:45:45.750+0000] {tt_cty_bctc.py:76} INFO - Kiểm tra upload batch 5 -> bctc/year=2026/batch_5.csv: MISSING
[2026-01-11T03:45:45.755+0000] {tt_cty_bctc.py:76} INFO - Kiểm tra upload batch 6 -> bctc/year=2026/batch_6.csv: MISSING
[2026-01-11T03:45:45.761+0000] {tt_cty_bctc.py:76} INFO - Kiểm tra upload batch 7 -> bctc/year=2026/batch_7.csv: MISSING
[2026-01-11T03:45:45.766+0000] {tt_cty_bctc.py:76} INFO - Kiểm tra upload batch 8 -> bctc/year=2026/batch_8.csv: MISSING
[2026-01-11T03:45:45.772+0000] {tt_cty_bctc.py:76} INFO - Kiểm tra upload batch 9 -> bctc/year=2026/batch_9.csv: MISSING
[2026-01-11T03:45:45.777+0000] {tt_cty_bctc.py:76} INFO - Kiểm tra upload batch 10 -> bctc/year=2026/batch_10.csv: MISSING
[2026-01-11T03:45:45.782+0000] {tt_cty_bctc.py:76} INFO - Kiểm tra upload batch 11 -> bctc/year=2026/batch_11.csv: MISSING
[2026-01-11T03:45:45.787+0000] {tt_cty_bctc.py:76} INFO - Kiểm tra upload batch 12 -> bctc/year=2026/batch_12.csv: MISSING
[2026-01-11T03:45:45.793+0000] {tt_cty_bctc.py:76} INFO - Kiểm tra upload batch 13 -> bctc/year=2026/batch_13.csv: MISSING
[2026-01-11T03:45:45.800+0000] {tt_cty_bctc.py:76} INFO - Kiểm tra upload batch 14 -> bctc/year=2026/batch_14.csv: MISSING
[2026-01-11T03:45:45.806+0000] {tt_cty_bctc.py:76} INFO - Kiểm tra upload batch 15 -> bctc/year=2026/batch_15.csv: MISSING
[2026-01-11T03:45:45.813+0000] {tt_cty_bctc.py:76} INFO - Kiểm tra upload batch 16 -> bctc/year=2026/batch_16.csv: MISSING
[2026-01-11T03:45:45.819+0000] {tt_cty_bctc.py:76} INFO - Kiểm tra upload batch 17 -> bctc/year=2026/batch_17.csv: MISSING
[2026-01-11T03:45:45.828+0000] {tt_cty_bctc.py:76} INFO - Kiểm tra upload batch 18 -> bctc/year=2026/batch_18.csv: MISSING
[2026-01-11T03:45:45.834+0000] {tt_cty_bctc.py:76} INFO - Kiểm tra upload batch 19 -> bctc/year=2026/batch_19.csv: MISSING
[2026-01-11T03:45:45.841+0000] {tt_cty_bctc.py:76} INFO - Kiểm tra upload batch 20 -> bctc/year=2026/batch_20.csv: MISSING
[2026-01-11T03:45:45.847+0000] {tt_cty_bctc.py:76} INFO - Kiểm tra upload batch 21 -> bctc/year=2026/batch_21.csv: MISSING
[2026-01-11T03:45:45.854+0000] {tt_cty_bctc.py:76} INFO - Kiểm tra upload batch 22 -> bctc/year=2026/batch_22.csv: MISSING
[2026-01-11T03:45:45.861+0000] {tt_cty_bctc.py:76} INFO - Kiểm tra upload batch 23 -> bctc/year=2026/batch_23.csv: MISSING
[2026-01-11T03:45:45.869+0000] {tt_cty_bctc.py:76} INFO - Kiểm tra upload batch 24 -> bctc/year=2026/batch_24.csv: MISSING
[2026-01-11T03:45:45.877+0000] {tt_cty_bctc.py:76} INFO - Kiểm tra upload batch 25 -> bctc/year=2026/batch_25.csv: MISSING
[2026-01-11T03:45:45.885+0000] {tt_cty_bctc.py:76} INFO - Kiểm tra upload batch 26 -> bctc/year=2026/batch_26.csv: MISSING
[2026-01-11T03:45:45.893+0000] {tt_cty_bctc.py:76} INFO - Kiểm tra upload batch 27 -> bctc/year=2026/batch_27.csv: MISSING
[2026-01-11T03:45:45.903+0000] {tt_cty_bctc.py:76} INFO - Kiểm tra upload batch 28 -> bctc/year=2026/batch_28.csv: MISSING
[2026-01-11T03:45:45.911+0000] {tt_cty_bctc.py:76} INFO - Kiểm tra upload batch 29 -> bctc/year=2026/batch_29.csv: MISSING
[2026-01-11T03:45:45.918+0000] {tt_cty_bctc.py:76} INFO - Kiểm tra upload batch 30 -> bctc/year=2026/batch_30.csv: MISSING
[2026-01-11T03:45:45.924+0000] {tt_cty_bctc.py:76} INFO - Kiểm tra upload batch 31 -> bctc/year=2026/batch_31.csv: MISSING
[2026-01-11T03:45:45.933+0000] {tt_cty_bctc.py:76} INFO - Kiểm tra upload batch 32 -> bctc/year=2026/batch_32.csv: MISSING
[2026-01-11T03:45:45.942+0000] {tt_cty_bctc.py:76} INFO - Kiểm tra upload batch 33 -> bctc/year=2026/batch_33.csv: MISSING
[2026-01-11T03:45:45.949+0000] {tt_cty_bctc.py:76} INFO - Kiểm tra upload batch 34 -> bctc/year=2026/batch_34.csv: MISSING
[2026-01-11T03:45:45.957+0000] {tt_cty_bctc.py:76} INFO - Kiểm tra upload batch 35 -> bctc/year=2026/batch_35.csv: MISSING
[2026-01-11T03:45:45.967+0000] {tt_cty_bctc.py:76} INFO - Kiểm tra upload batch 36 -> bctc/year=2026/batch_36.csv: MISSING
[2026-01-11T03:45:45.976+0000] {tt_cty_bctc.py:76} INFO - Kiểm tra upload batch 37 -> bctc/year=2026/batch_37.csv: MISSING
[2026-01-11T03:45:45.986+0000] {tt_cty_bctc.py:76} INFO - Kiểm tra upload batch 38 -> bctc/year=2026/batch_38.csv: MISSING
[2026-01-11T03:45:45.996+0000] {tt_cty_bctc.py:76} INFO - Kiểm tra upload batch 39 -> bctc/year=2026/batch_39.csv: MISSING
[2026-01-11T03:45:46.005+0000] {tt_cty_bctc.py:76} INFO - Kiểm tra upload batch 40 -> bctc/year=2026/batch_40.csv: MISSING
[2026-01-11T03:45:46.015+0000] {tt_cty_bctc.py:76} INFO - Kiểm tra upload batch 41 -> bctc/year=2026/batch_41.csv: MISSING
[2026-01-11T03:45:46.023+0000] {tt_cty_bctc.py:76} INFO - Kiểm tra upload batch 42 -> bctc/year=2026/batch_42.csv: MISSING
[2026-01-11T03:45:46.032+0000] {tt_cty_bctc.py:76} INFO - Kiểm tra upload batch 43 -> bctc/year=2026/batch_43.csv: MISSING
[2026-01-11T03:45:46.039+0000] {tt_cty_bctc.py:76} INFO - Kiểm tra upload batch 44 -> bctc/year=2026/batch_44.csv: MISSING
[2026-01-11T03:45:46.047+0000] {tt_cty_bctc.py:76} INFO - Kiểm tra upload batch 45 -> bctc/year=2026/batch_45.csv: MISSING
[2026-01-11T03:45:46.054+0000] {tt_cty_bctc.py:76} INFO - Kiểm tra upload batch 46 -> bctc/year=2026/batch_46.csv: MISSING
[2026-01-11T03:45:46.060+0000] {tt_cty_bctc.py:76} INFO - Kiểm tra upload batch 47 -> bctc/year=2026/batch_47.csv: MISSING
[2026-01-11T03:45:46.067+0000] {tt_cty_bctc.py:76} INFO - Kiểm tra upload batch 48 -> bctc/year=2026/batch_48.csv: MISSING
[2026-01-11T03:45:46.073+0000] {tt_cty_bctc.py:76} INFO - Kiểm tra upload batch 49 -> bctc/year=2026/batch_49.csv: MISSING
[2026-01-11T03:45:46.080+0000] {tt_cty_bctc.py:76} INFO - Kiểm tra upload batch 50 -> bctc/year=2026/batch_50.csv: MISSING
[2026-01-11T03:45:46.087+0000] {tt_cty_bctc.py:76} INFO - Kiểm tra upload batch 51 -> bctc/year=2026/batch_51.csv: MISSING
[2026-01-11T03:45:46.093+0000] {tt_cty_bctc.py:76} INFO - Kiểm tra upload batch 52 -> bctc/year=2026/batch_52.csv: MISSING
[2026-01-11T03:45:46.098+0000] {tt_cty_bctc.py:76} INFO - Kiểm tra upload batch 53 -> bctc/year=2026/batch_53.csv: MISSING
[2026-01-11T03:45:46.105+0000] {tt_cty_bctc.py:76} INFO - Kiểm tra upload batch 54 -> bctc/year=2026/batch_54.csv: MISSING
[2026-01-11T03:45:46.111+0000] {tt_cty_bctc.py:76} INFO - Kiểm tra upload batch 55 -> bctc/year=2026/batch_55.csv: MISSING
[2026-01-11T03:45:46.118+0000] {tt_cty_bctc.py:76} INFO - Kiểm tra upload batch 56 -> bctc/year=2026/batch_56.csv: MISSING
[2026-01-11T03:45:46.124+0000] {tt_cty_bctc.py:76} INFO - Kiểm tra upload batch 57 -> bctc/year=2026/batch_57.csv: MISSING
[2026-01-11T03:45:46.130+0000] {tt_cty_bctc.py:76} INFO - Kiểm tra upload batch 58 -> bctc/year=2026/batch_58.csv: MISSING
[2026-01-11T03:45:46.136+0000] {tt_cty_bctc.py:76} INFO - Kiểm tra upload batch 59 -> bctc/year=2026/batch_59.csv: MISSING
[2026-01-11T03:45:46.142+0000] {tt_cty_bctc.py:76} INFO - Kiểm tra upload batch 60 -> bctc/year=2026/batch_60.csv: MISSING
[2026-01-11T03:45:46.147+0000] {tt_cty_bctc.py:76} INFO - Kiểm tra upload batch 61 -> bctc/year=2026/batch_61.csv: MISSING
[2026-01-11T03:45:46.153+0000] {tt_cty_bctc.py:76} INFO - Kiểm tra upload batch 62 -> bctc/year=2026/batch_62.csv: MISSING
[2026-01-11T03:45:46.158+0000] {tt_cty_bctc.py:76} INFO - Kiểm tra upload batch 63 -> bctc/year=2026/batch_63.csv: MISSING
[2026-01-11T03:45:46.164+0000] {tt_cty_bctc.py:76} INFO - Kiểm tra upload batch 64 -> bctc/year=2026/batch_64.csv: MISSING
[2026-01-11T03:45:46.169+0000] {tt_cty_bctc.py:76} INFO - Kiểm tra upload batch 65 -> bctc/year=2026/batch_65.csv: MISSING
[2026-01-11T03:45:46.175+0000] {tt_cty_bctc.py:76} INFO - Kiểm tra upload batch 66 -> bctc/year=2026/batch_66.csv: MISSING
[2026-01-11T03:45:46.180+0000] {tt_cty_bctc.py:76} INFO - Kiểm tra upload batch 67 -> bctc/year=2026/batch_67.csv: MISSING
[2026-01-11T03:45:46.185+0000] {tt_cty_bctc.py:76} INFO - Kiểm tra upload batch 68 -> bctc/year=2026/batch_68.csv: MISSING
[2026-01-11T03:45:46.190+0000] {tt_cty_bctc.py:76} INFO - Kiểm tra upload batch 69 -> bctc/year=2026/batch_69.csv: MISSING
[2026-01-11T03:45:46.195+0000] {tt_cty_bctc.py:76} INFO - Kiểm tra upload batch 70 -> bctc/year=2026/batch_70.csv: MISSING
[2026-01-11T03:45:46.201+0000] {tt_cty_bctc.py:76} INFO - Kiểm tra upload batch 71 -> bctc/year=2026/batch_71.csv: MISSING
[2026-01-11T03:45:46.206+0000] {tt_cty_bctc.py:76} INFO - Kiểm tra upload batch 72 -> bctc/year=2026/batch_72.csv: MISSING
[2026-01-11T03:45:46.212+0000] {tt_cty_bctc.py:76} INFO - Kiểm tra upload batch 73 -> bctc/year=2026/batch_73.csv: MISSING
[2026-01-11T03:45:46.217+0000] {tt_cty_bctc.py:76} INFO - Kiểm tra upload batch 74 -> bctc/year=2026/batch_74.csv: MISSING
[2026-01-11T03:45:46.222+0000] {tt_cty_bctc.py:76} INFO - Kiểm tra upload batch 75 -> bctc/year=2026/batch_75.csv: MISSING
[2026-01-11T03:45:46.228+0000] {tt_cty_bctc.py:76} INFO - Kiểm tra upload batch 76 -> bctc/year=2026/batch_76.csv: MISSING
[2026-01-11T03:45:46.233+0000] {tt_cty_bctc.py:76} INFO - Kiểm tra upload batch 77 -> bctc/year=2026/batch_77.csv: MISSING
[2026-01-11T03:45:46.239+0000] {tt_cty_bctc.py:76} INFO - Kiểm tra upload batch 78 -> bctc/year=2026/batch_78.csv: MISSING
[2026-01-11T03:45:46.245+0000] {tt_cty_bctc.py:76} INFO - Kiểm tra upload batch 79 -> bctc/year=2026/batch_79.csv: MISSING
[2026-01-11T03:45:46.250+0000] {tt_cty_bctc.py:76} INFO - Kiểm tra upload batch 80 -> bctc/year=2026/batch_80.csv: MISSING
[2026-01-11T03:45:46.256+0000] {tt_cty_bctc.py:76} INFO - Kiểm tra upload batch 81 -> bctc/year=2026/batch_81.csv: MISSING
[2026-01-11T03:45:46.263+0000] {tt_cty_bctc.py:76} INFO - Kiểm tra upload batch 82 -> bctc/year=2026/batch_82.csv: MISSING
[2026-01-11T03:45:46.269+0000] {tt_cty_bctc.py:76} INFO - Kiểm tra upload batch 83 -> bctc/year=2026/batch_83.csv: MISSING
[2026-01-11T03:45:46.275+0000] {tt_cty_bctc.py:76} INFO - Kiểm tra upload batch 84 -> bctc/year=2026/batch_84.csv: MISSING
[2026-01-11T03:45:46.282+0000] {tt_cty_bctc.py:76} INFO - Kiểm tra upload batch 85 -> bctc/year=2026/batch_85.csv: MISSING
[2026-01-11T03:45:46.289+0000] {tt_cty_bctc.py:76} INFO - Kiểm tra upload batch 86 -> bctc/year=2026/batch_86.csv: MISSING
[2026-01-11T03:45:46.289+0000] {tt_cty_bctc.py:81} WARNING - Các file chưa thấy trên MinIO: ['bctc/year=2026/batch_0.csv', 'bctc/year=2026/batch_1.csv', 'bctc/year=2026/batch_2.csv', 'bctc/year=2026/batch_3.csv', 'bctc/year=2026/batch_4.csv', 'bctc/year=2026/batch_5.csv', 'bctc/year=2026/batch_6.csv', 'bctc/year=2026/batch_7.csv', 'bctc/year=2026/batch_8.csv', 'bctc/year=2026/batch_9.csv', 'bctc/year=2026/batch_10.csv', 'bctc/year=2026/batch_11.csv', 'bctc/year=2026/batch_12.csv', 'bctc/year=2026/batch_13.csv', 'bctc/year=2026/batch_14.csv', 'bctc/year=2026/batch_15.csv', 'bctc/year=2026/batch_16.csv', 'bctc/year=2026/batch_17.csv', 'bctc/year=2026/batch_18.csv', 'bctc/year=2026/batch_19.csv', 'bctc/year=2026/batch_20.csv', 'bctc/year=2026/batch_21.csv', 'bctc/year=2026/batch_22.csv', 'bctc/year=2026/batch_23.csv', 'bctc/year=2026/batch_24.csv', 'bctc/year=2026/batch_25.csv', 'bctc/year=2026/batch_26.csv', 'bctc/year=2026/batch_27.csv', 'bctc/year=2026/batch_28.csv', 'bctc/year=2026/batch_29.csv', 'bctc/year=2026/batch_30.csv', 'bctc/year=2026/batch_31.csv', 'bctc/year=2026/batch_32.csv', 'bctc/year=2026/batch_33.csv', 'bctc/year=2026/batch_34.csv', 'bctc/year=2026/batch_35.csv', 'bctc/year=2026/batch_36.csv', 'bctc/year=2026/batch_37.csv', 'bctc/year=2026/batch_38.csv', 'bctc/year=2026/batch_39.csv', 'bctc/year=2026/batch_40.csv', 'bctc/year=2026/batch_41.csv', 'bctc/year=2026/batch_42.csv', 'bctc/year=2026/batch_43.csv', 'bctc/year=2026/batch_44.csv', 'bctc/year=2026/batch_45.csv', 'bctc/year=2026/batch_46.csv', 'bctc/year=2026/batch_47.csv', 'bctc/year=2026/batch_48.csv', 'bctc/year=2026/batch_49.csv', 'bctc/year=2026/batch_50.csv', 'bctc/year=2026/batch_51.csv', 'bctc/year=2026/batch_52.csv', 'bctc/year=2026/batch_53.csv', 'bctc/year=2026/batch_54.csv', 'bctc/year=2026/batch_55.csv', 'bctc/year=2026/batch_56.csv', 'bctc/year=2026/batch_57.csv', 'bctc/year=2026/batch_58.csv', 'bctc/year=2026/batch_59.csv', 'bctc/year=2026/batch_60.csv', 'bctc/year=2026/batch_61.csv', 'bctc/year=2026/batch_62.csv', 'bctc/year=2026/batch_63.csv', 'bctc/year=2026/batch_64.csv', 'bctc/year=2026/batch_65.csv', 'bctc/year=2026/batch_66.csv', 'bctc/year=2026/batch_67.csv', 'bctc/year=2026/batch_68.csv', 'bctc/year=2026/batch_69.csv', 'bctc/year=2026/batch_70.csv', 'bctc/year=2026/batch_71.csv', 'bctc/year=2026/batch_72.csv', 'bctc/year=2026/batch_73.csv', 'bctc/year=2026/batch_74.csv', 'bctc/year=2026/batch_75.csv', 'bctc/year=2026/batch_76.csv', 'bctc/year=2026/batch_77.csv', 'bctc/year=2026/batch_78.csv', 'bctc/year=2026/batch_79.csv', 'bctc/year=2026/batch_80.csv', 'bctc/year=2026/batch_81.csv', 'bctc/year=2026/batch_82.csv', 'bctc/year=2026/batch_83.csv', 'bctc/year=2026/batch_84.csv', 'bctc/year=2026/batch_85.csv', 'bctc/year=2026/batch_86.csv']
[2026-01-11T03:45:46.290+0000] {python.py:237} INFO - Done. Returned value was: None
[2026-01-11T03:45:46.291+0000] {taskinstance.py:441} INFO - ::group::Post task execution logs
[2026-01-11T03:45:46.298+0000] {taskinstance.py:1206} INFO - Marking task as SUCCESS. dag_id=bctc, task_id=verify_upload, run_id=manual__2026-01-11T03:43:48.138068+00:00, execution_date=20260111T034348, start_date=20260111T034544, end_date=20260111T034546
[2026-01-11T03:45:46.359+0000] {local_task_job_runner.py:243} INFO - Task exited with return code 0
[2026-01-11T03:45:46.373+0000] {taskinstance.py:3503} INFO - 0 downstream tasks scheduled from follow-on schedule check
[2026-01-11T03:45:46.375+0000] {local_task_job_runner.py:222} INFO - ::endgroup::
