[2026-01-01T02:59:57.957+0000] {local_task_job_runner.py:120} INFO - ::group::Pre task execution logs
[2026-01-01T02:59:57.994+0000] {taskinstance.py:2076} INFO - Dependencies all met for dep_context=non-requeueable deps ti=<TaskInstance: thongtin_cty_bctc.ingest_overview manual__2025-12-31T15:06:58.367608+00:00 map_index=7 [queued]>
[2026-01-01T02:59:58.018+0000] {taskinstance.py:2076} INFO - Dependencies all met for dep_context=requeueable deps ti=<TaskInstance: thongtin_cty_bctc.ingest_overview manual__2025-12-31T15:06:58.367608+00:00 map_index=7 [queued]>
[2026-01-01T02:59:58.020+0000] {taskinstance.py:2306} INFO - Starting attempt 1 of 2
[2026-01-01T02:59:58.258+0000] {taskinstance.py:2330} INFO - Executing <Mapped(DfToCsvOperator): ingest_overview> on 2025-12-31 15:06:58.367608+00:00
[2026-01-01T02:59:58.303+0000] {warnings.py:112} WARNING - This process (pid=22481) is multi-threaded, use of fork() may lead to deadlocks in the child.

[2026-01-01T02:59:58.306+0000] {standard_task_runner.py:64} INFO - Started process 22604 to run task
[2026-01-01T02:59:58.322+0000] {standard_task_runner.py:90} INFO - Running: ['***', 'tasks', 'run', 'thongtin_cty_bctc', 'ingest_overview', 'manual__2025-12-31T15:06:58.367608+00:00', '--job-id', '2554', '--raw', '--subdir', 'DAGS_FOLDER/tt_cty_bctc.py', '--cfg-path', '/tmp/tmpjkkql2zg', '--map-index', '7']
[2026-01-01T02:59:58.325+0000] {standard_task_runner.py:91} INFO - Job 2554: Subtask ingest_overview
[2026-01-01T02:59:58.472+0000] {task_command.py:426} INFO - Running <TaskInstance: thongtin_cty_bctc.ingest_overview manual__2025-12-31T15:06:58.367608+00:00 map_index=7 [running]> on host 43b0a0f7606b
[2026-01-01T02:59:58.753+0000] {taskinstance.py:2648} INFO - Exporting env vars: AIRFLOW_CTX_DAG_OWNER='***' AIRFLOW_CTX_DAG_ID='thongtin_cty_bctc' AIRFLOW_CTX_TASK_ID='ingest_overview' AIRFLOW_CTX_EXECUTION_DATE='2025-12-31T15:06:58.367608+00:00' AIRFLOW_CTX_TRY_NUMBER='1' AIRFLOW_CTX_DAG_RUN_ID='manual__2025-12-31T15:06:58.367608+00:00'
[2026-01-01T02:59:58.759+0000] {taskinstance.py:430} INFO - ::endgroup::
[2026-01-01T02:59:59.128+0000] {logging_mixin.py:188} INFO - Err overview POW: Failed to fetch data: 429 - Too Many Requests
[2026-01-01T03:00:00.281+0000] {logging_mixin.py:188} INFO - Err overview PVD: Failed to fetch data: 429 - Too Many Requests
[2026-01-01T03:00:01.512+0000] {logging_mixin.py:188} INFO - Err overview PVS: Failed to fetch data: 429 - Too Many Requests
[2026-01-01T03:00:02.518+0000] {datalake_df2csv.py:40} INFO - DataFrame rỗng, bỏ qua upload CSV.
[2026-01-01T03:00:02.521+0000] {taskinstance.py:441} INFO - ::group::Post task execution logs
[2026-01-01T03:00:02.549+0000] {taskinstance.py:1206} INFO - Marking task as SUCCESS. dag_id=thongtin_cty_bctc, task_id=ingest_overview, run_id=manual__2025-12-31T15:06:58.367608+00:00, map_index=7, execution_date=20251231T150658, start_date=20260101T025957, end_date=20260101T030002
[2026-01-01T03:00:02.646+0000] {local_task_job_runner.py:243} INFO - Task exited with return code 0
[2026-01-01T03:00:02.727+0000] {taskinstance.py:3503} INFO - 0 downstream tasks scheduled from follow-on schedule check
[2026-01-01T03:00:02.756+0000] {local_task_job_runner.py:222} INFO - ::endgroup::
