[2026-01-01T08:55:39.154+0000] {local_task_job_runner.py:120} INFO - ::group::Pre task execution logs
[2026-01-01T08:55:39.187+0000] {taskinstance.py:2076} INFO - Dependencies all met for dep_context=non-requeueable deps ti=<TaskInstance: thongtin_cty_bctc.ingest_bctc manual__2026-01-01T00:00:00+00:00 map_index=62 [queued]>
[2026-01-01T08:55:39.208+0000] {taskinstance.py:2076} INFO - Dependencies all met for dep_context=requeueable deps ti=<TaskInstance: thongtin_cty_bctc.ingest_bctc manual__2026-01-01T00:00:00+00:00 map_index=62 [queued]>
[2026-01-01T08:55:39.209+0000] {taskinstance.py:2306} INFO - Starting attempt 1 of 2
[2026-01-01T08:55:39.229+0000] {taskinstance.py:2330} INFO - Executing <Mapped(DfToCsvOperator): ingest_bctc> on 2026-01-01 00:00:00+00:00
[2026-01-01T08:55:39.241+0000] {warnings.py:112} WARNING - This process (pid=3036) is multi-threaded, use of fork() may lead to deadlocks in the child.

[2026-01-01T08:55:39.243+0000] {standard_task_runner.py:64} INFO - Started process 3108 to run task
[2026-01-01T08:55:39.246+0000] {standard_task_runner.py:90} INFO - Running: ['***', 'tasks', 'run', 'thongtin_cty_bctc', 'ingest_bctc', 'manual__2026-01-01T00:00:00+00:00', '--job-id', '4031', '--raw', '--subdir', 'DAGS_FOLDER/tt_cty_bctc.py', '--cfg-path', '/tmp/tmpi9fvotgm', '--map-index', '62']
[2026-01-01T08:55:39.247+0000] {standard_task_runner.py:91} INFO - Job 4031: Subtask ingest_bctc
[2026-01-01T08:55:39.309+0000] {task_command.py:426} INFO - Running <TaskInstance: thongtin_cty_bctc.ingest_bctc manual__2026-01-01T00:00:00+00:00 map_index=62 [running]> on host b455963a0603
[2026-01-01T08:55:39.446+0000] {taskinstance.py:2648} INFO - Exporting env vars: AIRFLOW_CTX_DAG_OWNER='***' AIRFLOW_CTX_DAG_ID='thongtin_cty_bctc' AIRFLOW_CTX_TASK_ID='ingest_bctc' AIRFLOW_CTX_EXECUTION_DATE='2026-01-01T00:00:00+00:00' AIRFLOW_CTX_TRY_NUMBER='1' AIRFLOW_CTX_DAG_RUN_ID='manual__2026-01-01T00:00:00+00:00'
[2026-01-01T08:55:39.448+0000] {taskinstance.py:430} INFO - ::endgroup::
[2026-01-01T08:55:39.455+0000] {logging_mixin.py:188} INFO - Bắt đầu xử lý batch 3 mã: ['VC7', 'VC6', 'VC5']
[2026-01-01T08:55:39.456+0000] {logging_mixin.py:188} INFO -  >> Đang lấy dữ liệu: VC7
[2026-01-01T08:55:42.708+0000] {logging_mixin.py:188} INFO -  >> Đang lấy dữ liệu: VC6
[2026-01-01T08:55:45.817+0000] {logging_mixin.py:188} INFO -  >> Đang lấy dữ liệu: VC5
[2026-01-01T08:55:48.669+0000] {logging_mixin.py:188} INFO -  ✓ Hoàn thành batch. Tổng số dòng: 10722
[2026-01-01T08:55:48.737+0000] {base.py:84} INFO - Using connection ID 'minio_finance' for task execution.
[2026-01-01T08:55:48.738+0000] {connection_wrapper.py:384} INFO - AWS Connection (conn_id='minio_finance', conn_type='aws') credentials retrieved from login and password.
[2026-01-01T08:55:49.253+0000] {datalake_df2csv.py:53} INFO - ✅ Đã upload 10722 dòng -> s3://thongtin-congty-va-bctc/bctc/2026-01-01/batch_62.csv
[2026-01-01T08:55:49.255+0000] {taskinstance.py:441} INFO - ::group::Post task execution logs
[2026-01-01T08:55:49.264+0000] {taskinstance.py:1206} INFO - Marking task as SUCCESS. dag_id=thongtin_cty_bctc, task_id=ingest_bctc, run_id=manual__2026-01-01T00:00:00+00:00, map_index=62, execution_date=20260101T000000, start_date=20260101T085539, end_date=20260101T085549
[2026-01-01T08:55:50.237+0000] {local_task_job_runner.py:243} INFO - Task exited with return code 0
[2026-01-01T08:55:50.249+0000] {local_task_job_runner.py:222} INFO - ::endgroup::
