[2026-01-04T08:07:11.130+0000] {local_task_job_runner.py:120} INFO - ::group::Pre task execution logs
[2026-01-04T08:07:11.144+0000] {taskinstance.py:2076} INFO - Dependencies all met for dep_context=non-requeueable deps ti=<TaskInstance: daily_price_collection.fetch_daily_price scheduled__2026-01-02T15:00:00+00:00 [queued]>
[2026-01-04T08:07:11.150+0000] {taskinstance.py:2076} INFO - Dependencies all met for dep_context=requeueable deps ti=<TaskInstance: daily_price_collection.fetch_daily_price scheduled__2026-01-02T15:00:00+00:00 [queued]>
[2026-01-04T08:07:11.150+0000] {taskinstance.py:2306} INFO - Starting attempt 1 of 2
[2026-01-04T08:07:11.161+0000] {taskinstance.py:2330} INFO - Executing <Task(DfToCsvOperator): fetch_daily_price> on 2026-01-02 15:00:00+00:00
[2026-01-04T08:07:11.169+0000] {warnings.py:112} WARNING - This process (pid=566) is multi-threaded, use of fork() may lead to deadlocks in the child.

[2026-01-04T08:07:11.171+0000] {standard_task_runner.py:64} INFO - Started process 578 to run task
[2026-01-04T08:07:11.173+0000] {standard_task_runner.py:90} INFO - Running: ['***', 'tasks', 'run', 'daily_price_collection', 'fetch_daily_price', 'scheduled__2026-01-02T15:00:00+00:00', '--job-id', '5158', '--raw', '--subdir', 'DAGS_FOLDER/daily_price_collection.py', '--cfg-path', '/tmp/tmpeisadw6j']
[2026-01-04T08:07:11.174+0000] {standard_task_runner.py:91} INFO - Job 5158: Subtask fetch_daily_price
[2026-01-04T08:07:11.217+0000] {task_command.py:426} INFO - Running <TaskInstance: daily_price_collection.fetch_daily_price scheduled__2026-01-02T15:00:00+00:00 [running]> on host 54326d40bf94
[2026-01-04T08:07:11.291+0000] {taskinstance.py:2648} INFO - Exporting env vars: AIRFLOW_CTX_DAG_OWNER='***' AIRFLOW_CTX_DAG_ID='daily_price_collection' AIRFLOW_CTX_TASK_ID='fetch_daily_price' AIRFLOW_CTX_EXECUTION_DATE='2026-01-02T15:00:00+00:00' AIRFLOW_CTX_TRY_NUMBER='1' AIRFLOW_CTX_DAG_RUN_ID='scheduled__2026-01-02T15:00:00+00:00'
[2026-01-04T08:07:11.292+0000] {taskinstance.py:430} INFO - ::endgroup::
[2026-01-04T08:10:33.569+0000] {logging_mixin.py:188} INFO - VIS: RetryError[<Future at 0x7f94f18099a0 state=finished raised ValueError>] | retry 1/3 in 1.5s
[2026-01-04T08:10:39.523+0000] {logging_mixin.py:188} INFO - VIS: RetryError[<Future at 0x7f94be07ef90 state=finished raised ValueError>] | retry 2/3 in 3.0s
[2026-01-04T08:10:46.961+0000] {logging_mixin.py:188} INFO - VIS: RetryError[<Future at 0x7f94ccdda840 state=finished raised ValueError>] | retry 3/3 in 4.5s
[2026-01-04T08:11:19.219+0000] {logging_mixin.py:188} INFO - VHI: RetryError[<Future at 0x7f94be00a060 state=finished raised ValueError>] | retry 1/3 in 1.5s
[2026-01-04T08:11:25.150+0000] {logging_mixin.py:188} INFO - VHI: RetryError[<Future at 0x7f94d1cba5d0 state=finished raised ValueError>] | retry 2/3 in 3.0s
[2026-01-04T08:11:32.624+0000] {logging_mixin.py:188} INFO - VHI: RetryError[<Future at 0x7f94be4056a0 state=finished raised ValueError>] | retry 3/3 in 4.5s
[2026-01-04T08:12:40.211+0000] {logging_mixin.py:188} INFO - VDM: RetryError[<Future at 0x7f94be381100 state=finished raised ValueError>] | retry 1/3 in 1.5s
[2026-01-04T08:12:46.245+0000] {logging_mixin.py:188} INFO - VDM: RetryError[<Future at 0x7f94be1d5370 state=finished raised ValueError>] | retry 2/3 in 3.0s
[2026-01-04T08:12:53.879+0000] {logging_mixin.py:188} INFO - VDM: RetryError[<Future at 0x7f94be42b5c0 state=finished raised ValueError>] | retry 3/3 in 4.5s
[2026-01-04T08:14:08.754+0000] {logging_mixin.py:188} INFO - UTT: RetryError[<Future at 0x7f94f17adeb0 state=finished raised ValueError>] | retry 1/3 in 1.5s
[2026-01-04T08:14:14.793+0000] {logging_mixin.py:188} INFO - UTT: RetryError[<Future at 0x7f94f1e9dd90 state=finished raised ValueError>] | retry 2/3 in 3.0s
[2026-01-04T08:14:22.282+0000] {logging_mixin.py:188} INFO - UTT: RetryError[<Future at 0x7f94be381100 state=finished raised ValueError>] | retry 3/3 in 4.5s
[2026-01-04T08:16:05.358+0000] {logging_mixin.py:188} INFO - TS5: RetryError[<Future at 0x7f94be06ca40 state=finished raised ValueError>] | retry 1/3 in 1.5s
[2026-01-04T08:16:11.316+0000] {logging_mixin.py:188} INFO - TS5: RetryError[<Future at 0x7f94be1d4260 state=finished raised ValueError>] | retry 2/3 in 3.0s
[2026-01-04T08:16:18.736+0000] {logging_mixin.py:188} INFO - TS5: RetryError[<Future at 0x7f94f22a9640 state=finished raised ValueError>] | retry 3/3 in 4.5s
[2026-01-04T08:19:54.003+0000] {logging_mixin.py:188} INFO - TAC: RetryError[<Future at 0x7f94f2252120 state=finished raised ValueError>] | retry 1/3 in 1.5s
[2026-01-04T08:20:00.001+0000] {logging_mixin.py:188} INFO - TAC: RetryError[<Future at 0x7f94be00b020 state=finished raised ValueError>] | retry 2/3 in 3.0s
[2026-01-04T08:20:07.452+0000] {logging_mixin.py:188} INFO - TAC: RetryError[<Future at 0x7f94be053530 state=finished raised ValueError>] | retry 3/3 in 4.5s
[2026-01-04T08:20:24.545+0000] {logging_mixin.py:188} INFO - T12: RetryError[<Future at 0x7f94cc7efb90 state=finished raised ValueError>] | retry 1/3 in 1.5s
[2026-01-04T08:20:30.584+0000] {logging_mixin.py:188} INFO - T12: RetryError[<Future at 0x7f94be407440 state=finished raised ValueError>] | retry 2/3 in 3.0s
[2026-01-04T08:20:38.232+0000] {logging_mixin.py:188} INFO - T12: RetryError[<Future at 0x7f94be404c80 state=finished raised ValueError>] | retry 3/3 in 4.5s
[2026-01-04T08:21:02.485+0000] {logging_mixin.py:188} INFO - SVL: RetryError[<Future at 0x7f94f662b320 state=finished raised ValueError>] | retry 1/3 in 1.5s
[2026-01-04T08:21:03.880+0000] {local_task_job_runner.py:313} WARNING - State of this instance has been externally set to success. Terminating instance.
[2026-01-04T08:21:03.881+0000] {local_task_job_runner.py:222} INFO - ::endgroup::
[2026-01-04T08:21:03.883+0000] {process_utils.py:132} INFO - Sending 15 to group 578. PIDs of all processes in the group: [578]
[2026-01-04T08:21:03.884+0000] {process_utils.py:87} INFO - Sending the signal 15 to group 578
[2026-01-04T08:21:03.884+0000] {taskinstance.py:2611} ERROR - Received SIGTERM. Terminating subprocesses.
[2026-01-04T08:21:03.885+0000] {taskinstance.py:441} INFO - ::group::Post task execution logs
[2026-01-04T08:21:03.936+0000] {process_utils.py:80} INFO - Process psutil.Process(pid=578, status='terminated', exitcode=0, started='08:07:10') (578) terminated with exit code 0
