[2026-01-12T13:30:43.312+0000] {local_task_job_runner.py:120} INFO - ::group::Pre task execution logs
[2026-01-12T13:30:43.369+0000] {taskinstance.py:2076} INFO - Dependencies all met for dep_context=non-requeueable deps ti=<TaskInstance: company_overview_to_minio.ingest_overview manual__2026-01-12T13:28:56.907705+00:00 map_index=19 [queued]>
[2026-01-12T13:30:43.406+0000] {taskinstance.py:2076} INFO - Dependencies all met for dep_context=requeueable deps ti=<TaskInstance: company_overview_to_minio.ingest_overview manual__2026-01-12T13:28:56.907705+00:00 map_index=19 [queued]>
[2026-01-12T13:30:43.407+0000] {taskinstance.py:2306} INFO - Starting attempt 1 of 2
[2026-01-12T13:30:43.446+0000] {taskinstance.py:2330} INFO - Executing <Mapped(DfToCsvOperator): ingest_overview> on 2026-01-12 13:28:56.907705+00:00
[2026-01-12T13:30:43.464+0000] {warnings.py:112} WARNING - This process (pid=790) is multi-threaded, use of fork() may lead to deadlocks in the child.

[2026-01-12T13:30:43.466+0000] {standard_task_runner.py:64} INFO - Started process 846 to run task
[2026-01-12T13:30:43.470+0000] {standard_task_runner.py:90} INFO - Running: ['***', 'tasks', 'run', 'company_overview_to_minio', 'ingest_overview', 'manual__2026-01-12T13:28:56.907705+00:00', '--job-id', '10772', '--raw', '--subdir', 'DAGS_FOLDER/company_overview_to_minio.py', '--cfg-path', '/tmp/tmpo0w8v04y', '--map-index', '19']
[2026-01-12T13:30:43.476+0000] {standard_task_runner.py:91} INFO - Job 10772: Subtask ingest_overview
[2026-01-12T13:30:43.631+0000] {task_command.py:426} INFO - Running <TaskInstance: company_overview_to_minio.ingest_overview manual__2026-01-12T13:28:56.907705+00:00 map_index=19 [running]> on host 5a20a797a43c
[2026-01-12T13:30:43.876+0000] {taskinstance.py:2648} INFO - Exporting env vars: AIRFLOW_CTX_DAG_OWNER='***' AIRFLOW_CTX_DAG_ID='company_overview_to_minio' AIRFLOW_CTX_TASK_ID='ingest_overview' AIRFLOW_CTX_EXECUTION_DATE='2026-01-12T13:28:56.907705+00:00' AIRFLOW_CTX_TRY_NUMBER='1' AIRFLOW_CTX_DAG_RUN_ID='manual__2026-01-12T13:28:56.907705+00:00'
[2026-01-12T13:30:43.878+0000] {taskinstance.py:430} INFO - ::endgroup::
[2026-01-12T13:30:45.943+0000] {warnings.py:112} WARNING - DataFrame.applymap has been deprecated. Use DataFrame.map instead.

[2026-01-12T13:30:47.346+0000] {warnings.py:112} WARNING - DataFrame.applymap has been deprecated. Use DataFrame.map instead.

[2026-01-12T13:30:52.716+0000] {logging_mixin.py:188} INFO - Err overview TAC: RetryError[<Future at 0x7fef4c4e2210 state=finished raised AttributeError>]
[2026-01-12T13:30:53.896+0000] {warnings.py:112} WARNING - DataFrame.applymap has been deprecated. Use DataFrame.map instead.

[2026-01-12T13:30:55.219+0000] {warnings.py:112} WARNING - DataFrame.applymap has been deprecated. Use DataFrame.map instead.

[2026-01-12T13:30:56.365+0000] {warnings.py:112} WARNING - DataFrame.applymap has been deprecated. Use DataFrame.map instead.

[2026-01-12T13:30:57.508+0000] {warnings.py:112} WARNING - DataFrame.applymap has been deprecated. Use DataFrame.map instead.

[2026-01-12T13:31:02.802+0000] {logging_mixin.py:188} INFO - Err overview T12: RetryError[<Future at 0x7fef37f38da0 state=finished raised AttributeError>]
[2026-01-12T13:31:04.057+0000] {warnings.py:112} WARNING - DataFrame.applymap has been deprecated. Use DataFrame.map instead.

[2026-01-12T13:31:05.314+0000] {warnings.py:112} WARNING - DataFrame.applymap has been deprecated. Use DataFrame.map instead.

[2026-01-12T13:31:06.497+0000] {warnings.py:112} WARNING - DataFrame.applymap has been deprecated. Use DataFrame.map instead.

[2026-01-12T13:31:07.705+0000] {warnings.py:112} WARNING - DataFrame.applymap has been deprecated. Use DataFrame.map instead.

[2026-01-12T13:31:08.978+0000] {warnings.py:112} WARNING - DataFrame.applymap has been deprecated. Use DataFrame.map instead.

[2026-01-12T13:31:10.209+0000] {warnings.py:112} WARNING - DataFrame.applymap has been deprecated. Use DataFrame.map instead.

[2026-01-12T13:31:11.582+0000] {warnings.py:112} WARNING - DataFrame.applymap has been deprecated. Use DataFrame.map instead.

[2026-01-12T13:31:13.080+0000] {warnings.py:112} WARNING - DataFrame.applymap has been deprecated. Use DataFrame.map instead.

[2026-01-12T13:31:18.236+0000] {logging_mixin.py:188} INFO - Err overview SVL: RetryError[<Future at 0x7fef37f394c0 state=finished raised AttributeError>]
[2026-01-12T13:31:19.732+0000] {warnings.py:112} WARNING - DataFrame.applymap has been deprecated. Use DataFrame.map instead.

[2026-01-12T13:31:21.230+0000] {warnings.py:112} WARNING - DataFrame.applymap has been deprecated. Use DataFrame.map instead.

[2026-01-12T13:31:22.554+0000] {warnings.py:112} WARNING - DataFrame.applymap has been deprecated. Use DataFrame.map instead.

[2026-01-12T13:31:23.607+0000] {base.py:84} INFO - Using connection ID 'minio_finance' for task execution.
[2026-01-12T13:31:23.609+0000] {connection_wrapper.py:384} INFO - AWS Connection (conn_id='minio_finance', conn_type='aws') credentials retrieved from login and password.
[2026-01-12T13:31:24.306+0000] {datalake_df2csv.py:52} INFO - ✅ Đã upload 17 dòng -> s3://thongtin-congty-va-bctc/overview/date=2026-01-12/batch_19.csv
[2026-01-12T13:31:24.307+0000] {taskinstance.py:441} INFO - ::group::Post task execution logs
[2026-01-12T13:31:24.321+0000] {taskinstance.py:1206} INFO - Marking task as SUCCESS. dag_id=company_overview_to_minio, task_id=ingest_overview, run_id=manual__2026-01-12T13:28:56.907705+00:00, map_index=19, execution_date=20260112T132856, start_date=20260112T133043, end_date=20260112T133124
[2026-01-12T13:31:24.413+0000] {local_task_job_runner.py:243} INFO - Task exited with return code 0
[2026-01-12T13:31:24.455+0000] {taskinstance.py:3503} INFO - 0 downstream tasks scheduled from follow-on schedule check
[2026-01-12T13:31:24.457+0000] {local_task_job_runner.py:222} INFO - ::endgroup::
