[2026-01-01T09:11:18.208+0000] {local_task_job_runner.py:120} INFO - ::group::Pre task execution logs
[2026-01-01T09:11:18.272+0000] {taskinstance.py:2076} INFO - Dependencies all met for dep_context=non-requeueable deps ti=<TaskInstance: thongtin_cty_bctc.ingest_bctc scheduled__2025-12-30T00:00:00+00:00 map_index=135 [queued]>
[2026-01-01T09:11:18.312+0000] {taskinstance.py:2076} INFO - Dependencies all met for dep_context=requeueable deps ti=<TaskInstance: thongtin_cty_bctc.ingest_bctc scheduled__2025-12-30T00:00:00+00:00 map_index=135 [queued]>
[2026-01-01T09:11:18.312+0000] {taskinstance.py:2306} INFO - Starting attempt 1 of 2
[2026-01-01T09:11:18.330+0000] {taskinstance.py:2330} INFO - Executing <Mapped(DfToCsvOperator): ingest_bctc> on 2025-12-30 00:00:00+00:00
[2026-01-01T09:11:18.342+0000] {warnings.py:112} WARNING - This process (pid=13618) is multi-threaded, use of fork() may lead to deadlocks in the child.

[2026-01-01T09:11:18.344+0000] {standard_task_runner.py:64} INFO - Started process 13648 to run task
[2026-01-01T09:11:18.346+0000] {standard_task_runner.py:90} INFO - Running: ['***', 'tasks', 'run', 'thongtin_cty_bctc', 'ingest_bctc', 'scheduled__2025-12-30T00:00:00+00:00', '--job-id', '4832', '--raw', '--subdir', 'DAGS_FOLDER/tt_cty_bctc.py', '--cfg-path', '/tmp/tmp2na1j9bz', '--map-index', '135']
[2026-01-01T09:11:18.348+0000] {standard_task_runner.py:91} INFO - Job 4832: Subtask ingest_bctc
[2026-01-01T09:11:18.405+0000] {task_command.py:426} INFO - Running <TaskInstance: thongtin_cty_bctc.ingest_bctc scheduled__2025-12-30T00:00:00+00:00 map_index=135 [running]> on host b455963a0603
[2026-01-01T09:11:18.837+0000] {taskinstance.py:2648} INFO - Exporting env vars: AIRFLOW_CTX_DAG_OWNER='***' AIRFLOW_CTX_DAG_ID='thongtin_cty_bctc' AIRFLOW_CTX_TASK_ID='ingest_bctc' AIRFLOW_CTX_EXECUTION_DATE='2025-12-30T00:00:00+00:00' AIRFLOW_CTX_TRY_NUMBER='1' AIRFLOW_CTX_DAG_RUN_ID='scheduled__2025-12-30T00:00:00+00:00'
[2026-01-01T09:11:18.838+0000] {taskinstance.py:430} INFO - ::endgroup::
[2026-01-01T09:11:18.848+0000] {logging_mixin.py:188} INFO - Bắt đầu xử lý batch 3 mã: ['STP', 'STL', 'STK']
[2026-01-01T09:11:18.849+0000] {logging_mixin.py:188} INFO -  >> Đang lấy dữ liệu: STP
[2026-01-01T09:11:21.932+0000] {logging_mixin.py:188} INFO -  >> Đang lấy dữ liệu: STL
[2026-01-01T09:11:24.733+0000] {logging_mixin.py:188} INFO -  >> Đang lấy dữ liệu: STK
[2026-01-01T09:11:27.685+0000] {logging_mixin.py:188} INFO -  ✓ Hoàn thành batch. Tổng số dòng: 8016
[2026-01-01T09:11:27.796+0000] {base.py:84} INFO - Using connection ID 'minio_finance' for task execution.
[2026-01-01T09:11:27.797+0000] {connection_wrapper.py:384} INFO - AWS Connection (conn_id='minio_finance', conn_type='aws') credentials retrieved from login and password.
[2026-01-01T09:11:28.620+0000] {datalake_df2csv.py:53} INFO - ✅ Đã upload 8016 dòng -> s3://thongtin-congty-va-bctc/bctc/2025-12-30/batch_135.csv
[2026-01-01T09:11:28.622+0000] {taskinstance.py:441} INFO - ::group::Post task execution logs
[2026-01-01T09:11:28.637+0000] {taskinstance.py:1206} INFO - Marking task as SUCCESS. dag_id=thongtin_cty_bctc, task_id=ingest_bctc, run_id=scheduled__2025-12-30T00:00:00+00:00, map_index=135, execution_date=20251230T000000, start_date=20260101T091118, end_date=20260101T091128
[2026-01-01T09:11:28.709+0000] {local_task_job_runner.py:243} INFO - Task exited with return code 0
[2026-01-01T09:11:29.071+0000] {taskinstance.py:3503} INFO - 0 downstream tasks scheduled from follow-on schedule check
[2026-01-01T09:11:29.077+0000] {local_task_job_runner.py:222} INFO - ::endgroup::
