[2025-12-31T14:37:00.614+0000] {local_task_job_runner.py:120} INFO - ::group::Pre task execution logs
[2025-12-31T14:37:00.647+0000] {taskinstance.py:2076} INFO - Dependencies all met for dep_context=non-requeueable deps ti=<TaskInstance: thongtin_cty_bctc.ingest_overview scheduled__2025-12-30T00:00:00+00:00 map_index=47 [queued]>
[2025-12-31T14:37:00.666+0000] {taskinstance.py:2076} INFO - Dependencies all met for dep_context=requeueable deps ti=<TaskInstance: thongtin_cty_bctc.ingest_overview scheduled__2025-12-30T00:00:00+00:00 map_index=47 [queued]>
[2025-12-31T14:37:00.667+0000] {taskinstance.py:2306} INFO - Starting attempt 1 of 2
[2025-12-31T14:37:00.684+0000] {taskinstance.py:2330} INFO - Executing <Mapped(DfToCsvOperator): ingest_overview> on 2025-12-30 00:00:00+00:00
[2025-12-31T14:37:00.695+0000] {warnings.py:112} WARNING - This process (pid=2212) is multi-threaded, use of fork() may lead to deadlocks in the child.

[2025-12-31T14:37:00.697+0000] {standard_task_runner.py:64} INFO - Started process 2241 to run task
[2025-12-31T14:37:00.699+0000] {standard_task_runner.py:90} INFO - Running: ['***', 'tasks', 'run', 'thongtin_cty_bctc', 'ingest_overview', 'scheduled__2025-12-30T00:00:00+00:00', '--job-id', '150', '--raw', '--subdir', 'DAGS_FOLDER/tt_cty_bctc.py', '--cfg-path', '/tmp/tmpk43sntit', '--map-index', '47']
[2025-12-31T14:37:00.700+0000] {standard_task_runner.py:91} INFO - Job 150: Subtask ingest_overview
[2025-12-31T14:37:00.756+0000] {task_command.py:426} INFO - Running <TaskInstance: thongtin_cty_bctc.ingest_overview scheduled__2025-12-30T00:00:00+00:00 map_index=47 [running]> on host 8bc7f11ea9a4
[2025-12-31T14:37:00.874+0000] {taskinstance.py:2648} INFO - Exporting env vars: AIRFLOW_CTX_DAG_OWNER='***' AIRFLOW_CTX_DAG_ID='thongtin_cty_bctc' AIRFLOW_CTX_TASK_ID='ingest_overview' AIRFLOW_CTX_EXECUTION_DATE='2025-12-30T00:00:00+00:00' AIRFLOW_CTX_TRY_NUMBER='1' AIRFLOW_CTX_DAG_RUN_ID='scheduled__2025-12-30T00:00:00+00:00'
[2025-12-31T14:37:00.875+0000] {taskinstance.py:430} INFO - ::endgroup::
[2025-12-31T14:37:01.135+0000] {logging_mixin.py:188} INFO - Err overview LBC: Failed to fetch data: 429 - Too Many Requests
[2025-12-31T14:37:01.303+0000] {logging_mixin.py:188} INFO - Err overview LAW: Failed to fetch data: 429 - Too Many Requests
[2025-12-31T14:37:01.563+0000] {logging_mixin.py:188} INFO - Err overview LAS: Failed to fetch data: 429 - Too Many Requests
[2025-12-31T14:37:01.730+0000] {logging_mixin.py:188} INFO - Err overview LAI: Failed to fetch data: 429 - Too Many Requests
[2025-12-31T14:37:01.941+0000] {logging_mixin.py:188} INFO - Err overview LAF: Failed to fetch data: 429 - Too Many Requests
[2025-12-31T14:37:02.092+0000] {logging_mixin.py:188} INFO - Err overview L63: Failed to fetch data: 429 - Too Many Requests
[2025-12-31T14:37:02.233+0000] {logging_mixin.py:188} INFO - Err overview L62: Failed to fetch data: 429 - Too Many Requests
[2025-12-31T14:37:02.431+0000] {logging_mixin.py:188} INFO - Err overview L61: Failed to fetch data: 429 - Too Many Requests
[2025-12-31T14:37:02.556+0000] {logging_mixin.py:188} INFO - Err overview L45: Failed to fetch data: 429 - Too Many Requests
[2025-12-31T14:37:02.699+0000] {logging_mixin.py:188} INFO - Err overview L44: Failed to fetch data: 429 - Too Many Requests
[2025-12-31T14:37:02.950+0000] {logging_mixin.py:188} INFO - Err overview L43: Failed to fetch data: 429 - Too Many Requests
[2025-12-31T14:37:03.137+0000] {logging_mixin.py:188} INFO - Err overview L40: Failed to fetch data: 429 - Too Many Requests
[2025-12-31T14:37:03.315+0000] {logging_mixin.py:188} INFO - Err overview L35: Failed to fetch data: 429 - Too Many Requests
[2025-12-31T14:37:03.453+0000] {logging_mixin.py:188} INFO - Err overview L18: Failed to fetch data: 429 - Too Many Requests
[2025-12-31T14:37:03.591+0000] {logging_mixin.py:188} INFO - Err overview L14: Failed to fetch data: 429 - Too Many Requests
[2025-12-31T14:37:03.745+0000] {logging_mixin.py:188} INFO - Err overview L12: Failed to fetch data: 429 - Too Many Requests
[2025-12-31T14:37:03.876+0000] {logging_mixin.py:188} INFO - Err overview L10: Failed to fetch data: 429 - Too Many Requests
[2025-12-31T14:37:04.021+0000] {logging_mixin.py:188} INFO - Err overview KWA: Failed to fetch data: 429 - Too Many Requests
[2025-12-31T14:37:04.194+0000] {logging_mixin.py:188} INFO - Err overview KVC: Failed to fetch data: 429 - Too Many Requests
[2025-12-31T14:37:04.380+0000] {logging_mixin.py:188} INFO - Err overview KTW: Failed to fetch data: 429 - Too Many Requests
[2025-12-31T14:37:04.384+0000] {datalake_df2csv.py:40} INFO - DataFrame rỗng, bỏ qua upload CSV.
[2025-12-31T14:37:04.384+0000] {taskinstance.py:441} INFO - ::group::Post task execution logs
[2025-12-31T14:37:04.393+0000] {taskinstance.py:1206} INFO - Marking task as SUCCESS. dag_id=thongtin_cty_bctc, task_id=ingest_overview, run_id=scheduled__2025-12-30T00:00:00+00:00, map_index=47, execution_date=20251230T000000, start_date=20251231T143700, end_date=20251231T143704
[2025-12-31T14:37:04.444+0000] {local_task_job_runner.py:243} INFO - Task exited with return code 0
[2025-12-31T14:37:04.451+0000] {local_task_job_runner.py:222} INFO - ::endgroup::
