[2026-01-01T03:00:39.256+0000] {local_task_job_runner.py:120} INFO - ::group::Pre task execution logs
[2026-01-01T03:00:39.314+0000] {taskinstance.py:2076} INFO - Dependencies all met for dep_context=non-requeueable deps ti=<TaskInstance: thongtin_cty_bctc.ingest_bctc manual__2025-12-31T15:11:19+00:00 map_index=3 [queued]>
[2026-01-01T03:00:39.336+0000] {taskinstance.py:2076} INFO - Dependencies all met for dep_context=requeueable deps ti=<TaskInstance: thongtin_cty_bctc.ingest_bctc manual__2025-12-31T15:11:19+00:00 map_index=3 [queued]>
[2026-01-01T03:00:39.338+0000] {taskinstance.py:2306} INFO - Starting attempt 2 of 3
[2026-01-01T03:00:39.362+0000] {taskinstance.py:2330} INFO - Executing <Mapped(DfToCsvOperator): ingest_bctc> on 2025-12-31 15:11:19+00:00
[2026-01-01T03:00:39.382+0000] {warnings.py:112} WARNING - This process (pid=23349) is multi-threaded, use of fork() may lead to deadlocks in the child.

[2026-01-01T03:00:39.385+0000] {standard_task_runner.py:64} INFO - Started process 23462 to run task
[2026-01-01T03:00:39.389+0000] {standard_task_runner.py:90} INFO - Running: ['***', 'tasks', 'run', 'thongtin_cty_bctc', 'ingest_bctc', 'manual__2025-12-31T15:11:19+00:00', '--job-id', '2631', '--raw', '--subdir', 'DAGS_FOLDER/tt_cty_bctc.py', '--cfg-path', '/tmp/tmppr1yyduy', '--map-index', '3']
[2026-01-01T03:00:39.391+0000] {standard_task_runner.py:91} INFO - Job 2631: Subtask ingest_bctc
[2026-01-01T03:00:39.485+0000] {task_command.py:426} INFO - Running <TaskInstance: thongtin_cty_bctc.ingest_bctc manual__2025-12-31T15:11:19+00:00 map_index=3 [running]> on host 43b0a0f7606b
[2026-01-01T03:00:39.724+0000] {taskinstance.py:2648} INFO - Exporting env vars: AIRFLOW_CTX_DAG_OWNER='***' AIRFLOW_CTX_DAG_ID='thongtin_cty_bctc' AIRFLOW_CTX_TASK_ID='ingest_bctc' AIRFLOW_CTX_EXECUTION_DATE='2025-12-31T15:11:19+00:00' AIRFLOW_CTX_TRY_NUMBER='2' AIRFLOW_CTX_DAG_RUN_ID='manual__2025-12-31T15:11:19+00:00'
[2026-01-01T03:00:39.726+0000] {taskinstance.py:430} INFO - ::endgroup::
[2026-01-01T03:00:39.748+0000] {logging_mixin.py:188} INFO - Bắt đầu xử lý batch 3 mã: ['SSI', 'MBB', 'TCB']
[2026-01-01T03:00:39.748+0000] {logging_mixin.py:188} INFO -  >> Đang lấy dữ liệu: SSI
[2026-01-01T03:00:39.938+0000] {logging_mixin.py:188} INFO -  Lỗi xử lý mã SSI: Failed to fetch data: 429 - Too Many Requests
[2026-01-01T03:00:39.940+0000] {logging_mixin.py:188} INFO -  >> Đang lấy dữ liệu: MBB
[2026-01-01T03:00:40.124+0000] {logging_mixin.py:188} INFO -  Lỗi xử lý mã MBB: Failed to fetch data: 429 - Too Many Requests
[2026-01-01T03:00:40.134+0000] {logging_mixin.py:188} INFO -  >> Đang lấy dữ liệu: TCB
[2026-01-01T03:00:40.292+0000] {logging_mixin.py:188} INFO -  Lỗi xử lý mã TCB: Failed to fetch data: 429 - Too Many Requests
[2026-01-01T03:00:40.293+0000] {logging_mixin.py:188} INFO -  ⚠ Batch này không thu được dữ liệu nào.
[2026-01-01T03:00:40.298+0000] {datalake_df2csv.py:40} INFO - DataFrame rỗng, bỏ qua upload CSV.
[2026-01-01T03:00:40.300+0000] {taskinstance.py:441} INFO - ::group::Post task execution logs
[2026-01-01T03:00:40.314+0000] {taskinstance.py:1206} INFO - Marking task as SUCCESS. dag_id=thongtin_cty_bctc, task_id=ingest_bctc, run_id=manual__2025-12-31T15:11:19+00:00, map_index=3, execution_date=20251231T151119, start_date=20260101T030039, end_date=20260101T030040
[2026-01-01T03:00:40.372+0000] {local_task_job_runner.py:243} INFO - Task exited with return code 0
[2026-01-01T03:00:40.394+0000] {local_task_job_runner.py:222} INFO - ::endgroup::
