[2025-12-31T14:36:31.624+0000] {local_task_job_runner.py:120} INFO - ::group::Pre task execution logs
[2025-12-31T14:36:31.654+0000] {taskinstance.py:2076} INFO - Dependencies all met for dep_context=non-requeueable deps ti=<TaskInstance: thongtin_cty_bctc.ingest_overview scheduled__2025-12-30T00:00:00+00:00 map_index=36 [queued]>
[2025-12-31T14:36:31.675+0000] {taskinstance.py:2076} INFO - Dependencies all met for dep_context=requeueable deps ti=<TaskInstance: thongtin_cty_bctc.ingest_overview scheduled__2025-12-30T00:00:00+00:00 map_index=36 [queued]>
[2025-12-31T14:36:31.676+0000] {taskinstance.py:2306} INFO - Starting attempt 1 of 2
[2025-12-31T14:36:31.702+0000] {taskinstance.py:2330} INFO - Executing <Mapped(DfToCsvOperator): ingest_overview> on 2025-12-30 00:00:00+00:00
[2025-12-31T14:36:31.715+0000] {warnings.py:112} WARNING - This process (pid=1853) is multi-threaded, use of fork() may lead to deadlocks in the child.

[2025-12-31T14:36:31.717+0000] {standard_task_runner.py:64} INFO - Started process 1885 to run task
[2025-12-31T14:36:31.720+0000] {standard_task_runner.py:90} INFO - Running: ['***', 'tasks', 'run', 'thongtin_cty_bctc', 'ingest_overview', 'scheduled__2025-12-30T00:00:00+00:00', '--job-id', '119', '--raw', '--subdir', 'DAGS_FOLDER/tt_cty_bctc.py', '--cfg-path', '/tmp/tmpoxqmyerd', '--map-index', '36']
[2025-12-31T14:36:31.722+0000] {standard_task_runner.py:91} INFO - Job 119: Subtask ingest_overview
[2025-12-31T14:36:31.787+0000] {task_command.py:426} INFO - Running <TaskInstance: thongtin_cty_bctc.ingest_overview scheduled__2025-12-30T00:00:00+00:00 map_index=36 [running]> on host 8bc7f11ea9a4
[2025-12-31T14:36:31.897+0000] {taskinstance.py:2648} INFO - Exporting env vars: AIRFLOW_CTX_DAG_OWNER='***' AIRFLOW_CTX_DAG_ID='thongtin_cty_bctc' AIRFLOW_CTX_TASK_ID='ingest_overview' AIRFLOW_CTX_EXECUTION_DATE='2025-12-30T00:00:00+00:00' AIRFLOW_CTX_TRY_NUMBER='1' AIRFLOW_CTX_DAG_RUN_ID='scheduled__2025-12-30T00:00:00+00:00'
[2025-12-31T14:36:31.898+0000] {taskinstance.py:430} INFO - ::endgroup::
[2025-12-31T14:36:32.065+0000] {logging_mixin.py:188} INFO - Err overview PDN: Failed to fetch data: 429 - Too Many Requests
[2025-12-31T14:36:32.223+0000] {logging_mixin.py:188} INFO - Err overview PDC: Failed to fetch data: 429 - Too Many Requests
[2025-12-31T14:36:32.387+0000] {logging_mixin.py:188} INFO - Err overview PDB: Failed to fetch data: 429 - Too Many Requests
[2025-12-31T14:36:32.775+0000] {logging_mixin.py:188} INFO - Err overview PCT: Failed to fetch data: 429 - Too Many Requests
[2025-12-31T14:36:32.974+0000] {logging_mixin.py:188} INFO - Err overview PCN: Failed to fetch data: 429 - Too Many Requests
[2025-12-31T14:36:33.320+0000] {logging_mixin.py:188} INFO - Err overview PCM: Failed to fetch data: 429 - Too Many Requests
[2025-12-31T14:36:33.581+0000] {logging_mixin.py:188} INFO - Err overview PCH: Failed to fetch data: 429 - Too Many Requests
[2025-12-31T14:36:33.758+0000] {logging_mixin.py:188} INFO - Err overview PCG: Failed to fetch data: 429 - Too Many Requests
[2025-12-31T14:36:33.918+0000] {logging_mixin.py:188} INFO - Err overview PCF: Failed to fetch data: 429 - Too Many Requests
[2025-12-31T14:36:34.121+0000] {logging_mixin.py:188} INFO - Err overview PCE: Failed to fetch data: 429 - Too Many Requests
[2025-12-31T14:36:34.354+0000] {logging_mixin.py:188} INFO - Err overview PCC: Failed to fetch data: 429 - Too Many Requests
[2025-12-31T14:36:34.544+0000] {logging_mixin.py:188} INFO - Err overview PC1: Failed to fetch data: 429 - Too Many Requests
[2025-12-31T14:36:34.690+0000] {logging_mixin.py:188} INFO - Err overview PBT: Failed to fetch data: 429 - Too Many Requests
[2025-12-31T14:36:34.846+0000] {logging_mixin.py:188} INFO - Err overview PBP: Failed to fetch data: 429 - Too Many Requests
[2025-12-31T14:36:35.019+0000] {logging_mixin.py:188} INFO - Err overview PBC: Failed to fetch data: 429 - Too Many Requests
[2025-12-31T14:36:35.163+0000] {logging_mixin.py:188} INFO - Err overview PAT: Failed to fetch data: 429 - Too Many Requests
[2025-12-31T14:36:35.331+0000] {logging_mixin.py:188} INFO - Err overview PAS: Failed to fetch data: 429 - Too Many Requests
[2025-12-31T14:36:35.460+0000] {logging_mixin.py:188} INFO - Err overview PAP: Failed to fetch data: 429 - Too Many Requests
[2025-12-31T14:36:35.616+0000] {logging_mixin.py:188} INFO - Err overview PAN: Failed to fetch data: 429 - Too Many Requests
[2025-12-31T14:36:35.773+0000] {logging_mixin.py:188} INFO - Err overview PAI: Failed to fetch data: 429 - Too Many Requests
[2025-12-31T14:36:35.785+0000] {datalake_df2csv.py:40} INFO - DataFrame rỗng, bỏ qua upload CSV.
[2025-12-31T14:36:35.786+0000] {taskinstance.py:441} INFO - ::group::Post task execution logs
[2025-12-31T14:36:35.807+0000] {taskinstance.py:1206} INFO - Marking task as SUCCESS. dag_id=thongtin_cty_bctc, task_id=ingest_overview, run_id=scheduled__2025-12-30T00:00:00+00:00, map_index=36, execution_date=20251230T000000, start_date=20251231T143631, end_date=20251231T143635
[2025-12-31T14:36:35.891+0000] {local_task_job_runner.py:243} INFO - Task exited with return code 0
[2025-12-31T14:36:35.918+0000] {taskinstance.py:3503} INFO - 0 downstream tasks scheduled from follow-on schedule check
[2025-12-31T14:36:35.922+0000] {local_task_job_runner.py:222} INFO - ::endgroup::
