[2026-01-01T09:08:27.263+0000] {local_task_job_runner.py:120} INFO - ::group::Pre task execution logs
[2026-01-01T09:08:27.316+0000] {taskinstance.py:2076} INFO - Dependencies all met for dep_context=non-requeueable deps ti=<TaskInstance: thongtin_cty_bctc.ingest_overview scheduled__2025-12-30T00:00:00+00:00 map_index=91 [queued]>
[2026-01-01T09:08:27.355+0000] {taskinstance.py:2076} INFO - Dependencies all met for dep_context=requeueable deps ti=<TaskInstance: thongtin_cty_bctc.ingest_overview scheduled__2025-12-30T00:00:00+00:00 map_index=91 [queued]>
[2026-01-01T09:08:27.356+0000] {taskinstance.py:2306} INFO - Starting attempt 2 of 3
[2026-01-01T09:08:27.376+0000] {taskinstance.py:2330} INFO - Executing <Mapped(DfToCsvOperator): ingest_overview> on 2025-12-30 00:00:00+00:00
[2026-01-01T09:08:27.390+0000] {warnings.py:112} WARNING - This process (pid=11878) is multi-threaded, use of fork() may lead to deadlocks in the child.

[2026-01-01T09:08:27.392+0000] {standard_task_runner.py:64} INFO - Started process 11959 to run task
[2026-01-01T09:08:27.395+0000] {standard_task_runner.py:90} INFO - Running: ['***', 'tasks', 'run', 'thongtin_cty_bctc', 'ingest_overview', 'scheduled__2025-12-30T00:00:00+00:00', '--job-id', '4702', '--raw', '--subdir', 'DAGS_FOLDER/tt_cty_bctc.py', '--cfg-path', '/tmp/tmpriertmo5', '--map-index', '91']
[2026-01-01T09:08:27.396+0000] {standard_task_runner.py:91} INFO - Job 4702: Subtask ingest_overview
[2026-01-01T09:08:27.468+0000] {task_command.py:426} INFO - Running <TaskInstance: thongtin_cty_bctc.ingest_overview scheduled__2025-12-30T00:00:00+00:00 map_index=91 [running]> on host b455963a0603
[2026-01-01T09:08:27.943+0000] {taskinstance.py:2648} INFO - Exporting env vars: AIRFLOW_CTX_DAG_OWNER='***' AIRFLOW_CTX_DAG_ID='thongtin_cty_bctc' AIRFLOW_CTX_TASK_ID='ingest_overview' AIRFLOW_CTX_EXECUTION_DATE='2025-12-30T00:00:00+00:00' AIRFLOW_CTX_TRY_NUMBER='2' AIRFLOW_CTX_DAG_RUN_ID='scheduled__2025-12-30T00:00:00+00:00'
[2026-01-01T09:08:27.945+0000] {taskinstance.py:430} INFO - ::endgroup::
[2026-01-01T09:08:28.427+0000] {warnings.py:112} WARNING - DataFrame.applymap has been deprecated. Use DataFrame.map instead.

[2026-01-01T09:08:29.635+0000] {warnings.py:112} WARNING - DataFrame.applymap has been deprecated. Use DataFrame.map instead.

[2026-01-01T09:08:30.822+0000] {warnings.py:112} WARNING - DataFrame.applymap has been deprecated. Use DataFrame.map instead.

[2026-01-01T09:08:31.854+0000] {base.py:84} INFO - Using connection ID 'minio_finance' for task execution.
[2026-01-01T09:08:31.856+0000] {connection_wrapper.py:384} INFO - AWS Connection (conn_id='minio_finance', conn_type='aws') credentials retrieved from login and password.
[2026-01-01T09:08:32.630+0000] {datalake_df2csv.py:53} INFO - ✅ Đã upload 3 dòng -> s3://thongtin-congty-va-bctc/overview/2025-12-30/batch_91.csv
[2026-01-01T09:08:32.631+0000] {taskinstance.py:441} INFO - ::group::Post task execution logs
[2026-01-01T09:08:32.642+0000] {taskinstance.py:1206} INFO - Marking task as SUCCESS. dag_id=thongtin_cty_bctc, task_id=ingest_overview, run_id=scheduled__2025-12-30T00:00:00+00:00, map_index=91, execution_date=20251230T000000, start_date=20260101T090827, end_date=20260101T090832
[2026-01-01T09:08:34.049+0000] {local_task_job_runner.py:243} INFO - Task exited with return code 0
[2026-01-01T09:08:34.068+0000] {local_task_job_runner.py:222} INFO - ::endgroup::
