[2026-01-01T03:04:59.744+0000] {local_task_job_runner.py:120} INFO - ::group::Pre task execution logs
[2026-01-01T03:04:59.780+0000] {taskinstance.py:2076} INFO - Dependencies all met for dep_context=non-requeueable deps ti=<TaskInstance: thongtin_cty_bctc.ingest_overview manual__2026-01-01T02:50:50+00:00 map_index=14 [queued]>
[2026-01-01T03:04:59.799+0000] {taskinstance.py:2076} INFO - Dependencies all met for dep_context=requeueable deps ti=<TaskInstance: thongtin_cty_bctc.ingest_overview manual__2026-01-01T02:50:50+00:00 map_index=14 [queued]>
[2026-01-01T03:04:59.800+0000] {taskinstance.py:2306} INFO - Starting attempt 1 of 2
[2026-01-01T03:04:59.823+0000] {taskinstance.py:2330} INFO - Executing <Mapped(DfToCsvOperator): ingest_overview> on 2026-01-01 02:50:50+00:00
[2026-01-01T03:04:59.837+0000] {warnings.py:112} WARNING - This process (pid=28681) is multi-threaded, use of fork() may lead to deadlocks in the child.

[2026-01-01T03:04:59.839+0000] {standard_task_runner.py:64} INFO - Started process 28802 to run task
[2026-01-01T03:04:59.847+0000] {standard_task_runner.py:90} INFO - Running: ['***', 'tasks', 'run', 'thongtin_cty_bctc', 'ingest_overview', 'manual__2026-01-01T02:50:50+00:00', '--job-id', '3114', '--raw', '--subdir', 'DAGS_FOLDER/tt_cty_bctc.py', '--cfg-path', '/tmp/tmpjlkj65hg', '--map-index', '14']
[2026-01-01T03:04:59.864+0000] {standard_task_runner.py:91} INFO - Job 3114: Subtask ingest_overview
[2026-01-01T03:04:59.973+0000] {task_command.py:426} INFO - Running <TaskInstance: thongtin_cty_bctc.ingest_overview manual__2026-01-01T02:50:50+00:00 map_index=14 [running]> on host 43b0a0f7606b
[2026-01-01T03:05:00.182+0000] {taskinstance.py:2648} INFO - Exporting env vars: AIRFLOW_CTX_DAG_OWNER='***' AIRFLOW_CTX_DAG_ID='thongtin_cty_bctc' AIRFLOW_CTX_TASK_ID='ingest_overview' AIRFLOW_CTX_EXECUTION_DATE='2026-01-01T02:50:50+00:00' AIRFLOW_CTX_TRY_NUMBER='1' AIRFLOW_CTX_DAG_RUN_ID='manual__2026-01-01T02:50:50+00:00'
[2026-01-01T03:05:00.184+0000] {taskinstance.py:430} INFO - ::endgroup::
[2026-01-01T03:05:00.397+0000] {logging_mixin.py:188} INFO - Err overview BSI: Failed to fetch data: 429 - Too Many Requests
[2026-01-01T03:05:01.559+0000] {logging_mixin.py:188} INFO - Err overview FTS: Failed to fetch data: 429 - Too Many Requests
[2026-01-01T03:05:02.717+0000] {logging_mixin.py:188} INFO - Err overview VGT: Failed to fetch data: 429 - Too Many Requests
[2026-01-01T03:05:03.735+0000] {datalake_df2csv.py:40} INFO - DataFrame rỗng, bỏ qua upload CSV.
[2026-01-01T03:05:03.736+0000] {taskinstance.py:441} INFO - ::group::Post task execution logs
[2026-01-01T03:05:03.778+0000] {taskinstance.py:1206} INFO - Marking task as SUCCESS. dag_id=thongtin_cty_bctc, task_id=ingest_overview, run_id=manual__2026-01-01T02:50:50+00:00, map_index=14, execution_date=20260101T025050, start_date=20260101T030459, end_date=20260101T030503
[2026-01-01T03:05:03.847+0000] {local_task_job_runner.py:243} INFO - Task exited with return code 0
[2026-01-01T03:05:03.906+0000] {taskinstance.py:3503} INFO - 0 downstream tasks scheduled from follow-on schedule check
[2026-01-01T03:05:03.909+0000] {local_task_job_runner.py:222} INFO - ::endgroup::
