[2026-01-12T15:26:14.708+0000] {local_task_job_runner.py:120} INFO - ::group::Pre task execution logs
[2026-01-12T15:26:14.823+0000] {taskinstance.py:2076} INFO - Dependencies all met for dep_context=non-requeueable deps ti=<TaskInstance: financial_ratios_etl.ingest_financial_ratios manual__2026-01-12T15:14:43+00:00 map_index=734 [queued]>
[2026-01-12T15:26:14.900+0000] {taskinstance.py:2076} INFO - Dependencies all met for dep_context=requeueable deps ti=<TaskInstance: financial_ratios_etl.ingest_financial_ratios manual__2026-01-12T15:14:43+00:00 map_index=734 [queued]>
[2026-01-12T15:26:14.901+0000] {taskinstance.py:2306} INFO - Starting attempt 1 of 2
[2026-01-12T15:26:14.924+0000] {taskinstance.py:2330} INFO - Executing <Mapped(DfToCsvOperator): ingest_financial_ratios> on 2026-01-12 15:14:43+00:00
[2026-01-12T15:26:14.943+0000] {warnings.py:112} WARNING - This process (pid=9661) is multi-threaded, use of fork() may lead to deadlocks in the child.

[2026-01-12T15:26:14.945+0000] {standard_task_runner.py:64} INFO - Started process 9761 to run task
[2026-01-12T15:26:14.948+0000] {standard_task_runner.py:90} INFO - Running: ['***', 'tasks', 'run', 'financial_ratios_etl', 'ingest_financial_ratios', 'manual__2026-01-12T15:14:43+00:00', '--job-id', '14439', '--raw', '--subdir', 'DAGS_FOLDER/financial_ratios_etl.py', '--cfg-path', '/tmp/tmphsqleby6', '--map-index', '734']
[2026-01-12T15:26:14.953+0000] {standard_task_runner.py:91} INFO - Job 14439: Subtask ingest_financial_ratios
[2026-01-12T15:26:15.041+0000] {task_command.py:426} INFO - Running <TaskInstance: financial_ratios_etl.ingest_financial_ratios manual__2026-01-12T15:14:43+00:00 map_index=734 [running]> on host 5a20a797a43c
[2026-01-12T15:26:15.210+0000] {taskinstance.py:2648} INFO - Exporting env vars: AIRFLOW_CTX_DAG_OWNER='***' AIRFLOW_CTX_DAG_ID='financial_ratios_etl' AIRFLOW_CTX_TASK_ID='ingest_financial_ratios' AIRFLOW_CTX_EXECUTION_DATE='2026-01-12T15:14:43+00:00' AIRFLOW_CTX_TRY_NUMBER='1' AIRFLOW_CTX_DAG_RUN_ID='manual__2026-01-12T15:14:43+00:00'
[2026-01-12T15:26:15.211+0000] {taskinstance.py:430} INFO - ::endgroup::
[2026-01-12T15:26:15.221+0000] {logging_mixin.py:188} INFO - [RATIO] Bắt đầu xử lý batch 2 mã: ['CMW', 'CMV']
[2026-01-12T15:26:15.222+0000] {logging_mixin.py:188} INFO - [RATIO] Kỳ dữ liệu: quarter
[2026-01-12T15:26:15.222+0000] {logging_mixin.py:188} INFO -  >> [RATIO] Đang lấy dữ liệu: CMW
[2026-01-12T15:26:16.024+0000] {logging_mixin.py:188} INFO -  ✓ [RATIO] CMW: 36 rows
[2026-01-12T15:26:18.025+0000] {logging_mixin.py:188} INFO -  >> [RATIO] Đang lấy dữ liệu: CMV
[2026-01-12T15:26:19.018+0000] {logging_mixin.py:188} INFO -  ✓ [RATIO] CMV: 51 rows
[2026-01-12T15:26:21.020+0000] {logging_mixin.py:188} INFO -  ✅ [RATIO] Hoàn thành batch. Tổng số dòng: 87
[2026-01-12T15:26:21.042+0000] {base.py:84} INFO - Using connection ID 'minio_finance' for task execution.
[2026-01-12T15:26:21.043+0000] {connection_wrapper.py:384} INFO - AWS Connection (conn_id='minio_finance', conn_type='aws') credentials retrieved from login and password.
[2026-01-12T15:26:21.990+0000] {datalake_df2csv.py:52} INFO - ✅ Đã upload 87 dòng -> s3://thongtin-congty-va-bctc/financial_ratios/2026-01-12/batch_734.csv
[2026-01-12T15:26:21.991+0000] {taskinstance.py:441} INFO - ::group::Post task execution logs
[2026-01-12T15:26:22.007+0000] {taskinstance.py:1206} INFO - Marking task as SUCCESS. dag_id=financial_ratios_etl, task_id=ingest_financial_ratios, run_id=manual__2026-01-12T15:14:43+00:00, map_index=734, execution_date=20260112T151443, start_date=20260112T152614, end_date=20260112T152622
[2026-01-12T15:26:22.084+0000] {local_task_job_runner.py:243} INFO - Task exited with return code 0
[2026-01-12T15:26:22.120+0000] {taskinstance.py:3503} INFO - 0 downstream tasks scheduled from follow-on schedule check
[2026-01-12T15:26:22.126+0000] {local_task_job_runner.py:222} INFO - ::endgroup::
