[2026-01-01T02:36:59.730+0000] {local_task_job_runner.py:120} INFO - ::group::Pre task execution logs
[2026-01-01T02:36:59.766+0000] {taskinstance.py:2076} INFO - Dependencies all met for dep_context=non-requeueable deps ti=<TaskInstance: thongtin_cty_bctc.ingest_overview scheduled__2025-12-30T00:00:00+00:00 map_index=55 [queued]>
[2026-01-01T02:36:59.787+0000] {taskinstance.py:2076} INFO - Dependencies all met for dep_context=requeueable deps ti=<TaskInstance: thongtin_cty_bctc.ingest_overview scheduled__2025-12-30T00:00:00+00:00 map_index=55 [queued]>
[2026-01-01T02:36:59.788+0000] {taskinstance.py:2306} INFO - Starting attempt 2 of 3
[2026-01-01T02:36:59.805+0000] {taskinstance.py:2330} INFO - Executing <Mapped(DfToCsvOperator): ingest_overview> on 2025-12-30 00:00:00+00:00
[2026-01-01T02:36:59.817+0000] {warnings.py:112} WARNING - This process (pid=16743) is multi-threaded, use of fork() may lead to deadlocks in the child.

[2026-01-01T02:36:59.819+0000] {standard_task_runner.py:64} INFO - Started process 16783 to run task
[2026-01-01T02:36:59.821+0000] {standard_task_runner.py:90} INFO - Running: ['***', 'tasks', 'run', 'thongtin_cty_bctc', 'ingest_overview', 'scheduled__2025-12-30T00:00:00+00:00', '--job-id', '2054', '--raw', '--subdir', 'DAGS_FOLDER/tt_cty_bctc.py', '--cfg-path', '/tmp/tmp2t1cges6', '--map-index', '55']
[2026-01-01T02:36:59.823+0000] {standard_task_runner.py:91} INFO - Job 2054: Subtask ingest_overview
[2026-01-01T02:36:59.884+0000] {task_command.py:426} INFO - Running <TaskInstance: thongtin_cty_bctc.ingest_overview scheduled__2025-12-30T00:00:00+00:00 map_index=55 [running]> on host 43b0a0f7606b
[2026-01-01T02:37:00.000+0000] {taskinstance.py:2648} INFO - Exporting env vars: AIRFLOW_CTX_DAG_OWNER='***' AIRFLOW_CTX_DAG_ID='thongtin_cty_bctc' AIRFLOW_CTX_TASK_ID='ingest_overview' AIRFLOW_CTX_EXECUTION_DATE='2025-12-30T00:00:00+00:00' AIRFLOW_CTX_TRY_NUMBER='2' AIRFLOW_CTX_DAG_RUN_ID='scheduled__2025-12-30T00:00:00+00:00'
[2026-01-01T02:37:00.001+0000] {taskinstance.py:430} INFO - ::endgroup::
[2026-01-01T02:37:00.156+0000] {logging_mixin.py:188} INFO - Err overview HND: Failed to fetch data: 429 - Too Many Requests
[2026-01-01T02:37:00.282+0000] {logging_mixin.py:188} INFO - Err overview HNB: Failed to fetch data: 429 - Too Many Requests
[2026-01-01T02:37:00.422+0000] {logging_mixin.py:188} INFO - Err overview HNA: Failed to fetch data: 429 - Too Many Requests
[2026-01-01T02:37:00.551+0000] {logging_mixin.py:188} INFO - Err overview HMS: Failed to fetch data: 429 - Too Many Requests
[2026-01-01T02:37:00.722+0000] {logging_mixin.py:188} INFO - Err overview HMR: Failed to fetch data: 429 - Too Many Requests
[2026-01-01T02:37:00.895+0000] {logging_mixin.py:188} INFO - Err overview HMH: Failed to fetch data: 429 - Too Many Requests
[2026-01-01T02:37:01.067+0000] {logging_mixin.py:188} INFO - Err overview HMG: Failed to fetch data: 429 - Too Many Requests
[2026-01-01T02:37:01.217+0000] {logging_mixin.py:188} INFO - Err overview HMD: Failed to fetch data: 429 - Too Many Requests
[2026-01-01T02:37:01.358+0000] {logging_mixin.py:188} INFO - Err overview HMC: Failed to fetch data: 429 - Too Many Requests
[2026-01-01T02:37:01.508+0000] {logging_mixin.py:188} INFO - Err overview HLY: Failed to fetch data: 429 - Too Many Requests
[2026-01-01T02:37:22.668+0000] {logging_mixin.py:188} INFO - Err overview HLT: Failed to fetch data: 429 - Too Many Requests
[2026-01-01T02:37:22.773+0000] {logging_mixin.py:188} INFO - Err overview HLS: Failed to fetch data: 429 - Too Many Requests
[2026-01-01T02:37:22.882+0000] {logging_mixin.py:188} INFO - Err overview HLR: Failed to fetch data: 429 - Too Many Requests
[2026-01-01T02:37:22.985+0000] {logging_mixin.py:188} INFO - Err overview HLO: Failed to fetch data: 429 - Too Many Requests
[2026-01-01T02:37:23.098+0000] {logging_mixin.py:188} INFO - Err overview HLG: Failed to fetch data: 429 - Too Many Requests
[2026-01-01T02:37:23.224+0000] {logging_mixin.py:188} INFO - Err overview HLE: Failed to fetch data: 429 - Too Many Requests
[2026-01-01T02:37:23.337+0000] {logging_mixin.py:188} INFO - Err overview HLD: Failed to fetch data: 429 - Too Many Requests
[2026-01-01T02:37:23.442+0000] {logging_mixin.py:188} INFO - Err overview HLC: Failed to fetch data: 429 - Too Many Requests
[2026-01-01T02:37:23.549+0000] {logging_mixin.py:188} INFO - Err overview HLB: Failed to fetch data: 429 - Too Many Requests
[2026-01-01T02:37:23.656+0000] {logging_mixin.py:188} INFO - Err overview HLA: Failed to fetch data: 429 - Too Many Requests
[2026-01-01T02:37:23.663+0000] {datalake_df2csv.py:40} INFO - DataFrame rỗng, bỏ qua upload CSV.
[2026-01-01T02:37:23.664+0000] {taskinstance.py:441} INFO - ::group::Post task execution logs
[2026-01-01T02:37:23.676+0000] {taskinstance.py:1206} INFO - Marking task as SUCCESS. dag_id=thongtin_cty_bctc, task_id=ingest_overview, run_id=scheduled__2025-12-30T00:00:00+00:00, map_index=55, execution_date=20251230T000000, start_date=20260101T023659, end_date=20260101T023723
[2026-01-01T02:37:23.750+0000] {local_task_job_runner.py:243} INFO - Task exited with return code 0
[2026-01-01T02:37:23.777+0000] {taskinstance.py:3503} INFO - 0 downstream tasks scheduled from follow-on schedule check
[2026-01-01T02:37:23.779+0000] {local_task_job_runner.py:222} INFO - ::endgroup::
