[2026-01-01T02:14:06.594+0000] {local_task_job_runner.py:120} INFO - ::group::Pre task execution logs
[2026-01-01T02:14:06.689+0000] {taskinstance.py:2076} INFO - Dependencies all met for dep_context=non-requeueable deps ti=<TaskInstance: thongtin_cty_bctc.ingest_overview scheduled__2025-12-31T00:00:00+00:00 map_index=158 [queued]>
[2026-01-01T02:14:06.764+0000] {taskinstance.py:2076} INFO - Dependencies all met for dep_context=requeueable deps ti=<TaskInstance: thongtin_cty_bctc.ingest_overview scheduled__2025-12-31T00:00:00+00:00 map_index=158 [queued]>
[2026-01-01T02:14:06.766+0000] {taskinstance.py:2306} INFO - Starting attempt 1 of 2
[2026-01-01T02:14:06.809+0000] {taskinstance.py:2330} INFO - Executing <Mapped(DfToCsvOperator): ingest_overview> on 2025-12-31 00:00:00+00:00
[2026-01-01T02:14:06.847+0000] {warnings.py:112} WARNING - This process (pid=5354) is multi-threaded, use of fork() may lead to deadlocks in the child.

[2026-01-01T02:14:06.849+0000] {standard_task_runner.py:64} INFO - Started process 5496 to run task
[2026-01-01T02:14:06.856+0000] {standard_task_runner.py:90} INFO - Running: ['***', 'tasks', 'run', 'thongtin_cty_bctc', 'ingest_overview', 'scheduled__2025-12-31T00:00:00+00:00', '--job-id', '1045', '--raw', '--subdir', 'DAGS_FOLDER/tt_cty_bctc.py', '--cfg-path', '/tmp/tmpadess0jl', '--map-index', '158']
[2026-01-01T02:14:06.860+0000] {standard_task_runner.py:91} INFO - Job 1045: Subtask ingest_overview
[2026-01-01T02:14:07.006+0000] {task_command.py:426} INFO - Running <TaskInstance: thongtin_cty_bctc.ingest_overview scheduled__2025-12-31T00:00:00+00:00 map_index=158 [running]> on host 43b0a0f7606b
[2026-01-01T02:14:07.706+0000] {taskinstance.py:2648} INFO - Exporting env vars: AIRFLOW_CTX_DAG_OWNER='***' AIRFLOW_CTX_DAG_ID='thongtin_cty_bctc' AIRFLOW_CTX_TASK_ID='ingest_overview' AIRFLOW_CTX_EXECUTION_DATE='2025-12-31T00:00:00+00:00' AIRFLOW_CTX_TRY_NUMBER='1' AIRFLOW_CTX_DAG_RUN_ID='scheduled__2025-12-31T00:00:00+00:00'
[2026-01-01T02:14:07.708+0000] {taskinstance.py:430} INFO - ::endgroup::
[2026-01-01T02:14:07.920+0000] {logging_mixin.py:188} INFO - Err overview NHP: Failed to fetch data: 429 - Too Many Requests
[2026-01-01T02:14:08.149+0000] {logging_mixin.py:188} INFO - Err overview NHH: Failed to fetch data: 429 - Too Many Requests
[2026-01-01T02:14:08.306+0000] {logging_mixin.py:188} INFO - Err overview NHC: Failed to fetch data: 429 - Too Many Requests
[2026-01-01T02:14:08.647+0000] {logging_mixin.py:188} INFO - Err overview NHA: Failed to fetch data: 429 - Too Many Requests
[2026-01-01T02:14:08.995+0000] {logging_mixin.py:188} INFO - Err overview NGC: Failed to fetch data: 429 - Too Many Requests
[2026-01-01T02:14:09.018+0000] {datalake_df2csv.py:40} INFO - DataFrame rỗng, bỏ qua upload CSV.
[2026-01-01T02:14:09.395+0000] {taskinstance.py:441} INFO - ::group::Post task execution logs
[2026-01-01T02:14:27.449+0000] {taskinstance.py:1206} INFO - Marking task as SUCCESS. dag_id=thongtin_cty_bctc, task_id=ingest_overview, run_id=scheduled__2025-12-31T00:00:00+00:00, map_index=158, execution_date=20251231T000000, start_date=20260101T021406, end_date=20260101T021427
[2026-01-01T02:14:27.519+0000] {local_task_job_runner.py:243} INFO - Task exited with return code 0
[2026-01-01T02:14:27.535+0000] {local_task_job_runner.py:222} INFO - ::endgroup::
