[2026-01-12T15:23:03.362+0000] {local_task_job_runner.py:120} INFO - ::group::Pre task execution logs
[2026-01-12T15:23:03.447+0000] {taskinstance.py:2076} INFO - Dependencies all met for dep_context=non-requeueable deps ti=<TaskInstance: financial_ratios_etl.ingest_financial_ratios manual__2026-01-12T15:14:43+00:00 map_index=509 [queued]>
[2026-01-12T15:23:03.519+0000] {taskinstance.py:2076} INFO - Dependencies all met for dep_context=requeueable deps ti=<TaskInstance: financial_ratios_etl.ingest_financial_ratios manual__2026-01-12T15:14:43+00:00 map_index=509 [queued]>
[2026-01-12T15:23:03.520+0000] {taskinstance.py:2306} INFO - Starting attempt 1 of 2
[2026-01-12T15:23:03.549+0000] {taskinstance.py:2330} INFO - Executing <Mapped(DfToCsvOperator): ingest_financial_ratios> on 2026-01-12 15:14:43+00:00
[2026-01-12T15:23:03.567+0000] {warnings.py:112} WARNING - This process (pid=6738) is multi-threaded, use of fork() may lead to deadlocks in the child.

[2026-01-12T15:23:03.570+0000] {standard_task_runner.py:64} INFO - Started process 6811 to run task
[2026-01-12T15:23:03.573+0000] {standard_task_runner.py:90} INFO - Running: ['***', 'tasks', 'run', 'financial_ratios_etl', 'ingest_financial_ratios', 'manual__2026-01-12T15:14:43+00:00', '--job-id', '14214', '--raw', '--subdir', 'DAGS_FOLDER/financial_ratios_etl.py', '--cfg-path', '/tmp/tmp0to7msbl', '--map-index', '509']
[2026-01-12T15:23:03.578+0000] {standard_task_runner.py:91} INFO - Job 14214: Subtask ingest_financial_ratios
[2026-01-12T15:23:03.656+0000] {task_command.py:426} INFO - Running <TaskInstance: financial_ratios_etl.ingest_financial_ratios manual__2026-01-12T15:14:43+00:00 map_index=509 [running]> on host 5a20a797a43c
[2026-01-12T15:23:03.834+0000] {taskinstance.py:2648} INFO - Exporting env vars: AIRFLOW_CTX_DAG_OWNER='***' AIRFLOW_CTX_DAG_ID='financial_ratios_etl' AIRFLOW_CTX_TASK_ID='ingest_financial_ratios' AIRFLOW_CTX_EXECUTION_DATE='2026-01-12T15:14:43+00:00' AIRFLOW_CTX_TRY_NUMBER='1' AIRFLOW_CTX_DAG_RUN_ID='manual__2026-01-12T15:14:43+00:00'
[2026-01-12T15:23:03.839+0000] {taskinstance.py:430} INFO - ::endgroup::
[2026-01-12T15:23:03.851+0000] {logging_mixin.py:188} INFO - [RATIO] Bắt đầu xử lý batch 2 mã: ['ILC', 'ILB']
[2026-01-12T15:23:03.852+0000] {logging_mixin.py:188} INFO - [RATIO] Kỳ dữ liệu: quarter
[2026-01-12T15:23:03.852+0000] {logging_mixin.py:188} INFO -  >> [RATIO] Đang lấy dữ liệu: ILC
[2026-01-12T15:23:04.716+0000] {logging_mixin.py:188} INFO -  ✓ [RATIO] ILC: 8 rows
[2026-01-12T15:23:06.717+0000] {logging_mixin.py:188} INFO -  >> [RATIO] Đang lấy dữ liệu: ILB
[2026-01-12T15:23:07.785+0000] {logging_mixin.py:188} INFO -  ✓ [RATIO] ILB: 43 rows
[2026-01-12T15:23:09.791+0000] {logging_mixin.py:188} INFO -  ✅ [RATIO] Hoàn thành batch. Tổng số dòng: 51
[2026-01-12T15:23:09.812+0000] {base.py:84} INFO - Using connection ID 'minio_finance' for task execution.
[2026-01-12T15:23:09.813+0000] {connection_wrapper.py:384} INFO - AWS Connection (conn_id='minio_finance', conn_type='aws') credentials retrieved from login and password.
[2026-01-12T15:23:10.379+0000] {datalake_df2csv.py:52} INFO - ✅ Đã upload 51 dòng -> s3://thongtin-congty-va-bctc/financial_ratios/2026-01-12/batch_509.csv
[2026-01-12T15:23:10.381+0000] {taskinstance.py:441} INFO - ::group::Post task execution logs
[2026-01-12T15:23:10.392+0000] {taskinstance.py:1206} INFO - Marking task as SUCCESS. dag_id=financial_ratios_etl, task_id=ingest_financial_ratios, run_id=manual__2026-01-12T15:14:43+00:00, map_index=509, execution_date=20260112T151443, start_date=20260112T152303, end_date=20260112T152310
[2026-01-12T15:23:10.428+0000] {local_task_job_runner.py:243} INFO - Task exited with return code 0
[2026-01-12T15:23:10.447+0000] {taskinstance.py:3503} INFO - 0 downstream tasks scheduled from follow-on schedule check
[2026-01-12T15:23:10.449+0000] {local_task_job_runner.py:222} INFO - ::endgroup::
