[2026-01-10T15:11:19.771+0000] {local_task_job_runner.py:120} INFO - ::group::Pre task execution logs
[2026-01-10T15:11:19.893+0000] {taskinstance.py:2076} INFO - Dependencies all met for dep_context=non-requeueable deps ti=<TaskInstance: thongtin_cty_bctc.ingest_bctc scheduled__2025-12-30T00:00:00+00:00 map_index=337 [queued]>
[2026-01-10T15:11:20.250+0000] {taskinstance.py:2076} INFO - Dependencies all met for dep_context=requeueable deps ti=<TaskInstance: thongtin_cty_bctc.ingest_bctc scheduled__2025-12-30T00:00:00+00:00 map_index=337 [queued]>
[2026-01-10T15:11:20.252+0000] {taskinstance.py:2306} INFO - Starting attempt 1 of 2
[2026-01-10T15:11:20.321+0000] {taskinstance.py:2330} INFO - Executing <Mapped(DfToCsvOperator): ingest_bctc> on 2025-12-30 00:00:00+00:00
[2026-01-10T15:11:20.343+0000] {warnings.py:112} WARNING - This process (pid=5626) is multi-threaded, use of fork() may lead to deadlocks in the child.

[2026-01-10T15:11:20.347+0000] {standard_task_runner.py:64} INFO - Started process 5719 to run task
[2026-01-10T15:11:20.353+0000] {standard_task_runner.py:90} INFO - Running: ['***', 'tasks', 'run', 'thongtin_cty_bctc', 'ingest_bctc', 'scheduled__2025-12-30T00:00:00+00:00', '--job-id', '9115', '--raw', '--subdir', 'DAGS_FOLDER/tt_cty_bctc.py', '--cfg-path', '/tmp/tmp7yhxe4p8', '--map-index', '337']
[2026-01-10T15:11:20.356+0000] {standard_task_runner.py:91} INFO - Job 9115: Subtask ingest_bctc
[2026-01-10T15:11:20.479+0000] {task_command.py:426} INFO - Running <TaskInstance: thongtin_cty_bctc.ingest_bctc scheduled__2025-12-30T00:00:00+00:00 map_index=337 [running]> on host c44bcb92a951
[2026-01-10T15:11:20.694+0000] {taskinstance.py:2648} INFO - Exporting env vars: AIRFLOW_CTX_DAG_OWNER='***' AIRFLOW_CTX_DAG_ID='thongtin_cty_bctc' AIRFLOW_CTX_TASK_ID='ingest_bctc' AIRFLOW_CTX_EXECUTION_DATE='2025-12-30T00:00:00+00:00' AIRFLOW_CTX_TRY_NUMBER='1' AIRFLOW_CTX_DAG_RUN_ID='scheduled__2025-12-30T00:00:00+00:00'
[2026-01-10T15:11:20.698+0000] {taskinstance.py:430} INFO - ::endgroup::
[2026-01-10T15:11:20.710+0000] {logging_mixin.py:188} INFO - Bắt đầu xử lý batch 3 mã: ['INN', 'ING', 'INC']
[2026-01-10T15:11:20.710+0000] {logging_mixin.py:188} INFO -  >> Đang lấy dữ liệu: INN
[2026-01-10T15:11:23.667+0000] {logging_mixin.py:188} INFO -  >> Đang lấy dữ liệu: ING
[2026-01-10T15:11:28.497+0000] {logging_mixin.py:188} INFO -  >> Đang lấy dữ liệu: INC
[2026-01-10T15:11:31.218+0000] {logging_mixin.py:188} INFO -  ✓ Hoàn thành batch. Tổng số dòng: 8646
[2026-01-10T15:11:31.268+0000] {base.py:84} INFO - Using connection ID 'minio_finance' for task execution.
[2026-01-10T15:11:31.269+0000] {connection_wrapper.py:384} INFO - AWS Connection (conn_id='minio_finance', conn_type='aws') credentials retrieved from login and password.
[2026-01-10T15:11:31.714+0000] {datalake_df2csv.py:52} INFO - ✅ Đã upload 8646 dòng -> s3://thongtin-congty-va-bctc/bctc/2025-12-30/batch_337.csv
[2026-01-10T15:11:31.715+0000] {taskinstance.py:441} INFO - ::group::Post task execution logs
[2026-01-10T15:11:31.725+0000] {taskinstance.py:1206} INFO - Marking task as SUCCESS. dag_id=thongtin_cty_bctc, task_id=ingest_bctc, run_id=scheduled__2025-12-30T00:00:00+00:00, map_index=337, execution_date=20251230T000000, start_date=20260110T151119, end_date=20260110T151131
[2026-01-10T15:11:31.782+0000] {local_task_job_runner.py:243} INFO - Task exited with return code 0
[2026-01-10T15:11:31.792+0000] {local_task_job_runner.py:222} INFO - ::endgroup::
