[2025-12-31T14:39:31.946+0000] {local_task_job_runner.py:120} INFO - ::group::Pre task execution logs
[2025-12-31T14:39:31.968+0000] {taskinstance.py:2076} INFO - Dependencies all met for dep_context=non-requeueable deps ti=<TaskInstance: thongtin_cty_bctc.ingest_bctc manual__2025-12-31T14:34:21.190447+00:00 map_index=15 [queued]>
[2025-12-31T14:39:31.980+0000] {taskinstance.py:2076} INFO - Dependencies all met for dep_context=requeueable deps ti=<TaskInstance: thongtin_cty_bctc.ingest_bctc manual__2025-12-31T14:34:21.190447+00:00 map_index=15 [queued]>
[2025-12-31T14:39:31.980+0000] {taskinstance.py:2306} INFO - Starting attempt 1 of 2
[2025-12-31T14:39:31.994+0000] {taskinstance.py:2330} INFO - Executing <Mapped(DfToCsvOperator): ingest_bctc> on 2025-12-31 14:34:21.190447+00:00
[2025-12-31T14:39:32.003+0000] {warnings.py:112} WARNING - This process (pid=4043) is multi-threaded, use of fork() may lead to deadlocks in the child.

[2025-12-31T14:39:32.005+0000] {standard_task_runner.py:64} INFO - Started process 4081 to run task
[2025-12-31T14:39:32.007+0000] {standard_task_runner.py:90} INFO - Running: ['***', 'tasks', 'run', 'thongtin_cty_bctc', 'ingest_bctc', 'manual__2025-12-31T14:34:21.190447+00:00', '--job-id', '313', '--raw', '--subdir', 'DAGS_FOLDER/tt_cty_bctc.py', '--cfg-path', '/tmp/tmpkopz5t7t', '--map-index', '15']
[2025-12-31T14:39:32.008+0000] {standard_task_runner.py:91} INFO - Job 313: Subtask ingest_bctc
[2025-12-31T14:39:32.052+0000] {task_command.py:426} INFO - Running <TaskInstance: thongtin_cty_bctc.ingest_bctc manual__2025-12-31T14:34:21.190447+00:00 map_index=15 [running]> on host 8bc7f11ea9a4
[2025-12-31T14:39:32.156+0000] {taskinstance.py:2648} INFO - Exporting env vars: AIRFLOW_CTX_DAG_OWNER='***' AIRFLOW_CTX_DAG_ID='thongtin_cty_bctc' AIRFLOW_CTX_TASK_ID='ingest_bctc' AIRFLOW_CTX_EXECUTION_DATE='2025-12-31T14:34:21.190447+00:00' AIRFLOW_CTX_TRY_NUMBER='1' AIRFLOW_CTX_DAG_RUN_ID='manual__2025-12-31T14:34:21.190447+00:00'
[2025-12-31T14:39:32.157+0000] {taskinstance.py:430} INFO - ::endgroup::
[2025-12-31T14:39:32.169+0000] {logging_mixin.py:188} INFO - Bắt đầu xử lý batch 20 mã: ['TMC', 'TMB', 'TLT', 'TLP', 'TLI', 'TLH', 'TLG', 'TLD', 'TL4', 'TKU', 'TKG', 'TKC', 'TKA', 'TJC', 'TIX', 'TIS', 'TIP', 'TIN', 'TIG', 'TIE']
[2025-12-31T14:39:32.169+0000] {logging_mixin.py:188} INFO -  >> Đang lấy dữ liệu: TMC
[2025-12-31T14:39:32.346+0000] {logging_mixin.py:188} INFO -  Lỗi xử lý mã TMC: Failed to fetch data: 429 - Too Many Requests
[2025-12-31T14:39:32.347+0000] {logging_mixin.py:188} INFO -  >> Đang lấy dữ liệu: TMB
[2025-12-31T14:39:32.487+0000] {logging_mixin.py:188} INFO -  Lỗi xử lý mã TMB: Failed to fetch data: 429 - Too Many Requests
[2025-12-31T14:39:32.488+0000] {logging_mixin.py:188} INFO -  >> Đang lấy dữ liệu: TLT
[2025-12-31T14:39:32.663+0000] {logging_mixin.py:188} INFO -  Lỗi xử lý mã TLT: Failed to fetch data: 429 - Too Many Requests
[2025-12-31T14:39:32.665+0000] {logging_mixin.py:188} INFO -  >> Đang lấy dữ liệu: TLP
[2025-12-31T14:39:32.788+0000] {logging_mixin.py:188} INFO -  Lỗi xử lý mã TLP: Failed to fetch data: 429 - Too Many Requests
[2025-12-31T14:39:32.789+0000] {logging_mixin.py:188} INFO -  >> Đang lấy dữ liệu: TLI
[2025-12-31T14:39:32.914+0000] {logging_mixin.py:188} INFO -  Lỗi xử lý mã TLI: Failed to fetch data: 429 - Too Many Requests
[2025-12-31T14:39:32.915+0000] {logging_mixin.py:188} INFO -  >> Đang lấy dữ liệu: TLH
[2025-12-31T14:39:33.037+0000] {logging_mixin.py:188} INFO -  Lỗi xử lý mã TLH: Failed to fetch data: 429 - Too Many Requests
[2025-12-31T14:39:33.038+0000] {logging_mixin.py:188} INFO -  >> Đang lấy dữ liệu: TLG
[2025-12-31T14:39:33.178+0000] {logging_mixin.py:188} INFO -  Lỗi xử lý mã TLG: Failed to fetch data: 429 - Too Many Requests
[2025-12-31T14:39:33.180+0000] {logging_mixin.py:188} INFO -  >> Đang lấy dữ liệu: TLD
[2025-12-31T14:39:33.582+0000] {logging_mixin.py:188} INFO -  Lỗi xử lý mã TLD: Failed to fetch data: 429 - Too Many Requests
[2025-12-31T14:39:33.583+0000] {logging_mixin.py:188} INFO -  >> Đang lấy dữ liệu: TL4
[2025-12-31T14:39:33.725+0000] {logging_mixin.py:188} INFO -  Lỗi xử lý mã TL4: Failed to fetch data: 429 - Too Many Requests
[2025-12-31T14:39:33.726+0000] {logging_mixin.py:188} INFO -  >> Đang lấy dữ liệu: TKU
[2025-12-31T14:39:33.836+0000] {logging_mixin.py:188} INFO -  Lỗi xử lý mã TKU: Failed to fetch data: 429 - Too Many Requests
[2025-12-31T14:39:33.837+0000] {logging_mixin.py:188} INFO -  >> Đang lấy dữ liệu: TKG
[2025-12-31T14:39:33.967+0000] {logging_mixin.py:188} INFO -  Lỗi xử lý mã TKG: Failed to fetch data: 429 - Too Many Requests
[2025-12-31T14:39:33.968+0000] {logging_mixin.py:188} INFO -  >> Đang lấy dữ liệu: TKC
[2025-12-31T14:39:34.184+0000] {logging_mixin.py:188} INFO -  Lỗi xử lý mã TKC: Failed to fetch data: 429 - Too Many Requests
[2025-12-31T14:39:34.185+0000] {logging_mixin.py:188} INFO -  >> Đang lấy dữ liệu: TKA
[2025-12-31T14:39:34.323+0000] {logging_mixin.py:188} INFO -  Lỗi xử lý mã TKA: Failed to fetch data: 429 - Too Many Requests
[2025-12-31T14:39:34.324+0000] {logging_mixin.py:188} INFO -  >> Đang lấy dữ liệu: TJC
[2025-12-31T14:39:34.432+0000] {logging_mixin.py:188} INFO -  Lỗi xử lý mã TJC: Failed to fetch data: 429 - Too Many Requests
[2025-12-31T14:39:34.433+0000] {logging_mixin.py:188} INFO -  >> Đang lấy dữ liệu: TIX
[2025-12-31T14:39:55.572+0000] {logging_mixin.py:188} INFO -  Lỗi xử lý mã TIX: Failed to fetch data: 429 - Too Many Requests
[2025-12-31T14:39:55.573+0000] {logging_mixin.py:188} INFO -  >> Đang lấy dữ liệu: TIS
[2025-12-31T14:39:55.689+0000] {logging_mixin.py:188} INFO -  Lỗi xử lý mã TIS: Failed to fetch data: 429 - Too Many Requests
[2025-12-31T14:39:55.690+0000] {logging_mixin.py:188} INFO -  >> Đang lấy dữ liệu: TIP
[2025-12-31T14:39:55.800+0000] {logging_mixin.py:188} INFO -  Lỗi xử lý mã TIP: Failed to fetch data: 429 - Too Many Requests
[2025-12-31T14:39:55.801+0000] {logging_mixin.py:188} INFO -  >> Đang lấy dữ liệu: TIN
[2025-12-31T14:39:55.915+0000] {logging_mixin.py:188} INFO -  Lỗi xử lý mã TIN: Failed to fetch data: 429 - Too Many Requests
[2025-12-31T14:39:55.917+0000] {logging_mixin.py:188} INFO -  >> Đang lấy dữ liệu: TIG
[2025-12-31T14:39:56.033+0000] {logging_mixin.py:188} INFO -  Lỗi xử lý mã TIG: Failed to fetch data: 429 - Too Many Requests
[2025-12-31T14:39:56.033+0000] {logging_mixin.py:188} INFO -  >> Đang lấy dữ liệu: TIE
[2025-12-31T14:39:56.149+0000] {logging_mixin.py:188} INFO -  Lỗi xử lý mã TIE: Failed to fetch data: 429 - Too Many Requests
[2025-12-31T14:39:56.150+0000] {logging_mixin.py:188} INFO -  ⚠ Batch này không thu được dữ liệu nào.
[2025-12-31T14:39:56.153+0000] {datalake_df2csv.py:40} INFO - DataFrame rỗng, bỏ qua upload CSV.
[2025-12-31T14:39:56.154+0000] {taskinstance.py:441} INFO - ::group::Post task execution logs
[2025-12-31T14:39:56.166+0000] {taskinstance.py:1206} INFO - Marking task as SUCCESS. dag_id=thongtin_cty_bctc, task_id=ingest_bctc, run_id=manual__2025-12-31T14:34:21.190447+00:00, map_index=15, execution_date=20251231T143421, start_date=20251231T143931, end_date=20251231T143956
[2025-12-31T14:39:56.316+0000] {local_task_job_runner.py:243} INFO - Task exited with return code 0
[2025-12-31T14:39:56.332+0000] {taskinstance.py:3503} INFO - 0 downstream tasks scheduled from follow-on schedule check
[2025-12-31T14:39:56.334+0000] {local_task_job_runner.py:222} INFO - ::endgroup::
