[2025-12-31T14:38:01.286+0000] {local_task_job_runner.py:120} INFO - ::group::Pre task execution logs
[2025-12-31T14:38:01.333+0000] {taskinstance.py:2076} INFO - Dependencies all met for dep_context=non-requeueable deps ti=<TaskInstance: thongtin_cty_bctc.ingest_overview scheduled__2025-12-30T00:00:00+00:00 map_index=65 [queued]>
[2025-12-31T14:38:01.368+0000] {taskinstance.py:2076} INFO - Dependencies all met for dep_context=requeueable deps ti=<TaskInstance: thongtin_cty_bctc.ingest_overview scheduled__2025-12-30T00:00:00+00:00 map_index=65 [queued]>
[2025-12-31T14:38:01.369+0000] {taskinstance.py:2306} INFO - Starting attempt 1 of 2
[2025-12-31T14:38:01.392+0000] {taskinstance.py:2330} INFO - Executing <Mapped(DfToCsvOperator): ingest_overview> on 2025-12-30 00:00:00+00:00
[2025-12-31T14:38:01.409+0000] {warnings.py:112} WARNING - This process (pid=2811) is multi-threaded, use of fork() may lead to deadlocks in the child.

[2025-12-31T14:38:01.411+0000] {standard_task_runner.py:64} INFO - Started process 2870 to run task
[2025-12-31T14:38:01.413+0000] {standard_task_runner.py:90} INFO - Running: ['***', 'tasks', 'run', 'thongtin_cty_bctc', 'ingest_overview', 'scheduled__2025-12-30T00:00:00+00:00', '--job-id', '204', '--raw', '--subdir', 'DAGS_FOLDER/tt_cty_bctc.py', '--cfg-path', '/tmp/tmptkxcrrng', '--map-index', '65']
[2025-12-31T14:38:01.415+0000] {standard_task_runner.py:91} INFO - Job 204: Subtask ingest_overview
[2025-12-31T14:38:01.527+0000] {task_command.py:426} INFO - Running <TaskInstance: thongtin_cty_bctc.ingest_overview scheduled__2025-12-30T00:00:00+00:00 map_index=65 [running]> on host 8bc7f11ea9a4
[2025-12-31T14:38:01.708+0000] {taskinstance.py:2648} INFO - Exporting env vars: AIRFLOW_CTX_DAG_OWNER='***' AIRFLOW_CTX_DAG_ID='thongtin_cty_bctc' AIRFLOW_CTX_TASK_ID='ingest_overview' AIRFLOW_CTX_EXECUTION_DATE='2025-12-30T00:00:00+00:00' AIRFLOW_CTX_TRY_NUMBER='1' AIRFLOW_CTX_DAG_RUN_ID='scheduled__2025-12-30T00:00:00+00:00'
[2025-12-31T14:38:01.710+0000] {taskinstance.py:430} INFO - ::endgroup::
[2025-12-31T14:38:01.873+0000] {logging_mixin.py:188} INFO - Err overview DVG: Failed to fetch data: 429 - Too Many Requests
[2025-12-31T14:38:02.016+0000] {logging_mixin.py:188} INFO - Err overview DVC: Failed to fetch data: 429 - Too Many Requests
[2025-12-31T14:38:23.065+0000] {log.py:232} WARNING - 2025-12-31 14:38:23 - vnstock.core.utils.client - ERROR - API request failed: HTTPSConnectionPool(host='trading.vietcap.com.vn', port=443): Max retries exceeded with url: /data-mt/graphql (Caused by NewConnectionError('<urllib3.connection.HTTPSConnection object at 0x7f68aca4b860>: Failed to establish a new connection: [Errno 111] Connection refused'))
[2025-12-31T14:38:23.065+0000] {client.py:414} ERROR - API request failed: HTTPSConnectionPool(host='trading.vietcap.com.vn', port=443): Max retries exceeded with url: /data-mt/graphql (Caused by NewConnectionError('<urllib3.connection.HTTPSConnection object at 0x7f68aca4b860>: Failed to establish a new connection: [Errno 111] Connection refused'))
[2025-12-31T14:38:23.066+0000] {logging_mixin.py:188} INFO - Err overview DUS: API request failed: HTTPSConnectionPool(host='trading.vietcap.com.vn', port=443): Max retries exceeded with url: /data-mt/graphql (Caused by NewConnectionError('<urllib3.connection.HTTPSConnection object at 0x7f68aca4b860>: Failed to establish a new connection: [Errno 111] Connection refused'))
[2025-12-31T14:38:23.207+0000] {logging_mixin.py:188} INFO - Err overview DTV: Failed to fetch data: 429 - Too Many Requests
[2025-12-31T14:38:23.353+0000] {logging_mixin.py:188} INFO - Err overview DTT: Failed to fetch data: 429 - Too Many Requests
[2025-12-31T14:38:23.511+0000] {logging_mixin.py:188} INFO - Err overview DTP: Failed to fetch data: 429 - Too Many Requests
[2025-12-31T14:38:23.660+0000] {logging_mixin.py:188} INFO - Err overview DTL: Failed to fetch data: 429 - Too Many Requests
[2025-12-31T14:38:23.810+0000] {logging_mixin.py:188} INFO - Err overview DTK: Failed to fetch data: 429 - Too Many Requests
[2025-12-31T14:38:23.949+0000] {logging_mixin.py:188} INFO - Err overview DTI: Failed to fetch data: 429 - Too Many Requests
[2025-12-31T14:38:24.119+0000] {logging_mixin.py:188} INFO - Err overview DTH: Failed to fetch data: 429 - Too Many Requests
[2025-12-31T14:38:24.269+0000] {logging_mixin.py:188} INFO - Err overview DTG: Failed to fetch data: 429 - Too Many Requests
[2025-12-31T14:38:24.444+0000] {logging_mixin.py:188} INFO - Err overview DTE: Failed to fetch data: 429 - Too Many Requests
[2025-12-31T14:38:24.728+0000] {logging_mixin.py:188} INFO - Err overview DTD: Failed to fetch data: 429 - Too Many Requests
[2025-12-31T14:38:25.013+0000] {logging_mixin.py:188} INFO - Err overview DTC: Failed to fetch data: 429 - Too Many Requests
[2025-12-31T14:38:25.308+0000] {logging_mixin.py:188} INFO - Err overview DTB: Failed to fetch data: 429 - Too Many Requests
[2025-12-31T14:38:25.713+0000] {logging_mixin.py:188} INFO - Err overview DTA: Failed to fetch data: 429 - Too Many Requests
[2025-12-31T14:38:26.129+0000] {logging_mixin.py:188} INFO - Err overview DT4: Failed to fetch data: 429 - Too Many Requests
[2025-12-31T14:38:26.282+0000] {logging_mixin.py:188} INFO - Err overview DSV: Failed to fetch data: 429 - Too Many Requests
[2025-12-31T14:38:26.504+0000] {logging_mixin.py:188} INFO - Err overview DST: Failed to fetch data: 429 - Too Many Requests
[2025-12-31T14:38:26.653+0000] {logging_mixin.py:188} INFO - Err overview DSP: Failed to fetch data: 429 - Too Many Requests
[2025-12-31T14:38:26.659+0000] {datalake_df2csv.py:40} INFO - DataFrame rỗng, bỏ qua upload CSV.
[2025-12-31T14:38:26.661+0000] {taskinstance.py:441} INFO - ::group::Post task execution logs
[2025-12-31T14:38:26.679+0000] {taskinstance.py:1206} INFO - Marking task as SUCCESS. dag_id=thongtin_cty_bctc, task_id=ingest_overview, run_id=scheduled__2025-12-30T00:00:00+00:00, map_index=65, execution_date=20251230T000000, start_date=20251231T143801, end_date=20251231T143826
[2025-12-31T14:38:26.723+0000] {local_task_job_runner.py:243} INFO - Task exited with return code 0
[2025-12-31T14:38:26.751+0000] {taskinstance.py:3503} INFO - 0 downstream tasks scheduled from follow-on schedule check
[2025-12-31T14:38:26.753+0000] {local_task_job_runner.py:222} INFO - ::endgroup::
