[2026-01-12T15:26:34.253+0000] {local_task_job_runner.py:120} INFO - ::group::Pre task execution logs
[2026-01-12T15:26:34.319+0000] {taskinstance.py:2076} INFO - Dependencies all met for dep_context=non-requeueable deps ti=<TaskInstance: financial_ratios_etl.ingest_financial_ratios manual__2026-01-12T15:14:43+00:00 map_index=760 [queued]>
[2026-01-12T15:26:34.367+0000] {taskinstance.py:2076} INFO - Dependencies all met for dep_context=requeueable deps ti=<TaskInstance: financial_ratios_etl.ingest_financial_ratios manual__2026-01-12T15:14:43+00:00 map_index=760 [queued]>
[2026-01-12T15:26:34.368+0000] {taskinstance.py:2306} INFO - Starting attempt 1 of 2
[2026-01-12T15:26:34.382+0000] {taskinstance.py:2330} INFO - Executing <Mapped(DfToCsvOperator): ingest_financial_ratios> on 2026-01-12 15:14:43+00:00
[2026-01-12T15:26:34.395+0000] {warnings.py:112} WARNING - This process (pid=10006) is multi-threaded, use of fork() may lead to deadlocks in the child.

[2026-01-12T15:26:34.397+0000] {standard_task_runner.py:64} INFO - Started process 10047 to run task
[2026-01-12T15:26:34.400+0000] {standard_task_runner.py:90} INFO - Running: ['***', 'tasks', 'run', 'financial_ratios_etl', 'ingest_financial_ratios', 'manual__2026-01-12T15:14:43+00:00', '--job-id', '14465', '--raw', '--subdir', 'DAGS_FOLDER/financial_ratios_etl.py', '--cfg-path', '/tmp/tmpjk69jbob', '--map-index', '760']
[2026-01-12T15:26:34.404+0000] {standard_task_runner.py:91} INFO - Job 14465: Subtask ingest_financial_ratios
[2026-01-12T15:26:34.454+0000] {task_command.py:426} INFO - Running <TaskInstance: financial_ratios_etl.ingest_financial_ratios manual__2026-01-12T15:14:43+00:00 map_index=760 [running]> on host 5a20a797a43c
[2026-01-12T15:26:34.557+0000] {taskinstance.py:2648} INFO - Exporting env vars: AIRFLOW_CTX_DAG_OWNER='***' AIRFLOW_CTX_DAG_ID='financial_ratios_etl' AIRFLOW_CTX_TASK_ID='ingest_financial_ratios' AIRFLOW_CTX_EXECUTION_DATE='2026-01-12T15:14:43+00:00' AIRFLOW_CTX_TRY_NUMBER='1' AIRFLOW_CTX_DAG_RUN_ID='manual__2026-01-12T15:14:43+00:00'
[2026-01-12T15:26:34.558+0000] {taskinstance.py:430} INFO - ::endgroup::
[2026-01-12T15:26:34.564+0000] {logging_mixin.py:188} INFO - [RATIO] Bắt đầu xử lý batch 2 mã: ['CDC', 'CCV']
[2026-01-12T15:26:34.565+0000] {logging_mixin.py:188} INFO - [RATIO] Kỳ dữ liệu: quarter
[2026-01-12T15:26:34.565+0000] {logging_mixin.py:188} INFO -  >> [RATIO] Đang lấy dữ liệu: CDC
[2026-01-12T15:26:35.535+0000] {logging_mixin.py:188} INFO -  ✓ [RATIO] CDC: 53 rows
[2026-01-12T15:26:37.536+0000] {logging_mixin.py:188} INFO -  >> [RATIO] Đang lấy dữ liệu: CCV
[2026-01-12T15:26:42.358+0000] {logging_mixin.py:188} INFO - ❌ Lỗi CCV: RetryError[<Future at 0x7f68d5e282f0 state=finished raised KeyError>]
[2026-01-12T15:26:42.360+0000] {logging_mixin.py:188} INFO -  ⚠️ [RATIO] CCV: No data from API
[2026-01-12T15:26:44.364+0000] {logging_mixin.py:188} INFO -  ✅ [RATIO] Hoàn thành batch. Tổng số dòng: 53
[2026-01-12T15:26:44.400+0000] {base.py:84} INFO - Using connection ID 'minio_finance' for task execution.
[2026-01-12T15:26:44.401+0000] {connection_wrapper.py:384} INFO - AWS Connection (conn_id='minio_finance', conn_type='aws') credentials retrieved from login and password.
[2026-01-12T15:26:45.444+0000] {datalake_df2csv.py:52} INFO - ✅ Đã upload 53 dòng -> s3://thongtin-congty-va-bctc/financial_ratios/2026-01-12/batch_760.csv
[2026-01-12T15:26:45.446+0000] {taskinstance.py:441} INFO - ::group::Post task execution logs
[2026-01-12T15:26:45.459+0000] {taskinstance.py:1206} INFO - Marking task as SUCCESS. dag_id=financial_ratios_etl, task_id=ingest_financial_ratios, run_id=manual__2026-01-12T15:14:43+00:00, map_index=760, execution_date=20260112T151443, start_date=20260112T152634, end_date=20260112T152645
[2026-01-12T15:26:45.530+0000] {local_task_job_runner.py:243} INFO - Task exited with return code 0
[2026-01-12T15:26:45.548+0000] {taskinstance.py:3503} INFO - 0 downstream tasks scheduled from follow-on schedule check
[2026-01-12T15:26:45.551+0000] {local_task_job_runner.py:222} INFO - ::endgroup::
