[2026-01-10T15:10:08.309+0000] {local_task_job_runner.py:120} INFO - ::group::Pre task execution logs
[2026-01-10T15:10:08.463+0000] {taskinstance.py:2076} INFO - Dependencies all met for dep_context=non-requeueable deps ti=<TaskInstance: thongtin_cty_bctc.ingest_bctc scheduled__2025-12-30T00:00:00+00:00 map_index=314 [queued]>
[2026-01-10T15:10:08.770+0000] {taskinstance.py:2076} INFO - Dependencies all met for dep_context=requeueable deps ti=<TaskInstance: thongtin_cty_bctc.ingest_bctc scheduled__2025-12-30T00:00:00+00:00 map_index=314 [queued]>
[2026-01-10T15:10:08.771+0000] {taskinstance.py:2306} INFO - Starting attempt 1 of 2
[2026-01-10T15:10:08.795+0000] {taskinstance.py:2330} INFO - Executing <Mapped(DfToCsvOperator): ingest_bctc> on 2025-12-30 00:00:00+00:00
[2026-01-10T15:10:08.812+0000] {warnings.py:112} WARNING - This process (pid=4723) is multi-threaded, use of fork() may lead to deadlocks in the child.

[2026-01-10T15:10:08.814+0000] {standard_task_runner.py:64} INFO - Started process 4764 to run task
[2026-01-10T15:10:08.821+0000] {standard_task_runner.py:90} INFO - Running: ['***', 'tasks', 'run', 'thongtin_cty_bctc', 'ingest_bctc', 'scheduled__2025-12-30T00:00:00+00:00', '--job-id', '9043', '--raw', '--subdir', 'DAGS_FOLDER/tt_cty_bctc.py', '--cfg-path', '/tmp/tmpyhpp9t40', '--map-index', '314']
[2026-01-10T15:10:08.824+0000] {standard_task_runner.py:91} INFO - Job 9043: Subtask ingest_bctc
[2026-01-10T15:10:08.954+0000] {task_command.py:426} INFO - Running <TaskInstance: thongtin_cty_bctc.ingest_bctc scheduled__2025-12-30T00:00:00+00:00 map_index=314 [running]> on host c44bcb92a951
[2026-01-10T15:10:09.178+0000] {taskinstance.py:2648} INFO - Exporting env vars: AIRFLOW_CTX_DAG_OWNER='***' AIRFLOW_CTX_DAG_ID='thongtin_cty_bctc' AIRFLOW_CTX_TASK_ID='ingest_bctc' AIRFLOW_CTX_EXECUTION_DATE='2025-12-30T00:00:00+00:00' AIRFLOW_CTX_TRY_NUMBER='1' AIRFLOW_CTX_DAG_RUN_ID='scheduled__2025-12-30T00:00:00+00:00'
[2026-01-10T15:10:09.180+0000] {taskinstance.py:430} INFO - ::endgroup::
[2026-01-10T15:10:09.193+0000] {logging_mixin.py:188} INFO - Bắt đầu xử lý batch 3 mã: ['LAS', 'LAI', 'LAF']
[2026-01-10T15:10:09.195+0000] {logging_mixin.py:188} INFO -  >> Đang lấy dữ liệu: LAS
[2026-01-10T15:10:12.038+0000] {logging_mixin.py:188} INFO -  >> Đang lấy dữ liệu: LAI
[2026-01-10T15:10:14.559+0000] {logging_mixin.py:188} INFO -  >> Đang lấy dữ liệu: LAF
[2026-01-10T15:10:17.468+0000] {logging_mixin.py:188} INFO -  ✓ Hoàn thành batch. Tổng số dòng: 8307
[2026-01-10T15:10:17.528+0000] {base.py:84} INFO - Using connection ID 'minio_finance' for task execution.
[2026-01-10T15:10:17.529+0000] {connection_wrapper.py:384} INFO - AWS Connection (conn_id='minio_finance', conn_type='aws') credentials retrieved from login and password.
[2026-01-10T15:10:18.024+0000] {datalake_df2csv.py:52} INFO - ✅ Đã upload 8307 dòng -> s3://thongtin-congty-va-bctc/bctc/2025-12-30/batch_314.csv
[2026-01-10T15:10:18.026+0000] {taskinstance.py:441} INFO - ::group::Post task execution logs
[2026-01-10T15:10:18.035+0000] {taskinstance.py:1206} INFO - Marking task as SUCCESS. dag_id=thongtin_cty_bctc, task_id=ingest_bctc, run_id=scheduled__2025-12-30T00:00:00+00:00, map_index=314, execution_date=20251230T000000, start_date=20260110T151008, end_date=20260110T151018
[2026-01-10T15:10:18.131+0000] {local_task_job_runner.py:243} INFO - Task exited with return code 0
[2026-01-10T15:10:18.139+0000] {local_task_job_runner.py:222} INFO - ::endgroup::
