[2026-01-01T02:13:33.221+0000] {local_task_job_runner.py:120} INFO - ::group::Pre task execution logs
[2026-01-01T02:13:33.281+0000] {taskinstance.py:2076} INFO - Dependencies all met for dep_context=non-requeueable deps ti=<TaskInstance: thongtin_cty_bctc.ingest_bctc scheduled__2025-12-31T00:00:00+00:00 map_index=137 [queued]>
[2026-01-01T02:13:33.354+0000] {taskinstance.py:2076} INFO - Dependencies all met for dep_context=requeueable deps ti=<TaskInstance: thongtin_cty_bctc.ingest_bctc scheduled__2025-12-31T00:00:00+00:00 map_index=137 [queued]>
[2026-01-01T02:13:33.355+0000] {taskinstance.py:2306} INFO - Starting attempt 1 of 2
[2026-01-01T02:13:33.378+0000] {taskinstance.py:2330} INFO - Executing <Mapped(DfToCsvOperator): ingest_bctc> on 2025-12-31 00:00:00+00:00
[2026-01-01T02:13:33.395+0000] {warnings.py:112} WARNING - This process (pid=4620) is multi-threaded, use of fork() may lead to deadlocks in the child.

[2026-01-01T02:13:33.398+0000] {standard_task_runner.py:64} INFO - Started process 4812 to run task
[2026-01-01T02:13:33.400+0000] {standard_task_runner.py:90} INFO - Running: ['***', 'tasks', 'run', 'thongtin_cty_bctc', 'ingest_bctc', 'scheduled__2025-12-31T00:00:00+00:00', '--job-id', '987', '--raw', '--subdir', 'DAGS_FOLDER/tt_cty_bctc.py', '--cfg-path', '/tmp/tmpl9oamqi9', '--map-index', '137']
[2026-01-01T02:13:33.403+0000] {standard_task_runner.py:91} INFO - Job 987: Subtask ingest_bctc
[2026-01-01T02:13:33.495+0000] {task_command.py:426} INFO - Running <TaskInstance: thongtin_cty_bctc.ingest_bctc scheduled__2025-12-31T00:00:00+00:00 map_index=137 [running]> on host 43b0a0f7606b
[2026-01-01T02:13:34.002+0000] {taskinstance.py:2648} INFO - Exporting env vars: AIRFLOW_CTX_DAG_OWNER='***' AIRFLOW_CTX_DAG_ID='thongtin_cty_bctc' AIRFLOW_CTX_TASK_ID='ingest_bctc' AIRFLOW_CTX_EXECUTION_DATE='2025-12-31T00:00:00+00:00' AIRFLOW_CTX_TRY_NUMBER='1' AIRFLOW_CTX_DAG_RUN_ID='scheduled__2025-12-31T00:00:00+00:00'
[2026-01-01T02:13:34.003+0000] {taskinstance.py:430} INFO - ::endgroup::
[2026-01-01T02:13:34.018+0000] {logging_mixin.py:188} INFO - Bắt đầu xử lý batch 5 mã: ['PLE', 'PLC', 'PLA', 'PJT', 'PJS']
[2026-01-01T02:13:34.019+0000] {logging_mixin.py:188} INFO -  >> Đang lấy dữ liệu: PLE
[2026-01-01T02:13:34.226+0000] {logging_mixin.py:188} INFO -  Lỗi xử lý mã PLE: Failed to fetch data: 429 - Too Many Requests
[2026-01-01T02:13:34.227+0000] {logging_mixin.py:188} INFO -  >> Đang lấy dữ liệu: PLC
[2026-01-01T02:13:34.481+0000] {logging_mixin.py:188} INFO -  Lỗi xử lý mã PLC: Failed to fetch data: 429 - Too Many Requests
[2026-01-01T02:13:34.484+0000] {logging_mixin.py:188} INFO -  >> Đang lấy dữ liệu: PLA
[2026-01-01T02:13:34.654+0000] {logging_mixin.py:188} INFO -  Lỗi xử lý mã PLA: Failed to fetch data: 429 - Too Many Requests
[2026-01-01T02:13:34.655+0000] {logging_mixin.py:188} INFO -  >> Đang lấy dữ liệu: PJT
[2026-01-01T02:13:34.801+0000] {logging_mixin.py:188} INFO -  Lỗi xử lý mã PJT: Failed to fetch data: 429 - Too Many Requests
[2026-01-01T02:13:34.803+0000] {logging_mixin.py:188} INFO -  >> Đang lấy dữ liệu: PJS
[2026-01-01T02:13:35.200+0000] {logging_mixin.py:188} INFO -  Lỗi xử lý mã PJS: Failed to fetch data: 429 - Too Many Requests
[2026-01-01T02:13:35.201+0000] {logging_mixin.py:188} INFO -  ⚠ Batch này không thu được dữ liệu nào.
[2026-01-01T02:13:35.205+0000] {datalake_df2csv.py:40} INFO - DataFrame rỗng, bỏ qua upload CSV.
[2026-01-01T02:13:35.206+0000] {taskinstance.py:441} INFO - ::group::Post task execution logs
[2026-01-01T02:13:35.218+0000] {taskinstance.py:1206} INFO - Marking task as SUCCESS. dag_id=thongtin_cty_bctc, task_id=ingest_bctc, run_id=scheduled__2025-12-31T00:00:00+00:00, map_index=137, execution_date=20251231T000000, start_date=20260101T021333, end_date=20260101T021335
[2026-01-01T02:13:35.303+0000] {local_task_job_runner.py:243} INFO - Task exited with return code 0
[2026-01-01T02:13:35.341+0000] {taskinstance.py:3503} INFO - 0 downstream tasks scheduled from follow-on schedule check
[2026-01-01T02:13:35.344+0000] {local_task_job_runner.py:222} INFO - ::endgroup::
