[2026-01-12T15:15:20.941+0000] {local_task_job_runner.py:120} INFO - ::group::Pre task execution logs
[2026-01-12T15:15:20.983+0000] {taskinstance.py:2076} INFO - Dependencies all met for dep_context=non-requeueable deps ti=<TaskInstance: financial_ratios_etl.ingest_financial_ratios manual__2026-01-12T15:14:43+00:00 map_index=24 [queued]>
[2026-01-12T15:15:21.004+0000] {taskinstance.py:2076} INFO - Dependencies all met for dep_context=requeueable deps ti=<TaskInstance: financial_ratios_etl.ingest_financial_ratios manual__2026-01-12T15:14:43+00:00 map_index=24 [queued]>
[2026-01-12T15:15:21.005+0000] {taskinstance.py:2306} INFO - Starting attempt 1 of 2
[2026-01-12T15:15:21.038+0000] {taskinstance.py:2330} INFO - Executing <Mapped(DfToCsvOperator): ingest_financial_ratios> on 2026-01-12 15:14:43+00:00
[2026-01-12T15:15:21.060+0000] {warnings.py:112} WARNING - This process (pid=326) is multi-threaded, use of fork() may lead to deadlocks in the child.

[2026-01-12T15:15:21.070+0000] {standard_task_runner.py:64} INFO - Started process 457 to run task
[2026-01-12T15:15:21.070+0000] {standard_task_runner.py:90} INFO - Running: ['***', 'tasks', 'run', 'financial_ratios_etl', 'ingest_financial_ratios', 'manual__2026-01-12T15:14:43+00:00', '--job-id', '13731', '--raw', '--subdir', 'DAGS_FOLDER/financial_ratios_etl.py', '--cfg-path', '/tmp/tmpxk4cison', '--map-index', '24']
[2026-01-12T15:15:21.078+0000] {standard_task_runner.py:91} INFO - Job 13731: Subtask ingest_financial_ratios
[2026-01-12T15:15:21.173+0000] {task_command.py:426} INFO - Running <TaskInstance: financial_ratios_etl.ingest_financial_ratios manual__2026-01-12T15:14:43+00:00 map_index=24 [running]> on host 5a20a797a43c
[2026-01-12T15:15:21.407+0000] {taskinstance.py:2648} INFO - Exporting env vars: AIRFLOW_CTX_DAG_OWNER='***' AIRFLOW_CTX_DAG_ID='financial_ratios_etl' AIRFLOW_CTX_TASK_ID='ingest_financial_ratios' AIRFLOW_CTX_EXECUTION_DATE='2026-01-12T15:14:43+00:00' AIRFLOW_CTX_TRY_NUMBER='1' AIRFLOW_CTX_DAG_RUN_ID='manual__2026-01-12T15:14:43+00:00'
[2026-01-12T15:15:21.412+0000] {taskinstance.py:430} INFO - ::endgroup::
[2026-01-12T15:15:21.441+0000] {logging_mixin.py:188} INFO - [RATIO] Bắt đầu xử lý batch 2 mã: ['VSP', 'VSN']
[2026-01-12T15:15:21.444+0000] {logging_mixin.py:188} INFO - [RATIO] Kỳ dữ liệu: quarter
[2026-01-12T15:15:21.445+0000] {logging_mixin.py:188} INFO -  >> [RATIO] Đang lấy dữ liệu: VSP
[2026-01-12T15:15:29.106+0000] {logging_mixin.py:188} INFO - ❌ Lỗi VSP: RetryError[<Future at 0x7f68d5ef32c0 state=finished raised KeyError>]
[2026-01-12T15:15:29.108+0000] {logging_mixin.py:188} INFO -  ⚠️ [RATIO] VSP: No data from API
[2026-01-12T15:15:31.109+0000] {logging_mixin.py:188} INFO -  >> [RATIO] Đang lấy dữ liệu: VSN
[2026-01-12T15:15:32.107+0000] {logging_mixin.py:188} INFO -  ✓ [RATIO] VSN: 38 rows
[2026-01-12T15:15:34.108+0000] {logging_mixin.py:188} INFO -  ✅ [RATIO] Hoàn thành batch. Tổng số dòng: 38
[2026-01-12T15:15:34.138+0000] {base.py:84} INFO - Using connection ID 'minio_finance' for task execution.
[2026-01-12T15:15:34.140+0000] {connection_wrapper.py:384} INFO - AWS Connection (conn_id='minio_finance', conn_type='aws') credentials retrieved from login and password.
[2026-01-12T15:15:35.315+0000] {datalake_df2csv.py:52} INFO - ✅ Đã upload 38 dòng -> s3://thongtin-congty-va-bctc/financial_ratios/2026-01-12/batch_24.csv
[2026-01-12T15:15:35.317+0000] {taskinstance.py:441} INFO - ::group::Post task execution logs
[2026-01-12T15:15:35.331+0000] {taskinstance.py:1206} INFO - Marking task as SUCCESS. dag_id=financial_ratios_etl, task_id=ingest_financial_ratios, run_id=manual__2026-01-12T15:14:43+00:00, map_index=24, execution_date=20260112T151443, start_date=20260112T151520, end_date=20260112T151535
[2026-01-12T15:15:35.394+0000] {local_task_job_runner.py:243} INFO - Task exited with return code 0
[2026-01-12T15:15:35.425+0000] {taskinstance.py:3503} INFO - 0 downstream tasks scheduled from follow-on schedule check
[2026-01-12T15:15:35.430+0000] {local_task_job_runner.py:222} INFO - ::endgroup::
