[2026-01-01T02:35:09.180+0000] {local_task_job_runner.py:120} INFO - ::group::Pre task execution logs
[2026-01-01T02:35:09.236+0000] {taskinstance.py:2076} INFO - Dependencies all met for dep_context=non-requeueable deps ti=<TaskInstance: thongtin_cty_bctc.ingest_overview scheduled__2025-12-30T00:00:00+00:00 map_index=1 [queued]>
[2026-01-01T02:35:09.276+0000] {taskinstance.py:2076} INFO - Dependencies all met for dep_context=requeueable deps ti=<TaskInstance: thongtin_cty_bctc.ingest_overview scheduled__2025-12-30T00:00:00+00:00 map_index=1 [queued]>
[2026-01-01T02:35:09.277+0000] {taskinstance.py:2306} INFO - Starting attempt 3 of 4
[2026-01-01T02:35:09.309+0000] {taskinstance.py:2330} INFO - Executing <Mapped(DfToCsvOperator): ingest_overview> on 2025-12-30 00:00:00+00:00
[2026-01-01T02:35:09.324+0000] {warnings.py:112} WARNING - This process (pid=15411) is multi-threaded, use of fork() may lead to deadlocks in the child.

[2026-01-01T02:35:09.328+0000] {standard_task_runner.py:64} INFO - Started process 15519 to run task
[2026-01-01T02:35:09.329+0000] {standard_task_runner.py:90} INFO - Running: ['***', 'tasks', 'run', 'thongtin_cty_bctc', 'ingest_overview', 'scheduled__2025-12-30T00:00:00+00:00', '--job-id', '1937', '--raw', '--subdir', 'DAGS_FOLDER/tt_cty_bctc.py', '--cfg-path', '/tmp/tmpa892ayi1', '--map-index', '1']
[2026-01-01T02:35:09.331+0000] {standard_task_runner.py:91} INFO - Job 1937: Subtask ingest_overview
[2026-01-01T02:35:09.498+0000] {task_command.py:426} INFO - Running <TaskInstance: thongtin_cty_bctc.ingest_overview scheduled__2025-12-30T00:00:00+00:00 map_index=1 [running]> on host 43b0a0f7606b
[2026-01-01T02:35:09.900+0000] {taskinstance.py:2648} INFO - Exporting env vars: AIRFLOW_CTX_DAG_OWNER='***' AIRFLOW_CTX_DAG_ID='thongtin_cty_bctc' AIRFLOW_CTX_TASK_ID='ingest_overview' AIRFLOW_CTX_EXECUTION_DATE='2025-12-30T00:00:00+00:00' AIRFLOW_CTX_TRY_NUMBER='3' AIRFLOW_CTX_DAG_RUN_ID='scheduled__2025-12-30T00:00:00+00:00'
[2026-01-01T02:35:09.902+0000] {taskinstance.py:430} INFO - ::endgroup::
[2026-01-01T02:35:10.080+0000] {logging_mixin.py:188} INFO - Err overview VXP: Failed to fetch data: 429 - Too Many Requests
[2026-01-01T02:35:10.221+0000] {logging_mixin.py:188} INFO - Err overview VXB: Failed to fetch data: 429 - Too Many Requests
[2026-01-01T02:35:10.381+0000] {logging_mixin.py:188} INFO - Err overview VWS: Failed to fetch data: 429 - Too Many Requests
[2026-01-01T02:35:10.518+0000] {logging_mixin.py:188} INFO - Err overview VW3: Failed to fetch data: 429 - Too Many Requests
[2026-01-01T02:35:10.644+0000] {logging_mixin.py:188} INFO - Err overview VVS: Failed to fetch data: 429 - Too Many Requests
[2026-01-01T02:35:10.758+0000] {logging_mixin.py:188} INFO - Err overview VVN: Failed to fetch data: 429 - Too Many Requests
[2026-01-01T02:35:10.898+0000] {logging_mixin.py:188} INFO - Err overview VUA: Failed to fetch data: 429 - Too Many Requests
[2026-01-01T02:35:11.026+0000] {logging_mixin.py:188} INFO - Err overview VTZ: Failed to fetch data: 429 - Too Many Requests
[2026-01-01T02:35:11.156+0000] {logging_mixin.py:188} INFO - Err overview VTX: Failed to fetch data: 429 - Too Many Requests
[2026-01-01T02:35:11.296+0000] {logging_mixin.py:188} INFO - Err overview VTV: Failed to fetch data: 429 - Too Many Requests
[2026-01-01T02:35:11.434+0000] {logging_mixin.py:188} INFO - Err overview VTS: Failed to fetch data: 429 - Too Many Requests
[2026-01-01T02:35:11.583+0000] {logging_mixin.py:188} INFO - Err overview VTR: Failed to fetch data: 429 - Too Many Requests
[2026-01-01T02:35:11.722+0000] {logging_mixin.py:188} INFO - Err overview VTQ: Failed to fetch data: 429 - Too Many Requests
[2026-01-01T02:35:11.895+0000] {logging_mixin.py:188} INFO - Err overview VTP: Failed to fetch data: 429 - Too Many Requests
[2026-01-01T02:35:12.013+0000] {logging_mixin.py:188} INFO - Err overview VTO: Failed to fetch data: 429 - Too Many Requests
[2026-01-01T02:35:12.157+0000] {logging_mixin.py:188} INFO - Err overview VTM: Failed to fetch data: 429 - Too Many Requests
[2026-01-01T02:35:12.288+0000] {logging_mixin.py:188} INFO - Err overview VTL: Failed to fetch data: 429 - Too Many Requests
[2026-01-01T02:35:12.413+0000] {logging_mixin.py:188} INFO - Err overview VTK: Failed to fetch data: 429 - Too Many Requests
[2026-01-01T02:35:12.549+0000] {logging_mixin.py:188} INFO - Err overview VTJ: Failed to fetch data: 429 - Too Many Requests
[2026-01-01T02:35:12.706+0000] {logging_mixin.py:188} INFO - Err overview VTI: Failed to fetch data: 429 - Too Many Requests
[2026-01-01T02:35:12.721+0000] {datalake_df2csv.py:40} INFO - DataFrame rỗng, bỏ qua upload CSV.
[2026-01-01T02:35:12.721+0000] {taskinstance.py:441} INFO - ::group::Post task execution logs
[2026-01-01T02:35:12.738+0000] {taskinstance.py:1206} INFO - Marking task as SUCCESS. dag_id=thongtin_cty_bctc, task_id=ingest_overview, run_id=scheduled__2025-12-30T00:00:00+00:00, map_index=1, execution_date=20251230T000000, start_date=20260101T023509, end_date=20260101T023512
[2026-01-01T02:35:13.521+0000] {local_task_job_runner.py:243} INFO - Task exited with return code 0
[2026-01-01T02:35:13.543+0000] {local_task_job_runner.py:222} INFO - ::endgroup::
