[2025-12-31T14:43:37.191+0000] {local_task_job_runner.py:120} INFO - ::group::Pre task execution logs
[2025-12-31T14:43:37.239+0000] {taskinstance.py:2076} INFO - Dependencies all met for dep_context=non-requeueable deps ti=<TaskInstance: thongtin_cty_bctc.ingest_bctc manual__2025-12-31T14:34:21.190447+00:00 map_index=86 [queued]>
[2025-12-31T14:43:37.274+0000] {taskinstance.py:2076} INFO - Dependencies all met for dep_context=requeueable deps ti=<TaskInstance: thongtin_cty_bctc.ingest_bctc manual__2025-12-31T14:34:21.190447+00:00 map_index=86 [queued]>
[2025-12-31T14:43:37.275+0000] {taskinstance.py:2306} INFO - Starting attempt 1 of 2
[2025-12-31T14:43:37.302+0000] {taskinstance.py:2330} INFO - Executing <Mapped(DfToCsvOperator): ingest_bctc> on 2025-12-31 14:34:21.190447+00:00
[2025-12-31T14:43:37.317+0000] {warnings.py:112} WARNING - This process (pid=6781) is multi-threaded, use of fork() may lead to deadlocks in the child.

[2025-12-31T14:43:37.318+0000] {standard_task_runner.py:64} INFO - Started process 6852 to run task
[2025-12-31T14:43:37.321+0000] {standard_task_runner.py:90} INFO - Running: ['***', 'tasks', 'run', 'thongtin_cty_bctc', 'ingest_bctc', 'manual__2025-12-31T14:34:21.190447+00:00', '--job-id', '561', '--raw', '--subdir', 'DAGS_FOLDER/tt_cty_bctc.py', '--cfg-path', '/tmp/tmpcbemoblp', '--map-index', '86']
[2025-12-31T14:43:37.323+0000] {standard_task_runner.py:91} INFO - Job 561: Subtask ingest_bctc
[2025-12-31T14:43:37.380+0000] {task_command.py:426} INFO - Running <TaskInstance: thongtin_cty_bctc.ingest_bctc manual__2025-12-31T14:34:21.190447+00:00 map_index=86 [running]> on host 8bc7f11ea9a4
[2025-12-31T14:43:37.513+0000] {taskinstance.py:2648} INFO - Exporting env vars: AIRFLOW_CTX_DAG_OWNER='***' AIRFLOW_CTX_DAG_ID='thongtin_cty_bctc' AIRFLOW_CTX_TASK_ID='ingest_bctc' AIRFLOW_CTX_EXECUTION_DATE='2025-12-31T14:34:21.190447+00:00' AIRFLOW_CTX_TRY_NUMBER='1' AIRFLOW_CTX_DAG_RUN_ID='manual__2025-12-31T14:34:21.190447+00:00'
[2025-12-31T14:43:37.514+0000] {taskinstance.py:430} INFO - ::endgroup::
[2025-12-31T14:43:37.523+0000] {logging_mixin.py:188} INFO - Bắt đầu xử lý batch 11 mã: ['ABR', 'ABI', 'ABC', 'ABB', 'AAV', 'AAT', 'AAS', 'AAM', 'AAH', 'AAA', 'A32']
[2025-12-31T14:43:37.524+0000] {logging_mixin.py:188} INFO -  >> Đang lấy dữ liệu: ABR
[2025-12-31T14:43:37.664+0000] {logging_mixin.py:188} INFO -  Lỗi xử lý mã ABR: Failed to fetch data: 429 - Too Many Requests
[2025-12-31T14:43:37.665+0000] {logging_mixin.py:188} INFO -  >> Đang lấy dữ liệu: ABI
[2025-12-31T14:43:37.800+0000] {logging_mixin.py:188} INFO -  Lỗi xử lý mã ABI: Failed to fetch data: 429 - Too Many Requests
[2025-12-31T14:43:37.801+0000] {logging_mixin.py:188} INFO -  >> Đang lấy dữ liệu: ABC
[2025-12-31T14:43:37.903+0000] {logging_mixin.py:188} INFO -  Lỗi xử lý mã ABC: Failed to fetch data: 429 - Too Many Requests
[2025-12-31T14:43:37.904+0000] {logging_mixin.py:188} INFO -  >> Đang lấy dữ liệu: ABB
[2025-12-31T14:43:38.029+0000] {logging_mixin.py:188} INFO -  Lỗi xử lý mã ABB: Failed to fetch data: 429 - Too Many Requests
[2025-12-31T14:43:38.030+0000] {logging_mixin.py:188} INFO -  >> Đang lấy dữ liệu: AAV
[2025-12-31T14:43:38.162+0000] {logging_mixin.py:188} INFO -  Lỗi xử lý mã AAV: Failed to fetch data: 429 - Too Many Requests
[2025-12-31T14:43:38.164+0000] {logging_mixin.py:188} INFO -  >> Đang lấy dữ liệu: AAT
[2025-12-31T14:43:38.280+0000] {logging_mixin.py:188} INFO -  Lỗi xử lý mã AAT: Failed to fetch data: 429 - Too Many Requests
[2025-12-31T14:43:38.281+0000] {logging_mixin.py:188} INFO -  >> Đang lấy dữ liệu: AAS
[2025-12-31T14:43:38.396+0000] {logging_mixin.py:188} INFO -  Lỗi xử lý mã AAS: Failed to fetch data: 429 - Too Many Requests
[2025-12-31T14:43:38.397+0000] {logging_mixin.py:188} INFO -  >> Đang lấy dữ liệu: AAM
[2025-12-31T14:43:38.525+0000] {logging_mixin.py:188} INFO -  Lỗi xử lý mã AAM: Failed to fetch data: 429 - Too Many Requests
[2025-12-31T14:43:38.526+0000] {logging_mixin.py:188} INFO -  >> Đang lấy dữ liệu: AAH
[2025-12-31T14:43:38.650+0000] {logging_mixin.py:188} INFO -  Lỗi xử lý mã AAH: Failed to fetch data: 429 - Too Many Requests
[2025-12-31T14:43:38.652+0000] {logging_mixin.py:188} INFO -  >> Đang lấy dữ liệu: AAA
[2025-12-31T14:43:38.788+0000] {logging_mixin.py:188} INFO -  Lỗi xử lý mã AAA: Failed to fetch data: 429 - Too Many Requests
[2025-12-31T14:43:38.789+0000] {logging_mixin.py:188} INFO -  >> Đang lấy dữ liệu: A32
[2025-12-31T14:43:38.946+0000] {logging_mixin.py:188} INFO -  Lỗi xử lý mã A32: Failed to fetch data: 429 - Too Many Requests
[2025-12-31T14:43:38.947+0000] {logging_mixin.py:188} INFO -  ⚠ Batch này không thu được dữ liệu nào.
[2025-12-31T14:43:39.197+0000] {datalake_df2csv.py:40} INFO - DataFrame rỗng, bỏ qua upload CSV.
[2025-12-31T14:43:39.198+0000] {taskinstance.py:441} INFO - ::group::Post task execution logs
[2025-12-31T14:43:39.209+0000] {taskinstance.py:1206} INFO - Marking task as SUCCESS. dag_id=thongtin_cty_bctc, task_id=ingest_bctc, run_id=manual__2025-12-31T14:34:21.190447+00:00, map_index=86, execution_date=20251231T143421, start_date=20251231T144337, end_date=20251231T144339
[2025-12-31T14:43:39.259+0000] {local_task_job_runner.py:243} INFO - Task exited with return code 0
[2025-12-31T14:43:39.277+0000] {taskinstance.py:3503} INFO - 0 downstream tasks scheduled from follow-on schedule check
[2025-12-31T14:43:39.279+0000] {local_task_job_runner.py:222} INFO - ::endgroup::
