[2026-01-10T15:12:07.480+0000] {local_task_job_runner.py:120} INFO - ::group::Pre task execution logs
[2026-01-10T15:12:07.597+0000] {taskinstance.py:2076} INFO - Dependencies all met for dep_context=non-requeueable deps ti=<TaskInstance: thongtin_cty_bctc.ingest_bctc scheduled__2025-12-30T00:00:00+00:00 map_index=354 [queued]>
[2026-01-10T15:12:07.895+0000] {taskinstance.py:2076} INFO - Dependencies all met for dep_context=requeueable deps ti=<TaskInstance: thongtin_cty_bctc.ingest_bctc scheduled__2025-12-30T00:00:00+00:00 map_index=354 [queued]>
[2026-01-10T15:12:07.896+0000] {taskinstance.py:2306} INFO - Starting attempt 1 of 2
[2026-01-10T15:12:07.917+0000] {taskinstance.py:2330} INFO - Executing <Mapped(DfToCsvOperator): ingest_bctc> on 2025-12-30 00:00:00+00:00
[2026-01-10T15:12:07.945+0000] {warnings.py:112} WARNING - This process (pid=6311) is multi-threaded, use of fork() may lead to deadlocks in the child.

[2026-01-10T15:12:07.948+0000] {standard_task_runner.py:64} INFO - Started process 6348 to run task
[2026-01-10T15:12:07.952+0000] {standard_task_runner.py:90} INFO - Running: ['***', 'tasks', 'run', 'thongtin_cty_bctc', 'ingest_bctc', 'scheduled__2025-12-30T00:00:00+00:00', '--job-id', '9164', '--raw', '--subdir', 'DAGS_FOLDER/tt_cty_bctc.py', '--cfg-path', '/tmp/tmpgo4z0lcs', '--map-index', '354']
[2026-01-10T15:12:07.954+0000] {standard_task_runner.py:91} INFO - Job 9164: Subtask ingest_bctc
[2026-01-10T15:12:08.056+0000] {task_command.py:426} INFO - Running <TaskInstance: thongtin_cty_bctc.ingest_bctc scheduled__2025-12-30T00:00:00+00:00 map_index=354 [running]> on host c44bcb92a951
[2026-01-10T15:12:08.207+0000] {taskinstance.py:2648} INFO - Exporting env vars: AIRFLOW_CTX_DAG_OWNER='***' AIRFLOW_CTX_DAG_ID='thongtin_cty_bctc' AIRFLOW_CTX_TASK_ID='ingest_bctc' AIRFLOW_CTX_EXECUTION_DATE='2025-12-30T00:00:00+00:00' AIRFLOW_CTX_TRY_NUMBER='1' AIRFLOW_CTX_DAG_RUN_ID='scheduled__2025-12-30T00:00:00+00:00'
[2026-01-10T15:12:08.208+0000] {taskinstance.py:430} INFO - ::endgroup::
[2026-01-10T15:12:08.216+0000] {logging_mixin.py:188} INFO - Bắt đầu xử lý batch 3 mã: ['HTI', 'HTH', 'HTG']
[2026-01-10T15:12:08.217+0000] {logging_mixin.py:188} INFO -  >> Đang lấy dữ liệu: HTI
[2026-01-10T15:12:10.988+0000] {logging_mixin.py:188} INFO -  >> Đang lấy dữ liệu: HTH
[2026-01-10T15:12:15.803+0000] {logging_mixin.py:188} INFO - ❌ Lỗi income_statement: RetryError[<Future at 0x7f17d4f01be0 state=finished raised KeyError>]
[2026-01-10T15:12:20.257+0000] {logging_mixin.py:188} INFO - ❌ Lỗi balance_sheet: RetryError[<Future at 0x7f17d4f01460 state=finished raised KeyError>]
[2026-01-10T15:12:24.654+0000] {logging_mixin.py:188} INFO - ❌ Lỗi cash_flow: RetryError[<Future at 0x7f17d4f018b0 state=finished raised KeyError>]
[2026-01-10T15:12:25.655+0000] {logging_mixin.py:188} INFO -  >> Đang lấy dữ liệu: HTG
[2026-01-10T15:12:28.399+0000] {logging_mixin.py:188} INFO -  ✓ Hoàn thành batch. Tổng số dòng: 7749
[2026-01-10T15:12:28.445+0000] {base.py:84} INFO - Using connection ID 'minio_finance' for task execution.
[2026-01-10T15:12:28.446+0000] {connection_wrapper.py:384} INFO - AWS Connection (conn_id='minio_finance', conn_type='aws') credentials retrieved from login and password.
[2026-01-10T15:12:28.884+0000] {datalake_df2csv.py:52} INFO - ✅ Đã upload 7749 dòng -> s3://thongtin-congty-va-bctc/bctc/2025-12-30/batch_354.csv
[2026-01-10T15:12:28.886+0000] {taskinstance.py:441} INFO - ::group::Post task execution logs
[2026-01-10T15:12:28.895+0000] {taskinstance.py:1206} INFO - Marking task as SUCCESS. dag_id=thongtin_cty_bctc, task_id=ingest_bctc, run_id=scheduled__2025-12-30T00:00:00+00:00, map_index=354, execution_date=20251230T000000, start_date=20260110T151207, end_date=20260110T151228
[2026-01-10T15:12:29.253+0000] {local_task_job_runner.py:243} INFO - Task exited with return code 0
[2026-01-10T15:12:29.264+0000] {local_task_job_runner.py:222} INFO - ::endgroup::
