[2026-01-11T03:23:11.322+0000] {local_task_job_runner.py:120} INFO - ::group::Pre task execution logs
[2026-01-11T03:23:11.352+0000] {taskinstance.py:2076} INFO - Dependencies all met for dep_context=non-requeueable deps ti=<TaskInstance: bctc.ingest_bctc scheduled__2026-01-04T00:00:00+00:00 map_index=18 [queued]>
[2026-01-11T03:23:11.366+0000] {taskinstance.py:2076} INFO - Dependencies all met for dep_context=requeueable deps ti=<TaskInstance: bctc.ingest_bctc scheduled__2026-01-04T00:00:00+00:00 map_index=18 [queued]>
[2026-01-11T03:23:11.366+0000] {taskinstance.py:2306} INFO - Starting attempt 1 of 2
[2026-01-11T03:23:11.382+0000] {taskinstance.py:2330} INFO - Executing <Mapped(DfToCsvOperator): ingest_bctc> on 2026-01-04 00:00:00+00:00
[2026-01-11T03:23:11.391+0000] {warnings.py:112} WARNING - This process (pid=2648) is multi-threaded, use of fork() may lead to deadlocks in the child.

[2026-01-11T03:23:11.393+0000] {standard_task_runner.py:64} INFO - Started process 2766 to run task
[2026-01-11T03:23:11.396+0000] {standard_task_runner.py:90} INFO - Running: ['***', 'tasks', 'run', 'bctc', 'ingest_bctc', 'scheduled__2026-01-04T00:00:00+00:00', '--job-id', '9842', '--raw', '--subdir', 'DAGS_FOLDER/tt_cty_bctc.py', '--cfg-path', '/tmp/tmpdrjzao63', '--map-index', '18']
[2026-01-11T03:23:11.398+0000] {standard_task_runner.py:91} INFO - Job 9842: Subtask ingest_bctc
[2026-01-11T03:23:11.462+0000] {task_command.py:426} INFO - Running <TaskInstance: bctc.ingest_bctc scheduled__2026-01-04T00:00:00+00:00 map_index=18 [running]> on host 3f2af93df813
[2026-01-11T03:23:11.595+0000] {taskinstance.py:2648} INFO - Exporting env vars: AIRFLOW_CTX_DAG_OWNER='***' AIRFLOW_CTX_DAG_ID='bctc' AIRFLOW_CTX_TASK_ID='ingest_bctc' AIRFLOW_CTX_EXECUTION_DATE='2026-01-04T00:00:00+00:00' AIRFLOW_CTX_TRY_NUMBER='1' AIRFLOW_CTX_DAG_RUN_ID='scheduled__2026-01-04T00:00:00+00:00'
[2026-01-11T03:23:11.597+0000] {taskinstance.py:430} INFO - ::endgroup::
[2026-01-11T03:23:11.608+0000] {logging_mixin.py:188} INFO - Bắt đầu xử lý batch 20 mã: ['TCL', 'TCK', 'TCJ', 'TCI', 'TCH', 'TCD', 'TCB', 'TC6', 'TBX', 'TBW', 'TBT', 'TBR', 'TBH', 'TBD', 'TBC', 'TB8', 'TAW', 'TAR', 'TAP', 'TAN']
[2026-01-11T03:23:11.609+0000] {logging_mixin.py:188} INFO -  >> Đang lấy dữ liệu: TCL
[2026-01-11T03:23:11.761+0000] {logging_mixin.py:188} INFO -  Lỗi xử lý mã TCL: Failed to fetch data: 429 - Too Many Requests
[2026-01-11T03:23:11.762+0000] {logging_mixin.py:188} INFO -  >> Đang lấy dữ liệu: TCK
[2026-01-11T03:23:12.567+0000] {logging_mixin.py:188} INFO -  Lỗi xử lý mã TCK: Failed to fetch data: 429 - Too Many Requests
[2026-01-11T03:23:12.569+0000] {logging_mixin.py:188} INFO -  >> Đang lấy dữ liệu: TCJ
[2026-01-11T03:23:13.737+0000] {logging_mixin.py:188} INFO -  Lỗi xử lý mã TCJ: Failed to fetch data: 429 - Too Many Requests
[2026-01-11T03:23:13.738+0000] {logging_mixin.py:188} INFO -  >> Đang lấy dữ liệu: TCI
[2026-01-11T03:23:14.067+0000] {logging_mixin.py:188} INFO -  Lỗi xử lý mã TCI: Failed to fetch data: 429 - Too Many Requests
[2026-01-11T03:23:14.071+0000] {logging_mixin.py:188} INFO -  >> Đang lấy dữ liệu: TCH
[2026-01-11T03:23:14.520+0000] {logging_mixin.py:188} INFO -  Lỗi xử lý mã TCH: Failed to fetch data: 429 - Too Many Requests
[2026-01-11T03:23:14.521+0000] {logging_mixin.py:188} INFO -  >> Đang lấy dữ liệu: TCD
[2026-01-11T03:23:15.099+0000] {logging_mixin.py:188} INFO -  Lỗi xử lý mã TCD: Failed to fetch data: 429 - Too Many Requests
[2026-01-11T03:23:15.100+0000] {logging_mixin.py:188} INFO -  >> Đang lấy dữ liệu: TCB
[2026-01-11T03:23:15.407+0000] {logging_mixin.py:188} INFO -  Lỗi xử lý mã TCB: Failed to fetch data: 429 - Too Many Requests
[2026-01-11T03:23:15.408+0000] {logging_mixin.py:188} INFO -  >> Đang lấy dữ liệu: TC6
[2026-01-11T03:23:15.629+0000] {logging_mixin.py:188} INFO -  Lỗi xử lý mã TC6: Failed to fetch data: 429 - Too Many Requests
[2026-01-11T03:23:15.630+0000] {logging_mixin.py:188} INFO -  >> Đang lấy dữ liệu: TBX
[2026-01-11T03:23:15.844+0000] {logging_mixin.py:188} INFO -  Lỗi xử lý mã TBX: Failed to fetch data: 429 - Too Many Requests
[2026-01-11T03:23:15.845+0000] {logging_mixin.py:188} INFO -  >> Đang lấy dữ liệu: TBW
[2026-01-11T03:23:16.005+0000] {logging_mixin.py:188} INFO -  Lỗi xử lý mã TBW: Failed to fetch data: 429 - Too Many Requests
[2026-01-11T03:23:16.006+0000] {logging_mixin.py:188} INFO -  >> Đang lấy dữ liệu: TBT
[2026-01-11T03:23:16.123+0000] {logging_mixin.py:188} INFO -  Lỗi xử lý mã TBT: Failed to fetch data: 429 - Too Many Requests
[2026-01-11T03:23:16.124+0000] {logging_mixin.py:188} INFO -  >> Đang lấy dữ liệu: TBR
[2026-01-11T03:23:21.573+0000] {logging_mixin.py:188} INFO -  Lỗi xử lý mã TBR: Failed to fetch data: 429 - Too Many Requests
[2026-01-11T03:23:21.574+0000] {logging_mixin.py:188} INFO -  >> Đang lấy dữ liệu: TBH
[2026-01-11T03:23:22.089+0000] {logging_mixin.py:188} INFO -  Lỗi xử lý mã TBH: Failed to fetch data: 429 - Too Many Requests
[2026-01-11T03:23:22.090+0000] {logging_mixin.py:188} INFO -  >> Đang lấy dữ liệu: TBD
[2026-01-11T03:23:22.361+0000] {logging_mixin.py:188} INFO -  Lỗi xử lý mã TBD: Failed to fetch data: 429 - Too Many Requests
[2026-01-11T03:23:22.362+0000] {logging_mixin.py:188} INFO -  >> Đang lấy dữ liệu: TBC
[2026-01-11T03:23:23.013+0000] {logging_mixin.py:188} INFO -  Lỗi xử lý mã TBC: Failed to fetch data: 429 - Too Many Requests
[2026-01-11T03:23:23.014+0000] {logging_mixin.py:188} INFO -  >> Đang lấy dữ liệu: TB8
[2026-01-11T03:23:23.144+0000] {logging_mixin.py:188} INFO -  Lỗi xử lý mã TB8: Failed to fetch data: 429 - Too Many Requests
[2026-01-11T03:23:23.145+0000] {logging_mixin.py:188} INFO -  >> Đang lấy dữ liệu: TAW
[2026-01-11T03:23:23.240+0000] {logging_mixin.py:188} INFO -  Lỗi xử lý mã TAW: Failed to fetch data: 429 - Too Many Requests
[2026-01-11T03:23:23.241+0000] {logging_mixin.py:188} INFO -  >> Đang lấy dữ liệu: TAR
[2026-01-11T03:23:23.335+0000] {logging_mixin.py:188} INFO -  Lỗi xử lý mã TAR: Failed to fetch data: 429 - Too Many Requests
[2026-01-11T03:23:23.336+0000] {logging_mixin.py:188} INFO -  >> Đang lấy dữ liệu: TAP
[2026-01-11T03:23:23.751+0000] {logging_mixin.py:188} INFO -  Lỗi xử lý mã TAP: Failed to fetch data: 429 - Too Many Requests
[2026-01-11T03:23:23.752+0000] {logging_mixin.py:188} INFO -  >> Đang lấy dữ liệu: TAN
[2026-01-11T03:23:23.849+0000] {logging_mixin.py:188} INFO -  Lỗi xử lý mã TAN: Failed to fetch data: 429 - Too Many Requests
[2026-01-11T03:23:23.850+0000] {logging_mixin.py:188} INFO -  ⚠ Batch này không thu được dữ liệu nào.
[2026-01-11T03:23:23.854+0000] {datalake_df2csv.py:40} INFO - DataFrame rỗng, bỏ qua upload CSV.
[2026-01-11T03:23:23.855+0000] {taskinstance.py:441} INFO - ::group::Post task execution logs
[2026-01-11T03:23:23.869+0000] {taskinstance.py:1206} INFO - Marking task as SUCCESS. dag_id=bctc, task_id=ingest_bctc, run_id=scheduled__2026-01-04T00:00:00+00:00, map_index=18, execution_date=20260104T000000, start_date=20260111T032311, end_date=20260111T032323
[2026-01-11T03:23:24.219+0000] {local_task_job_runner.py:243} INFO - Task exited with return code 0
[2026-01-11T03:23:24.230+0000] {local_task_job_runner.py:222} INFO - ::endgroup::
