[2026-01-12T15:25:31.944+0000] {local_task_job_runner.py:120} INFO - ::group::Pre task execution logs
[2026-01-12T15:25:32.028+0000] {taskinstance.py:2076} INFO - Dependencies all met for dep_context=non-requeueable deps ti=<TaskInstance: financial_ratios_etl.ingest_financial_ratios manual__2026-01-12T15:14:43+00:00 map_index=684 [queued]>
[2026-01-12T15:25:32.084+0000] {taskinstance.py:2076} INFO - Dependencies all met for dep_context=requeueable deps ti=<TaskInstance: financial_ratios_etl.ingest_financial_ratios manual__2026-01-12T15:14:43+00:00 map_index=684 [queued]>
[2026-01-12T15:25:32.085+0000] {taskinstance.py:2306} INFO - Starting attempt 1 of 2
[2026-01-12T15:25:32.102+0000] {taskinstance.py:2330} INFO - Executing <Mapped(DfToCsvOperator): ingest_financial_ratios> on 2026-01-12 15:14:43+00:00
[2026-01-12T15:25:32.118+0000] {warnings.py:112} WARNING - This process (pid=9019) is multi-threaded, use of fork() may lead to deadlocks in the child.

[2026-01-12T15:25:32.120+0000] {standard_task_runner.py:64} INFO - Started process 9076 to run task
[2026-01-12T15:25:32.123+0000] {standard_task_runner.py:90} INFO - Running: ['***', 'tasks', 'run', 'financial_ratios_etl', 'ingest_financial_ratios', 'manual__2026-01-12T15:14:43+00:00', '--job-id', '14389', '--raw', '--subdir', 'DAGS_FOLDER/financial_ratios_etl.py', '--cfg-path', '/tmp/tmpsd_7x_bs', '--map-index', '684']
[2026-01-12T15:25:32.128+0000] {standard_task_runner.py:91} INFO - Job 14389: Subtask ingest_financial_ratios
[2026-01-12T15:25:32.184+0000] {task_command.py:426} INFO - Running <TaskInstance: financial_ratios_etl.ingest_financial_ratios manual__2026-01-12T15:14:43+00:00 map_index=684 [running]> on host 5a20a797a43c
[2026-01-12T15:25:32.315+0000] {taskinstance.py:2648} INFO - Exporting env vars: AIRFLOW_CTX_DAG_OWNER='***' AIRFLOW_CTX_DAG_ID='financial_ratios_etl' AIRFLOW_CTX_TASK_ID='ingest_financial_ratios' AIRFLOW_CTX_EXECUTION_DATE='2026-01-12T15:14:43+00:00' AIRFLOW_CTX_TRY_NUMBER='1' AIRFLOW_CTX_DAG_RUN_ID='manual__2026-01-12T15:14:43+00:00'
[2026-01-12T15:25:32.317+0000] {taskinstance.py:430} INFO - ::endgroup::
[2026-01-12T15:25:32.325+0000] {logging_mixin.py:188} INFO - [RATIO] Bắt đầu xử lý batch 2 mã: ['DKW', 'DKH']
[2026-01-12T15:25:32.326+0000] {logging_mixin.py:188} INFO - [RATIO] Kỳ dữ liệu: quarter
[2026-01-12T15:25:32.327+0000] {logging_mixin.py:188} INFO -  >> [RATIO] Đang lấy dữ liệu: DKW
[2026-01-12T15:25:37.191+0000] {logging_mixin.py:188} INFO - ❌ Lỗi DKW: RetryError[<Future at 0x7f68d6155ac0 state=finished raised KeyError>]
[2026-01-12T15:25:37.193+0000] {logging_mixin.py:188} INFO -  ⚠️ [RATIO] DKW: No data from API
[2026-01-12T15:25:39.195+0000] {logging_mixin.py:188} INFO -  >> [RATIO] Đang lấy dữ liệu: DKH
[2026-01-12T15:25:39.763+0000] {logging_mixin.py:188} INFO -  ❌ [RATIO] Lỗi xử lý mã DKH: 'NoneType' object is not subscriptable
[2026-01-12T15:25:39.766+0000] {logging_mixin.py:188} INFO -  ⚠ [RATIO] Batch này không thu được dữ liệu nào.
[2026-01-12T15:25:39.767+0000] {datalake_df2csv.py:40} INFO - DataFrame rỗng, bỏ qua upload CSV.
[2026-01-12T15:25:39.768+0000] {taskinstance.py:441} INFO - ::group::Post task execution logs
[2026-01-12T15:25:39.787+0000] {taskinstance.py:1206} INFO - Marking task as SUCCESS. dag_id=financial_ratios_etl, task_id=ingest_financial_ratios, run_id=manual__2026-01-12T15:14:43+00:00, map_index=684, execution_date=20260112T151443, start_date=20260112T152532, end_date=20260112T152539
[2026-01-12T15:25:39.869+0000] {local_task_job_runner.py:243} INFO - Task exited with return code 0
[2026-01-12T15:25:39.898+0000] {taskinstance.py:3503} INFO - 0 downstream tasks scheduled from follow-on schedule check
[2026-01-12T15:25:39.903+0000] {local_task_job_runner.py:222} INFO - ::endgroup::
